Command:  /groups/wag/programs/Schrodinger_2020_3/jaguar run -WAIT -PARALLEL 8 /central/home/labounad/wittig-ch121/out/J1_9608_2111/J1_9608_2111.in
Release:  2020-3
Exec:     /groups/wag/programs/Schrodinger_2020_3/jaguar-v10.9/bin/Linux-x86_64
Host:     hpc-89-19.cm.cluster
JobId:    hpc-89-19-0-6656f756
JobDir:   /central/scratch/labounad/J1_9608_2111#hpc-89-19-0-6656f756
Date:     Wed May 29 02:37:28 2024

Contents of /central/scratch/labounad/J1_9608_2111#hpc-89-19-0-6656f756:
/central/scratch/labounad/J1_9608_2111#hpc-89-19-0-6656f756/.write_dir.json
/central/scratch/labounad/J1_9608_2111#hpc-89-19-0-6656f756/J1_9608_2111.log
/central/scratch/labounad/J1_9608_2111#hpc-89-19-0-6656f756/hpc-89-19-0-6656f756.mpinodes
/central/scratch/labounad/J1_9608_2111#hpc-89-19-0-6656f756/J1_9608_2111.recover
/central/scratch/labounad/J1_9608_2111#hpc-89-19-0-6656f756/J1_9608_2111.in
/central/scratch/labounad/J1_9608_2111#hpc-89-19-0-6656f756/hpc-89-19-0-6656f756.nodes
/central/scratch/labounad/J1_9608_2111#hpc-89-19-0-6656f756/hpc-89-19-0-6656f756
/central/scratch/labounad/J1_9608_2111#hpc-89-19-0-6656f756/hpc-89-19-0-6656f756.recover

Executing subprocess:
/groups/wag/programs/Schrodinger_2020_3/jaguar-v10.9/bin/Linux-x86_64/jexec J1_9608_2111.in -T 8 -out /central/scratch/labounad/J1_9608_2111#hpc-89-19-0-6656f756 -cwd

Job J1_9608_2111 started on hpc-89-19.cm.cluster at Wed May 29 02:37:28 2024
jobid: hpc-89-19-0-6656f756 
Jaguar version 10.9, release 139
 Using up to   8 threads per process
Molecular Point Group: C1      
Point Group used: C1
pre (input checking) done.
onee (1-electron integrals) done.
hfig (HF initial guess) done.
probe (project orbitals) done.
grid (grid generation) done.
rwr (Q operators) done.
scf type: DFT=PBE(X+LC)+PW91 (PBE-D3)
  
       i  u  d  i  g
       t  p  i  c  r                                 RMS    maximum
       e  d  i  u  i                       energy  density   DIIS  
       r  t  s  t  d       total energy    change  change    error 
  
etot    1  N  N  5  M    -876.07044605879           8.5E-03  1.4E-01
etot    2  Y  Y  6  M    -875.21820960273 -8.5E-01  1.5E-02  1.7E-01
etot    3  Y  Y  6  M    -871.17771998687 -4.0E+00  1.4E-02  2.1E-01
etot    4  N  Y  2  U    -878.26964218258  7.1E+00  3.3E-03  1.0E-01
etot    5  Y  Y  6  M    -878.65320328876  3.8E-01  1.5E-03  5.3E-02
etot    6  N  Y  2  U    -878.78172965782  1.3E-01  6.3E-04  1.9E-02
etot    7  Y  Y  6  M    -878.80989072592  2.8E-02  2.6E-04  4.3E-03
etot    8  N  Y  2  U    -878.81171620613  1.8E-03  1.5E-04  4.3E-03
etot    9  Y  Y  6  M    -878.81275722067  1.0E-03  7.7E-05  2.7E-03
etot   10  Y  Y  6  M    -878.81321675271  4.6E-04  3.3E-05  1.2E-03
etot   11  N  Y  2  U    -878.81313972603 -7.7E-05  2.0E-05  6.5E-04
etot   12  N  Y  2  U    -878.81316525442  2.6E-05  8.7E-06  3.3E-04
etot   13  N  Y  2  U    -878.81316853574  3.3E-06  2.8E-06  6.4E-05
etot   14  N  N  2  U    -878.81316889558  3.6E-07  0.0E+00  0.0E+00
scf (DFT) done.
der1a (1-e 1st deriv.) done.
rwr (1st deriv. Q) done.
der1b (2-e 1st deriv.) done.
  Geometry optimization step   1
  Total energy:      -878.83316503837 hartrees
  gradient maximum:        2.6602E-02 .  (  4.5000E-04 )
  gradient rms:            8.2604E-03 .  (  3.0000E-04 )
  displacement maximum:    1.0576E-01 .  (  1.8000E-03 )
  displacement rms:        2.9022E-02 .  (  1.2000E-03 )
  
  predicted energy change: -1.2829E-02
  step size:     0.30021
  trust radius:  0.30000
---------------- geometry iteration   1 complete ----------------
geopt (optimize geometry) done.
onee (1-electron integrals) done.
probe (project orbitals) done.
grid (grid generation) done.
rwr (Q operators) done.
  
       i  u  d  i  g
       t  p  i  c  r                                 RMS    maximum
       e  d  i  u  i                       energy  density   DIIS  
       r  t  s  t  d       total energy    change  change    error 
  
etot    1  N  N  2  U    -878.80927648612           6.1E-04  1.1E-02
etot    2  Y  Y  6  M    -878.82532835629  1.6E-02  2.0E-04  2.6E-03
etot    3  N  Y  2  U    -878.82381671171 -1.5E-03  1.5E-04  5.8E-03
etot    4  Y  Y  6  M    -878.82587462001  2.1E-03  3.6E-05  9.7E-04
etot    5  N  Y  2  U    -878.82587456523 -5.5E-08  1.3E-05  6.4E-04
etot    6  N  Y  2  U    -878.82589412455  2.0E-05  4.5E-06  1.4E-04
etot    7  N  N  2  U    -878.82589550775  1.4E-06  0.0E+00  0.0E+00
scf (DFT) done.
der1a (1-e 1st deriv.) done.
rwr (1st deriv. Q) done.
der1b (2-e 1st deriv.) done.
  Geometry optimization step   2
  Total energy:      -878.84593651562 hartrees
  energy change:          -1.2771E-02 .  (  5.0000E-05 )
  gradient maximum:        9.4445E-03 .  (  4.5000E-04 )
  gradient rms:            2.3444E-03 .  (  3.0000E-04 )
  displacement maximum:    1.1406E-01 .  (  1.8000E-03 )
  displacement rms:        2.9004E-02 .  (  1.2000E-03 )
  
  predicted energy change: -2.3621E-03
  step size:     0.30002
  trust radius:  0.30000
---------------- geometry iteration   2 complete ----------------
geopt (optimize geometry) done.
onee (1-electron integrals) done.
probe (project orbitals) done.
grid (grid generation) done.
rwr (Q operators) done.
  
       i  u  d  i  g
       t  p  i  c  r                                 RMS    maximum
       e  d  i  u  i                       energy  density   DIIS  
       r  t  s  t  d       total energy    change  change    error 
  
etot    1  N  N  2  U    -878.79986951676           7.0E-04  1.8E-02
etot    2  Y  Y  6  M    -878.82794588578  2.8E-02  1.4E-04  1.2E-03
etot    3  N  Y  2  U    -878.82741489898 -5.3E-04  1.0E-04  2.9E-03
etot    4  Y  Y  6  M    -878.82815194136  7.4E-04  3.6E-05  1.3E-03
etot    5  N  Y  2  U    -878.82823025100  7.8E-05  1.1E-05  3.4E-04
etot    6  N  Y  2  U    -878.82824218098  1.2E-05  3.5E-06  7.6E-05
etot    7  N  N  2  U    -878.82824252000  3.4E-07  0.0E+00  0.0E+00
scf (DFT) done.
der1a (1-e 1st deriv.) done.
rwr (1st deriv. Q) done.
der1b (2-e 1st deriv.) done.
  Geometry optimization step   3
  Total energy:      -878.84854124105 hartrees
  energy change:          -2.6047E-03 .  (  5.0000E-05 )
  gradient maximum:        4.7509E-03 .  (  4.5000E-04 )
  gradient rms:            1.2889E-03 .  (  3.0000E-04 )
  displacement maximum:    1.5970E-01 .  (  1.8000E-03 )
  displacement rms:        2.8527E-02 .  (  1.2000E-03 )
  
  predicted energy change: -1.1560E-03
  step size:     0.29509
  trust radius:  0.30000
---------------- geometry iteration   3 complete ----------------
geopt (optimize geometry) done.
onee (1-electron integrals) done.
probe (project orbitals) done.
grid (grid generation) done.
rwr (Q operators) done.
  
       i  u  d  i  g
       t  p  i  c  r                                 RMS    maximum
       e  d  i  u  i                       energy  density   DIIS  
       r  t  s  t  d       total energy    change  change    error 
  
etot    1  N  N  2  U    -878.79693201182           7.8E-04  1.3E-02
etot    2  Y  Y  6  M    -878.82925291700  3.2E-02  1.4E-04  1.6E-03
etot    3  N  Y  2  U    -878.82910582658 -1.5E-04  1.0E-04  1.6E-03
etot    4  Y  Y  6  M    -878.82943117474  3.3E-04  4.2E-05  1.3E-03
etot    5  N  Y  2  U    -878.82959194931  1.6E-04  1.1E-05  4.4E-04
etot    6  N  Y  2  U    -878.82960489562  1.3E-05  3.8E-06  6.1E-05
etot    7  N  N  2  U    -878.82960509915  2.0E-07  0.0E+00  0.0E+00
scf (DFT) done.
der1a (1-e 1st deriv.) done.
rwr (1st deriv. Q) done.
der1b (2-e 1st deriv.) done.
  Geometry optimization step   4
  Total energy:      -878.84994991561 hartrees
  energy change:          -1.4087E-03 .  (  5.0000E-05 )
  gradient maximum:        3.8194E-03 .  (  4.5000E-04 )
  gradient rms:            1.1896E-03 .  (  3.0000E-04 )
  displacement maximum:    1.4631E-01 .  (  1.8000E-03 )
  displacement rms:        2.9016E-02 .  (  1.2000E-03 )
  
  predicted energy change: -7.6922E-04
  step size:     0.30014
  trust radius:  0.30000
---------------- geometry iteration   4 complete ----------------
geopt (optimize geometry) done.
onee (1-electron integrals) done.
probe (project orbitals) done.
grid (grid generation) done.
rwr (Q operators) done.
  
       i  u  d  i  g
       t  p  i  c  r                                 RMS    maximum
       e  d  i  u  i                       energy  density   DIIS  
       r  t  s  t  d       total energy    change  change    error 
  
etot    1  N  N  2  U    -878.79150686582           8.5E-04  1.6E-02
etot    2  Y  Y  6  M    -878.83003912242  3.9E-02  1.7E-04  1.8E-03
etot    3  N  Y  2  U    -878.82914413482 -8.9E-04  1.4E-04  4.5E-03
etot    4  Y  Y  6  M    -878.83022307055  1.1E-03  4.5E-05  1.8E-03
etot    5  N  Y  2  U    -878.83042464878  2.0E-04  1.2E-05  2.9E-04
etot    6  N  Y  2  U    -878.83043769183  1.3E-05  4.6E-06  6.4E-05
etot    7  N  N  2  U    -878.83043784432  1.5E-07  0.0E+00  0.0E+00
scf (DFT) done.
der1a (1-e 1st deriv.) done.
rwr (1st deriv. Q) done.
der1b (2-e 1st deriv.) done.
  Geometry optimization step   5
  Total energy:      -878.85081305620 hartrees
  energy change:          -8.6314E-04 .  (  5.0000E-05 )
  gradient maximum:        3.1660E-03 .  (  4.5000E-04 )
  gradient rms:            9.0974E-04 .  (  3.0000E-04 )
  displacement maximum:    7.4132E-02 .  (  1.8000E-03 )
  displacement rms:        1.2150E-02 .  (  1.2000E-03 )
  
  predicted energy change: -2.5200E-04
  step size:     0.12568
  trust radius:  0.30000
---------------- geometry iteration   5 complete ----------------
geopt (optimize geometry) done.
onee (1-electron integrals) done.
probe (project orbitals) done.
grid (grid generation) done.
rwr (Q operators) done.
  
       i  u  d  i  g
       t  p  i  c  r                                 RMS    maximum
       e  d  i  u  i                       energy  density   DIIS  
       r  t  s  t  d       total energy    change  change    error 
  
etot    1  N  N  2  U    -878.82556284160           3.2E-04  6.8E-03
etot    2  Y  Y  6  M    -878.83076595213  5.2E-03  6.2E-05  4.6E-04
etot    3  N  Y  2  U    -878.83065456005 -1.1E-04  4.8E-05  1.1E-03
etot    4  N  Y  2  U    -878.83077216997  1.2E-04  1.5E-05  5.7E-04
etot    5  N  Y  2  U    -878.83079070939  1.9E-05  5.0E-06  1.6E-04
etot    6  N  Y  2  U    -878.83079281809  2.1E-06  1.8E-06  2.9E-05
etot    7  N  N  2  U    -878.83079290719  8.9E-08  0.0E+00  0.0E+00
scf (DFT) done.
der1a (1-e 1st deriv.) done.
rwr (1st deriv. Q) done.
der1b (2-e 1st deriv.) done.
  Geometry optimization step   6
  Total energy:      -878.85111559557 hartrees
  energy change:          -3.0254E-04 .  (  5.0000E-05 )
  gradient maximum:        1.7442E-03 .  (  4.5000E-04 )
  gradient rms:            4.8478E-04 .  (  3.0000E-04 )
  displacement maximum:    3.2751E-02 .  (  1.8000E-03 )
  displacement rms:        5.3543E-03 .  (  1.2000E-03 )
  
  predicted energy change: -7.1599E-05
  step size:     0.05539
  trust radius:  0.30000
---------------- geometry iteration   6 complete ----------------
geopt (optimize geometry) done.
onee (1-electron integrals) done.
probe (project orbitals) done.
grid (grid generation) done.
rwr (Q operators) done.
  
       i  u  d  i  g
       t  p  i  c  r                                 RMS    maximum
       e  d  i  u  i                       energy  density   DIIS  
       r  t  s  t  d       total energy    change  change    error 
  
etot    1  N  N  2  U    -878.82889355895           1.8E-04  5.0E-03
etot    2  Y  Y  6  M    -878.83082945249  1.9E-03  2.4E-05  4.0E-04
etot    3  N  Y  2  U    -878.83082699194 -2.5E-06  1.9E-05  3.7E-04
etot    4  N  Y  2  U    -878.83084385208  1.7E-05  7.1E-06  2.5E-04
etot    5  N  Y  2  U    -878.83084797552  4.1E-06  2.0E-06  6.9E-05
etot    6  N  N  2  U    -878.83084833466  3.6E-07  0.0E+00  0.0E+00
scf (DFT) done.
der1a (1-e 1st deriv.) done.
rwr (1st deriv. Q) done.
der1b (2-e 1st deriv.) done.
  Geometry optimization step   7
  Total energy:      -878.85119009781 hartrees
  energy change:          -7.4502E-05 .  (  5.0000E-05 )
  gradient maximum:        9.2274E-04 .  (  4.5000E-04 )
  gradient rms:            2.5436E-04 *  (  3.0000E-04 )
  displacement maximum:    3.4062E-02 .  (  1.8000E-03 )
  displacement rms:        4.3823E-03 .  (  1.2000E-03 )
  
  predicted energy change: -2.6387E-05
  step size:     0.04533
  trust radius:  0.30000
---------------- geometry iteration   7 complete ----------------
geopt (optimize geometry) done.
onee (1-electron integrals) done.
probe (project orbitals) done.
grid (grid generation) done.
rwr (Q operators) done.
  
       i  u  d  i  g
       t  p  i  c  r                                 RMS    maximum
       e  d  i  u  i                       energy  density   DIIS  
       r  t  s  t  d       total energy    change  change    error 
  
etot    1  N  N  2  U    -878.82911290434           1.7E-04  4.7E-03
etot    2  Y  Y  6  M    -878.83085841952  1.7E-03  2.1E-05  3.7E-04
etot    3  N  Y  2  U    -878.83085873151  3.1E-07  1.7E-05  3.9E-04
etot    4  N  Y  2  U    -878.83086820871  9.5E-06  7.0E-06  2.9E-04
etot    5  N  Y  2  U    -878.83087350332  5.3E-06  1.7E-06  3.8E-05
etot    6  N  N  2  U    -878.83087366745  1.6E-07  0.0E+00  0.0E+00
scf (DFT) done.
der1a (1-e 1st deriv.) done.
rwr (1st deriv. Q) done.
der1b (2-e 1st deriv.) done.
  Geometry optimization step   8
  Total energy:      -878.85122510270 hartrees
  energy change:          -3.5005E-05 *  (  5.0000E-05 )
  gradient maximum:        5.6757E-04 .  (  4.5000E-04 )
  gradient rms:            1.7219E-04 *  (  3.0000E-04 )
  displacement maximum:    5.9053E-02 .  (  1.8000E-03 )
  displacement rms:        7.2363E-03 .  (  1.2000E-03 )
  
  predicted energy change: -2.5563E-05
  step size:     0.07485
  trust radius:  0.30000
---------------- geometry iteration   8 complete ----------------
geopt (optimize geometry) done.
onee (1-electron integrals) done.
probe (project orbitals) done.
grid (grid generation) done.
rwr (Q operators) done.
  
       i  u  d  i  g
       t  p  i  c  r                                 RMS    maximum
       e  d  i  u  i                       energy  density   DIIS  
       r  t  s  t  d       total energy    change  change    error 
  
etot    1  N  N  2  U    -878.82574270507           2.8E-04  8.8E-03
etot    2  Y  Y  6  M    -878.83086022279  5.1E-03  3.8E-05  6.4E-04
etot    3  N  Y  2  U    -878.83083136065 -2.9E-05  3.0E-05  7.4E-04
etot    4  N  Y  2  U    -878.83087465276  4.3E-05  1.1E-05  4.2E-04
etot    5  N  Y  2  U    -878.83088617113  1.2E-05  3.2E-06  7.9E-05
etot    6  N  N  2  U    -878.83088684730  6.8E-07  0.0E+00  0.0E+00
scf (DFT) done.
der1a (1-e 1st deriv.) done.
rwr (1st deriv. Q) done.
der1b (2-e 1st deriv.) done.
  Geometry optimization step   9
  Total energy:      -878.85125590178 hartrees
  energy change:          -3.0799E-05 *  (  5.0000E-05 )
  gradient maximum:        8.3278E-04 .  (  4.5000E-04 )
  gradient rms:            1.6230E-04 *  (  3.0000E-04 )
  displacement maximum:    4.2608E-02 .  (  1.8000E-03 )
  displacement rms:        5.5442E-03 .  (  1.2000E-03 )
  
  predicted energy change: -1.2458E-05
  step size:     0.05735
  trust radius:  0.30000
---------------- geometry iteration   9 complete ----------------
geopt (optimize geometry) done.
onee (1-electron integrals) done.
probe (project orbitals) done.
grid (grid generation) done.
rwr (Q operators) done.
  
       i  u  d  i  g
       t  p  i  c  r                                 RMS    maximum
       e  d  i  u  i                       energy  density   DIIS  
       r  t  s  t  d       total energy    change  change    error 
  
etot    1  N  N  2  U    -878.82832456334           2.0E-04  5.0E-03
etot    2  Y  Y  6  M    -878.83088568646  2.6E-03  3.2E-05  3.9E-04
etot    3  N  Y  2  U    -878.83085698579 -2.9E-05  2.4E-05  6.2E-04
etot    4  N  Y  2  U    -878.83089588529  3.9E-05  7.6E-06  2.7E-04
etot    5  N  Y  2  U    -878.83090054504  4.7E-06  2.7E-06  7.7E-05
etot    6  N  N  2  U    -878.83090109705  5.5E-07  0.0E+00  0.0E+00
scf (DFT) done.
der1a (1-e 1st deriv.) done.
rwr (1st deriv. Q) done.
der1b (2-e 1st deriv.) done.
  Geometry optimization step  10
  Total energy:      -878.85128243434 hartrees
  energy change:          -2.6533E-05 *  (  5.0000E-05 )
  gradient maximum:        7.8572E-04 .  (  4.5000E-04 )
  gradient rms:            1.4471E-04 *  (  3.0000E-04 )
  displacement maximum:    1.0222E-01 .  (  1.8000E-03 )
  displacement rms:        1.3389E-02 .  (  1.2000E-03 )
  
  predicted energy change: -2.4671E-05
  step size:     0.13849
  trust radius:  0.30000
---------------- geometry iteration  10 complete ----------------
geopt (optimize geometry) done.
onee (1-electron integrals) done.
probe (project orbitals) done.
grid (grid generation) done.
rwr (Q operators) done.
  
       i  u  d  i  g
       t  p  i  c  r                                 RMS    maximum
       e  d  i  u  i                       energy  density   DIIS  
       r  t  s  t  d       total energy    change  change    error 
  
etot    1  N  N  2  U    -878.81585159024           4.9E-04  1.5E-02
etot    2  Y  Y  6  M    -878.83084457614  1.5E-02  7.3E-05  9.7E-04
etot    3  N  Y  2  U    -878.83065149243 -1.9E-04  5.4E-05  1.5E-03
etot    4  Y  Y  6  M    -878.83085293359  2.0E-04  1.8E-05  6.6E-04
etot    5  N  Y  2  U    -878.83086937836  1.6E-05  6.6E-06  1.6E-04
etot    6  N  Y  2  U    -878.83087238894  3.0E-06  2.6E-06  3.1E-05
etot    7  N  N  2  U    -878.83087241580  2.7E-08  0.0E+00  0.0E+00
scf (DFT) done.
der1a (1-e 1st deriv.) done.
rwr (1st deriv. Q) done.
der1b (2-e 1st deriv.) done.
  Geometry optimization step  11
  Total energy:      -878.85129028317 hartrees
  energy change:          -7.8488E-06 *  (  5.0000E-05 )
  gradient maximum:        5.7746E-04 .  (  4.5000E-04 )
  gradient rms:            1.6185E-04 *  (  3.0000E-04 )
  displacement maximum:    1.4581E-02 .  (  1.8000E-03 )
  displacement rms:        3.2630E-03 .  (  1.2000E-03 )
  
  predicted energy change: -9.0356E-06
  step size:     0.03375
  trust radius:  0.30000
---------------- geometry iteration  11 complete ----------------
geopt (optimize geometry) done.
onee (1-electron integrals) done.
probe (project orbitals) done.
grid (grid generation) done.
rwr (Q operators) done.
  
       i  u  d  i  g
       t  p  i  c  r                                 RMS    maximum
       e  d  i  u  i                       energy  density   DIIS  
       r  t  s  t  d       total energy    change  change    error 
  
etot    1  N  N  2  U    -878.83054687060           7.8E-05  1.1E-03
etot    2  Y  Y  6  M    -878.83087763297  3.3E-04  1.5E-05  1.2E-04
etot    3  N  Y  2  U    -878.83085841911 -1.9E-05  1.1E-05  2.5E-04
etot    4  N  Y  2  U    -878.83086707455  8.7E-06  2.9E-06  8.3E-05
etot    5  N  N  2  U    -878.83086754312  4.7E-07  0.0E+00  0.0E+00
scf (DFT) done.
der1a (1-e 1st deriv.) done.
rwr (1st deriv. Q) done.
der1b (2-e 1st deriv.) done.
  Geometry optimization step  12
  Total energy:      -878.85129077693 hartrees
  energy change:          -4.9376E-07 #  (  5.0000E-05 )
  gradient maximum:        5.6878E-04 .  (  4.5000E-04 )
  gradient rms:            1.2512E-04 *  (  3.0000E-04 )
  displacement maximum:    5.4708E-02 .  (  1.8000E-03 )
  displacement rms:        1.2928E-02 .  (  1.2000E-03 )
  
  predicted energy change: -2.4135E-05
  step size:     0.13373
  trust radius:  0.30000
---------------- geometry iteration  12 complete ----------------
geopt (optimize geometry) done.
onee (1-electron integrals) done.
probe (project orbitals) done.
grid (grid generation) done.
rwr (Q operators) done.
  
       i  u  d  i  g
       t  p  i  c  r                                 RMS    maximum
       e  d  i  u  i                       energy  density   DIIS  
       r  t  s  t  d       total energy    change  change    error 
  
etot    1  N  N  2  U    -878.82452584848           3.4E-04  6.4E-03
etot    2  Y  Y  6  M    -878.83085184805  6.3E-03  5.5E-05  4.7E-04
etot    3  N  Y  2  U    -878.83073741298 -1.1E-04  3.8E-05  1.0E-03
etot    4  N  Y  2  U    -878.83082395833  8.7E-05  1.1E-05  2.7E-04
etot    5  N  Y  2  U    -878.83083103471  7.1E-06  3.9E-06  1.4E-04
etot    6  N  N  2  U    -878.83083264986  1.6E-06  0.0E+00  0.0E+00
scf (DFT) done.
der1a (1-e 1st deriv.) done.
rwr (1st deriv. Q) done.
der1b (2-e 1st deriv.) done.
  Geometry optimization step  13
  Total energy:      -878.85129199232 hartrees
  energy change:          -1.2154E-06 #  (  5.0000E-05 )
  gradient maximum:        8.6046E-04 .  (  4.5000E-04 )
  gradient rms:            1.7096E-04 *  (  3.0000E-04 )
  displacement maximum:    1.2473E-01 .  (  1.8000E-03 )
  displacement rms:        2.9079E-02 .  (  1.2000E-03 )
  
  predicted energy change: -7.2875E-05
  step size:     0.30079
  trust radius:  0.30000
---------------- geometry iteration  13 complete ----------------
geopt (optimize geometry) done.
onee (1-electron integrals) done.
probe (project orbitals) done.
grid (grid generation) done.
rwr (Q operators) done.
  
       i  u  d  i  g
       t  p  i  c  r                                 RMS    maximum
       e  d  i  u  i                       energy  density   DIIS  
       r  t  s  t  d       total energy    change  change    error 
  
etot    1  N  N  2  U    -878.79790207558           7.6E-04  1.5E-02
etot    2  Y  Y  6  M    -878.83056102998  3.3E-02  1.5E-04  1.4E-03
etot    3  N  Y  2  U    -878.82987631747 -6.8E-04  1.0E-04  3.3E-03
etot    4  Y  Y  6  M    -878.83066624013  7.9E-04  2.4E-05  5.5E-04
etot    5  N  Y  2  U    -878.83065916312 -7.1E-06  9.1E-06  4.1E-04
etot    6  N  Y  2  U    -878.83066589612  6.7E-06  3.5E-06  9.0E-05
etot    7  N  N  2  U    -878.83066610658  2.1E-07  0.0E+00  0.0E+00
scf (DFT) done.
der1a (1-e 1st deriv.) done.
rwr (1st deriv. Q) done.
der1b (2-e 1st deriv.) done.
  Geometry optimization step  14
  Total energy:      -878.85124627109 hartrees
  energy change:           4.5721E-05 *  (  5.0000E-05 )
  gradient maximum:        1.4972E-03 .  (  4.5000E-04 )
  gradient rms:            3.8055E-04 .  (  3.0000E-04 )
  displacement maximum:    1.0408E-01 .  (  1.8000E-03 )
  displacement rms:        2.4442E-02 .  (  1.2000E-03 )
  
  predicted energy change: -8.3283E-05
  step size:     0.25283
  trust radius:  0.30000
---------------- geometry iteration  14 complete ----------------
geopt (optimize geometry) done.
onee (1-electron integrals) done.
probe (project orbitals) done.
grid (grid generation) done.
rwr (Q operators) done.
  
       i  u  d  i  g
       t  p  i  c  r                                 RMS    maximum
       e  d  i  u  i                       energy  density   DIIS  
       r  t  s  t  d       total energy    change  change    error 
  
etot    1  N  N  2  U    -878.80866507651           6.1E-04  1.1E-02
etot    2  Y  Y  6  M    -878.83040211367  2.2E-02  1.3E-04  1.1E-03
etot    3  N  Y  2  U    -878.82989951121 -5.0E-04  8.6E-05  2.7E-03
etot    4  Y  Y  6  M    -878.83046122364  5.6E-04  2.3E-05  6.6E-04
etot    5  N  Y  2  U    -878.83045051221 -1.1E-05  9.3E-06  4.0E-04
etot    6  N  Y  2  U    -878.83045878445  8.3E-06  2.9E-06  5.6E-05
etot    7  N  N  2  U    -878.83045891952  1.4E-07  0.0E+00  0.0E+00
scf (DFT) done.
der1a (1-e 1st deriv.) done.
rwr (1st deriv. Q) done.
der1b (2-e 1st deriv.) done.
  Geometry optimization step  15
  Total energy:      -878.85117449324 hartrees
  energy change:           7.1778E-05 .  (  5.0000E-05 )
  gradient maximum:        2.7434E-03 .  (  4.5000E-04 )
  gradient rms:            6.5804E-04 .  (  3.0000E-04 )
  displacement maximum:    7.6074E-02 .  (  1.8000E-03 )
  displacement rms:        1.7466E-02 .  (  1.2000E-03 )
  
  predicted energy change: -1.3495E-04
  step size:     0.18067
  trust radius:  0.30000
---------------- geometry iteration  15 complete ----------------
geopt (optimize geometry) done.
onee (1-electron integrals) done.
probe (project orbitals) done.
grid (grid generation) done.
rwr (Q operators) done.
  
       i  u  d  i  g
       t  p  i  c  r                                 RMS    maximum
       e  d  i  u  i                       energy  density   DIIS  
       r  t  s  t  d       total energy    change  change    error 
  
etot    1  N  N  2  U    -878.81096397208           5.6E-04  1.5E-02
etot    2  Y  Y  6  M    -878.83014430322  1.9E-02  1.5E-04  1.4E-03
etot    3  N  Y  2  U    -878.82898322357 -1.2E-03  1.1E-04  4.7E-03
etot    4  Y  Y  6  M    -878.83024586799  1.3E-03  2.6E-05  9.3E-04
etot    5  N  Y  2  U    -878.83028542134  4.0E-05  1.0E-05  2.5E-04
etot    6  N  Y  2  U    -878.83029486017  9.4E-06  2.8E-06  4.6E-05
etot    7  N  N  2  U    -878.83029510903  2.5E-07  0.0E+00  0.0E+00
scf (DFT) done.
der1a (1-e 1st deriv.) done.
rwr (1st deriv. Q) done.
der1b (2-e 1st deriv.) done.
  Geometry optimization step  16
  Total energy:      -878.85110344576 hartrees
  ** restarting optimization from step   15 **
  energy change:           7.1047E-05 .  (  5.0000E-05 )
  gradient maximum:        2.7434E-03 .  (  4.5000E-04 )
  gradient rms:            6.5804E-04 .  (  3.0000E-04 )
  displacement maximum:    4.1305E-02 .  (  1.8000E-03 )
  displacement rms:        1.0600E-02 .  (  1.2000E-03 )
  
  predicted energy change: -1.4209E-04
  step size:     0.10965
  trust radius:  0.30000
---------------- geometry iteration  16 complete ----------------
geopt (optimize geometry) done.
onee (1-electron integrals) done.
probe (project orbitals) done.
grid (grid generation) done.
rwr (Q operators) done.
  
       i  u  d  i  g
       t  p  i  c  r                                 RMS    maximum
       e  d  i  u  i                       energy  density   DIIS  
       r  t  s  t  d       total energy    change  change    error 
  
etot    1  N  N  2  U    -878.80952716658           5.7E-04  1.8E-02
etot    2  Y  Y  6  M    -878.83053003158  2.1E-02  7.5E-05  1.3E-03
etot    3  N  Y  2  U    -878.83045603354 -7.4E-05  5.8E-05  1.1E-03
etot    4  Y  Y  6  M    -878.83056400291  1.1E-04  2.4E-05  1.1E-03
etot    5  N  Y  2  U    -878.83062928179  6.5E-05  5.7E-06  1.6E-04
etot    6  N  Y  2  U    -878.83063162346  2.3E-06  2.8E-06  4.7E-05
etot    7  N  N  2  U    -878.83063170391  8.0E-08  0.0E+00  0.0E+00
scf (DFT) done.
der1a (1-e 1st deriv.) done.
rwr (1st deriv. Q) done.
der1b (2-e 1st deriv.) done.
  Geometry optimization step  17
  Total energy:      -878.85130679600 hartrees
  energy change:          -1.3230E-04 .  (  5.0000E-05 )
  gradient maximum:        2.0511E-03 .  (  4.5000E-04 )
  gradient rms:            5.4077E-04 .  (  3.0000E-04 )
  displacement maximum:    4.6293E-02 .  (  1.8000E-03 )
  displacement rms:        1.1562E-02 .  (  1.2000E-03 )
  
  predicted energy change: -6.6921E-05
  step size:     0.11960
  trust radius:  0.30000
---------------- geometry iteration  17 complete ----------------
geopt (optimize geometry) done.
onee (1-electron integrals) done.
probe (project orbitals) done.
grid (grid generation) done.
rwr (Q operators) done.
  
       i  u  d  i  g
       t  p  i  c  r                                 RMS    maximum
       e  d  i  u  i                       energy  density   DIIS  
       r  t  s  t  d       total energy    change  change    error 
  
etot    1  N  N  2  U    -878.82612713475           2.8E-04  6.5E-03
etot    2  Y  Y  6  M    -878.83058038859  4.5E-03  5.7E-05  4.9E-04
etot    3  Y  Y  6  M    -878.83047077682 -1.1E-04  4.0E-05  1.2E-03
etot    4  N  Y  2  U    -878.83055400608  8.3E-05  1.2E-05  4.1E-04
etot    5  N  Y  2  U    -878.83056167647  7.7E-06  5.3E-06  1.6E-04
etot    6  N  Y  2  U    -878.83056388420  2.2E-06  1.9E-06  3.1E-05
etot    7  N  N  2  U    -878.83056388538  1.2E-09  0.0E+00  0.0E+00
scf (DFT) done.
der1a (1-e 1st deriv.) done.
rwr (1st deriv. Q) done.
der1b (2-e 1st deriv.) done.
  Geometry optimization step  18
  Total energy:      -878.85131790714 hartrees
  energy change:          -1.1111E-05 *  (  5.0000E-05 )
  gradient maximum:        1.6825E-03 .  (  4.5000E-04 )
  gradient rms:            4.2356E-04 .  (  3.0000E-04 )
  displacement maximum:    3.9284E-02 .  (  1.8000E-03 )
  displacement rms:        9.0071E-03 .  (  1.2000E-03 )
  
  predicted energy change: -3.4652E-05
  step size:     0.09317
  trust radius:  0.30000
---------------- geometry iteration  18 complete ----------------
geopt (optimize geometry) done.
onee (1-electron integrals) done.
probe (project orbitals) done.
grid (grid generation) done.
rwr (Q operators) done.
  
       i  u  d  i  g
       t  p  i  c  r                                 RMS    maximum
       e  d  i  u  i                       energy  density   DIIS  
       r  t  s  t  d       total energy    change  change    error 
  
etot    1  N  N  2  U    -878.82842047237           1.9E-04  2.7E-03
etot    2  Y  Y  6  M    -878.83062063626  2.2E-03  4.2E-05  4.1E-04
etot    3  N  Y  2  U    -878.83052588945 -9.5E-05  2.7E-05  8.9E-04
etot    4  N  Y  2  U    -878.83058905049  6.3E-05  6.9E-06  2.0E-04
etot    5  N  Y  2  U    -878.83059079491  1.7E-06  3.1E-06  1.4E-04
etot    6  N  N  2  U    -878.83059178045  9.9E-07  0.0E+00  0.0E+00
scf (DFT) done.
der1a (1-e 1st deriv.) done.
rwr (1st deriv. Q) done.
der1b (2-e 1st deriv.) done.
  Geometry optimization step  19
  Total energy:      -878.85136737664 hartrees
  energy change:          -4.9469E-05 *  (  5.0000E-05 )
  gradient maximum:        1.0612E-03 .  (  4.5000E-04 )
  gradient rms:            2.7503E-04 *  (  3.0000E-04 )
  displacement maximum:    4.9936E-02 .  (  1.8000E-03 )
  displacement rms:        1.1618E-02 .  (  1.2000E-03 )
  
  predicted energy change: -4.8494E-05
  step size:     0.12018
  trust radius:  0.30000
---------------- geometry iteration  19 complete ----------------
geopt (optimize geometry) done.
onee (1-electron integrals) done.
probe (project orbitals) done.
grid (grid generation) done.
rwr (Q operators) done.
  
       i  u  d  i  g
       t  p  i  c  r                                 RMS    maximum
       e  d  i  u  i                       energy  density   DIIS  
       r  t  s  t  d       total energy    change  change    error 
  
etot    1  N  N  2  U    -878.82741492085           2.4E-04  2.8E-03
etot    2  Y  Y  6  M    -878.83063183707  3.2E-03  7.2E-05  6.2E-04
etot    3  Y  Y  6  M    -878.83041877121 -2.1E-04  5.0E-05  1.7E-03
etot    4  N  Y  2  U    -878.83061631626  2.0E-04  1.3E-05  5.0E-04
etot    5  N  Y  2  U    -878.83062383012  7.5E-06  5.7E-06  1.9E-04
etot    6  N  Y  2  U    -878.83062663841  2.8E-06  1.5E-06  3.0E-05
etot    7  N  N  2  U    -878.83062672897  9.1E-08  0.0E+00  0.0E+00
scf (DFT) done.
der1a (1-e 1st deriv.) done.
rwr (1st deriv. Q) done.
der1b (2-e 1st deriv.) done.
  Geometry optimization step  20
  Total energy:      -878.85139475691 hartrees
  energy change:          -2.7380E-05 *  (  5.0000E-05 )
  gradient maximum:        1.0193E-03 .  (  4.5000E-04 )
  gradient rms:            2.0333E-04 *  (  3.0000E-04 )
  displacement maximum:    1.1478E-01 .  (  1.8000E-03 )
  displacement rms:        2.7943E-02 .  (  1.2000E-03 )
  
  predicted energy change: -4.2036E-05
  step size:     0.28905
  trust radius:  0.30000
---------------- geometry iteration  20 complete ----------------
geopt (optimize geometry) done.
onee (1-electron integrals) done.
probe (project orbitals) done.
grid (grid generation) done.
rwr (Q operators) done.
  
       i  u  d  i  g
       t  p  i  c  r                                 RMS    maximum
       e  d  i  u  i                       energy  density   DIIS  
       r  t  s  t  d       total energy    change  change    error 
  
etot    1  N  N  2  U    -878.80706394571           6.4E-04  1.0E-02
etot    2  Y  Y  6  M    -878.83041245175  2.3E-02  1.4E-04  1.5E-03
etot    3  N  Y  2  U    -878.82974120803 -6.7E-04  9.5E-05  3.1E-03
etot    4  Y  Y  6  M    -878.83050534452  7.6E-04  2.4E-05  5.6E-04
etot    5  N  Y  2  U    -878.83048908894 -1.6E-05  1.1E-05  4.6E-04
etot    6  N  Y  2  U    -878.83050072085  1.2E-05  3.0E-06  5.6E-05
etot    7  N  N  2  U    -878.83050090868  1.9E-07  0.0E+00  0.0E+00
scf (DFT) done.
der1a (1-e 1st deriv.) done.
rwr (1st deriv. Q) done.
der1b (2-e 1st deriv.) done.
  Geometry optimization step  21
  Total energy:      -878.85134198119 hartrees
  ** restarting optimization from step   20 **
  energy change:           5.2776E-05 .  (  5.0000E-05 )
  gradient maximum:        1.0193E-03 .  (  4.5000E-04 )
  gradient rms:            2.0333E-04 *  (  3.0000E-04 )
  displacement maximum:    4.7705E-02 .  (  1.8000E-03 )
  displacement rms:        1.2140E-02 .  (  1.2000E-03 )
  
  predicted energy change: -1.9871E-05
  step size:     0.12558
  trust radius:  0.30000
---------------- geometry iteration  21 complete ----------------
geopt (optimize geometry) done.
onee (1-electron integrals) done.
probe (project orbitals) done.
grid (grid generation) done.
rwr (Q operators) done.
  
       i  u  d  i  g
       t  p  i  c  r                                 RMS    maximum
       e  d  i  u  i                       energy  density   DIIS  
       r  t  s  t  d       total energy    change  change    error 
  
etot    1  N  N  2  U    -878.82342002560           3.5E-04  5.9E-03
etot    2  Y  Y  6  M    -878.83049090565  7.1E-03  5.9E-05  6.0E-04
etot    3  N  Y  2  U    -878.83050505054  1.4E-05  4.0E-05  9.3E-04
etot    4  N  Y  2  U    -878.83060238670  9.7E-05  1.3E-05  4.1E-04
etot    5  N  Y  2  U    -878.83061248995  1.0E-05  4.3E-06  1.6E-04
etot    6  N  N  2  U    -878.83061402097  1.5E-06  0.0E+00  0.0E+00
scf (DFT) done.
der1a (1-e 1st deriv.) done.
rwr (1st deriv. Q) done.
der1b (2-e 1st deriv.) done.
  Geometry optimization step  22
  Total energy:      -878.85140539849 hartrees
  energy change:          -1.0642E-05 *  (  5.0000E-05 )
  gradient maximum:        2.8687E-04 *  (  4.5000E-04 )
  gradient rms:            7.6697E-05 *  (  3.0000E-04 )
  displacement maximum:    9.0207E-02 .  (  1.8000E-03 )
  displacement rms:        2.1839E-02 .  (  1.2000E-03 )
  
  predicted energy change: -1.6207E-05
  step size:     0.22590
  trust radius:  0.30000
---------------- geometry iteration  22 complete ----------------
geopt (optimize geometry) done.
onee (1-electron integrals) done.
probe (project orbitals) done.
grid (grid generation) done.
rwr (Q operators) done.
  
       i  u  d  i  g
       t  p  i  c  r                                 RMS    maximum
       e  d  i  u  i                       energy  density   DIIS  
       r  t  s  t  d       total energy    change  change    error 
  
etot    1  N  N  2  U    -878.81768674734           4.7E-04  5.7E-03
etot    2  Y  Y  6  M    -878.83050137214  1.3E-02  1.1E-04  1.2E-03
etot    3  N  Y  2  U    -878.83000718208 -4.9E-04  7.6E-05  2.3E-03
etot    4  Y  Y  6  M    -878.83053204416  5.2E-04  2.0E-05  6.7E-04
etot    5  N  Y  2  U    -878.83052489673 -7.1E-06  9.0E-06  4.0E-04
etot    6  N  Y  2  U    -878.83053339050  8.5E-06  2.3E-06  4.4E-05
etot    7  N  N  2  U    -878.83053357709  1.9E-07  0.0E+00  0.0E+00
scf (DFT) done.
der1a (1-e 1st deriv.) done.
rwr (1st deriv. Q) done.
der1b (2-e 1st deriv.) done.
  Geometry optimization step  23
  Total energy:      -878.85135322811 hartrees
  energy change:           5.2170E-05 .  (  5.0000E-05 )
  gradient maximum:        6.4868E-04 .  (  4.5000E-04 )
  gradient rms:            1.4565E-04 *  (  3.0000E-04 )
  displacement maximum:    4.3120E-02 .  (  1.8000E-03 )
  displacement rms:        1.0106E-02 .  (  1.2000E-03 )
  
  predicted energy change: -1.0878E-05
  step size:     0.10454
  trust radius:  0.30000
---------------- geometry iteration  23 complete ----------------
geopt (optimize geometry) done.
onee (1-electron integrals) done.
probe (project orbitals) done.
grid (grid generation) done.
rwr (Q operators) done.
  
       i  u  d  i  g
       t  p  i  c  r                                 RMS    maximum
       e  d  i  u  i                       energy  density   DIIS  
       r  t  s  t  d       total energy    change  change    error 
  
etot    1  N  N  2  U    -878.82796493768           2.1E-04  2.7E-03
etot    2  Y  Y  6  M    -878.83050216840  2.5E-03  4.1E-05  3.5E-04
etot    3  N  Y  2  U    -878.83052014216  1.8E-05  2.8E-05  6.8E-04
etot    4  N  Y  2  U    -878.83057778233  5.8E-05  7.5E-06  2.0E-04
etot    5  N  Y  2  U    -878.83058093510  3.2E-06  3.0E-06  1.2E-04
etot    6  N  N  2  U    -878.83058175713  8.2E-07  0.0E+00  0.0E+00
scf (DFT) done.
der1a (1-e 1st deriv.) done.
rwr (1st deriv. Q) done.
der1b (2-e 1st deriv.) done.
  Geometry optimization step  24
  Total energy:      -878.85138325749 hartrees
  energy change:          -3.0029E-05 *  (  5.0000E-05 )
  gradient maximum:        2.2353E-04 *  (  4.5000E-04 )
  gradient rms:            4.3836E-05 #  (  3.0000E-04 )
  displacement maximum:    1.8483E-02 .  (  1.8000E-03 )
  displacement rms:        4.8267E-03 .  (  1.2000E-03 )
  
  predicted energy change: -1.6410E-06
  step size:     0.04993
  trust radius:  0.30000
---------------- geometry iteration  24 complete ----------------
geopt (optimize geometry) done.
onee (1-electron integrals) done.
probe (project orbitals) done.
grid (grid generation) done.
rwr (Q operators) done.
  
       i  u  d  i  g
       t  p  i  c  r                                 RMS    maximum
       e  d  i  u  i                       energy  density   DIIS  
       r  t  s  t  d       total energy    change  change    error 
  
etot    1  N  N  2  U    -878.82990958225           1.1E-04  1.1E-03
etot    2  Y  Y  6  M    -878.83058814807  6.8E-04  2.5E-05  2.2E-04
etot    3  N  Y  2  U    -878.83053284767 -5.5E-05  1.8E-05  5.8E-04
etot    4  N  Y  2  U    -878.83056118589  2.8E-05  5.5E-06  2.3E-04
etot    5  N  Y  2  U    -878.83056293324  1.7E-06  2.1E-06  7.3E-05
etot    6  N  N  2  U    -878.83056337060  4.4E-07  0.0E+00  0.0E+00
scf (DFT) done.
der1a (1-e 1st deriv.) done.
rwr (1st deriv. Q) done.
der1b (2-e 1st deriv.) done.
  Geometry optimization step  25
  Total energy:      -878.85136774109 hartrees
  energy change:           1.5516E-05 *  (  5.0000E-05 )
  gradient maximum:        2.1590E-04 *  (  4.5000E-04 )
  gradient rms:            4.2212E-05 #  (  3.0000E-04 )
  displacement maximum:    3.5868E-03 .  (  1.8000E-03 )
  displacement rms:        6.8779E-04 *  (  1.2000E-03 )
  
  predicted energy change: -3.1944E-07
  step size:     0.00711
  trust radius:  0.30000
------------- final geometry iteration  25 complete -------------
geopt (optimize geometry) done.
cutabab2 (abab integrals) done.
der2a (1-e JK-1st deriv.) done.
der2b (2-e JK-1st deriv.) done.
der2nda (1-e 2nd deriv.) done.
der2ndb (2-e 2nd deriv.) done.
rwr (Q operators) done.
cphfa (gradient of wave function) done.
freq (vib. frequencies) done.
Job J1_9608_2111 completed on hpc-89-19.cm.cluster at Wed May 29 03:03:01 2024
Timer (jaguar_backend.py) : 1532.67 secs (0 hrs, 25 mins, 32 secs)
Finished:   Wed May 29 03:03:01 2024
