Command:  /groups/wag/programs/Schrodinger_2020_3/jaguar run -WAIT -PARALLEL 8 /central/home/labounad/wittig-ch121/out/J1_10295_2111/J1_10295_2111.in
Release:  2020-3
Exec:     /groups/wag/programs/Schrodinger_2020_3/jaguar-v10.9/bin/Linux-x86_64
Host:     hpc-90-24.cm.cluster
JobId:    hpc-90-24-0-66573ce9
JobDir:   /central/scratch/labounad/J1_10295_2111#hpc-90-24-0-66573ce9
Date:     Wed May 29 07:34:19 2024

Contents of /central/scratch/labounad/J1_10295_2111#hpc-90-24-0-66573ce9:
/central/scratch/labounad/J1_10295_2111#hpc-90-24-0-66573ce9/hpc-90-24-0-66573ce9.mpinodes
/central/scratch/labounad/J1_10295_2111#hpc-90-24-0-66573ce9/.write_dir.json
/central/scratch/labounad/J1_10295_2111#hpc-90-24-0-66573ce9/hpc-90-24-0-66573ce9.recover
/central/scratch/labounad/J1_10295_2111#hpc-90-24-0-66573ce9/hpc-90-24-0-66573ce9.nodes
/central/scratch/labounad/J1_10295_2111#hpc-90-24-0-66573ce9/J1_10295_2111.recover
/central/scratch/labounad/J1_10295_2111#hpc-90-24-0-66573ce9/J1_10295_2111.in
/central/scratch/labounad/J1_10295_2111#hpc-90-24-0-66573ce9/hpc-90-24-0-66573ce9
/central/scratch/labounad/J1_10295_2111#hpc-90-24-0-66573ce9/J1_10295_2111.log

Executing subprocess:
/groups/wag/programs/Schrodinger_2020_3/jaguar-v10.9/bin/Linux-x86_64/jexec J1_10295_2111.in -T 8 -out /central/scratch/labounad/J1_10295_2111#hpc-90-24-0-66573ce9 -cwd

Job J1_10295_2111 started on hpc-90-24.cm.cluster at Wed May 29 07:34:19 2024
jobid: hpc-90-24-0-66573ce9 
Jaguar version 10.9, release 139
 Using up to   8 threads per process
Molecular Point Group: C1      
Point Group used: C1
pre (input checking) done.
onee (1-electron integrals) done.
hfig (HF initial guess) done.
probe (project orbitals) done.
grid (grid generation) done.
rwr (Q operators) done.
scf type: DFT=PBE(X+LC)+PW91 (PBE-D3)
  
       i  u  d  i  g
       t  p  i  c  r                                 RMS    maximum
       e  d  i  u  i                       energy  density   DIIS  
       r  t  s  t  d       total energy    change  change    error 
  
etot    1  N  N  5  M   -1425.54854331544           5.2E-03  1.5E-01
etot    2  Y  Y  6  M   -1424.02728569657 -1.5E+00  7.4E-03  1.4E-01
etot    3  Y  Y  6  M   -1421.01098505057 -3.0E+00  6.8E-03  1.5E-01
etot    4  N  Y  2  U   -1424.03105738906  3.0E+00  5.1E-03  1.0E-01
etot    5  Y  Y  6  M   -1423.08410447865 -9.5E-01  3.5E-03  1.3E-01
etot    6  N  Y  2  U   -1429.05589330430  6.0E+00  1.4E-03  3.5E-02
etot    7  Y  Y  6  M   -1429.02388402347 -3.2E-02  8.0E-04  4.6E-02
etot    8  N  Y  2  U   -1429.18792932409  1.6E-01  2.1E-04  1.1E-02
etot    9  Y  Y  6  M   -1429.19822744408  1.0E-02  1.0E-04  3.0E-03
etot   10  N  Y  2  U   -1429.19929081755  1.1E-03  5.9E-05  2.4E-03
etot   11  Y  Y  6  M   -1429.20000165573  7.1E-04  2.4E-05  7.7E-04
etot   12  N  Y  2  U   -1429.20008441073  8.3E-05  1.1E-05  2.1E-04
etot   13  N  Y  2  U   -1429.20009215319  7.7E-06  5.2E-06  1.4E-04
etot   14  N  Y  2  U   -1429.20009882367  6.7E-06  1.8E-06  4.3E-05
etot   15  N  N  2  U   -1429.20009920926  3.9E-07  0.0E+00  0.0E+00
scf (DFT) done.
der1a (1-e 1st deriv.) done.
rwr (1st deriv. Q) done.
der1b (2-e 1st deriv.) done.
  Geometry optimization step   1
  Total energy:     -1429.25245720571 hartrees
  gradient maximum:        4.2153E-02 .  (  4.5000E-04 )
  gradient rms:            6.8927E-03 .  (  3.0000E-04 )
  displacement maximum:    1.2667E-01 .  (  1.8000E-03 )
  displacement rms:        2.0276E-02 .  (  1.2000E-03 )
  
  predicted energy change: -1.9115E-02
  step size:     0.30006
  trust radius:  0.30000
---------------- geometry iteration   1 complete ----------------
geopt (optimize geometry) done.
onee (1-electron integrals) done.
probe (project orbitals) done.
grid (grid generation) done.
rwr (Q operators) done.
  
       i  u  d  i  g
       t  p  i  c  r                                 RMS    maximum
       e  d  i  u  i                       energy  density   DIIS  
       r  t  s  t  d       total energy    change  change    error 
  
etot    1  N  N  2  U   -1429.20904469708           2.9E-04  4.3E-03
etot    2  Y  Y  6  M   -1429.21811375461  9.1E-03  1.2E-04  1.4E-03
etot    3  N  Y  2  U   -1429.21746364033 -6.5E-04  8.1E-05  1.9E-03
etot    4  Y  Y  6  M   -1429.21867729593  1.2E-03  2.0E-05  6.3E-04
etot    5  N  Y  2  U   -1429.21875495216  7.8E-05  5.9E-06  1.4E-04
etot    6  N  Y  2  U   -1429.21876185363  6.9E-06  1.8E-06  4.3E-05
etot    7  N  N  2  U   -1429.21876242253  5.7E-07  0.0E+00  0.0E+00
scf (DFT) done.
der1a (1-e 1st deriv.) done.
rwr (1st deriv. Q) done.
der1b (2-e 1st deriv.) done.
  Geometry optimization step   2
  Total energy:     -1429.26965196370 hartrees
  energy change:          -1.7195E-02 .  (  5.0000E-05 )
  gradient maximum:        1.6927E-02 .  (  4.5000E-04 )
  gradient rms:            2.6899E-03 .  (  3.0000E-04 )
  displacement maximum:    1.0735E-01 .  (  1.8000E-03 )
  displacement rms:        2.0291E-02 .  (  1.2000E-03 )
  
  predicted energy change: -4.4742E-03
  step size:     0.30028
  trust radius:  0.30000
---------------- geometry iteration   2 complete ----------------
geopt (optimize geometry) done.
onee (1-electron integrals) done.
probe (project orbitals) done.
grid (grid generation) done.
rwr (Q operators) done.
  
       i  u  d  i  g
       t  p  i  c  r                                 RMS    maximum
       e  d  i  u  i                       energy  density   DIIS  
       r  t  s  t  d       total energy    change  change    error 
  
etot    1  N  N  2  U   -1429.19079782797           3.7E-04  1.1E-02
etot    2  Y  Y  6  M   -1429.22134947313  3.1E-02  9.7E-05  7.9E-04
etot    3  N  Y  2  U   -1429.22047730015 -8.7E-04  7.5E-05  2.6E-03
etot    4  Y  Y  6  M   -1429.22157159688  1.1E-03  1.8E-05  7.2E-04
etot    5  N  Y  2  U   -1429.22155950605 -1.2E-05  5.9E-06  1.2E-04
etot    6  N  Y  2  U   -1429.22156656586  7.1E-06  1.9E-06  5.0E-05
etot    7  N  N  2  U   -1429.22156697020  4.0E-07  0.0E+00  0.0E+00
scf (DFT) done.
der1a (1-e 1st deriv.) done.
rwr (1st deriv. Q) done.
der1b (2-e 1st deriv.) done.
  Geometry optimization step   3
  Total energy:     -1429.27309726064 hartrees
  energy change:          -3.4453E-03 .  (  5.0000E-05 )
  gradient maximum:        2.2408E-02 .  (  4.5000E-04 )
  gradient rms:            2.8359E-03 .  (  3.0000E-04 )
  displacement maximum:    1.4108E-01 .  (  1.8000E-03 )
  displacement rms:        2.0273E-02 .  (  1.2000E-03 )
  
  predicted energy change: -2.9498E-03
  step size:     0.30001
  trust radius:  0.30000
---------------- geometry iteration   3 complete ----------------
geopt (optimize geometry) done.
onee (1-electron integrals) done.
probe (project orbitals) done.
grid (grid generation) done.
rwr (Q operators) done.
  
       i  u  d  i  g
       t  p  i  c  r                                 RMS    maximum
       e  d  i  u  i                       energy  density   DIIS  
       r  t  s  t  d       total energy    change  change    error 
  
etot    1  N  N  2  U   -1429.19995316634           3.2E-04  8.2E-03
etot    2  Y  Y  6  M   -1429.22315110547  2.3E-02  7.8E-05  8.3E-04
etot    3  N  Y  2  U   -1429.22260948642 -5.4E-04  5.9E-05  2.3E-03
etot    4  Y  Y  6  M   -1429.22323318998  6.2E-04  1.4E-05  5.1E-04
etot    5  N  Y  2  U   -1429.22322464308 -8.5E-06  4.5E-06  1.2E-04
etot    6  N  N  2  U   -1429.22322826702  3.6E-06  0.0E+00  0.0E+00
scf (DFT) done.
der1a (1-e 1st deriv.) done.
rwr (1st deriv. Q) done.
der1b (2-e 1st deriv.) done.
  Geometry optimization step   4
  Total energy:     -1429.27367983504 hartrees
  energy change:          -5.8257E-04 .  (  5.0000E-05 )
  gradient maximum:        1.9770E-02 .  (  4.5000E-04 )
  gradient rms:            2.2926E-03 .  (  3.0000E-04 )
  displacement maximum:    8.5910E-02 .  (  1.8000E-03 )
  displacement rms:        1.2924E-02 .  (  1.2000E-03 )
  
  predicted energy change: -1.1639E-03
  step size:     0.19125
  trust radius:  0.30000
---------------- geometry iteration   4 complete ----------------
geopt (optimize geometry) done.
onee (1-electron integrals) done.
probe (project orbitals) done.
grid (grid generation) done.
rwr (Q operators) done.
  
       i  u  d  i  g
       t  p  i  c  r                                 RMS    maximum
       e  d  i  u  i                       energy  density   DIIS  
       r  t  s  t  d       total energy    change  change    error 
  
etot    1  N  N  2  U   -1429.20711112349           2.7E-04  6.6E-03
etot    2  Y  Y  6  M   -1429.22424718354  1.7E-02  3.9E-05  4.0E-04
etot    3  N  Y  2  U   -1429.22410163079 -1.5E-04  3.0E-05  9.9E-04
etot    4  N  Y  2  U   -1429.22424377954  1.4E-04  1.1E-05  4.8E-04
etot    5  N  Y  2  U   -1429.22426682222  2.3E-05  3.0E-06  1.1E-04
etot    6  N  N  2  U   -1429.22426893808  2.1E-06  0.0E+00  0.0E+00
scf (DFT) done.
der1a (1-e 1st deriv.) done.
rwr (1st deriv. Q) done.
der1b (2-e 1st deriv.) done.
  Geometry optimization step   5
  Total energy:     -1429.27449989264 hartrees
  energy change:          -8.2006E-04 .  (  5.0000E-05 )
  gradient maximum:        6.4976E-03 .  (  4.5000E-04 )
  gradient rms:            1.1955E-03 .  (  3.0000E-04 )
  displacement maximum:    1.1185E-01 .  (  1.8000E-03 )
  displacement rms:        1.1978E-02 .  (  1.2000E-03 )
  
  predicted energy change: -6.8695E-04
  step size:     0.17725
  trust radius:  0.30000
---------------- geometry iteration   5 complete ----------------
geopt (optimize geometry) done.
onee (1-electron integrals) done.
probe (project orbitals) done.
grid (grid generation) done.
rwr (Q operators) done.
  
       i  u  d  i  g
       t  p  i  c  r                                 RMS    maximum
       e  d  i  u  i                       energy  density   DIIS  
       r  t  s  t  d       total energy    change  change    error 
  
etot    1  N  N  2  U   -1429.20100381150           3.1E-04  7.9E-03
etot    2  Y  Y  6  M   -1429.22384961386  2.3E-02  4.2E-05  5.0E-04
etot    3  N  Y  2  U   -1429.22375719522 -9.2E-05  3.2E-05  9.1E-04
etot    4  N  Y  2  U   -1429.22390430002  1.5E-04  1.1E-05  4.0E-04
etot    5  N  Y  2  U   -1429.22391971157  1.5E-05  3.3E-06  9.4E-05
etot    6  N  N  2  U   -1429.22392180177  2.1E-06  0.0E+00  0.0E+00
scf (DFT) done.
der1a (1-e 1st deriv.) done.
rwr (1st deriv. Q) done.
der1b (2-e 1st deriv.) done.
  Geometry optimization step   6
  Total energy:     -1429.27472218546 hartrees
  energy change:          -2.2229E-04 .  (  5.0000E-05 )
  gradient maximum:        9.6303E-03 .  (  4.5000E-04 )
  gradient rms:            1.2142E-03 .  (  3.0000E-04 )
  displacement maximum:    7.7533E-02 .  (  1.8000E-03 )
  displacement rms:        1.5330E-02 .  (  1.2000E-03 )
  
  predicted energy change: -5.1189E-04
  step size:     0.22686
  trust radius:  0.30000
---------------- geometry iteration   6 complete ----------------
geopt (optimize geometry) done.
onee (1-electron integrals) done.
probe (project orbitals) done.
grid (grid generation) done.
rwr (Q operators) done.
  
       i  u  d  i  g
       t  p  i  c  r                                 RMS    maximum
       e  d  i  u  i                       energy  density   DIIS  
       r  t  s  t  d       total energy    change  change    error 
  
etot    1  N  N  2  U   -1429.20076081147           3.3E-04  8.7E-03
etot    2  Y  Y  6  M   -1429.22416957715  2.3E-02  4.4E-05  4.9E-04
etot    3  N  Y  2  U   -1429.22402351159 -1.5E-04  3.4E-05  8.0E-04
etot    4  N  Y  2  U   -1429.22419988948  1.8E-04  1.1E-05  3.5E-04
etot    5  N  Y  2  U   -1429.22422291193  2.3E-05  3.3E-06  9.0E-05
etot    6  N  N  2  U   -1429.22422500659  2.1E-06  0.0E+00  0.0E+00
scf (DFT) done.
der1a (1-e 1st deriv.) done.
rwr (1st deriv. Q) done.
der1b (2-e 1st deriv.) done.
  Geometry optimization step   7
  Total energy:     -1429.27474940968 hartrees
  energy change:          -2.7224E-05 *  (  5.0000E-05 )
  gradient maximum:        1.2928E-02 .  (  4.5000E-04 )
  gradient rms:            1.4130E-03 .  (  3.0000E-04 )
  displacement maximum:    5.2865E-02 .  (  1.8000E-03 )
  displacement rms:        9.9524E-03 .  (  1.2000E-03 )
  
  predicted energy change: -3.9267E-04
  step size:     0.14728
  trust radius:  0.30000
---------------- geometry iteration   7 complete ----------------
geopt (optimize geometry) done.
onee (1-electron integrals) done.
probe (project orbitals) done.
grid (grid generation) done.
rwr (Q operators) done.
  
       i  u  d  i  g
       t  p  i  c  r                                 RMS    maximum
       e  d  i  u  i                       energy  density   DIIS  
       r  t  s  t  d       total energy    change  change    error 
  
etot    1  N  N  2  U   -1429.21296157444           2.2E-04  5.7E-03
etot    2  Y  Y  6  M   -1429.22459720243  1.2E-02  2.6E-05  4.1E-04
etot    3  N  Y  2  U   -1429.22453978504 -5.7E-05  1.9E-05  3.5E-04
etot    4  N  Y  2  U   -1429.22459098995  5.1E-05  7.0E-06  2.6E-04
etot    5  N  Y  2  U   -1429.22460021255  9.2E-06  2.5E-06  1.3E-04
etot    6  N  N  2  U   -1429.22460167845  1.5E-06  0.0E+00  0.0E+00
scf (DFT) done.
der1a (1-e 1st deriv.) done.
rwr (1st deriv. Q) done.
der1b (2-e 1st deriv.) done.
  Geometry optimization step   8
  Total energy:     -1429.27485682937 hartrees
  energy change:          -1.0742E-04 .  (  5.0000E-05 )
  gradient maximum:        5.9342E-03 .  (  4.5000E-04 )
  gradient rms:            6.7463E-04 .  (  3.0000E-04 )
  displacement maximum:    8.7871E-02 .  (  1.8000E-03 )
  displacement rms:        1.6369E-02 .  (  1.2000E-03 )
  
  predicted energy change: -2.7376E-04
  step size:     0.24223
  trust radius:  0.30000
---------------- geometry iteration   8 complete ----------------
geopt (optimize geometry) done.
onee (1-electron integrals) done.
probe (project orbitals) done.
grid (grid generation) done.
rwr (Q operators) done.
  
       i  u  d  i  g
       t  p  i  c  r                                 RMS    maximum
       e  d  i  u  i                       energy  density   DIIS  
       r  t  s  t  d       total energy    change  change    error 
  
etot    1  N  N  2  U   -1429.19410783544           3.7E-04  8.6E-03
etot    2  Y  Y  6  M   -1429.22471614459  3.1E-02  4.0E-05  5.2E-04
etot    3  N  Y  2  U   -1429.22463718265 -7.9E-05  2.9E-05  6.2E-04
etot    4  N  Y  2  U   -1429.22472777069  9.1E-05  1.2E-05  4.6E-04
etot    5  N  Y  2  U   -1429.22475268168  2.5E-05  3.9E-06  1.5E-04
etot    6  N  N  2  U   -1429.22475565403  3.0E-06  0.0E+00  0.0E+00
scf (DFT) done.
der1a (1-e 1st deriv.) done.
rwr (1st deriv. Q) done.
der1b (2-e 1st deriv.) done.
  Geometry optimization step   9
  Total energy:     -1429.27486732097 hartrees
  energy change:          -1.0492E-05 *  (  5.0000E-05 )
  gradient maximum:        2.8549E-03 .  (  4.5000E-04 )
  gradient rms:            4.6971E-04 .  (  3.0000E-04 )
  displacement maximum:    1.1967E-01 .  (  1.8000E-03 )
  displacement rms:        2.0314E-02 .  (  1.2000E-03 )
  
  predicted energy change: -2.9424E-04
  step size:     0.30061
  trust radius:  0.30000
---------------- geometry iteration   9 complete ----------------
geopt (optimize geometry) done.
onee (1-electron integrals) done.
probe (project orbitals) done.
grid (grid generation) done.
rwr (Q operators) done.
  
       i  u  d  i  g
       t  p  i  c  r                                 RMS    maximum
       e  d  i  u  i                       energy  density   DIIS  
       r  t  s  t  d       total energy    change  change    error 
  
etot    1  N  N  2  U   -1429.18305841164           4.5E-04  1.2E-02
etot    2  Y  Y  6  M   -1429.22484872519  4.2E-02  5.7E-05  7.3E-04
etot    3  N  Y  2  U   -1429.22470931503 -1.4E-04  3.9E-05  6.0E-04
etot    4  N  Y  2  U   -1429.22489910842  1.9E-04  1.4E-05  3.9E-04
etot    5  N  Y  2  U   -1429.22492907914  3.0E-05  5.0E-06  2.0E-04
etot    6  N  N  2  U   -1429.22493414628  5.1E-06  0.0E+00  0.0E+00
scf (DFT) done.
der1a (1-e 1st deriv.) done.
rwr (1st deriv. Q) done.
der1b (2-e 1st deriv.) done.
  Geometry optimization step  10
  Total energy:     -1429.27477056187 hartrees
  energy change:           9.6759E-05 .  (  5.0000E-05 )
  gradient maximum:        5.5974E-03 .  (  4.5000E-04 )
  gradient rms:            7.5520E-04 .  (  3.0000E-04 )
  displacement maximum:    3.4726E-02 .  (  1.8000E-03 )
  displacement rms:        5.9446E-03 .  (  1.2000E-03 )
  
  predicted energy change: -1.4997E-04
  step size:     0.08797
  trust radius:  0.30000
---------------- geometry iteration  10 complete ----------------
geopt (optimize geometry) done.
onee (1-electron integrals) done.
probe (project orbitals) done.
grid (grid generation) done.
rwr (Q operators) done.
  
       i  u  d  i  g
       t  p  i  c  r                                 RMS    maximum
       e  d  i  u  i                       energy  density   DIIS  
       r  t  s  t  d       total energy    change  change    error 
  
etot    1  N  N  2  U   -1429.22184818123           1.3E-04  3.5E-03
etot    2  Y  Y  6  M   -1429.22524559965  3.4E-03  2.7E-05  3.6E-04
etot    3  N  Y  2  U   -1429.22518147301 -6.4E-05  2.1E-05  4.9E-04
etot    4  N  Y  2  U   -1429.22524378376  6.2E-05  5.7E-06  2.2E-04
etot    5  N  Y  2  U   -1429.22524835870  4.6E-06  1.7E-06  4.2E-05
etot    6  N  N  2  U   -1429.22524900199  6.4E-07  0.0E+00  0.0E+00
scf (DFT) done.
der1a (1-e 1st deriv.) done.
rwr (1st deriv. Q) done.
der1b (2-e 1st deriv.) done.
  Geometry optimization step  11
  Total energy:     -1429.27501671184 hartrees
  energy change:          -2.4615E-04 .  (  5.0000E-05 )
  gradient maximum:        5.0268E-03 .  (  4.5000E-04 )
  gradient rms:            5.1081E-04 .  (  3.0000E-04 )
  displacement maximum:    5.0970E-02 .  (  1.8000E-03 )
  displacement rms:        9.8538E-03 .  (  1.2000E-03 )
  
  predicted energy change: -1.2771E-04
  step size:     0.14582
  trust radius:  0.30000
---------------- geometry iteration  11 complete ----------------
geopt (optimize geometry) done.
onee (1-electron integrals) done.
probe (project orbitals) done.
grid (grid generation) done.
rwr (Q operators) done.
  
       i  u  d  i  g
       t  p  i  c  r                                 RMS    maximum
       e  d  i  u  i                       energy  density   DIIS  
       r  t  s  t  d       total energy    change  change    error 
  
etot    1  N  N  2  U   -1429.21502689348           2.3E-04  6.8E-03
etot    2  Y  Y  6  M   -1429.22532957722  1.0E-02  3.8E-05  5.6E-04
etot    3  N  Y  2  U   -1429.22523947210 -9.0E-05  2.8E-05  7.0E-04
etot    4  N  Y  2  U   -1429.22533435395  9.5E-05  8.6E-06  4.1E-04
etot    5  N  Y  2  U   -1429.22535156266  1.7E-05  2.4E-06  9.7E-05
etot    6  N  N  2  U   -1429.22535263882  1.1E-06  0.0E+00  0.0E+00
scf (DFT) done.
der1a (1-e 1st deriv.) done.
rwr (1st deriv. Q) done.
der1b (2-e 1st deriv.) done.
  Geometry optimization step  12
  Total energy:     -1429.27507196047 hartrees
  energy change:          -5.5249E-05 .  (  5.0000E-05 )
  gradient maximum:        3.2637E-03 .  (  4.5000E-04 )
  gradient rms:            3.4814E-04 .  (  3.0000E-04 )
  displacement maximum:    6.3254E-02 .  (  1.8000E-03 )
  displacement rms:        1.1507E-02 .  (  1.2000E-03 )
  
  predicted energy change: -8.5896E-05
  step size:     0.17029
  trust radius:  0.30000
---------------- geometry iteration  12 complete ----------------
geopt (optimize geometry) done.
onee (1-electron integrals) done.
probe (project orbitals) done.
grid (grid generation) done.
rwr (Q operators) done.
  
       i  u  d  i  g
       t  p  i  c  r                                 RMS    maximum
       e  d  i  u  i                       energy  density   DIIS  
       r  t  s  t  d       total energy    change  change    error 
  
etot    1  N  N  2  U   -1429.21109355382           2.7E-04  9.0E-03
etot    2  Y  Y  6  M   -1429.22538086142  1.4E-02  4.0E-05  6.9E-04
etot    3  N  Y  2  U   -1429.22528247800 -9.8E-05  2.8E-05  4.7E-04
etot    4  N  Y  2  U   -1429.22536304660  8.1E-05  9.4E-06  3.5E-04
etot    5  N  Y  2  U   -1429.22538309621  2.0E-05  2.6E-06  8.7E-05
etot    6  N  N  2  U   -1429.22538440543  1.3E-06  0.0E+00  0.0E+00
scf (DFT) done.
der1a (1-e 1st deriv.) done.
rwr (1st deriv. Q) done.
der1b (2-e 1st deriv.) done.
  Geometry optimization step  13
  Total energy:     -1429.27503242231 hartrees
  energy change:           3.9538E-05 *  (  5.0000E-05 )
  gradient maximum:        2.4641E-03 .  (  4.5000E-04 )
  gradient rms:            3.3691E-04 .  (  3.0000E-04 )
  displacement maximum:    3.3149E-02 .  (  1.8000E-03 )
  displacement rms:        5.4858E-03 .  (  1.2000E-03 )
  
  predicted energy change: -6.0175E-05
  step size:     0.08118
  trust radius:  0.30000
---------------- geometry iteration  13 complete ----------------
geopt (optimize geometry) done.
onee (1-electron integrals) done.
probe (project orbitals) done.
grid (grid generation) done.
rwr (Q operators) done.
  
       i  u  d  i  g
       t  p  i  c  r                                 RMS    maximum
       e  d  i  u  i                       energy  density   DIIS  
       r  t  s  t  d       total energy    change  change    error 
  
etot    1  N  N  2  U   -1429.22025292969           1.5E-04  5.6E-03
etot    2  Y  Y  6  M   -1429.22547032620  5.2E-03  1.5E-05  3.4E-04
etot    3  N  Y  2  U   -1429.22543089523 -3.9E-05  1.2E-05  2.9E-04
etot    4  N  Y  2  U   -1429.22544335967  1.2E-05  5.0E-06  2.1E-04
etot    5  N  Y  2  U   -1429.22545048014  7.1E-06  1.3E-06  3.8E-05
etot    6  N  N  2  U   -1429.22545063380  1.5E-07  0.0E+00  0.0E+00
scf (DFT) done.
der1a (1-e 1st deriv.) done.
rwr (1st deriv. Q) done.
der1b (2-e 1st deriv.) done.
  Geometry optimization step  14
  Total energy:     -1429.27515776633 hartrees
  energy change:          -1.2534E-04 .  (  5.0000E-05 )
  gradient maximum:        2.4811E-03 .  (  4.5000E-04 )
  gradient rms:            3.1818E-04 .  (  3.0000E-04 )
  displacement maximum:    1.4539E-02 .  (  1.8000E-03 )
  displacement rms:        2.3446E-03 .  (  1.2000E-03 )
  
  predicted energy change: -2.1378E-05
  step size:     0.03470
  trust radius:  0.30000
---------------- geometry iteration  14 complete ----------------
geopt (optimize geometry) done.
onee (1-electron integrals) done.
probe (project orbitals) done.
grid (grid generation) done.
rwr (Q operators) done.
  
       i  u  d  i  g
       t  p  i  c  r                                 RMS    maximum
       e  d  i  u  i                       energy  density   DIIS  
       r  t  s  t  d       total energy    change  change    error 
  
etot    1  N  N  2  U   -1429.22490538035           4.6E-05  9.5E-04
etot    2  N  Y  2  U   -1429.22540101548  5.0E-04  7.3E-06  6.6E-05
etot    3  N  Y  2  U   -1429.22539572621 -5.3E-06  5.9E-06  1.8E-04
etot    4  N  Y  2  U   -1429.22540246581  6.7E-06  1.7E-06  6.6E-05
etot    5  N  N  2  U   -1429.22540294505  4.8E-07  0.0E+00  0.0E+00
scf (DFT) done.
der1a (1-e 1st deriv.) done.
rwr (1st deriv. Q) done.
der1b (2-e 1st deriv.) done.
  Geometry optimization step  15
  Total energy:     -1429.27510553188 hartrees
  energy change:           5.2234E-05 .  (  5.0000E-05 )
  gradient maximum:        1.3673E-03 .  (  4.5000E-04 )
  gradient rms:            1.5763E-04 *  (  3.0000E-04 )
  displacement maximum:    2.3698E-02 .  (  1.8000E-03 )
  displacement rms:        3.2951E-03 .  (  1.2000E-03 )
  
  predicted energy change: -1.4914E-05
  step size:     0.04876
  trust radius:  0.30000
---------------- geometry iteration  15 complete ----------------
geopt (optimize geometry) done.
onee (1-electron integrals) done.
probe (project orbitals) done.
grid (grid generation) done.
rwr (Q operators) done.
  
       i  u  d  i  g
       t  p  i  c  r                                 RMS    maximum
       e  d  i  u  i                       energy  density   DIIS  
       r  t  s  t  d       total energy    change  change    error 
  
etot    1  N  N  2  U   -1429.22437674361           6.4E-05  1.7E-03
etot    2  Y  Y  6  M   -1429.22532608671  9.5E-04  7.7E-06  1.0E-04
etot    3  N  Y  2  U   -1429.22531855389 -7.5E-06  6.0E-06  1.9E-04
etot    4  N  Y  2  U   -1429.22532374547  5.2E-06  2.2E-06  1.0E-04
etot    5  N  N  2  U   -1429.22532456748  8.2E-07  0.0E+00  0.0E+00
scf (DFT) done.
der1a (1-e 1st deriv.) done.
rwr (1st deriv. Q) done.
der1b (2-e 1st deriv.) done.
  Geometry optimization step  16
  Total energy:     -1429.27504916799 hartrees
  energy change:           5.6364E-05 .  (  5.0000E-05 )
  gradient maximum:        9.4653E-04 .  (  4.5000E-04 )
  gradient rms:            1.0344E-04 *  (  3.0000E-04 )
  displacement maximum:    2.7922E-03 .  (  1.8000E-03 )
  displacement rms:        6.8486E-04 *  (  1.2000E-03 )
  
  predicted energy change: -3.1563E-06
  step size:     0.01014
  trust radius:  0.30000
---------------- geometry iteration  16 complete ----------------
geopt (optimize geometry) done.
onee (1-electron integrals) done.
probe (project orbitals) done.
grid (grid generation) done.
rwr (Q operators) done.
  
       i  u  d  i  g
       t  p  i  c  r                                 RMS    maximum
       e  d  i  u  i                       energy  density   DIIS  
       r  t  s  t  d       total energy    change  change    error 
  
etot    1  N  N  2  U   -1429.22534409885           1.2E-05  2.4E-04
etot    2  N  Y  2  U   -1429.22536566208  2.2E-05  6.3E-06  7.9E-05
etot    3  N  Y  2  U   -1429.22536115272 -4.5E-06  4.5E-06  2.0E-04
etot    4  N  N  2  U   -1429.22536674879  5.6E-06  0.0E+00  0.0E+00
scf (DFT) done.
der1a (1-e 1st deriv.) done.
rwr (1st deriv. Q) done.
der1b (2-e 1st deriv.) done.
  Geometry optimization step  17
  Total energy:     -1429.27508957895 hartrees
  energy change:          -4.0411E-05 *  (  5.0000E-05 )
  gradient maximum:        2.7428E-04 *  (  4.5000E-04 )
  gradient rms:            5.4388E-05 #  (  3.0000E-04 )
  displacement maximum:    9.3294E-03 .  (  1.8000E-03 )
  displacement rms:        1.0707E-03 *  (  1.2000E-03 )
  
  predicted energy change: -2.2219E-06
  step size:     0.01584
  trust radius:  0.30000
------------- final geometry iteration  17 complete -------------
geopt (optimize geometry) done.
cutabab2 (abab integrals) done.
der2a (1-e JK-1st deriv.) done.
der2b (2-e JK-1st deriv.) done.
der2nda (1-e 2nd deriv.) done.
der2ndb (2-e 2nd deriv.) done.
rwr (Q operators) done.
cphfa (gradient of wave function) done.
freq (vib. frequencies) done.
Job J1_10295_2111 completed on hpc-90-24.cm.cluster at Wed May 29 08:24:26 2024
Timer (jaguar_backend.py) : 3007.16 secs (0 hrs, 50 mins, 07 secs)
Finished:   Wed May 29 08:24:26 2024
