Command:  /groups/wag/programs/Schrodinger_2020_3/jaguar run -WAIT -PARALLEL 8 /central/home/labounad/wittig-ch121/out/J1_10322_2111/J1_10322_2111.in
Release:  2020-3
Exec:     /groups/wag/programs/Schrodinger_2020_3/jaguar-v10.9/bin/Linux-x86_64
Host:     hpc-90-25.cm.cluster
JobId:    hpc-90-25-0-6656e3cd
JobDir:   /central/scratch/labounad/J1_10322_2111#hpc-90-25-0-6656e3cd
Date:     Wed May 29 01:14:07 2024

Contents of /central/scratch/labounad/J1_10322_2111#hpc-90-25-0-6656e3cd:
/central/scratch/labounad/J1_10322_2111#hpc-90-25-0-6656e3cd/hpc-90-25-0-6656e3cd.mpinodes
/central/scratch/labounad/J1_10322_2111#hpc-90-25-0-6656e3cd/.write_dir.json
/central/scratch/labounad/J1_10322_2111#hpc-90-25-0-6656e3cd/hpc-90-25-0-6656e3cd
/central/scratch/labounad/J1_10322_2111#hpc-90-25-0-6656e3cd/hpc-90-25-0-6656e3cd.recover
/central/scratch/labounad/J1_10322_2111#hpc-90-25-0-6656e3cd/hpc-90-25-0-6656e3cd.nodes
/central/scratch/labounad/J1_10322_2111#hpc-90-25-0-6656e3cd/J1_10322_2111.log
/central/scratch/labounad/J1_10322_2111#hpc-90-25-0-6656e3cd/J1_10322_2111.in
/central/scratch/labounad/J1_10322_2111#hpc-90-25-0-6656e3cd/J1_10322_2111.recover

Executing subprocess:
/groups/wag/programs/Schrodinger_2020_3/jaguar-v10.9/bin/Linux-x86_64/jexec J1_10322_2111.in -T 8 -out /central/scratch/labounad/J1_10322_2111#hpc-90-25-0-6656e3cd -cwd

Job J1_10322_2111 started on hpc-90-25.cm.cluster at Wed May 29 01:14:07 2024
jobid: hpc-90-25-0-6656e3cd 
Jaguar version 10.9, release 139
 Using up to   8 threads per process
Molecular Point Group: C1      
Point Group used: C1
pre (input checking) done.
onee (1-electron integrals) done.
hfig (HF initial guess) done.
probe (project orbitals) done.
grid (grid generation) done.
rwr (Q operators) done.
scf type: DFT=PBE(X+LC)+PW91 (PBE-D3)
  
       i  u  d  i  g
       t  p  i  c  r                                 RMS    maximum
       e  d  i  u  i                       energy  density   DIIS  
       r  t  s  t  d       total energy    change  change    error 
  
etot    1  N  N  5  M   -1759.45793680410           6.4E-03  8.5E-02
etot    2  Y  Y  6  M   -1754.26189719006 -5.2E+00  8.0E-03  1.1E-01
etot    3  Y  Y  6  M   -1752.47580766001 -1.8E+00  6.9E-03  1.3E-01
etot    4  N  Y  2  U   -1758.60387641320  6.1E+00  5.4E-03  7.9E-02
etot    5  Y  Y  6  M   -1752.76308982602 -5.8E+00  4.2E-03  1.2E-01
etot    6  N  Y  2  U   -1763.63297201284  1.1E+01  1.5E-03  2.1E-02
etot    7  Y  Y  6  M   -1763.70220483979  6.9E-02  7.3E-04  2.5E-02
etot    8  N  Y  2  U   -1763.81194209230  1.1E-01  3.4E-04  1.3E-02
etot    9  Y  Y  6  M   -1763.83815153546  2.6E-02  1.5E-04  5.0E-03
etot   10  N  Y  2  U   -1763.84134449148  3.2E-03  8.9E-05  3.0E-03
etot   11  Y  Y  6  M   -1763.84283039108  1.5E-03  4.6E-05  1.7E-03
etot   12  N  Y  2  U   -1763.84311154150  2.8E-04  2.8E-05  1.0E-03
etot   13  N  Y  2  U   -1763.84329694143  1.9E-04  1.4E-05  5.0E-04
etot   14  N  Y  2  U   -1763.84332049110  2.4E-05  9.2E-06  2.3E-04
etot   15  N  Y  2  U   -1763.84334008366  2.0E-05  7.6E-06  1.4E-04
etot   16  N  Y  2  U   -1763.84334231083  2.2E-06  2.9E-06  8.1E-05
etot   17  N  N  2  U   -1763.84334482011  2.5E-06  0.0E+00  0.0E+00
scf (DFT) done.
der1a (1-e 1st deriv.) done.
rwr (1st deriv. Q) done.
der1b (2-e 1st deriv.) done.
  Geometry optimization step   1
  Total energy:     -1763.89706794617 hartrees
  gradient maximum:        4.3213E-02 .  (  4.5000E-04 )
  gradient rms:            8.7170E-03 .  (  3.0000E-04 )
  displacement maximum:    1.1122E-01 .  (  1.8000E-03 )
  displacement rms:        1.9615E-02 .  (  1.2000E-03 )
  
  predicted energy change: -2.6219E-02
  step size:     0.30005
  trust radius:  0.30000
---------------- geometry iteration   1 complete ----------------
geopt (optimize geometry) done.
onee (1-electron integrals) done.
probe (project orbitals) done.
grid (grid generation) done.
rwr (Q operators) done.
  
       i  u  d  i  g
       t  p  i  c  r                                 RMS    maximum
       e  d  i  u  i                       energy  density   DIIS  
       r  t  s  t  d       total energy    change  change    error 
  
etot    1  N  N  2  U   -1763.85161430297           7.7E-04  1.7E-02
etot    2  Y  Y  6  M   -1763.86794821898  1.6E-02  1.7E-04  2.3E-03
etot    3  N  Y  2  U   -1763.86479309520 -3.2E-03  1.3E-04  6.0E-03
etot    4  Y  Y  6  M   -1763.86900364379  4.2E-03  3.2E-05  1.9E-03
etot    5  N  Y  2  U   -1763.86934813591  3.4E-04  9.4E-06  2.9E-04
etot    6  N  Y  2  U   -1763.86936351255  1.5E-05  3.9E-06  1.6E-04
etot    7  N  N  2  U   -1763.86936678273  3.3E-06  0.0E+00  0.0E+00
scf (DFT) done.
der1a (1-e 1st deriv.) done.
rwr (1st deriv. Q) done.
der1b (2-e 1st deriv.) done.
  Geometry optimization step   2
  Total energy:     -1763.92175614354 hartrees
  energy change:          -2.4688E-02 .  (  5.0000E-05 )
  gradient maximum:        1.5437E-02 .  (  4.5000E-04 )
  gradient rms:            2.7629E-03 .  (  3.0000E-04 )
  displacement maximum:    1.2429E-01 .  (  1.8000E-03 )
  displacement rms:        1.9613E-02 .  (  1.2000E-03 )
  
  predicted energy change: -4.9279E-03
  step size:     0.30002
  trust radius:  0.30000
---------------- geometry iteration   2 complete ----------------
geopt (optimize geometry) done.
onee (1-electron integrals) done.
probe (project orbitals) done.
grid (grid generation) done.
rwr (Q operators) done.
  
       i  u  d  i  g
       t  p  i  c  r                                 RMS    maximum
       e  d  i  u  i                       energy  density   DIIS  
       r  t  s  t  d       total energy    change  change    error 
  
etot    1  N  N  2  U   -1763.83577379511           4.2E-04  1.1E-02
etot    2  Y  Y  6  M   -1763.87367495425  3.8E-02  1.1E-04  2.1E-03
etot    3  N  Y  2  U   -1763.87096803621 -2.7E-03  8.7E-05  6.6E-03
etot    4  Y  Y  6  M   -1763.87390600158  2.9E-03  1.8E-05  1.1E-03
etot    5  N  Y  2  U   -1763.87398536690  7.9E-05  7.0E-06  2.0E-04
etot    6  N  Y  2  U   -1763.87399552687  1.0E-05  2.5E-06  9.1E-05
etot    7  N  N  2  U   -1763.87399667158  1.1E-06  0.0E+00  0.0E+00
scf (DFT) done.
der1a (1-e 1st deriv.) done.
rwr (1st deriv. Q) done.
der1b (2-e 1st deriv.) done.
  Geometry optimization step   3
  Total energy:     -1763.92676040882 hartrees
  energy change:          -5.0043E-03 .  (  5.0000E-05 )
  gradient maximum:        5.1558E-03 .  (  4.5000E-04 )
  gradient rms:            1.0669E-03 .  (  3.0000E-04 )
  displacement maximum:    1.1579E-01 .  (  1.8000E-03 )
  displacement rms:        1.9605E-02 .  (  1.2000E-03 )
  
  predicted energy change: -2.3801E-03
  step size:     0.29990
  trust radius:  0.30000
---------------- geometry iteration   3 complete ----------------
geopt (optimize geometry) done.
onee (1-electron integrals) done.
probe (project orbitals) done.
grid (grid generation) done.
rwr (Q operators) done.
  
       i  u  d  i  g
       t  p  i  c  r                                 RMS    maximum
       e  d  i  u  i                       energy  density   DIIS  
       r  t  s  t  d       total energy    change  change    error 
  
etot    1  N  N  2  U   -1763.80537545770           5.1E-04  1.7E-02
etot    2  Y  Y  6  M   -1763.87637787161  7.1E-02  8.4E-05  9.8E-04
etot    3  N  Y  2  U   -1763.87520627298 -1.2E-03  6.6E-05  3.2E-03
etot    4  Y  Y  6  M   -1763.87626613424  1.1E-03  2.0E-05  1.0E-03
etot    5  N  Y  2  U   -1763.87638932204  1.2E-04  6.3E-06  2.2E-04
etot    6  N  Y  2  U   -1763.87639905680  9.7E-06  2.8E-06  5.4E-05
etot    7  N  N  2  U   -1763.87639949934  4.4E-07  0.0E+00  0.0E+00
scf (DFT) done.
der1a (1-e 1st deriv.) done.
rwr (1st deriv. Q) done.
der1b (2-e 1st deriv.) done.
  Geometry optimization step   4
  Total energy:     -1763.92782344891 hartrees
  energy change:          -1.0630E-03 .  (  5.0000E-05 )
  gradient maximum:        7.2416E-03 .  (  4.5000E-04 )
  gradient rms:            1.1995E-03 .  (  3.0000E-04 )
  displacement maximum:    1.4958E-01 .  (  1.8000E-03 )
  displacement rms:        1.9612E-02 .  (  1.2000E-03 )
  
  predicted energy change: -1.7399E-03
  step size:     0.30001
  trust radius:  0.30000
---------------- geometry iteration   4 complete ----------------
geopt (optimize geometry) done.
onee (1-electron integrals) done.
probe (project orbitals) done.
grid (grid generation) done.
rwr (Q operators) done.
  
       i  u  d  i  g
       t  p  i  c  r                                 RMS    maximum
       e  d  i  u  i                       energy  density   DIIS  
       r  t  s  t  d       total energy    change  change    error 
  
etot    1  N  N  2  U   -1763.82029492071           4.6E-04  2.4E-02
etot    2  Y  Y  6  M   -1763.87633456280  5.6E-02  7.5E-05  1.5E-03
etot    3  N  Y  2  U   -1763.87550057407 -8.3E-04  5.8E-05  1.7E-03
etot    4  Y  Y  6  M   -1763.87621550645  7.1E-04  1.8E-05  7.8E-04
etot    5  N  Y  2  U   -1763.87631579795  1.0E-04  6.5E-06  3.0E-04
etot    6  N  Y  2  U   -1763.87632864455  1.3E-05  2.4E-06  5.7E-05
etot    7  N  N  2  U   -1763.87632921959  5.8E-07  0.0E+00  0.0E+00
scf (DFT) done.
der1a (1-e 1st deriv.) done.
rwr (1st deriv. Q) done.
der1b (2-e 1st deriv.) done.
  Geometry optimization step   5
  Total energy:     -1763.92866666090 hartrees
  energy change:          -8.4321E-04 .  (  5.0000E-05 )
  gradient maximum:        3.2983E-03 .  (  4.5000E-04 )
  gradient rms:            7.0149E-04 .  (  3.0000E-04 )
  displacement maximum:    1.2172E-01 .  (  1.8000E-03 )
  displacement rms:        1.7127E-02 .  (  1.2000E-03 )
  
  predicted energy change: -5.1190E-04
  step size:     0.26199
  trust radius:  0.30000
---------------- geometry iteration   5 complete ----------------
geopt (optimize geometry) done.
onee (1-electron integrals) done.
probe (project orbitals) done.
grid (grid generation) done.
rwr (Q operators) done.
  
       i  u  d  i  g
       t  p  i  c  r                                 RMS    maximum
       e  d  i  u  i                       energy  density   DIIS  
       r  t  s  t  d       total energy    change  change    error 
  
etot    1  N  N  2  U   -1763.84323296513           3.6E-04  1.3E-02
etot    2  Y  Y  6  M   -1763.87700459357  3.4E-02  6.3E-05  1.2E-03
etot    3  N  Y  2  U   -1763.87631256546 -6.9E-04  4.9E-05  2.4E-03
etot    4  N  Y  2  U   -1763.87700422914  6.9E-04  1.4E-05  8.0E-04
etot    5  N  Y  2  U   -1763.87705941423  5.5E-05  5.0E-06  2.0E-04
etot    6  N  Y  2  U   -1763.87706680983  7.4E-06  1.9E-06  4.1E-05
etot    7  N  N  2  U   -1763.87706712312  3.1E-07  0.0E+00  0.0E+00
scf (DFT) done.
der1a (1-e 1st deriv.) done.
rwr (1st deriv. Q) done.
der1b (2-e 1st deriv.) done.
  Geometry optimization step   6
  Total energy:     -1763.92911497612 hartrees
  energy change:          -4.4832E-04 .  (  5.0000E-05 )
  gradient maximum:        2.3135E-03 .  (  4.5000E-04 )
  gradient rms:            4.2421E-04 .  (  3.0000E-04 )
  displacement maximum:    6.1859E-02 .  (  1.8000E-03 )
  displacement rms:        1.0086E-02 .  (  1.2000E-03 )
  
  predicted energy change: -2.0871E-04
  step size:     0.15428
  trust radius:  0.30000
---------------- geometry iteration   6 complete ----------------
geopt (optimize geometry) done.
onee (1-electron integrals) done.
probe (project orbitals) done.
grid (grid generation) done.
rwr (Q operators) done.
  
       i  u  d  i  g
       t  p  i  c  r                                 RMS    maximum
       e  d  i  u  i                       energy  density   DIIS  
       r  t  s  t  d       total energy    change  change    error 
  
etot    1  N  N  2  U   -1763.86410226285           2.3E-04  7.1E-03
etot    2  Y  Y  6  M   -1763.87702498459  1.3E-02  4.3E-05  7.8E-04
etot    3  N  Y  2  U   -1763.87682125444 -2.0E-04  3.5E-05  8.9E-04
etot    4  N  Y  2  U   -1763.87704966734  2.3E-04  1.2E-05  4.3E-04
etot    5  N  Y  2  U   -1763.87709014020  4.0E-05  3.6E-06  1.2E-04
etot    6  N  N  2  U   -1763.87709310764  3.0E-06  0.0E+00  0.0E+00
scf (DFT) done.
der1a (1-e 1st deriv.) done.
rwr (1st deriv. Q) done.
der1b (2-e 1st deriv.) done.
  Geometry optimization step   7
  Total energy:     -1763.92922775389 hartrees
  energy change:          -1.1278E-04 .  (  5.0000E-05 )
  gradient maximum:        1.5643E-03 .  (  4.5000E-04 )
  gradient rms:            3.7559E-04 .  (  3.0000E-04 )
  displacement maximum:    9.8033E-02 .  (  1.8000E-03 )
  displacement rms:        1.4852E-02 .  (  1.2000E-03 )
  
  predicted energy change: -2.1112E-04
  step size:     0.22719
  trust radius:  0.30000
---------------- geometry iteration   7 complete ----------------
geopt (optimize geometry) done.
onee (1-electron integrals) done.
probe (project orbitals) done.
grid (grid generation) done.
rwr (Q operators) done.
  
       i  u  d  i  g
       t  p  i  c  r                                 RMS    maximum
       e  d  i  u  i                       energy  density   DIIS  
       r  t  s  t  d       total energy    change  change    error 
  
etot    1  N  N  2  U   -1763.84759534927           3.4E-04  8.3E-03
etot    2  Y  Y  6  M   -1763.87679910087  2.9E-02  5.6E-05  1.3E-03
etot    3  N  Y  2  U   -1763.87639551799 -4.0E-04  4.5E-05  1.2E-03
etot    4  N  Y  2  U   -1763.87683034680  4.3E-04  1.5E-05  5.8E-04
etot    5  N  Y  2  U   -1763.87690231333  7.2E-05  4.5E-06  2.2E-04
etot    6  N  N  2  U   -1763.87690782282  5.5E-06  0.0E+00  0.0E+00
scf (DFT) done.
der1a (1-e 1st deriv.) done.
rwr (1st deriv. Q) done.
der1b (2-e 1st deriv.) done.
  Geometry optimization step   8
  Total energy:     -1763.92912472891 hartrees
  energy change:           1.0302E-04 .  (  5.0000E-05 )
  gradient maximum:        2.4676E-03 .  (  4.5000E-04 )
  gradient rms:            5.0015E-04 .  (  3.0000E-04 )
  displacement maximum:    2.6391E-02 .  (  1.8000E-03 )
  displacement rms:        4.0155E-03 .  (  1.2000E-03 )
  
  predicted energy change: -8.6355E-05
  step size:     0.06143
  trust radius:  0.30000
---------------- geometry iteration   8 complete ----------------
geopt (optimize geometry) done.
onee (1-electron integrals) done.
probe (project orbitals) done.
grid (grid generation) done.
rwr (Q operators) done.
  
       i  u  d  i  g
       t  p  i  c  r                                 RMS    maximum
       e  d  i  u  i                       energy  density   DIIS  
       r  t  s  t  d       total energy    change  change    error 
  
etot    1  N  N  2  U   -1763.87476568442           9.6E-05  2.2E-03
etot    2  Y  Y  6  M   -1763.87698759683  2.2E-03  1.9E-05  4.0E-04
etot    3  N  Y  2  U   -1763.87695304202 -3.5E-05  1.5E-05  7.1E-04
etot    4  N  Y  2  U   -1763.87700973603  5.7E-05  4.1E-06  2.3E-04
etot    5  N  N  2  U   -1763.87701492118  5.2E-06  0.0E+00  0.0E+00
scf (DFT) done.
der1a (1-e 1st deriv.) done.
rwr (1st deriv. Q) done.
der1b (2-e 1st deriv.) done.
  Geometry optimization step   9
  Total energy:     -1763.92922386867 hartrees
  energy change:          -9.9140E-05 .  (  5.0000E-05 )
  gradient maximum:        1.4148E-03 .  (  4.5000E-04 )
  gradient rms:            2.9084E-04 *  (  3.0000E-04 )
  displacement maximum:    2.3547E-02 .  (  1.8000E-03 )
  displacement rms:        3.3518E-03 .  (  1.2000E-03 )
  
  predicted energy change: -5.3257E-05
  step size:     0.05127
  trust radius:  0.30000
---------------- geometry iteration   9 complete ----------------
geopt (optimize geometry) done.
onee (1-electron integrals) done.
probe (project orbitals) done.
grid (grid generation) done.
rwr (Q operators) done.
  
       i  u  d  i  g
       t  p  i  c  r                                 RMS    maximum
       e  d  i  u  i                       energy  density   DIIS  
       r  t  s  t  d       total energy    change  change    error 
  
etot    1  N  N  2  U   -1763.87600757807           7.2E-05  1.4E-03
etot    2  Y  Y  6  M   -1763.87706858905  1.1E-03  2.1E-05  4.0E-04
etot    3  N  Y  2  U   -1763.87700553460 -6.3E-05  1.7E-05  8.4E-04
etot    4  N  Y  2  U   -1763.87709064540  8.5E-05  3.3E-06  1.9E-04
etot    5  N  N  2  U   -1763.87709332486  2.7E-06  0.0E+00  0.0E+00
scf (DFT) done.
der1a (1-e 1st deriv.) done.
rwr (1st deriv. Q) done.
der1b (2-e 1st deriv.) done.
  Geometry optimization step  10
  Total energy:     -1763.92924625490 hartrees
  energy change:          -2.2386E-05 *  (  5.0000E-05 )
  gradient maximum:        1.6658E-03 .  (  4.5000E-04 )
  gradient rms:            2.6134E-04 *  (  3.0000E-04 )
  displacement maximum:    1.7631E-02 .  (  1.8000E-03 )
  displacement rms:        2.3132E-03 .  (  1.2000E-03 )
  
  predicted energy change: -2.4921E-05
  step size:     0.03538
  trust radius:  0.30000
---------------- geometry iteration  10 complete ----------------
geopt (optimize geometry) done.
onee (1-electron integrals) done.
probe (project orbitals) done.
grid (grid generation) done.
rwr (Q operators) done.
  
       i  u  d  i  g
       t  p  i  c  r                                 RMS    maximum
       e  d  i  u  i                       energy  density   DIIS  
       r  t  s  t  d       total energy    change  change    error 
  
etot    1  N  N  2  U   -1763.87638460682           5.3E-05  1.8E-03
etot    2  Y  Y  6  M   -1763.87707239880  6.9E-04  1.5E-05  2.0E-04
etot    3  N  Y  2  U   -1763.87703112100 -4.1E-05  1.2E-05  6.0E-04
etot    4  N  Y  2  U   -1763.87708631268  5.5E-05  2.4E-06  1.1E-04
etot    5  N  N  2  U   -1763.87708731256  1.0E-06  0.0E+00  0.0E+00
scf (DFT) done.
der1a (1-e 1st deriv.) done.
rwr (1st deriv. Q) done.
der1b (2-e 1st deriv.) done.
  Geometry optimization step  11
  Total energy:     -1763.92932050599 hartrees
  energy change:          -7.4251E-05 .  (  5.0000E-05 )
  gradient maximum:        6.6655E-04 .  (  4.5000E-04 )
  gradient rms:            1.3402E-04 *  (  3.0000E-04 )
  displacement maximum:    1.4586E-02 .  (  1.8000E-03 )
  displacement rms:        2.3764E-03 .  (  1.2000E-03 )
  
  predicted energy change: -1.1861E-05
  step size:     0.03635
  trust radius:  0.30000
---------------- geometry iteration  11 complete ----------------
geopt (optimize geometry) done.
onee (1-electron integrals) done.
probe (project orbitals) done.
grid (grid generation) done.
rwr (Q operators) done.
  
       i  u  d  i  g
       t  p  i  c  r                                 RMS    maximum
       e  d  i  u  i                       energy  density   DIIS  
       r  t  s  t  d       total energy    change  change    error 
  
etot    1  N  N  2  U   -1763.87630587343           5.4E-05  1.7E-03
etot    2  Y  Y  6  M   -1763.87708174132  7.8E-04  1.2E-05  1.9E-04
etot    3  N  Y  2  U   -1763.87705168276 -3.0E-05  9.6E-06  5.2E-04
etot    4  N  Y  2  U   -1763.87708382248  3.2E-05  2.3E-06  6.6E-05
etot    5  N  N  2  U   -1763.87708456965  7.5E-07  0.0E+00  0.0E+00
scf (DFT) done.
der1a (1-e 1st deriv.) done.
rwr (1st deriv. Q) done.
der1b (2-e 1st deriv.) done.
  Geometry optimization step  12
  Total energy:     -1763.92928564979 hartrees
  energy change:           3.4856E-05 *  (  5.0000E-05 )
  gradient maximum:        8.6362E-04 .  (  4.5000E-04 )
  gradient rms:            1.0068E-04 *  (  3.0000E-04 )
  displacement maximum:    9.4013E-03 .  (  1.8000E-03 )
  displacement rms:        1.2786E-03 .  (  1.2000E-03 )
  
  predicted energy change: -4.9174E-06
  step size:     0.01956
  trust radius:  0.30000
---------------- geometry iteration  12 complete ----------------
geopt (optimize geometry) done.
onee (1-electron integrals) done.
probe (project orbitals) done.
grid (grid generation) done.
rwr (Q operators) done.
  
       i  u  d  i  g
       t  p  i  c  r                                 RMS    maximum
       e  d  i  u  i                       energy  density   DIIS  
       r  t  s  t  d       total energy    change  change    error 
  
etot    1  N  N  2  U   -1763.87684649329           3.5E-05  1.0E-03
etot    2  N  Y  2  U   -1763.87709422268  2.5E-04  1.1E-05  1.5E-04
etot    3  N  Y  2  U   -1763.87706890779 -2.5E-05  8.8E-06  4.6E-04
etot    4  N  Y  2  U   -1763.87709789072  2.9E-05  1.4E-06  3.6E-05
etot    5  N  N  2  U   -1763.87709812711  2.4E-07  0.0E+00  0.0E+00
scf (DFT) done.
der1a (1-e 1st deriv.) done.
rwr (1st deriv. Q) done.
der1b (2-e 1st deriv.) done.
  Geometry optimization step  13
  Total energy:     -1763.92927909278 hartrees
  energy change:           6.5570E-06 *  (  5.0000E-05 )
  gradient maximum:        5.2452E-04 .  (  4.5000E-04 )
  gradient rms:            8.7366E-05 *  (  3.0000E-04 )
  displacement maximum:    1.9443E-02 .  (  1.8000E-03 )
  displacement rms:        2.5747E-03 .  (  1.2000E-03 )
  
  predicted energy change: -1.0908E-05
  step size:     0.03939
  trust radius:  0.30000
---------------- geometry iteration  13 complete ----------------
geopt (optimize geometry) done.
onee (1-electron integrals) done.
probe (project orbitals) done.
grid (grid generation) done.
rwr (Q operators) done.
  
       i  u  d  i  g
       t  p  i  c  r                                 RMS    maximum
       e  d  i  u  i                       energy  density   DIIS  
       r  t  s  t  d       total energy    change  change    error 
  
etot    1  N  N  2  U   -1763.87628209270           5.9E-05  2.1E-03
etot    2  Y  Y  6  M   -1763.87713365035  8.5E-04  7.2E-06  1.1E-04
etot    3  N  Y  2  U   -1763.87712569025 -8.0E-06  5.5E-06  1.7E-04
etot    4  N  Y  2  U   -1763.87713024865  4.6E-06  2.2E-06  1.2E-04
etot    5  N  N  2  U   -1763.87713174010  1.5E-06  0.0E+00  0.0E+00
scf (DFT) done.
der1a (1-e 1st deriv.) done.
rwr (1st deriv. Q) done.
der1b (2-e 1st deriv.) done.
  Geometry optimization step  14
  Total energy:     -1763.92925131779 hartrees
  energy change:           2.7775E-05 *  (  5.0000E-05 )
  gradient maximum:        8.7310E-04 .  (  4.5000E-04 )
  gradient rms:            1.8390E-04 *  (  3.0000E-04 )
  displacement maximum:    1.2341E-02 .  (  1.8000E-03 )
  displacement rms:        1.5944E-03 .  (  1.2000E-03 )
  
  predicted energy change: -1.0930E-05
  step size:     0.02439
  trust radius:  0.30000
---------------- geometry iteration  14 complete ----------------
geopt (optimize geometry) done.
onee (1-electron integrals) done.
probe (project orbitals) done.
grid (grid generation) done.
rwr (Q operators) done.
  
       i  u  d  i  g
       t  p  i  c  r                                 RMS    maximum
       e  d  i  u  i                       energy  density   DIIS  
       r  t  s  t  d       total energy    change  change    error 
  
etot    1  N  N  2  U   -1763.87683670766           3.6E-05  1.5E-03
etot    2  N  Y  2  U   -1763.87713220575  3.0E-04  1.0E-05  2.1E-04
etot    3  N  Y  2  U   -1763.87711167786 -2.1E-05  7.7E-06  6.6E-04
etot    4  N  Y  2  U   -1763.87713572429  2.4E-05  1.6E-06  8.7E-05
etot    5  N  N  2  U   -1763.87713628888  5.6E-07  0.0E+00  0.0E+00
scf (DFT) done.
der1a (1-e 1st deriv.) done.
rwr (1st deriv. Q) done.
der1b (2-e 1st deriv.) done.
  Geometry optimization step  15
  Total energy:     -1763.92929343011 hartrees
  energy change:          -4.2112E-05 *  (  5.0000E-05 )
  gradient maximum:        3.2644E-04 *  (  4.5000E-04 )
  gradient rms:            6.5921E-05 *  (  3.0000E-04 )
  displacement maximum:    2.6906E-03 .  (  1.8000E-03 )
  displacement rms:        5.7530E-04 *  (  1.2000E-03 )
  
  predicted energy change: -2.0491E-06
  step size:     0.00880
  trust radius:  0.30000
---------------- geometry iteration  15 complete ----------------
geopt (optimize geometry) done.
onee (1-electron integrals) done.
probe (project orbitals) done.
grid (grid generation) done.
rwr (Q operators) done.
  
       i  u  d  i  g
       t  p  i  c  r                                 RMS    maximum
       e  d  i  u  i                       energy  density   DIIS  
       r  t  s  t  d       total energy    change  change    error 
  
etot    1  N  N  2  U   -1763.87707329159           1.8E-05  3.7E-04
etot    2  N  Y  2  U   -1763.87711239407  3.9E-05  4.8E-06  6.5E-05
etot    3  N  N  2  U   -1763.87710836509 -4.0E-06  0.0E+00  0.0E+00
scf (DFT) done.
der1a (1-e 1st deriv.) done.
rwr (1st deriv. Q) done.
der1b (2-e 1st deriv.) done.
  Geometry optimization step  16
  Total energy:     -1763.92929512732 hartrees
  energy change:          -1.6972E-06 #  (  5.0000E-05 )
  gradient maximum:        3.9218E-04 *  (  4.5000E-04 )
  gradient rms:            7.8075E-05 *  (  3.0000E-04 )
  displacement maximum:    6.9838E-03 .  (  1.8000E-03 )
  displacement rms:        1.4376E-03 .  (  1.2000E-03 )
  
  predicted energy change: -4.6885E-06
  step size:     0.02199
  trust radius:  0.30000
---------------- geometry iteration  16 complete ----------------
geopt (optimize geometry) done.
onee (1-electron integrals) done.
probe (project orbitals) done.
grid (grid generation) done.
rwr (Q operators) done.
  
       i  u  d  i  g
       t  p  i  c  r                                 RMS    maximum
       e  d  i  u  i                       energy  density   DIIS  
       r  t  s  t  d       total energy    change  change    error 
  
etot    1  N  N  2  U   -1763.87668062545           4.1E-05  1.1E-03
etot    2  N  Y  2  U   -1763.87700820055  3.3E-04  3.0E-05  7.6E-04
etot    3  N  Y  2  U   -1763.87685919283 -1.5E-04  2.1E-05  1.7E-03
etot    4  N  Y  2  U   -1763.87705301208  1.9E-04  3.1E-06  1.5E-04
etot    5  N  N  2  U   -1763.87705595075  2.9E-06  0.0E+00  0.0E+00
scf (DFT) done.
der1a (1-e 1st deriv.) done.
rwr (1st deriv. Q) done.
der1b (2-e 1st deriv.) done.
  Geometry optimization step  17
  Total energy:     -1763.92929737845 hartrees
  ** restarting optimization from step   16 **
  energy change:          -2.2511E-06 #  (  5.0000E-05 )
  gradient maximum:        3.9218E-04 *  (  4.5000E-04 )
  gradient rms:            7.8075E-05 *  (  3.0000E-04 )
  displacement maximum:    6.3363E-03 .  (  1.8000E-03 )
  displacement rms:        7.8187E-04 *  (  1.2000E-03 )
  
  predicted energy change: -3.3405E-06
  step size:     0.01196
  trust radius:  0.30000
---------------- geometry iteration  17 complete ----------------
geopt (optimize geometry) done.
onee (1-electron integrals) done.
probe (project orbitals) done.
grid (grid generation) done.
rwr (Q operators) done.
  
       i  u  d  i  g
       t  p  i  c  r                                 RMS    maximum
       e  d  i  u  i                       energy  density   DIIS  
       r  t  s  t  d       total energy    change  change    error 
  
etot    1  N  N  2  U   -1763.87700354143           2.0E-05  5.8E-04
etot    2  N  Y  2  U   -1763.87709541444  9.2E-05  7.0E-06  1.3E-04
etot    3  N  Y  2  U   -1763.87708595943 -9.5E-06  5.2E-06  3.5E-04
etot    4  N  Y  2  U   -1763.87709734378  1.1E-05  7.6E-07  2.8E-05
etot    5  N  N  2  U   -1763.87709738912  4.5E-08  0.0E+00  0.0E+00
scf (DFT) done.
der1a (1-e 1st deriv.) done.
rwr (1st deriv. Q) done.
der1b (2-e 1st deriv.) done.
  Geometry optimization step  18
  Total energy:     -1763.92930278416 hartrees
  energy change:          -7.6568E-06 *  (  5.0000E-05 )
  gradient maximum:        2.8067E-04 *  (  4.5000E-04 )
  gradient rms:            5.4192E-05 #  (  3.0000E-04 )
  displacement maximum:    1.9125E-02 .  (  1.8000E-03 )
  displacement rms:        3.0331E-03 .  (  1.2000E-03 )
  
  predicted energy change: -6.7411E-06
  step size:     0.04640
  trust radius:  0.30000
---------------- geometry iteration  18 complete ----------------
geopt (optimize geometry) done.
onee (1-electron integrals) done.
probe (project orbitals) done.
grid (grid generation) done.
rwr (Q operators) done.
  
       i  u  d  i  g
       t  p  i  c  r                                 RMS    maximum
       e  d  i  u  i                       energy  density   DIIS  
       r  t  s  t  d       total energy    change  change    error 
  
etot    1  N  N  2  U   -1763.87521761977           8.3E-05  3.3E-03
etot    2  Y  Y  6  M   -1763.87704287274  1.8E-03  1.1E-05  2.0E-04
etot    3  N  Y  2  U   -1763.87703337292 -9.5E-06  8.7E-06  6.3E-04
etot    4  N  Y  2  U   -1763.87705642730  2.3E-05  2.5E-06  1.8E-04
etot    5  N  N  2  U   -1763.87705800584  1.6E-06  0.0E+00  0.0E+00
scf (DFT) done.
der1a (1-e 1st deriv.) done.
rwr (1st deriv. Q) done.
der1b (2-e 1st deriv.) done.
  Geometry optimization step  19
  Total energy:     -1763.92925592020 hartrees
  ** restarting optimization from step   18 **
  energy change:           4.6864E-05 *  (  5.0000E-05 )
  gradient maximum:        2.8067E-04 *  (  4.5000E-04 )
  gradient rms:            5.4192E-05 #  (  3.0000E-04 )
  displacement maximum:    9.0014E-03 .  (  1.8000E-03 )
  displacement rms:        1.5256E-03 .  (  1.2000E-03 )
  
  predicted energy change: -5.0228E-06
  step size:     0.02334
  trust radius:  0.02320
---------------- geometry iteration  19 complete ----------------
geopt (optimize geometry) done.
onee (1-electron integrals) done.
probe (project orbitals) done.
grid (grid generation) done.
rwr (Q operators) done.
  
       i  u  d  i  g
       t  p  i  c  r                                 RMS    maximum
       e  d  i  u  i                       energy  density   DIIS  
       r  t  s  t  d       total energy    change  change    error 
  
etot    1  N  N  2  U   -1763.87648205576           5.2E-05  1.3E-03
etot    2  Y  Y  6  M   -1763.87710932622  6.3E-04  8.8E-06  1.2E-04
etot    3  N  Y  2  U   -1763.87708864596 -2.1E-05  6.9E-06  1.6E-04
etot    4  N  Y  2  U   -1763.87709987605  1.1E-05  2.2E-06  5.7E-05
etot    5  N  N  2  U   -1763.87710074352  8.7E-07  0.0E+00  0.0E+00
scf (DFT) done.
der1a (1-e 1st deriv.) done.
rwr (1st deriv. Q) done.
der1b (2-e 1st deriv.) done.
  Geometry optimization step  20
  Total energy:     -1763.92929089624 hartrees
  energy change:           1.1888E-05 *  (  5.0000E-05 )
  gradient maximum:        3.7478E-04 *  (  4.5000E-04 )
  gradient rms:            6.1880E-05 *  (  3.0000E-04 )
  displacement maximum:    5.6237E-03 .  (  1.8000E-03 )
  displacement rms:        8.9758E-04 *  (  1.2000E-03 )
  
  predicted energy change: -2.1707E-06
  step size:     0.01373
  trust radius:  0.03281
---------------- geometry iteration  20 complete ----------------
geopt (optimize geometry) done.
onee (1-electron integrals) done.
probe (project orbitals) done.
grid (grid generation) done.
rwr (Q operators) done.
  
       i  u  d  i  g
       t  p  i  c  r                                 RMS    maximum
       e  d  i  u  i                       energy  density   DIIS  
       r  t  s  t  d       total energy    change  change    error 
  
etot    1  N  N  2  U   -1763.87695527184           2.3E-05  8.1E-04
etot    2  N  Y  2  U   -1763.87708383929  1.3E-04  9.3E-06  1.1E-04
etot    3  N  Y  2  U   -1763.87706548653 -1.8E-05  7.3E-06  3.5E-04
etot    4  N  Y  2  U   -1763.87708636803  2.1E-05  1.1E-06  3.0E-05
etot    5  N  N  2  U   -1763.87708654677  1.8E-07  0.0E+00  0.0E+00
scf (DFT) done.
der1a (1-e 1st deriv.) done.
rwr (1st deriv. Q) done.
der1b (2-e 1st deriv.) done.
  Geometry optimization step  21
  Total energy:     -1763.92927341448 hartrees
  energy change:           1.7482E-05 *  (  5.0000E-05 )
  gradient maximum:        2.2078E-04 *  (  4.5000E-04 )
  gradient rms:            4.7568E-05 #  (  3.0000E-04 )
  displacement maximum:    5.2877E-03 .  (  1.8000E-03 )
  displacement rms:        8.8585E-04 *  (  1.2000E-03 )
  
  predicted energy change: -1.3394E-06
  step size:     0.01355
  trust radius:  0.03281
------------- final geometry iteration  21 complete -------------
geopt (optimize geometry) done.
cutabab2 (abab integrals) done.
der2a (1-e JK-1st deriv.) done.
der2b (2-e JK-1st deriv.) done.
der2nda (1-e 2nd deriv.) done.
der2ndb (2-e 2nd deriv.) done.
rwr (Q operators) done.
cphfa (gradient of wave function) done.
freq (vib. frequencies) done.
Job J1_10322_2111 completed on hpc-90-25.cm.cluster at Wed May 29 02:11:09 2024
Timer (jaguar_backend.py) : 3421.41 secs (0 hrs, 57 mins, 01 secs)
Finished:   Wed May 29 02:11:09 2024
