Command:  /groups/wag/programs/Schrodinger_2020_3/jaguar run -WAIT -PARALLEL 8 /central/home/labounad/wittig-ch121/out/J1_10069_2111/J1_10069_2111.in
Release:  2020-3
Exec:     /groups/wag/programs/Schrodinger_2020_3/jaguar-v10.9/bin/Linux-x86_64
Host:     hpc-90-06.cm.cluster
JobId:    hpc-90-06-0-66572880
JobDir:   /central/scratch/labounad/J1_10069_2111#hpc-90-06-0-66572880
Date:     Wed May 29 06:07:14 2024

Contents of /central/scratch/labounad/J1_10069_2111#hpc-90-06-0-66572880:
/central/scratch/labounad/J1_10069_2111#hpc-90-06-0-66572880/hpc-90-06-0-66572880
/central/scratch/labounad/J1_10069_2111#hpc-90-06-0-66572880/.write_dir.json
/central/scratch/labounad/J1_10069_2111#hpc-90-06-0-66572880/hpc-90-06-0-66572880.recover
/central/scratch/labounad/J1_10069_2111#hpc-90-06-0-66572880/J1_10069_2111.in
/central/scratch/labounad/J1_10069_2111#hpc-90-06-0-66572880/hpc-90-06-0-66572880.nodes
/central/scratch/labounad/J1_10069_2111#hpc-90-06-0-66572880/J1_10069_2111.log
/central/scratch/labounad/J1_10069_2111#hpc-90-06-0-66572880/J1_10069_2111.recover
/central/scratch/labounad/J1_10069_2111#hpc-90-06-0-66572880/hpc-90-06-0-66572880.mpinodes

Executing subprocess:
/groups/wag/programs/Schrodinger_2020_3/jaguar-v10.9/bin/Linux-x86_64/jexec J1_10069_2111.in -T 8 -out /central/scratch/labounad/J1_10069_2111#hpc-90-06-0-66572880 -cwd

Job J1_10069_2111 started on hpc-90-06.cm.cluster at Wed May 29 06:07:14 2024
jobid: hpc-90-06-0-66572880 
Jaguar version 10.9, release 139
 Using up to   8 threads per process
Molecular Point Group: C1      
Point Group used: C1
pre (input checking) done.
onee (1-electron integrals) done.
hfig (HF initial guess) done.
probe (project orbitals) done.
grid (grid generation) done.
rwr (Q operators) done.
scf type: DFT=PBE(X+LC)+PW91 (PBE-D3)
  
       i  u  d  i  g
       t  p  i  c  r                                 RMS    maximum
       e  d  i  u  i                       energy  density   DIIS  
       r  t  s  t  d       total energy    change  change    error 
  
etot    1  N  N  5  M   -1838.85050436559           7.1E-03  1.2E-01
etot    2  Y  Y  6  M   -1830.97828518046 -7.9E+00  1.2E-02  1.5E-01
etot    3  Y  Y  6  M   -1825.72955778037 -5.2E+00  1.2E-02  1.4E-01
etot    4  N  Y  2  U   -1822.57036000415 -3.2E+00  1.1E-02  2.3E-01
etot    5  N  Y  2  U   -1830.96663992023  8.4E+00  1.0E-02  1.7E-01
etot    6  Y  Y  6  M   -1841.58953345753  1.1E+01  3.3E-03  7.8E-02
etot    7  N  Y  2  U   -1839.87079030277 -1.7E+00  2.4E-03  1.1E-01
etot    8  N  Y  2  U   -1843.47289490248  3.6E+00  1.1E-03  4.0E-02
etot    9  Y  Y  6  M   -1843.54422343420  7.1E-02  5.7E-04  5.0E-02
etot   10  N  Y  2  U   -1843.69922254543  1.5E-01  2.3E-04  1.9E-02
etot   11  Y  Y  6  M   -1843.71791026589  1.9E-02  1.5E-04  5.7E-03
etot   12  N  Y  2  U   -1843.71918598068  1.3E-03  8.8E-05  6.8E-03
etot   13  Y  Y  6  M   -1843.72319401598  4.0E-03  7.8E-05  4.1E-03
etot   14  Y  Y  6  M   -1843.72453597307  1.3E-03  5.8E-05  2.7E-03
etot   15  N  Y  2  U   -1843.72493387828  4.0E-04  2.4E-05  1.1E-03
etot   16  N  Y  2  U   -1843.72501408918  8.0E-05  1.1E-05  3.9E-04
etot   17  N  Y  2  U   -1843.72504689257  3.3E-05  4.0E-06  1.3E-04
etot   18  N  N  2  U   -1843.72504826491  1.4E-06  0.0E+00  0.0E+00
scf (DFT) done.
der1a (1-e 1st deriv.) done.
rwr (1st deriv. Q) done.
der1b (2-e 1st deriv.) done.
  Geometry optimization step   1
  Total energy:     -1843.78039295778 hartrees
  gradient maximum:        4.8544E-02 .  (  4.5000E-04 )
  gradient rms:            9.1812E-03 .  (  3.0000E-04 )
  displacement maximum:    9.2393E-02 .  (  1.8000E-03 )
  displacement rms:        1.9216E-02 .  (  1.2000E-03 )
  
  predicted energy change: -2.7752E-02
  step size:     0.30016
  trust radius:  0.30000
---------------- geometry iteration   1 complete ----------------
geopt (optimize geometry) done.
onee (1-electron integrals) done.
probe (project orbitals) done.
grid (grid generation) done.
rwr (Q operators) done.
  
       i  u  d  i  g
       t  p  i  c  r                                 RMS    maximum
       e  d  i  u  i                       energy  density   DIIS  
       r  t  s  t  d       total energy    change  change    error 
  
etot    1  N  N  2  U   -1843.73591632549           7.4E-04  1.5E-02
etot    2  Y  Y  6  M   -1843.75123624955  1.5E-02  1.6E-04  3.0E-03
etot    3  N  Y  2  U   -1843.74673783083 -4.5E-03  1.1E-04  8.3E-03
etot    4  Y  Y  6  M   -1843.75253211100  5.8E-03  2.2E-05  1.4E-03
etot    5  N  Y  2  U   -1843.75266785541  1.4E-04  8.9E-06  3.3E-04
etot    6  N  Y  2  U   -1843.75268288237  1.5E-05  4.1E-06  2.1E-04
etot    7  N  N  2  U   -1843.75268768117  4.8E-06  0.0E+00  0.0E+00
scf (DFT) done.
der1a (1-e 1st deriv.) done.
rwr (1st deriv. Q) done.
der1b (2-e 1st deriv.) done.
  Geometry optimization step   2
  Total energy:     -1843.80731677243 hartrees
  energy change:          -2.6924E-02 .  (  5.0000E-05 )
  gradient maximum:        1.9497E-02 .  (  4.5000E-04 )
  gradient rms:            2.9946E-03 .  (  3.0000E-04 )
  displacement maximum:    1.0470E-01 .  (  1.8000E-03 )
  displacement rms:        1.9217E-02 .  (  1.2000E-03 )
  
  predicted energy change: -5.9932E-03
  step size:     0.30017
  trust radius:  0.30000
---------------- geometry iteration   2 complete ----------------
geopt (optimize geometry) done.
onee (1-electron integrals) done.
probe (project orbitals) done.
grid (grid generation) done.
rwr (Q operators) done.
  
       i  u  d  i  g
       t  p  i  c  r                                 RMS    maximum
       e  d  i  u  i                       energy  density   DIIS  
       r  t  s  t  d       total energy    change  change    error 
  
etot    1  N  N  2  U   -1843.70495651009           4.4E-04  1.3E-02
etot    2  Y  Y  6  M   -1843.75797871335  5.3E-02  1.2E-04  2.9E-03
etot    3  N  Y  2  U   -1843.75476333475 -3.2E-03  9.3E-05  8.4E-03
etot    4  Y  Y  6  M   -1843.75845616586  3.7E-03  1.9E-05  1.3E-03
etot    5  N  Y  2  U   -1843.75851454842  5.8E-05  7.8E-06  3.2E-04
etot    6  N  Y  2  U   -1843.75853519105  2.1E-05  2.9E-06  7.3E-05
etot    7  N  N  2  U   -1843.75853677711  1.6E-06  0.0E+00  0.0E+00
scf (DFT) done.
der1a (1-e 1st deriv.) done.
rwr (1st deriv. Q) done.
der1b (2-e 1st deriv.) done.
  Geometry optimization step   3
  Total energy:     -1843.81320364620 hartrees
  energy change:          -5.8869E-03 .  (  5.0000E-05 )
  gradient maximum:        1.1166E-02 .  (  4.5000E-04 )
  gradient rms:            1.2556E-03 .  (  3.0000E-04 )
  displacement maximum:    1.3466E-01 .  (  1.8000E-03 )
  displacement rms:        1.9219E-02 .  (  1.2000E-03 )
  
  predicted energy change: -1.5119E-03
  step size:     0.30020
  trust radius:  0.30000
---------------- geometry iteration   3 complete ----------------
geopt (optimize geometry) done.
onee (1-electron integrals) done.
probe (project orbitals) done.
grid (grid generation) done.
rwr (Q operators) done.
  
       i  u  d  i  g
       t  p  i  c  r                                 RMS    maximum
       e  d  i  u  i                       energy  density   DIIS  
       r  t  s  t  d       total energy    change  change    error 
  
etot    1  N  N  2  U   -1843.72266551760           3.6E-04  1.2E-02
etot    2  Y  Y  6  M   -1843.75882253394  3.6E-02  8.8E-05  1.7E-03
etot    3  N  Y  2  U   -1843.75709097416 -1.7E-03  6.8E-05  4.6E-03
etot    4  Y  Y  6  M   -1843.75904265929  2.0E-03  1.4E-05  7.1E-04
etot    5  N  Y  2  U   -1843.75908441596  4.2E-05  6.1E-06  1.9E-04
etot    6  N  Y  2  U   -1843.75909629299  1.2E-05  2.5E-06  8.7E-05
etot    7  N  N  2  U   -1843.75909735339  1.1E-06  0.0E+00  0.0E+00
scf (DFT) done.
der1a (1-e 1st deriv.) done.
rwr (1st deriv. Q) done.
der1b (2-e 1st deriv.) done.
  Geometry optimization step   4
  Total energy:     -1843.81384800859 hartrees
  energy change:          -6.4436E-04 .  (  5.0000E-05 )
  gradient maximum:        1.5643E-02 .  (  4.5000E-04 )
  gradient rms:            2.1616E-03 .  (  3.0000E-04 )
  displacement maximum:    1.2634E-01 .  (  1.8000E-03 )
  displacement rms:        1.9207E-02 .  (  1.2000E-03 )
  
  predicted energy change: -1.4636E-03
  step size:     0.30003
  trust radius:  0.30000
---------------- geometry iteration   4 complete ----------------
geopt (optimize geometry) done.
onee (1-electron integrals) done.
probe (project orbitals) done.
grid (grid generation) done.
rwr (Q operators) done.
  
       i  u  d  i  g
       t  p  i  c  r                                 RMS    maximum
       e  d  i  u  i                       energy  density   DIIS  
       r  t  s  t  d       total energy    change  change    error 
  
etot    1  N  N  2  U   -1843.71406813387           7.6E-04  1.5E-02
etot    2  Y  Y  6  M   -1843.75985202915  4.6E-02  7.9E-05  1.3E-03
etot    3  N  Y  2  U   -1843.75869456430 -1.2E-03  6.3E-05  3.3E-03
etot    4  Y  Y  6  M   -1843.75995644040  1.3E-03  2.1E-05  9.4E-04
etot    5  N  Y  2  U   -1843.76010696284  1.5E-04  7.3E-06  2.5E-04
etot    6  N  Y  2  U   -1843.76012557662  1.9E-05  2.6E-06  7.1E-05
etot    7  N  N  2  U   -1843.76012628380  7.1E-07  0.0E+00  0.0E+00
scf (DFT) done.
der1a (1-e 1st deriv.) done.
rwr (1st deriv. Q) done.
der1b (2-e 1st deriv.) done.
  Geometry optimization step   5
  Total energy:     -1843.81495217017 hartrees
  energy change:          -1.1042E-03 .  (  5.0000E-05 )
  gradient maximum:        7.4459E-03 .  (  4.5000E-04 )
  gradient rms:            1.1377E-03 .  (  3.0000E-04 )
  displacement maximum:    9.1928E-02 .  (  1.8000E-03 )
  displacement rms:        1.6191E-02 .  (  1.2000E-03 )
  
  predicted energy change: -8.2173E-04
  step size:     0.25292
  trust radius:  0.30000
---------------- geometry iteration   5 complete ----------------
geopt (optimize geometry) done.
onee (1-electron integrals) done.
probe (project orbitals) done.
grid (grid generation) done.
rwr (Q operators) done.
  
       i  u  d  i  g
       t  p  i  c  r                                 RMS    maximum
       e  d  i  u  i                       energy  density   DIIS  
       r  t  s  t  d       total energy    change  change    error 
  
etot    1  N  N  2  U   -1843.69556415137           4.5E-04  1.4E-02
etot    2  Y  Y  6  M   -1843.76093710170  6.5E-02  7.5E-05  9.0E-04
etot    3  N  Y  2  U   -1843.76000247196 -9.3E-04  5.7E-05  1.8E-03
etot    4  Y  Y  6  M   -1843.76100686017  1.0E-03  1.7E-05  8.2E-04
etot    5  N  Y  2  U   -1843.76110829284  1.0E-04  7.4E-06  3.3E-04
etot    6  N  Y  2  U   -1843.76112517920  1.7E-05  2.9E-06  6.3E-05
etot    7  N  N  2  U   -1843.76112631994  1.1E-06  0.0E+00  0.0E+00
scf (DFT) done.
der1a (1-e 1st deriv.) done.
rwr (1st deriv. Q) done.
der1b (2-e 1st deriv.) done.
  Geometry optimization step   6
  Total energy:     -1843.81601142147 hartrees
  energy change:          -1.0593E-03 .  (  5.0000E-05 )
  gradient maximum:        5.5627E-03 .  (  4.5000E-04 )
  gradient rms:            8.2544E-04 .  (  3.0000E-04 )
  displacement maximum:    1.0842E-01 .  (  1.8000E-03 )
  displacement rms:        1.9243E-02 .  (  1.2000E-03 )
  
  predicted energy change: -1.0306E-03
  step size:     0.30059
  trust radius:  0.30000
---------------- geometry iteration   6 complete ----------------
geopt (optimize geometry) done.
onee (1-electron integrals) done.
probe (project orbitals) done.
grid (grid generation) done.
rwr (Q operators) done.
  
       i  u  d  i  g
       t  p  i  c  r                                 RMS    maximum
       e  d  i  u  i                       energy  density   DIIS  
       r  t  s  t  d       total energy    change  change    error 
  
etot    1  N  N  2  U   -1843.71275829106           4.0E-04  1.4E-02
etot    2  Y  Y  6  M   -1843.76094549455  4.8E-02  6.7E-05  8.8E-04
etot    3  N  Y  2  U   -1843.76016226815 -7.8E-04  5.0E-05  2.5E-03
etot    4  Y  Y  6  M   -1843.76091665392  7.5E-04  1.5E-05  1.0E-03
etot    5  N  Y  2  U   -1843.76101842432  1.0E-04  5.7E-06  3.2E-04
etot    6  N  Y  2  U   -1843.76102831773  9.9E-06  2.4E-06  8.6E-05
etot    7  N  N  2  U   -1843.76102949079  1.2E-06  0.0E+00  0.0E+00
scf (DFT) done.
der1a (1-e 1st deriv.) done.
rwr (1st deriv. Q) done.
der1b (2-e 1st deriv.) done.
  Geometry optimization step   7
  Total energy:     -1843.81644259831 hartrees
  energy change:          -4.3118E-04 .  (  5.0000E-05 )
  gradient maximum:        5.6118E-03 .  (  4.5000E-04 )
  gradient rms:            1.0164E-03 .  (  3.0000E-04 )
  displacement maximum:    1.2422E-01 .  (  1.8000E-03 )
  displacement rms:        1.9206E-02 .  (  1.2000E-03 )
  
  predicted energy change: -1.1890E-03
  step size:     0.30001
  trust radius:  0.30000
---------------- geometry iteration   7 complete ----------------
geopt (optimize geometry) done.
onee (1-electron integrals) done.
probe (project orbitals) done.
grid (grid generation) done.
rwr (Q operators) done.
  
       i  u  d  i  g
       t  p  i  c  r                                 RMS    maximum
       e  d  i  u  i                       energy  density   DIIS  
       r  t  s  t  d       total energy    change  change    error 
  
etot    1  N  N  2  U   -1843.70245376981           4.5E-04  1.7E-02
etot    2  Y  Y  6  M   -1843.76152155759  5.9E-02  8.3E-05  1.2E-03
etot    3  N  Y  2  U   -1843.76061029315 -9.1E-04  6.2E-05  2.0E-03
etot    4  Y  Y  6  M   -1843.76164480120  1.0E-03  1.7E-05  7.0E-04
etot    5  N  Y  2  U   -1843.76176067918  1.2E-04  6.2E-06  3.3E-04
etot    6  N  Y  2  U   -1843.76177156687  1.1E-05  2.7E-06  8.9E-05
etot    7  N  N  2  U   -1843.76177288208  1.3E-06  0.0E+00  0.0E+00
scf (DFT) done.
der1a (1-e 1st deriv.) done.
rwr (1st deriv. Q) done.
der1b (2-e 1st deriv.) done.
  Geometry optimization step   8
  Total energy:     -1843.81775140025 hartrees
  energy change:          -1.3088E-03 .  (  5.0000E-05 )
  gradient maximum:        6.9822E-03 .  (  4.5000E-04 )
  gradient rms:            1.1233E-03 .  (  3.0000E-04 )
  displacement maximum:    1.3142E-01 .  (  1.8000E-03 )
  displacement rms:        1.9211E-02 .  (  1.2000E-03 )
  
  predicted energy change: -1.6331E-03
  step size:     0.30008
  trust radius:  0.30000
---------------- geometry iteration   8 complete ----------------
geopt (optimize geometry) done.
onee (1-electron integrals) done.
probe (project orbitals) done.
grid (grid generation) done.
rwr (Q operators) done.
  
       i  u  d  i  g
       t  p  i  c  r                                 RMS    maximum
       e  d  i  u  i                       energy  density   DIIS  
       r  t  s  t  d       total energy    change  change    error 
  
etot    1  N  N  2  U   -1843.68077823998           5.5E-04  1.3E-02
etot    2  Y  Y  6  M   -1843.76152806115  8.1E-02  1.1E-04  1.0E-03
etot    3  N  Y  2  U   -1843.75990551277 -1.6E-03  7.9E-05  2.4E-03
etot    4  Y  Y  6  M   -1843.76182923102  1.9E-03  2.2E-05  1.0E-03
etot    5  N  Y  2  U   -1843.76200000978  1.7E-04  8.3E-06  4.2E-04
etot    6  N  Y  2  U   -1843.76202247092  2.2E-05  3.5E-06  1.0E-04
etot    7  N  N  2  U   -1843.76202433388  1.9E-06  0.0E+00  0.0E+00
scf (DFT) done.
der1a (1-e 1st deriv.) done.
rwr (1st deriv. Q) done.
der1b (2-e 1st deriv.) done.
  Geometry optimization step   9
  Total energy:     -1843.81880957691 hartrees
  energy change:          -1.0582E-03 .  (  5.0000E-05 )
  gradient maximum:        1.5510E-02 .  (  4.5000E-04 )
  gradient rms:            1.9046E-03 .  (  3.0000E-04 )
  displacement maximum:    1.1037E-01 .  (  1.8000E-03 )
  displacement rms:        1.7248E-02 .  (  1.2000E-03 )
  
  predicted energy change: -1.1347E-03
  step size:     0.26942
  trust radius:  0.30000
---------------- geometry iteration   9 complete ----------------
geopt (optimize geometry) done.
onee (1-electron integrals) done.
probe (project orbitals) done.
grid (grid generation) done.
rwr (Q operators) done.
  
       i  u  d  i  g
       t  p  i  c  r                                 RMS    maximum
       e  d  i  u  i                       energy  density   DIIS  
       r  t  s  t  d       total energy    change  change    error 
  
etot    1  N  N  2  U   -1843.72134199815           5.1E-04  8.4E-03
etot    2  Y  Y  6  M   -1843.76246980148  4.1E-02  8.1E-05  1.5E-03
etot    3  N  Y  2  U   -1843.76151343848 -9.6E-04  6.4E-05  4.4E-03
etot    4  Y  Y  6  M   -1843.76268109499  1.2E-03  1.8E-05  1.2E-03
etot    5  N  Y  2  U   -1843.76282647013  1.5E-04  5.7E-06  2.0E-04
etot    6  N  Y  2  U   -1843.76283881405  1.2E-05  2.3E-06  8.1E-05
etot    7  N  N  2  U   -1843.76283979603  9.8E-07  0.0E+00  0.0E+00
scf (DFT) done.
der1a (1-e 1st deriv.) done.
rwr (1st deriv. Q) done.
der1b (2-e 1st deriv.) done.
  Geometry optimization step  10
  Total energy:     -1843.81902213150 hartrees
  energy change:          -2.1255E-04 .  (  5.0000E-05 )
  gradient maximum:        9.9359E-03 .  (  4.5000E-04 )
  gradient rms:            1.8239E-03 .  (  3.0000E-04 )
  displacement maximum:    1.1425E-01 .  (  1.8000E-03 )
  displacement rms:        1.9246E-02 .  (  1.2000E-03 )
  
  predicted energy change: -1.7511E-03
  step size:     0.30064
  trust radius:  0.30000
---------------- geometry iteration  10 complete ----------------
geopt (optimize geometry) done.
onee (1-electron integrals) done.
probe (project orbitals) done.
grid (grid generation) done.
rwr (Q operators) done.
  
       i  u  d  i  g
       t  p  i  c  r                                 RMS    maximum
       e  d  i  u  i                       energy  density   DIIS  
       r  t  s  t  d       total energy    change  change    error 
  
etot    1  N  N  2  U   -1843.70119520485           4.9E-04  1.7E-02
etot    2  Y  Y  6  M   -1843.76391393068  6.3E-02  7.4E-05  1.1E-03
etot    3  N  Y  2  U   -1843.76308462687 -8.3E-04  5.8E-05  1.7E-03
etot    4  Y  Y  6  M   -1843.76391448389  8.3E-04  2.0E-05  6.6E-04
etot    5  N  Y  2  U   -1843.76407475271  1.6E-04  6.1E-06  3.6E-04
etot    6  N  Y  2  U   -1843.76408812391  1.3E-05  2.6E-06  9.0E-05
etot    7  N  N  2  U   -1843.76408858358  4.6E-07  0.0E+00  0.0E+00
scf (DFT) done.
der1a (1-e 1st deriv.) done.
rwr (1st deriv. Q) done.
der1b (2-e 1st deriv.) done.
  Geometry optimization step  11
  Total energy:     -1843.82035545076 hartrees
  energy change:          -1.3333E-03 .  (  5.0000E-05 )
  gradient maximum:        7.5352E-03 .  (  4.5000E-04 )
  gradient rms:            1.0714E-03 .  (  3.0000E-04 )
  displacement maximum:    8.1335E-02 .  (  1.8000E-03 )
  displacement rms:        1.3217E-02 .  (  1.2000E-03 )
  
  predicted energy change: -6.9022E-04
  step size:     0.20645
  trust radius:  0.30000
---------------- geometry iteration  11 complete ----------------
geopt (optimize geometry) done.
onee (1-electron integrals) done.
probe (project orbitals) done.
grid (grid generation) done.
rwr (Q operators) done.
  
       i  u  d  i  g
       t  p  i  c  r                                 RMS    maximum
       e  d  i  u  i                       energy  density   DIIS  
       r  t  s  t  d       total energy    change  change    error 
  
etot    1  N  N  2  U   -1843.71976449387           3.9E-04  1.1E-02
etot    2  Y  Y  6  M   -1843.76414056250  4.4E-02  5.3E-05  8.4E-04
etot    3  N  Y  2  U   -1843.76384332580 -3.0E-04  4.0E-05  1.4E-03
etot    4  N  Y  2  U   -1843.76424940122  4.1E-04  1.7E-05  8.8E-04
etot    5  N  Y  2  U   -1843.76435813409  1.1E-04  5.4E-06  2.9E-04
etot    6  N  Y  2  U   -1843.76436573783  7.6E-06  2.1E-06  5.4E-05
etot    7  N  N  2  U   -1843.76436625166  5.1E-07  0.0E+00  0.0E+00
scf (DFT) done.
der1a (1-e 1st deriv.) done.
rwr (1st deriv. Q) done.
der1b (2-e 1st deriv.) done.
  Geometry optimization step  12
  Total energy:     -1843.82066457483 hartrees
  energy change:          -3.0912E-04 .  (  5.0000E-05 )
  gradient maximum:        4.4087E-03 .  (  4.5000E-04 )
  gradient rms:            6.9546E-04 .  (  3.0000E-04 )
  displacement maximum:    1.4302E-01 .  (  1.8000E-03 )
  displacement rms:        1.9214E-02 .  (  1.2000E-03 )
  
  predicted energy change: -6.6582E-04
  step size:     0.30013
  trust radius:  0.30000
---------------- geometry iteration  12 complete ----------------
geopt (optimize geometry) done.
onee (1-electron integrals) done.
probe (project orbitals) done.
grid (grid generation) done.
rwr (Q operators) done.
  
       i  u  d  i  g
       t  p  i  c  r                                 RMS    maximum
       e  d  i  u  i                       energy  density   DIIS  
       r  t  s  t  d       total energy    change  change    error 
  
etot    1  N  N  2  U   -1843.71136344984           4.3E-04  1.6E-02
etot    2  Y  Y  6  M   -1843.76390086552  5.3E-02  6.9E-05  1.5E-03
etot    3  N  Y  2  U   -1843.76330062528 -6.0E-04  5.4E-05  2.5E-03
etot    4  Y  Y  6  M   -1843.76403321144  7.3E-04  2.4E-05  1.3E-03
etot    5  N  Y  2  U   -1843.76428373625  2.5E-04  7.6E-06  2.2E-04
etot    6  N  Y  2  U   -1843.76429792531  1.4E-05  2.8E-06  1.1E-04
etot    7  N  N  2  U   -1843.76429912619  1.2E-06  0.0E+00  0.0E+00
scf (DFT) done.
der1a (1-e 1st deriv.) done.
rwr (1st deriv. Q) done.
der1b (2-e 1st deriv.) done.
  Geometry optimization step  13
  Total energy:     -1843.82069769777 hartrees
  energy change:          -3.3123E-05 *  (  5.0000E-05 )
  gradient maximum:        6.3253E-03 .  (  4.5000E-04 )
  gradient rms:            9.4887E-04 .  (  3.0000E-04 )
  displacement maximum:    5.8236E-02 .  (  1.8000E-03 )
  displacement rms:        1.0967E-02 .  (  1.2000E-03 )
  
  predicted energy change: -4.1047E-04
  step size:     0.17131
  trust radius:  0.30000
---------------- geometry iteration  13 complete ----------------
geopt (optimize geometry) done.
onee (1-electron integrals) done.
probe (project orbitals) done.
grid (grid generation) done.
rwr (Q operators) done.
  
       i  u  d  i  g
       t  p  i  c  r                                 RMS    maximum
       e  d  i  u  i                       energy  density   DIIS  
       r  t  s  t  d       total energy    change  change    error 
  
etot    1  N  N  2  U   -1843.74428105488           2.7E-04  6.3E-03
etot    2  Y  Y  6  M   -1843.76485966613  2.1E-02  5.2E-05  1.2E-03
etot    3  N  Y  2  U   -1843.76464759946 -2.1E-04  3.8E-05  1.6E-03
etot    4  N  Y  2  U   -1843.76507324299  4.3E-04  1.4E-05  4.9E-04
etot    5  N  Y  2  U   -1843.76512381942  5.1E-05  5.8E-06  2.3E-04
etot    6  N  Y  2  U   -1843.76513293611  9.1E-06  1.8E-06  6.6E-05
etot    7  N  N  2  U   -1843.76513373811  8.0E-07  0.0E+00  0.0E+00
scf (DFT) done.
der1a (1-e 1st deriv.) done.
rwr (1st deriv. Q) done.
der1b (2-e 1st deriv.) done.
  Geometry optimization step  14
  Total energy:     -1843.82122333953 hartrees
  energy change:          -5.2564E-04 .  (  5.0000E-05 )
  gradient maximum:        5.0521E-03 .  (  4.5000E-04 )
  gradient rms:            7.7439E-04 .  (  3.0000E-04 )
  displacement maximum:    4.9010E-02 .  (  1.8000E-03 )
  displacement rms:        8.0700E-03 .  (  1.2000E-03 )
  
  predicted energy change: -2.7915E-04
  step size:     0.12606
  trust radius:  0.30000
---------------- geometry iteration  14 complete ----------------
geopt (optimize geometry) done.
onee (1-electron integrals) done.
probe (project orbitals) done.
grid (grid generation) done.
rwr (Q operators) done.
  
       i  u  d  i  g
       t  p  i  c  r                                 RMS    maximum
       e  d  i  u  i                       energy  density   DIIS  
       r  t  s  t  d       total energy    change  change    error 
  
etot    1  N  N  2  U   -1843.74663812791           2.4E-04  5.3E-03
etot    2  Y  Y  6  M   -1843.76495842202  1.8E-02  4.7E-05  5.6E-04
etot    3  N  Y  2  U   -1843.76458253068 -3.8E-04  3.7E-05  1.7E-03
etot    4  N  Y  2  U   -1843.76499159609  4.1E-04  1.0E-05  3.8E-04
etot    5  N  Y  2  U   -1843.76502253438  3.1E-05  3.5E-06  1.1E-04
etot    6  N  N  2  U   -1843.76502588611  3.4E-06  0.0E+00  0.0E+00
scf (DFT) done.
der1a (1-e 1st deriv.) done.
rwr (1st deriv. Q) done.
der1b (2-e 1st deriv.) done.
  Geometry optimization step  15
  Total energy:     -1843.82112500240 hartrees
  energy change:           9.8337E-05 .  (  5.0000E-05 )
  gradient maximum:        4.3069E-03 .  (  4.5000E-04 )
  gradient rms:            5.4428E-04 .  (  3.0000E-04 )
  displacement maximum:    5.6312E-02 .  (  1.8000E-03 )
  displacement rms:        9.1153E-03 .  (  1.2000E-03 )
  
  predicted energy change: -1.4489E-04
  step size:     0.14238
  trust radius:  0.30000
---------------- geometry iteration  15 complete ----------------
geopt (optimize geometry) done.
onee (1-electron integrals) done.
probe (project orbitals) done.
grid (grid generation) done.
rwr (Q operators) done.
  
       i  u  d  i  g
       t  p  i  c  r                                 RMS    maximum
       e  d  i  u  i                       energy  density   DIIS  
       r  t  s  t  d       total energy    change  change    error 
  
etot    1  N  N  2  U   -1843.75098235516           2.3E-04  5.6E-03
etot    2  Y  Y  6  M   -1843.76534183536  1.4E-02  3.2E-05  6.8E-04
etot    3  N  Y  2  U   -1843.76522242169 -1.2E-04  2.6E-05  1.3E-03
etot    4  N  Y  2  U   -1843.76535698940  1.3E-04  9.2E-06  6.6E-04
etot    5  N  Y  2  U   -1843.76538880263  3.2E-05  2.3E-06  1.1E-04
etot    6  N  N  2  U   -1843.76539049810  1.7E-06  0.0E+00  0.0E+00
scf (DFT) done.
der1a (1-e 1st deriv.) done.
rwr (1st deriv. Q) done.
der1b (2-e 1st deriv.) done.
  Geometry optimization step  16
  Total energy:     -1843.82140511084 hartrees
  energy change:          -2.8011E-04 .  (  5.0000E-05 )
  gradient maximum:        4.4097E-03 .  (  4.5000E-04 )
  gradient rms:            5.3511E-04 .  (  3.0000E-04 )
  displacement maximum:    4.9791E-02 .  (  1.8000E-03 )
  displacement rms:        9.2819E-03 .  (  1.2000E-03 )
  
  predicted energy change: -1.4977E-04
  step size:     0.14499
  trust radius:  0.30000
---------------- geometry iteration  16 complete ----------------
geopt (optimize geometry) done.
onee (1-electron integrals) done.
probe (project orbitals) done.
grid (grid generation) done.
rwr (Q operators) done.
  
       i  u  d  i  g
       t  p  i  c  r                                 RMS    maximum
       e  d  i  u  i                       energy  density   DIIS  
       r  t  s  t  d       total energy    change  change    error 
  
etot    1  N  N  2  U   -1843.74996754137           2.3E-04  8.0E-03
etot    2  Y  Y  6  M   -1843.76573178117  1.6E-02  4.6E-05  5.3E-04
etot    3  N  Y  2  U   -1843.76542365478 -3.1E-04  3.7E-05  9.2E-04
etot    4  N  Y  2  U   -1843.76576164384  3.4E-04  9.7E-06  2.7E-04
etot    5  N  Y  2  U   -1843.76578870913  2.7E-05  3.1E-06  1.3E-04
etot    6  N  N  2  U   -1843.76579188674  3.2E-06  0.0E+00  0.0E+00
scf (DFT) done.
der1a (1-e 1st deriv.) done.
rwr (1st deriv. Q) done.
der1b (2-e 1st deriv.) done.
  Geometry optimization step  17
  Total energy:     -1843.82185340117 hartrees
  energy change:          -4.4829E-04 .  (  5.0000E-05 )
  gradient maximum:        4.0664E-03 .  (  4.5000E-04 )
  gradient rms:            5.3236E-04 .  (  3.0000E-04 )
  displacement maximum:    1.1593E-01 .  (  1.8000E-03 )
  displacement rms:        1.8334E-02 .  (  1.2000E-03 )
  
  predicted energy change: -2.3412E-04
  step size:     0.28638
  trust radius:  0.30000
---------------- geometry iteration  17 complete ----------------
geopt (optimize geometry) done.
onee (1-electron integrals) done.
probe (project orbitals) done.
grid (grid generation) done.
rwr (Q operators) done.
  
       i  u  d  i  g
       t  p  i  c  r                                 RMS    maximum
       e  d  i  u  i                       energy  density   DIIS  
       r  t  s  t  d       total energy    change  change    error 
  
etot    1  N  N  2  U   -1843.70898327094           4.5E-04  1.3E-02
etot    2  Y  Y  6  M   -1843.76639088304  5.7E-02  8.1E-05  1.4E-03
etot    3  N  Y  2  U   -1843.76553128559 -8.6E-04  6.5E-05  3.0E-03
etot    4  Y  Y  6  M   -1843.76650816367  9.8E-04  2.0E-05  9.8E-04
etot    5  N  Y  2  U   -1843.76667052527  1.6E-04  5.3E-06  3.0E-04
etot    6  N  Y  2  U   -1843.76668265040  1.2E-05  2.5E-06  7.4E-05
etot    7  N  N  2  U   -1843.76668290942  2.6E-07  0.0E+00  0.0E+00
scf (DFT) done.
der1a (1-e 1st deriv.) done.
rwr (1st deriv. Q) done.
der1b (2-e 1st deriv.) done.
  Geometry optimization step  18
  Total energy:     -1843.82259930380 hartrees
  energy change:          -7.4590E-04 .  (  5.0000E-05 )
  gradient maximum:        3.0550E-03 .  (  4.5000E-04 )
  gradient rms:            4.7934E-04 .  (  3.0000E-04 )
  displacement maximum:    1.1841E-01 .  (  1.8000E-03 )
  displacement rms:        1.9203E-02 .  (  1.2000E-03 )
  
  predicted energy change: -3.5754E-04
  step size:     0.29997
  trust radius:  0.30000
---------------- geometry iteration  18 complete ----------------
geopt (optimize geometry) done.
onee (1-electron integrals) done.
probe (project orbitals) done.
grid (grid generation) done.
rwr (Q operators) done.
  
       i  u  d  i  g
       t  p  i  c  r                                 RMS    maximum
       e  d  i  u  i                       energy  density   DIIS  
       r  t  s  t  d       total energy    change  change    error 
  
etot    1  N  N  2  U   -1843.71151533881           4.4E-04  1.2E-02
etot    2  Y  Y  6  M   -1843.76704498946  5.6E-02  8.5E-05  1.5E-03
etot    3  N  Y  2  U   -1843.76605692234 -9.9E-04  7.0E-05  3.2E-03
etot    4  Y  Y  6  M   -1843.76709959751  1.0E-03  2.2E-05  1.2E-03
etot    5  N  Y  2  U   -1843.76727544479  1.8E-04  7.2E-06  2.9E-04
etot    6  N  Y  2  U   -1843.76729611799  2.1E-05  2.9E-06  7.1E-05
etot    7  N  N  2  U   -1843.76729727409  1.2E-06  0.0E+00  0.0E+00
scf (DFT) done.
der1a (1-e 1st deriv.) done.
rwr (1st deriv. Q) done.
der1b (2-e 1st deriv.) done.
  Geometry optimization step  19
  Total energy:     -1843.82309186872 hartrees
  energy change:          -4.9256E-04 .  (  5.0000E-05 )
  gradient maximum:        3.8675E-03 .  (  4.5000E-04 )
  gradient rms:            5.6535E-04 .  (  3.0000E-04 )
  displacement maximum:    1.3949E-01 .  (  1.8000E-03 )
  displacement rms:        1.9206E-02 .  (  1.2000E-03 )
  
  predicted energy change: -4.1283E-04
  step size:     0.30000
  trust radius:  0.30000
---------------- geometry iteration  19 complete ----------------
geopt (optimize geometry) done.
onee (1-electron integrals) done.
probe (project orbitals) done.
grid (grid generation) done.
rwr (Q operators) done.
  
       i  u  d  i  g
       t  p  i  c  r                                 RMS    maximum
       e  d  i  u  i                       energy  density   DIIS  
       r  t  s  t  d       total energy    change  change    error 
  
etot    1  N  N  2  U   -1843.72218123890           4.2E-04  1.2E-02
etot    2  Y  Y  6  M   -1843.76788225699  4.6E-02  6.9E-05  1.3E-03
etot    3  N  Y  2  U   -1843.76723556992 -6.5E-04  5.6E-05  1.6E-03
etot    4  Y  Y  6  M   -1843.76787653559  6.4E-04  2.0E-05  8.4E-04
etot    5  N  Y  2  U   -1843.76801284979  1.4E-04  6.5E-06  2.3E-04
etot    6  N  Y  2  U   -1843.76802951478  1.7E-05  2.5E-06  7.3E-05
etot    7  N  N  2  U   -1843.76803019774  6.8E-07  0.0E+00  0.0E+00
scf (DFT) done.
der1a (1-e 1st deriv.) done.
rwr (1st deriv. Q) done.
der1b (2-e 1st deriv.) done.
  Geometry optimization step  20
  Total energy:     -1843.82362681101 hartrees
  energy change:          -5.3494E-04 .  (  5.0000E-05 )
  gradient maximum:        6.8485E-03 .  (  4.5000E-04 )
  gradient rms:            8.0643E-04 .  (  3.0000E-04 )
  displacement maximum:    1.1904E-01 .  (  1.8000E-03 )
  displacement rms:        1.9205E-02 .  (  1.2000E-03 )
  
  predicted energy change: -5.3201E-04
  step size:     0.29999
  trust radius:  0.30000
---------------- geometry iteration  20 complete ----------------
geopt (optimize geometry) done.
onee (1-electron integrals) done.
probe (project orbitals) done.
grid (grid generation) done.
rwr (Q operators) done.
  
       i  u  d  i  g
       t  p  i  c  r                                 RMS    maximum
       e  d  i  u  i                       energy  density   DIIS  
       r  t  s  t  d       total energy    change  change    error 
  
etot    1  N  N  2  U   -1843.70833516502           5.1E-04  1.6E-02
etot    2  Y  Y  6  M   -1843.76859036144  6.0E-02  6.2E-05  1.3E-03
etot    3  N  Y  2  U   -1843.76811327896 -4.8E-04  5.1E-05  1.2E-03
etot    4  Y  Y  6  M   -1843.76853966244  4.3E-04  2.2E-05  8.4E-04
etot    5  N  Y  2  U   -1843.76871228386  1.7E-04  6.7E-06  3.1E-04
etot    6  N  Y  2  U   -1843.76873047295  1.8E-05  2.6E-06  5.7E-05
etot    7  N  N  2  U   -1843.76873098872  5.2E-07  0.0E+00  0.0E+00
scf (DFT) done.
der1a (1-e 1st deriv.) done.
rwr (1st deriv. Q) done.
der1b (2-e 1st deriv.) done.
  Geometry optimization step  21
  Total energy:     -1843.82413309943 hartrees
  energy change:          -5.0629E-04 .  (  5.0000E-05 )
  gradient maximum:        8.0921E-03 .  (  4.5000E-04 )
  gradient rms:            1.0092E-03 .  (  3.0000E-04 )
  displacement maximum:    1.5299E-01 .  (  1.8000E-03 )
  displacement rms:        1.9202E-02 .  (  1.2000E-03 )
  
  predicted energy change: -1.0899E-03
  step size:     0.29994
  trust radius:  0.30000
---------------- geometry iteration  21 complete ----------------
geopt (optimize geometry) done.
onee (1-electron integrals) done.
probe (project orbitals) done.
grid (grid generation) done.
rwr (Q operators) done.
  
       i  u  d  i  g
       t  p  i  c  r                                 RMS    maximum
       e  d  i  u  i                       energy  density   DIIS  
       r  t  s  t  d       total energy    change  change    error 
  
etot    1  N  N  2  U   -1843.70795036959           6.6E-04  1.9E-02
etot    2  Y  Y  6  M   -1843.76902133824  6.1E-02  7.3E-05  1.2E-03
etot    3  N  Y  2  U   -1843.76817559637 -8.5E-04  6.0E-05  2.3E-03
etot    4  Y  Y  6  M   -1843.76891987147  7.4E-04  2.2E-05  8.8E-04
etot    5  N  Y  2  U   -1843.76907007858  1.5E-04  6.7E-06  3.1E-04
etot    6  N  Y  2  U   -1843.76908552278  1.5E-05  3.0E-06  9.1E-05
etot    7  N  N  2  U   -1843.76908623378  7.1E-07  0.0E+00  0.0E+00
scf (DFT) done.
der1a (1-e 1st deriv.) done.
rwr (1st deriv. Q) done.
der1b (2-e 1st deriv.) done.
  Geometry optimization step  22
  Total energy:     -1843.82419509422 hartrees
  energy change:          -6.1995E-05 .  (  5.0000E-05 )
  gradient maximum:        1.7570E-02 .  (  4.5000E-04 )
  gradient rms:            1.9208E-03 .  (  3.0000E-04 )
  displacement maximum:    1.4458E-01 .  (  1.8000E-03 )
  displacement rms:        1.9205E-02 .  (  1.2000E-03 )
  
  predicted energy change: -1.3682E-03
  step size:     0.29999
  trust radius:  0.30000
---------------- geometry iteration  22 complete ----------------
geopt (optimize geometry) done.
onee (1-electron integrals) done.
probe (project orbitals) done.
grid (grid generation) done.
rwr (Q operators) done.
  
       i  u  d  i  g
       t  p  i  c  r                                 RMS    maximum
       e  d  i  u  i                       energy  density   DIIS  
       r  t  s  t  d       total energy    change  change    error 
  
etot    1  N  N  2  U   -1843.70256390696           4.8E-04  2.3E-02
etot    2  Y  Y  6  M   -1843.77034731908  6.8E-02  7.9E-05  1.3E-03
etot    3  N  Y  2  U   -1843.76930838833 -1.0E-03  6.0E-05  1.9E-03
etot    4  Y  Y  6  M   -1843.77035451038  1.0E-03  1.6E-05  6.4E-04
etot    5  N  Y  2  U   -1843.77047233047  1.2E-04  4.6E-06  1.7E-04
etot    6  N  N  2  U   -1843.77047880244  6.5E-06  0.0E+00  0.0E+00
scf (DFT) done.
der1a (1-e 1st deriv.) done.
rwr (1st deriv. Q) done.
der1b (2-e 1st deriv.) done.
  Geometry optimization step  23
  Total energy:     -1843.82562093080 hartrees
  energy change:          -1.4258E-03 .  (  5.0000E-05 )
  gradient maximum:        1.7462E-02 .  (  4.5000E-04 )
  gradient rms:            1.9224E-03 .  (  3.0000E-04 )
  displacement maximum:    1.5012E-01 .  (  1.8000E-03 )
  displacement rms:        1.9203E-02 .  (  1.2000E-03 )
  
  predicted energy change: -1.7219E-03
  step size:     0.29997
  trust radius:  0.30000
---------------- geometry iteration  23 complete ----------------
geopt (optimize geometry) done.
onee (1-electron integrals) done.
probe (project orbitals) done.
grid (grid generation) done.
rwr (Q operators) done.
  
       i  u  d  i  g
       t  p  i  c  r                                 RMS    maximum
       e  d  i  u  i                       energy  density   DIIS  
       r  t  s  t  d       total energy    change  change    error 
  
etot    1  N  N  2  U   -1843.72164437488           4.2E-04  1.3E-02
etot    2  Y  Y  6  M   -1843.77200012584  5.0E-02  7.5E-05  1.2E-03
etot    3  N  Y  2  U   -1843.77122163004 -7.8E-04  6.0E-05  2.1E-03
etot    4  Y  Y  6  M   -1843.77203684313  8.2E-04  1.9E-05  8.3E-04
etot    5  N  Y  2  U   -1843.77220455599  1.7E-04  6.4E-06  2.2E-04
etot    6  N  Y  2  U   -1843.77221890974  1.4E-05  2.8E-06  6.6E-05
etot    7  N  N  2  U   -1843.77221977958  8.7E-07  0.0E+00  0.0E+00
scf (DFT) done.
der1a (1-e 1st deriv.) done.
rwr (1st deriv. Q) done.
der1b (2-e 1st deriv.) done.
  Geometry optimization step  24
  Total energy:     -1843.82747979351 hartrees
  energy change:          -1.8589E-03 .  (  5.0000E-05 )
  gradient maximum:        7.8429E-03 .  (  4.5000E-04 )
  gradient rms:            1.1980E-03 .  (  3.0000E-04 )
  displacement maximum:    1.3395E-01 .  (  1.8000E-03 )
  displacement rms:        1.9206E-02 .  (  1.2000E-03 )
  
  predicted energy change: -1.4791E-03
  step size:     0.30000
  trust radius:  0.30000
---------------- geometry iteration  24 complete ----------------
geopt (optimize geometry) done.
onee (1-electron integrals) done.
probe (project orbitals) done.
grid (grid generation) done.
rwr (Q operators) done.
  
       i  u  d  i  g
       t  p  i  c  r                                 RMS    maximum
       e  d  i  u  i                       energy  density   DIIS  
       r  t  s  t  d       total energy    change  change    error 
  
etot    1  N  N  2  U   -1843.69244375605           5.1E-04  1.5E-02
etot    2  Y  Y  6  M   -1843.77229065989  8.0E-02  7.9E-05  1.3E-03
etot    3  N  Y  2  U   -1843.77146516007 -8.3E-04  6.7E-05  2.0E-03
etot    4  Y  Y  6  M   -1843.77223860079  7.7E-04  2.6E-05  1.1E-03
etot    5  N  Y  2  U   -1843.77246397720  2.3E-04  7.5E-06  3.6E-04
etot    6  N  Y  2  U   -1843.77248706200  2.3E-05  3.0E-06  8.6E-05
etot    7  N  N  2  U   -1843.77248802488  9.6E-07  0.0E+00  0.0E+00
scf (DFT) done.
der1a (1-e 1st deriv.) done.
rwr (1st deriv. Q) done.
der1b (2-e 1st deriv.) done.
  Geometry optimization step  25
  Total energy:     -1843.82801511051 hartrees
  energy change:          -5.3532E-04 .  (  5.0000E-05 )
  gradient maximum:        7.6332E-03 .  (  4.5000E-04 )
  gradient rms:            1.1178E-03 .  (  3.0000E-04 )
  displacement maximum:    1.4376E-01 .  (  1.8000E-03 )
  displacement rms:        1.9206E-02 .  (  1.2000E-03 )
  
  predicted energy change: -1.3639E-03
  step size:     0.30000
  trust radius:  0.30000
---------------- geometry iteration  25 complete ----------------
geopt (optimize geometry) done.
onee (1-electron integrals) done.
probe (project orbitals) done.
grid (grid generation) done.
rwr (Q operators) done.
  
       i  u  d  i  g
       t  p  i  c  r                                 RMS    maximum
       e  d  i  u  i                       energy  density   DIIS  
       r  t  s  t  d       total energy    change  change    error 
  
etot    1  N  N  2  U   -1843.71873869797           4.3E-04  1.6E-02
etot    2  Y  Y  6  M   -1843.77370880257  5.5E-02  7.3E-05  1.4E-03
etot    3  N  Y  2  U   -1843.77311176656 -6.0E-04  5.7E-05  3.2E-03
etot    4  Y  Y  6  M   -1843.77394570957  8.3E-04  2.2E-05  1.1E-03
etot    5  N  Y  2  U   -1843.77410500193  1.6E-04  6.8E-06  1.9E-04
etot    6  N  Y  2  U   -1843.77411903615  1.4E-05  2.1E-06  4.0E-05
etot    7  N  N  2  U   -1843.77411932659  2.9E-07  0.0E+00  0.0E+00
scf (DFT) done.
der1a (1-e 1st deriv.) done.
rwr (1st deriv. Q) done.
der1b (2-e 1st deriv.) done.
  Geometry optimization step  26
  Total energy:     -1843.82946988176 hartrees
  energy change:          -1.4548E-03 .  (  5.0000E-05 )
  gradient maximum:        7.0085E-03 .  (  4.5000E-04 )
  gradient rms:            1.0272E-03 .  (  3.0000E-04 )
  displacement maximum:    1.0990E-01 .  (  1.8000E-03 )
  displacement rms:        1.7650E-02 .  (  1.2000E-03 )
  
  predicted energy change: -5.9756E-04
  step size:     0.27569
  trust radius:  0.30000
---------------- geometry iteration  26 complete ----------------
geopt (optimize geometry) done.
onee (1-electron integrals) done.
probe (project orbitals) done.
grid (grid generation) done.
rwr (Q operators) done.
  
       i  u  d  i  g
       t  p  i  c  r                                 RMS    maximum
       e  d  i  u  i                       energy  density   DIIS  
       r  t  s  t  d       total energy    change  change    error 
  
etot    1  N  N  2  U   -1843.71943190820           4.2E-04  1.5E-02
etot    2  Y  Y  6  M   -1843.77464494368  5.5E-02  6.6E-05  1.1E-03
etot    3  N  Y  2  U   -1843.77410791112 -5.4E-04  5.0E-05  1.4E-03
etot    4  N  Y  2  U   -1843.77465186410  5.4E-04  1.8E-05  6.4E-04
etot    5  N  Y  2  U   -1843.77474154044  9.0E-05  5.5E-06  1.8E-04
etot    6  N  Y  2  U   -1843.77475069759  9.2E-06  2.3E-06  5.5E-05
etot    7  N  N  2  U   -1843.77475094120  2.4E-07  0.0E+00  0.0E+00
scf (DFT) done.
der1a (1-e 1st deriv.) done.
rwr (1st deriv. Q) done.
der1b (2-e 1st deriv.) done.
  Geometry optimization step  27
  Total energy:     -1843.83010457258 hartrees
  energy change:          -6.3469E-04 .  (  5.0000E-05 )
  gradient maximum:        2.2285E-03 .  (  4.5000E-04 )
  gradient rms:            4.8193E-04 .  (  3.0000E-04 )
  displacement maximum:    5.0297E-02 .  (  1.8000E-03 )
  displacement rms:        9.0472E-03 .  (  1.2000E-03 )
  
  predicted energy change: -2.1337E-04
  step size:     0.14132
  trust radius:  0.30000
---------------- geometry iteration  27 complete ----------------
geopt (optimize geometry) done.
onee (1-electron integrals) done.
probe (project orbitals) done.
grid (grid generation) done.
rwr (Q operators) done.
  
       i  u  d  i  g
       t  p  i  c  r                                 RMS    maximum
       e  d  i  u  i                       energy  density   DIIS  
       r  t  s  t  d       total energy    change  change    error 
  
etot    1  N  N  2  U   -1843.76370551297           2.0E-04  5.5E-03
etot    2  Y  Y  6  M   -1843.77471677501  1.1E-02  4.1E-05  5.4E-04
etot    3  N  Y  2  U   -1843.77450088460 -2.2E-04  3.4E-05  1.4E-03
etot    4  N  Y  2  U   -1843.77478896492  2.9E-04  1.3E-05  5.7E-04
etot    5  N  Y  2  U   -1843.77482850558  4.0E-05  3.9E-06  2.2E-04
etot    6  N  N  2  U   -1843.77483277209  4.3E-06  0.0E+00  0.0E+00
scf (DFT) done.
der1a (1-e 1st deriv.) done.
rwr (1st deriv. Q) done.
der1b (2-e 1st deriv.) done.
  Geometry optimization step  28
  Total energy:     -1843.83012752796 hartrees
  ** restarting optimization from step   27 **
  energy change:          -2.2955E-05 *  (  5.0000E-05 )
  gradient maximum:        2.2285E-03 .  (  4.5000E-04 )
  gradient rms:            4.8193E-04 .  (  3.0000E-04 )
  displacement maximum:    6.2886E-02 .  (  1.8000E-03 )
  displacement rms:        9.0193E-03 .  (  1.2000E-03 )
  
  predicted energy change: -2.3750E-04
  step size:     0.14089
  trust radius:  0.30000
---------------- geometry iteration  28 complete ----------------
geopt (optimize geometry) done.
onee (1-electron integrals) done.
probe (project orbitals) done.
grid (grid generation) done.
rwr (Q operators) done.
  
       i  u  d  i  g
       t  p  i  c  r                                 RMS    maximum
       e  d  i  u  i                       energy  density   DIIS  
       r  t  s  t  d       total energy    change  change    error 
  
etot    1  N  N  2  U   -1843.76595368380           1.9E-04  3.8E-03
etot    2  Y  Y  6  M   -1843.77483117203  8.9E-03  4.9E-05  6.5E-04
etot    3  N  Y  2  U   -1843.77444372333 -3.9E-04  3.8E-05  2.0E-03
etot    4  N  Y  2  U   -1843.77486833290  4.2E-04  1.1E-05  5.6E-04
etot    5  N  Y  2  U   -1843.77489488176  2.7E-05  4.1E-06  1.8E-04
etot    6  N  N  2  U   -1843.77490100858  6.1E-06  0.0E+00  0.0E+00
scf (DFT) done.
der1a (1-e 1st deriv.) done.
rwr (1st deriv. Q) done.
der1b (2-e 1st deriv.) done.
  Geometry optimization step  29
  Total energy:     -1843.83029403447 hartrees
  energy change:          -1.8946E-04 .  (  5.0000E-05 )
  gradient maximum:        5.3259E-03 .  (  4.5000E-04 )
  gradient rms:            7.7495E-04 .  (  3.0000E-04 )
  displacement maximum:    6.0620E-02 .  (  1.8000E-03 )
  displacement rms:        7.0441E-03 .  (  1.2000E-03 )
  
  predicted energy change: -1.4740E-04
  step size:     0.11003
  trust radius:  0.30000
---------------- geometry iteration  29 complete ----------------
geopt (optimize geometry) done.
onee (1-electron integrals) done.
probe (project orbitals) done.
grid (grid generation) done.
rwr (Q operators) done.
  
       i  u  d  i  g
       t  p  i  c  r                                 RMS    maximum
       e  d  i  u  i                       energy  density   DIIS  
       r  t  s  t  d       total energy    change  change    error 
  
etot    1  N  N  2  U   -1843.76288551470           2.0E-04  7.4E-03
etot    2  Y  Y  6  M   -1843.77471929962  1.2E-02  4.5E-05  8.2E-04
etot    3  N  Y  2  U   -1843.77435863880 -3.6E-04  4.0E-05  1.5E-03
etot    4  N  Y  2  U   -1843.77476613055  4.1E-04  1.2E-05  5.1E-04
etot    5  N  Y  2  U   -1843.77481119833  4.5E-05  3.4E-06  1.1E-04
etot    6  N  N  2  U   -1843.77481624154  5.0E-06  0.0E+00  0.0E+00
scf (DFT) done.
der1a (1-e 1st deriv.) done.
rwr (1st deriv. Q) done.
der1b (2-e 1st deriv.) done.
  Geometry optimization step  30
  Total energy:     -1843.83026632802 hartrees
  energy change:           2.7706E-05 *  (  5.0000E-05 )
  gradient maximum:        2.0524E-03 .  (  4.5000E-04 )
  gradient rms:            3.4495E-04 .  (  3.0000E-04 )
  displacement maximum:    4.3400E-02 .  (  1.8000E-03 )
  displacement rms:        4.9610E-03 .  (  1.2000E-03 )
  
  predicted energy change: -6.2688E-05
  step size:     0.07749
  trust radius:  0.30000
---------------- geometry iteration  30 complete ----------------
geopt (optimize geometry) done.
onee (1-electron integrals) done.
probe (project orbitals) done.
grid (grid generation) done.
rwr (Q operators) done.
  
       i  u  d  i  g
       t  p  i  c  r                                 RMS    maximum
       e  d  i  u  i                       energy  density   DIIS  
       r  t  s  t  d       total energy    change  change    error 
  
etot    1  N  N  2  U   -1843.76972033446           1.3E-04  5.6E-03
etot    2  Y  Y  6  M   -1843.77495910558  5.2E-03  2.0E-05  4.6E-04
etot    3  N  Y  2  U   -1843.77489477608 -6.4E-05  1.8E-05  6.6E-04
etot    4  N  Y  2  U   -1843.77495284983  5.8E-05  7.9E-06  4.4E-04
etot    5  N  Y  2  U   -1843.77497342686  2.1E-05  2.0E-06  6.3E-05
etot    6  N  N  2  U   -1843.77497459435  1.2E-06  0.0E+00  0.0E+00
scf (DFT) done.
der1a (1-e 1st deriv.) done.
rwr (1st deriv. Q) done.
der1b (2-e 1st deriv.) done.
  Geometry optimization step  31
  Total energy:     -1843.83037755911 hartrees
  energy change:          -1.1123E-04 .  (  5.0000E-05 )
  gradient maximum:        1.0312E-03 .  (  4.5000E-04 )
  gradient rms:            1.6489E-04 *  (  3.0000E-04 )
  displacement maximum:    3.2095E-02 .  (  1.8000E-03 )
  displacement rms:        4.6110E-03 .  (  1.2000E-03 )
  
  predicted energy change: -3.2565E-05
  step size:     0.07203
  trust radius:  0.30000
---------------- geometry iteration  31 complete ----------------
geopt (optimize geometry) done.
onee (1-electron integrals) done.
probe (project orbitals) done.
grid (grid generation) done.
rwr (Q operators) done.
  
       i  u  d  i  g
       t  p  i  c  r                                 RMS    maximum
       e  d  i  u  i                       energy  density   DIIS  
       r  t  s  t  d       total energy    change  change    error 
  
etot    1  N  N  2  U   -1843.77171642786           1.1E-04  4.1E-03
etot    2  Y  Y  6  M   -1843.77487153736  3.2E-03  1.3E-05  2.7E-04
etot    3  N  Y  2  U   -1843.77485892543 -1.3E-05  9.8E-06  3.2E-04
etot    4  N  Y  2  U   -1843.77487038178  1.1E-05  4.7E-06  2.8E-04
etot    5  N  N  2  U   -1843.77487793960  7.6E-06  0.0E+00  0.0E+00
scf (DFT) done.
der1a (1-e 1st deriv.) done.
rwr (1st deriv. Q) done.
der1b (2-e 1st deriv.) done.
  Geometry optimization step  32
  Total energy:     -1843.83034174676 hartrees
  energy change:           3.5812E-05 *  (  5.0000E-05 )
  gradient maximum:        1.5963E-03 .  (  4.5000E-04 )
  gradient rms:            3.1836E-04 .  (  3.0000E-04 )
  displacement maximum:    2.5041E-02 .  (  1.8000E-03 )
  displacement rms:        3.5168E-03 .  (  1.2000E-03 )
  
  predicted energy change: -4.0736E-05
  step size:     0.05493
  trust radius:  0.30000
---------------- geometry iteration  32 complete ----------------
geopt (optimize geometry) done.
onee (1-electron integrals) done.
probe (project orbitals) done.
grid (grid generation) done.
rwr (Q operators) done.
  
       i  u  d  i  g
       t  p  i  c  r                                 RMS    maximum
       e  d  i  u  i                       energy  density   DIIS  
       r  t  s  t  d       total energy    change  change    error 
  
etot    1  N  N  2  U   -1843.77302623102           8.1E-05  2.8E-03
etot    2  Y  Y  6  M   -1843.77491177825  1.9E-03  1.4E-05  2.2E-04
etot    3  N  Y  2  U   -1843.77487279153 -3.9E-05  1.1E-05  3.8E-04
etot    4  N  Y  2  U   -1843.77490810301  3.5E-05  3.8E-06  1.8E-04
etot    5  N  N  2  U   -1843.77491167870  3.6E-06  0.0E+00  0.0E+00
scf (DFT) done.
der1a (1-e 1st deriv.) done.
rwr (1st deriv. Q) done.
der1b (2-e 1st deriv.) done.
  Geometry optimization step  33
  Total energy:     -1843.83034052702 hartrees
  energy change:           1.2197E-06 #  (  5.0000E-05 )
  gradient maximum:        6.3488E-04 .  (  4.5000E-04 )
  gradient rms:            1.1231E-04 *  (  3.0000E-04 )
  displacement maximum:    8.2886E-03 .  (  1.8000E-03 )
  displacement rms:        1.3672E-03 .  (  1.2000E-03 )
  
  predicted energy change: -6.9734E-06
  step size:     0.02136
  trust radius:  0.30000
---------------- geometry iteration  33 complete ----------------
geopt (optimize geometry) done.
onee (1-electron integrals) done.
probe (project orbitals) done.
grid (grid generation) done.
rwr (Q operators) done.
  
       i  u  d  i  g
       t  p  i  c  r                                 RMS    maximum
       e  d  i  u  i                       energy  density   DIIS  
       r  t  s  t  d       total energy    change  change    error 
  
etot    1  N  N  2  U   -1843.77399031945           5.3E-05  1.4E-03
etot    2  Y  Y  6  M   -1843.77486630546  8.8E-04  2.3E-05  2.9E-04
etot    3  N  Y  2  U   -1843.77474725465 -1.2E-04  1.8E-05  9.7E-04
etot    4  N  Y  2  U   -1843.77488019589  1.3E-04  3.1E-06  1.1E-04
etot    5  N  N  2  U   -1843.77488193492  1.7E-06  0.0E+00  0.0E+00
scf (DFT) done.
der1a (1-e 1st deriv.) done.
rwr (1st deriv. Q) done.
der1b (2-e 1st deriv.) done.
  Geometry optimization step  34
  Total energy:     -1843.83034104344 hartrees
  energy change:          -5.1642E-07 #  (  5.0000E-05 )
  gradient maximum:        3.4544E-04 *  (  4.5000E-04 )
  gradient rms:            5.5687E-05 #  (  3.0000E-04 )
  displacement maximum:    5.9958E-03 .  (  1.8000E-03 )
  displacement rms:        1.1983E-03 *  (  1.2000E-03 )
  
  predicted energy change: -3.0039E-06
  step size:     0.01872
  trust radius:  0.30000
------------- final geometry iteration  34 complete -------------
geopt (optimize geometry) done.
cutabab2 (abab integrals) done.
der2a (1-e JK-1st deriv.) done.
der2b (2-e JK-1st deriv.) done.
der2nda (1-e 2nd deriv.) done.
der2ndb (2-e 2nd deriv.) done.
rwr (Q operators) done.
cphfa (gradient of wave function) done.
freq (vib. frequencies) done.
Job J1_10069_2111 completed on hpc-90-06.cm.cluster at Wed May 29 07:31:54 2024
Timer (jaguar_backend.py) : 5079.64 secs (1 hrs, 24 mins, 39 secs)
Finished:   Wed May 29 07:31:54 2024
