Command:  /groups/wag/programs/Schrodinger_2020_3/jaguar run -WAIT -PARALLEL 8 /central/home/labounad/wittig-ch121/out/J1_1514_2111/J1_1514_2111.in
Release:  2020-3
Exec:     /groups/wag/programs/Schrodinger_2020_3/jaguar-v10.9/bin/Linux-x86_64
Host:     hpc-89-07.cm.cluster
JobId:    hpc-89-07-0-6656eb48
JobDir:   /central/scratch/labounad/J1_1514_2111#hpc-89-07-0-6656eb48
Date:     Wed May 29 01:46:02 2024

Contents of /central/scratch/labounad/J1_1514_2111#hpc-89-07-0-6656eb48:
/central/scratch/labounad/J1_1514_2111#hpc-89-07-0-6656eb48/J1_1514_2111.in
/central/scratch/labounad/J1_1514_2111#hpc-89-07-0-6656eb48/.write_dir.json
/central/scratch/labounad/J1_1514_2111#hpc-89-07-0-6656eb48/hpc-89-07-0-6656eb48.recover
/central/scratch/labounad/J1_1514_2111#hpc-89-07-0-6656eb48/hpc-89-07-0-6656eb48.nodes
/central/scratch/labounad/J1_1514_2111#hpc-89-07-0-6656eb48/J1_1514_2111.log
/central/scratch/labounad/J1_1514_2111#hpc-89-07-0-6656eb48/hpc-89-07-0-6656eb48
/central/scratch/labounad/J1_1514_2111#hpc-89-07-0-6656eb48/hpc-89-07-0-6656eb48.mpinodes
/central/scratch/labounad/J1_1514_2111#hpc-89-07-0-6656eb48/J1_1514_2111.recover

Executing subprocess:
/groups/wag/programs/Schrodinger_2020_3/jaguar-v10.9/bin/Linux-x86_64/jexec J1_1514_2111.in -T 8 -out /central/scratch/labounad/J1_1514_2111#hpc-89-07-0-6656eb48 -cwd

Job J1_1514_2111 started on hpc-89-07.cm.cluster at Wed May 29 01:46:02 2024
jobid: hpc-89-07-0-6656eb48 
Jaguar version 10.9, release 139
 Using up to   8 threads per process
Molecular Point Group: C1      
Point Group used: C1
pre (input checking) done.
onee (1-electron integrals) done.
hfig (HF initial guess) done.
probe (project orbitals) done.
grid (grid generation) done.
rwr (Q operators) done.
scf type: DFT=PBE(X+LC)+PW91 (PBE-D3)
  
       i  u  d  i  g
       t  p  i  c  r                                 RMS    maximum
       e  d  i  u  i                       energy  density   DIIS  
       r  t  s  t  d       total energy    change  change    error 
  
etot    1  N  N  5  M   -1422.96353391563           5.0E-03  1.2E-01
etot    2  Y  Y  6  M   -1423.49606321489  5.3E-01  4.4E-03  1.4E-01
etot    3  Y  Y  6  M   -1423.79679582380  3.0E-01  3.0E-03  1.9E-01
etot    4  N  Y  2  U   -1427.04072571458  3.2E+00  1.7E-03  6.5E-02
etot    5  Y  Y  6  M   -1427.29003219509  2.5E-01  9.7E-04  4.0E-02
etot    6  N  Y  2  U   -1427.43588277916  1.5E-01  3.7E-04  1.5E-02
etot    7  Y  Y  6  M   -1427.46017929081  2.4E-02  1.8E-04  3.2E-03
etot    8  N  Y  2  U   -1427.46582244869  5.6E-03  7.8E-05  2.5E-03
etot    9  Y  Y  6  M   -1427.46759634046  1.8E-03  2.7E-05  1.0E-03
etot   10  N  Y  2  U   -1427.46776279020  1.7E-04  7.9E-06  1.5E-04
etot   11  N  Y  2  U   -1427.46777050655  7.7E-06  3.1E-06  1.3E-04
etot   12  N  N  2  U   -1427.46777204529  1.5E-06  0.0E+00  0.0E+00
scf (DFT) done.
der1a (1-e 1st deriv.) done.
rwr (1st deriv. Q) done.
der1b (2-e 1st deriv.) done.
  Geometry optimization step   1
  Total energy:     -1427.52507441092 hartrees
  gradient maximum:        2.8145E-02 .  (  4.5000E-04 )
  gradient rms:            6.9156E-03 .  (  3.0000E-04 )
  displacement maximum:    7.1186E-02 .  (  1.8000E-03 )
  displacement rms:        1.9593E-02 .  (  1.2000E-03 )
  
  predicted energy change: -1.7967E-02
  step size:     0.30036
  trust radius:  0.30000
---------------- geometry iteration   1 complete ----------------
geopt (optimize geometry) done.
onee (1-electron integrals) done.
probe (project orbitals) done.
grid (grid generation) done.
rwr (Q operators) done.
  
       i  u  d  i  g
       t  p  i  c  r                                 RMS    maximum
       e  d  i  u  i                       energy  density   DIIS  
       r  t  s  t  d       total energy    change  change    error 
  
etot    1  N  N  2  U   -1427.46520769671           3.0E-04  3.9E-03
etot    2  Y  Y  6  M   -1427.48217404736  1.7E-02  1.0E-04  2.9E-03
etot    3  N  Y  2  U   -1427.47980028313 -2.4E-03  7.9E-05  7.4E-03
etot    4  Y  Y  6  M   -1427.48276399307  3.0E-03  1.9E-05  1.2E-03
etot    5  N  Y  2  U   -1427.48281150876  4.8E-05  6.1E-06  1.5E-04
etot    6  N  Y  2  U   -1427.48281973568  8.2E-06  2.4E-06  5.7E-05
etot    7  N  N  2  U   -1427.48282115250  1.4E-06  0.0E+00  0.0E+00
scf (DFT) done.
der1a (1-e 1st deriv.) done.
rwr (1st deriv. Q) done.
der1b (2-e 1st deriv.) done.
  Geometry optimization step   2
  Total energy:     -1427.54107432402 hartrees
  energy change:          -1.6000E-02 .  (  5.0000E-05 )
  gradient maximum:        1.3174E-02 .  (  4.5000E-04 )
  gradient rms:            2.5078E-03 .  (  3.0000E-04 )
  displacement maximum:    7.1671E-02 .  (  1.8000E-03 )
  displacement rms:        1.5649E-02 .  (  1.2000E-03 )
  
  predicted energy change: -4.7563E-03
  step size:     0.23990
  trust radius:  0.30000
---------------- geometry iteration   2 complete ----------------
geopt (optimize geometry) done.
onee (1-electron integrals) done.
probe (project orbitals) done.
grid (grid generation) done.
rwr (Q operators) done.
  
       i  u  d  i  g
       t  p  i  c  r                                 RMS    maximum
       e  d  i  u  i                       energy  density   DIIS  
       r  t  s  t  d       total energy    change  change    error 
  
etot    1  N  N  2  U   -1427.44863371756           4.0E-04  5.8E-03
etot    2  Y  Y  6  M   -1427.48562124815  3.7E-02  1.0E-04  2.3E-03
etot    3  N  Y  2  U   -1427.48321606132 -2.4E-03  8.1E-05  6.6E-03
etot    4  Y  Y  6  M   -1427.48599359901  2.8E-03  1.8E-05  1.3E-03
etot    5  N  Y  2  U   -1427.48606244399  6.9E-05  7.1E-06  3.1E-04
etot    6  N  Y  2  U   -1427.48607614948  1.4E-05  2.4E-06  4.1E-05
etot    7  N  N  2  U   -1427.48607717065  1.0E-06  0.0E+00  0.0E+00
scf (DFT) done.
der1a (1-e 1st deriv.) done.
rwr (1st deriv. Q) done.
der1b (2-e 1st deriv.) done.
  Geometry optimization step   3
  Total energy:     -1427.54230049005 hartrees
  energy change:          -1.2262E-03 .  (  5.0000E-05 )
  gradient maximum:        3.0770E-02 .  (  4.5000E-04 )
  gradient rms:            3.8762E-03 .  (  3.0000E-04 )
  displacement maximum:    1.0539E-01 .  (  1.8000E-03 )
  displacement rms:        1.9611E-02 .  (  1.2000E-03 )
  
  predicted energy change: -4.5377E-03
  step size:     0.30064
  trust radius:  0.30000
---------------- geometry iteration   3 complete ----------------
geopt (optimize geometry) done.
onee (1-electron integrals) done.
probe (project orbitals) done.
grid (grid generation) done.
rwr (Q operators) done.
  
       i  u  d  i  g
       t  p  i  c  r                                 RMS    maximum
       e  d  i  u  i                       energy  density   DIIS  
       r  t  s  t  d       total energy    change  change    error 
  
etot    1  N  N  2  U   -1427.44045319606           4.6E-04  1.0E-02
etot    2  Y  Y  6  M   -1427.48611564673  4.6E-02  8.2E-05  1.2E-03
etot    3  N  Y  2  U   -1427.48561552557 -5.0E-04  5.9E-05  2.0E-03
etot    4  Y  Y  6  M   -1427.48650151478  8.9E-04  1.9E-05  9.3E-04
etot    5  N  Y  2  U   -1427.48655486187  5.3E-05  6.4E-06  3.5E-04
etot    6  N  Y  2  U   -1427.48656985315  1.5E-05  2.1E-06  6.9E-05
etot    7  N  N  2  U   -1427.48657027232  4.2E-07  0.0E+00  0.0E+00
scf (DFT) done.
der1a (1-e 1st deriv.) done.
rwr (1st deriv. Q) done.
der1b (2-e 1st deriv.) done.
  Geometry optimization step   4
  Total energy:     -1427.54482858010 hartrees
  energy change:          -2.5281E-03 .  (  5.0000E-05 )
  gradient maximum:        1.1300E-02 .  (  4.5000E-04 )
  gradient rms:            2.3664E-03 .  (  3.0000E-04 )
  displacement maximum:    5.8162E-02 .  (  1.8000E-03 )
  displacement rms:        1.2679E-02 .  (  1.2000E-03 )
  
  predicted energy change: -1.4876E-03
  step size:     0.19437
  trust radius:  0.30000
---------------- geometry iteration   4 complete ----------------
geopt (optimize geometry) done.
onee (1-electron integrals) done.
probe (project orbitals) done.
grid (grid generation) done.
rwr (Q operators) done.
  
       i  u  d  i  g
       t  p  i  c  r                                 RMS    maximum
       e  d  i  u  i                       energy  density   DIIS  
       r  t  s  t  d       total energy    change  change    error 
  
etot    1  N  N  2  U   -1427.47610644058           2.4E-04  3.7E-03
etot    2  Y  Y  6  M   -1427.48865337827  1.3E-02  6.8E-05  6.9E-04
etot    3  N  Y  2  U   -1427.48812322368 -5.3E-04  4.6E-05  1.5E-03
etot    4  N  Y  2  U   -1427.48874154200  6.2E-04  8.7E-06  1.7E-04
etot    5  N  Y  2  U   -1427.48875059136  9.0E-06  3.8E-06  1.0E-04
etot    6  N  N  2  U   -1427.48875487581  4.3E-06  0.0E+00  0.0E+00
scf (DFT) done.
der1a (1-e 1st deriv.) done.
rwr (1st deriv. Q) done.
der1b (2-e 1st deriv.) done.
  Geometry optimization step   5
  Total energy:     -1427.54648110134 hartrees
  energy change:          -1.6525E-03 .  (  5.0000E-05 )
  gradient maximum:        3.9149E-03 .  (  4.5000E-04 )
  gradient rms:            9.1534E-04 .  (  3.0000E-04 )
  displacement maximum:    1.1106E-01 .  (  1.8000E-03 )
  displacement rms:        1.9576E-02 .  (  1.2000E-03 )
  
  predicted energy change: -1.1949E-03
  step size:     0.30009
  trust radius:  0.30000
---------------- geometry iteration   5 complete ----------------
geopt (optimize geometry) done.
onee (1-electron integrals) done.
probe (project orbitals) done.
grid (grid generation) done.
rwr (Q operators) done.
  
       i  u  d  i  g
       t  p  i  c  r                                 RMS    maximum
       e  d  i  u  i                       energy  density   DIIS  
       r  t  s  t  d       total energy    change  change    error 
  
etot    1  N  N  2  U   -1427.43561324159           4.7E-04  9.1E-03
etot    2  Y  Y  6  M   -1427.48670768701  5.1E-02  6.9E-05  1.8E-03
etot    3  N  Y  2  U   -1427.48671466283  7.0E-06  4.7E-05  1.1E-03
etot    4  N  Y  2  U   -1427.48711502758  4.0E-04  1.7E-05  6.5E-04
etot    5  N  Y  2  U   -1427.48718848005  7.3E-05  5.7E-06  3.4E-04
etot    6  N  Y  2  U   -1427.48720135633  1.3E-05  1.9E-06  7.1E-05
etot    7  N  N  2  U   -1427.48720185957  5.0E-07  0.0E+00  0.0E+00
scf (DFT) done.
der1a (1-e 1st deriv.) done.
rwr (1st deriv. Q) done.
der1b (2-e 1st deriv.) done.
  Geometry optimization step   6
  Total energy:     -1427.54617063402 hartrees
  energy change:           3.1047E-04 .  (  5.0000E-05 )
  gradient maximum:        1.9694E-02 .  (  4.5000E-04 )
  gradient rms:            3.6742E-03 .  (  3.0000E-04 )
  displacement maximum:    1.0814E-01 .  (  1.8000E-03 )
  displacement rms:        1.5714E-02 .  (  1.2000E-03 )
  
  predicted energy change: -1.7882E-03
  step size:     0.24089
  trust radius:  0.30000
---------------- geometry iteration   6 complete ----------------
geopt (optimize geometry) done.
onee (1-electron integrals) done.
probe (project orbitals) done.
grid (grid generation) done.
rwr (Q operators) done.
  
       i  u  d  i  g
       t  p  i  c  r                                 RMS    maximum
       e  d  i  u  i                       energy  density   DIIS  
       r  t  s  t  d       total energy    change  change    error 
  
etot    1  N  N  2  U   -1427.45858421945           3.7E-04  6.2E-03
etot    2  Y  Y  6  M   -1427.48878483793  3.0E-02  5.7E-05  9.1E-04
etot    3  N  Y  2  U   -1427.48826946855 -5.2E-04  4.1E-05  1.9E-03
etot    4  N  Y  2  U   -1427.48879714996  5.3E-04  1.1E-05  6.2E-04
etot    5  N  Y  2  U   -1427.48882383867  2.7E-05  4.6E-06  2.9E-04
etot    6  N  N  2  U   -1427.48883153107  7.7E-06  0.0E+00  0.0E+00
scf (DFT) done.
der1a (1-e 1st deriv.) done.
rwr (1st deriv. Q) done.
der1b (2-e 1st deriv.) done.
  Geometry optimization step   7
  Total energy:     -1427.54754479621 hartrees
  energy change:          -1.3742E-03 .  (  5.0000E-05 )
  gradient maximum:        5.5892E-03 .  (  4.5000E-04 )
  gradient rms:            1.2703E-03 .  (  3.0000E-04 )
  displacement maximum:    1.1782E-01 .  (  1.8000E-03 )
  displacement rms:        1.9584E-02 .  (  1.2000E-03 )
  
  predicted energy change: -1.8238E-03
  step size:     0.30022
  trust radius:  0.30000
---------------- geometry iteration   7 complete ----------------
geopt (optimize geometry) done.
onee (1-electron integrals) done.
probe (project orbitals) done.
grid (grid generation) done.
rwr (Q operators) done.
  
       i  u  d  i  g
       t  p  i  c  r                                 RMS    maximum
       e  d  i  u  i                       energy  density   DIIS  
       r  t  s  t  d       total energy    change  change    error 
  
etot    1  N  N  2  U   -1427.42696835512           5.2E-04  8.6E-03
etot    2  Y  Y  6  M   -1427.48906203376  6.2E-02  1.5E-04  3.2E-03
etot    3  N  Y  2  U   -1427.48447981716 -4.6E-03  1.1E-04  8.8E-03
etot    4  Y  Y  6  M   -1427.48975816070  5.3E-03  2.3E-05  1.3E-03
etot    5  N  Y  2  U   -1427.48987408375  1.2E-04  8.5E-06  3.5E-04
etot    6  N  Y  2  U   -1427.48989753209  2.3E-05  2.9E-06  7.0E-05
etot    7  N  N  2  U   -1427.48989889019  1.4E-06  0.0E+00  0.0E+00
scf (DFT) done.
der1a (1-e 1st deriv.) done.
rwr (1st deriv. Q) done.
der1b (2-e 1st deriv.) done.
  Geometry optimization step   8
  Total energy:     -1427.54701779078 hartrees
  energy change:           5.2701E-04 .  (  5.0000E-05 )
  gradient maximum:        9.9831E-03 .  (  4.5000E-04 )
  gradient rms:            2.1304E-03 .  (  3.0000E-04 )
  displacement maximum:    1.0915E-01 .  (  1.8000E-03 )
  displacement rms:        1.5773E-02 .  (  1.2000E-03 )
  
  predicted energy change: -1.4626E-03
  step size:     0.24179
  trust radius:  0.30000
---------------- geometry iteration   8 complete ----------------
geopt (optimize geometry) done.
onee (1-electron integrals) done.
probe (project orbitals) done.
grid (grid generation) done.
rwr (Q operators) done.
  
       i  u  d  i  g
       t  p  i  c  r                                 RMS    maximum
       e  d  i  u  i                       energy  density   DIIS  
       r  t  s  t  d       total energy    change  change    error 
  
etot    1  N  N  2  U   -1427.46138557525           3.5E-04  1.0E-02
etot    2  Y  Y  6  M   -1427.49086185312  2.9E-02  6.3E-05  1.0E-03
etot    3  N  Y  2  U   -1427.49012595888 -7.4E-04  4.6E-05  3.1E-03
etot    4  N  Y  2  U   -1427.49090785264  7.8E-04  1.2E-05  7.3E-04
etot    5  N  Y  2  U   -1427.49095220873  4.4E-05  4.1E-06  1.7E-04
etot    6  N  N  2  U   -1427.49095770794  5.5E-06  0.0E+00  0.0E+00
scf (DFT) done.
der1a (1-e 1st deriv.) done.
rwr (1st deriv. Q) done.
der1b (2-e 1st deriv.) done.
  Geometry optimization step   9
  Total energy:     -1427.54874657042 hartrees
  energy change:          -1.7288E-03 .  (  5.0000E-05 )
  gradient maximum:        3.6163E-03 .  (  4.5000E-04 )
  gradient rms:            9.3244E-04 .  (  3.0000E-04 )
  displacement maximum:    1.2501E-01 .  (  1.8000E-03 )
  displacement rms:        1.9590E-02 .  (  1.2000E-03 )
  
  predicted energy change: -1.2631E-03
  step size:     0.30032
  trust radius:  0.30000
---------------- geometry iteration   9 complete ----------------
geopt (optimize geometry) done.
onee (1-electron integrals) done.
probe (project orbitals) done.
grid (grid generation) done.
rwr (Q operators) done.
  
       i  u  d  i  g
       t  p  i  c  r                                 RMS    maximum
       e  d  i  u  i                       energy  density   DIIS  
       r  t  s  t  d       total energy    change  change    error 
  
etot    1  N  N  2  U   -1427.44749941808           4.2E-04  7.5E-03
etot    2  Y  Y  6  M   -1427.48971101873  4.2E-02  5.3E-05  9.9E-04
etot    3  N  Y  2  U   -1427.48950569489 -2.1E-04  3.6E-05  9.2E-04
etot    4  N  Y  2  U   -1427.48977124438  2.7E-04  1.3E-05  7.0E-04
etot    5  N  Y  2  U   -1427.48981278130  4.2E-05  4.9E-06  3.2E-04
etot    6  N  N  2  U   -1427.48982222303  9.4E-06  0.0E+00  0.0E+00
scf (DFT) done.
der1a (1-e 1st deriv.) done.
rwr (1st deriv. Q) done.
der1b (2-e 1st deriv.) done.
  Geometry optimization step  10
  Total energy:     -1427.54902160497 hartrees
  energy change:          -2.7503E-04 .  (  5.0000E-05 )
  gradient maximum:        9.9404E-03 .  (  4.5000E-04 )
  gradient rms:            1.6807E-03 .  (  3.0000E-04 )
  displacement maximum:    1.0969E-01 .  (  1.8000E-03 )
  displacement rms:        1.9621E-02 .  (  1.2000E-03 )
  
  predicted energy change: -1.1311E-03
  step size:     0.30078
  trust radius:  0.30000
---------------- geometry iteration  10 complete ----------------
geopt (optimize geometry) done.
onee (1-electron integrals) done.
probe (project orbitals) done.
grid (grid generation) done.
rwr (Q operators) done.
  
       i  u  d  i  g
       t  p  i  c  r                                 RMS    maximum
       e  d  i  u  i                       energy  density   DIIS  
       r  t  s  t  d       total energy    change  change    error 
  
etot    1  N  N  2  U   -1427.45443015259           3.6E-04  9.8E-03
etot    2  Y  Y  6  M   -1427.49128318946  3.7E-02  5.3E-05  5.1E-04
etot    3  N  Y  2  U   -1427.49079335628 -4.9E-04  3.7E-05  1.6E-03
etot    4  N  Y  2  U   -1427.49119436806  4.0E-04  1.1E-05  5.8E-04
etot    5  N  Y  2  U   -1427.49122076753  2.6E-05  4.4E-06  2.3E-04
etot    6  N  N  2  U   -1427.49122721031  6.4E-06  0.0E+00  0.0E+00
scf (DFT) done.
der1a (1-e 1st deriv.) done.
rwr (1st deriv. Q) done.
der1b (2-e 1st deriv.) done.
  Geometry optimization step  11
  Total energy:     -1427.55029772621 hartrees
  energy change:          -1.2761E-03 .  (  5.0000E-05 )
  gradient maximum:        6.0023E-03 .  (  4.5000E-04 )
  gradient rms:            1.0916E-03 .  (  3.0000E-04 )
  displacement maximum:    1.0365E-01 .  (  1.8000E-03 )
  displacement rms:        1.9333E-02 .  (  1.2000E-03 )
  
  predicted energy change: -1.2039E-03
  step size:     0.29637
  trust radius:  0.30000
---------------- geometry iteration  11 complete ----------------
geopt (optimize geometry) done.
onee (1-electron integrals) done.
probe (project orbitals) done.
grid (grid generation) done.
rwr (Q operators) done.
  
       i  u  d  i  g
       t  p  i  c  r                                 RMS    maximum
       e  d  i  u  i                       energy  density   DIIS  
       r  t  s  t  d       total energy    change  change    error 
  
etot    1  N  N  2  U   -1427.42595146605           4.9E-04  1.0E-02
etot    2  Y  Y  6  M   -1427.49200973492  6.6E-02  9.4E-05  2.0E-03
etot    3  N  Y  2  U   -1427.49009697502 -1.9E-03  7.2E-05  5.8E-03
etot    4  Y  Y  6  M   -1427.49216321366  2.1E-03  1.7E-05  1.3E-03
etot    5  N  Y  2  U   -1427.49223249034  6.9E-05  6.4E-06  2.1E-04
etot    6  N  Y  2  U   -1427.49224576694  1.3E-05  2.2E-06  5.5E-05
etot    7  N  N  2  U   -1427.49224630222  5.4E-07  0.0E+00  0.0E+00
scf (DFT) done.
der1a (1-e 1st deriv.) done.
rwr (1st deriv. Q) done.
der1b (2-e 1st deriv.) done.
  Geometry optimization step  12
  Total energy:     -1427.55075156515 hartrees
  energy change:          -4.5384E-04 .  (  5.0000E-05 )
  gradient maximum:        8.9346E-03 .  (  4.5000E-04 )
  gradient rms:            1.2162E-03 .  (  3.0000E-04 )
  displacement maximum:    1.1877E-01 .  (  1.8000E-03 )
  displacement rms:        1.9587E-02 .  (  1.2000E-03 )
  
  predicted energy change: -7.0820E-04
  step size:     0.30026
  trust radius:  0.30000
---------------- geometry iteration  12 complete ----------------
geopt (optimize geometry) done.
onee (1-electron integrals) done.
probe (project orbitals) done.
grid (grid generation) done.
rwr (Q operators) done.
  
       i  u  d  i  g
       t  p  i  c  r                                 RMS    maximum
       e  d  i  u  i                       energy  density   DIIS  
       r  t  s  t  d       total energy    change  change    error 
  
etot    1  N  N  2  U   -1427.46510672306           3.3E-04  6.4E-03
etot    2  Y  Y  6  M   -1427.49245735699  2.7E-02  4.4E-05  4.4E-04
etot    3  N  Y  2  U   -1427.49233518318 -1.2E-04  2.9E-05  9.0E-04
etot    4  N  Y  2  U   -1427.49249152483  1.6E-04  9.1E-06  5.0E-04
etot    5  N  Y  2  U   -1427.49251389854  2.2E-05  3.4E-06  2.3E-04
etot    6  N  N  2  U   -1427.49251858781  4.7E-06  0.0E+00  0.0E+00
scf (DFT) done.
der1a (1-e 1st deriv.) done.
rwr (1st deriv. Q) done.
der1b (2-e 1st deriv.) done.
  Geometry optimization step  13
  Total energy:     -1427.55112276974 hartrees
  energy change:          -3.7120E-04 .  (  5.0000E-05 )
  gradient maximum:        5.9451E-03 .  (  4.5000E-04 )
  gradient rms:            8.8277E-04 .  (  3.0000E-04 )
  displacement maximum:    7.1138E-02 .  (  1.8000E-03 )
  displacement rms:        1.3062E-02 .  (  1.2000E-03 )
  
  predicted energy change: -4.4843E-04
  step size:     0.20023
  trust radius:  0.30000
---------------- geometry iteration  13 complete ----------------
geopt (optimize geometry) done.
onee (1-electron integrals) done.
probe (project orbitals) done.
grid (grid generation) done.
rwr (Q operators) done.
  
       i  u  d  i  g
       t  p  i  c  r                                 RMS    maximum
       e  d  i  u  i                       energy  density   DIIS  
       r  t  s  t  d       total energy    change  change    error 
  
etot    1  N  N  2  U   -1427.45516469705           3.9E-04  7.0E-03
etot    2  Y  Y  6  M   -1427.49227643211  3.7E-02  8.9E-05  2.2E-03
etot    3  N  Y  2  U   -1427.49083471927 -1.4E-03  6.7E-05  5.9E-03
etot    4  Y  Y  6  M   -1427.49269009394  1.9E-03  1.5E-05  1.0E-03
etot    5  N  Y  2  U   -1427.49275093422  6.1E-05  5.1E-06  1.9E-04
etot    6  N  Y  2  U   -1427.49275935169  8.4E-06  1.6E-06  3.8E-05
etot    7  N  N  2  U   -1427.49275959357  2.4E-07  0.0E+00  0.0E+00
scf (DFT) done.
der1a (1-e 1st deriv.) done.
rwr (1st deriv. Q) done.
der1b (2-e 1st deriv.) done.
  Geometry optimization step  14
  Total energy:     -1427.55075959301 hartrees
  energy change:           3.6318E-04 .  (  5.0000E-05 )
  gradient maximum:        6.5771E-03 .  (  4.5000E-04 )
  gradient rms:            9.0504E-04 .  (  3.0000E-04 )
  displacement maximum:    8.5679E-02 .  (  1.8000E-03 )
  displacement rms:        1.4621E-02 .  (  1.2000E-03 )
  
  predicted energy change: -7.1401E-04
  step size:     0.22414
  trust radius:  0.30000
---------------- geometry iteration  14 complete ----------------
geopt (optimize geometry) done.
onee (1-electron integrals) done.
probe (project orbitals) done.
grid (grid generation) done.
rwr (Q operators) done.
  
       i  u  d  i  g
       t  p  i  c  r                                 RMS    maximum
       e  d  i  u  i                       energy  density   DIIS  
       r  t  s  t  d       total energy    change  change    error 
  
etot    1  N  N  2  U   -1427.46268242398           3.4E-04  7.7E-03
etot    2  Y  Y  6  M   -1427.49276560368  3.0E-02  3.5E-05  5.8E-04
etot    3  N  Y  2  U   -1427.49264438377 -1.2E-04  2.3E-05  4.4E-04
etot    4  N  Y  2  U   -1427.49273324060  8.9E-05  9.0E-06  3.8E-04
etot    5  N  Y  2  U   -1427.49275141104  1.8E-05  3.4E-06  2.0E-04
etot    6  N  N  2  U   -1427.49275608154  4.7E-06  0.0E+00  0.0E+00
scf (DFT) done.
der1a (1-e 1st deriv.) done.
rwr (1st deriv. Q) done.
der1b (2-e 1st deriv.) done.
  Geometry optimization step  15
  Total energy:     -1427.55125794887 hartrees
  energy change:          -4.9836E-04 .  (  5.0000E-05 )
  gradient maximum:        4.9814E-03 .  (  4.5000E-04 )
  gradient rms:            7.2171E-04 .  (  3.0000E-04 )
  displacement maximum:    4.5408E-02 .  (  1.8000E-03 )
  displacement rms:        8.5553E-03 .  (  1.2000E-03 )
  
  predicted energy change: -3.0038E-04
  step size:     0.13115
  trust radius:  0.30000
---------------- geometry iteration  15 complete ----------------
geopt (optimize geometry) done.
onee (1-electron integrals) done.
probe (project orbitals) done.
grid (grid generation) done.
rwr (Q operators) done.
  
       i  u  d  i  g
       t  p  i  c  r                                 RMS    maximum
       e  d  i  u  i                       energy  density   DIIS  
       r  t  s  t  d       total energy    change  change    error 
  
etot    1  N  N  2  U   -1427.48624424174           1.7E-04  2.7E-03
etot    2  Y  Y  6  M   -1427.49308674613  6.8E-03  3.7E-05  7.1E-04
etot    3  N  Y  2  U   -1427.49284475198 -2.4E-04  2.7E-05  1.9E-03
etot    4  N  Y  2  U   -1427.49312756631  2.8E-04  7.4E-06  3.8E-04
etot    5  N  Y  2  U   -1427.49314025924  1.3E-05  2.7E-06  7.4E-05
etot    6  N  N  2  U   -1427.49314212055  1.9E-06  0.0E+00  0.0E+00
scf (DFT) done.
der1a (1-e 1st deriv.) done.
rwr (1st deriv. Q) done.
der1b (2-e 1st deriv.) done.
  Geometry optimization step  16
  Total energy:     -1427.55133924091 hartrees
  energy change:          -8.1292E-05 .  (  5.0000E-05 )
  gradient maximum:        3.2755E-03 .  (  4.5000E-04 )
  gradient rms:            5.3779E-04 .  (  3.0000E-04 )
  displacement maximum:    2.7588E-02 .  (  1.8000E-03 )
  displacement rms:        4.8145E-03 .  (  1.2000E-03 )
  
  predicted energy change: -1.0045E-04
  step size:     0.07381
  trust radius:  0.30000
---------------- geometry iteration  16 complete ----------------
geopt (optimize geometry) done.
onee (1-electron integrals) done.
probe (project orbitals) done.
grid (grid generation) done.
rwr (Q operators) done.
  
       i  u  d  i  g
       t  p  i  c  r                                 RMS    maximum
       e  d  i  u  i                       energy  density   DIIS  
       r  t  s  t  d       total energy    change  change    error 
  
etot    1  N  N  2  U   -1427.49012342150           1.1E-04  2.1E-03
etot    2  Y  Y  6  M   -1427.49304869785  2.9E-03  1.9E-05  1.8E-04
etot    3  N  Y  2  U   -1427.49306749185  1.9E-05  1.3E-05  3.3E-04
etot    4  N  Y  2  U   -1427.49310317663  3.6E-05  3.8E-06  1.9E-04
etot    5  N  N  2  U   -1427.49310629396  3.1E-06  0.0E+00  0.0E+00
scf (DFT) done.
der1a (1-e 1st deriv.) done.
rwr (1st deriv. Q) done.
der1b (2-e 1st deriv.) done.
  Geometry optimization step  17
  Total energy:     -1427.55139464482 hartrees
  energy change:          -5.5404E-05 .  (  5.0000E-05 )
  gradient maximum:        1.1155E-03 .  (  4.5000E-04 )
  gradient rms:            1.8924E-04 *  (  3.0000E-04 )
  displacement maximum:    1.8767E-02 .  (  1.8000E-03 )
  displacement rms:        4.3184E-03 .  (  1.2000E-03 )
  
  predicted energy change: -3.0782E-05
  step size:     0.06620
  trust radius:  0.30000
---------------- geometry iteration  17 complete ----------------
geopt (optimize geometry) done.
onee (1-electron integrals) done.
probe (project orbitals) done.
grid (grid generation) done.
rwr (Q operators) done.
  
       i  u  d  i  g
       t  p  i  c  r                                 RMS    maximum
       e  d  i  u  i                       energy  density   DIIS  
       r  t  s  t  d       total energy    change  change    error 
  
etot    1  N  N  2  U   -1427.49148770069           8.2E-05  1.3E-03
etot    2  Y  Y  6  M   -1427.49312623706  1.6E-03  1.7E-05  3.3E-04
etot    3  N  Y  2  U   -1427.49305526039 -7.1E-05  1.3E-05  8.6E-04
etot    4  N  Y  2  U   -1427.49311407184  5.9E-05  3.8E-06  2.3E-04
etot    5  N  N  2  U   -1427.49311805680  4.0E-06  0.0E+00  0.0E+00
scf (DFT) done.
der1a (1-e 1st deriv.) done.
rwr (1st deriv. Q) done.
der1b (2-e 1st deriv.) done.
  Geometry optimization step  18
  Total energy:     -1427.55137842543 hartrees
  energy change:           1.6219E-05 *  (  5.0000E-05 )
  gradient maximum:        1.2312E-03 .  (  4.5000E-04 )
  gradient rms:            2.2396E-04 *  (  3.0000E-04 )
  displacement maximum:    9.1408E-03 .  (  1.8000E-03 )
  displacement rms:        1.9595E-03 .  (  1.2000E-03 )
  
  predicted energy change: -1.3791E-05
  step size:     0.03004
  trust radius:  0.30000
---------------- geometry iteration  18 complete ----------------
geopt (optimize geometry) done.
onee (1-electron integrals) done.
probe (project orbitals) done.
grid (grid generation) done.
rwr (Q operators) done.
  
       i  u  d  i  g
       t  p  i  c  r                                 RMS    maximum
       e  d  i  u  i                       energy  density   DIIS  
       r  t  s  t  d       total energy    change  change    error 
  
etot    1  N  N  2  U   -1427.49291439561           2.9E-05  3.7E-04
etot    2  N  Y  2  U   -1427.49308765798  1.7E-04  9.9E-06  1.4E-04
etot    3  N  Y  2  U   -1427.49307843591 -9.2E-06  6.5E-06  2.9E-04
etot    4  N  Y  2  U   -1427.49309141153  1.3E-05  1.2E-06  2.4E-05
etot    5  N  N  2  U   -1427.49309162402  2.1E-07  0.0E+00  0.0E+00
scf (DFT) done.
der1a (1-e 1st deriv.) done.
rwr (1st deriv. Q) done.
der1b (2-e 1st deriv.) done.
  Geometry optimization step  19
  Total energy:     -1427.55136583235 hartrees
  energy change:           1.2593E-05 *  (  5.0000E-05 )
  gradient maximum:        9.0933E-04 .  (  4.5000E-04 )
  gradient rms:            1.4373E-04 *  (  3.0000E-04 )
  displacement maximum:    1.0772E-02 .  (  1.8000E-03 )
  displacement rms:        2.3700E-03 .  (  1.2000E-03 )
  
  predicted energy change: -9.0765E-06
  step size:     0.03633
  trust radius:  0.30000
---------------- geometry iteration  19 complete ----------------
geopt (optimize geometry) done.
onee (1-electron integrals) done.
probe (project orbitals) done.
grid (grid generation) done.
rwr (Q operators) done.
  
       i  u  d  i  g
       t  p  i  c  r                                 RMS    maximum
       e  d  i  u  i                       energy  density   DIIS  
       r  t  s  t  d       total energy    change  change    error 
  
etot    1  N  N  2  U   -1427.49279243333           3.8E-05  8.5E-04
etot    2  N  Y  2  U   -1427.49314733984  3.5E-04  6.4E-06  7.0E-05
etot    3  N  Y  2  U   -1427.49314241181 -4.9E-06  4.5E-06  2.2E-04
etot    4  N  N  2  U   -1427.49314899288  6.6E-06  0.0E+00  0.0E+00
scf (DFT) done.
der1a (1-e 1st deriv.) done.
rwr (1st deriv. Q) done.
der1b (2-e 1st deriv.) done.
  Geometry optimization step  20
  Total energy:     -1427.55138097230 hartrees
  energy change:          -1.5140E-05 *  (  5.0000E-05 )
  gradient maximum:        6.3516E-04 .  (  4.5000E-04 )
  gradient rms:            9.7483E-05 *  (  3.0000E-04 )
  displacement maximum:    1.0511E-02 .  (  1.8000E-03 )
  displacement rms:        1.5483E-03 .  (  1.2000E-03 )
  
  predicted energy change: -4.7771E-06
  step size:     0.02374
  trust radius:  0.30000
---------------- geometry iteration  20 complete ----------------
geopt (optimize geometry) done.
onee (1-electron integrals) done.
probe (project orbitals) done.
grid (grid generation) done.
rwr (Q operators) done.
  
       i  u  d  i  g
       t  p  i  c  r                                 RMS    maximum
       e  d  i  u  i                       energy  density   DIIS  
       r  t  s  t  d       total energy    change  change    error 
  
etot    1  N  N  2  U   -1427.49288256926           3.5E-05  5.8E-04
etot    2  N  Y  2  U   -1427.49313812421  2.6E-04  1.2E-05  2.5E-04
etot    3  N  Y  2  U   -1427.49310844054 -3.0E-05  8.5E-06  6.7E-04
etot    4  N  Y  2  U   -1427.49314357390  3.5E-05  1.7E-06  6.9E-05
etot    5  N  N  2  U   -1427.49314399690  4.2E-07  0.0E+00  0.0E+00
scf (DFT) done.
der1a (1-e 1st deriv.) done.
rwr (1st deriv. Q) done.
der1b (2-e 1st deriv.) done.
  Geometry optimization step  21
  Total energy:     -1427.55137282278 hartrees
  energy change:           8.1495E-06 *  (  5.0000E-05 )
  gradient maximum:        3.1580E-04 *  (  4.5000E-04 )
  gradient rms:            4.7959E-05 #  (  3.0000E-04 )
  displacement maximum:    6.9375E-03 .  (  1.8000E-03 )
  displacement rms:        1.5045E-03 .  (  1.2000E-03 )
  
  predicted energy change: -2.2747E-06
  step size:     0.02306
  trust radius:  0.30000
---------------- geometry iteration  21 complete ----------------
geopt (optimize geometry) done.
onee (1-electron integrals) done.
probe (project orbitals) done.
grid (grid generation) done.
rwr (Q operators) done.
  
       i  u  d  i  g
       t  p  i  c  r                                 RMS    maximum
       e  d  i  u  i                       energy  density   DIIS  
       r  t  s  t  d       total energy    change  change    error 
  
etot    1  N  N  2  U   -1427.49292997752           3.0E-05  5.3E-04
etot    2  N  Y  2  U   -1427.49312167982  1.9E-04  5.8E-06  6.9E-05
etot    3  N  Y  2  U   -1427.49311768279 -4.0E-06  4.3E-06  9.4E-05
etot    4  N  N  2  U   -1427.49312305971  5.4E-06  0.0E+00  0.0E+00
scf (DFT) done.
der1a (1-e 1st deriv.) done.
rwr (1st deriv. Q) done.
der1b (2-e 1st deriv.) done.
  Geometry optimization step  22
  Total energy:     -1427.55133680603 hartrees
  energy change:           3.6017E-05 *  (  5.0000E-05 )
  gradient maximum:        2.6913E-04 *  (  4.5000E-04 )
  gradient rms:            5.8374E-05 #  (  3.0000E-04 )
  displacement maximum:    3.8409E-03 .  (  1.8000E-03 )
  displacement rms:        6.5014E-04 *  (  1.2000E-03 )
  
  predicted energy change: -1.1877E-06
  step size:     0.00997
  trust radius:  0.30000
------------- final geometry iteration  22 complete -------------
geopt (optimize geometry) done.
cutabab2 (abab integrals) done.
der2a (1-e JK-1st deriv.) done.
der2b (2-e JK-1st deriv.) done.
der2nda (1-e 2nd deriv.) done.
der2ndb (2-e 2nd deriv.) done.
rwr (Q operators) done.
cphfa (gradient of wave function) done.
freq (vib. frequencies) done.
Job J1_1514_2111 completed on hpc-89-07.cm.cluster at Wed May 29 02:51:19 2024
Timer (jaguar_backend.py) : 3917.18 secs (1 hrs, 05 mins, 17 secs)
Finished:   Wed May 29 02:51:19 2024
