Command:  /groups/wag/programs/Schrodinger_2020_3/jaguar run -WAIT -PARALLEL 8 /central/home/labounad/wittig-ch121/out/J1_10252_2111/J1_10252_2111.in
Release:  2020-3
Exec:     /groups/wag/programs/Schrodinger_2020_3/jaguar-v10.9/bin/Linux-x86_64
Host:     hpc-90-22.cm.cluster
JobId:    hpc-90-22-0-66576f5b
JobDir:   /central/scratch/labounad/J1_10252_2111#hpc-90-22-0-66576f5b
Date:     Wed May 29 11:09:33 2024

Contents of /central/scratch/labounad/J1_10252_2111#hpc-90-22-0-66576f5b:
/central/scratch/labounad/J1_10252_2111#hpc-90-22-0-66576f5b/hpc-90-22-0-66576f5b.nodes
/central/scratch/labounad/J1_10252_2111#hpc-90-22-0-66576f5b/hpc-90-22-0-66576f5b.mpinodes
/central/scratch/labounad/J1_10252_2111#hpc-90-22-0-66576f5b/.write_dir.json
/central/scratch/labounad/J1_10252_2111#hpc-90-22-0-66576f5b/hpc-90-22-0-66576f5b.recover
/central/scratch/labounad/J1_10252_2111#hpc-90-22-0-66576f5b/J1_10252_2111.log
/central/scratch/labounad/J1_10252_2111#hpc-90-22-0-66576f5b/J1_10252_2111.in
/central/scratch/labounad/J1_10252_2111#hpc-90-22-0-66576f5b/hpc-90-22-0-66576f5b
/central/scratch/labounad/J1_10252_2111#hpc-90-22-0-66576f5b/J1_10252_2111.recover

Executing subprocess:
/groups/wag/programs/Schrodinger_2020_3/jaguar-v10.9/bin/Linux-x86_64/jexec J1_10252_2111.in -T 8 -out /central/scratch/labounad/J1_10252_2111#hpc-90-22-0-66576f5b -cwd

Job J1_10252_2111 started on hpc-90-22.cm.cluster at Wed May 29 11:09:33 2024
jobid: hpc-90-22-0-66576f5b 
Jaguar version 10.9, release 139
 Using up to   8 threads per process
Molecular Point Group: C1      
Point Group used: C1
pre (input checking) done.
onee (1-electron integrals) done.
hfig (HF initial guess) done.
probe (project orbitals) done.
grid (grid generation) done.
rwr (Q operators) done.
scf type: DFT=PBE(X+LC)+PW91 (PBE-D3)
  
       i  u  d  i  g
       t  p  i  c  r                                 RMS    maximum
       e  d  i  u  i                       energy  density   DIIS  
       r  t  s  t  d       total energy    change  change    error 
  
etot    1  N  N  5  M   -2105.77679378788           5.2E-03  1.8E-01
etot    2  Y  Y  6  M   -2104.55117754592 -1.2E+00  7.4E-03  1.3E-01
etot    3  Y  Y  6  M   -2100.36338504815 -4.2E+00  6.5E-03  1.3E-01
etot    4  N  Y  2  U   -2103.54447569203  3.2E+00  6.9E-03  7.2E-02
etot    5  Y  Y  6  M   -2098.91250014645 -4.6E+00  5.9E-03  1.4E-01
etot    6  N  Y  2  U   -2109.37967315080  1.0E+01  2.1E-03  3.6E-02
etot    7  Y  Y  6  M   -2109.40398587598  2.4E-02  1.1E-03  4.5E-02
etot    8  N  Y  2  U   -2109.72983961692  3.3E-01  4.8E-04  1.5E-02
etot    9  Y  Y  6  M   -2109.75779960508  2.8E-02  2.5E-04  9.6E-03
etot   10  N  Y  2  U   -2109.76944258095  1.2E-02  9.1E-05  2.9E-03
etot   11  Y  Y  6  M   -2109.77149664600  2.1E-03  2.5E-05  6.6E-04
etot   12  N  Y  2  U   -2109.77157696264  8.0E-05  1.3E-05  3.3E-04
etot   13  N  Y  2  U   -2109.77160514381  2.8E-05  9.3E-06  2.1E-04
etot   14  N  Y  2  U   -2109.77162105310  1.6E-05  1.0E-05  1.5E-04
etot   15  N  Y  2  U   -2109.77163348004  1.2E-05  3.2E-06  6.6E-05
etot   16  N  N  2  U   -2109.77163465415  1.2E-06  0.0E+00  0.0E+00
scf (DFT) done.
der1a (1-e 1st deriv.) done.
rwr (1st deriv. Q) done.
der1b (2-e 1st deriv.) done.
  Geometry optimization step   1
  Total energy:     -2109.82489964154 hartrees
  gradient maximum:        4.1720E-02 .  (  4.5000E-04 )
  gradient rms:            6.7981E-03 .  (  3.0000E-04 )
  displacement maximum:    1.3205E-01 .  (  1.8000E-03 )
  displacement rms:        2.0193E-02 .  (  1.2000E-03 )
  
  predicted energy change: -1.8664E-02
  step size:     0.30019
  trust radius:  0.30000
---------------- geometry iteration   1 complete ----------------
geopt (optimize geometry) done.
onee (1-electron integrals) done.
probe (project orbitals) done.
grid (grid generation) done.
rwr (Q operators) done.
  
       i  u  d  i  g
       t  p  i  c  r                                 RMS    maximum
       e  d  i  u  i                       energy  density   DIIS  
       r  t  s  t  d       total energy    change  change    error 
  
etot    1  N  N  2  U   -2109.77661010091           8.2E-04  1.5E-02
etot    2  Y  Y  6  M   -2109.78972826512  1.3E-02  1.2E-04  1.3E-03
etot    3  N  Y  2  U   -2109.78853176385 -1.2E-03  8.3E-05  2.4E-03
etot    4  Y  Y  6  M   -2109.79020320719  1.7E-03  2.6E-05  8.4E-04
etot    5  N  Y  2  U   -2109.79035633996  1.5E-04  9.2E-06  2.4E-04
etot    6  N  Y  2  U   -2109.79037179572  1.5E-05  3.2E-06  1.1E-04
etot    7  N  N  2  U   -2109.79037452200  2.7E-06  0.0E+00  0.0E+00
scf (DFT) done.
der1a (1-e 1st deriv.) done.
rwr (1st deriv. Q) done.
der1b (2-e 1st deriv.) done.
  Geometry optimization step   2
  Total energy:     -2109.84206577151 hartrees
  energy change:          -1.7166E-02 .  (  5.0000E-05 )
  gradient maximum:        1.4884E-02 .  (  4.5000E-04 )
  gradient rms:            2.0738E-03 .  (  3.0000E-04 )
  displacement maximum:    1.1527E-01 .  (  1.8000E-03 )
  displacement rms:        2.0231E-02 .  (  1.2000E-03 )
  
  predicted energy change: -3.3703E-03
  step size:     0.30076
  trust radius:  0.30000
---------------- geometry iteration   2 complete ----------------
geopt (optimize geometry) done.
onee (1-electron integrals) done.
probe (project orbitals) done.
grid (grid generation) done.
rwr (Q operators) done.
  
       i  u  d  i  g
       t  p  i  c  r                                 RMS    maximum
       e  d  i  u  i                       energy  density   DIIS  
       r  t  s  t  d       total energy    change  change    error 
  
etot    1  N  N  2  U   -2109.76017884729           4.1E-04  1.2E-02
etot    2  Y  Y  6  M   -2109.79307020993  3.3E-02  9.9E-05  1.1E-03
etot    3  N  Y  2  U   -2109.79127813786 -1.8E-03  8.1E-05  3.5E-03
etot    4  Y  Y  6  M   -2109.79305833978  1.8E-03  2.1E-05  8.1E-04
etot    5  N  Y  2  U   -2109.79313456092  7.6E-05  7.4E-06  3.0E-04
etot    6  N  Y  2  U   -2109.79314688319  1.2E-05  2.4E-06  9.1E-05
etot    7  N  N  2  U   -2109.79314787012  9.9E-07  0.0E+00  0.0E+00
scf (DFT) done.
der1a (1-e 1st deriv.) done.
rwr (1st deriv. Q) done.
der1b (2-e 1st deriv.) done.
  Geometry optimization step   3
  Total energy:     -2109.84529593147 hartrees
  energy change:          -3.2302E-03 .  (  5.0000E-05 )
  gradient maximum:        7.8011E-03 .  (  4.5000E-04 )
  gradient rms:            1.2324E-03 .  (  3.0000E-04 )
  displacement maximum:    1.1277E-01 .  (  1.8000E-03 )
  displacement rms:        2.0184E-02 .  (  1.2000E-03 )
  
  predicted energy change: -1.5199E-03
  step size:     0.30006
  trust radius:  0.30000
---------------- geometry iteration   3 complete ----------------
geopt (optimize geometry) done.
onee (1-electron integrals) done.
probe (project orbitals) done.
grid (grid generation) done.
rwr (Q operators) done.
  
       i  u  d  i  g
       t  p  i  c  r                                 RMS    maximum
       e  d  i  u  i                       energy  density   DIIS  
       r  t  s  t  d       total energy    change  change    error 
  
etot    1  N  N  2  U   -2109.76036411343           4.2E-04  1.0E-02
etot    2  Y  Y  6  M   -2109.79303565649  3.3E-02  1.1E-04  1.2E-03
etot    3  N  Y  2  U   -2109.79102850175 -2.0E-03  8.8E-05  4.0E-03
etot    4  Y  Y  6  M   -2109.79309099413  2.1E-03  2.1E-05  1.0E-03
etot    5  N  Y  2  U   -2109.79315125974  6.0E-05  7.9E-06  4.3E-04
etot    6  N  Y  2  U   -2109.79316715498  1.6E-05  2.7E-06  1.1E-04
etot    7  N  N  2  U   -2109.79316814151  9.9E-07  0.0E+00  0.0E+00
scf (DFT) done.
der1a (1-e 1st deriv.) done.
rwr (1st deriv. Q) done.
der1b (2-e 1st deriv.) done.
  Geometry optimization step   4
  Total energy:     -2109.84498802749 hartrees
  energy change:           3.0790E-04 .  (  5.0000E-05 )
  gradient maximum:        2.0178E-02 .  (  4.5000E-04 )
  gradient rms:            2.4083E-03 .  (  3.0000E-04 )
  displacement maximum:    1.6483E-01 .  (  1.8000E-03 )
  displacement rms:        2.0071E-02 .  (  1.2000E-03 )
  
  predicted energy change: -1.8711E-03
  step size:     0.29837
  trust radius:  0.30000
---------------- geometry iteration   4 complete ----------------
geopt (optimize geometry) done.
onee (1-electron integrals) done.
probe (project orbitals) done.
grid (grid generation) done.
rwr (Q operators) done.
  
       i  u  d  i  g
       t  p  i  c  r                                 RMS    maximum
       e  d  i  u  i                       energy  density   DIIS  
       r  t  s  t  d       total energy    change  change    error 
  
etot    1  N  N  2  U   -2109.75288451609           4.5E-04  1.2E-02
etot    2  Y  Y  6  M   -2109.79422101275  4.1E-02  5.8E-05  1.3E-03
etot    3  N  Y  2  U   -2109.79394161801 -2.8E-04  4.3E-05  8.7E-04
etot    4  N  Y  2  U   -2109.79417399310  2.3E-04  1.6E-05  7.3E-04
etot    5  N  Y  2  U   -2109.79425057924  7.7E-05  4.0E-06  1.4E-04
etot    6  N  N  2  U   -2109.79425397202  3.4E-06  0.0E+00  0.0E+00
scf (DFT) done.
der1a (1-e 1st deriv.) done.
rwr (1st deriv. Q) done.
der1b (2-e 1st deriv.) done.
  Geometry optimization step   5
  Total energy:     -2109.84607653930 hartrees
  energy change:          -1.0885E-03 .  (  5.0000E-05 )
  gradient maximum:        3.6604E-03 .  (  4.5000E-04 )
  gradient rms:            7.4339E-04 .  (  3.0000E-04 )
  displacement maximum:    8.0125E-02 .  (  1.8000E-03 )
  displacement rms:        1.5384E-02 .  (  1.2000E-03 )
  
  predicted energy change: -6.8704E-04
  step size:     0.22870
  trust radius:  0.30000
---------------- geometry iteration   5 complete ----------------
geopt (optimize geometry) done.
onee (1-electron integrals) done.
probe (project orbitals) done.
grid (grid generation) done.
rwr (Q operators) done.
  
       i  u  d  i  g
       t  p  i  c  r                                 RMS    maximum
       e  d  i  u  i                       energy  density   DIIS  
       r  t  s  t  d       total energy    change  change    error 
  
etot    1  N  N  2  U   -2109.76816852762           3.5E-04  1.1E-02
etot    2  Y  Y  6  M   -2109.79375609815  2.6E-02  8.3E-05  7.1E-04
etot    3  N  Y  2  U   -2109.79306780668 -6.9E-04  6.3E-05  1.8E-03
etot    4  Y  Y  6  M   -2109.79384848931  7.8E-04  1.4E-05  5.0E-04
etot    5  N  Y  2  U   -2109.79393867399  9.0E-05  5.7E-06  1.7E-04
etot    6  N  Y  2  U   -2109.79394639642  7.7E-06  2.2E-06  6.2E-05
etot    7  N  N  2  U   -2109.79394686090  4.6E-07  0.0E+00  0.0E+00
scf (DFT) done.
der1a (1-e 1st deriv.) done.
rwr (1st deriv. Q) done.
der1b (2-e 1st deriv.) done.
  Geometry optimization step   6
  Total energy:     -2109.84569688567 hartrees
  energy change:           3.7965E-04 .  (  5.0000E-05 )
  gradient maximum:        9.0147E-03 .  (  4.5000E-04 )
  gradient rms:            1.4724E-03 .  (  3.0000E-04 )
  displacement maximum:    8.9294E-02 .  (  1.8000E-03 )
  displacement rms:        1.3259E-02 .  (  1.2000E-03 )
  
  predicted energy change: -6.9323E-04
  step size:     0.19712
  trust radius:  0.30000
---------------- geometry iteration   6 complete ----------------
geopt (optimize geometry) done.
onee (1-electron integrals) done.
probe (project orbitals) done.
grid (grid generation) done.
rwr (Q operators) done.
  
       i  u  d  i  g
       t  p  i  c  r                                 RMS    maximum
       e  d  i  u  i                       energy  density   DIIS  
       r  t  s  t  d       total energy    change  change    error 
  
etot    1  N  N  2  U   -2109.77564652822           3.0E-04  8.7E-03
etot    2  Y  Y  6  M   -2109.79485185769  1.9E-02  4.8E-05  7.1E-04
etot    3  N  Y  2  U   -2109.79452721293 -3.2E-04  3.9E-05  1.2E-03
etot    4  N  Y  2  U   -2109.79481170946  2.8E-04  1.2E-05  4.2E-04
etot    5  N  Y  2  U   -2109.79484977814  3.8E-05  3.6E-06  1.3E-04
etot    6  N  N  2  U   -2109.79485244282  2.7E-06  0.0E+00  0.0E+00
scf (DFT) done.
der1a (1-e 1st deriv.) done.
rwr (1st deriv. Q) done.
der1b (2-e 1st deriv.) done.
  Geometry optimization step   7
  Total energy:     -2109.84664286092 hartrees
  energy change:          -9.4598E-04 .  (  5.0000E-05 )
  gradient maximum:        4.8012E-03 .  (  4.5000E-04 )
  gradient rms:            5.9333E-04 .  (  3.0000E-04 )
  displacement maximum:    1.1574E-01 .  (  1.8000E-03 )
  displacement rms:        1.4402E-02 .  (  1.2000E-03 )
  
  predicted energy change: -2.2661E-04
  step size:     0.21409
  trust radius:  0.30000
---------------- geometry iteration   7 complete ----------------
geopt (optimize geometry) done.
onee (1-electron integrals) done.
probe (project orbitals) done.
grid (grid generation) done.
rwr (Q operators) done.
  
       i  u  d  i  g
       t  p  i  c  r                                 RMS    maximum
       e  d  i  u  i                       energy  density   DIIS  
       r  t  s  t  d       total energy    change  change    error 
  
etot    1  N  N  2  U   -2109.77644612112           3.1E-04  9.1E-03
etot    2  Y  Y  6  M   -2109.79531757562  1.9E-02  5.4E-05  7.4E-04
etot    3  N  Y  2  U   -2109.79494477573 -3.7E-04  4.2E-05  1.6E-03
etot    4  N  Y  2  U   -2109.79529693453  3.5E-04  1.1E-05  5.3E-04
etot    5  N  Y  2  U   -2109.79533246824  3.6E-05  3.4E-06  1.5E-04
etot    6  N  N  2  U   -2109.79533496281  2.5E-06  0.0E+00  0.0E+00
scf (DFT) done.
der1a (1-e 1st deriv.) done.
rwr (1st deriv. Q) done.
der1b (2-e 1st deriv.) done.
  Geometry optimization step   8
  Total energy:     -2109.84703408014 hartrees
  energy change:          -3.9122E-04 .  (  5.0000E-05 )
  gradient maximum:        2.3582E-03 .  (  4.5000E-04 )
  gradient rms:            4.3055E-04 .  (  3.0000E-04 )
  displacement maximum:    1.2632E-01 .  (  1.8000E-03 )
  displacement rms:        2.0187E-02 .  (  1.2000E-03 )
  
  predicted energy change: -3.5201E-04
  step size:     0.30010
  trust radius:  0.30000
---------------- geometry iteration   8 complete ----------------
geopt (optimize geometry) done.
onee (1-electron integrals) done.
probe (project orbitals) done.
grid (grid generation) done.
rwr (Q operators) done.
  
       i  u  d  i  g
       t  p  i  c  r                                 RMS    maximum
       e  d  i  u  i                       energy  density   DIIS  
       r  t  s  t  d       total energy    change  change    error 
  
etot    1  N  N  2  U   -2109.76093125740           4.2E-04  9.7E-03
etot    2  Y  Y  6  M   -2109.79557031914  3.5E-02  7.6E-05  7.4E-04
etot    3  N  Y  2  U   -2109.79502717941 -5.4E-04  5.7E-05  2.0E-03
etot    4  Y  Y  6  M   -2109.79557277484  5.5E-04  1.5E-05  7.2E-04
etot    5  N  Y  2  U   -2109.79567541223  1.0E-04  4.6E-06  2.1E-04
etot    6  N  N  2  U   -2109.79567944032  4.0E-06  0.0E+00  0.0E+00
scf (DFT) done.
der1a (1-e 1st deriv.) done.
rwr (1st deriv. Q) done.
der1b (2-e 1st deriv.) done.
  Geometry optimization step   9
  Total energy:     -2109.84721535019 hartrees
  energy change:          -1.8127E-04 .  (  5.0000E-05 )
  gradient maximum:        4.3302E-03 .  (  4.5000E-04 )
  gradient rms:            7.0567E-04 .  (  3.0000E-04 )
  displacement maximum:    1.3556E-01 .  (  1.8000E-03 )
  displacement rms:        2.0182E-02 .  (  1.2000E-03 )
  
  predicted energy change: -4.3566E-04
  step size:     0.30002
  trust radius:  0.30000
---------------- geometry iteration   9 complete ----------------
geopt (optimize geometry) done.
onee (1-electron integrals) done.
probe (project orbitals) done.
grid (grid generation) done.
rwr (Q operators) done.
  
       i  u  d  i  g
       t  p  i  c  r                                 RMS    maximum
       e  d  i  u  i                       energy  density   DIIS  
       r  t  s  t  d       total energy    change  change    error 
  
etot    1  N  N  2  U   -2109.76003831955           4.2E-04  1.2E-02
etot    2  Y  Y  6  M   -2109.79575569256  3.6E-02  8.5E-05  9.4E-04
etot    3  N  Y  2  U   -2109.79503048146 -7.3E-04  6.3E-05  2.4E-03
etot    4  Y  Y  6  M   -2109.79575695946  7.3E-04  1.5E-05  5.7E-04
etot    5  N  Y  2  U   -2109.79586093599  1.0E-04  4.1E-06  1.1E-04
etot    6  N  N  2  U   -2109.79586472828  3.8E-06  0.0E+00  0.0E+00
scf (DFT) done.
der1a (1-e 1st deriv.) done.
rwr (1st deriv. Q) done.
der1b (2-e 1st deriv.) done.
  Geometry optimization step  10
  Total energy:     -2109.84737864377 hartrees
  energy change:          -1.6329E-04 .  (  5.0000E-05 )
  gradient maximum:        3.8680E-03 .  (  4.5000E-04 )
  gradient rms:            6.8739E-04 .  (  3.0000E-04 )
  displacement maximum:    1.0256E-01 .  (  1.8000E-03 )
  displacement rms:        1.9856E-02 .  (  1.2000E-03 )
  
  predicted energy change: -4.0812E-04
  step size:     0.29518
  trust radius:  0.30000
---------------- geometry iteration  10 complete ----------------
geopt (optimize geometry) done.
onee (1-electron integrals) done.
probe (project orbitals) done.
grid (grid generation) done.
rwr (Q operators) done.
  
       i  u  d  i  g
       t  p  i  c  r                                 RMS    maximum
       e  d  i  u  i                       energy  density   DIIS  
       r  t  s  t  d       total energy    change  change    error 
  
etot    1  N  N  2  U   -2109.76740577228           3.9E-04  7.5E-03
etot    2  Y  Y  6  M   -2109.79601618398  2.9E-02  7.0E-05  8.9E-04
etot    3  N  Y  2  U   -2109.79553008086 -4.9E-04  5.1E-05  1.7E-03
etot    4  Y  Y  6  M   -2109.79595355439  4.2E-04  1.5E-05  6.4E-04
etot    5  N  Y  2  U   -2109.79605165156  9.8E-05  5.3E-06  1.9E-04
etot    6  N  Y  2  U   -2109.79605738776  5.7E-06  2.4E-06  7.4E-05
etot    7  N  N  2  U   -2109.79605818972  8.0E-07  0.0E+00  0.0E+00
scf (DFT) done.
der1a (1-e 1st deriv.) done.
rwr (1st deriv. Q) done.
der1b (2-e 1st deriv.) done.
  Geometry optimization step  11
  Total energy:     -2109.84762920379 hartrees
  energy change:          -2.5056E-04 .  (  5.0000E-05 )
  gradient maximum:        3.1546E-03 .  (  4.5000E-04 )
  gradient rms:            6.9944E-04 .  (  3.0000E-04 )
  displacement maximum:    3.6564E-02 .  (  1.8000E-03 )
  displacement rms:        5.3556E-03 .  (  1.2000E-03 )
  
  predicted energy change: -1.5863E-04
  step size:     0.07962
  trust radius:  0.30000
---------------- geometry iteration  11 complete ----------------
geopt (optimize geometry) done.
onee (1-electron integrals) done.
probe (project orbitals) done.
grid (grid generation) done.
rwr (Q operators) done.
  
       i  u  d  i  g
       t  p  i  c  r                                 RMS    maximum
       e  d  i  u  i                       energy  density   DIIS  
       r  t  s  t  d       total energy    change  change    error 
  
etot    1  N  N  2  U   -2109.79362678298           1.1E-04  3.5E-03
etot    2  Y  Y  6  M   -2109.79618204404  2.6E-03  2.8E-05  2.5E-04
etot    3  N  Y  2  U   -2109.79605263272 -1.3E-04  2.2E-05  8.9E-04
etot    4  N  Y  2  U   -2109.79617636455  1.2E-04  6.1E-06  2.8E-04
etot    5  N  Y  2  U   -2109.79618353570  7.2E-06  2.1E-06  8.4E-05
etot    6  N  N  2  U   -2109.79618475786  1.2E-06  0.0E+00  0.0E+00
scf (DFT) done.
der1a (1-e 1st deriv.) done.
rwr (1st deriv. Q) done.
der1b (2-e 1st deriv.) done.
  Geometry optimization step  12
  Total energy:     -2109.84768637025 hartrees
  energy change:          -5.7166E-05 .  (  5.0000E-05 )
  gradient maximum:        1.8078E-03 .  (  4.5000E-04 )
  gradient rms:            3.1757E-04 .  (  3.0000E-04 )
  displacement maximum:    6.9825E-02 .  (  1.8000E-03 )
  displacement rms:        1.0983E-02 .  (  1.2000E-03 )
  
  predicted energy change: -1.3540E-04
  step size:     0.16327
  trust radius:  0.30000
---------------- geometry iteration  12 complete ----------------
geopt (optimize geometry) done.
onee (1-electron integrals) done.
probe (project orbitals) done.
grid (grid generation) done.
rwr (Q operators) done.
  
       i  u  d  i  g
       t  p  i  c  r                                 RMS    maximum
       e  d  i  u  i                       energy  density   DIIS  
       r  t  s  t  d       total energy    change  change    error 
  
etot    1  N  N  2  U   -2109.78758693503           2.3E-04  6.1E-03
etot    2  Y  Y  6  M   -2109.79635897890  8.8E-03  6.0E-05  5.4E-04
etot    3  N  Y  2  U   -2109.79593292851 -4.3E-04  4.4E-05  1.5E-03
etot    4  N  Y  2  U   -2109.79639368659  4.6E-04  1.0E-05  3.6E-04
etot    5  N  Y  2  U   -2109.79640899655  1.5E-05  4.1E-06  2.0E-04
etot    6  N  N  2  U   -2109.79641392868  4.9E-06  0.0E+00  0.0E+00
scf (DFT) done.
der1a (1-e 1st deriv.) done.
rwr (1st deriv. Q) done.
der1b (2-e 1st deriv.) done.
  Geometry optimization step  13
  Total energy:     -2109.84786546327 hartrees
  energy change:          -1.7909E-04 .  (  5.0000E-05 )
  gradient maximum:        1.9476E-03 .  (  4.5000E-04 )
  gradient rms:            3.1362E-04 .  (  3.0000E-04 )
  displacement maximum:    7.7219E-02 .  (  1.8000E-03 )
  displacement rms:        1.1419E-02 .  (  1.2000E-03 )
  
  predicted energy change: -9.4142E-05
  step size:     0.16976
  trust radius:  0.30000
---------------- geometry iteration  13 complete ----------------
geopt (optimize geometry) done.
onee (1-electron integrals) done.
probe (project orbitals) done.
grid (grid generation) done.
rwr (Q operators) done.
  
       i  u  d  i  g
       t  p  i  c  r                                 RMS    maximum
       e  d  i  u  i                       energy  density   DIIS  
       r  t  s  t  d       total energy    change  change    error 
  
etot    1  N  N  2  U   -2109.78598143834           2.3E-04  7.1E-03
etot    2  Y  Y  6  M   -2109.79628366451  1.0E-02  5.1E-05  4.7E-04
etot    3  N  Y  2  U   -2109.79597420017 -3.1E-04  3.9E-05  1.2E-03
etot    4  N  Y  2  U   -2109.79627376201  3.0E-04  1.1E-05  4.2E-04
etot    5  N  Y  2  U   -2109.79630025827  2.6E-05  4.1E-06  1.7E-04
etot    6  N  N  2  U   -2109.79630460753  4.3E-06  0.0E+00  0.0E+00
scf (DFT) done.
der1a (1-e 1st deriv.) done.
rwr (1st deriv. Q) done.
der1b (2-e 1st deriv.) done.
  Geometry optimization step  14
  Total energy:     -2109.84770499789 hartrees
  energy change:           1.6047E-04 .  (  5.0000E-05 )
  gradient maximum:        2.5301E-03 .  (  4.5000E-04 )
  gradient rms:            3.3210E-04 .  (  3.0000E-04 )
  displacement maximum:    2.9927E-02 .  (  1.8000E-03 )
  displacement rms:        5.6557E-03 .  (  1.2000E-03 )
  
  predicted energy change: -5.2967E-05
  step size:     0.08408
  trust radius:  0.30000
---------------- geometry iteration  14 complete ----------------
geopt (optimize geometry) done.
onee (1-electron integrals) done.
probe (project orbitals) done.
grid (grid generation) done.
rwr (Q operators) done.
  
       i  u  d  i  g
       t  p  i  c  r                                 RMS    maximum
       e  d  i  u  i                       energy  density   DIIS  
       r  t  s  t  d       total energy    change  change    error 
  
etot    1  N  N  2  U   -2109.79381675063           1.2E-04  3.7E-03
etot    2  Y  Y  6  M   -2109.79645004648  2.6E-03  2.3E-05  2.3E-04
etot    3  N  Y  2  U   -2109.79637539916 -7.5E-05  1.9E-05  7.6E-04
etot    4  N  Y  2  U   -2109.79646205797  8.7E-05  5.1E-06  2.2E-04
etot    5  N  Y  2  U   -2109.79646812601  6.1E-06  1.3E-06  5.3E-05
etot    6  N  N  2  U   -2109.79646858908  4.6E-07  0.0E+00  0.0E+00
scf (DFT) done.
der1a (1-e 1st deriv.) done.
rwr (1st deriv. Q) done.
der1b (2-e 1st deriv.) done.
  Geometry optimization step  15
  Total energy:     -2109.84789443103 hartrees
  energy change:          -1.8943E-04 .  (  5.0000E-05 )
  gradient maximum:        1.3710E-03 .  (  4.5000E-04 )
  gradient rms:            1.9314E-04 *  (  3.0000E-04 )
  displacement maximum:    1.7952E-02 .  (  1.8000E-03 )
  displacement rms:        2.9422E-03 .  (  1.2000E-03 )
  
  predicted energy change: -1.9883E-05
  step size:     0.04374
  trust radius:  0.30000
---------------- geometry iteration  15 complete ----------------
geopt (optimize geometry) done.
onee (1-electron integrals) done.
probe (project orbitals) done.
grid (grid generation) done.
rwr (Q operators) done.
  
       i  u  d  i  g
       t  p  i  c  r                                 RMS    maximum
       e  d  i  u  i                       energy  density   DIIS  
       r  t  s  t  d       total energy    change  change    error 
  
etot    1  N  N  2  U   -2109.79574196983           6.2E-05  1.7E-03
etot    2  Y  Y  6  M   -2109.79647936713  7.4E-04  1.4E-05  1.3E-04
etot    3  N  Y  2  U   -2109.79645217637 -2.7E-05  1.0E-05  4.1E-04
etot    4  N  Y  2  U   -2109.79647552395  2.3E-05  2.5E-06  1.1E-04
etot    5  N  N  2  U   -2109.79647680795  1.3E-06  0.0E+00  0.0E+00
scf (DFT) done.
der1a (1-e 1st deriv.) done.
rwr (1st deriv. Q) done.
der1b (2-e 1st deriv.) done.
  Geometry optimization step  16
  Total energy:     -2109.84789680622 hartrees
  energy change:          -2.3752E-06 #  (  5.0000E-05 )
  gradient maximum:        7.2549E-04 .  (  4.5000E-04 )
  gradient rms:            1.2032E-04 *  (  3.0000E-04 )
  displacement maximum:    8.8922E-03 .  (  1.8000E-03 )
  displacement rms:        1.9279E-03 .  (  1.2000E-03 )
  
  predicted energy change: -7.7413E-06
  step size:     0.02866
  trust radius:  0.30000
---------------- geometry iteration  16 complete ----------------
geopt (optimize geometry) done.
onee (1-electron integrals) done.
probe (project orbitals) done.
grid (grid generation) done.
rwr (Q operators) done.
  
       i  u  d  i  g
       t  p  i  c  r                                 RMS    maximum
       e  d  i  u  i                       energy  density   DIIS  
       r  t  s  t  d       total energy    change  change    error 
  
etot    1  N  N  2  U   -2109.79611029917           4.1E-05  1.1E-03
etot    2  N  Y  2  U   -2109.79642023581  3.1E-04  1.5E-05  1.1E-04
etot    3  N  Y  2  U   -2109.79639102947 -2.9E-05  1.1E-05  3.5E-04
etot    4  N  Y  2  U   -2109.79642466879  3.4E-05  2.1E-06  5.5E-05
etot    5  N  N  2  U   -2109.79642534713  6.8E-07  0.0E+00  0.0E+00
scf (DFT) done.
der1a (1-e 1st deriv.) done.
rwr (1st deriv. Q) done.
der1b (2-e 1st deriv.) done.
  Geometry optimization step  17
  Total energy:     -2109.84783869180 hartrees
  energy change:           5.8114E-05 .  (  5.0000E-05 )
  gradient maximum:        3.9891E-04 *  (  4.5000E-04 )
  gradient rms:            7.7781E-05 *  (  3.0000E-04 )
  displacement maximum:    1.3902E-02 .  (  1.8000E-03 )
  displacement rms:        3.0488E-03 .  (  1.2000E-03 )
  
  predicted energy change: -7.6518E-06
  step size:     0.04532
  trust radius:  0.30000
---------------- geometry iteration  17 complete ----------------
geopt (optimize geometry) done.
onee (1-electron integrals) done.
probe (project orbitals) done.
grid (grid generation) done.
rwr (Q operators) done.
  
       i  u  d  i  g
       t  p  i  c  r                                 RMS    maximum
       e  d  i  u  i                       energy  density   DIIS  
       r  t  s  t  d       total energy    change  change    error 
  
etot    1  N  N  2  U   -2109.79558304871           6.6E-05  1.9E-03
etot    2  Y  Y  6  M   -2109.79650654320  9.2E-04  1.1E-05  1.5E-04
etot    3  N  Y  2  U   -2109.79648201939 -2.5E-05  8.7E-06  2.8E-04
etot    4  N  Y  2  U   -2109.79649698103  1.5E-05  2.8E-06  1.0E-04
etot    5  N  N  2  U   -2109.79649907329  2.1E-06  0.0E+00  0.0E+00
scf (DFT) done.
der1a (1-e 1st deriv.) done.
rwr (1st deriv. Q) done.
der1b (2-e 1st deriv.) done.
  Geometry optimization step  18
  Total energy:     -2109.84787529990 hartrees
  energy change:          -3.6608E-05 *  (  5.0000E-05 )
  gradient maximum:        5.0445E-04 .  (  4.5000E-04 )
  gradient rms:            9.4369E-05 *  (  3.0000E-04 )
  displacement maximum:    8.4111E-03 .  (  1.8000E-03 )
  displacement rms:        1.2037E-03 .  (  1.2000E-03 )
  
  predicted energy change: -4.2135E-06
  step size:     0.01789
  trust radius:  0.30000
---------------- geometry iteration  18 complete ----------------
geopt (optimize geometry) done.
onee (1-electron integrals) done.
probe (project orbitals) done.
grid (grid generation) done.
rwr (Q operators) done.
  
       i  u  d  i  g
       t  p  i  c  r                                 RMS    maximum
       e  d  i  u  i                       energy  density   DIIS  
       r  t  s  t  d       total energy    change  change    error 
  
etot    1  N  N  2  U   -2109.79631273929           3.2E-05  6.5E-04
etot    2  N  Y  2  U   -2109.79653048938  2.2E-04  9.3E-06  1.0E-04
etot    3  N  Y  2  U   -2109.79651695285 -1.4E-05  7.3E-06  3.4E-04
etot    4  N  Y  2  U   -2109.79653243644  1.5E-05  1.5E-06  5.6E-05
etot    5  N  N  2  U   -2109.79653285496  4.2E-07  0.0E+00  0.0E+00
scf (DFT) done.
der1a (1-e 1st deriv.) done.
rwr (1st deriv. Q) done.
der1b (2-e 1st deriv.) done.
  Geometry optimization step  19
  Total energy:     -2109.84789287417 hartrees
  energy change:          -1.7574E-05 *  (  5.0000E-05 )
  gradient maximum:        5.3607E-04 .  (  4.5000E-04 )
  gradient rms:            7.6072E-05 *  (  3.0000E-04 )
  displacement maximum:    2.2697E-02 .  (  1.8000E-03 )
  displacement rms:        4.0537E-03 .  (  1.2000E-03 )
  
  predicted energy change: -1.0269E-05
  step size:     0.06026
  trust radius:  0.30000
---------------- geometry iteration  19 complete ----------------
geopt (optimize geometry) done.
onee (1-electron integrals) done.
probe (project orbitals) done.
grid (grid generation) done.
rwr (Q operators) done.
  
       i  u  d  i  g
       t  p  i  c  r                                 RMS    maximum
       e  d  i  u  i                       energy  density   DIIS  
       r  t  s  t  d       total energy    change  change    error 
  
etot    1  N  N  2  U   -2109.79457363286           9.7E-05  2.7E-03
etot    2  Y  Y  6  M   -2109.79654341155  2.0E-03  1.7E-05  4.1E-04
etot    3  N  Y  2  U   -2109.79650190126 -4.2E-05  1.4E-05  3.6E-04
etot    4  N  Y  2  U   -2109.79652568007  2.4E-05  4.5E-06  2.0E-04
etot    5  N  N  2  U   -2109.79653088131  5.2E-06  0.0E+00  0.0E+00
scf (DFT) done.
der1a (1-e 1st deriv.) done.
rwr (1st deriv. Q) done.
der1b (2-e 1st deriv.) done.
  Geometry optimization step  20
  Total energy:     -2109.84786580636 hartrees
  energy change:           2.7068E-05 *  (  5.0000E-05 )
  gradient maximum:        8.3406E-04 .  (  4.5000E-04 )
  gradient rms:            1.5748E-04 *  (  3.0000E-04 )
  displacement maximum:    2.2344E-02 .  (  1.8000E-03 )
  displacement rms:        4.9432E-03 .  (  1.2000E-03 )
  
  predicted energy change: -2.3518E-05
  step size:     0.07349
  trust radius:  0.30000
---------------- geometry iteration  20 complete ----------------
geopt (optimize geometry) done.
onee (1-electron integrals) done.
probe (project orbitals) done.
grid (grid generation) done.
rwr (Q operators) done.
  
       i  u  d  i  g
       t  p  i  c  r                                 RMS    maximum
       e  d  i  u  i                       energy  density   DIIS  
       r  t  s  t  d       total energy    change  change    error 
  
etot    1  N  N  2  U   -2109.79454027313           1.1E-04  3.4E-03
etot    2  Y  Y  6  M   -2109.79661710426  2.1E-03  2.5E-05  2.8E-04
etot    3  N  Y  2  U   -2109.79655042995 -6.7E-05  1.8E-05  5.0E-04
etot    4  N  Y  2  U   -2109.79661964040  6.9E-05  4.1E-06  1.1E-04
etot    5  N  N  2  U   -2109.79662222862  2.6E-06  0.0E+00  0.0E+00
scf (DFT) done.
der1a (1-e 1st deriv.) done.
rwr (1st deriv. Q) done.
der1b (2-e 1st deriv.) done.
  Geometry optimization step  21
  Total energy:     -2109.84792920816 hartrees
  energy change:          -6.3402E-05 .  (  5.0000E-05 )
  gradient maximum:        4.5216E-04 .  (  4.5000E-04 )
  gradient rms:            8.6661E-05 *  (  3.0000E-04 )
  displacement maximum:    6.0548E-03 .  (  1.8000E-03 )
  displacement rms:        1.3846E-03 .  (  1.2000E-03 )
  
  predicted energy change: -4.0074E-06
  step size:     0.02058
  trust radius:  0.30000
---------------- geometry iteration  21 complete ----------------
geopt (optimize geometry) done.
onee (1-electron integrals) done.
probe (project orbitals) done.
grid (grid generation) done.
rwr (Q operators) done.
  
       i  u  d  i  g
       t  p  i  c  r                                 RMS    maximum
       e  d  i  u  i                       energy  density   DIIS  
       r  t  s  t  d       total energy    change  change    error 
  
etot    1  N  N  2  U   -2109.79640189237           3.0E-05  4.8E-04
etot    2  N  Y  2  U   -2109.79657786060  1.8E-04  1.7E-05  1.9E-04
etot    3  N  Y  2  U   -2109.79653227371 -4.6E-05  1.3E-05  5.8E-04
etot    4  N  Y  2  U   -2109.79658477192  5.2E-05  2.0E-06  7.1E-05
etot    5  N  N  2  U   -2109.79658571432  9.4E-07  0.0E+00  0.0E+00
scf (DFT) done.
der1a (1-e 1st deriv.) done.
rwr (1st deriv. Q) done.
der1b (2-e 1st deriv.) done.
  Geometry optimization step  22
  Total energy:     -2109.84791170868 hartrees
  energy change:           1.7499E-05 *  (  5.0000E-05 )
  gradient maximum:        4.4752E-04 *  (  4.5000E-04 )
  gradient rms:            6.7595E-05 *  (  3.0000E-04 )
  displacement maximum:    1.5395E-02 .  (  1.8000E-03 )
  displacement rms:        3.1147E-03 .  (  1.2000E-03 )
  
  predicted energy change: -1.0188E-05
  step size:     0.04630
  trust radius:  0.30000
---------------- geometry iteration  22 complete ----------------
geopt (optimize geometry) done.
onee (1-electron integrals) done.
probe (project orbitals) done.
grid (grid generation) done.
rwr (Q operators) done.
  
       i  u  d  i  g
       t  p  i  c  r                                 RMS    maximum
       e  d  i  u  i                       energy  density   DIIS  
       r  t  s  t  d       total energy    change  change    error 
  
etot    1  N  N  2  U   -2109.79564762704           6.9E-05  2.4E-03
etot    2  Y  Y  6  M   -2109.79652512928  8.8E-04  1.1E-05  1.1E-04
etot    3  N  Y  2  U   -2109.79651275438 -1.2E-05  8.4E-06  3.3E-04
etot    4  N  Y  2  U   -2109.79652941347  1.7E-05  2.4E-06  1.0E-04
etot    5  N  N  2  U   -2109.79653072227  1.3E-06  0.0E+00  0.0E+00
scf (DFT) done.
der1a (1-e 1st deriv.) done.
rwr (1st deriv. Q) done.
der1b (2-e 1st deriv.) done.
  Geometry optimization step  23
  Total energy:     -2109.84787600254 hartrees
  energy change:           3.5706E-05 *  (  5.0000E-05 )
  gradient maximum:        5.3572E-04 .  (  4.5000E-04 )
  gradient rms:            7.8526E-05 *  (  3.0000E-04 )
  displacement maximum:    1.2160E-02 .  (  1.8000E-03 )
  displacement rms:        2.2590E-03 .  (  1.2000E-03 )
  
  predicted energy change: -7.2511E-06
  step size:     0.03358
  trust radius:  0.30000
---------------- geometry iteration  23 complete ----------------
geopt (optimize geometry) done.
onee (1-electron integrals) done.
probe (project orbitals) done.
grid (grid generation) done.
rwr (Q operators) done.
  
       i  u  d  i  g
       t  p  i  c  r                                 RMS    maximum
       e  d  i  u  i                       energy  density   DIIS  
       r  t  s  t  d       total energy    change  change    error 
  
etot    1  N  N  2  U   -2109.79609372832           5.2E-05  2.0E-03
etot    2  Y  Y  6  M   -2109.79660034147  5.1E-04  1.0E-05  1.4E-04
etot    3  N  Y  2  U   -2109.79657914509 -2.1E-05  8.0E-06  4.3E-04
etot    4  N  Y  2  U   -2109.79659770040  1.9E-05  1.9E-06  7.7E-05
etot    5  N  N  2  U   -2109.79659847598  7.8E-07  0.0E+00  0.0E+00
scf (DFT) done.
der1a (1-e 1st deriv.) done.
rwr (1st deriv. Q) done.
der1b (2-e 1st deriv.) done.
  Geometry optimization step  24
  Total energy:     -2109.84792014057 hartrees
  energy change:          -4.4138E-05 *  (  5.0000E-05 )
  gradient maximum:        4.3722E-04 *  (  4.5000E-04 )
  gradient rms:            5.8330E-05 #  (  3.0000E-04 )
  displacement maximum:    3.6898E-03 .  (  1.8000E-03 )
  displacement rms:        7.5352E-04 *  (  1.2000E-03 )
  
  predicted energy change: -1.8409E-06
  step size:     0.01120
  trust radius:  0.30000
------------- final geometry iteration  24 complete -------------
geopt (optimize geometry) done.
cutabab2 (abab integrals) done.
der2a (1-e JK-1st deriv.) done.
der2b (2-e JK-1st deriv.) done.
der2nda (1-e 2nd deriv.) done.
der2ndb (2-e 2nd deriv.) done.
rwr (Q operators) done.
cphfa (gradient of wave function) done.
freq (vib. frequencies) done.
Job J1_10252_2111 completed on hpc-90-22.cm.cluster at Wed May 29 12:03:49 2024
Timer (jaguar_backend.py) : 3256.12 secs (0 hrs, 54 mins, 16 secs)
Finished:   Wed May 29 12:03:49 2024
