Command:  /groups/wag/programs/Schrodinger_2020_3/jaguar run -WAIT -PARALLEL 8 /central/home/labounad/wittig-ch121/out/J1_10007_2111/J1_10007_2111.in
Release:  2020-3
Exec:     /groups/wag/programs/Schrodinger_2020_3/jaguar-v10.9/bin/Linux-x86_64
Host:     hpc-23-09.cm.cluster
JobId:    hpc-23-09-0-665ac58f
JobDir:   /central/scratch/labounad/J1_10007_2111#hpc-23-09-0-665ac58f
Date:     Fri May 31 23:54:10 2024

Contents of /central/scratch/labounad/J1_10007_2111#hpc-23-09-0-665ac58f:
/central/scratch/labounad/J1_10007_2111#hpc-23-09-0-665ac58f/.write_dir.json
/central/scratch/labounad/J1_10007_2111#hpc-23-09-0-665ac58f/hpc-23-09-0-665ac58f.nodes
/central/scratch/labounad/J1_10007_2111#hpc-23-09-0-665ac58f/hpc-23-09-0-665ac58f
/central/scratch/labounad/J1_10007_2111#hpc-23-09-0-665ac58f/J1_10007_2111.log
/central/scratch/labounad/J1_10007_2111#hpc-23-09-0-665ac58f/J1_10007_2111.recover
/central/scratch/labounad/J1_10007_2111#hpc-23-09-0-665ac58f/hpc-23-09-0-665ac58f.recover
/central/scratch/labounad/J1_10007_2111#hpc-23-09-0-665ac58f/hpc-23-09-0-665ac58f.mpinodes
/central/scratch/labounad/J1_10007_2111#hpc-23-09-0-665ac58f/J1_10007_2111.in

Executing subprocess:
/groups/wag/programs/Schrodinger_2020_3/jaguar-v10.9/bin/Linux-x86_64/jexec J1_10007_2111.in -T 8 -out /central/scratch/labounad/J1_10007_2111#hpc-23-09-0-665ac58f -cwd

Job J1_10007_2111 started on hpc-23-09.cm.cluster at Fri May 31 23:54:10 2024
jobid: hpc-23-09-0-665ac58f 
Jaguar version 10.9, release 139
 Using up to   8 threads per process
Molecular Point Group: C1      
Point Group used: C1
pre (input checking) done.
onee (1-electron integrals) done.
hfig (HF initial guess) done.
probe (project orbitals) done.
grid (grid generation) done.
rwr (Q operators) done.
scf type: DFT=PBE(X+LC)+PW91 (PBE-D3)
  
       i  u  d  i  g
       t  p  i  c  r                                 RMS    maximum
       e  d  i  u  i                       energy  density   DIIS  
       r  t  s  t  d       total energy    change  change    error 
  
etot    1  N  N  5  M   -1610.85953359772           5.0E-03  9.7E-02
etot    2  Y  Y  6  M   -1607.91507198547 -2.9E+00  6.5E-03  1.6E-01
etot    3  Y  Y  6  M   -1607.58527110412 -3.3E-01  5.0E-03  1.4E-01
etot    4  N  Y  2  U   -1614.09759921821  6.5E+00  2.3E-03  6.4E-02
etot    5  Y  Y  6  M   -1614.17634784376  7.9E-02  1.7E-03  3.9E-02
etot    6  N  Y  2  U   -1614.56061619673  3.8E-01  7.1E-04  1.9E-02
etot    7  Y  Y  6  M   -1614.65266750603  9.2E-02  3.6E-04  1.7E-02
etot    8  N  Y  2  U   -1614.69309794612  4.0E-02  2.8E-04  7.4E-03
etot    9  Y  Y  6  M   -1614.69277775718 -3.2E-04  2.2E-04  6.4E-03
etot   10  Y  Y  6  M   -1614.70300581002  1.0E-02  9.3E-05  2.3E-03
etot   11  N  Y  2  U   -1614.70422642089  1.2E-03  3.4E-05  7.0E-04
etot   12  N  Y  2  U   -1614.70442932876  2.0E-04  1.2E-05  3.6E-04
etot   13  N  Y  2  U   -1614.70444344284  1.4E-05  5.6E-06  2.1E-04
etot   14  N  Y  2  U   -1614.70444935202  5.9E-06  2.0E-06  4.0E-05
etot   15  N  N  2  U   -1614.70444936188  9.9E-09  0.0E+00  0.0E+00
scf (DFT) done.
der1a (1-e 1st deriv.) done.
rwr (1st deriv. Q) done.
der1b (2-e 1st deriv.) done.
  Geometry optimization step   1
  Total energy:     -1614.75516228027 hartrees
  gradient maximum:        1.4277E-03 .  (  4.5000E-04 )
  gradient rms:            3.0525E-04 .  (  3.0000E-04 )
  displacement maximum:    3.8667E-02 .  (  1.8000E-03 )
  displacement rms:        8.5131E-03 .  (  1.2000E-03 )
  
  predicted energy change: -1.1212E-04
  step size:     0.12883
  trust radius:  0.30000
---------------- geometry iteration   1 complete ----------------
geopt (optimize geometry) done.
onee (1-electron integrals) done.
probe (project orbitals) done.
grid (grid generation) done.
rwr (Q operators) done.
  
       i  u  d  i  g
       t  p  i  c  r                                 RMS    maximum
       e  d  i  u  i                       energy  density   DIIS  
       r  t  s  t  d       total energy    change  change    error 
  
etot    1  N  N  2  U   -1614.69483607549           1.9E-04  5.7E-03
etot    2  Y  Y  6  M   -1614.70379284737  9.0E-03  3.0E-05  2.8E-04
etot    3  N  Y  2  U   -1614.70368574189 -1.1E-04  2.0E-05  4.5E-04
etot    4  N  Y  2  U   -1614.70376932848  8.4E-05  5.7E-06  1.6E-04
etot    5  N  Y  2  U   -1614.70377569731  6.4E-06  1.9E-06  6.7E-05
etot    6  N  N  2  U   -1614.70377668146  9.8E-07  0.0E+00  0.0E+00
scf (DFT) done.
der1a (1-e 1st deriv.) done.
rwr (1st deriv. Q) done.
der1b (2-e 1st deriv.) done.
  Geometry optimization step   2
  Total energy:     -1614.75480914246 hartrees
  energy change:           3.5314E-04 .  (  5.0000E-05 )
  gradient maximum:        4.6057E-03 .  (  4.5000E-04 )
  gradient rms:            5.6812E-04 .  (  3.0000E-04 )
  displacement maximum:    3.7797E-02 .  (  1.8000E-03 )
  displacement rms:        5.3530E-03 .  (  1.2000E-03 )
  
  predicted energy change: -6.7766E-05
  step size:     0.08101
  trust radius:  0.30000
---------------- geometry iteration   2 complete ----------------
geopt (optimize geometry) done.
onee (1-electron integrals) done.
probe (project orbitals) done.
grid (grid generation) done.
rwr (Q operators) done.
  
       i  u  d  i  g
       t  p  i  c  r                                 RMS    maximum
       e  d  i  u  i                       energy  density   DIIS  
       r  t  s  t  d       total energy    change  change    error 
  
etot    1  N  N  2  U   -1614.70091897770           1.1E-04  3.3E-03
etot    2  Y  Y  6  M   -1614.70366806678  2.7E-03  1.9E-05  3.3E-04
etot    3  N  Y  2  U   -1614.70365182904 -1.6E-05  1.4E-05  3.7E-04
etot    4  N  Y  2  U   -1614.70368685763  3.5E-05  3.9E-06  1.3E-04
etot    5  N  N  2  U   -1614.70369143799  4.6E-06  0.0E+00  0.0E+00
scf (DFT) done.
der1a (1-e 1st deriv.) done.
rwr (1st deriv. Q) done.
der1b (2-e 1st deriv.) done.
  Geometry optimization step   3
  Total energy:     -1614.75470477087 hartrees
  energy change:           1.0437E-04 .  (  5.0000E-05 )
  gradient maximum:        2.5342E-03 .  (  4.5000E-04 )
  gradient rms:            4.3844E-04 .  (  3.0000E-04 )
  displacement maximum:    3.4437E-02 .  (  1.8000E-03 )
  displacement rms:        5.1703E-03 .  (  1.2000E-03 )
  
  predicted energy change: -1.1537E-04
  step size:     0.07824
  trust radius:  0.30000
---------------- geometry iteration   3 complete ----------------
geopt (optimize geometry) done.
onee (1-electron integrals) done.
probe (project orbitals) done.
grid (grid generation) done.
rwr (Q operators) done.
  
       i  u  d  i  g
       t  p  i  c  r                                 RMS    maximum
       e  d  i  u  i                       energy  density   DIIS  
       r  t  s  t  d       total energy    change  change    error 
  
etot    1  N  N  2  U   -1614.70088505161           1.2E-04  4.3E-03
etot    2  Y  Y  6  M   -1614.70400753720  3.1E-03  2.1E-05  3.6E-04
etot    3  N  Y  2  U   -1614.70396058430 -4.7E-05  1.5E-05  3.4E-04
etot    4  N  Y  2  U   -1614.70399936544  3.9E-05  4.7E-06  1.5E-04
etot    5  N  N  2  U   -1614.70400368177  4.3E-06  0.0E+00  0.0E+00
scf (DFT) done.
der1a (1-e 1st deriv.) done.
rwr (1st deriv. Q) done.
der1b (2-e 1st deriv.) done.
  Geometry optimization step   4
  Total energy:     -1614.75493218753 hartrees
  energy change:          -2.2742E-04 .  (  5.0000E-05 )
  gradient maximum:        2.0560E-03 .  (  4.5000E-04 )
  gradient rms:            4.0299E-04 .  (  3.0000E-04 )
  displacement maximum:    3.2696E-02 .  (  1.8000E-03 )
  displacement rms:        7.1660E-03 .  (  1.2000E-03 )
  
  predicted energy change: -9.2742E-05
  step size:     0.10844
  trust radius:  0.30000
---------------- geometry iteration   4 complete ----------------
geopt (optimize geometry) done.
onee (1-electron integrals) done.
probe (project orbitals) done.
grid (grid generation) done.
rwr (Q operators) done.
  
       i  u  d  i  g
       t  p  i  c  r                                 RMS    maximum
       e  d  i  u  i                       energy  density   DIIS  
       r  t  s  t  d       total energy    change  change    error 
  
etot    1  N  N  2  U   -1614.69774171588           1.5E-04  5.5E-03
etot    2  Y  Y  6  M   -1614.70341338000  5.7E-03  2.6E-05  3.0E-04
etot    3  N  Y  2  U   -1614.70331593338 -9.7E-05  2.0E-05  6.9E-04
etot    4  N  Y  2  U   -1614.70340672154  9.1E-05  6.6E-06  2.3E-04
etot    5  N  Y  2  U   -1614.70341416124  7.4E-06  2.4E-06  7.6E-05
etot    6  N  N  2  U   -1614.70341552133  1.4E-06  0.0E+00  0.0E+00
scf (DFT) done.
der1a (1-e 1st deriv.) done.
rwr (1st deriv. Q) done.
der1b (2-e 1st deriv.) done.
  Geometry optimization step   5
  Total energy:     -1614.75473274063 hartrees
  ** restarting optimization from step    1 **
  gradient maximum:        1.4277E-03 .  (  4.5000E-04 )
  gradient rms:            3.0525E-04 .  (  3.0000E-04 )
  displacement maximum:    1.6591E-02 .  (  1.8000E-03 )
  displacement rms:        3.5941E-03 .  (  1.2000E-03 )
  
  predicted energy change: -8.8250E-05
  step size:     0.05439
  trust radius:  0.05422
---------------- geometry iteration   5 complete ----------------
geopt (optimize geometry) done.
onee (1-electron integrals) done.
probe (project orbitals) done.
grid (grid generation) done.
rwr (Q operators) done.
  
       i  u  d  i  g
       t  p  i  c  r                                 RMS    maximum
       e  d  i  u  i                       energy  density   DIIS  
       r  t  s  t  d       total energy    change  change    error 
  
etot    1  N  N  2  U   -1614.69609644444           1.9E-04  5.9E-03
etot    2  Y  Y  6  M   -1614.70415644576  8.1E-03  3.5E-05  2.7E-04
etot    3  N  Y  2  U   -1614.70403809646 -1.2E-04  2.4E-05  6.5E-04
etot    4  N  Y  2  U   -1614.70416556301  1.3E-04  6.7E-06  1.9E-04
etot    5  N  Y  2  U   -1614.70417334703  7.8E-06  2.5E-06  7.7E-05
etot    6  N  N  2  U   -1614.70417466500  1.3E-06  0.0E+00  0.0E+00
scf (DFT) done.
der1a (1-e 1st deriv.) done.
rwr (1st deriv. Q) done.
der1b (2-e 1st deriv.) done.
  Geometry optimization step   6
  Total energy:     -1614.75498920840 hartrees
  energy change:           1.7307E-04 .  (  5.0000E-05 )
  gradient maximum:        2.3293E-03 .  (  4.5000E-04 )
  gradient rms:            2.8198E-04 *  (  3.0000E-04 )
  displacement maximum:    1.1371E-02 .  (  1.8000E-03 )
  displacement rms:        1.8228E-03 .  (  1.2000E-03 )
  
  predicted energy change: -3.3898E-05
  step size:     0.02758
  trust radius:  0.02711
---------------- geometry iteration   6 complete ----------------
geopt (optimize geometry) done.
onee (1-electron integrals) done.
probe (project orbitals) done.
grid (grid generation) done.
rwr (Q operators) done.
  
       i  u  d  i  g
       t  p  i  c  r                                 RMS    maximum
       e  d  i  u  i                       energy  density   DIIS  
       r  t  s  t  d       total energy    change  change    error 
  
etot    1  N  N  2  U   -1614.70386163143           4.0E-05  1.5E-03
etot    2  N  Y  2  U   -1614.70421057917  3.5E-04  1.2E-05  1.3E-04
etot    3  N  Y  2  U   -1614.70418619881 -2.4E-05  9.3E-06  4.0E-04
etot    4  N  Y  2  U   -1614.70421355328  2.7E-05  1.4E-06  4.0E-05
etot    5  N  N  2  U   -1614.70421386389  3.1E-07  0.0E+00  0.0E+00
scf (DFT) done.
der1a (1-e 1st deriv.) done.
rwr (1st deriv. Q) done.
der1b (2-e 1st deriv.) done.
  Geometry optimization step   7
  Total energy:     -1614.75505245702 hartrees
  energy change:          -6.3249E-05 .  (  5.0000E-05 )
  gradient maximum:        3.9674E-04 *  (  4.5000E-04 )
  gradient rms:            8.1165E-05 *  (  3.0000E-04 )
  displacement maximum:    1.3142E-02 .  (  1.8000E-03 )
  displacement rms:        2.5656E-03 .  (  1.2000E-03 )
  
  predicted energy change: -2.0712E-05
  step size:     0.03882
  trust radius:  0.03834
---------------- geometry iteration   7 complete ----------------
geopt (optimize geometry) done.
onee (1-electron integrals) done.
probe (project orbitals) done.
grid (grid generation) done.
rwr (Q operators) done.
  
       i  u  d  i  g
       t  p  i  c  r                                 RMS    maximum
       e  d  i  u  i                       energy  density   DIIS  
       r  t  s  t  d       total energy    change  change    error 
  
etot    1  N  N  2  U   -1614.70345028939           5.3E-05  1.4E-03
etot    2  Y  Y  6  M   -1614.70408110690  6.3E-04  9.3E-06  8.6E-05
etot    3  N  Y  2  U   -1614.70406455379 -1.7E-05  6.5E-06  1.7E-04
etot    4  N  Y  2  U   -1614.70407530782  1.1E-05  1.6E-06  3.3E-05
etot    5  N  N  2  U   -1614.70407577739  4.7E-07  0.0E+00  0.0E+00
scf (DFT) done.
der1a (1-e 1st deriv.) done.
rwr (1st deriv. Q) done.
der1b (2-e 1st deriv.) done.
  Geometry optimization step   8
  Total energy:     -1614.75499162452 hartrees
  energy change:           6.0833E-05 .  (  5.0000E-05 )
  gradient maximum:        4.4486E-04 *  (  4.5000E-04 )
  gradient rms:            7.0235E-05 *  (  3.0000E-04 )
  displacement maximum:    1.1148E-02 .  (  1.8000E-03 )
  displacement rms:        2.5176E-03 .  (  1.2000E-03 )
  
  predicted energy change: -5.9909E-06
  step size:     0.03810
  trust radius:  0.05422
---------------- geometry iteration   8 complete ----------------
geopt (optimize geometry) done.
onee (1-electron integrals) done.
probe (project orbitals) done.
grid (grid generation) done.
rwr (Q operators) done.
  
       i  u  d  i  g
       t  p  i  c  r                                 RMS    maximum
       e  d  i  u  i                       energy  density   DIIS  
       r  t  s  t  d       total energy    change  change    error 
  
etot    1  N  N  2  U   -1614.70337421316           5.1E-05  2.4E-03
etot    2  Y  Y  6  M   -1614.70398938533  6.2E-04  9.2E-06  1.3E-04
etot    3  N  Y  2  U   -1614.70397246269 -1.7E-05  6.8E-06  2.6E-04
etot    4  N  Y  2  U   -1614.70398261795  1.0E-05  1.9E-06  7.3E-05
etot    5  N  N  2  U   -1614.70398338290  7.6E-07  0.0E+00  0.0E+00
scf (DFT) done.
der1a (1-e 1st deriv.) done.
rwr (1st deriv. Q) done.
der1b (2-e 1st deriv.) done.
  Geometry optimization step   9
  Total energy:     -1614.75496027162 hartrees
  energy change:           3.1353E-05 *  (  5.0000E-05 )
  gradient maximum:        4.8125E-04 .  (  4.5000E-04 )
  gradient rms:            8.6877E-05 *  (  3.0000E-04 )
  displacement maximum:    1.2790E-02 .  (  1.8000E-03 )
  displacement rms:        2.2166E-03 .  (  1.2000E-03 )
  
  predicted energy change: -4.7715E-06
  step size:     0.03354
  trust radius:  0.05422
---------------- geometry iteration   9 complete ----------------
geopt (optimize geometry) done.
onee (1-electron integrals) done.
probe (project orbitals) done.
grid (grid generation) done.
rwr (Q operators) done.
  
       i  u  d  i  g
       t  p  i  c  r                                 RMS    maximum
       e  d  i  u  i                       energy  density   DIIS  
       r  t  s  t  d       total energy    change  change    error 
  
etot    1  N  N  2  U   -1614.70357697056           4.2E-05  1.3E-03
etot    2  N  Y  2  U   -1614.70394043814  3.6E-04  7.6E-06  9.4E-05
etot    3  N  Y  2  U   -1614.70393349251 -6.9E-06  5.9E-06  2.6E-04
etot    4  N  Y  2  U   -1614.70394188305  8.4E-06  1.8E-06  6.6E-05
etot    5  N  N  2  U   -1614.70394244971  5.7E-07  0.0E+00  0.0E+00
scf (DFT) done.
der1a (1-e 1st deriv.) done.
rwr (1st deriv. Q) done.
der1b (2-e 1st deriv.) done.
  Geometry optimization step  10
  Total energy:     -1614.75493954372 hartrees
  energy change:           2.0728E-05 *  (  5.0000E-05 )
  gradient maximum:        4.3520E-04 *  (  4.5000E-04 )
  gradient rms:            9.0371E-05 *  (  3.0000E-04 )
  displacement maximum:    1.1382E-02 .  (  1.8000E-03 )
  displacement rms:        1.7004E-03 .  (  1.2000E-03 )
  
  predicted energy change: -4.3200E-06
  step size:     0.02573
  trust radius:  0.05422
---------------- geometry iteration  10 complete ----------------
geopt (optimize geometry) done.
onee (1-electron integrals) done.
probe (project orbitals) done.
grid (grid generation) done.
rwr (Q operators) done.
  
       i  u  d  i  g
       t  p  i  c  r                                 RMS    maximum
       e  d  i  u  i                       energy  density   DIIS  
       r  t  s  t  d       total energy    change  change    error 
  
etot    1  N  N  2  U   -1614.70370807493           3.2E-05  1.4E-03
etot    2  N  Y  2  U   -1614.70394740068  2.4E-04  8.2E-06  7.2E-05
etot    3  N  Y  2  U   -1614.70393661015 -1.1E-05  6.5E-06  2.4E-04
etot    4  N  Y  2  U   -1614.70394872311  1.2E-05  1.2E-06  3.7E-05
etot    5  N  N  2  U   -1614.70394892909  2.1E-07  0.0E+00  0.0E+00
scf (DFT) done.
der1a (1-e 1st deriv.) done.
rwr (1st deriv. Q) done.
der1b (2-e 1st deriv.) done.
  Geometry optimization step  11
  Total energy:     -1614.75494705257 hartrees
  energy change:          -7.5089E-06 *  (  5.0000E-05 )
  gradient maximum:        3.7600E-04 *  (  4.5000E-04 )
  gradient rms:            5.8298E-05 #  (  3.0000E-04 )
  displacement maximum:    3.8195E-03 .  (  1.8000E-03 )
  displacement rms:        7.0066E-04 *  (  1.2000E-03 )
  
  predicted energy change: -2.0315E-06
  step size:     0.01060
  trust radius:  0.05422
------------- final geometry iteration  11 complete -------------
geopt (optimize geometry) done.
cutabab2 (abab integrals) done.
der2a (1-e JK-1st deriv.) done.
der2b (2-e JK-1st deriv.) done.
der2nda (1-e 2nd deriv.) done.
der2ndb (2-e 2nd deriv.) done.
rwr (Q operators) done.
cphfa (gradient of wave function) done.
freq (vib. frequencies) done.
Job J1_10007_2111 completed on hpc-23-09.cm.cluster at Sat Jun  1 00:28:28 2024
Timer (jaguar_backend.py) : 2057.89 secs (0 hrs, 34 mins, 17 secs)
Finished:   Sat Jun  1 00:28:28 2024
