Command:  /groups/wag/programs/Schrodinger_2020_3/jaguar run -WAIT -PARALLEL 8 /central/home/labounad/wittig-ch121/out/J1_9924_2111/J1_9924_2111.in
Release:  2020-3
Exec:     /groups/wag/programs/Schrodinger_2020_3/jaguar-v10.9/bin/Linux-x86_64
Host:     hpc-92-24.cm.cluster
JobId:    hpc-92-24-0-66572db8
JobDir:   /central/scratch/labounad/J1_9924_2111#hpc-92-24-0-66572db8
Date:     Wed May 29 06:29:30 2024

Contents of /central/scratch/labounad/J1_9924_2111#hpc-92-24-0-66572db8:
/central/scratch/labounad/J1_9924_2111#hpc-92-24-0-66572db8/.write_dir.json
/central/scratch/labounad/J1_9924_2111#hpc-92-24-0-66572db8/hpc-92-24-0-66572db8.recover
/central/scratch/labounad/J1_9924_2111#hpc-92-24-0-66572db8/J1_9924_2111.recover
/central/scratch/labounad/J1_9924_2111#hpc-92-24-0-66572db8/hpc-92-24-0-66572db8.nodes
/central/scratch/labounad/J1_9924_2111#hpc-92-24-0-66572db8/J1_9924_2111.in
/central/scratch/labounad/J1_9924_2111#hpc-92-24-0-66572db8/hpc-92-24-0-66572db8.mpinodes
/central/scratch/labounad/J1_9924_2111#hpc-92-24-0-66572db8/J1_9924_2111.log
/central/scratch/labounad/J1_9924_2111#hpc-92-24-0-66572db8/hpc-92-24-0-66572db8

Executing subprocess:
/groups/wag/programs/Schrodinger_2020_3/jaguar-v10.9/bin/Linux-x86_64/jexec J1_9924_2111.in -T 8 -out /central/scratch/labounad/J1_9924_2111#hpc-92-24-0-66572db8 -cwd

Job J1_9924_2111 started on hpc-92-24.cm.cluster at Wed May 29 06:29:30 2024
jobid: hpc-92-24-0-66572db8 
Jaguar version 10.9, release 139
 Using up to   8 threads per process
Molecular Point Group: C1      
Point Group used: C1
pre (input checking) done.
onee (1-electron integrals) done.
hfig (HF initial guess) done.
probe (project orbitals) done.
grid (grid generation) done.
rwr (Q operators) done.
scf type: DFT=PBE(X+LC)+PW91 (PBE-D3)
  
       i  u  d  i  g
       t  p  i  c  r                                 RMS    maximum
       e  d  i  u  i                       energy  density   DIIS  
       r  t  s  t  d       total energy    change  change    error 
  
etot    1  N  N  5  M   -1726.03988392714           7.0E-03  1.0E-01
etot    2  Y  Y  6  M   -1711.09747202121 -1.5E+01  1.7E-02  2.0E-01
etot    3  Y  Y  6  M   -1667.96028545707 -4.3E+01  1.6E-02  2.3E-01
etot    4  N  Y  2  U   -1729.38632886688  6.1E+01  8.1E-03  7.6E-02
etot    5  Y  Y  6  M   -1725.90718012885 -3.5E+00  7.8E-03  8.7E-02
etot    6  N  Y  2  U   -1730.43067453645  4.5E+00  1.1E-03  1.3E-02
etot    7  Y  Y  6  M   -1730.39486583661 -3.6E-02  5.8E-04  1.9E-02
etot    8  N  Y  2  U   -1730.48110695230  8.6E-02  2.6E-04  9.5E-03
etot    9  Y  Y  6  M   -1730.49364004681  1.3E-02  1.0E-04  4.0E-03
etot   10  N  Y  2  U   -1730.49621192432  2.6E-03  4.8E-05  1.3E-03
etot   11  N  Y  2  U   -1730.49656797786  3.6E-04  2.5E-05  8.8E-04
etot   12  N  Y  2  U   -1730.49671306561  1.5E-04  1.3E-05  3.4E-04
etot   13  N  Y  2  U   -1730.49672375167  1.1E-05  5.5E-06  2.1E-04
etot   14  N  Y  2  U   -1730.49673322445  9.5E-06  1.6E-06  4.1E-05
etot   15  N  N  2  U   -1730.49673388587  6.6E-07  0.0E+00  0.0E+00
scf (DFT) done.
der1a (1-e 1st deriv.) done.
rwr (1st deriv. Q) done.
der1b (2-e 1st deriv.) done.
  Geometry optimization step   1
  Total energy:     -1730.55705203869 hartrees
  gradient maximum:        3.3984E-02 .  (  4.5000E-04 )
  gradient rms:            6.4043E-03 .  (  3.0000E-04 )
  displacement maximum:    1.2826E-01 .  (  1.8000E-03 )
  displacement rms:        1.8988E-02 .  (  1.2000E-03 )
  
  predicted energy change: -1.8685E-02
  step size:     0.30022
  trust radius:  0.30000
---------------- geometry iteration   1 complete ----------------
geopt (optimize geometry) done.
onee (1-electron integrals) done.
probe (project orbitals) done.
grid (grid generation) done.
rwr (Q operators) done.
  
       i  u  d  i  g
       t  p  i  c  r                                 RMS    maximum
       e  d  i  u  i                       energy  density   DIIS  
       r  t  s  t  d       total energy    change  change    error 
  
etot    1  N  N  2  U   -1730.50205314243           7.3E-04  1.4E-02
etot    2  Y  Y  6  M   -1730.51461443289  1.3E-02  8.5E-05  1.4E-03
etot    3  N  Y  2  U   -1730.51409827291 -5.2E-04  6.2E-05  1.5E-03
etot    4  Y  Y  6  M   -1730.51498162090  8.8E-04  1.9E-05  7.1E-04
etot    5  N  Y  2  U   -1730.51508223325  1.0E-04  6.5E-06  2.7E-04
etot    6  N  Y  2  U   -1730.51509552142  1.3E-05  2.5E-06  9.7E-05
etot    7  N  N  2  U   -1730.51509656320  1.0E-06  0.0E+00  0.0E+00
scf (DFT) done.
der1a (1-e 1st deriv.) done.
rwr (1st deriv. Q) done.
der1b (2-e 1st deriv.) done.
  Geometry optimization step   2
  Total energy:     -1730.57447905993 hartrees
  energy change:          -1.7427E-02 .  (  5.0000E-05 )
  gradient maximum:        1.1319E-02 .  (  4.5000E-04 )
  gradient rms:            1.8872E-03 .  (  3.0000E-04 )
  displacement maximum:    1.1732E-01 .  (  1.8000E-03 )
  displacement rms:        1.9008E-02 .  (  1.2000E-03 )
  
  predicted energy change: -3.6207E-03
  step size:     0.30055
  trust radius:  0.30000
---------------- geometry iteration   2 complete ----------------
geopt (optimize geometry) done.
onee (1-electron integrals) done.
probe (project orbitals) done.
grid (grid generation) done.
rwr (Q operators) done.
  
       i  u  d  i  g
       t  p  i  c  r                                 RMS    maximum
       e  d  i  u  i                       energy  density   DIIS  
       r  t  s  t  d       total energy    change  change    error 
  
etot    1  N  N  2  U   -1730.48439395952           3.8E-04  9.0E-03
etot    2  Y  Y  6  M   -1730.51883556926  3.4E-02  8.7E-05  1.2E-03
etot    3  N  Y  2  U   -1730.51780518822 -1.0E-03  6.6E-05  2.1E-03
etot    4  Y  Y  6  M   -1730.51882657123  1.0E-03  2.3E-05  7.7E-04
etot    5  N  Y  2  U   -1730.51892420414  9.8E-05  8.9E-06  3.8E-04
etot    6  N  Y  2  U   -1730.51895088912  2.7E-05  2.4E-06  6.7E-05
etot    7  N  N  2  U   -1730.51895170658  8.2E-07  0.0E+00  0.0E+00
scf (DFT) done.
der1a (1-e 1st deriv.) done.
rwr (1st deriv. Q) done.
der1b (2-e 1st deriv.) done.
  Geometry optimization step   3
  Total energy:     -1730.57764448828 hartrees
  energy change:          -3.1654E-03 .  (  5.0000E-05 )
  gradient maximum:        1.1774E-02 .  (  4.5000E-04 )
  gradient rms:            1.4215E-03 .  (  3.0000E-04 )
  displacement maximum:    1.1331E-01 .  (  1.8000E-03 )
  displacement rms:        1.8972E-02 .  (  1.2000E-03 )
  
  predicted energy change: -2.7091E-03
  step size:     0.29997
  trust radius:  0.30000
---------------- geometry iteration   3 complete ----------------
geopt (optimize geometry) done.
onee (1-electron integrals) done.
probe (project orbitals) done.
grid (grid generation) done.
rwr (Q operators) done.
  
       i  u  d  i  g
       t  p  i  c  r                                 RMS    maximum
       e  d  i  u  i                       energy  density   DIIS  
       r  t  s  t  d       total energy    change  change    error 
  
etot    1  N  N  2  U   -1730.47548889590           4.1E-04  1.3E-02
etot    2  Y  Y  6  M   -1730.51824853473  4.3E-02  9.0E-05  1.2E-03
etot    3  N  Y  2  U   -1730.51709943241 -1.1E-03  7.0E-05  2.2E-03
etot    4  Y  Y  6  M   -1730.51827310603  1.2E-03  2.5E-05  1.1E-03
etot    5  N  Y  2  U   -1730.51840775963  1.3E-04  9.0E-06  4.1E-04
etot    6  N  Y  2  U   -1730.51843485500  2.7E-05  2.5E-06  4.9E-05
etot    7  N  N  2  U   -1730.51843564577  7.9E-07  0.0E+00  0.0E+00
scf (DFT) done.
der1a (1-e 1st deriv.) done.
rwr (1st deriv. Q) done.
der1b (2-e 1st deriv.) done.
  Geometry optimization step   4
  Total energy:     -1730.57785972701 hartrees
  energy change:          -2.1524E-04 .  (  5.0000E-05 )
  gradient maximum:        2.0975E-02 .  (  4.5000E-04 )
  gradient rms:            3.5134E-03 .  (  3.0000E-04 )
  displacement maximum:    1.4046E-01 .  (  1.8000E-03 )
  displacement rms:        1.8971E-02 .  (  1.2000E-03 )
  
  predicted energy change: -2.7208E-03
  step size:     0.29996
  trust radius:  0.30000
---------------- geometry iteration   4 complete ----------------
geopt (optimize geometry) done.
onee (1-electron integrals) done.
probe (project orbitals) done.
grid (grid generation) done.
rwr (Q operators) done.
  
       i  u  d  i  g
       t  p  i  c  r                                 RMS    maximum
       e  d  i  u  i                       energy  density   DIIS  
       r  t  s  t  d       total energy    change  change    error 
  
etot    1  N  N  2  U   -1730.45763852656           4.8E-04  1.1E-02
etot    2  Y  Y  6  M   -1730.52000861535  6.2E-02  1.2E-04  1.4E-03
etot    3  N  Y  2  U   -1730.51835950641 -1.6E-03  8.8E-05  2.8E-03
etot    4  Y  Y  6  M   -1730.52025339172  1.9E-03  2.5E-05  6.3E-04
etot    5  N  Y  2  U   -1730.52034514835  9.2E-05  1.1E-05  4.1E-04
etot    6  N  Y  2  U   -1730.52038166200  3.7E-05  3.2E-06  1.2E-04
etot    7  N  N  2  U   -1730.52038332856  1.7E-06  0.0E+00  0.0E+00
scf (DFT) done.
der1a (1-e 1st deriv.) done.
rwr (1st deriv. Q) done.
der1b (2-e 1st deriv.) done.
  Geometry optimization step   5
  Total energy:     -1730.58008577224 hartrees
  energy change:          -2.2260E-03 .  (  5.0000E-05 )
  gradient maximum:        6.1025E-03 .  (  4.5000E-04 )
  gradient rms:            1.5524E-03 .  (  3.0000E-04 )
  displacement maximum:    1.0455E-01 .  (  1.8000E-03 )
  displacement rms:        1.9018E-02 .  (  1.2000E-03 )
  
  predicted energy change: -2.5754E-03
  step size:     0.30070
  trust radius:  0.30000
---------------- geometry iteration   5 complete ----------------
geopt (optimize geometry) done.
onee (1-electron integrals) done.
probe (project orbitals) done.
grid (grid generation) done.
rwr (Q operators) done.
  
       i  u  d  i  g
       t  p  i  c  r                                 RMS    maximum
       e  d  i  u  i                       energy  density   DIIS  
       r  t  s  t  d       total energy    change  change    error 
  
etot    1  N  N  2  U   -1730.48758878392           3.7E-04  1.3E-02
etot    2  Y  Y  6  M   -1730.52146560388  3.4E-02  9.3E-05  9.8E-04
etot    3  N  Y  2  U   -1730.52035675001 -1.1E-03  7.2E-05  2.7E-03
etot    4  Y  Y  6  M   -1730.52147494093  1.1E-03  1.4E-05  4.8E-04
etot    5  N  Y  2  U   -1730.52154473531  7.0E-05  4.8E-06  1.4E-04
etot    6  N  N  2  U   -1730.52155063347  5.9E-06  0.0E+00  0.0E+00
scf (DFT) done.
der1a (1-e 1st deriv.) done.
rwr (1st deriv. Q) done.
der1b (2-e 1st deriv.) done.
  Geometry optimization step   6
  Total energy:     -1730.58061001341 hartrees
  energy change:          -5.2424E-04 .  (  5.0000E-05 )
  gradient maximum:        1.4265E-02 .  (  4.5000E-04 )
  gradient rms:            2.2276E-03 .  (  3.0000E-04 )
  displacement maximum:    1.6389E-01 .  (  1.8000E-03 )
  displacement rms:        1.9004E-02 .  (  1.2000E-03 )
  
  predicted energy change: -1.8902E-03
  step size:     0.30048
  trust radius:  0.30000
---------------- geometry iteration   6 complete ----------------
geopt (optimize geometry) done.
onee (1-electron integrals) done.
probe (project orbitals) done.
grid (grid generation) done.
rwr (Q operators) done.
  
       i  u  d  i  g
       t  p  i  c  r                                 RMS    maximum
       e  d  i  u  i                       energy  density   DIIS  
       r  t  s  t  d       total energy    change  change    error 
  
etot    1  N  N  2  U   -1730.46646916904           5.0E-04  1.1E-02
etot    2  Y  Y  6  M   -1730.52241615923  5.6E-02  1.1E-04  1.3E-03
etot    3  N  Y  2  U   -1730.52113744013 -1.3E-03  8.0E-05  2.8E-03
etot    4  Y  Y  6  M   -1730.52257442794  1.4E-03  2.4E-05  7.2E-04
etot    5  N  Y  2  U   -1730.52267184803  9.7E-05  1.0E-05  4.3E-04
etot    6  N  Y  2  U   -1730.52270346836  3.2E-05  3.2E-06  1.0E-04
etot    7  N  N  2  U   -1730.52270469991  1.2E-06  0.0E+00  0.0E+00
scf (DFT) done.
der1a (1-e 1st deriv.) done.
rwr (1st deriv. Q) done.
der1b (2-e 1st deriv.) done.
  Geometry optimization step   7
  Total energy:     -1730.58258315579 hartrees
  energy change:          -1.9731E-03 .  (  5.0000E-05 )
  gradient maximum:        9.6889E-03 .  (  4.5000E-04 )
  gradient rms:            1.1542E-03 .  (  3.0000E-04 )
  displacement maximum:    1.8370E-01 .  (  1.8000E-03 )
  displacement rms:        1.8956E-02 .  (  1.2000E-03 )
  
  predicted energy change: -1.8413E-03
  step size:     0.29972
  trust radius:  0.30000
---------------- geometry iteration   7 complete ----------------
geopt (optimize geometry) done.
onee (1-electron integrals) done.
probe (project orbitals) done.
grid (grid generation) done.
rwr (Q operators) done.
  
       i  u  d  i  g
       t  p  i  c  r                                 RMS    maximum
       e  d  i  u  i                       energy  density   DIIS  
       r  t  s  t  d       total energy    change  change    error 
  
etot    1  N  N  2  U   -1730.45862506950           5.1E-04  1.1E-02
etot    2  Y  Y  6  M   -1730.51921774797  6.1E-02  1.3E-04  1.8E-03
etot    3  N  Y  2  U   -1730.51731979452 -1.9E-03  9.8E-05  3.6E-03
etot    4  Y  Y  6  M   -1730.51962239175  2.3E-03  2.9E-05  8.0E-04
etot    5  N  Y  2  U   -1730.51976456241  1.4E-04  1.2E-05  4.5E-04
etot    6  N  Y  2  U   -1730.51981273414  4.8E-05  3.2E-06  7.4E-05
etot    7  N  N  2  U   -1730.51981422125  1.5E-06  0.0E+00  0.0E+00
scf (DFT) done.
der1a (1-e 1st deriv.) done.
rwr (1st deriv. Q) done.
der1b (2-e 1st deriv.) done.
  Geometry optimization step   8
  Total energy:     -1730.58167551017 hartrees
  ** restarting optimization from step    7 **
  energy change:           9.0765E-04 .  (  5.0000E-05 )
  gradient maximum:        9.6889E-03 .  (  4.5000E-04 )
  gradient rms:            1.1542E-03 .  (  3.0000E-04 )
  displacement maximum:    1.4035E-01 .  (  1.8000E-03 )
  displacement rms:        1.8984E-02 .  (  1.2000E-03 )
  
  predicted energy change: -1.5244E-03
  step size:     0.30016
  trust radius:  0.30000
---------------- geometry iteration   8 complete ----------------
geopt (optimize geometry) done.
onee (1-electron integrals) done.
probe (project orbitals) done.
grid (grid generation) done.
rwr (Q operators) done.
  
       i  u  d  i  g
       t  p  i  c  r                                 RMS    maximum
       e  d  i  u  i                       energy  density   DIIS  
       r  t  s  t  d       total energy    change  change    error 
  
etot    1  N  N  2  U   -1730.49602116117           3.3E-04  8.5E-03
etot    2  Y  Y  6  M   -1730.52285294186  2.7E-02  6.8E-05  6.1E-04
etot    3  N  Y  2  U   -1730.52227146599 -5.8E-04  5.2E-05  1.6E-03
etot    4  Y  Y  6  M   -1730.52294835673  6.8E-04  1.4E-05  4.9E-04
etot    5  N  Y  2  U   -1730.52295854619  1.0E-05  5.3E-06  2.2E-04
etot    6  N  Y  2  U   -1730.52296557683  7.0E-06  2.1E-06  7.5E-05
etot    7  N  N  2  U   -1730.52296636225  7.9E-07  0.0E+00  0.0E+00
scf (DFT) done.
der1a (1-e 1st deriv.) done.
rwr (1st deriv. Q) done.
der1b (2-e 1st deriv.) done.
  Geometry optimization step   9
  Total energy:     -1730.58339902887 hartrees
  energy change:          -8.1587E-04 .  (  5.0000E-05 )
  gradient maximum:        8.3474E-03 .  (  4.5000E-04 )
  gradient rms:            1.0561E-03 .  (  3.0000E-04 )
  displacement maximum:    1.3003E-01 .  (  1.8000E-03 )
  displacement rms:        1.8990E-02 .  (  1.2000E-03 )
  
  predicted energy change: -1.1942E-03
  step size:     0.30026
  trust radius:  0.30000
---------------- geometry iteration   9 complete ----------------
geopt (optimize geometry) done.
onee (1-electron integrals) done.
probe (project orbitals) done.
grid (grid generation) done.
rwr (Q operators) done.
  
       i  u  d  i  g
       t  p  i  c  r                                 RMS    maximum
       e  d  i  u  i                       energy  density   DIIS  
       r  t  s  t  d       total energy    change  change    error 
  
etot    1  N  N  2  U   -1730.47602970408           4.4E-04  1.7E-02
etot    2  Y  Y  6  M   -1730.52338527847  4.7E-02  7.9E-05  1.0E-03
etot    3  N  Y  2  U   -1730.52266081263 -7.2E-04  6.2E-05  2.1E-03
etot    4  Y  Y  6  M   -1730.52338403700  7.2E-04  1.6E-05  6.1E-04
etot    5  N  Y  2  U   -1730.52346712611  8.3E-05  4.6E-06  1.5E-04
etot    6  N  N  2  U   -1730.52347212125  5.0E-06  0.0E+00  0.0E+00
scf (DFT) done.
der1a (1-e 1st deriv.) done.
rwr (1st deriv. Q) done.
der1b (2-e 1st deriv.) done.
  Geometry optimization step  10
  Total energy:     -1730.58399616040 hartrees
  energy change:          -5.9713E-04 .  (  5.0000E-05 )
  gradient maximum:        1.2830E-02 .  (  4.5000E-04 )
  gradient rms:            1.3647E-03 .  (  3.0000E-04 )
  displacement maximum:    1.3233E-01 .  (  1.8000E-03 )
  displacement rms:        1.8983E-02 .  (  1.2000E-03 )
  
  predicted energy change: -9.5013E-04
  step size:     0.30015
  trust radius:  0.30000
---------------- geometry iteration  10 complete ----------------
geopt (optimize geometry) done.
onee (1-electron integrals) done.
probe (project orbitals) done.
grid (grid generation) done.
rwr (Q operators) done.
  
       i  u  d  i  g
       t  p  i  c  r                                 RMS    maximum
       e  d  i  u  i                       energy  density   DIIS  
       r  t  s  t  d       total energy    change  change    error 
  
etot    1  N  N  2  U   -1730.48155437403           7.9E-04  1.6E-02
etot    2  Y  Y  6  M   -1730.52433516346  4.3E-02  7.5E-05  1.0E-03
etot    3  N  Y  2  U   -1730.52371522984 -6.2E-04  5.7E-05  1.3E-03
etot    4  Y  Y  6  M   -1730.52431735625  6.0E-04  1.9E-05  6.3E-04
etot    5  N  Y  2  U   -1730.52440921959  9.2E-05  6.6E-06  3.6E-04
etot    6  N  Y  2  U   -1730.52442129156  1.2E-05  2.6E-06  1.1E-04
etot    7  N  N  2  U   -1730.52442210963  8.2E-07  0.0E+00  0.0E+00
scf (DFT) done.
der1a (1-e 1st deriv.) done.
rwr (1st deriv. Q) done.
der1b (2-e 1st deriv.) done.
  Geometry optimization step  11
  Total energy:     -1730.58525933936 hartrees
  energy change:          -1.2632E-03 .  (  5.0000E-05 )
  gradient maximum:        4.3665E-03 .  (  4.5000E-04 )
  gradient rms:            7.4088E-04 .  (  3.0000E-04 )
  displacement maximum:    1.2180E-01 .  (  1.8000E-03 )
  displacement rms:        1.8971E-02 .  (  1.2000E-03 )
  
  predicted energy change: -9.8396E-04
  step size:     0.29996
  trust radius:  0.30000
---------------- geometry iteration  11 complete ----------------
geopt (optimize geometry) done.
onee (1-electron integrals) done.
probe (project orbitals) done.
grid (grid generation) done.
rwr (Q operators) done.
  
       i  u  d  i  g
       t  p  i  c  r                                 RMS    maximum
       e  d  i  u  i                       energy  density   DIIS  
       r  t  s  t  d       total energy    change  change    error 
  
etot    1  N  N  2  U   -1730.48746575067           3.6E-04  9.1E-03
etot    2  Y  Y  6  M   -1730.52363900249  3.6E-02  8.5E-05  9.3E-04
etot    3  N  Y  2  U   -1730.52271152055 -9.3E-04  6.5E-05  2.0E-03
etot    4  Y  Y  6  M   -1730.52373660405  1.0E-03  1.6E-05  4.5E-04
etot    5  N  Y  2  U   -1730.52376949781  3.3E-05  5.6E-06  1.9E-04
etot    6  N  Y  2  U   -1730.52377872038  9.2E-06  1.9E-06  3.9E-05
etot    7  N  N  2  U   -1730.52377894763  2.3E-07  0.0E+00  0.0E+00
scf (DFT) done.
der1a (1-e 1st deriv.) done.
rwr (1st deriv. Q) done.
der1b (2-e 1st deriv.) done.
  Geometry optimization step  12
  Total energy:     -1730.58529835671 hartrees
  energy change:          -3.9017E-05 *  (  5.0000E-05 )
  gradient maximum:        8.9904E-03 .  (  4.5000E-04 )
  gradient rms:            1.4164E-03 .  (  3.0000E-04 )
  displacement maximum:    7.9302E-02 .  (  1.8000E-03 )
  displacement rms:        1.4491E-02 .  (  1.2000E-03 )
  
  predicted energy change: -7.1068E-04
  step size:     0.22913
  trust radius:  0.30000
---------------- geometry iteration  12 complete ----------------
geopt (optimize geometry) done.
onee (1-electron integrals) done.
probe (project orbitals) done.
grid (grid generation) done.
rwr (Q operators) done.
  
       i  u  d  i  g
       t  p  i  c  r                                 RMS    maximum
       e  d  i  u  i                       energy  density   DIIS  
       r  t  s  t  d       total energy    change  change    error 
  
etot    1  N  N  2  U   -1730.49106187500           3.5E-04  1.2E-02
etot    2  Y  Y  6  M   -1730.52401700870  3.3E-02  9.0E-05  1.1E-03
etot    3  N  Y  2  U   -1730.52301330487 -1.0E-03  7.0E-05  1.9E-03
etot    4  Y  Y  6  M   -1730.52406931963  1.1E-03  1.9E-05  5.1E-04
etot    5  N  Y  2  U   -1730.52414878461  7.9E-05  6.8E-06  2.6E-04
etot    6  N  Y  2  U   -1730.52416255600  1.4E-05  2.5E-06  6.6E-05
etot    7  N  N  2  U   -1730.52416339900  8.4E-07  0.0E+00  0.0E+00
scf (DFT) done.
der1a (1-e 1st deriv.) done.
rwr (1st deriv. Q) done.
der1b (2-e 1st deriv.) done.
  Geometry optimization step  13
  Total energy:     -1730.58558460566 hartrees
  energy change:          -2.8625E-04 .  (  5.0000E-05 )
  gradient maximum:        2.8911E-03 .  (  4.5000E-04 )
  gradient rms:            6.1549E-04 .  (  3.0000E-04 )
  displacement maximum:    1.0189E-01 .  (  1.8000E-03 )
  displacement rms:        1.6593E-02 .  (  1.2000E-03 )
  
  predicted energy change: -4.8377E-04
  step size:     0.26236
  trust radius:  0.30000
---------------- geometry iteration  13 complete ----------------
geopt (optimize geometry) done.
onee (1-electron integrals) done.
probe (project orbitals) done.
grid (grid generation) done.
rwr (Q operators) done.
  
       i  u  d  i  g
       t  p  i  c  r                                 RMS    maximum
       e  d  i  u  i                       energy  density   DIIS  
       r  t  s  t  d       total energy    change  change    error 
  
etot    1  N  N  2  U   -1730.47755105060           7.9E-04  1.3E-02
etot    2  Y  Y  6  M   -1730.52479358820  4.7E-02  8.1E-05  1.3E-03
etot    3  N  Y  2  U   -1730.52414215068 -6.5E-04  5.7E-05  2.3E-03
etot    4  Y  Y  6  M   -1730.52496921632  8.3E-04  1.9E-05  4.9E-04
etot    5  N  Y  2  U   -1730.52502147591  5.2E-05  7.7E-06  2.5E-04
etot    6  N  Y  2  U   -1730.52503975443  1.8E-05  2.6E-06  4.8E-05
etot    7  N  N  2  U   -1730.52504034132  5.9E-07  0.0E+00  0.0E+00
scf (DFT) done.
der1a (1-e 1st deriv.) done.
rwr (1st deriv. Q) done.
der1b (2-e 1st deriv.) done.
  Geometry optimization step  14
  Total energy:     -1730.58618356782 hartrees
  energy change:          -5.9896E-04 .  (  5.0000E-05 )
  gradient maximum:        3.6574E-03 .  (  4.5000E-04 )
  gradient rms:            7.0485E-04 .  (  3.0000E-04 )
  displacement maximum:    1.4629E-01 .  (  1.8000E-03 )
  displacement rms:        1.8950E-02 .  (  1.2000E-03 )
  
  predicted energy change: -9.2157E-04
  step size:     0.29962
  trust radius:  0.30000
---------------- geometry iteration  14 complete ----------------
geopt (optimize geometry) done.
onee (1-electron integrals) done.
probe (project orbitals) done.
grid (grid generation) done.
rwr (Q operators) done.
  
       i  u  d  i  g
       t  p  i  c  r                                 RMS    maximum
       e  d  i  u  i                       energy  density   DIIS  
       r  t  s  t  d       total energy    change  change    error 
  
etot    1  N  N  2  U   -1730.43873255726           5.8E-04  1.8E-02
etot    2  Y  Y  6  M   -1730.52385509639  8.5E-02  1.5E-04  3.0E-03
etot    3  N  Y  2  U   -1730.52171132449 -2.1E-03  1.0E-04  5.5E-03
etot    4  Y  Y  6  M   -1730.52490797078  3.2E-03  2.9E-05  5.5E-04
etot    5  N  Y  2  U   -1730.52498250260  7.5E-05  1.4E-05  4.9E-04
etot    6  N  Y  2  U   -1730.52504152905  5.9E-05  3.6E-06  1.1E-04
etot    7  N  N  2  U   -1730.52504359223  2.1E-06  0.0E+00  0.0E+00
scf (DFT) done.
der1a (1-e 1st deriv.) done.
rwr (1st deriv. Q) done.
der1b (2-e 1st deriv.) done.
  Geometry optimization step  15
  Total energy:     -1730.58656369932 hartrees
  energy change:          -3.8013E-04 .  (  5.0000E-05 )
  gradient maximum:        5.6914E-03 .  (  4.5000E-04 )
  gradient rms:            1.2620E-03 .  (  3.0000E-04 )
  displacement maximum:    9.3147E-02 .  (  1.8000E-03 )
  displacement rms:        1.8966E-02 .  (  1.2000E-03 )
  
  predicted energy change: -2.9283E-02
  step size:     0.29988
  trust radius:  0.30000
---------------- geometry iteration  15 complete ----------------
geopt (optimize geometry) done.
onee (1-electron integrals) done.
probe (project orbitals) done.
grid (grid generation) done.
rwr (Q operators) done.
  
       i  u  d  i  g
       t  p  i  c  r                                 RMS    maximum
       e  d  i  u  i                       energy  density   DIIS  
       r  t  s  t  d       total energy    change  change    error 
  
etot    1  N  N  2  U   -1730.43446841165           7.7E-04  1.6E-02
etot    2  Y  Y  6  M   -1730.51385241647  7.9E-02  2.1E-04  2.0E-03
etot    3  N  Y  2  U   -1730.50783588332 -6.0E-03  1.5E-04  5.0E-03
etot    4  N  Y  2  U   -1730.51482987208  7.0E-03  2.5E-05  6.5E-04
etot    5  N  Y  2  U   -1730.51493029898  1.0E-04  9.9E-06  3.6E-04
etot    6  N  Y  2  U   -1730.51495748633  2.7E-05  3.5E-06  7.8E-05
etot    7  N  N  2  U   -1730.51495875881  1.3E-06  0.0E+00  0.0E+00
scf (DFT) done.
der1a (1-e 1st deriv.) done.
rwr (1st deriv. Q) done.
der1b (2-e 1st deriv.) done.
  Geometry optimization step  16
  Total energy:     -1730.57681100636 hartrees
  ** restarting optimization from step   15 **
  energy change:           9.7527E-03 .  (  5.0000E-05 )
  gradient maximum:        5.6914E-03 .  (  4.5000E-04 )
  gradient rms:            1.2620E-03 .  (  3.0000E-04 )
  displacement maximum:    1.3551E-01 .  (  1.8000E-03 )
  displacement rms:        1.8090E-02 .  (  1.2000E-03 )
  
  predicted energy change: -2.7429E-03
  step size:     0.28603
  trust radius:  0.30000
---------------- geometry iteration  16 complete ----------------
geopt (optimize geometry) done.
onee (1-electron integrals) done.
probe (project orbitals) done.
grid (grid generation) done.
rwr (Q operators) done.
  
       i  u  d  i  g
       t  p  i  c  r                                 RMS    maximum
       e  d  i  u  i                       energy  density   DIIS  
       r  t  s  t  d       total energy    change  change    error 
  
etot    1  N  N  2  U   -1730.44958539681           7.4E-04  1.3E-02
etot    2  Y  Y  6  M   -1730.52545410721  7.6E-02  1.7E-04  1.6E-03
etot    3  N  Y  2  U   -1730.52218043661 -3.3E-03  1.2E-04  3.7E-03
etot    4  Y  Y  6  M   -1730.52634640866  4.2E-03  2.5E-05  7.4E-04
etot    5  N  Y  2  U   -1730.52648127094  1.3E-04  9.9E-06  2.9E-04
etot    6  N  Y  2  U   -1730.52650367854  2.2E-05  3.8E-06  1.0E-04
etot    7  N  N  2  U   -1730.52650564448  2.0E-06  0.0E+00  0.0E+00
scf (DFT) done.
der1a (1-e 1st deriv.) done.
rwr (1st deriv. Q) done.
der1b (2-e 1st deriv.) done.
  Geometry optimization step  17
  Total energy:     -1730.58918839438 hartrees
  energy change:          -2.6247E-03 .  (  5.0000E-05 )
  gradient maximum:        5.6046E-03 .  (  4.5000E-04 )
  gradient rms:            8.0112E-04 .  (  3.0000E-04 )
  displacement maximum:    1.4023E-01 .  (  1.8000E-03 )
  displacement rms:        1.8991E-02 .  (  1.2000E-03 )
  
  predicted energy change: -2.2994E-03
  step size:     0.30028
  trust radius:  0.30000
---------------- geometry iteration  17 complete ----------------
geopt (optimize geometry) done.
onee (1-electron integrals) done.
probe (project orbitals) done.
grid (grid generation) done.
rwr (Q operators) done.
  
       i  u  d  i  g
       t  p  i  c  r                                 RMS    maximum
       e  d  i  u  i                       energy  density   DIIS  
       r  t  s  t  d       total energy    change  change    error 
  
etot    1  N  N  2  U   -1730.44400665446           5.7E-04  1.9E-02
etot    2  Y  Y  6  M   -1730.52625907312  8.2E-02  1.7E-04  3.9E-03
etot    3  N  Y  2  U   -1730.52369009990 -2.6E-03  1.1E-04  7.3E-03
etot    4  Y  Y  6  M   -1730.52754131358  3.9E-03  2.2E-05  4.4E-04
etot    5  N  Y  2  U   -1730.52760337278  6.2E-05  1.1E-05  3.9E-04
etot    6  N  Y  2  U   -1730.52763232705  2.9E-05  3.3E-06  9.5E-05
etot    7  N  N  2  U   -1730.52763447340  2.1E-06  0.0E+00  0.0E+00
scf (DFT) done.
der1a (1-e 1st deriv.) done.
rwr (1st deriv. Q) done.
der1b (2-e 1st deriv.) done.
  Geometry optimization step  18
  Total energy:     -1730.59089055282 hartrees
  energy change:          -1.7022E-03 .  (  5.0000E-05 )
  gradient maximum:        5.0194E-03 .  (  4.5000E-04 )
  gradient rms:            1.0712E-03 .  (  3.0000E-04 )
  displacement maximum:    1.5580E-01 .  (  1.8000E-03 )
  displacement rms:        1.8971E-02 .  (  1.2000E-03 )
  
  predicted energy change: -2.3595E-03
  step size:     0.29996
  trust radius:  0.30000
---------------- geometry iteration  18 complete ----------------
geopt (optimize geometry) done.
onee (1-electron integrals) done.
probe (project orbitals) done.
grid (grid generation) done.
rwr (Q operators) done.
  
       i  u  d  i  g
       t  p  i  c  r                                 RMS    maximum
       e  d  i  u  i                       energy  density   DIIS  
       r  t  s  t  d       total energy    change  change    error 
  
etot    1  N  N  2  U   -1730.48086187520           4.5E-04  1.2E-02
etot    2  Y  Y  6  M   -1730.52876093553  4.8E-02  1.0E-04  2.1E-03
etot    3  N  Y  2  U   -1730.52779177024 -9.7E-04  6.8E-05  4.1E-03
etot    4  Y  Y  6  M   -1730.52913774349  1.3E-03  1.8E-05  3.6E-04
etot    5  N  Y  2  U   -1730.52920867518  7.1E-05  8.7E-06  2.8E-04
etot    6  N  Y  2  U   -1730.52922863081  2.0E-05  2.3E-06  5.5E-05
etot    7  N  N  2  U   -1730.52922959119  9.6E-07  0.0E+00  0.0E+00
scf (DFT) done.
der1a (1-e 1st deriv.) done.
rwr (1st deriv. Q) done.
der1b (2-e 1st deriv.) done.
  Geometry optimization step  19
  Total energy:     -1730.59169014039 hartrees
  energy change:          -7.9959E-04 .  (  5.0000E-05 )
  gradient maximum:        1.4053E-02 .  (  4.5000E-04 )
  gradient rms:            2.0430E-03 .  (  3.0000E-04 )
  displacement maximum:    1.4001E-01 .  (  1.8000E-03 )
  displacement rms:        1.8936E-02 .  (  1.2000E-03 )
  
  predicted energy change: -2.3810E-03
  step size:     0.29941
  trust radius:  0.30000
---------------- geometry iteration  19 complete ----------------
geopt (optimize geometry) done.
onee (1-electron integrals) done.
probe (project orbitals) done.
grid (grid generation) done.
rwr (Q operators) done.
  
       i  u  d  i  g
       t  p  i  c  r                                 RMS    maximum
       e  d  i  u  i                       energy  density   DIIS  
       r  t  s  t  d       total energy    change  change    error 
  
etot    1  N  N  2  U   -1730.45387667020           5.1E-04  1.2E-02
etot    2  Y  Y  6  M   -1730.52460262461  7.1E-02  1.8E-04  3.3E-03
etot    3  N  Y  2  U   -1730.52123736458 -3.4E-03  1.3E-04  6.3E-03
etot    4  Y  Y  6  M   -1730.52550726165  4.3E-03  3.2E-05  7.7E-04
etot    5  N  Y  2  U   -1730.52566430867  1.6E-04  1.3E-05  3.8E-04
etot    6  N  Y  2  U   -1730.52571844612  5.4E-05  3.7E-06  8.4E-05
etot    7  N  N  2  U   -1730.52572030581  1.9E-06  0.0E+00  0.0E+00
scf (DFT) done.
der1a (1-e 1st deriv.) done.
rwr (1st deriv. Q) done.
der1b (2-e 1st deriv.) done.
  Geometry optimization step  20
  Total energy:     -1730.59044990699 hartrees
  ** restarting optimization from step   19 **
  energy change:           1.2402E-03 .  (  5.0000E-05 )
  gradient maximum:        1.4053E-02 .  (  4.5000E-04 )
  gradient rms:            2.0430E-03 .  (  3.0000E-04 )
  displacement maximum:    1.2638E-01 .  (  1.8000E-03 )
  displacement rms:        1.8992E-02 .  (  1.2000E-03 )
  
  predicted energy change: -2.1841E-03
  step size:     0.30028
  trust radius:  0.30000
---------------- geometry iteration  20 complete ----------------
geopt (optimize geometry) done.
onee (1-electron integrals) done.
probe (project orbitals) done.
grid (grid generation) done.
rwr (Q operators) done.
  
       i  u  d  i  g
       t  p  i  c  r                                 RMS    maximum
       e  d  i  u  i                       energy  density   DIIS  
       r  t  s  t  d       total energy    change  change    error 
  
etot    1  N  N  2  U   -1730.44887919020           5.4E-04  1.2E-02
etot    2  Y  Y  6  M   -1730.52773873626  7.9E-02  1.4E-04  1.4E-03
etot    3  N  Y  2  U   -1730.52565176754 -2.1E-03  1.0E-04  3.4E-03
etot    4  Y  Y  6  M   -1730.52816091870  2.5E-03  2.8E-05  9.5E-04
etot    5  N  Y  2  U   -1730.52827572174  1.1E-04  1.0E-05  3.4E-04
etot    6  N  Y  2  U   -1730.52830457565  2.9E-05  3.5E-06  9.8E-05
etot    7  N  N  2  U   -1730.52830557531  1.0E-06  0.0E+00  0.0E+00
scf (DFT) done.
der1a (1-e 1st deriv.) done.
rwr (1st deriv. Q) done.
der1b (2-e 1st deriv.) done.
  Geometry optimization step  21
  Total energy:     -1730.59121704860 hartrees
  energy change:           4.7309E-04 .  (  5.0000E-05 )
  gradient maximum:        2.0257E-02 .  (  4.5000E-04 )
  gradient rms:            3.5501E-03 .  (  3.0000E-04 )
  displacement maximum:    1.1438E-01 .  (  1.8000E-03 )
  displacement rms:        1.8973E-02 .  (  1.2000E-03 )
  
  predicted energy change: -4.5949E-03
  step size:     0.29998
  trust radius:  0.30000
---------------- geometry iteration  21 complete ----------------
geopt (optimize geometry) done.
onee (1-electron integrals) done.
probe (project orbitals) done.
grid (grid generation) done.
rwr (Q operators) done.
  
       i  u  d  i  g
       t  p  i  c  r                                 RMS    maximum
       e  d  i  u  i                       energy  density   DIIS  
       r  t  s  t  d       total energy    change  change    error 
  
etot    1  N  N  2  U   -1730.48313210244           4.1E-04  1.2E-02
etot    2  Y  Y  6  M   -1730.52987180585  4.7E-02  1.1E-04  1.0E-03
etot    3  N  Y  2  U   -1730.52812431830 -1.7E-03  8.5E-05  3.1E-03
etot    4  Y  Y  6  M   -1730.53014364363  2.0E-03  1.9E-05  7.8E-04
etot    5  N  Y  2  U   -1730.53017598914  3.2E-05  7.6E-06  2.7E-04
etot    6  N  Y  2  U   -1730.53019078130  1.5E-05  2.9E-06  1.3E-04
etot    7  N  N  2  U   -1730.53019243720  1.7E-06  0.0E+00  0.0E+00
scf (DFT) done.
der1a (1-e 1st deriv.) done.
rwr (1st deriv. Q) done.
der1b (2-e 1st deriv.) done.
  Geometry optimization step  22
  Total energy:     -1730.59115912067 hartrees
  ** restarting optimization from step   19 **
  energy change:           5.7928E-05 .  (  5.0000E-05 )
  gradient maximum:        1.4053E-02 .  (  4.5000E-04 )
  gradient rms:            2.0430E-03 .  (  3.0000E-04 )
  displacement maximum:    6.7538E-02 .  (  1.8000E-03 )
  displacement rms:        9.5281E-03 .  (  1.2000E-03 )
  
  predicted energy change: -1.7671E-03
  step size:     0.15065
  trust radius:  0.15000
---------------- geometry iteration  22 complete ----------------
geopt (optimize geometry) done.
onee (1-electron integrals) done.
probe (project orbitals) done.
grid (grid generation) done.
rwr (Q operators) done.
  
       i  u  d  i  g
       t  p  i  c  r                                 RMS    maximum
       e  d  i  u  i                       energy  density   DIIS  
       r  t  s  t  d       total energy    change  change    error 
  
etot    1  N  N  2  U   -1730.50577861497           2.9E-04  6.5E-03
etot    2  Y  Y  6  M   -1730.52958780003  2.4E-02  7.8E-05  8.8E-04
etot    3  N  Y  2  U   -1730.52885513168 -7.3E-04  6.1E-05  2.4E-03
etot    4  Y  Y  6  M   -1730.52970659401  8.5E-04  1.3E-05  4.1E-04
etot    5  N  Y  2  U   -1730.52975505389  4.8E-05  5.0E-06  1.7E-04
etot    6  N  Y  2  U   -1730.52976112110  6.1E-06  2.0E-06  7.5E-05
etot    7  N  N  2  U   -1730.52976197249  8.5E-07  0.0E+00  0.0E+00
scf (DFT) done.
der1a (1-e 1st deriv.) done.
rwr (1st deriv. Q) done.
der1b (2-e 1st deriv.) done.
  Geometry optimization step  23
  Total energy:     -1730.59270230011 hartrees
  energy change:          -1.0122E-03 .  (  5.0000E-05 )
  gradient maximum:        8.4376E-03 .  (  4.5000E-04 )
  gradient rms:            1.1377E-03 .  (  3.0000E-04 )
  displacement maximum:    2.7860E-02 .  (  1.8000E-03 )
  displacement rms:        4.7628E-03 .  (  1.2000E-03 )
  
  predicted energy change: -7.9342E-04
  step size:     0.07531
  trust radius:  0.07500
---------------- geometry iteration  23 complete ----------------
geopt (optimize geometry) done.
onee (1-electron integrals) done.
probe (project orbitals) done.
grid (grid generation) done.
rwr (Q operators) done.
  
       i  u  d  i  g
       t  p  i  c  r                                 RMS    maximum
       e  d  i  u  i                       energy  density   DIIS  
       r  t  s  t  d       total energy    change  change    error 
  
etot    1  N  N  2  U   -1730.52633818413           1.3E-04  3.1E-03
etot    2  Y  Y  6  M   -1730.53003099413  3.7E-03  2.1E-05  2.5E-04
etot    3  N  Y  2  U   -1730.52999550893 -3.5E-05  1.7E-05  5.0E-04
etot    4  N  Y  2  U   -1730.53006192738  6.6E-05  5.8E-06  1.9E-04
etot    5  N  Y  2  U   -1730.53006935903  7.4E-06  2.0E-06  9.5E-05
etot    6  N  N  2  U   -1730.53007045187  1.1E-06  0.0E+00  0.0E+00
scf (DFT) done.
der1a (1-e 1st deriv.) done.
rwr (1st deriv. Q) done.
der1b (2-e 1st deriv.) done.
  Geometry optimization step  24
  Total energy:     -1730.59323079170 hartrees
  energy change:          -5.2849E-04 .  (  5.0000E-05 )
  gradient maximum:        3.3597E-03 .  (  4.5000E-04 )
  gradient rms:            5.2650E-04 .  (  3.0000E-04 )
  displacement maximum:    2.2758E-02 .  (  1.8000E-03 )
  displacement rms:        2.3792E-03 .  (  1.2000E-03 )
  
  predicted energy change: -1.8619E-04
  step size:     0.03762
  trust radius:  0.03750
---------------- geometry iteration  24 complete ----------------
geopt (optimize geometry) done.
onee (1-electron integrals) done.
probe (project orbitals) done.
grid (grid generation) done.
rwr (Q operators) done.
  
       i  u  d  i  g
       t  p  i  c  r                                 RMS    maximum
       e  d  i  u  i                       energy  density   DIIS  
       r  t  s  t  d       total energy    change  change    error 
  
etot    1  N  N  2  U   -1730.52978184921           4.6E-05  1.0E-03
etot    2  N  Y  2  U   -1730.53025076164  4.7E-04  8.7E-06  1.1E-04
etot    3  N  Y  2  U   -1730.53024203847 -8.7E-06  7.0E-06  2.3E-04
etot    4  N  Y  2  U   -1730.53025304245  1.1E-05  2.4E-06  9.6E-05
etot    5  N  N  2  U   -1730.53025420274  1.2E-06  0.0E+00  0.0E+00
scf (DFT) done.
der1a (1-e 1st deriv.) done.
rwr (1st deriv. Q) done.
der1b (2-e 1st deriv.) done.
  Geometry optimization step  25
  Total energy:     -1730.59343386265 hartrees
  energy change:          -2.0307E-04 .  (  5.0000E-05 )
  gradient maximum:        2.7268E-03 .  (  4.5000E-04 )
  gradient rms:            2.9694E-04 *  (  3.0000E-04 )
  displacement maximum:    4.8177E-02 .  (  1.8000E-03 )
  displacement rms:        4.7774E-03 .  (  1.2000E-03 )
  
  predicted energy change: -2.7144E-04
  step size:     0.07554
  trust radius:  0.07500
---------------- geometry iteration  25 complete ----------------
geopt (optimize geometry) done.
onee (1-electron integrals) done.
probe (project orbitals) done.
grid (grid generation) done.
rwr (Q operators) done.
  
       i  u  d  i  g
       t  p  i  c  r                                 RMS    maximum
       e  d  i  u  i                       energy  density   DIIS  
       r  t  s  t  d       total energy    change  change    error 
  
etot    1  N  N  2  U   -1730.52882981077           8.3E-05  2.1E-03
etot    2  Y  Y  6  M   -1730.53053329106  1.7E-03  1.4E-05  2.3E-04
etot    3  N  Y  2  U   -1730.53050174802 -3.2E-05  1.1E-05  3.2E-04
etot    4  N  Y  2  U   -1730.53052423611  2.2E-05  4.4E-06  1.6E-04
etot    5  N  N  2  U   -1730.53052801128  3.8E-06  0.0E+00  0.0E+00
scf (DFT) done.
der1a (1-e 1st deriv.) done.
rwr (1st deriv. Q) done.
der1b (2-e 1st deriv.) done.
  Geometry optimization step  26
  Total energy:     -1730.59369891640 hartrees
  energy change:          -2.6505E-04 .  (  5.0000E-05 )
  gradient maximum:        2.0549E-03 .  (  4.5000E-04 )
  gradient rms:            2.5134E-04 *  (  3.0000E-04 )
  displacement maximum:    8.7731E-02 .  (  1.8000E-03 )
  displacement rms:        9.4880E-03 .  (  1.2000E-03 )
  
  predicted energy change: -4.6651E-04
  step size:     0.15002
  trust radius:  0.15000
---------------- geometry iteration  26 complete ----------------
geopt (optimize geometry) done.
onee (1-electron integrals) done.
probe (project orbitals) done.
grid (grid generation) done.
rwr (Q operators) done.
  
       i  u  d  i  g
       t  p  i  c  r                                 RMS    maximum
       e  d  i  u  i                       energy  density   DIIS  
       r  t  s  t  d       total energy    change  change    error 
  
etot    1  N  N  2  U   -1730.52440987963           1.6E-04  5.7E-03
etot    2  Y  Y  6  M   -1730.53089728439  6.5E-03  3.9E-05  3.9E-04
etot    3  N  Y  2  U   -1730.53068238891 -2.1E-04  3.2E-05  1.0E-03
etot    4  N  Y  2  U   -1730.53090978508  2.3E-04  7.8E-06  2.9E-04
etot    5  N  Y  2  U   -1730.53092369418  1.4E-05  2.9E-06  7.3E-05
etot    6  N  N  2  U   -1730.53092573152  2.0E-06  0.0E+00  0.0E+00
scf (DFT) done.
der1a (1-e 1st deriv.) done.
rwr (1st deriv. Q) done.
der1b (2-e 1st deriv.) done.
  Geometry optimization step  27
  Total energy:     -1730.59412382161 hartrees
  energy change:          -4.2491E-04 .  (  5.0000E-05 )
  gradient maximum:        2.0103E-03 .  (  4.5000E-04 )
  gradient rms:            3.8763E-04 .  (  3.0000E-04 )
  displacement maximum:    1.9328E-01 .  (  1.8000E-03 )
  displacement rms:        1.8974E-02 .  (  1.2000E-03 )
  
  predicted energy change: -7.9529E-04
  step size:     0.30001
  trust radius:  0.30000
---------------- geometry iteration  27 complete ----------------
geopt (optimize geometry) done.
onee (1-electron integrals) done.
probe (project orbitals) done.
grid (grid generation) done.
rwr (Q operators) done.
  
       i  u  d  i  g
       t  p  i  c  r                                 RMS    maximum
       e  d  i  u  i                       energy  density   DIIS  
       r  t  s  t  d       total energy    change  change    error 
  
etot    1  N  N  2  U   -1730.50597037457           3.2E-04  8.3E-03
etot    2  Y  Y  6  M   -1730.53139628722  2.5E-02  6.8E-05  1.1E-03
etot    3  N  Y  2  U   -1730.53095906929 -4.4E-04  4.5E-05  2.2E-03
etot    4  N  Y  2  U   -1730.53155750733  6.0E-04  1.0E-05  2.7E-04
etot    5  N  Y  2  U   -1730.53157037966  1.3E-05  4.8E-06  1.5E-04
etot    6  N  N  2  U   -1730.53157586892  5.5E-06  0.0E+00  0.0E+00
scf (DFT) done.
der1a (1-e 1st deriv.) done.
rwr (1st deriv. Q) done.
der1b (2-e 1st deriv.) done.
  Geometry optimization step  28
  Total energy:     -1730.59446256364 hartrees
  energy change:          -3.3874E-04 .  (  5.0000E-05 )
  gradient maximum:        3.5324E-03 .  (  4.5000E-04 )
  gradient rms:            5.3522E-04 .  (  3.0000E-04 )
  displacement maximum:    1.6874E-01 .  (  1.8000E-03 )
  displacement rms:        1.8980E-02 .  (  1.2000E-03 )
  
  predicted energy change: -7.7120E-04
  step size:     0.30010
  trust radius:  0.30000
---------------- geometry iteration  28 complete ----------------
geopt (optimize geometry) done.
onee (1-electron integrals) done.
probe (project orbitals) done.
grid (grid generation) done.
rwr (Q operators) done.
  
       i  u  d  i  g
       t  p  i  c  r                                 RMS    maximum
       e  d  i  u  i                       energy  density   DIIS  
       r  t  s  t  d       total energy    change  change    error 
  
etot    1  N  N  2  U   -1730.50066896270           3.5E-04  1.1E-02
etot    2  Y  Y  6  M   -1730.53221082440  3.2E-02  8.3E-05  1.0E-03
etot    3  N  Y  2  U   -1730.53147154558 -7.4E-04  6.7E-05  2.3E-03
etot    4  Y  Y  6  M   -1730.53244248672  9.7E-04  1.7E-05  5.9E-04
etot    5  N  Y  2  U   -1730.53248239375  4.0E-05  6.1E-06  1.7E-04
etot    6  N  Y  2  U   -1730.53249322501  1.1E-05  2.1E-06  5.4E-05
etot    7  N  N  2  U   -1730.53249350561  2.8E-07  0.0E+00  0.0E+00
scf (DFT) done.
der1a (1-e 1st deriv.) done.
rwr (1st deriv. Q) done.
der1b (2-e 1st deriv.) done.
  Geometry optimization step  29
  Total energy:     -1730.59504219140 hartrees
  energy change:          -5.7963E-04 .  (  5.0000E-05 )
  gradient maximum:        3.3464E-03 .  (  4.5000E-04 )
  gradient rms:            6.0463E-04 .  (  3.0000E-04 )
  displacement maximum:    1.6887E-01 .  (  1.8000E-03 )
  displacement rms:        1.8998E-02 .  (  1.2000E-03 )
  
  predicted energy change: -6.5391E-04
  step size:     0.30039
  trust radius:  0.30000
---------------- geometry iteration  29 complete ----------------
geopt (optimize geometry) done.
onee (1-electron integrals) done.
probe (project orbitals) done.
grid (grid generation) done.
rwr (Q operators) done.
  
       i  u  d  i  g
       t  p  i  c  r                                 RMS    maximum
       e  d  i  u  i                       energy  density   DIIS  
       r  t  s  t  d       total energy    change  change    error 
  
etot    1  N  N  2  U   -1730.49175366345           3.9E-04  8.1E-03
etot    2  Y  Y  6  M   -1730.53242454441  4.1E-02  8.4E-05  1.5E-03
etot    3  N  Y  2  U   -1730.53165325405 -7.7E-04  6.0E-05  2.3E-03
etot    4  Y  Y  6  M   -1730.53261243233  9.6E-04  1.8E-05  4.6E-04
etot    5  N  Y  2  U   -1730.53263627418  2.4E-05  8.8E-06  3.5E-04
etot    6  N  Y  2  U   -1730.53266306934  2.7E-05  2.0E-06  4.7E-05
etot    7  N  N  2  U   -1730.53266362969  5.6E-07  0.0E+00  0.0E+00
scf (DFT) done.
der1a (1-e 1st deriv.) done.
rwr (1st deriv. Q) done.
der1b (2-e 1st deriv.) done.
  Geometry optimization step  30
  Total energy:     -1730.59530762562 hartrees
  energy change:          -2.6543E-04 .  (  5.0000E-05 )
  gradient maximum:        4.8149E-03 .  (  4.5000E-04 )
  gradient rms:            9.1338E-04 .  (  3.0000E-04 )
  displacement maximum:    1.6219E-01 .  (  1.8000E-03 )
  displacement rms:        1.8784E-02 .  (  1.2000E-03 )
  
  predicted energy change: -4.7652E-04
  step size:     0.29700
  trust radius:  0.30000
---------------- geometry iteration  30 complete ----------------
geopt (optimize geometry) done.
onee (1-electron integrals) done.
probe (project orbitals) done.
grid (grid generation) done.
rwr (Q operators) done.
  
       i  u  d  i  g
       t  p  i  c  r                                 RMS    maximum
       e  d  i  u  i                       energy  density   DIIS  
       r  t  s  t  d       total energy    change  change    error 
  
etot    1  N  N  2  U   -1730.50652665010           3.2E-04  7.5E-03
etot    2  Y  Y  6  M   -1730.53329263367  2.7E-02  4.4E-05  1.2E-03
etot    3  N  Y  2  U   -1730.53306581007 -2.3E-04  3.2E-05  9.1E-04
etot    4  N  Y  2  U   -1730.53324118232  1.8E-04  1.5E-05  6.1E-04
etot    5  N  Y  2  U   -1730.53328562885  4.4E-05  5.6E-06  2.2E-04
etot    6  N  Y  2  U   -1730.53329701876  1.1E-05  1.4E-06  2.5E-05
etot    7  N  N  2  U   -1730.53329718723  1.7E-07  0.0E+00  0.0E+00
scf (DFT) done.
der1a (1-e 1st deriv.) done.
rwr (1st deriv. Q) done.
der1b (2-e 1st deriv.) done.
  Geometry optimization step  31
  Total energy:     -1730.59532041260 hartrees
  energy change:          -1.2787E-05 *  (  5.0000E-05 )
  gradient maximum:        3.7857E-03 .  (  4.5000E-04 )
  gradient rms:            7.5494E-04 .  (  3.0000E-04 )
  displacement maximum:    6.9872E-02 .  (  1.8000E-03 )
  displacement rms:        1.0146E-02 .  (  1.2000E-03 )
  
  predicted energy change: -3.6774E-04
  step size:     0.16043
  trust radius:  0.30000
---------------- geometry iteration  31 complete ----------------
geopt (optimize geometry) done.
onee (1-electron integrals) done.
probe (project orbitals) done.
grid (grid generation) done.
rwr (Q operators) done.
  
       i  u  d  i  g
       t  p  i  c  r                                 RMS    maximum
       e  d  i  u  i                       energy  density   DIIS  
       r  t  s  t  d       total energy    change  change    error 
  
etot    1  N  N  2  U   -1730.52312508017           1.9E-04  5.8E-03
etot    2  Y  Y  6  M   -1730.53314692423  1.0E-02  5.9E-05  6.1E-04
etot    3  N  Y  2  U   -1730.53273772360 -4.1E-04  4.3E-05  1.3E-03
etot    4  N  Y  2  U   -1730.53317937417  4.4E-04  1.1E-05  3.3E-04
etot    5  N  Y  2  U   -1730.53319446455  1.5E-05  4.3E-06  1.5E-04
etot    6  N  N  2  U   -1730.53319991393  5.4E-06  0.0E+00  0.0E+00
scf (DFT) done.
der1a (1-e 1st deriv.) done.
rwr (1st deriv. Q) done.
der1b (2-e 1st deriv.) done.
  Geometry optimization step  32
  Total energy:     -1730.59545395830 hartrees
  energy change:          -1.3355E-04 .  (  5.0000E-05 )
  gradient maximum:        3.1032E-03 .  (  4.5000E-04 )
  gradient rms:            5.4877E-04 .  (  3.0000E-04 )
  displacement maximum:    4.4702E-02 .  (  1.8000E-03 )
  displacement rms:        6.5610E-03 .  (  1.2000E-03 )
  
  predicted energy change: -1.4489E-04
  step size:     0.10374
  trust radius:  0.30000
---------------- geometry iteration  32 complete ----------------
geopt (optimize geometry) done.
onee (1-electron integrals) done.
probe (project orbitals) done.
grid (grid generation) done.
rwr (Q operators) done.
  
       i  u  d  i  g
       t  p  i  c  r                                 RMS    maximum
       e  d  i  u  i                       energy  density   DIIS  
       r  t  s  t  d       total energy    change  change    error 
  
etot    1  N  N  2  U   -1730.52891822226           1.3E-04  2.9E-03
etot    2  Y  Y  6  M   -1730.53341873442  4.5E-03  2.3E-05  3.0E-04
etot    3  N  Y  2  U   -1730.53338608224 -3.3E-05  1.7E-05  4.5E-04
etot    4  N  Y  2  U   -1730.53345236802  6.6E-05  6.3E-06  1.8E-04
etot    5  N  Y  2  U   -1730.53345785888  5.5E-06  2.6E-06  1.1E-04
etot    6  N  N  2  U   -1730.53346001343  2.2E-06  0.0E+00  0.0E+00
scf (DFT) done.
der1a (1-e 1st deriv.) done.
rwr (1st deriv. Q) done.
der1b (2-e 1st deriv.) done.
  Geometry optimization step  33
  Total energy:     -1730.59560927476 hartrees
  energy change:          -1.5532E-04 .  (  5.0000E-05 )
  gradient maximum:        3.3403E-03 .  (  4.5000E-04 )
  gradient rms:            5.2206E-04 .  (  3.0000E-04 )
  displacement maximum:    6.8980E-02 .  (  1.8000E-03 )
  displacement rms:        7.7458E-03 .  (  1.2000E-03 )
  
  predicted energy change: -1.2216E-04
  step size:     0.12247
  trust radius:  0.30000
---------------- geometry iteration  33 complete ----------------
geopt (optimize geometry) done.
onee (1-electron integrals) done.
probe (project orbitals) done.
grid (grid generation) done.
rwr (Q operators) done.
  
       i  u  d  i  g
       t  p  i  c  r                                 RMS    maximum
       e  d  i  u  i                       energy  density   DIIS  
       r  t  s  t  d       total energy    change  change    error 
  
etot    1  N  N  2  U   -1730.52596067216           1.7E-04  4.0E-03
etot    2  Y  Y  6  M   -1730.53327373232  7.3E-03  3.0E-05  6.1E-04
etot    3  N  Y  2  U   -1730.53318037150 -9.3E-05  2.0E-05  7.3E-04
etot    4  N  Y  2  U   -1730.53327690649  9.7E-05  5.5E-06  1.5E-04
etot    5  N  Y  2  U   -1730.53328191335  5.0E-06  2.4E-06  7.0E-05
etot    6  N  N  2  U   -1730.53328324390  1.3E-06  0.0E+00  0.0E+00
scf (DFT) done.
der1a (1-e 1st deriv.) done.
rwr (1st deriv. Q) done.
der1b (2-e 1st deriv.) done.
  Geometry optimization step  34
  Total energy:     -1730.59552358215 hartrees
  energy change:           8.5693E-05 .  (  5.0000E-05 )
  gradient maximum:        1.4186E-03 .  (  4.5000E-04 )
  gradient rms:            3.0175E-04 .  (  3.0000E-04 )
  displacement maximum:    2.5367E-02 .  (  1.8000E-03 )
  displacement rms:        5.3457E-03 .  (  1.2000E-03 )
  
  predicted energy change: -6.8588E-05
  step size:     0.08452
  trust radius:  0.30000
---------------- geometry iteration  34 complete ----------------
geopt (optimize geometry) done.
onee (1-electron integrals) done.
probe (project orbitals) done.
grid (grid generation) done.
rwr (Q operators) done.
  
       i  u  d  i  g
       t  p  i  c  r                                 RMS    maximum
       e  d  i  u  i                       energy  density   DIIS  
       r  t  s  t  d       total energy    change  change    error 
  
etot    1  N  N  2  U   -1730.53030815956           1.1E-04  4.8E-03
etot    2  Y  Y  6  M   -1730.53349938133  3.2E-03  2.4E-05  2.5E-04
etot    3  N  Y  2  U   -1730.53342473632 -7.5E-05  1.9E-05  6.2E-04
etot    4  N  Y  2  U   -1730.53350962761  8.5E-05  6.0E-06  2.2E-04
etot    5  N  Y  2  U   -1730.53351790325  8.3E-06  2.0E-06  6.2E-05
etot    6  N  N  2  U   -1730.53351890406  1.0E-06  0.0E+00  0.0E+00
scf (DFT) done.
der1a (1-e 1st deriv.) done.
rwr (1st deriv. Q) done.
der1b (2-e 1st deriv.) done.
  Geometry optimization step  35
  Total energy:     -1730.59555541211 hartrees
  energy change:          -3.1830E-05 *  (  5.0000E-05 )
  gradient maximum:        2.7673E-03 .  (  4.5000E-04 )
  gradient rms:            4.5220E-04 .  (  3.0000E-04 )
  displacement maximum:    1.7227E-02 .  (  1.8000E-03 )
  displacement rms:        3.1054E-03 .  (  1.2000E-03 )
  
  predicted energy change: -6.3321E-05
  step size:     0.04910
  trust radius:  0.30000
---------------- geometry iteration  35 complete ----------------
geopt (optimize geometry) done.
onee (1-electron integrals) done.
probe (project orbitals) done.
grid (grid generation) done.
rwr (Q operators) done.
  
       i  u  d  i  g
       t  p  i  c  r                                 RMS    maximum
       e  d  i  u  i                       energy  density   DIIS  
       r  t  s  t  d       total energy    change  change    error 
  
etot    1  N  N  2  U   -1730.53200563405           7.8E-05  1.7E-03
etot    2  Y  Y  6  M   -1730.53351909859  1.5E-03  1.5E-05  2.1E-04
etot    3  N  Y  2  U   -1730.53347811132 -4.1E-05  1.0E-05  3.1E-04
etot    4  N  Y  2  U   -1730.53350307037  2.5E-05  3.1E-06  8.9E-05
etot    5  N  N  2  U   -1730.53350474044  1.7E-06  0.0E+00  0.0E+00
scf (DFT) done.
der1a (1-e 1st deriv.) done.
rwr (1st deriv. Q) done.
der1b (2-e 1st deriv.) done.
  Geometry optimization step  36
  Total energy:     -1730.59559489346 hartrees
  energy change:          -3.9481E-05 *  (  5.0000E-05 )
  gradient maximum:        6.0897E-04 .  (  4.5000E-04 )
  gradient rms:            1.0733E-04 *  (  3.0000E-04 )
  displacement maximum:    1.3142E-02 .  (  1.8000E-03 )
  displacement rms:        2.0959E-03 .  (  1.2000E-03 )
  
  predicted energy change: -8.9927E-06
  step size:     0.03314
  trust radius:  0.30000
---------------- geometry iteration  36 complete ----------------
geopt (optimize geometry) done.
onee (1-electron integrals) done.
probe (project orbitals) done.
grid (grid generation) done.
rwr (Q operators) done.
  
       i  u  d  i  g
       t  p  i  c  r                                 RMS    maximum
       e  d  i  u  i                       energy  density   DIIS  
       r  t  s  t  d       total energy    change  change    error 
  
etot    1  N  N  2  U   -1730.53301964122           4.2E-05  9.6E-04
etot    2  N  Y  2  U   -1730.53344097591  4.2E-04  2.0E-05  2.4E-04
etot    3  N  Y  2  U   -1730.53337804724 -6.3E-05  1.5E-05  7.1E-04
etot    4  N  Y  2  U   -1730.53345136220  7.3E-05  2.6E-06  6.9E-05
etot    5  N  N  2  U   -1730.53345224907  8.9E-07  0.0E+00  0.0E+00
scf (DFT) done.
der1a (1-e 1st deriv.) done.
rwr (1st deriv. Q) done.
der1b (2-e 1st deriv.) done.
  Geometry optimization step  37
  Total energy:     -1730.59557354379 hartrees
  energy change:           2.1350E-05 *  (  5.0000E-05 )
  gradient maximum:        6.5178E-04 .  (  4.5000E-04 )
  gradient rms:            1.1938E-04 *  (  3.0000E-04 )
  displacement maximum:    6.5600E-03 .  (  1.8000E-03 )
  displacement rms:        1.4032E-03 .  (  1.2000E-03 )
  
  predicted energy change: -5.4460E-06
  step size:     0.02219
  trust radius:  0.30000
---------------- geometry iteration  37 complete ----------------
geopt (optimize geometry) done.
onee (1-electron integrals) done.
probe (project orbitals) done.
grid (grid generation) done.
rwr (Q operators) done.
  
       i  u  d  i  g
       t  p  i  c  r                                 RMS    maximum
       e  d  i  u  i                       energy  density   DIIS  
       r  t  s  t  d       total energy    change  change    error 
  
etot    1  N  N  2  U   -1730.53333413485           2.8E-05  9.9E-04
etot    2  N  Y  2  U   -1730.53351824607  1.8E-04  1.1E-05  1.4E-04
etot    3  N  Y  2  U   -1730.53349758394 -2.1E-05  8.4E-06  3.5E-04
etot    4  N  Y  2  U   -1730.53352211434  2.5E-05  1.7E-06  4.2E-05
etot    5  N  N  2  U   -1730.53352261564  5.0E-07  0.0E+00  0.0E+00
scf (DFT) done.
der1a (1-e 1st deriv.) done.
rwr (1st deriv. Q) done.
der1b (2-e 1st deriv.) done.
  Geometry optimization step  38
  Total energy:     -1730.59559075068 hartrees
  energy change:          -1.7207E-05 *  (  5.0000E-05 )
  gradient maximum:        2.7701E-04 *  (  4.5000E-04 )
  gradient rms:            5.5761E-05 #  (  3.0000E-04 )
  displacement maximum:    6.5727E-03 .  (  1.8000E-03 )
  displacement rms:        1.2518E-03 .  (  1.2000E-03 )
  
  predicted energy change: -2.9968E-06
  step size:     0.01979
  trust radius:  0.30000
---------------- geometry iteration  38 complete ----------------
geopt (optimize geometry) done.
onee (1-electron integrals) done.
probe (project orbitals) done.
grid (grid generation) done.
rwr (Q operators) done.
  
       i  u  d  i  g
       t  p  i  c  r                                 RMS    maximum
       e  d  i  u  i                       energy  density   DIIS  
       r  t  s  t  d       total energy    change  change    error 
  
etot    1  N  N  2  U   -1730.53339035791           3.0E-05  5.8E-04
etot    2  N  Y  2  U   -1730.53356184941  1.7E-04  7.3E-06  6.9E-05
etot    3  N  Y  2  U   -1730.53355520378 -6.6E-06  5.5E-06  1.7E-04
etot    4  N  Y  2  U   -1730.53356324886  8.0E-06  1.4E-06  4.6E-05
etot    5  N  N  2  U   -1730.53356355426  3.1E-07  0.0E+00  0.0E+00
scf (DFT) done.
der1a (1-e 1st deriv.) done.
rwr (1st deriv. Q) done.
der1b (2-e 1st deriv.) done.
  Geometry optimization step  39
  Total energy:     -1730.59560147139 hartrees
  energy change:          -1.0721E-05 *  (  5.0000E-05 )
  gradient maximum:        2.4251E-04 *  (  4.5000E-04 )
  gradient rms:            5.7098E-05 #  (  3.0000E-04 )
  displacement maximum:    8.2668E-03 .  (  1.8000E-03 )
  displacement rms:        1.3430E-03 .  (  1.2000E-03 )
  
  predicted energy change: -2.0124E-06
  step size:     0.02124
  trust radius:  0.30000
---------------- geometry iteration  39 complete ----------------
geopt (optimize geometry) done.
onee (1-electron integrals) done.
probe (project orbitals) done.
grid (grid generation) done.
rwr (Q operators) done.
  
       i  u  d  i  g
       t  p  i  c  r                                 RMS    maximum
       e  d  i  u  i                       energy  density   DIIS  
       r  t  s  t  d       total energy    change  change    error 
  
etot    1  N  N  2  U   -1730.53345439840           2.5E-05  5.3E-04
etot    2  N  Y  2  U   -1730.53357746172  1.2E-04  5.6E-06  5.9E-05
etot    3  N  Y  2  U   -1730.53357383468 -3.6E-06  4.3E-06  1.8E-04
etot    4  N  N  2  U   -1730.53357818819  4.4E-06  0.0E+00  0.0E+00
scf (DFT) done.
der1a (1-e 1st deriv.) done.
rwr (1st deriv. Q) done.
der1b (2-e 1st deriv.) done.
  Geometry optimization step  40
  Total energy:     -1730.59559222085 hartrees
  energy change:           9.2505E-06 *  (  5.0000E-05 )
  gradient maximum:        1.8699E-04 *  (  4.5000E-04 )
  gradient rms:            4.8167E-05 #  (  3.0000E-04 )
  displacement maximum:    8.2950E-03 .  (  1.8000E-03 )
  displacement rms:        1.1496E-03 *  (  1.2000E-03 )
  
  predicted energy change: -1.7791E-06
  step size:     0.01818
  trust radius:  0.30000
------------- final geometry iteration  40 complete -------------
geopt (optimize geometry) done.
cutabab2 (abab integrals) done.
der2a (1-e JK-1st deriv.) done.
der2b (2-e JK-1st deriv.) done.
der2nda (1-e 2nd deriv.) done.
der2ndb (2-e 2nd deriv.) done.
rwr (Q operators) done.
cphfa (gradient of wave function) done.
freq (vib. frequencies) done.
Job J1_9924_2111 completed on hpc-92-24.cm.cluster at Wed May 29 07:54:22 2024
Timer (jaguar_backend.py) : 5092.11 secs (1 hrs, 24 mins, 52 secs)
Finished:   Wed May 29 07:54:22 2024
