Command:  /groups/wag/programs/Schrodinger_2020_3/jaguar run -WAIT -PARALLEL 8 /central/home/labounad/wittig-ch121/out/J1_9941_2111/J1_9941_2111.in
Release:  2020-3
Exec:     /groups/wag/programs/Schrodinger_2020_3/jaguar-v10.9/bin/Linux-x86_64
Host:     hpc-92-26.cm.cluster
JobId:    hpc-92-26-1-6656e3e9
JobDir:   /central/scratch/labounad/J1_9941_2111#hpc-92-26-1-6656e3e9
Date:     Wed May 29 01:14:36 2024

Contents of /central/scratch/labounad/J1_9941_2111#hpc-92-26-1-6656e3e9:
/central/scratch/labounad/J1_9941_2111#hpc-92-26-1-6656e3e9/J1_9941_2111.in
/central/scratch/labounad/J1_9941_2111#hpc-92-26-1-6656e3e9/.write_dir.json
/central/scratch/labounad/J1_9941_2111#hpc-92-26-1-6656e3e9/J1_9941_2111.recover
/central/scratch/labounad/J1_9941_2111#hpc-92-26-1-6656e3e9/hpc-92-26-1-6656e3e9.nodes
/central/scratch/labounad/J1_9941_2111#hpc-92-26-1-6656e3e9/J1_9941_2111.log
/central/scratch/labounad/J1_9941_2111#hpc-92-26-1-6656e3e9/hpc-92-26-1-6656e3e9.mpinodes
/central/scratch/labounad/J1_9941_2111#hpc-92-26-1-6656e3e9/hpc-92-26-1-6656e3e9
/central/scratch/labounad/J1_9941_2111#hpc-92-26-1-6656e3e9/hpc-92-26-1-6656e3e9.recover

Executing subprocess:
/groups/wag/programs/Schrodinger_2020_3/jaguar-v10.9/bin/Linux-x86_64/jexec J1_9941_2111.in -T 8 -out /central/scratch/labounad/J1_9941_2111#hpc-92-26-1-6656e3e9 -cwd

Job J1_9941_2111 started on hpc-92-26.cm.cluster at Wed May 29 01:14:39 2024
jobid: hpc-92-26-1-6656e3e9 
Jaguar version 10.9, release 139
 Using up to   8 threads per process
Molecular Point Group: C1      
Point Group used: C1
pre (input checking) done.
onee (1-electron integrals) done.
hfig (HF initial guess) done.
probe (project orbitals) done.
grid (grid generation) done.
rwr (Q operators) done.
scf type: DFT=PBE(X+LC)+PW91 (PBE-D3)
  
       i  u  d  i  g
       t  p  i  c  r                                 RMS    maximum
       e  d  i  u  i                       energy  density   DIIS  
       r  t  s  t  d       total energy    change  change    error 
  
etot    1  N  N  5  M   -1571.62919546402           5.6E-03  9.9E-02
etot    2  Y  Y  6  M   -1568.62386612349 -3.0E+00  7.9E-03  1.5E-01
etot    3  Y  Y  6  M   -1564.55365947166 -4.1E+00  6.1E-03  1.8E-01
etot    4  N  Y  2  U   -1574.51999888768  1.0E+01  2.8E-03  8.3E-02
etot    5  Y  Y  6  M   -1574.86966408176  3.5E-01  2.0E-03  4.6E-02
etot    6  N  Y  2  U   -1575.16473145490  3.0E-01  9.9E-04  3.0E-02
etot    7  Y  Y  6  M   -1575.35064799414  1.9E-01  5.7E-04  1.8E-02
etot    8  N  Y  2  U   -1575.38970179450  3.9E-02  3.9E-04  1.2E-02
etot    9  Y  Y  6  M   -1575.40809247191  1.8E-02  2.3E-04  6.8E-03
etot   10  N  Y  2  U   -1575.41745317620  9.4E-03  1.1E-04  2.2E-03
etot   11  Y  Y  6  M   -1575.41931343054  1.9E-03  5.1E-05  1.5E-03
etot   12  Y  Y  6  M   -1575.41975413582  4.4E-04  1.7E-05  6.0E-04
etot   13  N  Y  2  U   -1575.41991059787  1.6E-04  7.5E-06  1.7E-04
etot   14  N  Y  2  U   -1575.41991785339  7.3E-06  2.9E-06  4.2E-05
etot   15  N  N  2  U   -1575.41991807017  2.2E-07  0.0E+00  0.0E+00
scf (DFT) done.
der1a (1-e 1st deriv.) done.
rwr (1st deriv. Q) done.
der1b (2-e 1st deriv.) done.
  Geometry optimization step   1
  Total energy:     -1575.47107163431 hartrees
  gradient maximum:        4.2366E-02 .  (  4.5000E-04 )
  gradient rms:            7.1596E-03 .  (  3.0000E-04 )
  displacement maximum:    1.2457E-01 .  (  1.8000E-03 )
  displacement rms:        2.0195E-02 .  (  1.2000E-03 )
  
  predicted energy change: -2.0204E-02
  step size:     0.30022
  trust radius:  0.30000
---------------- geometry iteration   1 complete ----------------
geopt (optimize geometry) done.
onee (1-electron integrals) done.
probe (project orbitals) done.
grid (grid generation) done.
rwr (Q operators) done.
  
       i  u  d  i  g
       t  p  i  c  r                                 RMS    maximum
       e  d  i  u  i                       energy  density   DIIS  
       r  t  s  t  d       total energy    change  change    error 
  
etot    1  N  N  2  U   -1575.42246910285           3.6E-04  7.4E-03
etot    2  Y  Y  6  M   -1575.43933786019  1.7E-02  1.1E-04  9.5E-04
etot    3  N  Y  2  U   -1575.43858093957 -7.6E-04  7.7E-05  1.7E-03
etot    4  Y  Y  6  M   -1575.43970735261  1.1E-03  2.1E-05  6.7E-04
etot    5  N  Y  2  U   -1575.43985515976  1.5E-04  6.9E-06  1.6E-04
etot    6  N  Y  2  U   -1575.43986610391  1.1E-05  2.3E-06  5.5E-05
etot    7  N  N  2  U   -1575.43986693298  8.3E-07  0.0E+00  0.0E+00
scf (DFT) done.
der1a (1-e 1st deriv.) done.
rwr (1st deriv. Q) done.
der1b (2-e 1st deriv.) done.
  Geometry optimization step   2
  Total energy:     -1575.48987952142 hartrees
  energy change:          -1.8808E-02 .  (  5.0000E-05 )
  gradient maximum:        1.5399E-02 .  (  4.5000E-04 )
  gradient rms:            2.3277E-03 .  (  3.0000E-04 )
  displacement maximum:    1.5590E-01 .  (  1.8000E-03 )
  displacement rms:        2.0194E-02 .  (  1.2000E-03 )
  
  predicted energy change: -4.2094E-03
  step size:     0.30020
  trust radius:  0.30000
---------------- geometry iteration   2 complete ----------------
geopt (optimize geometry) done.
onee (1-electron integrals) done.
probe (project orbitals) done.
grid (grid generation) done.
rwr (Q operators) done.
  
       i  u  d  i  g
       t  p  i  c  r                                 RMS    maximum
       e  d  i  u  i                       energy  density   DIIS  
       r  t  s  t  d       total energy    change  change    error 
  
etot    1  N  N  2  U   -1575.39985040427           9.3E-04  1.7E-02
etot    2  Y  Y  6  M   -1575.44389897963  4.4E-02  1.2E-04  1.5E-03
etot    3  N  Y  2  U   -1575.44191913166 -2.0E-03  9.6E-05  4.9E-03
etot    4  Y  Y  6  M   -1575.44396805072  2.0E-03  2.8E-05  1.5E-03
etot    5  N  Y  2  U   -1575.44412511885  1.6E-04  9.0E-06  2.9E-04
etot    6  N  Y  2  U   -1575.44414230430  1.7E-05  3.3E-06  7.0E-05
etot    7  N  N  2  U   -1575.44414384329  1.5E-06  0.0E+00  0.0E+00
scf (DFT) done.
der1a (1-e 1st deriv.) done.
rwr (1st deriv. Q) done.
der1b (2-e 1st deriv.) done.
  Geometry optimization step   3
  Total energy:     -1575.49433118209 hartrees
  energy change:          -4.4517E-03 .  (  5.0000E-05 )
  gradient maximum:        6.0702E-03 .  (  4.5000E-04 )
  gradient rms:            1.2023E-03 .  (  3.0000E-04 )
  displacement maximum:    1.3932E-01 .  (  1.8000E-03 )
  displacement rms:        2.0198E-02 .  (  1.2000E-03 )
  
  predicted energy change: -1.6239E-03
  step size:     0.30027
  trust radius:  0.30000
---------------- geometry iteration   3 complete ----------------
geopt (optimize geometry) done.
onee (1-electron integrals) done.
probe (project orbitals) done.
grid (grid generation) done.
rwr (Q operators) done.
  
       i  u  d  i  g
       t  p  i  c  r                                 RMS    maximum
       e  d  i  u  i                       energy  density   DIIS  
       r  t  s  t  d       total energy    change  change    error 
  
etot    1  N  N  2  U   -1575.41646003220           4.3E-04  1.6E-02
etot    2  Y  Y  6  M   -1575.44456138116  2.8E-02  7.7E-05  9.2E-04
etot    3  N  Y  2  U   -1575.44393709839 -6.2E-04  5.9E-05  1.5E-03
etot    4  Y  Y  6  M   -1575.44459533144  6.6E-04  1.8E-05  6.2E-04
etot    5  N  Y  2  U   -1575.44464947598  5.4E-05  6.0E-06  2.0E-04
etot    6  N  Y  2  U   -1575.44465699530  7.5E-06  2.3E-06  6.3E-05
etot    7  N  N  2  U   -1575.44465758502  5.9E-07  0.0E+00  0.0E+00
scf (DFT) done.
der1a (1-e 1st deriv.) done.
rwr (1st deriv. Q) done.
der1b (2-e 1st deriv.) done.
  Geometry optimization step   4
  Total energy:     -1575.49480141683 hartrees
  energy change:          -4.7023E-04 .  (  5.0000E-05 )
  gradient maximum:        6.5341E-03 .  (  4.5000E-04 )
  gradient rms:            1.3812E-03 .  (  3.0000E-04 )
  displacement maximum:    1.0837E-01 .  (  1.8000E-03 )
  displacement rms:        2.0185E-02 .  (  1.2000E-03 )
  
  predicted energy change: -1.7310E-03
  step size:     0.30007
  trust radius:  0.30000
---------------- geometry iteration   4 complete ----------------
geopt (optimize geometry) done.
onee (1-electron integrals) done.
probe (project orbitals) done.
grid (grid generation) done.
rwr (Q operators) done.
  
       i  u  d  i  g
       t  p  i  c  r                                 RMS    maximum
       e  d  i  u  i                       energy  density   DIIS  
       r  t  s  t  d       total energy    change  change    error 
  
etot    1  N  N  2  U   -1575.40417064133           4.8E-04  1.1E-02
etot    2  Y  Y  6  M   -1575.44619439822  4.2E-02  9.5E-05  1.2E-03
etot    3  N  Y  2  U   -1575.44517583341 -1.0E-03  7.3E-05  2.6E-03
etot    4  Y  Y  6  M   -1575.44616605987  9.9E-04  2.1E-05  8.9E-04
etot    5  N  Y  2  U   -1575.44628083266  1.1E-04  7.5E-06  3.3E-04
etot    6  N  Y  2  U   -1575.44629373397  1.3E-05  2.9E-06  6.3E-05
etot    7  N  N  2  U   -1575.44629458379  8.5E-07  0.0E+00  0.0E+00
scf (DFT) done.
der1a (1-e 1st deriv.) done.
rwr (1st deriv. Q) done.
der1b (2-e 1st deriv.) done.
  Geometry optimization step   5
  Total energy:     -1575.49589882261 hartrees
  energy change:          -1.0974E-03 .  (  5.0000E-05 )
  gradient maximum:        8.4464E-03 .  (  4.5000E-04 )
  gradient rms:            1.4781E-03 .  (  3.0000E-04 )
  displacement maximum:    1.1761E-01 .  (  1.8000E-03 )
  displacement rms:        2.0221E-02 .  (  1.2000E-03 )
  
  predicted energy change: -1.5346E-03
  step size:     0.30060
  trust radius:  0.30000
---------------- geometry iteration   5 complete ----------------
geopt (optimize geometry) done.
onee (1-electron integrals) done.
probe (project orbitals) done.
grid (grid generation) done.
rwr (Q operators) done.
  
       i  u  d  i  g
       t  p  i  c  r                                 RMS    maximum
       e  d  i  u  i                       energy  density   DIIS  
       r  t  s  t  d       total energy    change  change    error 
  
etot    1  N  N  2  U   -1575.40274325239           4.6E-04  1.6E-02
etot    2  Y  Y  6  M   -1575.44628284983  4.4E-02  7.0E-05  9.8E-04
etot    3  N  Y  2  U   -1575.44571374467 -5.7E-04  5.4E-05  1.3E-03
etot    4  Y  Y  6  M   -1575.44621048164  5.0E-04  1.8E-05  6.1E-04
etot    5  N  Y  2  U   -1575.44627527216  6.5E-05  5.9E-06  2.9E-04
etot    6  N  Y  2  U   -1575.44628354143  8.3E-06  2.7E-06  8.7E-05
etot    7  N  N  2  U   -1575.44628405875  5.2E-07  0.0E+00  0.0E+00
scf (DFT) done.
der1a (1-e 1st deriv.) done.
rwr (1st deriv. Q) done.
der1b (2-e 1st deriv.) done.
  Geometry optimization step   6
  Total energy:     -1575.49636097936 hartrees
  energy change:          -4.6216E-04 .  (  5.0000E-05 )
  gradient maximum:        7.1053E-03 .  (  4.5000E-04 )
  gradient rms:            1.3115E-03 .  (  3.0000E-04 )
  displacement maximum:    2.1204E-01 .  (  1.8000E-03 )
  displacement rms:        1.9763E-02 .  (  1.2000E-03 )
  
  predicted energy change: -1.2888E-03
  step size:     0.29380
  trust radius:  0.30000
---------------- geometry iteration   6 complete ----------------
geopt (optimize geometry) done.
onee (1-electron integrals) done.
probe (project orbitals) done.
grid (grid generation) done.
rwr (Q operators) done.
  
       i  u  d  i  g
       t  p  i  c  r                                 RMS    maximum
       e  d  i  u  i                       energy  density   DIIS  
       r  t  s  t  d       total energy    change  change    error 
  
etot    1  N  N  2  U   -1575.42354139708           3.4E-04  1.0E-02
etot    2  Y  Y  6  M   -1575.44731779848  2.4E-02  5.4E-05  6.3E-04
etot    3  N  Y  2  U   -1575.44694238528 -3.8E-04  4.1E-05  1.6E-03
etot    4  N  Y  2  U   -1575.44735390450  4.1E-04  1.1E-05  3.6E-04
etot    5  N  Y  2  U   -1575.44737690304  2.3E-05  4.6E-06  2.1E-04
etot    6  N  N  2  U   -1575.44738060055  3.7E-06  0.0E+00  0.0E+00
scf (DFT) done.
der1a (1-e 1st deriv.) done.
rwr (1st deriv. Q) done.
der1b (2-e 1st deriv.) done.
  Geometry optimization step   7
  Total energy:     -1575.49803653377 hartrees
  energy change:          -1.6756E-03 .  (  5.0000E-05 )
  gradient maximum:        1.3091E-02 .  (  4.5000E-04 )
  gradient rms:            2.4891E-03 .  (  3.0000E-04 )
  displacement maximum:    2.3788E-01 .  (  1.8000E-03 )
  displacement rms:        2.0181E-02 .  (  1.2000E-03 )
  
  predicted energy change: -2.3589E-03
  step size:     0.30001
  trust radius:  0.30000
---------------- geometry iteration   7 complete ----------------
geopt (optimize geometry) done.
onee (1-electron integrals) done.
probe (project orbitals) done.
grid (grid generation) done.
rwr (Q operators) done.
  
       i  u  d  i  g
       t  p  i  c  r                                 RMS    maximum
       e  d  i  u  i                       energy  density   DIIS  
       r  t  s  t  d       total energy    change  change    error 
  
etot    1  N  N  2  U   -1575.41976519585           3.6E-04  1.8E-02
etot    2  Y  Y  6  M   -1575.44942223749  3.0E-02  5.0E-05  6.2E-04
etot    3  N  Y  2  U   -1575.44918906417 -2.3E-04  3.9E-05  1.4E-03
etot    4  N  Y  2  U   -1575.44948817220  3.0E-04  1.1E-05  4.5E-04
etot    5  N  Y  2  U   -1575.44951112296  2.3E-05  4.8E-06  1.7E-04
etot    6  N  N  2  U   -1575.44951465710  3.5E-06  0.0E+00  0.0E+00
scf (DFT) done.
der1a (1-e 1st deriv.) done.
rwr (1st deriv. Q) done.
der1b (2-e 1st deriv.) done.
  Geometry optimization step   8
  Total energy:     -1575.49980035331 hartrees
  energy change:          -1.7638E-03 .  (  5.0000E-05 )
  gradient maximum:        7.8934E-03 .  (  4.5000E-04 )
  gradient rms:            1.5206E-03 .  (  3.0000E-04 )
  displacement maximum:    2.3098E-01 .  (  1.8000E-03 )
  displacement rms:        2.0188E-02 .  (  1.2000E-03 )
  
  predicted energy change: -1.3678E-03
  step size:     0.30012
  trust radius:  0.30000
---------------- geometry iteration   8 complete ----------------
geopt (optimize geometry) done.
onee (1-electron integrals) done.
probe (project orbitals) done.
grid (grid generation) done.
rwr (Q operators) done.
  
       i  u  d  i  g
       t  p  i  c  r                                 RMS    maximum
       e  d  i  u  i                       energy  density   DIIS  
       r  t  s  t  d       total energy    change  change    error 
  
etot    1  N  N  2  U   -1575.43147447291           3.0E-04  8.0E-03
etot    2  Y  Y  6  M   -1575.45057743477  1.9E-02  5.6E-05  5.4E-04
etot    3  N  Y  2  U   -1575.45026197110 -3.2E-04  4.4E-05  1.0E-03
etot    4  N  Y  2  U   -1575.45063741569  3.8E-04  9.5E-06  2.3E-04
etot    5  N  Y  2  U   -1575.45065134230  1.4E-05  3.8E-06  1.2E-04
etot    6  N  N  2  U   -1575.45065362651  2.3E-06  0.0E+00  0.0E+00
scf (DFT) done.
der1a (1-e 1st deriv.) done.
rwr (1st deriv. Q) done.
der1b (2-e 1st deriv.) done.
  Geometry optimization step   9
  Total energy:     -1575.50093927305 hartrees
  energy change:          -1.1389E-03 .  (  5.0000E-05 )
  gradient maximum:        5.8090E-03 .  (  4.5000E-04 )
  gradient rms:            1.2146E-03 .  (  3.0000E-04 )
  displacement maximum:    1.1350E-01 .  (  1.8000E-03 )
  displacement rms:        1.4644E-02 .  (  1.2000E-03 )
  
  predicted energy change: -6.8203E-04
  step size:     0.21769
  trust radius:  0.30000
---------------- geometry iteration   9 complete ----------------
geopt (optimize geometry) done.
onee (1-electron integrals) done.
probe (project orbitals) done.
grid (grid generation) done.
rwr (Q operators) done.
  
       i  u  d  i  g
       t  p  i  c  r                                 RMS    maximum
       e  d  i  u  i                       energy  density   DIIS  
       r  t  s  t  d       total energy    change  change    error 
  
etot    1  N  N  2  U   -1575.43350061708           3.0E-04  8.1E-03
etot    2  Y  Y  6  M   -1575.45124470734  1.8E-02  7.7E-05  8.1E-04
etot    3  N  Y  2  U   -1575.45035477942 -8.9E-04  6.1E-05  2.0E-03
etot    4  Y  Y  6  M   -1575.45127336953  9.2E-04  1.3E-05  3.9E-04
etot    5  N  Y  2  U   -1575.45131003831  3.7E-05  5.6E-06  1.8E-04
etot    6  N  Y  2  U   -1575.45131809919  8.1E-06  1.8E-06  3.8E-05
etot    7  N  N  2  U   -1575.45131835263  2.5E-07  0.0E+00  0.0E+00
scf (DFT) done.
der1a (1-e 1st deriv.) done.
rwr (1st deriv. Q) done.
der1b (2-e 1st deriv.) done.
  Geometry optimization step  10
  Total energy:     -1575.50133114026 hartrees
  energy change:          -3.9187E-04 .  (  5.0000E-05 )
  gradient maximum:        5.4350E-03 .  (  4.5000E-04 )
  gradient rms:            9.7319E-04 .  (  3.0000E-04 )
  displacement maximum:    7.6245E-02 .  (  1.8000E-03 )
  displacement rms:        1.3446E-02 .  (  1.2000E-03 )
  
  predicted energy change: -4.7556E-04
  step size:     0.19990
  trust radius:  0.30000
---------------- geometry iteration  10 complete ----------------
geopt (optimize geometry) done.
onee (1-electron integrals) done.
probe (project orbitals) done.
grid (grid generation) done.
rwr (Q operators) done.
  
       i  u  d  i  g
       t  p  i  c  r                                 RMS    maximum
       e  d  i  u  i                       energy  density   DIIS  
       r  t  s  t  d       total energy    change  change    error 
  
etot    1  N  N  2  U   -1575.43885879935           2.5E-04  8.2E-03
etot    2  Y  Y  6  M   -1575.45201626552  1.3E-02  5.2E-05  5.2E-04
etot    3  N  Y  2  U   -1575.45180603342 -2.1E-04  3.9E-05  1.1E-03
etot    4  N  Y  2  U   -1575.45206957253  2.6E-04  8.9E-06  2.5E-04
etot    5  N  Y  2  U   -1575.45207920504  9.6E-06  3.8E-06  1.6E-04
etot    6  N  N  2  U   -1575.45208221484  3.0E-06  0.0E+00  0.0E+00
scf (DFT) done.
der1a (1-e 1st deriv.) done.
rwr (1st deriv. Q) done.
der1b (2-e 1st deriv.) done.
  Geometry optimization step  11
  Total energy:     -1575.50173833648 hartrees
  energy change:          -4.0720E-04 .  (  5.0000E-05 )
  gradient maximum:        3.5277E-03 .  (  4.5000E-04 )
  gradient rms:            6.4802E-04 .  (  3.0000E-04 )
  displacement maximum:    1.3848E-01 .  (  1.8000E-03 )
  displacement rms:        2.0191E-02 .  (  1.2000E-03 )
  
  predicted energy change: -4.2542E-04
  step size:     0.30016
  trust radius:  0.30000
---------------- geometry iteration  11 complete ----------------
geopt (optimize geometry) done.
onee (1-electron integrals) done.
probe (project orbitals) done.
grid (grid generation) done.
rwr (Q operators) done.
  
       i  u  d  i  g
       t  p  i  c  r                                 RMS    maximum
       e  d  i  u  i                       energy  density   DIIS  
       r  t  s  t  d       total energy    change  change    error 
  
etot    1  N  N  2  U   -1575.41571919647           4.4E-04  1.4E-02
etot    2  Y  Y  6  M   -1575.45242020973  3.7E-02  8.7E-05  1.2E-03
etot    3  N  Y  2  U   -1575.45148410568 -9.4E-04  6.9E-05  2.5E-03
etot    4  Y  Y  6  M   -1575.45242116422  9.4E-04  1.9E-05  5.9E-04
etot    5  N  Y  2  U   -1575.45252207336  1.0E-04  7.2E-06  3.1E-04
etot    6  N  Y  2  U   -1575.45253594151  1.4E-05  2.4E-06  4.3E-05
etot    7  N  N  2  U   -1575.45253632939  3.9E-07  0.0E+00  0.0E+00
scf (DFT) done.
der1a (1-e 1st deriv.) done.
rwr (1st deriv. Q) done.
der1b (2-e 1st deriv.) done.
  Geometry optimization step  12
  Total energy:     -1575.50229628144 hartrees
  energy change:          -5.5794E-04 .  (  5.0000E-05 )
  gradient maximum:        4.4024E-03 .  (  4.5000E-04 )
  gradient rms:            8.6329E-04 .  (  3.0000E-04 )
  displacement maximum:    9.1551E-02 .  (  1.8000E-03 )
  displacement rms:        1.4459E-02 .  (  1.2000E-03 )
  
  predicted energy change: -3.3986E-04
  step size:     0.21495
  trust radius:  0.30000
---------------- geometry iteration  12 complete ----------------
geopt (optimize geometry) done.
onee (1-electron integrals) done.
probe (project orbitals) done.
grid (grid generation) done.
rwr (Q operators) done.
  
       i  u  d  i  g
       t  p  i  c  r                                 RMS    maximum
       e  d  i  u  i                       energy  density   DIIS  
       r  t  s  t  d       total energy    change  change    error 
  
etot    1  N  N  2  U   -1575.43663334105           3.0E-04  9.0E-03
etot    2  Y  Y  6  M   -1575.45301764032  1.6E-02  5.7E-05  6.5E-04
etot    3  N  Y  2  U   -1575.45274035578 -2.8E-04  4.3E-05  1.2E-03
etot    4  N  Y  2  U   -1575.45306187542  3.2E-04  1.2E-05  3.6E-04
etot    5  N  Y  2  U   -1575.45308934936  2.7E-05  4.4E-06  1.5E-04
etot    6  N  N  2  U   -1575.45309351510  4.2E-06  0.0E+00  0.0E+00
scf (DFT) done.
der1a (1-e 1st deriv.) done.
rwr (1st deriv. Q) done.
der1b (2-e 1st deriv.) done.
  Geometry optimization step  13
  Total energy:     -1575.50263395411 hartrees
  energy change:          -3.3767E-04 .  (  5.0000E-05 )
  gradient maximum:        2.2380E-03 .  (  4.5000E-04 )
  gradient rms:            5.4884E-04 .  (  3.0000E-04 )
  displacement maximum:    1.1825E-01 .  (  1.8000E-03 )
  displacement rms:        2.0180E-02 .  (  1.2000E-03 )
  
  predicted energy change: -3.9911E-04
  step size:     0.30000
  trust radius:  0.30000
---------------- geometry iteration  13 complete ----------------
geopt (optimize geometry) done.
onee (1-electron integrals) done.
probe (project orbitals) done.
grid (grid generation) done.
rwr (Q operators) done.
  
       i  u  d  i  g
       t  p  i  c  r                                 RMS    maximum
       e  d  i  u  i                       energy  density   DIIS  
       r  t  s  t  d       total energy    change  change    error 
  
etot    1  N  N  2  U   -1575.42354859067           8.8E-04  1.2E-02
etot    2  Y  Y  6  M   -1575.45414561745  3.1E-02  7.1E-05  8.3E-04
etot    3  N  Y  2  U   -1575.45366992878 -4.8E-04  5.2E-05  1.5E-03
etot    4  Y  Y  6  M   -1575.45413233794  4.6E-04  1.4E-05  4.7E-04
etot    5  N  Y  2  U   -1575.45420330736  7.1E-05  4.1E-06  1.1E-04
etot    6  N  N  2  U   -1575.45420598888  2.7E-06  0.0E+00  0.0E+00
scf (DFT) done.
der1a (1-e 1st deriv.) done.
rwr (1st deriv. Q) done.
der1b (2-e 1st deriv.) done.
  Geometry optimization step  14
  Total energy:     -1575.50346146364 hartrees
  energy change:          -8.2751E-04 .  (  5.0000E-05 )
  gradient maximum:        3.2716E-03 .  (  4.5000E-04 )
  gradient rms:            6.5758E-04 .  (  3.0000E-04 )
  displacement maximum:    5.0977E-02 .  (  1.8000E-03 )
  displacement rms:        6.0034E-03 .  (  1.2000E-03 )
  
  predicted energy change: -1.5484E-04
  step size:     0.08925
  trust radius:  0.30000
---------------- geometry iteration  14 complete ----------------
geopt (optimize geometry) done.
onee (1-electron integrals) done.
probe (project orbitals) done.
grid (grid generation) done.
rwr (Q operators) done.
  
       i  u  d  i  g
       t  p  i  c  r                                 RMS    maximum
       e  d  i  u  i                       energy  density   DIIS  
       r  t  s  t  d       total energy    change  change    error 
  
etot    1  N  N  2  U   -1575.45214828579           1.1E-04  2.8E-03
etot    2  Y  Y  6  M   -1575.45446698400  2.3E-03  2.9E-05  2.2E-04
etot    3  N  Y  2  U   -1575.45431422531 -1.5E-04  2.2E-05  6.6E-04
etot    4  N  Y  2  U   -1575.45443624070  1.2E-04  5.1E-06  1.6E-04
etot    5  N  Y  2  U   -1575.45444045882  4.2E-06  2.0E-06  7.2E-05
etot    6  N  N  2  U   -1575.45444116679  7.1E-07  0.0E+00  0.0E+00
scf (DFT) done.
der1a (1-e 1st deriv.) done.
rwr (1st deriv. Q) done.
der1b (2-e 1st deriv.) done.
  Geometry optimization step  15
  Total energy:     -1575.50366953805 hartrees
  energy change:          -2.0807E-04 .  (  5.0000E-05 )
  gradient maximum:        1.9903E-03 .  (  4.5000E-04 )
  gradient rms:            4.2803E-04 .  (  3.0000E-04 )
  displacement maximum:    2.5985E-02 .  (  1.8000E-03 )
  displacement rms:        4.8961E-03 .  (  1.2000E-03 )
  
  predicted energy change: -1.1277E-04
  step size:     0.07279
  trust radius:  0.30000
---------------- geometry iteration  15 complete ----------------
geopt (optimize geometry) done.
onee (1-electron integrals) done.
probe (project orbitals) done.
grid (grid generation) done.
rwr (Q operators) done.
  
       i  u  d  i  g
       t  p  i  c  r                                 RMS    maximum
       e  d  i  u  i                       energy  density   DIIS  
       r  t  s  t  d       total energy    change  change    error 
  
etot    1  N  N  2  U   -1575.45195147371           1.1E-04  2.3E-03
etot    2  Y  Y  6  M   -1575.45448548689  2.5E-03  3.1E-05  2.4E-04
etot    3  N  Y  2  U   -1575.45431560536 -1.7E-04  2.3E-05  6.4E-04
etot    4  N  Y  2  U   -1575.45445004771  1.3E-04  4.4E-06  1.3E-04
etot    5  N  N  2  U   -1575.45445303950  3.0E-06  0.0E+00  0.0E+00
scf (DFT) done.
der1a (1-e 1st deriv.) done.
rwr (1st deriv. Q) done.
der1b (2-e 1st deriv.) done.
  Geometry optimization step  16
  Total energy:     -1575.50371098139 hartrees
  energy change:          -4.1443E-05 *  (  5.0000E-05 )
  gradient maximum:        1.1088E-03 .  (  4.5000E-04 )
  gradient rms:            2.6457E-04 *  (  3.0000E-04 )
  displacement maximum:    3.7506E-02 .  (  1.8000E-03 )
  displacement rms:        5.4299E-03 .  (  1.2000E-03 )
  
  predicted energy change: -6.3142E-05
  step size:     0.08072
  trust radius:  0.30000
---------------- geometry iteration  16 complete ----------------
geopt (optimize geometry) done.
onee (1-electron integrals) done.
probe (project orbitals) done.
grid (grid generation) done.
rwr (Q operators) done.
  
       i  u  d  i  g
       t  p  i  c  r                                 RMS    maximum
       e  d  i  u  i                       energy  density   DIIS  
       r  t  s  t  d       total energy    change  change    error 
  
etot    1  N  N  2  U   -1575.45110021165           1.3E-04  3.1E-03
etot    2  Y  Y  6  M   -1575.45458592491  3.5E-03  3.1E-05  3.6E-04
etot    3  N  Y  2  U   -1575.45443004082 -1.6E-04  2.5E-05  1.1E-03
etot    4  N  Y  2  U   -1575.45457186778  1.4E-04  6.4E-06  2.0E-04
etot    5  N  Y  2  U   -1575.45457817743  6.3E-06  2.3E-06  7.0E-05
etot    6  N  N  2  U   -1575.45457937521  1.2E-06  0.0E+00  0.0E+00
scf (DFT) done.
der1a (1-e 1st deriv.) done.
rwr (1st deriv. Q) done.
der1b (2-e 1st deriv.) done.
  Geometry optimization step  17
  Total energy:     -1575.50380308382 hartrees
  energy change:          -9.2102E-05 .  (  5.0000E-05 )
  gradient maximum:        9.5222E-04 .  (  4.5000E-04 )
  gradient rms:            1.9106E-04 *  (  3.0000E-04 )
  displacement maximum:    2.0139E-02 .  (  1.8000E-03 )
  displacement rms:        2.9395E-03 .  (  1.2000E-03 )
  
  predicted energy change: -2.5444E-05
  step size:     0.04370
  trust radius:  0.30000
---------------- geometry iteration  17 complete ----------------
geopt (optimize geometry) done.
onee (1-electron integrals) done.
probe (project orbitals) done.
grid (grid generation) done.
rwr (Q operators) done.
  
       i  u  d  i  g
       t  p  i  c  r                                 RMS    maximum
       e  d  i  u  i                       energy  density   DIIS  
       r  t  s  t  d       total energy    change  change    error 
  
etot    1  N  N  2  U   -1575.45375158894           6.9E-05  1.3E-03
etot    2  Y  Y  6  M   -1575.45465776451  9.1E-04  1.6E-05  1.3E-04
etot    3  N  Y  2  U   -1575.45460743688 -5.0E-05  1.1E-05  3.7E-04
etot    4  N  Y  2  U   -1575.45463746343  3.0E-05  2.7E-06  7.9E-05
etot    5  N  N  2  U   -1575.45463816931  7.1E-07  0.0E+00  0.0E+00
scf (DFT) done.
der1a (1-e 1st deriv.) done.
rwr (1st deriv. Q) done.
der1b (2-e 1st deriv.) done.
  Geometry optimization step  18
  Total energy:     -1575.50383271648 hartrees
  energy change:          -2.9633E-05 *  (  5.0000E-05 )
  gradient maximum:        9.8171E-04 .  (  4.5000E-04 )
  gradient rms:            1.6465E-04 *  (  3.0000E-04 )
  displacement maximum:    2.8977E-02 .  (  1.8000E-03 )
  displacement rms:        3.9179E-03 .  (  1.2000E-03 )
  
  predicted energy change: -2.6804E-05
  step size:     0.05824
  trust radius:  0.30000
---------------- geometry iteration  18 complete ----------------
geopt (optimize geometry) done.
onee (1-electron integrals) done.
probe (project orbitals) done.
grid (grid generation) done.
rwr (Q operators) done.
  
       i  u  d  i  g
       t  p  i  c  r                                 RMS    maximum
       e  d  i  u  i                       energy  density   DIIS  
       r  t  s  t  d       total energy    change  change    error 
  
etot    1  N  N  2  U   -1575.45279891449           9.9E-05  2.0E-03
etot    2  Y  Y  6  M   -1575.45474385452  1.9E-03  2.2E-05  2.3E-04
etot    3  N  Y  2  U   -1575.45465070990 -9.3E-05  1.8E-05  6.8E-04
etot    4  N  Y  2  U   -1575.45473245592  8.2E-05  4.1E-06  1.2E-04
etot    5  N  N  2  U   -1575.45473477022  2.3E-06  0.0E+00  0.0E+00
scf (DFT) done.
der1a (1-e 1st deriv.) done.
rwr (1st deriv. Q) done.
der1b (2-e 1st deriv.) done.
  Geometry optimization step  19
  Total energy:     -1575.50388673055 hartrees
  energy change:          -5.4014E-05 .  (  5.0000E-05 )
  gradient maximum:        9.8639E-04 .  (  4.5000E-04 )
  gradient rms:            1.8081E-04 *  (  3.0000E-04 )
  displacement maximum:    2.4422E-02 .  (  1.8000E-03 )
  displacement rms:        3.6777E-03 .  (  1.2000E-03 )
  
  predicted energy change: -1.3973E-05
  step size:     0.05467
  trust radius:  0.30000
---------------- geometry iteration  19 complete ----------------
geopt (optimize geometry) done.
onee (1-electron integrals) done.
probe (project orbitals) done.
grid (grid generation) done.
rwr (Q operators) done.
  
       i  u  d  i  g
       t  p  i  c  r                                 RMS    maximum
       e  d  i  u  i                       energy  density   DIIS  
       r  t  s  t  d       total energy    change  change    error 
  
etot    1  N  N  2  U   -1575.45274397332           9.5E-05  2.3E-03
etot    2  Y  Y  6  M   -1575.45436299011  1.6E-03  1.2E-05  1.5E-04
etot    3  N  Y  2  U   -1575.45431642794 -4.7E-05  9.6E-06  2.5E-04
etot    4  N  Y  2  U   -1575.45433317464  1.7E-05  3.4E-06  8.9E-05
etot    5  N  N  2  U   -1575.45433493098  1.8E-06  0.0E+00  0.0E+00
scf (DFT) done.
der1a (1-e 1st deriv.) done.
rwr (1st deriv. Q) done.
der1b (2-e 1st deriv.) done.
  Geometry optimization step  20
  Total energy:     -1575.50341009505 hartrees
  energy change:           4.7664E-04 .  (  5.0000E-05 )
  gradient maximum:        5.8586E-04 .  (  4.5000E-04 )
  gradient rms:            1.4166E-04 *  (  3.0000E-04 )
  displacement maximum:    8.0364E-03 .  (  1.8000E-03 )
  displacement rms:        1.3747E-03 .  (  1.2000E-03 )
  
  predicted energy change: -8.7997E-06
  step size:     0.02044
  trust radius:  0.30000
---------------- geometry iteration  20 complete ----------------
geopt (optimize geometry) done.
onee (1-electron integrals) done.
probe (project orbitals) done.
grid (grid generation) done.
rwr (Q operators) done.
  
       i  u  d  i  g
       t  p  i  c  r                                 RMS    maximum
       e  d  i  u  i                       energy  density   DIIS  
       r  t  s  t  d       total energy    change  change    error 
  
etot    1  N  N  2  U   -1575.45421786535           3.0E-05  8.4E-04
etot    2  N  Y  2  U   -1575.45435568749  1.4E-04  1.7E-05  1.2E-04
etot    3  N  Y  2  U   -1575.45432030805 -3.5E-05  1.2E-05  3.5E-04
etot    4  N  Y  2  U   -1575.45436097813  4.1E-05  2.1E-06  5.7E-05
etot    5  N  N  2  U   -1575.45436169391  7.2E-07  0.0E+00  0.0E+00
scf (DFT) done.
der1a (1-e 1st deriv.) done.
rwr (1st deriv. Q) done.
der1b (2-e 1st deriv.) done.
  Geometry optimization step  21
  Total energy:     -1575.50343707691 hartrees
  energy change:          -2.6982E-05 *  (  5.0000E-05 )
  gradient maximum:        4.5513E-04 .  (  4.5000E-04 )
  gradient rms:            9.2215E-05 *  (  3.0000E-04 )
  displacement maximum:    1.8407E-02 .  (  1.8000E-03 )
  displacement rms:        3.5721E-03 .  (  1.2000E-03 )
  
  predicted energy change: -1.3638E-05
  step size:     0.05310
  trust radius:  0.30000
---------------- geometry iteration  21 complete ----------------
geopt (optimize geometry) done.
onee (1-electron integrals) done.
probe (project orbitals) done.
grid (grid generation) done.
rwr (Q operators) done.
  
       i  u  d  i  g
       t  p  i  c  r                                 RMS    maximum
       e  d  i  u  i                       energy  density   DIIS  
       r  t  s  t  d       total energy    change  change    error 
  
etot    1  N  N  2  U   -1575.45305426999           8.3E-05  1.7E-03
etot    2  Y  Y  6  M   -1575.45449217128  1.4E-03  1.6E-05  1.4E-04
etot    3  N  Y  2  U   -1575.45445217944 -4.0E-05  1.2E-05  3.2E-04
etot    4  N  Y  2  U   -1575.45448317135  3.1E-05  2.9E-06  9.3E-05
etot    5  N  N  2  U   -1575.45448440543  1.2E-06  0.0E+00  0.0E+00
scf (DFT) done.
der1a (1-e 1st deriv.) done.
rwr (1st deriv. Q) done.
der1b (2-e 1st deriv.) done.
  Geometry optimization step  22
  Total energy:     -1575.50350199785 hartrees
  energy change:          -6.4921E-05 .  (  5.0000E-05 )
  gradient maximum:        1.0576E-03 .  (  4.5000E-04 )
  gradient rms:            2.1474E-04 *  (  3.0000E-04 )
  displacement maximum:    2.9039E-02 .  (  1.8000E-03 )
  displacement rms:        3.6360E-03 .  (  1.2000E-03 )
  
  predicted energy change: -2.3039E-05
  step size:     0.05405
  trust radius:  0.30000
---------------- geometry iteration  22 complete ----------------
geopt (optimize geometry) done.
onee (1-electron integrals) done.
probe (project orbitals) done.
grid (grid generation) done.
rwr (Q operators) done.
  
       i  u  d  i  g
       t  p  i  c  r                                 RMS    maximum
       e  d  i  u  i                       energy  density   DIIS  
       r  t  s  t  d       total energy    change  change    error 
  
etot    1  N  N  2  U   -1575.45291942135           8.7E-05  1.7E-03
etot    2  Y  Y  6  M   -1575.45439628654  1.5E-03  2.1E-05  1.9E-04
etot    3  N  Y  2  U   -1575.45434608842 -5.0E-05  1.6E-05  4.3E-04
etot    4  N  Y  2  U   -1575.45440854493  6.2E-05  4.5E-06  1.2E-04
etot    5  N  N  2  U   -1575.45441150597  3.0E-06  0.0E+00  0.0E+00
scf (DFT) done.
der1a (1-e 1st deriv.) done.
rwr (1st deriv. Q) done.
der1b (2-e 1st deriv.) done.
  Geometry optimization step  23
  Total energy:     -1575.50352291559 hartrees
  ** restarting optimization from step   19 **
  energy change:          -2.0918E-05 *  (  5.0000E-05 )
  gradient maximum:        9.8639E-04 .  (  4.5000E-04 )
  gradient rms:            1.8081E-04 *  (  3.0000E-04 )
  displacement maximum:    8.2639E-03 .  (  1.8000E-03 )
  displacement rms:        1.8499E-03 .  (  1.2000E-03 )
  
  predicted energy change: -1.9489E-05
  step size:     0.02750
  trust radius:  0.02703
---------------- geometry iteration  23 complete ----------------
geopt (optimize geometry) done.
onee (1-electron integrals) done.
probe (project orbitals) done.
grid (grid generation) done.
rwr (Q operators) done.
  
       i  u  d  i  g
       t  p  i  c  r                                 RMS    maximum
       e  d  i  u  i                       energy  density   DIIS  
       r  t  s  t  d       total energy    change  change    error 
  
etot    1  N  N  2  U   -1575.45384726103           7.9E-04  1.3E-02
etot    2  Y  Y  6  M   -1575.45475379190  9.1E-04  1.6E-05  3.2E-04
etot    3  N  Y  2  U   -1575.45474548963 -8.3E-06  1.2E-05  4.6E-04
etot    4  N  Y  2  U   -1575.45478471893  3.9E-05  3.0E-06  2.2E-04
etot    5  N  N  2  U   -1575.45478592049  1.2E-06  0.0E+00  0.0E+00
scf (DFT) done.
der1a (1-e 1st deriv.) done.
rwr (1st deriv. Q) done.
der1b (2-e 1st deriv.) done.
  Geometry optimization step  24
  Total energy:     -1575.50389677861 hartrees
  energy change:          -1.0048E-05 *  (  5.0000E-05 )
  gradient maximum:        2.6176E-04 *  (  4.5000E-04 )
  gradient rms:            5.9371E-05 #  (  3.0000E-04 )
  displacement maximum:    1.8828E-02 .  (  1.8000E-03 )
  displacement rms:        2.5788E-03 .  (  1.2000E-03 )
  
  predicted energy change: -6.0811E-06
  step size:     0.03834
  trust radius:  0.03822
---------------- geometry iteration  24 complete ----------------
geopt (optimize geometry) done.
onee (1-electron integrals) done.
probe (project orbitals) done.
grid (grid generation) done.
rwr (Q operators) done.
  
       i  u  d  i  g
       t  p  i  c  r                                 RMS    maximum
       e  d  i  u  i                       energy  density   DIIS  
       r  t  s  t  d       total energy    change  change    error 
  
etot    1  N  N  2  U   -1575.45362344221           6.9E-05  2.3E-03
etot    2  Y  Y  6  M   -1575.45433800466  7.1E-04  1.0E-05  1.2E-04
etot    3  N  Y  2  U   -1575.45430474461 -3.3E-05  7.7E-06  2.8E-04
etot    4  N  Y  2  U   -1575.45432043874  1.6E-05  1.7E-06  5.5E-05
etot    5  N  N  2  U   -1575.45432107080  6.3E-07  0.0E+00  0.0E+00
scf (DFT) done.
der1a (1-e 1st deriv.) done.
rwr (1st deriv. Q) done.
der1b (2-e 1st deriv.) done.
  Geometry optimization step  25
  Total energy:     -1575.50342132792 hartrees
  energy change:           4.7545E-04 .  (  5.0000E-05 )
  gradient maximum:        6.4846E-04 .  (  4.5000E-04 )
  gradient rms:            1.0741E-04 *  (  3.0000E-04 )
  displacement maximum:    9.4530E-03 .  (  1.8000E-03 )
  displacement rms:        1.2970E-03 .  (  1.2000E-03 )
  
  predicted energy change: -8.8624E-06
  step size:     0.01928
  trust radius:  0.01911
---------------- geometry iteration  25 complete ----------------
geopt (optimize geometry) done.
onee (1-electron integrals) done.
probe (project orbitals) done.
grid (grid generation) done.
rwr (Q operators) done.
  
       i  u  d  i  g
       t  p  i  c  r                                 RMS    maximum
       e  d  i  u  i                       energy  density   DIIS  
       r  t  s  t  d       total energy    change  change    error 
  
etot    1  N  N  2  U   -1575.45417622839           3.3E-05  8.8E-04
etot    2  N  Y  2  U   -1575.45433299100  1.6E-04  7.8E-06  7.8E-05
etot    3  N  Y  2  U   -1575.45432487666 -8.1E-06  6.1E-06  2.2E-04
etot    4  N  Y  2  U   -1575.45433447624  9.6E-06  1.6E-06  4.0E-05
etot    5  N  N  2  U   -1575.45433487250  4.0E-07  0.0E+00  0.0E+00
scf (DFT) done.
der1a (1-e 1st deriv.) done.
rwr (1st deriv. Q) done.
der1b (2-e 1st deriv.) done.
  Geometry optimization step  26
  Total energy:     -1575.50345477683 hartrees
  energy change:          -3.3449E-05 *  (  5.0000E-05 )
  gradient maximum:        8.2797E-04 .  (  4.5000E-04 )
  gradient rms:            1.3982E-04 *  (  3.0000E-04 )
  displacement maximum:    3.3073E-03 .  (  1.8000E-03 )
  displacement rms:        7.1489E-04 *  (  1.2000E-03 )
  
  predicted energy change: -7.8767E-06
  step size:     0.01063
  trust radius:  0.01000
---------------- geometry iteration  26 complete ----------------
geopt (optimize geometry) done.
onee (1-electron integrals) done.
probe (project orbitals) done.
grid (grid generation) done.
rwr (Q operators) done.
  
       i  u  d  i  g
       t  p  i  c  r                                 RMS    maximum
       e  d  i  u  i                       energy  density   DIIS  
       r  t  s  t  d       total energy    change  change    error 
  
etot    1  N  N  2  U   -1575.45430715724           2.2E-05  6.7E-04
etot    2  N  Y  2  U   -1575.45439576589  8.9E-05  7.2E-06  6.8E-05
etot    3  N  Y  2  U   -1575.45438755793 -8.2E-06  5.5E-06  1.9E-04
etot    4  N  Y  2  U   -1575.45439688588  9.3E-06  1.0E-06  2.8E-05
etot    5  N  N  2  U   -1575.45439704431  1.6E-07  0.0E+00  0.0E+00
scf (DFT) done.
der1a (1-e 1st deriv.) done.
rwr (1st deriv. Q) done.
der1b (2-e 1st deriv.) done.
  Geometry optimization step  27
  Total energy:     -1575.50349278857 hartrees
  energy change:          -3.8012E-05 *  (  5.0000E-05 )
  gradient maximum:        5.3453E-04 .  (  4.5000E-04 )
  gradient rms:            7.9372E-05 *  (  3.0000E-04 )
  displacement maximum:    5.2851E-03 .  (  1.8000E-03 )
  displacement rms:        6.9755E-04 *  (  1.2000E-03 )
  
  predicted energy change: -3.5513E-06
  step size:     0.01037
  trust radius:  0.01000
---------------- geometry iteration  27 complete ----------------
geopt (optimize geometry) done.
onee (1-electron integrals) done.
probe (project orbitals) done.
grid (grid generation) done.
rwr (Q operators) done.
  
       i  u  d  i  g
       t  p  i  c  r                                 RMS    maximum
       e  d  i  u  i                       energy  density   DIIS  
       r  t  s  t  d       total energy    change  change    error 
  
etot    1  N  N  2  U   -1575.45432187641           1.8E-05  3.4E-04
etot    2  N  Y  2  U   -1575.45437114152  4.9E-05  4.5E-06  4.3E-05
etot    3  N  N  2  U   -1575.45436782601 -3.3E-06  0.0E+00  0.0E+00
scf (DFT) done.
der1a (1-e 1st deriv.) done.
rwr (1st deriv. Q) done.
der1b (2-e 1st deriv.) done.
  Geometry optimization step  28
  Total energy:     -1575.50346759481 hartrees
  energy change:           2.5194E-05 *  (  5.0000E-05 )
  gradient maximum:        2.6794E-04 *  (  4.5000E-04 )
  gradient rms:            5.6613E-05 #  (  3.0000E-04 )
  displacement maximum:    4.6252E-03 .  (  1.8000E-03 )
  displacement rms:        9.5610E-04 *  (  1.2000E-03 )
  
  predicted energy change: -2.0405E-06
  step size:     0.01421
  trust radius:  0.01414
------------- final geometry iteration  28 complete -------------
geopt (optimize geometry) done.
cutabab2 (abab integrals) done.
der2a (1-e JK-1st deriv.) done.
der2b (2-e JK-1st deriv.) done.
der2nda (1-e 2nd deriv.) done.
der2ndb (2-e 2nd deriv.) done.
rwr (Q operators) done.
cphfa (gradient of wave function) done.
freq (vib. frequencies) done.
Job J1_9941_2111 completed on hpc-92-26.cm.cluster at Wed May 29 02:29:00 2024
Timer (jaguar_backend.py) : 4464.00 secs (1 hrs, 14 mins, 24 secs)
Finished:   Wed May 29 02:29:00 2024
