Command:  /groups/wag/programs/Schrodinger_2020_3/jaguar run -WAIT -PARALLEL 8 /central/home/labounad/wittig-ch121/out/J1_9820_2111/J1_9820_2111.in
Release:  2020-3
Exec:     /groups/wag/programs/Schrodinger_2020_3/jaguar-v10.9/bin/Linux-x86_64
Host:     hpc-92-05.cm.cluster
JobId:    hpc-92-05-0-6656fc62
JobDir:   /central/scratch/labounad/J1_9820_2111#hpc-92-05-0-6656fc62
Date:     Wed May 29 02:59:00 2024

Contents of /central/scratch/labounad/J1_9820_2111#hpc-92-05-0-6656fc62:
/central/scratch/labounad/J1_9820_2111#hpc-92-05-0-6656fc62/.write_dir.json
/central/scratch/labounad/J1_9820_2111#hpc-92-05-0-6656fc62/hpc-92-05-0-6656fc62
/central/scratch/labounad/J1_9820_2111#hpc-92-05-0-6656fc62/J1_9820_2111.recover
/central/scratch/labounad/J1_9820_2111#hpc-92-05-0-6656fc62/J1_9820_2111.in
/central/scratch/labounad/J1_9820_2111#hpc-92-05-0-6656fc62/hpc-92-05-0-6656fc62.recover
/central/scratch/labounad/J1_9820_2111#hpc-92-05-0-6656fc62/J1_9820_2111.log
/central/scratch/labounad/J1_9820_2111#hpc-92-05-0-6656fc62/hpc-92-05-0-6656fc62.mpinodes
/central/scratch/labounad/J1_9820_2111#hpc-92-05-0-6656fc62/hpc-92-05-0-6656fc62.nodes

Executing subprocess:
/groups/wag/programs/Schrodinger_2020_3/jaguar-v10.9/bin/Linux-x86_64/jexec J1_9820_2111.in -T 8 -out /central/scratch/labounad/J1_9820_2111#hpc-92-05-0-6656fc62 -cwd

Job J1_9820_2111 started on hpc-92-05.cm.cluster at Wed May 29 02:59:01 2024
jobid: hpc-92-05-0-6656fc62 
Jaguar version 10.9, release 139
 Using up to   8 threads per process
Molecular Point Group: C1      
Point Group used: C1
pre (input checking) done.
onee (1-electron integrals) done.
hfig (HF initial guess) done.
probe (project orbitals) done.
grid (grid generation) done.
rwr (Q operators) done.
scf type: DFT=PBE(X+LC)+PW91 (PBE-D3)
  
       i  u  d  i  g
       t  p  i  c  r                                 RMS    maximum
       e  d  i  u  i                       energy  density   DIIS  
       r  t  s  t  d       total energy    change  change    error 
  
etot    1  N  N  5  M   -1389.82740211617           5.9E-03  9.0E-02
etot    2  Y  Y  6  M   -1387.11561118555 -2.7E+00  9.1E-03  1.4E-01
etot    3  Y  Y  6  M   -1384.43198558089 -2.7E+00  7.8E-03  1.4E-01
etot    4  N  Y  2  U   -1392.94904451392  8.5E+00  2.3E-03  4.6E-02
etot    5  Y  Y  6  M   -1393.20211634961  2.5E-01  1.4E-03  3.1E-02
etot    6  N  Y  2  U   -1393.42575841403  2.2E-01  5.5E-04  1.8E-02
etot    7  Y  Y  6  M   -1393.47765303542  5.2E-02  2.7E-04  1.1E-02
etot    8  N  Y  2  U   -1393.49759452282  2.0E-02  1.2E-04  3.5E-03
etot    9  Y  Y  6  M   -1393.49976040587  2.2E-03  8.5E-05  2.8E-03
etot   10  Y  Y  6  M   -1393.50111390323  1.4E-03  4.6E-05  1.5E-03
etot   11  N  Y  2  U   -1393.50124987333  1.4E-04  1.5E-05  4.5E-04
etot   12  N  Y  2  U   -1393.50128092747  3.1E-05  6.4E-06  2.7E-04
etot   13  N  Y  2  U   -1393.50128831053  7.4E-06  2.6E-06  9.7E-05
etot   14  N  N  2  U   -1393.50128947921  1.2E-06  0.0E+00  0.0E+00
scf (DFT) done.
der1a (1-e 1st deriv.) done.
rwr (1st deriv. Q) done.
der1b (2-e 1st deriv.) done.
  Geometry optimization step   1
  Total energy:     -1393.55348974424 hartrees
  gradient maximum:        3.9026E-02 .  (  4.5000E-04 )
  gradient rms:            6.9402E-03 .  (  3.0000E-04 )
  displacement maximum:    1.1764E-01 .  (  1.8000E-03 )
  displacement rms:        2.0371E-02 .  (  1.2000E-03 )
  
  predicted energy change: -1.9016E-02
  step size:     0.30009
  trust radius:  0.30000
---------------- geometry iteration   1 complete ----------------
geopt (optimize geometry) done.
onee (1-electron integrals) done.
probe (project orbitals) done.
grid (grid generation) done.
rwr (Q operators) done.
  
       i  u  d  i  g
       t  p  i  c  r                                 RMS    maximum
       e  d  i  u  i                       energy  density   DIIS  
       r  t  s  t  d       total energy    change  change    error 
  
etot    1  N  N  2  U   -1393.51081496497           2.6E-04  3.6E-03
etot    2  Y  Y  6  M   -1393.51897401228  8.2E-03  9.8E-05  1.0E-03
etot    3  N  Y  2  U   -1393.51858887724 -3.9E-04  7.0E-05  1.8E-03
etot    4  Y  Y  6  M   -1393.51936342192  7.7E-04  1.7E-05  4.3E-04
etot    5  N  Y  2  U   -1393.51944109134  7.8E-05  5.0E-06  1.7E-04
etot    6  N  N  2  U   -1393.51944843543  7.3E-06  0.0E+00  0.0E+00
scf (DFT) done.
der1a (1-e 1st deriv.) done.
rwr (1st deriv. Q) done.
der1b (2-e 1st deriv.) done.
  Geometry optimization step   2
  Total energy:     -1393.57057554687 hartrees
  energy change:          -1.7086E-02 .  (  5.0000E-05 )
  gradient maximum:        1.5720E-02 .  (  4.5000E-04 )
  gradient rms:            2.2342E-03 .  (  3.0000E-04 )
  displacement maximum:    8.4303E-02 .  (  1.8000E-03 )
  displacement rms:        2.0366E-02 .  (  1.2000E-03 )
  
  predicted energy change: -3.8436E-03
  step size:     0.30001
  trust radius:  0.30000
---------------- geometry iteration   2 complete ----------------
geopt (optimize geometry) done.
onee (1-electron integrals) done.
probe (project orbitals) done.
grid (grid generation) done.
rwr (Q operators) done.
  
       i  u  d  i  g
       t  p  i  c  r                                 RMS    maximum
       e  d  i  u  i                       energy  density   DIIS  
       r  t  s  t  d       total energy    change  change    error 
  
etot    1  N  N  2  U   -1393.50698864433           2.7E-04  6.2E-03
etot    2  Y  Y  6  M   -1393.52284722283  1.6E-02  7.3E-05  8.1E-04
etot    3  N  Y  2  U   -1393.52237478255 -4.7E-04  5.5E-05  1.7E-03
etot    4  Y  Y  6  M   -1393.52295253533  5.8E-04  1.3E-05  3.7E-04
etot    5  N  Y  2  U   -1393.52296637814  1.4E-05  3.8E-06  1.1E-04
etot    6  N  N  2  U   -1393.52296938465  3.0E-06  0.0E+00  0.0E+00
scf (DFT) done.
der1a (1-e 1st deriv.) done.
rwr (1st deriv. Q) done.
der1b (2-e 1st deriv.) done.
  Geometry optimization step   3
  Total energy:     -1393.57432298592 hartrees
  energy change:          -3.7474E-03 .  (  5.0000E-05 )
  gradient maximum:        7.7309E-03 .  (  4.5000E-04 )
  gradient rms:            1.3675E-03 .  (  3.0000E-04 )
  displacement maximum:    1.1480E-01 .  (  1.8000E-03 )
  displacement rms:        2.0415E-02 .  (  1.2000E-03 )
  
  predicted energy change: -2.1180E-03
  step size:     0.30074
  trust radius:  0.30000
---------------- geometry iteration   3 complete ----------------
geopt (optimize geometry) done.
onee (1-electron integrals) done.
probe (project orbitals) done.
grid (grid generation) done.
rwr (Q operators) done.
  
       i  u  d  i  g
       t  p  i  c  r                                 RMS    maximum
       e  d  i  u  i                       energy  density   DIIS  
       r  t  s  t  d       total energy    change  change    error 
  
etot    1  N  N  2  U   -1393.49358777413           3.7E-04  7.1E-03
etot    2  Y  Y  6  M   -1393.52379792400  3.0E-02  7.1E-05  5.1E-04
etot    3  N  Y  2  U   -1393.52342789569 -3.7E-04  5.4E-05  1.3E-03
etot    4  Y  Y  6  M   -1393.52386617948  4.4E-04  1.4E-05  4.1E-04
etot    5  N  Y  2  U   -1393.52389935639  3.3E-05  3.8E-06  8.8E-05
etot    6  N  N  2  U   -1393.52390276405  3.4E-06  0.0E+00  0.0E+00
scf (DFT) done.
der1a (1-e 1st deriv.) done.
rwr (1st deriv. Q) done.
der1b (2-e 1st deriv.) done.
  Geometry optimization step   4
  Total energy:     -1393.57495063372 hartrees
  energy change:          -6.2765E-04 .  (  5.0000E-05 )
  gradient maximum:        6.9356E-03 .  (  4.5000E-04 )
  gradient rms:            1.1527E-03 .  (  3.0000E-04 )
  displacement maximum:    1.7839E-01 .  (  1.8000E-03 )
  displacement rms:        2.0366E-02 .  (  1.2000E-03 )
  
  predicted energy change: -1.3850E-03
  step size:     0.30001
  trust radius:  0.30000
---------------- geometry iteration   4 complete ----------------
geopt (optimize geometry) done.
onee (1-electron integrals) done.
probe (project orbitals) done.
grid (grid generation) done.
rwr (Q operators) done.
  
       i  u  d  i  g
       t  p  i  c  r                                 RMS    maximum
       e  d  i  u  i                       energy  density   DIIS  
       r  t  s  t  d       total energy    change  change    error 
  
etot    1  N  N  2  U   -1393.48679937728           3.7E-04  9.8E-03
etot    2  Y  Y  6  M   -1393.52447392824  3.8E-02  4.2E-05  7.2E-04
etot    3  N  Y  2  U   -1393.52431386061 -1.6E-04  3.3E-05  5.5E-04
etot    4  N  Y  2  U   -1393.52442593568  1.1E-04  1.3E-05  3.2E-04
etot    5  N  Y  2  U   -1393.52445866109  3.3E-05  3.6E-06  1.1E-04
etot    6  N  N  2  U   -1393.52446229643  3.6E-06  0.0E+00  0.0E+00
scf (DFT) done.
der1a (1-e 1st deriv.) done.
rwr (1st deriv. Q) done.
der1b (2-e 1st deriv.) done.
  Geometry optimization step   5
  Total energy:     -1393.57530391850 hartrees
  energy change:          -3.5328E-04 .  (  5.0000E-05 )
  gradient maximum:        5.8861E-03 .  (  4.5000E-04 )
  gradient rms:            1.1435E-03 .  (  3.0000E-04 )
  displacement maximum:    1.3029E-01 .  (  1.8000E-03 )
  displacement rms:        1.9740E-02 .  (  1.2000E-03 )
  
  predicted energy change: -9.1473E-04
  step size:     0.29078
  trust radius:  0.30000
---------------- geometry iteration   5 complete ----------------
geopt (optimize geometry) done.
onee (1-electron integrals) done.
probe (project orbitals) done.
grid (grid generation) done.
rwr (Q operators) done.
  
       i  u  d  i  g
       t  p  i  c  r                                 RMS    maximum
       e  d  i  u  i                       energy  density   DIIS  
       r  t  s  t  d       total energy    change  change    error 
  
etot    1  N  N  2  U   -1393.49635719677           3.5E-04  6.7E-03
etot    2  Y  Y  6  M   -1393.52401874275  2.8E-02  6.8E-05  6.7E-04
etot    3  N  Y  2  U   -1393.52380597157 -2.1E-04  4.9E-05  1.4E-03
etot    4  N  Y  2  U   -1393.52415154088  3.5E-04  1.5E-05  4.2E-04
etot    5  N  Y  2  U   -1393.52418053587  2.9E-05  4.1E-06  8.9E-05
etot    6  N  N  2  U   -1393.52418326321  2.7E-06  0.0E+00  0.0E+00
scf (DFT) done.
der1a (1-e 1st deriv.) done.
rwr (1st deriv. Q) done.
der1b (2-e 1st deriv.) done.
  Geometry optimization step   6
  Total energy:     -1393.57540575322 hartrees
  energy change:          -1.0183E-04 .  (  5.0000E-05 )
  gradient maximum:        8.5413E-03 .  (  4.5000E-04 )
  gradient rms:            1.2934E-03 .  (  3.0000E-04 )
  displacement maximum:    1.0284E-01 .  (  1.8000E-03 )
  displacement rms:        1.2587E-02 .  (  1.2000E-03 )
  
  predicted energy change: -9.1535E-04
  step size:     0.18541
  trust radius:  0.30000
---------------- geometry iteration   6 complete ----------------
geopt (optimize geometry) done.
onee (1-electron integrals) done.
probe (project orbitals) done.
grid (grid generation) done.
rwr (Q operators) done.
  
       i  u  d  i  g
       t  p  i  c  r                                 RMS    maximum
       e  d  i  u  i                       energy  density   DIIS  
       r  t  s  t  d       total energy    change  change    error 
  
etot    1  N  N  2  U   -1393.50844411676           2.6E-04  6.4E-03
etot    2  Y  Y  6  M   -1393.52488553704  1.6E-02  3.3E-05  4.9E-04
etot    3  N  Y  2  U   -1393.52485665730 -2.9E-05  2.5E-05  4.7E-04
etot    4  N  Y  2  U   -1393.52491983653  6.3E-05  8.6E-06  2.6E-04
etot    5  N  Y  2  U   -1393.52493851309  1.9E-05  2.5E-06  5.6E-05
etot    6  N  N  2  U   -1393.52493967710  1.2E-06  0.0E+00  0.0E+00
scf (DFT) done.
der1a (1-e 1st deriv.) done.
rwr (1st deriv. Q) done.
der1b (2-e 1st deriv.) done.
  Geometry optimization step   7
  Total energy:     -1393.57612147700 hartrees
  energy change:          -7.1572E-04 .  (  5.0000E-05 )
  gradient maximum:        3.0462E-03 .  (  4.5000E-04 )
  gradient rms:            5.5962E-04 .  (  3.0000E-04 )
  displacement maximum:    7.1987E-02 .  (  1.8000E-03 )
  displacement rms:        9.6121E-03 .  (  1.2000E-03 )
  
  predicted energy change: -2.5439E-04
  step size:     0.14160
  trust radius:  0.30000
---------------- geometry iteration   7 complete ----------------
geopt (optimize geometry) done.
onee (1-electron integrals) done.
probe (project orbitals) done.
grid (grid generation) done.
rwr (Q operators) done.
  
       i  u  d  i  g
       t  p  i  c  r                                 RMS    maximum
       e  d  i  u  i                       energy  density   DIIS  
       r  t  s  t  d       total energy    change  change    error 
  
etot    1  N  N  2  U   -1393.51769975274           1.8E-04  6.5E-03
etot    2  Y  Y  6  M   -1393.52527340166  7.6E-03  2.3E-05  2.9E-04
etot    3  N  Y  2  U   -1393.52522645277 -4.7E-05  1.7E-05  3.5E-04
etot    4  N  Y  2  U   -1393.52525961745  3.3E-05  5.9E-06  1.7E-04
etot    5  N  Y  2  U   -1393.52526948224  9.9E-06  1.7E-06  4.8E-05
etot    6  N  N  2  U   -1393.52527007642  5.9E-07  0.0E+00  0.0E+00
scf (DFT) done.
der1a (1-e 1st deriv.) done.
rwr (1st deriv. Q) done.
der1b (2-e 1st deriv.) done.
  Geometry optimization step   8
  Total energy:     -1393.57643531798 hartrees
  energy change:          -3.1384E-04 .  (  5.0000E-05 )
  gradient maximum:        4.1173E-03 .  (  4.5000E-04 )
  gradient rms:            5.9521E-04 .  (  3.0000E-04 )
  displacement maximum:    1.5826E-01 .  (  1.8000E-03 )
  displacement rms:        1.4568E-02 .  (  1.2000E-03 )
  
  predicted energy change: -3.0022E-04
  step size:     0.21460
  trust radius:  0.30000
---------------- geometry iteration   8 complete ----------------
geopt (optimize geometry) done.
onee (1-electron integrals) done.
probe (project orbitals) done.
grid (grid generation) done.
rwr (Q operators) done.
  
       i  u  d  i  g
       t  p  i  c  r                                 RMS    maximum
       e  d  i  u  i                       energy  density   DIIS  
       r  t  s  t  d       total energy    change  change    error 
  
etot    1  N  N  2  U   -1393.51713727932           1.9E-04  4.0E-03
etot    2  Y  Y  6  M   -1393.52539886248  8.3E-03  2.6E-05  2.8E-04
etot    3  N  Y  2  U   -1393.52534559651 -5.3E-05  1.8E-05  3.5E-04
etot    4  N  Y  2  U   -1393.52540121810  5.6E-05  5.6E-06  2.2E-04
etot    5  N  Y  2  U   -1393.52540762599  6.4E-06  2.0E-06  8.5E-05
etot    6  N  N  2  U   -1393.52540883541  1.2E-06  0.0E+00  0.0E+00
scf (DFT) done.
der1a (1-e 1st deriv.) done.
rwr (1st deriv. Q) done.
der1b (2-e 1st deriv.) done.
  Geometry optimization step   9
  Total energy:     -1393.57656819550 hartrees
  energy change:          -1.3288E-04 .  (  5.0000E-05 )
  gradient maximum:        4.4882E-03 .  (  4.5000E-04 )
  gradient rms:            6.0707E-04 .  (  3.0000E-04 )
  displacement maximum:    2.3809E-01 .  (  1.8000E-03 )
  displacement rms:        2.0424E-02 .  (  1.2000E-03 )
  
  predicted energy change: -4.3738E-04
  step size:     0.30086
  trust radius:  0.30000
---------------- geometry iteration   9 complete ----------------
geopt (optimize geometry) done.
onee (1-electron integrals) done.
probe (project orbitals) done.
grid (grid generation) done.
rwr (Q operators) done.
  
       i  u  d  i  g
       t  p  i  c  r                                 RMS    maximum
       e  d  i  u  i                       energy  density   DIIS  
       r  t  s  t  d       total energy    change  change    error 
  
etot    1  N  N  2  U   -1393.50724435088           2.8E-04  8.7E-03
etot    2  Y  Y  6  M   -1393.52541546607  1.8E-02  3.0E-05  4.0E-04
etot    3  N  Y  2  U   -1393.52540276000 -1.3E-05  2.0E-05  3.3E-04
etot    4  N  Y  2  U   -1393.52545550999  5.3E-05  6.9E-06  2.2E-04
etot    5  N  Y  2  U   -1393.52546572153  1.0E-05  2.4E-06  9.7E-05
etot    6  N  N  2  U   -1393.52546725482  1.5E-06  0.0E+00  0.0E+00
scf (DFT) done.
der1a (1-e 1st deriv.) done.
rwr (1st deriv. Q) done.
der1b (2-e 1st deriv.) done.
  Geometry optimization step  10
  Total energy:     -1393.57683294191 hartrees
  energy change:          -2.6475E-04 .  (  5.0000E-05 )
  gradient maximum:        4.4149E-03 .  (  4.5000E-04 )
  gradient rms:            6.7521E-04 .  (  3.0000E-04 )
  displacement maximum:    8.7996E-02 .  (  1.8000E-03 )
  displacement rms:        9.2476E-03 .  (  1.2000E-03 )
  
  predicted energy change: -2.0069E-04
  step size:     0.13623
  trust radius:  0.30000
---------------- geometry iteration  10 complete ----------------
geopt (optimize geometry) done.
onee (1-electron integrals) done.
probe (project orbitals) done.
grid (grid generation) done.
rwr (Q operators) done.
  
       i  u  d  i  g
       t  p  i  c  r                                 RMS    maximum
       e  d  i  u  i                       energy  density   DIIS  
       r  t  s  t  d       total energy    change  change    error 
  
etot    1  N  N  2  U   -1393.51868436959           1.7E-04  9.0E-03
etot    2  Y  Y  6  M   -1393.52597988953  7.3E-03  2.0E-05  1.7E-04
etot    3  N  Y  2  U   -1393.52593265190 -4.7E-05  1.7E-05  4.4E-04
etot    4  N  Y  2  U   -1393.52598091012  4.8E-05  4.5E-06  1.1E-04
etot    5  N  N  2  U   -1393.52598455803  3.6E-06  0.0E+00  0.0E+00
scf (DFT) done.
der1a (1-e 1st deriv.) done.
rwr (1st deriv. Q) done.
der1b (2-e 1st deriv.) done.
  Geometry optimization step  11
  Total energy:     -1393.57719083146 hartrees
  energy change:          -3.5789E-04 .  (  5.0000E-05 )
  gradient maximum:        3.0750E-03 .  (  4.5000E-04 )
  gradient rms:            4.9068E-04 .  (  3.0000E-04 )
  displacement maximum:    1.0401E-01 .  (  1.8000E-03 )
  displacement rms:        1.2569E-02 .  (  1.2000E-03 )
  
  predicted energy change: -1.7668E-04
  step size:     0.18516
  trust radius:  0.30000
---------------- geometry iteration  11 complete ----------------
geopt (optimize geometry) done.
onee (1-electron integrals) done.
probe (project orbitals) done.
grid (grid generation) done.
rwr (Q operators) done.
  
       i  u  d  i  g
       t  p  i  c  r                                 RMS    maximum
       e  d  i  u  i                       energy  density   DIIS  
       r  t  s  t  d       total energy    change  change    error 
  
etot    1  N  N  2  U   -1393.50921591565           2.6E-04  1.1E-02
etot    2  Y  Y  6  M   -1393.52616048831  1.7E-02  3.2E-05  4.9E-04
etot    3  N  Y  2  U   -1393.52608273209 -7.8E-05  2.6E-05  6.8E-04
etot    4  N  Y  2  U   -1393.52617195402  8.9E-05  7.8E-06  2.1E-04
etot    5  N  Y  2  U   -1393.52618259300  1.1E-05  1.8E-06  3.2E-05
etot    6  N  N  2  U   -1393.52618293631  3.4E-07  0.0E+00  0.0E+00
scf (DFT) done.
der1a (1-e 1st deriv.) done.
rwr (1st deriv. Q) done.
der1b (2-e 1st deriv.) done.
  Geometry optimization step  12
  Total energy:     -1393.57729087618 hartrees
  energy change:          -1.0004E-04 .  (  5.0000E-05 )
  gradient maximum:        1.9407E-03 .  (  4.5000E-04 )
  gradient rms:            3.0883E-04 .  (  3.0000E-04 )
  displacement maximum:    2.8211E-02 .  (  1.8000E-03 )
  displacement rms:        5.1006E-03 .  (  1.2000E-03 )
  
  predicted energy change: -6.2449E-05
  step size:     0.07514
  trust radius:  0.30000
---------------- geometry iteration  12 complete ----------------
geopt (optimize geometry) done.
onee (1-electron integrals) done.
probe (project orbitals) done.
grid (grid generation) done.
rwr (Q operators) done.
  
       i  u  d  i  g
       t  p  i  c  r                                 RMS    maximum
       e  d  i  u  i                       energy  density   DIIS  
       r  t  s  t  d       total energy    change  change    error 
  
etot    1  N  N  2  U   -1393.52471254501           8.5E-05  2.0E-03
etot    2  Y  Y  6  M   -1393.52631958472  1.6E-03  1.5E-05  1.3E-04
etot    3  N  Y  2  U   -1393.52630868387 -1.1E-05  1.1E-05  2.9E-04
etot    4  N  Y  2  U   -1393.52633355487  2.5E-05  3.1E-06  6.7E-05
etot    5  N  N  2  U   -1393.52633500155  1.4E-06  0.0E+00  0.0E+00
scf (DFT) done.
der1a (1-e 1st deriv.) done.
rwr (1st deriv. Q) done.
der1b (2-e 1st deriv.) done.
  Geometry optimization step  13
  Total energy:     -1393.57738267549 hartrees
  energy change:          -9.1799E-05 .  (  5.0000E-05 )
  gradient maximum:        1.5623E-03 .  (  4.5000E-04 )
  gradient rms:            2.6216E-04 *  (  3.0000E-04 )
  displacement maximum:    3.3383E-02 .  (  1.8000E-03 )
  displacement rms:        4.3845E-03 .  (  1.2000E-03 )
  
  predicted energy change: -3.9641E-05
  step size:     0.06459
  trust radius:  0.30000
---------------- geometry iteration  13 complete ----------------
geopt (optimize geometry) done.
onee (1-electron integrals) done.
probe (project orbitals) done.
grid (grid generation) done.
rwr (Q operators) done.
  
       i  u  d  i  g
       t  p  i  c  r                                 RMS    maximum
       e  d  i  u  i                       energy  density   DIIS  
       r  t  s  t  d       total energy    change  change    error 
  
etot    1  N  N  2  U   -1393.52482022173           7.8E-05  3.0E-03
etot    2  Y  Y  6  M   -1393.52632291685  1.5E-03  1.0E-05  1.1E-04
etot    3  N  Y  2  U   -1393.52632224441 -6.7E-07  8.0E-06  2.0E-04
etot    4  N  Y  2  U   -1393.52633625842  1.4E-05  2.2E-06  5.9E-05
etot    5  N  N  2  U   -1393.52633715364  9.0E-07  0.0E+00  0.0E+00
scf (DFT) done.
der1a (1-e 1st deriv.) done.
rwr (1st deriv. Q) done.
der1b (2-e 1st deriv.) done.
  Geometry optimization step  14
  Total energy:     -1393.57739767753 hartrees
  energy change:          -1.5002E-05 *  (  5.0000E-05 )
  gradient maximum:        1.0135E-03 .  (  4.5000E-04 )
  gradient rms:            1.8122E-04 *  (  3.0000E-04 )
  displacement maximum:    2.5355E-02 .  (  1.8000E-03 )
  displacement rms:        3.8498E-03 .  (  1.2000E-03 )
  
  predicted energy change: -2.3919E-05
  step size:     0.05671
  trust radius:  0.30000
---------------- geometry iteration  14 complete ----------------
geopt (optimize geometry) done.
onee (1-electron integrals) done.
probe (project orbitals) done.
grid (grid generation) done.
rwr (Q operators) done.
  
       i  u  d  i  g
       t  p  i  c  r                                 RMS    maximum
       e  d  i  u  i                       energy  density   DIIS  
       r  t  s  t  d       total energy    change  change    error 
  
etot    1  N  N  2  U   -1393.52469413860           8.3E-05  3.0E-03
etot    2  Y  Y  6  M   -1393.52634204113  1.6E-03  9.4E-06  1.7E-04
etot    3  N  Y  2  U   -1393.52634891176  6.9E-06  7.4E-06  1.5E-04
etot    4  N  Y  2  U   -1393.52635500949  6.1E-06  2.6E-06  8.3E-05
etot    5  N  N  2  U   -1393.52635646039  1.5E-06  0.0E+00  0.0E+00
scf (DFT) done.
der1a (1-e 1st deriv.) done.
rwr (1st deriv. Q) done.
der1b (2-e 1st deriv.) done.
  Geometry optimization step  15
  Total energy:     -1393.57742533948 hartrees
  energy change:          -2.7662E-05 *  (  5.0000E-05 )
  gradient maximum:        1.1476E-03 .  (  4.5000E-04 )
  gradient rms:            1.5681E-04 *  (  3.0000E-04 )
  displacement maximum:    4.9842E-02 .  (  1.8000E-03 )
  displacement rms:        5.6781E-03 .  (  1.2000E-03 )
  
  predicted energy change: -2.3304E-05
  step size:     0.08364
  trust radius:  0.30000
---------------- geometry iteration  15 complete ----------------
geopt (optimize geometry) done.
onee (1-electron integrals) done.
probe (project orbitals) done.
grid (grid generation) done.
rwr (Q operators) done.
  
       i  u  d  i  g
       t  p  i  c  r                                 RMS    maximum
       e  d  i  u  i                       energy  density   DIIS  
       r  t  s  t  d       total energy    change  change    error 
  
etot    1  N  N  2  U   -1393.52373116263           1.1E-04  3.7E-03
etot    2  Y  Y  6  M   -1393.52628561178  2.6E-03  1.1E-05  2.3E-04
etot    3  N  Y  2  U   -1393.52628802491  2.4E-06  8.0E-06  1.9E-04
etot    4  N  Y  2  U   -1393.52629565783  7.6E-06  3.0E-06  1.1E-04
etot    5  N  N  2  U   -1393.52629746819  1.8E-06  0.0E+00  0.0E+00
scf (DFT) done.
der1a (1-e 1st deriv.) done.
rwr (1st deriv. Q) done.
der1b (2-e 1st deriv.) done.
  Geometry optimization step  16
  Total energy:     -1393.57740994237 hartrees
  energy change:           1.5397E-05 *  (  5.0000E-05 )
  gradient maximum:        1.5095E-03 .  (  4.5000E-04 )
  gradient rms:            2.2157E-04 *  (  3.0000E-04 )
  displacement maximum:    4.7498E-02 .  (  1.8000E-03 )
  displacement rms:        5.1478E-03 .  (  1.2000E-03 )
  
  predicted energy change: -1.9676E-05
  step size:     0.07583
  trust radius:  0.30000
---------------- geometry iteration  16 complete ----------------
geopt (optimize geometry) done.
onee (1-electron integrals) done.
probe (project orbitals) done.
grid (grid generation) done.
rwr (Q operators) done.
  
       i  u  d  i  g
       t  p  i  c  r                                 RMS    maximum
       e  d  i  u  i                       energy  density   DIIS  
       r  t  s  t  d       total energy    change  change    error 
  
etot    1  N  N  2  U   -1393.52234341910           1.3E-04  6.4E-03
etot    2  Y  Y  6  M   -1393.52627821067  3.9E-03  1.3E-05  4.0E-04
etot    3  N  Y  2  U   -1393.52626928886 -8.9E-06  1.0E-05  2.8E-04
etot    4  N  Y  2  U   -1393.52628228502  1.3E-05  4.0E-06  1.5E-04
etot    5  N  N  2  U   -1393.52628754489  5.3E-06  0.0E+00  0.0E+00
scf (DFT) done.
der1a (1-e 1st deriv.) done.
rwr (1st deriv. Q) done.
der1b (2-e 1st deriv.) done.
  Geometry optimization step  17
  Total energy:     -1393.57740446986 hartrees
  energy change:           5.4725E-06 *  (  5.0000E-05 )
  gradient maximum:        1.1441E-03 .  (  4.5000E-04 )
  gradient rms:            2.0059E-04 *  (  3.0000E-04 )
  displacement maximum:    1.6606E-01 .  (  1.8000E-03 )
  displacement rms:        2.0365E-02 .  (  1.2000E-03 )
  
  predicted energy change: -8.8290E-05
  step size:     0.30000
  trust radius:  0.30000
---------------- geometry iteration  17 complete ----------------
geopt (optimize geometry) done.
onee (1-electron integrals) done.
probe (project orbitals) done.
grid (grid generation) done.
rwr (Q operators) done.
  
       i  u  d  i  g
       t  p  i  c  r                                 RMS    maximum
       e  d  i  u  i                       energy  density   DIIS  
       r  t  s  t  d       total energy    change  change    error 
  
etot    1  N  N  2  U   -1393.47214383377           4.9E-04  2.6E-02
etot    2  Y  Y  6  M   -1393.52607411962  5.4E-02  5.2E-05  1.7E-03
etot    3  N  Y  2  U   -1393.52590026350 -1.7E-04  3.9E-05  8.3E-04
etot    4  N  Y  2  U   -1393.52605885003  1.6E-04  1.5E-05  4.9E-04
etot    5  N  Y  2  U   -1393.52612550115  6.7E-05  3.6E-06  5.5E-05
etot    6  N  N  2  U   -1393.52612707064  1.6E-06  0.0E+00  0.0E+00
scf (DFT) done.
der1a (1-e 1st deriv.) done.
rwr (1st deriv. Q) done.
der1b (2-e 1st deriv.) done.
  Geometry optimization step  18
  Total energy:     -1393.57727082857 hartrees
  energy change:           1.3364E-04 .  (  5.0000E-05 )
  gradient maximum:        6.3667E-03 .  (  4.5000E-04 )
  gradient rms:            6.4581E-04 .  (  3.0000E-04 )
  displacement maximum:    9.9391E-02 .  (  1.8000E-03 )
  displacement rms:        1.3104E-02 .  (  1.2000E-03 )
  
  predicted energy change: -1.3116E-04
  step size:     0.19304
  trust radius:  0.30000
---------------- geometry iteration  18 complete ----------------
geopt (optimize geometry) done.
onee (1-electron integrals) done.
probe (project orbitals) done.
grid (grid generation) done.
rwr (Q operators) done.
  
       i  u  d  i  g
       t  p  i  c  r                                 RMS    maximum
       e  d  i  u  i                       energy  density   DIIS  
       r  t  s  t  d       total energy    change  change    error 
  
etot    1  N  N  2  U   -1393.50449422331           3.1E-04  1.5E-02
etot    2  Y  Y  6  M   -1393.52594450416  2.1E-02  2.9E-05  9.6E-04
etot    3  N  Y  2  U   -1393.52590505968 -3.9E-05  2.1E-05  4.8E-04
etot    4  N  Y  2  U   -1393.52595062890  4.6E-05  8.1E-06  3.0E-04
etot    5  N  Y  2  U   -1393.52596813225  1.8E-05  2.2E-06  6.1E-05
etot    6  N  N  2  U   -1393.52596899150  8.6E-07  0.0E+00  0.0E+00
scf (DFT) done.
der1a (1-e 1st deriv.) done.
rwr (1st deriv. Q) done.
der1b (2-e 1st deriv.) done.
  Geometry optimization step  19
  Total energy:     -1393.57713595402 hartrees
  ** restarting optimization from step   15 **
  energy change:           1.3487E-04 .  (  5.0000E-05 )
  gradient maximum:        1.1476E-03 .  (  4.5000E-04 )
  gradient rms:            1.5681E-04 *  (  3.0000E-04 )
  displacement maximum:    6.5593E-02 .  (  1.8000E-03 )
  displacement rms:        8.2185E-03 .  (  1.2000E-03 )
  
  predicted energy change: -3.5333E-05
  step size:     0.12107
  trust radius:  0.15000
---------------- geometry iteration  19 complete ----------------
geopt (optimize geometry) done.
onee (1-electron integrals) done.
probe (project orbitals) done.
grid (grid generation) done.
rwr (Q operators) done.
  
       i  u  d  i  g
       t  p  i  c  r                                 RMS    maximum
       e  d  i  u  i                       energy  density   DIIS  
       r  t  s  t  d       total energy    change  change    error 
  
etot    1  N  N  2  U   -1393.36869203906           8.3E-04  3.7E-02
etot    2  Y  Y  6  M   -1393.52620158232  1.6E-01  9.0E-05  2.1E-03
etot    3  N  Y  2  U   -1393.52559538454 -6.1E-04  6.5E-05  1.6E-03
etot    4  Y  Y  6  M   -1393.52610191113  5.1E-04  2.7E-05  9.5E-04
etot    5  N  Y  2  U   -1393.52631799088  2.2E-04  6.7E-06  1.8E-04
etot    6  N  Y  2  U   -1393.52632799940  1.0E-05  3.5E-06  4.1E-05
etot    7  N  N  2  U   -1393.52632840267  4.0E-07  0.0E+00  0.0E+00
scf (DFT) done.
der1a (1-e 1st deriv.) done.
rwr (1st deriv. Q) done.
der1b (2-e 1st deriv.) done.
  Geometry optimization step  20
  Total energy:     -1393.57742312079 hartrees
  energy change:           2.2187E-06 #  (  5.0000E-05 )
  gradient maximum:        1.6215E-03 .  (  4.5000E-04 )
  gradient rms:            2.3222E-04 *  (  3.0000E-04 )
  displacement maximum:    4.1843E-02 .  (  1.8000E-03 )
  displacement rms:        5.0997E-03 .  (  1.2000E-03 )
  
  predicted energy change: -5.9893E-05
  step size:     0.07512
  trust radius:  0.07500
---------------- geometry iteration  20 complete ----------------
geopt (optimize geometry) done.
onee (1-electron integrals) done.
probe (project orbitals) done.
grid (grid generation) done.
rwr (Q operators) done.
  
       i  u  d  i  g
       t  p  i  c  r                                 RMS    maximum
       e  d  i  u  i                       energy  density   DIIS  
       r  t  s  t  d       total energy    change  change    error 
  
etot    1  N  N  2  U   -1393.52209910132           1.4E-04  5.9E-03
etot    2  Y  Y  6  M   -1393.52631338019  4.2E-03  1.6E-05  3.3E-04
etot    3  N  Y  2  U   -1393.52630409255 -9.3E-06  1.2E-05  4.6E-04
etot    4  N  Y  2  U   -1393.52632389081  2.0E-05  4.3E-06  2.4E-04
etot    5  N  N  2  U   -1393.52632873557  4.8E-06  0.0E+00  0.0E+00
scf (DFT) done.
der1a (1-e 1st deriv.) done.
rwr (1st deriv. Q) done.
der1b (2-e 1st deriv.) done.
  Geometry optimization step  21
  Total energy:     -1393.57744570218 hartrees
  energy change:          -2.2581E-05 *  (  5.0000E-05 )
  gradient maximum:        8.1927E-04 .  (  4.5000E-04 )
  gradient rms:            1.2389E-04 *  (  3.0000E-04 )
  displacement maximum:    6.2193E-02 .  (  1.8000E-03 )
  displacement rms:        7.2009E-03 .  (  1.2000E-03 )
  
  predicted energy change: -6.2620E-05
  step size:     0.10608
  trust radius:  0.10607
---------------- geometry iteration  21 complete ----------------
geopt (optimize geometry) done.
onee (1-electron integrals) done.
probe (project orbitals) done.
grid (grid generation) done.
rwr (Q operators) done.
  
       i  u  d  i  g
       t  p  i  c  r                                 RMS    maximum
       e  d  i  u  i                       energy  density   DIIS  
       r  t  s  t  d       total energy    change  change    error 
  
etot    1  N  N  2  U   -1393.52112467560           1.5E-04  6.4E-03
etot    2  Y  Y  6  M   -1393.52634236561  5.2E-03  1.6E-05  4.0E-04
etot    3  N  Y  2  U   -1393.52633800143 -4.4E-06  1.2E-05  4.8E-04
etot    4  N  Y  2  U   -1393.52635538731  1.7E-05  4.4E-06  2.8E-04
etot    5  N  N  2  U   -1393.52636138491  6.0E-06  0.0E+00  0.0E+00
scf (DFT) done.
der1a (1-e 1st deriv.) done.
rwr (1st deriv. Q) done.
der1b (2-e 1st deriv.) done.
  Geometry optimization step  22
  Total energy:     -1393.57744873562 hartrees
  energy change:          -3.0334E-06 *  (  5.0000E-05 )
  gradient maximum:        1.6718E-03 .  (  4.5000E-04 )
  gradient rms:            2.2788E-04 *  (  3.0000E-04 )
  displacement maximum:    7.3862E-02 .  (  1.8000E-03 )
  displacement rms:        1.0185E-02 .  (  1.2000E-03 )
  
  predicted energy change: -9.8053E-03
  step size:     0.15003
  trust radius:  0.15000
---------------- geometry iteration  22 complete ----------------
geopt (optimize geometry) done.
onee (1-electron integrals) done.
probe (project orbitals) done.
grid (grid generation) done.
rwr (Q operators) done.
  
       i  u  d  i  g
       t  p  i  c  r                                 RMS    maximum
       e  d  i  u  i                       energy  density   DIIS  
       r  t  s  t  d       total energy    change  change    error 
  
etot    1  N  N  2  U   -1393.49344283962           3.7E-04  9.6E-03
etot    2  Y  Y  6  M   -1393.51844193756  2.5E-02  1.0E-04  9.4E-04
etot    3  N  Y  2  U   -1393.51766605179 -7.8E-04  7.3E-05  1.9E-03
etot    4  Y  Y  6  M   -1393.51866965659  1.0E-03  1.5E-05  4.7E-04
etot    5  N  Y  2  U   -1393.51870956266  4.0E-05  4.2E-06  1.0E-04
etot    6  N  N  2  U   -1393.51871276255  3.2E-06  0.0E+00  0.0E+00
scf (DFT) done.
der1a (1-e 1st deriv.) done.
rwr (1st deriv. Q) done.
der1b (2-e 1st deriv.) done.
  Geometry optimization step  23
  Total energy:     -1393.57082185973 hartrees
  ** restarting optimization from step   22 **
  energy change:           6.6269E-03 .  (  5.0000E-05 )
  gradient maximum:        1.6718E-03 .  (  4.5000E-04 )
  gradient rms:            2.2788E-04 *  (  3.0000E-04 )
  displacement maximum:    4.5812E-02 .  (  1.8000E-03 )
  displacement rms:        5.1120E-03 .  (  1.2000E-03 )
  
  predicted energy change: -9.3682E-05
  step size:     0.07530
  trust radius:  0.07500
---------------- geometry iteration  23 complete ----------------
geopt (optimize geometry) done.
onee (1-electron integrals) done.
probe (project orbitals) done.
grid (grid generation) done.
rwr (Q operators) done.
  
       i  u  d  i  g
       t  p  i  c  r                                 RMS    maximum
       e  d  i  u  i                       energy  density   DIIS  
       r  t  s  t  d       total energy    change  change    error 
  
etot    1  N  N  2  U   -1393.50877570168           3.2E-04  7.5E-03
etot    2  Y  Y  6  M   -1393.52605078847  1.7E-02  1.0E-04  8.4E-04
etot    3  N  Y  2  U   -1393.52532210896 -7.3E-04  7.2E-05  2.1E-03
etot    4  Y  Y  6  M   -1393.52624379226  9.2E-04  1.4E-05  3.7E-04
etot    5  N  Y  2  U   -1393.52629472220  5.1E-05  3.4E-06  8.9E-05
etot    6  N  N  2  U   -1393.52629702066  2.3E-06  0.0E+00  0.0E+00
scf (DFT) done.
der1a (1-e 1st deriv.) done.
rwr (1st deriv. Q) done.
der1b (2-e 1st deriv.) done.
  Geometry optimization step  24
  Total energy:     -1393.57744067216 hartrees
  energy change:           8.0635E-06 *  (  5.0000E-05 )
  gradient maximum:        1.9965E-03 .  (  4.5000E-04 )
  gradient rms:            2.6314E-04 *  (  3.0000E-04 )
  displacement maximum:    2.3423E-02 .  (  1.8000E-03 )
  displacement rms:        2.5625E-03 .  (  1.2000E-03 )
  
  predicted energy change: -6.4099E-05
  step size:     0.03775
  trust radius:  0.03750
---------------- geometry iteration  24 complete ----------------
geopt (optimize geometry) done.
onee (1-electron integrals) done.
probe (project orbitals) done.
grid (grid generation) done.
rwr (Q operators) done.
  
       i  u  d  i  g
       t  p  i  c  r                                 RMS    maximum
       e  d  i  u  i                       energy  density   DIIS  
       r  t  s  t  d       total energy    change  change    error 
  
etot    1  N  N  2  U   -1393.52570209395           5.4E-05  1.3E-03
etot    2  Y  Y  6  M   -1393.52631129392  6.1E-04  1.0E-05  1.1E-04
etot    3  N  Y  2  U   -1393.52630053999 -1.1E-05  7.7E-06  3.0E-04
etot    4  N  Y  2  U   -1393.52632046140  2.0E-05  1.5E-06  3.8E-05
etot    5  N  N  2  U   -1393.52632077377  3.1E-07  0.0E+00  0.0E+00
scf (DFT) done.
der1a (1-e 1st deriv.) done.
rwr (1st deriv. Q) done.
der1b (2-e 1st deriv.) done.
  Geometry optimization step  25
  Total energy:     -1393.57745727950 hartrees
  energy change:          -1.6607E-05 *  (  5.0000E-05 )
  gradient maximum:        1.1985E-03 .  (  4.5000E-04 )
  gradient rms:            1.8344E-04 *  (  3.0000E-04 )
  displacement maximum:    3.1669E-02 .  (  1.8000E-03 )
  displacement rms:        3.6030E-03 .  (  1.2000E-03 )
  
  predicted energy change: -9.5370E-05
  step size:     0.05308
  trust radius:  0.05303
---------------- geometry iteration  25 complete ----------------
geopt (optimize geometry) done.
onee (1-electron integrals) done.
probe (project orbitals) done.
grid (grid generation) done.
rwr (Q operators) done.
  
       i  u  d  i  g
       t  p  i  c  r                                 RMS    maximum
       e  d  i  u  i                       energy  density   DIIS  
       r  t  s  t  d       total energy    change  change    error 
  
etot    1  N  N  2  U   -1393.52494965042           8.0E-05  2.2E-03
etot    2  Y  Y  6  M   -1393.52629596178  1.3E-03  9.3E-06  1.0E-04
etot    3  N  Y  2  U   -1393.52628777492 -8.2E-06  6.6E-06  1.3E-04
etot    4  N  Y  2  U   -1393.52629414392  6.4E-06  2.3E-06  6.9E-05
etot    5  N  N  2  U   -1393.52629518702  1.0E-06  0.0E+00  0.0E+00
scf (DFT) done.
der1a (1-e 1st deriv.) done.
rwr (1st deriv. Q) done.
der1b (2-e 1st deriv.) done.
  Geometry optimization step  26
  Total energy:     -1393.57746479110 hartrees
  energy change:          -7.5116E-06 *  (  5.0000E-05 )
  gradient maximum:        1.9709E-03 .  (  4.5000E-04 )
  gradient rms:            3.3402E-04 .  (  3.0000E-04 )
  displacement maximum:    3.2791E-02 .  (  1.8000E-03 )
  displacement rms:        3.6031E-03 .  (  1.2000E-03 )
  
  predicted energy change: -1.1840E-04
  step size:     0.05308
  trust radius:  0.05303
---------------- geometry iteration  26 complete ----------------
geopt (optimize geometry) done.
onee (1-electron integrals) done.
probe (project orbitals) done.
grid (grid generation) done.
rwr (Q operators) done.
  
       i  u  d  i  g
       t  p  i  c  r                                 RMS    maximum
       e  d  i  u  i                       energy  density   DIIS  
       r  t  s  t  d       total energy    change  change    error 
  
etot    1  N  N  2  U   -1393.52527662111           7.3E-05  1.7E-03
etot    2  Y  Y  6  M   -1393.52635834055  1.1E-03  1.0E-05  1.1E-04
etot    3  N  Y  2  U   -1393.52635376081 -4.6E-06  7.5E-06  2.2E-04
etot    4  N  Y  2  U   -1393.52636950251  1.6E-05  2.3E-06  8.3E-05
etot    5  N  N  2  U   -1393.52637064903  1.1E-06  0.0E+00  0.0E+00
scf (DFT) done.
der1a (1-e 1st deriv.) done.
rwr (1st deriv. Q) done.
der1b (2-e 1st deriv.) done.
  Geometry optimization step  27
  Total energy:     -1393.57754590865 hartrees
  energy change:          -8.1118E-05 .  (  5.0000E-05 )
  gradient maximum:        1.3787E-03 .  (  4.5000E-04 )
  gradient rms:            2.2233E-04 *  (  3.0000E-04 )
  displacement maximum:    4.3086E-02 .  (  1.8000E-03 )
  displacement rms:        5.1230E-03 .  (  1.2000E-03 )
  
  predicted energy change: -1.8502E-04
  step size:     0.07547
  trust radius:  0.07500
---------------- geometry iteration  27 complete ----------------
geopt (optimize geometry) done.
onee (1-electron integrals) done.
probe (project orbitals) done.
grid (grid generation) done.
rwr (Q operators) done.
  
       i  u  d  i  g
       t  p  i  c  r                                 RMS    maximum
       e  d  i  u  i                       energy  density   DIIS  
       r  t  s  t  d       total energy    change  change    error 
  
etot    1  N  N  2  U   -1393.52311540823           1.2E-04  4.1E-03
etot    2  Y  Y  6  M   -1393.52643908593  3.3E-03  1.4E-05  2.3E-04
etot    3  N  Y  2  U   -1393.52643351111 -5.6E-06  1.0E-05  2.5E-04
etot    4  N  Y  2  U   -1393.52644983039  1.6E-05  3.7E-06  1.4E-04
etot    5  N  N  2  U   -1393.52645389625  4.1E-06  0.0E+00  0.0E+00
scf (DFT) done.
der1a (1-e 1st deriv.) done.
rwr (1st deriv. Q) done.
der1b (2-e 1st deriv.) done.
  Geometry optimization step  28
  Total energy:     -1393.57768999206 hartrees
  energy change:          -1.4408E-04 .  (  5.0000E-05 )
  gradient maximum:        1.5997E-03 .  (  4.5000E-04 )
  gradient rms:            3.0558E-04 .  (  3.0000E-04 )
  displacement maximum:    5.8329E-02 .  (  1.8000E-03 )
  displacement rms:        7.2044E-03 .  (  1.2000E-03 )
  
  predicted energy change: -2.4679E-04
  step size:     0.10613
  trust radius:  0.10607
---------------- geometry iteration  28 complete ----------------
geopt (optimize geometry) done.
onee (1-electron integrals) done.
probe (project orbitals) done.
grid (grid generation) done.
rwr (Q operators) done.
  
       i  u  d  i  g
       t  p  i  c  r                                 RMS    maximum
       e  d  i  u  i                       energy  density   DIIS  
       r  t  s  t  d       total energy    change  change    error 
  
etot    1  N  N  2  U   -1393.52009780293           1.7E-04  6.0E-03
etot    2  Y  Y  6  M   -1393.52662642230  6.5E-03  1.8E-05  3.4E-04
etot    3  N  Y  2  U   -1393.52661553759 -1.1E-05  1.4E-05  2.8E-04
etot    4  N  Y  2  U   -1393.52663337128  1.8E-05  5.4E-06  1.6E-04
etot    5  N  Y  2  U   -1393.52664074357  7.4E-06  1.3E-06  2.1E-05
etot    6  N  N  2  U   -1393.52664092719  1.8E-07  0.0E+00  0.0E+00
scf (DFT) done.
der1a (1-e 1st deriv.) done.
rwr (1st deriv. Q) done.
der1b (2-e 1st deriv.) done.
  Geometry optimization step  29
  Total energy:     -1393.57797162384 hartrees
  energy change:          -2.8163E-04 .  (  5.0000E-05 )
  gradient maximum:        2.1495E-03 .  (  4.5000E-04 )
  gradient rms:            3.7218E-04 .  (  3.0000E-04 )
  displacement maximum:    2.1087E-02 .  (  1.8000E-03 )
  displacement rms:        3.6154E-03 .  (  1.2000E-03 )
  
  predicted energy change: -1.1889E-04
  step size:     0.05326
  trust radius:  0.05303
---------------- geometry iteration  29 complete ----------------
geopt (optimize geometry) done.
onee (1-electron integrals) done.
probe (project orbitals) done.
grid (grid generation) done.
rwr (Q operators) done.
  
       i  u  d  i  g
       t  p  i  c  r                                 RMS    maximum
       e  d  i  u  i                       energy  density   DIIS  
       r  t  s  t  d       total energy    change  change    error 
  
etot    1  N  N  2  U   -1393.52350669802           1.1E-04  5.4E-03
etot    2  Y  Y  6  M   -1393.52650667597  3.0E-03  1.2E-05  3.4E-04
etot    3  N  Y  2  U   -1393.52649076433 -1.6E-05  8.9E-06  1.7E-04
etot    4  N  Y  2  U   -1393.52649999113  9.2E-06  3.3E-06  1.0E-04
etot    5  N  N  2  U   -1393.52650239684  2.4E-06  0.0E+00  0.0E+00
scf (DFT) done.
der1a (1-e 1st deriv.) done.
rwr (1st deriv. Q) done.
der1b (2-e 1st deriv.) done.
  Geometry optimization step  30
  Total energy:     -1393.57793548191 hartrees
  energy change:           3.6142E-05 *  (  5.0000E-05 )
  gradient maximum:        2.0548E-03 .  (  4.5000E-04 )
  gradient rms:            3.1277E-04 .  (  3.0000E-04 )
  displacement maximum:    2.6691E-02 .  (  1.8000E-03 )
  displacement rms:        5.1241E-03 .  (  1.2000E-03 )
  
  predicted energy change: -1.1439E-04
  step size:     0.07548
  trust radius:  0.07500
---------------- geometry iteration  30 complete ----------------
geopt (optimize geometry) done.
onee (1-electron integrals) done.
probe (project orbitals) done.
grid (grid generation) done.
rwr (Q operators) done.
  
       i  u  d  i  g
       t  p  i  c  r                                 RMS    maximum
       e  d  i  u  i                       energy  density   DIIS  
       r  t  s  t  d       total energy    change  change    error 
  
etot    1  N  N  2  U   -1393.52340815588           1.1E-04  3.9E-03
etot    2  Y  Y  6  M   -1393.52638636450  3.0E-03  1.6E-05  2.1E-04
etot    3  N  Y  2  U   -1393.52634723153 -3.9E-05  1.2E-05  5.1E-04
etot    4  N  Y  2  U   -1393.52637183503  2.5E-05  3.1E-06  1.1E-04
etot    5  N  N  2  U   -1393.52637341026  1.6E-06  0.0E+00  0.0E+00
scf (DFT) done.
der1a (1-e 1st deriv.) done.
rwr (1st deriv. Q) done.
der1b (2-e 1st deriv.) done.
  Geometry optimization step  31
  Total energy:     -1393.57795002565 hartrees
  energy change:          -1.4544E-05 *  (  5.0000E-05 )
  gradient maximum:        1.3446E-03 .  (  4.5000E-04 )
  gradient rms:            2.2808E-04 *  (  3.0000E-04 )
  displacement maximum:    2.5286E-02 .  (  1.8000E-03 )
  displacement rms:        5.0928E-03 .  (  1.2000E-03 )
  
  predicted energy change: -7.2867E-05
  step size:     0.07502
  trust radius:  0.07500
---------------- geometry iteration  31 complete ----------------
geopt (optimize geometry) done.
onee (1-electron integrals) done.
probe (project orbitals) done.
grid (grid generation) done.
rwr (Q operators) done.
  
       i  u  d  i  g
       t  p  i  c  r                                 RMS    maximum
       e  d  i  u  i                       energy  density   DIIS  
       r  t  s  t  d       total energy    change  change    error 
  
etot    1  N  N  2  U   -1393.52055946341           1.5E-04  8.1E-03
etot    2  Y  Y  6  M   -1393.52638514470  5.8E-03  1.3E-05  5.7E-04
etot    3  N  Y  2  U   -1393.52637878089 -6.4E-06  9.7E-06  2.8E-04
etot    4  N  Y  2  U   -1393.52638502133  6.2E-06  4.6E-06  1.8E-04
etot    5  N  N  2  U   -1393.52638898962  4.0E-06  0.0E+00  0.0E+00
scf (DFT) done.
der1a (1-e 1st deriv.) done.
rwr (1st deriv. Q) done.
der1b (2-e 1st deriv.) done.
  Geometry optimization step  32
  Total energy:     -1393.57795525253 hartrees
  energy change:          -5.2269E-06 *  (  5.0000E-05 )
  gradient maximum:        1.0839E-03 .  (  4.5000E-04 )
  gradient rms:            2.0433E-04 *  (  3.0000E-04 )
  displacement maximum:    1.5811E-02 .  (  1.8000E-03 )
  displacement rms:        2.5670E-03 .  (  1.2000E-03 )
  
  predicted energy change: -3.2471E-05
  step size:     0.03781
  trust radius:  0.03750
---------------- geometry iteration  32 complete ----------------
geopt (optimize geometry) done.
onee (1-electron integrals) done.
probe (project orbitals) done.
grid (grid generation) done.
rwr (Q operators) done.
  
       i  u  d  i  g
       t  p  i  c  r                                 RMS    maximum
       e  d  i  u  i                       energy  density   DIIS  
       r  t  s  t  d       total energy    change  change    error 
  
etot    1  N  N  2  U   -1393.52521973401           6.8E-05  3.3E-03
etot    2  Y  Y  6  M   -1393.52634264801  1.1E-03  1.1E-05  2.6E-04
etot    3  N  Y  2  U   -1393.52633435062 -8.3E-06  8.8E-06  3.3E-04
etot    4  N  Y  2  U   -1393.52634416085  9.8E-06  2.4E-06  1.0E-04
etot    5  N  N  2  U   -1393.52634534953  1.2E-06  0.0E+00  0.0E+00
scf (DFT) done.
der1a (1-e 1st deriv.) done.
rwr (1st deriv. Q) done.
der1b (2-e 1st deriv.) done.
  Geometry optimization step  33
  Total energy:     -1393.57795450659 hartrees
  energy change:           7.4594E-07 #  (  5.0000E-05 )
  gradient maximum:        6.7556E-04 .  (  4.5000E-04 )
  gradient rms:            1.4608E-04 *  (  3.0000E-04 )
  displacement maximum:    1.7544E-02 .  (  1.8000E-03 )
  displacement rms:        3.6399E-03 .  (  1.2000E-03 )
  
  predicted energy change: -3.1379E-05
  step size:     0.05362
  trust radius:  0.05303
---------------- geometry iteration  33 complete ----------------
geopt (optimize geometry) done.
onee (1-electron integrals) done.
probe (project orbitals) done.
grid (grid generation) done.
rwr (Q operators) done.
  
       i  u  d  i  g
       t  p  i  c  r                                 RMS    maximum
       e  d  i  u  i                       energy  density   DIIS  
       r  t  s  t  d       total energy    change  change    error 
  
etot    1  N  N  2  U   -1393.52512149845           6.9E-05  2.3E-03
etot    2  Y  Y  6  M   -1393.52628079505  1.2E-03  9.0E-06  1.5E-04
etot    3  N  Y  2  U   -1393.52627624199 -4.6E-06  7.0E-06  1.8E-04
etot    4  N  Y  2  U   -1393.52628293570  6.7E-06  2.4E-06  8.6E-05
etot    5  N  N  2  U   -1393.52628374513  8.1E-07  0.0E+00  0.0E+00
scf (DFT) done.
der1a (1-e 1st deriv.) done.
rwr (1st deriv. Q) done.
der1b (2-e 1st deriv.) done.
  Geometry optimization step  34
  Total energy:     -1393.57802101933 hartrees
  energy change:          -6.6513E-05 .  (  5.0000E-05 )
  gradient maximum:        1.1875E-03 .  (  4.5000E-04 )
  gradient rms:            2.6327E-04 *  (  3.0000E-04 )
  displacement maximum:    1.1211E-02 .  (  1.8000E-03 )
  displacement rms:        1.8627E-03 .  (  1.2000E-03 )
  
  predicted energy change: -2.9198E-05
  step size:     0.02744
  trust radius:  0.02652
---------------- geometry iteration  34 complete ----------------
geopt (optimize geometry) done.
onee (1-electron integrals) done.
probe (project orbitals) done.
grid (grid generation) done.
rwr (Q operators) done.
  
       i  u  d  i  g
       t  p  i  c  r                                 RMS    maximum
       e  d  i  u  i                       energy  density   DIIS  
       r  t  s  t  d       total energy    change  change    error 
  
etot    1  N  N  2  U   -1393.52597139990           4.4E-05  1.7E-03
etot    2  N  Y  2  U   -1393.52641406946  4.4E-04  8.5E-06  1.1E-04
etot    3  N  Y  2  U   -1393.52640802516 -6.0E-06  6.5E-06  2.7E-04
etot    4  N  Y  2  U   -1393.52641614205  8.1E-06  1.6E-06  5.7E-05
etot    5  N  N  2  U   -1393.52641648497  3.4E-07  0.0E+00  0.0E+00
scf (DFT) done.
der1a (1-e 1st deriv.) done.
rwr (1st deriv. Q) done.
der1b (2-e 1st deriv.) done.
  Geometry optimization step  35
  Total energy:     -1393.57810722832 hartrees
  energy change:          -8.6209E-05 .  (  5.0000E-05 )
  gradient maximum:        5.1489E-04 .  (  4.5000E-04 )
  gradient rms:            7.6176E-05 *  (  3.0000E-04 )
  displacement maximum:    1.8486E-02 .  (  1.8000E-03 )
  displacement rms:        3.6213E-03 .  (  1.2000E-03 )
  
  predicted energy change: -1.3076E-05
  step size:     0.05334
  trust radius:  0.05303
---------------- geometry iteration  35 complete ----------------
geopt (optimize geometry) done.
onee (1-electron integrals) done.
probe (project orbitals) done.
grid (grid generation) done.
rwr (Q operators) done.
  
       i  u  d  i  g
       t  p  i  c  r                                 RMS    maximum
       e  d  i  u  i                       energy  density   DIIS  
       r  t  s  t  d       total energy    change  change    error 
  
etot    1  N  N  2  U   -1393.52535928555           6.4E-05  1.9E-03
etot    2  Y  Y  6  M   -1393.52643803200  1.1E-03  9.5E-06  1.2E-04
etot    3  N  Y  2  U   -1393.52644001844  2.0E-06  7.7E-06  2.9E-04
etot    4  N  Y  2  U   -1393.52644779499  7.8E-06  2.0E-06  8.5E-05
etot    5  N  N  2  U   -1393.52644848984  6.9E-07  0.0E+00  0.0E+00
scf (DFT) done.
der1a (1-e 1st deriv.) done.
rwr (1st deriv. Q) done.
der1b (2-e 1st deriv.) done.
  Geometry optimization step  36
  Total energy:     -1393.57813704150 hartrees
  energy change:          -2.9813E-05 *  (  5.0000E-05 )
  gradient maximum:        5.2013E-04 .  (  4.5000E-04 )
  gradient rms:            9.2758E-05 *  (  3.0000E-04 )
  displacement maximum:    1.5045E-02 .  (  1.8000E-03 )
  displacement rms:        2.7583E-03 .  (  1.2000E-03 )
  
  predicted energy change: -5.7579E-06
  step size:     0.04063
  trust radius:  0.07500
---------------- geometry iteration  36 complete ----------------
geopt (optimize geometry) done.
onee (1-electron integrals) done.
probe (project orbitals) done.
grid (grid generation) done.
rwr (Q operators) done.
  
       i  u  d  i  g
       t  p  i  c  r                                 RMS    maximum
       e  d  i  u  i                       energy  density   DIIS  
       r  t  s  t  d       total energy    change  change    error 
  
etot    1  N  N  2  U   -1393.52581671099           4.9E-05  1.4E-03
etot    2  N  Y  2  U   -1393.52638285751  5.7E-04  7.8E-06  7.5E-05
etot    3  N  Y  2  U   -1393.52637918667 -3.7E-06  5.9E-06  2.2E-04
etot    4  N  Y  2  U   -1393.52638441827  5.2E-06  1.6E-06  6.1E-05
etot    5  N  N  2  U   -1393.52638478191  3.6E-07  0.0E+00  0.0E+00
scf (DFT) done.
der1a (1-e 1st deriv.) done.
rwr (1st deriv. Q) done.
der1b (2-e 1st deriv.) done.
  Geometry optimization step  37
  Total energy:     -1393.57811683920 hartrees
  energy change:           2.0202E-05 *  (  5.0000E-05 )
  gradient maximum:        5.3958E-04 .  (  4.5000E-04 )
  gradient rms:            1.0205E-04 *  (  3.0000E-04 )
  displacement maximum:    1.1964E-02 .  (  1.8000E-03 )
  displacement rms:        1.4953E-03 .  (  1.2000E-03 )
  
  predicted energy change: -5.0614E-06
  step size:     0.02203
  trust radius:  0.07500
---------------- geometry iteration  37 complete ----------------
geopt (optimize geometry) done.
onee (1-electron integrals) done.
probe (project orbitals) done.
grid (grid generation) done.
rwr (Q operators) done.
  
       i  u  d  i  g
       t  p  i  c  r                                 RMS    maximum
       e  d  i  u  i                       energy  density   DIIS  
       r  t  s  t  d       total energy    change  change    error 
  
etot    1  N  N  2  U   -1393.52607698368           3.6E-05  1.5E-03
etot    2  N  Y  2  U   -1393.52637975792  3.0E-04  4.4E-06  1.1E-04
etot    3  N  N  2  U   -1393.52637935679 -4.0E-07  0.0E+00  0.0E+00
scf (DFT) done.
der1a (1-e 1st deriv.) done.
rwr (1st deriv. Q) done.
der1b (2-e 1st deriv.) done.
  Geometry optimization step  38
  Total energy:     -1393.57810728647 hartrees
  energy change:           9.5527E-06 *  (  5.0000E-05 )
  gradient maximum:        3.7231E-04 *  (  4.5000E-04 )
  gradient rms:            6.8687E-05 *  (  3.0000E-04 )
  displacement maximum:    1.2247E-02 .  (  1.8000E-03 )
  displacement rms:        1.5809E-03 .  (  1.2000E-03 )
  
  predicted energy change: -2.9881E-06
  step size:     0.02329
  trust radius:  0.07500
---------------- geometry iteration  38 complete ----------------
geopt (optimize geometry) done.
onee (1-electron integrals) done.
probe (project orbitals) done.
grid (grid generation) done.
rwr (Q operators) done.
  
       i  u  d  i  g
       t  p  i  c  r                                 RMS    maximum
       e  d  i  u  i                       energy  density   DIIS  
       r  t  s  t  d       total energy    change  change    error 
  
etot    1  N  N  2  U   -1393.52601461268           4.1E-05  1.8E-03
etot    2  N  Y  2  U   -1393.52641344896  4.0E-04  1.3E-05  1.9E-04
etot    3  N  Y  2  U   -1393.52639035729 -2.3E-05  9.3E-06  4.9E-04
etot    4  N  Y  2  U   -1393.52641886635  2.9E-05  1.7E-06  7.1E-05
etot    5  N  N  2  U   -1393.52641949541  6.3E-07  0.0E+00  0.0E+00
scf (DFT) done.
der1a (1-e 1st deriv.) done.
rwr (1st deriv. Q) done.
der1b (2-e 1st deriv.) done.
  Geometry optimization step  39
  Total energy:     -1393.57815403607 hartrees
  energy change:          -4.6750E-05 *  (  5.0000E-05 )
  gradient maximum:        5.1074E-04 .  (  4.5000E-04 )
  gradient rms:            9.0414E-05 *  (  3.0000E-04 )
  displacement maximum:    5.8254E-03 .  (  1.8000E-03 )
  displacement rms:        1.0271E-03 *  (  1.2000E-03 )
  
  predicted energy change: -2.7263E-06
  step size:     0.01513
  trust radius:  0.03750
---------------- geometry iteration  39 complete ----------------
geopt (optimize geometry) done.
onee (1-electron integrals) done.
probe (project orbitals) done.
grid (grid generation) done.
rwr (Q operators) done.
  
       i  u  d  i  g
       t  p  i  c  r                                 RMS    maximum
       e  d  i  u  i                       energy  density   DIIS  
       r  t  s  t  d       total energy    change  change    error 
  
etot    1  N  N  2  U   -1393.52630249709           2.3E-05  1.2E-03
etot    2  N  Y  2  U   -1393.52642375746  1.2E-04  3.9E-06  7.8E-05
etot    3  N  Y  2  U   -1393.52642262899 -1.1E-06  3.0E-06  8.1E-05
etot    4  N  N  2  U   -1393.52642426130  1.6E-06  0.0E+00  0.0E+00
scf (DFT) done.
der1a (1-e 1st deriv.) done.
rwr (1st deriv. Q) done.
der1b (2-e 1st deriv.) done.
  Geometry optimization step  40
  Total energy:     -1393.57815242316 hartrees
  energy change:           1.6129E-06 #  (  5.0000E-05 )
  gradient maximum:        1.9820E-04 *  (  4.5000E-04 )
  gradient rms:            4.5161E-05 #  (  3.0000E-04 )
  displacement maximum:    9.1662E-03 .  (  1.8000E-03 )
  displacement rms:        1.1137E-03 *  (  1.2000E-03 )
  
  predicted energy change: -1.6596E-06
  step size:     0.01641
  trust radius:  0.03750
------------- final geometry iteration  40 complete -------------
geopt (optimize geometry) done.
cutabab2 (abab integrals) done.
der2a (1-e JK-1st deriv.) done.
der2b (2-e JK-1st deriv.) done.
der2nda (1-e 2nd deriv.) done.
der2ndb (2-e 2nd deriv.) done.
rwr (Q operators) done.
cphfa (gradient of wave function) done.
freq (vib. frequencies) done.
Job J1_9820_2111 completed on hpc-92-05.cm.cluster at Wed May 29 05:12:13 2024
Timer (jaguar_backend.py) : 7992.46 secs (2 hrs, 13 mins, 12 secs)
Finished:   Wed May 29 05:12:13 2024
