Command:  /groups/wag/programs/Schrodinger_2020_3/jaguar run -WAIT -PARALLEL 8 /central/home/labounad/wittig-ch121/out/J1_9828_2111/J1_9828_2111.in
Release:  2020-3
Exec:     /groups/wag/programs/Schrodinger_2020_3/jaguar-v10.9/bin/Linux-x86_64
Host:     hpc-92-05.cm.cluster
JobId:    hpc-92-05-0-6657b310
JobDir:   /central/scratch/labounad/J1_9828_2111#hpc-92-05-0-6657b310
Date:     Wed May 29 15:58:26 2024

Contents of /central/scratch/labounad/J1_9828_2111#hpc-92-05-0-6657b310:
/central/scratch/labounad/J1_9828_2111#hpc-92-05-0-6657b310/J1_9828_2111.recover
/central/scratch/labounad/J1_9828_2111#hpc-92-05-0-6657b310/.write_dir.json
/central/scratch/labounad/J1_9828_2111#hpc-92-05-0-6657b310/J1_9828_2111.log
/central/scratch/labounad/J1_9828_2111#hpc-92-05-0-6657b310/hpc-92-05-0-6657b310.recover
/central/scratch/labounad/J1_9828_2111#hpc-92-05-0-6657b310/hpc-92-05-0-6657b310.mpinodes
/central/scratch/labounad/J1_9828_2111#hpc-92-05-0-6657b310/hpc-92-05-0-6657b310.nodes
/central/scratch/labounad/J1_9828_2111#hpc-92-05-0-6657b310/J1_9828_2111.in
/central/scratch/labounad/J1_9828_2111#hpc-92-05-0-6657b310/hpc-92-05-0-6657b310

Executing subprocess:
/groups/wag/programs/Schrodinger_2020_3/jaguar-v10.9/bin/Linux-x86_64/jexec J1_9828_2111.in -T 8 -out /central/scratch/labounad/J1_9828_2111#hpc-92-05-0-6657b310 -cwd

Job J1_9828_2111 started on hpc-92-05.cm.cluster at Wed May 29 15:58:26 2024
jobid: hpc-92-05-0-6657b310 
Jaguar version 10.9, release 139
 Using up to   8 threads per process
Molecular Point Group: C1      
Point Group used: C1
pre (input checking) done.
onee (1-electron integrals) done.
hfig (HF initial guess) done.
probe (project orbitals) done.
grid (grid generation) done.
rwr (Q operators) done.
scf type: DFT=PBE(X+LC)+PW91 (PBE-D3)
  
       i  u  d  i  g
       t  p  i  c  r                                 RMS    maximum
       e  d  i  u  i                       energy  density   DIIS  
       r  t  s  t  d       total energy    change  change    error 
  
etot    1  N  N  5  M   -1763.87693841730           4.8E-03  1.6E-01
etot    2  Y  Y  6  M   -1763.25357838456 -6.2E-01  6.5E-03  1.1E-01
etot    3  Y  Y  6  M   -1762.07285828901 -1.2E+00  5.3E-03  1.7E-01
etot    4  N  Y  2  U   -1767.59239069714  5.5E+00  2.3E-03  4.0E-02
etot    5  Y  Y  6  M   -1767.62341447051  3.1E-02  1.5E-03  5.0E-02
etot    6  N  Y  2  U   -1768.06183039576  4.4E-01  5.8E-04  2.4E-02
etot    7  Y  Y  6  M   -1768.12501088617  6.3E-02  2.8E-04  1.1E-02
etot    8  N  Y  2  U   -1768.14482108087  2.0E-02  1.3E-04  5.7E-03
etot    9  Y  Y  6  M   -1768.14886942339  4.0E-03  4.4E-05  2.2E-03
etot   10  N  Y  2  U   -1768.14936457997  5.0E-04  1.4E-05  4.8E-04
etot   11  N  Y  2  U   -1768.14940477075  4.0E-05  9.9E-06  3.0E-04
etot   12  N  Y  2  U   -1768.14942216445  1.7E-05  5.0E-06  1.4E-04
etot   13  N  Y  2  U   -1768.14942488594  2.7E-06  2.4E-06  7.2E-05
etot   14  N  N  2  U   -1768.14942675346  1.9E-06  0.0E+00  0.0E+00
scf (DFT) done.
der1a (1-e 1st deriv.) done.
rwr (1st deriv. Q) done.
der1b (2-e 1st deriv.) done.
  Geometry optimization step   1
  Total energy:     -1768.21011995931 hartrees
  gradient maximum:        3.9193E-02 .  (  4.5000E-04 )
  gradient rms:            6.5547E-03 .  (  3.0000E-04 )
  displacement maximum:    1.2149E-01 .  (  1.8000E-03 )
  displacement rms:        1.8788E-02 .  (  1.2000E-03 )
  
  predicted energy change: -1.9229E-02
  step size:     0.30001
  trust radius:  0.30000
---------------- geometry iteration   1 complete ----------------
geopt (optimize geometry) done.
onee (1-electron integrals) done.
probe (project orbitals) done.
grid (grid generation) done.
rwr (Q operators) done.
  
       i  u  d  i  g
       t  p  i  c  r                                 RMS    maximum
       e  d  i  u  i                       energy  density   DIIS  
       r  t  s  t  d       total energy    change  change    error 
  
etot    1  N  N  2  U   -1768.15453844601           2.7E-04  4.6E-03
etot    2  Y  Y  6  M   -1768.16867384629  1.4E-02  1.0E-04  1.4E-03
etot    3  N  Y  2  U   -1768.16711767836 -1.6E-03  7.8E-05  3.4E-03
etot    4  Y  Y  6  M   -1768.16916888721  2.1E-03  2.3E-05  9.9E-04
etot    5  N  Y  2  U   -1768.16938531693  2.2E-04  6.6E-06  2.0E-04
etot    6  N  Y  2  U   -1768.16939570558  1.0E-05  2.0E-06  7.9E-05
etot    7  N  N  2  U   -1768.16939687574  1.2E-06  0.0E+00  0.0E+00
scf (DFT) done.
der1a (1-e 1st deriv.) done.
rwr (1st deriv. Q) done.
der1b (2-e 1st deriv.) done.
  Geometry optimization step   2
  Total energy:     -1768.22869877149 hartrees
  energy change:          -1.8579E-02 .  (  5.0000E-05 )
  gradient maximum:        1.3329E-02 .  (  4.5000E-04 )
  gradient rms:            2.3702E-03 .  (  3.0000E-04 )
  displacement maximum:    1.2784E-01 .  (  1.8000E-03 )
  displacement rms:        1.8797E-02 .  (  1.2000E-03 )
  
  predicted energy change: -4.3652E-03
  step size:     0.30016
  trust radius:  0.30000
---------------- geometry iteration   2 complete ----------------
geopt (optimize geometry) done.
onee (1-electron integrals) done.
probe (project orbitals) done.
grid (grid generation) done.
rwr (Q operators) done.
  
       i  u  d  i  g
       t  p  i  c  r                                 RMS    maximum
       e  d  i  u  i                       energy  density   DIIS  
       r  t  s  t  d       total energy    change  change    error 
  
etot    1  N  N  2  U   -1768.11584777124           4.4E-04  1.3E-02
etot    2  Y  Y  6  M   -1768.17217326228  5.6E-02  8.7E-05  6.9E-04
etot    3  N  Y  2  U   -1768.17098637849 -1.2E-03  6.5E-05  1.5E-03
etot    4  Y  Y  6  M   -1768.17226426397  1.3E-03  1.9E-05  5.3E-04
etot    5  N  Y  2  U   -1768.17227357767  9.3E-06  6.0E-06  2.4E-04
etot    6  N  Y  2  U   -1768.17228511849  1.2E-05  2.3E-06  6.2E-05
etot    7  N  N  2  U   -1768.17228584410  7.3E-07  0.0E+00  0.0E+00
scf (DFT) done.
der1a (1-e 1st deriv.) done.
rwr (1st deriv. Q) done.
der1b (2-e 1st deriv.) done.
  Geometry optimization step   3
  Total energy:     -1768.23251059330 hartrees
  energy change:          -3.8118E-03 .  (  5.0000E-05 )
  gradient maximum:        3.6220E-02 .  (  4.5000E-04 )
  gradient rms:            3.1631E-03 .  (  3.0000E-04 )
  displacement maximum:    1.2699E-01 .  (  1.8000E-03 )
  displacement rms:        1.2975E-02 .  (  1.2000E-03 )
  
  predicted energy change: -3.7343E-03
  step size:     0.20719
  trust radius:  0.30000
---------------- geometry iteration   3 complete ----------------
geopt (optimize geometry) done.
onee (1-electron integrals) done.
probe (project orbitals) done.
grid (grid generation) done.
rwr (Q operators) done.
  
       i  u  d  i  g
       t  p  i  c  r                                 RMS    maximum
       e  d  i  u  i                       energy  density   DIIS  
       r  t  s  t  d       total energy    change  change    error 
  
etot    1  N  N  2  U   -1768.12767404469           3.8E-04  1.3E-02
etot    2  Y  Y  6  M   -1768.17222850132  4.5E-02  7.1E-05  8.8E-04
etot    3  N  Y  2  U   -1768.17128110379 -9.5E-04  5.6E-05  2.5E-03
etot    4  Y  Y  6  M   -1768.17222832453  9.5E-04  1.4E-05  7.3E-04
etot    5  N  Y  2  U   -1768.17227637641  4.8E-05  4.2E-06  1.2E-04
etot    6  N  N  2  U   -1768.17228135571  5.0E-06  0.0E+00  0.0E+00
scf (DFT) done.
der1a (1-e 1st deriv.) done.
rwr (1st deriv. Q) done.
der1b (2-e 1st deriv.) done.
  Geometry optimization step   4
  Total energy:     -1768.23249018080 hartrees
  energy change:           2.0412E-05 *  (  5.0000E-05 )
  gradient maximum:        7.2152E-03 .  (  4.5000E-04 )
  gradient rms:            1.4264E-03 .  (  3.0000E-04 )
  displacement maximum:    5.7667E-02 .  (  1.8000E-03 )
  displacement rms:        1.1768E-02 .  (  1.2000E-03 )
  
  predicted energy change: -9.6756E-04
  step size:     0.18791
  trust radius:  0.30000
---------------- geometry iteration   4 complete ----------------
geopt (optimize geometry) done.
onee (1-electron integrals) done.
probe (project orbitals) done.
grid (grid generation) done.
rwr (Q operators) done.
  
       i  u  d  i  g
       t  p  i  c  r                                 RMS    maximum
       e  d  i  u  i                       energy  density   DIIS  
       r  t  s  t  d       total energy    change  change    error 
  
etot    1  N  N  2  U   -1768.15795265341           2.3E-04  6.8E-03
etot    2  Y  Y  6  M   -1768.17378572113  1.6E-02  5.0E-05  5.3E-04
etot    3  N  Y  2  U   -1768.17329581560 -4.9E-04  4.0E-05  1.5E-03
etot    4  N  Y  2  U   -1768.17379629309  5.0E-04  9.1E-06  3.7E-04
etot    5  N  Y  2  U   -1768.17381804403  2.2E-05  3.0E-06  1.1E-04
etot    6  N  N  2  U   -1768.17382153035  3.5E-06  0.0E+00  0.0E+00
scf (DFT) done.
der1a (1-e 1st deriv.) done.
rwr (1st deriv. Q) done.
der1b (2-e 1st deriv.) done.
  Geometry optimization step   5
  Total energy:     -1768.23352868294 hartrees
  energy change:          -1.0385E-03 .  (  5.0000E-05 )
  gradient maximum:        4.7208E-03 .  (  4.5000E-04 )
  gradient rms:            9.3074E-04 .  (  3.0000E-04 )
  displacement maximum:    4.8647E-02 .  (  1.8000E-03 )
  displacement rms:        9.1404E-03 .  (  1.2000E-03 )
  
  predicted energy change: -4.4679E-04
  step size:     0.14596
  trust radius:  0.30000
---------------- geometry iteration   5 complete ----------------
geopt (optimize geometry) done.
onee (1-electron integrals) done.
probe (project orbitals) done.
grid (grid generation) done.
rwr (Q operators) done.
  
       i  u  d  i  g
       t  p  i  c  r                                 RMS    maximum
       e  d  i  u  i                       energy  density   DIIS  
       r  t  s  t  d       total energy    change  change    error 
  
etot    1  N  N  2  U   -1768.15110693164           2.7E-04  1.1E-02
etot    2  Y  Y  6  M   -1768.17367239080  2.3E-02  4.3E-05  7.6E-04
etot    3  N  Y  2  U   -1768.17344903764 -2.2E-04  3.3E-05  8.3E-04
etot    4  N  Y  2  U   -1768.17365652578  2.1E-04  1.0E-05  3.6E-04
etot    5  N  Y  2  U   -1768.17369369848  3.7E-05  2.2E-06  6.1E-05
etot    6  N  N  2  U   -1768.17369451397  8.2E-07  0.0E+00  0.0E+00
scf (DFT) done.
der1a (1-e 1st deriv.) done.
rwr (1st deriv. Q) done.
der1b (2-e 1st deriv.) done.
  Geometry optimization step   6
  Total energy:     -1768.23376638922 hartrees
  energy change:          -2.3771E-04 .  (  5.0000E-05 )
  gradient maximum:        5.9063E-03 .  (  4.5000E-04 )
  gradient rms:            8.3876E-04 .  (  3.0000E-04 )
  displacement maximum:    8.8764E-02 .  (  1.8000E-03 )
  displacement rms:        1.4207E-02 .  (  1.2000E-03 )
  
  predicted energy change: -5.0605E-04
  step size:     0.22688
  trust radius:  0.30000
---------------- geometry iteration   6 complete ----------------
geopt (optimize geometry) done.
onee (1-electron integrals) done.
probe (project orbitals) done.
grid (grid generation) done.
rwr (Q operators) done.
  
       i  u  d  i  g
       t  p  i  c  r                                 RMS    maximum
       e  d  i  u  i                       energy  density   DIIS  
       r  t  s  t  d       total energy    change  change    error 
  
etot    1  N  N  2  U   -1768.15265593793           2.6E-04  9.8E-03
etot    2  Y  Y  6  M   -1768.17270580720  2.0E-02  4.5E-05  4.3E-04
etot    3  N  Y  2  U   -1768.17234702538 -3.6E-04  3.4E-05  1.0E-03
etot    4  N  Y  2  U   -1768.17269262145  3.5E-04  8.3E-06  2.3E-04
etot    5  N  Y  2  U   -1768.17271138903  1.9E-05  2.7E-06  1.0E-04
etot    6  N  N  2  U   -1768.17271333135  1.9E-06  0.0E+00  0.0E+00
scf (DFT) done.
der1a (1-e 1st deriv.) done.
rwr (1st deriv. Q) done.
der1b (2-e 1st deriv.) done.
  Geometry optimization step   7
  Total energy:     -1768.23360449123 hartrees
  energy change:           1.6190E-04 .  (  5.0000E-05 )
  gradient maximum:        1.1863E-02 .  (  4.5000E-04 )
  gradient rms:            1.4597E-03 .  (  3.0000E-04 )
  displacement maximum:    7.4192E-02 .  (  1.8000E-03 )
  displacement rms:        9.1073E-03 .  (  1.2000E-03 )
  
  predicted energy change: -5.6118E-04
  step size:     0.14543
  trust radius:  0.30000
---------------- geometry iteration   7 complete ----------------
geopt (optimize geometry) done.
onee (1-electron integrals) done.
probe (project orbitals) done.
grid (grid generation) done.
rwr (Q operators) done.
  
       i  u  d  i  g
       t  p  i  c  r                                 RMS    maximum
       e  d  i  u  i                       energy  density   DIIS  
       r  t  s  t  d       total energy    change  change    error 
  
etot    1  N  N  2  U   -1768.15906662485           2.2E-04  8.1E-03
etot    2  Y  Y  6  M   -1768.17299121499  1.4E-02  3.9E-05  6.9E-04
etot    3  N  Y  2  U   -1768.17277924015 -2.1E-04  3.0E-05  9.8E-04
etot    4  N  Y  2  U   -1768.17298593914  2.1E-04  9.0E-06  3.9E-04
etot    5  N  Y  2  U   -1768.17302059674  3.5E-05  1.8E-06  4.4E-05
etot    6  N  N  2  U   -1768.17302137632  7.8E-07  0.0E+00  0.0E+00
scf (DFT) done.
der1a (1-e 1st deriv.) done.
rwr (1st deriv. Q) done.
der1b (2-e 1st deriv.) done.
  Geometry optimization step   8
  Total energy:     -1768.23370479321 hartrees
  energy change:          -1.0030E-04 .  (  5.0000E-05 )
  gradient maximum:        3.7646E-03 .  (  4.5000E-04 )
  gradient rms:            5.9221E-04 .  (  3.0000E-04 )
  displacement maximum:    2.7142E-02 .  (  1.8000E-03 )
  displacement rms:        5.2378E-03 .  (  1.2000E-03 )
  
  predicted energy change: -1.5653E-04
  step size:     0.08364
  trust radius:  0.30000
---------------- geometry iteration   8 complete ----------------
geopt (optimize geometry) done.
onee (1-electron integrals) done.
probe (project orbitals) done.
grid (grid generation) done.
rwr (Q operators) done.
  
       i  u  d  i  g
       t  p  i  c  r                                 RMS    maximum
       e  d  i  u  i                       energy  density   DIIS  
       r  t  s  t  d       total energy    change  change    error 
  
etot    1  N  N  2  U   -1768.16835865010           1.3E-04  4.6E-03
etot    2  Y  Y  6  M   -1768.17323048199  4.9E-03  2.2E-05  3.1E-04
etot    3  N  Y  2  U   -1768.17315812850 -7.2E-05  1.7E-05  5.2E-04
etot    4  N  Y  2  U   -1768.17323601023  7.8E-05  5.0E-06  1.9E-04
etot    5  N  N  2  U   -1768.17324527740  9.3E-06  0.0E+00  0.0E+00
scf (DFT) done.
der1a (1-e 1st deriv.) done.
rwr (1st deriv. Q) done.
der1b (2-e 1st deriv.) done.
  Geometry optimization step   9
  Total energy:     -1768.23375295729 hartrees
  energy change:          -4.8164E-05 *  (  5.0000E-05 )
  gradient maximum:        4.9217E-03 .  (  4.5000E-04 )
  gradient rms:            4.6172E-04 .  (  3.0000E-04 )
  displacement maximum:    3.6562E-02 .  (  1.8000E-03 )
  displacement rms:        5.8139E-03 .  (  1.2000E-03 )
  
  predicted energy change: -6.5545E-05
  step size:     0.09284
  trust radius:  0.30000
---------------- geometry iteration   9 complete ----------------
geopt (optimize geometry) done.
onee (1-electron integrals) done.
probe (project orbitals) done.
grid (grid generation) done.
rwr (Q operators) done.
  
       i  u  d  i  g
       t  p  i  c  r                                 RMS    maximum
       e  d  i  u  i                       energy  density   DIIS  
       r  t  s  t  d       total energy    change  change    error 
  
etot    1  N  N  2  U   -1768.16942373704           1.1E-04  3.2E-03
etot    2  Y  Y  6  M   -1768.17296883471  3.5E-03  1.7E-05  1.9E-04
etot    3  N  Y  2  U   -1768.17293689702 -3.2E-05  1.3E-05  4.3E-04
etot    4  N  Y  2  U   -1768.17297519346  3.8E-05  4.2E-06  1.8E-04
etot    5  N  N  2  U   -1768.17298096257  5.8E-06  0.0E+00  0.0E+00
scf (DFT) done.
der1a (1-e 1st deriv.) done.
rwr (1st deriv. Q) done.
der1b (2-e 1st deriv.) done.
  Geometry optimization step  10
  Total energy:     -1768.23370023904 hartrees
  energy change:           5.2718E-05 .  (  5.0000E-05 )
  gradient maximum:        1.5521E-03 .  (  4.5000E-04 )
  gradient rms:            2.9910E-04 *  (  3.0000E-04 )
  displacement maximum:    6.8867E-02 .  (  1.8000E-03 )
  displacement rms:        1.3399E-02 .  (  1.2000E-03 )
  
  predicted energy change: -9.7163E-05
  step size:     0.21396
  trust radius:  0.30000
---------------- geometry iteration  10 complete ----------------
geopt (optimize geometry) done.
onee (1-electron integrals) done.
probe (project orbitals) done.
grid (grid generation) done.
rwr (Q operators) done.
  
       i  u  d  i  g
       t  p  i  c  r                                 RMS    maximum
       e  d  i  u  i                       energy  density   DIIS  
       r  t  s  t  d       total energy    change  change    error 
  
etot    1  N  N  2  U   -1768.15601594943           2.4E-04  7.2E-03
etot    2  Y  Y  6  M   -1768.17260802336  1.7E-02  4.3E-05  5.0E-04
etot    3  N  Y  2  U   -1768.17236071666 -2.5E-04  3.2E-05  9.8E-04
etot    4  N  Y  2  U   -1768.17262526391  2.6E-04  8.5E-06  2.7E-04
etot    5  N  Y  2  U   -1768.17264272435  1.7E-05  2.6E-06  8.9E-05
etot    6  N  N  2  U   -1768.17264482338  2.1E-06  0.0E+00  0.0E+00
scf (DFT) done.
der1a (1-e 1st deriv.) done.
rwr (1st deriv. Q) done.
der1b (2-e 1st deriv.) done.
  Geometry optimization step  11
  Total energy:     -1768.23373480552 hartrees
  energy change:          -3.4566E-05 *  (  5.0000E-05 )
  gradient maximum:        6.7326E-03 .  (  4.5000E-04 )
  gradient rms:            7.6832E-04 .  (  3.0000E-04 )
  displacement maximum:    3.1059E-02 .  (  1.8000E-03 )
  displacement rms:        6.1586E-03 .  (  1.2000E-03 )
  
  predicted energy change: -1.2519E-04
  step size:     0.09834
  trust radius:  0.30000
---------------- geometry iteration  11 complete ----------------
geopt (optimize geometry) done.
onee (1-electron integrals) done.
probe (project orbitals) done.
grid (grid generation) done.
rwr (Q operators) done.
  
       i  u  d  i  g
       t  p  i  c  r                                 RMS    maximum
       e  d  i  u  i                       energy  density   DIIS  
       r  t  s  t  d       total energy    change  change    error 
  
etot    1  N  N  2  U   -1768.16885418098           1.2E-04  2.7E-03
etot    2  Y  Y  6  M   -1768.17301479952  4.2E-03  1.8E-05  1.7E-04
etot    3  N  Y  2  U   -1768.17295536754 -5.9E-05  1.4E-05  4.5E-04
etot    4  N  Y  2  U   -1768.17300104490  4.6E-05  4.5E-06  1.9E-04
etot    5  N  N  2  U   -1768.17300818418  7.1E-06  0.0E+00  0.0E+00
scf (DFT) done.
der1a (1-e 1st deriv.) done.
rwr (1st deriv. Q) done.
der1b (2-e 1st deriv.) done.
  Geometry optimization step  12
  Total energy:     -1768.23380282733 hartrees
  energy change:          -6.8022E-05 .  (  5.0000E-05 )
  gradient maximum:        2.7715E-03 .  (  4.5000E-04 )
  gradient rms:            2.5612E-04 *  (  3.0000E-04 )
  displacement maximum:    2.0937E-02 .  (  1.8000E-03 )
  displacement rms:        3.2834E-03 .  (  1.2000E-03 )
  
  predicted energy change: -4.1437E-05
  step size:     0.05243
  trust radius:  0.30000
---------------- geometry iteration  12 complete ----------------
geopt (optimize geometry) done.
onee (1-electron integrals) done.
probe (project orbitals) done.
grid (grid generation) done.
rwr (Q operators) done.
  
       i  u  d  i  g
       t  p  i  c  r                                 RMS    maximum
       e  d  i  u  i                       energy  density   DIIS  
       r  t  s  t  d       total energy    change  change    error 
  
etot    1  N  N  2  U   -1768.17197120150           6.2E-05  1.6E-03
etot    2  Y  Y  6  M   -1768.17302353770  1.1E-03  1.5E-05  1.6E-04
etot    3  N  Y  2  U   -1768.17298296724 -4.1E-05  1.1E-05  4.6E-04
etot    4  N  Y  2  U   -1768.17302727427  4.4E-05  2.6E-06  7.8E-05
etot    5  N  N  2  U   -1768.17302902696  1.8E-06  0.0E+00  0.0E+00
scf (DFT) done.
der1a (1-e 1st deriv.) done.
rwr (1st deriv. Q) done.
der1b (2-e 1st deriv.) done.
  Geometry optimization step  13
  Total energy:     -1768.23374255983 hartrees
  energy change:           6.0268E-05 .  (  5.0000E-05 )
  gradient maximum:        1.5284E-03 .  (  4.5000E-04 )
  gradient rms:            2.8132E-04 *  (  3.0000E-04 )
  displacement maximum:    2.6756E-02 .  (  1.8000E-03 )
  displacement rms:        3.5421E-03 .  (  1.2000E-03 )
  
  predicted energy change: -3.7389E-05
  step size:     0.05656
  trust radius:  0.30000
---------------- geometry iteration  13 complete ----------------
geopt (optimize geometry) done.
onee (1-electron integrals) done.
probe (project orbitals) done.
grid (grid generation) done.
rwr (Q operators) done.
  
       i  u  d  i  g
       t  p  i  c  r                                 RMS    maximum
       e  d  i  u  i                       energy  density   DIIS  
       r  t  s  t  d       total energy    change  change    error 
  
etot    1  N  N  2  U   -1768.17108232798           8.5E-05  4.2E-03
etot    2  Y  Y  6  M   -1768.17313010428  2.0E-03  1.6E-05  2.7E-04
etot    3  N  Y  2  U   -1768.17310271541 -2.7E-05  1.3E-05  4.3E-04
etot    4  N  Y  2  U   -1768.17314253195  4.0E-05  3.2E-06  1.2E-04
etot    5  N  N  2  U   -1768.17314563742  3.1E-06  0.0E+00  0.0E+00
scf (DFT) done.
der1a (1-e 1st deriv.) done.
rwr (1st deriv. Q) done.
der1b (2-e 1st deriv.) done.
  Geometry optimization step  14
  Total energy:     -1768.23382023231 hartrees
  energy change:          -7.7672E-05 .  (  5.0000E-05 )
  gradient maximum:        1.2255E-03 .  (  4.5000E-04 )
  gradient rms:            2.3107E-04 *  (  3.0000E-04 )
  displacement maximum:    2.6875E-02 .  (  1.8000E-03 )
  displacement rms:        3.7792E-03 .  (  1.2000E-03 )
  
  predicted energy change: -4.1333E-05
  step size:     0.06035
  trust radius:  0.30000
---------------- geometry iteration  14 complete ----------------
geopt (optimize geometry) done.
onee (1-electron integrals) done.
probe (project orbitals) done.
grid (grid generation) done.
rwr (Q operators) done.
  
       i  u  d  i  g
       t  p  i  c  r                                 RMS    maximum
       e  d  i  u  i                       energy  density   DIIS  
       r  t  s  t  d       total energy    change  change    error 
  
etot    1  N  N  2  U   -1768.17091138741           9.1E-05  2.8E-03
etot    2  Y  Y  6  M   -1768.17327571284  2.4E-03  1.8E-05  1.9E-04
etot    3  N  Y  2  U   -1768.17323196943 -4.4E-05  1.4E-05  5.6E-04
etot    4  N  Y  2  U   -1768.17328466420  5.3E-05  3.5E-06  1.5E-04
etot    5  N  N  2  U   -1768.17328816349  3.5E-06  0.0E+00  0.0E+00
scf (DFT) done.
der1a (1-e 1st deriv.) done.
rwr (1st deriv. Q) done.
der1b (2-e 1st deriv.) done.
  Geometry optimization step  15
  Total energy:     -1768.23393573806 hartrees
  energy change:          -1.1551E-04 .  (  5.0000E-05 )
  gradient maximum:        1.2145E-03 .  (  4.5000E-04 )
  gradient rms:            2.2520E-04 *  (  3.0000E-04 )
  displacement maximum:    5.6403E-02 .  (  1.8000E-03 )
  displacement rms:        9.2113E-03 .  (  1.2000E-03 )
  
  predicted energy change: -5.7024E-05
  step size:     0.14709
  trust radius:  0.30000
---------------- geometry iteration  15 complete ----------------
geopt (optimize geometry) done.
onee (1-electron integrals) done.
probe (project orbitals) done.
grid (grid generation) done.
rwr (Q operators) done.
  
       i  u  d  i  g
       t  p  i  c  r                                 RMS    maximum
       e  d  i  u  i                       energy  density   DIIS  
       r  t  s  t  d       total energy    change  change    error 
  
etot    1  N  N  2  U   -1768.16343527446           1.9E-04  7.5E-03
etot    2  Y  Y  6  M   -1768.17316284711  9.7E-03  4.3E-05  5.9E-04
etot    3  N  Y  2  U   -1768.17289252430 -2.7E-04  3.3E-05  1.5E-03
etot    4  N  Y  2  U   -1768.17316408151  2.7E-04  6.6E-06  2.7E-04
etot    5  N  Y  2  U   -1768.17317258118  8.5E-06  2.2E-06  9.7E-05
etot    6  N  N  2  U   -1768.17317422674  1.6E-06  0.0E+00  0.0E+00
scf (DFT) done.
der1a (1-e 1st deriv.) done.
rwr (1st deriv. Q) done.
der1b (2-e 1st deriv.) done.
  Geometry optimization step  16
  Total energy:     -1768.23391002752 hartrees
  energy change:           2.5711E-05 *  (  5.0000E-05 )
  gradient maximum:        1.2247E-03 .  (  4.5000E-04 )
  gradient rms:            2.4279E-04 *  (  3.0000E-04 )
  displacement maximum:    6.6654E-02 .  (  1.8000E-03 )
  displacement rms:        1.0980E-02 .  (  1.2000E-03 )
  
  predicted energy change: -7.1546E-05
  step size:     0.17534
  trust radius:  0.30000
---------------- geometry iteration  16 complete ----------------
geopt (optimize geometry) done.
onee (1-electron integrals) done.
probe (project orbitals) done.
grid (grid generation) done.
rwr (Q operators) done.
  
       i  u  d  i  g
       t  p  i  c  r                                 RMS    maximum
       e  d  i  u  i                       energy  density   DIIS  
       r  t  s  t  d       total energy    change  change    error 
  
etot    1  N  N  2  U   -1768.15637244893           2.5E-04  1.1E-02
etot    2  Y  Y  6  M   -1768.17281306501  1.6E-02  6.8E-05  8.7E-04
etot    3  N  Y  2  U   -1768.17219244170 -6.2E-04  4.9E-05  2.2E-03
etot    4  N  Y  2  U   -1768.17288483231  6.9E-04  8.7E-06  2.9E-04
etot    5  N  Y  2  U   -1768.17289660768  1.2E-05  3.2E-06  1.2E-04
etot    6  N  N  2  U   -1768.17290011665  3.5E-06  0.0E+00  0.0E+00
scf (DFT) done.
der1a (1-e 1st deriv.) done.
rwr (1st deriv. Q) done.
der1b (2-e 1st deriv.) done.
  Geometry optimization step  17
  Total energy:     -1768.23373643818 hartrees
  energy change:           1.7359E-04 .  (  5.0000E-05 )
  gradient maximum:        2.1566E-03 .  (  4.5000E-04 )
  gradient rms:            3.7322E-04 .  (  3.0000E-04 )
  displacement maximum:    3.7829E-02 .  (  1.8000E-03 )
  displacement rms:        7.4163E-03 .  (  1.2000E-03 )
  
  predicted energy change: -9.5905E-05
  step size:     0.11843
  trust radius:  0.30000
---------------- geometry iteration  17 complete ----------------
geopt (optimize geometry) done.
onee (1-electron integrals) done.
probe (project orbitals) done.
grid (grid generation) done.
rwr (Q operators) done.
  
       i  u  d  i  g
       t  p  i  c  r                                 RMS    maximum
       e  d  i  u  i                       energy  density   DIIS  
       r  t  s  t  d       total energy    change  change    error 
  
etot    1  N  N  2  U   -1768.16790664344           1.4E-04  5.8E-03
etot    2  Y  Y  6  M   -1768.17325898407  5.4E-03  2.7E-05  3.9E-04
etot    3  N  Y  2  U   -1768.17315980265 -9.9E-05  1.9E-05  6.5E-04
etot    4  N  Y  2  U   -1768.17326296605  1.0E-04  4.9E-06  1.8E-04
etot    5  N  N  2  U   -1768.17326989850  6.9E-06  0.0E+00  0.0E+00
scf (DFT) done.
der1a (1-e 1st deriv.) done.
rwr (1st deriv. Q) done.
der1b (2-e 1st deriv.) done.
  Geometry optimization step  18
  Total energy:     -1768.23399014894 hartrees
  energy change:          -2.5371E-04 .  (  5.0000E-05 )
  gradient maximum:        9.9680E-04 .  (  4.5000E-04 )
  gradient rms:            1.5009E-04 *  (  3.0000E-04 )
  displacement maximum:    8.4992E-03 .  (  1.8000E-03 )
  displacement rms:        1.4622E-03 .  (  1.2000E-03 )
  
  predicted energy change: -1.1504E-05
  step size:     0.02335
  trust radius:  0.30000
---------------- geometry iteration  18 complete ----------------
geopt (optimize geometry) done.
onee (1-electron integrals) done.
probe (project orbitals) done.
grid (grid generation) done.
rwr (Q operators) done.
  
       i  u  d  i  g
       t  p  i  c  r                                 RMS    maximum
       e  d  i  u  i                       energy  density   DIIS  
       r  t  s  t  d       total energy    change  change    error 
  
etot    1  N  N  2  U   -1768.17293576711           3.1E-05  9.0E-04
etot    2  N  Y  2  U   -1768.17318554772  2.5E-04  1.1E-05  1.5E-04
etot    3  N  Y  2  U   -1768.17316509236 -2.0E-05  8.0E-06  3.9E-04
etot    4  N  Y  2  U   -1768.17319022314  2.5E-05  1.7E-06  6.0E-05
etot    5  N  N  2  U   -1768.17319108327  8.6E-07  0.0E+00  0.0E+00
scf (DFT) done.
der1a (1-e 1st deriv.) done.
rwr (1st deriv. Q) done.
der1b (2-e 1st deriv.) done.
  Geometry optimization step  19
  Total energy:     -1768.23390145912 hartrees
  energy change:           8.8690E-05 .  (  5.0000E-05 )
  gradient maximum:        4.7912E-04 .  (  4.5000E-04 )
  gradient rms:            7.6157E-05 *  (  3.0000E-04 )
  displacement maximum:    4.2251E-03 .  (  1.8000E-03 )
  displacement rms:        8.8328E-04 *  (  1.2000E-03 )
  
  predicted energy change: -3.0186E-06
  step size:     0.01410
  trust radius:  0.30000
---------------- geometry iteration  19 complete ----------------
geopt (optimize geometry) done.
onee (1-electron integrals) done.
probe (project orbitals) done.
grid (grid generation) done.
rwr (Q operators) done.
  
       i  u  d  i  g
       t  p  i  c  r                                 RMS    maximum
       e  d  i  u  i                       energy  density   DIIS  
       r  t  s  t  d       total energy    change  change    error 
  
etot    1  N  N  2  U   -1768.17310479016           1.7E-05  5.1E-04
etot    2  N  Y  2  U   -1768.17318185985  7.7E-05  4.6E-06  5.4E-05
etot    3  N  N  2  U   -1768.17317865060 -3.2E-06  0.0E+00  0.0E+00
scf (DFT) done.
der1a (1-e 1st deriv.) done.
rwr (1st deriv. Q) done.
der1b (2-e 1st deriv.) done.
  Geometry optimization step  20
  Total energy:     -1768.23390062163 hartrees
  energy change:           8.3750E-07 #  (  5.0000E-05 )
  gradient maximum:        3.7057E-04 *  (  4.5000E-04 )
  gradient rms:            7.7905E-05 *  (  3.0000E-04 )
  displacement maximum:    1.4895E-02 .  (  1.8000E-03 )
  displacement rms:        2.6253E-03 .  (  1.2000E-03 )
  
  predicted energy change: -5.5615E-06
  step size:     0.04192
  trust radius:  0.30000
---------------- geometry iteration  20 complete ----------------
geopt (optimize geometry) done.
onee (1-electron integrals) done.
probe (project orbitals) done.
grid (grid generation) done.
rwr (Q operators) done.
  
       i  u  d  i  g
       t  p  i  c  r                                 RMS    maximum
       e  d  i  u  i                       energy  density   DIIS  
       r  t  s  t  d       total energy    change  change    error 
  
etot    1  N  N  2  U   -1768.17242489082           5.0E-05  1.4E-03
etot    2  Y  Y  6  M   -1768.17307246543  6.5E-04  3.4E-05  5.7E-04
etot    3  N  Y  2  U   -1768.17287441158 -2.0E-04  2.5E-05  1.3E-03
etot    4  N  Y  2  U   -1768.17311940965  2.4E-04  3.1E-06  9.9E-05
etot    5  N  N  2  U   -1768.17312200816  2.6E-06  0.0E+00  0.0E+00
scf (DFT) done.
der1a (1-e 1st deriv.) done.
rwr (1st deriv. Q) done.
der1b (2-e 1st deriv.) done.
  Geometry optimization step  21
  Total energy:     -1768.23387064989 hartrees
  ** restarting optimization from step   20 **
  energy change:           2.9972E-05 *  (  5.0000E-05 )
  gradient maximum:        3.7057E-04 *  (  4.5000E-04 )
  gradient rms:            7.7905E-05 *  (  3.0000E-04 )
  displacement maximum:    4.5387E-03 .  (  1.8000E-03 )
  displacement rms:        9.4124E-04 *  (  1.2000E-03 )
  
  predicted energy change: -2.6040E-06
  step size:     0.01503
  trust radius:  0.30000
---------------- geometry iteration  21 complete ----------------
geopt (optimize geometry) done.
onee (1-electron integrals) done.
probe (project orbitals) done.
grid (grid generation) done.
rwr (Q operators) done.
  
       i  u  d  i  g
       t  p  i  c  r                                 RMS    maximum
       e  d  i  u  i                       energy  density   DIIS  
       r  t  s  t  d       total energy    change  change    error 
  
etot    1  N  N  2  U   -1768.17282814858           3.5E-05  1.0E-03
etot    2  N  Y  2  U   -1768.17319591101  3.7E-04  1.0E-05  1.2E-04
etot    3  N  Y  2  U   -1768.17317558370 -2.0E-05  7.3E-06  3.1E-04
etot    4  N  Y  2  U   -1768.17320016298  2.5E-05  1.1E-06  3.4E-05
etot    5  N  N  2  U   -1768.17320045222  2.9E-07  0.0E+00  0.0E+00
scf (DFT) done.
der1a (1-e 1st deriv.) done.
rwr (1st deriv. Q) done.
der1b (2-e 1st deriv.) done.
  Geometry optimization step  22
  Total energy:     -1768.23392009205 hartrees
  energy change:          -1.9470E-05 *  (  5.0000E-05 )
  gradient maximum:        3.7185E-04 *  (  4.5000E-04 )
  gradient rms:            5.9587E-05 #  (  3.0000E-04 )
  displacement maximum:    5.1164E-03 .  (  1.8000E-03 )
  displacement rms:        6.4360E-04 *  (  1.2000E-03 )
  
  predicted energy change: -2.0514E-06
  step size:     0.01028
  trust radius:  0.30000
------------- final geometry iteration  22 complete -------------
geopt (optimize geometry) done.
cutabab2 (abab integrals) done.
der2a (1-e JK-1st deriv.) done.
der2b (2-e JK-1st deriv.) done.
der2nda (1-e 2nd deriv.) done.
der2ndb (2-e 2nd deriv.) done.
rwr (Q operators) done.
cphfa (gradient of wave function) done.
freq (vib. frequencies) done.
Job J1_9828_2111 completed on hpc-92-05.cm.cluster at Wed May 29 16:49:48 2024
Timer (jaguar_backend.py) : 3082.24 secs (0 hrs, 51 mins, 22 secs)
Finished:   Wed May 29 16:49:48 2024
