Job J1_7116_2111 started on hpc-89-18.cm.cluster at Wed May 29 02:01:21 2024
jobid: hpc-89-18-0-6656eede

  +--------------------------------------------------------------------+
  |  Jaguar version 10.9, release 139                                  |
  |                                                                    |
  |  Copyright Schrodinger, Inc.                                       |
  |  All Rights Reserved.                                              |
  |                                                                    |
  |  The following have contributed to Jaguar (listed alphabetically): |
  |  Mike Beachy, Art Bochevarov, Dale Braden, Yixiang Cao,            |
  |  Alan Chien, Chris Cortis, Rich Friesner, Bill Goddard,            |
  |  Hod Greeley, Tom Hughes, Leif Jacobson, Jean-Marc Langlois,       |
  |  Daniel Levine, Daniel Mainz, Rob Murphy, Dean Philipp,            |
  |  Tom Pollard, Murco Ringnalda, Mark Watson, Haoyu Yu.              |
  |                                                                    |
  |  Use of this program should be acknowledged in publications as:    |
  |                                                                    |
  |  Jaguar, version 10.9, Schrodinger, Inc., New York, NY, 2020.      |
  |                                                                    |
  |  A. D. Bochevarov, E. Harder, T. F. Hughes, J. R. Greenwood,       |
  |  D. A. Braden, D. M. Philipp, D. Rinaldo, M. D. Halls,             |
  |  J. Zhang, R. A. Friesner, "Jaguar: A High-Performance Quantum     |
  |  Chemistry Software Program with Strengths in Life and Materials   |
  |  Sciences", Int. J. Quantum Chem., 2013, 113(18), 2110-2142.       |
  +--------------------------------------------------------------------+
  
  start of program pre
  
  Job name: J1_7116_2111
  Executables used: /groups/wag/programs/Schrodinger_2020_3/jaguar-v10.9/bin/Linux-x86_64
  Temporary files : /central/scratch/labounad/J1_7116_2111#hpc-89-18-0-6656eede
  Maestro file (input):  J1_7116_2111.mae
  Maestro file (output): J1_7116_2111.01.mae
  
 Contents of input file: &gen section only
 ----------------Contents start----------------
&gen
basis=6-31G**
igeopt=1
dftname=PBE-D3
ifreq=1
&
 -----------------Contents end-----------------
 
  basis set:             6-31g**                         
  net molecular charge:    0
  multiplicity:            1
  
  Using up to   8 threads per process
  
  number of basis functions....          190
  
 Input geometry:
                                   angstroms
  atom               x                 y                 z
  O1           -3.5723213813      0.9711707333     -0.1356028802 
  C2           -2.8660918759     -0.0524535825     -0.3368278478 
  C3           -1.4025114308     -0.0144557155     -0.1617628064 
  C4           -0.7486396813      1.1635180939      0.2348019435 
  C5            0.6400315537      1.1810106660      0.3958382005 
  C6            1.4011989266      0.0210626913      0.1634292717 
  N7            2.8310929562      0.0349013458      0.3280885529 
  O8            3.4217293100      1.0771026652      0.6802851798 
  O9            3.5723580545     -1.1018998147      0.0997601293 
  C10           0.7423362748     -1.1553888549     -0.2332761226 
  C11          -0.6463507174     -1.1721175091     -0.3941223030 
  H12          -3.3508161283     -0.9707743143     -0.6431529774 
  H13          -1.3093172730      2.0711951526      0.4206062587 
  H14           1.1182552787      2.1024966460      0.7023070038 
  H15           1.2999046705     -2.0640639993     -0.4196857820 
  H16          -1.1308585371     -2.0913042037     -0.7006858209 
   
  principal moments of inertia:
        amu*angstrom^2:      140.98747      885.15471     1026.14218
                g*cm^2: 2.34115180E-38 1.46983378E-37 1.70394896E-37
   
  rotational constants:
               cm^(-1):      0.11956828      0.01904484      0.01642816
                   GHz:      3.58456672      0.57094992      0.49250388
   
  Molecular weight:     151.03 amu
   
  Stoichiometry: C7NH5O3
  Molecular Point Group: C1      
  Point Group used: C1
  
 
Number of optimization coordinates:    48
Number of independent coordinates:     48
Number of non-redundant coordinates:   42
Number of frozen coordinates:           0
Number of harmonic constraints:         0
 
Number of geometric degrees of freedom:    42
Maximum geometric degrees of freedom:      42
 " " " " " excluding dummy atoms:          42
 
  nuclear repulsion energy.......     545.790915905 hartrees
 
 Non-default options chosen:
   SCF calculation type: DFT(pbe-d3)                 
   DFT=PBE(X+LC)+PW91 (PBE-D3)
   Geometry will be optimized in redundant internal coordinates
   Vibrational frequencies and related properties will be computed
      from analytic second derivatives
   IR intensities will be computed
   Thermochemical properties will be computed
   Scaling standard convergence criteria by a factor of   1.00
  
 Temporary integer options set:
     73=  2
  
  Peak memory usage:   2633 Mb
  
  end of program pre
   
 Time(pre)  user:        6.1  user+sys:        6.1  wallclock:        2.4
  
  start of program onee
  
  smallest eigenvalue of S:    4.229E-04
  number of canonical orbitals.....          189
  Peak memory usage:   2602 Mb
  
  end of program onee
   
 Time(onee)  user:        1.3  user+sys:        1.3  wallclock:        0.2
  
  start of program hfig
  
  initial wavefunction generated automatically from atomic wavefunctions
 
  Irreducible     Total no   No of occupied orbitals 
  representation  orbitals   Shell_1  Shell_2    ...
  No Symm          189         39
  ------------------------
  Orbital occupation/shell    1.000
 
  Peak memory usage:   2582 Mb
  
  end of program hfig
   
 Time(hfig)  user:        4.1  user+sys:        4.1  wallclock:        0.9
  
  start of program probe
  
  Peak memory usage:   2547 Mb
  
  end of program probe
   
 Time(probe)  user:        2.3  user+sys:        2.3  wallclock:        0.4
  
  start of program grid
  
   grid     grid set  grid #  grid sym
  ------    --------  ------  --------
  coarse        0        0        1
  medium        2        1        1
  fine          0        0        1
  ultrafine     4        2        1
  charge        0        0        1
  gradient      4        2        1
  density       0        0        1
  DFT-fine    -11        3        1
  DFT-med.    -10        4        1
  DFT-grad    -12        5        1
  DFT-der2     -8        6        1
  DFT-cphf     -9        7        1
  LMP2-enrg     4        2        1
  LMP2-grad     2        1        1
  DFT-cphf2   -15        8        1
  PBF-dens      0        0        1
  plotting      0        0        1
  Rel-grad    -17        0        1
  
  number of gridpoints: 
     atom        O1       C2       C3       C4       C5       C6       N7
  grid # 1      123       94      102       97       97      101      105
  grid # 2      507      330      366      336      336      367      374
  grid # 3     4304     4304     4304     4304     4304     4304     4304
  grid # 4     1192     1192     1192     1192     1192     1192     1192
  grid # 5     5226     5226     5226     5226     5226     5226     5226
  grid # 6    23504    12650    12650    12650    12650    12650    12652
  grid # 7      714      688      688      688      688      688      688
  grid # 8      360      358      358      358      358      358      358
   
  number of gridpoints: 
     atom        O8       O9      C10      C11      H12      H13      H14
  grid # 1      123      123       97       97      118      116      115
  grid # 2      509      521      336      336      451      446      444
  grid # 3     4304     4304     4304     4304     4304     4304     4304
  grid # 4     1192     1192     1192     1192     1192     1192     1192
  grid # 5     5226     5226     5226     5226     5226     5226     5226
  grid # 6    23504    23504    12650    12650    13718    13718    13718
  grid # 7      714      714      688      688      744      744      744
  grid # 8      360      360      358      358      382      382      382
   
  number of gridpoints: 
     atom       H15      H16    total
  grid # 1      115      118     1741
  grid # 2      444      446     6549
  grid # 3     4304     4304    68864
  grid # 4     1192     1192    19072
  grid # 5     5226     5226    83616
  grid # 6    13718    13718   240304
  grid # 7      744      744    11366
  grid # 8      382      382     5854
   
  Peak memory usage:   2518 Mb
  
  end of program grid
   
 Time(grid)  user:        4.9  user+sys:        4.9  wallclock:        0.7
  
  start of program rwr
  
  Peak memory usage:   2561 Mb
  
  end of program rwr
   
 Time(rwr)  user:        6.1  user+sys:        6.1  wallclock:        0.9
  
  start of program scf
  
 number of electrons..........         78
 number of alpha electrons....         39
 number of beta electrons.....         39
 number of orbitals, total....        189
 number of doubly-occ'd orbs..         39
 number of open shell orbs....          0
 number of occupied orbitals..         39
 number of virtual orbitals...        150
 number of hamiltonians.......          1
 number of shells.............          1
 SCF type: DFT=PBE(X+LC)+PW91 (PBE-D3)
 Energy computed with NOPS off.
 Convergence Criterion:
    Energy (econv):       1.00E-05
    RMS density (dconv):  5.00E-06
  
       i  u  d  i  g                   
       t  p  i  c  r                                 RMS    maximum
       e  d  i  u  i                       energy  density   DIIS  
       r  t  s  t  d       total energy    change  change    error 
  
etot    1  N  N  5  M    -547.58788215780           1.1E-02  2.5E-01
etot    2  Y  Y  6  M    -547.98415590830  4.0E-01  1.1E-02  2.6E-01
etot    3  Y  Y  6  M    -547.31468983149 -6.7E-01  1.1E-02  1.7E-01
etot    4  N  Y  2  U    -545.71911214507 -1.6E+00  8.6E-03  3.5E-01
etot    5  N  Y  2  U    -549.01428720283  3.3E+00  7.6E-03  1.5E-01
etot    6  Y  Y  6  M    -546.85824362869 -2.2E+00  6.8E-03  3.2E-01
etot    7  N  Y  2  U    -549.38529220132  2.5E+00  2.5E-03  4.7E-02
etot    8  Y  Y  6  M    -549.36104542869 -2.4E-02  1.8E-03  7.0E-02
etot    9  N  Y  2  U    -549.45178845372  9.1E-02  3.7E-04  6.4E-03
etot   10  Y  Y  6  M    -549.45348563180  1.7E-03  1.2E-04  3.2E-03
etot   11  Y  Y  6  M    -549.45377679754  2.9E-04  6.7E-05  2.4E-03
etot   12  N  Y  2  U    -549.45404925646  2.7E-04  3.0E-05  5.2E-04
etot   13  N  Y  2  U    -549.45405972841  1.0E-05  3.5E-05  4.7E-04
etot   14  N  Y  2  U    -549.45406565985  5.9E-06  1.1E-05  3.3E-04
etot   15  N  Y  2  U    -549.45406819755  2.5E-06  5.3E-06  1.4E-04
etot   16  N  Y  2  U    -549.45406852408  3.3E-07  2.7E-06  7.2E-05
etot   17  N  N  2  U    -549.45406874007  2.2E-07  0.0E+00  0.0E+00
 
  Computing the dispersion energy correction and its gradients...
  
  
 Energy components, in hartrees:
   (A)  Nuclear repulsion............     545.79091590491
   (E)  Total one-electron terms.....   -1830.09972286842
   (I)  Total two-electron terms.....     734.85473822344
   (J)    Coulomb....................     806.45127764763
   (K)    Exchange+Correlation.......     -71.59653942419
   (L)  Electronic energy............   -1095.24498464498  (E+I)
   (N0) D3 correction................      -0.00679270708
   (N)  Total energy.................    -549.46086144716  (A+L+N0)
   (O)  Gas phase energy.............    -549.46086144716
  
 SCFE: SCF energy: DFT(pbe-d3)      -549.46086144716 hartrees   iterations:  17
  
 
 HOMO energy:    -0.22517
 LUMO energy:    -0.15516
 
  Orbital energies (hartrees): 
   -18.82359   -18.80108   -18.79167   -14.22967   -10.00486    -9.99506
    -9.95493    -9.95383    -9.95351    -9.95263    -9.94864    -1.09406
    -0.95178    -0.90979    -0.83148    -0.76397    -0.71943    -0.67720
    -0.59690    -0.58087    -0.54458    -0.50322    -0.47492    -0.46312
    -0.45759    -0.43277    -0.42847    -0.41164    -0.39159    -0.38513
    -0.36878    -0.34500    -0.33898    -0.27376    -0.27093    -0.26577
    -0.25809    -0.22757    -0.22517    -0.15516    -0.10359    -0.07638
    -0.01895     0.03509     0.07096     0.08411     0.08665     0.11298
     0.12510
 
  Peak memory usage:   3645 Mb
  
  end of program scf
   
 Time(scf)  user:       41.8  user+sys:       41.8  wallclock:        7.4
  
  start of program der1a
  
  Peak memory usage:   2588 Mb
  
  end of program der1a
   
 Time(der1a)  user:        1.6  user+sys:        1.6  wallclock:        0.3
  
  start of program rwr
  
  Peak memory usage:   2576 Mb
  
  end of program rwr
   
 Time(rwr)  user:        8.3  user+sys:        8.3  wallclock:        1.7
  
  start of program der1b
  
   
  forces (hartrees/bohr) : total     
   
 atom  label           x              y              z
 ---- --------   -------------  -------------  -------------
    1 O1          1.961399E-02  -3.238838E-02  -6.685680E-03
    2 C2         -2.071400E-02   6.188067E-02   1.463575E-02
    3 C3         -6.034245E-04  -6.699115E-03  -1.905046E-03
    4 C4          1.178110E-02  -2.098314E-03   7.421681E-04
    5 C5         -2.365837E-03   2.696019E-03   4.697222E-04
    6 C6         -1.714537E-02  -7.237986E-03  -3.911697E-03
    7 N7          8.682632E-02  -5.207868E-02  -4.512972E-03
    8 O8         -2.302312E-02  -9.611406E-03  -5.222039E-03
    9 O9         -6.591703E-02   6.682341E-02   1.091949E-02
   10 C10        -1.113184E-04  -4.655281E-03  -1.293938E-03
   11 C11         1.077826E-02   5.420930E-03   2.698114E-03
   12 H12        -3.404349E-03  -2.047849E-02  -6.000736E-03
   13 H13        -6.678681E-03   3.746351E-03   2.774188E-04
   14 H14         6.597645E-03   3.981397E-03   1.834088E-03
   15 H15         8.195390E-03  -3.200364E-03   4.125835E-05
   16 H16        -3.850474E-03  -6.175444E-03  -2.126284E-03
 -------------   -------------  -------------  -------------
     total       -2.089578E-05  -7.469041E-05  -4.038109E-05
   
  Peak memory usage:   3549 Mb
  
  end of program der1b
   
 Time(der1b)  user:        8.6  user+sys:        8.6  wallclock:        1.3
  
  start of program geopt
  
 ----------------------------------------------------------------------------
  Geometry optimization step   1
  Total energy:      -549.46086144716 hartrees
 ----------------------------------------------------------------------------
  
  gradient maximum:        9.2524E-02 .  (  4.5000E-04 )
  gradient rms:            1.8415E-02 .  (  3.0000E-04 )
  displacement maximum:    2.1488E-01 .  (  1.8000E-03 )
  displacement rms:        3.9008E-02 .  (  1.2000E-03 )
  
  predicted energy change:  -1.7719E-02
  step size:     0.27026
  trust radius:  0.30000
  
  molecular structure not yet converged...
  
  center of mass moved by:
     x:    -3.0147E-02     y:     5.5142E-03     z:    -1.8780E-03
  
  new geometry: 
                                   angstroms
  atom               x                 y                 z
  O1           -3.5418231167      0.9603212094     -0.1352072479 
  C2           -2.8382675632     -0.0280537423     -0.3269214621 
  C3           -1.3669846847     -0.0130830448     -0.1573715353 
  C4           -0.7125986843      1.1708512082      0.2408693313 
  C5            0.6701641975      1.1854047134      0.4003910994 
  C6            1.4011658729      0.0095852036      0.1602090807 
  N7            2.8295014484      0.0237462286      0.3248659729 
  O8            3.3793638963      1.0704391967      0.6736130710 
  O9            3.4264513137     -1.0644510836      0.0938844476 
  C10           0.7729785817     -1.1785483356     -0.2363142802 
  C11          -0.6128914417     -1.1846924501     -0.3938612313 
  H12          -3.3000768433     -0.9883128735     -0.6419752902 
  H13          -1.2983939541      2.0744758701      0.4228104219 
  H14           1.1866305254      2.0968198346      0.7084127410 
  H15           1.3721674453     -2.0736854445     -0.4144337611 
  H16          -1.1121414758     -2.1075077027     -0.7030713397 
   
  nuclear repulsion energy.......     552.467260602 hartrees
  -------------------------------------------------
 /  end of geometry optimization iteration   1   /
 -------------------------------------------------
   
  Peak memory usage:   2512 Mb
  
  end of program geopt
   
 Time(geopt)  user:        2.0  user+sys:        2.0  wallclock:        0.3
  
  start of program onee
  
  smallest eigenvalue of S:    4.383E-04
  number of canonical orbitals.....          189
  Peak memory usage:   2602 Mb
  
  end of program onee
   
 Time(onee)  user:        1.8  user+sys:        1.8  wallclock:        0.3
  
  start of program probe
  
  Peak memory usage:   2547 Mb
  
  end of program probe
   
 Time(probe)  user:        1.1  user+sys:        1.1  wallclock:        0.2
  
  start of program grid
  
   grid     grid set  grid #  grid sym
  ------    --------  ------  --------
  coarse        0        0        1
  medium        2        1        1
  fine          0        0        1
  ultrafine     4        2        1
  charge        0        0        1
  gradient      4        2        1
  density       0        0        1
  DFT-fine    -11        3        1
  DFT-med.    -10        4        1
  DFT-grad    -12        5        1
  DFT-der2     -8        6        1
  DFT-cphf     -9        7        1
  LMP2-enrg     4        2        1
  LMP2-grad     2        1        1
  DFT-cphf2   -15        8        1
  PBF-dens      0        0        1
  plotting      0        0        1
  Rel-grad    -17        0        1
  
  number of gridpoints: 
     atom        O1       C2       C3       C4       C5       C6       N7
  grid # 1      123       94      102       97       97       99      101
  grid # 2      507      335      371      339      338      364      365
  grid # 3     4304     4304     4304     4304     4304     4304     4304
  grid # 4     1192     1192     1192     1192     1192     1192     1192
  grid # 5     5226     5226     5226     5226     5226     5226     5226
  grid # 6    23504    12650    12650    12650    12650    12650    12652
  grid # 7      714      688      688      688      688      688      688
  grid # 8      360      358      358      358      358      358      358
   
  number of gridpoints: 
     atom        O8       O9      C10      C11      H12      H13      H14
  grid # 1      124      124       97       97      118      115      115
  grid # 2      509      509      338      341      455      446      442
  grid # 3     4304     4304     4304     4304     4304     4304     4304
  grid # 4     1192     1192     1192     1192     1192     1192     1192
  grid # 5     5226     5226     5226     5226     5226     5226     5226
  grid # 6    23504    23504    12650    12650    13718    13718    13718
  grid # 7      714      714      688      688      744      744      744
  grid # 8      360      360      358      358      382      382      382
   
  number of gridpoints: 
     atom       H15      H16    total
  grid # 1      113      118     1734
  grid # 2      442      446     6547
  grid # 3     4304     4304    68864
  grid # 4     1192     1192    19072
  grid # 5     5226     5226    83616
  grid # 6    13718    13718   240304
  grid # 7      744      744    11366
  grid # 8      382      382     5854
   
  Peak memory usage:   2518 Mb
  
  end of program grid
   
 Time(grid)  user:        8.0  user+sys:        8.0  wallclock:        2.5
  
  start of program rwr
  
  Peak memory usage:   2561 Mb
  
  end of program rwr
   
 Time(rwr)  user:        9.6  user+sys:        9.6  wallclock:        3.4
  
  start of program scf
  
 Energy computed with NOPS off.
 Convergence Criterion:
    Energy (econv):       1.00E-05
    RMS density (dconv):  5.00E-06
  
       i  u  d  i  g                   
       t  p  i  c  r                                 RMS    maximum
       e  d  i  u  i                       energy  density   DIIS  
       r  t  s  t  d       total energy    change  change    error 
  
etot    1  N  N  2  U    -549.45963473499           1.2E-03  1.2E-02
etot    2  Y  Y  6  M    -549.47190074802  1.2E-02  7.6E-04  9.2E-03
etot    3  N  Y  2  U    -549.46142968956 -1.0E-02  6.4E-04  3.4E-02
etot    4  N  Y  2  U    -549.47280487598  1.1E-02  2.0E-04  1.2E-02
etot    5  Y  Y  6  M    -549.47391286032  1.1E-03  7.2E-05  2.8E-03
etot    6  Y  Y  6  M    -549.47402778452  1.1E-04  2.6E-05  7.8E-04
etot    7  N  Y  2  U    -549.47406669484  3.9E-05  1.0E-05  1.2E-04
etot    8  N  Y  2  U    -549.47406706609  3.7E-07  5.0E-06  1.6E-04
etot    9  N  Y  2  U    -549.47406739926  3.3E-07  2.2E-06  5.2E-05
etot   10  N  N  2  U    -549.47406748026  8.1E-08  0.0E+00  0.0E+00
 
  Computing the dispersion energy correction and its gradients...
  
  
 Energy components, in hartrees:
   (A)  Nuclear repulsion............     552.46726060200
   (E)  Total one-electron terms.....   -1843.32597357264
   (I)  Total two-electron terms.....     741.38464549038
   (J)    Coulomb....................     813.07012848400
   (K)    Exchange+Correlation.......     -71.68548299362
   (L)  Electronic energy............   -1101.94132808226  (E+I)
   (N0) D3 correction................      -0.00674585603
   (N)  Total energy.................    -549.48081333629  (A+L+N0)
   (O)  Gas phase energy.............    -549.48081333629
  
 SCFE: SCF energy: DFT(pbe-d3)      -549.48081333629 hartrees   iterations:  10
  
 
 HOMO energy:    -0.22460
 LUMO energy:    -0.14365
 
  Orbital energies (hartrees): 
   -18.81585   -18.80793   -18.78982   -14.23531   -10.00178    -9.98307
    -9.95064    -9.95031    -9.94870    -9.94808    -9.94483    -1.12852
    -0.96485    -0.96416    -0.82701    -0.75697    -0.71578    -0.66881
    -0.58904    -0.57351    -0.53588    -0.50646    -0.48497    -0.47247
    -0.45661    -0.43208    -0.42568    -0.40987    -0.39145    -0.38433
    -0.36747    -0.34692    -0.33471    -0.27920    -0.26792    -0.26418
    -0.26379    -0.24279    -0.22460    -0.14365    -0.09169    -0.07200
    -0.01107     0.04687     0.07436     0.09155     0.11106     0.11540
     0.13289
 
  Peak memory usage:   3645 Mb
  
  end of program scf
   
 Time(scf)  user:       47.6  user+sys:       47.6  wallclock:        8.3
  
  start of program der1a
  
  Peak memory usage:   2588 Mb
  
  end of program der1a
   
 Time(der1a)  user:        2.4  user+sys:        2.4  wallclock:        2.7
  
  start of program rwr
  
  Peak memory usage:   2576 Mb
  
  end of program rwr
   
 Time(rwr)  user:        9.9  user+sys:        9.9  wallclock:        1.6
  
  start of program der1b
  
   
  forces (hartrees/bohr) : total     
   
 atom  label           x              y              z
 ---- --------   -------------  -------------  -------------
    1 O1          4.107360E-04  -1.521582E-03  -3.703675E-04
    2 C2         -4.797805E-03   1.139325E-02   2.581922E-03
    3 C3          5.132276E-03  -5.695867E-03  -9.846499E-04
    4 C4          6.489472E-04  -1.171948E-03  -2.492206E-04
    5 C5          3.779288E-04   1.642245E-03   4.934146E-04
    6 C6         -2.129279E-02   2.836080E-03  -1.622731E-03
    7 N7          2.349956E-02  -2.586114E-02  -4.441524E-03
    8 O8          2.945748E-03   7.349802E-03   2.342673E-03
    9 O9         -4.403575E-03   1.656335E-02   4.055839E-03
   10 C10        -8.713839E-04  -2.189405E-03  -6.962910E-04
   11 C11        -1.359750E-03   3.661059E-03   8.527992E-04
   12 H12         1.137971E-03  -6.508700E-03  -1.656007E-03
   13 H13        -2.250630E-03  -4.991734E-04  -3.905545E-04
   14 H14         1.911970E-03  -1.272033E-03  -1.326311E-04
   15 H15         6.117548E-04   1.230936E-03   4.045946E-04
   16 H16        -1.586579E-03  -6.295339E-05  -1.976167E-04
 -------------   -------------  -------------  -------------
     total        1.143813E-04  -1.060778E-04  -1.035190E-05
   
  Peak memory usage:   3549 Mb
  
  end of program der1b
   
 Time(der1b)  user:        5.3  user+sys:        5.3  wallclock:        0.8
  
  start of program geopt
  
 ----------------------------------------------------------------------------
  Geometry optimization step   2
  Total energy:      -549.48081333629 hartrees
 ----------------------------------------------------------------------------
  
  energy change:          -1.9952E-02 .  (  5.0000E-05 )
  gradient maximum:        2.2079E-02 .  (  4.5000E-04 )
  gradient rms:            4.9652E-03 .  (  3.0000E-04 )
  displacement maximum:    7.3542E-02 .  (  1.8000E-03 )
  displacement rms:        1.7660E-02 .  (  1.2000E-03 )
  
  predicted energy change:  -2.0055E-03
  step size:     0.12235
  trust radius:  0.30000
  
  molecular structure not yet converged...
  
  center of mass moved by:
     x:     3.0478E-03     y:     7.0742E-03     z:     2.3872E-03
  
  new geometry: 
                                   angstroms
  atom               x                 y                 z
  O1           -3.5617519077      0.9596771002     -0.1373489620 
  C2           -2.8500981402     -0.0172150660     -0.3252250659 
  C3           -1.3712345075     -0.0149352489     -0.1584443730 
  C4           -0.7133407206      1.1658065932      0.2393140073 
  C5            0.6712522292      1.1762491572      0.3978786442 
  C6            1.3903936761     -0.0047986846      0.1549414015 
  N7            2.8571992358      0.0137626919      0.3252948073 
  O8            3.3821914177      1.0787486190      0.6756825025 
  O9            3.4625435957     -1.0329004466      0.1074154198 
  C10           0.7591273421     -1.1924092499     -0.2418679799 
  C11          -0.6288056879     -1.1874077703     -0.3965994398 
  H12          -3.2842471760     -1.0035896988     -0.6444093528 
  H13          -1.3138702973      2.0630307303      0.4178937928 
  H14           1.2113668047      2.0748308332      0.7050516966 
  H15           1.3654529326     -2.0826823315     -0.4179302581 
  H16          -1.1467383730     -2.1027551803     -0.7059592237 
   
  nuclear repulsion energy.......     551.398113374 hartrees
  -------------------------------------------------
 /  end of geometry optimization iteration   2   /
 -------------------------------------------------
   
  Peak memory usage:   2540 Mb
  
  end of program geopt
   
 Time(geopt)  user:        2.7  user+sys:        2.7  wallclock:        0.4
  
  start of program onee
  
  smallest eigenvalue of S:    4.379E-04
  number of canonical orbitals.....          189
  Peak memory usage:   2602 Mb
  
  end of program onee
   
 Time(onee)  user:        1.5  user+sys:        1.5  wallclock:        0.2
  
  start of program probe
  
  Peak memory usage:   2547 Mb
  
  end of program probe
   
 Time(probe)  user:        1.0  user+sys:        1.0  wallclock:        0.2
  
  start of program grid
  
   grid     grid set  grid #  grid sym
  ------    --------  ------  --------
  coarse        0        0        1
  medium        2        1        1
  fine          0        0        1
  ultrafine     4        2        1
  charge        0        0        1
  gradient      4        2        1
  density       0        0        1
  DFT-fine    -11        3        1
  DFT-med.    -10        4        1
  DFT-grad    -12        5        1
  DFT-der2     -8        6        1
  DFT-cphf     -9        7        1
  LMP2-enrg     4        2        1
  LMP2-grad     2        1        1
  DFT-cphf2   -15        8        1
  PBF-dens      0        0        1
  plotting      0        0        1
  Rel-grad    -17        0        1
  
  number of gridpoints: 
     atom        O1       C2       C3       C4       C5       C6       N7
  grid # 1      123       94      102       97       97      102      100
  grid # 2      509      340      368      339      339      371      372
  grid # 3     4304     4304     4304     4304     4304     4304     4304
  grid # 4     1192     1192     1192     1192     1192     1192     1192
  grid # 5     5226     5226     5226     5226     5226     5226     5226
  grid # 6    23504    12650    12650    12650    12650    12650    12652
  grid # 7      714      688      688      688      688      688      688
  grid # 8      360      358      358      358      358      358      358
   
  number of gridpoints: 
     atom        O8       O9      C10      C11      H12      H13      H14
  grid # 1      124      124       97       97      115      115      113
  grid # 2      509      509      340      341      453      448      446
  grid # 3     4304     4304     4304     4304     4304     4304     4304
  grid # 4     1192     1192     1192     1192     1192     1192     1192
  grid # 5     5226     5226     5226     5226     5226     5226     5226
  grid # 6    23504    23504    12650    12650    13718    13718    13718
  grid # 7      714      714      688      688      744      744      744
  grid # 8      360      360      358      358      382      382      382
   
  number of gridpoints: 
     atom       H15      H16    total
  grid # 1      114      115     1729
  grid # 2      444      444     6572
  grid # 3     4304     4304    68864
  grid # 4     1192     1192    19072
  grid # 5     5226     5226    83616
  grid # 6    13718    13718   240304
  grid # 7      744      744    11366
  grid # 8      382      382     5854
   
  Peak memory usage:   2518 Mb
  
  end of program grid
   
 Time(grid)  user:        5.4  user+sys:        5.4  wallclock:        0.8
  
  start of program rwr
  
  Peak memory usage:   2561 Mb
  
  end of program rwr
   
 Time(rwr)  user:        7.0  user+sys:        7.0  wallclock:        1.5
  
  start of program scf
  
 Energy computed with NOPS off.
 Convergence Criterion:
    Energy (econv):       1.00E-05
    RMS density (dconv):  5.00E-06
  
       i  u  d  i  g                   
       t  p  i  c  r                                 RMS    maximum
       e  d  i  u  i                       energy  density   DIIS  
       r  t  s  t  d       total energy    change  change    error 
  
etot    1  N  N  2  U    -549.47298840356           5.2E-04  5.9E-03
etot    2  Y  Y  6  M    -549.47503915409  2.1E-03  3.6E-04  6.3E-03
etot    3  Y  Y  6  M    -549.47248042335 -2.6E-03  3.1E-04  1.9E-02
etot    4  N  Y  2  U    -549.47544230268  3.0E-03  8.3E-05  5.8E-03
etot    5  Y  Y  6  M    -549.47577371699  3.3E-04  2.7E-05  6.6E-04
etot    6  N  Y  2  U    -549.47575743683 -1.6E-05  1.2E-05  2.8E-04
etot    7  N  Y  2  U    -549.47576015629  2.7E-06  5.1E-06  9.0E-05
etot    8  N  Y  2  U    -549.47576031136  1.6E-07  4.6E-06  6.4E-05
etot    9  N  N  2  U    -549.47576037650  6.5E-08  0.0E+00  0.0E+00
 
  Computing the dispersion energy correction and its gradients...
  
  
 Energy components, in hartrees:
   (A)  Nuclear repulsion............     551.39811337445
   (E)  Total one-electron terms.....   -1841.14909434074
   (I)  Total two-electron terms.....     740.27522058979
   (J)    Coulomb....................     811.95785625174
   (K)    Exchange+Correlation.......     -71.68263566195
   (L)  Electronic energy............   -1100.87387375096  (E+I)
   (N0) D3 correction................      -0.00676424867
   (N)  Total energy.................    -549.48252462517  (A+L+N0)
   (O)  Gas phase energy.............    -549.48252462517
  
 SCFE: SCF energy: DFT(pbe-d3)      -549.48252462517 hartrees   iterations:   9
  
 
 HOMO energy:    -0.22556
 LUMO energy:    -0.13933
 
  Orbital energies (hartrees): 
   -18.81389   -18.81233   -18.79125   -14.23771   -10.00293    -9.98285
    -9.95067    -9.94950    -9.94883    -9.94708    -9.94447    -1.13747
    -0.97355    -0.96765    -0.82509    -0.75191    -0.71481    -0.66404
    -0.58860    -0.57215    -0.53404    -0.50679    -0.48815    -0.47064
    -0.45637    -0.43284    -0.42563    -0.40960    -0.39237    -0.38459
    -0.36883    -0.34805    -0.33404    -0.28156    -0.26761    -0.26491
    -0.26410    -0.24595    -0.22556    -0.13933    -0.09008    -0.07194
    -0.01159     0.04414     0.07296     0.09164     0.10905     0.11433
     0.13236
 
  Peak memory usage:   3649 Mb
  
  end of program scf
   
 Time(scf)  user:       29.0  user+sys:       29.0  wallclock:        6.7
  
  start of program der1a
  
  Peak memory usage:   2588 Mb
  
  end of program der1a
   
 Time(der1a)  user:        2.6  user+sys:        2.6  wallclock:        0.4
  
  start of program rwr
  
  Peak memory usage:   2576 Mb
  
  end of program rwr
   
 Time(rwr)  user:        8.3  user+sys:        8.3  wallclock:        1.2
  
  start of program der1b
  
   
  forces (hartrees/bohr) : total     
   
 atom  label           x              y              z
 ---- --------   -------------  -------------  -------------
    1 O1         -9.622981E-04   1.702159E-03   3.605246E-04
    2 C2          5.660048E-04  -2.486405E-03  -6.205070E-04
    3 C3          1.129311E-03  -2.857401E-04   4.613945E-05
    4 C4          1.678539E-04   4.432967E-04   1.407337E-04
    5 C5          8.892322E-04   6.551008E-04   2.833679E-04
    6 C6         -7.910808E-03   1.994805E-03  -3.512144E-04
    7 N7         -3.770073E-03   6.945216E-03   1.476339E-03
    8 O8          3.156998E-04   4.716920E-03   1.319611E-03
    9 O9          7.312286E-03  -1.402031E-02  -3.003883E-03
   10 C10         2.682095E-03   1.371198E-03   6.798734E-04
   11 C11        -8.980079E-04  -9.427993E-04  -3.606608E-04
   12 H12         4.141624E-04   2.726808E-04   1.192921E-04
   13 H13         8.753149E-05  -4.209162E-04  -1.058112E-04
   14 H14         1.266415E-04  -6.296226E-04  -1.553472E-04
   15 H15        -1.072455E-04  -2.671961E-04  -8.302472E-05
   16 H16         1.626447E-04   4.378939E-04   1.380637E-04
 -------------   -------------  -------------  -------------
     total        2.050305E-04  -5.137166E-04  -1.165043E-04
   
  Peak memory usage:   3549 Mb
  
  end of program der1b
   
 Time(der1b)  user:        6.2  user+sys:        6.2  wallclock:        1.9
  
  start of program geopt
  
 ----------------------------------------------------------------------------
  Geometry optimization step   3
  Total energy:      -549.48252462517 hartrees
 ----------------------------------------------------------------------------
  
  energy change:          -1.7113E-03 .  (  5.0000E-05 )
  gradient maximum:        1.6055E-02 .  (  4.5000E-04 )
  gradient rms:            2.7880E-03 .  (  3.0000E-04 )
  displacement maximum:    2.6844E-02 .  (  1.8000E-03 )
  displacement rms:        5.1050E-03 .  (  1.2000E-03 )
  
  predicted energy change:  -3.2014E-04
  step size:     0.03537
  trust radius:  0.30000
  
  molecular structure not yet converged...
  
  center of mass moved by:
     x:    -2.5593E-04     y:    -2.0134E-03     z:    -5.6192E-04
  
  new geometry: 
                                   angstroms
  atom               x                 y                 z
  O1           -3.5645951997      0.9578428571     -0.1379842634 
  C2           -2.8493593187     -0.0186225578     -0.3255624117 
  C3           -1.3702515586     -0.0127031137     -0.1577458294 
  C4           -0.7148406447      1.1701968824      0.2404004367 
  C5            0.6695527126      1.1827773844      0.3995314977 
  C6            1.3843691957      0.0008794641      0.1558110907 
  N7            2.8594386769      0.0108397906      0.3247095300 
  O8            3.3833502359      1.0803008339      0.6755139483 
  O9            3.4681219900     -1.0499644055      0.1039770049 
  C10           0.7586052307     -1.1868767364     -0.2404319219 
  C11          -0.6289367092     -1.1848189721     -0.3959658984 
  H12          -3.2781684395     -1.0073732185     -0.6450179230 
  H13          -1.3182296309      2.0651623690      0.4180931414 
  H14           1.2128830107      2.0787548370      0.7064185607 
  H15           1.3664554741     -2.0763771090     -0.4161022256 
  H16          -1.1467878853     -2.0995589091     -0.7051994380 
   
  nuclear repulsion energy.......     550.634280713 hartrees
  -------------------------------------------------
 /  end of geometry optimization iteration   3   /
 -------------------------------------------------
   
  Peak memory usage:   2540 Mb
  
  end of program geopt
   
 Time(geopt)  user:        1.6  user+sys:        1.6  wallclock:        0.3
  
  start of program onee
  
  smallest eigenvalue of S:    4.377E-04
  number of canonical orbitals.....          189
  Peak memory usage:   2602 Mb
  
  end of program onee
   
 Time(onee)  user:        1.2  user+sys:        1.2  wallclock:        0.2
  
  start of program probe
  
  Peak memory usage:   2547 Mb
  
  end of program probe
   
 Time(probe)  user:        1.0  user+sys:        1.0  wallclock:        0.2
  
  start of program grid
  
   grid     grid set  grid #  grid sym
  ------    --------  ------  --------
  coarse        0        0        1
  medium        2        1        1
  fine          0        0        1
  ultrafine     4        2        1
  charge        0        0        1
  gradient      4        2        1
  density       0        0        1
  DFT-fine    -11        3        1
  DFT-med.    -10        4        1
  DFT-grad    -12        5        1
  DFT-der2     -8        6        1
  DFT-cphf     -9        7        1
  LMP2-enrg     4        2        1
  LMP2-grad     2        1        1
  DFT-cphf2   -15        8        1
  PBF-dens      0        0        1
  plotting      0        0        1
  Rel-grad    -17        0        1
  
  number of gridpoints: 
     atom        O1       C2       C3       C4       C5       C6       N7
  grid # 1      123       94      102       97       97      102      102
  grid # 2      509      340      371      339      340      375      374
  grid # 3     4304     4304     4304     4304     4304     4304     4304
  grid # 4     1192     1192     1192     1192     1192     1192     1192
  grid # 5     5226     5226     5226     5226     5226     5226     5226
  grid # 6    23504    12650    12650    12650    12650    12650    12652
  grid # 7      714      688      688      688      688      688      688
  grid # 8      360      358      358      358      358      358      358
   
  number of gridpoints: 
     atom        O8       O9      C10      C11      H12      H13      H14
  grid # 1      124      124       97       97      115      115      113
  grid # 2      509      509      340      341      453      448      446
  grid # 3     4304     4304     4304     4304     4304     4304     4304
  grid # 4     1192     1192     1192     1192     1192     1192     1192
  grid # 5     5226     5226     5226     5226     5226     5226     5226
  grid # 6    23504    23504    12650    12650    13718    13718    13718
  grid # 7      714      714      688      688      744      744      744
  grid # 8      360      360      358      358      382      382      382
   
  number of gridpoints: 
     atom       H15      H16    total
  grid # 1      113      115     1730
  grid # 2      444      444     6582
  grid # 3     4304     4304    68864
  grid # 4     1192     1192    19072
  grid # 5     5226     5226    83616
  grid # 6    13718    13718   240304
  grid # 7      744      744    11366
  grid # 8      382      382     5854
   
  Peak memory usage:   2518 Mb
  
  end of program grid
   
 Time(grid)  user:        4.7  user+sys:        4.7  wallclock:        0.7
  
  start of program rwr
  
  Peak memory usage:   2561 Mb
  
  end of program rwr
   
 Time(rwr)  user:        6.2  user+sys:        6.2  wallclock:        0.9
  
  start of program scf
  
 Energy computed with NOPS off.
 Convergence Criterion:
    Energy (econv):       1.00E-05
    RMS density (dconv):  5.00E-06
  
       i  u  d  i  g                   
       t  p  i  c  r                                 RMS    maximum
       e  d  i  u  i                       energy  density   DIIS  
       r  t  s  t  d       total energy    change  change    error 
  
etot    1  N  N  2  U    -549.47580926629           1.4E-04  1.5E-03
etot    2  Y  Y  6  M    -549.47599756499  1.9E-04  6.0E-05  1.3E-03
etot    3  Y  Y  6  M    -549.47589018000 -1.1E-04  5.6E-05  2.3E-03
etot    4  Y  Y  6  M    -549.47597703674  8.7E-05  2.4E-05  1.8E-03
etot    5  N  Y  2  U    -549.47601159347  3.5E-05  7.4E-06  1.6E-04
etot    6  N  Y  2  U    -549.47601218082  5.9E-07  3.0E-06  1.1E-04
etot    7  N  N  2  U    -549.47601236350  1.8E-07  0.0E+00  0.0E+00
 
  Computing the dispersion energy correction and its gradients...
  
  
 Energy components, in hartrees:
   (A)  Nuclear repulsion............     550.63428071253
   (E)  Total one-electron terms.....   -1839.65624043839
   (I)  Total two-electron terms.....     739.54594736236
   (J)    Coulomb....................     811.21172721745
   (K)    Exchange+Correlation.......     -71.66577985509
   (L)  Electronic energy............   -1100.11029307603  (E+I)
   (N0) D3 correction................      -0.00676976873
   (N)  Total energy.................    -549.48278213224  (A+L+N0)
   (O)  Gas phase energy.............    -549.48278213224
  
 SCFE: SCF energy: DFT(pbe-d3)      -549.48278213224 hartrees   iterations:   7
  
 
 HOMO energy:    -0.22556
 LUMO energy:    -0.14025
 
  Orbital energies (hartrees): 
   -18.81478   -18.81472   -18.79137   -14.23754   -10.00303    -9.98354
    -9.95054    -9.94925    -9.94873    -9.94757    -9.94477    -1.13009
    -0.96927    -0.96673    -0.82530    -0.75082    -0.71534    -0.66320
    -0.58931    -0.57234    -0.53432    -0.50673    -0.48402    -0.47033
    -0.45611    -0.43278    -0.42590    -0.41023    -0.39231    -0.38443
    -0.36862    -0.34801    -0.33460    -0.28141    -0.26782    -0.26439
    -0.26427    -0.24672    -0.22556    -0.14025    -0.09188    -0.07218
    -0.01243     0.04232     0.07252     0.09140     0.10713     0.11384
     0.13255
 
  Peak memory usage:   3632 Mb
  
  end of program scf
   
 Time(scf)  user:       17.0  user+sys:       17.0  wallclock:        4.0
  
  start of program der1a
  
  Peak memory usage:   2588 Mb
  
  end of program der1a
   
 Time(der1a)  user:        1.7  user+sys:        1.7  wallclock:        0.3
  
  start of program rwr
  
  Peak memory usage:   2576 Mb
  
  end of program rwr
   
 Time(rwr)  user:       11.3  user+sys:       11.3  wallclock:        2.0
  
  start of program der1b
  
   
  forces (hartrees/bohr) : total     
   
 atom  label           x              y              z
 ---- --------   -------------  -------------  -------------
    1 O1          4.417003E-04  -5.886367E-04  -1.129890E-04
    2 C2         -2.856283E-04  -3.455168E-04  -1.285064E-04
    3 C3          5.402337E-05   3.692075E-04   1.047151E-04
    4 C4          1.545932E-05  -4.796383E-05  -1.013001E-05
    5 C5          7.416524E-04   4.720385E-04   2.140328E-04
    6 C6         -1.166603E-03  -1.442571E-04  -1.724091E-04
    7 N7          1.494181E-03  -7.429701E-04  -3.020653E-05
    8 O8         -3.752253E-04  -2.193723E-03  -6.433682E-04
    9 O9         -1.756879E-03   3.055642E-03   6.480063E-04
   10 C10         1.525435E-03  -8.855889E-05   1.483412E-04
   11 C11        -6.303073E-04  -6.453229E-04  -2.492426E-04
   12 H12         8.674900E-05   5.609986E-04   1.623265E-04
   13 H13         2.493312E-06  -1.478607E-04  -3.961545E-05
   14 H14         3.157894E-08  -1.407241E-04  -3.803503E-05
   15 H15         6.317966E-06  -7.028301E-06   7.414885E-07
   16 H16         4.341951E-05   1.151325E-04   3.589618E-05
 -------------   -------------  -------------  -------------
     total        1.968196E-04  -5.195437E-04  -1.104426E-04
   
  Peak memory usage:   3549 Mb
  
  end of program der1b
   
 Time(der1b)  user:        6.3  user+sys:        6.3  wallclock:        2.6
  
  start of program geopt
  
 ----------------------------------------------------------------------------
  Geometry optimization step   4
  Total energy:      -549.48278213224 hartrees
 ----------------------------------------------------------------------------
  
  energy change:          -2.5751E-04 .  (  5.0000E-05 )
  gradient maximum:        3.6022E-03 .  (  4.5000E-04 )
  gradient rms:            7.7765E-04 .  (  3.0000E-04 )
  displacement maximum:    4.6842E-03 .  (  1.8000E-03 )
  displacement rms:        1.2870E-03 .  (  1.2000E-03 )
  
  predicted energy change:  -2.1550E-05
  step size:     0.00892
  trust radius:  0.30000
  
  molecular structure not yet converged...
  
  center of mass moved by:
     x:    -7.0306E-04     y:    -6.3605E-04     z:    -1.7765E-04
  
  new geometry: 
                                   angstroms
  atom               x                 y                 z
  O1           -3.5624568983      0.9568876921     -0.1377605074 
  C2           -2.8475992052     -0.0193051443     -0.3255269414 
  C3           -1.3688096321     -0.0124871243     -0.1575939653 
  C4           -0.7143989695      1.1712382954      0.2407443037 
  C5            0.6699094931      1.1851592166      0.4001837770 
  C6            1.3826356942      0.0027370900      0.1560441794 
  N7            2.8573923125      0.0105466139      0.3244289008 
  O8            3.3852922912      1.0770011829      0.6739191165 
  O9            3.4619955073     -1.0498358934      0.1044002323 
  C10           0.7600407414     -1.1859046357     -0.2401795044 
  C11          -0.6279759656     -1.1851265647     -0.3961486949 
  H12          -3.2767076435     -1.0068017318     -0.6448025302 
  H13          -1.3189293880      2.0652692099      0.4181606742 
  H14           1.2139049144      2.0805065330      0.7070025747 
  H15           1.3691570477     -2.0745378409     -0.4155231960 
  H16          -1.1458904940     -2.0995021835     -0.7053990176 
   
  nuclear repulsion energy.......     550.914224356 hartrees
  -------------------------------------------------
 /  end of geometry optimization iteration   4   /
 -------------------------------------------------
   
  Peak memory usage:   2512 Mb
  
  end of program geopt
   
 Time(geopt)  user:        2.6  user+sys:        2.6  wallclock:        0.4
  
  start of program onee
  
  smallest eigenvalue of S:    4.387E-04
  number of canonical orbitals.....          189
  Peak memory usage:   2602 Mb
  
  end of program onee
   
 Time(onee)  user:        1.2  user+sys:        1.2  wallclock:        0.2
  
  start of program probe
  
  Peak memory usage:   2547 Mb
  
  end of program probe
   
 Time(probe)  user:        2.1  user+sys:        2.1  wallclock:        3.3
  
  start of program grid
  
   grid     grid set  grid #  grid sym
  ------    --------  ------  --------
  coarse        0        0        1
  medium        2        1        1
  fine          0        0        1
  ultrafine     4        2        1
  charge        0        0        1
  gradient      4        2        1
  density       0        0        1
  DFT-fine    -11        3        1
  DFT-med.    -10        4        1
  DFT-grad    -12        5        1
  DFT-der2     -8        6        1
  DFT-cphf     -9        7        1
  LMP2-enrg     4        2        1
  LMP2-grad     2        1        1
  DFT-cphf2   -15        8        1
  PBF-dens      0        0        1
  plotting      0        0        1
  Rel-grad    -17        0        1
  
  number of gridpoints: 
     atom        O1       C2       C3       C4       C5       C6       N7
  grid # 1      123       94      102       97       97      102      102
  grid # 2      509      340      371      339      340      375      374
  grid # 3     4304     4304     4304     4304     4304     4304     4304
  grid # 4     1192     1192     1192     1192     1192     1192     1192
  grid # 5     5226     5226     5226     5226     5226     5226     5226
  grid # 6    23504    12650    12650    12650    12650    12650    12652
  grid # 7      714      688      688      688      688      688      688
  grid # 8      360      358      358      358      358      358      358
   
  number of gridpoints: 
     atom        O8       O9      C10      C11      H12      H13      H14
  grid # 1      124      124       97       97      115      115      113
  grid # 2      509      509      340      341      453      448      446
  grid # 3     4304     4304     4304     4304     4304     4304     4304
  grid # 4     1192     1192     1192     1192     1192     1192     1192
  grid # 5     5226     5226     5226     5226     5226     5226     5226
  grid # 6    23504    23504    12650    12650    13718    13718    13718
  grid # 7      714      714      688      688      744      744      744
  grid # 8      360      360      358      358      382      382      382
   
  number of gridpoints: 
     atom       H15      H16    total
  grid # 1      113      115     1730
  grid # 2      446      444     6584
  grid # 3     4304     4304    68864
  grid # 4     1192     1192    19072
  grid # 5     5226     5226    83616
  grid # 6    13718    13718   240304
  grid # 7      744      744    11366
  grid # 8      382      382     5854
   
  Peak memory usage:   2518 Mb
  
  end of program grid
   
 Time(grid)  user:        4.8  user+sys:        4.8  wallclock:        0.7
  
  start of program rwr
  
  Peak memory usage:   2561 Mb
  
  end of program rwr
   
 Time(rwr)  user:        6.3  user+sys:        6.3  wallclock:        1.3
  
  start of program scf
  
 Energy computed with NOPS off.
 Convergence Criterion:
    Energy (econv):       1.00E-05
    RMS density (dconv):  5.00E-06
  
       i  u  d  i  g                   
       t  p  i  c  r                                 RMS    maximum
       e  d  i  u  i                       energy  density   DIIS  
       r  t  s  t  d       total energy    change  change    error 
  
etot    1  N  N  2  U    -549.47601612333           4.7E-05  7.2E-04
etot    2  N  Y  2  U    -549.47603695669  2.1E-05  2.3E-05  2.4E-04
etot    3  N  Y  2  U    -549.47602625165 -1.1E-05  2.0E-05  9.3E-04
etot    4  N  Y  2  U    -549.47603763930  1.1E-05  6.7E-06  3.2E-04
etot    5  N  Y  2  U    -549.47603880336  1.2E-06  2.3E-06  9.5E-05
etot    6  N  N  2  U    -549.47603896978  1.7E-07  0.0E+00  0.0E+00
 
  Computing the dispersion energy correction and its gradients...
  
  
 Energy components, in hartrees:
   (A)  Nuclear repulsion............     550.91422435567
   (E)  Total one-electron terms.....   -1840.21247032680
   (I)  Total two-electron terms.....     739.82220700135
   (J)    Coulomb....................     811.49282745182
   (K)    Exchange+Correlation.......     -71.67062045047
   (L)  Electronic energy............   -1100.39026332544  (E+I)
   (N0) D3 correction................      -0.00676775617
   (N)  Total energy.................    -549.48280672594  (A+L+N0)
   (O)  Gas phase energy.............    -549.48280672594
  
 SCFE: SCF energy: DFT(pbe-d3)      -549.48280672594 hartrees   iterations:   6
  
 
 HOMO energy:    -0.22543
 LUMO energy:    -0.13981
 
  Orbital energies (hartrees): 
   -18.81436   -18.81419   -18.79116   -14.23735   -10.00276    -9.98322
    -9.95055    -9.94909    -9.94867    -9.94751    -9.94481    -1.13144
    -0.97005    -0.96683    -0.82537    -0.75085    -0.71540    -0.66306
    -0.58941    -0.57209    -0.53425    -0.50669    -0.48469    -0.47036
    -0.45615    -0.43272    -0.42594    -0.41040    -0.39230    -0.38444
    -0.36850    -0.34803    -0.33480    -0.28138    -0.26778    -0.26436
    -0.26422    -0.24646    -0.22543    -0.13981    -0.09142    -0.07226
    -0.01216     0.04264     0.07268     0.09145     0.10769     0.11405
     0.13267
 
  Peak memory usage:   3645 Mb
  
  end of program scf
   
 Time(scf)  user:       99.1  user+sys:       99.1  wallclock:       18.2
  
  start of program der1a
  
  Peak memory usage:   2588 Mb
  
  end of program der1a
   
 Time(der1a)  user:        1.5  user+sys:        1.5  wallclock:        0.3
  
  start of program rwr
  
  Peak memory usage:   2576 Mb
  
  end of program rwr
   
 Time(rwr)  user:       12.7  user+sys:       12.7  wallclock:        2.4
  
  start of program der1b
  
   
  forces (hartrees/bohr) : total     
   
 atom  label           x              y              z
 ---- --------   -------------  -------------  -------------
    1 O1         -1.047453E-04   2.316427E-05  -7.376319E-06
    2 C2          1.017469E-04  -1.998893E-04  -4.501000E-05
    3 C3          1.816228E-04   1.274409E-04   5.265188E-05
    4 C4         -9.328560E-05  -1.668021E-04  -5.507238E-05
    5 C5          2.018915E-04   1.706113E-04   7.207079E-05
    6 C6         -3.523044E-04  -1.045804E-04  -7.050787E-05
    7 N7          4.099789E-04   1.743724E-04   9.573552E-05
    8 O8         -1.783959E-04  -3.303719E-04  -1.106111E-04
    9 O9         -8.191533E-05   1.764733E-04   3.966995E-05
   10 C10         3.048099E-04  -2.337642E-04  -2.884227E-05
   11 C11        -1.551387E-04  -1.094524E-04  -4.917432E-05
   12 H12        -1.980683E-05   3.006787E-05   4.682349E-06
   13 H13        -7.439891E-05  -6.086473E-05  -2.496906E-05
   14 H14         4.200414E-05  -3.313663E-05  -4.098734E-06
   15 H15         1.733283E-05   3.410625E-05   1.544326E-05
   16 H16        -6.109266E-06  -1.199784E-05  -3.861420E-06
 -------------   -------------  -------------  -------------
     total        1.932868E-04  -5.146233E-04  -1.192697E-04
   
  Peak memory usage:   3549 Mb
  
  end of program der1b
   
 Time(der1b)  user:       11.6  user+sys:       11.6  wallclock:        6.7
  
  start of program geopt
  
 ----------------------------------------------------------------------------
  Geometry optimization step   5
  Total energy:      -549.48280672594 hartrees
 ----------------------------------------------------------------------------
  
  energy change:          -2.4594E-05 *  (  5.0000E-05 )
  gradient maximum:        3.8229E-04 *  (  4.5000E-04 )
  gradient rms:            1.0864E-04 *  (  3.0000E-04 )
  displacement maximum:    1.0543E-03 *  (  1.8000E-03 )
  displacement rms:        3.6428E-04 *  (  1.2000E-03 )
  
  predicted energy change:  -8.4062E-07
  step size:     0.00252
  trust radius:  0.30000
  
  ********************************************************
  **           Geometry optimization complete           **
  ********************************************************
  
  Checking the geometry optimization convergence pattern ...
  
  best                    worst
  ==0=====1=====2=====3=====4==
    ^                          
  
  Convergence category 0: monotonic convergence.
  
  center of mass moved by:
     x:     0.0000E+00     y:     0.0000E+00     z:     0.0000E+00
  
  final geometry: 
                                   angstroms
  atom               x                 y                 z
  O1           -3.5624568983      0.9568876921     -0.1377605074 
  C2           -2.8475992052     -0.0193051443     -0.3255269414 
  C3           -1.3688096321     -0.0124871243     -0.1575939653 
  C4           -0.7143989695      1.1712382954      0.2407443037 
  C5            0.6699094931      1.1851592166      0.4001837770 
  C6            1.3826356942      0.0027370900      0.1560441794 
  N7            2.8573923125      0.0105466139      0.3244289008 
  O8            3.3852922912      1.0770011829      0.6739191165 
  O9            3.4619955073     -1.0498358934      0.1044002323 
  C10           0.7600407414     -1.1859046357     -0.2401795044 
  C11          -0.6279759656     -1.1851265647     -0.3961486949 
  H12          -3.2767076435     -1.0068017318     -0.6448025302 
  H13          -1.3189293880      2.0652692099      0.4181606742 
  H14           1.2139049144      2.0805065330      0.7070025747 
  H15           1.3691570477     -2.0745378409     -0.4155231960 
  H16          -1.1458904940     -2.0995021835     -0.7053990176 
   
  bond lengths (angstroms):
 O1      -C2      :   1.224431
 C2      -C3      :   1.488310
 C2      -H12     :   1.123041
 C3      -C4      :   1.410012
 C3      -C11     :   1.407418
 C4      -C5      :   1.393530
 C4      -H13     :   1.093721
 C5      -C6      :   1.402036
 C5      -H14     :   1.091657
 C6      -N7      :   1.484359
 C6      -C10     :   1.399102
 N7      -O8      :   1.240221
 N7      -O9      :   1.240310
 C10     -C11     :   1.396752
 C10     -H15     :   1.091530
 C11     -H16     :   1.095424
  
  bond angles:
 C3      -C2      -O1      : 123.996245
 H12     -C2      -O1      : 121.436723
 H12     -C2      -C3      : 114.567032
 C4      -C3      -C2      : 119.793191
 C11     -C3      -C2      : 120.004533
 C11     -C3      -C4      : 120.202276
 C5      -C4      -C3      : 120.116206
 H13     -C4      -C3      : 118.394073
 H13     -C4      -C5      : 121.489721
 C6      -C5      -C4      : 118.466117
 H14     -C5      -C4      : 122.369246
 H14     -C5      -C6      : 119.164636
 N7      -C6      -C5      : 118.742356
 C10     -C6      -C5      : 122.656262
 C10     -C6      -N7      : 118.601382
 O8      -N7      -C6      : 117.347588
 O9      -N7      -C6      : 117.366853
 O9      -N7      -O8      : 125.285559
 C11     -C10     -C6      : 118.252831
 H15     -C10     -C6      : 119.263139
 H15     -C10     -C11     : 122.484030
 C10     -C11     -C3      : 120.306306
 H16     -C11     -C3      : 119.634093
 H16     -C11     -C10     : 120.059601
  
  torsional angles:
 O1      -C2      -C3      -C4      :  -0.007826
 O1      -C2      -C3      -C11     : 179.989421
 C2      -C3      -C4      -C5      : 179.992386
 C2      -C3      -C4      -H13     :  -0.002682
 C2      -C3      -C11     -C10     :-179.985703
 C2      -C3      -C11     -H16     :   0.011841
 C3      -C4      -C5      -C6      :  -0.006748
 C3      -C4      -C5      -H14     :-179.999191
 C3      -C11     -C10     -C6      :  -0.006244
 C3      -C11     -C10     -H15     : 179.996045
 C4      -C3      -C2      -H12     : 179.995211
 C4      -C3      -C11     -C10     :   0.011533
 C4      -C3      -C11     -H16     :-179.990923
 C4      -C5      -C6      -N7      :-179.980872
 C4      -C5      -C6      -C10     :   0.012297
 C5      -C4      -C3      -C11     :  -0.004855
 C5      -C6      -N7      -O8      :  -0.133372
 C5      -C6      -N7      -O9      : 179.859929
 C5      -C6      -C10     -C11     :  -0.005776
 C5      -C6      -C10     -H15     : 179.992010
 C6      -C5      -C4      -H13     : 179.988165
 C6      -C10     -C11     -H16     : 179.996222
 N7      -C6      -C5      -H14     :   0.011819
 N7      -C6      -C10     -C11     : 179.987402
 N7      -C6      -C10     -H15     :  -0.014812
 O8      -N7      -C6      -C10     : 179.873179
 O9      -N7      -C6      -C10     :  -0.133520
 C10     -C6      -C5      -H14     :-179.995012
 C11     -C3      -C2      -H12     :  -0.007542
 C11     -C3      -C4      -H13     :-179.999923
 H13     -C4      -C5      -H14     :  -0.004279
 H15     -C10     -C11     -H16     :  -0.001488
  
  principal moments of inertia:
        amu*angstrom^2:      140.58466      866.18559     1006.76990
                g*cm^2: 2.33446299E-38 1.43833484E-37 1.67178055E-37
   
  rotational constants:
               cm^(-1):      0.11991087      0.01946191      0.01674427
                   GHz:      3.59483738      0.58345349      0.50198065
   
  nuclear repulsion energy.......     550.914224356 hartrees
  -------------------------------------------------
 /  end of geometry optimization iteration   5   /
 -------------------------------------------------
   
  Peak memory usage:   2740 Mb
  
  end of program geopt
   
 Time(geopt)  user:        4.7  user+sys:        4.7  wallclock:        2.2
  
  start of program cutabab2
  
  Peak memory usage:   2608 Mb
  
  end of program cutabab2
   
 Time(cutabab2)  user:        1.8  user+sys:        1.8  wallclock:        0.3
  
  start of program der2a
  
  Peak memory usage:   2617 Mb
  
  end of program der2a
   
 Time(der2a)  user:        3.9  user+sys:        3.9  wallclock:        1.3
  
  start of program der2b
  
  Peak memory usage:   3414 Mb
  
  end of program der2b
   
 Time(der2b)  user:       55.5  user+sys:       55.5  wallclock:        7.1
  
  start of program der2nda
  
  Computing the dispersion energy correction, gradient, hessian...
 
  Peak memory usage:   2556 Mb
  
  end of program der2nda
   
 Time(der2nda)  user:        3.4  user+sys:        3.4  wallclock:        0.8
  
  start of program der2ndb
  
  Peak memory usage:   3224 Mb
  
  end of program der2ndb
   
 Time(der2ndb)  user:      186.3  user+sys:      186.3  wallclock:       34.3
  
  start of program rwr
  
  Peak memory usage:   2561 Mb
  
  end of program rwr
   
 Time(rwr)  user:        7.4  user+sys:        7.4  wallclock:        1.1
  
  start of program cphfa
  
       1  vectors produced in CPHF
  
     v    i  j  k  i  g
     e    t  c  c  c  r
     c    e  o  o  u  i
     t    r  r  r  t  d       RMS  
  
     1    1  0  0  6  M     1.3E-02
     1    2  0  0  6  M     1.2E-03
     1    3  0  0  6  M     4.9E-04
     1    4  0  0  6  M     2.4E-04
     1    5  0  0  6  M     6.9E-05
     1    6  0  0  6  M     2.6E-05
  
  
  Atomic Polar Tensors (au): Total
  =========================
  
  APT for atom O1      
  --------------------------------------
       -0.9712       0.1790      -0.0276
        0.4027      -0.6018      -0.0411
        0.0337      -0.0662      -0.3019
  --------------------------------------
  
  APT for atom C2      
  --------------------------------------
        1.6511      -0.1149       0.1347
       -0.0179       0.7808       0.1654
        0.1613       0.1545       0.2318
  --------------------------------------
  
  APT for atom C3      
  --------------------------------------
       -0.6899       0.0030      -0.0803
       -0.1710      -0.0420      -0.0394
       -0.1281      -0.0198       0.0117
  --------------------------------------
  
  APT for atom C4      
  --------------------------------------
       -0.0310      -0.2068      -0.0515
        0.0198       0.0216       0.0294
        0.0108       0.0040      -0.0754
  --------------------------------------
  
  APT for atom C5      
  --------------------------------------
       -0.0064       0.2027       0.0646
       -0.0481      -0.0607       0.0019
       -0.0037       0.0299      -0.0794
  --------------------------------------
  
  APT for atom C6      
  --------------------------------------
       -0.4603      -0.0005      -0.0630
       -0.0156       0.1277       0.0067
       -0.0671       0.0085       0.0924
  --------------------------------------
  
  APT for atom N7      
  --------------------------------------
        1.8996      -0.0368       0.1771
       -0.0281       1.1530       0.2443
        0.1793       0.2437       0.3268
  --------------------------------------
  
  APT for atom O8      
  --------------------------------------
       -0.8092      -0.2273      -0.1279
       -0.1859      -0.6783      -0.1448
       -0.1168      -0.1496      -0.2760
  --------------------------------------
  
  APT for atom O9      
  --------------------------------------
       -0.8467       0.2629       0.0012
        0.2187      -0.6790      -0.0990
       -0.0107      -0.0941      -0.2502
  --------------------------------------
  
  APT for atom C10     
  --------------------------------------
        0.0074      -0.1938      -0.0424
        0.0317      -0.0671       0.0094
        0.0190      -0.0161      -0.0905
  --------------------------------------
  
  APT for atom C11     
  --------------------------------------
       -0.0036       0.1977       0.0655
        0.0004       0.0572       0.0442
        0.0113       0.0664      -0.0842
  --------------------------------------
  
  APT for atom H12     
  --------------------------------------
       -0.0549      -0.0520      -0.0262
       -0.1864      -0.2004      -0.0899
       -0.0629      -0.0748       0.0231
  --------------------------------------
  
  APT for atom H13     
  --------------------------------------
        0.0801       0.0608       0.0124
        0.0212       0.0423      -0.0184
        0.0015      -0.0139       0.1143
  --------------------------------------
  
  APT for atom H14     
  --------------------------------------
        0.1021      -0.0464      -0.0159
       -0.0232       0.0735      -0.0182
       -0.0097      -0.0207       0.1235
  --------------------------------------
  
  APT for atom H15     
  --------------------------------------
        0.1016       0.0480       0.0098
        0.0286       0.0737      -0.0127
        0.0046      -0.0104       0.1294
  --------------------------------------
  
  APT for atom H16     
  --------------------------------------
        0.0313      -0.0757      -0.0306
       -0.0470      -0.0006      -0.0380
       -0.0226      -0.0412       0.1045
  --------------------------------------
  
  Peak memory usage:   3054 Mb
  
  end of program cphfa
   
 Time(cphfa)  user:       95.0  user+sys:       95.0  wallclock:       15.5
  
  start of program freq
  
   
  Number of frequencies:  42
  harmonic frequencies in cm**-1, reduced masses in amu,
  force constants in mDyne/A, and
  normal modes in cartesian coordinates:          42
  IR intensities in km/mol
  
  vibration #            1        2        3        4        5        6
                  -------- -------- -------- -------- -------- --------
  frequencies        59.67    80.74   161.82   164.37   270.72   281.98
  intensities         0.93     4.97     1.97     7.95     1.95     5.67
  reduc. mass         4.44     2.55     1.64     3.42     2.20     1.12
  force const         0.01     0.01     0.03     0.05     0.10     0.05
    O1       X     0.00629 -0.01476  0.00920 -0.10356 -0.10297  0.00178
    O1       Y     0.01543 -0.03619  0.02488 -0.11600 -0.02185  0.00341
    O1       Z    -0.05592  0.13197 -0.09859 -0.04162 -0.01761 -0.01207
    C2       X    -0.00170 -0.00387 -0.01540  0.00648 -0.02647 -0.01020
    C2       Y    -0.00402 -0.00948 -0.03861 -0.03814  0.03067 -0.02540
    C2       Z     0.01481  0.03455  0.13800 -0.01231  0.00590  0.09196
    C3       X    -0.00247  0.00656 -0.00701  0.00474 -0.01526  0.01216
    C3       Y    -0.00598  0.01595 -0.01628  0.06444  0.06188  0.02930
    C3       Z     0.02174 -0.05828  0.06351  0.01704  0.01482 -0.10764
    C4       X     0.00427  0.01281 -0.00270  0.01137  0.05077  0.00964
    C4       Y     0.01040  0.03125 -0.00597  0.06410  0.02636  0.02406
    C4       Z    -0.03804 -0.11401  0.02599  0.01833  0.01259 -0.08789
    C5       X     0.00408  0.01270  0.00379  0.01911  0.05517 -0.00875
    C5       Y     0.00993  0.03099  0.00936  0.05308 -0.05931 -0.02042
    C5       Z    -0.03633 -0.11299 -0.03047  0.01722 -0.00986  0.07556
    C6       X    -0.00093  0.00587  0.00895  0.01169  0.02269 -0.01330
    C6       Y    -0.00227  0.01433  0.02210  0.04562 -0.07844 -0.03179
    C6       Z     0.00809 -0.05229 -0.07738  0.01530 -0.01860  0.11732
    N7       X     0.00097 -0.00333  0.00068  0.01665  0.03307 -0.00422
    N7       Y     0.00230 -0.00804  0.00065 -0.02083 -0.01757 -0.00991
    N7       Z    -0.00846  0.02942 -0.00364 -0.00379 -0.00089  0.03618
    O8       X    -0.01437 -0.01013 -0.00270  0.08192 -0.05927  0.00430
    O8       Y    -0.03444 -0.02488 -0.01136 -0.05385  0.02953  0.01023
    O8       Z     0.12687  0.09106  0.03801 -0.00623  0.00133 -0.03817
    O9       X     0.01798 -0.00525 -0.00625 -0.04542  0.12756  0.00377
    O9       Y     0.04306 -0.01240 -0.01365 -0.05406  0.03337  0.00961
    O9       Z    -0.15804  0.04513  0.04607 -0.02094  0.02355 -0.03594
    C10      X    -0.00723  0.00349  0.01216 -0.00073 -0.03683 -0.00319
    C10      Y    -0.01761  0.00849  0.03054  0.05428 -0.04912 -0.00792
    C10      Z     0.06401 -0.03104 -0.10762  0.01694 -0.01765  0.02993
    C11      X    -0.00899  0.00424  0.00164  0.00449 -0.04794  0.00870
    C11      Y    -0.02188  0.01031  0.00484  0.06622  0.03739  0.02062
    C11      Z     0.07962 -0.03772 -0.01325  0.01902  0.00444 -0.07545
    H12      X    -0.00875 -0.00325 -0.04388  0.11475  0.03872 -0.04574
    H12      Y    -0.02114 -0.00785 -0.11348 -0.08537  0.00026 -0.11147
    H12      Z     0.07725  0.02865  0.40776 -0.01820  0.00627  0.40600
    H13      X     0.00948  0.01516 -0.00656  0.02369  0.11793  0.01333
    H13      Y     0.02309  0.03700 -0.01576  0.07234  0.06832  0.03361
    H13      Z    -0.08427 -0.13500  0.06219  0.02122  0.03154 -0.12347
    H14      X     0.00817  0.01526  0.00222  0.02518  0.10022 -0.01504
    H14      Y     0.01984  0.03716  0.00526  0.05050 -0.08699 -0.03509
    H14      Z    -0.07253 -0.13556 -0.01570  0.01681 -0.01213  0.12957
    H15      X    -0.01045 -0.00085  0.01779 -0.00917 -0.09559 -0.00304
    H15      Y    -0.02547 -0.00212  0.04457  0.04950 -0.08819 -0.00800
    H15      Z     0.09271  0.00768 -0.15909  0.01569 -0.03498  0.03095
    H16      X    -0.01469  0.00044  0.00000 -0.00192 -0.09573  0.01163
    H16      Y    -0.03574  0.00101  0.00112  0.06975  0.06323  0.02705
    H16      Z     0.13014 -0.00388  0.00047  0.01904  0.00600 -0.09939
  
  vibration #            7        8        9       10       11       12
                  -------- -------- -------- -------- -------- --------
  frequencies       331.97   408.95   460.59   503.10   529.48   616.35
  intensities         3.19     0.19     3.74     3.84     1.72     0.49
  reduc. mass         2.14     1.52     1.83     2.43     1.68     2.31
  force const         0.14     0.15     0.23     0.36     0.28     0.52
    O1       X     0.06556  0.00162 -0.00054 -0.08007 -0.08646 -0.00259
    O1       Y    -0.05103  0.00388 -0.00110  0.01593  0.03137 -0.01411
    O1       Z    -0.00666 -0.01404  0.00396 -0.00464 -0.00108 -0.00417
    C2       X     0.10795 -0.00274 -0.00025 -0.01956 -0.05117  0.02134
    C2       Y    -0.01756 -0.00670 -0.00056  0.05051  0.04460  0.00620
    C2       Z     0.00732  0.02426  0.00218  0.01171  0.00646  0.00413
    C3       X     0.07581 -0.00064  0.01647  0.02185  0.01303  0.01194
    C3       Y     0.04788 -0.00153  0.04021 -0.00948 -0.03942 -0.04455
    C3       Z     0.02171  0.00546 -0.14632  0.00036 -0.00966 -0.01079
    C4       X     0.05279 -0.01196 -0.00510  0.07062  0.03617  0.10034
    C4       Y     0.05858 -0.02908 -0.01303 -0.04089 -0.04419 -0.07289
    C4       Z     0.02206  0.10593  0.04724 -0.00353 -0.00792 -0.00880
    C5       X     0.04083  0.01304 -0.00559  0.06301  0.03541  0.09180
    C5       Y     0.01332  0.03199 -0.01444 -0.06259  0.04696  0.08221
    C5       Z     0.00817 -0.11637  0.05150 -0.01009  0.01680  0.03297
    C6       X    -0.03079 -0.00227  0.01566  0.02974  0.04514 -0.01727
    C6       Y    -0.02223 -0.00539  0.03780 -0.04093  0.04836  0.04339
    C6       Z    -0.00961  0.01990 -0.13877 -0.00707  0.01788  0.01003
    N7       X    -0.08350 -0.00105  0.00683 -0.02462 -0.02098 -0.00007
    N7       Y    -0.01310 -0.00264  0.01694  0.07719 -0.05424  0.00457
    N7       Z    -0.01298  0.00947 -0.06073  0.01841 -0.01715  0.00109
    O8       X    -0.13117 -0.00005 -0.00236  0.05332 -0.11764  0.00911
    O8       Y     0.01020 -0.00011 -0.00653  0.04952 -0.01447  0.00405
    O8       Z    -0.01193  0.00025  0.02491  0.01942 -0.01718  0.00218
    O9       X    -0.06620  0.00124 -0.00330 -0.13999  0.01420  0.00874
    O9       Y    -0.00345  0.00273 -0.00642  0.02736 -0.04615  0.01497
    O9       Z    -0.00839 -0.01008  0.02425 -0.00847 -0.01094  0.00513
    C10      X    -0.00470 -0.01253 -0.00781  0.03651  0.08761 -0.11623
    C10      Y    -0.02718 -0.03048 -0.01914 -0.06436  0.05628  0.06665
    C10      Z    -0.00797  0.11131  0.06858 -0.01347  0.02528  0.00525
    C11      X     0.00941  0.01442 -0.00296  0.02850  0.09062 -0.11122
    C11      Y     0.01970  0.03518 -0.00704 -0.03231 -0.01890 -0.09228
    C11      Z     0.00648 -0.12817  0.02538 -0.00594  0.00515 -0.03791
    H12      X     0.16042 -0.00739 -0.02065  0.00150 -0.06077  0.03397
    H12      Y    -0.04187 -0.01783 -0.05057  0.04100  0.04990 -0.00155
    H12      Z     0.00650  0.06500  0.18434  0.01094  0.00701  0.00332
    H13      X     0.05240 -0.02538 -0.02557  0.10643  0.01324  0.04921
    H13      Y     0.05735 -0.06185 -0.06339 -0.01876 -0.05723 -0.10390
    H13      Z     0.02168  0.22532  0.23127  0.00567 -0.01341 -0.02323
    H14      X     0.10119  0.02901 -0.02491  0.09653 -0.02590  0.05097
    H14      Y    -0.02455  0.07105 -0.06212 -0.08214  0.08056  0.10544
    H14      Z     0.00454 -0.25871  0.22490 -0.01254  0.01978  0.03462
    H15      X    -0.00175 -0.02609 -0.02885  0.01642  0.14745 -0.06173
    H15      Y    -0.02388 -0.06369 -0.07017 -0.07480  0.09398  0.09937
    H15      Z    -0.00668  0.23254  0.25412 -0.01944  0.04295  0.02029
    H16      X    -0.05219  0.03185 -0.02051  0.02087  0.17374 -0.08410
    H16      Y     0.05446  0.07758 -0.04946 -0.02867 -0.06489 -0.10676
    H16      Z     0.00907 -0.28276  0.18018 -0.00683  0.00248 -0.03894
  
  vibration #           13       14       15       16       17       18
                  -------- -------- -------- -------- -------- --------
  frequencies       673.41   675.72   724.24   799.22   827.84   845.42
  intensities        11.88     6.29    17.94    98.39     6.59    26.84
  reduc. mass         1.99     1.27     2.00     1.88     0.39     0.49
  force const         0.53     0.34     0.62     0.71     0.16     0.21
    O1       X     0.00040 -0.07493  0.00078 -0.02533  0.00056  0.00104
    O1       Y     0.00120  0.00413  0.00186 -0.01364  0.00140  0.00253
    O1       Z    -0.00427 -0.00728 -0.00685 -0.00658 -0.00516 -0.00937
    C2       X    -0.00182  0.07754 -0.00207  0.11026 -0.00170 -0.00277
    C2       Y    -0.00446  0.09443 -0.00515  0.07433 -0.00439 -0.00709
    C2       Z     0.01660  0.03463  0.01880  0.03277  0.01631  0.02624
    C3       X    -0.01086  0.08552 -0.01006  0.02074 -0.00123 -0.00377
    C3       Y    -0.02674 -0.01139 -0.02458 -0.00032 -0.00302 -0.00911
    C3       Z     0.09743  0.00630  0.08958  0.00220  0.01103  0.03328
    C4       X     0.00797 -0.04487  0.00702 -0.04654 -0.00345  0.00829
    C4       Y     0.02008  0.04380  0.01705 -0.03871 -0.00835  0.01985
    C4       Z    -0.07269  0.00708 -0.06223 -0.01590  0.03018 -0.07344
    C5       X    -0.00962 -0.05384 -0.00327 -0.06228 -0.00395  0.00896
    C5       Y    -0.02292  0.05528 -0.00804 -0.04701 -0.00952  0.02175
    C5       Z     0.08411  0.00904  0.02907 -0.02005  0.03429 -0.08033
    C6       X     0.00375 -0.09332  0.01375  0.04998 -0.00537 -0.00999
    C6       Y     0.00940  0.00529  0.03342  0.00588 -0.01330 -0.02441
    C6       Z    -0.03416 -0.00907 -0.12189  0.00726  0.04843  0.08903
    N7       X     0.01638 -0.02308 -0.01594  0.09890  0.00431  0.00685
    N7       Y     0.03941 -0.00507 -0.03848 -0.00061  0.01002  0.01729
    N7       Z    -0.14523 -0.00383  0.14148  0.01094 -0.03672 -0.06352
    O8       X    -0.00494  0.03764  0.00473 -0.03371 -0.00108 -0.00154
    O8       Y    -0.01179 -0.04554  0.01135  0.09175 -0.00232 -0.00425
    O8       Z     0.04292 -0.00821 -0.04151  0.02116  0.00910  0.01444
    O9       X    -0.00469  0.04484  0.00467 -0.02351 -0.00103 -0.00164
    O9       Y    -0.01172  0.03519  0.01128 -0.09605 -0.00245 -0.00370
    O9       Z     0.04297  0.01459 -0.04152 -0.02877  0.00844  0.01492
    C10      X    -0.00927  0.02191 -0.00286 -0.03275  0.00865  0.00165
    C10      Y    -0.02303 -0.07586 -0.00682  0.03694  0.02124  0.00432
    C10      Z     0.08385 -0.01848  0.02472  0.00658 -0.07709 -0.01487
    C11      X     0.00825  0.01857  0.00717 -0.02913  0.00913  0.00282
    C11      Y     0.01966 -0.09683  0.01768 -0.00574  0.02240  0.00698
    C11      Z    -0.07167 -0.02441 -0.06451 -0.00473 -0.08147 -0.02445
    H12      X     0.00884  0.13917  0.01543  0.19212  0.00986  0.01901
    H12      Y     0.02149  0.06685  0.03753  0.03761  0.02367  0.04567
    H12      Z    -0.07797  0.03400 -0.13672  0.03196 -0.08596 -0.16624
    H13      X     0.02810 -0.15952 -0.00055 -0.08327  0.02043 -0.05841
    H13      Y     0.06958 -0.02512 -0.00152 -0.06290  0.04995 -0.14341
    H13      Z    -0.25350 -0.02437  0.00552 -0.02607 -0.18224  0.52193
    H14      X    -0.00439  0.00179 -0.03151 -0.17239  0.02977 -0.05586
    H14      Y    -0.01015  0.02429 -0.07665  0.01516  0.07303 -0.13557
    H14      Z     0.03755  0.00682  0.27939 -0.01449 -0.26642  0.49363
    H15      X    -0.00414  0.13042 -0.03401 -0.08900 -0.05566 -0.00713
    H15      Y    -0.01083 -0.01074 -0.08273  0.00299 -0.13557 -0.01688
    H15      Z     0.03979  0.01201  0.30124 -0.01002  0.49430  0.06213
    H16      X     0.02888 -0.04795 -0.00474 -0.03390 -0.06436 -0.02052
    H16      Y     0.07005 -0.06142 -0.01122 -0.00174 -0.15700 -0.05034
    H16      Z    -0.25520 -0.02173  0.04089 -0.00500  0.57207  0.18417
  
  vibration #           19       20       21       22       23       24
                  -------- -------- -------- -------- -------- --------
  frequencies       854.50   956.90   974.49   996.24  1004.72  1088.47
  intensities         2.21     1.07     0.19     0.77     4.20    38.66
  reduc. mass         1.46     0.52     0.46     1.32     1.36     2.73
  force const         0.63     0.28     0.26     0.77     0.81     1.91
    O1       X    -0.01142 -0.00128 -0.00159  0.00397  0.00098 -0.00304
    O1       Y    -0.01196 -0.00317 -0.00387  0.00967 -0.00140  0.00070
    O1       Z    -0.00452  0.01157  0.01413 -0.03523 -0.00042 -0.00015
    C2       X     0.07984  0.00487  0.00604 -0.01689  0.00402  0.00173
    C2       Y     0.05118  0.01196  0.01482 -0.04129  0.00414  0.00003
    C2       Z     0.02290 -0.04360 -0.05406  0.15034  0.00220  0.00018
    C3       X    -0.00875 -0.00156 -0.00225  0.00918 -0.01039  0.01468
    C3       Y     0.00297 -0.00372 -0.00553  0.02238  0.00131 -0.00994
    C3       Z    -0.00027  0.01360  0.02025 -0.08165 -0.00117 -0.00107
    C4       X     0.00922 -0.00099 -0.00986 -0.00591  0.02443 -0.05146
    C4       Y    -0.10445 -0.00249 -0.02397 -0.01374 -0.11598  0.06599
    C4       Z    -0.02738  0.00898  0.08778  0.05190 -0.02877  0.01232
    C5       X    -0.03272  0.00266  0.01000  0.00313  0.01133  0.01394
    C5       Y    -0.09396  0.00648  0.02439  0.00730  0.10938  0.03715
    C5       Z    -0.02920 -0.02349 -0.08917 -0.02835  0.03110  0.01176
    C6       X     0.02488 -0.00322 -0.00120 -0.00013 -0.02955  0.19443
    C6       Y     0.00525 -0.00771 -0.00301 -0.00068 -0.00063 -0.00633
    C6       Z     0.00394  0.02805  0.01107  0.00243 -0.00348  0.02018
    N7       X    -0.08528  0.00212  0.00077  0.00018  0.00518 -0.03505
    N7       Y    -0.00114  0.00501  0.00196  0.00052  0.00005 -0.00146
    N7       Z    -0.00976 -0.01838 -0.00727 -0.00194  0.00060 -0.00436
    O8       X     0.01690 -0.00039 -0.00005 -0.00001  0.00302 -0.01182
    O8       Y    -0.08651 -0.00091 -0.00021 -0.00006  0.00805 -0.03934
    O8       Z    -0.02165  0.00355  0.00070  0.00009  0.00252 -0.01202
    O9       X     0.01324 -0.00035 -0.00019 -0.00005  0.00348 -0.01590
    O9       Y     0.08403 -0.00080 -0.00042 -0.00002 -0.00788  0.04191
    O9       Z     0.02431  0.00285  0.00169  0.00030 -0.00175  0.00960
    C10      X    -0.01877  0.01119 -0.00333  0.00081  0.01904 -0.00831
    C10      Y     0.08622  0.02720 -0.00812  0.00258 -0.10918 -0.02208
    C10      Z     0.02158 -0.09929  0.02972 -0.00766 -0.02781 -0.00703
    C11      X     0.01329 -0.00906  0.00494 -0.00365  0.01743 -0.02331
    C11      Y     0.07344 -0.02205  0.01199 -0.00917  0.11434 -0.05278
    C11      Z     0.02174  0.08039 -0.04424  0.03162  0.03342 -0.01709
    H12      X     0.15371 -0.02162 -0.02586  0.06651  0.02446 -0.02125
    H12      Y     0.01921 -0.05296 -0.06312  0.16308 -0.00375  0.01062
    H12      Z     0.02319  0.19269  0.22994 -0.59384 -0.00072  0.00059
    H13      X     0.05744  0.01076  0.05837  0.03327 -0.15098 -0.18015
    H13      Y    -0.08037  0.02622  0.14210  0.08052 -0.22477 -0.00492
    H13      Z    -0.01734 -0.09567 -0.51662 -0.28956 -0.08034 -0.02152
    H14      X    -0.12742 -0.01991 -0.05820 -0.01777 -0.17784 -0.16147
    H14      Y    -0.04351 -0.04838 -0.14138 -0.04559  0.22119  0.14695
    H14      Z    -0.02780  0.17661  0.51547  0.16304  0.04171  0.02203
    H15      X    -0.06888 -0.06719  0.01557 -0.00424 -0.16385 -0.36719
    H15      Y     0.05969 -0.16439  0.03760 -0.01108 -0.22463 -0.24864
    H15      Z     0.00862  0.59934 -0.13629  0.04400 -0.08007 -0.10921
    H16      X     0.07550  0.05413 -0.02326  0.01804 -0.15483  0.01795
    H16      Y     0.04417  0.13231 -0.05686  0.04202  0.21060 -0.07888
    H16      Z     0.01986 -0.48186  0.20654 -0.15599  0.04005 -0.01974
  
  vibration #           25       26       27       28       29       30
                  -------- -------- -------- -------- -------- --------
  frequencies      1093.73  1155.29  1196.27  1271.90  1331.92  1366.10
  intensities        11.03    13.59    72.64     7.91   289.03    10.75
  reduc. mass         0.30     0.30     2.64     0.31     5.29     0.75
  force const         0.21     0.23     2.23     0.30     5.53     0.82
    O1       X    -0.00929  0.00218 -0.01391  0.00580 -0.00035  0.00523
    O1       Y     0.00390 -0.00204  0.01118  0.00670 -0.00113  0.05111
    O1       Z     0.00003 -0.00032  0.00151  0.00249 -0.00035  0.01461
    C2       X     0.00127  0.02969 -0.07013 -0.02558  0.00306 -0.07914
    C2       Y     0.00277  0.01327 -0.03315 -0.01756 -0.00045 -0.03962
    C2       Z     0.00090  0.00698 -0.01697 -0.00767  0.00022 -0.01973
    C3       X     0.02645 -0.06942  0.19203  0.01176 -0.00233  0.02592
    C3       Y    -0.03425 -0.00317 -0.01700  0.07953 -0.00461  0.09454
    C3       Z    -0.00643 -0.00867  0.01691  0.02314 -0.00153  0.02884
    C4       X    -0.04007  0.02715  0.05143  0.03020  0.00230 -0.00474
    C4       Y     0.00454  0.00838  0.01117  0.02103  0.00536 -0.04252
    C4       Z    -0.00320  0.00535  0.00884  0.00916  0.00174 -0.01220
    C5       X     0.04305 -0.02010 -0.05525  0.03691  0.01074 -0.00841
    C5       Y     0.00557  0.03173 -0.04217 -0.02501 -0.00327 -0.03179
    C5       Z     0.00629  0.00645 -0.01777 -0.00271  0.00030 -0.00966
    C6       X    -0.04509 -0.06375 -0.04136 -0.00420 -0.03938 -0.00585
    C6       Y    -0.02074  0.00079  0.00070 -0.07257 -0.00575  0.08981
    C6       Z    -0.01076 -0.00695 -0.00446 -0.02037 -0.00602  0.02397
    N7       X     0.00892  0.00421  0.00316 -0.00262  0.18769  0.00932
    N7       Y    -0.00479 -0.00102 -0.00001  0.00612  0.00091  0.00414
    N7       Z    -0.00028  0.00020  0.00035  0.00139  0.02146  0.00216
    O8       X     0.00387  0.00708  0.00661  0.00702 -0.06892 -0.01047
    O8       Y     0.01381  0.01112  0.00782  0.00568 -0.09376 -0.01132
    O8       Z     0.00418  0.00382  0.00288  0.00233 -0.03328 -0.00425
    O9       X     0.00223  0.00842  0.00676 -0.00333 -0.07654  0.00450
    O9       Y    -0.00492 -0.01048 -0.00740  0.00050  0.09374 -0.00301
    O9       Z    -0.00109 -0.00190 -0.00125 -0.00024  0.01684 -0.00031
    C10      X    -0.05585 -0.02625 -0.06107 -0.04622  0.00887 -0.00171
    C10      Y     0.04540 -0.02470  0.04401 -0.01494  0.00530 -0.01730
    C10      Z     0.00618 -0.00974  0.00519 -0.00929  0.00246 -0.00494
    C11      X     0.05856  0.05000  0.04826 -0.01304 -0.00031  0.02398
    C11      Y     0.04033 -0.01403  0.00614  0.01242  0.00162 -0.05669
    C11      Z     0.01765  0.00178  0.00714  0.00194  0.00041 -0.01287
    H12      X    -0.02515  0.09865 -0.25220  0.06019 -0.03056  0.59922
    H12      Y     0.01780 -0.01429  0.04404 -0.05152  0.01363 -0.35533
    H12      Z     0.00205  0.00711 -0.01625 -0.00747  0.00032 -0.03034
    H13      X    -0.39485  0.41380  0.08548 -0.37795 -0.00756 -0.01662
    H13      Y    -0.20709  0.24169  0.02446 -0.22456  0.00046 -0.05470
    H13      Z    -0.10153  0.11287  0.01636 -0.10406 -0.00076 -0.01691
    H14      X     0.49768 -0.19068 -0.28595 -0.38135 -0.03840  0.06597
    H14      Y    -0.25441  0.12968  0.08298  0.21440  0.02627 -0.07934
    H14      Z    -0.01337  0.01410 -0.00949  0.01586  0.00297 -0.01435
    H15      X    -0.33213 -0.31185 -0.25399  0.29466 -0.01801 -0.11423
    H15      Y    -0.11590 -0.19816 -0.06556  0.19457 -0.01203 -0.08910
    H15      Z    -0.06910 -0.08941 -0.04650  0.08643 -0.00541 -0.03727
    H16      X     0.32033  0.51641 -0.08965  0.41130  0.00408 -0.05741
    H16      Y    -0.09620 -0.26869  0.09089 -0.21872 -0.00138 -0.02043
    H16      Z     0.00967 -0.01566  0.01476 -0.01374  0.00007 -0.01208
  
  vibration #           31       32       33       34       35       36
                  -------- -------- -------- -------- -------- --------
  frequencies      1398.58  1418.64  1476.69  1568.17  1608.42  1616.98
  intensities        25.53     3.63     0.30   126.90    17.64    43.48
  reduc. mass         1.91     1.15     0.88     3.59     1.86     1.90
  force const         2.20     1.36     1.14     5.20     2.83     2.93
    O1       X     0.00421  0.01897  0.00037  0.01038 -0.00802 -0.01253
    O1       Y    -0.01636 -0.04572 -0.00147 -0.01164  0.00857  0.01395
    O1       Z    -0.00402 -0.01042 -0.00036 -0.00203  0.00145  0.00243
    C2       X     0.01677  0.01343  0.02496 -0.01124  0.02529  0.01212
    C2       Y     0.00953  0.01203  0.00379  0.00534 -0.01260 -0.00831
    C2       Z     0.00450  0.00482  0.00383  0.00021 -0.00062 -0.00092
    C3       X    -0.00745 -0.01014 -0.09941 -0.00151 -0.08490  0.01971
    C3       Y     0.05358  0.13178 -0.00971  0.08460 -0.01031 -0.09535
    C3       Z     0.01387  0.03503 -0.01383  0.02305 -0.01237 -0.02395
    C4       X    -0.12552  0.04918  0.03787 -0.02290  0.13006  0.00748
    C4       Y    -0.03747 -0.03812  0.06641 -0.04485  0.04179  0.05096
    C4       Z    -0.02440 -0.00494  0.02248 -0.01489  0.02608  0.01482
    C5       X     0.12194 -0.03958  0.08402 -0.01990 -0.11430  0.04620
    C5       Y    -0.02992 -0.03853 -0.07301  0.03961  0.01485 -0.07556
    C5       Z     0.00551 -0.01502 -0.01058  0.00864 -0.00878 -0.01552
    C6       X     0.00478 -0.01065 -0.08778 -0.00242  0.05543 -0.01209
    C6       Y     0.05883  0.11428  0.00513 -0.06723  0.02590  0.14176
    C6       Z     0.01668  0.03013 -0.00848 -0.01871  0.01335  0.03751
    N7       X     0.00101 -0.00038 -0.01400  0.00607  0.01148  0.00211
    N7       Y     0.00355  0.01357  0.00093 -0.17424 -0.02585 -0.11586
    N7       Z     0.00108  0.00362 -0.00133 -0.04672 -0.00575 -0.03133
    O8       X    -0.00458 -0.01058  0.00865  0.03727  0.00017  0.01610
    O8       Y    -0.00281 -0.01302  0.01099  0.07560  0.00356  0.04361
    O8       Z    -0.00128 -0.00473  0.00397  0.02476  0.00099  0.01369
    O9       X     0.00280  0.01201  0.01045 -0.04223 -0.00851 -0.01792
    O9       Y    -0.00043 -0.01377 -0.01195  0.07441  0.01585  0.04151
    O9       Z     0.00020 -0.00239 -0.00207  0.01548  0.00335  0.00928
    C10      X    -0.12083  0.05537  0.06520  0.02828 -0.11457 -0.00380
    C10      Y    -0.04338 -0.03532  0.06700  0.04642 -0.04045 -0.07125
    C10      Z    -0.02551 -0.00347  0.02573  0.01591 -0.02400 -0.01999
    C11      X     0.11763 -0.04882  0.05337  0.02213  0.11793 -0.06088
    C11      Y    -0.03007 -0.03980 -0.06037 -0.04705 -0.02512  0.06777
    C11      Z     0.00498 -0.01641 -0.01058 -0.01043  0.00637  0.01176
    H12      X    -0.19191 -0.43629  0.01804 -0.04762 -0.01837  0.04260
    H12      Y     0.10709  0.22616  0.00619  0.02348  0.01075 -0.02412
    H12      Z     0.00785  0.01307  0.00377  0.00111  0.00089 -0.00187
    H13      X     0.10280 -0.09656 -0.25053  0.04929 -0.11472 -0.06103
    H13      Y     0.10887 -0.13630 -0.09883 -0.00421 -0.11362  0.01373
    H13      Z     0.04142 -0.04828 -0.05524  0.00443 -0.04406 -0.00310
    H14      X    -0.06162  0.07624 -0.27429  0.03058  0.07156 -0.09128
    H14      Y     0.08277 -0.11513  0.12622  0.01093 -0.10032 -0.00607
    H14      Z     0.01573 -0.02300  0.00374  0.00636 -0.01948 -0.01202
    H15      X     0.10019 -0.09086 -0.25091 -0.05084  0.08848  0.07930
    H15      Y     0.09730 -0.13561 -0.11825 -0.00138  0.08754 -0.03347
    H15      Z     0.03797 -0.04739 -0.06064 -0.00615  0.03399 -0.00027
    H16      X    -0.08932  0.12419 -0.28845 -0.06180 -0.10455  0.12484
    H16      Y     0.09070 -0.14295  0.11930 -0.00460  0.10156 -0.03196
    H16      Z     0.01486 -0.02531  0.00032 -0.00822  0.01613  0.00527
  
  vibration #           37       38       39       40       41       42
                  -------- -------- -------- -------- -------- --------
  frequencies      1743.32  2815.38  3116.90  3142.92  3169.67  3170.19
  intensities       184.84   138.09     4.94     1.52     1.04     1.51
  reduc. mass         6.21     0.93     0.90     0.85     0.85     0.90
  force const        11.12     4.34     5.17     4.92     5.01     5.34
    O1       X     0.08789 -0.00115  0.00039 -0.00009  0.00004 -0.00006
    O1       Y    -0.11802  0.00072 -0.00020  0.00048 -0.00011  0.00006
    O1       Z    -0.02254  0.00007 -0.00001  0.00012 -0.00002  0.00001
    C2       X    -0.13931  0.03520 -0.00105  0.00069 -0.00019  0.00016
    C2       Y     0.17003  0.06833 -0.00021 -0.00073  0.00017  0.00001
    C2       Z     0.03105  0.02271 -0.00018 -0.00012  0.00003  0.00002
    C3       X     0.00012 -0.00165 -0.00174  0.00105 -0.00054  0.00056
    C3       Y    -0.03166  0.00172  0.00171  0.00172 -0.00086 -0.00068
    C3       Z    -0.00868  0.00028  0.00027  0.00059 -0.00030 -0.00012
    C4       X     0.01231 -0.00027 -0.00107  0.04414 -0.01327  0.00144
    C4       Y     0.01806 -0.00020  0.00256 -0.06665  0.01417 -0.00208
    C4       Z     0.00635 -0.00008  0.00058 -0.01333  0.00240 -0.00041
    C5       X    -0.00515 -0.00023 -0.00047  0.00515  0.04048 -0.00109
    C5       Y    -0.00621  0.00027 -0.00125  0.01490  0.06739 -0.00256
    C5       Z    -0.00228  0.00005 -0.00040  0.00467  0.02304 -0.00083
    C6       X     0.00256  0.00020 -0.00002  0.00009  0.00170 -0.00170
    C6       Y     0.00818 -0.00016  0.00047  0.00013 -0.00246 -0.00237
    C6       Z     0.00253 -0.00002  0.00013  0.00005 -0.00048 -0.00084
    N7       X     0.00217 -0.00033  0.00007  0.00003  0.00037 -0.00048
    N7       Y    -0.00214 -0.00001  0.00006  0.00021  0.00109  0.00103
    N7       Z    -0.00034 -0.00004  0.00003  0.00006  0.00034  0.00023
    O8       X    -0.00063  0.00009 -0.00004  0.00009  0.00032  0.00017
    O8       Y     0.00007  0.00003 -0.00002 -0.00013 -0.00055  0.00001
    O8       Z    -0.00005  0.00002 -0.00001 -0.00003 -0.00012  0.00002
    O9       X    -0.00080  0.00013 -0.00008 -0.00002 -0.00019 -0.00028
    O9       Y     0.00120 -0.00007 -0.00007 -0.00000 -0.00004 -0.00056
    O9       Z     0.00024 -0.00000 -0.00003 -0.00000 -0.00003 -0.00019
    C10      X    -0.01348  0.00019 -0.00203  0.00081 -0.00195 -0.04562
    C10      Y    -0.00690 -0.00037  0.00771 -0.00125  0.00223  0.06820
    C10      Z    -0.00341 -0.00008  0.00189 -0.00025  0.00039  0.01358
    C11      X     0.01573  0.00006 -0.03870 -0.00178 -0.00006  0.00804
    C11      Y     0.00350 -0.00047 -0.06887 -0.00220 -0.00060  0.00764
    C11      Z     0.00272 -0.00013 -0.02326 -0.00080 -0.00017  0.00300
    H12      X     0.15533 -0.39104  0.00669 -0.00294  0.00099 -0.00070
    H12      Y     0.02108 -0.82991  0.00431 -0.00374  0.00121 -0.00043
    H12      Z     0.02330 -0.27173  0.00196 -0.00136  0.00045 -0.00020
    H13      X    -0.03186  0.00026  0.01527 -0.50474  0.11129 -0.01500
    H13      Y    -0.00230 -0.00566 -0.02556  0.76712 -0.16483  0.02266
    H13      Z    -0.00420 -0.00153 -0.00529  0.15380 -0.03273  0.00453
    H14      X    -0.01446  0.00055  0.00792 -0.09790 -0.45424  0.01461
    H14      Y    -0.00181 -0.00063  0.01396 -0.17094 -0.76849  0.02471
    H14      Z    -0.00213 -0.00011  0.00472 -0.05791 -0.26191  0.00842
    H15      X     0.00862  0.00120  0.05917 -0.00902  0.01994  0.51832
    H15      Y     0.00726 -0.00006 -0.09301  0.01363 -0.02991 -0.77595
    H15      Z     0.00296  0.00012 -0.01886  0.00272 -0.00597 -0.15463
    H16      X    -0.00536  0.00956  0.44253  0.01725  0.00249 -0.05287
    H16      Y     0.01300  0.00257  0.79328  0.02948  0.00477 -0.08909
    H16      Z     0.00299  0.00181  0.26753  0.01003  0.00159 -0.03040
  
  Number of imaginary frequencies:   0
   
  Writing vibrational animation data to J1_7116_2111.vib
  Writing IR vibrational spectrum data to J1_7116_2111_vib.spm
  rotational symmetry number:  1

  rotational temperatures (K):      0.172525      0.028001      0.024091
   
  The Quasi-Harmonic approximation will be applied to compute
  vibrational constributions to thermodynamic properties.
  Frequencies will be adjusted to a minimum value of  100.00 cm^-1.

  vibrational temperatures:
       mode:      1        2        3        4        5        6
  temp. (K):   143.88   143.88   232.82   236.50   389.51   405.70
   
       mode:      7        8        9       10       11       12
  temp. (K):   477.63   588.39   662.69   723.85   761.80   886.79
   
       mode:     13       14       15       16       17       18
  temp. (K):   968.88   972.21  1042.02  1149.89  1191.08  1216.37
   
       mode:     19       20       21       22       23       24
  temp. (K):  1229.43  1376.77  1402.07  1433.36  1445.57  1566.06
   
       mode:     25       26       27       28       29       30
  temp. (K):  1573.64  1662.21  1721.16  1829.98  1916.33  1965.50
   
       mode:     31       32       33       34       35       36
  temp. (K):  2012.24  2041.11  2124.63  2256.24  2314.15  2326.48
   
       mode:     37       38       39       40       41       42
  temp. (K):  2508.24  4050.70  4484.52  4521.96  4560.45  4561.20
   
   
  Thermodynamic properties calculated assuming an ideal gas

  In the table below, the units for temperature
  are kelvins, the units for U, H, and G are
  kcal/mol and the units for Cv and S are cal/(mol K)

  The zero point energy (ZPE):     68.636 kcal/mol
  is not included in U, H, or G in the table below
  
 
  =============================================================================
  Thermodynamic properties for P = 1.00E+00 atm, calculated at   1 temperatures


  T =   298.15 K, P = 1.00E+00 atm
   
                  U         Cv          S          H          G        ln(Q)
              =========  =========  =========  =========  =========  =========
  trans.          0.889      2.981     40.947      1.481    -10.727   18.10531
  rot.            0.889      2.981     30.102      0.889     -8.086   13.64807
  vib.            3.805     27.373     22.117      3.805     -2.789    4.70724
  elec.           0.000      0.000      0.000      0.000      0.000    0.00000
  ----------------------------------------------------------------------------
  total           5.583     33.335     93.167      6.175    -21.602   36.46062
   
   Total internal energy, Utot(SCFE + ZPE + U):    -549.364532 hartrees
              Total enthalpy, Htot (Utot + pV):    -549.363587 hartrees
    Total Gibbs free energy, Gtot (Htot - T*S):    -549.407854 hartrees
   
  Peak memory usage:   2673 Mb
  
  end of program freq
   
 Time(freq)  user:        4.0  user+sys:        4.0  wallclock:        2.1

 Total cpu seconds     user:     734.975   user+sys:     734.975
  
 Total elapsed time:    174 seconds

Job J1_7116_2111 completed on hpc-89-18.cm.cluster at Wed May 29 02:04:15 2024
