Command:  /groups/wag/programs/Schrodinger_2020_3/jaguar run -WAIT -PARALLEL 8 /central/home/labounad/wittig-ch121/out/J1_10169_2111/J1_10169_2111.in
Release:  2020-3
Exec:     /groups/wag/programs/Schrodinger_2020_3/jaguar-v10.9/bin/Linux-x86_64
Host:     hpc-90-15.cm.cluster
JobId:    hpc-90-15-0-66572b90
JobDir:   /central/scratch/labounad/J1_10169_2111#hpc-90-15-0-66572b90
Date:     Wed May 29 06:20:18 2024

Contents of /central/scratch/labounad/J1_10169_2111#hpc-90-15-0-66572b90:
/central/scratch/labounad/J1_10169_2111#hpc-90-15-0-66572b90/J1_10169_2111.recover
/central/scratch/labounad/J1_10169_2111#hpc-90-15-0-66572b90/.write_dir.json
/central/scratch/labounad/J1_10169_2111#hpc-90-15-0-66572b90/hpc-90-15-0-66572b90
/central/scratch/labounad/J1_10169_2111#hpc-90-15-0-66572b90/hpc-90-15-0-66572b90.recover
/central/scratch/labounad/J1_10169_2111#hpc-90-15-0-66572b90/hpc-90-15-0-66572b90.mpinodes
/central/scratch/labounad/J1_10169_2111#hpc-90-15-0-66572b90/J1_10169_2111.in
/central/scratch/labounad/J1_10169_2111#hpc-90-15-0-66572b90/hpc-90-15-0-66572b90.nodes
/central/scratch/labounad/J1_10169_2111#hpc-90-15-0-66572b90/J1_10169_2111.log

Executing subprocess:
/groups/wag/programs/Schrodinger_2020_3/jaguar-v10.9/bin/Linux-x86_64/jexec J1_10169_2111.in -T 8 -out /central/scratch/labounad/J1_10169_2111#hpc-90-15-0-66572b90 -cwd

Job J1_10169_2111 started on hpc-90-15.cm.cluster at Wed May 29 06:20:18 2024
jobid: hpc-90-15-0-66572b90 
Jaguar version 10.9, release 139
 Using up to   8 threads per process
Molecular Point Group: C1      
Point Group used: C1
pre (input checking) done.
onee (1-electron integrals) done.
hfig (HF initial guess) done.
probe (project orbitals) done.
grid (grid generation) done.
rwr (Q operators) done.
scf type: DFT=PBE(X+LC)+PW91 (PBE-D3)
  
       i  u  d  i  g
       t  p  i  c  r                                 RMS    maximum
       e  d  i  u  i                       energy  density   DIIS  
       r  t  s  t  d       total energy    change  change    error 
  
etot    1  N  N  5  M   -1917.14108655120           5.8E-03  1.1E-01
etot    2  Y  Y  6  M   -1912.89677026996 -4.2E+00  6.9E-03  1.2E-01
etot    3  Y  Y  6  M   -1912.59023856207 -3.1E-01  5.6E-03  1.2E-01
etot    4  N  Y  2  U   -1917.28253611075  4.7E+00  3.6E-03  2.1E-01
etot    5  Y  Y  6  M   -1921.33949656156  4.1E+00  2.3E-03  4.5E-02
etot    6  N  Y  2  U   -1921.86916300641  5.3E-01  1.0E-03  2.0E-02
etot    7  Y  Y  6  M   -1921.89710854632  2.8E-02  6.4E-04  2.0E-02
etot    8  N  Y  2  U   -1922.03613280440  1.4E-01  2.3E-04  8.4E-03
etot    9  Y  Y  6  M   -1922.04307616488  6.9E-03  1.3E-04  6.2E-03
etot   10  N  Y  2  U   -1922.04809592539  5.0E-03  6.2E-05  2.0E-03
etot   11  Y  Y  6  M   -1922.04919611449  1.1E-03  3.6E-05  1.2E-03
etot   12  N  Y  2  U   -1922.04946138411  2.7E-04  2.0E-05  4.7E-04
etot   13  N  Y  2  U   -1922.04954465394  8.3E-05  8.9E-06  2.8E-04
etot   14  N  Y  2  U   -1922.04956714539  2.2E-05  2.7E-06  8.2E-05
etot   15  N  N  2  U   -1922.04956887185  1.7E-06  0.0E+00  0.0E+00
scf (DFT) done.
der1a (1-e 1st deriv.) done.
rwr (1st deriv. Q) done.
der1b (2-e 1st deriv.) done.
  Geometry optimization step   1
  Total energy:     -1922.11525538757 hartrees
  gradient maximum:        5.2919E-02 .  (  4.5000E-04 )
  gradient rms:            8.1279E-03 .  (  3.0000E-04 )
  displacement maximum:    1.0933E-01 .  (  1.8000E-03 )
  displacement rms:        1.8241E-02 .  (  1.2000E-03 )
  
  predicted energy change: -2.5678E-02
  step size:     0.30028
  trust radius:  0.30000
---------------- geometry iteration   1 complete ----------------
geopt (optimize geometry) done.
onee (1-electron integrals) done.
probe (project orbitals) done.
grid (grid generation) done.
rwr (Q operators) done.
  
       i  u  d  i  g
       t  p  i  c  r                                 RMS    maximum
       e  d  i  u  i                       energy  density   DIIS  
       r  t  s  t  d       total energy    change  change    error 
  
etot    1  N  N  2  U   -1922.05485465425           6.9E-04  1.3E-02
etot    2  Y  Y  6  M   -1922.07241957159  1.8E-02  1.5E-04  2.1E-03
etot    3  N  Y  2  U   -1922.06906057664 -3.4E-03  1.1E-04  4.5E-03
etot    4  Y  Y  6  M   -1922.07346716204  4.4E-03  2.8E-05  1.4E-03
etot    5  N  Y  2  U   -1922.07393079285  4.6E-04  8.4E-06  3.0E-04
etot    6  N  Y  2  U   -1922.07394495182  1.4E-05  3.4E-06  9.6E-05
etot    7  N  N  2  U   -1922.07394902821  4.1E-06  0.0E+00  0.0E+00
scf (DFT) done.
der1a (1-e 1st deriv.) done.
rwr (1st deriv. Q) done.
der1b (2-e 1st deriv.) done.
  Geometry optimization step   2
  Total energy:     -1922.13932268261 hartrees
  energy change:          -2.4067E-02 .  (  5.0000E-05 )
  gradient maximum:        1.3710E-02 .  (  4.5000E-04 )
  gradient rms:            2.6709E-03 .  (  3.0000E-04 )
  displacement maximum:    8.4512E-02 .  (  1.8000E-03 )
  displacement rms:        1.8222E-02 .  (  1.2000E-03 )
  
  predicted energy change: -6.6175E-03
  step size:     0.29997
  trust radius:  0.30000
---------------- geometry iteration   2 complete ----------------
geopt (optimize geometry) done.
onee (1-electron integrals) done.
probe (project orbitals) done.
grid (grid generation) done.
rwr (Q operators) done.
  
       i  u  d  i  g
       t  p  i  c  r                                 RMS    maximum
       e  d  i  u  i                       energy  density   DIIS  
       r  t  s  t  d       total energy    change  change    error 
  
etot    1  N  N  2  U   -1922.04023827456           3.6E-04  1.5E-02
etot    2  Y  Y  6  M   -1922.07846125616  3.8E-02  1.4E-04  2.5E-03
etot    3  N  Y  2  U   -1922.07283803119 -5.6E-03  1.0E-04  7.4E-03
etot    4  N  Y  2  U   -1922.07893619550  6.1E-03  1.6E-05  5.2E-04
etot    5  N  Y  2  U   -1922.07901997191  8.4E-05  5.9E-06  1.2E-04
etot    6  N  Y  2  U   -1922.07902804679  8.1E-06  2.3E-06  8.1E-05
etot    7  N  N  2  U   -1922.07902960154  1.6E-06  0.0E+00  0.0E+00
scf (DFT) done.
der1a (1-e 1st deriv.) done.
rwr (1st deriv. Q) done.
der1b (2-e 1st deriv.) done.
  Geometry optimization step   3
  Total energy:     -1922.14548240753 hartrees
  energy change:          -6.1597E-03 .  (  5.0000E-05 )
  gradient maximum:        6.9037E-03 .  (  4.5000E-04 )
  gradient rms:            1.2402E-03 .  (  3.0000E-04 )
  displacement maximum:    1.2823E-01 .  (  1.8000E-03 )
  displacement rms:        1.8219E-02 .  (  1.2000E-03 )
  
  predicted energy change: -3.0459E-03
  step size:     0.29992
  trust radius:  0.30000
---------------- geometry iteration   3 complete ----------------
geopt (optimize geometry) done.
onee (1-electron integrals) done.
probe (project orbitals) done.
grid (grid generation) done.
rwr (Q operators) done.
  
       i  u  d  i  g
       t  p  i  c  r                                 RMS    maximum
       e  d  i  u  i                       energy  density   DIIS  
       r  t  s  t  d       total energy    change  change    error 
  
etot    1  N  N  2  U   -1922.02013513607           4.2E-04  1.3E-02
etot    2  Y  Y  6  M   -1922.07953059429  5.9E-02  1.0E-04  1.6E-03
etot    3  N  Y  2  U   -1922.07652912584 -3.0E-03  7.8E-05  4.8E-03
etot    4  Y  Y  6  M   -1922.07966829606  3.1E-03  1.5E-05  5.8E-04
etot    5  N  Y  2  U   -1922.07973547458  6.7E-05  7.0E-06  2.2E-04
etot    6  N  Y  2  U   -1922.07974985506  1.4E-05  2.5E-06  7.5E-05
etot    7  N  N  2  U   -1922.07975145661  1.6E-06  0.0E+00  0.0E+00
scf (DFT) done.
der1a (1-e 1st deriv.) done.
rwr (1st deriv. Q) done.
der1b (2-e 1st deriv.) done.
  Geometry optimization step   4
  Total energy:     -1922.14685354600 hartrees
  energy change:          -1.3711E-03 .  (  5.0000E-05 )
  gradient maximum:        5.5429E-03 .  (  4.5000E-04 )
  gradient rms:            1.1444E-03 .  (  3.0000E-04 )
  displacement maximum:    1.3665E-01 .  (  1.8000E-03 )
  displacement rms:        1.8221E-02 .  (  1.2000E-03 )
  
  predicted energy change: -2.0116E-03
  step size:     0.29995
  trust radius:  0.30000
---------------- geometry iteration   4 complete ----------------
geopt (optimize geometry) done.
onee (1-electron integrals) done.
probe (project orbitals) done.
grid (grid generation) done.
rwr (Q operators) done.
  
       i  u  d  i  g
       t  p  i  c  r                                 RMS    maximum
       e  d  i  u  i                       energy  density   DIIS  
       r  t  s  t  d       total energy    change  change    error 
  
etot    1  N  N  2  U   -1922.02946033290           3.8E-04  1.2E-02
etot    2  Y  Y  6  M   -1922.08016476573  5.1E-02  7.0E-05  7.1E-04
etot    3  N  Y  2  U   -1922.07924833019 -9.2E-04  5.4E-05  1.7E-03
etot    4  Y  Y  6  M   -1922.08011329478  8.6E-04  1.6E-05  4.9E-04
etot    5  N  Y  2  U   -1922.08016891715  5.6E-05  5.9E-06  2.1E-04
etot    6  N  Y  2  U   -1922.08018050959  1.2E-05  2.2E-06  6.9E-05
etot    7  N  N  2  U   -1922.08018127791  7.7E-07  0.0E+00  0.0E+00
scf (DFT) done.
der1a (1-e 1st deriv.) done.
rwr (1st deriv. Q) done.
der1b (2-e 1st deriv.) done.
  Geometry optimization step   5
  Total energy:     -1922.14763252112 hartrees
  energy change:          -7.7898E-04 .  (  5.0000E-05 )
  gradient maximum:        9.0828E-03 .  (  4.5000E-04 )
  gradient rms:            1.1773E-03 .  (  3.0000E-04 )
  displacement maximum:    1.1741E-01 .  (  1.8000E-03 )
  displacement rms:        1.8218E-02 .  (  1.2000E-03 )
  
  predicted energy change: -1.7512E-03
  step size:     0.29991
  trust radius:  0.30000
---------------- geometry iteration   5 complete ----------------
geopt (optimize geometry) done.
onee (1-electron integrals) done.
probe (project orbitals) done.
grid (grid generation) done.
rwr (Q operators) done.
  
       i  u  d  i  g
       t  p  i  c  r                                 RMS    maximum
       e  d  i  u  i                       energy  density   DIIS  
       r  t  s  t  d       total energy    change  change    error 
  
etot    1  N  N  2  U   -1922.02195740034           4.1E-04  1.9E-02
etot    2  Y  Y  6  M   -1922.07909768368  5.7E-02  9.3E-05  1.3E-03
etot    3  N  Y  2  U   -1922.07747749629 -1.6E-03  6.9E-05  3.6E-03
etot    4  Y  Y  6  M   -1922.07932326862  1.8E-03  1.6E-05  6.9E-04
etot    5  N  Y  2  U   -1922.07934779058  2.5E-05  6.8E-06  2.9E-04
etot    6  N  Y  2  U   -1922.07936352360  1.6E-05  2.4E-06  8.9E-05
etot    7  N  N  2  U   -1922.07936453023  1.0E-06  0.0E+00  0.0E+00
scf (DFT) done.
der1a (1-e 1st deriv.) done.
rwr (1st deriv. Q) done.
der1b (2-e 1st deriv.) done.
  Geometry optimization step   6
  Total energy:     -1922.14780142271 hartrees
  energy change:          -1.6890E-04 .  (  5.0000E-05 )
  gradient maximum:        1.3085E-02 .  (  4.5000E-04 )
  gradient rms:            1.6849E-03 .  (  3.0000E-04 )
  displacement maximum:    9.6079E-02 .  (  1.8000E-03 )
  displacement rms:        1.7792E-02 .  (  1.2000E-03 )
  
  predicted energy change: -1.4489E-03
  step size:     0.29289
  trust radius:  0.30000
---------------- geometry iteration   6 complete ----------------
geopt (optimize geometry) done.
onee (1-electron integrals) done.
probe (project orbitals) done.
grid (grid generation) done.
rwr (Q operators) done.
  
       i  u  d  i  g
       t  p  i  c  r                                 RMS    maximum
       e  d  i  u  i                       energy  density   DIIS  
       r  t  s  t  d       total energy    change  change    error 
  
etot    1  N  N  2  U   -1921.99477439265           4.9E-04  1.6E-02
etot    2  Y  Y  6  M   -1922.07619663996  8.1E-02  8.4E-05  1.2E-03
etot    3  N  Y  2  U   -1922.07513571538 -1.1E-03  6.6E-05  1.8E-03
etot    4  Y  Y  6  M   -1922.07632932436  1.2E-03  1.8E-05  4.9E-04
etot    5  N  Y  2  U   -1922.07640124946  7.2E-05  5.2E-06  1.4E-04
etot    6  N  Y  2  U   -1922.07641037069  9.1E-06  2.4E-06  3.9E-05
etot    7  N  N  2  U   -1922.07641079154  4.2E-07  0.0E+00  0.0E+00
scf (DFT) done.
der1a (1-e 1st deriv.) done.
rwr (1st deriv. Q) done.
der1b (2-e 1st deriv.) done.
  Geometry optimization step   7
  Total energy:     -1922.14618868007 hartrees
  ** restarting optimization from step    6 **
  energy change:           1.6127E-03 .  (  5.0000E-05 )
  gradient maximum:        1.3085E-02 .  (  4.5000E-04 )
  gradient rms:            1.6849E-03 .  (  3.0000E-04 )
  displacement maximum:    9.8566E-02 .  (  1.8000E-03 )
  displacement rms:        1.8222E-02 .  (  1.2000E-03 )
  
  predicted energy change: -2.6640E-03
  step size:     0.29997
  trust radius:  0.30000
---------------- geometry iteration   7 complete ----------------
geopt (optimize geometry) done.
onee (1-electron integrals) done.
probe (project orbitals) done.
grid (grid generation) done.
rwr (Q operators) done.
  
       i  u  d  i  g
       t  p  i  c  r                                 RMS    maximum
       e  d  i  u  i                       energy  density   DIIS  
       r  t  s  t  d       total energy    change  change    error 
  
etot    1  N  N  2  U   -1921.99403673290           4.9E-04  1.6E-02
etot    2  Y  Y  6  M   -1922.07945999394  8.5E-02  1.1E-04  1.4E-03
etot    3  N  Y  2  U   -1922.07659448559 -2.9E-03  8.6E-05  4.2E-03
etot    4  Y  Y  6  M   -1922.07971267492  3.1E-03  1.6E-05  6.7E-04
etot    5  N  Y  2  U   -1922.07979018031  7.8E-05  7.7E-06  2.7E-04
etot    6  N  Y  2  U   -1922.07980777711  1.8E-05  2.6E-06  9.6E-05
etot    7  N  N  2  U   -1922.07980922439  1.4E-06  0.0E+00  0.0E+00
scf (DFT) done.
der1a (1-e 1st deriv.) done.
rwr (1st deriv. Q) done.
der1b (2-e 1st deriv.) done.
  Geometry optimization step   8
  Total energy:     -1922.14732882315 hartrees
  energy change:           4.7260E-04 .  (  5.0000E-05 )
  gradient maximum:        1.7254E-02 .  (  4.5000E-04 )
  gradient rms:            2.3464E-03 .  (  3.0000E-04 )
  displacement maximum:    8.4476E-02 .  (  1.8000E-03 )
  displacement rms:        1.3280E-02 .  (  1.2000E-03 )
  
  predicted energy change: -2.3872E-03
  step size:     0.21861
  trust radius:  0.30000
---------------- geometry iteration   8 complete ----------------
geopt (optimize geometry) done.
onee (1-electron integrals) done.
probe (project orbitals) done.
grid (grid generation) done.
rwr (Q operators) done.
  
       i  u  d  i  g
       t  p  i  c  r                                 RMS    maximum
       e  d  i  u  i                       energy  density   DIIS  
       r  t  s  t  d       total energy    change  change    error 
  
etot    1  N  N  2  U   -1922.04937373829           3.1E-04  8.5E-03
etot    2  Y  Y  6  M   -1922.08039339105  3.1E-02  8.7E-05  2.1E-03
etot    3  N  Y  2  U   -1922.07806598891 -2.3E-03  6.8E-05  5.6E-03
etot    4  Y  Y  6  M   -1922.08058868837  2.5E-03  1.5E-05  1.0E-03
etot    5  N  Y  2  U   -1922.08066186820  7.3E-05  5.4E-06  2.7E-04
etot    6  N  Y  2  U   -1922.08067137641  9.5E-06  2.1E-06  5.3E-05
etot    7  N  N  2  U   -1922.08067320259  1.8E-06  0.0E+00  0.0E+00
scf (DFT) done.
der1a (1-e 1st deriv.) done.
rwr (1st deriv. Q) done.
der1b (2-e 1st deriv.) done.
  Geometry optimization step   9
  Total energy:     -1922.14859291322 hartrees
  energy change:          -1.2641E-03 .  (  5.0000E-05 )
  gradient maximum:        8.1483E-03 .  (  4.5000E-04 )
  gradient rms:            1.4904E-03 .  (  3.0000E-04 )
  displacement maximum:    2.0692E-01 .  (  1.8000E-03 )
  displacement rms:        1.8207E-02 .  (  1.2000E-03 )
  
  predicted energy change: -1.0363E-03
  step size:     0.29972
  trust radius:  0.30000
---------------- geometry iteration   9 complete ----------------
geopt (optimize geometry) done.
onee (1-electron integrals) done.
probe (project orbitals) done.
grid (grid generation) done.
rwr (Q operators) done.
  
       i  u  d  i  g
       t  p  i  c  r                                 RMS    maximum
       e  d  i  u  i                       energy  density   DIIS  
       r  t  s  t  d       total energy    change  change    error 
  
etot    1  N  N  2  U   -1922.05339599980           3.0E-04  7.8E-03
etot    2  Y  Y  6  M   -1922.08079079825  2.7E-02  4.0E-05  7.0E-04
etot    3  N  Y  2  U   -1922.08056313409 -2.3E-04  3.1E-05  8.4E-04
etot    4  N  Y  2  U   -1922.08077979639  2.2E-04  1.1E-05  3.8E-04
etot    5  N  Y  2  U   -1922.08083142004  5.2E-05  2.9E-06  1.3E-04
etot    6  N  N  2  U   -1922.08083429948  2.9E-06  0.0E+00  0.0E+00
scf (DFT) done.
der1a (1-e 1st deriv.) done.
rwr (1st deriv. Q) done.
der1b (2-e 1st deriv.) done.
  Geometry optimization step  10
  Total energy:     -1922.14910478459 hartrees
  energy change:          -5.1187E-04 .  (  5.0000E-05 )
  gradient maximum:        5.5427E-03 .  (  4.5000E-04 )
  gradient rms:            8.5034E-04 .  (  3.0000E-04 )
  displacement maximum:    8.9070E-02 .  (  1.8000E-03 )
  displacement rms:        1.8118E-02 .  (  1.2000E-03 )
  
  predicted energy change: -5.8605E-04
  step size:     0.29826
  trust radius:  0.30000
---------------- geometry iteration  10 complete ----------------
geopt (optimize geometry) done.
onee (1-electron integrals) done.
probe (project orbitals) done.
grid (grid generation) done.
rwr (Q operators) done.
  
       i  u  d  i  g
       t  p  i  c  r                                 RMS    maximum
       e  d  i  u  i                       energy  density   DIIS  
       r  t  s  t  d       total energy    change  change    error 
  
etot    1  N  N  2  U   -1922.02318901248           4.1E-04  1.8E-02
etot    2  Y  Y  6  M   -1922.08043229019  5.7E-02  6.9E-05  1.2E-03
etot    3  N  Y  2  U   -1922.07978852677 -6.4E-04  5.5E-05  1.7E-03
etot    4  Y  Y  6  M   -1922.08057692365  7.9E-04  1.5E-05  6.5E-04
etot    5  N  Y  2  U   -1922.08065523985  7.8E-05  4.4E-06  2.2E-04
etot    6  N  N  2  U   -1922.08066191957  6.7E-06  0.0E+00  0.0E+00
scf (DFT) done.
der1a (1-e 1st deriv.) done.
rwr (1st deriv. Q) done.
der1b (2-e 1st deriv.) done.
  Geometry optimization step  11
  Total energy:     -1922.14900672752 hartrees
  energy change:           9.8057E-05 .  (  5.0000E-05 )
  gradient maximum:        6.9624E-03 .  (  4.5000E-04 )
  gradient rms:            1.0864E-03 .  (  3.0000E-04 )
  displacement maximum:    1.9331E-01 .  (  1.8000E-03 )
  displacement rms:        1.8226E-02 .  (  1.2000E-03 )
  
  predicted energy change: -7.5046E-04
  step size:     0.30004
  trust radius:  0.30000
---------------- geometry iteration  11 complete ----------------
geopt (optimize geometry) done.
onee (1-electron integrals) done.
probe (project orbitals) done.
grid (grid generation) done.
rwr (Q operators) done.
  
       i  u  d  i  g
       t  p  i  c  r                                 RMS    maximum
       e  d  i  u  i                       energy  density   DIIS  
       r  t  s  t  d       total energy    change  change    error 
  
etot    1  N  N  2  U   -1922.04184174905           3.4E-04  9.0E-03
etot    2  Y  Y  6  M   -1922.07980446621  3.8E-02  4.6E-05  8.0E-04
etot    3  N  Y  2  U   -1922.07934533410 -4.6E-04  3.5E-05  1.4E-03
etot    4  N  Y  2  U   -1922.07976856666  4.2E-04  1.2E-05  6.4E-04
etot    5  N  Y  2  U   -1922.07982609915  5.8E-05  4.2E-06  3.3E-04
etot    6  N  N  2  U   -1922.07983464202  8.5E-06  0.0E+00  0.0E+00
scf (DFT) done.
der1a (1-e 1st deriv.) done.
rwr (1st deriv. Q) done.
der1b (2-e 1st deriv.) done.
  Geometry optimization step  12
  Total energy:     -1922.14901558023 hartrees
  energy change:          -8.8527E-06 *  (  5.0000E-05 )
  gradient maximum:        4.7015E-03 .  (  4.5000E-04 )
  gradient rms:            9.2785E-04 .  (  3.0000E-04 )
  displacement maximum:    2.2495E-01 .  (  1.8000E-03 )
  displacement rms:        1.8227E-02 .  (  1.2000E-03 )
  
  predicted energy change: -6.5729E-04
  step size:     0.30005
  trust radius:  0.30000
---------------- geometry iteration  12 complete ----------------
geopt (optimize geometry) done.
onee (1-electron integrals) done.
probe (project orbitals) done.
grid (grid generation) done.
rwr (Q operators) done.
  
       i  u  d  i  g
       t  p  i  c  r                                 RMS    maximum
       e  d  i  u  i                       energy  density   DIIS  
       r  t  s  t  d       total energy    change  change    error 
  
etot    1  N  N  2  U   -1922.06158614085           2.5E-04  1.1E-02
etot    2  Y  Y  6  M   -1922.08081794274  1.9E-02  4.7E-05  8.0E-04
etot    3  N  Y  2  U   -1922.08035246873 -4.7E-04  3.7E-05  1.1E-03
etot    4  N  Y  2  U   -1922.08084007645  4.9E-04  1.0E-05  3.4E-04
etot    5  N  Y  2  U   -1922.08087631899  3.6E-05  3.7E-06  1.3E-04
etot    6  N  N  2  U   -1922.08088214701  5.8E-06  0.0E+00  0.0E+00
scf (DFT) done.
der1a (1-e 1st deriv.) done.
rwr (1st deriv. Q) done.
der1b (2-e 1st deriv.) done.
  Geometry optimization step  13
  Total energy:     -1922.14982353621 hartrees
  energy change:          -8.0796E-04 .  (  5.0000E-05 )
  gradient maximum:        3.6904E-03 .  (  4.5000E-04 )
  gradient rms:            6.1875E-04 .  (  3.0000E-04 )
  displacement maximum:    1.3899E-01 .  (  1.8000E-03 )
  displacement rms:        1.8254E-02 .  (  1.2000E-03 )
  
  predicted energy change: -6.9789E-04
  step size:     0.30050
  trust radius:  0.30000
---------------- geometry iteration  13 complete ----------------
geopt (optimize geometry) done.
onee (1-electron integrals) done.
probe (project orbitals) done.
grid (grid generation) done.
rwr (Q operators) done.
  
       i  u  d  i  g
       t  p  i  c  r                                 RMS    maximum
       e  d  i  u  i                       energy  density   DIIS  
       r  t  s  t  d       total energy    change  change    error 
  
etot    1  N  N  2  U   -1922.03612113513           3.7E-04  1.0E-02
etot    2  Y  Y  6  M   -1922.08105834505  4.5E-02  4.7E-05  7.7E-04
etot    3  N  Y  2  U   -1922.08063800168 -4.2E-04  3.6E-05  1.2E-03
etot    4  N  Y  2  U   -1922.08097630115  3.4E-04  1.2E-05  4.6E-04
etot    5  N  Y  2  U   -1922.08103521159  5.9E-05  3.5E-06  9.7E-05
etot    6  N  N  2  U   -1922.08103808765  2.9E-06  0.0E+00  0.0E+00
scf (DFT) done.
der1a (1-e 1st deriv.) done.
rwr (1st deriv. Q) done.
der1b (2-e 1st deriv.) done.
  Geometry optimization step  14
  Total energy:     -1922.14945083880 hartrees
  energy change:           3.7270E-04 .  (  5.0000E-05 )
  gradient maximum:        7.6699E-03 .  (  4.5000E-04 )
  gradient rms:            1.3013E-03 .  (  3.0000E-04 )
  displacement maximum:    1.7153E-01 .  (  1.8000E-03 )
  displacement rms:        1.8226E-02 .  (  1.2000E-03 )
  
  predicted energy change: -9.0134E-04
  step size:     0.30004
  trust radius:  0.30000
---------------- geometry iteration  14 complete ----------------
geopt (optimize geometry) done.
onee (1-electron integrals) done.
probe (project orbitals) done.
grid (grid generation) done.
rwr (Q operators) done.
  
       i  u  d  i  g
       t  p  i  c  r                                 RMS    maximum
       e  d  i  u  i                       energy  density   DIIS  
       r  t  s  t  d       total energy    change  change    error 
  
etot    1  N  N  2  U   -1922.05260901419           3.0E-04  1.6E-02
etot    2  Y  Y  6  M   -1922.08127277875  2.9E-02  4.3E-05  7.9E-04
etot    3  N  Y  2  U   -1922.08081049114 -4.6E-04  3.5E-05  1.6E-03
etot    4  N  Y  2  U   -1922.08121575726  4.1E-04  1.1E-05  6.1E-04
etot    5  N  Y  2  U   -1922.08126846325  5.3E-05  3.5E-06  9.5E-05
etot    6  N  N  2  U   -1922.08127274602  4.3E-06  0.0E+00  0.0E+00
scf (DFT) done.
der1a (1-e 1st deriv.) done.
rwr (1st deriv. Q) done.
der1b (2-e 1st deriv.) done.
  Geometry optimization step  15
  Total energy:     -1922.14995632574 hartrees
  energy change:          -5.0549E-04 .  (  5.0000E-05 )
  gradient maximum:        5.3146E-03 .  (  4.5000E-04 )
  gradient rms:            7.8346E-04 .  (  3.0000E-04 )
  displacement maximum:    1.9714E-01 .  (  1.8000E-03 )
  displacement rms:        1.8223E-02 .  (  1.2000E-03 )
  
  predicted energy change: -6.5052E-04
  step size:     0.29998
  trust radius:  0.30000
---------------- geometry iteration  15 complete ----------------
geopt (optimize geometry) done.
onee (1-electron integrals) done.
probe (project orbitals) done.
grid (grid generation) done.
rwr (Q operators) done.
  
       i  u  d  i  g
       t  p  i  c  r                                 RMS    maximum
       e  d  i  u  i                       energy  density   DIIS  
       r  t  s  t  d       total energy    change  change    error 
  
etot    1  N  N  2  U   -1922.06030893231           2.8E-04  1.2E-02
etot    2  Y  Y  6  M   -1922.08210181868  2.2E-02  4.3E-05  9.1E-04
etot    3  N  Y  2  U   -1922.08180833924 -2.9E-04  3.2E-05  8.8E-04
etot    4  N  Y  2  U   -1922.08210058081  2.9E-04  1.0E-05  3.5E-04
etot    5  N  Y  2  U   -1922.08214218915  4.2E-05  2.9E-06  1.2E-04
etot    6  N  N  2  U   -1922.08214526575  3.1E-06  0.0E+00  0.0E+00
scf (DFT) done.
der1a (1-e 1st deriv.) done.
rwr (1st deriv. Q) done.
der1b (2-e 1st deriv.) done.
  Geometry optimization step  16
  Total energy:     -1922.15044119958 hartrees
  energy change:          -4.8487E-04 .  (  5.0000E-05 )
  gradient maximum:        5.7562E-03 .  (  4.5000E-04 )
  gradient rms:            1.0534E-03 .  (  3.0000E-04 )
  displacement maximum:    1.1663E-01 .  (  1.8000E-03 )
  displacement rms:        1.8275E-02 .  (  1.2000E-03 )
  
  predicted energy change: -6.2058E-04
  step size:     0.30084
  trust radius:  0.30000
---------------- geometry iteration  16 complete ----------------
geopt (optimize geometry) done.
onee (1-electron integrals) done.
probe (project orbitals) done.
grid (grid generation) done.
rwr (Q operators) done.
  
       i  u  d  i  g
       t  p  i  c  r                                 RMS    maximum
       e  d  i  u  i                       energy  density   DIIS  
       r  t  s  t  d       total energy    change  change    error 
  
etot    1  N  N  2  U   -1922.02195202074           4.1E-04  1.7E-02
etot    2  Y  Y  6  M   -1922.08030496071  5.8E-02  5.3E-05  1.1E-03
etot    3  N  Y  2  U   -1922.07984873784 -4.6E-04  4.0E-05  9.6E-04
etot    4  N  Y  2  U   -1922.08021567419  3.7E-04  1.6E-05  5.9E-04
etot    5  N  Y  2  U   -1922.08030497923  8.9E-05  4.5E-06  2.4E-04
etot    6  N  N  2  U   -1922.08031259969  7.6E-06  0.0E+00  0.0E+00
scf (DFT) done.
der1a (1-e 1st deriv.) done.
rwr (1st deriv. Q) done.
der1b (2-e 1st deriv.) done.
  Geometry optimization step  17
  Total energy:     -1922.14964694161 hartrees
  energy change:           7.9426E-04 .  (  5.0000E-05 )
  gradient maximum:        6.4033E-03 .  (  4.5000E-04 )
  gradient rms:            1.1987E-03 .  (  3.0000E-04 )
  displacement maximum:    1.8415E-01 .  (  1.8000E-03 )
  displacement rms:        1.8220E-02 .  (  1.2000E-03 )
  
  predicted energy change: -6.3549E-04
  step size:     0.29994
  trust radius:  0.30000
---------------- geometry iteration  17 complete ----------------
geopt (optimize geometry) done.
onee (1-electron integrals) done.
probe (project orbitals) done.
grid (grid generation) done.
rwr (Q operators) done.
  
       i  u  d  i  g
       t  p  i  c  r                                 RMS    maximum
       e  d  i  u  i                       energy  density   DIIS  
       r  t  s  t  d       total energy    change  change    error 
  
etot    1  N  N  2  U   -1922.05492588935           2.9E-04  9.6E-03
etot    2  Y  Y  6  M   -1922.08076852644  2.6E-02  4.8E-05  8.8E-04
etot    3  N  Y  2  U   -1922.08041981376 -3.5E-04  3.5E-05  1.1E-03
etot    4  N  Y  2  U   -1922.08075904888  3.4E-04  1.1E-05  5.0E-04
etot    5  N  Y  2  U   -1922.08080511487  4.6E-05  3.6E-06  2.2E-04
etot    6  N  N  2  U   -1922.08081014285  5.0E-06  0.0E+00  0.0E+00
scf (DFT) done.
der1a (1-e 1st deriv.) done.
rwr (1st deriv. Q) done.
der1b (2-e 1st deriv.) done.
  Geometry optimization step  18
  Total energy:     -1922.14981944040 hartrees
  energy change:          -1.7250E-04 .  (  5.0000E-05 )
  gradient maximum:        3.9388E-03 .  (  4.5000E-04 )
  gradient rms:            8.7261E-04 .  (  3.0000E-04 )
  displacement maximum:    1.2930E-01 .  (  1.8000E-03 )
  displacement rms:        1.8226E-02 .  (  1.2000E-03 )
  
  predicted energy change: -6.7033E-04
  step size:     0.30004
  trust radius:  0.30000
---------------- geometry iteration  18 complete ----------------
geopt (optimize geometry) done.
onee (1-electron integrals) done.
probe (project orbitals) done.
grid (grid generation) done.
rwr (Q operators) done.
  
       i  u  d  i  g
       t  p  i  c  r                                 RMS    maximum
       e  d  i  u  i                       energy  density   DIIS  
       r  t  s  t  d       total energy    change  change    error 
  
etot    1  N  N  2  U   -1922.03642778096           3.6E-04  1.7E-02
etot    2  Y  Y  6  M   -1922.08178086792  4.5E-02  5.8E-05  1.2E-03
etot    3  N  Y  2  U   -1922.08124270920 -5.4E-04  4.9E-05  9.9E-04
etot    4  N  Y  2  U   -1922.08177253726  5.3E-04  1.7E-05  7.0E-04
etot    5  N  Y  2  U   -1922.08186550385  9.3E-05  5.0E-06  3.0E-04
etot    6  N  Y  2  U   -1922.08187523022  9.7E-06  2.0E-06  6.4E-05
etot    7  N  N  2  U   -1922.08187552686  3.0E-07  0.0E+00  0.0E+00
scf (DFT) done.
der1a (1-e 1st deriv.) done.
rwr (1st deriv. Q) done.
der1b (2-e 1st deriv.) done.
  Geometry optimization step  19
  Total energy:     -1922.15039324710 hartrees
  energy change:          -5.7381E-04 .  (  5.0000E-05 )
  gradient maximum:        7.4025E-03 .  (  4.5000E-04 )
  gradient rms:            1.2427E-03 .  (  3.0000E-04 )
  displacement maximum:    1.0714E-01 .  (  1.8000E-03 )
  displacement rms:        1.8222E-02 .  (  1.2000E-03 )
  
  predicted energy change: -6.7210E-04
  step size:     0.29998
  trust radius:  0.30000
---------------- geometry iteration  19 complete ----------------
geopt (optimize geometry) done.
onee (1-electron integrals) done.
probe (project orbitals) done.
grid (grid generation) done.
rwr (Q operators) done.
  
       i  u  d  i  g
       t  p  i  c  r                                 RMS    maximum
       e  d  i  u  i                       energy  density   DIIS  
       r  t  s  t  d       total energy    change  change    error 
  
etot    1  N  N  2  U   -1922.02390990872           4.1E-04  1.4E-02
etot    2  Y  Y  6  M   -1922.08093478019  5.7E-02  5.1E-05  9.5E-04
etot    3  N  Y  2  U   -1922.08053698093 -4.0E-04  3.7E-05  1.1E-03
etot    4  N  Y  2  U   -1922.08084886356  3.1E-04  1.5E-05  7.2E-04
etot    5  N  Y  2  U   -1922.08094068006  9.2E-05  4.2E-06  2.1E-04
etot    6  N  N  2  U   -1922.08094775065  7.1E-06  0.0E+00  0.0E+00
scf (DFT) done.
der1a (1-e 1st deriv.) done.
rwr (1st deriv. Q) done.
der1b (2-e 1st deriv.) done.
  Geometry optimization step  20
  Total energy:     -1922.15013845855 hartrees
  ** restarting optimization from step   16 **
  energy change:           2.5479E-04 .  (  5.0000E-05 )
  gradient maximum:        5.7562E-03 .  (  4.5000E-04 )
  gradient rms:            1.0534E-03 .  (  3.0000E-04 )
  displacement maximum:    5.7007E-02 .  (  1.8000E-03 )
  displacement rms:        9.1336E-03 .  (  1.2000E-03 )
  
  predicted energy change: -6.5939E-04
  step size:     0.15036
  trust radius:  0.15000
---------------- geometry iteration  20 complete ----------------
geopt (optimize geometry) done.
onee (1-electron integrals) done.
probe (project orbitals) done.
grid (grid generation) done.
rwr (Q operators) done.
  
       i  u  d  i  g
       t  p  i  c  r                                 RMS    maximum
       e  d  i  u  i                       energy  density   DIIS  
       r  t  s  t  d       total energy    change  change    error 
  
etot    1  N  N  2  U   -1921.95196377996           6.3E-04  2.0E-02
etot    2  Y  Y  6  M   -1922.08169417800  1.3E-01  7.2E-05  1.4E-03
etot    3  N  Y  2  U   -1922.08106001907 -6.3E-04  5.1E-05  1.2E-03
etot    4  Y  Y  6  M   -1922.08168418782  6.2E-04  2.1E-05  7.2E-04
etot    5  N  Y  2  U   -1922.08179572640  1.1E-04  6.6E-06  2.5E-04
etot    6  N  Y  2  U   -1922.08180991102  1.4E-05  3.1E-06  8.3E-05
etot    7  N  N  2  U   -1922.08181121364  1.3E-06  0.0E+00  0.0E+00
scf (DFT) done.
der1a (1-e 1st deriv.) done.
rwr (1st deriv. Q) done.
der1b (2-e 1st deriv.) done.
  Geometry optimization step  21
  Total energy:     -1922.15057275565 hartrees
  energy change:          -1.3156E-04 .  (  5.0000E-05 )
  gradient maximum:        2.3300E-03 .  (  4.5000E-04 )
  gradient rms:            3.9059E-04 .  (  3.0000E-04 )
  displacement maximum:    2.7684E-02 .  (  1.8000E-03 )
  displacement rms:        4.5580E-03 .  (  1.2000E-03 )
  
  predicted energy change: -2.4760E-04
  step size:     0.07503
  trust radius:  0.07500
---------------- geometry iteration  21 complete ----------------
geopt (optimize geometry) done.
onee (1-electron integrals) done.
probe (project orbitals) done.
grid (grid generation) done.
rwr (Q operators) done.
  
       i  u  d  i  g
       t  p  i  c  r                                 RMS    maximum
       e  d  i  u  i                       energy  density   DIIS  
       r  t  s  t  d       total energy    change  change    error 
  
etot    1  N  N  2  U   -1922.07787439220           1.1E-04  2.9E-03
etot    2  Y  Y  6  M   -1922.08181061901  3.9E-03  1.9E-05  2.1E-04
etot    3  N  Y  2  U   -1922.08172536804 -8.5E-05  1.5E-05  5.4E-04
etot    4  N  Y  2  U   -1922.08180395014  7.9E-05  3.8E-06  1.2E-04
etot    5  N  N  2  U   -1922.08180744203  3.5E-06  0.0E+00  0.0E+00
scf (DFT) done.
der1a (1-e 1st deriv.) done.
rwr (1st deriv. Q) done.
der1b (2-e 1st deriv.) done.
  Geometry optimization step  22
  Total energy:     -1922.15058991772 hartrees
  energy change:          -1.7162E-05 *  (  5.0000E-05 )
  gradient maximum:        1.1017E-03 .  (  4.5000E-04 )
  gradient rms:            2.4776E-04 *  (  3.0000E-04 )
  displacement maximum:    4.2896E-02 .  (  1.8000E-03 )
  displacement rms:        6.4872E-03 .  (  1.2000E-03 )
  
  predicted energy change: -2.6592E-04
  step size:     0.10679
  trust radius:  0.10607
---------------- geometry iteration  22 complete ----------------
geopt (optimize geometry) done.
onee (1-electron integrals) done.
probe (project orbitals) done.
grid (grid generation) done.
rwr (Q operators) done.
  
       i  u  d  i  g
       t  p  i  c  r                                 RMS    maximum
       e  d  i  u  i                       energy  density   DIIS  
       r  t  s  t  d       total energy    change  change    error 
  
etot    1  N  N  2  U   -1922.07628621653           1.4E-04  3.0E-03
etot    2  Y  Y  6  M   -1922.08178548459  5.5E-03  1.8E-05  2.3E-04
etot    3  N  Y  2  U   -1922.08169541109 -9.0E-05  1.4E-05  5.5E-04
etot    4  N  Y  2  U   -1922.08175481368  5.9E-05  5.0E-06  2.0E-04
etot    5  N  Y  2  U   -1922.08176412576  9.3E-06  1.5E-06  3.7E-05
etot    6  N  N  2  U   -1922.08176465489  5.3E-07  0.0E+00  0.0E+00
scf (DFT) done.
der1a (1-e 1st deriv.) done.
rwr (1st deriv. Q) done.
der1b (2-e 1st deriv.) done.
  Geometry optimization step  23
  Total energy:     -1922.15061000717 hartrees
  energy change:          -2.0089E-05 *  (  5.0000E-05 )
  gradient maximum:        1.3734E-03 .  (  4.5000E-04 )
  gradient rms:            3.1395E-04 .  (  3.0000E-04 )
  displacement maximum:    7.3035E-02 .  (  1.8000E-03 )
  displacement rms:        1.2885E-02 .  (  1.2000E-03 )
  
  predicted energy change: -3.8395E-04
  step size:     0.21211
  trust radius:  0.21213
---------------- geometry iteration  23 complete ----------------
geopt (optimize geometry) done.
onee (1-electron integrals) done.
probe (project orbitals) done.
grid (grid generation) done.
rwr (Q operators) done.
  
       i  u  d  i  g
       t  p  i  c  r                                 RMS    maximum
       e  d  i  u  i                       energy  density   DIIS  
       r  t  s  t  d       total energy    change  change    error 
  
etot    1  N  N  2  U   -1922.05942768184           2.7E-04  6.9E-03
etot    2  Y  Y  6  M   -1922.08178348693  2.2E-02  3.1E-05  4.8E-04
etot    3  N  Y  2  U   -1922.08157437473 -2.1E-04  2.4E-05  6.9E-04
etot    4  N  Y  2  U   -1922.08170430670  1.3E-04  9.6E-06  3.0E-04
etot    5  N  Y  2  U   -1922.08173162151  2.7E-05  2.7E-06  1.1E-04
etot    6  N  N  2  U   -1922.08173394298  2.3E-06  0.0E+00  0.0E+00
scf (DFT) done.
der1a (1-e 1st deriv.) done.
rwr (1st deriv. Q) done.
der1b (2-e 1st deriv.) done.
  Geometry optimization step  24
  Total energy:     -1922.15067956914 hartrees
  energy change:          -6.9562E-05 .  (  5.0000E-05 )
  gradient maximum:        1.7813E-03 .  (  4.5000E-04 )
  gradient rms:            2.8097E-04 *  (  3.0000E-04 )
  displacement maximum:    3.5585E-02 .  (  1.8000E-03 )
  displacement rms:        6.4436E-03 .  (  1.2000E-03 )
  
  predicted energy change: -1.7127E-04
  step size:     0.10608
  trust radius:  0.10607
---------------- geometry iteration  24 complete ----------------
geopt (optimize geometry) done.
onee (1-electron integrals) done.
probe (project orbitals) done.
grid (grid generation) done.
rwr (Q operators) done.
  
       i  u  d  i  g
       t  p  i  c  r                                 RMS    maximum
       e  d  i  u  i                       energy  density   DIIS  
       r  t  s  t  d       total energy    change  change    error 
  
etot    1  N  N  2  U   -1922.07541106853           1.4E-04  4.0E-03
etot    2  Y  Y  6  M   -1922.08153619118  6.1E-03  2.3E-05  3.3E-04
etot    3  N  Y  2  U   -1922.08140674069 -1.3E-04  1.9E-05  9.1E-04
etot    4  N  Y  2  U   -1922.08153132983  1.2E-04  5.6E-06  2.6E-04
etot    5  N  Y  2  U   -1922.08153994325  8.6E-06  2.0E-06  7.3E-05
etot    6  N  N  2  U   -1922.08154131824  1.4E-06  0.0E+00  0.0E+00
scf (DFT) done.
der1a (1-e 1st deriv.) done.
rwr (1st deriv. Q) done.
der1b (2-e 1st deriv.) done.
  Geometry optimization step  25
  Total energy:     -1922.15058261052 hartrees
  energy change:           9.6959E-05 .  (  5.0000E-05 )
  gradient maximum:        1.5786E-03 .  (  4.5000E-04 )
  gradient rms:            3.0725E-04 .  (  3.0000E-04 )
  displacement maximum:    6.7223E-02 .  (  1.8000E-03 )
  displacement rms:        9.1135E-03 .  (  1.2000E-03 )
  
  predicted energy change: -1.2807E-04
  step size:     0.15003
  trust radius:  0.15000
---------------- geometry iteration  25 complete ----------------
geopt (optimize geometry) done.
onee (1-electron integrals) done.
probe (project orbitals) done.
grid (grid generation) done.
rwr (Q operators) done.
  
       i  u  d  i  g
       t  p  i  c  r                                 RMS    maximum
       e  d  i  u  i                       energy  density   DIIS  
       r  t  s  t  d       total energy    change  change    error 
  
etot    1  N  N  2  U   -1922.07368260729           1.6E-04  4.3E-03
etot    2  Y  Y  6  M   -1922.08148320844  7.8E-03  2.3E-05  4.0E-04
etot    3  N  Y  2  U   -1922.08143270100 -5.1E-05  1.7E-05  4.4E-04
etot    4  N  Y  2  U   -1922.08149808453  6.5E-05  6.3E-06  2.6E-04
etot    5  N  Y  2  U   -1922.08151663268  1.9E-05  1.9E-06  9.3E-05
etot    6  N  N  2  U   -1922.08151795464  1.3E-06  0.0E+00  0.0E+00
scf (DFT) done.
der1a (1-e 1st deriv.) done.
rwr (1st deriv. Q) done.
der1b (2-e 1st deriv.) done.
  Geometry optimization step  26
  Total energy:     -1922.15059081941 hartrees
  energy change:          -8.2089E-06 *  (  5.0000E-05 )
  gradient maximum:        2.7092E-03 .  (  4.5000E-04 )
  gradient rms:            4.6241E-04 .  (  3.0000E-04 )
  displacement maximum:    7.3110E-02 .  (  1.8000E-03 )
  displacement rms:        1.2885E-02 .  (  1.2000E-03 )
  
  predicted energy change: -1.4821E-04
  step size:     0.21211
  trust radius:  0.21213
---------------- geometry iteration  26 complete ----------------
geopt (optimize geometry) done.
onee (1-electron integrals) done.
probe (project orbitals) done.
grid (grid generation) done.
rwr (Q operators) done.
  
       i  u  d  i  g
       t  p  i  c  r                                 RMS    maximum
       e  d  i  u  i                       energy  density   DIIS  
       r  t  s  t  d       total energy    change  change    error 
  
etot    1  N  N  2  U   -1922.06656150960           2.3E-04  5.5E-03
etot    2  Y  Y  6  M   -1922.08154153733  1.5E-02  3.5E-05  5.3E-04
etot    3  N  Y  2  U   -1922.08135959314 -1.8E-04  2.5E-05  7.0E-04
etot    4  N  Y  2  U   -1922.08156797632  2.1E-04  8.2E-06  3.4E-04
etot    5  N  Y  2  U   -1922.08159130641  2.3E-05  2.7E-06  1.2E-04
etot    6  N  N  2  U   -1922.08159350408  2.2E-06  0.0E+00  0.0E+00
scf (DFT) done.
der1a (1-e 1st deriv.) done.
rwr (1st deriv. Q) done.
der1b (2-e 1st deriv.) done.
  Geometry optimization step  27
  Total energy:     -1922.15052457204 hartrees
  energy change:           6.6247E-05 .  (  5.0000E-05 )
  gradient maximum:        4.0797E-03 .  (  4.5000E-04 )
  gradient rms:            5.4138E-04 .  (  3.0000E-04 )
  displacement maximum:    4.8110E-02 .  (  1.8000E-03 )
  displacement rms:        8.8854E-03 .  (  1.2000E-03 )
  
  predicted energy change: -1.8370E-04
  step size:     0.14627
  trust radius:  0.30000
---------------- geometry iteration  27 complete ----------------
geopt (optimize geometry) done.
onee (1-electron integrals) done.
probe (project orbitals) done.
grid (grid generation) done.
rwr (Q operators) done.
  
       i  u  d  i  g
       t  p  i  c  r                                 RMS    maximum
       e  d  i  u  i                       energy  density   DIIS  
       r  t  s  t  d       total energy    change  change    error 
  
etot    1  N  N  2  U   -1922.07242123363           1.7E-04  6.8E-03
etot    2  Y  Y  6  M   -1922.08177185347  9.4E-03  2.9E-05  5.0E-04
etot    3  N  Y  2  U   -1922.08168578880 -8.6E-05  2.1E-05  5.4E-04
etot    4  N  Y  2  U   -1922.08180084340  1.2E-04  6.8E-06  2.4E-04
etot    5  N  Y  2  U   -1922.08181700485  1.6E-05  2.3E-06  9.9E-05
etot    6  N  N  2  U   -1922.08181856292  1.6E-06  0.0E+00  0.0E+00
scf (DFT) done.
der1a (1-e 1st deriv.) done.
rwr (1st deriv. Q) done.
der1b (2-e 1st deriv.) done.
  Geometry optimization step  28
  Total energy:     -1922.15056108957 hartrees
  energy change:          -3.6518E-05 *  (  5.0000E-05 )
  gradient maximum:        5.1210E-03 .  (  4.5000E-04 )
  gradient rms:            8.5336E-04 .  (  3.0000E-04 )
  displacement maximum:    4.3574E-02 .  (  1.8000E-03 )
  displacement rms:        7.1915E-03 .  (  1.2000E-03 )
  
  predicted energy change: -2.5281E-04
  step size:     0.11839
  trust radius:  0.15000
---------------- geometry iteration  28 complete ----------------
geopt (optimize geometry) done.
onee (1-electron integrals) done.
probe (project orbitals) done.
grid (grid generation) done.
rwr (Q operators) done.
  
       i  u  d  i  g
       t  p  i  c  r                                 RMS    maximum
       e  d  i  u  i                       energy  density   DIIS  
       r  t  s  t  d       total energy    change  change    error 
  
etot    1  N  N  2  U   -1922.07334151181           1.6E-04  4.2E-03
etot    2  Y  Y  6  M   -1922.08185280652  8.5E-03  3.1E-05  3.6E-04
etot    3  N  Y  2  U   -1922.08169034962 -1.6E-04  2.5E-05  7.5E-04
etot    4  N  Y  2  U   -1922.08189056028  2.0E-04  6.6E-06  2.5E-04
etot    5  N  Y  2  U   -1922.08190553427  1.5E-05  2.3E-06  1.3E-04
etot    6  N  N  2  U   -1922.08190745557  1.9E-06  0.0E+00  0.0E+00
scf (DFT) done.
der1a (1-e 1st deriv.) done.
rwr (1st deriv. Q) done.
der1b (2-e 1st deriv.) done.
  Geometry optimization step  29
  Total energy:     -1922.15077972644 hartrees
  energy change:          -2.1864E-04 .  (  5.0000E-05 )
  gradient maximum:        4.0470E-03 .  (  4.5000E-04 )
  gradient rms:            7.6460E-04 .  (  3.0000E-04 )
  displacement maximum:    3.2000E-02 .  (  1.8000E-03 )
  displacement rms:        4.5572E-03 .  (  1.2000E-03 )
  
  predicted energy change: -3.0338E-04
  step size:     0.07502
  trust radius:  0.07500
---------------- geometry iteration  29 complete ----------------
geopt (optimize geometry) done.
onee (1-electron integrals) done.
probe (project orbitals) done.
grid (grid generation) done.
rwr (Q operators) done.
  
       i  u  d  i  g
       t  p  i  c  r                                 RMS    maximum
       e  d  i  u  i                       energy  density   DIIS  
       r  t  s  t  d       total energy    change  change    error 
  
etot    1  N  N  2  U   -1922.07512971173           1.3E-04  5.6E-03
etot    2  Y  Y  6  M   -1922.08104567869  5.9E-03  2.3E-05  2.3E-04
etot    3  N  Y  2  U   -1922.08091907659 -1.3E-04  1.8E-05  6.6E-04
etot    4  N  Y  2  U   -1922.08102593722  1.1E-04  4.9E-06  2.2E-04
etot    5  N  N  2  U   -1922.08103435410  8.4E-06  0.0E+00  0.0E+00
scf (DFT) done.
der1a (1-e 1st deriv.) done.
rwr (1st deriv. Q) done.
der1b (2-e 1st deriv.) done.
  Geometry optimization step  30
  Total energy:     -1922.15049543396 hartrees
  energy change:           2.8429E-04 .  (  5.0000E-05 )
  gradient maximum:        5.0090E-03 .  (  4.5000E-04 )
  gradient rms:            8.8402E-04 .  (  3.0000E-04 )
  displacement maximum:    1.1781E-02 .  (  1.8000E-03 )
  displacement rms:        2.2808E-03 .  (  1.2000E-03 )
  
  predicted energy change: -1.9567E-04
  step size:     0.03755
  trust radius:  0.03750
---------------- geometry iteration  30 complete ----------------
geopt (optimize geometry) done.
onee (1-electron integrals) done.
probe (project orbitals) done.
grid (grid generation) done.
rwr (Q operators) done.
  
       i  u  d  i  g
       t  p  i  c  r                                 RMS    maximum
       e  d  i  u  i                       energy  density   DIIS  
       r  t  s  t  d       total energy    change  change    error 
  
etot    1  N  N  2  U   -1922.07986850704           7.8E-05  2.4E-03
etot    2  Y  Y  6  M   -1922.08176840545  1.9E-03  1.7E-05  1.9E-04
etot    3  N  Y  2  U   -1922.08171588418 -5.3E-05  1.3E-05  5.1E-04
etot    4  N  Y  2  U   -1922.08179052758  7.5E-05  3.7E-06  1.3E-04
etot    5  N  N  2  U   -1922.08179390196  3.4E-06  0.0E+00  0.0E+00
scf (DFT) done.
der1a (1-e 1st deriv.) done.
rwr (1st deriv. Q) done.
der1b (2-e 1st deriv.) done.
  Geometry optimization step  31
  Total energy:     -1922.15062058328 hartrees
  energy change:          -1.2515E-04 .  (  5.0000E-05 )
  gradient maximum:        3.2482E-03 .  (  4.5000E-04 )
  gradient rms:            5.1743E-04 .  (  3.0000E-04 )
  displacement maximum:    6.9860E-03 .  (  1.8000E-03 )
  displacement rms:        1.1479E-03 *  (  1.2000E-03 )
  
  predicted energy change: -7.2533E-05
  step size:     0.01890
  trust radius:  0.01875
---------------- geometry iteration  31 complete ----------------
geopt (optimize geometry) done.
onee (1-electron integrals) done.
probe (project orbitals) done.
grid (grid generation) done.
rwr (Q operators) done.
  
       i  u  d  i  g
       t  p  i  c  r                                 RMS    maximum
       e  d  i  u  i                       energy  density   DIIS  
       r  t  s  t  d       total energy    change  change    error 
  
etot    1  N  N  2  U   -1922.08141277926           3.6E-05  1.1E-03
etot    2  N  Y  2  U   -1922.08168729700  2.7E-04  1.7E-05  3.1E-04
etot    3  N  Y  2  U   -1922.08161625409 -7.1E-05  1.3E-05  8.8E-04
etot    4  N  Y  2  U   -1922.08169835991  8.2E-05  1.9E-06  6.3E-05
etot    5  N  N  2  U   -1922.08169939922  1.0E-06  0.0E+00  0.0E+00
scf (DFT) done.
der1a (1-e 1st deriv.) done.
rwr (1st deriv. Q) done.
der1b (2-e 1st deriv.) done.
  Geometry optimization step  32
  Total energy:     -1922.15069151926 hartrees
  energy change:          -7.0936E-05 .  (  5.0000E-05 )
  gradient maximum:        7.4385E-04 .  (  4.5000E-04 )
  gradient rms:            1.4346E-04 *  (  3.0000E-04 )
  displacement maximum:    1.4418E-02 .  (  1.8000E-03 )
  displacement rms:        1.6663E-03 .  (  1.2000E-03 )
  
  predicted energy change: -2.9130E-05
  step size:     0.02743
  trust radius:  0.02652
---------------- geometry iteration  32 complete ----------------
geopt (optimize geometry) done.
onee (1-electron integrals) done.
probe (project orbitals) done.
grid (grid generation) done.
rwr (Q operators) done.
  
       i  u  d  i  g
       t  p  i  c  r                                 RMS    maximum
       e  d  i  u  i                       energy  density   DIIS  
       r  t  s  t  d       total energy    change  change    error 
  
etot    1  N  N  2  U   -1922.08137971948           3.9E-05  9.4E-04
etot    2  N  Y  2  U   -1922.08171569902  3.4E-04  7.5E-06  7.6E-05
etot    3  N  Y  2  U   -1922.08170617694 -9.5E-06  5.7E-06  2.0E-04
etot    4  N  Y  2  U   -1922.08171779367  1.2E-05  1.5E-06  6.6E-05
etot    5  N  N  2  U   -1922.08171845691  6.6E-07  0.0E+00  0.0E+00
scf (DFT) done.
der1a (1-e 1st deriv.) done.
rwr (1st deriv. Q) done.
der1b (2-e 1st deriv.) done.
  Geometry optimization step  33
  Total energy:     -1922.15073730341 hartrees
  energy change:          -4.5784E-05 *  (  5.0000E-05 )
  gradient maximum:        1.2830E-03 .  (  4.5000E-04 )
  gradient rms:            2.2060E-04 *  (  3.0000E-04 )
  displacement maximum:    5.0405E-03 .  (  1.8000E-03 )
  displacement rms:        8.1762E-04 *  (  1.2000E-03 )
  
  predicted energy change: -1.5958E-05
  step size:     0.01346
  trust radius:  0.01326
---------------- geometry iteration  33 complete ----------------
geopt (optimize geometry) done.
onee (1-electron integrals) done.
probe (project orbitals) done.
grid (grid generation) done.
rwr (Q operators) done.
  
       i  u  d  i  g
       t  p  i  c  r                                 RMS    maximum
       e  d  i  u  i                       energy  density   DIIS  
       r  t  s  t  d       total energy    change  change    error 
  
etot    1  N  N  2  U   -1922.08161351413           2.1E-05  3.4E-04
etot    2  N  Y  2  U   -1922.08170142321  8.8E-05  7.0E-06  9.6E-05
etot    3  N  Y  2  U   -1922.08168813259 -1.3E-05  5.3E-06  2.7E-04
etot    4  N  Y  2  U   -1922.08170339998  1.5E-05  9.5E-07  3.1E-05
etot    5  N  N  2  U   -1922.08170356903  1.7E-07  0.0E+00  0.0E+00
scf (DFT) done.
der1a (1-e 1st deriv.) done.
rwr (1st deriv. Q) done.
der1b (2-e 1st deriv.) done.
  Geometry optimization step  34
  Total energy:     -1922.15074406629 hartrees
  energy change:          -6.7629E-06 *  (  5.0000E-05 )
  gradient maximum:        4.7382E-04 .  (  4.5000E-04 )
  gradient rms:            1.0377E-04 *  (  3.0000E-04 )
  displacement maximum:    7.9461E-03 .  (  1.8000E-03 )
  displacement rms:        1.1588E-03 *  (  1.2000E-03 )
  
  predicted energy change: -1.3334E-05
  step size:     0.01908
  trust radius:  0.01875
---------------- geometry iteration  34 complete ----------------
geopt (optimize geometry) done.
onee (1-electron integrals) done.
probe (project orbitals) done.
grid (grid generation) done.
rwr (Q operators) done.
  
       i  u  d  i  g
       t  p  i  c  r                                 RMS    maximum
       e  d  i  u  i                       energy  density   DIIS  
       r  t  s  t  d       total energy    change  change    error 
  
etot    1  N  N  2  U   -1922.08148417302           2.7E-05  9.6E-04
etot    2  N  Y  2  U   -1922.08169257311  2.1E-04  5.4E-06  8.6E-05
etot    3  N  Y  2  U   -1922.08168532842 -7.2E-06  4.1E-06  2.8E-04
etot    4  N  N  2  U   -1922.08169386902  8.5E-06  0.0E+00  0.0E+00
scf (DFT) done.
der1a (1-e 1st deriv.) done.
rwr (1st deriv. Q) done.
der1b (2-e 1st deriv.) done.
  Geometry optimization step  35
  Total energy:     -1922.15072440216 hartrees
  energy change:           1.9664E-05 *  (  5.0000E-05 )
  gradient maximum:        6.1977E-04 .  (  4.5000E-04 )
  gradient rms:            9.4836E-05 *  (  3.0000E-04 )
  displacement maximum:    9.4313E-03 .  (  1.8000E-03 )
  displacement rms:        1.6170E-03 .  (  1.2000E-03 )
  
  predicted energy change: -1.1240E-05
  step size:     0.02662
  trust radius:  0.02652
---------------- geometry iteration  35 complete ----------------
geopt (optimize geometry) done.
onee (1-electron integrals) done.
probe (project orbitals) done.
grid (grid generation) done.
rwr (Q operators) done.
  
       i  u  d  i  g
       t  p  i  c  r                                 RMS    maximum
       e  d  i  u  i                       energy  density   DIIS  
       r  t  s  t  d       total energy    change  change    error 
  
etot    1  N  N  2  U   -1922.08147376664           3.2E-05  7.5E-04
etot    2  N  Y  2  U   -1922.08173084582  2.6E-04  9.6E-06  1.4E-04
etot    3  N  Y  2  U   -1922.08170946822 -2.1E-05  7.5E-06  4.2E-04
etot    4  N  Y  2  U   -1922.08173443335  2.5E-05  1.8E-06  6.1E-05
etot    5  N  N  2  U   -1922.08173535801  9.2E-07  0.0E+00  0.0E+00
scf (DFT) done.
der1a (1-e 1st deriv.) done.
rwr (1st deriv. Q) done.
der1b (2-e 1st deriv.) done.
  Geometry optimization step  36
  Total energy:     -1922.15077195968 hartrees
  energy change:          -4.7558E-05 *  (  5.0000E-05 )
  gradient maximum:        4.1630E-04 *  (  4.5000E-04 )
  gradient rms:            6.7664E-05 *  (  3.0000E-04 )
  displacement maximum:    1.3979E-02 .  (  1.8000E-03 )
  displacement rms:        2.2798E-03 .  (  1.2000E-03 )
  
  predicted energy change: -1.6709E-05
  step size:     0.03753
  trust radius:  0.03750
---------------- geometry iteration  36 complete ----------------
geopt (optimize geometry) done.
onee (1-electron integrals) done.
probe (project orbitals) done.
grid (grid generation) done.
rwr (Q operators) done.
  
       i  u  d  i  g
       t  p  i  c  r                                 RMS    maximum
       e  d  i  u  i                       energy  density   DIIS  
       r  t  s  t  d       total energy    change  change    error 
  
etot    1  N  N  2  U   -1922.08127517130           4.1E-05  7.5E-04
etot    2  N  Y  2  U   -1922.08168784973  4.1E-04  7.4E-06  8.9E-05
etot    3  N  Y  2  U   -1922.08168022014 -7.6E-06  6.3E-06  1.7E-04
etot    4  N  Y  2  U   -1922.08168959579  9.4E-06  2.1E-06  8.6E-05
etot    5  N  N  2  U   -1922.08169108095  1.5E-06  0.0E+00  0.0E+00
scf (DFT) done.
der1a (1-e 1st deriv.) done.
rwr (1st deriv. Q) done.
der1b (2-e 1st deriv.) done.
  Geometry optimization step  37
  Total energy:     -1922.15078379077 hartrees
  energy change:          -1.1831E-05 *  (  5.0000E-05 )
  gradient maximum:        8.8556E-04 .  (  4.5000E-04 )
  gradient rms:            1.5503E-04 *  (  3.0000E-04 )
  displacement maximum:    1.7682E-02 .  (  1.8000E-03 )
  displacement rms:        3.2652E-03 .  (  1.2000E-03 )
  
  predicted energy change: -1.7081E-05
  step size:     0.05375
  trust radius:  0.05303
---------------- geometry iteration  37 complete ----------------
geopt (optimize geometry) done.
onee (1-electron integrals) done.
probe (project orbitals) done.
grid (grid generation) done.
rwr (Q operators) done.
  
       i  u  d  i  g
       t  p  i  c  r                                 RMS    maximum
       e  d  i  u  i                       energy  density   DIIS  
       r  t  s  t  d       total energy    change  change    error 
  
etot    1  N  N  2  U   -1922.08019230964           7.1E-05  1.9E-03
etot    2  Y  Y  6  M   -1922.08167490203  1.5E-03  1.4E-05  2.2E-04
etot    3  N  Y  2  U   -1922.08165445819 -2.0E-05  1.1E-05  4.1E-04
etot    4  N  Y  2  U   -1922.08169478433  4.0E-05  3.3E-06  1.4E-04
etot    5  N  N  2  U   -1922.08169853713  3.8E-06  0.0E+00  0.0E+00
scf (DFT) done.
der1a (1-e 1st deriv.) done.
rwr (1st deriv. Q) done.
der1b (2-e 1st deriv.) done.
  Geometry optimization step  38
  Total energy:     -1922.15075340412 hartrees
  energy change:           3.0387E-05 *  (  5.0000E-05 )
  gradient maximum:        6.9762E-04 .  (  4.5000E-04 )
  gradient rms:            1.1993E-04 *  (  3.0000E-04 )
  displacement maximum:    3.8827E-02 .  (  1.8000E-03 )
  displacement rms:        4.6116E-03 .  (  1.2000E-03 )
  
  predicted energy change: -2.1695E-05
  step size:     0.07592
  trust radius:  0.07500
---------------- geometry iteration  38 complete ----------------
geopt (optimize geometry) done.
onee (1-electron integrals) done.
probe (project orbitals) done.
grid (grid generation) done.
rwr (Q operators) done.
  
       i  u  d  i  g
       t  p  i  c  r                                 RMS    maximum
       e  d  i  u  i                       energy  density   DIIS  
       r  t  s  t  d       total energy    change  change    error 
  
etot    1  N  N  2  U   -1922.07932851798           8.7E-05  1.9E-03
etot    2  Y  Y  6  M   -1922.08168755353  2.4E-03  1.9E-05  2.8E-04
etot    3  N  Y  2  U   -1922.08160421893 -8.3E-05  1.6E-05  7.5E-04
etot    4  N  Y  2  U   -1922.08170584529  1.0E-04  4.0E-06  1.9E-04
etot    5  N  N  2  U   -1922.08171082187  5.0E-06  0.0E+00  0.0E+00
scf (DFT) done.
der1a (1-e 1st deriv.) done.
rwr (1st deriv. Q) done.
der1b (2-e 1st deriv.) done.
  Geometry optimization step  39
  Total energy:     -1922.15076574164 hartrees
  energy change:          -1.2338E-05 *  (  5.0000E-05 )
  gradient maximum:        7.7830E-04 .  (  4.5000E-04 )
  gradient rms:            1.3920E-04 *  (  3.0000E-04 )
  displacement maximum:    3.8161E-02 .  (  1.8000E-03 )
  displacement rms:        4.2386E-03 .  (  1.2000E-03 )
  
  predicted energy change: -1.6113E-05
  step size:     0.06978
  trust radius:  0.10607
---------------- geometry iteration  39 complete ----------------
geopt (optimize geometry) done.
onee (1-electron integrals) done.
probe (project orbitals) done.
grid (grid generation) done.
rwr (Q operators) done.
  
       i  u  d  i  g
       t  p  i  c  r                                 RMS    maximum
       e  d  i  u  i                       energy  density   DIIS  
       r  t  s  t  d       total energy    change  change    error 
  
etot    1  N  N  2  U   -1922.08073185896           6.5E-05  1.2E-03
etot    2  Y  Y  6  M   -1922.08176317893  1.0E-03  1.8E-05  2.7E-04
etot    3  N  Y  2  U   -1922.08166508240 -9.8E-05  1.4E-05  8.6E-04
etot    4  N  Y  2  U   -1922.08176348255  9.8E-05  2.4E-06  8.2E-05
etot    5  N  N  2  U   -1922.08176497007  1.5E-06  0.0E+00  0.0E+00
scf (DFT) done.
der1a (1-e 1st deriv.) done.
rwr (1st deriv. Q) done.
der1b (2-e 1st deriv.) done.
  Geometry optimization step  40
  Total energy:     -1922.15084693313 hartrees
  energy change:          -8.1191E-05 .  (  5.0000E-05 )
  gradient maximum:        5.7659E-04 .  (  4.5000E-04 )
  gradient rms:            1.2112E-04 *  (  3.0000E-04 )
  displacement maximum:    3.7171E-02 .  (  1.8000E-03 )
  displacement rms:        2.9139E-03 .  (  1.2000E-03 )
  
  predicted energy change: -1.0268E-05
  step size:     0.04797
  trust radius:  0.10607
---------------- geometry iteration  40 complete ----------------
geopt (optimize geometry) done.
onee (1-electron integrals) done.
probe (project orbitals) done.
grid (grid generation) done.
rwr (Q operators) done.
  
       i  u  d  i  g
       t  p  i  c  r                                 RMS    maximum
       e  d  i  u  i                       energy  density   DIIS  
       r  t  s  t  d       total energy    change  change    error 
  
etot    1  N  N  2  U   -1922.08123157732           3.9E-05  1.1E-03
etot    2  N  Y  2  U   -1922.08169469562  4.6E-04  1.2E-05  1.2E-04
etot    3  N  Y  2  U   -1922.08166685826 -2.8E-05  8.8E-06  3.3E-04
etot    4  N  Y  2  U   -1922.08170030724  3.3E-05  1.9E-06  4.5E-05
etot    5  N  N  2  U   -1922.08170115114  8.4E-07  0.0E+00  0.0E+00
scf (DFT) done.
der1a (1-e 1st deriv.) done.
rwr (1st deriv. Q) done.
der1b (2-e 1st deriv.) done.
  Geometry optimization step  41
  Total energy:     -1922.15076500448 hartrees
  energy change:           8.1929E-05 .  (  5.0000E-05 )
  gradient maximum:        5.3533E-04 .  (  4.5000E-04 )
  gradient rms:            9.6218E-05 *  (  3.0000E-04 )
  displacement maximum:    1.9179E-02 .  (  1.8000E-03 )
  displacement rms:        3.0729E-03 .  (  1.2000E-03 )
  
  predicted energy change: -8.6723E-06
  step size:     0.05059
  trust radius:  0.10607
---------------- geometry iteration  41 complete ----------------
geopt (optimize geometry) done.
onee (1-electron integrals) done.
probe (project orbitals) done.
grid (grid generation) done.
rwr (Q operators) done.
  
       i  u  d  i  g
       t  p  i  c  r                                 RMS    maximum
       e  d  i  u  i                       energy  density   DIIS  
       r  t  s  t  d       total energy    change  change    error 
  
etot    1  N  N  2  U   -1922.08084503402           5.6E-05  1.6E-03
etot    2  Y  Y  6  M   -1922.08165487514  8.1E-04  1.2E-05  1.2E-04
etot    3  N  Y  2  U   -1922.08162546907 -2.9E-05  9.2E-06  3.0E-04
etot    4  N  Y  2  U   -1922.08165503250  3.0E-05  2.3E-06  6.1E-05
etot    5  N  N  2  U   -1922.08165641961  1.4E-06  0.0E+00  0.0E+00
scf (DFT) done.
der1a (1-e 1st deriv.) done.
rwr (1st deriv. Q) done.
der1b (2-e 1st deriv.) done.
  Geometry optimization step  42
  Total energy:     -1922.15073165748 hartrees
  energy change:           3.3347E-05 *  (  5.0000E-05 )
  gradient maximum:        6.5044E-04 .  (  4.5000E-04 )
  gradient rms:            9.6279E-05 *  (  3.0000E-04 )
  displacement maximum:    1.2483E-02 .  (  1.8000E-03 )
  displacement rms:        1.7131E-03 .  (  1.2000E-03 )
  
  predicted energy change: -6.2412E-06
  step size:     0.02820
  trust radius:  0.10607
---------------- geometry iteration  42 complete ----------------
geopt (optimize geometry) done.
onee (1-electron integrals) done.
probe (project orbitals) done.
grid (grid generation) done.
rwr (Q operators) done.
  
       i  u  d  i  g
       t  p  i  c  r                                 RMS    maximum
       e  d  i  u  i                       energy  density   DIIS  
       r  t  s  t  d       total energy    change  change    error 
  
etot    1  N  N  2  U   -1922.08115416699           3.7E-05  9.7E-04
etot    2  N  Y  2  U   -1922.08161981575  4.7E-04  1.1E-05  1.4E-04
etot    3  N  Y  2  U   -1922.08159005572 -3.0E-05  8.9E-06  4.1E-04
etot    4  N  Y  2  U   -1922.08162487808  3.5E-05  2.2E-06  7.0E-05
etot    5  N  N  2  U   -1922.08162597758  1.1E-06  0.0E+00  0.0E+00
scf (DFT) done.
der1a (1-e 1st deriv.) done.
rwr (1st deriv. Q) done.
der1b (2-e 1st deriv.) done.
  Geometry optimization step  43
  Total energy:     -1922.15071775928 hartrees
  energy change:           1.3898E-05 *  (  5.0000E-05 )
  gradient maximum:        4.1178E-04 *  (  4.5000E-04 )
  gradient rms:            6.2365E-05 *  (  3.0000E-04 )
  displacement maximum:    4.4441E-02 .  (  1.8000E-03 )
  displacement rms:        3.5840E-03 .  (  1.2000E-03 )
  
  predicted energy change: -5.6984E-06
  step size:     0.05900
  trust radius:  0.10607
---------------- geometry iteration  43 complete ----------------
geopt (optimize geometry) done.
onee (1-electron integrals) done.
probe (project orbitals) done.
grid (grid generation) done.
rwr (Q operators) done.
  
       i  u  d  i  g
       t  p  i  c  r                                 RMS    maximum
       e  d  i  u  i                       energy  density   DIIS  
       r  t  s  t  d       total energy    change  change    error 
  
etot    1  N  N  2  U   -1922.08103007138           5.0E-05  1.3E-03
etot    2  N  Y  2  U   -1922.08169955035  6.7E-04  1.2E-05  1.7E-04
etot    3  N  Y  2  U   -1922.08166503515 -3.5E-05  9.3E-06  5.0E-04
etot    4  N  Y  2  U   -1922.08170570912  4.1E-05  2.1E-06  8.3E-05
etot    5  N  N  2  U   -1922.08170686819  1.2E-06  0.0E+00  0.0E+00
scf (DFT) done.
der1a (1-e 1st deriv.) done.
rwr (1st deriv. Q) done.
der1b (2-e 1st deriv.) done.
  Geometry optimization step  44
  Total energy:     -1922.15081223077 hartrees
  energy change:          -9.4471E-05 .  (  5.0000E-05 )
  gradient maximum:        3.9359E-04 *  (  4.5000E-04 )
  gradient rms:            7.5662E-05 *  (  3.0000E-04 )
  displacement maximum:    1.6186E-02 .  (  1.8000E-03 )
  displacement rms:        1.3557E-03 .  (  1.2000E-03 )
  
  predicted energy change: -3.8892E-06
  step size:     0.02232
  trust radius:  0.10607
---------------- geometry iteration  44 complete ----------------
geopt (optimize geometry) done.
onee (1-electron integrals) done.
probe (project orbitals) done.
grid (grid generation) done.
rwr (Q operators) done.
  
       i  u  d  i  g
       t  p  i  c  r                                 RMS    maximum
       e  d  i  u  i                       energy  density   DIIS  
       r  t  s  t  d       total energy    change  change    error 
  
etot    1  N  N  2  U   -1922.08155502168           2.5E-05  8.0E-04
etot    2  N  Y  2  U   -1922.08173612152  1.8E-04  7.4E-06  1.0E-04
etot    3  N  Y  2  U   -1922.08172374532 -1.2E-05  5.6E-06  3.1E-04
etot    4  N  Y  2  U   -1922.08173801882  1.4E-05  1.2E-06  3.6E-05
etot    5  N  N  2  U   -1922.08173831614  3.0E-07  0.0E+00  0.0E+00
scf (DFT) done.
der1a (1-e 1st deriv.) done.
rwr (1st deriv. Q) done.
der1b (2-e 1st deriv.) done.
  Geometry optimization step  45
  Total energy:     -1922.15082041922 hartrees
  energy change:          -8.1884E-06 *  (  5.0000E-05 )
  gradient maximum:        3.2827E-04 *  (  4.5000E-04 )
  gradient rms:            7.0560E-05 *  (  3.0000E-04 )
  displacement maximum:    2.0377E-02 .  (  1.8000E-03 )
  displacement rms:        2.4932E-03 .  (  1.2000E-03 )
  
  predicted energy change: -4.7996E-06
  step size:     0.04104
  trust radius:  0.10607
---------------- geometry iteration  45 complete ----------------
geopt (optimize geometry) done.
onee (1-electron integrals) done.
probe (project orbitals) done.
grid (grid generation) done.
rwr (Q operators) done.
  
       i  u  d  i  g
       t  p  i  c  r                                 RMS    maximum
       e  d  i  u  i                       energy  density   DIIS  
       r  t  s  t  d       total energy    change  change    error 
  
etot    1  N  N  2  U   -1922.08119874607           4.4E-05  9.1E-04
etot    2  N  Y  2  U   -1922.08174612960  5.5E-04  7.8E-06  1.0E-04
etot    3  N  Y  2  U   -1922.08173747014 -8.7E-06  5.9E-06  1.8E-04
etot    4  N  Y  2  U   -1922.08174905828  1.2E-05  1.8E-06  4.6E-05
etot    5  N  N  2  U   -1922.08174982775  7.7E-07  0.0E+00  0.0E+00
scf (DFT) done.
der1a (1-e 1st deriv.) done.
rwr (1st deriv. Q) done.
der1b (2-e 1st deriv.) done.
  Geometry optimization step  46
  Total energy:     -1922.15081840565 hartrees
  energy change:           2.0136E-06 #  (  5.0000E-05 )
  gradient maximum:        5.2738E-04 .  (  4.5000E-04 )
  gradient rms:            9.1338E-05 *  (  3.0000E-04 )
  displacement maximum:    2.2119E-02 .  (  1.8000E-03 )
  displacement rms:        1.6202E-03 .  (  1.2000E-03 )
  
  predicted energy change: -5.1461E-06
  step size:     0.02667
  trust radius:  0.10607
---------------- geometry iteration  46 complete ----------------
geopt (optimize geometry) done.
onee (1-electron integrals) done.
probe (project orbitals) done.
grid (grid generation) done.
rwr (Q operators) done.
  
       i  u  d  i  g
       t  p  i  c  r                                 RMS    maximum
       e  d  i  u  i                       energy  density   DIIS  
       r  t  s  t  d       total energy    change  change    error 
  
etot    1  N  N  2  U   -1922.08143768295           2.6E-05  9.8E-04
etot    2  N  Y  2  U   -1922.08167728051  2.4E-04  8.6E-06  9.1E-05
etot    3  N  Y  2  U   -1922.08166141332 -1.6E-05  6.4E-06  2.6E-04
etot    4  N  Y  2  U   -1922.08168002729  1.9E-05  1.3E-06  2.4E-05
etot    5  N  N  2  U   -1922.08168033233  3.1E-07  0.0E+00  0.0E+00
scf (DFT) done.
der1a (1-e 1st deriv.) done.
rwr (1st deriv. Q) done.
der1b (2-e 1st deriv.) done.
  Geometry optimization step  47
  Total energy:     -1922.15075456022 hartrees
  energy change:           6.3845E-05 .  (  5.0000E-05 )
  gradient maximum:        4.6325E-04 .  (  4.5000E-04 )
  gradient rms:            7.3325E-05 *  (  3.0000E-04 )
  displacement maximum:    3.3891E-02 .  (  1.8000E-03 )
  displacement rms:        3.6758E-03 .  (  1.2000E-03 )
  
  predicted energy change: -5.7058E-06
  step size:     0.06051
  trust radius:  0.10607
---------------- geometry iteration  47 complete ----------------
geopt (optimize geometry) done.
onee (1-electron integrals) done.
probe (project orbitals) done.
grid (grid generation) done.
rwr (Q operators) done.
  
       i  u  d  i  g
       t  p  i  c  r                                 RMS    maximum
       e  d  i  u  i                       energy  density   DIIS  
       r  t  s  t  d       total energy    change  change    error 
  
etot    1  N  N  2  U   -1922.08031938918           6.7E-05  1.5E-03
etot    2  Y  Y  6  M   -1922.08161427798  1.3E-03  1.6E-05  1.9E-04
etot    3  N  Y  2  U   -1922.08156049744 -5.4E-05  1.2E-05  5.6E-04
etot    4  N  Y  2  U   -1922.08162640620  6.6E-05  2.7E-06  1.1E-04
etot    5  N  N  2  U   -1922.08162812288  1.7E-06  0.0E+00  0.0E+00
scf (DFT) done.
der1a (1-e 1st deriv.) done.
rwr (1st deriv. Q) done.
der1b (2-e 1st deriv.) done.
  Geometry optimization step  48
  Total energy:     -1922.15075607871 hartrees
  energy change:          -1.5185E-06 #  (  5.0000E-05 )
  gradient maximum:        6.9173E-04 .  (  4.5000E-04 )
  gradient rms:            1.2477E-04 *  (  3.0000E-04 )
  displacement maximum:    1.0524E-02 .  (  1.8000E-03 )
  displacement rms:        1.5524E-03 .  (  1.2000E-03 )
  
  predicted energy change: -4.5897E-06
  step size:     0.02555
  trust radius:  0.05303
---------------- geometry iteration  48 complete ----------------
geopt (optimize geometry) done.
onee (1-electron integrals) done.
probe (project orbitals) done.
grid (grid generation) done.
rwr (Q operators) done.
  
       i  u  d  i  g
       t  p  i  c  r                                 RMS    maximum
       e  d  i  u  i                       energy  density   DIIS  
       r  t  s  t  d       total energy    change  change    error 
  
etot    1  N  N  2  U   -1922.08142781699           3.0E-05  6.1E-04
etot    2  N  Y  2  U   -1922.08165887043  2.3E-04  1.3E-05  1.4E-04
etot    3  N  Y  2  U   -1922.08162275273 -3.6E-05  1.0E-05  3.6E-04
etot    4  N  Y  2  U   -1922.08166548690  4.3E-05  1.6E-06  5.1E-05
etot    5  N  N  2  U   -1922.08166639785  9.1E-07  0.0E+00  0.0E+00
scf (DFT) done.
der1a (1-e 1st deriv.) done.
rwr (1st deriv. Q) done.
der1b (2-e 1st deriv.) done.
  Geometry optimization step  49
  Total energy:     -1922.15076233025 hartrees
  energy change:          -6.2515E-06 *  (  5.0000E-05 )
  gradient maximum:        3.0235E-04 *  (  4.5000E-04 )
  gradient rms:            4.0881E-05 #  (  3.0000E-04 )
  displacement maximum:    1.6365E-02 .  (  1.8000E-03 )
  displacement rms:        1.4140E-03 .  (  1.2000E-03 )
  
  predicted energy change: -1.3895E-06
  step size:     0.02328
  trust radius:  0.05303
---------------- geometry iteration  49 complete ----------------
geopt (optimize geometry) done.
onee (1-electron integrals) done.
probe (project orbitals) done.
grid (grid generation) done.
rwr (Q operators) done.
  
       i  u  d  i  g
       t  p  i  c  r                                 RMS    maximum
       e  d  i  u  i                       energy  density   DIIS  
       r  t  s  t  d       total energy    change  change    error 
  
etot    1  N  N  2  U   -1922.08152925179           2.3E-05  4.9E-04
etot    2  N  Y  2  U   -1922.08166820026  1.4E-04  6.5E-06  6.5E-05
etot    3  N  Y  2  U   -1922.08165909069 -9.1E-06  5.1E-06  1.9E-04
etot    4  N  Y  2  U   -1922.08166983685  1.1E-05  1.0E-06  3.3E-05
etot    5  N  N  2  U   -1922.08167006815  2.3E-07  0.0E+00  0.0E+00
scf (DFT) done.
der1a (1-e 1st deriv.) done.
rwr (1st deriv. Q) done.
der1b (2-e 1st deriv.) done.
  Geometry optimization step  50
  Total energy:     -1922.15075470863 hartrees
  ** restarting optimization from step   49 **
  energy change:           7.6216E-06 *  (  5.0000E-05 )
  gradient maximum:        3.0235E-04 *  (  4.5000E-04 )
  gradient rms:            4.0881E-05 #  (  3.0000E-04 )
  displacement maximum:    1.9616E-03 .  (  1.8000E-03 )
  displacement rms:        3.5966E-04 *  (  1.2000E-03 )
  
  predicted energy change: -6.9337E-07
  step size:     0.00592
  trust radius:  0.02652
---------------- geometry iteration  50 complete ----------------
geopt (optimize geometry) done.
onee (1-electron integrals) done.
probe (project orbitals) done.
grid (grid generation) done.
rwr (Q operators) done.
  
       i  u  d  i  g
       t  p  i  c  r                                 RMS    maximum
       e  d  i  u  i                       energy  density   DIIS  
       r  t  s  t  d       total energy    change  change    error 
  
etot    1  N  N  2  U   -1922.08160751480           1.7E-05  4.0E-04
etot    2  N  Y  2  U   -1922.08167881187  7.1E-05  5.8E-06  8.0E-05
etot    3  N  Y  2  U   -1922.08167070133 -8.1E-06  4.2E-06  2.3E-04
etot    4  N  N  2  U   -1922.08168044247  9.7E-06  0.0E+00  0.0E+00
scf (DFT) done.
der1a (1-e 1st deriv.) done.
rwr (1st deriv. Q) done.
der1b (2-e 1st deriv.) done.
  Geometry optimization step  51
  Total energy:     -1922.15076625275 hartrees
  energy change:          -3.9225E-06 *  (  5.0000E-05 )
  gradient maximum:        2.0356E-04 *  (  4.5000E-04 )
  gradient rms:            3.4521E-05 #  (  3.0000E-04 )
  displacement maximum:    3.7051E-03 .  (  1.8000E-03 )
  displacement rms:        5.1161E-04 *  (  1.2000E-03 )
  
  predicted energy change: -6.8705E-07
  step size:     0.00842
  trust radius:  0.02652
------------- final geometry iteration  51 complete -------------
geopt (optimize geometry) done.
cutabab2 (abab integrals) done.
der2a (1-e JK-1st deriv.) done.
der2b (2-e JK-1st deriv.) done.
der2nda (1-e 2nd deriv.) done.
der2ndb (2-e 2nd deriv.) done.
rwr (Q operators) done.
cphfa (gradient of wave function) done.
freq (vib. frequencies) done.
Job J1_10169_2111 completed on hpc-90-15.cm.cluster at Wed May 29 08:27:47 2024
Timer (jaguar_backend.py) : 7648.97 secs (2 hrs, 07 mins, 28 secs)
Finished:   Wed May 29 08:27:47 2024
