Job J1_5788_2111 started on hpc-89-07.cm.cluster at Wed May 29 03:57:50 2024
jobid: hpc-89-07-0-66570a2b

  +--------------------------------------------------------------------+
  |  Jaguar version 10.9, release 139                                  |
  |                                                                    |
  |  Copyright Schrodinger, Inc.                                       |
  |  All Rights Reserved.                                              |
  |                                                                    |
  |  The following have contributed to Jaguar (listed alphabetically): |
  |  Mike Beachy, Art Bochevarov, Dale Braden, Yixiang Cao,            |
  |  Alan Chien, Chris Cortis, Rich Friesner, Bill Goddard,            |
  |  Hod Greeley, Tom Hughes, Leif Jacobson, Jean-Marc Langlois,       |
  |  Daniel Levine, Daniel Mainz, Rob Murphy, Dean Philipp,            |
  |  Tom Pollard, Murco Ringnalda, Mark Watson, Haoyu Yu.              |
  |                                                                    |
  |  Use of this program should be acknowledged in publications as:    |
  |                                                                    |
  |  Jaguar, version 10.9, Schrodinger, Inc., New York, NY, 2020.      |
  |                                                                    |
  |  A. D. Bochevarov, E. Harder, T. F. Hughes, J. R. Greenwood,       |
  |  D. A. Braden, D. M. Philipp, D. Rinaldo, M. D. Halls,             |
  |  J. Zhang, R. A. Friesner, "Jaguar: A High-Performance Quantum     |
  |  Chemistry Software Program with Strengths in Life and Materials   |
  |  Sciences", Int. J. Quantum Chem., 2013, 113(18), 2110-2142.       |
  +--------------------------------------------------------------------+
  
  start of program pre
  
  Job name: J1_5788_2111
  Executables used: /groups/wag/programs/Schrodinger_2020_3/jaguar-v10.9/bin/Linux-x86_64
  Temporary files : /central/scratch/labounad/J1_5788_2111#hpc-89-07-0-66570a2b
  Maestro file (input):  J1_5788_2111.mae
  Maestro file (output): J1_5788_2111.01.mae
  
 Contents of input file: &gen section only
 ----------------Contents start----------------
&gen
basis=6-31G**
igeopt=1
dftname=PBE-D3
ifreq=1
&
 -----------------Contents end-----------------
 
  basis set:             6-31g**                         
  net molecular charge:    0
  multiplicity:            1
  
  Using up to   8 threads per process
  
  number of basis functions....          140
  
 Input geometry:
                                   angstroms
  atom               x                 y                 z
  C1            0.7761762730     -0.9459673243      0.8908112090 
  C2           -0.0362281892      0.0693601286      0.0651399683 
  C3           -1.1890673964     -0.6612541763     -0.6478989726 
  C4            0.8848375989      0.7307831059     -0.9766941179 
  C5           -0.6023938801      1.1301939879      0.9853120954 
  O6           -1.2844607835      2.0415346899      0.5415101907 
  H7            1.6152549369     -0.4407093087      1.4168797979 
  H8            1.2018049724     -1.7352458558      0.2338934943 
  H9            0.1314314593     -1.4366741873      1.6521240096 
  H10          -0.7943157232     -1.4587895759     -1.3139917057 
  H11          -1.7806271192      0.0464570704     -1.2682813282 
  H12          -1.8716749112     -1.1303939272      0.0936370544 
  H13           0.3179153042      1.4550299898     -1.6009834611 
  H14           1.7134994497      1.2760321168     -0.4747531162 
  H15           1.3269797225     -0.0349447217     -1.6502982728 
  H16          -0.4091317141      1.0945879879      2.0535931549 
   
  principal moments of inertia:
        amu*angstrom^2:      112.41406      182.60463      183.22314
                g*cm^2: 1.86667915E-38 3.03222091E-38 3.04249142E-38
   
  rotational constants:
               cm^(-1):      0.14996015      0.09231764      0.09200601
                   GHz:      4.49569215      2.76761326      2.75827065
   
  Molecular weight:      86.07 amu
   
  Stoichiometry: C5H10O
  Molecular Point Group: Cs      
	Molecule translated to center of mass 
	Molecule reoriented along symmetry axes
  Point Group used: Cs
  
 
Number of optimization coordinates:    45
Number of independent coordinates:     45
Number of non-redundant coordinates:   42
Number of frozen coordinates:           0
Number of harmonic constraints:         0
 
Number of geometric degrees of freedom:    42
Maximum geometric degrees of freedom:      42
 " " " " " excluding dummy atoms:          42
 
  
 Symmetrized geometry:
                                   angstroms
  atom               x                 y                 z
  C1           -0.7626047499      1.6839300145      0.0000000000 
  C2            0.0701893513      0.3881376586      0.0000000000 
  C3            0.9551952680      0.3522774837      1.2596582842 
  C4            0.9551952680      0.3522774837     -1.2596582842 
  C5           -0.8579207412     -0.8082069683      0.0000000000 
  O6           -0.4102901400     -1.9450201065      0.0000000000 
  H7           -1.4118484270      1.7320413812     -0.9012516285 
  H8           -0.1000199848      2.5764784462      0.0000000000 
  H9           -1.4118484270      1.7320413812      0.9012516285 
  H10           1.6308222092      1.2344741513      1.2884419509 
  H11           1.5828998932     -0.5650201676      1.2746223638 
  H12           0.3280931590      0.3613795283      2.1775805892 
  H13           1.5828998932     -0.5650201676     -1.2746223638 
  H14           0.3280931590      0.3613795283     -2.1775805892 
  H15           1.6308222092      1.2344741513     -1.2884419509 
  H16          -1.9354174309     -0.6709358576      0.0000000000 
   
  nuclear repulsion energy.......     247.395280226 hartrees
 
 Non-default options chosen:
   SCF calculation type: DFT(pbe-d3)                 
   DFT=PBE(X+LC)+PW91 (PBE-D3)
   Geometry will be optimized in redundant internal coordinates
   Vibrational frequencies and related properties will be computed
      from analytic second derivatives
   IR intensities will be computed
   Thermochemical properties will be computed
   Scaling standard convergence criteria by a factor of   1.00
  
 Temporary integer options set:
     73=  2
  
  Peak memory usage:   2633 Mb
  
  end of program pre
   
 Time(pre)  user:        5.7  user+sys:        5.7  wallclock:        2.4
  
  start of program onee
  
  smallest eigenvalue of S:    3.582E-03
  number of canonical orbitals.....          140
  Peak memory usage:   2594 Mb
  
  end of program onee
   
 Time(onee)  user:        2.3  user+sys:        2.3  wallclock:        0.4
  
  start of program hfig
  
  initial wavefunction generated automatically from atomic wavefunctions
 
  Irreducible     Total no   No of occupied orbitals 
  representation  orbitals   Shell_1  Shell_2    ...
  Ap                87         17
  App               53          7
  ------------------------
  Orbital occupation/shell    1.000
 
  Peak memory usage:   2547 Mb
  
  end of program hfig
   
 Time(hfig)  user:        3.2  user+sys:        3.2  wallclock:        1.4
  
  start of program probe
  
  Peak memory usage:   2545 Mb
  
  end of program probe
   
 Time(probe)  user:        2.1  user+sys:        2.1  wallclock:        0.7
  
  start of program grid
  
   grid     grid set  grid #  grid sym
  ------    --------  ------  --------
  coarse        0        0        1
  medium        2        1        2
  fine          0        0        1
  ultrafine     4        2        2
  charge        0        0        1
  gradient      4        2        2
  density       0        0        1
  DFT-fine    -11        3        2
  DFT-med.    -10        4        2
  DFT-grad    -12        5        2
  DFT-der2     -8        6        2
  DFT-cphf     -9        7        2
  LMP2-enrg     4        2        2
  LMP2-grad     2        1        2
  DFT-cphf2   -15        8        2
  PBF-dens      0        0        1
  plotting      0        0        1
  Rel-grad    -17        0        1
  
  number of gridpoints: 
     atom        C1       C2       C3       C4       C5       O6       H7
  grid # 1       48       58       79        0       54       73        0
  grid # 2      161      199      272        0      185      292        0
  grid # 3     2430     2430     4304        0     2430     2430        0
  grid # 4      756      756     1192        0      756      756        0
  grid # 5     3001     3001     5226        0     3001     3001        0
  grid # 6     6859     6859    12650        0     6859    12534        0
  grid # 7      426      426      688        0      426      441        0
  grid # 8      229      229      358        0      229      234        0
   
  number of gridpoints: 
     atom        H8       H9      H10      H11      H12      H13      H14
  grid # 1       65      109      109      109      110        0        0
  grid # 2      258      438      437      438      441        0        0
  grid # 3     2430     4304     4304     4304     4304        0        0
  grid # 4      756     1192     1192     1192     1192        0        0
  grid # 5     3001     5226     5226     5226     5226        0        0
  grid # 6     7413    13718    13718    13718    13718        0        0
  grid # 7      464      744      744      744      744        0        0
  grid # 8      245      382      382      382      382        0        0
   
  number of gridpoints: 
     atom       H15      H16    total
  grid # 1        0       66      880
  grid # 2        0      262     3383
  grid # 3        0     2430    36100
  grid # 4        0      756    10496
  grid # 5        0     3001    44136
  grid # 6        0     7413   115459
  grid # 7        0      464     6311
  grid # 8        0      245     3297
   
  Peak memory usage:   2518 Mb
  
  end of program grid
   
 Time(grid)  user:        4.5  user+sys:        4.5  wallclock:        0.8
  
  start of program rwr
  
  Peak memory usage:   2492 Mb
  
  end of program rwr
   
 Time(rwr)  user:        4.9  user+sys:        4.9  wallclock:        0.9
  
  start of program scf
  
 number of electrons..........         48
 number of alpha electrons....         24
 number of beta electrons.....         24
 number of orbitals, total....        140
 number of doubly-occ'd orbs..         24
 number of open shell orbs....          0
 number of occupied orbitals..         24
 number of virtual orbitals...        116
 number of hamiltonians.......          1
 number of shells.............          1
 SCF type: DFT=PBE(X+LC)+PW91 (PBE-D3)
 Energy computed with NOPS off.
 Convergence Criterion:
    Energy (econv):       1.00E-05
    RMS density (dconv):  5.00E-06
  
       i  u  d  i  g                   
       t  p  i  c  r                                 RMS    maximum
       e  d  i  u  i                       energy  density   DIIS  
       r  t  s  t  d       total energy    change  change    error 
  
etot    1  N  N  5  M    -270.45618455542           1.1E-02  1.8E-01
etot    2  Y  Y  6  M    -270.85155037448  4.0E-01  9.4E-03  1.2E-01
etot    3  Y  Y  6  M    -271.15082970871  3.0E-01  4.6E-03  1.3E-01
etot    4  N  Y  2  U    -271.37101110358  2.2E-01  2.1E-03  4.6E-02
etot    5  Y  Y  6  M    -271.41630468722  4.5E-02  5.8E-04  1.1E-02
etot    6  N  Y  2  U    -271.41907158877  2.8E-03  2.0E-04  4.3E-03
etot    7  Y  Y  6  M    -271.41958036696  5.1E-04  7.1E-05  1.0E-03
etot    8  Y  Y  6  M    -271.41960015908  2.0E-05  1.7E-05  3.0E-04
etot    9  N  Y  2  U    -271.41955812708 -4.2E-05  8.4E-06  1.2E-04
etot   10  N  Y  2  U    -271.41955877115  6.4E-07  2.8E-06  1.7E-05
etot   11  N  N  2  U    -271.41955879042  1.9E-08  0.0E+00  0.0E+00
 
  Computing the dispersion energy correction and its gradients...
  
  
 Energy components, in hartrees:
   (A)  Nuclear repulsion............     247.39528022617
   (E)  Total one-electron terms.....    -857.02521885198
   (I)  Total two-electron terms.....     338.21037983539
   (J)    Coulomb....................     377.21494180827
   (K)    Exchange+Correlation.......     -39.00456197288
   (L)  Electronic energy............    -518.81483901659  (E+I)
   (N0) D3 correction................      -0.00705563838
   (N)  Total energy.................    -271.42661442881  (A+L+N0)
   (O)  Gas phase energy.............    -271.42661442881
  
 SCFE: SCF energy: DFT(pbe-d3)      -271.42661442881 hartrees   iterations:  11
  
 
 HOMO energy:    -0.19773
 LUMO energy:    -0.06456
 
  Orbital energies (hartrees)/symmetry label: 
   -18.76818 Ap         -9.97538 Ap         -9.92130 Ap         -9.89871 Ap     
    -9.89795 App        -9.89795 Ap         -0.94755 Ap         -0.74621 Ap     
    -0.62040 Ap         -0.61869 App        -0.57001 Ap         -0.48156 Ap     
    -0.42427 Ap         -0.39779 App        -0.39380 Ap         -0.37238 Ap     
    -0.35768 App        -0.33723 Ap         -0.32150 App        -0.32100 Ap     
    -0.31743 App        -0.28793 App        -0.28777 Ap         -0.19773 Ap     
    -0.06456 App         0.05656 Ap          0.09305 Ap          0.11198 Ap     
     0.11238 App         0.11677 Ap          0.12418 Ap          0.13205 App    
     0.15500 Ap          0.15920 App    
 
  Peak memory usage:   3664 Mb
  
  end of program scf
   
 Time(scf)  user:       16.4  user+sys:       16.4  wallclock:        8.1
  
  start of program der1a
  
  Peak memory usage:   2556 Mb
  
  end of program der1a
   
 Time(der1a)  user:        2.4  user+sys:        2.4  wallclock:        0.5
  
  start of program rwr
  
  Peak memory usage:   2534 Mb
  
  end of program rwr
   
 Time(rwr)  user:        6.6  user+sys:        6.6  wallclock:        1.1
  
  start of program der1b
  
   
  forces (hartrees/bohr) : total     
   
 atom  label           x              y              z
 ---- --------   -------------  -------------  -------------
    1 C1         -3.396153E-03   3.202060E-03   6.675633E-21
    2 C2         -2.136425E-05   2.162721E-02   1.850682E-20
    3 C3          3.916136E-03  -5.180860E-03   6.847602E-03
    4 C4          3.916136E-03  -5.180860E-03  -6.847602E-03
    5 C5          2.615171E-02  -1.606649E-02  -8.916540E-22
    6 O6         -4.057962E-04  -8.325901E-03   1.438063E-20
    7 H7          2.247406E-03   1.375050E-03   4.475995E-03
    8 H8         -4.418327E-03  -4.351979E-03   4.607829E-21
    9 H9          2.247406E-03   1.375050E-03  -4.475995E-03
   10 H10        -4.228073E-03  -3.802426E-03  -6.589665E-04
   11 H11        -4.628290E-03   4.424972E-03   2.056193E-04
   12 H12         4.447248E-03   3.411182E-04  -3.215556E-03
   13 H13        -4.628290E-03   4.424972E-03  -2.056193E-04
   14 H14         4.447248E-03   3.411182E-04   3.215556E-03
   15 H15        -4.228073E-03  -3.802426E-03   6.589665E-04
   16 H16        -2.164696E-02   9.812454E-03  -2.194332E-21
 -------------   -------------  -------------  -------------
     total       -2.280398E-04   2.130675E-04  -2.190348E-19
   
  Peak memory usage:   3549 Mb
  
  end of program der1b
   
 Time(der1b)  user:        5.1  user+sys:        5.1  wallclock:        1.2
  
  start of program geopt
  
 ----------------------------------------------------------------------------
  Geometry optimization step   1
  Total energy:      -271.42661442881 hartrees
 ----------------------------------------------------------------------------
  
  gradient maximum:        2.2698E-02 .  (  4.5000E-04 )
  gradient rms:            5.8492E-03 .  (  3.0000E-04 )
  displacement maximum:    8.6126E-02 .  (  1.8000E-03 )
  displacement rms:        2.8227E-02 .  (  1.2000E-03 )
  
  predicted energy change:  -2.8491E-03
  step size:     0.18935
  trust radius:  0.30000
  
  molecular structure not yet converged...
  
  center of mass moved by:
     x:     1.7290E-02     y:    -1.1354E-02     z:     2.0638E-17
  
  new geometry: 
                                   angstroms
  atom               x                 y                 z
  C1           -0.7984089749      1.6976376327     -0.0000000000 
  C2            0.0653558394      0.4142322045     -0.0000000000 
  C3            0.9516246565      0.3599943698      1.2646289487 
  C4            0.9516246565      0.3599943698     -1.2646289487 
  C5           -0.8284959234     -0.8304819448     -0.0000000000 
  O6           -0.3869844321     -1.9756597079     -0.0000000000 
  H7           -1.4470520534      1.7453376021     -0.8918035408 
  H8           -0.1624728971      2.5970987706     -0.0000000000 
  H9           -1.4470520534      1.7453376021      0.8918035408 
  H10           1.6667927046      1.1988951948      1.2593138461 
  H11           1.5172171954     -0.5843724232      1.3012421308 
  H12           0.3485762339      0.4326474762      2.1856181204 
  H13           1.5172171954     -0.5843724232     -1.3012421308 
  H14           0.3485762339      0.4326474762     -2.1856181204 
  H15           1.6667927046      1.1988951948     -1.2593138461 
  H16          -1.9354378836     -0.6570098881     -0.0000000000 
   
  nuclear repulsion energy.......     246.226045777 hartrees
  -------------------------------------------------
 /  end of geometry optimization iteration   1   /
 -------------------------------------------------
   
  Peak memory usage:   2479 Mb
  
  end of program geopt
   
 Time(geopt)  user:        3.4  user+sys:        3.4  wallclock:        0.6
  
  start of program onee
  
  smallest eigenvalue of S:    3.757E-03
  number of canonical orbitals.....          140
  Peak memory usage:   2594 Mb
  
  end of program onee
   
 Time(onee)  user:        2.4  user+sys:        2.4  wallclock:        0.5
  
  start of program probe
  
  Peak memory usage:   2545 Mb
  
  end of program probe
   
 Time(probe)  user:        2.0  user+sys:        2.0  wallclock:        0.5
  
  start of program grid
  
   grid     grid set  grid #  grid sym
  ------    --------  ------  --------
  coarse        0        0        1
  medium        2        1        2
  fine          0        0        1
  ultrafine     4        2        2
  charge        0        0        1
  gradient      4        2        2
  density       0        0        1
  DFT-fine    -11        3        2
  DFT-med.    -10        4        2
  DFT-grad    -12        5        2
  DFT-der2     -8        6        2
  DFT-cphf     -9        7        2
  LMP2-enrg     4        2        2
  LMP2-grad     2        1        2
  DFT-cphf2   -15        8        2
  PBF-dens      0        0        1
  plotting      0        0        1
  Rel-grad    -17        0        1
  
  number of gridpoints: 
     atom        C1       C2       C3       C4       C5       O6       H7
  grid # 1       48       59       78        0       54       73        0
  grid # 2      160      203      276        0      186      292        0
  grid # 3     2430     2430     4304        0     2430     2430        0
  grid # 4      756      756     1192        0      756      756        0
  grid # 5     3001     3001     5226        0     3001     3001        0
  grid # 6     6859     6859    12650        0     6859    12534        0
  grid # 7      426      426      688        0      426      441        0
  grid # 8      229      229      358        0      229      234        0
   
  number of gridpoints: 
     atom        H8       H9      H10      H11      H12      H13      H14
  grid # 1       65      109      109      109      110        0        0
  grid # 2      258      434      436      434      437        0        0
  grid # 3     2430     4304     4304     4304     4304        0        0
  grid # 4      756     1192     1192     1192     1192        0        0
  grid # 5     3001     5226     5226     5226     5226        0        0
  grid # 6     7413    13718    13718    13718    13718        0        0
  grid # 7      464      744      744      744      744        0        0
  grid # 8      245      382      382      382      382        0        0
   
  number of gridpoints: 
     atom       H15      H16    total
  grid # 1        0       66      880
  grid # 2        0      266     3382
  grid # 3        0     2430    36100
  grid # 4        0      756    10496
  grid # 5        0     3001    44136
  grid # 6        0     7413   115459
  grid # 7        0      464     6311
  grid # 8        0      245     3297
   
  Peak memory usage:   2518 Mb
  
  end of program grid
   
 Time(grid)  user:        4.2  user+sys:        4.2  wallclock:        0.7
  
  start of program rwr
  
  Peak memory usage:   2492 Mb
  
  end of program rwr
   
 Time(rwr)  user:        5.0  user+sys:        5.0  wallclock:        1.0
  
  start of program scf
  
 Energy computed with NOPS off.
 Convergence Criterion:
    Energy (econv):       1.00E-05
    RMS density (dconv):  5.00E-06
  
       i  u  d  i  g                   
       t  p  i  c  r                                 RMS    maximum
       e  d  i  u  i                       energy  density   DIIS  
       r  t  s  t  d       total energy    change  change    error 
  
etot    1  N  N  2  U    -271.41982964508           6.0E-04  5.9E-03
etot    2  Y  Y  6  M    -271.42174112467  1.9E-03  3.5E-04  5.5E-03
etot    3  Y  Y  6  M    -271.42105638510 -6.8E-04  2.5E-04  8.5E-03
etot    4  N  Y  2  U    -271.42239148274  1.3E-03  5.3E-05  1.2E-03
etot    5  Y  Y  6  M    -271.42243627447  4.5E-05  7.5E-06  1.1E-04
etot    6  N  Y  2  U    -271.42244112088  4.8E-06  2.0E-06  3.4E-05
etot    7  N  N  2  U    -271.42244115185  3.1E-08  0.0E+00  0.0E+00
 
  Computing the dispersion energy correction and its gradients...
  
  
 Energy components, in hartrees:
   (A)  Nuclear repulsion............     246.22604577745
   (E)  Total one-electron terms.....    -854.67594472276
   (I)  Total two-electron terms.....     337.02745779346
   (J)    Coulomb....................     376.02665198665
   (K)    Exchange+Correlation.......     -38.99919419319
   (L)  Electronic energy............    -517.64848692930  (E+I)
   (N0) D3 correction................      -0.00703750670
   (N)  Total energy.................    -271.42947865855  (A+L+N0)
   (O)  Gas phase energy.............    -271.42947865855
  
 SCFE: SCF energy: DFT(pbe-d3)      -271.42947865855 hartrees   iterations:   7
  
 
 HOMO energy:    -0.19931
 LUMO energy:    -0.06504
 
  Orbital energies (hartrees)/symmetry label: 
   -18.77172 Ap         -9.98013 Ap         -9.92453 Ap         -9.89808 Ap     
    -9.89580 App        -9.89579 Ap         -0.94542 Ap         -0.74433 Ap     
    -0.62325 Ap         -0.62047 App        -0.56848 Ap         -0.47609 Ap     
    -0.42339 Ap         -0.39619 App        -0.39534 Ap         -0.37246 Ap     
    -0.35880 App        -0.33964 Ap         -0.32302 App        -0.31885 App    
    -0.31858 Ap         -0.29070 Ap         -0.28993 App        -0.19931 Ap     
    -0.06504 App         0.05911 Ap          0.09436 Ap          0.10813 Ap     
     0.11420 App         0.11737 Ap          0.12855 Ap          0.13399 App    
     0.15321 Ap          0.16495 App    
 
  Peak memory usage:   3660 Mb
  
  end of program scf
   
 Time(scf)  user:       11.8  user+sys:       11.8  wallclock:        3.8
  
  start of program der1a
  
  Peak memory usage:   2556 Mb
  
  end of program der1a
   
 Time(der1a)  user:        3.1  user+sys:        3.1  wallclock:        2.5
  
  start of program rwr
  
  Peak memory usage:   2534 Mb
  
  end of program rwr
   
 Time(rwr)  user:        6.6  user+sys:        6.6  wallclock:        1.0
  
  start of program der1b
  
   
  forces (hartrees/bohr) : total     
   
 atom  label           x              y              z
 ---- --------   -------------  -------------  -------------
    1 C1          5.020174E-04  -4.172014E-03   6.404109E-21
    2 C2         -1.493949E-03   6.259841E-03  -2.997706E-20
    3 C3          5.662798E-04  -8.040277E-04   4.601419E-04
    4 C4          5.662798E-04  -8.040277E-04  -4.601419E-04
    5 C5          5.522148E-03  -1.083261E-02   7.691960E-22
    6 O6         -3.002642E-03   8.186299E-03  -6.847677E-21
    7 H7          2.100814E-04  -1.557177E-04   2.476782E-05
    8 H8          5.274225E-04  -1.122339E-04   7.682655E-22
    9 H9          2.100814E-04  -1.557177E-04  -2.476782E-05
   10 H10         6.470508E-05   3.476168E-04   1.021307E-04
   11 H11        -3.558328E-04  -1.723117E-05  -6.298526E-04
   12 H12        -1.785655E-04   9.380326E-05  -3.057037E-04
   13 H13        -3.558328E-04  -1.723117E-05   6.298526E-04
   14 H14        -1.785655E-04   9.380326E-05   3.057037E-04
   15 H15         6.470508E-05   3.476168E-04  -1.021307E-04
   16 H16        -2.630326E-03   1.913949E-03  -1.462888E-21
 -------------   -------------  -------------  -------------
     total        3.800729E-05   1.721157E-04   2.564217E-20
   
  Peak memory usage:   3548 Mb
  
  end of program der1b
   
 Time(der1b)  user:        4.0  user+sys:        4.0  wallclock:        0.7
  
  start of program geopt
  
 ----------------------------------------------------------------------------
  Geometry optimization step   2
  Total energy:      -271.42947865855 hartrees
 ----------------------------------------------------------------------------
  
  energy change:          -2.8642E-03 .  (  5.0000E-05 )
  gradient maximum:        8.7002E-03 .  (  4.5000E-04 )
  gradient rms:            1.6971E-03 .  (  3.0000E-04 )
  displacement maximum:    2.0219E-02 .  (  1.8000E-03 )
  displacement rms:        6.7904E-03 .  (  1.2000E-03 )
  
  predicted energy change:  -1.8987E-04
  step size:     0.04555
  trust radius:  0.30000
  
  molecular structure not yet converged...
  
  center of mass moved by:
     x:    -9.8707E-04     y:     5.0577E-03     z:     5.4011E-18
  
  new geometry: 
                                   angstroms
  atom               x                 y                 z
  C1           -0.7985077834      1.6882316671     -0.0000000000 
  C2            0.0684510899      0.4199212798     -0.0000000000 
  C3            0.9547842905      0.3574990028      1.2639291011 
  C4            0.9547842905      0.3574990028     -1.2639291011 
  C5           -0.8270437510     -0.8269882308     -0.0000000000 
  O6           -0.3954440780     -1.9689560355     -0.0000000000 
  H7           -1.4461056599      1.7320748950     -0.8918109068 
  H8           -0.1651968007      2.5891354647     -0.0000000000 
  H9           -1.4461056599      1.7320748950      0.8918109068 
  H10           1.6630515176      1.2021014422      1.2706770440 
  H11           1.5241543172     -0.5839590731      1.2833552385 
  H12           0.3501583457      0.4128276969      2.1841191606 
  H13           1.5241543172     -0.5839590731     -1.2833552385 
  H14           0.3501583457      0.4128276969     -2.1841191606 
  H15           1.6630515176      1.2021014422     -1.2706770440 
  H16          -1.9381134728     -0.6344318136     -0.0000000000 
   
  nuclear repulsion energy.......     246.627127231 hartrees
  -------------------------------------------------
 /  end of geometry optimization iteration   2   /
 -------------------------------------------------
   
  Peak memory usage:   2508 Mb
  
  end of program geopt
   
 Time(geopt)  user:        2.2  user+sys:        2.2  wallclock:        0.5
  
  start of program onee
  
  smallest eigenvalue of S:    3.716E-03
  number of canonical orbitals.....          140
  Peak memory usage:   2594 Mb
  
  end of program onee
   
 Time(onee)  user:        2.4  user+sys:        2.4  wallclock:        0.8
  
  start of program probe
  
  Peak memory usage:   2545 Mb
  
  end of program probe
   
 Time(probe)  user:        3.2  user+sys:        3.2  wallclock:        2.7
  
  start of program grid
  
   grid     grid set  grid #  grid sym
  ------    --------  ------  --------
  coarse        0        0        1
  medium        2        1        2
  fine          0        0        1
  ultrafine     4        2        2
  charge        0        0        1
  gradient      4        2        2
  density       0        0        1
  DFT-fine    -11        3        2
  DFT-med.    -10        4        2
  DFT-grad    -12        5        2
  DFT-der2     -8        6        2
  DFT-cphf     -9        7        2
  LMP2-enrg     4        2        2
  LMP2-grad     2        1        2
  DFT-cphf2   -15        8        2
  PBF-dens      0        0        1
  plotting      0        0        1
  Rel-grad    -17        0        1
  
  number of gridpoints: 
     atom        C1       C2       C3       C4       C5       O6       H7
  grid # 1       48       58       78        0       54       73        0
  grid # 2      160      202      269        0      188      292        0
  grid # 3     2430     2430     4304        0     2430     2430        0
  grid # 4      756      756     1192        0      756      756        0
  grid # 5     3001     3001     5226        0     3001     3001        0
  grid # 6     6859     6859    12650        0     6859    12534        0
  grid # 7      426      426      688        0      426      441        0
  grid # 8      229      229      358        0      229      234        0
   
  number of gridpoints: 
     atom        H8       H9      H10      H11      H12      H13      H14
  grid # 1       65      109      108      108      110        0        0
  grid # 2      258      433      436      434      437        0        0
  grid # 3     2430     4304     4304     4304     4304        0        0
  grid # 4      756     1192     1192     1192     1192        0        0
  grid # 5     3001     5226     5226     5226     5226        0        0
  grid # 6     7413    13718    13718    13718    13718        0        0
  grid # 7      464      744      744      744      744        0        0
  grid # 8      245      382      382      382      382        0        0
   
  number of gridpoints: 
     atom       H15      H16    total
  grid # 1        0       66      877
  grid # 2        0      266     3375
  grid # 3        0     2430    36100
  grid # 4        0      756    10496
  grid # 5        0     3001    44136
  grid # 6        0     7413   115459
  grid # 7        0      464     6311
  grid # 8        0      245     3297
   
  Peak memory usage:   2518 Mb
  
  end of program grid
   
 Time(grid)  user:        4.3  user+sys:        4.3  wallclock:        1.2
  
  start of program rwr
  
  Peak memory usage:   2492 Mb
  
  end of program rwr
   
 Time(rwr)  user:        5.0  user+sys:        5.0  wallclock:        1.2
  
  start of program scf
  
 Energy computed with NOPS off.
 Convergence Criterion:
    Energy (econv):       1.00E-05
    RMS density (dconv):  5.00E-06
  
       i  u  d  i  g                   
       t  p  i  c  r                                 RMS    maximum
       e  d  i  u  i                       energy  density   DIIS  
       r  t  s  t  d       total energy    change  change    error 
  
etot    1  N  N  2  U    -271.42241944749           1.6E-04  1.3E-03
etot    2  Y  Y  6  M    -271.42259936864  1.8E-04  9.1E-05  1.3E-03
etot    3  Y  Y  6  M    -271.42252028924 -7.9E-05  7.2E-05  2.4E-03
etot    4  Y  Y  6  M    -271.42262670204  1.1E-04  1.2E-05  2.8E-04
etot    5  N  Y  2  U    -271.42264588625  1.9E-05  2.9E-06  5.5E-05
etot    6  N  N  2  U    -271.42264599375  1.1E-07  0.0E+00  0.0E+00
 
  Computing the dispersion energy correction and its gradients...
  
  
 Energy components, in hartrees:
   (A)  Nuclear repulsion............     246.62712723106
   (E)  Total one-electron terms.....    -855.45740032703
   (I)  Total two-electron terms.....     337.40762710222
   (J)    Coulomb....................     376.41504502516
   (K)    Exchange+Correlation.......     -39.00741792294
   (L)  Electronic energy............    -518.04977322482  (E+I)
   (N0) D3 correction................      -0.00704589468
   (N)  Total energy.................    -271.42969188843  (A+L+N0)
   (O)  Gas phase energy.............    -271.42969188843
  
 SCFE: SCF energy: DFT(pbe-d3)      -271.42969188843 hartrees   iterations:   6
  
 
 HOMO energy:    -0.19939
 LUMO energy:    -0.06359
 
  Orbital energies (hartrees)/symmetry label: 
   -18.77236 Ap         -9.98009 Ap         -9.92339 Ap         -9.89718 Ap     
    -9.89555 App        -9.89554 Ap         -0.94912 Ap         -0.74539 Ap     
    -0.62421 Ap         -0.62062 App        -0.56720 Ap         -0.47511 Ap     
    -0.42351 Ap         -0.39689 App        -0.39606 Ap         -0.37357 Ap     
    -0.35963 App        -0.33965 Ap         -0.32340 App        -0.31982 App    
    -0.31852 Ap         -0.29205 Ap         -0.28988 App        -0.19939 Ap     
    -0.06359 App         0.05920 Ap          0.09371 Ap          0.10834 Ap     
     0.11429 App         0.11842 Ap          0.12858 Ap          0.13443 App    
     0.15324 Ap          0.16463 App    
 
  Peak memory usage:   3660 Mb
  
  end of program scf
   
 Time(scf)  user:       18.2  user+sys:       18.2  wallclock:        5.6
  
  start of program der1a
  
  Peak memory usage:   2556 Mb
  
  end of program der1a
   
 Time(der1a)  user:        3.2  user+sys:        3.2  wallclock:        0.9
  
  start of program rwr
  
  Peak memory usage:   2534 Mb
  
  end of program rwr
   
 Time(rwr)  user:        6.6  user+sys:        6.6  wallclock:        1.3
  
  start of program der1b
  
   
  forces (hartrees/bohr) : total     
   
 atom  label           x              y              z
 ---- --------   -------------  -------------  -------------
    1 C1          8.615235E-05  -5.444530E-04   6.400136E-22
    2 C2         -1.159992E-04   1.062183E-03   1.003093E-20
    3 C3          6.259221E-05  -7.638935E-05  -3.391686E-04
    4 C4          6.259221E-05  -7.638935E-05   3.391686E-04
    5 C5         -4.381872E-04  -1.185452E-03   6.175572E-21
    6 O6         -1.720888E-04   2.091658E-04  -2.430469E-20
    7 H7         -2.111459E-04   9.061692E-05  -2.696586E-04
    8 H8          1.272137E-04   6.342508E-04  -1.940769E-21
    9 H9         -2.111459E-04   9.061692E-05   2.696586E-04
   10 H10         2.864602E-04   2.513756E-04   5.882659E-05
   11 H11         1.698496E-04  -3.018305E-04  -5.795036E-05
   12 H12        -2.624666E-04   9.012490E-05   2.051363E-04
   13 H13         1.698496E-04  -3.018305E-04   5.795036E-05
   14 H14        -2.624666E-04   9.012490E-05  -2.051363E-04
   15 H15         2.864602E-04   2.513756E-04  -5.882659E-05
   16 H16         2.397289E-04   2.159690E-04   7.314441E-21
 -------------   -------------  -------------  -------------
     total       -1.826014E-04   4.994585E-04   1.225109E-19
   
  Peak memory usage:   3548 Mb
  
  end of program der1b
   
 Time(der1b)  user:        4.0  user+sys:        4.0  wallclock:        0.8
  
  start of program geopt
  
 ----------------------------------------------------------------------------
  Geometry optimization step   3
  Total energy:      -271.42969188843 hartrees
 ----------------------------------------------------------------------------
  
  energy change:          -2.1323E-04 .  (  5.0000E-05 )
  gradient maximum:        8.9013E-04 .  (  4.5000E-04 )
  gradient rms:            2.8403E-04 *  (  3.0000E-04 )
  displacement maximum:    5.5561E-03 .  (  1.8000E-03 )
  displacement rms:        1.8526E-03 .  (  1.2000E-03 )
  
  predicted energy change:  -8.4529E-06
  step size:     0.01243
  trust radius:  0.30000
  
  molecular structure not yet converged...
  
  center of mass moved by:
     x:     1.1214E-04     y:     2.8637E-04     z:    -5.0962E-18
  
  new geometry: 
                                   angstroms
  atom               x                 y                 z
  C1           -0.8009804957      1.6883012747      0.0000000000 
  C2            0.0684771171      0.4217647706      0.0000000000 
  C3            0.9563344135      0.3575983727      1.2629675121 
  C4            0.9563344135      0.3575983727     -1.2629675121 
  C5           -0.8268733984     -0.8279348865      0.0000000000 
  O6           -0.3959845386     -1.9696476064      0.0000000000 
  H7           -1.4492222654      1.7304484368     -0.8920783670 
  H8           -0.1709631295      2.5926275521      0.0000000000 
  H9           -1.4492222654      1.7304484368      0.8920783670 
  H10           1.6685493378      1.1996630033      1.2689716021 
  H11           1.5220380055     -0.5867338582      1.2819587328 
  H12           0.3518696336      0.4159453366      2.1836453731 
  H13           1.5220380055     -0.5867338582     -1.2819587328 
  H14           0.3518696336      0.4159453366     -2.1836453731 
  H15           1.6685493378      1.1996630033     -1.2689716021 
  H16          -1.9375322201     -0.6333777134      0.0000000000 
   
  nuclear repulsion energy.......     246.548041341 hartrees
  -------------------------------------------------
 /  end of geometry optimization iteration   3   /
 -------------------------------------------------
   
  Peak memory usage:   2508 Mb
  
  end of program geopt
   
 Time(geopt)  user:        2.2  user+sys:        2.2  wallclock:        0.5
  
  start of program onee
  
  smallest eigenvalue of S:    3.725E-03
  number of canonical orbitals.....          140
  Peak memory usage:   2594 Mb
  
  end of program onee
   
 Time(onee)  user:        2.4  user+sys:        2.4  wallclock:        0.5
  
  start of program probe
  
  Peak memory usage:   2545 Mb
  
  end of program probe
   
 Time(probe)  user:        3.2  user+sys:        3.2  wallclock:        1.0
  
  start of program grid
  
   grid     grid set  grid #  grid sym
  ------    --------  ------  --------
  coarse        0        0        1
  medium        2        1        2
  fine          0        0        1
  ultrafine     4        2        2
  charge        0        0        1
  gradient      4        2        2
  density       0        0        1
  DFT-fine    -11        3        2
  DFT-med.    -10        4        2
  DFT-grad    -12        5        2
  DFT-der2     -8        6        2
  DFT-cphf     -9        7        2
  LMP2-enrg     4        2        2
  LMP2-grad     2        1        2
  DFT-cphf2   -15        8        2
  PBF-dens      0        0        1
  plotting      0        0        1
  Rel-grad    -17        0        1
  
  number of gridpoints: 
     atom        C1       C2       C3       C4       C5       O6       H7
  grid # 1       48       58       79        0       54       73        0
  grid # 2      160      199      268        0      188      292        0
  grid # 3     2430     2430     4304        0     2430     2430        0
  grid # 4      756      756     1192        0      756      756        0
  grid # 5     3001     3001     5226        0     3001     3001        0
  grid # 6     6859     6859    12650        0     6859    12534        0
  grid # 7      426      426      688        0      426      441        0
  grid # 8      229      229      358        0      229      234        0
   
  number of gridpoints: 
     atom        H8       H9      H10      H11      H12      H13      H14
  grid # 1       65      109      108      109      110        0        0
  grid # 2      258      433      436      434      437        0        0
  grid # 3     2430     4304     4304     4304     4304        0        0
  grid # 4      756     1192     1192     1192     1192        0        0
  grid # 5     3001     5226     5226     5226     5226        0        0
  grid # 6     7413    13718    13718    13718    13718        0        0
  grid # 7      464      744      744      744      744        0        0
  grid # 8      245      382      382      382      382        0        0
   
  number of gridpoints: 
     atom       H15      H16    total
  grid # 1        0       66      879
  grid # 2        0      266     3371
  grid # 3        0     2430    36100
  grid # 4        0      756    10496
  grid # 5        0     3001    44136
  grid # 6        0     7413   115459
  grid # 7        0      464     6311
  grid # 8        0      245     3297
   
  Peak memory usage:   2518 Mb
  
  end of program grid
   
 Time(grid)  user:        4.3  user+sys:        4.3  wallclock:        0.7
  
  start of program rwr
  
  Peak memory usage:   2492 Mb
  
  end of program rwr
   
 Time(rwr)  user:        5.0  user+sys:        5.0  wallclock:        1.2
  
  start of program scf
  
 Energy computed with NOPS off.
 Convergence Criterion:
    Energy (econv):       1.00E-05
    RMS density (dconv):  5.00E-06
  
       i  u  d  i  g                   
       t  p  i  c  r                                 RMS    maximum
       e  d  i  u  i                       energy  density   DIIS  
       r  t  s  t  d       total energy    change  change    error 
  
etot    1  N  N  2  U    -271.42257632062           3.9E-05  3.1E-04
etot    2  N  Y  2  U    -271.42258666976  1.0E-05  2.6E-05  3.1E-04
etot    3  N  Y  2  U    -271.42258230101 -4.4E-06  1.7E-05  5.6E-04
etot    4  N  Y  2  U    -271.42258866274  6.4E-06  2.3E-06  5.1E-05
etot    5  N  N  2  U    -271.42258874207  7.9E-08  0.0E+00  0.0E+00
 
  Computing the dispersion energy correction and its gradients...
  
  
 Energy components, in hartrees:
   (A)  Nuclear repulsion............     246.54804134145
   (E)  Total one-electron terms.....    -855.29986564302
   (I)  Total two-electron terms.....     337.32923555950
   (J)    Coulomb....................     376.33410999578
   (K)    Exchange+Correlation.......     -39.00487443628
   (L)  Electronic energy............    -517.97063008352  (E+I)
   (N0) D3 correction................      -0.00704389835
   (N)  Total energy.................    -271.42963264042  (A+L+N0)
   (O)  Gas phase energy.............    -271.42963264042
  
 SCFE: SCF energy: DFT(pbe-d3)      -271.42963264042 hartrees   iterations:   5
  
 
 HOMO energy:    -0.19951
 LUMO energy:    -0.06359
 
  Orbital energies (hartrees)/symmetry label: 
   -18.77264 Ap         -9.98023 Ap         -9.92350 Ap         -9.89747 Ap     
    -9.89569 App        -9.89568 Ap         -0.94952 Ap         -0.74516 Ap     
    -0.62425 Ap         -0.62033 App        -0.56690 Ap         -0.47502 Ap     
    -0.42337 Ap         -0.39674 App        -0.39610 Ap         -0.37369 Ap     
    -0.35955 App        -0.33971 Ap         -0.32334 App        -0.31980 App    
    -0.31844 Ap         -0.29229 Ap         -0.28970 App        -0.19951 Ap     
    -0.06359 App         0.05917 Ap          0.09360 Ap          0.10823 Ap     
     0.11413 App         0.11830 Ap          0.12851 Ap          0.13433 App    
     0.15281 Ap          0.16456 App    
 
  Peak memory usage:   3646 Mb
  
  end of program scf
   
 Time(scf)  user:       22.4  user+sys:       22.4  wallclock:        5.3
  
  start of program der1a
  
  Peak memory usage:   2556 Mb
  
  end of program der1a
   
 Time(der1a)  user:        2.3  user+sys:        2.3  wallclock:        0.5
  
  start of program rwr
  
  Peak memory usage:   2534 Mb
  
  end of program rwr
   
 Time(rwr)  user:        6.3  user+sys:        6.3  wallclock:        1.1
  
  start of program der1b
  
   
  forces (hartrees/bohr) : total     
   
 atom  label           x              y              z
 ---- --------   -------------  -------------  -------------
    1 C1          1.267262E-04  -1.307950E-04  -6.398350E-22
    2 C2          1.069122E-04   1.542208E-04   4.571526E-23
    3 C3         -5.778683E-05   4.435210E-05  -3.480250E-05
    4 C4         -5.778683E-05   4.435210E-05   3.480250E-05
    5 C5         -3.054585E-04   1.558950E-04  -4.057475E-21
    6 O6          6.236884E-05  -9.430055E-05   1.479610E-21
    7 H7         -1.487375E-05   5.544182E-05  -3.165099E-05
    8 H8         -6.177408E-05   7.939733E-05   2.625411E-21
    9 H9         -1.487375E-05   5.544182E-05   3.165099E-05
   10 H10         7.062731E-06  -1.407740E-05   2.508926E-05
   11 H11         1.489449E-05   1.856787E-05  -4.643291E-06
   12 H12         9.138290E-06   3.739844E-05   5.434072E-05
   13 H13         1.489449E-05   1.856787E-05   4.643291E-06
   14 H14         9.138290E-06   3.739844E-05  -5.434072E-05
   15 H15         7.062731E-06  -1.407740E-05  -2.508926E-05
   16 H16         1.367124E-04   3.846472E-05   4.388665E-21
 -------------   -------------  -------------  -------------
     total       -1.764306E-05   4.862479E-04  -4.982144E-20
   
  Peak memory usage:   3549 Mb
  
  end of program der1b
   
 Time(der1b)  user:        4.0  user+sys:        4.0  wallclock:        0.8
  
  start of program geopt
  
 ----------------------------------------------------------------------------
  Geometry optimization step   4
  Total energy:      -271.42963264042 hartrees
 ----------------------------------------------------------------------------
  
  energy change:           5.9248E-05 .  (  5.0000E-05 )
  gradient maximum:        1.7969E-04 *  (  4.5000E-04 )
  gradient rms:            5.7965E-05 #  (  3.0000E-04 )
  displacement maximum:    1.1751E-03 *  (  1.8000E-03 )
  displacement rms:        4.5254E-04 *  (  1.2000E-03 )
  
  predicted energy change:  -3.5731E-07
  step size:     0.00304
  trust radius:  0.30000
  
  ********************************************************
  **           Geometry optimization complete           **
  ********************************************************
  
  Checking the geometry optimization convergence pattern ...
  
  WARNING:
  The energy on the last optimization iteration,
     -271.429632640422
  is higher than the energy on one of the previous iterations,
     -271.429691888432
  The difference between these two energies is 0.037 kcal/mole.
  This situation is symptomatic of potential problems with the
  initial and/or the converged structures.
  
  best                    worst
  ==0=====1=====2=====3=====4==
                      ^        
  
  Convergence category 3: convergence to a non-optimal structure.
  The difference between the final and the minimal
  energies is less than 0.100 kcal/mole.
  Geometry optimization was sub-optimal. Use results with caution.
  Consider reoptimizing the geometry if better convergence is required.
  
  center of mass moved by:
     x:     0.0000E+00     y:     0.0000E+00     z:     0.0000E+00
  
  final geometry: 
                                   angstroms
  atom               x                 y                 z
  C1           -0.8009804957      1.6883012747      0.0000000000 
  C2            0.0684771171      0.4217647706      0.0000000000 
  C3            0.9563344135      0.3575983727      1.2629675121 
  C4            0.9563344135      0.3575983727     -1.2629675121 
  C5           -0.8268733984     -0.8279348865      0.0000000000 
  O6           -0.3959845386     -1.9696476064      0.0000000000 
  H7           -1.4492222654      1.7304484368     -0.8920783670 
  H8           -0.1709631295      2.5926275521      0.0000000000 
  H9           -1.4492222654      1.7304484368      0.8920783670 
  H10           1.6685493378      1.1996630033      1.2689716021 
  H11           1.5220380055     -0.5867338582      1.2819587328 
  H12           0.3518696336      0.4159453366      2.1836453731 
  H13           1.5220380055     -0.5867338582     -1.2819587328 
  H14           0.3518696336      0.4159453366     -2.1836453731 
  H15           1.6685493378      1.1996630033     -1.2689716021 
  H16          -1.9375322201     -0.6333777134      0.0000000000 
   
  bond lengths (angstroms):
 C1      -C2      :   1.536252
 C1      -H7      :   1.103539
 C1      -H8      :   1.102147
 C1      -H9      :   1.103539
 C2      -C3      :   1.545152
 C2      -C4      :   1.545152
 C2      -C5      :   1.537336
 C3      -H10     :   1.102887
 C3      -H11     :   1.100974
 C3      -H12     :   1.102919
 C4      -H13     :   1.100974
 C4      -H14     :   1.102919
 C4      -H15     :   1.102887
 C5      -O6      :   1.220317
 C5      -H16     :   1.127571
  
  bond angles:
 H7      -C1      -C2      : 111.342622
 H8      -C1      -C2      : 110.667222
 H8      -C1      -H7      : 107.724973
 H9      -C1      -C2      : 111.342622
 H9      -C1      -H7      : 107.875869
 H9      -C1      -H8      : 107.724973
 C3      -C2      -C1      : 111.065938
 C4      -C2      -C1      : 111.065938
 C4      -C2      -C3      : 109.645609
 C5      -C2      -C1      : 109.911206
 C5      -C2      -C3      : 107.511454
 C5      -C2      -C4      : 107.511454
 H10     -C3      -C2      : 110.109165
 H11     -C3      -C2      : 110.179612
 H11     -C3      -H10     : 108.842927
 H12     -C3      -C2      : 111.419832
 H12     -C3      -H10     : 107.998146
 H12     -C3      -H11     : 108.214818
 H13     -C4      -C2      : 110.179612
 H14     -C4      -C2      : 111.419832
 H14     -C4      -H13     : 108.214818
 H15     -C4      -C2      : 110.109165
 H15     -C4      -H13     : 108.842927
 H15     -C4      -H14     : 107.998146
 O6      -C5      -C2      : 123.703407
 H16     -C5      -C2      : 115.683952
 H16     -C5      -O6      : 120.612641
  
  torsional angles:
 C1      -C2      -C3      -H10     : -63.750665
 C1      -C2      -C3      -H11     : 176.183378
 C1      -C2      -C3      -H12     :  56.056956
 C1      -C2      -C4      -H13     :-176.183378
 C1      -C2      -C4      -H14     : -56.056956
 C1      -C2      -C4      -H15     :  63.750665
 C1      -C2      -C5      -O6      : 180.000000
 C1      -C2      -C5      -H16     :   0.000000
 C3      -C2      -C1      -H7      :-179.062164
 C3      -C2      -C1      -H8      :  61.153318
 C3      -C2      -C1      -H9      : -58.631200
 C3      -C2      -C4      -H13     :  60.689650
 C3      -C2      -C4      -H14     :-179.183928
 C3      -C2      -C4      -H15     : -59.376307
 C3      -C2      -C5      -O6      : -58.991931
 C3      -C2      -C5      -H16     : 121.008069
 C4      -C2      -C1      -H7      :  58.631200
 C4      -C2      -C1      -H8      : -61.153318
 C4      -C2      -C1      -H9      : 179.062164
 C4      -C2      -C3      -H10     :  59.376307
 C4      -C2      -C3      -H11     : -60.689650
 C4      -C2      -C3      -H12     : 179.183928
 C4      -C2      -C5      -O6      :  58.991931
 C4      -C2      -C5      -H16     :-121.008069
 C5      -C2      -C1      -H7      : -60.215482
 C5      -C2      -C1      -H8      : 180.000000
 C5      -C2      -C1      -H9      :  60.215482
 C5      -C2      -C3      -H10     : 175.969590
 C5      -C2      -C3      -H11     :  55.903633
 C5      -C2      -C3      -H12     : -64.222789
 C5      -C2      -C4      -H13     : -55.903633
 C5      -C2      -C4      -H14     :  64.222789
 C5      -C2      -C4      -H15     :-175.969590
  
  principal moments of inertia:
        amu*angstrom^2:      113.22350      184.72658      185.83864
                g*cm^2: 1.88012019E-38 3.06745667E-38 3.08592277E-38
   
  rotational constants:
               cm^(-1):      0.14888808      0.09125719      0.09071111
                   GHz:      4.46355229      2.73582179      2.71945069
   
  nuclear repulsion energy.......     246.548041341 hartrees
  -------------------------------------------------
 /  end of geometry optimization iteration   4   /
 -------------------------------------------------
   
  Peak memory usage:   2679 Mb
  
  end of program geopt
   
 Time(geopt)  user:        5.2  user+sys:        5.2  wallclock:        2.4
  
  start of program cutabab2
  
  Peak memory usage:   2607 Mb
  
  end of program cutabab2
   
 Time(cutabab2)  user:        1.9  user+sys:        1.9  wallclock:        0.4
  
  start of program der2a
  
  Peak memory usage:   2616 Mb
  
  end of program der2a
   
 Time(der2a)  user:        3.2  user+sys:        3.2  wallclock:        0.6
  
  start of program grid
  
  
   Turning symmetry off because some of the
   following programs cannot use it.
   grid     grid set  grid #  grid sym
  ------    --------  ------  --------
  coarse        0        0        1
  medium        2        1        2
  fine          0        0        1
  ultrafine     4        2        2
  charge        0        0        1
  gradient      4        2        2
  density       0        0        1
  DFT-fine    -11        3        2
  DFT-med.    -10        4        2
  DFT-grad    -12        5        2
  DFT-der2     -8        6        2
  DFT-cphf     -9        7        2
  LMP2-enrg     4        2        2
  LMP2-grad     2        1        2
  DFT-cphf2   -15        8        2
  PBF-dens      0        0        1
  plotting      0        0        1
  Rel-grad    -17        0        1
  
  number of gridpoints: 
     atom        C1       C2       C3       C4       C5       O6       H7
  grid # 1       78       96       79       79       92      123      109
  grid # 2      270      340      268      268      331      504      433
  grid # 3     4304     4304     4304     4304     4304     4304     4304
  grid # 4     1192     1192     1192     1192     1192     1192     1192
  grid # 5     5226     5226     5226     5226     5226     5226     5226
  grid # 6    12650    12650    12650    12650    12650    23504    13718
  grid # 7      688      688      688      688      688      714      744
  grid # 8      358      358      358      358      358      360      382
   
  number of gridpoints: 
     atom        H8       H9      H10      H11      H12      H13      H14
  grid # 1      109      109      108      109      110      109      110
  grid # 2      437      433      436      434      437      434      437
  grid # 3     4304     4304     4304     4304     4304     4304     4304
  grid # 4     1192     1192     1192     1192     1192     1192     1192
  grid # 5     5226     5226     5226     5226     5226     5226     5226
  grid # 6    13718    13718    13718    13718    13718    13718    13718
  grid # 7      744      744      744      744      744      744      744
  grid # 8      382      382      382      382      382      382      382
   
  number of gridpoints: 
     atom       H15      H16    total
  grid # 1      108      112     1640
  grid # 2      436      453     6351
  grid # 3     4304     4304    68864
  grid # 4     1192     1192    19072
  grid # 5     5226     5226    83616
  grid # 6    13718    13718   223934
  grid # 7      744      744    11594
  grid # 8      382      382     5970
   
  Peak memory usage:   2518 Mb
  
  end of program grid
   
 Time(grid)  user:        6.5  user+sys:        6.5  wallclock:        1.3
  
  start of program der2b
  
  Peak memory usage:   3357 Mb
  
  end of program der2b
   
 Time(der2b)  user:       35.6  user+sys:       35.6  wallclock:        4.6
  
  start of program der2nda
  
  Computing the dispersion energy correction, gradient, hessian...
 
  Peak memory usage:   2556 Mb
  
  end of program der2nda
   
 Time(der2nda)  user:        2.0  user+sys:        2.0  wallclock:        1.2
  
  start of program der2ndb
  
  Peak memory usage:   3224 Mb
  
  end of program der2ndb
   
 Time(der2ndb)  user:       72.5  user+sys:       72.5  wallclock:       10.7
  
  start of program rwr
  
  Peak memory usage:   2492 Mb
  
  end of program rwr
   
 Time(rwr)  user:        5.9  user+sys:        5.9  wallclock:        1.7
  
  start of program cphfa
  
       1  vectors produced in CPHF
  
     v    i  j  k  i  g
     e    t  c  c  c  r
     c    e  o  o  u  i
     t    r  r  r  t  d       RMS  
  
     1    1  0  0  6  M     1.9E-02
     1    2  0  0  6  M     1.9E-03
     1    3  0  0  6  M     5.4E-04
     1    4  0  0  6  M     1.2E-04
     1    5  0  0  6  M     3.6E-05
  
  
  Atomic Polar Tensors (au): Total
  =========================
  
  APT for atom C1      
  --------------------------------------
        0.0347       0.0147       0.0000
        0.0347       0.0351      -0.0000
       -0.0000       0.0001       0.0420
  --------------------------------------
  
  APT for atom C2      
  --------------------------------------
       -0.1660      -0.3114       0.0000
       -0.1680      -0.0369      -0.0000
       -0.0000       0.0001       0.0612
  --------------------------------------
  
  APT for atom C3      
  --------------------------------------
        0.0507       0.0505      -0.0150
        0.0011      -0.0187      -0.0021
        0.0236       0.0564       0.0764
  --------------------------------------
  
  APT for atom C4      
  --------------------------------------
        0.0508       0.0505       0.0150
        0.0011      -0.0187       0.0021
       -0.0236      -0.0564       0.0764
  --------------------------------------
  
  APT for atom C5      
  --------------------------------------
        0.9062       0.2036       0.0000
        0.0907       1.0082       0.0000
        0.0000      -0.0000       0.0855
  --------------------------------------
  
  APT for atom O6      
  --------------------------------------
       -0.4640       0.0677       0.0000
        0.0180      -0.9373      -0.0000
        0.0000      -0.0000      -0.2963
  --------------------------------------
  
  APT for atom H7      
  --------------------------------------
       -0.0202       0.0427      -0.0897
        0.0074       0.0430      -0.0092
       -0.1058       0.0225      -0.0735
  --------------------------------------
  
  APT for atom H8      
  --------------------------------------
       -0.0067      -0.1103       0.0000
       -0.0576      -0.0773       0.0000
        0.0000      -0.0000       0.0687
  --------------------------------------
  
  APT for atom H9      
  --------------------------------------
       -0.0202       0.0427       0.0897
        0.0074       0.0429       0.0092
        0.1058      -0.0226      -0.0735
  --------------------------------------
  
  APT for atom H10     
  --------------------------------------
       -0.0295      -0.1018      -0.0298
       -0.1042      -0.0455      -0.0080
       -0.0109       0.0038       0.0369
  --------------------------------------
  
  APT for atom H11     
  --------------------------------------
        0.0164       0.0701      -0.0189
        0.1050      -0.0398       0.0279
        0.0007      -0.0074       0.0529
  --------------------------------------
  
  APT for atom H12     
  --------------------------------------
       -0.0074       0.0101       0.1035
        0.0014       0.0690      -0.0163
        0.0504      -0.0131      -0.1112
  --------------------------------------
  
  APT for atom H13     
  --------------------------------------
        0.0164       0.0701       0.0189
        0.1050      -0.0398      -0.0279
       -0.0007       0.0073       0.0529
  --------------------------------------
  
  APT for atom H14     
  --------------------------------------
       -0.0074       0.0100      -0.1035
        0.0014       0.0690       0.0163
       -0.0504       0.0131      -0.1113
  --------------------------------------
  
  APT for atom H15     
  --------------------------------------
       -0.0295      -0.1018       0.0298
       -0.1042      -0.0455       0.0080
        0.0109      -0.0038       0.0369
  --------------------------------------
  
  APT for atom H16     
  --------------------------------------
       -0.3247      -0.0074      -0.0000
        0.0605      -0.0077      -0.0000
        0.0000      -0.0000       0.0757
  --------------------------------------
  
  Peak memory usage:   2979 Mb
  
  end of program cphfa
   
 Time(cphfa)  user:       75.2  user+sys:       75.2  wallclock:        9.8
  
  start of program freq
  
   
  Number of frequencies:  42
  harmonic frequencies in cm**-1, reduced masses in amu,
  force constants in mDyne/A, and
  normal modes in cartesian coordinates:          42
  IR intensities in km/mol
  
  vibration #            1        2        3        4        5        6
                  -------- -------- -------- -------- -------- --------
  frequencies      -102.16   214.57   235.05   244.99   274.51   284.34
  symmetries       App      App      App      Ap       Ap       App     
  intensities        10.05     0.00     0.00     5.06     0.07     0.02
  reduc. mass         2.41     0.12     0.21     2.19     0.17     0.70
  force const         0.01     0.00     0.01     0.08     0.01     0.03
    C1       X    -0.00000 -0.00000 -0.00001 -0.04891 -0.05229  0.00001
    C1       Y    -0.00000 -0.00000 -0.00002 -0.08167 -0.03219  0.00001
    C1       Z     0.03269  0.01474  0.01586 -0.00000  0.00000  0.05987
    C2       X     0.00001  0.00000  0.00001  0.04833  0.00152 -0.00000
    C2       Y     0.00000 -0.00000 -0.00000 -0.01636  0.00456  0.00000
    C2       Z    -0.00357  0.01422  0.05034 -0.00001  0.00000  0.03520
    C3       X     0.00888  0.01969  0.02247  0.07909  0.03231  0.03310
    C3       Y    -0.05148  0.01992  0.04439  0.05956  0.01931  0.10762
    C3       Z    -0.02110  0.00128  0.03218 -0.01798 -0.01885  0.01336
    C4       X    -0.00888 -0.01969 -0.02243  0.07910  0.03230 -0.03312
    C4       Y     0.05148 -0.01992 -0.04437  0.05956  0.01929 -0.10763
    C4       Z    -0.02111  0.00128  0.03219  0.01797  0.01885  0.01335
    C5       X     0.00001 -0.00000 -0.00000 -0.00303 -0.00013 -0.00000
    C5       Y     0.00000 -0.00000  0.00000  0.00723 -0.00196  0.00000
    C5       Z    -0.13028 -0.00187 -0.04608  0.00001 -0.00000 -0.07389
    O6       X    -0.00001 -0.00000 -0.00003 -0.13630 -0.01409  0.00001
    O6       Y    -0.00000 -0.00000 -0.00001 -0.03996 -0.00668  0.00001
    O6       Z     0.14427 -0.02292 -0.06087  0.00001 -0.00000 -0.03518
    H7       X    -0.01012  0.27078 -0.26539 -0.05642 -0.05579  0.08205
    H7       Y     0.01829  0.19351 -0.20726 -0.14801 -0.07286  0.09609
    H7       Z     0.04044 -0.17207  0.19779  0.00193  0.00034  0.00566
    H8       X    -0.00001 -0.00000 -0.00004 -0.13837 -0.10878  0.00002
    H8       Y     0.00000  0.00000 -0.00000 -0.02028  0.00685  0.00000
    H8       Z     0.04352  0.40488 -0.38574  0.00010  0.00002  0.21909
    H9       X     0.01012 -0.27078  0.26536 -0.05656 -0.05581 -0.08204
    H9       Y    -0.01831 -0.19352  0.20718 -0.14812 -0.07287 -0.09606
    H9       Z     0.04044 -0.17207  0.19779 -0.00203 -0.00035  0.00566
    H10      X     0.04949  0.20776  0.14797 -0.03321  0.28145 -0.13651
    H10      Y    -0.08647 -0.13796 -0.06056  0.15506 -0.19009  0.25132
    H10      Z    -0.01528 -0.16573 -0.10563 -0.02155 -0.23873  0.01124
    H11      X    -0.03891 -0.18572 -0.10890  0.21134 -0.23706  0.22628
    H11      Y    -0.07995 -0.10072 -0.03271  0.13730 -0.13982  0.22333
    H11      Z    -0.03639  0.14267  0.14750 -0.05285  0.14877 -0.00916
    H12      X     0.01639  0.05897  0.05503  0.10219  0.09484  0.04297
    H12      Y    -0.03594  0.31519  0.26559 -0.04273  0.39600 -0.02611
    H12      Z    -0.01772  0.00812  0.03887  0.00295 -0.00245  0.02787
    H13      X     0.03890  0.18571  0.10900  0.21126 -0.23712 -0.22626
    H13      Y     0.07995  0.10071  0.03277  0.13725 -0.13988 -0.22332
    H13      Z    -0.03640  0.14266  0.14753  0.05279 -0.14879 -0.00914
    H14      X    -0.01640 -0.05897 -0.05497  0.10221  0.09483 -0.04301
    H14      Y     0.03594 -0.31517 -0.26560 -0.04260  0.39603  0.02604
    H14      Z    -0.01772  0.00812  0.03887 -0.00297  0.00246  0.02787
    H15      X    -0.04948 -0.20775 -0.14797 -0.03312  0.28150  0.13646
    H15      Y     0.08647  0.13795  0.06062  0.15499 -0.19015 -0.25130
    H15      Z    -0.01529 -0.16572 -0.10561  0.02161  0.23875  0.01118
    H16      X     0.00001 -0.00000  0.00000  0.01330  0.00223 -0.00000
    H16      Y     0.00001 -0.00000  0.00003  0.11417  0.00566 -0.00001
    H16      Z    -0.56811 -0.02003 -0.21129  0.00005 -0.00002 -0.30205
  
  vibration #            7        8        9       10       11       12
                  -------- -------- -------- -------- -------- --------
  frequencies       343.08   369.09   385.32   576.28   749.80   878.80
  symmetries       Ap       App      Ap       Ap       Ap       Ap      
  intensities         1.10     0.00     0.69     2.68     6.65    45.74
  reduc. mass         1.08     1.00     0.84     2.32     1.98     1.30
  force const         0.08     0.08     0.07     0.45     0.66     0.59
    C1       X    -0.10404 -0.00000  0.02070 -0.07104 -0.04439  0.08975
    C1       Y    -0.00982 -0.00001  0.07596  0.13148  0.05385 -0.01939
    C1       Z    -0.00000  0.11811  0.00001  0.00000  0.00000 -0.00000
    C2       X    -0.01778  0.00000 -0.10141  0.02509 -0.02628  0.06122
    C2       Y     0.04667  0.00000 -0.01708  0.10174 -0.03000  0.09034
    C2       Z     0.00000 -0.10265 -0.00000  0.00000  0.00000 -0.00001
    C3       X     0.04413 -0.08626  0.02843  0.01535  0.07394 -0.00307
    C3       Y    -0.07974  0.03709  0.01920 -0.00658 -0.00965  0.03751
    C3       Z    -0.04879 -0.04976 -0.09931  0.02187  0.11394 -0.03834
    C4       X     0.04413  0.08626  0.02843  0.01535  0.07394 -0.00308
    C4       Y    -0.07973 -0.03710  0.01920 -0.00658 -0.00964  0.03751
    C4       Z     0.04879 -0.04976  0.09931 -0.02187 -0.11394  0.03835
    C5       X    -0.01068  0.00000 -0.05881  0.08524 -0.13652 -0.13324
    C5       Y     0.07172  0.00001 -0.07008 -0.05488 -0.04398 -0.06929
    C5       Z     0.00000 -0.00166 -0.00000  0.00000  0.00000 -0.00001
    O6       X     0.03615 -0.00000  0.01931 -0.04523  0.03106  0.02173
    O6       Y     0.09294  0.00001 -0.04617 -0.11855  0.02031 -0.01228
    O6       Z     0.00000  0.02435  0.00001 -0.00000  0.00000  0.00000
    H7       X    -0.11454 -0.16534  0.03389 -0.07203 -0.05162  0.04433
    H7       Y    -0.09328  0.13537  0.18261  0.10921  0.06135 -0.24644
    H7       Z     0.00289  0.24572 -0.00369 -0.00036  0.00371  0.01929
    H8       X    -0.21617 -0.00002  0.16571 -0.10451 -0.05645 -0.21074
    H8       Y     0.06667  0.00000 -0.02347  0.15579  0.06293  0.18693
    H8       Z     0.00000  0.15598  0.00001 -0.00000  0.00000  0.00000
    H9       X    -0.11456  0.16533  0.03390 -0.07203 -0.05162  0.04434
    H9       Y    -0.09328 -0.13540  0.18259  0.10921  0.06135 -0.24645
    H9       Z    -0.00292  0.24572  0.00371  0.00036 -0.00370 -0.01928
    H10      X     0.06340 -0.07367 -0.00713  0.09718  0.03917  0.08380
    H10      Y    -0.09720  0.02696  0.05091 -0.07720  0.02127 -0.03751
    H10      Z     0.00648 -0.04676 -0.23382  0.15380  0.05724  0.15775
    H11      X     0.02417 -0.10792  0.08281 -0.07155  0.12075 -0.10247
    H11      Y    -0.09543  0.02748  0.05006 -0.06277  0.01860 -0.02516
    H11      Z    -0.22759  0.07638 -0.18612 -0.07352  0.14440 -0.09204
    H12      X     0.11932 -0.16850  0.18120 -0.00534  0.10417 -0.08480
    H12      Y    -0.20276  0.12554  0.00345 -0.08390  0.01668 -0.05101
    H12      Z     0.00782 -0.10850  0.00056  0.01374  0.13315 -0.08443
    H13      X     0.02417  0.10791  0.08282 -0.07155  0.12075 -0.10248
    H13      Y    -0.09543 -0.02749  0.05005 -0.06278  0.01860 -0.02516
    H13      Z     0.22758  0.07638  0.18612  0.07352 -0.14441  0.09205
    H14      X     0.11931  0.16849  0.18121 -0.00534  0.10417 -0.08480
    H14      Y    -0.20274 -0.12554  0.00345 -0.08390  0.01669 -0.05101
    H14      Z    -0.00782 -0.10850 -0.00057 -0.01374 -0.13315  0.08443
    H15      X     0.06339  0.07368 -0.00712  0.09718  0.03918  0.08380
    H15      Y    -0.09719 -0.02697  0.05090 -0.07720  0.02127 -0.03751
    H15      Z    -0.00647 -0.04676  0.23382 -0.15380 -0.05724 -0.15774
    H16      X    -0.01544  0.00000 -0.06958  0.09243 -0.15528 -0.15367
    H16      Y     0.04167  0.00001 -0.14156 -0.01169 -0.15169 -0.18463
    H16      Z    -0.00000  0.14460 -0.00002  0.00001 -0.00001  0.00002
  
  vibration #           13       14       15       16       17       18
                  -------- -------- -------- -------- -------- --------
  frequencies       903.46   927.32   928.10   939.00  1021.97  1038.33
  symmetries       App      App      Ap       App      Ap       App     
  intensities         1.29     0.50     1.91     0.44     6.73     0.18
  reduc. mass         1.16     0.27     0.56     0.27     0.36     0.45
  force const         0.56     0.14     0.29     0.14     0.22     0.29
    C1       X    -0.00000 -0.00000 -0.00365 -0.00000 -0.09004  0.00001
    C1       Y     0.00001  0.00012  0.11429 -0.00000 -0.01456  0.00000
    C1       Z    -0.04334  0.07614 -0.00008  0.03875  0.00000  0.06210
    C2       X    -0.00000  0.00007  0.06346 -0.00000  0.05208 -0.00000
    C2       Y    -0.00001 -0.00006 -0.05557 -0.00000 -0.03602  0.00000
    C2       Z    -0.09251  0.05452 -0.00005 -0.03130  0.00000  0.03489
    C3       X     0.05749 -0.04893 -0.00280  0.07609  0.05079  0.00536
    C3       Y    -0.02309 -0.04747 -0.05611 -0.02475  0.01234  0.07675
    C3       Z     0.07193 -0.02547 -0.05082 -0.02306 -0.06098 -0.01573
    C4       X    -0.05749  0.04892 -0.00289 -0.07609  0.05079 -0.00537
    C4       Y     0.02308  0.04736 -0.05621  0.02475  0.01233 -0.07676
    C4       Z     0.07193 -0.02536  0.05086 -0.02306  0.06098 -0.01574
    C5       X     0.00000 -0.00000 -0.00048  0.00000 -0.04695  0.00000
    C5       Y     0.00000 -0.00000 -0.00040  0.00000 -0.01327  0.00000
    C5       Z    -0.14086 -0.06097  0.00007  0.01881 -0.00001 -0.10772
    O6       X     0.00000  0.00001  0.00529 -0.00000  0.00932 -0.00000
    O6       Y     0.00000  0.00000  0.00052  0.00000  0.01839 -0.00000
    O6       Z     0.03506  0.01739 -0.00002 -0.00534  0.00000  0.02228
    H7       X    -0.11636  0.21826 -0.06376  0.12911 -0.02061  0.14712
    H7       Y     0.13417 -0.27008 -0.10705 -0.14374  0.25596 -0.17117
    H7       Z     0.04889 -0.09859  0.02932 -0.06399 -0.03570 -0.05610
    H8       X    -0.00000 -0.00030 -0.30212  0.00001  0.22626 -0.00001
    H8       Y     0.00001  0.00032  0.32008 -0.00001 -0.22827  0.00001
    H8       Z     0.05296 -0.15646  0.00016 -0.09206 -0.00000 -0.09591
    H9       X     0.11635 -0.21839 -0.06332 -0.12911 -0.02062 -0.14712
    H9       Y    -0.13415  0.26987 -0.10759  0.14375  0.25597  0.17114
    H9       Z     0.04889 -0.09865 -0.02913 -0.06399  0.03570 -0.05611
    H10      X     0.00092 -0.18683 -0.17362 -0.02466  0.05452  0.17825
    H10      Y     0.02871  0.07438  0.09082  0.05818  0.00342 -0.07527
    H10      Z    -0.01649 -0.30949 -0.13919  0.22701  0.23900  0.22843
    H11      X     0.12380  0.13243  0.15373  0.07475 -0.04824 -0.20437
    H11      Y     0.01954  0.06682  0.04736 -0.01533 -0.04279 -0.05637
    H11      Z     0.14831  0.07694  0.24212  0.34664  0.13308 -0.19458
    H12      X     0.05774  0.06854 -0.12783 -0.29984 -0.25037 -0.05081
    H12      Y     0.05159  0.12155  0.12033  0.06418 -0.01423 -0.12738
    H12      Z     0.06645  0.03860 -0.14342 -0.27044 -0.25242 -0.03962
    H13      X    -0.12378 -0.13211  0.15401 -0.07475 -0.04820  0.20438
    H13      Y    -0.01954 -0.06672  0.04750  0.01532 -0.04278  0.05638
    H13      Z     0.14829  0.07645 -0.24228  0.34664 -0.13311 -0.19455
    H14      X    -0.05773 -0.06881 -0.12767  0.29984 -0.25036  0.05086
    H14      Y    -0.05158 -0.12131  0.12058 -0.06418 -0.01421  0.12738
    H14      Z     0.06645  0.03890  0.14333 -0.27044  0.25241 -0.03967
    H15      X    -0.00094  0.18648 -0.17400  0.02466  0.05448 -0.17826
    H15      Y    -0.02870 -0.07419  0.09097 -0.05818  0.00343  0.07527
    H15      Z    -0.01646 -0.30921  0.13983  0.22700 -0.23895  0.22847
    H16      X     0.00000 -0.00000  0.00204  0.00000 -0.04322  0.00000
    H16      Y     0.00000  0.00001  0.01175  0.00000 -0.00183 -0.00000
    H16      Z     0.47806  0.24103 -0.00026 -0.06505  0.00003  0.36867
  
  vibration #           19       20       21       22       23       24
                  -------- -------- -------- -------- -------- --------
  frequencies      1202.26  1220.80  1231.15  1348.07  1354.89  1371.24
  symmetries       App      Ap       Ap       App      Ap       Ap      
  intensities         3.07    11.21     2.61     4.80     8.56     4.35
  reduc. mass         3.06     3.26     2.89     0.31     0.19     0.40
  force const         2.61     2.87     2.58     0.33     0.21     0.45
    C1       X     0.00000  0.01721 -0.05932 -0.00000  0.04022  0.04126
    C1       Y    -0.00000 -0.05182 -0.03537  0.00001 -0.06462 -0.06859
    C1       Z     0.08208 -0.00001  0.00001  0.00606  0.00000 -0.00000
    C2       X    -0.00002 -0.11145  0.17359 -0.00000  0.00282 -0.03262
    C2       Y     0.00000  0.17394  0.09869  0.00000  0.00508  0.04159
    C2       Z    -0.20269  0.00001 -0.00002 -0.00980 -0.00000  0.00000
    C3       X    -0.00194  0.04174 -0.05610  0.05313  0.04232 -0.00622
    C3       Y     0.01452 -0.05710 -0.03647 -0.00217 -0.00347 -0.01310
    C3       Z     0.05800 -0.00627  0.00633  0.06917  0.05008 -0.01699
    C4       X     0.00196  0.04174 -0.05610 -0.05314  0.04230 -0.00622
    C4       Y    -0.01452 -0.05710 -0.03647  0.00217 -0.00347 -0.01310
    C4       Z     0.05801  0.00626 -0.00632  0.06918 -0.05006  0.01698
    C5       X     0.00001  0.02421 -0.05049 -0.00000  0.00981 -0.04619
    C5       Y     0.00000  0.00892 -0.02528 -0.00000  0.01400 -0.03263
    C5       Z     0.05080 -0.00001  0.00001  0.00508  0.00000 -0.00000
    O6       X    -0.00000 -0.01410  0.00657  0.00000 -0.01001  0.03996
    O6       Y    -0.00000 -0.01428 -0.00112 -0.00000 -0.00003 -0.03019
    O6       Z    -0.00971  0.00000 -0.00000 -0.00167 -0.00000  0.00000
    H7       X     0.18553  0.06208  0.04946  0.01378 -0.09786 -0.05844
    H7       Y    -0.14864 -0.07371  0.17116  0.00809  0.27850  0.24618
    H7       Z    -0.07242 -0.02724 -0.06396 -0.00364  0.10566  0.07733
    H8       X    -0.00000  0.11795  0.12382  0.00003 -0.26416 -0.25487
    H8       Y     0.00000 -0.12419 -0.14982 -0.00002  0.16074  0.14569
    H8       Z    -0.19402  0.00002 -0.00002 -0.03275 -0.00000  0.00001
    H9       X    -0.18553  0.06210  0.04944 -0.01376 -0.09787 -0.05843
    H9       Y     0.14862 -0.07372  0.17117 -0.00815  0.27850  0.24618
    H9       Z    -0.07243  0.02725  0.06395 -0.00361 -0.10566 -0.07733
    H10      X     0.08317 -0.13270 -0.07140 -0.14913 -0.13206 -0.00562
    H10      Y    -0.05312  0.09685 -0.00991  0.15556  0.13483 -0.00955
    H10      Z    -0.01163  0.03473 -0.19779 -0.29923 -0.21988  0.10461
    H11      X     0.02403  0.11456  0.13013 -0.17327 -0.14543  0.05799
    H11      Y     0.02223  0.00135  0.07456 -0.13545 -0.11473  0.02890
    H11      Z    -0.05985  0.20356 -0.06218 -0.31436 -0.23842  0.08215
    H12      X     0.12762 -0.06323  0.09776 -0.29844 -0.22228  0.08011
    H12      Y    -0.03724  0.14540  0.09465  0.02682  0.02836  0.06044
    H12      Z     0.14211 -0.08030  0.09094 -0.17446 -0.13472  0.03967
    H13      X    -0.02403  0.11457  0.13012  0.17332 -0.14537  0.05799
    H13      Y    -0.02224  0.00135  0.07456  0.13548 -0.11468  0.02889
    H13      Z    -0.05990 -0.20354  0.06217 -0.31444  0.23833 -0.08212
    H14      X    -0.12764 -0.06321  0.09775  0.29851 -0.22219  0.08008
    H14      Y     0.03725  0.14540  0.09466 -0.02682  0.02835  0.06044
    H14      Z     0.14214  0.08028 -0.09091 -0.17450  0.13467 -0.03966
    H15      X    -0.08318 -0.13269 -0.07141  0.14916 -0.13201 -0.00562
    H15      Y     0.05313  0.09684 -0.00990 -0.15560  0.13478 -0.00955
    H15      Z    -0.01167 -0.03473  0.19778 -0.29931  0.21979 -0.10458
    H16      X     0.00000 -0.01567 -0.06347  0.00001 -0.01871  0.06778
    H16      Y    -0.00000 -0.18948 -0.07767  0.00006 -0.18927  0.70344
    H16      Z    -0.19855  0.00002 -0.00002 -0.02033 -0.00000  0.00000
  
  vibration #           25       26       27       28       29       30
                  -------- -------- -------- -------- -------- --------
  frequencies      1391.82  1440.49  1448.60  1453.04  1467.47  1467.61
  symmetries       Ap       App      Ap       App      Ap       App     
  intensities         3.29     0.01     0.59     0.82     7.02     6.21
  reduc. mass         0.20     0.14     0.20     0.18     0.17     0.23
  force const         0.23     0.17     0.25     0.23     0.21     0.29
    C1       X    -0.04011 -0.00000  0.03998  0.00000  0.00233  0.00001
    C1       Y     0.05586 -0.00000  0.02277  0.00000  0.01547  0.00004
    C1       Z     0.00000  0.02607  0.00000  0.00646 -0.00010  0.04008
    C2       X     0.00112  0.00000  0.00198  0.00000  0.03849  0.00009
    C2       Y     0.01536 -0.00000  0.00574 -0.00000 -0.02852 -0.00007
    C2       Z    -0.00000 -0.00181 -0.00000 -0.00001 -0.00009  0.03590
    C3       X     0.03211  0.01947 -0.01180  0.01744  0.00974 -0.01453
    C3       Y    -0.00607 -0.02048 -0.01341  0.03238 -0.01766  0.00247
    C3       Z     0.03938 -0.02292  0.01354 -0.01441 -0.02507  0.00455
    C4       X     0.03211 -0.01946 -0.01180 -0.01744  0.00967  0.01457
    C4       Y    -0.00607  0.02048 -0.01340 -0.03238 -0.01765 -0.00256
    C4       Z    -0.03938 -0.02292 -0.01355 -0.01441  0.02505  0.00468
    C5       X    -0.04812  0.00000 -0.00351  0.00000 -0.00057 -0.00000
    C5       Y    -0.01728  0.00000 -0.00620  0.00000  0.00202  0.00000
    C5       Z     0.00000 -0.00138 -0.00000  0.00198  0.00001 -0.00346
    O6       X     0.03401 -0.00000  0.00165 -0.00000 -0.00270 -0.00001
    O6       Y    -0.02955  0.00000  0.00174  0.00000  0.00374  0.00001
    O6       Z     0.00000 -0.00009  0.00000 -0.00094 -0.00000  0.00101
    H7       X     0.10901  0.06657 -0.42220  0.01607 -0.10296  0.11184
    H7       Y    -0.25605  0.19653 -0.09774  0.06681 -0.02945  0.42063
    H7       Z    -0.11599 -0.02335  0.31728 -0.00708  0.07243 -0.03924
    H8       X     0.24519 -0.00002  0.26851  0.00001  0.07645  0.00018
    H8       Y    -0.14958  0.00001 -0.15722 -0.00001 -0.03845 -0.00009
    H8       Z    -0.00001 -0.31047 -0.00001 -0.09973  0.00151 -0.60458
    H9       X     0.10900 -0.06652 -0.42221 -0.01609 -0.10239 -0.11235
    H9       Y    -0.25605 -0.19652 -0.09775 -0.06681 -0.02734 -0.42076
    H9       Z     0.11599 -0.02331 -0.31728 -0.00710 -0.07223 -0.03960
    H10      X    -0.10988 -0.27953  0.10276 -0.07219 -0.28692  0.14497
    H10      Y     0.11195  0.23340 -0.10028  0.08925  0.23247 -0.13209
    H10      Z    -0.16473  0.25832  0.04185 -0.22469  0.28010 -0.08010
    H11      X    -0.10681 -0.21978  0.18765 -0.25754 -0.23580  0.15716
    H11      Y    -0.08861 -0.15437  0.10332 -0.13423 -0.15665  0.10157
    H11      Z    -0.18315 -0.04968 -0.16554  0.34784 -0.08571 -0.01142
    H12      X    -0.16197  0.21879 -0.10274  0.07887  0.25602 -0.12022
    H12      Y     0.03804  0.22621  0.16893 -0.43370  0.24793 -0.03979
    H12      Z    -0.09356  0.10737 -0.06871  0.06464  0.13457 -0.06983
    H13      X    -0.10681  0.21975  0.18768  0.25755 -0.23502 -0.15832
    H13      Y    -0.08860  0.15435  0.10333  0.13424 -0.15615 -0.10234
    H13      Z     0.18315 -0.04971  0.16551  0.34785  0.08577 -0.01098
    H14      X    -0.16198 -0.21877 -0.10277 -0.07888  0.25542  0.12150
    H14      Y     0.03804 -0.22623  0.16887  0.43370  0.24773  0.04105
    H14      Z     0.09357  0.10735  0.06872  0.06464 -0.13422 -0.07050
    H15      X    -0.10988  0.27951  0.10280  0.07220 -0.28620 -0.14639
    H15      Y     0.11195 -0.23339 -0.10031 -0.08925  0.23181  0.13325
    H15      Z     0.16473  0.25831 -0.04180 -0.22469 -0.27970 -0.08151
    H16      X     0.02696 -0.00000 -0.00239 -0.00000 -0.00610 -0.00001
    H16      Y     0.51032 -0.00001  0.03488 -0.00001 -0.05953 -0.00015
    H16      Z    -0.00000 -0.00010 -0.00000 -0.00409 -0.00005  0.01832
  
  vibration #           31       32       33       34       35       36
                  -------- -------- -------- -------- -------- --------
  frequencies      1485.68  1768.50  2765.17  2973.62  2977.87  2980.87
  symmetries       Ap       Ap       Ap       Ap       App      Ap      
  intensities        16.24   113.56   145.05    23.37    30.07    10.30
  reduc. mass         0.13     6.57     0.93     0.27     0.17     0.14
  force const         0.17    12.11     4.18     1.41     0.89     0.74
    C1       X    -0.01962 -0.00210 -0.00132 -0.03185 -0.00001  0.01164
    C1       Y    -0.00232 -0.00548  0.00047  0.03434  0.00001 -0.01158
    C1       Z    -0.00000  0.00000 -0.00000 -0.00000  0.00124  0.00000
    C2       X    -0.02909  0.00677  0.00035  0.00076  0.00000 -0.00029
    C2       Y    -0.04572 -0.01411 -0.00283 -0.00095  0.00000 -0.00082
    C2       Z    -0.00000  0.00000  0.00000 -0.00000  0.00076  0.00000
    C3       X    -0.00898 -0.00365  0.00004 -0.00505 -0.01746 -0.01634
    C3       Y    -0.02042  0.00165  0.00079 -0.00183 -0.00515 -0.00489
    C3       Z     0.01218 -0.00401  0.00006 -0.00952 -0.02886 -0.02810
    C4       X    -0.00898 -0.00365  0.00004 -0.00505  0.01748 -0.01633
    C4       Y    -0.02042  0.00165  0.00079 -0.00183  0.00515 -0.00488
    C4       Z    -0.01218  0.00401 -0.00006  0.00952 -0.02888  0.02808
    C5       X     0.01394 -0.06644  0.07922 -0.00169 -0.00000  0.00227
    C5       Y     0.00286  0.21353 -0.00855 -0.00009 -0.00000  0.00180
    C5       Z    -0.00000 -0.00000  0.00000  0.00000 -0.00025 -0.00000
    O6       X    -0.00630  0.05318  0.00030  0.00019 -0.00000  0.00018
    O6       Y     0.00829 -0.14356 -0.00184  0.00015  0.00000 -0.00072
    O6       Z    -0.00000  0.00000 -0.00000  0.00000  0.00014  0.00000
    H7       X     0.24562 -0.00505  0.01032  0.32622 -0.00525 -0.11377
    H7       Y     0.03081  0.00653  0.00348 -0.01176  0.00079  0.00630
    H7       Z    -0.18610  0.00414  0.01272  0.46354 -0.00740 -0.15912
    H8       X    -0.16735 -0.00147 -0.00733 -0.27812 -0.00006  0.08905
    H8       Y     0.10828 -0.00822 -0.00012 -0.37704 -0.00008  0.12442
    H8       Z     0.00001 -0.00000 -0.00000  0.00000 -0.00033 -0.00000
    H9       X     0.24562 -0.00505  0.01032  0.32622  0.00539 -0.11376
    H9       Y     0.03084  0.00653  0.00348 -0.01176 -0.00080  0.00630
    H9       Z     0.18611 -0.00414 -0.01272 -0.46354 -0.00760  0.15911
    H10      X     0.07412  0.01743 -0.00455  0.08844  0.27689  0.26154
    H10      Y    -0.08077 -0.01710 -0.00723  0.10604  0.33136  0.31127
    H10      Z     0.21910  0.02470  0.00294 -0.00261 -0.00812 -0.00533
    H11      X     0.20078  0.01536 -0.00425  0.05219  0.17092  0.16074
    H11      Y     0.10365  0.01740  0.00212 -0.09047 -0.29158 -0.27313
    H11      Z    -0.31026  0.00579 -0.00126 -0.00196 -0.00152 -0.00023
    H12      X    -0.07804  0.01040  0.00647 -0.08127 -0.24161 -0.22920
    H12      Y     0.36331  0.00500 -0.00001  0.00739  0.02065  0.02006
    H12      Z    -0.06364  0.00132 -0.00698  0.11689  0.34954  0.33620
    H13      X     0.20079  0.01536 -0.00425  0.05220 -0.17106  0.16059
    H13      Y     0.10365  0.01740  0.00212 -0.09050  0.29181 -0.27287
    H13      Z     0.31027 -0.00580  0.00126  0.00196 -0.00152  0.00023
    H14      X    -0.07805  0.01040  0.00647 -0.08130  0.24181 -0.22897
    H14      Y     0.36331  0.00500 -0.00001  0.00739 -0.02067  0.02004
    H14      Z     0.06364 -0.00132  0.00699 -0.11693  0.34983 -0.33588
    H15      X     0.07413  0.01743 -0.00455  0.08847 -0.27712  0.26129
    H15      Y    -0.08078 -0.01710 -0.00723  0.10608 -0.33163  0.31097
    H15      Z    -0.21910 -0.02470 -0.00294  0.00261 -0.00812  0.00532
    H16      X     0.01027 -0.09658 -0.94593  0.01443  0.00001 -0.02368
    H16      Y    -0.04971 -0.08538  0.14373 -0.00073 -0.00000  0.00068
    H16      Z    -0.00000  0.00000  0.00000 -0.00000 -0.00037 -0.00000
  
  vibration #           37       38       39       40       41       42
                  -------- -------- -------- -------- -------- --------
  frequencies      3051.01  3056.60  3057.26  3062.44  3077.10  3079.59
  symmetries       App      App      Ap       Ap       App      Ap      
  intensities        14.85    25.73    12.38    33.79     1.62    23.79
  reduc. mass         0.46     0.23     0.22     0.48     0.31     0.31
  force const         2.54     1.29     1.19     2.68     1.72     1.74
    C1       X    -0.00000 -0.00001  0.02230  0.06647 -0.00000  0.00145
    C1       Y    -0.00000 -0.00000  0.01711  0.05018  0.00000  0.00079
    C1       Z    -0.08571 -0.02035 -0.00001 -0.00000 -0.00029  0.00000
    C2       X     0.00000  0.00000 -0.00112  0.00162  0.00000 -0.00089
    C2       Y    -0.00000  0.00000 -0.00059  0.00096 -0.00000  0.00185
    C2       Z    -0.00132 -0.00129 -0.00000  0.00000 -0.00038 -0.00000
    C3       X    -0.01127  0.04565 -0.04435  0.01529  0.02136 -0.02084
    C3       Y    -0.00555  0.02471 -0.02380  0.00667 -0.05723  0.05718
    C3       Z     0.00760 -0.03174  0.03089 -0.01045 -0.01335  0.01289
    C4       X     0.01127 -0.04562 -0.04438  0.01529 -0.02136 -0.02084
    C4       Y     0.00555 -0.02469 -0.02382  0.00667  0.05723  0.05718
    C4       Z     0.00760 -0.03171 -0.03091  0.01045 -0.01335 -0.01289
    C5       X    -0.00000 -0.00000  0.00059  0.00053  0.00000 -0.00061
    C5       Y    -0.00000 -0.00000 -0.00024 -0.00034 -0.00000  0.00068
    C5       Z     0.00028 -0.00021 -0.00000  0.00000  0.00021 -0.00000
    O6       X     0.00000  0.00000 -0.00007 -0.00011 -0.00000  0.00038
    O6       Y     0.00000 -0.00000  0.00032 -0.00012  0.00000 -0.00044
    O6       Z    -0.00002  0.00003  0.00000 -0.00000 -0.00016  0.00000
    H7       X     0.38873  0.09343 -0.05521 -0.17514  0.00267 -0.00079
    H7       Y    -0.01868 -0.00604  0.00628  0.02041 -0.00044 -0.00023
    H7       Z     0.52315  0.12526 -0.08732 -0.26381  0.00246 -0.00318
    H8       X     0.00002  0.00005 -0.15323 -0.44647 -0.00000 -0.00949
    H8       Y     0.00003  0.00006 -0.21430 -0.63885 -0.00000 -0.01692
    H8       Z    -0.02049 -0.00429 -0.00000 -0.00000 -0.00128 -0.00000
    H9       X    -0.38871 -0.09339 -0.05530 -0.17517 -0.00267 -0.00079
    H9       Y     0.01868  0.00604  0.00629  0.02042  0.00044 -0.00023
    H9       Z     0.52312  0.12520  0.08745  0.26385  0.00245  0.00318
    H10      X     0.07157 -0.28369  0.27858 -0.09410  0.16508 -0.16655
    H10      Y     0.08650 -0.34716  0.34100 -0.11191  0.18147 -0.18215
    H10      Z     0.00084 -0.00306  0.00654 -0.00397 -0.00511  0.00388
    H11      X     0.00294  0.00109  0.00096 -0.00903 -0.30247  0.30389
    H11      Y    -0.01231  0.02118 -0.02613  0.02099  0.50381 -0.50556
    H11      Z     0.00209 -0.00684  0.00765 -0.00234 -0.00794  0.01102
    H12      X     0.06108 -0.25930  0.25196 -0.08421 -0.11600  0.11175
    H12      Y    -0.00853  0.03188 -0.03004  0.00990 -0.00048 -0.00073
    H12      Z    -0.08886  0.39458 -0.38087  0.12886  0.17471 -0.16820
    H13      X    -0.00294 -0.00110  0.00095 -0.00903  0.30246  0.30390
    H13      Y     0.01231 -0.02115 -0.02612  0.02099 -0.50380 -0.50557
    H13      Z     0.00209 -0.00683 -0.00766  0.00234 -0.00794 -0.01102
    H14      X    -0.06109  0.25911  0.25214 -0.08422  0.11600  0.11176
    H14      Y     0.00853 -0.03186 -0.03006  0.00990  0.00048 -0.00073
    H14      Z    -0.08887  0.39430  0.38114 -0.12888  0.17472  0.16821
    H15      X    -0.07158  0.28348  0.27879 -0.09412 -0.16507 -0.16655
    H15      Y    -0.08651  0.34691  0.34125 -0.11193 -0.18145 -0.18215
    H15      Z     0.00084 -0.00306 -0.00654  0.00397 -0.00511 -0.00388
    H16      X     0.00000  0.00000 -0.00135 -0.00791  0.00000  0.00373
    H16      Y     0.00000 -0.00000 -0.00009 -0.00171 -0.00000 -0.00008
    H16      Z    -0.00153 -0.00003 -0.00000  0.00000 -0.00108 -0.00000
  
  Number of imaginary frequencies:   1
   
  Writing vibrational animation data to J1_5788_2111.vib
  Writing IR vibrational spectrum data to J1_5788_2111_vib.spm
  rotational symmetry number:  1

  rotational temperatures (K):      0.214216      0.131299      0.130513
   
  The Quasi-Harmonic approximation will be applied to compute
  vibrational constributions to thermodynamic properties.
  Frequencies will be adjusted to a minimum value of  100.00 cm^-1.

    1 vibrational frequencies below   0.0 cm-1 not included in zero-point
  energy or thermochemical analysis.  Set freqcut to change the frequency
  cutoff value.

  vibrational temperatures:
       mode:      2        3        4        5        6        7
  temp. (K):   308.72   338.18   352.49   394.96   409.10   493.62
   
       mode:      8        9       10       11       12       13
  temp. (K):   531.04   554.39   829.14  1078.80  1264.39  1299.87
   
       mode:     14       15       16       17       18       19
  temp. (K):  1334.21  1335.33  1351.00  1470.38  1493.93  1729.78
   
       mode:     20       21       22       23       24       25
  temp. (K):  1756.45  1771.34  1939.56  1949.39  1972.91  2002.51
   
       mode:     26       27       28       29       30       31
  temp. (K):  2072.55  2084.21  2090.60  2111.36  2111.56  2137.57
   
       mode:     32       33       34       35       36       37
  temp. (K):  2544.47  3978.46  4278.36  4284.49  4288.80  4389.72
   
       mode:     38       39       40       41       42
  temp. (K):  4397.77  4398.71  4406.17  4427.25  4430.84
   
   
  Thermodynamic properties calculated assuming an ideal gas

  In the table below, the units for temperature
  are kelvins, the units for U, H, and G are
  kcal/mol and the units for Cv and S are cal/(mol K)

  The zero point energy (ZPE):     85.842 kcal/mol
  is not included in U, H, or G in the table below
  
 
  =============================================================================
  Thermodynamic properties for P = 1.00E+00 atm, calculated at   1 temperatures


  T =   298.15 K, P = 1.00E+00 atm
   
                  U         Cv          S          H          G        ln(Q)
              =========  =========  =========  =========  =========  =========
  trans.          0.889      2.981     39.271      1.481    -10.227   17.26192
  rot.            0.889      2.981     26.673      0.889     -7.064   11.92243
  vib.            2.618     19.940     13.841      2.618     -1.508    2.54561
  elec.           0.000      0.000      0.000      0.000      0.000    0.00000
  ----------------------------------------------------------------------------
  total           4.396     25.902     79.785      4.988    -18.800   31.72996
   
   Total internal energy, Utot(SCFE + ZPE + U):    -271.285830 hartrees
              Total enthalpy, Htot (Utot + pV):    -271.284886 hartrees
    Total Gibbs free energy, Gtot (Htot - T*S):    -271.322794 hartrees
   
  Peak memory usage:   2673 Mb
  
  end of program freq
   
 Time(freq)  user:        4.8  user+sys:        4.8  wallclock:        2.2

 Total cpu seconds     user:     321.127   user+sys:     321.127
  
 Total elapsed time:    104 seconds

Job J1_5788_2111 completed on hpc-89-07.cm.cluster at Wed May 29 03:59:34 2024
