Command:  /groups/wag/programs/Schrodinger_2020_3/jaguar run -WAIT -PARALLEL 8 /central/home/labounad/wittig-ch121/out/J1_4571_2111/J1_4571_2111.in
Release:  2020-3
Exec:     /groups/wag/programs/Schrodinger_2020_3/jaguar-v10.9/bin/Linux-x86_64
Host:     hpc-89-18.cm.cluster
JobId:    hpc-89-18-0-6656f35d
JobDir:   /central/scratch/labounad/J1_4571_2111#hpc-89-18-0-6656f35d
Date:     Wed May 29 02:20:31 2024

Contents of /central/scratch/labounad/J1_4571_2111#hpc-89-18-0-6656f35d:
/central/scratch/labounad/J1_4571_2111#hpc-89-18-0-6656f35d/hpc-89-18-0-6656f35d.nodes
/central/scratch/labounad/J1_4571_2111#hpc-89-18-0-6656f35d/.write_dir.json
/central/scratch/labounad/J1_4571_2111#hpc-89-18-0-6656f35d/hpc-89-18-0-6656f35d.recover
/central/scratch/labounad/J1_4571_2111#hpc-89-18-0-6656f35d/J1_4571_2111.in
/central/scratch/labounad/J1_4571_2111#hpc-89-18-0-6656f35d/J1_4571_2111.log
/central/scratch/labounad/J1_4571_2111#hpc-89-18-0-6656f35d/hpc-89-18-0-6656f35d
/central/scratch/labounad/J1_4571_2111#hpc-89-18-0-6656f35d/hpc-89-18-0-6656f35d.mpinodes
/central/scratch/labounad/J1_4571_2111#hpc-89-18-0-6656f35d/J1_4571_2111.recover

Executing subprocess:
/groups/wag/programs/Schrodinger_2020_3/jaguar-v10.9/bin/Linux-x86_64/jexec J1_4571_2111.in -T 8 -out /central/scratch/labounad/J1_4571_2111#hpc-89-18-0-6656f35d -cwd

Job J1_4571_2111 started on hpc-89-18.cm.cluster at Wed May 29 02:20:31 2024
jobid: hpc-89-18-0-6656f35d 
Jaguar version 10.9, release 139
 Using up to   8 threads per process
Molecular Point Group: Cs      
Point Group used: Cs
pre (input checking) done.
onee (1-electron integrals) done.
hfig (HF initial guess) done.
probe (project orbitals) done.
grid (grid generation) done.
rwr (Q operators) done.
scf type: DFT=PBE(X+LC)+PW91 (PBE-D3)
  
       i  u  d  i  g
       t  p  i  c  r                                 RMS    maximum
       e  d  i  u  i                       energy  density   DIIS  
       r  t  s  t  d       total energy    change  change    error 
  
etot    1  N  N  5  M    -560.84714339257           9.3E-03  1.9E-01
etot    2  Y  Y  6  M    -561.30958835792  4.6E-01  7.9E-03  1.8E-01
etot    3  Y  Y  6  M    -561.65251374314  3.4E-01  3.9E-03  1.4E-01
etot    4  N  Y  2  U    -561.92370082552  2.7E-01  1.7E-03  3.4E-02
etot    5  Y  Y  6  M    -561.97006778747  4.6E-02  5.9E-04  1.4E-02
etot    6  N  Y  2  U    -561.97239801979  2.3E-03  3.3E-04  6.1E-03
etot    7  Y  Y  6  M    -561.97280973274  4.1E-04  1.7E-04  2.5E-03
etot    8  Y  Y  6  M    -561.97331576967  5.1E-04  2.2E-05  6.7E-04
etot    9  N  Y  2  U    -561.97336852137  5.3E-05  6.6E-06  1.4E-04
etot   10  N  Y  2  U    -561.97336952542  1.0E-06  2.5E-06  3.1E-05
etot   11  N  N  2  U    -561.97336952140 -4.0E-09  0.0E+00  0.0E+00
scf (DFT) done.
der1a (1-e 1st deriv.) done.
rwr (1st deriv. Q) done.
der1b (2-e 1st deriv.) done.
  Geometry optimization step   1
  Total energy:      -561.98094353531 hartrees
  gradient maximum:        3.3639E-02 .  (  4.5000E-04 )
  gradient rms:            8.9256E-03 .  (  3.0000E-04 )
  displacement maximum:    1.9105E-01 .  (  1.8000E-03 )
  displacement rms:        3.7489E-02 .  (  1.2000E-03 )
  
  predicted energy change: -8.3376E-03
  step size:     0.27033
  trust radius:  0.30000
---------------- geometry iteration   1 complete ----------------
geopt (optimize geometry) done.
onee (1-electron integrals) done.
probe (project orbitals) done.
grid (grid generation) done.
rwr (Q operators) done.
  
       i  u  d  i  g
       t  p  i  c  r                                 RMS    maximum
       e  d  i  u  i                       energy  density   DIIS  
       r  t  s  t  d       total energy    change  change    error 
  
etot    1  N  N  2  U    -561.97793274533           5.2E-04  4.3E-03
etot    2  Y  Y  6  M    -561.97918966627  1.3E-03  3.1E-04  7.6E-03
etot    3  Y  Y  6  M    -561.97879307147 -4.0E-04  2.0E-04  1.2E-02
etot    4  Y  Y  6  M    -561.98015518094  1.4E-03  7.9E-05  2.5E-03
etot    5  Y  Y  6  M    -561.98023815420  8.3E-05  1.2E-05  2.3E-04
etot    6  N  Y  2  U    -561.98036626379  1.3E-04  5.1E-06  9.1E-05
etot    7  N  Y  2  U    -561.98036653159  2.7E-07  2.8E-06  4.2E-05
etot    8  N  N  2  U    -561.98036655150  2.0E-08  0.0E+00  0.0E+00
scf (DFT) done.
der1a (1-e 1st deriv.) done.
rwr (1st deriv. Q) done.
der1b (2-e 1st deriv.) done.
  Geometry optimization step   2
  Total energy:      -561.98759663564 hartrees
  energy change:          -6.6531E-03 .  (  5.0000E-05 )
  gradient maximum:        1.3021E-02 .  (  4.5000E-04 )
  gradient rms:            2.3874E-03 .  (  3.0000E-04 )
  displacement maximum:    2.0059E-02 .  (  1.8000E-03 )
  displacement rms:        6.5832E-03 .  (  1.2000E-03 )
  
  predicted energy change: -3.1735E-04
  step size:     0.04747
  trust radius:  0.30000
---------------- geometry iteration   2 complete ----------------
geopt (optimize geometry) done.
onee (1-electron integrals) done.
probe (project orbitals) done.
grid (grid generation) done.
rwr (Q operators) done.
  
       i  u  d  i  g
       t  p  i  c  r                                 RMS    maximum
       e  d  i  u  i                       energy  density   DIIS  
       r  t  s  t  d       total energy    change  change    error 
  
etot    1  N  N  2  U    -561.98046090166           1.2E-04  1.1E-03
etot    2  Y  Y  6  M    -561.98060540300  1.4E-04  5.1E-05  7.8E-04
etot    3  Y  Y  6  M    -561.98057353123 -3.2E-05  3.8E-05  1.9E-03
etot    4  N  Y  2  U    -561.98060638374  3.3E-05  1.1E-05  5.6E-04
etot    5  N  Y  2  U    -561.98061041293  4.0E-06  2.2E-06  4.1E-05
etot    6  N  N  2  U    -561.98061049979  8.7E-08  0.0E+00  0.0E+00
scf (DFT) done.
der1a (1-e 1st deriv.) done.
rwr (1st deriv. Q) done.
der1b (2-e 1st deriv.) done.
  Geometry optimization step   3
  Total energy:      -561.98788047741 hartrees
  energy change:          -2.8384E-04 .  (  5.0000E-05 )
  gradient maximum:        3.2875E-03 .  (  4.5000E-04 )
  gradient rms:            6.5674E-04 .  (  3.0000E-04 )
  displacement maximum:    1.0461E-02 .  (  1.8000E-03 )
  displacement rms:        3.2361E-03 .  (  1.2000E-03 )
  
  predicted energy change: -4.4773E-05
  step size:     0.02334
  trust radius:  0.30000
---------------- geometry iteration   3 complete ----------------
geopt (optimize geometry) done.
onee (1-electron integrals) done.
probe (project orbitals) done.
grid (grid generation) done.
rwr (Q operators) done.
  
       i  u  d  i  g
       t  p  i  c  r                                 RMS    maximum
       e  d  i  u  i                       energy  density   DIIS  
       r  t  s  t  d       total energy    change  change    error 
  
etot    1  N  N  2  U    -561.98061979187           7.4E-05  1.0E-03
etot    2  Y  Y  6  M    -561.98069264965  7.3E-05  1.8E-05  2.4E-04
etot    3  N  Y  2  U    -561.98068668904 -6.0E-06  1.4E-05  7.9E-04
etot    4  N  Y  2  U    -561.98069415934  7.5E-06  2.6E-06  9.4E-05
etot    5  N  N  2  U    -561.98069432306  1.6E-07  0.0E+00  0.0E+00
scf (DFT) done.
der1a (1-e 1st deriv.) done.
rwr (1st deriv. Q) done.
der1b (2-e 1st deriv.) done.
  Geometry optimization step   4
  Total energy:      -561.98797996414 hartrees
  energy change:          -9.9487E-05 .  (  5.0000E-05 )
  gradient maximum:        1.1566E-03 .  (  4.5000E-04 )
  gradient rms:            2.7731E-04 *  (  3.0000E-04 )
  displacement maximum:    7.6584E-03 .  (  1.8000E-03 )
  displacement rms:        2.1779E-03 .  (  1.2000E-03 )
  
  predicted energy change: -1.0866E-05
  step size:     0.01570
  trust radius:  0.30000
---------------- geometry iteration   4 complete ----------------
geopt (optimize geometry) done.
onee (1-electron integrals) done.
probe (project orbitals) done.
grid (grid generation) done.
rwr (Q operators) done.
  
       i  u  d  i  g
       t  p  i  c  r                                 RMS    maximum
       e  d  i  u  i                       energy  density   DIIS  
       r  t  s  t  d       total energy    change  change    error 
  
etot    1  N  N  2  U    -561.98066419732           4.8E-05  8.1E-04
etot    2  N  Y  2  U    -561.98070157345  3.7E-05  1.2E-05  1.8E-04
etot    3  N  Y  2  U    -561.98069878995 -2.8E-06  8.9E-06  5.5E-04
etot    4  N  Y  2  U    -561.98070198533  3.2E-06  1.5E-06  4.5E-05
etot    5  N  N  2  U    -561.98070202921  4.4E-08  0.0E+00  0.0E+00
scf (DFT) done.
der1a (1-e 1st deriv.) done.
rwr (1st deriv. Q) done.
der1b (2-e 1st deriv.) done.
  Geometry optimization step   5
  Total energy:      -561.98799045974 hartrees
  energy change:          -1.0496E-05 *  (  5.0000E-05 )
  gradient maximum:        4.2685E-04 *  (  4.5000E-04 )
  gradient rms:            1.3281E-04 *  (  3.0000E-04 )
  displacement maximum:    4.3417E-03 .  (  1.8000E-03 )
  displacement rms:        1.3675E-03 .  (  1.2000E-03 )
  
  predicted energy change: -2.9555E-06
  step size:     0.00986
  trust radius:  0.30000
---------------- geometry iteration   5 complete ----------------
geopt (optimize geometry) done.
onee (1-electron integrals) done.
probe (project orbitals) done.
grid (grid generation) done.
rwr (Q operators) done.
  
       i  u  d  i  g
       t  p  i  c  r                                 RMS    maximum
       e  d  i  u  i                       energy  density   DIIS  
       r  t  s  t  d       total energy    change  change    error 
  
etot    1  N  N  2  U    -561.98067364025           2.7E-05  4.5E-04
etot    2  N  Y  2  U    -561.98068508745  1.1E-05  4.3E-06  6.1E-05
etot    3  N  N  2  U    -561.98068472183 -3.7E-07  0.0E+00  0.0E+00
scf (DFT) done.
der1a (1-e 1st deriv.) done.
rwr (1st deriv. Q) done.
der1b (2-e 1st deriv.) done.
  Geometry optimization step   6
  Total energy:      -561.98797395299 hartrees
  energy change:           1.6507E-05 *  (  5.0000E-05 )
  gradient maximum:        1.0821E-04 *  (  4.5000E-04 )
  gradient rms:            5.4491E-05 #  (  3.0000E-04 )
  displacement maximum:    8.4200E-04 *  (  1.8000E-03 )
  displacement rms:        3.8097E-04 *  (  1.2000E-03 )
  
  predicted energy change: -3.5919E-07
  step size:     0.00275
  trust radius:  0.30000
------------- final geometry iteration   6 complete -------------
geopt (optimize geometry) done.
cutabab2 (abab integrals) done.
der2a (1-e JK-1st deriv.) done.
grid (grid generation) done.
der2b (2-e JK-1st deriv.) done.
der2nda (1-e 2nd deriv.) done.
der2ndb (2-e 2nd deriv.) done.
rwr (Q operators) done.
cphfa (gradient of wave function) done.
freq (vib. frequencies) done.
Job J1_4571_2111 completed on hpc-89-18.cm.cluster at Wed May 29 02:23:22 2024
Timer (jaguar_backend.py) : 170.89 secs (0 hrs, 02 mins, 50 secs)
Finished:   Wed May 29 02:23:22 2024
