Command:  /groups/wag/programs/Schrodinger_2020_3/jaguar run -WAIT -PARALLEL 8 /central/home/labounad/wittig-ch121/out/J1_10181_2111/J1_10181_2111.in
Release:  2020-3
Exec:     /groups/wag/programs/Schrodinger_2020_3/jaguar-v10.9/bin/Linux-x86_64
Host:     hpc-90-15.cm.cluster
JobId:    hpc-90-15-0-66576af1
JobDir:   /central/scratch/labounad/J1_10181_2111#hpc-90-15-0-66576af1
Date:     Wed May 29 10:50:43 2024

Contents of /central/scratch/labounad/J1_10181_2111#hpc-90-15-0-66576af1:
/central/scratch/labounad/J1_10181_2111#hpc-90-15-0-66576af1/hpc-90-15-0-66576af1.recover
/central/scratch/labounad/J1_10181_2111#hpc-90-15-0-66576af1/J1_10181_2111.recover
/central/scratch/labounad/J1_10181_2111#hpc-90-15-0-66576af1/.write_dir.json
/central/scratch/labounad/J1_10181_2111#hpc-90-15-0-66576af1/hpc-90-15-0-66576af1.nodes
/central/scratch/labounad/J1_10181_2111#hpc-90-15-0-66576af1/J1_10181_2111.log
/central/scratch/labounad/J1_10181_2111#hpc-90-15-0-66576af1/J1_10181_2111.in
/central/scratch/labounad/J1_10181_2111#hpc-90-15-0-66576af1/hpc-90-15-0-66576af1
/central/scratch/labounad/J1_10181_2111#hpc-90-15-0-66576af1/hpc-90-15-0-66576af1.mpinodes

Executing subprocess:
/groups/wag/programs/Schrodinger_2020_3/jaguar-v10.9/bin/Linux-x86_64/jexec J1_10181_2111.in -T 8 -out /central/scratch/labounad/J1_10181_2111#hpc-90-15-0-66576af1 -cwd

Job J1_10181_2111 started on hpc-90-15.cm.cluster at Wed May 29 10:50:43 2024
jobid: hpc-90-15-0-66576af1 
Jaguar version 10.9, release 139
 Using up to   8 threads per process
Molecular Point Group: C1      
Point Group used: C1
pre (input checking) done.
onee (1-electron integrals) done.
hfig (HF initial guess) done.
probe (project orbitals) done.
grid (grid generation) done.
rwr (Q operators) done.
scf type: DFT=PBE(X+LC)+PW91 (PBE-D3)
  
       i  u  d  i  g
       t  p  i  c  r                                 RMS    maximum
       e  d  i  u  i                       energy  density   DIIS  
       r  t  s  t  d       total energy    change  change    error 
  
etot    1  N  N  5  M   -2017.34312437848           5.9E-03  1.0E-01
etot    2  Y  Y  6  M   -2013.00285083834 -4.3E+00  8.4E-03  1.6E-01
etot    3  Y  Y  6  M   -2005.53870278173 -7.5E+00  6.9E-03  1.6E-01
etot    4  N  Y  2  U   -2019.13124076264  1.4E+01  7.4E-03  7.6E-02
etot    5  Y  Y  6  M   -2014.41867859751 -4.7E+00  6.9E-03  7.9E-02
etot    6  N  Y  2  U   -2021.78193119722  7.4E+00  1.2E-03  2.9E-02
etot    7  Y  Y  6  M   -2021.70437759476 -7.8E-02  8.5E-04  3.5E-02
etot    8  N  Y  2  U   -2021.92183997927  2.2E-01  3.6E-04  1.1E-02
etot    9  Y  Y  6  M   -2021.95213194657  3.0E-02  1.6E-04  4.9E-03
etot   10  N  Y  2  U   -2021.95885102347  6.7E-03  9.4E-05  3.7E-03
etot   11  Y  Y  6  M   -2021.96148489394  2.6E-03  5.1E-05  1.5E-03
etot   12  Y  Y  6  M   -2021.96213238488  6.5E-04  3.4E-05  9.4E-04
etot   13  N  Y  2  U   -2021.96225844508  1.3E-04  1.5E-05  4.1E-04
etot   14  N  Y  2  U   -2021.96231004549  5.2E-05  6.0E-06  1.6E-04
etot   15  N  Y  2  U   -2021.96231858650  8.5E-06  3.4E-06  1.1E-04
etot   16  N  N  2  U   -2021.96232020124  1.6E-06  0.0E+00  0.0E+00
scf (DFT) done.
der1a (1-e 1st deriv.) done.
rwr (1st deriv. Q) done.
der1b (2-e 1st deriv.) done.
  Geometry optimization step   1
  Total energy:     -2022.01876944217 hartrees
  gradient maximum:        5.0806E-02 .  (  4.5000E-04 )
  gradient rms:            8.6151E-03 .  (  3.0000E-04 )
  displacement maximum:    1.0157E-01 .  (  1.8000E-03 )
  displacement rms:        1.8801E-02 .  (  1.2000E-03 )
  
  predicted energy change: -2.6047E-02
  step size:     0.30023
  trust radius:  0.30000
---------------- geometry iteration   1 complete ----------------
geopt (optimize geometry) done.
onee (1-electron integrals) done.
probe (project orbitals) done.
grid (grid generation) done.
rwr (Q operators) done.
  
       i  u  d  i  g
       t  p  i  c  r                                 RMS    maximum
       e  d  i  u  i                       energy  density   DIIS  
       r  t  s  t  d       total energy    change  change    error 
  
etot    1  N  N  2  U   -2021.97439162480           2.8E-04  3.7E-03
etot    2  Y  Y  6  M   -2021.98785820008  1.3E-02  9.3E-05  1.3E-03
etot    3  N  Y  2  U   -2021.98707425259 -7.8E-04  6.5E-05  2.0E-03
etot    4  Y  Y  6  M   -2021.98834242516  1.3E-03  2.5E-05  1.2E-03
etot    5  N  Y  2  U   -2021.98866811204  3.3E-04  9.5E-06  2.9E-04
etot    6  N  Y  2  U   -2021.98869735675  2.9E-05  3.1E-06  1.1E-04
etot    7  N  N  2  U   -2021.98870109532  3.7E-06  0.0E+00  0.0E+00
scf (DFT) done.
der1a (1-e 1st deriv.) done.
rwr (1st deriv. Q) done.
der1b (2-e 1st deriv.) done.
  Geometry optimization step   2
  Total energy:     -2022.04360201366 hartrees
  energy change:          -2.4833E-02 .  (  5.0000E-05 )
  gradient maximum:        1.6968E-02 .  (  4.5000E-04 )
  gradient rms:            3.0873E-03 .  (  3.0000E-04 )
  displacement maximum:    1.1659E-01 .  (  1.8000E-03 )
  displacement rms:        1.8808E-02 .  (  1.2000E-03 )
  
  predicted energy change: -6.5775E-03
  step size:     0.30033
  trust radius:  0.30000
---------------- geometry iteration   2 complete ----------------
geopt (optimize geometry) done.
onee (1-electron integrals) done.
probe (project orbitals) done.
grid (grid generation) done.
rwr (Q operators) done.
  
       i  u  d  i  g
       t  p  i  c  r                                 RMS    maximum
       e  d  i  u  i                       energy  density   DIIS  
       r  t  s  t  d       total energy    change  change    error 
  
etot    1  N  N  2  U   -2021.95940615177           7.2E-04  1.4E-02
etot    2  Y  Y  6  M   -2021.99532510026  3.6E-02  9.9E-05  1.0E-03
etot    3  N  Y  2  U   -2021.99297456193 -2.4E-03  7.9E-05  3.4E-03
etot    4  Y  Y  6  M   -2021.99552791350  2.6E-03  2.5E-05  8.6E-04
etot    5  N  Y  2  U   -2021.99575284148  2.2E-04  9.0E-06  3.1E-04
etot    6  N  Y  2  U   -2021.99578067081  2.8E-05  3.0E-06  1.2E-04
etot    7  N  N  2  U   -2021.99578416111  3.5E-06  0.0E+00  0.0E+00
scf (DFT) done.
der1a (1-e 1st deriv.) done.
rwr (1st deriv. Q) done.
der1b (2-e 1st deriv.) done.
  Geometry optimization step   3
  Total energy:     -2022.05116232885 hartrees
  energy change:          -7.5603E-03 .  (  5.0000E-05 )
  gradient maximum:        8.5516E-03 .  (  4.5000E-04 )
  gradient rms:            1.4682E-03 .  (  3.0000E-04 )
  displacement maximum:    1.2329E-01 .  (  1.8000E-03 )
  displacement rms:        1.8793E-02 .  (  1.2000E-03 )
  
  predicted energy change: -2.3140E-03
  step size:     0.30010
  trust radius:  0.30000
---------------- geometry iteration   3 complete ----------------
geopt (optimize geometry) done.
onee (1-electron integrals) done.
probe (project orbitals) done.
grid (grid generation) done.
rwr (Q operators) done.
  
       i  u  d  i  g
       t  p  i  c  r                                 RMS    maximum
       e  d  i  u  i                       energy  density   DIIS  
       r  t  s  t  d       total energy    change  change    error 
  
etot    1  N  N  2  U   -2021.95585624893           3.6E-04  9.8E-03
etot    2  Y  Y  6  M   -2021.99765865348  4.2E-02  7.8E-05  7.9E-04
etot    3  N  Y  2  U   -2021.99673543358 -9.2E-04  6.1E-05  1.9E-03
etot    4  Y  Y  6  M   -2021.99775675088  1.0E-03  1.9E-05  9.3E-04
etot    5  N  Y  2  U   -2021.99787177822  1.2E-04  7.4E-06  3.6E-04
etot    6  N  Y  2  U   -2021.99789035795  1.9E-05  2.5E-06  9.7E-05
etot    7  N  N  2  U   -2021.99789229432  1.9E-06  0.0E+00  0.0E+00
scf (DFT) done.
der1a (1-e 1st deriv.) done.
rwr (1st deriv. Q) done.
der1b (2-e 1st deriv.) done.
  Geometry optimization step   4
  Total energy:     -2022.05372218282 hartrees
  energy change:          -2.5599E-03 .  (  5.0000E-05 )
  gradient maximum:        5.7742E-03 .  (  4.5000E-04 )
  gradient rms:            9.3361E-04 .  (  3.0000E-04 )
  displacement maximum:    1.0700E-01 .  (  1.8000E-03 )
  displacement rms:        1.8788E-02 .  (  1.2000E-03 )
  
  predicted energy change: -1.2865E-03
  step size:     0.30002
  trust radius:  0.30000
---------------- geometry iteration   4 complete ----------------
geopt (optimize geometry) done.
onee (1-electron integrals) done.
probe (project orbitals) done.
grid (grid generation) done.
rwr (Q operators) done.
  
       i  u  d  i  g
       t  p  i  c  r                                 RMS    maximum
       e  d  i  u  i                       energy  density   DIIS  
       r  t  s  t  d       total energy    change  change    error 
  
etot    1  N  N  2  U   -2021.95081058526           4.1E-04  8.9E-03
etot    2  Y  Y  6  M   -2021.99799513784  4.7E-02  8.7E-05  1.1E-03
etot    3  N  Y  2  U   -2021.99679317576 -1.2E-03  6.6E-05  2.5E-03
etot    4  Y  Y  6  M   -2021.99815976545  1.4E-03  1.7E-05  7.2E-04
etot    5  N  Y  2  U   -2021.99824385986  8.4E-05  7.5E-06  4.0E-04
etot    6  N  Y  2  U   -2021.99826235031  1.8E-05  2.5E-06  9.5E-05
etot    7  N  N  2  U   -2021.99826427316  1.9E-06  0.0E+00  0.0E+00
scf (DFT) done.
der1a (1-e 1st deriv.) done.
rwr (1st deriv. Q) done.
der1b (2-e 1st deriv.) done.
  Geometry optimization step   5
  Total energy:     -2022.05488203816 hartrees
  energy change:          -1.1599E-03 .  (  5.0000E-05 )
  gradient maximum:        6.3159E-03 .  (  4.5000E-04 )
  gradient rms:            8.2052E-04 .  (  3.0000E-04 )
  displacement maximum:    1.1832E-01 .  (  1.8000E-03 )
  displacement rms:        1.8673E-02 .  (  1.2000E-03 )
  
  predicted energy change: -6.0758E-04
  step size:     0.29818
  trust radius:  0.30000
---------------- geometry iteration   5 complete ----------------
geopt (optimize geometry) done.
onee (1-electron integrals) done.
probe (project orbitals) done.
grid (grid generation) done.
rwr (Q operators) done.
  
       i  u  d  i  g
       t  p  i  c  r                                 RMS    maximum
       e  d  i  u  i                       energy  density   DIIS  
       r  t  s  t  d       total energy    change  change    error 
  
etot    1  N  N  2  U   -2021.95716993599           3.9E-04  1.3E-02
etot    2  Y  Y  6  M   -2021.99756382266  4.0E-02  7.3E-05  1.3E-03
etot    3  N  Y  2  U   -2021.99685101369 -7.1E-04  5.7E-05  2.2E-03
etot    4  Y  Y  6  M   -2021.99765991724  8.1E-04  1.7E-05  7.0E-04
etot    5  N  Y  2  U   -2021.99775604877  9.6E-05  6.1E-06  2.6E-04
etot    6  N  Y  2  U   -2021.99776742064  1.1E-05  2.6E-06  8.0E-05
etot    7  N  N  2  U   -2021.99776906243  1.6E-06  0.0E+00  0.0E+00
scf (DFT) done.
der1a (1-e 1st deriv.) done.
rwr (1st deriv. Q) done.
der1b (2-e 1st deriv.) done.
  Geometry optimization step   6
  Total energy:     -2022.05480561896 hartrees
  energy change:           7.6419E-05 .  (  5.0000E-05 )
  gradient maximum:        9.5645E-03 .  (  4.5000E-04 )
  gradient rms:            1.2962E-03 .  (  3.0000E-04 )
  displacement maximum:    9.9107E-02 .  (  1.8000E-03 )
  displacement rms:        1.4359E-02 .  (  1.2000E-03 )
  
  predicted energy change: -9.0300E-04
  step size:     0.22929
  trust radius:  0.30000
---------------- geometry iteration   6 complete ----------------
geopt (optimize geometry) done.
onee (1-electron integrals) done.
probe (project orbitals) done.
grid (grid generation) done.
rwr (Q operators) done.
  
       i  u  d  i  g
       t  p  i  c  r                                 RMS    maximum
       e  d  i  u  i                       energy  density   DIIS  
       r  t  s  t  d       total energy    change  change    error 
  
etot    1  N  N  2  U   -2021.97123630162           3.4E-04  1.0E-02
etot    2  Y  Y  6  M   -2021.99788195168  2.7E-02  7.6E-05  9.3E-04
etot    3  N  Y  2  U   -2021.99702766844 -8.5E-04  5.6E-05  2.1E-03
etot    4  Y  Y  6  M   -2021.99801407803  9.9E-04  1.2E-05  3.8E-04
etot    5  N  Y  2  U   -2021.99802700905  1.3E-05  4.9E-06  2.3E-04
etot    6  N  Y  2  U   -2021.99803783616  1.1E-05  1.9E-06  5.2E-05
etot    7  N  N  2  U   -2021.99803839363  5.6E-07  0.0E+00  0.0E+00
scf (DFT) done.
der1a (1-e 1st deriv.) done.
rwr (1st deriv. Q) done.
der1b (2-e 1st deriv.) done.
  Geometry optimization step   7
  Total energy:     -2022.05511208525 hartrees
  energy change:          -3.0647E-04 .  (  5.0000E-05 )
  gradient maximum:        4.0792E-03 .  (  4.5000E-04 )
  gradient rms:            7.8652E-04 .  (  3.0000E-04 )
  displacement maximum:    1.4234E-01 .  (  1.8000E-03 )
  displacement rms:        1.8802E-02 .  (  1.2000E-03 )
  
  predicted energy change: -7.3931E-04
  step size:     0.30024
  trust radius:  0.30000
---------------- geometry iteration   7 complete ----------------
geopt (optimize geometry) done.
onee (1-electron integrals) done.
probe (project orbitals) done.
grid (grid generation) done.
rwr (Q operators) done.
  
       i  u  d  i  g
       t  p  i  c  r                                 RMS    maximum
       e  d  i  u  i                       energy  density   DIIS  
       r  t  s  t  d       total energy    change  change    error 
  
etot    1  N  N  2  U   -2021.95729489071           4.0E-04  1.8E-02
etot    2  Y  Y  6  M   -2021.99820767606  4.1E-02  7.6E-05  1.1E-03
etot    3  N  Y  2  U   -2021.99731050956 -9.0E-04  5.6E-05  2.9E-03
etot    4  Y  Y  6  M   -2021.99831451217  1.0E-03  1.4E-05  6.6E-04
etot    5  N  Y  2  U   -2021.99841050511  9.6E-05  5.6E-06  2.5E-04
etot    6  N  Y  2  U   -2021.99842415927  1.4E-05  2.5E-06  9.5E-05
etot    7  N  N  2  U   -2021.99842586156  1.7E-06  0.0E+00  0.0E+00
scf (DFT) done.
der1a (1-e 1st deriv.) done.
rwr (1st deriv. Q) done.
der1b (2-e 1st deriv.) done.
  Geometry optimization step   8
  Total energy:     -2022.05506220396 hartrees
  energy change:           4.9881E-05 *  (  5.0000E-05 )
  gradient maximum:        1.1203E-02 .  (  4.5000E-04 )
  gradient rms:            1.3106E-03 .  (  3.0000E-04 )
  displacement maximum:    1.2184E-01 .  (  1.8000E-03 )
  displacement rms:        1.5241E-02 .  (  1.2000E-03 )
  
  predicted energy change: -7.4204E-04
  step size:     0.24338
  trust radius:  0.30000
---------------- geometry iteration   8 complete ----------------
geopt (optimize geometry) done.
onee (1-electron integrals) done.
probe (project orbitals) done.
grid (grid generation) done.
rwr (Q operators) done.
  
       i  u  d  i  g
       t  p  i  c  r                                 RMS    maximum
       e  d  i  u  i                       energy  density   DIIS  
       r  t  s  t  d       total energy    change  change    error 
  
etot    1  N  N  2  U   -2021.97118083536           3.2E-04  1.4E-02
etot    2  Y  Y  6  M   -2021.99845025407  2.7E-02  5.6E-05  8.3E-04
etot    3  N  Y  2  U   -2021.99781473660 -6.4E-04  4.3E-05  1.5E-03
etot    4  N  Y  2  U   -2021.99847516562  6.6E-04  1.2E-05  5.6E-04
etot    5  N  Y  2  U   -2021.99851768815  4.3E-05  5.6E-06  2.8E-04
etot    6  N  Y  2  U   -2021.99853373343  1.6E-05  1.8E-06  4.3E-05
etot    7  N  N  2  U   -2021.99853420056  4.7E-07  0.0E+00  0.0E+00
scf (DFT) done.
der1a (1-e 1st deriv.) done.
rwr (1st deriv. Q) done.
der1b (2-e 1st deriv.) done.
  Geometry optimization step   9
  Total energy:     -2022.05549040788 hartrees
  energy change:          -4.2820E-04 .  (  5.0000E-05 )
  gradient maximum:        6.1763E-03 .  (  4.5000E-04 )
  gradient rms:            9.1680E-04 .  (  3.0000E-04 )
  displacement maximum:    8.5186E-02 .  (  1.8000E-03 )
  displacement rms:        1.2924E-02 .  (  1.2000E-03 )
  
  predicted energy change: -3.9107E-04
  step size:     0.20637
  trust radius:  0.30000
---------------- geometry iteration   9 complete ----------------
geopt (optimize geometry) done.
onee (1-electron integrals) done.
probe (project orbitals) done.
grid (grid generation) done.
rwr (Q operators) done.
  
       i  u  d  i  g
       t  p  i  c  r                                 RMS    maximum
       e  d  i  u  i                       energy  density   DIIS  
       r  t  s  t  d       total energy    change  change    error 
  
etot    1  N  N  2  U   -2021.97449514363           3.0E-04  9.5E-03
etot    2  Y  Y  6  M   -2021.99827422680  2.4E-02  5.7E-05  7.5E-04
etot    3  N  Y  2  U   -2021.99778257112 -4.9E-04  4.4E-05  2.0E-03
etot    4  N  Y  2  U   -2021.99826127903  4.8E-04  1.2E-05  4.1E-04
etot    5  N  Y  2  U   -2021.99829336761  3.2E-05  4.7E-06  2.4E-04
etot    6  N  Y  2  U   -2021.99830414875  1.1E-05  1.9E-06  7.2E-05
etot    7  N  N  2  U   -2021.99830500188  8.5E-07  0.0E+00  0.0E+00
scf (DFT) done.
der1a (1-e 1st deriv.) done.
rwr (1st deriv. Q) done.
der1b (2-e 1st deriv.) done.
  Geometry optimization step  10
  Total energy:     -2022.05564873989 hartrees
  energy change:          -1.5833E-04 .  (  5.0000E-05 )
  gradient maximum:        4.8509E-03 .  (  4.5000E-04 )
  gradient rms:            5.7040E-04 .  (  3.0000E-04 )
  displacement maximum:    9.4503E-02 .  (  1.8000E-03 )
  displacement rms:        1.3182E-02 .  (  1.2000E-03 )
  
  predicted energy change: -2.3277E-04
  step size:     0.21050
  trust radius:  0.30000
---------------- geometry iteration  10 complete ----------------
geopt (optimize geometry) done.
onee (1-electron integrals) done.
probe (project orbitals) done.
grid (grid generation) done.
rwr (Q operators) done.
  
       i  u  d  i  g
       t  p  i  c  r                                 RMS    maximum
       e  d  i  u  i                       energy  density   DIIS  
       r  t  s  t  d       total energy    change  change    error 
  
etot    1  N  N  2  U   -2021.97909205943           2.7E-04  9.6E-03
etot    2  Y  Y  6  M   -2021.99873554900  2.0E-02  3.4E-05  5.3E-04
etot    3  N  Y  2  U   -2021.99853111312 -2.0E-04  2.7E-05  7.2E-04
etot    4  N  Y  2  U   -2021.99870396987  1.7E-04  8.6E-06  2.3E-04
etot    5  N  Y  2  U   -2021.99872277958  1.9E-05  3.1E-06  1.4E-04
etot    6  N  N  2  U   -2021.99872710732  4.3E-06  0.0E+00  0.0E+00
scf (DFT) done.
der1a (1-e 1st deriv.) done.
rwr (1st deriv. Q) done.
der1b (2-e 1st deriv.) done.
  Geometry optimization step  11
  Total energy:     -2022.05580907956 hartrees
  energy change:          -1.6034E-04 .  (  5.0000E-05 )
  gradient maximum:        2.2975E-03 .  (  4.5000E-04 )
  gradient rms:            4.1284E-04 .  (  3.0000E-04 )
  displacement maximum:    1.4779E-01 .  (  1.8000E-03 )
  displacement rms:        1.8795E-02 .  (  1.2000E-03 )
  
  predicted energy change: -5.5353E-04
  step size:     0.30012
  trust radius:  0.30000
---------------- geometry iteration  11 complete ----------------
geopt (optimize geometry) done.
onee (1-electron integrals) done.
probe (project orbitals) done.
grid (grid generation) done.
rwr (Q operators) done.
  
       i  u  d  i  g
       t  p  i  c  r                                 RMS    maximum
       e  d  i  u  i                       energy  density   DIIS  
       r  t  s  t  d       total energy    change  change    error 
  
etot    1  N  N  2  U   -2021.96033993681           4.6E-04  1.1E-02
etot    2  Y  Y  6  M   -2021.99937040871  3.9E-02  5.8E-05  8.0E-04
etot    3  N  Y  2  U   -2021.99879885912 -5.7E-04  4.4E-05  1.7E-03
etot    4  N  Y  2  U   -2021.99938316189  5.8E-04  1.0E-05  4.2E-04
etot    5  N  Y  2  U   -2021.99941887629  3.6E-05  3.3E-06  1.0E-04
etot    6  N  N  2  U   -2021.99942165860  2.8E-06  0.0E+00  0.0E+00
scf (DFT) done.
der1a (1-e 1st deriv.) done.
rwr (1st deriv. Q) done.
der1b (2-e 1st deriv.) done.
  Geometry optimization step  12
  Total energy:     -2022.05636842301 hartrees
  energy change:          -5.5934E-04 .  (  5.0000E-05 )
  gradient maximum:        5.9692E-03 .  (  4.5000E-04 )
  gradient rms:            6.7246E-04 .  (  3.0000E-04 )
  displacement maximum:    1.5206E-01 .  (  1.8000E-03 )
  displacement rms:        1.8805E-02 .  (  1.2000E-03 )
  
  predicted energy change: -6.0365E-04
  step size:     0.30029
  trust radius:  0.30000
---------------- geometry iteration  12 complete ----------------
geopt (optimize geometry) done.
onee (1-electron integrals) done.
probe (project orbitals) done.
grid (grid generation) done.
rwr (Q operators) done.
  
       i  u  d  i  g
       t  p  i  c  r                                 RMS    maximum
       e  d  i  u  i                       energy  density   DIIS  
       r  t  s  t  d       total energy    change  change    error 
  
etot    1  N  N  2  U   -2021.96347589062           5.7E-04  9.6E-03
etot    2  Y  Y  6  M   -2021.99995453071  3.6E-02  6.0E-05  8.0E-04
etot    3  N  Y  2  U   -2021.99934928600 -6.1E-04  4.5E-05  1.9E-03
etot    4  N  Y  2  U   -2021.99998039537  6.3E-04  1.1E-05  4.4E-04
etot    5  N  Y  2  U   -2022.00001413994  3.4E-05  3.3E-06  1.0E-04
etot    6  N  N  2  U   -2022.00001734265  3.2E-06  0.0E+00  0.0E+00
scf (DFT) done.
der1a (1-e 1st deriv.) done.
rwr (1st deriv. Q) done.
der1b (2-e 1st deriv.) done.
  Geometry optimization step  13
  Total energy:     -2022.05690435296 hartrees
  energy change:          -5.3593E-04 .  (  5.0000E-05 )
  gradient maximum:        9.0767E-03 .  (  4.5000E-04 )
  gradient rms:            9.9931E-04 .  (  3.0000E-04 )
  displacement maximum:    1.2362E-01 .  (  1.8000E-03 )
  displacement rms:        1.8816E-02 .  (  1.2000E-03 )
  
  predicted energy change: -8.0502E-04
  step size:     0.30047
  trust radius:  0.30000
---------------- geometry iteration  13 complete ----------------
geopt (optimize geometry) done.
onee (1-electron integrals) done.
probe (project orbitals) done.
grid (grid generation) done.
rwr (Q operators) done.
  
       i  u  d  i  g
       t  p  i  c  r                                 RMS    maximum
       e  d  i  u  i                       energy  density   DIIS  
       r  t  s  t  d       total energy    change  change    error 
  
etot    1  N  N  2  U   -2021.95012619729           4.1E-04  1.0E-02
etot    2  Y  Y  6  M   -2021.99918731573  4.9E-02  8.0E-05  1.1E-03
etot    3  N  Y  2  U   -2021.99798086592 -1.2E-03  6.0E-05  3.1E-03
etot    4  Y  Y  6  M   -2021.99931379419  1.3E-03  1.3E-05  4.7E-04
etot    5  N  Y  2  U   -2021.99933390923  2.0E-05  5.5E-06  2.2E-04
etot    6  N  Y  2  U   -2021.99934375186  9.8E-06  2.4E-06  9.2E-05
etot    7  N  N  2  U   -2021.99934507014  1.3E-06  0.0E+00  0.0E+00
scf (DFT) done.
der1a (1-e 1st deriv.) done.
rwr (1st deriv. Q) done.
der1b (2-e 1st deriv.) done.
  Geometry optimization step  14
  Total energy:     -2022.05649559739 hartrees
  energy change:           4.0876E-04 .  (  5.0000E-05 )
  gradient maximum:        9.7707E-03 .  (  4.5000E-04 )
  gradient rms:            1.5367E-03 .  (  3.0000E-04 )
  displacement maximum:    1.2565E-01 .  (  1.8000E-03 )
  displacement rms:        1.8788E-02 .  (  1.2000E-03 )
  
  predicted energy change: -1.1495E-03
  step size:     0.30002
  trust radius:  0.30000
---------------- geometry iteration  14 complete ----------------
geopt (optimize geometry) done.
onee (1-electron integrals) done.
probe (project orbitals) done.
grid (grid generation) done.
rwr (Q operators) done.
  
       i  u  d  i  g
       t  p  i  c  r                                 RMS    maximum
       e  d  i  u  i                       energy  density   DIIS  
       r  t  s  t  d       total energy    change  change    error 
  
etot    1  N  N  2  U   -2021.94844628674           4.2E-04  2.0E-02
etot    2  Y  Y  6  M   -2021.99976158414  5.1E-02  7.1E-05  1.1E-03
etot    3  N  Y  2  U   -2021.99896333206 -8.0E-04  5.9E-05  1.9E-03
etot    4  Y  Y  6  M   -2021.99972924006  7.7E-04  2.1E-05  1.0E-03
etot    5  N  Y  2  U   -2021.99990802135  1.8E-04  6.0E-06  3.3E-04
etot    6  N  Y  2  U   -2021.99992468368  1.7E-05  2.4E-06  9.5E-05
etot    7  N  N  2  U   -2021.99992597396  1.3E-06  0.0E+00  0.0E+00
scf (DFT) done.
der1a (1-e 1st deriv.) done.
rwr (1st deriv. Q) done.
der1b (2-e 1st deriv.) done.
  Geometry optimization step  15
  Total energy:     -2022.05680533026 hartrees
  energy change:          -3.0973E-04 .  (  5.0000E-05 )
  gradient maximum:        7.8396E-03 .  (  4.5000E-04 )
  gradient rms:            1.1761E-03 .  (  3.0000E-04 )
  displacement maximum:    1.5686E-01 .  (  1.8000E-03 )
  displacement rms:        1.8828E-02 .  (  1.2000E-03 )
  
  predicted energy change: -1.4555E-03
  step size:     0.30066
  trust radius:  0.30000
---------------- geometry iteration  15 complete ----------------
geopt (optimize geometry) done.
onee (1-electron integrals) done.
probe (project orbitals) done.
grid (grid generation) done.
rwr (Q operators) done.
  
       i  u  d  i  g
       t  p  i  c  r                                 RMS    maximum
       e  d  i  u  i                       energy  density   DIIS  
       r  t  s  t  d       total energy    change  change    error 
  
etot    1  N  N  2  U   -2021.95443609769           4.1E-04  9.9E-03
etot    2  Y  Y  6  M   -2022.00045584730  4.6E-02  7.5E-05  1.0E-03
etot    3  N  Y  2  U   -2021.99961894066 -8.4E-04  5.6E-05  2.9E-03
etot    4  Y  Y  6  M   -2022.00058368587  9.6E-04  1.2E-05  5.6E-04
etot    5  N  Y  2  U   -2022.00061895550  3.5E-05  3.9E-06  9.9E-05
etot    6  N  N  2  U   -2022.00062289654  3.9E-06  0.0E+00  0.0E+00
scf (DFT) done.
der1a (1-e 1st deriv.) done.
rwr (1st deriv. Q) done.
der1b (2-e 1st deriv.) done.
  Geometry optimization step  16
  Total energy:     -2022.05688745274 hartrees
  energy change:          -8.2122E-05 .  (  5.0000E-05 )
  gradient maximum:        6.9326E-03 .  (  4.5000E-04 )
  gradient rms:            1.1265E-03 .  (  3.0000E-04 )
  displacement maximum:    8.2728E-02 .  (  1.8000E-03 )
  displacement rms:        1.0882E-02 .  (  1.2000E-03 )
  
  predicted energy change: -5.1168E-04
  step size:     0.17377
  trust radius:  0.30000
---------------- geometry iteration  16 complete ----------------
geopt (optimize geometry) done.
onee (1-electron integrals) done.
probe (project orbitals) done.
grid (grid generation) done.
rwr (Q operators) done.
  
       i  u  d  i  g
       t  p  i  c  r                                 RMS    maximum
       e  d  i  u  i                       energy  density   DIIS  
       r  t  s  t  d       total energy    change  change    error 
  
etot    1  N  N  2  U   -2021.98247604010           2.5E-04  6.4E-03
etot    2  Y  Y  6  M   -2022.00065789898  1.8E-02  4.6E-05  4.4E-04
etot    3  N  Y  2  U   -2022.00012235066 -5.4E-04  3.4E-05  1.5E-03
etot    4  N  Y  2  U   -2022.00065570028  5.3E-04  1.0E-05  4.5E-04
etot    5  N  Y  2  U   -2022.00068938816  3.4E-05  4.6E-06  1.8E-04
etot    6  N  N  2  U   -2022.00069798385  8.6E-06  0.0E+00  0.0E+00
scf (DFT) done.
der1a (1-e 1st deriv.) done.
rwr (1st deriv. Q) done.
der1b (2-e 1st deriv.) done.
  Geometry optimization step  17
  Total energy:     -2022.05748912927 hartrees
  energy change:          -6.0168E-04 .  (  5.0000E-05 )
  gradient maximum:        3.2081E-03 .  (  4.5000E-04 )
  gradient rms:            4.9147E-04 .  (  3.0000E-04 )
  displacement maximum:    1.9484E-02 .  (  1.8000E-03 )
  displacement rms:        3.6288E-03 .  (  1.2000E-03 )
  
  predicted energy change: -1.0164E-04
  step size:     0.05795
  trust radius:  0.30000
---------------- geometry iteration  17 complete ----------------
geopt (optimize geometry) done.
onee (1-electron integrals) done.
probe (project orbitals) done.
grid (grid generation) done.
rwr (Q operators) done.
  
       i  u  d  i  g
       t  p  i  c  r                                 RMS    maximum
       e  d  i  u  i                       energy  density   DIIS  
       r  t  s  t  d       total energy    change  change    error 
  
etot    1  N  N  2  U   -2021.99809206865           9.2E-05  2.8E-03
etot    2  Y  Y  6  M   -2022.00026157141  2.2E-03  1.2E-05  1.8E-04
etot    3  N  Y  2  U   -2022.00023101452 -3.1E-05  9.5E-06  3.5E-04
etot    4  N  Y  2  U   -2022.00026173905  3.1E-05  3.3E-06  1.1E-04
etot    5  N  N  2  U   -2022.00026453123  2.8E-06  0.0E+00  0.0E+00
scf (DFT) done.
der1a (1-e 1st deriv.) done.
rwr (1st deriv. Q) done.
der1b (2-e 1st deriv.) done.
  Geometry optimization step  18
  Total energy:     -2022.05748890701 hartrees
  energy change:           2.2226E-07 !  (  5.0000E-05 )
  gradient maximum:        2.3861E-03 .  (  4.5000E-04 )
  gradient rms:            3.7923E-04 .  (  3.0000E-04 )
  displacement maximum:    1.7005E-02 .  (  1.8000E-03 )
  displacement rms:        3.0188E-03 .  (  1.2000E-03 )
  
  predicted energy change: -4.4314E-05
  step size:     0.04821
  trust radius:  0.30000
---------------- geometry iteration  18 complete ----------------
geopt (optimize geometry) done.
onee (1-electron integrals) done.
probe (project orbitals) done.
grid (grid generation) done.
rwr (Q operators) done.
  
       i  u  d  i  g
       t  p  i  c  r                                 RMS    maximum
       e  d  i  u  i                       energy  density   DIIS  
       r  t  s  t  d       total energy    change  change    error 
  
etot    1  N  N  2  U   -2021.99929175089           7.4E-05  2.7E-03
etot    2  Y  Y  6  M   -2022.00044454701  1.2E-03  2.0E-05  2.3E-04
etot    3  N  Y  2  U   -2022.00028657702 -1.6E-04  1.5E-05  8.4E-04
etot    4  N  Y  2  U   -2022.00043527987  1.5E-04  3.1E-06  8.7E-05
etot    5  N  N  2  U   -2022.00043728109  2.0E-06  0.0E+00  0.0E+00
scf (DFT) done.
der1a (1-e 1st deriv.) done.
rwr (1st deriv. Q) done.
der1b (2-e 1st deriv.) done.
  Geometry optimization step  19
  Total energy:     -2022.05754240861 hartrees
  energy change:          -5.3502E-05 .  (  5.0000E-05 )
  gradient maximum:        1.1301E-03 .  (  4.5000E-04 )
  gradient rms:            1.4954E-04 *  (  3.0000E-04 )
  displacement maximum:    2.2168E-02 .  (  1.8000E-03 )
  displacement rms:        4.1938E-03 .  (  1.2000E-03 )
  
  predicted energy change: -2.5362E-05
  step size:     0.06697
  trust radius:  0.30000
---------------- geometry iteration  19 complete ----------------
geopt (optimize geometry) done.
onee (1-electron integrals) done.
probe (project orbitals) done.
grid (grid generation) done.
rwr (Q operators) done.
  
       i  u  d  i  g
       t  p  i  c  r                                 RMS    maximum
       e  d  i  u  i                       energy  density   DIIS  
       r  t  s  t  d       total energy    change  change    error 
  
etot    1  N  N  2  U   -2021.99869458019           8.0E-05  2.5E-03
etot    2  Y  Y  6  M   -2022.00060030525  1.9E-03  1.4E-05  2.5E-04
etot    3  N  Y  2  U   -2022.00053880834 -6.1E-05  1.0E-05  4.8E-04
etot    4  N  Y  2  U   -2022.00057628419  3.7E-05  2.7E-06  8.7E-05
etot    5  N  N  2  U   -2022.00057873075  2.4E-06  0.0E+00  0.0E+00
scf (DFT) done.
der1a (1-e 1st deriv.) done.
rwr (1st deriv. Q) done.
der1b (2-e 1st deriv.) done.
  Geometry optimization step  20
  Total energy:     -2022.05763428516 hartrees
  energy change:          -9.1877E-05 .  (  5.0000E-05 )
  gradient maximum:        1.2332E-03 .  (  4.5000E-04 )
  gradient rms:            1.6137E-04 *  (  3.0000E-04 )
  displacement maximum:    1.6948E-02 .  (  1.8000E-03 )
  displacement rms:        2.6540E-03 .  (  1.2000E-03 )
  
  predicted energy change: -1.6789E-05
  step size:     0.04238
  trust radius:  0.30000
---------------- geometry iteration  20 complete ----------------
geopt (optimize geometry) done.
onee (1-electron integrals) done.
probe (project orbitals) done.
grid (grid generation) done.
rwr (Q operators) done.
  
       i  u  d  i  g
       t  p  i  c  r                                 RMS    maximum
       e  d  i  u  i                       energy  density   DIIS  
       r  t  s  t  d       total energy    change  change    error 
  
etot    1  N  N  2  U   -2021.99979535791           5.5E-05  1.2E-03
etot    2  Y  Y  6  M   -2022.00069099963  9.0E-04  1.6E-05  1.7E-04
etot    3  N  Y  2  U   -2022.00060006086 -9.1E-05  1.2E-05  5.8E-04
etot    4  N  Y  2  U   -2022.00068919445  8.9E-05  2.3E-06  7.8E-05
etot    5  N  N  2  U   -2022.00068987081  6.8E-07  0.0E+00  0.0E+00
scf (DFT) done.
der1a (1-e 1st deriv.) done.
rwr (1st deriv. Q) done.
der1b (2-e 1st deriv.) done.
  Geometry optimization step  21
  Total energy:     -2022.05772170501 hartrees
  energy change:          -8.7420E-05 .  (  5.0000E-05 )
  gradient maximum:        1.4887E-03 .  (  4.5000E-04 )
  gradient rms:            2.7021E-04 *  (  3.0000E-04 )
  displacement maximum:    2.4898E-02 .  (  1.8000E-03 )
  displacement rms:        3.5621E-03 .  (  1.2000E-03 )
  
  predicted energy change: -2.4699E-05
  step size:     0.05688
  trust radius:  0.30000
---------------- geometry iteration  21 complete ----------------
geopt (optimize geometry) done.
onee (1-electron integrals) done.
probe (project orbitals) done.
grid (grid generation) done.
rwr (Q operators) done.
  
       i  u  d  i  g
       t  p  i  c  r                                 RMS    maximum
       e  d  i  u  i                       energy  density   DIIS  
       r  t  s  t  d       total energy    change  change    error 
  
etot    1  N  N  2  U   -2021.99779117288           9.3E-05  3.2E-03
etot    2  Y  Y  6  M   -2022.00092131944  3.1E-03  1.5E-05  1.8E-04
etot    3  N  Y  2  U   -2022.00085138372 -7.0E-05  1.3E-05  5.5E-04
etot    4  N  Y  2  U   -2022.00091033909  5.9E-05  3.5E-06  1.5E-04
etot    5  N  N  2  U   -2022.00091526597  4.9E-06  0.0E+00  0.0E+00
scf (DFT) done.
der1a (1-e 1st deriv.) done.
rwr (1st deriv. Q) done.
der1b (2-e 1st deriv.) done.
  Geometry optimization step  22
  Total energy:     -2022.05793806426 hartrees
  energy change:          -2.1636E-04 .  (  5.0000E-05 )
  gradient maximum:        1.9335E-03 .  (  4.5000E-04 )
  gradient rms:            2.9856E-04 *  (  3.0000E-04 )
  displacement maximum:    3.3216E-02 .  (  1.8000E-03 )
  displacement rms:        5.6205E-03 .  (  1.2000E-03 )
  
  predicted energy change: -4.6082E-05
  step size:     0.08975
  trust radius:  0.30000
---------------- geometry iteration  22 complete ----------------
geopt (optimize geometry) done.
onee (1-electron integrals) done.
probe (project orbitals) done.
grid (grid generation) done.
rwr (Q operators) done.
  
       i  u  d  i  g
       t  p  i  c  r                                 RMS    maximum
       e  d  i  u  i                       energy  density   DIIS  
       r  t  s  t  d       total energy    change  change    error 
  
etot    1  N  N  2  U   -2021.99396463612           1.4E-04  4.4E-03
etot    2  Y  Y  6  M   -2022.00073871730  6.8E-03  2.6E-05  3.1E-04
etot    3  N  Y  2  U   -2022.00059003240 -1.5E-04  2.0E-05  8.3E-04
etot    4  N  Y  2  U   -2022.00072097256  1.3E-04  5.0E-06  2.1E-04
etot    5  N  Y  2  U   -2022.00072762588  6.7E-06  1.9E-06  6.8E-05
etot    6  N  N  2  U   -2022.00072894216  1.3E-06  0.0E+00  0.0E+00
scf (DFT) done.
der1a (1-e 1st deriv.) done.
rwr (1st deriv. Q) done.
der1b (2-e 1st deriv.) done.
  Geometry optimization step  23
  Total energy:     -2022.05798309583 hartrees
  energy change:          -4.5032E-05 *  (  5.0000E-05 )
  gradient maximum:        4.2260E-03 .  (  4.5000E-04 )
  gradient rms:            5.2155E-04 .  (  3.0000E-04 )
  displacement maximum:    2.5780E-02 .  (  1.8000E-03 )
  displacement rms:        3.6181E-03 .  (  1.2000E-03 )
  
  predicted energy change: -7.7461E-05
  step size:     0.05778
  trust radius:  0.30000
---------------- geometry iteration  23 complete ----------------
geopt (optimize geometry) done.
onee (1-electron integrals) done.
probe (project orbitals) done.
grid (grid generation) done.
rwr (Q operators) done.
  
       i  u  d  i  g
       t  p  i  c  r                                 RMS    maximum
       e  d  i  u  i                       energy  density   DIIS  
       r  t  s  t  d       total energy    change  change    error 
  
etot    1  N  N  2  U   -2021.99809824141           8.9E-05  3.3E-03
etot    2  Y  Y  6  M   -2022.00086019727  2.8E-03  1.1E-05  1.7E-04
etot    3  N  Y  2  U   -2022.00086098589  7.9E-07  8.5E-06  2.3E-04
etot    4  N  Y  2  U   -2022.00088012581  1.9E-05  3.2E-06  1.1E-04
etot    5  N  N  2  U   -2022.00088216675  2.0E-06  0.0E+00  0.0E+00
scf (DFT) done.
der1a (1-e 1st deriv.) done.
rwr (1st deriv. Q) done.
der1b (2-e 1st deriv.) done.
  Geometry optimization step  24
  Total energy:     -2022.05794190864 hartrees
  energy change:           4.1187E-05 *  (  5.0000E-05 )
  gradient maximum:        9.9187E-04 .  (  4.5000E-04 )
  gradient rms:            1.7636E-04 *  (  3.0000E-04 )
  displacement maximum:    2.1317E-02 .  (  1.8000E-03 )
  displacement rms:        4.4694E-03 .  (  1.2000E-03 )
  
  predicted energy change: -2.8359E-05
  step size:     0.07137
  trust radius:  0.30000
---------------- geometry iteration  24 complete ----------------
geopt (optimize geometry) done.
onee (1-electron integrals) done.
probe (project orbitals) done.
grid (grid generation) done.
rwr (Q operators) done.
  
       i  u  d  i  g
       t  p  i  c  r                                 RMS    maximum
       e  d  i  u  i                       energy  density   DIIS  
       r  t  s  t  d       total energy    change  change    error 
  
etot    1  N  N  2  U   -2021.99828080586           9.3E-05  2.4E-03
etot    2  Y  Y  6  M   -2022.00076396640  2.5E-03  2.7E-05  3.4E-04
etot    3  N  Y  2  U   -2022.00061993151 -1.4E-04  2.0E-05  1.0E-03
etot    4  N  Y  2  U   -2022.00080701653  1.9E-04  4.6E-06  1.6E-04
etot    5  N  N  2  U   -2022.00081054943  3.5E-06  0.0E+00  0.0E+00
scf (DFT) done.
der1a (1-e 1st deriv.) done.
rwr (1st deriv. Q) done.
der1b (2-e 1st deriv.) done.
  Geometry optimization step  25
  Total energy:     -2022.05791564985 hartrees
  energy change:           2.6259E-05 *  (  5.0000E-05 )
  gradient maximum:        1.2678E-03 .  (  4.5000E-04 )
  gradient rms:            2.1305E-04 *  (  3.0000E-04 )
  displacement maximum:    1.4487E-02 .  (  1.8000E-03 )
  displacement rms:        1.6252E-03 .  (  1.2000E-03 )
  
  predicted energy change: -1.7090E-05
  step size:     0.02595
  trust radius:  0.30000
---------------- geometry iteration  25 complete ----------------
geopt (optimize geometry) done.
onee (1-electron integrals) done.
probe (project orbitals) done.
grid (grid generation) done.
rwr (Q operators) done.
  
       i  u  d  i  g
       t  p  i  c  r                                 RMS    maximum
       e  d  i  u  i                       energy  density   DIIS  
       r  t  s  t  d       total energy    change  change    error 
  
etot    1  N  N  2  U   -2022.00040741950           4.3E-05  1.5E-03
etot    2  N  Y  2  U   -2022.00083541415  4.3E-04  2.6E-05  3.3E-04
etot    3  N  Y  2  U   -2022.00062171074 -2.1E-04  1.9E-05  1.0E-03
etot    4  N  Y  2  U   -2022.00086357021  2.4E-04  3.5E-06  1.2E-04
etot    5  N  N  2  U   -2022.00086836354  4.8E-06  0.0E+00  0.0E+00
scf (DFT) done.
der1a (1-e 1st deriv.) done.
rwr (1st deriv. Q) done.
der1b (2-e 1st deriv.) done.
  Geometry optimization step  26
  Total energy:     -2022.05793533490 hartrees
  energy change:          -1.9685E-05 *  (  5.0000E-05 )
  gradient maximum:        9.4165E-04 .  (  4.5000E-04 )
  gradient rms:            1.4075E-04 *  (  3.0000E-04 )
  displacement maximum:    6.4862E-02 .  (  1.8000E-03 )
  displacement rms:        7.1869E-03 .  (  1.2000E-03 )
  
  predicted energy change: -4.4151E-05
  step size:     0.11477
  trust radius:  0.30000
---------------- geometry iteration  26 complete ----------------
geopt (optimize geometry) done.
onee (1-electron integrals) done.
probe (project orbitals) done.
grid (grid generation) done.
rwr (Q operators) done.
  
       i  u  d  i  g
       t  p  i  c  r                                 RMS    maximum
       e  d  i  u  i                       energy  density   DIIS  
       r  t  s  t  d       total energy    change  change    error 
  
etot    1  N  N  2  U   -2021.99142431635           1.7E-04  7.7E-03
etot    2  Y  Y  6  M   -2022.00096599869  9.5E-03  2.2E-05  6.4E-04
etot    3  N  Y  2  U   -2022.00088445158 -8.2E-05  1.8E-05  5.1E-04
etot    4  N  Y  2  U   -2022.00093678975  5.2E-05  7.0E-06  3.2E-04
etot    5  N  Y  2  U   -2022.00095439233  1.8E-05  1.8E-06  6.6E-05
etot    6  N  N  2  U   -2022.00095539127  1.0E-06  0.0E+00  0.0E+00
scf (DFT) done.
der1a (1-e 1st deriv.) done.
rwr (1st deriv. Q) done.
der1b (2-e 1st deriv.) done.
  Geometry optimization step  27
  Total energy:     -2022.05791209349 hartrees
  energy change:           2.3241E-05 *  (  5.0000E-05 )
  gradient maximum:        1.7898E-03 .  (  4.5000E-04 )
  gradient rms:            2.5240E-04 *  (  3.0000E-04 )
  displacement maximum:    3.6213E-02 .  (  1.8000E-03 )
  displacement rms:        4.8256E-03 .  (  1.2000E-03 )
  
  predicted energy change: -5.7458E-05
  step size:     0.07706
  trust radius:  0.30000
---------------- geometry iteration  27 complete ----------------
geopt (optimize geometry) done.
onee (1-electron integrals) done.
probe (project orbitals) done.
grid (grid generation) done.
rwr (Q operators) done.
  
       i  u  d  i  g
       t  p  i  c  r                                 RMS    maximum
       e  d  i  u  i                       energy  density   DIIS  
       r  t  s  t  d       total energy    change  change    error 
  
etot    1  N  N  2  U   -2021.99757345497           1.1E-04  3.8E-03
etot    2  Y  Y  6  M   -2022.00086163273  3.3E-03  1.6E-05  3.5E-04
etot    3  N  Y  2  U   -2022.00082368133 -3.8E-05  1.3E-05  4.1E-04
etot    4  N  Y  2  U   -2022.00086579711  4.2E-05  4.6E-06  2.6E-04
etot    5  N  Y  2  U   -2022.00087581672  1.0E-05  1.8E-06  9.0E-05
etot    6  N  N  2  U   -2022.00087708113  1.3E-06  0.0E+00  0.0E+00
scf (DFT) done.
der1a (1-e 1st deriv.) done.
rwr (1st deriv. Q) done.
der1b (2-e 1st deriv.) done.
  Geometry optimization step  28
  Total energy:     -2022.05794151701 hartrees
  energy change:          -2.9424E-05 *  (  5.0000E-05 )
  gradient maximum:        1.2755E-03 .  (  4.5000E-04 )
  gradient rms:            1.6262E-04 *  (  3.0000E-04 )
  displacement maximum:    1.9799E-02 .  (  1.8000E-03 )
  displacement rms:        2.8089E-03 .  (  1.2000E-03 )
  
  predicted energy change: -2.0837E-05
  step size:     0.04485
  trust radius:  0.30000
---------------- geometry iteration  28 complete ----------------
geopt (optimize geometry) done.
onee (1-electron integrals) done.
probe (project orbitals) done.
grid (grid generation) done.
rwr (Q operators) done.
  
       i  u  d  i  g
       t  p  i  c  r                                 RMS    maximum
       e  d  i  u  i                       energy  density   DIIS  
       r  t  s  t  d       total energy    change  change    error 
  
etot    1  N  N  2  U   -2022.00000759550           5.7E-05  2.6E-03
etot    2  Y  Y  6  M   -2022.00093861368  9.3E-04  1.2E-05  1.4E-04
etot    3  N  Y  2  U   -2022.00090938880 -2.9E-05  9.5E-06  3.9E-04
etot    4  N  Y  2  U   -2022.00094393287  3.5E-05  2.2E-06  8.5E-05
etot    5  N  N  2  U   -2022.00094517171  1.2E-06  0.0E+00  0.0E+00
scf (DFT) done.
der1a (1-e 1st deriv.) done.
rwr (1st deriv. Q) done.
der1b (2-e 1st deriv.) done.
  Geometry optimization step  29
  Total energy:     -2022.05796320879 hartrees
  energy change:          -2.1692E-05 *  (  5.0000E-05 )
  gradient maximum:        6.7952E-04 .  (  4.5000E-04 )
  gradient rms:            1.0163E-04 *  (  3.0000E-04 )
  displacement maximum:    6.5530E-03 .  (  1.8000E-03 )
  displacement rms:        1.2347E-03 .  (  1.2000E-03 )
  
  predicted energy change: -4.9910E-06
  step size:     0.01972
  trust radius:  0.30000
---------------- geometry iteration  29 complete ----------------
geopt (optimize geometry) done.
onee (1-electron integrals) done.
probe (project orbitals) done.
grid (grid generation) done.
rwr (Q operators) done.
  
       i  u  d  i  g
       t  p  i  c  r                                 RMS    maximum
       e  d  i  u  i                       energy  density   DIIS  
       r  t  s  t  d       total energy    change  change    error 
  
etot    1  N  N  2  U   -2022.00072289465           2.8E-05  6.9E-04
etot    2  N  Y  2  U   -2022.00094386011  2.2E-04  9.3E-06  1.1E-04
etot    3  N  Y  2  U   -2022.00091670406 -2.7E-05  7.0E-06  3.7E-04
etot    4  N  Y  2  U   -2022.00094702898  3.0E-05  1.5E-06  7.2E-05
etot    5  N  N  2  U   -2022.00094803724  1.0E-06  0.0E+00  0.0E+00
scf (DFT) done.
der1a (1-e 1st deriv.) done.
rwr (1st deriv. Q) done.
der1b (2-e 1st deriv.) done.
  Geometry optimization step  30
  Total energy:     -2022.05796276447 hartrees
  energy change:           4.4432E-07 #  (  5.0000E-05 )
  gradient maximum:        2.9411E-04 *  (  4.5000E-04 )
  gradient rms:            6.3160E-05 *  (  3.0000E-04 )
  displacement maximum:    6.2461E-03 .  (  1.8000E-03 )
  displacement rms:        9.0373E-04 *  (  1.2000E-03 )
  
  predicted energy change: -2.3799E-06
  step size:     0.01443
  trust radius:  0.30000
------------- final geometry iteration  30 complete -------------
geopt (optimize geometry) done.
cutabab2 (abab integrals) done.
der2a (1-e JK-1st deriv.) done.
der2b (2-e JK-1st deriv.) done.
der2nda (1-e 2nd deriv.) done.
der2ndb (2-e 2nd deriv.) done.
rwr (Q operators) done.
cphfa (gradient of wave function) done.
freq (vib. frequencies) done.
Job J1_10181_2111 completed on hpc-90-15.cm.cluster at Wed May 29 12:14:16 2024
Timer (jaguar_backend.py) : 5013.10 secs (1 hrs, 23 mins, 33 secs)
Finished:   Wed May 29 12:14:16 2024
