Command:  /groups/wag/programs/Schrodinger_2020_3/jaguar run -WAIT -PARALLEL 8 /central/home/labounad/wittig-ch121/out/J1_10128_2111/J1_10128_2111.in
Release:  2020-3
Exec:     /groups/wag/programs/Schrodinger_2020_3/jaguar-v10.9/bin/Linux-x86_64
Host:     hpc-90-12.cm.cluster
JobId:    hpc-90-12-0-665801cf
JobDir:   /central/scratch/labounad/J1_10128_2111#hpc-90-12-0-665801cf
Date:     Wed May 29 21:34:25 2024

Contents of /central/scratch/labounad/J1_10128_2111#hpc-90-12-0-665801cf:
/central/scratch/labounad/J1_10128_2111#hpc-90-12-0-665801cf/.write_dir.json
/central/scratch/labounad/J1_10128_2111#hpc-90-12-0-665801cf/hpc-90-12-0-665801cf.mpinodes
/central/scratch/labounad/J1_10128_2111#hpc-90-12-0-665801cf/J1_10128_2111.log
/central/scratch/labounad/J1_10128_2111#hpc-90-12-0-665801cf/hpc-90-12-0-665801cf.recover
/central/scratch/labounad/J1_10128_2111#hpc-90-12-0-665801cf/J1_10128_2111.recover
/central/scratch/labounad/J1_10128_2111#hpc-90-12-0-665801cf/J1_10128_2111.in
/central/scratch/labounad/J1_10128_2111#hpc-90-12-0-665801cf/hpc-90-12-0-665801cf.nodes
/central/scratch/labounad/J1_10128_2111#hpc-90-12-0-665801cf/hpc-90-12-0-665801cf

Executing subprocess:
/groups/wag/programs/Schrodinger_2020_3/jaguar-v10.9/bin/Linux-x86_64/jexec J1_10128_2111.in -T 8 -out /central/scratch/labounad/J1_10128_2111#hpc-90-12-0-665801cf -cwd

Job J1_10128_2111 started on hpc-90-12.cm.cluster at Wed May 29 21:34:26 2024
jobid: hpc-90-12-0-665801cf 
Jaguar version 10.9, release 139
 Using up to   8 threads per process
Molecular Point Group: C1      
Point Group used: C1
pre (input checking) done.
onee (1-electron integrals) done.
hfig (HF initial guess) done.
probe (project orbitals) done.
grid (grid generation) done.
rwr (Q operators) done.
scf type: DFT=PBE(X+LC)+PW91 (PBE-D3)
  
       i  u  d  i  g
       t  p  i  c  r                                 RMS    maximum
       e  d  i  u  i                       energy  density   DIIS  
       r  t  s  t  d       total energy    change  change    error 
  
etot    1  N  N  5  M   -2335.13452849187           6.1E-03  1.0E-01
etot    2  Y  Y  6  M   -2324.62907484930 -1.1E+01  1.4E-02  1.5E-01
etot    3  Y  Y  6  M   -2239.57954296074 -8.5E+01  1.3E-02  2.3E-01
etot    4  N  Y  2  U   -2339.69310018701  1.0E+02  3.7E-03  7.0E-02
etot    5  Y  Y  6  M   -2337.18053405105 -2.5E+00  3.2E-03  8.3E-02
etot    6  N  Y  2  U   -2341.07876532418  3.9E+00  1.1E-03  2.4E-02
etot    7  Y  Y  6  M   -2341.26511330357  1.9E-01  5.4E-04  1.3E-02
etot    8  N  Y  2  U   -2341.29165074124  2.7E-02  2.9E-04  1.2E-02
etot    9  Y  Y  6  M   -2341.34055129946  4.9E-02  9.6E-05  3.1E-03
etot   10  N  Y  2  U   -2341.34186347869  1.3E-03  4.8E-05  2.2E-03
etot   11  N  Y  2  U   -2341.34309319187  1.2E-03  1.5E-05  5.5E-04
etot   12  N  Y  2  U   -2341.34315065152  5.7E-05  7.1E-06  2.5E-04
etot   13  N  Y  2  U   -2341.34317002716  1.9E-05  3.1E-06  1.1E-04
etot   14  N  N  2  U   -2341.34317191008  1.9E-06  0.0E+00  0.0E+00
scf (DFT) done.
der1a (1-e 1st deriv.) done.
rwr (1st deriv. Q) done.
der1b (2-e 1st deriv.) done.
  Geometry optimization step   1
  Total energy:     -2341.42287191838 hartrees
  gradient maximum:        5.3825E-02 .  (  4.5000E-04 )
  gradient rms:            8.7401E-03 .  (  3.0000E-04 )
  displacement maximum:    7.8656E-02 .  (  1.8000E-03 )
  displacement rms:        1.6579E-02 .  (  1.2000E-03 )
  
  predicted energy change: -3.1539E-02
  step size:     0.30025
  trust radius:  0.30000
---------------- geometry iteration   1 complete ----------------
geopt (optimize geometry) done.
onee (1-electron integrals) done.
probe (project orbitals) done.
grid (grid generation) done.
rwr (Q operators) done.
  
       i  u  d  i  g
       t  p  i  c  r                                 RMS    maximum
       e  d  i  u  i                       energy  density   DIIS  
       r  t  s  t  d       total energy    change  change    error 
  
etot    1  N  N  2  U   -2341.35493148193           2.6E-04  5.4E-03
etot    2  Y  Y  6  M   -2341.37232827735  1.7E-02  1.3E-04  2.4E-03
etot    3  N  Y  2  U   -2341.36836371621 -4.0E-03  9.1E-05  5.0E-03
etot    4  Y  Y  6  M   -2341.37345602190  5.1E-03  2.3E-05  1.2E-03
etot    5  N  Y  2  U   -2341.37384364555  3.9E-04  7.1E-06  1.6E-04
etot    6  N  Y  2  U   -2341.37385823559  1.5E-05  2.7E-06  9.7E-05
etot    7  N  N  2  U   -2341.37386185601  3.6E-06  0.0E+00  0.0E+00
scf (DFT) done.
der1a (1-e 1st deriv.) done.
rwr (1st deriv. Q) done.
der1b (2-e 1st deriv.) done.
  Geometry optimization step   2
  Total energy:     -2341.45212760585 hartrees
  energy change:          -2.9256E-02 .  (  5.0000E-05 )
  gradient maximum:        1.7823E-02 .  (  4.5000E-04 )
  gradient rms:            3.2280E-03 .  (  3.0000E-04 )
  displacement maximum:    7.6472E-02 .  (  1.8000E-03 )
  displacement rms:        1.6565E-02 .  (  1.2000E-03 )
  
  predicted energy change: -9.5913E-03
  step size:     0.30000
  trust radius:  0.30000
---------------- geometry iteration   2 complete ----------------
geopt (optimize geometry) done.
onee (1-electron integrals) done.
probe (project orbitals) done.
grid (grid generation) done.
rwr (Q operators) done.
  
       i  u  d  i  g
       t  p  i  c  r                                 RMS    maximum
       e  d  i  u  i                       energy  density   DIIS  
       r  t  s  t  d       total energy    change  change    error 
  
etot    1  N  N  2  U   -2341.34133701353           3.0E-04  1.4E-02
etot    2  Y  Y  6  M   -2341.38073329922  3.9E-02  9.5E-05  2.0E-03
etot    3  N  Y  2  U   -2341.37732963715 -3.4E-03  7.3E-05  5.4E-03
etot    4  Y  Y  6  M   -2341.38110715163  3.8E-03  1.6E-05  6.4E-04
etot    5  N  Y  2  U   -2341.38126947752  1.6E-04  5.8E-06  1.5E-04
etot    6  N  Y  2  U   -2341.38128140788  1.2E-05  1.8E-06  3.8E-05
etot    7  N  N  2  U   -2341.38128242233  1.0E-06  0.0E+00  0.0E+00
scf (DFT) done.
der1a (1-e 1st deriv.) done.
rwr (1st deriv. Q) done.
der1b (2-e 1st deriv.) done.
  Geometry optimization step   3
  Total energy:     -2341.46093781985 hartrees
  energy change:          -8.8102E-03 .  (  5.0000E-05 )
  gradient maximum:        1.3249E-02 .  (  4.5000E-04 )
  gradient rms:            1.9818E-03 .  (  3.0000E-04 )
  displacement maximum:    7.4550E-02 .  (  1.8000E-03 )
  displacement rms:        1.4933E-02 .  (  1.2000E-03 )
  
  predicted energy change: -4.7684E-03
  step size:     0.27045
  trust radius:  0.30000
---------------- geometry iteration   3 complete ----------------
geopt (optimize geometry) done.
onee (1-electron integrals) done.
probe (project orbitals) done.
grid (grid generation) done.
rwr (Q operators) done.
  
       i  u  d  i  g
       t  p  i  c  r                                 RMS    maximum
       e  d  i  u  i                       energy  density   DIIS  
       r  t  s  t  d       total energy    change  change    error 
  
etot    1  N  N  2  U   -2341.33024045831           3.4E-04  1.0E-02
etot    2  Y  Y  6  M   -2341.38450981201  5.4E-02  8.5E-05  9.3E-04
etot    3  N  Y  2  U   -2341.38189332446 -2.6E-03  6.6E-05  2.8E-03
etot    4  Y  Y  6  M   -2341.38472484858  2.8E-03  1.6E-05  5.6E-04
etot    5  N  Y  2  U   -2341.38486574133  1.4E-04  5.7E-06  2.5E-04
etot    6  N  Y  2  U   -2341.38488256083  1.7E-05  1.9E-06  4.6E-05
etot    7  N  N  2  U   -2341.38488332298  7.6E-07  0.0E+00  0.0E+00
scf (DFT) done.
der1a (1-e 1st deriv.) done.
rwr (1st deriv. Q) done.
der1b (2-e 1st deriv.) done.
  Geometry optimization step   4
  Total energy:     -2341.46295129766 hartrees
  energy change:          -2.0135E-03 .  (  5.0000E-05 )
  gradient maximum:        1.3339E-02 .  (  4.5000E-04 )
  gradient rms:            1.7850E-03 .  (  3.0000E-04 )
  displacement maximum:    9.7873E-02 .  (  1.8000E-03 )
  displacement rms:        1.6562E-02 .  (  1.2000E-03 )
  
  predicted energy change: -2.8867E-03
  step size:     0.29995
  trust radius:  0.30000
---------------- geometry iteration   4 complete ----------------
geopt (optimize geometry) done.
onee (1-electron integrals) done.
probe (project orbitals) done.
grid (grid generation) done.
rwr (Q operators) done.
  
       i  u  d  i  g
       t  p  i  c  r                                 RMS    maximum
       e  d  i  u  i                       energy  density   DIIS  
       r  t  s  t  d       total energy    change  change    error 
  
etot    1  N  N  2  U   -2341.33381194542           6.3E-04  1.8E-02
etot    2  Y  Y  6  M   -2341.38695397884  5.3E-02  5.2E-05  1.1E-03
etot    3  N  Y  2  U   -2341.38613115196 -8.2E-04  4.1E-05  1.3E-03
etot    4  N  Y  2  U   -2341.38677823530  6.5E-04  1.4E-05  7.4E-04
etot    5  N  Y  2  U   -2341.38687015164  9.2E-05  4.7E-06  2.4E-04
etot    6  N  Y  2  U   -2341.38688226576  1.2E-05  1.9E-06  4.4E-05
etot    7  N  N  2  U   -2341.38688267674  4.1E-07  0.0E+00  0.0E+00
scf (DFT) done.
der1a (1-e 1st deriv.) done.
rwr (1st deriv. Q) done.
der1b (2-e 1st deriv.) done.
  Geometry optimization step   5
  Total energy:     -2341.46601347782 hartrees
  energy change:          -3.0622E-03 .  (  5.0000E-05 )
  gradient maximum:        7.2578E-03 .  (  4.5000E-04 )
  gradient rms:            1.0325E-03 .  (  3.0000E-04 )
  displacement maximum:    1.1839E-01 .  (  1.8000E-03 )
  displacement rms:        1.6599E-02 .  (  1.2000E-03 )
  
  predicted energy change: -2.0021E-03
  step size:     0.30061
  trust radius:  0.30000
---------------- geometry iteration   5 complete ----------------
geopt (optimize geometry) done.
onee (1-electron integrals) done.
probe (project orbitals) done.
grid (grid generation) done.
rwr (Q operators) done.
  
       i  u  d  i  g
       t  p  i  c  r                                 RMS    maximum
       e  d  i  u  i                       energy  density   DIIS  
       r  t  s  t  d       total energy    change  change    error 
  
etot    1  N  N  2  U   -2341.33658833625           3.3E-04  1.6E-02
etot    2  Y  Y  6  M   -2341.38729155935  5.1E-02  6.9E-05  1.1E-03
etot    3  N  Y  2  U   -2341.38560551507 -1.7E-03  5.4E-05  2.2E-03
etot    4  Y  Y  6  M   -2341.38731136145  1.7E-03  1.3E-05  6.2E-04
etot    5  N  Y  2  U   -2341.38737359906  6.2E-05  5.7E-06  2.3E-04
etot    6  N  Y  2  U   -2341.38739022852  1.7E-05  2.0E-06  4.3E-05
etot    7  N  N  2  U   -2341.38739088337  6.5E-07  0.0E+00  0.0E+00
scf (DFT) done.
der1a (1-e 1st deriv.) done.
rwr (1st deriv. Q) done.
der1b (2-e 1st deriv.) done.
  Geometry optimization step   6
  Total energy:     -2341.46796996390 hartrees
  energy change:          -1.9565E-03 .  (  5.0000E-05 )
  gradient maximum:        7.6945E-03 .  (  4.5000E-04 )
  gradient rms:            1.2369E-03 .  (  3.0000E-04 )
  displacement maximum:    1.4088E-01 .  (  1.8000E-03 )
  displacement rms:        1.6564E-02 .  (  1.2000E-03 )
  
  predicted energy change: -1.6778E-03
  step size:     0.29998
  trust radius:  0.30000
---------------- geometry iteration   6 complete ----------------
geopt (optimize geometry) done.
onee (1-electron integrals) done.
probe (project orbitals) done.
grid (grid generation) done.
rwr (Q operators) done.
  
       i  u  d  i  g
       t  p  i  c  r                                 RMS    maximum
       e  d  i  u  i                       energy  density   DIIS  
       r  t  s  t  d       total energy    change  change    error 
  
etot    1  N  N  2  U   -2341.33657840297           3.5E-04  1.2E-02
etot    2  Y  Y  6  M   -2341.38778229872  5.1E-02  5.8E-05  1.2E-03
etot    3  N  Y  2  U   -2341.38702723632 -7.6E-04  4.8E-05  1.3E-03
etot    4  N  Y  2  U   -2341.38783671773  8.1E-04  1.8E-05  8.2E-04
etot    5  N  Y  2  U   -2341.38797934998  1.4E-04  5.7E-06  2.8E-04
etot    6  N  Y  2  U   -2341.38800215175  2.3E-05  1.6E-06  3.8E-05
etot    7  N  N  2  U   -2341.38800244272  2.9E-07  0.0E+00  0.0E+00
scf (DFT) done.
der1a (1-e 1st deriv.) done.
rwr (1st deriv. Q) done.
der1b (2-e 1st deriv.) done.
  Geometry optimization step   7
  Total energy:     -2341.46928028715 hartrees
  energy change:          -1.3103E-03 .  (  5.0000E-05 )
  gradient maximum:        6.2232E-03 .  (  4.5000E-04 )
  gradient rms:            9.1882E-04 .  (  3.0000E-04 )
  displacement maximum:    1.1825E-01 .  (  1.8000E-03 )
  displacement rms:        1.6563E-02 .  (  1.2000E-03 )
  
  predicted energy change: -1.4104E-03
  step size:     0.29997
  trust radius:  0.30000
---------------- geometry iteration   7 complete ----------------
geopt (optimize geometry) done.
onee (1-electron integrals) done.
probe (project orbitals) done.
grid (grid generation) done.
rwr (Q operators) done.
  
       i  u  d  i  g
       t  p  i  c  r                                 RMS    maximum
       e  d  i  u  i                       energy  density   DIIS  
       r  t  s  t  d       total energy    change  change    error 
  
etot    1  N  N  2  U   -2341.34771467852           3.2E-04  8.9E-03
etot    2  Y  Y  6  M   -2341.38873179177  4.1E-02  4.7E-05  6.7E-04
etot    3  N  Y  2  U   -2341.38826824525 -4.6E-04  3.9E-05  1.2E-03
etot    4  N  Y  2  U   -2341.38870720262  4.4E-04  1.5E-05  7.8E-04
etot    5  N  Y  2  U   -2341.38881507168  1.1E-04  4.6E-06  1.9E-04
etot    6  N  Y  2  U   -2341.38882705520  1.2E-05  1.5E-06  3.9E-05
etot    7  N  N  2  U   -2341.38882749302  4.4E-07  0.0E+00  0.0E+00
scf (DFT) done.
der1a (1-e 1st deriv.) done.
rwr (1st deriv. Q) done.
der1b (2-e 1st deriv.) done.
  Geometry optimization step   8
  Total energy:     -2341.47016848244 hartrees
  energy change:          -8.8820E-04 .  (  5.0000E-05 )
  gradient maximum:        7.2095E-03 .  (  4.5000E-04 )
  gradient rms:            1.0938E-03 .  (  3.0000E-04 )
  displacement maximum:    9.0556E-02 .  (  1.8000E-03 )
  displacement rms:        1.6608E-02 .  (  1.2000E-03 )
  
  predicted energy change: -1.5297E-03
  step size:     0.30079
  trust radius:  0.30000
---------------- geometry iteration   8 complete ----------------
geopt (optimize geometry) done.
onee (1-electron integrals) done.
probe (project orbitals) done.
grid (grid generation) done.
rwr (Q operators) done.
  
       i  u  d  i  g
       t  p  i  c  r                                 RMS    maximum
       e  d  i  u  i                       energy  density   DIIS  
       r  t  s  t  d       total energy    change  change    error 
  
etot    1  N  N  2  U   -2341.34894078489           3.1E-04  9.3E-03
etot    2  Y  Y  6  M   -2341.38923525018  4.0E-02  4.8E-05  7.1E-04
etot    3  N  Y  2  U   -2341.38866150538 -5.7E-04  3.7E-05  1.5E-03
etot    4  N  Y  2  U   -2341.38927428651  6.1E-04  1.2E-05  7.6E-04
etot    5  N  Y  2  U   -2341.38936582054  9.2E-05  4.3E-06  1.5E-04
etot    6  N  N  2  U   -2341.38937510412  9.3E-06  0.0E+00  0.0E+00
scf (DFT) done.
der1a (1-e 1st deriv.) done.
rwr (1st deriv. Q) done.
der1b (2-e 1st deriv.) done.
  Geometry optimization step   9
  Total energy:     -2341.47096303254 hartrees
  energy change:          -7.9455E-04 .  (  5.0000E-05 )
  gradient maximum:        6.4877E-03 .  (  4.5000E-04 )
  gradient rms:            1.1715E-03 .  (  3.0000E-04 )
  displacement maximum:    9.4185E-02 .  (  1.8000E-03 )
  displacement rms:        1.6563E-02 .  (  1.2000E-03 )
  
  predicted energy change: -8.7725E-04
  step size:     0.29997
  trust radius:  0.30000
---------------- geometry iteration   9 complete ----------------
geopt (optimize geometry) done.
onee (1-electron integrals) done.
probe (project orbitals) done.
grid (grid generation) done.
rwr (Q operators) done.
  
       i  u  d  i  g
       t  p  i  c  r                                 RMS    maximum
       e  d  i  u  i                       energy  density   DIIS  
       r  t  s  t  d       total energy    change  change    error 
  
etot    1  N  N  2  U   -2341.35235200563           2.8E-04  8.8E-03
etot    2  Y  Y  6  M   -2341.38918628638  3.7E-02  4.8E-05  4.4E-04
etot    3  N  Y  2  U   -2341.38858744734 -6.0E-04  3.6E-05  1.1E-03
etot    4  N  Y  2  U   -2341.38924108949  6.5E-04  1.1E-05  3.7E-04
etot    5  N  Y  2  U   -2341.38929174872  5.1E-05  4.2E-06  1.5E-04
etot    6  N  N  2  U   -2341.38930084282  9.1E-06  0.0E+00  0.0E+00
scf (DFT) done.
der1a (1-e 1st deriv.) done.
rwr (1st deriv. Q) done.
der1b (2-e 1st deriv.) done.
  Geometry optimization step  10
  Total energy:     -2341.47215244728 hartrees
  energy change:          -1.1894E-03 .  (  5.0000E-05 )
  gradient maximum:        6.6660E-03 .  (  4.5000E-04 )
  gradient rms:            8.5877E-04 .  (  3.0000E-04 )
  displacement maximum:    9.8169E-02 .  (  1.8000E-03 )
  displacement rms:        1.6607E-02 .  (  1.2000E-03 )
  
  predicted energy change: -1.1465E-03
  step size:     0.30077
  trust radius:  0.30000
---------------- geometry iteration  10 complete ----------------
geopt (optimize geometry) done.
onee (1-electron integrals) done.
probe (project orbitals) done.
grid (grid generation) done.
rwr (Q operators) done.
  
       i  u  d  i  g
       t  p  i  c  r                                 RMS    maximum
       e  d  i  u  i                       energy  density   DIIS  
       r  t  s  t  d       total energy    change  change    error 
  
etot    1  N  N  2  U   -2341.35397728523           2.9E-04  6.5E-03
etot    2  Y  Y  6  M   -2341.38922193511  3.5E-02  7.1E-05  1.1E-03
etot    3  N  Y  2  U   -2341.38808053631 -1.1E-03  5.6E-05  1.8E-03
etot    4  Y  Y  6  M   -2341.38942724200  1.3E-03  1.6E-05  5.4E-04
etot    5  N  Y  2  U   -2341.38955002788  1.2E-04  5.2E-06  2.1E-04
etot    6  N  Y  2  U   -2341.38956748215  1.7E-05  1.6E-06  3.6E-05
etot    7  N  N  2  U   -2341.38956810366  6.2E-07  0.0E+00  0.0E+00
scf (DFT) done.
der1a (1-e 1st deriv.) done.
rwr (1st deriv. Q) done.
der1b (2-e 1st deriv.) done.
  Geometry optimization step  11
  Total energy:     -2341.47231237348 hartrees
  energy change:          -1.5993E-04 .  (  5.0000E-05 )
  gradient maximum:        1.2153E-02 .  (  4.5000E-04 )
  gradient rms:            1.7099E-03 .  (  3.0000E-04 )
  displacement maximum:    6.0119E-02 .  (  1.8000E-03 )
  displacement rms:        1.1066E-02 .  (  1.2000E-03 )
  
  predicted energy change: -1.0469E-03
  step size:     0.20042
  trust radius:  0.30000
---------------- geometry iteration  11 complete ----------------
geopt (optimize geometry) done.
onee (1-electron integrals) done.
probe (project orbitals) done.
grid (grid generation) done.
rwr (Q operators) done.
  
       i  u  d  i  g
       t  p  i  c  r                                 RMS    maximum
       e  d  i  u  i                       energy  density   DIIS  
       r  t  s  t  d       total energy    change  change    error 
  
etot    1  N  N  2  U   -2341.37263128638           2.1E-04  7.1E-03
etot    2  Y  Y  6  M   -2341.39068786148  1.8E-02  3.6E-05  5.5E-04
etot    3  N  Y  2  U   -2341.39029604505 -3.9E-04  2.7E-05  1.2E-03
etot    4  N  Y  2  U   -2341.39070270153  4.1E-04  7.4E-06  3.6E-04
etot    5  N  Y  2  U   -2341.39072756888  2.5E-05  2.9E-06  1.0E-04
etot    6  N  N  2  U   -2341.39073194055  4.4E-06  0.0E+00  0.0E+00
scf (DFT) done.
der1a (1-e 1st deriv.) done.
rwr (1st deriv. Q) done.
der1b (2-e 1st deriv.) done.
  Geometry optimization step  12
  Total energy:     -2341.47345431032 hartrees
  energy change:          -1.1419E-03 .  (  5.0000E-05 )
  gradient maximum:        4.8854E-03 .  (  4.5000E-04 )
  gradient rms:            8.0347E-04 .  (  3.0000E-04 )
  displacement maximum:    7.6565E-02 .  (  1.8000E-03 )
  displacement rms:        1.6567E-02 .  (  1.2000E-03 )
  
  predicted energy change: -1.1666E-03
  step size:     0.30003
  trust radius:  0.30000
---------------- geometry iteration  12 complete ----------------
geopt (optimize geometry) done.
onee (1-electron integrals) done.
probe (project orbitals) done.
grid (grid generation) done.
rwr (Q operators) done.
  
       i  u  d  i  g
       t  p  i  c  r                                 RMS    maximum
       e  d  i  u  i                       energy  density   DIIS  
       r  t  s  t  d       total energy    change  change    error 
  
etot    1  N  N  2  U   -2341.35481902467           2.9E-04  7.0E-03
etot    2  Y  Y  6  M   -2341.39047781532  3.6E-02  5.4E-05  6.6E-04
etot    3  N  Y  2  U   -2341.38987495994 -6.0E-04  4.2E-05  1.3E-03
etot    4  N  Y  2  U   -2341.39052773843  6.5E-04  1.2E-05  4.2E-04
etot    5  N  Y  2  U   -2341.39059130113  6.4E-05  4.4E-06  1.7E-04
etot    6  N  Y  2  U   -2341.39060384159  1.3E-05  1.6E-06  5.0E-05
etot    7  N  N  2  U   -2341.39060435324  5.1E-07  0.0E+00  0.0E+00
scf (DFT) done.
der1a (1-e 1st deriv.) done.
rwr (1st deriv. Q) done.
der1b (2-e 1st deriv.) done.
  Geometry optimization step  13
  Total energy:     -2341.47402069353 hartrees
  energy change:          -5.6638E-04 .  (  5.0000E-05 )
  gradient maximum:        5.4187E-03 .  (  4.5000E-04 )
  gradient rms:            9.9718E-04 .  (  3.0000E-04 )
  displacement maximum:    9.2770E-02 .  (  1.8000E-03 )
  displacement rms:        1.6572E-02 .  (  1.2000E-03 )
  
  predicted energy change: -1.1565E-03
  step size:     0.30013
  trust radius:  0.30000
---------------- geometry iteration  13 complete ----------------
geopt (optimize geometry) done.
onee (1-electron integrals) done.
probe (project orbitals) done.
grid (grid generation) done.
rwr (Q operators) done.
  
       i  u  d  i  g
       t  p  i  c  r                                 RMS    maximum
       e  d  i  u  i                       energy  density   DIIS  
       r  t  s  t  d       total energy    change  change    error 
  
etot    1  N  N  2  U   -2341.36452215009           5.9E-04  1.5E-02
etot    2  Y  Y  6  M   -2341.39213874815  2.8E-02  5.9E-05  8.0E-04
etot    3  N  Y  2  U   -2341.39156536678 -5.7E-04  4.5E-05  2.0E-03
etot    4  N  Y  2  U   -2341.39225982307  6.9E-04  1.3E-05  5.7E-04
etot    5  N  Y  2  U   -2341.39232619648  6.6E-05  4.6E-06  1.8E-04
etot    6  N  Y  2  U   -2341.39233662478  1.0E-05  1.6E-06  5.2E-05
etot    7  N  N  2  U   -2341.39233719136  5.7E-07  0.0E+00  0.0E+00
scf (DFT) done.
der1a (1-e 1st deriv.) done.
rwr (1st deriv. Q) done.
der1b (2-e 1st deriv.) done.
  Geometry optimization step  14
  Total energy:     -2341.47575805378 hartrees
  energy change:          -1.7374E-03 .  (  5.0000E-05 )
  gradient maximum:        5.9952E-03 .  (  4.5000E-04 )
  gradient rms:            9.7100E-04 .  (  3.0000E-04 )
  displacement maximum:    1.0891E-01 .  (  1.8000E-03 )
  displacement rms:        1.6581E-02 .  (  1.2000E-03 )
  
  predicted energy change: -2.1482E-03
  step size:     0.30030
  trust radius:  0.30000
---------------- geometry iteration  14 complete ----------------
geopt (optimize geometry) done.
onee (1-electron integrals) done.
probe (project orbitals) done.
grid (grid generation) done.
rwr (Q operators) done.
  
       i  u  d  i  g
       t  p  i  c  r                                 RMS    maximum
       e  d  i  u  i                       energy  density   DIIS  
       r  t  s  t  d       total energy    change  change    error 
  
etot    1  N  N  2  U   -2341.36570039920           2.8E-04  6.9E-03
etot    2  Y  Y  6  M   -2341.39365210257  2.8E-02  7.1E-05  8.9E-04
etot    3  N  Y  2  U   -2341.39287882671 -7.7E-04  5.3E-05  2.4E-03
etot    4  Y  Y  6  M   -2341.39383999608  9.6E-04  1.5E-05  7.2E-04
etot    5  N  Y  2  U   -2341.39395697517  1.2E-04  5.5E-06  1.8E-04
etot    6  N  Y  2  U   -2341.39397402685  1.7E-05  1.7E-06  5.4E-05
etot    7  N  N  2  U   -2341.39397455735  5.3E-07  0.0E+00  0.0E+00
scf (DFT) done.
der1a (1-e 1st deriv.) done.
rwr (1st deriv. Q) done.
der1b (2-e 1st deriv.) done.
  Geometry optimization step  15
  Total energy:     -2341.47714767539 hartrees
  energy change:          -1.3896E-03 .  (  5.0000E-05 )
  gradient maximum:        6.8659E-03 .  (  4.5000E-04 )
  gradient rms:            1.0697E-03 .  (  3.0000E-04 )
  displacement maximum:    1.0450E-01 .  (  1.8000E-03 )
  displacement rms:        1.6580E-02 .  (  1.2000E-03 )
  
  predicted energy change: -1.7201E-03
  step size:     0.30027
  trust radius:  0.30000
---------------- geometry iteration  15 complete ----------------
geopt (optimize geometry) done.
onee (1-electron integrals) done.
probe (project orbitals) done.
grid (grid generation) done.
rwr (Q operators) done.
  
       i  u  d  i  g
       t  p  i  c  r                                 RMS    maximum
       e  d  i  u  i                       energy  density   DIIS  
       r  t  s  t  d       total energy    change  change    error 
  
etot    1  N  N  2  U   -2341.36761381988           2.7E-04  6.1E-03
etot    2  Y  Y  6  M   -2341.39487476191  2.7E-02  7.1E-05  7.9E-04
etot    3  N  Y  2  U   -2341.39404825629 -8.3E-04  5.3E-05  2.2E-03
etot    4  Y  Y  6  M   -2341.39501990502  9.7E-04  1.4E-05  5.6E-04
etot    5  N  Y  2  U   -2341.39510801814  8.8E-05  5.5E-06  2.3E-04
etot    6  N  Y  2  U   -2341.39512500460  1.7E-05  1.8E-06  5.0E-05
etot    7  N  N  2  U   -2341.39512557750  5.7E-07  0.0E+00  0.0E+00
scf (DFT) done.
der1a (1-e 1st deriv.) done.
rwr (1st deriv. Q) done.
der1b (2-e 1st deriv.) done.
  Geometry optimization step  16
  Total energy:     -2341.47822545456 hartrees
  energy change:          -1.0778E-03 .  (  5.0000E-05 )
  gradient maximum:        8.2234E-03 .  (  4.5000E-04 )
  gradient rms:            1.3107E-03 .  (  3.0000E-04 )
  displacement maximum:    9.4214E-02 .  (  1.8000E-03 )
  displacement rms:        1.6563E-02 .  (  1.2000E-03 )
  
  predicted energy change: -2.3535E-03
  step size:     0.29998
  trust radius:  0.30000
---------------- geometry iteration  16 complete ----------------
geopt (optimize geometry) done.
onee (1-electron integrals) done.
probe (project orbitals) done.
grid (grid generation) done.
rwr (Q operators) done.
  
       i  u  d  i  g
       t  p  i  c  r                                 RMS    maximum
       e  d  i  u  i                       energy  density   DIIS  
       r  t  s  t  d       total energy    change  change    error 
  
etot    1  N  N  2  U   -2341.36398265554           2.9E-04  9.6E-03
etot    2  Y  Y  6  M   -2341.39571556560  3.2E-02  6.7E-05  9.3E-04
etot    3  N  Y  2  U   -2341.39520206853 -5.1E-04  5.0E-05  1.5E-03
etot    4  Y  Y  6  M   -2341.39605912141  8.6E-04  1.6E-05  5.7E-04
etot    5  N  Y  2  U   -2341.39615696262  9.8E-05  6.4E-06  2.8E-04
etot    6  N  Y  2  U   -2341.39618347602  2.7E-05  1.7E-06  4.0E-05
etot    7  N  N  2  U   -2341.39618408817  6.1E-07  0.0E+00  0.0E+00
scf (DFT) done.
der1a (1-e 1st deriv.) done.
rwr (1st deriv. Q) done.
der1b (2-e 1st deriv.) done.
  Geometry optimization step  17
  Total energy:     -2341.47923679961 hartrees
  energy change:          -1.0113E-03 .  (  5.0000E-05 )
  gradient maximum:        6.4718E-03 .  (  4.5000E-04 )
  gradient rms:            1.4181E-03 .  (  3.0000E-04 )
  displacement maximum:    9.8212E-02 .  (  1.8000E-03 )
  displacement rms:        1.6563E-02 .  (  1.2000E-03 )
  
  predicted energy change: -1.8857E-03
  step size:     0.29996
  trust radius:  0.30000
---------------- geometry iteration  17 complete ----------------
geopt (optimize geometry) done.
onee (1-electron integrals) done.
probe (project orbitals) done.
grid (grid generation) done.
rwr (Q operators) done.
  
       i  u  d  i  g
       t  p  i  c  r                                 RMS    maximum
       e  d  i  u  i                       energy  density   DIIS  
       r  t  s  t  d       total energy    change  change    error 
  
etot    1  N  N  2  U   -2341.38323072889           2.1E-04  3.4E-03
etot    2  Y  Y  6  M   -2341.39663764132  1.3E-02  7.7E-05  7.6E-04
etot    3  N  Y  2  U   -2341.39515496968 -1.5E-03  5.6E-05  2.1E-03
etot    4  Y  Y  6  M   -2341.39684524437  1.7E-03  1.2E-05  3.6E-04
etot    5  N  Y  2  U   -2341.39688415641  3.9E-05  5.1E-06  1.6E-04
etot    6  N  Y  2  U   -2341.39689883544  1.5E-05  1.6E-06  6.1E-05
etot    7  N  N  2  U   -2341.39689962531  7.9E-07  0.0E+00  0.0E+00
scf (DFT) done.
der1a (1-e 1st deriv.) done.
rwr (1st deriv. Q) done.
der1b (2-e 1st deriv.) done.
  Geometry optimization step  18
  Total energy:     -2341.48061517601 hartrees
  energy change:          -1.3784E-03 .  (  5.0000E-05 )
  gradient maximum:        9.9335E-03 .  (  4.5000E-04 )
  gradient rms:            1.3136E-03 .  (  3.0000E-04 )
  displacement maximum:    9.5291E-02 .  (  1.8000E-03 )
  displacement rms:        1.6570E-02 .  (  1.2000E-03 )
  
  predicted energy change: -1.5637E-03
  step size:     0.30010
  trust radius:  0.30000
---------------- geometry iteration  18 complete ----------------
geopt (optimize geometry) done.
onee (1-electron integrals) done.
probe (project orbitals) done.
grid (grid generation) done.
rwr (Q operators) done.
  
       i  u  d  i  g
       t  p  i  c  r                                 RMS    maximum
       e  d  i  u  i                       energy  density   DIIS  
       r  t  s  t  d       total energy    change  change    error 
  
etot    1  N  N  2  U   -2341.34838718623           3.3E-04  9.5E-03
etot    2  Y  Y  6  M   -2341.39803806692  5.0E-02  7.4E-05  7.4E-04
etot    3  N  Y  2  U   -2341.39673019904 -1.3E-03  5.6E-05  2.3E-03
etot    4  Y  Y  6  M   -2341.39821804230  1.5E-03  1.4E-05  5.6E-04
etot    5  N  Y  2  U   -2341.39829988977  8.2E-05  5.6E-06  2.2E-04
etot    6  N  Y  2  U   -2341.39831529363  1.5E-05  2.1E-06  5.0E-05
etot    7  N  N  2  U   -2341.39831644038  1.1E-06  0.0E+00  0.0E+00
scf (DFT) done.
der1a (1-e 1st deriv.) done.
rwr (1st deriv. Q) done.
der1b (2-e 1st deriv.) done.
  Geometry optimization step  19
  Total energy:     -2341.48085446207 hartrees
  energy change:          -2.3929E-04 .  (  5.0000E-05 )
  gradient maximum:        8.5523E-03 .  (  4.5000E-04 )
  gradient rms:            1.5982E-03 .  (  3.0000E-04 )
  displacement maximum:    7.9734E-02 .  (  1.8000E-03 )
  displacement rms:        1.5186E-02 .  (  1.2000E-03 )
  
  predicted energy change: -1.3828E-03
  step size:     0.27503
  trust radius:  0.30000
---------------- geometry iteration  19 complete ----------------
geopt (optimize geometry) done.
onee (1-electron integrals) done.
probe (project orbitals) done.
grid (grid generation) done.
rwr (Q operators) done.
  
       i  u  d  i  g
       t  p  i  c  r                                 RMS    maximum
       e  d  i  u  i                       energy  density   DIIS  
       r  t  s  t  d       total energy    change  change    error 
  
etot    1  N  N  2  U   -2341.37292905816           2.6E-04  5.1E-03
etot    2  Y  Y  6  M   -2341.39873351093  2.6E-02  7.0E-05  1.0E-03
etot    3  N  Y  2  U   -2341.39767996362 -1.1E-03  5.8E-05  2.0E-03
etot    4  Y  Y  6  M   -2341.39883223302  1.2E-03  1.7E-05  6.6E-04
etot    5  N  Y  2  U   -2341.39896260235  1.3E-04  6.0E-06  2.3E-04
etot    6  N  Y  2  U   -2341.39898706586  2.4E-05  1.7E-06  4.1E-05
etot    7  N  N  2  U   -2341.39898769183  6.3E-07  0.0E+00  0.0E+00
scf (DFT) done.
der1a (1-e 1st deriv.) done.
rwr (1st deriv. Q) done.
der1b (2-e 1st deriv.) done.
  Geometry optimization step  20
  Total energy:     -2341.48217737371 hartrees
  energy change:          -1.3229E-03 .  (  5.0000E-05 )
  gradient maximum:        2.5210E-03 .  (  4.5000E-04 )
  gradient rms:            5.2143E-04 .  (  3.0000E-04 )
  displacement maximum:    5.5271E-02 .  (  1.8000E-03 )
  displacement rms:        9.0799E-03 .  (  1.2000E-03 )
  
  predicted energy change: -2.3824E-04
  step size:     0.16444
  trust radius:  0.30000
---------------- geometry iteration  20 complete ----------------
geopt (optimize geometry) done.
onee (1-electron integrals) done.
probe (project orbitals) done.
grid (grid generation) done.
rwr (Q operators) done.
  
       i  u  d  i  g
       t  p  i  c  r                                 RMS    maximum
       e  d  i  u  i                       energy  density   DIIS  
       r  t  s  t  d       total energy    change  change    error 
  
etot    1  N  N  2  U   -2341.38648259058           1.7E-04  6.0E-03
etot    2  Y  Y  6  M   -2341.39916001355  1.3E-02  3.6E-05  5.2E-04
etot    3  N  Y  2  U   -2341.39886386421 -3.0E-04  2.7E-05  9.5E-04
etot    4  N  Y  2  U   -2341.39913581002  2.7E-04  7.7E-06  3.1E-04
etot    5  N  Y  2  U   -2341.39915416696  1.8E-05  2.9E-06  1.3E-04
etot    6  N  N  2  U   -2341.39915850881  4.3E-06  0.0E+00  0.0E+00
scf (DFT) done.
der1a (1-e 1st deriv.) done.
rwr (1st deriv. Q) done.
der1b (2-e 1st deriv.) done.
  Geometry optimization step  21
  Total energy:     -2341.48241721742 hartrees
  energy change:          -2.3984E-04 .  (  5.0000E-05 )
  gradient maximum:        2.4699E-03 .  (  4.5000E-04 )
  gradient rms:            4.6607E-04 .  (  3.0000E-04 )
  displacement maximum:    7.1036E-02 .  (  1.8000E-03 )
  displacement rms:        9.1787E-03 .  (  1.2000E-03 )
  
  predicted energy change: -2.0684E-04
  step size:     0.16623
  trust radius:  0.30000
---------------- geometry iteration  21 complete ----------------
geopt (optimize geometry) done.
onee (1-electron integrals) done.
probe (project orbitals) done.
grid (grid generation) done.
rwr (Q operators) done.
  
       i  u  d  i  g
       t  p  i  c  r                                 RMS    maximum
       e  d  i  u  i                       energy  density   DIIS  
       r  t  s  t  d       total energy    change  change    error 
  
etot    1  N  N  2  U   -2341.38467678240           1.7E-04  7.0E-03
etot    2  Y  Y  6  M   -2341.39929806878  1.5E-02  2.9E-05  2.4E-04
etot    3  N  Y  2  U   -2341.39911396492 -1.8E-04  2.1E-05  8.1E-04
etot    4  N  Y  2  U   -2341.39933201063  2.2E-04  6.4E-06  3.2E-04
etot    5  N  Y  2  U   -2341.39935114173  1.9E-05  2.3E-06  8.0E-05
etot    6  N  N  2  U   -2341.39935406742  2.9E-06  0.0E+00  0.0E+00
scf (DFT) done.
der1a (1-e 1st deriv.) done.
rwr (1st deriv. Q) done.
der1b (2-e 1st deriv.) done.
  Geometry optimization step  22
  Total energy:     -2341.48228704379 hartrees
  energy change:           1.3017E-04 .  (  5.0000E-05 )
  gradient maximum:        2.9185E-03 .  (  4.5000E-04 )
  gradient rms:            5.5087E-04 .  (  3.0000E-04 )
  displacement maximum:    9.5878E-02 .  (  1.8000E-03 )
  displacement rms:        1.0108E-02 .  (  1.2000E-03 )
  
  predicted energy change: -2.6272E-04
  step size:     0.18306
  trust radius:  0.30000
---------------- geometry iteration  22 complete ----------------
geopt (optimize geometry) done.
onee (1-electron integrals) done.
probe (project orbitals) done.
grid (grid generation) done.
rwr (Q operators) done.
  
       i  u  d  i  g
       t  p  i  c  r                                 RMS    maximum
       e  d  i  u  i                       energy  density   DIIS  
       r  t  s  t  d       total energy    change  change    error 
  
etot    1  N  N  2  U   -2341.38372847505           1.8E-04  6.0E-03
etot    2  Y  Y  6  M   -2341.39878674685  1.5E-02  3.5E-05  3.7E-04
etot    3  N  Y  2  U   -2341.39849752313 -2.9E-04  2.7E-05  1.0E-03
etot    4  N  Y  2  U   -2341.39887391825  3.8E-04  6.9E-06  2.7E-04
etot    5  N  Y  2  U   -2341.39889721775  2.3E-05  2.7E-06  9.1E-05
etot    6  N  N  2  U   -2341.39890039415  3.2E-06  0.0E+00  0.0E+00
scf (DFT) done.
der1a (1-e 1st deriv.) done.
rwr (1st deriv. Q) done.
der1b (2-e 1st deriv.) done.
  Geometry optimization step  23
  Total energy:     -2341.48222211159 hartrees
  energy change:           6.4932E-05 .  (  5.0000E-05 )
  gradient maximum:        8.3381E-03 .  (  4.5000E-04 )
  gradient rms:            1.0046E-03 .  (  3.0000E-04 )
  displacement maximum:    4.2721E-02 .  (  1.8000E-03 )
  displacement rms:        5.5779E-03 .  (  1.2000E-03 )
  
  predicted energy change: -3.6006E-04
  step size:     0.10102
  trust radius:  0.30000
---------------- geometry iteration  23 complete ----------------
geopt (optimize geometry) done.
onee (1-electron integrals) done.
probe (project orbitals) done.
grid (grid generation) done.
rwr (Q operators) done.
  
       i  u  d  i  g
       t  p  i  c  r                                 RMS    maximum
       e  d  i  u  i                       energy  density   DIIS  
       r  t  s  t  d       total energy    change  change    error 
  
etot    1  N  N  2  U   -2341.39413498388           1.1E-04  3.0E-03
etot    2  Y  Y  6  M   -2341.39918316369  5.0E-03  2.5E-05  2.5E-04
etot    3  N  Y  2  U   -2341.39896030239 -2.2E-04  1.9E-05  8.5E-04
etot    4  N  Y  2  U   -2341.39918284093  2.2E-04  4.9E-06  1.8E-04
etot    5  N  Y  2  U   -2341.39919363456  1.1E-05  2.0E-06  6.3E-05
etot    6  N  N  2  U   -2341.39919562364  2.0E-06  0.0E+00  0.0E+00
scf (DFT) done.
der1a (1-e 1st deriv.) done.
rwr (1st deriv. Q) done.
der1b (2-e 1st deriv.) done.
  Geometry optimization step  24
  Total energy:     -2341.48221757577 hartrees
  energy change:           4.5358E-06 *  (  5.0000E-05 )
  gradient maximum:        1.7287E-03 .  (  4.5000E-04 )
  gradient rms:            3.6452E-04 .  (  3.0000E-04 )
  displacement maximum:    3.4827E-02 .  (  1.8000E-03 )
  displacement rms:        5.8138E-03 .  (  1.2000E-03 )
  
  predicted energy change: -1.2626E-04
  step size:     0.10529
  trust radius:  0.30000
---------------- geometry iteration  24 complete ----------------
geopt (optimize geometry) done.
onee (1-electron integrals) done.
probe (project orbitals) done.
grid (grid generation) done.
rwr (Q operators) done.
  
       i  u  d  i  g
       t  p  i  c  r                                 RMS    maximum
       e  d  i  u  i                       energy  density   DIIS  
       r  t  s  t  d       total energy    change  change    error 
  
etot    1  N  N  2  U   -2341.39364094967           1.2E-04  4.3E-03
etot    2  Y  Y  6  M   -2341.39945856072  5.8E-03  2.3E-05  2.6E-04
etot    3  N  Y  2  U   -2341.39929406123 -1.6E-04  1.7E-05  7.0E-04
etot    4  N  Y  2  U   -2341.39944817317  1.5E-04  4.8E-06  2.2E-04
etot    5  N  Y  2  U   -2341.39945841130  1.0E-05  1.9E-06  5.6E-05
etot    6  N  N  2  U   -2341.39946014358  1.7E-06  0.0E+00  0.0E+00
scf (DFT) done.
der1a (1-e 1st deriv.) done.
rwr (1st deriv. Q) done.
der1b (2-e 1st deriv.) done.
  Geometry optimization step  25
  Total energy:     -2341.48235932557 hartrees
  energy change:          -1.4175E-04 .  (  5.0000E-05 )
  gradient maximum:        2.0622E-03 .  (  4.5000E-04 )
  gradient rms:            3.8911E-04 .  (  3.0000E-04 )
  displacement maximum:    2.6159E-02 .  (  1.8000E-03 )
  displacement rms:        3.8829E-03 .  (  1.2000E-03 )
  
  predicted energy change: -1.1124E-04
  step size:     0.07032
  trust radius:  0.30000
---------------- geometry iteration  25 complete ----------------
geopt (optimize geometry) done.
onee (1-electron integrals) done.
probe (project orbitals) done.
grid (grid generation) done.
rwr (Q operators) done.
  
       i  u  d  i  g
       t  p  i  c  r                                 RMS    maximum
       e  d  i  u  i                       energy  density   DIIS  
       r  t  s  t  d       total energy    change  change    error 
  
etot    1  N  N  2  U   -2341.39598360395           8.4E-05  3.2E-03
etot    2  Y  Y  6  M   -2341.39936035455  3.4E-03  1.5E-05  1.9E-04
etot    3  N  Y  2  U   -2341.39932240393 -3.8E-05  1.1E-05  3.3E-04
etot    4  N  Y  2  U   -2341.39937063023  4.8E-05  3.5E-06  1.3E-04
etot    5  N  N  2  U   -2341.39937651992  5.9E-06  0.0E+00  0.0E+00
scf (DFT) done.
der1a (1-e 1st deriv.) done.
rwr (1st deriv. Q) done.
der1b (2-e 1st deriv.) done.
  Geometry optimization step  26
  Total energy:     -2341.48247571980 hartrees
  energy change:          -1.1639E-04 .  (  5.0000E-05 )
  gradient maximum:        1.4383E-03 .  (  4.5000E-04 )
  gradient rms:            1.8618E-04 *  (  3.0000E-04 )
  displacement maximum:    3.5869E-02 .  (  1.8000E-03 )
  displacement rms:        3.8444E-03 .  (  1.2000E-03 )
  
  predicted energy change: -2.8858E-05
  step size:     0.06963
  trust radius:  0.30000
---------------- geometry iteration  26 complete ----------------
geopt (optimize geometry) done.
onee (1-electron integrals) done.
probe (project orbitals) done.
grid (grid generation) done.
rwr (Q operators) done.
  
       i  u  d  i  g
       t  p  i  c  r                                 RMS    maximum
       e  d  i  u  i                       energy  density   DIIS  
       r  t  s  t  d       total energy    change  change    error 
  
etot    1  N  N  2  U   -2341.39764882605           6.1E-05  1.9E-03
etot    2  Y  Y  6  M   -2341.39926058450  1.6E-03  1.2E-05  1.4E-04
etot    3  N  Y  2  U   -2341.39923759765 -2.3E-05  9.8E-06  4.4E-04
etot    4  N  Y  2  U   -2341.39927578361  3.8E-05  2.9E-06  1.2E-04
etot    5  N  N  2  U   -2341.39927824422  2.5E-06  0.0E+00  0.0E+00
scf (DFT) done.
der1a (1-e 1st deriv.) done.
rwr (1st deriv. Q) done.
der1b (2-e 1st deriv.) done.
  Geometry optimization step  27
  Total energy:     -2341.48240510261 hartrees
  energy change:           7.0617E-05 .  (  5.0000E-05 )
  gradient maximum:        1.4394E-03 .  (  4.5000E-04 )
  gradient rms:            2.2728E-04 *  (  3.0000E-04 )
  displacement maximum:    6.8051E-03 .  (  1.8000E-03 )
  displacement rms:        1.4667E-03 .  (  1.2000E-03 )
  
  predicted energy change: -1.6723E-05
  step size:     0.02656
  trust radius:  0.30000
---------------- geometry iteration  27 complete ----------------
geopt (optimize geometry) done.
onee (1-electron integrals) done.
probe (project orbitals) done.
grid (grid generation) done.
rwr (Q operators) done.
  
       i  u  d  i  g
       t  p  i  c  r                                 RMS    maximum
       e  d  i  u  i                       energy  density   DIIS  
       r  t  s  t  d       total energy    change  change    error 
  
etot    1  N  N  2  U   -2341.39899493582           3.1E-05  9.0E-04
etot    2  N  Y  2  U   -2341.39934657491  3.5E-04  1.6E-05  1.7E-04
etot    3  N  Y  2  U   -2341.39926363267 -8.3E-05  1.2E-05  4.7E-04
etot    4  N  Y  2  U   -2341.39935817817  9.5E-05  1.8E-06  4.9E-05
etot    5  N  N  2  U   -2341.39935911219  9.3E-07  0.0E+00  0.0E+00
scf (DFT) done.
der1a (1-e 1st deriv.) done.
rwr (1st deriv. Q) done.
der1b (2-e 1st deriv.) done.
  Geometry optimization step  28
  Total energy:     -2341.48246050529 hartrees
  energy change:          -5.5403E-05 .  (  5.0000E-05 )
  gradient maximum:        4.0981E-04 *  (  4.5000E-04 )
  gradient rms:            7.4609E-05 *  (  3.0000E-04 )
  displacement maximum:    6.0585E-03 .  (  1.8000E-03 )
  displacement rms:        9.1567E-04 *  (  1.2000E-03 )
  
  predicted energy change: -3.8003E-06
  step size:     0.01658
  trust radius:  0.30000
---------------- geometry iteration  28 complete ----------------
geopt (optimize geometry) done.
onee (1-electron integrals) done.
probe (project orbitals) done.
grid (grid generation) done.
rwr (Q operators) done.
  
       i  u  d  i  g
       t  p  i  c  r                                 RMS    maximum
       e  d  i  u  i                       energy  density   DIIS  
       r  t  s  t  d       total energy    change  change    error 
  
etot    1  N  N  2  U   -2341.39926056747           1.8E-05  5.2E-04
etot    2  N  Y  2  U   -2341.39937220380  1.1E-04  5.3E-06  5.9E-05
etot    3  N  Y  2  U   -2341.39936259008 -9.6E-06  3.9E-06  1.6E-04
etot    4  N  Y  2  U   -2341.39937371332  1.1E-05  8.1E-07  2.6E-05
etot    5  N  N  2  U   -2341.39937390610  1.9E-07  0.0E+00  0.0E+00
scf (DFT) done.
der1a (1-e 1st deriv.) done.
rwr (1st deriv. Q) done.
der1b (2-e 1st deriv.) done.
  Geometry optimization step  29
  Total energy:     -2341.48244979803 hartrees
  energy change:           1.0707E-05 *  (  5.0000E-05 )
  gradient maximum:        3.7931E-04 *  (  4.5000E-04 )
  gradient rms:            7.1800E-05 *  (  3.0000E-04 )
  displacement maximum:    1.4010E-02 .  (  1.8000E-03 )
  displacement rms:        1.4486E-03 .  (  1.2000E-03 )
  
  predicted energy change: -4.5584E-06
  step size:     0.02624
  trust radius:  0.30000
---------------- geometry iteration  29 complete ----------------
geopt (optimize geometry) done.
onee (1-electron integrals) done.
probe (project orbitals) done.
grid (grid generation) done.
rwr (Q operators) done.
  
       i  u  d  i  g
       t  p  i  c  r                                 RMS    maximum
       e  d  i  u  i                       energy  density   DIIS  
       r  t  s  t  d       total energy    change  change    error 
  
etot    1  N  N  2  U   -2341.39910370328           2.3E-05  7.4E-04
etot    2  N  Y  2  U   -2341.39930712292  2.0E-04  6.0E-06  5.5E-05
etot    3  N  Y  2  U   -2341.39929718146 -9.9E-06  4.5E-06  1.8E-04
etot    4  N  Y  2  U   -2341.39930876169  1.2E-05  9.6E-07  3.4E-05
etot    5  N  N  2  U   -2341.39930904075  2.8E-07  0.0E+00  0.0E+00
scf (DFT) done.
der1a (1-e 1st deriv.) done.
rwr (1st deriv. Q) done.
der1b (2-e 1st deriv.) done.
  Geometry optimization step  30
  Total energy:     -2341.48244095388 hartrees
  energy change:           8.8442E-06 *  (  5.0000E-05 )
  gradient maximum:        3.8339E-04 *  (  4.5000E-04 )
  gradient rms:            7.6444E-05 *  (  3.0000E-04 )
  displacement maximum:    1.3608E-02 .  (  1.8000E-03 )
  displacement rms:        1.6223E-03 .  (  1.2000E-03 )
  
  predicted energy change: -4.2226E-06
  step size:     0.02938
  trust radius:  0.30000
---------------- geometry iteration  30 complete ----------------
geopt (optimize geometry) done.
onee (1-electron integrals) done.
probe (project orbitals) done.
grid (grid generation) done.
rwr (Q operators) done.
  
       i  u  d  i  g
       t  p  i  c  r                                 RMS    maximum
       e  d  i  u  i                       energy  density   DIIS  
       r  t  s  t  d       total energy    change  change    error 
  
etot    1  N  N  2  U   -2341.39890498457           2.8E-05  1.1E-03
etot    2  N  Y  2  U   -2341.39927133968  3.7E-04  3.6E-06  4.7E-05
etot    3  N  Y  2  U   -2341.39926915957 -2.2E-06  3.0E-06  9.8E-05
etot    4  N  N  2  U   -2341.39927205911  2.9E-06  0.0E+00  0.0E+00
scf (DFT) done.
der1a (1-e 1st deriv.) done.
rwr (1st deriv. Q) done.
der1b (2-e 1st deriv.) done.
  Geometry optimization step  31
  Total energy:     -2341.48245785001 hartrees
  energy change:          -1.6896E-05 *  (  5.0000E-05 )
  gradient maximum:        4.5231E-04 .  (  4.5000E-04 )
  gradient rms:            9.1108E-05 *  (  3.0000E-04 )
  displacement maximum:    6.1895E-03 .  (  1.8000E-03 )
  displacement rms:        8.5143E-04 *  (  1.2000E-03 )
  
  predicted energy change: -4.2921E-06
  step size:     0.01542
  trust radius:  0.30000
---------------- geometry iteration  31 complete ----------------
geopt (optimize geometry) done.
onee (1-electron integrals) done.
probe (project orbitals) done.
grid (grid generation) done.
rwr (Q operators) done.
  
       i  u  d  i  g
       t  p  i  c  r                                 RMS    maximum
       e  d  i  u  i                       energy  density   DIIS  
       r  t  s  t  d       total energy    change  change    error 
  
etot    1  N  N  2  U   -2341.39909020057           2.1E-05  1.1E-03
etot    2  N  Y  2  U   -2341.39929037634  2.0E-04  1.3E-05  1.9E-04
etot    3  N  Y  2  U   -2341.39922442361 -6.6E-05  1.0E-05  5.3E-04
etot    4  N  Y  2  U   -2341.39929964349  7.5E-05  1.0E-06  2.6E-05
etot    5  N  N  2  U   -2341.39929998634  3.4E-07  0.0E+00  0.0E+00
scf (DFT) done.
der1a (1-e 1st deriv.) done.
rwr (1st deriv. Q) done.
der1b (2-e 1st deriv.) done.
  Geometry optimization step  32
  Total energy:     -2341.48245677624 hartrees
  energy change:           1.0738E-06 #  (  5.0000E-05 )
  gradient maximum:        3.4530E-04 *  (  4.5000E-04 )
  gradient rms:            4.9099E-05 #  (  3.0000E-04 )
  displacement maximum:    4.6755E-03 .  (  1.8000E-03 )
  displacement rms:        6.9129E-04 *  (  1.2000E-03 )
  
  predicted energy change: -1.6060E-06
  step size:     0.01252
  trust radius:  0.30000
------------- final geometry iteration  32 complete -------------
geopt (optimize geometry) done.
cutabab2 (abab integrals) done.
der2a (1-e JK-1st deriv.) done.
der2b (2-e JK-1st deriv.) done.
der2nda (1-e 2nd deriv.) done.
der2ndb (2-e 2nd deriv.) done.
rwr (Q operators) done.
cphfa (gradient of wave function) done.
freq (vib. frequencies) done.
Job J1_10128_2111 completed on hpc-90-12.cm.cluster at Thu May 30 00:00:26 2024
Timer (jaguar_backend.py) : 8761.00 secs (2 hrs, 26 mins, 01 secs)
Finished:   Thu May 30 00:00:26 2024
