Command:  /groups/wag/programs/Schrodinger_2020_3/jaguar run -WAIT -PARALLEL 8 /central/home/labounad/wittig-ch121/out/J1_10337_2111/J1_10337_2111.in
Release:  2020-3
Exec:     /groups/wag/programs/Schrodinger_2020_3/jaguar-v10.9/bin/Linux-x86_64
Host:     hpc-90-25.cm.cluster
JobId:    hpc-90-25-0-66572f2f
JobDir:   /central/scratch/labounad/J1_10337_2111#hpc-90-25-0-66572f2f
Date:     Wed May 29 06:35:45 2024

Contents of /central/scratch/labounad/J1_10337_2111#hpc-90-25-0-66572f2f:
/central/scratch/labounad/J1_10337_2111#hpc-90-25-0-66572f2f/J1_10337_2111.log
/central/scratch/labounad/J1_10337_2111#hpc-90-25-0-66572f2f/hpc-90-25-0-66572f2f.nodes
/central/scratch/labounad/J1_10337_2111#hpc-90-25-0-66572f2f/.write_dir.json
/central/scratch/labounad/J1_10337_2111#hpc-90-25-0-66572f2f/J1_10337_2111.recover
/central/scratch/labounad/J1_10337_2111#hpc-90-25-0-66572f2f/hpc-90-25-0-66572f2f.recover
/central/scratch/labounad/J1_10337_2111#hpc-90-25-0-66572f2f/hpc-90-25-0-66572f2f
/central/scratch/labounad/J1_10337_2111#hpc-90-25-0-66572f2f/J1_10337_2111.in
/central/scratch/labounad/J1_10337_2111#hpc-90-25-0-66572f2f/hpc-90-25-0-66572f2f.mpinodes

Executing subprocess:
/groups/wag/programs/Schrodinger_2020_3/jaguar-v10.9/bin/Linux-x86_64/jexec J1_10337_2111.in -T 8 -out /central/scratch/labounad/J1_10337_2111#hpc-90-25-0-66572f2f -cwd

Job J1_10337_2111 started on hpc-90-25.cm.cluster at Wed May 29 06:35:45 2024
jobid: hpc-90-25-0-66572f2f 
Jaguar version 10.9, release 139
 Using up to   8 threads per process
Molecular Point Group: C1      
Point Group used: C1
pre (input checking) done.
onee (1-electron integrals) done.
hfig (HF initial guess) done.
probe (project orbitals) done.
grid (grid generation) done.
rwr (Q operators) done.
scf type: DFT=PBE(X+LC)+PW91 (PBE-D3)
  
       i  u  d  i  g
       t  p  i  c  r                                 RMS    maximum
       e  d  i  u  i                       energy  density   DIIS  
       r  t  s  t  d       total energy    change  change    error 
  
etot    1  N  N  5  M   -1799.58881799881           6.5E-03  1.2E-01
etot    2  Y  Y  6  M   -1790.06634220264 -9.5E+00  1.2E-02  1.8E-01
etot    3  Y  Y  6  M   -1787.27537725399 -2.8E+00  1.1E-02  1.9E-01
etot    4  N  Y  2  U   -1803.07845626114  1.6E+01  3.0E-03  7.5E-02
etot    5  Y  Y  6  M   -1803.49382113073  4.2E-01  1.9E-03  4.5E-02
etot    6  N  Y  2  U   -1804.12465987362  6.3E-01  7.8E-04  1.5E-02
etot    7  Y  Y  6  M   -1804.20322892048  7.9E-02  3.6E-04  1.1E-02
etot    8  N  Y  2  U   -1804.23392644726  3.1E-02  1.4E-04  4.5E-03
etot    9  Y  Y  6  M   -1804.23907649663  5.2E-03  5.7E-05  1.5E-03
etot   10  N  Y  2  U   -1804.23966273252  5.9E-04  3.9E-05  1.5E-03
etot   11  N  Y  2  U   -1804.23988262716  2.2E-04  2.3E-05  5.8E-04
etot   12  N  Y  2  U   -1804.23998016147  9.8E-05  9.3E-06  3.2E-04
etot   13  N  Y  2  U   -1804.23999462643  1.4E-05  4.7E-06  1.8E-04
etot   14  N  N  2  U   -1804.23999836663  3.7E-06  0.0E+00  0.0E+00
scf (DFT) done.
der1a (1-e 1st deriv.) done.
rwr (1st deriv. Q) done.
der1b (2-e 1st deriv.) done.
  Geometry optimization step   1
  Total energy:     -1804.29757982647 hartrees
  gradient maximum:        3.2355E-02 .  (  4.5000E-04 )
  gradient rms:            7.0471E-03 .  (  3.0000E-04 )
  displacement maximum:    1.1687E-01 .  (  1.8000E-03 )
  displacement rms:        1.9216E-02 .  (  1.2000E-03 )
  
  predicted energy change: -2.0161E-02
  step size:     0.30016
  trust radius:  0.30000
---------------- geometry iteration   1 complete ----------------
geopt (optimize geometry) done.
onee (1-electron integrals) done.
probe (project orbitals) done.
grid (grid generation) done.
rwr (Q operators) done.
  
       i  u  d  i  g
       t  p  i  c  r                                 RMS    maximum
       e  d  i  u  i                       energy  density   DIIS  
       r  t  s  t  d       total energy    change  change    error 
  
etot    1  N  N  2  U   -1804.24394122081           7.7E-04  1.2E-02
etot    2  Y  Y  6  M   -1804.25821838520  1.4E-02  1.0E-04  1.2E-03
etot    3  N  Y  2  U   -1804.25734451418 -8.7E-04  7.5E-05  2.0E-03
etot    4  Y  Y  6  M   -1804.25883711072  1.5E-03  2.2E-05  7.8E-04
etot    5  N  Y  2  U   -1804.25900354546  1.7E-04  7.3E-06  2.4E-04
etot    6  N  Y  2  U   -1804.25901857407  1.5E-05  2.3E-06  8.6E-05
etot    7  N  N  2  U   -1804.25901973154  1.2E-06  0.0E+00  0.0E+00
scf (DFT) done.
der1a (1-e 1st deriv.) done.
rwr (1st deriv. Q) done.
der1b (2-e 1st deriv.) done.
  Geometry optimization step   2
  Total energy:     -1804.31612060440 hartrees
  energy change:          -1.8541E-02 .  (  5.0000E-05 )
  gradient maximum:        1.1706E-02 .  (  4.5000E-04 )
  gradient rms:            1.8709E-03 .  (  3.0000E-04 )
  displacement maximum:    1.2350E-01 .  (  1.8000E-03 )
  displacement rms:        1.9195E-02 .  (  1.2000E-03 )
  
  predicted energy change: -3.2539E-03
  step size:     0.29984
  trust radius:  0.30000
---------------- geometry iteration   2 complete ----------------
geopt (optimize geometry) done.
onee (1-electron integrals) done.
probe (project orbitals) done.
grid (grid generation) done.
rwr (Q operators) done.
  
       i  u  d  i  g
       t  p  i  c  r                                 RMS    maximum
       e  d  i  u  i                       energy  density   DIIS  
       r  t  s  t  d       total energy    change  change    error 
  
etot    1  N  N  2  U   -1804.22423937092           4.1E-04  1.3E-02
etot    2  Y  Y  6  M   -1804.26210430199  3.8E-02  9.0E-05  9.3E-04
etot    3  N  Y  2  U   -1804.26055485336 -1.5E-03  7.2E-05  2.6E-03
etot    4  Y  Y  6  M   -1804.26211760151  1.6E-03  2.1E-05  8.6E-04
etot    5  N  Y  2  U   -1804.26229357021  1.8E-04  6.8E-06  2.4E-04
etot    6  N  Y  2  U   -1804.26230588467  1.2E-05  2.3E-06  6.9E-05
etot    7  N  N  2  U   -1804.26230683697  9.5E-07  0.0E+00  0.0E+00
scf (DFT) done.
der1a (1-e 1st deriv.) done.
rwr (1st deriv. Q) done.
der1b (2-e 1st deriv.) done.
  Geometry optimization step   3
  Total energy:     -1804.31807879151 hartrees
  energy change:          -1.9582E-03 .  (  5.0000E-05 )
  gradient maximum:        1.4152E-02 .  (  4.5000E-04 )
  gradient rms:            2.0738E-03 .  (  3.0000E-04 )
  displacement maximum:    7.5094E-02 .  (  1.8000E-03 )
  displacement rms:        1.6596E-02 .  (  1.2000E-03 )
  
  predicted energy change: -2.8232E-03
  step size:     0.25923
  trust radius:  0.30000
---------------- geometry iteration   3 complete ----------------
geopt (optimize geometry) done.
onee (1-electron integrals) done.
probe (project orbitals) done.
grid (grid generation) done.
rwr (Q operators) done.
  
       i  u  d  i  g
       t  p  i  c  r                                 RMS    maximum
       e  d  i  u  i                       energy  density   DIIS  
       r  t  s  t  d       total energy    change  change    error 
  
etot    1  N  N  2  U   -1804.23023656579           3.4E-04  1.1E-02
etot    2  Y  Y  6  M   -1804.26156554065  3.1E-02  8.7E-05  7.8E-04
etot    3  N  Y  2  U   -1804.26011416350 -1.5E-03  6.4E-05  2.7E-03
etot    4  Y  Y  6  M   -1804.26168342907  1.6E-03  1.3E-05  6.4E-04
etot    5  N  Y  2  U   -1804.26166465275 -1.9E-05  5.4E-06  1.6E-04
etot    6  N  Y  2  U   -1804.26167200815  7.4E-06  2.1E-06  7.3E-05
etot    7  N  N  2  U   -1804.26167268130  6.7E-07  0.0E+00  0.0E+00
scf (DFT) done.
der1a (1-e 1st deriv.) done.
rwr (1st deriv. Q) done.
der1b (2-e 1st deriv.) done.
  Geometry optimization step   4
  Total energy:     -1804.31907960696 hartrees
  energy change:          -1.0008E-03 .  (  5.0000E-05 )
  gradient maximum:        1.8449E-02 .  (  4.5000E-04 )
  gradient rms:            2.8612E-03 .  (  3.0000E-04 )
  displacement maximum:    9.2668E-02 .  (  1.8000E-03 )
  displacement rms:        1.6316E-02 .  (  1.2000E-03 )
  
  predicted energy change: -2.0630E-03
  step size:     0.25486
  trust radius:  0.30000
---------------- geometry iteration   4 complete ----------------
geopt (optimize geometry) done.
onee (1-electron integrals) done.
probe (project orbitals) done.
grid (grid generation) done.
rwr (Q operators) done.
  
       i  u  d  i  g
       t  p  i  c  r                                 RMS    maximum
       e  d  i  u  i                       energy  density   DIIS  
       r  t  s  t  d       total energy    change  change    error 
  
etot    1  N  N  2  U   -1804.22609535627           4.2E-04  1.2E-02
etot    2  Y  Y  6  M   -1804.26308657255  3.7E-02  6.7E-05  8.6E-04
etot    3  N  Y  2  U   -1804.26247152133 -6.2E-04  5.0E-05  2.2E-03
etot    4  N  Y  2  U   -1804.26320422540  7.3E-04  1.7E-05  7.2E-04
etot    5  N  Y  2  U   -1804.26328327433  7.9E-05  5.8E-06  1.9E-04
etot    6  N  Y  2  U   -1804.26329210023  8.8E-06  2.1E-06  6.3E-05
etot    7  N  N  2  U   -1804.26329289249  7.9E-07  0.0E+00  0.0E+00
scf (DFT) done.
der1a (1-e 1st deriv.) done.
rwr (1st deriv. Q) done.
der1b (2-e 1st deriv.) done.
  Geometry optimization step   5
  Total energy:     -1804.31948657526 hartrees
  energy change:          -4.0697E-04 .  (  5.0000E-05 )
  gradient maximum:        9.0747E-03 .  (  4.5000E-04 )
  gradient rms:            1.6449E-03 .  (  3.0000E-04 )
  displacement maximum:    1.5282E-01 .  (  1.8000E-03 )
  displacement rms:        1.9213E-02 .  (  1.2000E-03 )
  
  predicted energy change: -1.9566E-03
  step size:     0.30011
  trust radius:  0.30000
---------------- geometry iteration   5 complete ----------------
geopt (optimize geometry) done.
onee (1-electron integrals) done.
probe (project orbitals) done.
grid (grid generation) done.
rwr (Q operators) done.
  
       i  u  d  i  g
       t  p  i  c  r                                 RMS    maximum
       e  d  i  u  i                       energy  density   DIIS  
       r  t  s  t  d       total energy    change  change    error 
  
etot    1  N  N  2  U   -1804.21207356428           8.3E-04  1.8E-02
etot    2  Y  Y  6  M   -1804.26354786500  5.1E-02  1.1E-04  1.3E-03
etot    3  N  Y  2  U   -1804.26194439394 -1.6E-03  8.2E-05  2.4E-03
etot    4  Y  Y  6  M   -1804.26369089707  1.7E-03  2.0E-05  6.8E-04
etot    5  N  Y  2  U   -1804.26381680911  1.3E-04  8.0E-06  3.4E-04
etot    6  N  Y  2  U   -1804.26383657042  2.0E-05  3.1E-06  7.5E-05
etot    7  N  N  2  U   -1804.26383761525  1.0E-06  0.0E+00  0.0E+00
scf (DFT) done.
der1a (1-e 1st deriv.) done.
rwr (1st deriv. Q) done.
der1b (2-e 1st deriv.) done.
  Geometry optimization step   6
  Total energy:     -1804.31981611291 hartrees
  energy change:          -3.2954E-04 .  (  5.0000E-05 )
  gradient maximum:        1.0702E-02 .  (  4.5000E-04 )
  gradient rms:            2.0486E-03 .  (  3.0000E-04 )
  displacement maximum:    1.1711E-01 .  (  1.8000E-03 )
  displacement rms:        1.7632E-02 .  (  1.2000E-03 )
  
  predicted energy change: -1.7942E-03
  step size:     0.27541
  trust radius:  0.30000
---------------- geometry iteration   6 complete ----------------
geopt (optimize geometry) done.
onee (1-electron integrals) done.
probe (project orbitals) done.
grid (grid generation) done.
rwr (Q operators) done.
  
       i  u  d  i  g
       t  p  i  c  r                                 RMS    maximum
       e  d  i  u  i                       energy  density   DIIS  
       r  t  s  t  d       total energy    change  change    error 
  
etot    1  N  N  2  U   -1804.23963116286           3.2E-04  8.6E-03
etot    2  Y  Y  6  M   -1804.26449613643  2.5E-02  6.7E-05  7.2E-04
etot    3  N  Y  2  U   -1804.26371588686 -7.8E-04  5.1E-05  1.8E-03
etot    4  Y  Y  6  M   -1804.26447691281  7.6E-04  1.3E-05  4.6E-04
etot    5  N  Y  2  U   -1804.26455720461  8.0E-05  5.1E-06  2.3E-04
etot    6  N  Y  2  U   -1804.26456487177  7.7E-06  1.9E-06  5.3E-05
etot    7  N  N  2  U   -1804.26456532913  4.6E-07  0.0E+00  0.0E+00
scf (DFT) done.
der1a (1-e 1st deriv.) done.
rwr (1st deriv. Q) done.
der1b (2-e 1st deriv.) done.
  Geometry optimization step   7
  Total energy:     -1804.32123423120 hartrees
  energy change:          -1.4181E-03 .  (  5.0000E-05 )
  gradient maximum:        7.7061E-03 .  (  4.5000E-04 )
  gradient rms:            1.2055E-03 .  (  3.0000E-04 )
  displacement maximum:    1.1619E-01 .  (  1.8000E-03 )
  displacement rms:        1.9217E-02 .  (  1.2000E-03 )
  
  predicted energy change: -1.4791E-03
  step size:     0.30019
  trust radius:  0.30000
---------------- geometry iteration   7 complete ----------------
geopt (optimize geometry) done.
onee (1-electron integrals) done.
probe (project orbitals) done.
grid (grid generation) done.
rwr (Q operators) done.
  
       i  u  d  i  g
       t  p  i  c  r                                 RMS    maximum
       e  d  i  u  i                       energy  density   DIIS  
       r  t  s  t  d       total energy    change  change    error 
  
etot    1  N  N  2  U   -1804.22800107461           3.8E-04  1.3E-02
etot    2  Y  Y  6  M   -1804.26405339159  3.6E-02  7.9E-05  7.8E-04
etot    3  N  Y  2  U   -1804.26325069467 -8.0E-04  5.9E-05  1.8E-03
etot    4  Y  Y  6  M   -1804.26419575962  9.5E-04  1.2E-05  5.5E-04
etot    5  N  Y  2  U   -1804.26422206276  2.6E-05  5.1E-06  1.9E-04
etot    6  N  Y  2  U   -1804.26423025210  8.2E-06  2.3E-06  4.7E-05
etot    7  N  N  2  U   -1804.26423091551  6.6E-07  0.0E+00  0.0E+00
scf (DFT) done.
der1a (1-e 1st deriv.) done.
rwr (1st deriv. Q) done.
der1b (2-e 1st deriv.) done.
  Geometry optimization step   8
  Total energy:     -1804.32092238440 hartrees
  energy change:           3.1185E-04 .  (  5.0000E-05 )
  gradient maximum:        8.0095E-03 .  (  4.5000E-04 )
  gradient rms:            1.4591E-03 .  (  3.0000E-04 )
  displacement maximum:    1.0581E-01 .  (  1.8000E-03 )
  displacement rms:        1.9198E-02 .  (  1.2000E-03 )
  
  predicted energy change: -1.2012E-03
  step size:     0.29988
  trust radius:  0.30000
---------------- geometry iteration   8 complete ----------------
geopt (optimize geometry) done.
onee (1-electron integrals) done.
probe (project orbitals) done.
grid (grid generation) done.
rwr (Q operators) done.
  
       i  u  d  i  g
       t  p  i  c  r                                 RMS    maximum
       e  d  i  u  i                       energy  density   DIIS  
       r  t  s  t  d       total energy    change  change    error 
  
etot    1  N  N  2  U   -1804.23237006550           3.7E-04  1.5E-02
etot    2  Y  Y  6  M   -1804.26547849898  3.3E-02  8.6E-05  9.6E-04
etot    3  N  Y  2  U   -1804.26446163883 -1.0E-03  6.6E-05  1.8E-03
etot    4  Y  Y  6  M   -1804.26549596550  1.0E-03  1.6E-05  5.4E-04
etot    5  N  Y  2  U   -1804.26559838059  1.0E-04  6.3E-06  3.5E-04
etot    6  N  Y  2  U   -1804.26561216425  1.4E-05  2.1E-06  6.0E-05
etot    7  N  N  2  U   -1804.26561262744  4.6E-07  0.0E+00  0.0E+00
scf (DFT) done.
der1a (1-e 1st deriv.) done.
rwr (1st deriv. Q) done.
der1b (2-e 1st deriv.) done.
  Geometry optimization step   9
  Total energy:     -1804.32251010439 hartrees
  energy change:          -1.5877E-03 .  (  5.0000E-05 )
  gradient maximum:        5.8212E-03 .  (  4.5000E-04 )
  gradient rms:            9.3325E-04 .  (  3.0000E-04 )
  displacement maximum:    9.8807E-02 .  (  1.8000E-03 )
  displacement rms:        1.9204E-02 .  (  1.2000E-03 )
  
  predicted energy change: -1.2112E-03
  step size:     0.29998
  trust radius:  0.30000
---------------- geometry iteration   9 complete ----------------
geopt (optimize geometry) done.
onee (1-electron integrals) done.
probe (project orbitals) done.
grid (grid generation) done.
rwr (Q operators) done.
  
       i  u  d  i  g
       t  p  i  c  r                                 RMS    maximum
       e  d  i  u  i                       energy  density   DIIS  
       r  t  s  t  d       total energy    change  change    error 
  
etot    1  N  N  2  U   -1804.23356565282           7.7E-04  1.3E-02
etot    2  Y  Y  6  M   -1804.26698011389  3.3E-02  9.1E-05  1.0E-03
etot    3  N  Y  2  U   -1804.26598592628 -9.9E-04  7.1E-05  1.8E-03
etot    4  Y  Y  6  M   -1804.26704755282  1.1E-03  1.9E-05  5.9E-04
etot    5  N  Y  2  U   -1804.26718338099  1.4E-04  7.0E-06  3.6E-04
etot    6  N  Y  2  U   -1804.26719900667  1.6E-05  2.4E-06  6.4E-05
etot    7  N  N  2  U   -1804.26719985848  8.5E-07  0.0E+00  0.0E+00
scf (DFT) done.
der1a (1-e 1st deriv.) done.
rwr (1st deriv. Q) done.
der1b (2-e 1st deriv.) done.
  Geometry optimization step  10
  Total energy:     -1804.32408103341 hartrees
  energy change:          -1.5709E-03 .  (  5.0000E-05 )
  gradient maximum:        6.3671E-03 .  (  4.5000E-04 )
  gradient rms:            8.1524E-04 .  (  3.0000E-04 )
  displacement maximum:    1.0637E-01 .  (  1.8000E-03 )
  displacement rms:        1.9207E-02 .  (  1.2000E-03 )
  
  predicted energy change: -1.1986E-03
  step size:     0.30002
  trust radius:  0.30000
---------------- geometry iteration  10 complete ----------------
geopt (optimize geometry) done.
onee (1-electron integrals) done.
probe (project orbitals) done.
grid (grid generation) done.
rwr (Q operators) done.
  
       i  u  d  i  g
       t  p  i  c  r                                 RMS    maximum
       e  d  i  u  i                       energy  density   DIIS  
       r  t  s  t  d       total energy    change  change    error 
  
etot    1  N  N  2  U   -1804.23709301378           3.6E-04  8.5E-03
etot    2  Y  Y  6  M   -1804.26791987482  3.1E-02  8.0E-05  8.9E-04
etot    3  N  Y  2  U   -1804.26715053021 -7.7E-04  6.2E-05  1.6E-03
etot    4  Y  Y  6  M   -1804.26789817786  7.5E-04  1.7E-05  5.5E-04
etot    5  N  Y  2  U   -1804.26799840618  1.0E-04  6.2E-06  3.8E-04
etot    6  N  Y  2  U   -1804.26800920528  1.1E-05  2.3E-06  1.1E-04
etot    7  N  N  2  U   -1804.26800994228  7.4E-07  0.0E+00  0.0E+00
scf (DFT) done.
der1a (1-e 1st deriv.) done.
rwr (1st deriv. Q) done.
der1b (2-e 1st deriv.) done.
  Geometry optimization step  11
  Total energy:     -1804.32503286812 hartrees
  energy change:          -9.5183E-04 .  (  5.0000E-05 )
  gradient maximum:        5.4677E-03 .  (  4.5000E-04 )
  gradient rms:            9.3521E-04 .  (  3.0000E-04 )
  displacement maximum:    1.3939E-01 .  (  1.8000E-03 )
  displacement rms:        1.9201E-02 .  (  1.2000E-03 )
  
  predicted energy change: -1.4235E-03
  step size:     0.29993
  trust radius:  0.30000
---------------- geometry iteration  11 complete ----------------
geopt (optimize geometry) done.
onee (1-electron integrals) done.
probe (project orbitals) done.
grid (grid generation) done.
rwr (Q operators) done.
  
       i  u  d  i  g
       t  p  i  c  r                                 RMS    maximum
       e  d  i  u  i                       energy  density   DIIS  
       r  t  s  t  d       total energy    change  change    error 
  
etot    1  N  N  2  U   -1804.23591080183           3.9E-04  8.6E-03
etot    2  Y  Y  6  M   -1804.26910242370  3.3E-02  9.0E-05  1.1E-03
etot    3  N  Y  2  U   -1804.26840410589 -7.0E-04  6.7E-05  1.5E-03
etot    4  Y  Y  6  M   -1804.26914825970  7.4E-04  1.8E-05  5.8E-04
etot    5  N  Y  2  U   -1804.26926471076  1.2E-04  5.4E-06  1.6E-04
etot    6  N  Y  2  U   -1804.26927209005  7.4E-06  2.2E-06  7.9E-05
etot    7  N  N  2  U   -1804.26927275657  6.7E-07  0.0E+00  0.0E+00
scf (DFT) done.
der1a (1-e 1st deriv.) done.
rwr (1st deriv. Q) done.
der1b (2-e 1st deriv.) done.
  Geometry optimization step  12
  Total energy:     -1804.32631652706 hartrees
  energy change:          -1.2837E-03 .  (  5.0000E-05 )
  gradient maximum:        6.1845E-03 .  (  4.5000E-04 )
  gradient rms:            1.0486E-03 .  (  3.0000E-04 )
  displacement maximum:    1.2674E-01 .  (  1.8000E-03 )
  displacement rms:        1.9205E-02 .  (  1.2000E-03 )
  
  predicted energy change: -1.4335E-03
  step size:     0.29999
  trust radius:  0.30000
---------------- geometry iteration  12 complete ----------------
geopt (optimize geometry) done.
onee (1-electron integrals) done.
probe (project orbitals) done.
grid (grid generation) done.
rwr (Q operators) done.
  
       i  u  d  i  g
       t  p  i  c  r                                 RMS    maximum
       e  d  i  u  i                       energy  density   DIIS  
       r  t  s  t  d       total energy    change  change    error 
  
etot    1  N  N  2  U   -1804.23426676085           3.9E-04  8.7E-03
etot    2  Y  Y  6  M   -1804.26929240670  3.5E-02  9.6E-05  1.1E-03
etot    3  N  Y  2  U   -1804.26825087131 -1.0E-03  7.3E-05  1.9E-03
etot    4  Y  Y  6  M   -1804.26939646085  1.1E-03  1.8E-05  4.6E-04
etot    5  N  Y  2  U   -1804.26952267506  1.3E-04  5.6E-06  2.3E-04
etot    6  N  Y  2  U   -1804.26953134181  8.7E-06  2.4E-06  9.2E-05
etot    7  N  N  2  U   -1804.26953215802  8.2E-07  0.0E+00  0.0E+00
scf (DFT) done.
der1a (1-e 1st deriv.) done.
rwr (1st deriv. Q) done.
der1b (2-e 1st deriv.) done.
  Geometry optimization step  13
  Total energy:     -1804.32705497941 hartrees
  energy change:          -7.3845E-04 .  (  5.0000E-05 )
  gradient maximum:        2.5121E-03 .  (  4.5000E-04 )
  gradient rms:            6.6550E-04 .  (  3.0000E-04 )
  displacement maximum:    1.0401E-01 .  (  1.8000E-03 )
  displacement rms:        1.9203E-02 .  (  1.2000E-03 )
  
  predicted energy change: -1.2795E-03
  step size:     0.29996
  trust radius:  0.30000
---------------- geometry iteration  13 complete ----------------
geopt (optimize geometry) done.
onee (1-electron integrals) done.
probe (project orbitals) done.
grid (grid generation) done.
rwr (Q operators) done.
  
       i  u  d  i  g
       t  p  i  c  r                                 RMS    maximum
       e  d  i  u  i                       energy  density   DIIS  
       r  t  s  t  d       total energy    change  change    error 
  
etot    1  N  N  2  U   -1804.23480089843           3.9E-04  1.1E-02
etot    2  Y  Y  6  M   -1804.26955186584  3.5E-02  9.6E-05  1.1E-03
etot    3  N  Y  2  U   -1804.26862495055 -9.3E-04  7.2E-05  1.6E-03
etot    4  Y  Y  6  M   -1804.26974021686  1.1E-03  1.8E-05  5.2E-04
etot    5  N  Y  2  U   -1804.26985333537  1.1E-04  5.3E-06  2.4E-04
etot    6  N  Y  2  U   -1804.26986326625  9.9E-06  2.2E-06  5.3E-05
etot    7  N  N  2  U   -1804.26986376354  5.0E-07  0.0E+00  0.0E+00
scf (DFT) done.
der1a (1-e 1st deriv.) done.
rwr (1st deriv. Q) done.
der1b (2-e 1st deriv.) done.
  Geometry optimization step  14
  Total energy:     -1804.32794417608 hartrees
  energy change:          -8.8920E-04 .  (  5.0000E-05 )
  gradient maximum:        3.6957E-03 .  (  4.5000E-04 )
  gradient rms:            6.8569E-04 .  (  3.0000E-04 )
  displacement maximum:    9.8821E-02 .  (  1.8000E-03 )
  displacement rms:        1.9200E-02 .  (  1.2000E-03 )
  
  predicted energy change: -7.4555E-04
  step size:     0.29991
  trust radius:  0.30000
---------------- geometry iteration  14 complete ----------------
geopt (optimize geometry) done.
onee (1-electron integrals) done.
probe (project orbitals) done.
grid (grid generation) done.
rwr (Q operators) done.
  
       i  u  d  i  g
       t  p  i  c  r                                 RMS    maximum
       e  d  i  u  i                       energy  density   DIIS  
       r  t  s  t  d       total energy    change  change    error 
  
etot    1  N  N  2  U   -1804.24421513432           3.4E-04  6.2E-03
etot    2  Y  Y  6  M   -1804.26978344063  2.6E-02  9.5E-05  1.2E-03
etot    3  N  Y  2  U   -1804.26883604363 -9.5E-04  6.9E-05  1.8E-03
etot    4  Y  Y  6  M   -1804.27002220939  1.2E-03  1.4E-05  6.9E-04
etot    5  N  Y  2  U   -1804.27009795823  7.6E-05  4.9E-06  2.8E-04
etot    6  N  N  2  U   -1804.27010662323  8.7E-06  0.0E+00  0.0E+00
scf (DFT) done.
der1a (1-e 1st deriv.) done.
rwr (1st deriv. Q) done.
der1b (2-e 1st deriv.) done.
  Geometry optimization step  15
  Total energy:     -1804.32859987488 hartrees
  energy change:          -6.5570E-04 .  (  5.0000E-05 )
  gradient maximum:        3.2647E-03 .  (  4.5000E-04 )
  gradient rms:            6.3525E-04 .  (  3.0000E-04 )
  displacement maximum:    1.1192E-01 .  (  1.8000E-03 )
  displacement rms:        1.9204E-02 .  (  1.2000E-03 )
  
  predicted energy change: -4.9839E-04
  step size:     0.29998
  trust radius:  0.30000
---------------- geometry iteration  15 complete ----------------
geopt (optimize geometry) done.
onee (1-electron integrals) done.
probe (project orbitals) done.
grid (grid generation) done.
rwr (Q operators) done.
  
       i  u  d  i  g
       t  p  i  c  r                                 RMS    maximum
       e  d  i  u  i                       energy  density   DIIS  
       r  t  s  t  d       total energy    change  change    error 
  
etot    1  N  N  2  U   -1804.22832035967           3.8E-04  1.3E-02
etot    2  Y  Y  6  M   -1804.26956763499  4.1E-02  5.8E-05  6.0E-04
etot    3  N  Y  2  U   -1804.26896029974 -6.1E-04  4.5E-05  1.4E-03
etot    4  N  Y  2  U   -1804.26952343491  5.6E-04  1.5E-05  5.1E-04
etot    5  N  Y  2  U   -1804.26957925614  5.6E-05  5.9E-06  1.9E-04
etot    6  N  Y  2  U   -1804.26958716017  7.9E-06  2.0E-06  6.0E-05
etot    7  N  N  2  U   -1804.26958797409  8.1E-07  0.0E+00  0.0E+00
scf (DFT) done.
der1a (1-e 1st deriv.) done.
rwr (1st deriv. Q) done.
der1b (2-e 1st deriv.) done.
  Geometry optimization step  16
  Total energy:     -1804.32832838576 hartrees
  energy change:           2.7149E-04 .  (  5.0000E-05 )
  gradient maximum:        5.1640E-03 .  (  4.5000E-04 )
  gradient rms:            8.6901E-04 .  (  3.0000E-04 )
  displacement maximum:    1.2033E-01 .  (  1.8000E-03 )
  displacement rms:        1.9205E-02 .  (  1.2000E-03 )
  
  predicted energy change: -6.1667E-04
  step size:     0.29999
  trust radius:  0.30000
---------------- geometry iteration  16 complete ----------------
geopt (optimize geometry) done.
onee (1-electron integrals) done.
probe (project orbitals) done.
grid (grid generation) done.
rwr (Q operators) done.
  
       i  u  d  i  g
       t  p  i  c  r                                 RMS    maximum
       e  d  i  u  i                       energy  density   DIIS  
       r  t  s  t  d       total energy    change  change    error 
  
etot    1  N  N  2  U   -1804.24807277968           3.2E-04  5.6E-03
etot    2  Y  Y  6  M   -1804.26889206006  2.1E-02  1.0E-04  7.8E-04
etot    3  N  Y  2  U   -1804.26770370408 -1.2E-03  7.1E-05  2.0E-03
etot    4  Y  Y  6  M   -1804.26906580204  1.4E-03  1.3E-05  4.7E-04
etot    5  N  Y  2  U   -1804.26908401378  1.8E-05  4.4E-06  1.9E-04
etot    6  N  N  2  U   -1804.26908972147  5.7E-06  0.0E+00  0.0E+00
scf (DFT) done.
der1a (1-e 1st deriv.) done.
rwr (1st deriv. Q) done.
der1b (2-e 1st deriv.) done.
  Geometry optimization step  17
  Total energy:     -1804.32812186312 hartrees
  ** restarting optimization from step   15 **
  energy change:           2.0652E-04 .  (  5.0000E-05 )
  gradient maximum:        3.2647E-03 .  (  4.5000E-04 )
  gradient rms:            6.3525E-04 .  (  3.0000E-04 )
  displacement maximum:    9.1226E-02 .  (  1.8000E-03 )
  displacement rms:        1.8965E-02 .  (  1.2000E-03 )
  
  predicted energy change: -5.6756E-04
  step size:     0.29625
  trust radius:  0.30000
---------------- geometry iteration  17 complete ----------------
geopt (optimize geometry) done.
onee (1-electron integrals) done.
probe (project orbitals) done.
grid (grid generation) done.
rwr (Q operators) done.
  
       i  u  d  i  g
       t  p  i  c  r                                 RMS    maximum
       e  d  i  u  i                       energy  density   DIIS  
       r  t  s  t  d       total energy    change  change    error 
  
etot    1  N  N  2  U   -1804.24162233466           3.8E-04  6.0E-03
etot    2  Y  Y  6  M   -1804.26911482675  2.7E-02  1.6E-04  2.3E-03
etot    3  N  Y  2  U   -1804.26573498637 -3.4E-03  1.1E-04  6.2E-03
etot    4  Y  Y  6  M   -1804.26957751998  3.8E-03  2.1E-05  8.3E-04
etot    5  N  Y  2  U   -1804.26972746775  1.5E-04  8.6E-06  3.3E-04
etot    6  N  Y  2  U   -1804.26974349566  1.6E-05  3.7E-06  1.7E-04
etot    7  N  N  2  U   -1804.26974740973  3.9E-06  0.0E+00  0.0E+00
scf (DFT) done.
der1a (1-e 1st deriv.) done.
rwr (1st deriv. Q) done.
der1b (2-e 1st deriv.) done.
  Geometry optimization step  18
  Total energy:     -1804.32817210204 hartrees
  energy change:           4.2777E-04 .  (  5.0000E-05 )
  gradient maximum:        6.1389E-03 .  (  4.5000E-04 )
  gradient rms:            9.9188E-04 .  (  3.0000E-04 )
  displacement maximum:    8.2174E-02 .  (  1.8000E-03 )
  displacement rms:        1.6782E-02 .  (  1.2000E-03 )
  
  predicted energy change: -6.5114E-04
  step size:     0.26214
  trust radius:  0.30000
---------------- geometry iteration  18 complete ----------------
geopt (optimize geometry) done.
onee (1-electron integrals) done.
probe (project orbitals) done.
grid (grid generation) done.
rwr (Q operators) done.
  
       i  u  d  i  g
       t  p  i  c  r                                 RMS    maximum
       e  d  i  u  i                       energy  density   DIIS  
       r  t  s  t  d       total energy    change  change    error 
  
etot    1  N  N  2  U   -1804.22926083108           3.9E-04  1.2E-02
etot    2  Y  Y  6  M   -1804.26947479077  4.0E-02  1.3E-04  9.4E-04
etot    3  N  Y  2  U   -1804.26731995088 -2.2E-03  9.6E-05  2.7E-03
etot    4  Y  Y  6  M   -1804.26974414799  2.4E-03  1.8E-05  6.3E-04
etot    5  N  Y  2  U   -1804.26976833117  2.4E-05  7.5E-06  2.7E-04
etot    6  N  Y  2  U   -1804.26978430862  1.6E-05  3.1E-06  1.0E-04
etot    7  N  N  2  U   -1804.26978632998  2.0E-06  0.0E+00  0.0E+00
scf (DFT) done.
der1a (1-e 1st deriv.) done.
rwr (1st deriv. Q) done.
der1b (2-e 1st deriv.) done.
  Geometry optimization step  19
  Total energy:     -1804.32853337034 hartrees
  energy change:          -3.6127E-04 .  (  5.0000E-05 )
  gradient maximum:        8.1046E-03 .  (  4.5000E-04 )
  gradient rms:            1.4771E-03 .  (  3.0000E-04 )
  displacement maximum:    6.4025E-02 .  (  1.8000E-03 )
  displacement rms:        1.2400E-02 .  (  1.2000E-03 )
  
  predicted energy change: -7.9285E-04
  step size:     0.19369
  trust radius:  0.30000
---------------- geometry iteration  19 complete ----------------
geopt (optimize geometry) done.
onee (1-electron integrals) done.
probe (project orbitals) done.
grid (grid generation) done.
rwr (Q operators) done.
  
       i  u  d  i  g
       t  p  i  c  r                                 RMS    maximum
       e  d  i  u  i                       energy  density   DIIS  
       r  t  s  t  d       total energy    change  change    error 
  
etot    1  N  N  2  U   -1804.25580425402           2.4E-04  8.9E-03
etot    2  Y  Y  6  M   -1804.27028659265  1.4E-02  4.6E-05  6.1E-04
etot    3  N  Y  2  U   -1804.27006913533 -2.2E-04  3.6E-05  9.9E-04
etot    4  N  Y  2  U   -1804.27031965502  2.5E-04  1.4E-05  5.5E-04
etot    5  N  Y  2  U   -1804.27037518441  5.6E-05  4.5E-06  1.9E-04
etot    6  N  N  2  U   -1804.27038023876  5.1E-06  0.0E+00  0.0E+00
scf (DFT) done.
der1a (1-e 1st deriv.) done.
rwr (1st deriv. Q) done.
der1b (2-e 1st deriv.) done.
  Geometry optimization step  20
  Total energy:     -1804.32873935684 hartrees
  energy change:          -2.0599E-04 .  (  5.0000E-05 )
  gradient maximum:        4.8478E-03 .  (  4.5000E-04 )
  gradient rms:            8.0232E-04 .  (  3.0000E-04 )
  displacement maximum:    1.6375E-01 .  (  1.8000E-03 )
  displacement rms:        1.9219E-02 .  (  1.2000E-03 )
  
  predicted energy change: -5.8070E-04
  step size:     0.30021
  trust radius:  0.30000
---------------- geometry iteration  20 complete ----------------
geopt (optimize geometry) done.
onee (1-electron integrals) done.
probe (project orbitals) done.
grid (grid generation) done.
rwr (Q operators) done.
  
       i  u  d  i  g
       t  p  i  c  r                                 RMS    maximum
       e  d  i  u  i                       energy  density   DIIS  
       r  t  s  t  d       total energy    change  change    error 
  
etot    1  N  N  2  U   -1804.20548369264           4.6E-04  1.7E-02
etot    2  Y  Y  6  M   -1804.26888329800  6.3E-02  1.3E-04  1.0E-03
etot    3  N  Y  2  U   -1804.26664831942 -2.2E-03  9.7E-05  2.8E-03
etot    4  Y  Y  6  M   -1804.26907695958  2.4E-03  2.0E-05  6.6E-04
etot    5  N  Y  2  U   -1804.26920650382  1.3E-04  8.7E-06  3.2E-04
etot    6  N  Y  2  U   -1804.26922630219  2.0E-05  3.3E-06  1.1E-04
etot    7  N  N  2  U   -1804.26922896483  2.7E-06  0.0E+00  0.0E+00
scf (DFT) done.
der1a (1-e 1st deriv.) done.
rwr (1st deriv. Q) done.
der1b (2-e 1st deriv.) done.
  Geometry optimization step  21
  Total energy:     -1804.32815061876 hartrees
  ** restarting optimization from step   20 **
  energy change:           5.8874E-04 .  (  5.0000E-05 )
  gradient maximum:        4.8478E-03 .  (  4.5000E-04 )
  gradient rms:            8.0232E-04 .  (  3.0000E-04 )
  displacement maximum:    7.7963E-02 .  (  1.8000E-03 )
  displacement rms:        1.1461E-02 .  (  1.2000E-03 )
  
  predicted energy change: -3.2887E-04
  step size:     0.17902
  trust radius:  0.30000
---------------- geometry iteration  21 complete ----------------
geopt (optimize geometry) done.
onee (1-electron integrals) done.
probe (project orbitals) done.
grid (grid generation) done.
rwr (Q operators) done.
  
       i  u  d  i  g
       t  p  i  c  r                                 RMS    maximum
       e  d  i  u  i                       energy  density   DIIS  
       r  t  s  t  d       total energy    change  change    error 
  
etot    1  N  N  2  U   -1804.24994851438           2.8E-04  7.6E-03
etot    2  Y  Y  6  M   -1804.27057492647  2.1E-02  7.4E-05  8.2E-04
etot    3  N  Y  2  U   -1804.26980570928 -7.7E-04  5.4E-05  2.2E-03
etot    4  Y  Y  6  M   -1804.27066012649  8.5E-04  1.1E-05  3.3E-04
etot    5  N  Y  2  U   -1804.27067072757  1.1E-05  4.3E-06  1.8E-04
etot    6  N  N  2  U   -1804.27067604037  5.3E-06  0.0E+00  0.0E+00
scf (DFT) done.
der1a (1-e 1st deriv.) done.
rwr (1st deriv. Q) done.
der1b (2-e 1st deriv.) done.
  Geometry optimization step  22
  Total energy:     -1804.32875278506 hartrees
  energy change:          -1.3428E-05 *  (  5.0000E-05 )
  gradient maximum:        6.5180E-03 .  (  4.5000E-04 )
  gradient rms:            7.9649E-04 .  (  3.0000E-04 )
  displacement maximum:    1.2212E-01 .  (  1.8000E-03 )
  displacement rms:        1.9034E-02 .  (  1.2000E-03 )
  
  predicted energy change: -5.6417E-04
  step size:     0.29732
  trust radius:  0.30000
---------------- geometry iteration  22 complete ----------------
geopt (optimize geometry) done.
onee (1-electron integrals) done.
probe (project orbitals) done.
grid (grid generation) done.
rwr (Q operators) done.
  
       i  u  d  i  g
       t  p  i  c  r                                 RMS    maximum
       e  d  i  u  i                       energy  density   DIIS  
       r  t  s  t  d       total energy    change  change    error 
  
etot    1  N  N  2  U   -1804.21947142557           4.2E-04  1.4E-02
etot    2  Y  Y  6  M   -1804.26860813567  4.9E-02  9.4E-05  1.0E-03
etot    3  N  Y  2  U   -1804.26744699797 -1.2E-03  7.4E-05  2.0E-03
etot    4  Y  Y  6  M   -1804.26868070989  1.2E-03  1.8E-05  4.6E-04
etot    5  N  Y  2  U   -1804.26873469455  5.4E-05  6.4E-06  2.4E-04
etot    6  N  Y  2  U   -1804.26874616169  1.1E-05  2.7E-06  9.5E-05
etot    7  N  N  2  U   -1804.26874765537  1.5E-06  0.0E+00  0.0E+00
scf (DFT) done.
der1a (1-e 1st deriv.) done.
rwr (1st deriv. Q) done.
der1b (2-e 1st deriv.) done.
  Geometry optimization step  23
  Total energy:     -1804.32830667590 hartrees
  ** restarting optimization from step   22 **
  energy change:           4.4611E-04 .  (  5.0000E-05 )
  gradient maximum:        6.5180E-03 .  (  4.5000E-04 )
  gradient rms:            7.9649E-04 .  (  3.0000E-04 )
  displacement maximum:    6.4993E-02 .  (  1.8000E-03 )
  displacement rms:        9.5250E-03 .  (  1.2000E-03 )
  
  predicted energy change: -2.0923E-04
  step size:     0.14879
  trust radius:  0.14866
---------------- geometry iteration  23 complete ----------------
geopt (optimize geometry) done.
onee (1-electron integrals) done.
probe (project orbitals) done.
grid (grid generation) done.
rwr (Q operators) done.
  
       i  u  d  i  g
       t  p  i  c  r                                 RMS    maximum
       e  d  i  u  i                       energy  density   DIIS  
       r  t  s  t  d       total energy    change  change    error 
  
etot    1  N  N  2  U   -1804.23872913665           3.4E-04  9.6E-03
etot    2  Y  Y  6  M   -1804.27016778889  3.1E-02  9.6E-05  8.7E-04
etot    3  N  Y  2  U   -1804.26889246042 -1.3E-03  7.3E-05  2.1E-03
etot    4  Y  Y  6  M   -1804.27028481055  1.4E-03  1.6E-05  5.2E-04
etot    5  N  Y  2  U   -1804.27038734093  1.0E-04  6.6E-06  2.3E-04
etot    6  N  Y  2  U   -1804.27039962853  1.2E-05  2.2E-06  8.3E-05
etot    7  N  N  2  U   -1804.27040061380  9.9E-07  0.0E+00  0.0E+00
scf (DFT) done.
der1a (1-e 1st deriv.) done.
rwr (1st deriv. Q) done.
der1b (2-e 1st deriv.) done.
  Geometry optimization step  24
  Total energy:     -1804.32902205366 hartrees
  energy change:          -2.6927E-04 .  (  5.0000E-05 )
  gradient maximum:        2.6740E-03 .  (  4.5000E-04 )
  gradient rms:            4.0988E-04 .  (  3.0000E-04 )
  displacement maximum:    2.0579E-02 .  (  1.8000E-03 )
  displacement rms:        4.8018E-03 .  (  1.2000E-03 )
  
  predicted energy change: -7.2156E-05
  step size:     0.07501
  trust radius:  0.07433
---------------- geometry iteration  24 complete ----------------
geopt (optimize geometry) done.
onee (1-electron integrals) done.
probe (project orbitals) done.
grid (grid generation) done.
rwr (Q operators) done.
  
       i  u  d  i  g
       t  p  i  c  r                                 RMS    maximum
       e  d  i  u  i                       energy  density   DIIS  
       r  t  s  t  d       total energy    change  change    error 
  
etot    1  N  N  2  U   -1804.26749110747           1.0E-04  3.9E-03
etot    2  Y  Y  6  M   -1804.27051210490  3.0E-03  1.2E-05  2.0E-04
etot    3  N  Y  2  U   -1804.27051440542  2.3E-06  9.0E-06  2.5E-04
etot    4  N  Y  2  U   -1804.27052902579  1.5E-05  3.4E-06  1.4E-04
etot    5  N  N  2  U   -1804.27053272427  3.7E-06  0.0E+00  0.0E+00
scf (DFT) done.
der1a (1-e 1st deriv.) done.
rwr (1st deriv. Q) done.
der1b (2-e 1st deriv.) done.
  Geometry optimization step  25
  Total energy:     -1804.32916436285 hartrees
  energy change:          -1.4231E-04 .  (  5.0000E-05 )
  gradient maximum:        7.4540E-04 .  (  4.5000E-04 )
  gradient rms:            1.7782E-04 *  (  3.0000E-04 )
  displacement maximum:    4.3993E-02 .  (  1.8000E-03 )
  displacement rms:        6.7567E-03 .  (  1.2000E-03 )
  
  predicted energy change: -5.8842E-05
  step size:     0.10554
  trust radius:  0.10512
---------------- geometry iteration  25 complete ----------------
geopt (optimize geometry) done.
onee (1-electron integrals) done.
probe (project orbitals) done.
grid (grid generation) done.
rwr (Q operators) done.
  
       i  u  d  i  g
       t  p  i  c  r                                 RMS    maximum
       e  d  i  u  i                       energy  density   DIIS  
       r  t  s  t  d       total energy    change  change    error 
  
etot    1  N  N  2  U   -1804.26450018718           1.4E-04  6.0E-03
etot    2  Y  Y  6  M   -1804.27037699947  5.9E-03  2.4E-05  3.7E-04
etot    3  N  Y  2  U   -1804.27028818890 -8.9E-05  1.9E-05  7.5E-04
etot    4  N  Y  2  U   -1804.27039246317  1.0E-04  4.5E-06  1.7E-04
etot    5  N  N  2  U   -1804.27039867878  6.2E-06  0.0E+00  0.0E+00
scf (DFT) done.
der1a (1-e 1st deriv.) done.
rwr (1st deriv. Q) done.
der1b (2-e 1st deriv.) done.
  Geometry optimization step  26
  Total energy:     -1804.32907580646 hartrees
  energy change:           8.8556E-05 .  (  5.0000E-05 )
  gradient maximum:        9.9855E-04 .  (  4.5000E-04 )
  gradient rms:            1.7641E-04 *  (  3.0000E-04 )
  displacement maximum:    1.5689E-02 .  (  1.8000E-03 )
  displacement rms:        3.3858E-03 .  (  1.2000E-03 )
  
  predicted energy change: -4.3484E-05
  step size:     0.05289
  trust radius:  0.05256
---------------- geometry iteration  26 complete ----------------
geopt (optimize geometry) done.
onee (1-electron integrals) done.
probe (project orbitals) done.
grid (grid generation) done.
rwr (Q operators) done.
  
       i  u  d  i  g
       t  p  i  c  r                                 RMS    maximum
       e  d  i  u  i                       energy  density   DIIS  
       r  t  s  t  d       total energy    change  change    error 
  
etot    1  N  N  2  U   -1804.26893498580           7.3E-05  3.8E-03
etot    2  Y  Y  6  M   -1804.27035806502  1.4E-03  2.0E-05  2.2E-04
etot    3  N  Y  2  U   -1804.27028573932 -7.2E-05  1.6E-05  5.0E-04
etot    4  N  Y  2  U   -1804.27037290727  8.7E-05  2.8E-06  7.5E-05
etot    5  N  N  2  U   -1804.27037435805  1.5E-06  0.0E+00  0.0E+00
scf (DFT) done.
der1a (1-e 1st deriv.) done.
rwr (1st deriv. Q) done.
der1b (2-e 1st deriv.) done.
  Geometry optimization step  27
  Total energy:     -1804.32900729438 hartrees
  energy change:           6.8512E-05 .  (  5.0000E-05 )
  gradient maximum:        1.0612E-03 .  (  4.5000E-04 )
  gradient rms:            1.6153E-04 *  (  3.0000E-04 )
  displacement maximum:    2.2021E-02 .  (  1.8000E-03 )
  displacement rms:        4.7720E-03 .  (  1.2000E-03 )
  
  predicted energy change: -5.6989E-05
  step size:     0.07454
  trust radius:  0.07433
---------------- geometry iteration  27 complete ----------------
geopt (optimize geometry) done.
onee (1-electron integrals) done.
probe (project orbitals) done.
grid (grid generation) done.
rwr (Q operators) done.
  
       i  u  d  i  g
       t  p  i  c  r                                 RMS    maximum
       e  d  i  u  i                       energy  density   DIIS  
       r  t  s  t  d       total energy    change  change    error 
  
etot    1  N  N  2  U   -1804.26725341475           1.1E-04  5.4E-03
etot    2  Y  Y  6  M   -1804.27050930308  3.3E-03  1.9E-05  3.5E-04
etot    3  N  Y  2  U   -1804.27044999715 -5.9E-05  1.6E-05  5.4E-04
etot    4  N  Y  2  U   -1804.27051352387  6.4E-05  5.0E-06  2.1E-04
etot    5  N  N  2  U   -1804.27052108466  7.6E-06  0.0E+00  0.0E+00
scf (DFT) done.
der1a (1-e 1st deriv.) done.
rwr (1st deriv. Q) done.
der1b (2-e 1st deriv.) done.
  Geometry optimization step  28
  Total energy:     -1804.32901002055 hartrees
  energy change:          -2.7262E-06 *  (  5.0000E-05 )
  gradient maximum:        6.2903E-04 .  (  4.5000E-04 )
  gradient rms:            1.4082E-04 *  (  3.0000E-04 )
  displacement maximum:    3.7024E-02 .  (  1.8000E-03 )
  displacement rms:        6.7530E-03 .  (  1.2000E-03 )
  
  predicted energy change: -5.9279E-05
  step size:     0.10548
  trust radius:  0.10512
---------------- geometry iteration  28 complete ----------------
geopt (optimize geometry) done.
onee (1-electron integrals) done.
probe (project orbitals) done.
grid (grid generation) done.
rwr (Q operators) done.
  
       i  u  d  i  g
       t  p  i  c  r                                 RMS    maximum
       e  d  i  u  i                       energy  density   DIIS  
       r  t  s  t  d       total energy    change  change    error 
  
etot    1  N  N  2  U   -1804.26418528261           1.4E-04  4.7E-03
etot    2  Y  Y  6  M   -1804.27036480191  6.2E-03  1.9E-05  3.1E-04
etot    3  N  Y  2  U   -1804.27029912379 -6.6E-05  1.6E-05  4.3E-04
etot    4  N  Y  2  U   -1804.27035162094  5.2E-05  6.1E-06  1.7E-04
etot    5  N  Y  2  U   -1804.27036307663  1.1E-05  1.8E-06  4.3E-05
etot    6  N  N  2  U   -1804.27036380611  7.3E-07  0.0E+00  0.0E+00
scf (DFT) done.
der1a (1-e 1st deriv.) done.
rwr (1st deriv. Q) done.
der1b (2-e 1st deriv.) done.
  Geometry optimization step  29
  Total energy:     -1804.32880914994 hartrees
  energy change:           2.0087E-04 .  (  5.0000E-05 )
  gradient maximum:        8.6745E-04 .  (  4.5000E-04 )
  gradient rms:            1.4689E-04 *  (  3.0000E-04 )
  displacement maximum:    5.0954E-02 .  (  1.8000E-03 )
  displacement rms:        9.6113E-03 .  (  1.2000E-03 )
  
  predicted energy change: -2.0060E-02
  step size:     0.15013
  trust radius:  0.15000
---------------- geometry iteration  29 complete ----------------
geopt (optimize geometry) done.
onee (1-electron integrals) done.
probe (project orbitals) done.
grid (grid generation) done.
rwr (Q operators) done.
  
       i  u  d  i  g
       t  p  i  c  r                                 RMS    maximum
       e  d  i  u  i                       energy  density   DIIS  
       r  t  s  t  d       total energy    change  change    error 
  
etot    1  N  N  2  U   -1804.23989280714           3.2E-04  9.4E-03
etot    2  Y  Y  6  M   -1804.26328217031  2.3E-02  7.4E-05  7.9E-04
etot    3  N  Y  2  U   -1804.26221869574 -1.1E-03  5.4E-05  2.2E-03
etot    4  Y  Y  6  M   -1804.26344232355  1.2E-03  1.1E-05  3.5E-04
etot    5  N  Y  2  U   -1804.26345737897  1.5E-05  4.1E-06  1.0E-04
etot    6  N  N  2  U   -1804.26346108540  3.7E-06  0.0E+00  0.0E+00
scf (DFT) done.
der1a (1-e 1st deriv.) done.
rwr (1st deriv. Q) done.
der1b (2-e 1st deriv.) done.
  Geometry optimization step  30
  Total energy:     -1804.32312233204 hartrees
  energy change:           5.6868E-03 .  (  5.0000E-05 )
  gradient maximum:        6.1437E-02 .  (  4.5000E-04 )
  gradient rms:            7.0044E-03 .  (  3.0000E-04 )
  displacement maximum:    3.6751E-02 .  (  1.8000E-03 )
  displacement rms:        4.8355E-03 .  (  1.2000E-03 )
  
  predicted energy change: -5.2009E-03
  step size:     0.07553
  trust radius:  0.07500
---------------- geometry iteration  30 complete ----------------
geopt (optimize geometry) done.
onee (1-electron integrals) done.
probe (project orbitals) done.
grid (grid generation) done.
rwr (Q operators) done.
  
       i  u  d  i  g
       t  p  i  c  r                                 RMS    maximum
       e  d  i  u  i                       energy  density   DIIS  
       r  t  s  t  d       total energy    change  change    error 
  
etot    1  N  N  2  U   -1804.26257545507           1.8E-04  3.6E-03
etot    2  Y  Y  6  M   -1804.26899196195  6.4E-03  6.6E-05  7.8E-04
etot    3  N  Y  2  U   -1804.26820477597 -7.9E-04  4.8E-05  2.0E-03
etot    4  N  Y  2  U   -1804.26917932113  9.7E-04  1.0E-05  2.4E-04
etot    5  N  Y  2  U   -1804.26919821546  1.9E-05  4.1E-06  1.2E-04
etot    6  N  N  2  U   -1804.26920231943  4.1E-06  0.0E+00  0.0E+00
scf (DFT) done.
der1a (1-e 1st deriv.) done.
rwr (1st deriv. Q) done.
der1b (2-e 1st deriv.) done.
  Geometry optimization step  31
  Total energy:     -1804.32779364913 hartrees
  energy change:          -4.6713E-03 .  (  5.0000E-05 )
  gradient maximum:        1.0810E-02 .  (  4.5000E-04 )
  gradient rms:            2.0307E-03 .  (  3.0000E-04 )
  displacement maximum:    3.0240E-02 .  (  1.8000E-03 )
  displacement rms:        6.8136E-03 .  (  1.2000E-03 )
  
  predicted energy change: -1.9237E-03
  step size:     0.10643
  trust radius:  0.10607
---------------- geometry iteration  31 complete ----------------
geopt (optimize geometry) done.
onee (1-electron integrals) done.
probe (project orbitals) done.
grid (grid generation) done.
rwr (Q operators) done.
  
       i  u  d  i  g
       t  p  i  c  r                                 RMS    maximum
       e  d  i  u  i                       energy  density   DIIS  
       r  t  s  t  d       total energy    change  change    error 
  
etot    1  N  N  2  U   -1804.26182390138           1.9E-04  3.5E-03
etot    2  Y  Y  6  M   -1804.26934095061  7.5E-03  7.2E-05  7.3E-04
etot    3  N  Y  2  U   -1804.26828454895 -1.1E-03  5.6E-05  2.0E-03
etot    4  Y  Y  6  M   -1804.26951152998  1.2E-03  1.0E-05  3.1E-04
etot    5  N  Y  2  U   -1804.26948420939 -2.7E-05  4.1E-06  1.3E-04
etot    6  N  N  2  U   -1804.26948909446  4.9E-06  0.0E+00  0.0E+00
scf (DFT) done.
der1a (1-e 1st deriv.) done.
rwr (1st deriv. Q) done.
der1b (2-e 1st deriv.) done.
  Geometry optimization step  32
  Total energy:     -1804.32852641948 hartrees
  energy change:          -7.3277E-04 .  (  5.0000E-05 )
  gradient maximum:        1.2335E-02 .  (  4.5000E-04 )
  gradient rms:            1.8340E-03 .  (  3.0000E-04 )
  displacement maximum:    1.6520E-02 .  (  1.8000E-03 )
  displacement rms:        3.3997E-03 .  (  1.2000E-03 )
  
  predicted energy change: -5.6207E-04
  step size:     0.05310
  trust radius:  0.05303
---------------- geometry iteration  32 complete ----------------
geopt (optimize geometry) done.
onee (1-electron integrals) done.
probe (project orbitals) done.
grid (grid generation) done.
rwr (Q operators) done.
  
       i  u  d  i  g
       t  p  i  c  r                                 RMS    maximum
       e  d  i  u  i                       energy  density   DIIS  
       r  t  s  t  d       total energy    change  change    error 
  
etot    1  N  N  2  U   -1804.26613215642           1.2E-04  4.7E-03
etot    2  Y  Y  6  M   -1804.27010058661  4.0E-03  5.3E-05  5.7E-04
etot    3  Y  Y  6  M   -1804.26964671570 -4.5E-04  4.0E-05  1.5E-03
etot    4  N  Y  2  U   -1804.27015783512  5.1E-04  6.3E-06  1.5E-04
etot    5  N  Y  2  U   -1804.27016715425  9.3E-06  2.3E-06  6.1E-05
etot    6  N  N  2  U   -1804.27016822352  1.1E-06  0.0E+00  0.0E+00
scf (DFT) done.
der1a (1-e 1st deriv.) done.
rwr (1st deriv. Q) done.
der1b (2-e 1st deriv.) done.
  Geometry optimization step  33
  Total energy:     -1804.32868983547 hartrees
  energy change:          -1.6342E-04 .  (  5.0000E-05 )
  gradient maximum:        2.2678E-03 .  (  4.5000E-04 )
  gradient rms:            4.0986E-04 .  (  3.0000E-04 )
  displacement maximum:    2.7108E-02 .  (  1.8000E-03 )
  displacement rms:        4.8477E-03 .  (  1.2000E-03 )
  
  predicted energy change: -1.2471E-04
  step size:     0.07572
  trust radius:  0.07500
---------------- geometry iteration  33 complete ----------------
geopt (optimize geometry) done.
onee (1-electron integrals) done.
probe (project orbitals) done.
grid (grid generation) done.
rwr (Q operators) done.
  
       i  u  d  i  g
       t  p  i  c  r                                 RMS    maximum
       e  d  i  u  i                       energy  density   DIIS  
       r  t  s  t  d       total energy    change  change    error 
  
etot    1  N  N  2  U   -1804.26738723169           1.1E-04  3.7E-03
etot    2  Y  Y  6  M   -1804.27027902653  2.9E-03  3.1E-05  3.1E-04
etot    3  N  Y  2  U   -1804.27013443550 -1.4E-04  2.4E-05  8.5E-04
etot    4  N  Y  2  U   -1804.27030564892  1.7E-04  6.3E-06  2.8E-04
etot    5  N  Y  2  U   -1804.27031494402  9.3E-06  2.2E-06  8.5E-05
etot    6  N  N  2  U   -1804.27031651278  1.6E-06  0.0E+00  0.0E+00
scf (DFT) done.
der1a (1-e 1st deriv.) done.
rwr (1st deriv. Q) done.
der1b (2-e 1st deriv.) done.
  Geometry optimization step  34
  Total energy:     -1804.32872882973 hartrees
  energy change:          -3.8994E-05 *  (  5.0000E-05 )
  gradient maximum:        1.6240E-03 .  (  4.5000E-04 )
  gradient rms:            3.5837E-04 .  (  3.0000E-04 )
  displacement maximum:    1.2150E-02 .  (  1.8000E-03 )
  displacement rms:        2.4274E-03 .  (  1.2000E-03 )
  
  predicted energy change: -6.2072E-05
  step size:     0.03792
  trust radius:  0.03750
---------------- geometry iteration  34 complete ----------------
geopt (optimize geometry) done.
onee (1-electron integrals) done.
probe (project orbitals) done.
grid (grid generation) done.
rwr (Q operators) done.
  
       i  u  d  i  g
       t  p  i  c  r                                 RMS    maximum
       e  d  i  u  i                       energy  density   DIIS  
       r  t  s  t  d       total energy    change  change    error 
  
etot    1  N  N  2  U   -1804.26931978869           5.6E-05  2.2E-03
etot    2  Y  Y  6  M   -1804.27022635241  9.1E-04  1.1E-05  1.1E-04
etot    3  N  Y  2  U   -1804.27021170272 -1.5E-05  8.9E-06  2.2E-04
etot    4  N  Y  2  U   -1804.27022776498  1.6E-05  2.6E-06  8.2E-05
etot    5  N  N  2  U   -1804.27022970983  1.9E-06  0.0E+00  0.0E+00
scf (DFT) done.
der1a (1-e 1st deriv.) done.
rwr (1st deriv. Q) done.
der1b (2-e 1st deriv.) done.
  Geometry optimization step  35
  Total energy:     -1804.32870394759 hartrees
  energy change:           2.4882E-05 *  (  5.0000E-05 )
  gradient maximum:        7.5555E-04 .  (  4.5000E-04 )
  gradient rms:            1.3040E-04 *  (  3.0000E-04 )
  displacement maximum:    2.7905E-02 .  (  1.8000E-03 )
  displacement rms:        4.8351E-03 .  (  1.2000E-03 )
  
  predicted energy change: -5.2879E-05
  step size:     0.07553
  trust radius:  0.07500
---------------- geometry iteration  35 complete ----------------
geopt (optimize geometry) done.
onee (1-electron integrals) done.
probe (project orbitals) done.
grid (grid generation) done.
rwr (Q operators) done.
  
       i  u  d  i  g
       t  p  i  c  r                                 RMS    maximum
       e  d  i  u  i                       energy  density   DIIS  
       r  t  s  t  d       total energy    change  change    error 
  
etot    1  N  N  2  U   -1804.26692427983           1.1E-04  3.3E-03
etot    2  Y  Y  6  M   -1804.27018896682  3.3E-03  1.4E-05  2.9E-04
etot    3  N  Y  2  U   -1804.27015705007 -3.2E-05  1.3E-05  3.7E-04
etot    4  N  Y  2  U   -1804.27018339156  2.6E-05  5.0E-06  2.0E-04
etot    5  N  N  2  U   -1804.27019198603  8.6E-06  0.0E+00  0.0E+00
scf (DFT) done.
der1a (1-e 1st deriv.) done.
rwr (1st deriv. Q) done.
der1b (2-e 1st deriv.) done.
  Geometry optimization step  36
  Total energy:     -1804.32865241962 hartrees
  energy change:           5.1528E-05 .  (  5.0000E-05 )
  gradient maximum:        5.4292E-04 .  (  4.5000E-04 )
  gradient rms:            1.2152E-04 *  (  3.0000E-04 )
  displacement maximum:    4.4216E-02 .  (  1.8000E-03 )
  displacement rms:        6.7940E-03 .  (  1.2000E-03 )
  
  predicted energy change: -4.7477E-05
  step size:     0.10613
  trust radius:  0.10607
---------------- geometry iteration  36 complete ----------------
geopt (optimize geometry) done.
onee (1-electron integrals) done.
probe (project orbitals) done.
grid (grid generation) done.
rwr (Q operators) done.
  
       i  u  d  i  g
       t  p  i  c  r                                 RMS    maximum
       e  d  i  u  i                       energy  density   DIIS  
       r  t  s  t  d       total energy    change  change    error 
  
etot    1  N  N  2  U   -1804.26294752940           1.5E-04  5.8E-03
etot    2  Y  Y  6  M   -1804.27004694739  7.1E-03  2.0E-05  3.8E-04
etot    3  N  Y  2  U   -1804.26998152483 -6.5E-05  1.7E-05  3.6E-04
etot    4  N  Y  2  U   -1804.27001970144  3.8E-05  6.5E-06  1.9E-04
etot    5  N  Y  2  U   -1804.27003333863  1.4E-05  1.9E-06  6.0E-05
etot    6  N  N  2  U   -1804.27003427428  9.4E-07  0.0E+00  0.0E+00
scf (DFT) done.
der1a (1-e 1st deriv.) done.
rwr (1st deriv. Q) done.
der1b (2-e 1st deriv.) done.
  Geometry optimization step  37
  Total energy:     -1804.32858958063 hartrees
  energy change:           6.2839E-05 .  (  5.0000E-05 )
  gradient maximum:        9.6819E-04 .  (  4.5000E-04 )
  gradient rms:            1.8161E-04 *  (  3.0000E-04 )
  displacement maximum:    1.9974E-02 .  (  1.8000E-03 )
  displacement rms:        3.3978E-03 .  (  1.2000E-03 )
  
  predicted energy change: -2.8302E-05
  step size:     0.05308
  trust radius:  0.05303
---------------- geometry iteration  37 complete ----------------
geopt (optimize geometry) done.
onee (1-electron integrals) done.
probe (project orbitals) done.
grid (grid generation) done.
rwr (Q operators) done.
  
       i  u  d  i  g
       t  p  i  c  r                                 RMS    maximum
       e  d  i  u  i                       energy  density   DIIS  
       r  t  s  t  d       total energy    change  change    error 
  
etot    1  N  N  2  U   -1804.26849636893           7.3E-05  2.8E-03
etot    2  Y  Y  6  M   -1804.27005965918  1.6E-03  1.2E-05  2.0E-04
etot    3  N  Y  2  U   -1804.27002785569 -3.2E-05  9.6E-06  3.0E-04
etot    4  N  Y  2  U   -1804.27005185003  2.4E-05  3.3E-06  1.1E-04
etot    5  N  N  2  U   -1804.27005445688  2.6E-06  0.0E+00  0.0E+00
scf (DFT) done.
der1a (1-e 1st deriv.) done.
rwr (1st deriv. Q) done.
der1b (2-e 1st deriv.) done.
  Geometry optimization step  38
  Total energy:     -1804.32855180192 hartrees
  energy change:           3.7779E-05 *  (  5.0000E-05 )
  gradient maximum:        7.7988E-04 .  (  4.5000E-04 )
  gradient rms:            1.6253E-04 *  (  3.0000E-04 )
  displacement maximum:    3.6503E-02 .  (  1.8000E-03 )
  displacement rms:        6.7909E-03 .  (  1.2000E-03 )
  
  predicted energy change: -3.5208E-05
  step size:     0.10608
  trust radius:  0.10607
---------------- geometry iteration  38 complete ----------------
geopt (optimize geometry) done.
onee (1-electron integrals) done.
probe (project orbitals) done.
grid (grid generation) done.
rwr (Q operators) done.
  
       i  u  d  i  g
       t  p  i  c  r                                 RMS    maximum
       e  d  i  u  i                       energy  density   DIIS  
       r  t  s  t  d       total energy    change  change    error 
  
etot    1  N  N  2  U   -1804.26424485908           1.5E-04  5.8E-03
etot    2  Y  Y  6  M   -1804.26984719418  5.6E-03  3.8E-05  3.5E-04
etot    3  N  Y  2  U   -1804.26959883536 -2.5E-04  3.0E-05  1.0E-03
etot    4  N  Y  2  U   -1804.26985486706  2.6E-04  7.0E-06  2.9E-04
etot    5  N  Y  2  U   -1804.26986609193  1.1E-05  2.6E-06  9.4E-05
etot    6  N  N  2  U   -1804.26986881644  2.7E-06  0.0E+00  0.0E+00
scf (DFT) done.
der1a (1-e 1st deriv.) done.
rwr (1st deriv. Q) done.
der1b (2-e 1st deriv.) done.
  Geometry optimization step  39
  Total energy:     -1804.32837728504 hartrees
  energy change:           1.7452E-04 .  (  5.0000E-05 )
  gradient maximum:        4.0327E-03 .  (  4.5000E-04 )
  gradient rms:            5.7205E-04 .  (  3.0000E-04 )
  displacement maximum:    1.9891E-02 .  (  1.8000E-03 )
  displacement rms:        3.4446E-03 .  (  1.2000E-03 )
  
  predicted energy change: -1.1604E-04
  step size:     0.05381
  trust radius:  0.05303
---------------- geometry iteration  39 complete ----------------
geopt (optimize geometry) done.
onee (1-electron integrals) done.
probe (project orbitals) done.
grid (grid generation) done.
rwr (Q operators) done.
  
       i  u  d  i  g
       t  p  i  c  r                                 RMS    maximum
       e  d  i  u  i                       energy  density   DIIS  
       r  t  s  t  d       total energy    change  change    error 
  
etot    1  N  N  2  U   -1804.26879457539           7.0E-05  2.0E-03
etot    2  Y  Y  6  M   -1804.26997349355  1.2E-03  2.2E-05  2.2E-04
etot    3  N  Y  2  U   -1804.26990553136 -6.8E-05  1.7E-05  5.4E-04
etot    4  N  Y  2  U   -1804.26998452790  7.9E-05  4.6E-06  1.9E-04
etot    5  N  N  2  U   -1804.26998963135  5.1E-06  0.0E+00  0.0E+00
scf (DFT) done.
der1a (1-e 1st deriv.) done.
rwr (1st deriv. Q) done.
der1b (2-e 1st deriv.) done.
  Geometry optimization step  40
  Total energy:     -1804.32845721086 hartrees
  energy change:          -7.9926E-05 .  (  5.0000E-05 )
  gradient maximum:        1.2045E-03 .  (  4.5000E-04 )
  gradient rms:            2.1484E-04 *  (  3.0000E-04 )
  displacement maximum:    1.0652E-02 .  (  1.8000E-03 )
  displacement rms:        1.7231E-03 .  (  1.2000E-03 )
  
  predicted energy change: -4.2267E-05
  step size:     0.02692
  trust radius:  0.02652
---------------- geometry iteration  40 complete ----------------
geopt (optimize geometry) done.
onee (1-electron integrals) done.
probe (project orbitals) done.
grid (grid generation) done.
rwr (Q operators) done.
  
       i  u  d  i  g
       t  p  i  c  r                                 RMS    maximum
       e  d  i  u  i                       energy  density   DIIS  
       r  t  s  t  d       total energy    change  change    error 
  
etot    1  N  N  2  U   -1804.26943736316           4.6E-05  1.4E-03
etot    2  N  Y  2  U   -1804.26990055866  4.6E-04  2.8E-05  3.0E-04
etot    3  N  Y  2  U   -1804.26975296729 -1.5E-04  2.1E-05  8.9E-04
etot    4  N  Y  2  U   -1804.26992330786  1.7E-04  3.3E-06  7.8E-05
etot    5  N  N  2  U   -1804.26992593845  2.6E-06  0.0E+00  0.0E+00
scf (DFT) done.
der1a (1-e 1st deriv.) done.
rwr (1st deriv. Q) done.
der1b (2-e 1st deriv.) done.
  Geometry optimization step  41
  Total energy:     -1804.32846316050 hartrees
  energy change:          -5.9496E-06 *  (  5.0000E-05 )
  gradient maximum:        1.9055E-03 .  (  4.5000E-04 )
  gradient rms:            2.7390E-04 *  (  3.0000E-04 )
  displacement maximum:    4.5445E-03 .  (  1.8000E-03 )
  displacement rms:        8.6280E-04 *  (  1.2000E-03 )
  
  predicted energy change: -2.1186E-05
  step size:     0.01348
  trust radius:  0.01326
---------------- geometry iteration  41 complete ----------------
geopt (optimize geometry) done.
onee (1-electron integrals) done.
probe (project orbitals) done.
grid (grid generation) done.
rwr (Q operators) done.
  
       i  u  d  i  g
       t  p  i  c  r                                 RMS    maximum
       e  d  i  u  i                       energy  density   DIIS  
       r  t  s  t  d       total energy    change  change    error 
  
etot    1  N  N  2  U   -1804.26980057537           2.5E-05  1.0E-03
etot    2  N  Y  2  U   -1804.26995149247  1.5E-04  9.9E-06  1.2E-04
etot    3  N  Y  2  U   -1804.26993283446 -1.9E-05  7.2E-06  2.9E-04
etot    4  N  Y  2  U   -1804.26995504638  2.2E-05  1.2E-06  2.7E-05
etot    5  N  N  2  U   -1804.26995526235  2.2E-07  0.0E+00  0.0E+00
scf (DFT) done.
der1a (1-e 1st deriv.) done.
rwr (1st deriv. Q) done.
der1b (2-e 1st deriv.) done.
  Geometry optimization step  42
  Total energy:     -1804.32846505191 hartrees
  energy change:          -1.8914E-06 #  (  5.0000E-05 )
  gradient maximum:        2.7237E-04 *  (  4.5000E-04 )
  gradient rms:            6.7241E-05 *  (  3.0000E-04 )
  displacement maximum:    6.9650E-03 .  (  1.8000E-03 )
  displacement rms:        1.2484E-03 .  (  1.2000E-03 )
  
  predicted energy change: -4.4146E-06
  step size:     0.01950
  trust radius:  0.01875
---------------- geometry iteration  42 complete ----------------
geopt (optimize geometry) done.
onee (1-electron integrals) done.
probe (project orbitals) done.
grid (grid generation) done.
rwr (Q operators) done.
  
       i  u  d  i  g
       t  p  i  c  r                                 RMS    maximum
       e  d  i  u  i                       energy  density   DIIS  
       r  t  s  t  d       total energy    change  change    error 
  
etot    1  N  N  2  U   -1804.26983102810           2.6E-05  7.4E-04
etot    2  N  Y  2  U   -1804.27001254527  1.8E-04  5.2E-06  5.5E-05
etot    3  N  Y  2  U   -1804.27000817055 -4.4E-06  4.1E-06  1.7E-04
etot    4  N  N  2  U   -1804.27001336334  5.2E-06  0.0E+00  0.0E+00
scf (DFT) done.
der1a (1-e 1st deriv.) done.
rwr (1st deriv. Q) done.
der1b (2-e 1st deriv.) done.
  Geometry optimization step  43
  Total energy:     -1804.32850799027 hartrees
  energy change:          -4.2938E-05 *  (  5.0000E-05 )
  gradient maximum:        3.7157E-04 *  (  4.5000E-04 )
  gradient rms:            7.8238E-05 *  (  3.0000E-04 )
  displacement maximum:    1.0261E-02 .  (  1.8000E-03 )
  displacement rms:        1.7112E-03 .  (  1.2000E-03 )
  
  predicted energy change: -9.2113E-06
  step size:     0.02673
  trust radius:  0.02652
---------------- geometry iteration  43 complete ----------------
geopt (optimize geometry) done.
onee (1-electron integrals) done.
probe (project orbitals) done.
grid (grid generation) done.
rwr (Q operators) done.
  
       i  u  d  i  g
       t  p  i  c  r                                 RMS    maximum
       e  d  i  u  i                       energy  density   DIIS  
       r  t  s  t  d       total energy    change  change    error 
  
etot    1  N  N  2  U   -1804.26950860527           4.2E-05  1.9E-03
etot    2  N  Y  2  U   -1804.27004339994  5.3E-04  1.5E-05  1.6E-04
etot    3  N  Y  2  U   -1804.26999728169 -4.6E-05  1.2E-05  5.1E-04
etot    4  N  Y  2  U   -1804.27004941551  5.2E-05  1.9E-06  5.0E-05
etot    5  N  N  2  U   -1804.27004987960  4.6E-07  0.0E+00  0.0E+00
scf (DFT) done.
der1a (1-e 1st deriv.) done.
rwr (1st deriv. Q) done.
der1b (2-e 1st deriv.) done.
  Geometry optimization step  44
  Total energy:     -1804.32854891715 hartrees
  energy change:          -4.0927E-05 *  (  5.0000E-05 )
  gradient maximum:        5.0538E-04 .  (  4.5000E-04 )
  gradient rms:            9.5378E-05 *  (  3.0000E-04 )
  displacement maximum:    1.0119E-02 .  (  1.8000E-03 )
  displacement rms:        1.7573E-03 .  (  1.2000E-03 )
  
  predicted energy change: -1.3673E-05
  step size:     0.02745
  trust radius:  0.02652
---------------- geometry iteration  44 complete ----------------
geopt (optimize geometry) done.
onee (1-electron integrals) done.
probe (project orbitals) done.
grid (grid generation) done.
rwr (Q operators) done.
  
       i  u  d  i  g
       t  p  i  c  r                                 RMS    maximum
       e  d  i  u  i                       energy  density   DIIS  
       r  t  s  t  d       total energy    change  change    error 
  
etot    1  N  N  2  U   -1804.26941110500           4.8E-05  2.0E-03
etot    2  N  Y  2  U   -1804.27002136689  6.1E-04  1.5E-05  1.5E-04
etot    3  N  Y  2  U   -1804.26998805294 -3.3E-05  1.1E-05  4.2E-04
etot    4  N  Y  2  U   -1804.27002849749  4.0E-05  2.3E-06  5.8E-05
etot    5  N  N  2  U   -1804.27002946304  9.7E-07  0.0E+00  0.0E+00
scf (DFT) done.
der1a (1-e 1st deriv.) done.
rwr (1st deriv. Q) done.
der1b (2-e 1st deriv.) done.
  Geometry optimization step  45
  Total energy:     -1804.32854494699 hartrees
  energy change:           3.9702E-06 *  (  5.0000E-05 )
  gradient maximum:        5.6536E-04 .  (  4.5000E-04 )
  gradient rms:            1.2670E-04 *  (  3.0000E-04 )
  displacement maximum:    4.4879E-03 .  (  1.8000E-03 )
  displacement rms:        8.7637E-04 *  (  1.2000E-03 )
  
  predicted energy change: -6.3461E-06
  step size:     0.01369
  trust radius:  0.01326
---------------- geometry iteration  45 complete ----------------
geopt (optimize geometry) done.
onee (1-electron integrals) done.
probe (project orbitals) done.
grid (grid generation) done.
rwr (Q operators) done.
  
       i  u  d  i  g
       t  p  i  c  r                                 RMS    maximum
       e  d  i  u  i                       energy  density   DIIS  
       r  t  s  t  d       total energy    change  change    error 
  
etot    1  N  N  2  U   -1804.26992191929           2.0E-05  6.6E-04
etot    2  N  Y  2  U   -1804.27001573888  9.4E-05  8.8E-06  8.6E-05
etot    3  N  Y  2  U   -1804.27000219795 -1.4E-05  6.6E-06  2.3E-04
etot    4  N  Y  2  U   -1804.27001801956  1.6E-05  1.2E-06  6.4E-05
etot    5  N  N  2  U   -1804.27001834569  3.3E-07  0.0E+00  0.0E+00
scf (DFT) done.
der1a (1-e 1st deriv.) done.
rwr (1st deriv. Q) done.
der1b (2-e 1st deriv.) done.
  Geometry optimization step  46
  Total energy:     -1804.32852475369 hartrees
  energy change:           2.0193E-05 *  (  5.0000E-05 )
  gradient maximum:        1.9640E-04 *  (  4.5000E-04 )
  gradient rms:            4.3078E-05 #  (  3.0000E-04 )
  displacement maximum:    7.6139E-03 .  (  1.8000E-03 )
  displacement rms:        1.2116E-03 .  (  1.2000E-03 )
  
  predicted energy change: -6.0591E-06
  step size:     0.01893
  trust radius:  0.01875
---------------- geometry iteration  46 complete ----------------
geopt (optimize geometry) done.
onee (1-electron integrals) done.
probe (project orbitals) done.
grid (grid generation) done.
rwr (Q operators) done.
  
       i  u  d  i  g
       t  p  i  c  r                                 RMS    maximum
       e  d  i  u  i                       energy  density   DIIS  
       r  t  s  t  d       total energy    change  change    error 
  
etot    1  N  N  2  U   -1804.26982539995           2.9E-05  1.4E-03
etot    2  N  Y  2  U   -1804.27007526112  2.5E-04  5.5E-06  4.8E-05
etot    3  N  Y  2  U   -1804.27007080215 -4.5E-06  4.4E-06  1.5E-04
etot    4  N  N  2  U   -1804.27007592708  5.1E-06  0.0E+00  0.0E+00
scf (DFT) done.
der1a (1-e 1st deriv.) done.
rwr (1st deriv. Q) done.
der1b (2-e 1st deriv.) done.
  Geometry optimization step  47
  Total energy:     -1804.32856691617 hartrees
  energy change:          -4.2162E-05 *  (  5.0000E-05 )
  gradient maximum:        3.9706E-04 *  (  4.5000E-04 )
  gradient rms:            7.5131E-05 *  (  3.0000E-04 )
  displacement maximum:    7.6335E-03 .  (  1.8000E-03 )
  displacement rms:        1.2042E-03 .  (  1.2000E-03 )
  
  predicted energy change: -3.7777E-06
  step size:     0.01881
  trust radius:  0.01875
---------------- geometry iteration  47 complete ----------------
geopt (optimize geometry) done.
onee (1-electron integrals) done.
probe (project orbitals) done.
grid (grid generation) done.
rwr (Q operators) done.
  
       i  u  d  i  g
       t  p  i  c  r                                 RMS    maximum
       e  d  i  u  i                       energy  density   DIIS  
       r  t  s  t  d       total energy    change  change    error 
  
etot    1  N  N  2  U   -1804.26997120145           2.9E-05  8.6E-04
etot    2  N  Y  2  U   -1804.27014575857  1.7E-04  1.6E-05  1.7E-04
etot    3  N  Y  2  U   -1804.27009696299 -4.9E-05  1.2E-05  5.3E-04
etot    4  N  Y  2  U   -1804.27015264560  5.6E-05  1.3E-06  2.5E-05
etot    5  N  N  2  U   -1804.27015289093  2.5E-07  0.0E+00  0.0E+00
scf (DFT) done.
der1a (1-e 1st deriv.) done.
rwr (1st deriv. Q) done.
der1b (2-e 1st deriv.) done.
  Geometry optimization step  48
  Total energy:     -1804.32864734815 hartrees
  energy change:          -8.0432E-05 .  (  5.0000E-05 )
  gradient maximum:        1.8730E-04 *  (  4.5000E-04 )
  gradient rms:            4.7639E-05 #  (  3.0000E-04 )
  displacement maximum:    8.5070E-03 .  (  1.8000E-03 )
  displacement rms:        1.7185E-03 .  (  1.2000E-03 )
  
  predicted energy change: -4.6507E-06
  step size:     0.02684
  trust radius:  0.02652
---------------- geometry iteration  48 complete ----------------
geopt (optimize geometry) done.
onee (1-electron integrals) done.
probe (project orbitals) done.
grid (grid generation) done.
rwr (Q operators) done.
  
       i  u  d  i  g
       t  p  i  c  r                                 RMS    maximum
       e  d  i  u  i                       energy  density   DIIS  
       r  t  s  t  d       total energy    change  change    error 
  
etot    1  N  N  2  U   -1804.26990990628           3.1E-05  6.1E-04
etot    2  N  Y  2  U   -1804.27011501975  2.1E-04  8.0E-06  1.1E-04
etot    3  N  Y  2  U   -1804.27010511242 -9.9E-06  6.0E-06  2.6E-04
etot    4  N  Y  2  U   -1804.27011712181  1.2E-05  1.4E-06  4.5E-05
etot    5  N  N  2  U   -1804.27011755657  4.3E-07  0.0E+00  0.0E+00
scf (DFT) done.
der1a (1-e 1st deriv.) done.
rwr (1st deriv. Q) done.
der1b (2-e 1st deriv.) done.
  Geometry optimization step  49
  Total energy:     -1804.32860085395 hartrees
  energy change:           4.6494E-05 *  (  5.0000E-05 )
  gradient maximum:        4.7435E-04 .  (  4.5000E-04 )
  gradient rms:            9.4871E-05 *  (  3.0000E-04 )
  displacement maximum:    4.2443E-03 .  (  1.8000E-03 )
  displacement rms:        8.7179E-04 *  (  1.2000E-03 )
  
  predicted energy change: -3.9721E-06
  step size:     0.01362
  trust radius:  0.01326
---------------- geometry iteration  49 complete ----------------
geopt (optimize geometry) done.
onee (1-electron integrals) done.
probe (project orbitals) done.
grid (grid generation) done.
rwr (Q operators) done.
  
       i  u  d  i  g
       t  p  i  c  r                                 RMS    maximum
       e  d  i  u  i                       energy  density   DIIS  
       r  t  s  t  d       total energy    change  change    error 
  
etot    1  N  N  2  U   -1804.26996893589           2.1E-05  7.0E-04
etot    2  N  Y  2  U   -1804.27007064496  1.0E-04  7.7E-06  9.9E-05
etot    3  N  Y  2  U   -1804.27005968096 -1.1E-05  5.8E-06  2.6E-04
etot    4  N  Y  2  U   -1804.27007266436  1.3E-05  1.3E-06  3.3E-05
etot    5  N  N  2  U   -1804.27007298501  3.2E-07  0.0E+00  0.0E+00
scf (DFT) done.
der1a (1-e 1st deriv.) done.
rwr (1st deriv. Q) done.
der1b (2-e 1st deriv.) done.
  Geometry optimization step  50
  Total energy:     -1804.32856780718 hartrees
  energy change:           3.3047E-05 *  (  5.0000E-05 )
  gradient maximum:        3.3520E-04 *  (  4.5000E-04 )
  gradient rms:            6.5363E-05 *  (  3.0000E-04 )
  displacement maximum:    4.6778E-03 .  (  1.8000E-03 )
  displacement rms:        7.8032E-04 *  (  1.2000E-03 )
  
  predicted energy change: -2.2795E-06
  step size:     0.01219
  trust radius:  0.02652
---------------- geometry iteration  50 complete ----------------
geopt (optimize geometry) done.
onee (1-electron integrals) done.
probe (project orbitals) done.
grid (grid generation) done.
rwr (Q operators) done.
  
       i  u  d  i  g
       t  p  i  c  r                                 RMS    maximum
       e  d  i  u  i                       energy  density   DIIS  
       r  t  s  t  d       total energy    change  change    error 
  
etot    1  N  N  2  U   -1804.27008995927           1.8E-05  4.5E-04
etot    2  N  Y  2  U   -1804.27016101412  7.1E-05  6.3E-06  8.4E-05
etot    3  N  Y  2  U   -1804.27015262793 -8.4E-06  5.0E-06  2.6E-04
etot    4  N  Y  2  U   -1804.27016222220  9.6E-06  8.3E-07  1.9E-05
etot    5  N  N  2  U   -1804.27016235448  1.3E-07  0.0E+00  0.0E+00
scf (DFT) done.
der1a (1-e 1st deriv.) done.
rwr (1st deriv. Q) done.
der1b (2-e 1st deriv.) done.
  Geometry optimization step  51
  Total energy:     -1804.32865236657 hartrees
  energy change:          -8.4559E-05 .  (  5.0000E-05 )
  gradient maximum:        3.8695E-04 *  (  4.5000E-04 )
  gradient rms:            7.2755E-05 *  (  3.0000E-04 )
  displacement maximum:    5.3612E-03 .  (  1.8000E-03 )
  displacement rms:        8.1343E-04 *  (  1.2000E-03 )
  
  predicted energy change: -1.5632E-06
  step size:     0.01271
  trust radius:  0.02652
---------------- geometry iteration  51 complete ----------------
geopt (optimize geometry) done.
onee (1-electron integrals) done.
probe (project orbitals) done.
grid (grid generation) done.
rwr (Q operators) done.
  
       i  u  d  i  g
       t  p  i  c  r                                 RMS    maximum
       e  d  i  u  i                       energy  density   DIIS  
       r  t  s  t  d       total energy    change  change    error 
  
etot    1  N  N  2  U   -1804.27004298066           1.8E-05  5.1E-04
etot    2  N  Y  2  U   -1804.27011413745  7.1E-05  4.3E-06  4.5E-05
etot    3  N  N  2  U   -1804.27011099706 -3.1E-06  0.0E+00  0.0E+00
scf (DFT) done.
der1a (1-e 1st deriv.) done.
rwr (1st deriv. Q) done.
der1b (2-e 1st deriv.) done.
  Geometry optimization step  52
  Total energy:     -1804.32859780408 hartrees
  energy change:           5.4562E-05 .  (  5.0000E-05 )
  gradient maximum:        2.6991E-04 *  (  4.5000E-04 )
  gradient rms:            6.2002E-05 *  (  3.0000E-04 )
  displacement maximum:    8.3422E-03 .  (  1.8000E-03 )
  displacement rms:        1.4456E-03 .  (  1.2000E-03 )
  
  predicted energy change: -3.0607E-06
  step size:     0.02258
  trust radius:  0.02652
---------------- geometry iteration  52 complete ----------------
geopt (optimize geometry) done.
onee (1-electron integrals) done.
probe (project orbitals) done.
grid (grid generation) done.
rwr (Q operators) done.
  
       i  u  d  i  g
       t  p  i  c  r                                 RMS    maximum
       e  d  i  u  i                       energy  density   DIIS  
       r  t  s  t  d       total energy    change  change    error 
  
etot    1  N  N  2  U   -1804.26978847967           3.7E-05  1.8E-03
etot    2  N  Y  2  U   -1804.27012683334  3.4E-04  2.9E-05  3.6E-04
etot    3  N  Y  2  U   -1804.26997382802 -1.5E-04  2.1E-05  8.1E-04
etot    4  N  Y  2  U   -1804.27016439034  1.9E-04  3.1E-06  9.2E-05
etot    5  N  N  2  U   -1804.27016724535  2.9E-06  0.0E+00  0.0E+00
scf (DFT) done.
der1a (1-e 1st deriv.) done.
rwr (1st deriv. Q) done.
der1b (2-e 1st deriv.) done.
  Geometry optimization step  53
  Total energy:     -1804.32862198838 hartrees
  energy change:          -2.4184E-05 *  (  5.0000E-05 )
  gradient maximum:        5.3560E-04 .  (  4.5000E-04 )
  gradient rms:            1.2362E-04 *  (  3.0000E-04 )
  displacement maximum:    4.7022E-03 .  (  1.8000E-03 )
  displacement rms:        8.5941E-04 *  (  1.2000E-03 )
  
  predicted energy change: -4.9229E-06
  step size:     0.01342
  trust radius:  0.01326
---------------- geometry iteration  53 complete ----------------
geopt (optimize geometry) done.
onee (1-electron integrals) done.
probe (project orbitals) done.
grid (grid generation) done.
rwr (Q operators) done.
  
       i  u  d  i  g
       t  p  i  c  r                                 RMS    maximum
       e  d  i  u  i                       energy  density   DIIS  
       r  t  s  t  d       total energy    change  change    error 
  
etot    1  N  N  2  U   -1804.27002868935           2.1E-05  9.3E-04
etot    2  N  Y  2  U   -1804.27015147524  1.2E-04  9.0E-06  1.0E-04
etot    3  N  Y  2  U   -1804.27013337667 -1.8E-05  6.9E-06  3.1E-04
etot    4  N  Y  2  U   -1804.27015425722  2.1E-05  1.0E-06  3.9E-05
etot    5  N  N  2  U   -1804.27015449947  2.4E-07  0.0E+00  0.0E+00
scf (DFT) done.
der1a (1-e 1st deriv.) done.
rwr (1st deriv. Q) done.
der1b (2-e 1st deriv.) done.
  Geometry optimization step  54
  Total energy:     -1804.32863261359 hartrees
  energy change:          -1.0625E-05 *  (  5.0000E-05 )
  gradient maximum:        2.3674E-04 *  (  4.5000E-04 )
  gradient rms:            5.7014E-05 #  (  3.0000E-04 )
  displacement maximum:    5.9578E-03 .  (  1.8000E-03 )
  displacement rms:        1.2090E-03 .  (  1.2000E-03 )
  
  predicted energy change: -7.3907E-06
  step size:     0.01888
  trust radius:  0.01875
---------------- geometry iteration  54 complete ----------------
geopt (optimize geometry) done.
onee (1-electron integrals) done.
probe (project orbitals) done.
grid (grid generation) done.
rwr (Q operators) done.
  
       i  u  d  i  g
       t  p  i  c  r                                 RMS    maximum
       e  d  i  u  i                       energy  density   DIIS  
       r  t  s  t  d       total energy    change  change    error 
  
etot    1  N  N  2  U   -1804.26975469121           3.3E-05  1.8E-03
etot    2  N  Y  2  U   -1804.27007490717  3.2E-04  5.7E-06  5.0E-05
etot    3  N  Y  2  U   -1804.27007092823 -4.0E-06  4.6E-06  1.6E-04
etot    4  N  N  2  U   -1804.27007565781  4.7E-06  0.0E+00  0.0E+00
scf (DFT) done.
der1a (1-e 1st deriv.) done.
rwr (1st deriv. Q) done.
der1b (2-e 1st deriv.) done.
  Geometry optimization step  55
  Total energy:     -1804.32856460811 hartrees
  energy change:           6.8005E-05 .  (  5.0000E-05 )
  gradient maximum:        7.3113E-04 .  (  4.5000E-04 )
  gradient rms:            1.1853E-04 *  (  3.0000E-04 )
  displacement maximum:    3.6407E-03 .  (  1.8000E-03 )
  displacement rms:        6.6402E-04 *  (  1.2000E-03 )
  
  predicted energy change: -4.9668E-06
  step size:     0.01037
  trust radius:  0.01000
---------------- geometry iteration  55 complete ----------------
geopt (optimize geometry) done.
onee (1-electron integrals) done.
probe (project orbitals) done.
grid (grid generation) done.
rwr (Q operators) done.
  
       i  u  d  i  g
       t  p  i  c  r                                 RMS    maximum
       e  d  i  u  i                       energy  density   DIIS  
       r  t  s  t  d       total energy    change  change    error 
  
etot    1  N  N  2  U   -1804.26999067203           2.2E-05  1.1E-03
etot    2  N  Y  2  U   -1804.27011101579  1.2E-04  1.5E-05  2.3E-04
etot    3  N  Y  2  U   -1804.27005908386 -5.2E-05  1.1E-05  6.7E-04
etot    4  N  Y  2  U   -1804.27011738947  5.8E-05  7.9E-07  2.1E-05
etot    5  N  N  2  U   -1804.27011747485  8.5E-08  0.0E+00  0.0E+00
scf (DFT) done.
der1a (1-e 1st deriv.) done.
rwr (1st deriv. Q) done.
der1b (2-e 1st deriv.) done.
  Geometry optimization step  56
  Total energy:     -1804.32859654094 hartrees
  energy change:          -3.1933E-05 *  (  5.0000E-05 )
  gradient maximum:        2.8932E-04 *  (  4.5000E-04 )
  gradient rms:            5.5795E-05 #  (  3.0000E-04 )
  displacement maximum:    3.6337E-03 .  (  1.8000E-03 )
  displacement rms:        6.0572E-04 *  (  1.2000E-03 )
  
  predicted energy change: -1.4738E-06
  step size:     0.00946
  trust radius:  0.01414
------------- final geometry iteration  56 complete -------------
geopt (optimize geometry) done.
cutabab2 (abab integrals) done.
der2a (1-e JK-1st deriv.) done.
der2b (2-e JK-1st deriv.) done.
der2nda (1-e 2nd deriv.) done.
der2ndb (2-e 2nd deriv.) done.
rwr (Q operators) done.
cphfa (gradient of wave function) done.
freq (vib. frequencies) done.
Job J1_10337_2111 completed on hpc-90-25.cm.cluster at Wed May 29 08:22:17 2024
Timer (jaguar_backend.py) : 6392.21 secs (1 hrs, 46 mins, 32 secs)
Finished:   Wed May 29 08:22:17 2024
