Command:  /groups/wag/programs/Schrodinger_2020_3/jaguar run -WAIT -PARALLEL 8 /central/home/labounad/wittig-ch121/out/J1_9695_2111/J1_9695_2111.in
Release:  2020-3
Exec:     /groups/wag/programs/Schrodinger_2020_3/jaguar-v10.9/bin/Linux-x86_64
Host:     hpc-93-12.cm.cluster
JobId:    hpc-93-12-0-66572f2a
JobDir:   /central/scratch/labounad/J1_9695_2111#hpc-93-12-0-66572f2a
Date:     Wed May 29 06:35:40 2024

Contents of /central/scratch/labounad/J1_9695_2111#hpc-93-12-0-66572f2a:
/central/scratch/labounad/J1_9695_2111#hpc-93-12-0-66572f2a/.write_dir.json
/central/scratch/labounad/J1_9695_2111#hpc-93-12-0-66572f2a/J1_9695_2111.log
/central/scratch/labounad/J1_9695_2111#hpc-93-12-0-66572f2a/hpc-93-12-0-66572f2a.recover
/central/scratch/labounad/J1_9695_2111#hpc-93-12-0-66572f2a/hpc-93-12-0-66572f2a.mpinodes
/central/scratch/labounad/J1_9695_2111#hpc-93-12-0-66572f2a/hpc-93-12-0-66572f2a
/central/scratch/labounad/J1_9695_2111#hpc-93-12-0-66572f2a/hpc-93-12-0-66572f2a.nodes
/central/scratch/labounad/J1_9695_2111#hpc-93-12-0-66572f2a/J1_9695_2111.recover
/central/scratch/labounad/J1_9695_2111#hpc-93-12-0-66572f2a/J1_9695_2111.in

Executing subprocess:
/groups/wag/programs/Schrodinger_2020_3/jaguar-v10.9/bin/Linux-x86_64/jexec J1_9695_2111.in -T 8 -out /central/scratch/labounad/J1_9695_2111#hpc-93-12-0-66572f2a -cwd

Job J1_9695_2111 started on hpc-93-12.cm.cluster at Wed May 29 06:35:40 2024
jobid: hpc-93-12-0-66572f2a 
Jaguar version 10.9, release 139
 Using up to   8 threads per process
Molecular Point Group: C1      
Point Group used: C1
pre (input checking) done.
onee (1-electron integrals) done.
hfig (HF initial guess) done.
probe (project orbitals) done.
grid (grid generation) done.
rwr (Q operators) done.
scf type: DFT=PBE(X+LC)+PW91 (PBE-D3)
  
       i  u  d  i  g
       t  p  i  c  r                                 RMS    maximum
       e  d  i  u  i                       energy  density   DIIS  
       r  t  s  t  d       total energy    change  change    error 
  
etot    1  N  N  5  M   -1171.12719856348           7.4E-03  1.3E-01
etot    2  Y  Y  6  M   -1163.63684815758 -7.5E+00  8.3E-03  3.1E-01
etot    3  Y  Y  6  M   -1169.47687032301  5.8E+00  7.0E-03  1.8E-01
etot    4  N  Y  2  U   -1171.55143411376  2.1E+00  5.6E-03  1.2E-01
etot    5  Y  Y  6  M   -1172.67123004390  1.1E+00  3.0E-03  1.1E-01
etot    6  N  Y  2  U   -1173.46494622915  7.9E-01  1.4E-03  2.4E-02
etot    7  Y  Y  6  M   -1173.43901910799 -2.6E-02  8.9E-04  4.5E-02
etot    8  N  Y  2  U   -1173.54224559971  1.0E-01  2.9E-04  4.5E-03
etot    9  Y  Y  6  M   -1173.54394363614  1.7E-03  1.9E-04  4.7E-03
etot   10  Y  Y  6  M   -1173.54666900379  2.7E-03  8.5E-05  2.6E-03
etot   11  Y  Y  6  M   -1173.54711736898  4.5E-04  5.0E-05  8.3E-04
etot   12  N  Y  2  U   -1173.54707501953 -4.2E-05  1.7E-05  3.2E-04
etot   13  N  Y  2  U   -1173.54709302066  1.8E-05  6.9E-06  1.3E-04
etot   14  N  Y  2  U   -1173.54709545321  2.4E-06  2.8E-06  7.2E-05
etot   15  N  N  2  U   -1173.54709582642  3.7E-07  0.0E+00  0.0E+00
scf (DFT) done.
der1a (1-e 1st deriv.) done.
rwr (1st deriv. Q) done.
der1b (2-e 1st deriv.) done.
  Geometry optimization step   1
  Total energy:     -1173.57057933479 hartrees
  gradient maximum:        5.8756E-02 .  (  4.5000E-04 )
  gradient rms:            1.1130E-02 .  (  3.0000E-04 )
  displacement maximum:    1.6551E-01 .  (  1.8000E-03 )
  displacement rms:        2.6317E-02 .  (  1.2000E-03 )
  
  predicted energy change: -1.8612E-02
  step size:     0.30006
  trust radius:  0.30000
---------------- geometry iteration   1 complete ----------------
geopt (optimize geometry) done.
onee (1-electron integrals) done.
probe (project orbitals) done.
grid (grid generation) done.
rwr (Q operators) done.
  
       i  u  d  i  g
       t  p  i  c  r                                 RMS    maximum
       e  d  i  u  i                       energy  density   DIIS  
       r  t  s  t  d       total energy    change  change    error 
  
etot    1  N  N  2  U   -1173.53664059740           2.1E-03  1.9E-02
etot    2  Y  Y  6  M   -1173.56337894200  2.7E-02  3.9E-04  1.7E-03
etot    3  N  Y  2  U   -1173.55938954338 -4.0E-03  3.1E-04  4.4E-03
etot    4  Y  Y  6  M   -1173.56390546239  4.5E-03  6.0E-05  1.0E-03
etot    5  Y  Y  6  M   -1173.56400333213  9.8E-05  1.7E-05  2.4E-04
etot    6  N  Y  2  U   -1173.56430772180  3.0E-04  7.3E-06  1.4E-04
etot    7  N  Y  2  U   -1173.56430923779  1.5E-06  4.5E-06  6.4E-05
etot    8  N  N  2  U   -1173.56430956819  3.3E-07  0.0E+00  0.0E+00
scf (DFT) done.
der1a (1-e 1st deriv.) done.
rwr (1st deriv. Q) done.
der1b (2-e 1st deriv.) done.
  Geometry optimization step   2
  Total energy:     -1173.58769142947 hartrees
  energy change:          -1.7112E-02 .  (  5.0000E-05 )
  gradient maximum:        1.3530E-02 .  (  4.5000E-04 )
  gradient rms:            2.1860E-03 .  (  3.0000E-04 )
  displacement maximum:    1.4512E-01 .  (  1.8000E-03 )
  displacement rms:        2.4391E-02 .  (  1.2000E-03 )
  
  predicted energy change: -1.6585E-03
  step size:     0.27810
  trust radius:  0.30000
---------------- geometry iteration   2 complete ----------------
geopt (optimize geometry) done.
onee (1-electron integrals) done.
probe (project orbitals) done.
grid (grid generation) done.
rwr (Q operators) done.
  
       i  u  d  i  g
       t  p  i  c  r                                 RMS    maximum
       e  d  i  u  i                       energy  density   DIIS  
       r  t  s  t  d       total energy    change  change    error 
  
etot    1  N  N  2  U   -1173.52933272018           7.3E-04  2.0E-02
etot    2  Y  Y  6  M   -1173.56520365588  3.6E-02  5.2E-04  3.2E-03
etot    3  N  Y  2  U   -1173.55752493571 -7.7E-03  4.2E-04  9.3E-03
etot    4  N  Y  2  U   -1173.56619477781  8.7E-03  4.0E-05  8.5E-04
etot    5  N  Y  2  U   -1173.56627089311  7.6E-05  1.5E-05  5.8E-04
etot    6  N  Y  2  U   -1173.56629451376  2.4E-05  4.8E-06  1.1E-04
etot    7  N  N  2  U   -1173.56629505916  5.5E-07  0.0E+00  0.0E+00
scf (DFT) done.
der1a (1-e 1st deriv.) done.
rwr (1st deriv. Q) done.
der1b (2-e 1st deriv.) done.
  Geometry optimization step   3
  Total energy:     -1173.58966772040 hartrees
  energy change:          -1.9763E-03 .  (  5.0000E-05 )
  gradient maximum:        3.7069E-03 .  (  4.5000E-04 )
  gradient rms:            9.1981E-04 .  (  3.0000E-04 )
  displacement maximum:    1.7888E-01 .  (  1.8000E-03 )
  displacement rms:        2.6288E-02 .  (  1.2000E-03 )
  
  predicted energy change: -4.9587E-04
  step size:     0.29972
  trust radius:  0.30000
---------------- geometry iteration   3 complete ----------------
geopt (optimize geometry) done.
onee (1-electron integrals) done.
probe (project orbitals) done.
grid (grid generation) done.
rwr (Q operators) done.
  
       i  u  d  i  g
       t  p  i  c  r                                 RMS    maximum
       e  d  i  u  i                       energy  density   DIIS  
       r  t  s  t  d       total energy    change  change    error 
  
etot    1  N  N  2  U   -1173.52292735484           7.5E-04  2.3E-02
etot    2  Y  Y  6  M   -1173.56623453928  4.3E-02  2.7E-04  1.7E-03
etot    3  N  Y  2  U   -1173.56415433036 -2.1E-03  2.1E-04  3.9E-03
etot    4  Y  Y  6  M   -1173.56629680695  2.1E-03  3.0E-05  7.5E-04
etot    5  N  Y  2  U   -1173.56645849884  1.6E-04  1.2E-05  4.7E-04
etot    6  N  Y  2  U   -1173.56647497986  1.6E-05  4.2E-06  6.3E-05
etot    7  N  N  2  U   -1173.56647522529  2.5E-07  0.0E+00  0.0E+00
scf (DFT) done.
der1a (1-e 1st deriv.) done.
rwr (1st deriv. Q) done.
der1b (2-e 1st deriv.) done.
  Geometry optimization step   4
  Total energy:     -1173.58983391223 hartrees
  energy change:          -1.6619E-04 .  (  5.0000E-05 )
  gradient maximum:        4.7514E-03 .  (  4.5000E-04 )
  gradient rms:            8.6541E-04 .  (  3.0000E-04 )
  displacement maximum:    1.7907E-01 .  (  1.8000E-03 )
  displacement rms:        2.6319E-02 .  (  1.2000E-03 )
  
  predicted energy change: -5.1993E-04
  step size:     0.30008
  trust radius:  0.30000
---------------- geometry iteration   4 complete ----------------
geopt (optimize geometry) done.
onee (1-electron integrals) done.
probe (project orbitals) done.
grid (grid generation) done.
rwr (Q operators) done.
  
       i  u  d  i  g
       t  p  i  c  r                                 RMS    maximum
       e  d  i  u  i                       energy  density   DIIS  
       r  t  s  t  d       total energy    change  change    error 
  
etot    1  N  N  2  U   -1173.52324692747           7.6E-04  2.3E-02
etot    2  Y  Y  6  M   -1173.56697608084  4.4E-02  1.8E-04  1.4E-03
etot    3  N  Y  2  U   -1173.56614148567 -8.3E-04  1.5E-04  2.3E-03
etot    4  Y  Y  6  M   -1173.56691181700  7.7E-04  3.9E-05  9.4E-04
etot    5  N  Y  2  U   -1173.56706859239  1.6E-04  1.1E-05  4.0E-04
etot    6  N  Y  2  U   -1173.56708215522  1.4E-05  4.1E-06  7.0E-05
etot    7  N  N  2  U   -1173.56708240296  2.5E-07  0.0E+00  0.0E+00
scf (DFT) done.
der1a (1-e 1st deriv.) done.
rwr (1st deriv. Q) done.
der1b (2-e 1st deriv.) done.
  Geometry optimization step   5
  Total energy:     -1173.59039904773 hartrees
  energy change:          -5.6514E-04 .  (  5.0000E-05 )
  gradient maximum:        4.0437E-03 .  (  4.5000E-04 )
  gradient rms:            8.0150E-04 .  (  3.0000E-04 )
  displacement maximum:    1.0909E-01 .  (  1.8000E-03 )
  displacement rms:        1.8759E-02 .  (  1.2000E-03 )
  
  predicted energy change: -3.1635E-04
  step size:     0.21389
  trust radius:  0.30000
---------------- geometry iteration   5 complete ----------------
geopt (optimize geometry) done.
onee (1-electron integrals) done.
probe (project orbitals) done.
grid (grid generation) done.
rwr (Q operators) done.
  
       i  u  d  i  g
       t  p  i  c  r                                 RMS    maximum
       e  d  i  u  i                       energy  density   DIIS  
       r  t  s  t  d       total energy    change  change    error 
  
etot    1  N  N  2  U   -1173.54836245533           5.3E-04  1.3E-02
etot    2  Y  Y  6  M   -1173.56752534078  1.9E-02  7.8E-05  7.6E-04
etot    3  N  Y  2  U   -1173.56728993447 -2.4E-04  5.9E-05  1.2E-03
etot    4  Y  Y  6  M   -1173.56751347046  2.2E-04  1.8E-05  5.6E-04
etot    5  N  Y  2  U   -1173.56752688188  1.3E-05  4.8E-06  1.1E-04
etot    6  N  N  2  U   -1173.56752876974  1.9E-06  0.0E+00  0.0E+00
scf (DFT) done.
der1a (1-e 1st deriv.) done.
rwr (1st deriv. Q) done.
der1b (2-e 1st deriv.) done.
  Geometry optimization step   6
  Total energy:     -1173.59081525293 hartrees
  energy change:          -4.1621E-04 .  (  5.0000E-05 )
  gradient maximum:        4.9059E-03 .  (  4.5000E-04 )
  gradient rms:            8.7943E-04 .  (  3.0000E-04 )
  displacement maximum:    2.1042E-01 .  (  1.8000E-03 )
  displacement rms:        2.6358E-02 .  (  1.2000E-03 )
  
  predicted energy change: -7.8698E-04
  step size:     0.30053
  trust radius:  0.30000
---------------- geometry iteration   6 complete ----------------
geopt (optimize geometry) done.
onee (1-electron integrals) done.
probe (project orbitals) done.
grid (grid generation) done.
rwr (Q operators) done.
  
       i  u  d  i  g
       t  p  i  c  r                                 RMS    maximum
       e  d  i  u  i                       energy  density   DIIS  
       r  t  s  t  d       total energy    change  change    error 
  
etot    1  N  N  2  U   -1173.54472601800           1.5E-03  1.5E-02
etot    2  Y  Y  6  M   -1173.56902515852  2.4E-02  2.4E-04  1.2E-03
etot    3  N  Y  2  U   -1173.56716691394 -1.9E-03  1.8E-04  3.8E-03
etot    4  Y  Y  6  M   -1173.56922458926  2.1E-03  2.8E-05  5.0E-04
etot    5  N  Y  2  U   -1173.56920165373 -2.3E-05  1.1E-05  3.5E-04
etot    6  N  Y  2  U   -1173.56921386592  1.2E-05  4.0E-06  7.6E-05
etot    7  N  N  2  U   -1173.56921456449  7.0E-07  0.0E+00  0.0E+00
scf (DFT) done.
der1a (1-e 1st deriv.) done.
rwr (1st deriv. Q) done.
der1b (2-e 1st deriv.) done.
  Geometry optimization step   7
  Total energy:     -1173.59246593651 hartrees
  energy change:          -1.6507E-03 .  (  5.0000E-05 )
  gradient maximum:        8.1891E-03 .  (  4.5000E-04 )
  gradient rms:            1.7947E-03 .  (  3.0000E-04 )
  displacement maximum:    2.5361E-01 .  (  1.8000E-03 )
  displacement rms:        2.6312E-02 .  (  1.2000E-03 )
  
  predicted energy change: -9.7161E-04
  step size:     0.30001
  trust radius:  0.30000
---------------- geometry iteration   7 complete ----------------
geopt (optimize geometry) done.
onee (1-electron integrals) done.
probe (project orbitals) done.
grid (grid generation) done.
rwr (Q operators) done.
  
       i  u  d  i  g
       t  p  i  c  r                                 RMS    maximum
       e  d  i  u  i                       energy  density   DIIS  
       r  t  s  t  d       total energy    change  change    error 
  
etot    1  N  N  2  U   -1173.55808660519           5.2E-04  7.1E-03
etot    2  Y  Y  6  M   -1173.57005198871  1.2E-02  1.7E-04  9.1E-04
etot    3  N  Y  2  U   -1173.56897378971 -1.1E-03  1.3E-04  2.9E-03
etot    4  Y  Y  6  M   -1173.57019392098  1.2E-03  2.3E-05  4.1E-04
etot    5  N  Y  2  U   -1173.57016372775 -3.0E-05  8.2E-06  3.0E-04
etot    6  N  Y  2  U   -1173.57017028870  6.6E-06  2.9E-06  6.0E-05
etot    7  N  N  2  U   -1173.57017070863  4.2E-07  0.0E+00  0.0E+00
scf (DFT) done.
der1a (1-e 1st deriv.) done.
rwr (1st deriv. Q) done.
der1b (2-e 1st deriv.) done.
  Geometry optimization step   8
  Total energy:     -1173.59341914319 hartrees
  energy change:          -9.5321E-04 .  (  5.0000E-05 )
  gradient maximum:        1.5727E-02 .  (  4.5000E-04 )
  gradient rms:            2.3193E-03 .  (  3.0000E-04 )
  displacement maximum:    1.2215E-01 .  (  1.8000E-03 )
  displacement rms:        2.2531E-02 .  (  1.2000E-03 )
  
  predicted energy change: -1.1196E-03
  step size:     0.25689
  trust radius:  0.30000
---------------- geometry iteration   8 complete ----------------
geopt (optimize geometry) done.
onee (1-electron integrals) done.
probe (project orbitals) done.
grid (grid generation) done.
rwr (Q operators) done.
  
       i  u  d  i  g
       t  p  i  c  r                                 RMS    maximum
       e  d  i  u  i                       energy  density   DIIS  
       r  t  s  t  d       total energy    change  change    error 
  
etot    1  N  N  2  U   -1173.54425811778           6.3E-04  1.6E-02
etot    2  Y  Y  6  M   -1173.57134552468  2.7E-02  1.3E-04  1.2E-03
etot    3  N  Y  2  U   -1173.57081493716 -5.3E-04  1.2E-04  2.3E-03
etot    4  Y  Y  6  M   -1173.57139757466  5.8E-04  4.2E-05  6.8E-04
etot    5  N  Y  2  U   -1173.57142933383  3.2E-05  9.6E-06  2.9E-04
etot    6  N  Y  2  U   -1173.57143674225  7.4E-06  3.5E-06  7.9E-05
etot    7  N  N  2  U   -1173.57143726445  5.2E-07  0.0E+00  0.0E+00
scf (DFT) done.
der1a (1-e 1st deriv.) done.
rwr (1st deriv. Q) done.
der1b (2-e 1st deriv.) done.
  Geometry optimization step   9
  Total energy:     -1173.59471564583 hartrees
  energy change:          -1.2965E-03 .  (  5.0000E-05 )
  gradient maximum:        1.0159E-02 .  (  4.5000E-04 )
  gradient rms:            1.5627E-03 .  (  3.0000E-04 )
  displacement maximum:    9.3297E-02 .  (  1.8000E-03 )
  displacement rms:        2.0109E-02 .  (  1.2000E-03 )
  
  predicted energy change: -8.4653E-04
  step size:     0.22928
  trust radius:  0.30000
---------------- geometry iteration   9 complete ----------------
geopt (optimize geometry) done.
onee (1-electron integrals) done.
probe (project orbitals) done.
grid (grid generation) done.
rwr (Q operators) done.
  
       i  u  d  i  g
       t  p  i  c  r                                 RMS    maximum
       e  d  i  u  i                       energy  density   DIIS  
       r  t  s  t  d       total energy    change  change    error 
  
etot    1  N  N  2  U   -1173.54998766421           5.5E-04  1.2E-02
etot    2  Y  Y  6  M   -1173.57132883742  2.1E-02  2.3E-04  1.3E-03
etot    3  N  Y  2  U   -1173.56975672812 -1.6E-03  1.9E-04  2.9E-03
etot    4  Y  Y  6  M   -1173.57142401608  1.7E-03  3.4E-05  6.5E-04
etot    5  N  Y  2  U   -1173.57155068110  1.3E-04  1.1E-05  2.7E-04
etot    6  N  Y  2  U   -1173.57156252730  1.2E-05  3.7E-06  8.7E-05
etot    7  N  N  2  U   -1173.57156329616  7.7E-07  0.0E+00  0.0E+00
scf (DFT) done.
der1a (1-e 1st deriv.) done.
rwr (1st deriv. Q) done.
der1b (2-e 1st deriv.) done.
  Geometry optimization step  10
  Total energy:     -1173.59487866484 hartrees
  energy change:          -1.6302E-04 .  (  5.0000E-05 )
  gradient maximum:        4.5685E-03 .  (  4.5000E-04 )
  gradient rms:            9.3369E-04 .  (  3.0000E-04 )
  displacement maximum:    1.4866E-01 .  (  1.8000E-03 )
  displacement rms:        2.2042E-02 .  (  1.2000E-03 )
  
  predicted energy change: -2.9312E-04
  step size:     0.25131
  trust radius:  0.30000
---------------- geometry iteration  10 complete ----------------
geopt (optimize geometry) done.
onee (1-electron integrals) done.
probe (project orbitals) done.
grid (grid generation) done.
rwr (Q operators) done.
  
       i  u  d  i  g
       t  p  i  c  r                                 RMS    maximum
       e  d  i  u  i                       energy  density   DIIS  
       r  t  s  t  d       total energy    change  change    error 
  
etot    1  N  N  2  U   -1173.54225929004           1.4E-03  1.7E-02
etot    2  Y  Y  6  M   -1173.57217281340  3.0E-02  1.0E-04  1.2E-03
etot    3  N  Y  2  U   -1173.57179014883 -3.8E-04  9.7E-05  1.9E-03
etot    4  Y  Y  6  M   -1173.57215341591  3.6E-04  3.7E-05  7.3E-04
etot    5  N  Y  2  U   -1173.57218236788  2.9E-05  8.7E-06  1.8E-04
etot    6  N  Y  2  U   -1173.57218767498  5.3E-06  3.7E-06  5.8E-05
etot    7  N  N  2  U   -1173.57218795625  2.8E-07  0.0E+00  0.0E+00
scf (DFT) done.
der1a (1-e 1st deriv.) done.
rwr (1st deriv. Q) done.
der1b (2-e 1st deriv.) done.
  Geometry optimization step  11
  Total energy:     -1173.59548833496 hartrees
  energy change:          -6.0967E-04 .  (  5.0000E-05 )
  gradient maximum:        4.4777E-03 .  (  4.5000E-04 )
  gradient rms:            7.8170E-04 .  (  3.0000E-04 )
  displacement maximum:    6.4448E-02 .  (  1.8000E-03 )
  displacement rms:        1.1002E-02 .  (  1.2000E-03 )
  
  predicted energy change: -2.3276E-04
  step size:     0.12545
  trust radius:  0.30000
---------------- geometry iteration  11 complete ----------------
geopt (optimize geometry) done.
onee (1-electron integrals) done.
probe (project orbitals) done.
grid (grid generation) done.
rwr (Q operators) done.
  
       i  u  d  i  g
       t  p  i  c  r                                 RMS    maximum
       e  d  i  u  i                       energy  density   DIIS  
       r  t  s  t  d       total energy    change  change    error 
  
etot    1  N  N  2  U   -1173.56785149481           2.4E-04  6.9E-03
etot    2  Y  Y  6  M   -1173.57228723548  4.4E-03  5.7E-05  4.7E-04
etot    3  Y  Y  6  M   -1173.57215367151 -1.3E-04  5.1E-05  1.3E-03
etot    4  N  Y  2  U   -1173.57230277585  1.5E-04  1.6E-05  2.3E-04
etot    5  N  Y  2  U   -1173.57231306551  1.0E-05  4.7E-06  9.3E-05
etot    6  N  N  2  U   -1173.57231448385  1.4E-06  0.0E+00  0.0E+00
scf (DFT) done.
der1a (1-e 1st deriv.) done.
rwr (1st deriv. Q) done.
der1b (2-e 1st deriv.) done.
  Geometry optimization step  12
  Total energy:     -1173.59560688466 hartrees
  energy change:          -1.1855E-04 .  (  5.0000E-05 )
  gradient maximum:        2.7955E-03 .  (  4.5000E-04 )
  gradient rms:            6.2393E-04 .  (  3.0000E-04 )
  displacement maximum:    5.7958E-02 .  (  1.8000E-03 )
  displacement rms:        1.1288E-02 .  (  1.2000E-03 )
  
  predicted energy change: -1.2981E-04
  step size:     0.12870
  trust radius:  0.30000
---------------- geometry iteration  12 complete ----------------
geopt (optimize geometry) done.
onee (1-electron integrals) done.
probe (project orbitals) done.
grid (grid generation) done.
rwr (Q operators) done.
  
       i  u  d  i  g
       t  p  i  c  r                                 RMS    maximum
       e  d  i  u  i                       energy  density   DIIS  
       r  t  s  t  d       total energy    change  change    error 
  
etot    1  N  N  2  U   -1173.56614478649           2.9E-04  8.3E-03
etot    2  Y  Y  6  M   -1173.57247359491  6.3E-03  4.9E-05  4.1E-04
etot    3  N  Y  2  U   -1173.57241717121 -5.6E-05  4.8E-05  5.9E-04
etot    4  N  Y  2  U   -1173.57247036906  5.3E-05  1.7E-05  2.6E-04
etot    5  N  Y  2  U   -1173.57248671743  1.6E-05  3.6E-06  9.2E-05
etot    6  N  N  2  U   -1173.57248786500  1.1E-06  0.0E+00  0.0E+00
scf (DFT) done.
der1a (1-e 1st deriv.) done.
rwr (1st deriv. Q) done.
der1b (2-e 1st deriv.) done.
  Geometry optimization step  13
  Total energy:     -1173.59578491753 hartrees
  energy change:          -1.7803E-04 .  (  5.0000E-05 )
  gradient maximum:        1.5053E-03 .  (  4.5000E-04 )
  gradient rms:            3.3668E-04 .  (  3.0000E-04 )
  displacement maximum:    1.1854E-01 .  (  1.8000E-03 )
  displacement rms:        2.0635E-02 .  (  1.2000E-03 )
  
  predicted energy change: -1.2586E-04
  step size:     0.23528
  trust radius:  0.30000
---------------- geometry iteration  13 complete ----------------
geopt (optimize geometry) done.
onee (1-electron integrals) done.
probe (project orbitals) done.
grid (grid generation) done.
rwr (Q operators) done.
  
       i  u  d  i  g
       t  p  i  c  r                                 RMS    maximum
       e  d  i  u  i                       energy  density   DIIS  
       r  t  s  t  d       total energy    change  change    error 
  
etot    1  N  N  2  U   -1173.55043785057           5.3E-04  1.2E-02
etot    2  Y  Y  6  M   -1173.57261738416  2.2E-02  5.0E-05  7.8E-04
etot    3  N  Y  2  U   -1173.57253267731 -8.5E-05  4.2E-05  6.6E-04
etot    4  N  Y  2  U   -1173.57257674443  4.4E-05  2.1E-05  3.7E-04
etot    5  N  Y  2  U   -1173.57259876759  2.2E-05  6.0E-06  1.2E-04
etot    6  N  Y  2  U   -1173.57260065681  1.9E-06  2.9E-06  4.1E-05
etot    7  N  N  2  U   -1173.57260081624  1.6E-07  0.0E+00  0.0E+00
scf (DFT) done.
der1a (1-e 1st deriv.) done.
rwr (1st deriv. Q) done.
der1b (2-e 1st deriv.) done.
  Geometry optimization step  14
  Total energy:     -1173.59584987085 hartrees
  energy change:          -6.4953E-05 .  (  5.0000E-05 )
  gradient maximum:        1.7145E-03 .  (  4.5000E-04 )
  gradient rms:            4.3417E-04 .  (  3.0000E-04 )
  displacement maximum:    5.1088E-02 .  (  1.8000E-03 )
  displacement rms:        1.1531E-02 .  (  1.2000E-03 )
  
  predicted energy change: -7.7964E-05
  step size:     0.13147
  trust radius:  0.30000
---------------- geometry iteration  14 complete ----------------
geopt (optimize geometry) done.
onee (1-electron integrals) done.
probe (project orbitals) done.
grid (grid generation) done.
rwr (Q operators) done.
  
       i  u  d  i  g
       t  p  i  c  r                                 RMS    maximum
       e  d  i  u  i                       energy  density   DIIS  
       r  t  s  t  d       total energy    change  change    error 
  
etot    1  N  N  2  U   -1173.56611493507           2.9E-04  6.9E-03
etot    2  Y  Y  6  M   -1173.57264822003  6.5E-03  4.3E-05  4.6E-04
etot    3  N  Y  2  U   -1173.57259484483 -5.3E-05  3.9E-05  5.8E-04
etot    4  N  Y  2  U   -1173.57264771541  5.3E-05  1.5E-05  3.4E-04
etot    5  N  Y  2  U   -1173.57266141177  1.4E-05  4.0E-06  1.1E-04
etot    6  N  N  2  U   -1173.57266270805  1.3E-06  0.0E+00  0.0E+00
scf (DFT) done.
der1a (1-e 1st deriv.) done.
rwr (1st deriv. Q) done.
der1b (2-e 1st deriv.) done.
  Geometry optimization step  15
  Total energy:     -1173.59586351539 hartrees
  energy change:          -1.3645E-05 *  (  5.0000E-05 )
  gradient maximum:        1.8577E-03 .  (  4.5000E-04 )
  gradient rms:            4.0858E-04 .  (  3.0000E-04 )
  displacement maximum:    3.7114E-02 .  (  1.8000E-03 )
  displacement rms:        5.8941E-03 .  (  1.2000E-03 )
  
  predicted energy change: -6.7219E-05
  step size:     0.06720
  trust radius:  0.30000
---------------- geometry iteration  15 complete ----------------
geopt (optimize geometry) done.
onee (1-electron integrals) done.
probe (project orbitals) done.
grid (grid generation) done.
rwr (Q operators) done.
  
       i  u  d  i  g
       t  p  i  c  r                                 RMS    maximum
       e  d  i  u  i                       energy  density   DIIS  
       r  t  s  t  d       total energy    change  change    error 
  
etot    1  N  N  2  U   -1173.57095676754           1.5E-04  3.9E-03
etot    2  Y  Y  6  M   -1173.57270459680  1.7E-03  3.5E-05  3.1E-04
etot    3  N  Y  2  U   -1173.57264781157 -5.7E-05  3.2E-05  8.5E-04
etot    4  N  Y  2  U   -1173.57269036371  4.3E-05  1.0E-05  1.7E-04
etot    5  N  Y  2  U   -1173.57269425773  3.9E-06  2.9E-06  7.0E-05
etot    6  N  N  2  U   -1173.57269491252  6.5E-07  0.0E+00  0.0E+00
scf (DFT) done.
der1a (1-e 1st deriv.) done.
rwr (1st deriv. Q) done.
der1b (2-e 1st deriv.) done.
  Geometry optimization step  16
  Total energy:     -1173.59592129623 hartrees
  energy change:          -5.7781E-05 .  (  5.0000E-05 )
  gradient maximum:        6.0952E-04 .  (  4.5000E-04 )
  gradient rms:            1.7311E-04 *  (  3.0000E-04 )
  displacement maximum:    1.0907E-02 .  (  1.8000E-03 )
  displacement rms:        1.7583E-03 .  (  1.2000E-03 )
  
  predicted energy change: -8.1085E-06
  step size:     0.02005
  trust radius:  0.30000
---------------- geometry iteration  16 complete ----------------
geopt (optimize geometry) done.
onee (1-electron integrals) done.
probe (project orbitals) done.
grid (grid generation) done.
rwr (Q operators) done.
  
       i  u  d  i  g
       t  p  i  c  r                                 RMS    maximum
       e  d  i  u  i                       energy  density   DIIS  
       r  t  s  t  d       total energy    change  change    error 
  
etot    1  N  N  2  U   -1173.57251561382           5.0E-05  1.2E-03
etot    2  N  Y  2  U   -1173.57269845617  1.8E-04  1.6E-05  1.4E-04
etot    3  N  Y  2  U   -1173.57268403765 -1.4E-05  1.5E-05  3.8E-04
etot    4  N  Y  2  U   -1173.57270012059  1.6E-05  4.2E-06  7.8E-05
etot    5  N  N  2  U   -1173.57270107281  9.5E-07  0.0E+00  0.0E+00
scf (DFT) done.
der1a (1-e 1st deriv.) done.
rwr (1st deriv. Q) done.
der1b (2-e 1st deriv.) done.
  Geometry optimization step  17
  Total energy:     -1173.59592027799 hartrees
  energy change:           1.0182E-06 #  (  5.0000E-05 )
  gradient maximum:        3.7414E-04 *  (  4.5000E-04 )
  gradient rms:            9.4186E-05 *  (  3.0000E-04 )
  displacement maximum:    7.4228E-03 .  (  1.8000E-03 )
  displacement rms:        1.4103E-03 .  (  1.2000E-03 )
  
  predicted energy change: -2.6275E-06
  step size:     0.01608
  trust radius:  0.30000
---------------- geometry iteration  17 complete ----------------
geopt (optimize geometry) done.
onee (1-electron integrals) done.
probe (project orbitals) done.
grid (grid generation) done.
rwr (Q operators) done.
  
       i  u  d  i  g
       t  p  i  c  r                                 RMS    maximum
       e  d  i  u  i                       energy  density   DIIS  
       r  t  s  t  d       total energy    change  change    error 
  
etot    1  N  N  2  U   -1173.57260817640           3.6E-05  7.4E-04
etot    2  N  Y  2  U   -1173.57270529026  9.7E-05  6.8E-06  6.5E-05
etot    3  N  Y  2  U   -1173.57270409534 -1.2E-06  6.2E-06  1.2E-04
etot    4  N  Y  2  U   -1173.57270557199  1.5E-06  2.3E-06  2.7E-05
etot    5  N  N  2  U   -1173.57270580494  2.3E-07  0.0E+00  0.0E+00
scf (DFT) done.
der1a (1-e 1st deriv.) done.
rwr (1st deriv. Q) done.
der1b (2-e 1st deriv.) done.
  Geometry optimization step  18
  Total energy:     -1173.59592272673 hartrees
  energy change:          -2.4487E-06 #  (  5.0000E-05 )
  gradient maximum:        1.5925E-04 *  (  4.5000E-04 )
  gradient rms:            4.0756E-05 #  (  3.0000E-04 )
  displacement maximum:    2.8941E-03 .  (  1.8000E-03 )
  displacement rms:        5.7879E-04 *  (  1.2000E-03 )
  
  predicted energy change: -5.3115E-07
  step size:     0.00660
  trust radius:  0.30000
------------- final geometry iteration  18 complete -------------
geopt (optimize geometry) done.
cutabab2 (abab integrals) done.
der2a (1-e JK-1st deriv.) done.
der2b (2-e JK-1st deriv.) done.
der2nda (1-e 2nd deriv.) done.
der2ndb (2-e 2nd deriv.) done.
rwr (Q operators) done.
cphfa (gradient of wave function) done.
freq (vib. frequencies) done.
Job J1_9695_2111 completed on hpc-93-12.cm.cluster at Wed May 29 06:54:24 2024
Timer (jaguar_backend.py) : 1124.27 secs (0 hrs, 18 mins, 44 secs)
Finished:   Wed May 29 06:54:24 2024
