Command:  /groups/wag/programs/Schrodinger_2020_3/jaguar run -WAIT -PARALLEL 8 /central/home/labounad/wittig-ch121/out/J1_9752_2111/J1_9752_2111.in
Release:  2020-3
Exec:     /groups/wag/programs/Schrodinger_2020_3/jaguar-v10.9/bin/Linux-x86_64
Host:     hpc-93-13.cm.cluster
JobId:    hpc-93-13-0-6656f770
JobDir:   /central/scratch/labounad/J1_9752_2111#hpc-93-13-0-6656f770
Date:     Wed May 29 02:37:54 2024

Contents of /central/scratch/labounad/J1_9752_2111#hpc-93-13-0-6656f770:
/central/scratch/labounad/J1_9752_2111#hpc-93-13-0-6656f770/.write_dir.json
/central/scratch/labounad/J1_9752_2111#hpc-93-13-0-6656f770/J1_9752_2111.log
/central/scratch/labounad/J1_9752_2111#hpc-93-13-0-6656f770/hpc-93-13-0-6656f770.recover
/central/scratch/labounad/J1_9752_2111#hpc-93-13-0-6656f770/hpc-93-13-0-6656f770
/central/scratch/labounad/J1_9752_2111#hpc-93-13-0-6656f770/hpc-93-13-0-6656f770.mpinodes
/central/scratch/labounad/J1_9752_2111#hpc-93-13-0-6656f770/J1_9752_2111.recover
/central/scratch/labounad/J1_9752_2111#hpc-93-13-0-6656f770/hpc-93-13-0-6656f770.nodes
/central/scratch/labounad/J1_9752_2111#hpc-93-13-0-6656f770/J1_9752_2111.in

Executing subprocess:
/groups/wag/programs/Schrodinger_2020_3/jaguar-v10.9/bin/Linux-x86_64/jexec J1_9752_2111.in -T 8 -out /central/scratch/labounad/J1_9752_2111#hpc-93-13-0-6656f770 -cwd

Job J1_9752_2111 started on hpc-93-13.cm.cluster at Wed May 29 02:37:54 2024
jobid: hpc-93-13-0-6656f770 
Jaguar version 10.9, release 139
 Using up to   8 threads per process
Molecular Point Group: C1      
Point Group used: C1
pre (input checking) done.
onee (1-electron integrals) done.
hfig (HF initial guess) done.
probe (project orbitals) done.
grid (grid generation) done.
rwr (Q operators) done.
scf type: DFT=PBE(X+LC)+PW91 (PBE-D3)
  
       i  u  d  i  g
       t  p  i  c  r                                 RMS    maximum
       e  d  i  u  i                       energy  density   DIIS  
       r  t  s  t  d       total energy    change  change    error 
  
etot    1  N  N  5  M   -1366.08210645263           5.0E-03  1.3E-01
etot    2  Y  Y  6  M   -1367.48008567313  1.4E+00  6.4E-03  5.3E-02
etot    3  Y  Y  6  M   -1364.78039313594 -2.7E+00  4.8E-03  9.3E-02
etot    4  N  Y  2  U   -1368.37079953265  3.6E+00  2.0E-03  8.9E-02
etot    5  Y  Y  6  M   -1368.48999202813  1.2E-01  1.1E-03  4.1E-02
etot    6  N  Y  2  U   -1368.53367583280  4.4E-02  7.2E-04  1.7E-02
etot    7  Y  Y  6  M   -1368.55620020427  2.3E-02  3.9E-04  6.5E-03
etot    8  N  Y  2  U   -1368.56386073032  7.7E-03  1.6E-04  4.5E-03
etot    9  Y  Y  6  M   -1368.56601024615  2.1E-03  4.5E-05  1.7E-03
etot   10  N  Y  2  U   -1368.56622911344  2.2E-04  1.7E-05  8.0E-04
etot   11  N  Y  2  U   -1368.56626214081  3.3E-05  9.0E-06  2.1E-04
etot   12  N  Y  2  U   -1368.56626534772  3.2E-06  4.2E-06  1.4E-04
etot   13  N  N  2  U   -1368.56626689422  1.5E-06  0.0E+00  0.0E+00
scf (DFT) done.
der1a (1-e 1st deriv.) done.
rwr (1st deriv. Q) done.
der1b (2-e 1st deriv.) done.
  Geometry optimization step   1
  Total energy:     -1368.59682789469 hartrees
  gradient maximum:        5.6279E-02 .  (  4.5000E-04 )
  gradient rms:            9.5743E-03 .  (  3.0000E-04 )
  displacement maximum:    1.4808E-01 .  (  1.8000E-03 )
  displacement rms:        2.4537E-02 .  (  1.2000E-03 )
  
  predicted energy change: -2.0263E-02
  step size:     0.30051
  trust radius:  0.30000
---------------- geometry iteration   1 complete ----------------
geopt (optimize geometry) done.
onee (1-electron integrals) done.
probe (project orbitals) done.
grid (grid generation) done.
rwr (Q operators) done.
  
       i  u  d  i  g
       t  p  i  c  r                                 RMS    maximum
       e  d  i  u  i                       energy  density   DIIS  
       r  t  s  t  d       total energy    change  change    error 
  
etot    1  N  N  2  U   -1368.55745567744           1.3E-03  1.8E-02
etot    2  Y  Y  6  M   -1368.58486002432  2.7E-02  2.1E-04  1.9E-03
etot    3  N  Y  2  U   -1368.58356483826 -1.3E-03  1.5E-04  3.4E-03
etot    4  Y  Y  6  M   -1368.58542143349  1.9E-03  3.8E-05  1.6E-03
etot    5  N  Y  2  U   -1368.58563885957  2.2E-04  1.1E-05  4.6E-04
etot    6  N  Y  2  U   -1368.58565193257  1.3E-05  4.1E-06  1.1E-04
etot    7  N  N  2  U   -1368.58565300273  1.1E-06  0.0E+00  0.0E+00
scf (DFT) done.
der1a (1-e 1st deriv.) done.
rwr (1st deriv. Q) done.
der1b (2-e 1st deriv.) done.
  Geometry optimization step   2
  Total energy:     -1368.61535941243 hartrees
  energy change:          -1.8532E-02 .  (  5.0000E-05 )
  gradient maximum:        1.0791E-02 .  (  4.5000E-04 )
  gradient rms:            2.2134E-03 .  (  3.0000E-04 )
  displacement maximum:    1.5267E-01 .  (  1.8000E-03 )
  displacement rms:        2.3644E-02 .  (  1.2000E-03 )
  
  predicted energy change: -2.2416E-03
  step size:     0.28958
  trust radius:  0.30000
---------------- geometry iteration   2 complete ----------------
geopt (optimize geometry) done.
onee (1-electron integrals) done.
probe (project orbitals) done.
grid (grid generation) done.
rwr (Q operators) done.
  
       i  u  d  i  g
       t  p  i  c  r                                 RMS    maximum
       e  d  i  u  i                       energy  density   DIIS  
       r  t  s  t  d       total energy    change  change    error 
  
etot    1  N  N  2  U   -1368.55160209851           5.9E-04  1.8E-02
etot    2  Y  Y  6  M   -1368.58739754301  3.6E-02  1.9E-04  1.5E-03
etot    3  N  Y  2  U   -1368.58579103097 -1.6E-03  1.5E-04  3.7E-03
etot    4  Y  Y  6  M   -1368.58772261406  1.9E-03  2.7E-05  1.0E-03
etot    5  N  Y  2  U   -1368.58779269298  7.0E-05  1.1E-05  3.7E-04
etot    6  N  Y  2  U   -1368.58780520929  1.3E-05  2.9E-06  4.9E-05
etot    7  N  N  2  U   -1368.58780540698  2.0E-07  0.0E+00  0.0E+00
scf (DFT) done.
der1a (1-e 1st deriv.) done.
rwr (1st deriv. Q) done.
der1b (2-e 1st deriv.) done.
  Geometry optimization step   3
  Total energy:     -1368.61752382715 hartrees
  energy change:          -2.1644E-03 .  (  5.0000E-05 )
  gradient maximum:        5.1934E-03 .  (  4.5000E-04 )
  gradient rms:            9.0142E-04 .  (  3.0000E-04 )
  displacement maximum:    8.8875E-02 .  (  1.8000E-03 )
  displacement rms:        1.8112E-02 .  (  1.2000E-03 )
  
  predicted energy change: -4.2517E-04
  step size:     0.22183
  trust radius:  0.30000
---------------- geometry iteration   3 complete ----------------
geopt (optimize geometry) done.
onee (1-electron integrals) done.
probe (project orbitals) done.
grid (grid generation) done.
rwr (Q operators) done.
  
       i  u  d  i  g
       t  p  i  c  r                                 RMS    maximum
       e  d  i  u  i                       energy  density   DIIS  
       r  t  s  t  d       total energy    change  change    error 
  
etot    1  N  N  2  U   -1368.56802009052           4.4E-04  1.1E-02
etot    2  Y  Y  6  M   -1368.58762854859  2.0E-02  5.6E-05  8.2E-04
etot    3  N  Y  2  U   -1368.58749874997 -1.3E-04  4.1E-05  1.3E-03
etot    4  N  Y  2  U   -1368.58761772794  1.2E-04  1.3E-05  6.6E-04
etot    5  N  Y  2  U   -1368.58764761238  3.0E-05  3.3E-06  7.3E-05
etot    6  N  N  2  U   -1368.58764825555  6.4E-07  0.0E+00  0.0E+00
scf (DFT) done.
der1a (1-e 1st deriv.) done.
rwr (1st deriv. Q) done.
der1b (2-e 1st deriv.) done.
  Geometry optimization step   4
  Total energy:     -1368.61732904433 hartrees
  energy change:           1.9478E-04 .  (  5.0000E-05 )
  gradient maximum:        6.0998E-03 .  (  4.5000E-04 )
  gradient rms:            9.4276E-04 .  (  3.0000E-04 )
  displacement maximum:    1.0324E-01 .  (  1.8000E-03 )
  displacement rms:        1.4739E-02 .  (  1.2000E-03 )
  
  predicted energy change: -4.9151E-04
  step size:     0.18052
  trust radius:  0.30000
---------------- geometry iteration   4 complete ----------------
geopt (optimize geometry) done.
onee (1-electron integrals) done.
probe (project orbitals) done.
grid (grid generation) done.
rwr (Q operators) done.
  
       i  u  d  i  g
       t  p  i  c  r                                 RMS    maximum
       e  d  i  u  i                       energy  density   DIIS  
       r  t  s  t  d       total energy    change  change    error 
  
etot    1  N  N  2  U   -1368.57051010586           4.0E-04  1.4E-02
etot    2  Y  Y  6  M   -1368.58821709701  1.8E-02  7.3E-05  9.7E-04
etot    3  N  Y  2  U   -1368.58787954418 -3.4E-04  6.1E-05  1.9E-03
etot    4  Y  Y  6  M   -1368.58823147693  3.5E-04  1.5E-05  4.6E-04
etot    5  N  Y  2  U   -1368.58824659238  1.5E-05  4.0E-06  1.0E-04
etot    6  N  N  2  U   -1368.58824800117  1.4E-06  0.0E+00  0.0E+00
scf (DFT) done.
der1a (1-e 1st deriv.) done.
rwr (1st deriv. Q) done.
der1b (2-e 1st deriv.) done.
  Geometry optimization step   5
  Total energy:     -1368.61789987445 hartrees
  energy change:          -5.7083E-04 .  (  5.0000E-05 )
  gradient maximum:        2.2012E-03 .  (  4.5000E-04 )
  gradient rms:            4.7601E-04 .  (  3.0000E-04 )
  displacement maximum:    6.9530E-02 .  (  1.8000E-03 )
  displacement rms:        1.2234E-02 .  (  1.2000E-03 )
  
  predicted energy change: -1.2552E-04
  step size:     0.14984
  trust radius:  0.30000
---------------- geometry iteration   5 complete ----------------
geopt (optimize geometry) done.
onee (1-electron integrals) done.
probe (project orbitals) done.
grid (grid generation) done.
rwr (Q operators) done.
  
       i  u  d  i  g
       t  p  i  c  r                                 RMS    maximum
       e  d  i  u  i                       energy  density   DIIS  
       r  t  s  t  d       total energy    change  change    error 
  
etot    1  N  N  2  U   -1368.57882484774           2.9E-04  8.2E-03
etot    2  Y  Y  6  M   -1368.58839349316  9.6E-03  4.2E-05  5.0E-04
etot    3  N  Y  2  U   -1368.58827276418 -1.2E-04  3.4E-05  1.2E-03
etot    4  N  Y  2  U   -1368.58838333387  1.1E-04  1.2E-05  4.9E-04
etot    5  N  Y  2  U   -1368.58839702279  1.4E-05  3.6E-06  1.0E-04
etot    6  N  N  2  U   -1368.58839804071  1.0E-06  0.0E+00  0.0E+00
scf (DFT) done.
der1a (1-e 1st deriv.) done.
rwr (1st deriv. Q) done.
der1b (2-e 1st deriv.) done.
  Geometry optimization step   6
  Total energy:     -1368.61806603038 hartrees
  energy change:          -1.6616E-04 .  (  5.0000E-05 )
  gradient maximum:        2.1543E-03 .  (  4.5000E-04 )
  gradient rms:            3.6670E-04 .  (  3.0000E-04 )
  displacement maximum:    5.9003E-02 .  (  1.8000E-03 )
  displacement rms:        1.0926E-02 .  (  1.2000E-03 )
  
  predicted energy change: -9.6979E-05
  step size:     0.13382
  trust radius:  0.30000
---------------- geometry iteration   6 complete ----------------
geopt (optimize geometry) done.
onee (1-electron integrals) done.
probe (project orbitals) done.
grid (grid generation) done.
rwr (Q operators) done.
  
       i  u  d  i  g
       t  p  i  c  r                                 RMS    maximum
       e  d  i  u  i                       energy  density   DIIS  
       r  t  s  t  d       total energy    change  change    error 
  
etot    1  N  N  2  U   -1368.58182410912           2.6E-04  6.2E-03
etot    2  Y  Y  6  M   -1368.58867031545  6.8E-03  3.7E-05  4.5E-04
etot    3  N  Y  2  U   -1368.58856664968 -1.0E-04  2.7E-05  1.2E-03
etot    4  N  Y  2  U   -1368.58866437087  9.8E-05  6.6E-06  2.0E-04
etot    5  N  Y  2  U   -1368.58866865048  4.3E-06  2.5E-06  6.4E-05
etot    6  N  N  2  U   -1368.58866908990  4.4E-07  0.0E+00  0.0E+00
scf (DFT) done.
der1a (1-e 1st deriv.) done.
rwr (1st deriv. Q) done.
der1b (2-e 1st deriv.) done.
  Geometry optimization step   7
  Total energy:     -1368.61827025084 hartrees
  energy change:          -2.0422E-04 .  (  5.0000E-05 )
  gradient maximum:        1.5379E-03 .  (  4.5000E-04 )
  gradient rms:            3.3574E-04 .  (  3.0000E-04 )
  displacement maximum:    1.4949E-01 .  (  1.8000E-03 )
  displacement rms:        2.4500E-02 .  (  1.2000E-03 )
  
  predicted energy change: -1.5367E-04
  step size:     0.30007
  trust radius:  0.30000
---------------- geometry iteration   7 complete ----------------
geopt (optimize geometry) done.
onee (1-electron integrals) done.
probe (project orbitals) done.
grid (grid generation) done.
rwr (Q operators) done.
  
       i  u  d  i  g
       t  p  i  c  r                                 RMS    maximum
       e  d  i  u  i                       energy  density   DIIS  
       r  t  s  t  d       total energy    change  change    error 
  
etot    1  N  N  2  U   -1368.55305836525           5.7E-04  1.6E-02
etot    2  Y  Y  6  M   -1368.58861533094  3.6E-02  8.2E-05  1.1E-03
etot    3  N  Y  2  U   -1368.58817568350 -4.4E-04  6.2E-05  2.4E-03
etot    4  Y  Y  6  M   -1368.58861820194  4.4E-04  1.6E-05  6.3E-04
etot    5  N  Y  2  U   -1368.58863743233  1.9E-05  5.5E-06  1.1E-04
etot    6  N  Y  2  U   -1368.58863940809  2.0E-06  3.4E-06  4.5E-05
etot    7  N  N  2  U   -1368.58863958278  1.7E-07  0.0E+00  0.0E+00
scf (DFT) done.
der1a (1-e 1st deriv.) done.
rwr (1st deriv. Q) done.
der1b (2-e 1st deriv.) done.
  Geometry optimization step   8
  Total energy:     -1368.61821131014 hartrees
  energy change:           5.8941E-05 .  (  5.0000E-05 )
  gradient maximum:        1.7825E-03 .  (  4.5000E-04 )
  gradient rms:            4.3135E-04 .  (  3.0000E-04 )
  displacement maximum:    1.5410E-01 .  (  1.8000E-03 )
  displacement rms:        2.4537E-02 .  (  1.2000E-03 )
  
  predicted energy change: -2.8324E-04
  step size:     0.30051
  trust radius:  0.30000
---------------- geometry iteration   8 complete ----------------
geopt (optimize geometry) done.
onee (1-electron integrals) done.
probe (project orbitals) done.
grid (grid generation) done.
rwr (Q operators) done.
  
       i  u  d  i  g
       t  p  i  c  r                                 RMS    maximum
       e  d  i  u  i                       energy  density   DIIS  
       r  t  s  t  d       total energy    change  change    error 
  
etot    1  N  N  2  U   -1368.55417569387           5.6E-04  1.8E-02
etot    2  Y  Y  6  M   -1368.58837596439  3.4E-02  8.4E-05  1.1E-03
etot    3  N  Y  2  U   -1368.58787605509 -5.0E-04  6.4E-05  3.1E-03
etot    4  Y  Y  6  M   -1368.58837262501  5.0E-04  1.7E-05  8.4E-04
etot    5  N  Y  2  U   -1368.58839516816  2.3E-05  5.4E-06  1.2E-04
etot    6  N  Y  2  U   -1368.58839783727  2.7E-06  2.9E-06  4.5E-05
etot    7  N  N  2  U   -1368.58839798577  1.5E-07  0.0E+00  0.0E+00
scf (DFT) done.
der1a (1-e 1st deriv.) done.
rwr (1st deriv. Q) done.
der1b (2-e 1st deriv.) done.
  Geometry optimization step   9
  Total energy:     -1368.61796870474 hartrees
  ** restarting optimization from step    7 **
  energy change:           2.4261E-04 .  (  5.0000E-05 )
  gradient maximum:        1.5379E-03 .  (  4.5000E-04 )
  gradient rms:            3.3574E-04 .  (  3.0000E-04 )
  displacement maximum:    7.2025E-02 .  (  1.8000E-03 )
  displacement rms:        1.2249E-02 .  (  1.2000E-03 )
  
  predicted energy change: -2.0096E-04
  step size:     0.15002
  trust radius:  0.15000
---------------- geometry iteration   9 complete ----------------
geopt (optimize geometry) done.
onee (1-electron integrals) done.
probe (project orbitals) done.
grid (grid generation) done.
rwr (Q operators) done.
  
       i  u  d  i  g
       t  p  i  c  r                                 RMS    maximum
       e  d  i  u  i                       energy  density   DIIS  
       r  t  s  t  d       total energy    change  change    error 
  
etot    1  N  N  2  U   -1368.48855118381           1.5E-03  2.7E-02
etot    2  Y  Y  6  M   -1368.58845040229  1.0E-01  1.4E-04  2.0E-03
etot    3  N  Y  2  U   -1368.58735853120 -1.1E-03  1.1E-04  3.9E-03
etot    4  Y  Y  6  M   -1368.58847036958  1.1E-03  3.4E-05  1.3E-03
etot    5  N  Y  2  U   -1368.58862872135  1.6E-04  1.2E-05  3.0E-04
etot    6  N  Y  2  U   -1368.58863717337  8.5E-06  6.2E-06  1.3E-04
etot    7  N  Y  2  U   -1368.58863785965  6.9E-07  3.0E-06  7.2E-05
etot    8  N  N  2  U   -1368.58863826651  4.1E-07  0.0E+00  0.0E+00
scf (DFT) done.
der1a (1-e 1st deriv.) done.
rwr (1st deriv. Q) done.
der1b (2-e 1st deriv.) done.
  Geometry optimization step  10
  Total energy:     -1368.61822311552 hartrees
  energy change:           4.7135E-05 *  (  5.0000E-05 )
  gradient maximum:        2.6143E-03 .  (  4.5000E-04 )
  gradient rms:            5.3247E-04 .  (  3.0000E-04 )
  displacement maximum:    3.5182E-02 .  (  1.8000E-03 )
  displacement rms:        6.1645E-03 .  (  1.2000E-03 )
  
  predicted energy change: -1.2926E-04
  step size:     0.07550
  trust radius:  0.07500
---------------- geometry iteration  10 complete ----------------
geopt (optimize geometry) done.
onee (1-electron integrals) done.
probe (project orbitals) done.
grid (grid generation) done.
rwr (Q operators) done.
  
       i  u  d  i  g
       t  p  i  c  r                                 RMS    maximum
       e  d  i  u  i                       energy  density   DIIS  
       r  t  s  t  d       total energy    change  change    error 
  
etot    1  N  N  2  U   -1368.58625522044           1.5E-04  4.1E-03
etot    2  Y  Y  6  M   -1368.58867309125  2.4E-03  2.4E-05  2.7E-04
etot    3  N  Y  2  U   -1368.58863748017 -3.6E-05  1.8E-05  5.6E-04
etot    4  N  Y  2  U   -1368.58867335772  3.6E-05  5.8E-06  2.0E-04
etot    5  N  Y  2  U   -1368.58867616037  2.8E-06  2.4E-06  7.1E-05
etot    6  N  N  2  U   -1368.58867658016  4.2E-07  0.0E+00  0.0E+00
scf (DFT) done.
der1a (1-e 1st deriv.) done.
rwr (1st deriv. Q) done.
der1b (2-e 1st deriv.) done.
  Geometry optimization step  11
  Total energy:     -1368.61825634759 hartrees
  energy change:          -3.3232E-05 *  (  5.0000E-05 )
  gradient maximum:        1.3020E-03 .  (  4.5000E-04 )
  gradient rms:            2.5387E-04 *  (  3.0000E-04 )
  displacement maximum:    5.4779E-02 .  (  1.8000E-03 )
  displacement rms:        8.6948E-03 .  (  1.2000E-03 )
  
  predicted energy change: -1.2384E-04
  step size:     0.10649
  trust radius:  0.10607
---------------- geometry iteration  11 complete ----------------
geopt (optimize geometry) done.
onee (1-electron integrals) done.
probe (project orbitals) done.
grid (grid generation) done.
rwr (Q operators) done.
  
       i  u  d  i  g
       t  p  i  c  r                                 RMS    maximum
       e  d  i  u  i                       energy  density   DIIS  
       r  t  s  t  d       total energy    change  change    error 
  
etot    1  N  N  2  U   -1368.58359772321           2.1E-04  5.9E-03
etot    2  Y  Y  6  M   -1368.58876055404  5.2E-03  3.2E-05  3.9E-04
etot    3  N  Y  2  U   -1368.58869590219 -6.5E-05  2.4E-05  9.4E-04
etot    4  N  Y  2  U   -1368.58875718397  6.1E-05  6.6E-06  2.8E-04
etot    5  N  Y  2  U   -1368.58876261598  5.4E-06  2.4E-06  5.6E-05
etot    6  N  N  2  U   -1368.58876302501  4.1E-07  0.0E+00  0.0E+00
scf (DFT) done.
der1a (1-e 1st deriv.) done.
rwr (1st deriv. Q) done.
der1b (2-e 1st deriv.) done.
  Geometry optimization step  12
  Total energy:     -1368.61833725330 hartrees
  energy change:          -8.0906E-05 .  (  5.0000E-05 )
  gradient maximum:        1.6802E-03 .  (  4.5000E-04 )
  gradient rms:            2.4987E-04 *  (  3.0000E-04 )
  displacement maximum:    8.0415E-02 .  (  1.8000E-03 )
  displacement rms:        1.2289E-02 .  (  1.2000E-03 )
  
  predicted energy change: -1.9299E-04
  step size:     0.15050
  trust radius:  0.15000
---------------- geometry iteration  12 complete ----------------
geopt (optimize geometry) done.
onee (1-electron integrals) done.
probe (project orbitals) done.
grid (grid generation) done.
rwr (Q operators) done.
  
       i  u  d  i  g
       t  p  i  c  r                                 RMS    maximum
       e  d  i  u  i                       energy  density   DIIS  
       r  t  s  t  d       total energy    change  change    error 
  
etot    1  N  N  2  U   -1368.57903452245           3.0E-04  8.6E-03
etot    2  Y  Y  6  M   -1368.58909317511  1.0E-02  4.5E-05  5.9E-04
etot    3  N  Y  2  U   -1368.58897892966 -1.1E-04  3.3E-05  1.5E-03
etot    4  N  Y  2  U   -1368.58909814758  1.2E-04  9.4E-06  4.5E-04
etot    5  N  Y  2  U   -1368.58910914101  1.1E-05  3.4E-06  7.3E-05
etot    6  N  N  2  U   -1368.58910997960  8.4E-07  0.0E+00  0.0E+00
scf (DFT) done.
der1a (1-e 1st deriv.) done.
rwr (1st deriv. Q) done.
der1b (2-e 1st deriv.) done.
  Geometry optimization step  13
  Total energy:     -1368.61868004452 hartrees
  energy change:          -3.4279E-04 .  (  5.0000E-05 )
  gradient maximum:        1.5617E-03 .  (  4.5000E-04 )
  gradient rms:            3.3147E-04 .  (  3.0000E-04 )
  displacement maximum:    3.6186E-02 .  (  1.8000E-03 )
  displacement rms:        6.1495E-03 .  (  1.2000E-03 )
  
  predicted energy change: -1.3283E-04
  step size:     0.07532
  trust radius:  0.07500
---------------- geometry iteration  13 complete ----------------
geopt (optimize geometry) done.
onee (1-electron integrals) done.
probe (project orbitals) done.
grid (grid generation) done.
rwr (Q operators) done.
  
       i  u  d  i  g
       t  p  i  c  r                                 RMS    maximum
       e  d  i  u  i                       energy  density   DIIS  
       r  t  s  t  d       total energy    change  change    error 
  
etot    1  N  N  2  U   -1368.58675549083           1.5E-04  3.7E-03
etot    2  Y  Y  6  M   -1368.58870632090  2.0E-03  2.1E-05  2.6E-04
etot    3  N  Y  2  U   -1368.58868031543 -2.6E-05  1.5E-05  6.8E-04
etot    4  N  Y  2  U   -1368.58870836264  2.8E-05  4.0E-06  1.8E-04
etot    5  N  N  2  U   -1368.58871029657  1.9E-06  0.0E+00  0.0E+00
scf (DFT) done.
der1a (1-e 1st deriv.) done.
rwr (1st deriv. Q) done.
der1b (2-e 1st deriv.) done.
  Geometry optimization step  14
  Total energy:     -1368.61830907847 hartrees
  energy change:           3.7097E-04 .  (  5.0000E-05 )
  gradient maximum:        1.2214E-03 .  (  4.5000E-04 )
  gradient rms:            2.4811E-04 *  (  3.0000E-04 )
  displacement maximum:    5.0325E-02 .  (  1.8000E-03 )
  displacement rms:        8.6637E-03 .  (  1.2000E-03 )
  
  predicted energy change: -1.6793E-04
  step size:     0.10611
  trust radius:  0.10607
---------------- geometry iteration  14 complete ----------------
geopt (optimize geometry) done.
onee (1-electron integrals) done.
probe (project orbitals) done.
grid (grid generation) done.
rwr (Q operators) done.
  
       i  u  d  i  g
       t  p  i  c  r                                 RMS    maximum
       e  d  i  u  i                       energy  density   DIIS  
       r  t  s  t  d       total energy    change  change    error 
  
etot    1  N  N  2  U   -1368.58393695613           2.1E-04  5.9E-03
etot    2  Y  Y  6  M   -1368.58882615655  4.9E-03  3.3E-05  4.2E-04
etot    3  N  Y  2  U   -1368.58876476535 -6.1E-05  2.6E-05  1.1E-03
etot    4  N  Y  2  U   -1368.58884467675  8.0E-05  6.9E-06  2.5E-04
etot    5  N  Y  2  U   -1368.58885130290  6.6E-06  1.9E-06  4.7E-05
etot    6  N  N  2  U   -1368.58885160076  3.0E-07  0.0E+00  0.0E+00
scf (DFT) done.
der1a (1-e 1st deriv.) done.
rwr (1st deriv. Q) done.
der1b (2-e 1st deriv.) done.
  Geometry optimization step  15
  Total energy:     -1368.61846230421 hartrees
  energy change:          -1.5323E-04 .  (  5.0000E-05 )
  gradient maximum:        8.6533E-04 .  (  4.5000E-04 )
  gradient rms:            1.7520E-04 *  (  3.0000E-04 )
  displacement maximum:    7.7052E-02 .  (  1.8000E-03 )
  displacement rms:        1.2248E-02 .  (  1.2000E-03 )
  
  predicted energy change: -1.7060E-04
  step size:     0.15001
  trust radius:  0.15000
---------------- geometry iteration  15 complete ----------------
geopt (optimize geometry) done.
onee (1-electron integrals) done.
probe (project orbitals) done.
grid (grid generation) done.
rwr (Q operators) done.
  
       i  u  d  i  g
       t  p  i  c  r                                 RMS    maximum
       e  d  i  u  i                       energy  density   DIIS  
       r  t  s  t  d       total energy    change  change    error 
  
etot    1  N  N  2  U   -1368.57986918776           2.8E-04  1.1E-02
etot    2  Y  Y  6  M   -1368.58889513227  9.0E-03  4.3E-05  6.4E-04
etot    3  N  Y  2  U   -1368.58877546864 -1.2E-04  3.4E-05  1.6E-03
etot    4  N  Y  2  U   -1368.58889874617  1.2E-04  1.0E-05  5.1E-04
etot    5  N  Y  2  U   -1368.58891313411  1.4E-05  3.0E-06  8.7E-05
etot    6  N  N  2  U   -1368.58891387357  7.4E-07  0.0E+00  0.0E+00
scf (DFT) done.
der1a (1-e 1st deriv.) done.
rwr (1st deriv. Q) done.
der1b (2-e 1st deriv.) done.
  Geometry optimization step  16
  Total energy:     -1368.61854202610 hartrees
  energy change:          -7.9722E-05 .  (  5.0000E-05 )
  gradient maximum:        1.5221E-03 .  (  4.5000E-04 )
  gradient rms:            2.6715E-04 *  (  3.0000E-04 )
  displacement maximum:    1.5091E-01 .  (  1.8000E-03 )
  displacement rms:        2.4566E-02 .  (  1.2000E-03 )
  
  predicted energy change: -2.8205E-04
  step size:     0.30087
  trust radius:  0.30000
---------------- geometry iteration  16 complete ----------------
geopt (optimize geometry) done.
onee (1-electron integrals) done.
probe (project orbitals) done.
grid (grid generation) done.
rwr (Q operators) done.
  
       i  u  d  i  g
       t  p  i  c  r                                 RMS    maximum
       e  d  i  u  i                       energy  density   DIIS  
       r  t  s  t  d       total energy    change  change    error 
  
etot    1  N  N  2  U   -1368.55116378311           5.7E-04  2.3E-02
etot    2  Y  Y  6  M   -1368.58891474706  3.8E-02  8.7E-05  1.2E-03
etot    3  N  Y  2  U   -1368.58848706338 -4.3E-04  7.0E-05  2.1E-03
etot    4  Y  Y  6  M   -1368.58892777625  4.4E-04  2.2E-05  7.3E-04
etot    5  N  Y  2  U   -1368.58898123575  5.3E-05  5.4E-06  1.2E-04
etot    6  N  Y  2  U   -1368.58898435263  3.1E-06  3.1E-06  3.9E-05
etot    7  N  N  2  U   -1368.58898448071  1.3E-07  0.0E+00  0.0E+00
scf (DFT) done.
der1a (1-e 1st deriv.) done.
rwr (1st deriv. Q) done.
der1b (2-e 1st deriv.) done.
  Geometry optimization step  17
  Total energy:     -1368.61861481459 hartrees
  energy change:          -7.2788E-05 .  (  5.0000E-05 )
  gradient maximum:        1.7306E-03 .  (  4.5000E-04 )
  gradient rms:            2.7945E-04 *  (  3.0000E-04 )
  displacement maximum:    1.7858E-02 .  (  1.8000E-03 )
  displacement rms:        3.6008E-03 .  (  1.2000E-03 )
  
  predicted energy change: -3.5793E-05
  step size:     0.04410
  trust radius:  0.30000
---------------- geometry iteration  17 complete ----------------
geopt (optimize geometry) done.
onee (1-electron integrals) done.
probe (project orbitals) done.
grid (grid generation) done.
rwr (Q operators) done.
  
       i  u  d  i  g
       t  p  i  c  r                                 RMS    maximum
       e  d  i  u  i                       energy  density   DIIS  
       r  t  s  t  d       total energy    change  change    error 
  
etot    1  N  N  2  U   -1368.58855780325           7.9E-05  2.4E-03
etot    2  Y  Y  6  M   -1368.58910798865  5.5E-04  2.1E-05  1.6E-04
etot    3  N  Y  2  U   -1368.58907515233 -3.3E-05  1.6E-05  4.8E-04
etot    4  N  Y  2  U   -1368.58910661450  3.1E-05  2.4E-06  6.5E-05
etot    5  N  N  2  U   -1368.58910705719  4.4E-07  0.0E+00  0.0E+00
scf (DFT) done.
der1a (1-e 1st deriv.) done.
rwr (1st deriv. Q) done.
der1b (2-e 1st deriv.) done.
  Geometry optimization step  18
  Total energy:     -1368.61871701625 hartrees
  energy change:          -1.0220E-04 .  (  5.0000E-05 )
  gradient maximum:        7.7620E-04 .  (  4.5000E-04 )
  gradient rms:            1.6679E-04 *  (  3.0000E-04 )
  displacement maximum:    5.7863E-02 .  (  1.8000E-03 )
  displacement rms:        9.6788E-03 .  (  1.2000E-03 )
  
  predicted energy change: -4.2966E-05
  step size:     0.11854
  trust radius:  0.30000
---------------- geometry iteration  18 complete ----------------
geopt (optimize geometry) done.
onee (1-electron integrals) done.
probe (project orbitals) done.
grid (grid generation) done.
rwr (Q operators) done.
  
       i  u  d  i  g
       t  p  i  c  r                                 RMS    maximum
       e  d  i  u  i                       energy  density   DIIS  
       r  t  s  t  d       total energy    change  change    error 
  
etot    1  N  N  2  U   -1368.58458313600           2.1E-04  7.1E-03
etot    2  Y  Y  6  M   -1368.58922820258  4.6E-03  3.7E-05  4.8E-04
etot    3  N  Y  2  U   -1368.58914914111 -7.9E-05  2.9E-05  6.6E-04
etot    4  N  Y  2  U   -1368.58921988949  7.1E-05  8.2E-06  2.2E-04
etot    5  N  Y  2  U   -1368.58922701504  7.1E-06  2.5E-06  7.1E-05
etot    6  N  N  2  U   -1368.58922831424  1.3E-06  0.0E+00  0.0E+00
scf (DFT) done.
der1a (1-e 1st deriv.) done.
rwr (1st deriv. Q) done.
der1b (2-e 1st deriv.) done.
  Geometry optimization step  19
  Total energy:     -1368.61879192339 hartrees
  energy change:          -7.4907E-05 .  (  5.0000E-05 )
  gradient maximum:        9.8733E-04 .  (  4.5000E-04 )
  gradient rms:            3.0373E-04 .  (  3.0000E-04 )
  displacement maximum:    1.0575E-01 .  (  1.8000E-03 )
  displacement rms:        9.9003E-03 .  (  1.2000E-03 )
  
  predicted energy change: -6.6043E-05
  step size:     0.12125
  trust radius:  0.30000
---------------- geometry iteration  19 complete ----------------
geopt (optimize geometry) done.
onee (1-electron integrals) done.
probe (project orbitals) done.
grid (grid generation) done.
rwr (Q operators) done.
  
       i  u  d  i  g
       t  p  i  c  r                                 RMS    maximum
       e  d  i  u  i                       energy  density   DIIS  
       r  t  s  t  d       total energy    change  change    error 
  
etot    1  N  N  2  U   -1368.58480427153           2.0E-04  8.0E-03
etot    2  Y  Y  6  M   -1368.58911082130  4.3E-03  2.8E-05  2.9E-04
etot    3  N  Y  2  U   -1368.58906258247 -4.8E-05  2.2E-05  6.4E-04
etot    4  N  Y  2  U   -1368.58911926002  5.7E-05  5.8E-06  1.4E-04
etot    5  N  Y  2  U   -1368.58912134269  2.1E-06  2.7E-06  5.9E-05
etot    6  N  N  2  U   -1368.58912189037  5.5E-07  0.0E+00  0.0E+00
scf (DFT) done.
der1a (1-e 1st deriv.) done.
rwr (1st deriv. Q) done.
der1b (2-e 1st deriv.) done.
  Geometry optimization step  20
  Total energy:     -1368.61865202023 hartrees
  energy change:           1.3990E-04 .  (  5.0000E-05 )
  gradient maximum:        3.1706E-03 .  (  4.5000E-04 )
  gradient rms:            6.0281E-04 .  (  3.0000E-04 )
  displacement maximum:    6.0226E-02 .  (  1.8000E-03 )
  displacement rms:        6.8367E-03 .  (  1.2000E-03 )
  
  predicted energy change: -8.3280E-05
  step size:     0.08373
  trust radius:  0.30000
---------------- geometry iteration  20 complete ----------------
geopt (optimize geometry) done.
onee (1-electron integrals) done.
probe (project orbitals) done.
grid (grid generation) done.
rwr (Q operators) done.
  
       i  u  d  i  g
       t  p  i  c  r                                 RMS    maximum
       e  d  i  u  i                       energy  density   DIIS  
       r  t  s  t  d       total energy    change  change    error 
  
etot    1  N  N  2  U   -1368.58662270376           1.5E-04  4.5E-03
etot    2  Y  Y  6  M   -1368.58923799194  2.6E-03  2.8E-05  2.6E-04
etot    3  N  Y  2  U   -1368.58918292572 -5.5E-05  2.2E-05  7.9E-04
etot    4  N  Y  2  U   -1368.58924242835  6.0E-05  4.5E-06  1.4E-04
etot    5  N  N  2  U   -1368.58924412141  1.7E-06  0.0E+00  0.0E+00
scf (DFT) done.
der1a (1-e 1st deriv.) done.
rwr (1st deriv. Q) done.
der1b (2-e 1st deriv.) done.
  Geometry optimization step  21
  Total energy:     -1368.61881726745 hartrees
  energy change:          -1.6525E-04 .  (  5.0000E-05 )
  gradient maximum:        6.8826E-04 .  (  4.5000E-04 )
  gradient rms:            1.7002E-04 *  (  3.0000E-04 )
  displacement maximum:    1.2826E-02 .  (  1.8000E-03 )
  displacement rms:        2.0280E-03 .  (  1.2000E-03 )
  
  predicted energy change: -1.0525E-05
  step size:     0.02484
  trust radius:  0.30000
---------------- geometry iteration  21 complete ----------------
geopt (optimize geometry) done.
onee (1-electron integrals) done.
probe (project orbitals) done.
grid (grid generation) done.
rwr (Q operators) done.
  
       i  u  d  i  g
       t  p  i  c  r                                 RMS    maximum
       e  d  i  u  i                       energy  density   DIIS  
       r  t  s  t  d       total energy    change  change    error 
  
etot    1  N  N  2  U   -1368.58898579564           4.9E-05  1.3E-03
etot    2  N  Y  2  U   -1368.58922859111  2.4E-04  1.6E-05  1.7E-04
etot    3  N  Y  2  U   -1368.58921040243 -1.8E-05  1.3E-05  5.3E-04
etot    4  N  Y  2  U   -1368.58923184059  2.1E-05  2.7E-06  1.0E-04
etot    5  N  N  2  U   -1368.58923251533  6.7E-07  0.0E+00  0.0E+00
scf (DFT) done.
der1a (1-e 1st deriv.) done.
rwr (1st deriv. Q) done.
der1b (2-e 1st deriv.) done.
  Geometry optimization step  22
  Total energy:     -1368.61879308053 hartrees
  energy change:           2.4187E-05 *  (  5.0000E-05 )
  gradient maximum:        4.0662E-04 *  (  4.5000E-04 )
  gradient rms:            9.1823E-05 *  (  3.0000E-04 )
  displacement maximum:    8.9867E-03 .  (  1.8000E-03 )
  displacement rms:        1.6986E-03 .  (  1.2000E-03 )
  
  predicted energy change: -4.2176E-06
  step size:     0.02080
  trust radius:  0.30000
---------------- geometry iteration  22 complete ----------------
geopt (optimize geometry) done.
onee (1-electron integrals) done.
probe (project orbitals) done.
grid (grid generation) done.
rwr (Q operators) done.
  
       i  u  d  i  g
       t  p  i  c  r                                 RMS    maximum
       e  d  i  u  i                       energy  density   DIIS  
       r  t  s  t  d       total energy    change  change    error 
  
etot    1  N  N  2  U   -1368.58904415873           4.2E-05  1.1E-03
etot    2  N  Y  2  U   -1368.58923102503  1.9E-04  8.0E-06  8.0E-05
etot    3  N  Y  2  U   -1368.58922779631 -3.2E-06  6.4E-06  2.4E-04
etot    4  N  Y  2  U   -1368.58923178898  4.0E-06  1.6E-06  6.5E-05
etot    5  N  N  2  U   -1368.58923203203  2.4E-07  0.0E+00  0.0E+00
scf (DFT) done.
der1a (1-e 1st deriv.) done.
rwr (1st deriv. Q) done.
der1b (2-e 1st deriv.) done.
  Geometry optimization step  23
  Total energy:     -1368.61879239354 hartrees
  energy change:           6.8699E-07 #  (  5.0000E-05 )
  gradient maximum:        2.9288E-04 *  (  4.5000E-04 )
  gradient rms:            5.7225E-05 #  (  3.0000E-04 )
  displacement maximum:    1.3508E-02 .  (  1.8000E-03 )
  displacement rms:        2.0405E-03 .  (  1.2000E-03 )
  
  predicted energy change: -4.2573E-06
  step size:     0.02499
  trust radius:  0.30000
------------- final geometry iteration  23 complete -------------
geopt (optimize geometry) done.
cutabab2 (abab integrals) done.
der2a (1-e JK-1st deriv.) done.
der2b (2-e JK-1st deriv.) done.
der2nda (1-e 2nd deriv.) done.
der2ndb (2-e 2nd deriv.) done.
rwr (Q operators) done.
cphfa (gradient of wave function) done.
freq (vib. frequencies) done.
Job J1_9752_2111 completed on hpc-93-13.cm.cluster at Wed May 29 03:13:26 2024
Timer (jaguar_backend.py) : 2132.26 secs (0 hrs, 35 mins, 32 secs)
Finished:   Wed May 29 03:13:26 2024
