Command:  /groups/wag/programs/Schrodinger_2020_3/jaguar run -WAIT -PARALLEL 8 /central/home/labounad/wittig-ch121/out/J1_10038_2111/J1_10038_2111.in
Release:  2020-3
Exec:     /groups/wag/programs/Schrodinger_2020_3/jaguar-v10.9/bin/Linux-x86_64
Host:     hpc-90-05.cm.cluster
JobId:    hpc-90-05-0-66573710
JobDir:   /central/scratch/labounad/J1_10038_2111#hpc-90-05-0-66573710
Date:     Wed May 29 07:09:22 2024

Contents of /central/scratch/labounad/J1_10038_2111#hpc-90-05-0-66573710:
/central/scratch/labounad/J1_10038_2111#hpc-90-05-0-66573710/.write_dir.json
/central/scratch/labounad/J1_10038_2111#hpc-90-05-0-66573710/hpc-90-05-0-66573710.recover
/central/scratch/labounad/J1_10038_2111#hpc-90-05-0-66573710/hpc-90-05-0-66573710.nodes
/central/scratch/labounad/J1_10038_2111#hpc-90-05-0-66573710/hpc-90-05-0-66573710
/central/scratch/labounad/J1_10038_2111#hpc-90-05-0-66573710/hpc-90-05-0-66573710.mpinodes
/central/scratch/labounad/J1_10038_2111#hpc-90-05-0-66573710/J1_10038_2111.log
/central/scratch/labounad/J1_10038_2111#hpc-90-05-0-66573710/J1_10038_2111.recover
/central/scratch/labounad/J1_10038_2111#hpc-90-05-0-66573710/J1_10038_2111.in

Executing subprocess:
/groups/wag/programs/Schrodinger_2020_3/jaguar-v10.9/bin/Linux-x86_64/jexec J1_10038_2111.in -T 8 -out /central/scratch/labounad/J1_10038_2111#hpc-90-05-0-66573710 -cwd

Job J1_10038_2111 started on hpc-90-05.cm.cluster at Wed May 29 07:09:23 2024
jobid: hpc-90-05-0-66573710 
Jaguar version 10.9, release 139
 Using up to   8 threads per process
Molecular Point Group: C1      
Point Group used: C1
pre (input checking) done.
onee (1-electron integrals) done.
hfig (HF initial guess) done.
probe (project orbitals) done.
grid (grid generation) done.
rwr (Q operators) done.
scf type: DFT=PBE(X+LC)+PW91 (PBE-D3)
  
       i  u  d  i  g
       t  p  i  c  r                                 RMS    maximum
       e  d  i  u  i                       energy  density   DIIS  
       r  t  s  t  d       total energy    change  change    error 
  
etot    1  N  N  5  M   -1993.01952327650           4.4E-03  2.3E-01
etot    2  Y  Y  6  M   -1992.59260767456 -4.3E-01  7.1E-03  1.7E-01
etot    3  Y  Y  6  M   -1988.19698067104 -4.4E+00  7.1E-03  1.6E-01
etot    4  N  Y  2  U   -1990.31889035113  2.1E+00  7.4E-03  1.1E-01
etot    5  Y  Y  6  M   -1986.02376503321 -4.3E+00  6.3E-03  1.4E-01
etot    6  N  Y  2  U   -1996.38161886521  1.0E+01  2.2E-03  4.4E-02
etot    7  Y  Y  6  M   -1996.39139880369  9.8E-03  1.1E-03  4.9E-02
etot    8  N  Y  2  U   -1996.75226602565  3.6E-01  4.3E-04  1.2E-02
etot    9  Y  Y  6  M   -1996.76843765258  1.6E-02  2.4E-04  7.8E-03
etot   10  N  Y  2  U   -1996.77616155561  7.7E-03  1.0E-04  3.7E-03
etot   11  Y  Y  6  M   -1996.77861102035  2.4E-03  2.4E-05  9.0E-04
etot   12  N  Y  2  U   -1996.77877908600  1.7E-04  1.2E-05  2.7E-04
etot   13  N  Y  2  U   -1996.77880361080  2.5E-05  8.0E-06  1.9E-04
etot   14  N  Y  2  U   -1996.77881240080  8.8E-06  6.2E-06  1.2E-04
etot   15  N  Y  2  U   -1996.77881685966  4.5E-06  3.3E-06  8.3E-05
etot   16  N  N  2  U   -1996.77881838651  1.5E-06  0.0E+00  0.0E+00
scf (DFT) done.
der1a (1-e 1st deriv.) done.
rwr (1st deriv. Q) done.
der1b (2-e 1st deriv.) done.
  Geometry optimization step   1
  Total energy:     -1996.82815517145 hartrees
  gradient maximum:        3.5576E-02 .  (  4.5000E-04 )
  gradient rms:            6.3212E-03 .  (  3.0000E-04 )
  displacement maximum:    1.2008E-01 .  (  1.8000E-03 )
  displacement rms:        2.0326E-02 .  (  1.2000E-03 )
  
  predicted energy change: -1.7079E-02
  step size:     0.30011
  trust radius:  0.30000
---------------- geometry iteration   1 complete ----------------
geopt (optimize geometry) done.
onee (1-electron integrals) done.
probe (project orbitals) done.
grid (grid generation) done.
rwr (Q operators) done.
  
       i  u  d  i  g
       t  p  i  c  r                                 RMS    maximum
       e  d  i  u  i                       energy  density   DIIS  
       r  t  s  t  d       total energy    change  change    error 
  
etot    1  N  N  2  U   -1996.78749949565           8.3E-04  1.5E-02
etot    2  Y  Y  6  M   -1996.79559535361  8.1E-03  1.1E-04  1.7E-03
etot    3  N  Y  2  U   -1996.79481883346 -7.8E-04  7.6E-05  2.4E-03
etot    4  Y  Y  6  M   -1996.79605180749  1.2E-03  2.3E-05  1.0E-03
etot    5  N  Y  2  U   -1996.79618066273  1.3E-04  8.3E-06  3.2E-04
etot    6  N  Y  2  U   -1996.79619374543  1.3E-05  2.9E-06  9.8E-05
etot    7  N  N  2  U   -1996.79619532195  1.6E-06  0.0E+00  0.0E+00
scf (DFT) done.
der1a (1-e 1st deriv.) done.
rwr (1st deriv. Q) done.
der1b (2-e 1st deriv.) done.
  Geometry optimization step   2
  Total energy:     -1996.84465756860 hartrees
  energy change:          -1.6502E-02 .  (  5.0000E-05 )
  gradient maximum:        1.1670E-02 .  (  4.5000E-04 )
  gradient rms:            1.9048E-03 .  (  3.0000E-04 )
  displacement maximum:    9.0533E-02 .  (  1.8000E-03 )
  displacement rms:        2.0336E-02 .  (  1.2000E-03 )
  
  predicted energy change: -3.1494E-03
  step size:     0.30026
  trust radius:  0.30000
---------------- geometry iteration   2 complete ----------------
geopt (optimize geometry) done.
onee (1-electron integrals) done.
probe (project orbitals) done.
grid (grid generation) done.
rwr (Q operators) done.
  
       i  u  d  i  g
       t  p  i  c  r                                 RMS    maximum
       e  d  i  u  i                       energy  density   DIIS  
       r  t  s  t  d       total energy    change  change    error 
  
etot    1  N  N  2  U   -1996.76577519748           4.1E-04  9.5E-03
etot    2  Y  Y  6  M   -1996.79893920038  3.3E-02  9.9E-05  1.2E-03
etot    3  N  Y  2  U   -1996.79744137445 -1.5E-03  7.9E-05  3.5E-03
etot    4  Y  Y  6  M   -1996.79897611919  1.5E-03  2.0E-05  8.1E-04
etot    5  N  Y  2  U   -1996.79905930236  8.3E-05  6.8E-06  2.0E-04
etot    6  N  Y  2  U   -1996.79907066762  1.1E-05  2.5E-06  5.7E-05
etot    7  N  N  2  U   -1996.79907124721  5.8E-07  0.0E+00  0.0E+00
scf (DFT) done.
der1a (1-e 1st deriv.) done.
rwr (1st deriv. Q) done.
der1b (2-e 1st deriv.) done.
  Geometry optimization step   3
  Total energy:     -1996.84771436283 hartrees
  energy change:          -3.0568E-03 .  (  5.0000E-05 )
  gradient maximum:        7.9683E-03 .  (  4.5000E-04 )
  gradient rms:            1.5188E-03 .  (  3.0000E-04 )
  displacement maximum:    1.2448E-01 .  (  1.8000E-03 )
  displacement rms:        2.0352E-02 .  (  1.2000E-03 )
  
  predicted energy change: -2.2621E-03
  step size:     0.30050
  trust radius:  0.30000
---------------- geometry iteration   3 complete ----------------
geopt (optimize geometry) done.
onee (1-electron integrals) done.
probe (project orbitals) done.
grid (grid generation) done.
rwr (Q operators) done.
  
       i  u  d  i  g
       t  p  i  c  r                                 RMS    maximum
       e  d  i  u  i                       energy  density   DIIS  
       r  t  s  t  d       total energy    change  change    error 
  
etot    1  N  N  2  U   -1996.76809300686           3.9E-04  6.6E-03
etot    2  Y  Y  6  M   -1996.79990200457  3.2E-02  8.9E-05  7.2E-04
etot    3  N  Y  2  U   -1996.79903919781 -8.6E-04  6.7E-05  1.8E-03
etot    4  Y  Y  6  M   -1996.79989864669  8.6E-04  2.0E-05  7.8E-04
etot    5  N  Y  2  U   -1996.79998726659  8.9E-05  6.7E-06  2.6E-04
etot    6  N  Y  2  U   -1996.79999742197  1.0E-05  2.5E-06  5.8E-05
etot    7  N  N  2  U   -1996.79999803281  6.1E-07  0.0E+00  0.0E+00
scf (DFT) done.
der1a (1-e 1st deriv.) done.
rwr (1st deriv. Q) done.
der1b (2-e 1st deriv.) done.
  Geometry optimization step   4
  Total energy:     -1996.84830070904 hartrees
  energy change:          -5.8635E-04 .  (  5.0000E-05 )
  gradient maximum:        1.5365E-02 .  (  4.5000E-04 )
  gradient rms:            2.2152E-03 .  (  3.0000E-04 )
  displacement maximum:    1.3517E-01 .  (  1.8000E-03 )
  displacement rms:        2.0321E-02 .  (  1.2000E-03 )
  
  predicted energy change: -1.6423E-03
  step size:     0.30003
  trust radius:  0.30000
---------------- geometry iteration   4 complete ----------------
geopt (optimize geometry) done.
onee (1-electron integrals) done.
probe (project orbitals) done.
grid (grid generation) done.
rwr (Q operators) done.
  
       i  u  d  i  g
       t  p  i  c  r                                 RMS    maximum
       e  d  i  u  i                       energy  density   DIIS  
       r  t  s  t  d       total energy    change  change    error 
  
etot    1  N  N  2  U   -1996.76337367077           4.4E-04  1.1E-02
etot    2  Y  Y  6  M   -1996.80063061633  3.7E-02  6.2E-05  1.1E-03
etot    3  N  Y  2  U   -1996.80035342064 -2.8E-04  4.6E-05  7.8E-04
etot    4  N  Y  2  U   -1996.80062340478  2.7E-04  1.6E-05  5.5E-04
etot    5  N  Y  2  U   -1996.80068137156  5.8E-05  4.6E-06  1.4E-04
etot    6  N  N  2  U   -1996.80068607137  4.7E-06  0.0E+00  0.0E+00
scf (DFT) done.
der1a (1-e 1st deriv.) done.
rwr (1st deriv. Q) done.
der1b (2-e 1st deriv.) done.
  Geometry optimization step   5
  Total energy:     -1996.84911590768 hartrees
  energy change:          -8.1520E-04 .  (  5.0000E-05 )
  gradient maximum:        5.4752E-03 .  (  4.5000E-04 )
  gradient rms:            1.3543E-03 .  (  3.0000E-04 )
  displacement maximum:    1.3298E-01 .  (  1.8000E-03 )
  displacement rms:        2.0320E-02 .  (  1.2000E-03 )
  
  predicted energy change: -1.7827E-03
  step size:     0.30001
  trust radius:  0.30000
---------------- geometry iteration   5 complete ----------------
geopt (optimize geometry) done.
onee (1-electron integrals) done.
probe (project orbitals) done.
grid (grid generation) done.
rwr (Q operators) done.
  
       i  u  d  i  g
       t  p  i  c  r                                 RMS    maximum
       e  d  i  u  i                       energy  density   DIIS  
       r  t  s  t  d       total energy    change  change    error 
  
etot    1  N  N  2  U   -1996.75356206541           4.8E-04  1.4E-02
etot    2  Y  Y  6  M   -1996.79993005051  4.6E-02  7.6E-05  1.1E-03
etot    3  N  Y  2  U   -1996.79940133300 -5.3E-04  5.6E-05  1.1E-03
etot    4  Y  Y  6  M   -1996.79997077544  5.7E-04  1.7E-05  4.2E-04
etot    5  N  Y  2  U   -1996.80002645540  5.6E-05  5.0E-06  1.4E-04
etot    6  N  Y  2  U   -1996.80003130842  4.9E-06  2.6E-06  7.6E-05
etot    7  N  N  2  U   -1996.80003161394  3.1E-07  0.0E+00  0.0E+00
scf (DFT) done.
der1a (1-e 1st deriv.) done.
rwr (1st deriv. Q) done.
der1b (2-e 1st deriv.) done.
  Geometry optimization step   6
  Total energy:     -1996.84883638253 hartrees
  energy change:           2.7953E-04 .  (  5.0000E-05 )
  gradient maximum:        1.8758E-02 .  (  4.5000E-04 )
  gradient rms:            2.9479E-03 .  (  3.0000E-04 )
  displacement maximum:    7.9889E-02 .  (  1.8000E-03 )
  displacement rms:        9.5089E-03 .  (  1.2000E-03 )
  
  predicted energy change: -1.6519E-03
  step size:     0.14040
  trust radius:  0.30000
---------------- geometry iteration   6 complete ----------------
geopt (optimize geometry) done.
onee (1-electron integrals) done.
probe (project orbitals) done.
grid (grid generation) done.
rwr (Q operators) done.
  
       i  u  d  i  g
       t  p  i  c  r                                 RMS    maximum
       e  d  i  u  i                       energy  density   DIIS  
       r  t  s  t  d       total energy    change  change    error 
  
etot    1  N  N  2  U   -1996.79224149413           2.1E-04  5.3E-03
etot    2  Y  Y  6  M   -1996.80139212600  9.2E-03  4.2E-05  5.1E-04
etot    3  N  Y  2  U   -1996.80119587255 -2.0E-04  3.4E-05  1.0E-03
etot    4  N  Y  2  U   -1996.80142037457  2.2E-04  1.1E-05  3.6E-04
etot    5  N  Y  2  U   -1996.80144204388  2.2E-05  3.5E-06  1.1E-04
etot    6  N  N  2  U   -1996.80144417003  2.1E-06  0.0E+00  0.0E+00
scf (DFT) done.
der1a (1-e 1st deriv.) done.
rwr (1st deriv. Q) done.
der1b (2-e 1st deriv.) done.
  Geometry optimization step   7
  Total energy:     -1996.85005895930 hartrees
  energy change:          -1.2226E-03 .  (  5.0000E-05 )
  gradient maximum:        3.5357E-03 .  (  4.5000E-04 )
  gradient rms:            5.3398E-04 .  (  3.0000E-04 )
  displacement maximum:    8.7054E-02 .  (  1.8000E-03 )
  displacement rms:        1.5980E-02 .  (  1.2000E-03 )
  
  predicted energy change: -3.7630E-04
  step size:     0.23594
  trust radius:  0.30000
---------------- geometry iteration   7 complete ----------------
geopt (optimize geometry) done.
onee (1-electron integrals) done.
probe (project orbitals) done.
grid (grid generation) done.
rwr (Q operators) done.
  
       i  u  d  i  g
       t  p  i  c  r                                 RMS    maximum
       e  d  i  u  i                       energy  density   DIIS  
       r  t  s  t  d       total energy    change  change    error 
  
etot    1  N  N  2  U   -1996.77883504120           3.3E-04  1.2E-02
etot    2  Y  Y  6  M   -1996.80091401647  2.2E-02  5.2E-05  8.4E-04
etot    3  N  Y  2  U   -1996.80071906775 -1.9E-04  4.0E-05  1.1E-03
etot    4  N  Y  2  U   -1996.80095296374  2.3E-04  1.3E-05  4.2E-04
etot    5  N  Y  2  U   -1996.80098949639  3.7E-05  3.0E-06  7.8E-05
etot    6  N  N  2  U   -1996.80099086934  1.4E-06  0.0E+00  0.0E+00
scf (DFT) done.
der1a (1-e 1st deriv.) done.
rwr (1st deriv. Q) done.
der1b (2-e 1st deriv.) done.
  Geometry optimization step   8
  Total energy:     -1996.84995074306 hartrees
  energy change:           1.0822E-04 .  (  5.0000E-05 )
  gradient maximum:        4.8348E-03 .  (  4.5000E-04 )
  gradient rms:            9.9772E-04 .  (  3.0000E-04 )
  displacement maximum:    9.0026E-02 .  (  1.8000E-03 )
  displacement rms:        1.4394E-02 .  (  1.2000E-03 )
  
  predicted energy change: -5.0305E-04
  step size:     0.21252
  trust radius:  0.30000
---------------- geometry iteration   8 complete ----------------
geopt (optimize geometry) done.
onee (1-electron integrals) done.
probe (project orbitals) done.
grid (grid generation) done.
rwr (Q operators) done.
  
       i  u  d  i  g
       t  p  i  c  r                                 RMS    maximum
       e  d  i  u  i                       energy  density   DIIS  
       r  t  s  t  d       total energy    change  change    error 
  
etot    1  N  N  2  U   -1996.78195342758           3.1E-04  8.3E-03
etot    2  Y  Y  6  M   -1996.80172042966  2.0E-02  4.9E-05  6.1E-04
etot    3  N  Y  2  U   -1996.80146382032 -2.6E-04  3.8E-05  1.0E-03
etot    4  N  Y  2  U   -1996.80169254094  2.3E-04  1.1E-05  4.4E-04
etot    5  N  Y  2  U   -1996.80172019712  2.8E-05  3.4E-06  1.2E-04
etot    6  N  N  2  U   -1996.80172195487  1.8E-06  0.0E+00  0.0E+00
scf (DFT) done.
der1a (1-e 1st deriv.) done.
rwr (1st deriv. Q) done.
der1b (2-e 1st deriv.) done.
  Geometry optimization step   9
  Total energy:     -1996.85050437179 hartrees
  energy change:          -5.5363E-04 .  (  5.0000E-05 )
  gradient maximum:        2.4881E-03 .  (  4.5000E-04 )
  gradient rms:            5.0287E-04 .  (  3.0000E-04 )
  displacement maximum:    4.4994E-02 .  (  1.8000E-03 )
  displacement rms:        8.7962E-03 .  (  1.2000E-03 )
  
  predicted energy change: -2.2150E-04
  step size:     0.12987
  trust radius:  0.30000
---------------- geometry iteration   9 complete ----------------
geopt (optimize geometry) done.
onee (1-electron integrals) done.
probe (project orbitals) done.
grid (grid generation) done.
rwr (Q operators) done.
  
       i  u  d  i  g
       t  p  i  c  r                                 RMS    maximum
       e  d  i  u  i                       energy  density   DIIS  
       r  t  s  t  d       total energy    change  change    error 
  
etot    1  N  N  2  U   -1996.79338925385           2.0E-04  5.5E-03
etot    2  Y  Y  6  M   -1996.80169633151  8.3E-03  4.4E-05  5.8E-04
etot    3  N  Y  2  U   -1996.80146667365 -2.3E-04  3.5E-05  1.1E-03
etot    4  N  Y  2  U   -1996.80173772986  2.7E-04  8.5E-06  3.0E-04
etot    5  N  Y  2  U   -1996.80174949882  1.2E-05  3.2E-06  1.2E-04
etot    6  N  N  2  U   -1996.80175197998  2.5E-06  0.0E+00  0.0E+00
scf (DFT) done.
der1a (1-e 1st deriv.) done.
rwr (1st deriv. Q) done.
der1b (2-e 1st deriv.) done.
  Geometry optimization step  10
  Total energy:     -1996.85065047633 hartrees
  energy change:          -1.4610E-04 .  (  5.0000E-05 )
  gradient maximum:        2.0416E-03 .  (  4.5000E-04 )
  gradient rms:            4.6714E-04 .  (  3.0000E-04 )
  displacement maximum:    4.5867E-02 .  (  1.8000E-03 )
  displacement rms:        8.5554E-03 .  (  1.2000E-03 )
  
  predicted energy change: -1.0279E-04
  step size:     0.12632
  trust radius:  0.30000
---------------- geometry iteration  10 complete ----------------
geopt (optimize geometry) done.
onee (1-electron integrals) done.
probe (project orbitals) done.
grid (grid generation) done.
rwr (Q operators) done.
  
       i  u  d  i  g
       t  p  i  c  r                                 RMS    maximum
       e  d  i  u  i                       energy  density   DIIS  
       r  t  s  t  d       total energy    change  change    error 
  
etot    1  N  N  2  U   -1996.79454062926           1.9E-04  6.2E-03
etot    2  Y  Y  6  M   -1996.80184353152  7.3E-03  4.4E-05  4.5E-04
etot    3  N  Y  2  U   -1996.80164972898 -1.9E-04  3.4E-05  1.2E-03
etot    4  N  Y  2  U   -1996.80185849877  2.1E-04  7.2E-06  2.0E-04
etot    5  N  Y  2  U   -1996.80186658195  8.1E-06  2.6E-06  1.1E-04
etot    6  N  N  2  U   -1996.80186789088  1.3E-06  0.0E+00  0.0E+00
scf (DFT) done.
der1a (1-e 1st deriv.) done.
rwr (1st deriv. Q) done.
der1b (2-e 1st deriv.) done.
  Geometry optimization step  11
  Total energy:     -1996.85085290226 hartrees
  energy change:          -2.0243E-04 .  (  5.0000E-05 )
  gradient maximum:        1.3480E-03 .  (  4.5000E-04 )
  gradient rms:            2.4487E-04 *  (  3.0000E-04 )
  displacement maximum:    1.3736E-01 .  (  1.8000E-03 )
  displacement rms:        2.0309E-02 .  (  1.2000E-03 )
  
  predicted energy change: -1.9802E-04
  step size:     0.29986
  trust radius:  0.30000
---------------- geometry iteration  11 complete ----------------
geopt (optimize geometry) done.
onee (1-electron integrals) done.
probe (project orbitals) done.
grid (grid generation) done.
rwr (Q operators) done.
  
       i  u  d  i  g
       t  p  i  c  r                                 RMS    maximum
       e  d  i  u  i                       energy  density   DIIS  
       r  t  s  t  d       total energy    change  change    error 
  
etot    1  N  N  2  U   -1996.75822584690           4.7E-04  1.5E-02
etot    2  Y  Y  6  M   -1996.80196243541  4.4E-02  8.9E-05  1.0E-03
etot    3  N  Y  2  U   -1996.80118437084 -7.8E-04  6.8E-05  2.7E-03
etot    4  Y  Y  6  M   -1996.80197920050  7.9E-04  1.6E-05  5.5E-04
etot    5  N  Y  2  U   -1996.80204702649  6.8E-05  4.4E-06  7.8E-05
etot    6  N  N  2  U   -1996.80205041275  3.4E-06  0.0E+00  0.0E+00
scf (DFT) done.
der1a (1-e 1st deriv.) done.
rwr (1st deriv. Q) done.
der1b (2-e 1st deriv.) done.
  Geometry optimization step  12
  Total energy:     -1996.85122673142 hartrees
  energy change:          -3.7383E-04 .  (  5.0000E-05 )
  gradient maximum:        4.2792E-03 .  (  4.5000E-04 )
  gradient rms:            7.0926E-04 .  (  3.0000E-04 )
  displacement maximum:    1.5289E-01 .  (  1.8000E-03 )
  displacement rms:        2.0316E-02 .  (  1.2000E-03 )
  
  predicted energy change: -2.2302E-04
  step size:     0.29996
  trust radius:  0.30000
---------------- geometry iteration  12 complete ----------------
geopt (optimize geometry) done.
onee (1-electron integrals) done.
probe (project orbitals) done.
grid (grid generation) done.
rwr (Q operators) done.
  
       i  u  d  i  g
       t  p  i  c  r                                 RMS    maximum
       e  d  i  u  i                       energy  density   DIIS  
       r  t  s  t  d       total energy    change  change    error 
  
etot    1  N  N  2  U   -1996.75936496235           4.8E-04  1.9E-02
etot    2  Y  Y  6  M   -1996.80213788882  4.3E-02  8.2E-05  1.0E-03
etot    3  N  Y  2  U   -1996.80142357793 -7.1E-04  6.1E-05  2.1E-03
etot    4  Y  Y  6  M   -1996.80215467525  7.3E-04  1.6E-05  6.8E-04
etot    5  N  Y  2  U   -1996.80221608222  6.1E-05  5.0E-06  1.4E-04
etot    6  N  N  2  U   -1996.80222064661  4.6E-06  0.0E+00  0.0E+00
scf (DFT) done.
der1a (1-e 1st deriv.) done.
rwr (1st deriv. Q) done.
der1b (2-e 1st deriv.) done.
  Geometry optimization step  13
  Total energy:     -1996.85151159622 hartrees
  energy change:          -2.8486E-04 .  (  5.0000E-05 )
  gradient maximum:        6.1189E-03 .  (  4.5000E-04 )
  gradient rms:            1.0955E-03 .  (  3.0000E-04 )
  displacement maximum:    1.3691E-01 .  (  1.8000E-03 )
  displacement rms:        2.0326E-02 .  (  1.2000E-03 )
  
  predicted energy change: -4.5181E-04
  step size:     0.30011
  trust radius:  0.30000
---------------- geometry iteration  13 complete ----------------
geopt (optimize geometry) done.
onee (1-electron integrals) done.
probe (project orbitals) done.
grid (grid generation) done.
rwr (Q operators) done.
  
       i  u  d  i  g
       t  p  i  c  r                                 RMS    maximum
       e  d  i  u  i                       energy  density   DIIS  
       r  t  s  t  d       total energy    change  change    error 
  
etot    1  N  N  2  U   -1996.76580328451           4.5E-04  1.5E-02
etot    2  Y  Y  6  M   -1996.80238059384  3.7E-02  8.2E-05  9.4E-04
etot    3  N  Y  2  U   -1996.80169056293 -6.9E-04  5.9E-05  1.9E-03
etot    4  Y  Y  6  M   -1996.80243643106  7.5E-04  1.5E-05  6.0E-04
etot    5  N  Y  2  U   -1996.80248140662  4.5E-05  4.3E-06  9.3E-05
etot    6  N  N  2  U   -1996.80248599133  4.6E-06  0.0E+00  0.0E+00
scf (DFT) done.
der1a (1-e 1st deriv.) done.
rwr (1st deriv. Q) done.
der1b (2-e 1st deriv.) done.
  Geometry optimization step  14
  Total energy:     -1996.85185090690 hartrees
  energy change:          -3.3931E-04 .  (  5.0000E-05 )
  gradient maximum:        4.9211E-03 .  (  4.5000E-04 )
  gradient rms:            1.0545E-03 .  (  3.0000E-04 )
  displacement maximum:    1.0341E-01 .  (  1.8000E-03 )
  displacement rms:        1.3593E-02 .  (  1.2000E-03 )
  
  predicted energy change: -5.1556E-04
  step size:     0.20070
  trust radius:  0.30000
---------------- geometry iteration  14 complete ----------------
geopt (optimize geometry) done.
onee (1-electron integrals) done.
probe (project orbitals) done.
grid (grid generation) done.
rwr (Q operators) done.
  
       i  u  d  i  g
       t  p  i  c  r                                 RMS    maximum
       e  d  i  u  i                       energy  density   DIIS  
       r  t  s  t  d       total energy    change  change    error 
  
etot    1  N  N  2  U   -1996.78842097724           8.2E-04  1.4E-02
etot    2  Y  Y  6  M   -1996.80311271281  1.5E-02  7.1E-05  8.1E-04
etot    3  N  Y  2  U   -1996.80270400087 -4.1E-04  5.3E-05  2.1E-03
etot    4  Y  Y  6  M   -1996.80326251661  5.6E-04  1.1E-05  2.7E-04
etot    5  N  Y  2  U   -1996.80326369350  1.2E-06  4.1E-06  1.3E-04
etot    6  N  N  2  U   -1996.80326708342  3.4E-06  0.0E+00  0.0E+00
scf (DFT) done.
der1a (1-e 1st deriv.) done.
rwr (1st deriv. Q) done.
der1b (2-e 1st deriv.) done.
  Geometry optimization step  15
  Total energy:     -1996.85257028301 hartrees
  energy change:          -7.1938E-04 .  (  5.0000E-05 )
  gradient maximum:        7.9327E-03 .  (  4.5000E-04 )
  gradient rms:            1.1401E-03 .  (  3.0000E-04 )
  displacement maximum:    1.4425E-01 .  (  1.8000E-03 )
  displacement rms:        2.0334E-02 .  (  1.2000E-03 )
  
  predicted energy change: -5.4427E-04
  step size:     0.30023
  trust radius:  0.30000
---------------- geometry iteration  15 complete ----------------
geopt (optimize geometry) done.
onee (1-electron integrals) done.
probe (project orbitals) done.
grid (grid generation) done.
rwr (Q operators) done.
  
       i  u  d  i  g
       t  p  i  c  r                                 RMS    maximum
       e  d  i  u  i                       energy  density   DIIS  
       r  t  s  t  d       total energy    change  change    error 
  
etot    1  N  N  2  U   -1996.75879606674           5.0E-04  1.6E-02
etot    2  Y  Y  6  M   -1996.80323073867  4.4E-02  8.0E-05  8.9E-04
etot    3  N  Y  2  U   -1996.80248501980 -7.5E-04  6.0E-05  2.2E-03
etot    4  Y  Y  6  M   -1996.80317872348  6.9E-04  1.8E-05  6.3E-04
etot    5  N  Y  2  U   -1996.80324284914  6.4E-05  6.3E-06  2.5E-04
etot    6  N  Y  2  U   -1996.80325101538  8.2E-06  3.1E-06  6.7E-05
etot    7  N  N  2  U   -1996.80325170581  6.9E-07  0.0E+00  0.0E+00
scf (DFT) done.
der1a (1-e 1st deriv.) done.
rwr (1st deriv. Q) done.
der1b (2-e 1st deriv.) done.
  Geometry optimization step  16
  Total energy:     -1996.85272956245 hartrees
  energy change:          -1.5928E-04 .  (  5.0000E-05 )
  gradient maximum:        3.4673E-03 .  (  4.5000E-04 )
  gradient rms:            6.9904E-04 .  (  3.0000E-04 )
  displacement maximum:    7.7135E-02 .  (  1.8000E-03 )
  displacement rms:        1.1875E-02 .  (  1.2000E-03 )
  
  predicted energy change: -2.8330E-04
  step size:     0.17533
  trust radius:  0.30000
---------------- geometry iteration  16 complete ----------------
geopt (optimize geometry) done.
onee (1-electron integrals) done.
probe (project orbitals) done.
grid (grid generation) done.
rwr (Q operators) done.
  
       i  u  d  i  g
       t  p  i  c  r                                 RMS    maximum
       e  d  i  u  i                       energy  density   DIIS  
       r  t  s  t  d       total energy    change  change    error 
  
etot    1  N  N  2  U   -1996.78628169558           3.1E-04  9.0E-03
etot    2  Y  Y  6  M   -1996.80314234828  1.7E-02  7.5E-05  9.2E-04
etot    3  N  Y  2  U   -1996.80259755949 -5.4E-04  5.5E-05  2.5E-03
etot    4  Y  Y  6  M   -1996.80325913169  6.6E-04  9.1E-06  2.6E-04
etot    5  N  Y  2  U   -1996.80324160244 -1.8E-05  3.2E-06  9.9E-05
etot    6  N  N  2  U   -1996.80324356271  2.0E-06  0.0E+00  0.0E+00
scf (DFT) done.
der1a (1-e 1st deriv.) done.
rwr (1st deriv. Q) done.
der1b (2-e 1st deriv.) done.
  Geometry optimization step  17
  Total energy:     -1996.85277449735 hartrees
  energy change:          -4.4935E-05 *  (  5.0000E-05 )
  gradient maximum:        3.2904E-03 .  (  4.5000E-04 )
  gradient rms:            5.1641E-04 .  (  3.0000E-04 )
  displacement maximum:    5.8137E-02 .  (  1.8000E-03 )
  displacement rms:        8.8791E-03 .  (  1.2000E-03 )
  
  predicted energy change: -1.3764E-04
  step size:     0.13110
  trust radius:  0.30000
---------------- geometry iteration  17 complete ----------------
geopt (optimize geometry) done.
onee (1-electron integrals) done.
probe (project orbitals) done.
grid (grid generation) done.
rwr (Q operators) done.
  
       i  u  d  i  g
       t  p  i  c  r                                 RMS    maximum
       e  d  i  u  i                       energy  density   DIIS  
       r  t  s  t  d       total energy    change  change    error 
  
etot    1  N  N  2  U   -1996.79672259331           1.9E-04  5.9E-03
etot    2  Y  Y  6  M   -1996.80336865166  6.6E-03  3.2E-05  4.2E-04
etot    3  N  Y  2  U   -1996.80326412835 -1.0E-04  2.5E-05  7.6E-04
etot    4  N  Y  2  U   -1996.80337405452  1.1E-04  7.0E-06  2.1E-04
etot    5  N  Y  2  U   -1996.80338244133  8.4E-06  2.5E-06  9.8E-05
etot    6  N  N  2  U   -1996.80338373821  1.3E-06  0.0E+00  0.0E+00
scf (DFT) done.
der1a (1-e 1st deriv.) done.
rwr (1st deriv. Q) done.
der1b (2-e 1st deriv.) done.
  Geometry optimization step  18
  Total energy:     -1996.85295165320 hartrees
  energy change:          -1.7716E-04 .  (  5.0000E-05 )
  gradient maximum:        1.1007E-03 .  (  4.5000E-04 )
  gradient rms:            2.4664E-04 *  (  3.0000E-04 )
  displacement maximum:    5.1090E-02 .  (  1.8000E-03 )
  displacement rms:        9.1907E-03 .  (  1.2000E-03 )
  
  predicted energy change: -5.8991E-05
  step size:     0.13570
  trust radius:  0.30000
---------------- geometry iteration  18 complete ----------------
geopt (optimize geometry) done.
onee (1-electron integrals) done.
probe (project orbitals) done.
grid (grid generation) done.
rwr (Q operators) done.
  
       i  u  d  i  g
       t  p  i  c  r                                 RMS    maximum
       e  d  i  u  i                       energy  density   DIIS  
       r  t  s  t  d       total energy    change  change    error 
  
etot    1  N  N  2  U   -1996.79786783570           1.8E-04  4.0E-03
etot    2  Y  Y  6  M   -1996.80327098025  5.4E-03  4.6E-05  5.4E-04
etot    3  N  Y  2  U   -1996.80306927084 -2.0E-04  3.3E-05  1.1E-03
etot    4  N  Y  2  U   -1996.80329471858  2.3E-04  6.5E-06  1.6E-04
etot    5  N  Y  2  U   -1996.80330090928  6.2E-06  2.4E-06  7.1E-05
etot    6  N  N  2  U   -1996.80330188294  9.7E-07  0.0E+00  0.0E+00
scf (DFT) done.
der1a (1-e 1st deriv.) done.
rwr (1st deriv. Q) done.
der1b (2-e 1st deriv.) done.
  Geometry optimization step  19
  Total energy:     -1996.85296934255 hartrees
  energy change:          -1.7689E-05 *  (  5.0000E-05 )
  gradient maximum:        1.4575E-03 .  (  4.5000E-04 )
  gradient rms:            1.9648E-04 *  (  3.0000E-04 )
  displacement maximum:    1.5444E-02 .  (  1.8000E-03 )
  displacement rms:        2.3354E-03 .  (  1.2000E-03 )
  
  predicted energy change: -1.3944E-05
  step size:     0.03448
  trust radius:  0.30000
---------------- geometry iteration  19 complete ----------------
geopt (optimize geometry) done.
onee (1-electron integrals) done.
probe (project orbitals) done.
grid (grid generation) done.
rwr (Q operators) done.
  
       i  u  d  i  g
       t  p  i  c  r                                 RMS    maximum
       e  d  i  u  i                       energy  density   DIIS  
       r  t  s  t  d       total energy    change  change    error 
  
etot    1  N  N  2  U   -1996.80269751923           5.6E-05  1.7E-03
etot    2  Y  Y  6  M   -1996.80328831249  5.9E-04  1.8E-05  2.1E-04
etot    3  N  Y  2  U   -1996.80325503683 -3.3E-05  1.3E-05  5.1E-04
etot    4  N  Y  2  U   -1996.80329462877  4.0E-05  2.5E-06  6.2E-05
etot    5  N  N  2  U   -1996.80329512627  5.0E-07  0.0E+00  0.0E+00
scf (DFT) done.
der1a (1-e 1st deriv.) done.
rwr (1st deriv. Q) done.
der1b (2-e 1st deriv.) done.
  Geometry optimization step  20
  Total energy:     -1996.85295908908 hartrees
  energy change:           1.0253E-05 *  (  5.0000E-05 )
  gradient maximum:        3.5075E-04 *  (  4.5000E-04 )
  gradient rms:            8.8168E-05 *  (  3.0000E-04 )
  displacement maximum:    1.3393E-02 .  (  1.8000E-03 )
  displacement rms:        2.0507E-03 .  (  1.2000E-03 )
  
  predicted energy change: -6.5316E-06
  step size:     0.03028
  trust radius:  0.30000
---------------- geometry iteration  20 complete ----------------
geopt (optimize geometry) done.
onee (1-electron integrals) done.
probe (project orbitals) done.
grid (grid generation) done.
rwr (Q operators) done.
  
       i  u  d  i  g
       t  p  i  c  r                                 RMS    maximum
       e  d  i  u  i                       energy  density   DIIS  
       r  t  s  t  d       total energy    change  change    error 
  
etot    1  N  N  2  U   -1996.80279687912           4.9E-05  1.3E-03
etot    2  N  Y  2  U   -1996.80325911464  4.6E-04  1.5E-05  1.7E-04
etot    3  N  Y  2  U   -1996.80322665203 -3.2E-05  1.2E-05  4.6E-04
etot    4  N  Y  2  U   -1996.80326369376  3.7E-05  2.1E-06  7.9E-05
etot    5  N  N  2  U   -1996.80326422779  5.3E-07  0.0E+00  0.0E+00
scf (DFT) done.
der1a (1-e 1st deriv.) done.
rwr (1st deriv. Q) done.
der1b (2-e 1st deriv.) done.
  Geometry optimization step  21
  Total energy:     -1996.85293160025 hartrees
  energy change:           2.7489E-05 *  (  5.0000E-05 )
  gradient maximum:        5.4459E-04 .  (  4.5000E-04 )
  gradient rms:            8.8092E-05 *  (  3.0000E-04 )
  displacement maximum:    3.1143E-03 .  (  1.8000E-03 )
  displacement rms:        6.4530E-04 *  (  1.2000E-03 )
  
  predicted energy change: -2.2410E-06
  step size:     0.00953
  trust radius:  0.30000
---------------- geometry iteration  21 complete ----------------
geopt (optimize geometry) done.
onee (1-electron integrals) done.
probe (project orbitals) done.
grid (grid generation) done.
rwr (Q operators) done.
  
       i  u  d  i  g
       t  p  i  c  r                                 RMS    maximum
       e  d  i  u  i                       energy  density   DIIS  
       r  t  s  t  d       total energy    change  change    error 
  
etot    1  N  N  2  U   -1996.80324052870           1.4E-05  3.1E-04
etot    2  N  Y  2  U   -1996.80326869836  2.8E-05  7.3E-06  1.0E-04
etot    3  N  Y  2  U   -1996.80326314118 -5.6E-06  5.3E-06  2.5E-04
etot    4  N  Y  2  U   -1996.80326992685  6.8E-06  7.6E-07  2.7E-05
etot    5  N  N  2  U   -1996.80326997542  4.9E-08  0.0E+00  0.0E+00
scf (DFT) done.
der1a (1-e 1st deriv.) done.
rwr (1st deriv. Q) done.
der1b (2-e 1st deriv.) done.
  Geometry optimization step  22
  Total energy:     -1996.85294369723 hartrees
  energy change:          -1.2097E-05 *  (  5.0000E-05 )
  gradient maximum:        1.7130E-04 *  (  4.5000E-04 )
  gradient rms:            4.0468E-05 #  (  3.0000E-04 )
  displacement maximum:    7.4929E-03 .  (  1.8000E-03 )
  displacement rms:        9.4064E-04 *  (  1.2000E-03 )
  
  predicted energy change: -1.4720E-06
  step size:     0.01389
  trust radius:  0.30000
------------- final geometry iteration  22 complete -------------
geopt (optimize geometry) done.
cutabab2 (abab integrals) done.
der2a (1-e JK-1st deriv.) done.
der2b (2-e JK-1st deriv.) done.
der2nda (1-e 2nd deriv.) done.
der2ndb (2-e 2nd deriv.) done.
rwr (Q operators) done.
cphfa (gradient of wave function) done.
freq (vib. frequencies) done.
Job J1_10038_2111 completed on hpc-90-05.cm.cluster at Wed May 29 08:02:33 2024
Timer (jaguar_backend.py) : 3191.12 secs (0 hrs, 53 mins, 11 secs)
Finished:   Wed May 29 08:02:33 2024
