Command:  /groups/wag/programs/Schrodinger_2020_3/jaguar run -WAIT -PARALLEL 8 /central/home/labounad/wittig-ch121/out/J1_9939_2111/J1_9939_2111.in
Release:  2020-3
Exec:     /groups/wag/programs/Schrodinger_2020_3/jaguar-v10.9/bin/Linux-x86_64
Host:     hpc-92-25.cm.cluster
JobId:    hpc-92-25-0-665793ac
JobDir:   /central/scratch/labounad/J1_9939_2111#hpc-92-25-0-665793ac
Date:     Wed May 29 13:44:30 2024

Contents of /central/scratch/labounad/J1_9939_2111#hpc-92-25-0-665793ac:
/central/scratch/labounad/J1_9939_2111#hpc-92-25-0-665793ac/J1_9939_2111.in
/central/scratch/labounad/J1_9939_2111#hpc-92-25-0-665793ac/hpc-92-25-0-665793ac
/central/scratch/labounad/J1_9939_2111#hpc-92-25-0-665793ac/hpc-92-25-0-665793ac.mpinodes
/central/scratch/labounad/J1_9939_2111#hpc-92-25-0-665793ac/.write_dir.json
/central/scratch/labounad/J1_9939_2111#hpc-92-25-0-665793ac/J1_9939_2111.log
/central/scratch/labounad/J1_9939_2111#hpc-92-25-0-665793ac/J1_9939_2111.recover
/central/scratch/labounad/J1_9939_2111#hpc-92-25-0-665793ac/hpc-92-25-0-665793ac.recover
/central/scratch/labounad/J1_9939_2111#hpc-92-25-0-665793ac/hpc-92-25-0-665793ac.nodes

Executing subprocess:
/groups/wag/programs/Schrodinger_2020_3/jaguar-v10.9/bin/Linux-x86_64/jexec J1_9939_2111.in -T 8 -out /central/scratch/labounad/J1_9939_2111#hpc-92-25-0-665793ac -cwd

Job J1_9939_2111 started on hpc-92-25.cm.cluster at Wed May 29 13:44:30 2024
jobid: hpc-92-25-0-665793ac 
Jaguar version 10.9, release 139
 Using up to   8 threads per process
Molecular Point Group: C1      
Point Group used: C1
pre (input checking) done.
onee (1-electron integrals) done.
hfig (HF initial guess) done.
probe (project orbitals) done.
grid (grid generation) done.
rwr (Q operators) done.
scf type: DFT=PBE(X+LC)+PW91 (PBE-D3)
  
       i  u  d  i  g
       t  p  i  c  r                                 RMS    maximum
       e  d  i  u  i                       energy  density   DIIS  
       r  t  s  t  d       total energy    change  change    error 
  
etot    1  N  N  5  M   -1614.23581860726           4.6E-03  1.1E-01
etot    2  Y  Y  6  M   -1611.87659584799 -2.4E+00  8.6E-03  1.8E-01
etot    3  Y  Y  6  M   -1607.10191082655 -4.8E+00  7.7E-03  1.7E-01
etot    4  N  Y  2  U   -1617.47478278709  1.0E+01  2.4E-03  7.9E-02
etot    5  Y  Y  6  M   -1617.88525241403  4.1E-01  1.5E-03  3.1E-02
etot    6  N  Y  2  U   -1618.13372599599  2.5E-01  8.2E-04  2.0E-02
etot    7  Y  Y  6  M   -1618.19651740248  6.3E-02  4.7E-04  1.5E-02
etot    8  N  Y  2  U   -1618.25636629540  6.0E-02  2.3E-04  6.0E-03
etot    9  Y  Y  6  M   -1618.25905418753  2.7E-03  1.6E-04  5.0E-03
etot   10  Y  Y  6  M   -1618.26414172466  5.1E-03  7.6E-05  1.9E-03
etot   11  N  Y  2  U   -1618.26520091700  1.1E-03  3.3E-05  7.5E-04
etot   12  N  Y  2  U   -1618.26538518814  1.8E-04  1.2E-05  3.9E-04
etot   13  N  Y  2  U   -1618.26541873520  3.4E-05  4.4E-06  1.1E-04
etot   14  N  N  2  U   -1618.26542294054  4.2E-06  0.0E+00  0.0E+00
scf (DFT) done.
der1a (1-e 1st deriv.) done.
rwr (1st deriv. Q) done.
der1b (2-e 1st deriv.) done.
  Geometry optimization step   1
  Total energy:     -1618.31975845645 hartrees
  gradient maximum:        4.3152E-02 .  (  4.5000E-04 )
  gradient rms:            8.2193E-03 .  (  3.0000E-04 )
  displacement maximum:    1.0299E-01 .  (  1.8000E-03 )
  displacement rms:        1.9338E-02 .  (  1.2000E-03 )
  
  predicted energy change: -2.3593E-02
  step size:     0.30020
  trust radius:  0.30000
---------------- geometry iteration   1 complete ----------------
geopt (optimize geometry) done.
onee (1-electron integrals) done.
probe (project orbitals) done.
grid (grid generation) done.
rwr (Q operators) done.
  
       i  u  d  i  g
       t  p  i  c  r                                 RMS    maximum
       e  d  i  u  i                       energy  density   DIIS  
       r  t  s  t  d       total energy    change  change    error 
  
etot    1  N  N  2  U   -1618.26662965808           8.0E-04  1.4E-02
etot    2  Y  Y  6  M   -1618.28657601343  2.0E-02  1.1E-04  1.2E-03
etot    3  N  Y  2  U   -1618.28564563229 -9.3E-04  7.8E-05  2.1E-03
etot    4  Y  Y  6  M   -1618.28699933586  1.4E-03  2.1E-05  7.0E-04
etot    5  N  Y  2  U   -1618.28716916495  1.7E-04  7.0E-06  1.4E-04
etot    6  N  Y  2  U   -1618.28717773189  8.6E-06  2.3E-06  4.7E-05
etot    7  N  N  2  U   -1618.28717858159  8.5E-07  0.0E+00  0.0E+00
scf (DFT) done.
der1a (1-e 1st deriv.) done.
rwr (1st deriv. Q) done.
der1b (2-e 1st deriv.) done.
  Geometry optimization step   2
  Total energy:     -1618.34029842356 hartrees
  energy change:          -2.0540E-02 .  (  5.0000E-05 )
  gradient maximum:        1.6015E-02 .  (  4.5000E-04 )
  gradient rms:            2.3520E-03 .  (  3.0000E-04 )
  displacement maximum:    1.1102E-01 .  (  1.8000E-03 )
  displacement rms:        1.9347E-02 .  (  1.2000E-03 )
  
  predicted energy change: -4.5998E-03
  step size:     0.30035
  trust radius:  0.30000
---------------- geometry iteration   2 complete ----------------
geopt (optimize geometry) done.
onee (1-electron integrals) done.
probe (project orbitals) done.
grid (grid generation) done.
rwr (Q operators) done.
  
       i  u  d  i  g
       t  p  i  c  r                                 RMS    maximum
       e  d  i  u  i                       energy  density   DIIS  
       r  t  s  t  d       total energy    change  change    error 
  
etot    1  N  N  2  U   -1618.24322296430           4.3E-04  1.8E-02
etot    2  Y  Y  6  M   -1618.29109341975  4.8E-02  1.0E-04  1.2E-03
etot    3  N  Y  2  U   -1618.28928178518 -1.8E-03  8.2E-05  4.0E-03
etot    4  Y  Y  6  M   -1618.29116095474  1.9E-03  2.1E-05  1.1E-03
etot    5  N  Y  2  U   -1618.29128835800  1.3E-04  7.7E-06  2.6E-04
etot    6  N  Y  2  U   -1618.29130054214  1.2E-05  2.7E-06  7.1E-05
etot    7  N  N  2  U   -1618.29130181477  1.3E-06  0.0E+00  0.0E+00
scf (DFT) done.
der1a (1-e 1st deriv.) done.
rwr (1st deriv. Q) done.
der1b (2-e 1st deriv.) done.
  Geometry optimization step   3
  Total energy:     -1618.34419989056 hartrees
  energy change:          -3.9015E-03 .  (  5.0000E-05 )
  gradient maximum:        1.5866E-02 .  (  4.5000E-04 )
  gradient rms:            1.8379E-03 .  (  3.0000E-04 )
  displacement maximum:    1.2001E-01 .  (  1.8000E-03 )
  displacement rms:        1.9327E-02 .  (  1.2000E-03 )
  
  predicted energy change: -2.6675E-03
  step size:     0.30004
  trust radius:  0.30000
---------------- geometry iteration   3 complete ----------------
geopt (optimize geometry) done.
onee (1-electron integrals) done.
probe (project orbitals) done.
grid (grid generation) done.
rwr (Q operators) done.
  
       i  u  d  i  g
       t  p  i  c  r                                 RMS    maximum
       e  d  i  u  i                       energy  density   DIIS  
       r  t  s  t  d       total energy    change  change    error 
  
etot    1  N  N  2  U   -1618.24211830826           4.4E-04  1.6E-02
etot    2  Y  Y  6  M   -1618.29217875625  5.0E-02  8.5E-05  9.8E-04
etot    3  N  Y  2  U   -1618.29114915500 -1.0E-03  6.7E-05  2.3E-03
etot    4  Y  Y  6  M   -1618.29222259212  1.1E-03  1.8E-05  7.9E-04
etot    5  N  Y  2  U   -1618.29231536213  9.3E-05  7.1E-06  3.0E-04
etot    6  N  Y  2  U   -1618.29232651824  1.1E-05  2.5E-06  6.8E-05
etot    7  N  N  2  U   -1618.29232744413  9.3E-07  0.0E+00  0.0E+00
scf (DFT) done.
der1a (1-e 1st deriv.) done.
rwr (1st deriv. Q) done.
der1b (2-e 1st deriv.) done.
  Geometry optimization step   4
  Total energy:     -1618.34545197782 hartrees
  energy change:          -1.2521E-03 .  (  5.0000E-05 )
  gradient maximum:        1.0307E-02 .  (  4.5000E-04 )
  gradient rms:            1.5780E-03 .  (  3.0000E-04 )
  displacement maximum:    1.2469E-01 .  (  1.8000E-03 )
  displacement rms:        1.9326E-02 .  (  1.2000E-03 )
  
  predicted energy change: -1.6751E-03
  step size:     0.30002
  trust radius:  0.30000
---------------- geometry iteration   4 complete ----------------
geopt (optimize geometry) done.
onee (1-electron integrals) done.
probe (project orbitals) done.
grid (grid generation) done.
rwr (Q operators) done.
  
       i  u  d  i  g
       t  p  i  c  r                                 RMS    maximum
       e  d  i  u  i                       energy  density   DIIS  
       r  t  s  t  d       total energy    change  change    error 
  
etot    1  N  N  2  U   -1618.23231196944           4.7E-04  2.0E-02
etot    2  Y  Y  6  M   -1618.29350288348  6.1E-02  8.2E-05  9.8E-04
etot    3  N  Y  2  U   -1618.29246256220 -1.0E-03  6.8E-05  2.4E-03
etot    4  Y  Y  6  M   -1618.29337228453  9.1E-04  2.0E-05  1.2E-03
etot    5  N  Y  2  U   -1618.29352963022  1.6E-04  6.4E-06  4.1E-04
etot    6  N  Y  2  U   -1618.29354239609  1.3E-05  2.7E-06  6.4E-05
etot    7  N  N  2  U   -1618.29354292117  5.3E-07  0.0E+00  0.0E+00
scf (DFT) done.
der1a (1-e 1st deriv.) done.
rwr (1st deriv. Q) done.
der1b (2-e 1st deriv.) done.
  Geometry optimization step   5
  Total energy:     -1618.34662086857 hartrees
  energy change:          -1.1689E-03 .  (  5.0000E-05 )
  gradient maximum:        6.5169E-03 .  (  4.5000E-04 )
  gradient rms:            1.1401E-03 .  (  3.0000E-04 )
  displacement maximum:    1.1857E-01 .  (  1.8000E-03 )
  displacement rms:        1.9330E-02 .  (  1.2000E-03 )
  
  predicted energy change: -1.5328E-03
  step size:     0.30008
  trust radius:  0.30000
---------------- geometry iteration   5 complete ----------------
geopt (optimize geometry) done.
onee (1-electron integrals) done.
probe (project orbitals) done.
grid (grid generation) done.
rwr (Q operators) done.
  
       i  u  d  i  g
       t  p  i  c  r                                 RMS    maximum
       e  d  i  u  i                       energy  density   DIIS  
       r  t  s  t  d       total energy    change  change    error 
  
etot    1  N  N  2  U   -1618.22281199545           8.6E-04  1.1E-02
etot    2  Y  Y  6  M   -1618.29477594325  7.2E-02  6.8E-05  7.6E-04
etot    3  N  Y  2  U   -1618.29421027533 -5.7E-04  5.4E-05  1.6E-03
etot    4  Y  Y  6  M   -1618.29474059300  5.3E-04  1.8E-05  9.0E-04
etot    5  N  Y  2  U   -1618.29485872879  1.2E-04  6.5E-06  2.8E-04
etot    6  N  Y  2  U   -1618.29486806305  9.3E-06  2.8E-06  7.9E-05
etot    7  N  N  2  U   -1618.29486903111  9.7E-07  0.0E+00  0.0E+00
scf (DFT) done.
der1a (1-e 1st deriv.) done.
rwr (1st deriv. Q) done.
der1b (2-e 1st deriv.) done.
  Geometry optimization step   6
  Total energy:     -1618.34794849469 hartrees
  energy change:          -1.3276E-03 .  (  5.0000E-05 )
  gradient maximum:        7.3310E-03 .  (  4.5000E-04 )
  gradient rms:            1.1759E-03 .  (  3.0000E-04 )
  displacement maximum:    1.2097E-01 .  (  1.8000E-03 )
  displacement rms:        1.9325E-02 .  (  1.2000E-03 )
  
  predicted energy change: -1.2012E-03
  step size:     0.30001
  trust radius:  0.30000
---------------- geometry iteration   6 complete ----------------
geopt (optimize geometry) done.
onee (1-electron integrals) done.
probe (project orbitals) done.
grid (grid generation) done.
rwr (Q operators) done.
  
       i  u  d  i  g
       t  p  i  c  r                                 RMS    maximum
       e  d  i  u  i                       energy  density   DIIS  
       r  t  s  t  d       total energy    change  change    error 
  
etot    1  N  N  2  U   -1618.22723359513           4.9E-04  2.2E-02
etot    2  Y  Y  6  M   -1618.29546677063  6.8E-02  6.0E-05  9.4E-04
etot    3  N  Y  2  U   -1618.29501101171 -4.6E-04  5.0E-05  1.2E-03
etot    4  Y  Y  6  M   -1618.29532333296  3.1E-04  2.0E-05  9.0E-04
etot    5  N  Y  2  U   -1618.29545984837  1.4E-04  5.9E-06  2.2E-04
etot    6  N  Y  2  U   -1618.29546864346  8.8E-06  2.5E-06  5.0E-05
etot    7  N  N  2  U   -1618.29546913691  4.9E-07  0.0E+00  0.0E+00
scf (DFT) done.
der1a (1-e 1st deriv.) done.
rwr (1st deriv. Q) done.
der1b (2-e 1st deriv.) done.
  Geometry optimization step   7
  Total energy:     -1618.34878416917 hartrees
  energy change:          -8.3567E-04 .  (  5.0000E-05 )
  gradient maximum:        9.0407E-03 .  (  4.5000E-04 )
  gradient rms:            1.2562E-03 .  (  3.0000E-04 )
  displacement maximum:    1.1185E-01 .  (  1.8000E-03 )
  displacement rms:        1.9282E-02 .  (  1.2000E-03 )
  
  predicted energy change: -1.6452E-03
  step size:     0.29933
  trust radius:  0.30000
---------------- geometry iteration   7 complete ----------------
geopt (optimize geometry) done.
onee (1-electron integrals) done.
probe (project orbitals) done.
grid (grid generation) done.
rwr (Q operators) done.
  
       i  u  d  i  g
       t  p  i  c  r                                 RMS    maximum
       e  d  i  u  i                       energy  density   DIIS  
       r  t  s  t  d       total energy    change  change    error 
  
etot    1  N  N  2  U   -1618.22089964230           5.2E-04  1.2E-02
etot    2  Y  Y  6  M   -1618.29615025897  7.5E-02  6.4E-05  8.7E-04
etot    3  N  Y  2  U   -1618.29572432517 -4.3E-04  5.2E-05  1.1E-03
etot    4  Y  Y  6  M   -1618.29604763678  3.2E-04  2.1E-05  7.6E-04
etot    5  N  Y  2  U   -1618.29618515538  1.4E-04  6.0E-06  2.1E-04
etot    6  N  Y  2  U   -1618.29619303174  7.9E-06  2.6E-06  6.6E-05
etot    7  N  N  2  U   -1618.29619349748  4.7E-07  0.0E+00  0.0E+00
scf (DFT) done.
der1a (1-e 1st deriv.) done.
rwr (1st deriv. Q) done.
der1b (2-e 1st deriv.) done.
  Geometry optimization step   8
  Total energy:     -1618.34986320527 hartrees
  energy change:          -1.0790E-03 .  (  5.0000E-05 )
  gradient maximum:        1.0273E-02 .  (  4.5000E-04 )
  gradient rms:            1.3750E-03 .  (  3.0000E-04 )
  displacement maximum:    1.0265E-01 .  (  1.8000E-03 )
  displacement rms:        1.9326E-02 .  (  1.2000E-03 )
  
  predicted energy change: -1.1947E-03
  step size:     0.30002
  trust radius:  0.30000
---------------- geometry iteration   8 complete ----------------
geopt (optimize geometry) done.
onee (1-electron integrals) done.
probe (project orbitals) done.
grid (grid generation) done.
rwr (Q operators) done.
  
       i  u  d  i  g
       t  p  i  c  r                                 RMS    maximum
       e  d  i  u  i                       energy  density   DIIS  
       r  t  s  t  d       total energy    change  change    error 
  
etot    1  N  N  2  U   -1618.23347002769           8.3E-04  1.5E-02
etot    2  Y  Y  6  M   -1618.29694893658  6.3E-02  6.3E-05  9.2E-04
etot    3  N  Y  2  U   -1618.29643551558 -5.1E-04  5.2E-05  1.1E-03
etot    4  Y  Y  6  M   -1618.29684095351  4.1E-04  1.9E-05  5.3E-04
etot    5  N  Y  2  U   -1618.29696374801  1.2E-04  5.4E-06  2.1E-04
etot    6  N  Y  2  U   -1618.29696990217  6.2E-06  2.6E-06  7.7E-05
etot    7  N  N  2  U   -1618.29697051534  6.1E-07  0.0E+00  0.0E+00
scf (DFT) done.
der1a (1-e 1st deriv.) done.
rwr (1st deriv. Q) done.
der1b (2-e 1st deriv.) done.
  Geometry optimization step   9
  Total energy:     -1618.35075930210 hartrees
  energy change:          -8.9610E-04 .  (  5.0000E-05 )
  gradient maximum:        3.8832E-03 .  (  4.5000E-04 )
  gradient rms:            6.6512E-04 .  (  3.0000E-04 )
  displacement maximum:    1.2685E-01 .  (  1.8000E-03 )
  displacement rms:        1.9324E-02 .  (  1.2000E-03 )
  
  predicted energy change: -9.4908E-04
  step size:     0.29999
  trust radius:  0.30000
---------------- geometry iteration   9 complete ----------------
geopt (optimize geometry) done.
onee (1-electron integrals) done.
probe (project orbitals) done.
grid (grid generation) done.
rwr (Q operators) done.
  
       i  u  d  i  g
       t  p  i  c  r                                 RMS    maximum
       e  d  i  u  i                       energy  density   DIIS  
       r  t  s  t  d       total energy    change  change    error 
  
etot    1  N  N  2  U   -1618.25767610036           4.1E-04  1.3E-02
etot    2  Y  Y  6  M   -1618.29800289110  4.0E-02  5.3E-05  8.5E-04
etot    3  N  Y  2  U   -1618.29761273492 -3.9E-04  4.3E-05  9.4E-04
etot    4  N  Y  2  U   -1618.29788716241  2.7E-04  1.7E-05  6.9E-04
etot    5  N  Y  2  U   -1618.29797396902  8.7E-05  4.7E-06  2.2E-04
etot    6  N  N  2  U   -1618.29797964358  5.7E-06  0.0E+00  0.0E+00
scf (DFT) done.
der1a (1-e 1st deriv.) done.
rwr (1st deriv. Q) done.
der1b (2-e 1st deriv.) done.
  Geometry optimization step  10
  Total energy:     -1618.35182509766 hartrees
  energy change:          -1.0658E-03 .  (  5.0000E-05 )
  gradient maximum:        6.1544E-03 .  (  4.5000E-04 )
  gradient rms:            7.4397E-04 .  (  3.0000E-04 )
  displacement maximum:    1.3174E-01 .  (  1.8000E-03 )
  displacement rms:        1.9325E-02 .  (  1.2000E-03 )
  
  predicted energy change: -8.6525E-04
  step size:     0.30001
  trust radius:  0.30000
---------------- geometry iteration  10 complete ----------------
geopt (optimize geometry) done.
onee (1-electron integrals) done.
probe (project orbitals) done.
grid (grid generation) done.
rwr (Q operators) done.
  
       i  u  d  i  g
       t  p  i  c  r                                 RMS    maximum
       e  d  i  u  i                       energy  density   DIIS  
       r  t  s  t  d       total energy    change  change    error 
  
etot    1  N  N  2  U   -1618.25357332963           4.2E-04  1.2E-02
etot    2  Y  Y  6  M   -1618.29846789664  4.5E-02  6.4E-05  1.0E-03
etot    3  N  Y  2  U   -1618.29779484364 -6.7E-04  5.1E-05  1.3E-03
etot    4  Y  Y  6  M   -1618.29838834346  5.9E-04  1.6E-05  5.0E-04
etot    5  N  Y  2  U   -1618.29844845691  6.0E-05  5.4E-06  2.5E-04
etot    6  N  Y  2  U   -1618.29845629847  7.8E-06  2.4E-06  7.3E-05
etot    7  N  N  2  U   -1618.29845686101  5.6E-07  0.0E+00  0.0E+00
scf (DFT) done.
der1a (1-e 1st deriv.) done.
rwr (1st deriv. Q) done.
der1b (2-e 1st deriv.) done.
  Geometry optimization step  11
  Total energy:     -1618.35250859174 hartrees
  energy change:          -6.8349E-04 .  (  5.0000E-05 )
  gradient maximum:        4.3638E-03 .  (  4.5000E-04 )
  gradient rms:            6.4305E-04 .  (  3.0000E-04 )
  displacement maximum:    1.0464E-01 .  (  1.8000E-03 )
  displacement rms:        1.9327E-02 .  (  1.2000E-03 )
  
  predicted energy change: -1.0088E-03
  step size:     0.30003
  trust radius:  0.30000
---------------- geometry iteration  11 complete ----------------
geopt (optimize geometry) done.
onee (1-electron integrals) done.
probe (project orbitals) done.
grid (grid generation) done.
rwr (Q operators) done.
  
       i  u  d  i  g
       t  p  i  c  r                                 RMS    maximum
       e  d  i  u  i                       energy  density   DIIS  
       r  t  s  t  d       total energy    change  change    error 
  
etot    1  N  N  2  U   -1618.24422965392           4.6E-04  9.9E-03
etot    2  Y  Y  6  M   -1618.29869609573  5.4E-02  8.6E-05  8.2E-04
etot    3  N  Y  2  U   -1618.29748759125 -1.2E-03  6.8E-05  2.2E-03
etot    4  Y  Y  6  M   -1618.29860432006  1.1E-03  1.9E-05  8.4E-04
etot    5  N  Y  2  U   -1618.29867347800  6.9E-05  6.9E-06  2.6E-04
etot    6  N  Y  2  U   -1618.29868417726  1.1E-05  2.6E-06  6.9E-05
etot    7  N  N  2  U   -1618.29868506977  8.9E-07  0.0E+00  0.0E+00
scf (DFT) done.
der1a (1-e 1st deriv.) done.
rwr (1st deriv. Q) done.
der1b (2-e 1st deriv.) done.
  Geometry optimization step  12
  Total energy:     -1618.35348833084 hartrees
  energy change:          -9.7974E-04 .  (  5.0000E-05 )
  gradient maximum:        4.1778E-03 .  (  4.5000E-04 )
  gradient rms:            7.2781E-04 .  (  3.0000E-04 )
  displacement maximum:    1.1010E-01 .  (  1.8000E-03 )
  displacement rms:        1.9329E-02 .  (  1.2000E-03 )
  
  predicted energy change: -9.3720E-04
  step size:     0.30007
  trust radius:  0.30000
---------------- geometry iteration  12 complete ----------------
geopt (optimize geometry) done.
onee (1-electron integrals) done.
probe (project orbitals) done.
grid (grid generation) done.
rwr (Q operators) done.
  
       i  u  d  i  g
       t  p  i  c  r                                 RMS    maximum
       e  d  i  u  i                       energy  density   DIIS  
       r  t  s  t  d       total energy    change  change    error 
  
etot    1  N  N  2  U   -1618.23416235306           4.9E-04  1.1E-02
etot    2  Y  Y  6  M   -1618.29742393485  6.3E-02  8.9E-05  1.0E-03
etot    3  N  Y  2  U   -1618.29630490449 -1.1E-03  7.1E-05  1.9E-03
etot    4  Y  Y  6  M   -1618.29735415863  1.0E-03  2.2E-05  7.7E-04
etot    5  N  Y  2  U   -1618.29746863281  1.1E-04  7.2E-06  2.5E-04
etot    6  N  Y  2  U   -1618.29748128064  1.3E-05  2.7E-06  6.8E-05
etot    7  N  N  2  U   -1618.29748228433  1.0E-06  0.0E+00  0.0E+00
scf (DFT) done.
der1a (1-e 1st deriv.) done.
rwr (1st deriv. Q) done.
der1b (2-e 1st deriv.) done.
  Geometry optimization step  13
  Total energy:     -1618.35373022389 hartrees
  ** restarting optimization from step   12 **
  energy change:          -2.4189E-04 .  (  5.0000E-05 )
  gradient maximum:        4.1778E-03 .  (  4.5000E-04 )
  gradient rms:            7.2781E-04 .  (  3.0000E-04 )
  displacement maximum:    1.0097E-01 .  (  1.8000E-03 )
  displacement rms:        1.7164E-02 .  (  1.2000E-03 )
  
  predicted energy change: -5.9179E-04
  step size:     0.26646
  trust radius:  0.30000
---------------- geometry iteration  13 complete ----------------
geopt (optimize geometry) done.
onee (1-electron integrals) done.
probe (project orbitals) done.
grid (grid generation) done.
rwr (Q operators) done.
  
       i  u  d  i  g
       t  p  i  c  r                                 RMS    maximum
       e  d  i  u  i                       energy  density   DIIS  
       r  t  s  t  d       total energy    change  change    error 
  
etot    1  N  N  2  U   -1618.25817977350           3.9E-04  8.1E-03
etot    2  Y  Y  6  M   -1618.29875891710  4.1E-02  6.3E-05  5.8E-04
etot    3  N  Y  2  U   -1618.29849335260 -2.7E-04  4.8E-05  1.3E-03
etot    4  N  Y  2  U   -1618.29889623612  4.0E-04  1.5E-05  4.8E-04
etot    5  N  Y  2  U   -1618.29894778819  5.2E-05  4.9E-06  2.4E-04
etot    6  N  N  2  U   -1618.29895401138  6.2E-06  0.0E+00  0.0E+00
scf (DFT) done.
der1a (1-e 1st deriv.) done.
rwr (1st deriv. Q) done.
der1b (2-e 1st deriv.) done.
  Geometry optimization step  14
  Total energy:     -1618.35401954094 hartrees
  energy change:          -5.3121E-04 .  (  5.0000E-05 )
  gradient maximum:        2.6014E-03 .  (  4.5000E-04 )
  gradient rms:            5.4870E-04 .  (  3.0000E-04 )
  displacement maximum:    5.6286E-02 .  (  1.8000E-03 )
  displacement rms:        9.5775E-03 .  (  1.2000E-03 )
  
  predicted energy change: -2.4290E-04
  step size:     0.14868
  trust radius:  0.30000
---------------- geometry iteration  14 complete ----------------
geopt (optimize geometry) done.
onee (1-electron integrals) done.
probe (project orbitals) done.
grid (grid generation) done.
rwr (Q operators) done.
  
       i  u  d  i  g
       t  p  i  c  r                                 RMS    maximum
       e  d  i  u  i                       energy  density   DIIS  
       r  t  s  t  d       total energy    change  change    error 
  
etot    1  N  N  2  U   -1618.28321337963           2.4E-04  6.5E-03
etot    2  Y  Y  6  M   -1618.29905260949  1.6E-02  4.7E-05  4.4E-04
etot    3  N  Y  2  U   -1618.29874325509 -3.1E-04  3.8E-05  9.6E-04
etot    4  N  Y  2  U   -1618.29903620460  2.9E-04  1.0E-05  3.4E-04
etot    5  N  Y  2  U   -1618.29905866701  2.2E-05  3.2E-06  1.5E-04
etot    6  N  N  2  U   -1618.29906132508  2.7E-06  0.0E+00  0.0E+00
scf (DFT) done.
der1a (1-e 1st deriv.) done.
rwr (1st deriv. Q) done.
der1b (2-e 1st deriv.) done.
  Geometry optimization step  15
  Total energy:     -1618.35419868672 hartrees
  energy change:          -1.7915E-04 .  (  5.0000E-05 )
  gradient maximum:        4.5813E-03 .  (  4.5000E-04 )
  gradient rms:            6.6244E-04 .  (  3.0000E-04 )
  displacement maximum:    5.0660E-02 .  (  1.8000E-03 )
  displacement rms:        1.0078E-02 .  (  1.2000E-03 )
  
  predicted energy change: -2.3799E-04
  step size:     0.15645
  trust radius:  0.30000
---------------- geometry iteration  15 complete ----------------
geopt (optimize geometry) done.
onee (1-electron integrals) done.
probe (project orbitals) done.
grid (grid generation) done.
rwr (Q operators) done.
  
       i  u  d  i  g
       t  p  i  c  r                                 RMS    maximum
       e  d  i  u  i                       energy  density   DIIS  
       r  t  s  t  d       total energy    change  change    error 
  
etot    1  N  N  2  U   -1618.28936571927           2.2E-04  4.4E-03
etot    2  Y  Y  6  M   -1618.29881468921  9.4E-03  5.1E-05  3.4E-04
etot    3  N  Y  2  U   -1618.29865180484 -1.6E-04  3.5E-05  7.5E-04
etot    4  N  Y  2  U   -1618.29891525308  2.6E-04  8.9E-06  2.6E-04
etot    5  N  Y  2  U   -1618.29892945441  1.4E-05  3.2E-06  1.4E-04
etot    6  N  N  2  U   -1618.29893185934  2.4E-06  0.0E+00  0.0E+00
scf (DFT) done.
der1a (1-e 1st deriv.) done.
rwr (1st deriv. Q) done.
der1b (2-e 1st deriv.) done.
  Geometry optimization step  16
  Total energy:     -1618.35443943905 hartrees
  energy change:          -2.4075E-04 .  (  5.0000E-05 )
  gradient maximum:        2.1490E-03 .  (  4.5000E-04 )
  gradient rms:            4.1496E-04 .  (  3.0000E-04 )
  displacement maximum:    3.8917E-02 .  (  1.8000E-03 )
  displacement rms:        6.6847E-03 .  (  1.2000E-03 )
  
  predicted energy change: -1.0946E-04
  step size:     0.10378
  trust radius:  0.30000
---------------- geometry iteration  16 complete ----------------
geopt (optimize geometry) done.
onee (1-electron integrals) done.
probe (project orbitals) done.
grid (grid generation) done.
rwr (Q operators) done.
  
       i  u  d  i  g
       t  p  i  c  r                                 RMS    maximum
       e  d  i  u  i                       energy  density   DIIS  
       r  t  s  t  d       total energy    change  change    error 
  
etot    1  N  N  2  U   -1618.29428761630           1.6E-04  4.1E-03
etot    2  Y  Y  6  M   -1618.29873092000  4.4E-03  3.1E-05  3.3E-04
etot    3  N  Y  2  U   -1618.29859262555 -1.4E-04  2.5E-05  7.5E-04
etot    4  N  Y  2  U   -1618.29872780289  1.4E-04  6.5E-06  2.6E-04
etot    5  N  Y  2  U   -1618.29873590067  8.1E-06  2.2E-06  1.0E-04
etot    6  N  N  2  U   -1618.29873716887  1.3E-06  0.0E+00  0.0E+00
scf (DFT) done.
der1a (1-e 1st deriv.) done.
rwr (1st deriv. Q) done.
der1b (2-e 1st deriv.) done.
  Geometry optimization step  17
  Total energy:     -1618.35438805428 hartrees
  energy change:           5.1385E-05 .  (  5.0000E-05 )
  gradient maximum:        2.7741E-03 .  (  4.5000E-04 )
  gradient rms:            3.5066E-04 .  (  3.0000E-04 )
  displacement maximum:    2.1353E-02 .  (  1.8000E-03 )
  displacement rms:        3.7045E-03 .  (  1.2000E-03 )
  
  predicted energy change: -5.4947E-05
  step size:     0.05751
  trust radius:  0.30000
---------------- geometry iteration  17 complete ----------------
geopt (optimize geometry) done.
onee (1-electron integrals) done.
probe (project orbitals) done.
grid (grid generation) done.
rwr (Q operators) done.
  
       i  u  d  i  g
       t  p  i  c  r                                 RMS    maximum
       e  d  i  u  i                       energy  density   DIIS  
       r  t  s  t  d       total energy    change  change    error 
  
etot    1  N  N  2  U   -1618.29691785026           9.5E-05  2.5E-03
etot    2  Y  Y  6  M   -1618.29884637776  1.9E-03  1.6E-05  2.0E-04
etot    3  N  Y  2  U   -1618.29883531053 -1.1E-05  1.3E-05  4.0E-04
etot    4  N  Y  2  U   -1618.29886605330  3.1E-05  4.1E-06  2.0E-04
etot    5  N  N  2  U   -1618.29887061366  4.6E-06  0.0E+00  0.0E+00
scf (DFT) done.
der1a (1-e 1st deriv.) done.
rwr (1st deriv. Q) done.
der1b (2-e 1st deriv.) done.
  Geometry optimization step  18
  Total energy:     -1618.35444618290 hartrees
  energy change:          -5.8129E-05 .  (  5.0000E-05 )
  gradient maximum:        8.0244E-04 .  (  4.5000E-04 )
  gradient rms:            1.5100E-04 *  (  3.0000E-04 )
  displacement maximum:    2.7212E-02 .  (  1.8000E-03 )
  displacement rms:        2.7367E-03 .  (  1.2000E-03 )
  
  predicted energy change: -1.8531E-05
  step size:     0.04249
  trust radius:  0.30000
---------------- geometry iteration  18 complete ----------------
geopt (optimize geometry) done.
onee (1-electron integrals) done.
probe (project orbitals) done.
grid (grid generation) done.
rwr (Q operators) done.
  
       i  u  d  i  g
       t  p  i  c  r                                 RMS    maximum
       e  d  i  u  i                       energy  density   DIIS  
       r  t  s  t  d       total energy    change  change    error 
  
etot    1  N  N  2  U   -1618.29767646639           7.5E-05  2.3E-03
etot    2  Y  Y  6  M   -1618.29886064150  1.2E-03  1.7E-05  2.3E-04
etot    3  N  Y  2  U   -1618.29883230134 -2.8E-05  1.3E-05  7.2E-04
etot    4  N  Y  2  U   -1618.29888080653  4.9E-05  3.5E-06  1.5E-04
etot    5  N  N  2  U   -1618.29888283290  2.0E-06  0.0E+00  0.0E+00
scf (DFT) done.
der1a (1-e 1st deriv.) done.
rwr (1st deriv. Q) done.
der1b (2-e 1st deriv.) done.
  Geometry optimization step  19
  Total energy:     -1618.35447770207 hartrees
  energy change:          -3.1519E-05 *  (  5.0000E-05 )
  gradient maximum:        4.7655E-04 .  (  4.5000E-04 )
  gradient rms:            1.1138E-04 *  (  3.0000E-04 )
  displacement maximum:    1.4150E-02 .  (  1.8000E-03 )
  displacement rms:        1.7794E-03 .  (  1.2000E-03 )
  
  predicted energy change: -8.5838E-06
  step size:     0.02762
  trust radius:  0.30000
---------------- geometry iteration  19 complete ----------------
geopt (optimize geometry) done.
onee (1-electron integrals) done.
probe (project orbitals) done.
grid (grid generation) done.
rwr (Q operators) done.
  
       i  u  d  i  g
       t  p  i  c  r                                 RMS    maximum
       e  d  i  u  i                       energy  density   DIIS  
       r  t  s  t  d       total energy    change  change    error 
  
etot    1  N  N  2  U   -1618.29846440695           4.9E-05  1.0E-03
etot    2  N  Y  2  U   -1618.29890549145  4.4E-04  1.0E-05  1.1E-04
etot    3  N  Y  2  U   -1618.29888783308 -1.8E-05  8.1E-06  3.2E-04
etot    4  N  Y  2  U   -1618.29890805535  2.0E-05  1.7E-06  7.5E-05
etot    5  N  N  2  U   -1618.29890859895  5.4E-07  0.0E+00  0.0E+00
scf (DFT) done.
der1a (1-e 1st deriv.) done.
rwr (1st deriv. Q) done.
der1b (2-e 1st deriv.) done.
  Geometry optimization step  20
  Total energy:     -1618.35452418832 hartrees
  energy change:          -4.6486E-05 *  (  5.0000E-05 )
  gradient maximum:        4.2533E-04 *  (  4.5000E-04 )
  gradient rms:            8.4995E-05 *  (  3.0000E-04 )
  displacement maximum:    4.6811E-02 .  (  1.8000E-03 )
  displacement rms:        4.9825E-03 .  (  1.2000E-03 )
  
  predicted energy change: -2.0802E-05
  step size:     0.07735
  trust radius:  0.30000
---------------- geometry iteration  20 complete ----------------
geopt (optimize geometry) done.
onee (1-electron integrals) done.
probe (project orbitals) done.
grid (grid generation) done.
rwr (Q operators) done.
  
       i  u  d  i  g
       t  p  i  c  r                                 RMS    maximum
       e  d  i  u  i                       energy  density   DIIS  
       r  t  s  t  d       total energy    change  change    error 
  
etot    1  N  N  2  U   -1618.29480509114           1.3E-04  3.5E-03
etot    2  Y  Y  6  M   -1618.29870163995  3.9E-03  1.8E-05  3.8E-04
etot    3  N  Y  2  U   -1618.29867094130 -3.1E-05  1.4E-05  4.2E-04
etot    4  N  Y  2  U   -1618.29870639941  3.5E-05  4.8E-06  2.0E-04
etot    5  N  N  2  U   -1618.29871237133  6.0E-06  0.0E+00  0.0E+00
scf (DFT) done.
der1a (1-e 1st deriv.) done.
rwr (1st deriv. Q) done.
der1b (2-e 1st deriv.) done.
  Geometry optimization step  21
  Total energy:     -1618.35442026374 hartrees
  energy change:           1.0392E-04 .  (  5.0000E-05 )
  gradient maximum:        8.2296E-04 .  (  4.5000E-04 )
  gradient rms:            1.8785E-04 *  (  3.0000E-04 )
  displacement maximum:    2.1097E-02 .  (  1.8000E-03 )
  displacement rms:        1.9377E-03 .  (  1.2000E-03 )
  
  predicted energy change: -1.6432E-05
  step size:     0.03008
  trust radius:  0.30000
---------------- geometry iteration  21 complete ----------------
geopt (optimize geometry) done.
onee (1-electron integrals) done.
probe (project orbitals) done.
grid (grid generation) done.
rwr (Q operators) done.
  
       i  u  d  i  g
       t  p  i  c  r                                 RMS    maximum
       e  d  i  u  i                       energy  density   DIIS  
       r  t  s  t  d       total energy    change  change    error 
  
etot    1  N  N  2  U   -1618.29833248901           5.0E-05  1.4E-03
etot    2  N  Y  2  U   -1618.29882794008  5.0E-04  1.4E-05  1.3E-04
etot    3  N  Y  2  U   -1618.29879948556 -2.8E-05  1.1E-05  3.4E-04
etot    4  N  Y  2  U   -1618.29883259104  3.3E-05  2.4E-06  9.7E-05
etot    5  N  N  2  U   -1618.29883372698  1.1E-06  0.0E+00  0.0E+00
scf (DFT) done.
der1a (1-e 1st deriv.) done.
rwr (1st deriv. Q) done.
der1b (2-e 1st deriv.) done.
  Geometry optimization step  22
  Total energy:     -1618.35450092866 hartrees
  energy change:          -8.0665E-05 .  (  5.0000E-05 )
  gradient maximum:        4.4866E-04 *  (  4.5000E-04 )
  gradient rms:            9.1599E-05 *  (  3.0000E-04 )
  displacement maximum:    6.6450E-03 .  (  1.8000E-03 )
  displacement rms:        1.2680E-03 .  (  1.2000E-03 )
  
  predicted energy change: -5.9402E-06
  step size:     0.01968
  trust radius:  0.30000
---------------- geometry iteration  22 complete ----------------
geopt (optimize geometry) done.
onee (1-electron integrals) done.
probe (project orbitals) done.
grid (grid generation) done.
rwr (Q operators) done.
  
       i  u  d  i  g
       t  p  i  c  r                                 RMS    maximum
       e  d  i  u  i                       energy  density   DIIS  
       r  t  s  t  d       total energy    change  change    error 
  
etot    1  N  N  2  U   -1618.29878054471           2.9E-05  4.9E-04
etot    2  N  Y  2  U   -1618.29894553448  1.6E-04  6.2E-06  9.1E-05
etot    3  N  Y  2  U   -1618.29893893904 -6.6E-06  5.0E-06  2.5E-04
etot    4  N  N  2  U   -1618.29894669100  7.8E-06  0.0E+00  0.0E+00
scf (DFT) done.
der1a (1-e 1st deriv.) done.
rwr (1st deriv. Q) done.
der1b (2-e 1st deriv.) done.
  Geometry optimization step  23
  Total energy:     -1618.35459704800 hartrees
  energy change:          -9.6119E-05 .  (  5.0000E-05 )
  gradient maximum:        5.6365E-04 .  (  4.5000E-04 )
  gradient rms:            6.9200E-05 *  (  3.0000E-04 )
  displacement maximum:    6.8304E-03 .  (  1.8000E-03 )
  displacement rms:        1.1030E-03 *  (  1.2000E-03 )
  
  predicted energy change: -2.4845E-06
  step size:     0.01712
  trust radius:  0.30000
---------------- geometry iteration  23 complete ----------------
geopt (optimize geometry) done.
onee (1-electron integrals) done.
probe (project orbitals) done.
grid (grid generation) done.
rwr (Q operators) done.
  
       i  u  d  i  g
       t  p  i  c  r                                 RMS    maximum
       e  d  i  u  i                       energy  density   DIIS  
       r  t  s  t  d       total energy    change  change    error 
  
etot    1  N  N  2  U   -1618.29878975317           2.6E-05  7.7E-04
etot    2  N  Y  2  U   -1618.29894293360  1.5E-04  1.0E-05  1.5E-04
etot    3  N  Y  2  U   -1618.29892219905 -2.1E-05  8.0E-06  4.8E-04
etot    4  N  Y  2  U   -1618.29894584115  2.4E-05  8.1E-07  3.0E-05
etot    5  N  N  2  U   -1618.29894595641  1.2E-07  0.0E+00  0.0E+00
scf (DFT) done.
der1a (1-e 1st deriv.) done.
rwr (1st deriv. Q) done.
der1b (2-e 1st deriv.) done.
  Geometry optimization step  24
  Total energy:     -1618.35460495216 hartrees
  energy change:          -7.9042E-06 *  (  5.0000E-05 )
  gradient maximum:        2.3532E-04 *  (  4.5000E-04 )
  gradient rms:            4.1641E-05 #  (  3.0000E-04 )
  displacement maximum:    1.1907E-02 .  (  1.8000E-03 )
  displacement rms:        2.2629E-03 .  (  1.2000E-03 )
  
  predicted energy change: -3.0648E-06
  step size:     0.03513
  trust radius:  0.30000
---------------- geometry iteration  24 complete ----------------
geopt (optimize geometry) done.
onee (1-electron integrals) done.
probe (project orbitals) done.
grid (grid generation) done.
rwr (Q operators) done.
  
       i  u  d  i  g
       t  p  i  c  r                                 RMS    maximum
       e  d  i  u  i                       energy  density   DIIS  
       r  t  s  t  d       total energy    change  change    error 
  
etot    1  N  N  2  U   -1618.29839299800           5.1E-05  1.6E-03
etot    2  Y  Y  6  M   -1618.29896465692  5.7E-04  6.3E-06  1.1E-04
etot    3  N  Y  2  U   -1618.29895538149 -9.3E-06  5.1E-06  1.1E-04
etot    4  N  Y  2  U   -1618.29895922024  3.8E-06  2.0E-06  6.5E-05
etot    5  N  N  2  U   -1618.29896040313  1.2E-06  0.0E+00  0.0E+00
scf (DFT) done.
der1a (1-e 1st deriv.) done.
rwr (1st deriv. Q) done.
der1b (2-e 1st deriv.) done.
  Geometry optimization step  25
  Total energy:     -1618.35460527151 hartrees
  energy change:          -3.1935E-07 #  (  5.0000E-05 )
  gradient maximum:        3.0496E-04 *  (  4.5000E-04 )
  gradient rms:            6.2633E-05 *  (  3.0000E-04 )
  displacement maximum:    8.8383E-03 .  (  1.8000E-03 )
  displacement rms:        1.4089E-03 .  (  1.2000E-03 )
  
  predicted energy change: -2.0428E-06
  step size:     0.02187
  trust radius:  0.30000
---------------- geometry iteration  25 complete ----------------
geopt (optimize geometry) done.
onee (1-electron integrals) done.
probe (project orbitals) done.
grid (grid generation) done.
rwr (Q operators) done.
  
       i  u  d  i  g
       t  p  i  c  r                                 RMS    maximum
       e  d  i  u  i                       energy  density   DIIS  
       r  t  s  t  d       total energy    change  change    error 
  
etot    1  N  N  2  U   -1618.29869443255           3.3E-05  1.0E-03
etot    2  N  Y  2  U   -1618.29893529776  2.4E-04  7.5E-06  9.7E-05
etot    3  N  Y  2  U   -1618.29892795415 -7.3E-06  5.8E-06  2.6E-04
etot    4  N  Y  2  U   -1618.29893670010  8.7E-06  1.2E-06  4.3E-05
etot    5  N  N  2  U   -1618.29893698436  2.8E-07  0.0E+00  0.0E+00
scf (DFT) done.
der1a (1-e 1st deriv.) done.
rwr (1st deriv. Q) done.
der1b (2-e 1st deriv.) done.
  Geometry optimization step  26
  Total energy:     -1618.35457504570 hartrees
  energy change:           3.0226E-05 *  (  5.0000E-05 )
  gradient maximum:        1.9585E-04 *  (  4.5000E-04 )
  gradient rms:            3.9757E-05 #  (  3.0000E-04 )
  displacement maximum:    4.3804E-03 .  (  1.8000E-03 )
  displacement rms:        4.7971E-04 *  (  1.2000E-03 )
  
  predicted energy change: -9.1325E-07
  step size:     0.00745
  trust radius:  0.30000
------------- final geometry iteration  26 complete -------------
geopt (optimize geometry) done.
cutabab2 (abab integrals) done.
der2a (1-e JK-1st deriv.) done.
der2b (2-e JK-1st deriv.) done.
der2nda (1-e 2nd deriv.) done.
der2ndb (2-e 2nd deriv.) done.
rwr (Q operators) done.
cphfa (gradient of wave function) done.
freq (vib. frequencies) done.
Job J1_9939_2111 completed on hpc-92-25.cm.cluster at Wed May 29 14:43:54 2024
Timer (jaguar_backend.py) : 3564.30 secs (0 hrs, 59 mins, 24 secs)
Finished:   Wed May 29 14:43:54 2024
