Command:  /groups/wag/programs/Schrodinger_2020_3/jaguar run -WAIT -PARALLEL 8 /central/home/labounad/wittig-ch121/out/J1_10411_2111/J1_10411_2111.in
Release:  2020-3
Exec:     /groups/wag/programs/Schrodinger_2020_3/jaguar-v10.9/bin/Linux-x86_64
Host:     hpc-93-32.cm.cluster
JobId:    hpc-93-32-0-66572973
JobDir:   /central/scratch/labounad/J1_10411_2111#hpc-93-32-0-66572973
Date:     Wed May 29 06:11:17 2024

Contents of /central/scratch/labounad/J1_10411_2111#hpc-93-32-0-66572973:
/central/scratch/labounad/J1_10411_2111#hpc-93-32-0-66572973/.write_dir.json
/central/scratch/labounad/J1_10411_2111#hpc-93-32-0-66572973/hpc-93-32-0-66572973.mpinodes
/central/scratch/labounad/J1_10411_2111#hpc-93-32-0-66572973/hpc-93-32-0-66572973.recover
/central/scratch/labounad/J1_10411_2111#hpc-93-32-0-66572973/hpc-93-32-0-66572973
/central/scratch/labounad/J1_10411_2111#hpc-93-32-0-66572973/hpc-93-32-0-66572973.nodes
/central/scratch/labounad/J1_10411_2111#hpc-93-32-0-66572973/J1_10411_2111.log
/central/scratch/labounad/J1_10411_2111#hpc-93-32-0-66572973/J1_10411_2111.recover
/central/scratch/labounad/J1_10411_2111#hpc-93-32-0-66572973/J1_10411_2111.in

Executing subprocess:
/groups/wag/programs/Schrodinger_2020_3/jaguar-v10.9/bin/Linux-x86_64/jexec J1_10411_2111.in -T 8 -out /central/scratch/labounad/J1_10411_2111#hpc-93-32-0-66572973 -cwd

Job J1_10411_2111 started on hpc-93-32.cm.cluster at Wed May 29 06:11:17 2024
jobid: hpc-93-32-0-66572973 
Jaguar version 10.9, release 139
 Using up to   8 threads per process
Molecular Point Group: C1      
Point Group used: C1
pre (input checking) done.
onee (1-electron integrals) done.
hfig (HF initial guess) done.
probe (project orbitals) done.
grid (grid generation) done.
rwr (Q operators) done.
scf type: DFT=PBE(X+LC)+PW91 (PBE-D3)
  
       i  u  d  i  g
       t  p  i  c  r                                 RMS    maximum
       e  d  i  u  i                       energy  density   DIIS  
       r  t  s  t  d       total energy    change  change    error 
  
etot    1  N  N  5  M   -1726.10523469743           5.5E-03  1.0E-01
etot    2  Y  Y  6  M   -1720.82022145467 -5.3E+00  1.1E-02  1.5E-01
etot    3  Y  Y  6  M   -1704.52355892137 -1.6E+01  1.0E-02  1.4E-01
etot    4  N  Y  2  U   -1729.52672367610  2.5E+01  2.7E-03  7.3E-02
etot    5  Y  Y  6  M   -1730.05524056849  5.3E-01  1.6E-03  3.1E-02
etot    6  N  Y  2  U   -1730.36492831399  3.1E-01  9.2E-04  2.7E-02
etot    7  Y  Y  6  M   -1730.42038022694  5.5E-02  4.9E-04  2.6E-02
etot    8  N  Y  2  U   -1730.49286167497  7.2E-02  2.0E-04  6.2E-03
etot    9  Y  Y  6  M   -1730.49917540682  6.3E-03  1.1E-04  3.2E-03
etot   10  N  Y  2  U   -1730.50141849659  2.2E-03  5.7E-05  1.7E-03
etot   11  Y  Y  6  M   -1730.50213305986  7.1E-04  2.4E-05  7.4E-04
etot   12  N  Y  2  U   -1730.50227085832  1.4E-04  7.9E-06  1.8E-04
etot   13  N  Y  2  U   -1730.50227969617  8.8E-06  3.5E-06  8.2E-05
etot   14  N  N  2  U   -1730.50228176028  2.1E-06  0.0E+00  0.0E+00
scf (DFT) done.
der1a (1-e 1st deriv.) done.
rwr (1st deriv. Q) done.
der1b (2-e 1st deriv.) done.
  Geometry optimization step   1
  Total energy:     -1730.55974668751 hartrees
  gradient maximum:        3.1159E-02 .  (  4.5000E-04 )
  gradient rms:            6.6329E-03 .  (  3.0000E-04 )
  displacement maximum:    1.1388E-01 .  (  1.8000E-03 )
  displacement rms:        1.8996E-02 .  (  1.2000E-03 )
  
  predicted energy change: -1.9623E-02
  step size:     0.30035
  trust radius:  0.30000
---------------- geometry iteration   1 complete ----------------
geopt (optimize geometry) done.
onee (1-electron integrals) done.
probe (project orbitals) done.
grid (grid generation) done.
rwr (Q operators) done.
  
       i  u  d  i  g
       t  p  i  c  r                                 RMS    maximum
       e  d  i  u  i                       energy  density   DIIS  
       r  t  s  t  d       total energy    change  change    error 
  
etot    1  N  N  2  U   -1730.50512428746           7.4E-04  1.2E-02
etot    2  Y  Y  6  M   -1730.52129837661  1.6E-02  8.7E-05  8.3E-04
etot    3  N  Y  2  U   -1730.52052010031 -7.8E-04  6.4E-05  2.1E-03
etot    4  Y  Y  6  M   -1730.52162941885  1.1E-03  1.9E-05  7.3E-04
etot    5  N  Y  2  U   -1730.52179098978  1.6E-04  6.5E-06  2.0E-04
etot    6  N  Y  2  U   -1730.52180218627  1.1E-05  2.1E-06  5.0E-05
etot    7  N  N  2  U   -1730.52180300562  8.2E-07  0.0E+00  0.0E+00
scf (DFT) done.
der1a (1-e 1st deriv.) done.
rwr (1st deriv. Q) done.
der1b (2-e 1st deriv.) done.
  Geometry optimization step   2
  Total energy:     -1730.57818981514 hartrees
  energy change:          -1.8443E-02 .  (  5.0000E-05 )
  gradient maximum:        1.2632E-02 .  (  4.5000E-04 )
  gradient rms:            2.3841E-03 .  (  3.0000E-04 )
  displacement maximum:    7.7524E-02 .  (  1.8000E-03 )
  displacement rms:        1.8974E-02 .  (  1.2000E-03 )
  
  predicted energy change: -4.5354E-03
  step size:     0.30000
  trust radius:  0.30000
---------------- geometry iteration   2 complete ----------------
geopt (optimize geometry) done.
onee (1-electron integrals) done.
probe (project orbitals) done.
grid (grid generation) done.
rwr (Q operators) done.
  
       i  u  d  i  g
       t  p  i  c  r                                 RMS    maximum
       e  d  i  u  i                       energy  density   DIIS  
       r  t  s  t  d       total energy    change  change    error 
  
etot    1  N  N  2  U   -1730.48670538266           4.0E-04  8.0E-03
etot    2  Y  Y  6  M   -1730.52458921161  3.8E-02  1.1E-04  1.6E-03
etot    3  N  Y  2  U   -1730.52298556552 -1.6E-03  8.1E-05  2.9E-03
etot    4  Y  Y  6  M   -1730.52483253195  1.8E-03  2.4E-05  7.9E-04
etot    5  N  Y  2  U   -1730.52498287970  1.5E-04  9.6E-06  3.7E-04
etot    6  N  Y  2  U   -1730.52501196405  2.9E-05  2.5E-06  7.3E-05
etot    7  N  N  2  U   -1730.52501312950  1.2E-06  0.0E+00  0.0E+00
scf (DFT) done.
der1a (1-e 1st deriv.) done.
rwr (1st deriv. Q) done.
der1b (2-e 1st deriv.) done.
  Geometry optimization step   3
  Total energy:     -1730.58189541778 hartrees
  energy change:          -3.7056E-03 .  (  5.0000E-05 )
  gradient maximum:        1.6261E-02 .  (  4.5000E-04 )
  gradient rms:            1.9747E-03 .  (  3.0000E-04 )
  displacement maximum:    1.3880E-01 .  (  1.8000E-03 )
  displacement rms:        1.9002E-02 .  (  1.2000E-03 )
  
  predicted energy change: -2.6456E-03
  step size:     0.30045
  trust radius:  0.30000
---------------- geometry iteration   3 complete ----------------
geopt (optimize geometry) done.
onee (1-electron integrals) done.
probe (project orbitals) done.
grid (grid generation) done.
rwr (Q operators) done.
  
       i  u  d  i  g
       t  p  i  c  r                                 RMS    maximum
       e  d  i  u  i                       energy  density   DIIS  
       r  t  s  t  d       total energy    change  change    error 
  
etot    1  N  N  2  U   -1730.47613278928           4.7E-04  1.2E-02
etot    2  Y  Y  6  M   -1730.52674986613  5.1E-02  9.5E-05  1.5E-03
etot    3  N  Y  2  U   -1730.52570897487 -1.0E-03  6.7E-05  2.4E-03
etot    4  Y  Y  6  M   -1730.52679737515  1.1E-03  2.0E-05  5.6E-04
etot    5  N  Y  2  U   -1730.52688343265  8.6E-05  8.7E-06  3.7E-04
etot    6  N  Y  2  U   -1730.52690627282  2.3E-05  2.7E-06  7.6E-05
etot    7  N  N  2  U   -1730.52690731165  1.0E-06  0.0E+00  0.0E+00
scf (DFT) done.
der1a (1-e 1st deriv.) done.
rwr (1st deriv. Q) done.
der1b (2-e 1st deriv.) done.
  Geometry optimization step   4
  Total energy:     -1730.58349914370 hartrees
  energy change:          -1.6037E-03 .  (  5.0000E-05 )
  gradient maximum:        1.2022E-02 .  (  4.5000E-04 )
  gradient rms:            1.7776E-03 .  (  3.0000E-04 )
  displacement maximum:    1.3034E-01 .  (  1.8000E-03 )
  displacement rms:        1.8974E-02 .  (  1.2000E-03 )
  
  predicted energy change: -2.3438E-03
  step size:     0.30000
  trust radius:  0.30000
---------------- geometry iteration   4 complete ----------------
geopt (optimize geometry) done.
onee (1-electron integrals) done.
probe (project orbitals) done.
grid (grid generation) done.
rwr (Q operators) done.
  
       i  u  d  i  g
       t  p  i  c  r                                 RMS    maximum
       e  d  i  u  i                       energy  density   DIIS  
       r  t  s  t  d       total energy    change  change    error 
  
etot    1  N  N  2  U   -1730.48181477015           4.6E-04  1.1E-02
etot    2  Y  Y  6  M   -1730.52802554727  4.6E-02  7.4E-05  1.3E-03
etot    3  N  Y  2  U   -1730.52727989171 -7.5E-04  5.3E-05  1.9E-03
etot    4  Y  Y  6  M   -1730.52795252588  6.7E-04  1.6E-05  4.5E-04
etot    5  N  Y  2  U   -1730.52801658910  6.4E-05  6.8E-06  2.6E-04
etot    6  N  Y  2  U   -1730.52803015772  1.4E-05  2.5E-06  7.1E-05
etot    7  N  N  2  U   -1730.52803092959  7.7E-07  0.0E+00  0.0E+00
scf (DFT) done.
der1a (1-e 1st deriv.) done.
rwr (1st deriv. Q) done.
der1b (2-e 1st deriv.) done.
  Geometry optimization step   5
  Total energy:     -1730.58478979555 hartrees
  energy change:          -1.2907E-03 .  (  5.0000E-05 )
  gradient maximum:        1.1065E-02 .  (  4.5000E-04 )
  gradient rms:            1.6719E-03 .  (  3.0000E-04 )
  displacement maximum:    1.0672E-01 .  (  1.8000E-03 )
  displacement rms:        1.8977E-02 .  (  1.2000E-03 )
  
  predicted energy change: -1.9415E-03
  step size:     0.30005
  trust radius:  0.30000
---------------- geometry iteration   5 complete ----------------
geopt (optimize geometry) done.
onee (1-electron integrals) done.
probe (project orbitals) done.
grid (grid generation) done.
rwr (Q operators) done.
  
       i  u  d  i  g
       t  p  i  c  r                                 RMS    maximum
       e  d  i  u  i                       energy  density   DIIS  
       r  t  s  t  d       total energy    change  change    error 
  
etot    1  N  N  2  U   -1730.46926250817           8.5E-04  1.8E-02
etot    2  Y  Y  6  M   -1730.52914554870  6.0E-02  1.1E-04  1.1E-03
etot    3  N  Y  2  U   -1730.52762215458 -1.5E-03  7.8E-05  2.8E-03
etot    4  Y  Y  6  M   -1730.52915088878  1.5E-03  2.2E-05  8.7E-04
etot    5  N  Y  2  U   -1730.52925152510  1.0E-04  9.3E-06  3.5E-04
etot    6  N  Y  2  U   -1730.52927645537  2.5E-05  3.4E-06  1.5E-04
etot    7  N  N  2  U   -1730.52927813520  1.7E-06  0.0E+00  0.0E+00
scf (DFT) done.
der1a (1-e 1st deriv.) done.
rwr (1st deriv. Q) done.
der1b (2-e 1st deriv.) done.
  Geometry optimization step   6
  Total energy:     -1730.58691464920 hartrees
  energy change:          -2.1249E-03 .  (  5.0000E-05 )
  gradient maximum:        7.7093E-03 .  (  4.5000E-04 )
  gradient rms:            1.3942E-03 .  (  3.0000E-04 )
  displacement maximum:    1.2388E-01 .  (  1.8000E-03 )
  displacement rms:        1.8967E-02 .  (  1.2000E-03 )
  
  predicted energy change: -1.6653E-03
  step size:     0.29989
  trust radius:  0.30000
---------------- geometry iteration   6 complete ----------------
geopt (optimize geometry) done.
onee (1-electron integrals) done.
probe (project orbitals) done.
grid (grid generation) done.
rwr (Q operators) done.
  
       i  u  d  i  g
       t  p  i  c  r                                 RMS    maximum
       e  d  i  u  i                       energy  density   DIIS  
       r  t  s  t  d       total energy    change  change    error 
  
etot    1  N  N  2  U   -1730.46876752463           4.8E-04  1.6E-02
etot    2  Y  Y  6  M   -1730.52966464076  6.1E-02  9.7E-05  9.8E-04
etot    3  N  Y  2  U   -1730.52835254199 -1.3E-03  7.2E-05  2.4E-03
etot    4  Y  Y  6  M   -1730.52962564066  1.3E-03  2.3E-05  7.2E-04
etot    5  N  Y  2  U   -1730.52971685438  9.1E-05  9.2E-06  5.4E-04
etot    6  N  Y  2  U   -1730.52974300883  2.6E-05  3.1E-06  1.1E-04
etot    7  N  N  2  U   -1730.52974396628  9.6E-07  0.0E+00  0.0E+00
scf (DFT) done.
der1a (1-e 1st deriv.) done.
rwr (1st deriv. Q) done.
der1b (2-e 1st deriv.) done.
  Geometry optimization step   7
  Total energy:     -1730.58814330572 hartrees
  energy change:          -1.2287E-03 .  (  5.0000E-05 )
  gradient maximum:        6.5433E-03 .  (  4.5000E-04 )
  gradient rms:            1.1916E-03 .  (  3.0000E-04 )
  displacement maximum:    1.4986E-01 .  (  1.8000E-03 )
  displacement rms:        1.8960E-02 .  (  1.2000E-03 )
  
  predicted energy change: -9.8292E-04
  step size:     0.29978
  trust radius:  0.30000
---------------- geometry iteration   7 complete ----------------
geopt (optimize geometry) done.
onee (1-electron integrals) done.
probe (project orbitals) done.
grid (grid generation) done.
rwr (Q operators) done.
  
       i  u  d  i  g
       t  p  i  c  r                                 RMS    maximum
       e  d  i  u  i                       energy  density   DIIS  
       r  t  s  t  d       total energy    change  change    error 
  
etot    1  N  N  2  U   -1730.48090923491           4.3E-04  1.6E-02
etot    2  Y  Y  6  M   -1730.53008034747  4.9E-02  6.9E-05  9.7E-04
etot    3  N  Y  2  U   -1730.52932561527 -7.5E-04  5.4E-05  1.8E-03
etot    4  Y  Y  6  M   -1730.53002006742  6.9E-04  1.5E-05  5.6E-04
etot    5  N  Y  2  U   -1730.53008972818  7.0E-05  5.6E-06  3.2E-04
etot    6  N  Y  2  U   -1730.53009875273  9.0E-06  2.5E-06  6.6E-05
etot    7  N  N  2  U   -1730.53009933770  5.8E-07  0.0E+00  0.0E+00
scf (DFT) done.
der1a (1-e 1st deriv.) done.
rwr (1st deriv. Q) done.
der1b (2-e 1st deriv.) done.
  Geometry optimization step   8
  Total energy:     -1730.58871595548 hartrees
  energy change:          -5.7265E-04 .  (  5.0000E-05 )
  gradient maximum:        4.6015E-03 .  (  4.5000E-04 )
  gradient rms:            9.1873E-04 .  (  3.0000E-04 )
  displacement maximum:    1.4538E-01 .  (  1.8000E-03 )
  displacement rms:        1.8960E-02 .  (  1.2000E-03 )
  
  predicted energy change: -7.5734E-04
  step size:     0.29978
  trust radius:  0.30000
---------------- geometry iteration   8 complete ----------------
geopt (optimize geometry) done.
onee (1-electron integrals) done.
probe (project orbitals) done.
grid (grid generation) done.
rwr (Q operators) done.
  
       i  u  d  i  g
       t  p  i  c  r                                 RMS    maximum
       e  d  i  u  i                       energy  density   DIIS  
       r  t  s  t  d       total energy    change  change    error 
  
etot    1  N  N  2  U   -1730.48116789952           4.3E-04  1.8E-02
etot    2  Y  Y  6  M   -1730.53011038460  4.9E-02  6.4E-05  1.3E-03
etot    3  N  Y  2  U   -1730.52966452375 -4.5E-04  5.0E-05  1.7E-03
etot    4  N  Y  2  U   -1730.53018555306  5.2E-04  1.6E-05  7.1E-04
etot    5  N  Y  2  U   -1730.53025248095  6.7E-05  4.6E-06  1.5E-04
etot    6  N  N  2  U   -1730.53025748628  5.0E-06  0.0E+00  0.0E+00
scf (DFT) done.
der1a (1-e 1st deriv.) done.
rwr (1st deriv. Q) done.
der1b (2-e 1st deriv.) done.
  Geometry optimization step   9
  Total energy:     -1730.58879426426 hartrees
  energy change:          -7.8309E-05 .  (  5.0000E-05 )
  gradient maximum:        6.8025E-03 .  (  4.5000E-04 )
  gradient rms:            1.0881E-03 .  (  3.0000E-04 )
  displacement maximum:    8.6941E-02 .  (  1.8000E-03 )
  displacement rms:        1.4486E-02 .  (  1.2000E-03 )
  
  predicted energy change: -6.9597E-04
  step size:     0.22905
  trust radius:  0.30000
---------------- geometry iteration   9 complete ----------------
geopt (optimize geometry) done.
onee (1-electron integrals) done.
probe (project orbitals) done.
grid (grid generation) done.
rwr (Q operators) done.
  
       i  u  d  i  g
       t  p  i  c  r                                 RMS    maximum
       e  d  i  u  i                       energy  density   DIIS  
       r  t  s  t  d       total energy    change  change    error 
  
etot    1  N  N  2  U   -1730.50501729583           3.2E-04  1.1E-02
etot    2  Y  Y  6  M   -1730.52915114463  2.4E-02  8.4E-05  9.9E-04
etot    3  N  Y  2  U   -1730.52833694766 -8.1E-04  6.3E-05  1.9E-03
etot    4  Y  Y  6  M   -1730.52921749478  8.8E-04  1.4E-05  4.0E-04
etot    5  N  Y  2  U   -1730.52927411469  5.7E-05  4.9E-06  2.0E-04
etot    6  N  N  2  U   -1730.52928079019  6.7E-06  0.0E+00  0.0E+00
scf (DFT) done.
der1a (1-e 1st deriv.) done.
rwr (1st deriv. Q) done.
der1b (2-e 1st deriv.) done.
  Geometry optimization step  10
  Total energy:     -1730.58849670122 hartrees
  energy change:           2.9756E-04 .  (  5.0000E-05 )
  gradient maximum:        7.0553E-03 .  (  4.5000E-04 )
  gradient rms:            1.3515E-03 .  (  3.0000E-04 )
  displacement maximum:    9.5451E-02 .  (  1.8000E-03 )
  displacement rms:        1.6525E-02 .  (  1.2000E-03 )
  
  predicted energy change: -1.0124E-03
  step size:     0.26129
  trust radius:  0.30000
---------------- geometry iteration  10 complete ----------------
geopt (optimize geometry) done.
onee (1-electron integrals) done.
probe (project orbitals) done.
grid (grid generation) done.
rwr (Q operators) done.
  
       i  u  d  i  g
       t  p  i  c  r                                 RMS    maximum
       e  d  i  u  i                       energy  density   DIIS  
       r  t  s  t  d       total energy    change  change    error 
  
etot    1  N  N  2  U   -1730.48776098607           3.9E-04  1.4E-02
etot    2  Y  Y  6  M   -1730.53038901201  4.3E-02  7.0E-05  8.9E-04
etot    3  N  Y  2  U   -1730.52992062061 -4.7E-04  5.0E-05  1.9E-03
etot    4  Y  Y  6  M   -1730.53057441455  6.5E-04  1.4E-05  3.4E-04
etot    5  N  Y  2  U   -1730.53058848337  1.4E-05  6.0E-06  2.5E-04
etot    6  N  Y  2  U   -1730.53059790884  9.4E-06  2.2E-06  7.7E-05
etot    7  N  N  2  U   -1730.53059813889  2.3E-07  0.0E+00  0.0E+00
scf (DFT) done.
der1a (1-e 1st deriv.) done.
rwr (1st deriv. Q) done.
der1b (2-e 1st deriv.) done.
  Geometry optimization step  11
  Total energy:     -1730.58893910021 hartrees
  energy change:          -4.4240E-04 .  (  5.0000E-05 )
  gradient maximum:        4.6821E-03 .  (  4.5000E-04 )
  gradient rms:            6.2396E-04 .  (  3.0000E-04 )
  displacement maximum:    9.7565E-02 .  (  1.8000E-03 )
  displacement rms:        1.1852E-02 .  (  1.2000E-03 )
  
  predicted energy change: -5.0075E-04
  step size:     0.18739
  trust radius:  0.30000
---------------- geometry iteration  11 complete ----------------
geopt (optimize geometry) done.
onee (1-electron integrals) done.
probe (project orbitals) done.
grid (grid generation) done.
rwr (Q operators) done.
  
       i  u  d  i  g
       t  p  i  c  r                                 RMS    maximum
       e  d  i  u  i                       energy  density   DIIS  
       r  t  s  t  d       total energy    change  change    error 
  
etot    1  N  N  2  U   -1730.52000925605           1.9E-04  5.5E-03
etot    2  Y  Y  6  M   -1730.53037386928  1.0E-02  3.3E-05  2.8E-04
etot    3  N  Y  2  U   -1730.53023583878 -1.4E-04  2.6E-05  7.1E-04
etot    4  N  Y  2  U   -1730.53038687735  1.5E-04  7.5E-06  2.4E-04
etot    5  N  Y  2  U   -1730.53039655969  9.7E-06  3.2E-06  1.6E-04
etot    6  N  N  2  U   -1730.53039930804  2.7E-06  0.0E+00  0.0E+00
scf (DFT) done.
der1a (1-e 1st deriv.) done.
rwr (1st deriv. Q) done.
der1b (2-e 1st deriv.) done.
  Geometry optimization step  12
  Total energy:     -1730.58900229871 hartrees
  energy change:          -6.3199E-05 .  (  5.0000E-05 )
  gradient maximum:        4.3768E-03 .  (  4.5000E-04 )
  gradient rms:            8.0130E-04 .  (  3.0000E-04 )
  displacement maximum:    9.8488E-02 .  (  1.8000E-03 )
  displacement rms:        1.3224E-02 .  (  1.2000E-03 )
  
  predicted energy change: -4.7947E-04
  step size:     0.20909
  trust radius:  0.30000
---------------- geometry iteration  12 complete ----------------
geopt (optimize geometry) done.
onee (1-electron integrals) done.
probe (project orbitals) done.
grid (grid generation) done.
rwr (Q operators) done.
  
       i  u  d  i  g
       t  p  i  c  r                                 RMS    maximum
       e  d  i  u  i                       energy  density   DIIS  
       r  t  s  t  d       total energy    change  change    error 
  
etot    1  N  N  2  U   -1730.50981568052           2.7E-04  6.0E-03
etot    2  Y  Y  6  M   -1730.52985593874  2.0E-02  5.3E-05  8.6E-04
etot    3  N  Y  2  U   -1730.52951701309 -3.4E-04  3.9E-05  1.5E-03
etot    4  N  Y  2  U   -1730.52987171236  3.5E-04  1.1E-05  3.2E-04
etot    5  N  Y  2  U   -1730.52988928356  1.8E-05  5.1E-06  1.4E-04
etot    6  N  Y  2  U   -1730.52989706337  7.8E-06  1.3E-06  2.8E-05
etot    7  N  N  2  U   -1730.52989716798  1.0E-07  0.0E+00  0.0E+00
scf (DFT) done.
der1a (1-e 1st deriv.) done.
rwr (1st deriv. Q) done.
der1b (2-e 1st deriv.) done.
  Geometry optimization step  13
  Total energy:     -1730.58867001454 hartrees
  energy change:           3.3228E-04 .  (  5.0000E-05 )
  gradient maximum:        6.1237E-03 .  (  4.5000E-04 )
  gradient rms:            9.7178E-04 .  (  3.0000E-04 )
  displacement maximum:    6.6075E-02 .  (  1.8000E-03 )
  displacement rms:        1.0704E-02 .  (  1.2000E-03 )
  
  predicted energy change: -4.7631E-04
  step size:     0.16924
  trust radius:  0.30000
---------------- geometry iteration  13 complete ----------------
geopt (optimize geometry) done.
onee (1-electron integrals) done.
probe (project orbitals) done.
grid (grid generation) done.
rwr (Q operators) done.
  
       i  u  d  i  g
       t  p  i  c  r                                 RMS    maximum
       e  d  i  u  i                       energy  density   DIIS  
       r  t  s  t  d       total energy    change  change    error 
  
etot    1  N  N  2  U   -1730.51577256290           2.3E-04  8.6E-03
etot    2  Y  Y  6  M   -1730.53020990340  1.4E-02  4.0E-05  4.3E-04
etot    3  N  Y  2  U   -1730.53003361416 -1.8E-04  3.1E-05  1.3E-03
etot    4  N  Y  2  U   -1730.53026001897  2.3E-04  9.8E-06  4.3E-04
etot    5  N  Y  2  U   -1730.53028083101  2.1E-05  3.6E-06  1.3E-04
etot    6  N  N  2  U   -1730.53028417240  3.3E-06  0.0E+00  0.0E+00
scf (DFT) done.
der1a (1-e 1st deriv.) done.
rwr (1st deriv. Q) done.
der1b (2-e 1st deriv.) done.
  Geometry optimization step  14
  Total energy:     -1730.58914388544 hartrees
  energy change:          -4.7387E-04 .  (  5.0000E-05 )
  gradient maximum:        1.9501E-03 .  (  4.5000E-04 )
  gradient rms:            2.9856E-04 *  (  3.0000E-04 )
  displacement maximum:    2.7001E-02 .  (  1.8000E-03 )
  displacement rms:        5.2081E-03 .  (  1.2000E-03 )
  
  predicted energy change: -7.7169E-05
  step size:     0.08235
  trust radius:  0.30000
---------------- geometry iteration  14 complete ----------------
geopt (optimize geometry) done.
onee (1-electron integrals) done.
probe (project orbitals) done.
grid (grid generation) done.
rwr (Q operators) done.
  
       i  u  d  i  g
       t  p  i  c  r                                 RMS    maximum
       e  d  i  u  i                       energy  density   DIIS  
       r  t  s  t  d       total energy    change  change    error 
  
etot    1  N  N  2  U   -1730.52766018908           1.0E-04  4.4E-03
etot    2  Y  Y  6  M   -1730.53033104748  2.7E-03  2.0E-05  2.8E-04
etot    3  N  Y  2  U   -1730.53030263709 -2.8E-05  1.6E-05  4.4E-04
etot    4  N  Y  2  U   -1730.53035871667  5.6E-05  4.8E-06  1.5E-04
etot    5  N  N  2  U   -1730.53036463393  5.9E-06  0.0E+00  0.0E+00
scf (DFT) done.
der1a (1-e 1st deriv.) done.
rwr (1st deriv. Q) done.
der1b (2-e 1st deriv.) done.
  Geometry optimization step  15
  Total energy:     -1730.58920961153 hartrees
  energy change:          -6.5726E-05 .  (  5.0000E-05 )
  gradient maximum:        8.3320E-04 .  (  4.5000E-04 )
  gradient rms:            1.7817E-04 *  (  3.0000E-04 )
  displacement maximum:    1.5519E-02 .  (  1.8000E-03 )
  displacement rms:        3.1745E-03 .  (  1.2000E-03 )
  
  predicted energy change: -2.5297E-05
  step size:     0.05019
  trust radius:  0.30000
---------------- geometry iteration  15 complete ----------------
geopt (optimize geometry) done.
onee (1-electron integrals) done.
probe (project orbitals) done.
grid (grid generation) done.
rwr (Q operators) done.
  
       i  u  d  i  g
       t  p  i  c  r                                 RMS    maximum
       e  d  i  u  i                       energy  density   DIIS  
       r  t  s  t  d       total energy    change  change    error 
  
etot    1  N  N  2  U   -1730.52931342562           6.5E-05  1.8E-03
etot    2  Y  Y  6  M   -1730.53041860460  1.1E-03  1.4E-05  1.2E-04
etot    3  N  Y  2  U   -1730.53038562126 -3.3E-05  1.2E-05  4.0E-04
etot    4  N  Y  2  U   -1730.53042129414  3.6E-05  3.5E-06  1.4E-04
etot    5  N  N  2  U   -1730.53042398660  2.7E-06  0.0E+00  0.0E+00
scf (DFT) done.
der1a (1-e 1st deriv.) done.
rwr (1st deriv. Q) done.
der1b (2-e 1st deriv.) done.
  Geometry optimization step  16
  Total energy:     -1730.58917584218 hartrees
  energy change:           3.3769E-05 *  (  5.0000E-05 )
  gradient maximum:        4.9786E-04 .  (  4.5000E-04 )
  gradient rms:            1.1638E-04 *  (  3.0000E-04 )
  displacement maximum:    1.1067E-02 .  (  1.8000E-03 )
  displacement rms:        2.1656E-03 .  (  1.2000E-03 )
  
  predicted energy change: -1.1117E-05
  step size:     0.03424
  trust radius:  0.30000
---------------- geometry iteration  16 complete ----------------
geopt (optimize geometry) done.
onee (1-electron integrals) done.
probe (project orbitals) done.
grid (grid generation) done.
rwr (Q operators) done.
  
       i  u  d  i  g
       t  p  i  c  r                                 RMS    maximum
       e  d  i  u  i                       energy  density   DIIS  
       r  t  s  t  d       total energy    change  change    error 
  
etot    1  N  N  2  U   -1730.53004185954           3.5E-05  8.0E-04
etot    2  N  Y  2  U   -1730.53035002575  3.1E-04  1.4E-05  1.7E-04
etot    3  N  Y  2  U   -1730.53031206707 -3.8E-05  1.1E-05  5.3E-04
etot    4  N  Y  2  U   -1730.53035532163  4.3E-05  1.7E-06  5.7E-05
etot    5  N  N  2  U   -1730.53035589199  5.7E-07  0.0E+00  0.0E+00
scf (DFT) done.
der1a (1-e 1st deriv.) done.
rwr (1st deriv. Q) done.
der1b (2-e 1st deriv.) done.
  Geometry optimization step  17
  Total energy:     -1730.58918292421 hartrees
  energy change:          -7.0820E-06 *  (  5.0000E-05 )
  gradient maximum:        5.1682E-04 .  (  4.5000E-04 )
  gradient rms:            9.5198E-05 *  (  3.0000E-04 )
  displacement maximum:    1.3240E-02 .  (  1.8000E-03 )
  displacement rms:        1.9061E-03 .  (  1.2000E-03 )
  
  predicted energy change: -6.2870E-06
  step size:     0.03014
  trust radius:  0.30000
---------------- geometry iteration  17 complete ----------------
geopt (optimize geometry) done.
onee (1-electron integrals) done.
probe (project orbitals) done.
grid (grid generation) done.
rwr (Q operators) done.
  
       i  u  d  i  g
       t  p  i  c  r                                 RMS    maximum
       e  d  i  u  i                       energy  density   DIIS  
       r  t  s  t  d       total energy    change  change    error 
  
etot    1  N  N  2  U   -1730.53014837622           2.6E-05  6.1E-04
etot    2  N  Y  2  U   -1730.53032175107  1.7E-04  5.5E-06  8.1E-05
etot    3  N  Y  2  U   -1730.53031851167 -3.2E-06  4.5E-06  1.8E-04
etot    4  N  N  2  U   -1730.53032254894  4.0E-06  0.0E+00  0.0E+00
scf (DFT) done.
der1a (1-e 1st deriv.) done.
rwr (1st deriv. Q) done.
der1b (2-e 1st deriv.) done.
  Geometry optimization step  18
  Total energy:     -1730.58917664741 hartrees
  energy change:           6.2768E-06 *  (  5.0000E-05 )
  gradient maximum:        2.7254E-04 *  (  4.5000E-04 )
  gradient rms:            7.0797E-05 *  (  3.0000E-04 )
  displacement maximum:    2.5152E-02 .  (  1.8000E-03 )
  displacement rms:        4.0029E-03 .  (  1.2000E-03 )
  
  predicted energy change: -7.6650E-06
  step size:     0.06329
  trust radius:  0.30000
---------------- geometry iteration  18 complete ----------------
geopt (optimize geometry) done.
onee (1-electron integrals) done.
probe (project orbitals) done.
grid (grid generation) done.
rwr (Q operators) done.
  
       i  u  d  i  g
       t  p  i  c  r                                 RMS    maximum
       e  d  i  u  i                       energy  density   DIIS  
       r  t  s  t  d       total energy    change  change    error 
  
etot    1  N  N  2  U   -1730.52924865677           6.2E-05  1.4E-03
etot    2  Y  Y  6  M   -1730.53030160125  1.1E-03  2.4E-05  3.1E-04
etot    3  N  Y  2  U   -1730.53018032054 -1.2E-04  1.9E-05  9.6E-04
etot    4  N  Y  2  U   -1730.53031009378  1.3E-04  3.1E-06  1.0E-04
etot    5  N  N  2  U   -1730.53031169389  1.6E-06  0.0E+00  0.0E+00
scf (DFT) done.
der1a (1-e 1st deriv.) done.
rwr (1st deriv. Q) done.
der1b (2-e 1st deriv.) done.
  Geometry optimization step  19
  Total energy:     -1730.58919580366 hartrees
  energy change:          -1.9156E-05 *  (  5.0000E-05 )
  gradient maximum:        3.7650E-04 *  (  4.5000E-04 )
  gradient rms:            9.0439E-05 *  (  3.0000E-04 )
  displacement maximum:    1.4079E-02 .  (  1.8000E-03 )
  displacement rms:        2.0807E-03 .  (  1.2000E-03 )
  
  predicted energy change: -4.0878E-06
  step size:     0.03290
  trust radius:  0.30000
---------------- geometry iteration  19 complete ----------------
geopt (optimize geometry) done.
onee (1-electron integrals) done.
probe (project orbitals) done.
grid (grid generation) done.
rwr (Q operators) done.
  
       i  u  d  i  g
       t  p  i  c  r                                 RMS    maximum
       e  d  i  u  i                       energy  density   DIIS  
       r  t  s  t  d       total energy    change  change    error 
  
etot    1  N  N  2  U   -1730.53003933204           3.3E-05  8.0E-04
etot    2  N  Y  2  U   -1730.53033800758  3.0E-04  8.7E-06  1.4E-04
etot    3  N  Y  2  U   -1730.53032403911 -1.4E-05  7.1E-06  4.1E-04
etot    4  N  Y  2  U   -1730.53034057257  1.7E-05  1.7E-06  6.9E-05
etot    5  N  N  2  U   -1730.53034076472  1.9E-07  0.0E+00  0.0E+00
scf (DFT) done.
der1a (1-e 1st deriv.) done.
rwr (1st deriv. Q) done.
der1b (2-e 1st deriv.) done.
  Geometry optimization step  20
  Total energy:     -1730.58920815159 hartrees
  energy change:          -1.2348E-05 *  (  5.0000E-05 )
  gradient maximum:        4.1849E-04 *  (  4.5000E-04 )
  gradient rms:            6.7549E-05 *  (  3.0000E-04 )
  displacement maximum:    3.5083E-02 .  (  1.8000E-03 )
  displacement rms:        5.4167E-03 .  (  1.2000E-03 )
  
  predicted energy change: -6.0152E-06
  step size:     0.08565
  trust radius:  0.30000
---------------- geometry iteration  20 complete ----------------
geopt (optimize geometry) done.
onee (1-electron integrals) done.
probe (project orbitals) done.
grid (grid generation) done.
rwr (Q operators) done.
  
       i  u  d  i  g
       t  p  i  c  r                                 RMS    maximum
       e  d  i  u  i                       energy  density   DIIS  
       r  t  s  t  d       total energy    change  change    error 
  
etot    1  N  N  2  U   -1730.52846707381           8.1E-05  1.9E-03
etot    2  Y  Y  6  M   -1730.53038525908  1.9E-03  1.8E-05  2.5E-04
etot    3  N  Y  2  U   -1730.53033651360 -4.9E-05  1.2E-05  5.3E-04
etot    4  N  Y  2  U   -1730.53037961845  4.3E-05  3.5E-06  1.1E-04
etot    5  N  N  2  U   -1730.53038068943  1.1E-06  0.0E+00  0.0E+00
scf (DFT) done.
der1a (1-e 1st deriv.) done.
rwr (1st deriv. Q) done.
der1b (2-e 1st deriv.) done.
  Geometry optimization step  21
  Total energy:     -1730.58922997918 hartrees
  energy change:          -2.1828E-05 *  (  5.0000E-05 )
  gradient maximum:        5.1113E-04 .  (  4.5000E-04 )
  gradient rms:            9.9941E-05 *  (  3.0000E-04 )
  displacement maximum:    4.8871E-03 .  (  1.8000E-03 )
  displacement rms:        8.2059E-04 *  (  1.2000E-03 )
  
  predicted energy change: -3.7794E-06
  step size:     0.01297
  trust radius:  0.30000
---------------- geometry iteration  21 complete ----------------
geopt (optimize geometry) done.
onee (1-electron integrals) done.
probe (project orbitals) done.
grid (grid generation) done.
rwr (Q operators) done.
  
       i  u  d  i  g
       t  p  i  c  r                                 RMS    maximum
       e  d  i  u  i                       energy  density   DIIS  
       r  t  s  t  d       total energy    change  change    error 
  
etot    1  N  N  2  U   -1730.53023761433           2.2E-05  5.8E-04
etot    2  N  Y  2  U   -1730.53031107534  7.3E-05  1.6E-05  2.7E-04
etot    3  N  Y  2  U   -1730.53026426024 -4.7E-05  1.2E-05  6.4E-04
etot    4  N  Y  2  U   -1730.53032153196  5.7E-05  1.2E-06  3.9E-05
etot    5  N  N  2  U   -1730.53032188813  3.6E-07  0.0E+00  0.0E+00
scf (DFT) done.
der1a (1-e 1st deriv.) done.
rwr (1st deriv. Q) done.
der1b (2-e 1st deriv.) done.
  Geometry optimization step  22
  Total energy:     -1730.58921041879 hartrees
  energy change:           1.9560E-05 *  (  5.0000E-05 )
  gradient maximum:        2.2957E-04 *  (  4.5000E-04 )
  gradient rms:            4.6820E-05 #  (  3.0000E-04 )
  displacement maximum:    4.5179E-03 .  (  1.8000E-03 )
  displacement rms:        8.9125E-04 *  (  1.2000E-03 )
  
  predicted energy change: -1.3201E-06
  step size:     0.01409
  trust radius:  0.30000
------------- final geometry iteration  22 complete -------------
geopt (optimize geometry) done.
cutabab2 (abab integrals) done.
der2a (1-e JK-1st deriv.) done.
der2b (2-e JK-1st deriv.) done.
der2nda (1-e 2nd deriv.) done.
der2ndb (2-e 2nd deriv.) done.
rwr (Q operators) done.
cphfa (gradient of wave function) done.
freq (vib. frequencies) done.
Job J1_10411_2111 completed on hpc-93-32.cm.cluster at Wed May 29 07:14:49 2024
Timer (jaguar_backend.py) : 3812.51 secs (1 hrs, 03 mins, 32 secs)
Finished:   Wed May 29 07:14:49 2024
