Command:  /groups/wag/programs/Schrodinger_2020_3/jaguar run -WAIT -PARALLEL 8 /central/home/labounad/wittig-ch121/out/J1_10262_2111/J1_10262_2111.in
Release:  2020-3
Exec:     /groups/wag/programs/Schrodinger_2020_3/jaguar-v10.9/bin/Linux-x86_64
Host:     hpc-90-22.cm.cluster
JobId:    hpc-90-22-0-66576d73
JobDir:   /central/scratch/labounad/J1_10262_2111#hpc-90-22-0-66576d73
Date:     Wed May 29 11:01:26 2024

Contents of /central/scratch/labounad/J1_10262_2111#hpc-90-22-0-66576d73:
/central/scratch/labounad/J1_10262_2111#hpc-90-22-0-66576d73/.write_dir.json
/central/scratch/labounad/J1_10262_2111#hpc-90-22-0-66576d73/hpc-90-22-0-66576d73.mpinodes
/central/scratch/labounad/J1_10262_2111#hpc-90-22-0-66576d73/hpc-90-22-0-66576d73.recover
/central/scratch/labounad/J1_10262_2111#hpc-90-22-0-66576d73/hpc-90-22-0-66576d73.nodes
/central/scratch/labounad/J1_10262_2111#hpc-90-22-0-66576d73/J1_10262_2111.in
/central/scratch/labounad/J1_10262_2111#hpc-90-22-0-66576d73/hpc-90-22-0-66576d73
/central/scratch/labounad/J1_10262_2111#hpc-90-22-0-66576d73/J1_10262_2111.log
/central/scratch/labounad/J1_10262_2111#hpc-90-22-0-66576d73/J1_10262_2111.recover

Executing subprocess:
/groups/wag/programs/Schrodinger_2020_3/jaguar-v10.9/bin/Linux-x86_64/jexec J1_10262_2111.in -T 8 -out /central/scratch/labounad/J1_10262_2111#hpc-90-22-0-66576d73 -cwd

Job J1_10262_2111 started on hpc-90-22.cm.cluster at Wed May 29 11:01:26 2024
jobid: hpc-90-22-0-66576d73 
Jaguar version 10.9, release 139
 Using up to   8 threads per process
Molecular Point Group: C1      
Point Group used: C1
pre (input checking) done.
onee (1-electron integrals) done.
hfig (HF initial guess) done.
probe (project orbitals) done.
grid (grid generation) done.
rwr (Q operators) done.
scf type: DFT=PBE(X+LC)+PW91 (PBE-D3)
  
       i  u  d  i  g
       t  p  i  c  r                                 RMS    maximum
       e  d  i  u  i                       energy  density   DIIS  
       r  t  s  t  d       total energy    change  change    error 
  
etot    1  N  N  5  M   -1963.84601018029           7.4E-03  2.2E-01
etot    2  Y  Y  6  M   -1942.70459661567 -2.1E+01  1.0E-02  4.3E-01
etot    3  Y  Y  6  M   -1940.47009671775 -2.2E+00  1.0E-02  4.1E-01
etot    4  N  Y  2  U   -1948.58444667988  8.1E+00  1.0E-02  2.0E-01
etot    5  Y  Y  6  M   -1950.87186647807  2.3E+00  8.0E-03  1.5E-01
etot    6  N  Y  2  U   -1962.14210533153  1.1E+01  3.7E-03  1.2E-01
etot    7  Y  Y  6  M   -1968.44844295699  6.3E+00  1.9E-03  5.8E-02
etot    8  N  Y  2  U   -1968.56927194887  1.2E-01  1.5E-03  1.5E-01
etot    9  Y  Y  6  M   -1968.67765605426  1.1E-01  9.4E-04  1.9E-01
etot   10  N  Y  2  U   -1969.01161616181  3.3E-01  4.3E-04  5.6E-02
etot   11  Y  Y  6  M   -1969.05963167926  4.8E-02  2.2E-04  1.2E-02
etot   12  N  Y  2  U   -1969.06982823698  1.0E-02  7.9E-05  4.0E-03
etot   13  Y  Y  6  M   -1969.07190766514  2.1E-03  3.5E-05  1.5E-03
etot   14  N  Y  2  U   -1969.07231443194  4.1E-04  1.6E-05  1.4E-03
etot   15  N  Y  2  U   -1969.07233699507  2.3E-05  1.0E-05  4.6E-04
etot   16  N  Y  2  U   -1969.07235930981  2.2E-05  4.8E-06  1.8E-04
etot   17  N  N  2  U   -1969.07236286012  3.6E-06  0.0E+00  0.0E+00
scf (DFT) done.
der1a (1-e 1st deriv.) done.
rwr (1st deriv. Q) done.
der1b (2-e 1st deriv.) done.
  Geometry optimization step   1
  Total energy:     -1969.12927886480 hartrees
  gradient maximum:        9.1313E-02 .  (  4.5000E-04 )
  gradient rms:            1.0251E-02 .  (  3.0000E-04 )
  displacement maximum:    1.5298E-01 .  (  1.8000E-03 )
  displacement rms:        1.9415E-02 .  (  1.2000E-03 )
  
  predicted energy change: -3.1684E-02
  step size:     0.30015
  trust radius:  0.30000
---------------- geometry iteration   1 complete ----------------
geopt (optimize geometry) done.
onee (1-electron integrals) done.
probe (project orbitals) done.
grid (grid generation) done.
rwr (Q operators) done.
  
       i  u  d  i  g
       t  p  i  c  r                                 RMS    maximum
       e  d  i  u  i                       energy  density   DIIS  
       r  t  s  t  d       total energy    change  change    error 
  
etot    1  N  N  2  U   -1969.09087377351           7.5E-04  1.5E-02
etot    2  Y  Y  6  M   -1969.10463121161  1.4E-02  1.6E-04  7.5E-03
etot    3  N  Y  2  U   -1969.09624770681 -8.4E-03  1.4E-04  3.3E-02
etot    4  N  Y  2  U   -1969.10471407800  8.5E-03  4.5E-05  1.0E-02
etot    5  N  Y  2  U   -1969.10564873127  9.3E-04  1.3E-05  8.4E-04
etot    6  N  Y  2  U   -1969.10569533182  4.7E-05  4.8E-06  4.5E-04
etot    7  N  N  2  U   -1969.10570351563  8.2E-06  0.0E+00  0.0E+00
scf (DFT) done.
der1a (1-e 1st deriv.) done.
rwr (1st deriv. Q) done.
der1b (2-e 1st deriv.) done.
  Geometry optimization step   2
  Total energy:     -1969.16148882629 hartrees
  energy change:          -3.2210E-02 .  (  5.0000E-05 )
  gradient maximum:        4.5492E-02 .  (  4.5000E-04 )
  gradient rms:            4.2479E-03 .  (  3.0000E-04 )
  displacement maximum:    1.3507E-01 .  (  1.8000E-03 )
  displacement rms:        1.9408E-02 .  (  1.2000E-03 )
  
  predicted energy change: -9.3395E-03
  step size:     0.30003
  trust radius:  0.30000
---------------- geometry iteration   2 complete ----------------
geopt (optimize geometry) done.
onee (1-electron integrals) done.
probe (project orbitals) done.
grid (grid generation) done.
rwr (Q operators) done.
  
       i  u  d  i  g
       t  p  i  c  r                                 RMS    maximum
       e  d  i  u  i                       energy  density   DIIS  
       r  t  s  t  d       total energy    change  change    error 
  
etot    1  N  N  2  U   -1969.09194798852           3.3E-04  1.0E-02
etot    2  Y  Y  6  M   -1969.11241613132  2.0E-02  1.8E-04  9.2E-03
etot    3  N  Y  2  U   -1969.10133042493 -1.1E-02  1.5E-04  3.8E-02
etot    4  N  Y  2  U   -1969.11303116691  1.2E-02  3.5E-05  7.4E-03
etot    5  N  Y  2  U   -1969.11351729682  4.9E-04  1.5E-05  6.6E-04
etot    6  N  Y  2  U   -1969.11356646789  4.9E-05  6.6E-06  6.0E-04
etot    7  N  Y  2  U   -1969.11357883711  1.2E-05  2.4E-06  9.2E-05
etot    8  N  N  2  U   -1969.11357956848  7.3E-07  0.0E+00  0.0E+00
scf (DFT) done.
der1a (1-e 1st deriv.) done.
rwr (1st deriv. Q) done.
der1b (2-e 1st deriv.) done.
  Geometry optimization step   3
  Total energy:     -1969.16946921337 hartrees
  energy change:          -7.9804E-03 .  (  5.0000E-05 )
  gradient maximum:        2.6229E-02 .  (  4.5000E-04 )
  gradient rms:            2.1498E-03 .  (  3.0000E-04 )
  displacement maximum:    1.4704E-01 .  (  1.8000E-03 )
  displacement rms:        1.9434E-02 .  (  1.2000E-03 )
  
  predicted energy change: -2.0588E-03
  step size:     0.30044
  trust radius:  0.30000
---------------- geometry iteration   3 complete ----------------
geopt (optimize geometry) done.
onee (1-electron integrals) done.
probe (project orbitals) done.
grid (grid generation) done.
rwr (Q operators) done.
  
       i  u  d  i  g
       t  p  i  c  r                                 RMS    maximum
       e  d  i  u  i                       energy  density   DIIS  
       r  t  s  t  d       total energy    change  change    error 
  
etot    1  N  N  2  U   -1969.08020851620           3.7E-04  1.5E-02
etot    2  Y  Y  6  M   -1969.11480104441  3.5E-02  7.1E-05  1.4E-03
etot    3  N  Y  2  U   -1969.11388775921 -9.1E-04  5.5E-05  3.0E-03
etot    4  Y  Y  6  M   -1969.11477890510  8.9E-04  2.0E-05  9.7E-04
etot    5  N  Y  2  U   -1969.11477206470 -6.8E-06  7.5E-06  9.5E-04
etot    6  N  Y  2  U   -1969.11479061743  1.9E-05  3.0E-06  6.0E-04
etot    7  N  N  2  U   -1969.11479347438  2.9E-06  0.0E+00  0.0E+00
scf (DFT) done.
der1a (1-e 1st deriv.) done.
rwr (1st deriv. Q) done.
der1b (2-e 1st deriv.) done.
  Geometry optimization step   4
  Total energy:     -1969.17056547739 hartrees
  energy change:          -1.0963E-03 .  (  5.0000E-05 )
  gradient maximum:        1.1417E-02 .  (  4.5000E-04 )
  gradient rms:            1.3945E-03 .  (  3.0000E-04 )
  displacement maximum:    1.4994E-01 .  (  1.8000E-03 )
  displacement rms:        1.9431E-02 .  (  1.2000E-03 )
  
  predicted energy change: -1.1229E-03
  step size:     0.30040
  trust radius:  0.30000
---------------- geometry iteration   4 complete ----------------
geopt (optimize geometry) done.
onee (1-electron integrals) done.
probe (project orbitals) done.
grid (grid generation) done.
rwr (Q operators) done.
  
       i  u  d  i  g
       t  p  i  c  r                                 RMS    maximum
       e  d  i  u  i                       energy  density   DIIS  
       r  t  s  t  d       total energy    change  change    error 
  
etot    1  N  N  2  U   -1969.07146299205           4.3E-04  1.3E-02
etot    2  Y  Y  6  M   -1969.11363670665  4.2E-02  6.9E-05  1.4E-03
etot    3  N  Y  2  U   -1969.11304680202 -5.9E-04  5.5E-05  2.2E-03
etot    4  Y  Y  6  M   -1969.11366600381  6.2E-04  2.1E-05  2.7E-03
etot    5  N  Y  2  U   -1969.11370618177  4.0E-05  9.1E-06  2.2E-03
etot    6  N  Y  2  U   -1969.11374646049  4.0E-05  3.0E-06  3.5E-04
etot    7  N  N  2  U   -1969.11374839321  1.9E-06  0.0E+00  0.0E+00
scf (DFT) done.
der1a (1-e 1st deriv.) done.
rwr (1st deriv. Q) done.
der1b (2-e 1st deriv.) done.
  Geometry optimization step   5
  Total energy:     -1969.16975440565 hartrees
  ** restarting optimization from step    4 **
  energy change:           8.1107E-04 .  (  5.0000E-05 )
  gradient maximum:        1.1417E-02 .  (  4.5000E-04 )
  gradient rms:            1.3945E-03 .  (  3.0000E-04 )
  displacement maximum:    1.1732E-01 .  (  1.8000E-03 )
  displacement rms:        1.9465E-02 .  (  1.2000E-03 )
  
  predicted energy change: -1.2236E-03
  step size:     0.30092
  trust radius:  0.30000
---------------- geometry iteration   5 complete ----------------
geopt (optimize geometry) done.
onee (1-electron integrals) done.
probe (project orbitals) done.
grid (grid generation) done.
rwr (Q operators) done.
  
       i  u  d  i  g
       t  p  i  c  r                                 RMS    maximum
       e  d  i  u  i                       energy  density   DIIS  
       r  t  s  t  d       total energy    change  change    error 
  
etot    1  N  N  2  U   -1969.03667560819           5.5E-04  2.0E-02
etot    2  Y  Y  6  M   -1969.11513259800  7.8E-02  7.2E-05  2.0E-03
etot    3  N  Y  2  U   -1969.11460279568 -5.3E-04  5.7E-05  1.7E-03
etot    4  Y  Y  6  M   -1969.11502129659  4.2E-04  2.4E-05  1.1E-03
etot    5  N  Y  2  U   -1969.11530843620  2.9E-04  7.7E-06  7.5E-04
etot    6  N  Y  2  U   -1969.11532390068  1.5E-05  3.5E-06  5.4E-04
etot    7  N  N  2  U   -1969.11532576924  1.9E-06  0.0E+00  0.0E+00
scf (DFT) done.
der1a (1-e 1st deriv.) done.
rwr (1st deriv. Q) done.
der1b (2-e 1st deriv.) done.
  Geometry optimization step   6
  Total energy:     -1969.17087199186 hartrees
  energy change:          -3.0651E-04 .  (  5.0000E-05 )
  gradient maximum:        6.6918E-03 .  (  4.5000E-04 )
  gradient rms:            1.3720E-03 .  (  3.0000E-04 )
  displacement maximum:    1.5186E-01 .  (  1.8000E-03 )
  displacement rms:        1.9410E-02 .  (  1.2000E-03 )
  
  predicted energy change: -1.3796E-03
  step size:     0.30008
  trust radius:  0.30000
---------------- geometry iteration   6 complete ----------------
geopt (optimize geometry) done.
onee (1-electron integrals) done.
probe (project orbitals) done.
grid (grid generation) done.
rwr (Q operators) done.
  
       i  u  d  i  g
       t  p  i  c  r                                 RMS    maximum
       e  d  i  u  i                       energy  density   DIIS  
       r  t  s  t  d       total energy    change  change    error 
  
etot    1  N  N  2  U   -1969.07827791698           3.7E-04  1.5E-02
etot    2  Y  Y  6  M   -1969.11427569818  3.6E-02  6.6E-05  1.6E-03
etot    3  N  Y  2  U   -1969.11360038094 -6.8E-04  4.8E-05  4.0E-03
etot    4  N  Y  2  U   -1969.11437039482  7.7E-04  1.7E-05  2.0E-03
etot    5  N  Y  2  U   -1969.11441112764  4.1E-05  8.4E-06  2.1E-03
etot    6  N  Y  2  U   -1969.11444622490  3.5E-05  2.7E-06  3.6E-04
etot    7  N  N  2  U   -1969.11444806609  1.8E-06  0.0E+00  0.0E+00
scf (DFT) done.
der1a (1-e 1st deriv.) done.
rwr (1st deriv. Q) done.
der1b (2-e 1st deriv.) done.
  Geometry optimization step   7
  Total energy:     -1969.17043865880 hartrees
  energy change:           4.3333E-04 .  (  5.0000E-05 )
  gradient maximum:        1.5006E-02 .  (  4.5000E-04 )
  gradient rms:            1.9053E-03 .  (  3.0000E-04 )
  displacement maximum:    7.2164E-02 .  (  1.8000E-03 )
  displacement rms:        1.0576E-02 .  (  1.2000E-03 )
  
  predicted energy change: -1.0703E-03
  step size:     0.16350
  trust radius:  0.30000
---------------- geometry iteration   7 complete ----------------
geopt (optimize geometry) done.
onee (1-electron integrals) done.
probe (project orbitals) done.
grid (grid generation) done.
rwr (Q operators) done.
  
       i  u  d  i  g
       t  p  i  c  r                                 RMS    maximum
       e  d  i  u  i                       energy  density   DIIS  
       r  t  s  t  d       total energy    change  change    error 
  
etot    1  N  N  2  U   -1969.10516930420           2.1E-04  8.3E-03
etot    2  Y  Y  6  M   -1969.11548151888  1.0E-02  4.1E-05  8.6E-04
etot    3  N  Y  2  U   -1969.11519579855 -2.9E-04  3.3E-05  2.0E-03
etot    4  N  Y  2  U   -1969.11547431592  2.8E-04  1.2E-05  1.4E-03
etot    5  N  Y  2  U   -1969.11550310172  2.9E-05  5.4E-06  1.0E-03
etot    6  N  Y  2  U   -1969.11551818059  1.5E-05  1.8E-06  1.0E-04
etot    7  N  N  2  U   -1969.11551890250  7.2E-07  0.0E+00  0.0E+00
scf (DFT) done.
der1a (1-e 1st deriv.) done.
rwr (1st deriv. Q) done.
der1b (2-e 1st deriv.) done.
  Geometry optimization step   8
  Total energy:     -1969.17139646169 hartrees
  energy change:          -9.5780E-04 .  (  5.0000E-05 )
  gradient maximum:        1.6498E-03 .  (  4.5000E-04 )
  gradient rms:            3.3906E-04 .  (  3.0000E-04 )
  displacement maximum:    2.0808E-02 .  (  1.8000E-03 )
  displacement rms:        3.5424E-03 .  (  1.2000E-03 )
  
  predicted energy change: -6.7816E-05
  step size:     0.05476
  trust radius:  0.30000
---------------- geometry iteration   8 complete ----------------
geopt (optimize geometry) done.
onee (1-electron integrals) done.
probe (project orbitals) done.
grid (grid generation) done.
rwr (Q operators) done.
  
       i  u  d  i  g
       t  p  i  c  r                                 RMS    maximum
       e  d  i  u  i                       energy  density   DIIS  
       r  t  s  t  d       total energy    change  change    error 
  
etot    1  N  N  2  U   -1969.11354465224           8.4E-05  2.2E-03
etot    2  Y  Y  6  M   -1969.11547483978  1.9E-03  2.1E-05  4.9E-04
etot    3  N  Y  2  U   -1969.11534649605 -1.3E-04  1.7E-05  2.4E-03
etot    4  N  Y  2  U   -1969.11545893056  1.1E-04  5.7E-06  1.1E-03
etot    5  N  Y  2  U   -1969.11546547516  6.5E-06  2.9E-06  5.2E-04
etot    6  N  N  2  U   -1969.11546907123  3.6E-06  0.0E+00  0.0E+00
scf (DFT) done.
der1a (1-e 1st deriv.) done.
rwr (1st deriv. Q) done.
der1b (2-e 1st deriv.) done.
  Geometry optimization step   9
  Total energy:     -1969.17144995433 hartrees
  energy change:          -5.3493E-05 .  (  5.0000E-05 )
  gradient maximum:        1.2688E-03 .  (  4.5000E-04 )
  gradient rms:            1.9246E-04 *  (  3.0000E-04 )
  displacement maximum:    9.7012E-03 .  (  1.8000E-03 )
  displacement rms:        1.6949E-03 .  (  1.2000E-03 )
  
  predicted energy change: -1.2723E-05
  step size:     0.02620
  trust radius:  0.30000
---------------- geometry iteration   9 complete ----------------
geopt (optimize geometry) done.
onee (1-electron integrals) done.
probe (project orbitals) done.
grid (grid generation) done.
rwr (Q operators) done.
  
       i  u  d  i  g
       t  p  i  c  r                                 RMS    maximum
       e  d  i  u  i                       energy  density   DIIS  
       r  t  s  t  d       total energy    change  change    error 
  
etot    1  N  N  2  U   -1969.11510464088           3.9E-05  1.4E-03
etot    2  N  Y  2  U   -1969.11548905900  3.8E-04  1.1E-05  3.2E-04
etot    3  N  Y  2  U   -1969.11545697452 -3.2E-05  9.3E-06  1.4E-03
etot    4  N  Y  2  U   -1969.11549091069  3.4E-05  2.9E-06  5.8E-04
etot    5  N  N  2  U   -1969.11549331155  2.4E-06  0.0E+00  0.0E+00
scf (DFT) done.
der1a (1-e 1st deriv.) done.
rwr (1st deriv. Q) done.
der1b (2-e 1st deriv.) done.
  Geometry optimization step  10
  Total energy:     -1969.17146062969 hartrees
  energy change:          -1.0675E-05 *  (  5.0000E-05 )
  gradient maximum:        7.9404E-04 .  (  4.5000E-04 )
  gradient rms:            1.2941E-04 *  (  3.0000E-04 )
  displacement maximum:    2.5204E-02 .  (  1.8000E-03 )
  displacement rms:        3.2845E-03 .  (  1.2000E-03 )
  
  predicted energy change: -2.0286E-05
  step size:     0.05078
  trust radius:  0.30000
---------------- geometry iteration  10 complete ----------------
geopt (optimize geometry) done.
onee (1-electron integrals) done.
probe (project orbitals) done.
grid (grid generation) done.
rwr (Q operators) done.
  
       i  u  d  i  g
       t  p  i  c  r                                 RMS    maximum
       e  d  i  u  i                       energy  density   DIIS  
       r  t  s  t  d       total energy    change  change    error 
  
etot    1  N  N  2  U   -1969.11410348703           6.9E-05  2.7E-03
etot    2  Y  Y  6  M   -1969.11533249809  1.2E-03  2.8E-05  1.1E-03
etot    3  N  Y  2  U   -1969.11505920311 -2.7E-04  2.3E-05  4.8E-03
etot    4  N  Y  2  U   -1969.11533909278  2.8E-04  6.0E-06  8.6E-04
etot    5  N  Y  2  U   -1969.11534844159  9.3E-06  2.4E-06  1.9E-04
etot    6  N  N  2  U   -1969.11535016244  1.7E-06  0.0E+00  0.0E+00
scf (DFT) done.
der1a (1-e 1st deriv.) done.
rwr (1st deriv. Q) done.
der1b (2-e 1st deriv.) done.
  Geometry optimization step  11
  Total energy:     -1969.17140768314 hartrees
  energy change:           5.2947E-05 .  (  5.0000E-05 )
  gradient maximum:        1.9112E-03 .  (  4.5000E-04 )
  gradient rms:            2.9830E-04 *  (  3.0000E-04 )
  displacement maximum:    1.0855E-02 .  (  1.8000E-03 )
  displacement rms:        1.3973E-03 .  (  1.2000E-03 )
  
  predicted energy change: -1.9294E-05
  step size:     0.02160
  trust radius:  0.30000
---------------- geometry iteration  11 complete ----------------
geopt (optimize geometry) done.
onee (1-electron integrals) done.
probe (project orbitals) done.
grid (grid generation) done.
rwr (Q operators) done.
  
       i  u  d  i  g
       t  p  i  c  r                                 RMS    maximum
       e  d  i  u  i                       energy  density   DIIS  
       r  t  s  t  d       total energy    change  change    error 
  
etot    1  N  N  2  U   -1969.11518705193           3.1E-05  1.5E-03
etot    2  N  Y  2  U   -1969.11541356689  2.3E-04  1.2E-05  2.5E-04
etot    3  N  Y  2  U   -1969.11537977039 -3.4E-05  9.4E-06  1.1E-03
etot    4  N  Y  2  U   -1969.11541625630  3.6E-05  2.6E-06  5.2E-04
etot    5  N  N  2  U   -1969.11541849403  2.2E-06  0.0E+00  0.0E+00
scf (DFT) done.
der1a (1-e 1st deriv.) done.
rwr (1st deriv. Q) done.
der1b (2-e 1st deriv.) done.
  Geometry optimization step  12
  Total energy:     -1969.17144113161 hartrees
  energy change:          -3.3448E-05 *  (  5.0000E-05 )
  gradient maximum:        2.8651E-04 *  (  4.5000E-04 )
  gradient rms:            6.7518E-05 *  (  3.0000E-04 )
  displacement maximum:    6.3268E-03 .  (  1.8000E-03 )
  displacement rms:        9.8208E-04 *  (  1.2000E-03 )
  
  predicted energy change: -3.0953E-06
  step size:     0.01518
  trust radius:  0.30000
---------------- geometry iteration  12 complete ----------------
geopt (optimize geometry) done.
onee (1-electron integrals) done.
probe (project orbitals) done.
grid (grid generation) done.
rwr (Q operators) done.
  
       i  u  d  i  g
       t  p  i  c  r                                 RMS    maximum
       e  d  i  u  i                       energy  density   DIIS  
       r  t  s  t  d       total energy    change  change    error 
  
etot    1  N  N  2  U   -1969.11527685818           2.3E-05  8.5E-04
etot    2  N  Y  2  U   -1969.11538598564  1.1E-04  1.7E-05  1.0E-03
etot    3  N  Y  2  U   -1969.11528551723 -1.0E-04  1.3E-05  3.6E-03
etot    4  N  Y  2  U   -1969.11539472776  1.1E-04  2.5E-06  2.6E-04
etot    5  N  N  2  U   -1969.11539623282  1.5E-06  0.0E+00  0.0E+00
scf (DFT) done.
der1a (1-e 1st deriv.) done.
rwr (1st deriv. Q) done.
der1b (2-e 1st deriv.) done.
  Geometry optimization step  13
  Total energy:     -1969.17144344897 hartrees
  energy change:          -2.3174E-06 #  (  5.0000E-05 )
  gradient maximum:        5.2162E-04 .  (  4.5000E-04 )
  gradient rms:            8.6282E-05 *  (  3.0000E-04 )
  displacement maximum:    4.8677E-03 .  (  1.8000E-03 )
  displacement rms:        8.8666E-04 *  (  1.2000E-03 )
  
  predicted energy change: -1.9686E-06
  step size:     0.01371
  trust radius:  0.30000
---------------- geometry iteration  13 complete ----------------
geopt (optimize geometry) done.
onee (1-electron integrals) done.
probe (project orbitals) done.
grid (grid generation) done.
rwr (Q operators) done.
  
       i  u  d  i  g
       t  p  i  c  r                                 RMS    maximum
       e  d  i  u  i                       energy  density   DIIS  
       r  t  s  t  d       total energy    change  change    error 
  
etot    1  N  N  2  U   -1969.11528519593           2.1E-05  5.4E-04
etot    2  N  Y  2  U   -1969.11538276839  9.8E-05  1.2E-05  1.7E-04
etot    3  N  Y  2  U   -1969.11534746117 -3.5E-05  9.2E-06  7.8E-04
etot    4  N  Y  2  U   -1969.11538641087  3.9E-05  1.6E-06  2.8E-04
etot    5  N  N  2  U   -1969.11538683929  4.3E-07  0.0E+00  0.0E+00
scf (DFT) done.
der1a (1-e 1st deriv.) done.
rwr (1st deriv. Q) done.
der1b (2-e 1st deriv.) done.
  Geometry optimization step  14
  Total energy:     -1969.17144808879 hartrees
  energy change:          -4.6398E-06 *  (  5.0000E-05 )
  gradient maximum:        5.9407E-04 .  (  4.5000E-04 )
  gradient rms:            6.8458E-05 *  (  3.0000E-04 )
  displacement maximum:    1.5681E-02 .  (  1.8000E-03 )
  displacement rms:        2.3292E-03 .  (  1.2000E-03 )
  
  predicted energy change: -3.1252E-06
  step size:     0.03601
  trust radius:  0.30000
---------------- geometry iteration  14 complete ----------------
geopt (optimize geometry) done.
onee (1-electron integrals) done.
probe (project orbitals) done.
grid (grid generation) done.
rwr (Q operators) done.
  
       i  u  d  i  g
       t  p  i  c  r                                 RMS    maximum
       e  d  i  u  i                       energy  density   DIIS  
       r  t  s  t  d       total energy    change  change    error 
  
etot    1  N  N  2  U   -1969.11477854155           4.8E-05  2.0E-03
etot    2  N  Y  2  U   -1969.11534717642  5.7E-04  1.9E-05  9.3E-04
etot    3  N  Y  2  U   -1969.11520540509 -1.4E-04  1.6E-05  4.2E-03
etot    4  N  Y  2  U   -1969.11535554767  1.5E-04  3.5E-06  3.4E-04
etot    5  N  Y  2  U   -1969.11535695559  1.4E-06  1.4E-06  6.6E-05
etot    6  N  N  2  U   -1969.11535770554  7.5E-07  0.0E+00  0.0E+00
scf (DFT) done.
der1a (1-e 1st deriv.) done.
rwr (1st deriv. Q) done.
der1b (2-e 1st deriv.) done.
  Geometry optimization step  15
  Total energy:     -1969.17144507537 hartrees
  energy change:           3.0134E-06 *  (  5.0000E-05 )
  gradient maximum:        7.8209E-04 .  (  4.5000E-04 )
  gradient rms:            1.0105E-04 *  (  3.0000E-04 )
  displacement maximum:    9.0222E-02 .  (  1.8000E-03 )
  displacement rms:        1.1150E-02 .  (  1.2000E-03 )
  
  predicted energy change: -2.2188E-02
  step size:     0.17238
  trust radius:  0.30000
---------------- geometry iteration  15 complete ----------------
geopt (optimize geometry) done.
onee (1-electron integrals) done.
probe (project orbitals) done.
grid (grid generation) done.
rwr (Q operators) done.
  
       i  u  d  i  g
       t  p  i  c  r                                 RMS    maximum
       e  d  i  u  i                       energy  density   DIIS  
       r  t  s  t  d       total energy    change  change    error 
  
etot    1  N  N  2  U   -1969.03501006757           5.2E-04  1.7E-02
etot    2  Y  Y  6  M   -1969.10644119917  7.1E-02  1.1E-04  3.7E-03
etot    3  N  Y  2  U   -1969.10299184455 -3.4E-03  9.2E-05  1.8E-02
etot    4  Y  Y  6  M   -1969.10635594419  3.4E-03  3.1E-05  6.8E-03
etot    5  N  Y  2  U   -1969.10666894896  3.1E-04  1.4E-05  1.2E-03
etot    6  N  Y  2  U   -1969.10671970347  5.1E-05  5.1E-06  2.2E-04
etot    7  N  Y  2  U   -1969.10672651281  6.8E-06  2.4E-06  6.4E-05
etot    8  N  N  2  U   -1969.10672695043  4.4E-07  0.0E+00  0.0E+00
scf (DFT) done.
der1a (1-e 1st deriv.) done.
rwr (1st deriv. Q) done.
der1b (2-e 1st deriv.) done.
  Geometry optimization step  16
  Total energy:     -1969.16372949659 hartrees
  ** restarting optimization from step   15 **
  energy change:           7.7156E-03 .  (  5.0000E-05 )
  gradient maximum:        7.8209E-04 .  (  4.5000E-04 )
  gradient rms:            1.0105E-04 *  (  3.0000E-04 )
  displacement maximum:    1.2961E-01 .  (  1.8000E-03 )
  displacement rms:        1.9407E-02 .  (  1.2000E-03 )
  
  predicted energy change: -7.4349E-05
  step size:     0.30003
  trust radius:  0.30000
---------------- geometry iteration  16 complete ----------------
geopt (optimize geometry) done.
onee (1-electron integrals) done.
probe (project orbitals) done.
grid (grid generation) done.
rwr (Q operators) done.
  
       i  u  d  i  g
       t  p  i  c  r                                 RMS    maximum
       e  d  i  u  i                       energy  density   DIIS  
       r  t  s  t  d       total energy    change  change    error 
  
etot    1  N  N  2  U   -1969.05040207318           5.4E-04  1.1E-02
etot    2  Y  Y  6  M   -1969.11441401757  6.4E-02  1.4E-04  3.3E-03
etot    3  N  Y  2  U   -1969.11013183754 -4.3E-03  1.1E-04  1.5E-02
etot    4  Y  Y  6  M   -1969.11454243567  4.4E-03  3.9E-05  7.3E-03
etot    5  N  Y  2  U   -1969.11491096379  3.7E-04  1.8E-05  2.4E-03
etot    6  N  Y  2  U   -1969.11501021287  9.9E-05  5.5E-06  2.5E-04
etot    7  N  Y  2  U   -1969.11501854161  8.3E-06  2.9E-06  7.3E-05
etot    8  N  N  2  U   -1969.11501919626  6.5E-07  0.0E+00  0.0E+00
scf (DFT) done.
der1a (1-e 1st deriv.) done.
rwr (1st deriv. Q) done.
der1b (2-e 1st deriv.) done.
  Geometry optimization step  17
  Total energy:     -1969.17143895816 hartrees
  ** restarting optimization from step   15 **
  energy change:           6.1172E-06 *  (  5.0000E-05 )
  gradient maximum:        7.8209E-04 .  (  4.5000E-04 )
  gradient rms:            1.0105E-04 *  (  3.0000E-04 )
  displacement maximum:    6.3260E-02 .  (  1.8000E-03 )
  displacement rms:        9.7083E-03 .  (  1.2000E-03 )
  
  predicted energy change: -4.3130E-05
  step size:     0.15009
  trust radius:  0.15000
---------------- geometry iteration  17 complete ----------------
geopt (optimize geometry) done.
onee (1-electron integrals) done.
probe (project orbitals) done.
grid (grid generation) done.
rwr (Q operators) done.
  
       i  u  d  i  g
       t  p  i  c  r                                 RMS    maximum
       e  d  i  u  i                       energy  density   DIIS  
       r  t  s  t  d       total energy    change  change    error 
  
etot    1  N  N  2  U   -1969.10443050608           2.1E-04  7.7E-03
etot    2  Y  Y  6  M   -1969.11525040160  1.1E-02  3.5E-05  6.4E-04
etot    3  N  Y  2  U   -1969.11500607904 -2.4E-04  2.7E-05  9.4E-04
etot    4  N  Y  2  U   -1969.11516689435  1.6E-04  1.0E-05  9.7E-04
etot    5  N  Y  2  U   -1969.11518865440  2.2E-05  4.8E-06  8.4E-04
etot    6  N  Y  2  U   -1969.11520144357  1.3E-05  1.3E-06  8.2E-05
etot    7  N  N  2  U   -1969.11520169850  2.5E-07  0.0E+00  0.0E+00
scf (DFT) done.
der1a (1-e 1st deriv.) done.
rwr (1st deriv. Q) done.
der1b (2-e 1st deriv.) done.
  Geometry optimization step  18
  Total energy:     -1969.17147085783 hartrees
  ** restarting optimization from step   15 **
  energy change:          -2.5782E-05 *  (  5.0000E-05 )
  gradient maximum:        7.8209E-04 .  (  4.5000E-04 )
  gradient rms:            1.0105E-04 *  (  3.0000E-04 )
  displacement maximum:    2.9091E-02 .  (  1.8000E-03 )
  displacement rms:        4.8563E-03 .  (  1.2000E-03 )
  
  predicted energy change: -2.4131E-05
  step size:     0.07508
  trust radius:  0.07500
---------------- geometry iteration  18 complete ----------------
geopt (optimize geometry) done.
onee (1-electron integrals) done.
probe (project orbitals) done.
grid (grid generation) done.
rwr (Q operators) done.
  
       i  u  d  i  g
       t  p  i  c  r                                 RMS    maximum
       e  d  i  u  i                       energy  density   DIIS  
       r  t  s  t  d       total energy    change  change    error 
  
etot    1  N  N  2  U   -1969.11242459539           1.1E-04  3.7E-03
etot    2  Y  Y  6  M   -1969.11530432092  2.9E-03  1.7E-05  3.2E-04
etot    3  N  Y  2  U   -1969.11520366828 -1.0E-04  1.3E-05  8.8E-04
etot    4  N  Y  2  U   -1969.11524040115  3.7E-05  5.6E-06  9.4E-04
etot    5  N  Y  2  U   -1969.11524784744  7.4E-06  2.6E-06  6.2E-04
etot    6  N  N  2  U   -1969.11525146018  3.6E-06  0.0E+00  0.0E+00
scf (DFT) done.
der1a (1-e 1st deriv.) done.
rwr (1st deriv. Q) done.
der1b (2-e 1st deriv.) done.
  Geometry optimization step  19
  Total energy:     -1969.17144591251 hartrees
  energy change:          -8.3713E-07 #  (  5.0000E-05 )
  gradient maximum:        2.4866E-03 .  (  4.5000E-04 )
  gradient rms:            3.9513E-04 .  (  3.0000E-04 )
  displacement maximum:    1.9010E-02 .  (  1.8000E-03 )
  displacement rms:        2.4282E-03 .  (  1.2000E-03 )
  
  predicted energy change: -5.4360E-05
  step size:     0.03754
  trust radius:  0.03750
---------------- geometry iteration  19 complete ----------------
geopt (optimize geometry) done.
onee (1-electron integrals) done.
probe (project orbitals) done.
grid (grid generation) done.
rwr (Q operators) done.
  
       i  u  d  i  g
       t  p  i  c  r                                 RMS    maximum
       e  d  i  u  i                       energy  density   DIIS  
       r  t  s  t  d       total energy    change  change    error 
  
etot    1  N  N  2  U   -1969.11468662965           6.7E-05  2.0E-03
etot    2  Y  Y  6  M   -1969.11527190766  5.9E-04  1.1E-05  2.6E-04
etot    3  N  Y  2  U   -1969.11529039061  1.8E-05  9.3E-06  1.2E-03
etot    4  N  Y  2  U   -1969.11530674168  1.6E-05  4.2E-06  1.0E-03
etot    5  N  N  2  U   -1969.11531519317  8.5E-06  0.0E+00  0.0E+00
scf (DFT) done.
der1a (1-e 1st deriv.) done.
rwr (1st deriv. Q) done.
der1b (2-e 1st deriv.) done.
  Geometry optimization step  20
  Total energy:     -1969.17149032618 hartrees
  energy change:          -4.4414E-05 *  (  5.0000E-05 )
  gradient maximum:        1.6522E-03 .  (  4.5000E-04 )
  gradient rms:            2.3096E-04 *  (  3.0000E-04 )
  displacement maximum:    1.5885E-02 .  (  1.8000E-03 )
  displacement rms:        2.4320E-03 .  (  1.2000E-03 )
  
  predicted energy change: -2.7648E-05
  step size:     0.03760
  trust radius:  0.03750
---------------- geometry iteration  20 complete ----------------
geopt (optimize geometry) done.
onee (1-electron integrals) done.
probe (project orbitals) done.
grid (grid generation) done.
rwr (Q operators) done.
  
       i  u  d  i  g
       t  p  i  c  r                                 RMS    maximum
       e  d  i  u  i                       energy  density   DIIS  
       r  t  s  t  d       total energy    change  change    error 
  
etot    1  N  N  2  U   -1969.11440749845           5.9E-05  1.6E-03
etot    2  Y  Y  6  M   -1969.11524456770  8.4E-04  2.4E-05  8.1E-04
etot    3  N  Y  2  U   -1969.11508539186 -1.6E-04  1.9E-05  3.7E-03
etot    4  N  Y  2  U   -1969.11526454579  1.8E-04  5.3E-06  7.3E-04
etot    5  N  Y  2  U   -1969.11527142873  6.9E-06  1.9E-06  1.4E-04
etot    6  N  N  2  U   -1969.11527253656  1.1E-06  0.0E+00  0.0E+00
scf (DFT) done.
der1a (1-e 1st deriv.) done.
rwr (1st deriv. Q) done.
der1b (2-e 1st deriv.) done.
  Geometry optimization step  21
  Total energy:     -1969.17151900061 hartrees
  energy change:          -2.8674E-05 *  (  5.0000E-05 )
  gradient maximum:        1.5926E-03 .  (  4.5000E-04 )
  gradient rms:            1.9291E-04 *  (  3.0000E-04 )
  displacement maximum:    2.2015E-02 .  (  1.8000E-03 )
  displacement rms:        3.4357E-03 .  (  1.2000E-03 )
  
  predicted energy change: -3.6651E-05
  step size:     0.05312
  trust radius:  0.05303
---------------- geometry iteration  21 complete ----------------
geopt (optimize geometry) done.
onee (1-electron integrals) done.
probe (project orbitals) done.
grid (grid generation) done.
rwr (Q operators) done.
  
       i  u  d  i  g
       t  p  i  c  r                                 RMS    maximum
       e  d  i  u  i                       energy  density   DIIS  
       r  t  s  t  d       total energy    change  change    error 
  
etot    1  N  N  2  U   -1969.11357627011           8.2E-05  2.8E-03
etot    2  Y  Y  6  M   -1969.11520628096  1.6E-03  1.9E-05  2.4E-04
etot    3  N  Y  2  U   -1969.11515878605 -4.7E-05  1.5E-05  5.9E-04
etot    4  N  Y  2  U   -1969.11522498132  6.6E-05  4.0E-06  3.2E-04
etot    5  N  N  2  U   -1969.11522686581  1.9E-06  0.0E+00  0.0E+00
scf (DFT) done.
der1a (1-e 1st deriv.) done.
rwr (1st deriv. Q) done.
der1b (2-e 1st deriv.) done.
  Geometry optimization step  22
  Total energy:     -1969.17154251127 hartrees
  energy change:          -2.3511E-05 *  (  5.0000E-05 )
  gradient maximum:        9.1163E-04 .  (  4.5000E-04 )
  gradient rms:            1.9162E-04 *  (  3.0000E-04 )
  displacement maximum:    2.8058E-02 .  (  1.8000E-03 )
  displacement rms:        4.8810E-03 .  (  1.2000E-03 )
  
  predicted energy change: -5.7868E-05
  step size:     0.07546
  trust radius:  0.07500
---------------- geometry iteration  22 complete ----------------
geopt (optimize geometry) done.
onee (1-electron integrals) done.
probe (project orbitals) done.
grid (grid generation) done.
rwr (Q operators) done.
  
       i  u  d  i  g
       t  p  i  c  r                                 RMS    maximum
       e  d  i  u  i                       energy  density   DIIS  
       r  t  s  t  d       total energy    change  change    error 
  
etot    1  N  N  2  U   -1969.11186483048           1.1E-04  3.3E-03
etot    2  Y  Y  6  M   -1969.11514494059  3.3E-03  4.6E-05  2.1E-03
etot    3  N  Y  2  U   -1969.11437456563 -7.7E-04  3.7E-05  9.7E-03
etot    4  N  Y  2  U   -1969.11519801198  8.2E-04  9.1E-06  9.5E-04
etot    5  N  Y  2  U   -1969.11520750345  9.5E-06  4.1E-06  2.0E-04
etot    6  N  N  2  U   -1969.11521297204  5.5E-06  0.0E+00  0.0E+00
scf (DFT) done.
der1a (1-e 1st deriv.) done.
rwr (1st deriv. Q) done.
der1b (2-e 1st deriv.) done.
  Geometry optimization step  23
  Total energy:     -1969.17156692824 hartrees
  energy change:          -2.4417E-05 *  (  5.0000E-05 )
  gradient maximum:        1.3168E-03 .  (  4.5000E-04 )
  gradient rms:            1.8473E-04 *  (  3.0000E-04 )
  displacement maximum:    4.4020E-02 .  (  1.8000E-03 )
  displacement rms:        6.8642E-03 .  (  1.2000E-03 )
  
  predicted energy change: -7.0706E-05
  step size:     0.10612
  trust radius:  0.10607
---------------- geometry iteration  23 complete ----------------
geopt (optimize geometry) done.
onee (1-electron integrals) done.
probe (project orbitals) done.
grid (grid generation) done.
rwr (Q operators) done.
  
       i  u  d  i  g
       t  p  i  c  r                                 RMS    maximum
       e  d  i  u  i                       energy  density   DIIS  
       r  t  s  t  d       total energy    change  change    error 
  
etot    1  N  N  2  U   -1969.10907096674           1.5E-04  5.1E-03
etot    2  Y  Y  6  M   -1969.11504402347  6.0E-03  3.5E-05  4.6E-04
etot    3  N  Y  2  U   -1969.11491080447 -1.3E-04  2.7E-05  9.4E-04
etot    4  N  Y  2  U   -1969.11509147584  1.8E-04  7.7E-06  7.3E-04
etot    5  N  Y  2  U   -1969.11509854821  7.1E-06  3.8E-06  8.9E-04
etot    6  N  N  2  U   -1969.11510609684  7.5E-06  0.0E+00  0.0E+00
scf (DFT) done.
der1a (1-e 1st deriv.) done.
rwr (1st deriv. Q) done.
der1b (2-e 1st deriv.) done.
  Geometry optimization step  24
  Total energy:     -1969.17158743339 hartrees
  energy change:          -2.0505E-05 *  (  5.0000E-05 )
  gradient maximum:        1.3820E-03 .  (  4.5000E-04 )
  gradient rms:            2.2324E-04 *  (  3.0000E-04 )
  displacement maximum:    1.7894E-02 .  (  1.8000E-03 )
  displacement rms:        3.4343E-03 .  (  1.2000E-03 )
  
  predicted energy change: -5.3354E-05
  step size:     0.05309
  trust radius:  0.05303
---------------- geometry iteration  24 complete ----------------
geopt (optimize geometry) done.
onee (1-electron integrals) done.
probe (project orbitals) done.
grid (grid generation) done.
rwr (Q operators) done.
  
       i  u  d  i  g
       t  p  i  c  r                                 RMS    maximum
       e  d  i  u  i                       energy  density   DIIS  
       r  t  s  t  d       total energy    change  change    error 
  
etot    1  N  N  2  U   -1969.11366565644           8.2E-05  1.5E-03
etot    2  Y  Y  6  M   -1969.11504815317  1.4E-03  2.3E-05  3.8E-04
etot    3  N  Y  2  U   -1969.11497518929 -7.3E-05  1.8E-05  1.7E-03
etot    4  N  Y  2  U   -1969.11506411415  8.9E-05  5.5E-06  9.4E-04
etot    5  N  Y  2  U   -1969.11506843503  4.3E-06  2.8E-06  6.1E-04
etot    6  N  N  2  U   -1969.11507235155  3.9E-06  0.0E+00  0.0E+00
scf (DFT) done.
der1a (1-e 1st deriv.) done.
rwr (1st deriv. Q) done.
der1b (2-e 1st deriv.) done.
  Geometry optimization step  25
  Total energy:     -1969.17158535983 hartrees
  energy change:           2.0736E-06 #  (  5.0000E-05 )
  gradient maximum:        1.5157E-03 .  (  4.5000E-04 )
  gradient rms:            2.2703E-04 *  (  3.0000E-04 )
  displacement maximum:    1.1958E-02 .  (  1.8000E-03 )
  displacement rms:        1.7725E-03 .  (  1.2000E-03 )
  
  predicted energy change: -2.5643E-05
  step size:     0.02740
  trust radius:  0.02652
---------------- geometry iteration  25 complete ----------------
geopt (optimize geometry) done.
onee (1-electron integrals) done.
probe (project orbitals) done.
grid (grid generation) done.
rwr (Q operators) done.
  
       i  u  d  i  g
       t  p  i  c  r                                 RMS    maximum
       e  d  i  u  i                       energy  density   DIIS  
       r  t  s  t  d       total energy    change  change    error 
  
etot    1  N  N  2  U   -1969.11455290863           4.3E-05  1.1E-03
etot    2  N  Y  2  U   -1969.11503416259  4.8E-04  1.1E-05  1.3E-04
etot    3  N  Y  2  U   -1969.11500744662 -2.7E-05  9.3E-06  6.4E-04
etot    4  N  Y  2  U   -1969.11503687190  2.9E-05  2.5E-06  3.5E-04
etot    5  N  N  2  U   -1969.11503805670  1.2E-06  0.0E+00  0.0E+00
scf (DFT) done.
der1a (1-e 1st deriv.) done.
rwr (1st deriv. Q) done.
der1b (2-e 1st deriv.) done.
  Geometry optimization step  26
  Total energy:     -1969.17159663921 hartrees
  energy change:          -1.1279E-05 *  (  5.0000E-05 )
  gradient maximum:        7.8233E-04 .  (  4.5000E-04 )
  gradient rms:            1.5654E-04 *  (  3.0000E-04 )
  displacement maximum:    1.5352E-02 .  (  1.8000E-03 )
  displacement rms:        2.4441E-03 .  (  1.2000E-03 )
  
  predicted energy change: -3.4477E-05
  step size:     0.03779
  trust radius:  0.03750
---------------- geometry iteration  26 complete ----------------
geopt (optimize geometry) done.
onee (1-electron integrals) done.
probe (project orbitals) done.
grid (grid generation) done.
rwr (Q operators) done.
  
       i  u  d  i  g
       t  p  i  c  r                                 RMS    maximum
       e  d  i  u  i                       energy  density   DIIS  
       r  t  s  t  d       total energy    change  change    error 
  
etot    1  N  N  2  U   -1969.11407366917           6.1E-05  1.3E-03
etot    2  Y  Y  6  M   -1969.11498018601  9.1E-04  2.7E-05  1.4E-03
etot    3  N  Y  2  U   -1969.11468179528 -3.0E-04  2.2E-05  6.3E-03
etot    4  N  Y  2  U   -1969.11500537971  3.2E-04  3.5E-06  3.2E-04
etot    5  N  Y  2  U   -1969.11500675701  1.4E-06  1.6E-06  6.0E-05
etot    6  N  N  2  U   -1969.11500760073  8.4E-07  0.0E+00  0.0E+00
scf (DFT) done.
der1a (1-e 1st deriv.) done.
rwr (1st deriv. Q) done.
der1b (2-e 1st deriv.) done.
  Geometry optimization step  27
  Total energy:     -1969.17162254195 hartrees
  energy change:          -2.5903E-05 *  (  5.0000E-05 )
  gradient maximum:        1.0120E-03 .  (  4.5000E-04 )
  gradient rms:            1.5158E-04 *  (  3.0000E-04 )
  displacement maximum:    2.1125E-02 .  (  1.8000E-03 )
  displacement rms:        3.4336E-03 .  (  1.2000E-03 )
  
  predicted energy change: -4.8006E-05
  step size:     0.05308
  trust radius:  0.05303
---------------- geometry iteration  27 complete ----------------
geopt (optimize geometry) done.
onee (1-electron integrals) done.
probe (project orbitals) done.
grid (grid generation) done.
rwr (Q operators) done.
  
       i  u  d  i  g
       t  p  i  c  r                                 RMS    maximum
       e  d  i  u  i                       energy  density   DIIS  
       r  t  s  t  d       total energy    change  change    error 
  
etot    1  N  N  2  U   -1969.11324307806           8.6E-05  2.4E-03
etot    2  Y  Y  6  M   -1969.11493835895  1.7E-03  1.7E-05  2.3E-04
etot    3  N  Y  2  U   -1969.11490959678 -2.9E-05  1.3E-05  3.2E-04
etot    4  N  Y  2  U   -1969.11494793964  3.8E-05  3.1E-06  2.0E-04
etot    5  N  N  2  U   -1969.11494988522  1.9E-06  0.0E+00  0.0E+00
scf (DFT) done.
der1a (1-e 1st deriv.) done.
rwr (1st deriv. Q) done.
der1b (2-e 1st deriv.) done.
  Geometry optimization step  28
  Total energy:     -1969.17164595113 hartrees
  energy change:          -2.3409E-05 *  (  5.0000E-05 )
  gradient maximum:        1.4076E-03 .  (  4.5000E-04 )
  gradient rms:            1.7679E-04 *  (  3.0000E-04 )
  displacement maximum:    2.8468E-02 .  (  1.8000E-03 )
  displacement rms:        4.8665E-03 .  (  1.2000E-03 )
  
  predicted energy change: -6.2267E-05
  step size:     0.07523
  trust radius:  0.07500
---------------- geometry iteration  28 complete ----------------
geopt (optimize geometry) done.
onee (1-electron integrals) done.
probe (project orbitals) done.
grid (grid generation) done.
rwr (Q operators) done.
  
       i  u  d  i  g
       t  p  i  c  r                                 RMS    maximum
       e  d  i  u  i                       energy  density   DIIS  
       r  t  s  t  d       total energy    change  change    error 
  
etot    1  N  N  2  U   -1969.11081283254           1.2E-04  3.3E-03
etot    2  Y  Y  6  M   -1969.11487447201  4.1E-03  3.9E-05  1.6E-03
etot    3  N  Y  2  U   -1969.11438999457 -4.8E-04  3.2E-05  7.5E-03
etot    4  N  Y  2  U   -1969.11490967546  5.2E-04  9.5E-06  1.3E-03
etot    5  N  Y  2  U   -1969.11492360143  1.4E-05  4.0E-06  2.6E-04
etot    6  N  N  2  U   -1969.11492919824  5.6E-06  0.0E+00  0.0E+00
scf (DFT) done.
der1a (1-e 1st deriv.) done.
rwr (1st deriv. Q) done.
der1b (2-e 1st deriv.) done.
  Geometry optimization step  29
  Total energy:     -1969.17166654450 hartrees
  energy change:          -2.0593E-05 *  (  5.0000E-05 )
  gradient maximum:        1.0273E-03 .  (  4.5000E-04 )
  gradient rms:            1.7254E-04 *  (  3.0000E-04 )
  displacement maximum:    4.4151E-02 .  (  1.8000E-03 )
  displacement rms:        6.8642E-03 .  (  1.2000E-03 )
  
  predicted energy change: -8.3104E-05
  step size:     0.10612
  trust radius:  0.10607
---------------- geometry iteration  29 complete ----------------
geopt (optimize geometry) done.
onee (1-electron integrals) done.
probe (project orbitals) done.
grid (grid generation) done.
rwr (Q operators) done.
  
       i  u  d  i  g
       t  p  i  c  r                                 RMS    maximum
       e  d  i  u  i                       energy  density   DIIS  
       r  t  s  t  d       total energy    change  change    error 
  
etot    1  N  N  2  U   -1969.10849571676           2.5E-04  5.4E-03
etot    2  Y  Y  6  M   -1969.11478398491  6.3E-03  2.8E-05  4.3E-04
etot    3  N  Y  2  U   -1969.11469680094 -8.7E-05  2.3E-05  1.5E-03
etot    4  N  Y  2  U   -1969.11480394382  1.1E-04  8.5E-06  1.3E-03
etot    5  N  Y  2  U   -1969.11481851386  1.5E-05  4.1E-06  9.3E-04
etot    6  N  N  2  U   -1969.11482713015  8.6E-06  0.0E+00  0.0E+00
scf (DFT) done.
der1a (1-e 1st deriv.) done.
rwr (1st deriv. Q) done.
der1b (2-e 1st deriv.) done.
  Geometry optimization step  30
  Total energy:     -1969.17172353990 hartrees
  energy change:          -5.6995E-05 .  (  5.0000E-05 )
  gradient maximum:        1.4460E-03 .  (  4.5000E-04 )
  gradient rms:            2.0272E-04 *  (  3.0000E-04 )
  displacement maximum:    5.2735E-02 .  (  1.8000E-03 )
  displacement rms:        9.7058E-03 .  (  1.2000E-03 )
  
  predicted energy change: -1.0343E-04
  step size:     0.15005
  trust radius:  0.15000
---------------- geometry iteration  30 complete ----------------
geopt (optimize geometry) done.
onee (1-electron integrals) done.
probe (project orbitals) done.
grid (grid generation) done.
rwr (Q operators) done.
  
       i  u  d  i  g
       t  p  i  c  r                                 RMS    maximum
       e  d  i  u  i                       energy  density   DIIS  
       r  t  s  t  d       total energy    change  change    error 
  
etot    1  N  N  2  U   -1969.10173161568           5.1E-04  8.7E-03
etot    2  Y  Y  6  M   -1969.11448391892  1.3E-02  4.6E-05  5.9E-04
etot    3  N  Y  2  U   -1969.11423889865 -2.5E-04  3.7E-05  1.2E-03
etot    4  N  Y  2  U   -1969.11455535912  3.2E-04  1.0E-05  4.4E-04
etot    5  N  Y  2  U   -1969.11457696212  2.2E-05  4.1E-06  5.4E-04
etot    6  N  N  2  U   -1969.11458307037  6.1E-06  0.0E+00  0.0E+00
scf (DFT) done.
der1a (1-e 1st deriv.) done.
rwr (1st deriv. Q) done.
der1b (2-e 1st deriv.) done.
  Geometry optimization step  31
  Total energy:     -1969.17184292459 hartrees
  ** restarting optimization from step   30 **
  energy change:          -1.1938E-04 .  (  5.0000E-05 )
  gradient maximum:        1.4460E-03 .  (  4.5000E-04 )
  gradient rms:            2.0272E-04 *  (  3.0000E-04 )
  displacement maximum:    3.3210E-02 .  (  1.8000E-03 )
  displacement rms:        4.8577E-03 .  (  1.2000E-03 )
  
  predicted energy change: -5.9967E-05
  step size:     0.07510
  trust radius:  0.07500
---------------- geometry iteration  31 complete ----------------
geopt (optimize geometry) done.
onee (1-electron integrals) done.
probe (project orbitals) done.
grid (grid generation) done.
rwr (Q operators) done.
  
       i  u  d  i  g
       t  p  i  c  r                                 RMS    maximum
       e  d  i  u  i                       energy  density   DIIS  
       r  t  s  t  d       total energy    change  change    error 
  
etot    1  N  N  2  U   -1969.11108801157           3.5E-04  9.0E-03
etot    2  Y  Y  6  M   -1969.11474864999  3.7E-03  2.6E-05  1.1E-03
etot    3  N  Y  2  U   -1969.11451391385 -2.3E-04  2.3E-05  5.0E-03
etot    4  N  Y  2  U   -1969.11473818813  2.2E-04  7.1E-06  1.3E-03
etot    5  N  Y  2  U   -1969.11475498355  1.7E-05  2.8E-06  1.8E-04
etot    6  N  N  2  U   -1969.11475732097  2.3E-06  0.0E+00  0.0E+00
scf (DFT) done.
der1a (1-e 1st deriv.) done.
rwr (1st deriv. Q) done.
der1b (2-e 1st deriv.) done.
  Geometry optimization step  32
  Total energy:     -1969.17176401298 hartrees
  energy change:          -4.0473E-05 *  (  5.0000E-05 )
  gradient maximum:        3.4506E-04 *  (  4.5000E-04 )
  gradient rms:            7.9858E-05 *  (  3.0000E-04 )
  displacement maximum:    4.6469E-02 .  (  1.8000E-03 )
  displacement rms:        6.9075E-03 .  (  1.2000E-03 )
  
  predicted energy change: -5.9243E-05
  step size:     0.10679
  trust radius:  0.10607
---------------- geometry iteration  32 complete ----------------
geopt (optimize geometry) done.
onee (1-electron integrals) done.
probe (project orbitals) done.
grid (grid generation) done.
rwr (Q operators) done.
  
       i  u  d  i  g
       t  p  i  c  r                                 RMS    maximum
       e  d  i  u  i                       energy  density   DIIS  
       r  t  s  t  d       total energy    change  change    error 
  
etot    1  N  N  2  U   -1969.10729744923           2.5E-04  4.6E-03
etot    2  Y  Y  6  M   -1969.11466029051  7.4E-03  3.1E-05  4.1E-04
etot    3  N  Y  2  U   -1969.11456780520 -9.2E-05  2.4E-05  6.9E-04
etot    4  N  Y  2  U   -1969.11469794020  1.3E-04  7.4E-06  5.4E-04
etot    5  N  Y  2  U   -1969.11470966524  1.2E-05  3.2E-06  6.2E-04
etot    6  N  N  2  U   -1969.11471371614  4.1E-06  0.0E+00  0.0E+00
scf (DFT) done.
der1a (1-e 1st deriv.) done.
rwr (1st deriv. Q) done.
der1b (2-e 1st deriv.) done.
  Geometry optimization step  33
  Total energy:     -1969.17183853877 hartrees
  energy change:          -7.4526E-05 .  (  5.0000E-05 )
  gradient maximum:        1.5570E-03 .  (  4.5000E-04 )
  gradient rms:            2.1021E-04 *  (  3.0000E-04 )
  displacement maximum:    2.2945E-02 .  (  1.8000E-03 )
  displacement rms:        3.4350E-03 .  (  1.2000E-03 )
  
  predicted energy change: -3.4324E-05
  step size:     0.05310
  trust radius:  0.05303
---------------- geometry iteration  33 complete ----------------
geopt (optimize geometry) done.
onee (1-electron integrals) done.
probe (project orbitals) done.
grid (grid generation) done.
rwr (Q operators) done.
  
       i  u  d  i  g
       t  p  i  c  r                                 RMS    maximum
       e  d  i  u  i                       energy  density   DIIS  
       r  t  s  t  d       total energy    change  change    error 
  
etot    1  N  N  2  U   -1969.11314121498           7.1E-05  1.8E-03
etot    2  Y  Y  6  M   -1969.11422719137  1.1E-03  2.6E-05  1.2E-03
etot    3  N  Y  2  U   -1969.11395235786 -2.7E-04  2.2E-05  5.7E-03
etot    4  N  Y  2  U   -1969.11422840249  2.8E-04  5.1E-06  6.2E-04
etot    5  N  Y  2  U   -1969.11423319131  4.8E-06  2.1E-06  7.8E-05
etot    6  N  N  2  U   -1969.11423440459  1.2E-06  0.0E+00  0.0E+00
scf (DFT) done.
der1a (1-e 1st deriv.) done.
rwr (1st deriv. Q) done.
der1b (2-e 1st deriv.) done.
  Geometry optimization step  34
  Total energy:     -1969.17138807565 hartrees
  energy change:           4.5046E-04 .  (  5.0000E-05 )
  gradient maximum:        6.5066E-04 .  (  4.5000E-04 )
  gradient rms:            1.6443E-04 *  (  3.0000E-04 )
  displacement maximum:    1.1966E-02 .  (  1.8000E-03 )
  displacement rms:        1.7226E-03 .  (  1.2000E-03 )
  
  predicted energy change: -1.3818E-05
  step size:     0.02663
  trust radius:  0.02652
---------------- geometry iteration  34 complete ----------------
geopt (optimize geometry) done.
onee (1-electron integrals) done.
probe (project orbitals) done.
grid (grid generation) done.
rwr (Q operators) done.
  
       i  u  d  i  g
       t  p  i  c  r                                 RMS    maximum
       e  d  i  u  i                       energy  density   DIIS  
       r  t  s  t  d       total energy    change  change    error 
  
etot    1  N  N  2  U   -1969.11380006594           6.9E-04  1.8E-02
etot    2  Y  Y  6  M   -1969.11463317727  8.3E-04  1.1E-05  2.4E-04
etot    3  N  Y  2  U   -1969.11467607119  4.3E-05  8.7E-06  8.1E-04
etot    4  N  Y  2  U   -1969.11469584956  2.0E-05  3.4E-06  5.6E-04
etot    5  N  N  2  U   -1969.11469901283  3.2E-06  0.0E+00  0.0E+00
scf (DFT) done.
der1a (1-e 1st deriv.) done.
rwr (1st deriv. Q) done.
der1b (2-e 1st deriv.) done.
  Geometry optimization step  35
  Total energy:     -1969.17191799207 hartrees
  energy change:          -5.2992E-04 .  (  5.0000E-05 )
  gradient maximum:        9.8274E-04 .  (  4.5000E-04 )
  gradient rms:            1.4040E-04 *  (  3.0000E-04 )
  displacement maximum:    1.0987E-02 .  (  1.8000E-03 )
  displacement rms:        1.8537E-03 .  (  1.2000E-03 )
  
  predicted energy change: -6.8492E-06
  step size:     0.02866
  trust radius:  0.03750
---------------- geometry iteration  35 complete ----------------
geopt (optimize geometry) done.
onee (1-electron integrals) done.
probe (project orbitals) done.
grid (grid generation) done.
rwr (Q operators) done.
  
       i  u  d  i  g
       t  p  i  c  r                                 RMS    maximum
       e  d  i  u  i                       energy  density   DIIS  
       r  t  s  t  d       total energy    change  change    error 
  
etot    1  N  N  2  U   -1969.11370678269           5.3E-05  1.4E-03
etot    2  Y  Y  6  M   -1969.11420115581  4.9E-04  2.7E-05  1.4E-03
etot    3  N  Y  2  U   -1969.11389147181 -3.1E-04  2.2E-05  6.0E-03
etot    4  N  Y  2  U   -1969.11420772315  3.2E-04  3.6E-06  3.2E-04
etot    5  N  Y  2  U   -1969.11421029621  2.6E-06  1.3E-06  4.7E-05
etot    6  N  N  2  U   -1969.11421072513  4.3E-07  0.0E+00  0.0E+00
scf (DFT) done.
der1a (1-e 1st deriv.) done.
rwr (1st deriv. Q) done.
der1b (2-e 1st deriv.) done.
  Geometry optimization step  36
  Total energy:     -1969.17146756051 hartrees
  energy change:           4.5043E-04 .  (  5.0000E-05 )
  gradient maximum:        4.9242E-04 .  (  4.5000E-04 )
  gradient rms:            8.8554E-05 *  (  3.0000E-04 )
  displacement maximum:    4.0125E-03 .  (  1.8000E-03 )
  displacement rms:        8.6205E-04 *  (  1.2000E-03 )
  
  predicted energy change: -2.8638E-06
  step size:     0.01333
  trust radius:  0.03750
---------------- geometry iteration  36 complete ----------------
geopt (optimize geometry) done.
onee (1-electron integrals) done.
probe (project orbitals) done.
grid (grid generation) done.
rwr (Q operators) done.
  
       i  u  d  i  g
       t  p  i  c  r                                 RMS    maximum
       e  d  i  u  i                       energy  density   DIIS  
       r  t  s  t  d       total energy    change  change    error 
  
etot    1  N  N  2  U   -1969.11411819755           1.9E-05  3.3E-04
etot    2  N  Y  2  U   -1969.11419767294  7.9E-05  6.4E-06  8.4E-05
etot    3  N  Y  2  U   -1969.11418885742 -8.8E-06  5.3E-06  2.9E-04
etot    4  N  Y  2  U   -1969.11419878091  9.9E-06  1.2E-06  1.4E-04
etot    5  N  N  2  U   -1969.11419903629  2.6E-07  0.0E+00  0.0E+00
scf (DFT) done.
der1a (1-e 1st deriv.) done.
rwr (1st deriv. Q) done.
der1b (2-e 1st deriv.) done.
  Geometry optimization step  37
  Total energy:     -1969.17142769226 hartrees
  energy change:           3.9868E-05 *  (  5.0000E-05 )
  gradient maximum:        3.3527E-04 *  (  4.5000E-04 )
  gradient rms:            6.3733E-05 *  (  3.0000E-04 )
  displacement maximum:    1.1792E-02 .  (  1.8000E-03 )
  displacement rms:        1.7523E-03 .  (  1.2000E-03 )
  
  predicted energy change: -3.5130E-06
  step size:     0.02709
  trust radius:  0.03750
---------------- geometry iteration  37 complete ----------------
geopt (optimize geometry) done.
onee (1-electron integrals) done.
probe (project orbitals) done.
grid (grid generation) done.
rwr (Q operators) done.
  
       i  u  d  i  g
       t  p  i  c  r                                 RMS    maximum
       e  d  i  u  i                       energy  density   DIIS  
       r  t  s  t  d       total energy    change  change    error 
  
etot    1  N  N  2  U   -1969.11381489103           4.0E-05  1.0E-03
etot    2  N  Y  2  U   -1969.11419074267  3.8E-04  1.5E-05  6.8E-04
etot    3  N  Y  2  U   -1969.11410442643 -8.6E-05  1.2E-05  3.2E-03
etot    4  N  Y  2  U   -1969.11419541673  9.1E-05  2.5E-06  3.2E-04
etot    5  N  N  2  U   -1969.11419673245  1.3E-06  0.0E+00  0.0E+00
scf (DFT) done.
der1a (1-e 1st deriv.) done.
rwr (1st deriv. Q) done.
der1b (2-e 1st deriv.) done.
  Geometry optimization step  38
  Total energy:     -1969.17143166154 hartrees
  energy change:          -3.9693E-06 *  (  5.0000E-05 )
  gradient maximum:        4.9327E-04 .  (  4.5000E-04 )
  gradient rms:            8.1565E-05 *  (  3.0000E-04 )
  displacement maximum:    3.5627E-03 .  (  1.8000E-03 )
  displacement rms:        6.5057E-04 *  (  1.2000E-03 )
  
  predicted energy change: -2.7658E-06
  step size:     0.01006
  trust radius:  0.03750
---------------- geometry iteration  38 complete ----------------
geopt (optimize geometry) done.
onee (1-electron integrals) done.
probe (project orbitals) done.
grid (grid generation) done.
rwr (Q operators) done.
  
       i  u  d  i  g
       t  p  i  c  r                                 RMS    maximum
       e  d  i  u  i                       energy  density   DIIS  
       r  t  s  t  d       total energy    change  change    error 
  
etot    1  N  N  2  U   -1969.11419304448           1.6E-05  3.0E-04
etot    2  N  Y  2  U   -1969.11423529986  4.2E-05  1.1E-05  2.3E-04
etot    3  N  Y  2  U   -1969.11420901350 -2.6E-05  7.9E-06  8.4E-04
etot    4  N  Y  2  U   -1969.11423891561  3.0E-05  1.6E-06  3.5E-04
etot    5  N  N  2  U   -1969.11424013394  1.2E-06  0.0E+00  0.0E+00
scf (DFT) done.
der1a (1-e 1st deriv.) done.
rwr (1st deriv. Q) done.
der1b (2-e 1st deriv.) done.
  Geometry optimization step  39
  Total energy:     -1969.17148664783 hartrees
  energy change:          -5.4986E-05 .  (  5.0000E-05 )
  gradient maximum:        4.3888E-04 *  (  4.5000E-04 )
  gradient rms:            7.3526E-05 *  (  3.0000E-04 )
  displacement maximum:    1.4167E-02 .  (  1.8000E-03 )
  displacement rms:        2.2577E-03 .  (  1.2000E-03 )
  
  predicted energy change: -7.0533E-06
  step size:     0.03490
  trust radius:  0.03750
---------------- geometry iteration  39 complete ----------------
geopt (optimize geometry) done.
onee (1-electron integrals) done.
probe (project orbitals) done.
grid (grid generation) done.
rwr (Q operators) done.
  
       i  u  d  i  g
       t  p  i  c  r                                 RMS    maximum
       e  d  i  u  i                       energy  density   DIIS  
       r  t  s  t  d       total energy    change  change    error 
  
etot    1  N  N  2  U   -1969.11359150940           4.8E-05  1.3E-03
etot    2  N  Y  2  U   -1969.11422205068  6.3E-04  9.8E-06  3.1E-04
etot    3  N  Y  2  U   -1969.11419719023 -2.5E-05  8.4E-06  1.4E-03
etot    4  N  Y  2  U   -1969.11422266783  2.5E-05  3.1E-06  6.2E-04
etot    5  N  N  2  U   -1969.11422577098  3.1E-06  0.0E+00  0.0E+00
scf (DFT) done.
der1a (1-e 1st deriv.) done.
rwr (1st deriv. Q) done.
der1b (2-e 1st deriv.) done.
  Geometry optimization step  40
  Total energy:     -1969.17151474126 hartrees
  energy change:          -2.8093E-05 *  (  5.0000E-05 )
  gradient maximum:        1.1383E-03 .  (  4.5000E-04 )
  gradient rms:            1.6698E-04 *  (  3.0000E-04 )
  displacement maximum:    6.3821E-03 .  (  1.8000E-03 )
  displacement rms:        1.2330E-03 .  (  1.2000E-03 )
  
  predicted energy change: -8.7506E-06
  step size:     0.01906
  trust radius:  0.01875
---------------- geometry iteration  40 complete ----------------
geopt (optimize geometry) done.
onee (1-electron integrals) done.
probe (project orbitals) done.
grid (grid generation) done.
rwr (Q operators) done.
  
       i  u  d  i  g
       t  p  i  c  r                                 RMS    maximum
       e  d  i  u  i                       energy  density   DIIS  
       r  t  s  t  d       total energy    change  change    error 
  
etot    1  N  N  2  U   -1969.11397273165           3.3E-05  9.2E-04
etot    2  N  Y  2  U   -1969.11424743228  2.7E-04  2.0E-05  8.3E-04
etot    3  N  Y  2  U   -1969.11411137416 -1.4E-04  1.6E-05  3.5E-03
etot    4  N  Y  2  U   -1969.11425594039  1.4E-04  3.7E-06  6.2E-04
etot    5  N  N  2  U   -1969.11426155244  5.6E-06  0.0E+00  0.0E+00
scf (DFT) done.
der1a (1-e 1st deriv.) done.
rwr (1st deriv. Q) done.
der1b (2-e 1st deriv.) done.
  Geometry optimization step  41
  Total energy:     -1969.17156210393 hartrees
  energy change:          -4.7363E-05 *  (  5.0000E-05 )
  gradient maximum:        6.4927E-04 .  (  4.5000E-04 )
  gradient rms:            9.1572E-05 *  (  3.0000E-04 )
  displacement maximum:    1.0045E-02 .  (  1.8000E-03 )
  displacement rms:        1.7371E-03 .  (  1.2000E-03 )
  
  predicted energy change: -1.2318E-05
  step size:     0.02685
  trust radius:  0.02652
---------------- geometry iteration  41 complete ----------------
geopt (optimize geometry) done.
onee (1-electron integrals) done.
probe (project orbitals) done.
grid (grid generation) done.
rwr (Q operators) done.
  
       i  u  d  i  g
       t  p  i  c  r                                 RMS    maximum
       e  d  i  u  i                       energy  density   DIIS  
       r  t  s  t  d       total energy    change  change    error 
  
etot    1  N  N  2  U   -1969.11348991580           4.9E-05  1.3E-03
etot    2  N  Y  2  U   -1969.11417131129  6.8E-04  1.7E-05  4.6E-04
etot    3  N  Y  2  U   -1969.11408776026 -8.4E-05  1.4E-05  2.2E-03
etot    4  N  Y  2  U   -1969.11417658588  8.9E-05  3.9E-06  6.5E-04
etot    5  N  N  2  U   -1969.11417916725  2.6E-06  0.0E+00  0.0E+00
scf (DFT) done.
der1a (1-e 1st deriv.) done.
rwr (1st deriv. Q) done.
der1b (2-e 1st deriv.) done.
  Geometry optimization step  42
  Total energy:     -1969.17155474942 hartrees
  energy change:           7.3545E-06 *  (  5.0000E-05 )
  gradient maximum:        5.4201E-04 .  (  4.5000E-04 )
  gradient rms:            1.1639E-04 *  (  3.0000E-04 )
  displacement maximum:    1.4230E-02 .  (  1.8000E-03 )
  displacement rms:        2.4848E-03 .  (  1.2000E-03 )
  
  predicted energy change: -1.0841E-05
  step size:     0.03841
  trust radius:  0.03750
---------------- geometry iteration  42 complete ----------------
geopt (optimize geometry) done.
onee (1-electron integrals) done.
probe (project orbitals) done.
grid (grid generation) done.
rwr (Q operators) done.
  
       i  u  d  i  g
       t  p  i  c  r                                 RMS    maximum
       e  d  i  u  i                       energy  density   DIIS  
       r  t  s  t  d       total energy    change  change    error 
  
etot    1  N  N  2  U   -1969.11268983255           6.9E-05  1.9E-03
etot    2  Y  Y  6  M   -1969.11388386270  1.2E-03  3.3E-05  1.4E-03
etot    3  N  Y  2  U   -1969.11349743775 -3.9E-04  2.6E-05  6.4E-03
etot    4  N  Y  2  U   -1969.11392005487  4.2E-04  5.8E-06  6.7E-04
etot    5  N  Y  2  U   -1969.11392564646  5.6E-06  2.5E-06  2.0E-04
etot    6  N  N  2  U   -1969.11392813756  2.5E-06  0.0E+00  0.0E+00
scf (DFT) done.
der1a (1-e 1st deriv.) done.
rwr (1st deriv. Q) done.
der1b (2-e 1st deriv.) done.
  Geometry optimization step  43
  Total energy:     -1969.17145922690 hartrees
  energy change:           9.5523E-05 .  (  5.0000E-05 )
  gradient maximum:        8.2992E-04 .  (  4.5000E-04 )
  gradient rms:            1.2045E-04 *  (  3.0000E-04 )
  displacement maximum:    8.2421E-03 .  (  1.8000E-03 )
  displacement rms:        1.2861E-03 .  (  1.2000E-03 )
  
  predicted energy change: -4.9410E-06
  step size:     0.01988
  trust radius:  0.05303
---------------- geometry iteration  43 complete ----------------
geopt (optimize geometry) done.
onee (1-electron integrals) done.
probe (project orbitals) done.
grid (grid generation) done.
rwr (Q operators) done.
  
       i  u  d  i  g
       t  p  i  c  r                                 RMS    maximum
       e  d  i  u  i                       energy  density   DIIS  
       r  t  s  t  d       total energy    change  change    error 
  
etot    1  N  N  2  U   -1969.11356257299           2.9E-05  7.4E-04
etot    2  N  Y  2  U   -1969.11376740466  2.0E-04  5.7E-06  1.3E-04
etot    3  N  Y  2  U   -1969.11376074550 -6.7E-06  4.7E-06  6.4E-04
etot    4  N  N  2  U   -1969.11376767284  6.9E-06  0.0E+00  0.0E+00
scf (DFT) done.
der1a (1-e 1st deriv.) done.
rwr (1st deriv. Q) done.
der1b (2-e 1st deriv.) done.
  Geometry optimization step  44
  Total energy:     -1969.17134641570 hartrees
  energy change:           1.1281E-04 .  (  5.0000E-05 )
  gradient maximum:        6.9854E-04 .  (  4.5000E-04 )
  gradient rms:            8.1071E-05 *  (  3.0000E-04 )
  displacement maximum:    2.3075E-02 .  (  1.8000E-03 )
  displacement rms:        3.4319E-03 .  (  1.2000E-03 )
  
  predicted energy change: -7.9572E-06
  step size:     0.05306
  trust radius:  0.05303
---------------- geometry iteration  44 complete ----------------
geopt (optimize geometry) done.
onee (1-electron integrals) done.
probe (project orbitals) done.
grid (grid generation) done.
rwr (Q operators) done.
  
       i  u  d  i  g
       t  p  i  c  r                                 RMS    maximum
       e  d  i  u  i                       energy  density   DIIS  
       r  t  s  t  d       total energy    change  change    error 
  
etot    1  N  N  2  U   -1969.11219544680           6.9E-04  1.9E-02
etot    2  Y  Y  6  M   -1969.11398238263  1.8E-03  4.0E-05  1.5E-03
etot    3  N  Y  2  U   -1969.11352868481 -4.5E-04  3.1E-05  7.0E-03
etot    4  N  Y  2  U   -1969.11407937212  5.5E-04  8.4E-06  1.1E-03
etot    5  N  Y  2  U   -1969.11409614816  1.7E-05  3.2E-06  2.8E-04
etot    6  N  N  2  U   -1969.11409950774  3.4E-06  0.0E+00  0.0E+00
scf (DFT) done.
der1a (1-e 1st deriv.) done.
rwr (1st deriv. Q) done.
der1b (2-e 1st deriv.) done.
  Geometry optimization step  45
  Total energy:     -1969.17172782241 hartrees
  energy change:          -3.8141E-04 .  (  5.0000E-05 )
  gradient maximum:        6.0916E-03 .  (  4.5000E-04 )
  gradient rms:            8.1616E-04 .  (  3.0000E-04 )
  displacement maximum:    7.6636E-03 .  (  1.8000E-03 )
  displacement rms:        1.7215E-03 .  (  1.2000E-03 )
  
  predicted energy change: -1.0978E-04
  step size:     0.02661
  trust radius:  0.02652
---------------- geometry iteration  45 complete ----------------
geopt (optimize geometry) done.
onee (1-electron integrals) done.
probe (project orbitals) done.
grid (grid generation) done.
rwr (Q operators) done.
  
       i  u  d  i  g
       t  p  i  c  r                                 RMS    maximum
       e  d  i  u  i                       energy  density   DIIS  
       r  t  s  t  d       total energy    change  change    error 
  
etot    1  N  N  2  U   -1969.11301315008           6.7E-05  1.8E-03
etot    2  Y  Y  6  M   -1969.11375152442  7.4E-04  1.8E-05  2.2E-04
etot    3  N  Y  2  U   -1969.11367205115 -7.9E-05  1.4E-05  7.3E-04
etot    4  N  Y  2  U   -1969.11374230880  7.0E-05  3.9E-06  4.9E-04
etot    5  N  N  2  U   -1969.11374623920  3.9E-06  0.0E+00  0.0E+00
scf (DFT) done.
der1a (1-e 1st deriv.) done.
rwr (1st deriv. Q) done.
der1b (2-e 1st deriv.) done.
  Geometry optimization step  46
  Total energy:     -1969.17146410535 hartrees
  energy change:           2.6372E-04 .  (  5.0000E-05 )
  gradient maximum:        7.8768E-04 .  (  4.5000E-04 )
  gradient rms:            1.6725E-04 *  (  3.0000E-04 )
  displacement maximum:    1.6356E-02 .  (  1.8000E-03 )
  displacement rms:        2.4594E-03 .  (  1.2000E-03 )
  
  predicted energy change: -1.6189E-05
  step size:     0.03802
  trust radius:  0.03750
---------------- geometry iteration  46 complete ----------------
geopt (optimize geometry) done.
onee (1-electron integrals) done.
probe (project orbitals) done.
grid (grid generation) done.
rwr (Q operators) done.
  
       i  u  d  i  g
       t  p  i  c  r                                 RMS    maximum
       e  d  i  u  i                       energy  density   DIIS  
       r  t  s  t  d       total energy    change  change    error 
  
etot    1  N  N  2  U   -1969.11299653286           6.1E-05  1.5E-03
etot    2  Y  Y  6  M   -1969.11373768412  7.4E-04  3.4E-05  1.9E-03
etot    3  N  Y  2  U   -1969.11323890954 -5.0E-04  2.8E-05  7.8E-03
etot    4  N  Y  2  U   -1969.11375049321  5.1E-04  3.6E-06  2.8E-04
etot    5  N  Y  2  U   -1969.11375288921  2.4E-06  1.5E-06  5.8E-05
etot    6  N  N  2  U   -1969.11375359928  7.1E-07  0.0E+00  0.0E+00
scf (DFT) done.
der1a (1-e 1st deriv.) done.
rwr (1st deriv. Q) done.
der1b (2-e 1st deriv.) done.
  Geometry optimization step  47
  Total energy:     -1969.17135479049 hartrees
  energy change:           1.0931E-04 .  (  5.0000E-05 )
  gradient maximum:        1.0732E-03 .  (  4.5000E-04 )
  gradient rms:            1.4857E-04 *  (  3.0000E-04 )
  displacement maximum:    7.9594E-03 .  (  1.8000E-03 )
  displacement rms:        1.2255E-03 .  (  1.2000E-03 )
  
  predicted energy change: -9.6302E-06
  step size:     0.01895
  trust radius:  0.01875
---------------- geometry iteration  47 complete ----------------
geopt (optimize geometry) done.
onee (1-electron integrals) done.
probe (project orbitals) done.
grid (grid generation) done.
rwr (Q operators) done.
  
       i  u  d  i  g
       t  p  i  c  r                                 RMS    maximum
       e  d  i  u  i                       energy  density   DIIS  
       r  t  s  t  d       total energy    change  change    error 
  
etot    1  N  N  2  U   -1969.11351939441           3.7E-05  7.9E-04
etot    2  N  Y  2  U   -1969.11377612389  2.6E-04  7.9E-06  2.8E-04
etot    3  N  Y  2  U   -1969.11375761876 -1.9E-05  6.7E-06  1.3E-03
etot    4  N  Y  2  U   -1969.11377673380  1.9E-05  2.2E-06  4.1E-04
etot    5  N  N  2  U   -1969.11377824130  1.5E-06  0.0E+00  0.0E+00
scf (DFT) done.
der1a (1-e 1st deriv.) done.
rwr (1st deriv. Q) done.
der1b (2-e 1st deriv.) done.
  Geometry optimization step  48
  Total energy:     -1969.17141409337 hartrees
  energy change:          -5.9303E-05 .  (  5.0000E-05 )
  gradient maximum:        3.6657E-04 *  (  4.5000E-04 )
  gradient rms:            7.9053E-05 *  (  3.0000E-04 )
  displacement maximum:    5.2217E-03 .  (  1.8000E-03 )
  displacement rms:        9.1748E-04 *  (  1.2000E-03 )
  
  predicted energy change: -2.7084E-06
  step size:     0.01418
  trust radius:  0.01875
---------------- geometry iteration  48 complete ----------------
geopt (optimize geometry) done.
onee (1-electron integrals) done.
probe (project orbitals) done.
grid (grid generation) done.
rwr (Q operators) done.
  
       i  u  d  i  g
       t  p  i  c  r                                 RMS    maximum
       e  d  i  u  i                       energy  density   DIIS  
       r  t  s  t  d       total energy    change  change    error 
  
etot    1  N  N  2  U   -1969.11364472848           2.8E-05  4.9E-04
etot    2  N  Y  2  U   -1969.11375070341  1.1E-04  1.1E-05  3.7E-04
etot    3  N  Y  2  U   -1969.11371538626 -3.5E-05  8.6E-06  1.6E-03
etot    4  N  Y  2  U   -1969.11375267004  3.7E-05  2.2E-06  4.4E-04
etot    5  N  N  2  U   -1969.11375488062  2.2E-06  0.0E+00  0.0E+00
scf (DFT) done.
der1a (1-e 1st deriv.) done.
rwr (1st deriv. Q) done.
der1b (2-e 1st deriv.) done.
  Geometry optimization step  49
  Total energy:     -1969.17136653431 hartrees
  energy change:           4.7559E-05 *  (  5.0000E-05 )
  gradient maximum:        5.4948E-04 .  (  4.5000E-04 )
  gradient rms:            6.7740E-05 *  (  3.0000E-04 )
  displacement maximum:    7.1564E-03 .  (  1.8000E-03 )
  displacement rms:        1.2209E-03 .  (  1.2000E-03 )
  
  predicted energy change: -4.2569E-06
  step size:     0.01888
  trust radius:  0.01875
---------------- geometry iteration  49 complete ----------------
geopt (optimize geometry) done.
onee (1-electron integrals) done.
probe (project orbitals) done.
grid (grid generation) done.
rwr (Q operators) done.
  
       i  u  d  i  g
       t  p  i  c  r                                 RMS    maximum
       e  d  i  u  i                       energy  density   DIIS  
       r  t  s  t  d       total energy    change  change    error 
  
etot    1  N  N  2  U   -1969.11351512275           3.5E-05  9.4E-04
etot    2  N  Y  2  U   -1969.11380133668  2.9E-04  8.8E-06  3.1E-04
etot    3  N  Y  2  U   -1969.11377675524 -2.5E-05  7.4E-06  1.5E-03
etot    4  N  Y  2  U   -1969.11380291413  2.6E-05  2.1E-06  3.8E-04
etot    5  N  N  2  U   -1969.11380366290  7.5E-07  0.0E+00  0.0E+00
scf (DFT) done.
der1a (1-e 1st deriv.) done.
rwr (1st deriv. Q) done.
der1b (2-e 1st deriv.) done.
  Geometry optimization step  50
  Total energy:     -1969.17136950800 hartrees
  energy change:          -2.9737E-06 *  (  5.0000E-05 )
  gradient maximum:        4.6307E-04 .  (  4.5000E-04 )
  gradient rms:            8.3292E-05 *  (  3.0000E-04 )
  displacement maximum:    3.9180E-03 .  (  1.8000E-03 )
  displacement rms:        7.7080E-04 *  (  1.2000E-03 )
  
  predicted energy change: -1.8770E-06
  step size:     0.01192
  trust radius:  0.02652
---------------- geometry iteration  50 complete ----------------
geopt (optimize geometry) done.
onee (1-electron integrals) done.
probe (project orbitals) done.
grid (grid generation) done.
rwr (Q operators) done.
  
       i  u  d  i  g
       t  p  i  c  r                                 RMS    maximum
       e  d  i  u  i                       energy  density   DIIS  
       r  t  s  t  d       total energy    change  change    error 
  
etot    1  N  N  2  U   -1969.11376439026           1.8E-05  4.5E-04
etot    2  N  Y  2  U   -1969.11383453110  7.0E-05  1.2E-05  4.4E-04
etot    3  N  Y  2  U   -1969.11379171505 -4.3E-05  9.2E-06  1.7E-03
etot    4  N  Y  2  U   -1969.11383795394  4.6E-05  2.1E-06  3.6E-04
etot    5  N  N  2  U   -1969.11383957347  1.6E-06  0.0E+00  0.0E+00
scf (DFT) done.
der1a (1-e 1st deriv.) done.
rwr (1st deriv. Q) done.
der1b (2-e 1st deriv.) done.
  Geometry optimization step  51
  Total energy:     -1969.17137391525 hartrees
  energy change:          -4.4073E-06 *  (  5.0000E-05 )
  gradient maximum:        3.3233E-04 *  (  4.5000E-04 )
  gradient rms:            6.2597E-05 *  (  3.0000E-04 )
  displacement maximum:    4.3564E-03 .  (  1.8000E-03 )
  displacement rms:        6.6164E-04 *  (  1.2000E-03 )
  
  predicted energy change: -2.2024E-06
  step size:     0.01023
  trust radius:  0.02652
---------------- geometry iteration  51 complete ----------------
geopt (optimize geometry) done.
onee (1-electron integrals) done.
probe (project orbitals) done.
grid (grid generation) done.
rwr (Q operators) done.
  
       i  u  d  i  g
       t  p  i  c  r                                 RMS    maximum
       e  d  i  u  i                       energy  density   DIIS  
       r  t  s  t  d       total energy    change  change    error 
  
etot    1  N  N  2  U   -1969.11371344345           2.0E-05  5.2E-04
etot    2  N  Y  2  U   -1969.11379230849  7.9E-05  9.3E-06  3.5E-04
etot    3  N  Y  2  U   -1969.11376375594 -2.9E-05  7.3E-06  1.6E-03
etot    4  N  Y  2  U   -1969.11379400938  3.0E-05  1.7E-06  2.1E-04
etot    5  N  N  2  U   -1969.11379461020  6.0E-07  0.0E+00  0.0E+00
scf (DFT) done.
der1a (1-e 1st deriv.) done.
rwr (1st deriv. Q) done.
der1b (2-e 1st deriv.) done.
  Geometry optimization step  52
  Total energy:     -1969.17133964611 hartrees
  energy change:           3.4269E-05 *  (  5.0000E-05 )
  gradient maximum:        3.2412E-04 *  (  4.5000E-04 )
  gradient rms:            7.4912E-05 *  (  3.0000E-04 )
  displacement maximum:    3.6856E-03 .  (  1.8000E-03 )
  displacement rms:        5.6440E-04 *  (  1.2000E-03 )
  
  predicted energy change: -1.9327E-06
  step size:     0.00873
  trust radius:  0.01326
---------------- geometry iteration  52 complete ----------------
geopt (optimize geometry) done.
onee (1-electron integrals) done.
probe (project orbitals) done.
grid (grid generation) done.
rwr (Q operators) done.
  
       i  u  d  i  g
       t  p  i  c  r                                 RMS    maximum
       e  d  i  u  i                       energy  density   DIIS  
       r  t  s  t  d       total energy    change  change    error 
  
etot    1  N  N  2  U   -1969.11375749587           1.3E-05  3.1E-04
etot    2  N  Y  2  U   -1969.11379380276  3.6E-05  9.3E-06  3.3E-04
etot    3  N  Y  2  U   -1969.11376866929 -2.5E-05  7.0E-06  1.3E-03
etot    4  N  Y  2  U   -1969.11379569450  2.7E-05  1.4E-06  2.4E-04
etot    5  N  N  2  U   -1969.11379651967  8.3E-07  0.0E+00  0.0E+00
scf (DFT) done.
der1a (1-e 1st deriv.) done.
rwr (1st deriv. Q) done.
der1b (2-e 1st deriv.) done.
  Geometry optimization step  53
  Total energy:     -1969.17135746550 hartrees
  energy change:          -1.7819E-05 *  (  5.0000E-05 )
  gradient maximum:        2.6014E-04 *  (  4.5000E-04 )
  gradient rms:            3.7171E-05 #  (  3.0000E-04 )
  displacement maximum:    5.3732E-03 .  (  1.8000E-03 )
  displacement rms:        8.7604E-04 *  (  1.2000E-03 )
  
  predicted energy change: -1.5178E-06
  step size:     0.01354
  trust radius:  0.01326
------------- final geometry iteration  53 complete -------------
geopt (optimize geometry) done.
cutabab2 (abab integrals) done.
der2a (1-e JK-1st deriv.) done.
der2b (2-e JK-1st deriv.) done.
der2nda (1-e 2nd deriv.) done.
der2ndb (2-e 2nd deriv.) done.
rwr (Q operators) done.
cphfa (gradient of wave function) done.
freq (vib. frequencies) done.
Job J1_10262_2111 completed on hpc-90-22.cm.cluster at Wed May 29 12:44:51 2024
Timer (jaguar_backend.py) : 6205.11 secs (1 hrs, 43 mins, 25 secs)
Finished:   Wed May 29 12:44:51 2024
