Command:  /groups/wag/programs/Schrodinger_2020_3/jaguar run -WAIT -PARALLEL 8 /central/home/labounad/wittig-ch121/out/J1_6570_2111/J1_6570_2111.in
Release:  2020-3
Exec:     /groups/wag/programs/Schrodinger_2020_3/jaguar-v10.9/bin/Linux-x86_64
Host:     hpc-24-16.cm.cluster
JobId:    hpc-24-16-0-66573631
JobDir:   /central/scratch/labounad/J1_6570_2111#hpc-24-16-0-66573631
Date:     Wed May 29 07:05:39 2024

Contents of /central/scratch/labounad/J1_6570_2111#hpc-24-16-0-66573631:
/central/scratch/labounad/J1_6570_2111#hpc-24-16-0-66573631/hpc-24-16-0-66573631.nodes
/central/scratch/labounad/J1_6570_2111#hpc-24-16-0-66573631/J1_6570_2111.log
/central/scratch/labounad/J1_6570_2111#hpc-24-16-0-66573631/.write_dir.json
/central/scratch/labounad/J1_6570_2111#hpc-24-16-0-66573631/J1_6570_2111.in
/central/scratch/labounad/J1_6570_2111#hpc-24-16-0-66573631/hpc-24-16-0-66573631
/central/scratch/labounad/J1_6570_2111#hpc-24-16-0-66573631/J1_6570_2111.recover
/central/scratch/labounad/J1_6570_2111#hpc-24-16-0-66573631/hpc-24-16-0-66573631.mpinodes
/central/scratch/labounad/J1_6570_2111#hpc-24-16-0-66573631/hpc-24-16-0-66573631.recover

Executing subprocess:
/groups/wag/programs/Schrodinger_2020_3/jaguar-v10.9/bin/Linux-x86_64/jexec J1_6570_2111.in -T 8 -out /central/scratch/labounad/J1_6570_2111#hpc-24-16-0-66573631 -cwd

Job J1_6570_2111 started on hpc-24-16.cm.cluster at Wed May 29 07:05:39 2024
jobid: hpc-24-16-0-66573631 
Jaguar version 10.9, release 139
 Using up to   8 threads per process
Molecular Point Group: C1      
Point Group used: C1
pre (input checking) done.
onee (1-electron integrals) done.
hfig (HF initial guess) done.
probe (project orbitals) done.
grid (grid generation) done.
rwr (Q operators) done.
scf type: DFT=PBE(X+LC)+PW91 (PBE-D3)
  
       i  u  d  i  g
       t  p  i  c  r                                 RMS    maximum
       e  d  i  u  i                       energy  density   DIIS  
       r  t  s  t  d       total energy    change  change    error 
  
etot    1  N  N  5  M    -653.89281865692           7.2E-03  1.6E-01
etot    2  Y  Y  6  M    -654.51440592254  6.2E-01  6.4E-03  1.3E-01
etot    3  Y  Y  6  M    -655.13001871433  6.2E-01  3.8E-03  1.2E-01
etot    4  N  Y  2  U    -655.87706076793  7.5E-01  1.6E-03  7.2E-02
etot    5  Y  Y  6  M    -656.02922752807  1.5E-01  8.4E-04  2.9E-02
etot    6  N  Y  2  U    -656.05331285790  2.4E-02  4.4E-04  2.0E-02
etot    7  Y  Y  6  M    -656.06338976834  1.0E-02  1.7E-04  8.5E-03
etot    8  N  Y  2  U    -656.06585118165  2.5E-03  5.8E-05  1.5E-03
etot    9  Y  Y  6  M    -656.06610241213  2.5E-04  1.9E-05  3.3E-04
etot   10  N  Y  2  U    -656.06608837616 -1.4E-05  5.2E-06  6.5E-05
etot   11  N  Y  2  U    -656.06608958115  1.2E-06  1.3E-06  1.4E-05
etot   12  N  N  2  U    -656.06608963037  4.9E-08  0.0E+00  0.0E+00
scf (DFT) done.
der1a (1-e 1st deriv.) done.
rwr (1st deriv. Q) done.
der1b (2-e 1st deriv.) done.
  Geometry optimization step   1
  Total energy:      -656.08417590919 hartrees
  gradient maximum:        5.5758E-02 .  (  4.5000E-04 )
  gradient rms:            1.0460E-02 .  (  3.0000E-04 )
  displacement maximum:    1.3296E-01 .  (  1.8000E-03 )
  displacement rms:        3.0623E-02 .  (  1.2000E-03 )
  
  predicted energy change: -1.4259E-02
  step size:     0.30004
  trust radius:  0.30000
---------------- geometry iteration   1 complete ----------------
geopt (optimize geometry) done.
onee (1-electron integrals) done.
probe (project orbitals) done.
grid (grid generation) done.
rwr (Q operators) done.
  
       i  u  d  i  g
       t  p  i  c  r                                 RMS    maximum
       e  d  i  u  i                       energy  density   DIIS  
       r  t  s  t  d       total energy    change  change    error 
  
etot    1  N  N  2  U    -656.07044280183           5.3E-04  9.6E-03
etot    2  Y  Y  6  M    -656.07804563168  7.6E-03  3.1E-04  4.3E-03
etot    3  N  Y  2  U    -656.07516366711 -2.9E-03  2.1E-04  7.7E-03
etot    4  Y  Y  6  M    -656.07958735176  4.4E-03  4.4E-05  1.5E-03
etot    5  N  Y  2  U    -656.07967813311  9.1E-05  8.1E-06  1.5E-04
etot    6  N  Y  2  U    -656.07968200815  3.9E-06  2.5E-06  5.9E-05
etot    7  N  N  2  U    -656.07968225632  2.5E-07  0.0E+00  0.0E+00
scf (DFT) done.
der1a (1-e 1st deriv.) done.
rwr (1st deriv. Q) done.
der1b (2-e 1st deriv.) done.
  Geometry optimization step   2
  Total energy:      -656.09783483399 hartrees
  energy change:          -1.3659E-02 .  (  5.0000E-05 )
  gradient maximum:        1.1229E-02 .  (  4.5000E-04 )
  gradient rms:            2.3487E-03 .  (  3.0000E-04 )
  displacement maximum:    1.3830E-01 .  (  1.8000E-03 )
  displacement rms:        2.6770E-02 .  (  1.2000E-03 )
  
  predicted energy change: -1.2415E-03
  step size:     0.26229
  trust radius:  0.30000
---------------- geometry iteration   2 complete ----------------
geopt (optimize geometry) done.
onee (1-electron integrals) done.
probe (project orbitals) done.
grid (grid generation) done.
rwr (Q operators) done.
  
       i  u  d  i  g
       t  p  i  c  r                                 RMS    maximum
       e  d  i  u  i                       energy  density   DIIS  
       r  t  s  t  d       total energy    change  change    error 
  
etot    1  N  N  2  U    -656.06266022691           5.8E-04  1.1E-02
etot    2  Y  Y  6  M    -656.08023812403  1.8E-02  1.4E-04  1.7E-03
etot    3  N  Y  2  U    -656.07937981710 -8.6E-04  1.1E-04  4.7E-03
etot    4  Y  Y  6  M    -656.08054184131  1.2E-03  2.4E-05  6.8E-04
etot    5  N  Y  2  U    -656.08055782361  1.6E-05  7.3E-06  1.5E-04
etot    6  N  Y  2  U    -656.08056173807  3.9E-06  2.7E-06  7.7E-05
etot    7  N  N  2  U    -656.08056183289  9.5E-08  0.0E+00  0.0E+00
scf (DFT) done.
der1a (1-e 1st deriv.) done.
rwr (1st deriv. Q) done.
der1b (2-e 1st deriv.) done.
  Geometry optimization step   3
  Total energy:      -656.09895659909 hartrees
  energy change:          -1.1218E-03 .  (  5.0000E-05 )
  gradient maximum:        3.0965E-03 .  (  4.5000E-04 )
  gradient rms:            8.0113E-04 .  (  3.0000E-04 )
  displacement maximum:    1.1260E-01 .  (  1.8000E-03 )
  displacement rms:        1.8901E-02 .  (  1.2000E-03 )
  
  predicted energy change: -3.3649E-04
  step size:     0.18519
  trust radius:  0.30000
---------------- geometry iteration   3 complete ----------------
geopt (optimize geometry) done.
onee (1-electron integrals) done.
probe (project orbitals) done.
grid (grid generation) done.
rwr (Q operators) done.
  
       i  u  d  i  g
       t  p  i  c  r                                 RMS    maximum
       e  d  i  u  i                       energy  density   DIIS  
       r  t  s  t  d       total energy    change  change    error 
  
etot    1  N  N  2  U    -656.06180308784           6.3E-04  1.2E-02
etot    2  Y  Y  6  M    -656.08031070570  1.9E-02  1.4E-04  3.3E-03
etot    3  N  Y  2  U    -656.07972954814 -5.8E-04  1.1E-04  7.3E-03
etot    4  Y  Y  6  M    -656.08068029233  9.5E-04  3.0E-05  1.6E-03
etot    5  N  Y  2  U    -656.08077843531  9.8E-05  6.4E-06  1.0E-04
etot    6  N  Y  2  U    -656.08078108565  2.7E-06  2.8E-06  5.2E-05
etot    7  N  N  2  U    -656.08078116599  8.0E-08  0.0E+00  0.0E+00
scf (DFT) done.
der1a (1-e 1st deriv.) done.
rwr (1st deriv. Q) done.
der1b (2-e 1st deriv.) done.
  Geometry optimization step   4
  Total energy:      -656.09922876081 hartrees
  energy change:          -2.7216E-04 .  (  5.0000E-05 )
  gradient maximum:        2.7590E-03 .  (  4.5000E-04 )
  gradient rms:            6.5955E-04 .  (  3.0000E-04 )
  displacement maximum:    2.2781E-01 .  (  1.8000E-03 )
  displacement rms:        2.8046E-02 .  (  1.2000E-03 )
  
  predicted energy change: -3.6560E-04
  step size:     0.27479
  trust radius:  0.30000
---------------- geometry iteration   4 complete ----------------
geopt (optimize geometry) done.
onee (1-electron integrals) done.
probe (project orbitals) done.
grid (grid generation) done.
rwr (Q operators) done.
  
       i  u  d  i  g
       t  p  i  c  r                                 RMS    maximum
       e  d  i  u  i                       energy  density   DIIS  
       r  t  s  t  d       total energy    change  change    error 
  
etot    1  N  N  2  U    -656.04350233843           9.1E-04  1.6E-02
etot    2  Y  Y  6  M    -656.08000941544  3.7E-02  2.8E-04  5.7E-03
etot    3  N  Y  2  U    -656.07638303139 -3.6E-03  2.2E-04  1.5E-02
etot    4  Y  Y  6  M    -656.08110244448  4.7E-03  3.7E-05  1.5E-03
etot    5  N  Y  2  U    -656.08124786166  1.5E-04  9.0E-06  1.6E-04
etot    6  N  Y  2  U    -656.08125341703  5.6E-06  3.7E-06  6.1E-05
etot    7  N  N  2  U    -656.08125358705  1.7E-07  0.0E+00  0.0E+00
scf (DFT) done.
der1a (1-e 1st deriv.) done.
rwr (1st deriv. Q) done.
der1b (2-e 1st deriv.) done.
  Geometry optimization step   5
  Total energy:      -656.09974131486 hartrees
  energy change:          -5.1255E-04 .  (  5.0000E-05 )
  gradient maximum:        4.0557E-03 .  (  4.5000E-04 )
  gradient rms:            1.2164E-03 .  (  3.0000E-04 )
  displacement maximum:    2.7499E-01 .  (  1.8000E-03 )
  displacement rms:        3.0674E-02 .  (  1.2000E-03 )
  
  predicted energy change: -8.6428E-04
  step size:     0.30055
  trust radius:  0.30000
---------------- geometry iteration   5 complete ----------------
geopt (optimize geometry) done.
onee (1-electron integrals) done.
probe (project orbitals) done.
grid (grid generation) done.
rwr (Q operators) done.
  
       i  u  d  i  g
       t  p  i  c  r                                 RMS    maximum
       e  d  i  u  i                       energy  density   DIIS  
       r  t  s  t  d       total energy    change  change    error 
  
etot    1  N  N  2  U    -656.03422485132           1.0E-03  1.7E-02
etot    2  Y  Y  6  M    -656.07980650666  4.6E-02  3.8E-04  8.0E-03
etot    3  N  Y  2  U    -656.07318030847 -6.6E-03  2.9E-04  2.1E-02
etot    4  N  Y  2  U    -656.08172483851  8.5E-03  4.5E-05  2.1E-03
etot    5  N  Y  2  U    -656.08187032992  1.5E-04  1.0E-05  1.8E-04
etot    6  N  Y  2  U    -656.08187725938  6.9E-06  3.4E-06  5.4E-05
etot    7  N  N  2  U    -656.08187740367  1.4E-07  0.0E+00  0.0E+00
scf (DFT) done.
der1a (1-e 1st deriv.) done.
rwr (1st deriv. Q) done.
der1b (2-e 1st deriv.) done.
  Geometry optimization step   6
  Total energy:      -656.10040505173 hartrees
  energy change:          -6.6374E-04 .  (  5.0000E-05 )
  gradient maximum:        6.9484E-03 .  (  4.5000E-04 )
  gradient rms:            1.8849E-03 .  (  3.0000E-04 )
  displacement maximum:    1.9409E-01 .  (  1.8000E-03 )
  displacement rms:        3.0685E-02 .  (  1.2000E-03 )
  
  predicted energy change: -1.0008E-03
  step size:     0.30065
  trust radius:  0.30000
---------------- geometry iteration   6 complete ----------------
geopt (optimize geometry) done.
onee (1-electron integrals) done.
probe (project orbitals) done.
grid (grid generation) done.
rwr (Q operators) done.
  
       i  u  d  i  g
       t  p  i  c  r                                 RMS    maximum
       e  d  i  u  i                       energy  density   DIIS  
       r  t  s  t  d       total energy    change  change    error 
  
etot    1  N  N  2  U    -656.05935020815           7.2E-04  1.0E-02
etot    2  Y  Y  6  M    -656.08165425589  2.2E-02  1.9E-04  3.7E-03
etot    3  N  Y  2  U    -656.08011511635 -1.5E-03  1.5E-04  1.0E-02
etot    4  Y  Y  6  M    -656.08203500638  1.9E-03  3.4E-05  1.8E-03
etot    5  N  Y  2  U    -656.08216624855  1.3E-04  8.4E-06  2.0E-04
etot    6  N  Y  2  U    -656.08217235132  6.1E-06  2.3E-06  6.7E-05
etot    7  N  N  2  U    -656.08217253459  1.8E-07  0.0E+00  0.0E+00
scf (DFT) done.
der1a (1-e 1st deriv.) done.
rwr (1st deriv. Q) done.
der1b (2-e 1st deriv.) done.
  Geometry optimization step   7
  Total energy:      -656.10055498037 hartrees
  energy change:          -1.4993E-04 .  (  5.0000E-05 )
  gradient maximum:        9.2718E-03 .  (  4.5000E-04 )
  gradient rms:            3.2057E-03 .  (  3.0000E-04 )
  displacement maximum:    1.1627E-01 .  (  1.8000E-03 )
  displacement rms:        2.1397E-02 .  (  1.2000E-03 )
  
  predicted energy change: -9.7643E-04
  step size:     0.20965
  trust radius:  0.30000
---------------- geometry iteration   7 complete ----------------
geopt (optimize geometry) done.
onee (1-electron integrals) done.
probe (project orbitals) done.
grid (grid generation) done.
rwr (Q operators) done.
  
       i  u  d  i  g
       t  p  i  c  r                                 RMS    maximum
       e  d  i  u  i                       energy  density   DIIS  
       r  t  s  t  d       total energy    change  change    error 
  
etot    1  N  N  2  U    -656.06275876038           6.2E-04  1.0E-02
etot    2  Y  Y  6  M    -656.08241983558  2.0E-02  1.2E-04  2.2E-03
etot    3  N  Y  2  U    -656.08226183977 -1.6E-04  9.6E-05  4.7E-03
etot    4  Y  Y  6  M    -656.08263957348  3.8E-04  3.6E-05  2.4E-03
etot    5  N  Y  2  U    -656.08278739705  1.5E-04  6.8E-06  1.4E-04
etot    6  N  Y  2  U    -656.08279128901  3.9E-06  2.2E-06  3.3E-05
etot    7  N  N  2  U    -656.08279135573  6.7E-08  0.0E+00  0.0E+00
scf (DFT) done.
der1a (1-e 1st deriv.) done.
rwr (1st deriv. Q) done.
der1b (2-e 1st deriv.) done.
  Geometry optimization step   8
  Total energy:      -656.10131614267 hartrees
  energy change:          -7.6116E-04 .  (  5.0000E-05 )
  gradient maximum:        6.1941E-03 .  (  4.5000E-04 )
  gradient rms:            1.5922E-03 .  (  3.0000E-04 )
  displacement maximum:    2.3495E-01 .  (  1.8000E-03 )
  displacement rms:        3.0620E-02 .  (  1.2000E-03 )
  
  predicted energy change: -7.2838E-04
  step size:     0.30001
  trust radius:  0.30000
---------------- geometry iteration   8 complete ----------------
geopt (optimize geometry) done.
onee (1-electron integrals) done.
probe (project orbitals) done.
grid (grid generation) done.
rwr (Q operators) done.
  
       i  u  d  i  g
       t  p  i  c  r                                 RMS    maximum
       e  d  i  u  i                       energy  density   DIIS  
       r  t  s  t  d       total energy    change  change    error 
  
etot    1  N  N  2  U    -656.01972006824           1.1E-03  2.4E-02
etot    2  Y  Y  6  M    -656.08130119956  6.2E-02  3.6E-04  7.7E-03
etot    3  N  Y  2  U    -656.07501038606 -6.3E-03  2.9E-04  2.0E-02
etot    4  N  Y  2  U    -656.08286986230  7.9E-03  5.8E-05  3.6E-03
etot    5  Y  Y  6  M    -656.08311751111  2.5E-04  1.2E-05  2.0E-04
etot    6  N  Y  2  U    -656.08312188065  4.4E-06  5.0E-06  1.6E-04
etot    7  N  N  2  U    -656.08312231125  4.3E-07  0.0E+00  0.0E+00
scf (DFT) done.
der1a (1-e 1st deriv.) done.
rwr (1st deriv. Q) done.
der1b (2-e 1st deriv.) done.
  Geometry optimization step   9
  Total energy:      -656.10155269948 hartrees
  energy change:          -2.3656E-04 .  (  5.0000E-05 )
  gradient maximum:        3.5266E-03 .  (  4.5000E-04 )
  gradient rms:            8.7374E-04 .  (  3.0000E-04 )
  displacement maximum:    2.3062E-01 .  (  1.8000E-03 )
  displacement rms:        2.5012E-02 .  (  1.2000E-03 )
  
  predicted energy change: -5.6715E-04
  step size:     0.24506
  trust radius:  0.30000
---------------- geometry iteration   9 complete ----------------
geopt (optimize geometry) done.
onee (1-electron integrals) done.
probe (project orbitals) done.
grid (grid generation) done.
rwr (Q operators) done.
  
       i  u  d  i  g
       t  p  i  c  r                                 RMS    maximum
       e  d  i  u  i                       energy  density   DIIS  
       r  t  s  t  d       total energy    change  change    error 
  
etot    1  N  N  2  U    -656.05777204390           7.8E-04  1.4E-02
etot    2  Y  Y  6  M    -656.08301611348  2.5E-02  2.1E-04  4.8E-03
etot    3  N  Y  2  U    -656.08125305212 -1.8E-03  1.7E-04  1.1E-02
etot    4  Y  Y  6  M    -656.08362004521  2.4E-03  3.9E-05  2.4E-03
etot    5  N  Y  2  U    -656.08379880934  1.8E-04  6.7E-06  1.3E-04
etot    6  N  Y  2  U    -656.08380053357  1.7E-06  3.1E-06  1.3E-04
etot    7  N  N  2  U    -656.08380095245  4.2E-07  0.0E+00  0.0E+00
scf (DFT) done.
der1a (1-e 1st deriv.) done.
rwr (1st deriv. Q) done.
der1b (2-e 1st deriv.) done.
  Geometry optimization step  10
  Total energy:      -656.10222752867 hartrees
  energy change:          -6.7483E-04 .  (  5.0000E-05 )
  gradient maximum:        6.9632E-04 .  (  4.5000E-04 )
  gradient rms:            2.4492E-04 *  (  3.0000E-04 )
  displacement maximum:    4.0711E-02 .  (  1.8000E-03 )
  displacement rms:        7.3370E-03 .  (  1.2000E-03 )
  
  predicted energy change: -3.0619E-05
  step size:     0.07189
  trust radius:  0.30000
---------------- geometry iteration  10 complete ----------------
geopt (optimize geometry) done.
onee (1-electron integrals) done.
probe (project orbitals) done.
grid (grid generation) done.
rwr (Q operators) done.
  
       i  u  d  i  g
       t  p  i  c  r                                 RMS    maximum
       e  d  i  u  i                       energy  density   DIIS  
       r  t  s  t  d       total energy    change  change    error 
  
etot    1  N  N  2  U    -656.07938565161           2.8E-04  7.3E-03
etot    2  Y  Y  6  M    -656.08389495935  4.5E-03  4.0E-05  6.0E-04
etot    3  N  Y  2  U    -656.08384504760 -5.0E-05  3.2E-05  1.5E-03
etot    4  N  Y  2  U    -656.08387064894  2.6E-05  1.3E-05  9.2E-04
etot    5  N  Y  2  U    -656.08388791496  1.7E-05  2.4E-06  8.7E-05
etot    6  N  N  2  U    -656.08388835335  4.4E-07  0.0E+00  0.0E+00
scf (DFT) done.
der1a (1-e 1st deriv.) done.
rwr (1st deriv. Q) done.
der1b (2-e 1st deriv.) done.
  Geometry optimization step  11
  Total energy:      -656.10230434545 hartrees
  energy change:          -7.6817E-05 .  (  5.0000E-05 )
  gradient maximum:        3.8564E-04 *  (  4.5000E-04 )
  gradient rms:            1.2600E-04 *  (  3.0000E-04 )
  displacement maximum:    2.0076E-02 .  (  1.8000E-03 )
  displacement rms:        4.2642E-03 .  (  1.2000E-03 )
  
  predicted energy change: -8.2747E-06
  step size:     0.04178
  trust radius:  0.30000
---------------- geometry iteration  11 complete ----------------
geopt (optimize geometry) done.
onee (1-electron integrals) done.
probe (project orbitals) done.
grid (grid generation) done.
rwr (Q operators) done.
  
       i  u  d  i  g
       t  p  i  c  r                                 RMS    maximum
       e  d  i  u  i                       energy  density   DIIS  
       r  t  s  t  d       total energy    change  change    error 
  
etot    1  N  N  2  U    -656.08315205496           1.2E-04  2.9E-03
etot    2  Y  Y  6  M    -656.08397627065  8.2E-04  2.3E-05  3.1E-04
etot    3  N  Y  2  U    -656.08394200725 -3.4E-05  1.8E-05  8.1E-04
etot    4  N  Y  2  U    -656.08396261981  2.1E-05  5.6E-06  2.3E-04
etot    5  N  Y  2  U    -656.08396527444  2.7E-06  1.3E-06  2.8E-05
etot    6  N  N  2  U    -656.08396542126  1.5E-07  0.0E+00  0.0E+00
scf (DFT) done.
der1a (1-e 1st deriv.) done.
rwr (1st deriv. Q) done.
der1b (2-e 1st deriv.) done.
  Geometry optimization step  12
  Total energy:      -656.10235805621 hartrees
  energy change:          -5.3711E-05 .  (  5.0000E-05 )
  gradient maximum:        2.3817E-04 *  (  4.5000E-04 )
  gradient rms:            7.2621E-05 *  (  3.0000E-04 )
  displacement maximum:    6.4602E-03 .  (  1.8000E-03 )
  displacement rms:        1.1966E-03 *  (  1.2000E-03 )
  
  predicted energy change: -1.4785E-06
  step size:     0.01172
  trust radius:  0.30000
---------------- geometry iteration  12 complete ----------------
geopt (optimize geometry) done.
onee (1-electron integrals) done.
probe (project orbitals) done.
grid (grid generation) done.
rwr (Q operators) done.
  
       i  u  d  i  g
       t  p  i  c  r                                 RMS    maximum
       e  d  i  u  i                       energy  density   DIIS  
       r  t  s  t  d       total energy    change  change    error 
  
etot    1  N  N  2  U    -656.08392247097           2.9E-05  3.0E-04
etot    2  N  Y  2  U    -656.08397267578  5.0E-05  5.8E-06  7.5E-05
etot    3  N  Y  2  U    -656.08397145032 -1.2E-06  4.7E-06  2.2E-04
etot    4  N  N  2  U    -656.08397299615  1.5E-06  0.0E+00  0.0E+00
scf (DFT) done.
der1a (1-e 1st deriv.) done.
rwr (1st deriv. Q) done.
der1b (2-e 1st deriv.) done.
  Geometry optimization step  13
  Total energy:      -656.10236401643 hartrees
  energy change:          -5.9602E-06 *  (  5.0000E-05 )
  gradient maximum:        1.2439E-04 *  (  4.5000E-04 )
  gradient rms:            3.2543E-05 #  (  3.0000E-04 )
  displacement maximum:    2.3250E-03 .  (  1.8000E-03 )
  displacement rms:        5.3434E-04 *  (  1.2000E-03 )
  
  predicted energy change: -3.4855E-07
  step size:     0.00524
  trust radius:  0.30000
------------- final geometry iteration  13 complete -------------
geopt (optimize geometry) done.
cutabab2 (abab integrals) done.
der2a (1-e JK-1st deriv.) done.
der2b (2-e JK-1st deriv.) done.
der2nda (1-e 2nd deriv.) done.
der2ndb (2-e 2nd deriv.) done.
rwr (Q operators) done.
cphfa (gradient of wave function) done.
freq (vib. frequencies) done.
Job J1_6570_2111 completed on hpc-24-16.cm.cluster at Wed May 29 07:17:55 2024
Timer (jaguar_backend.py) : 736.34 secs (0 hrs, 12 mins, 16 secs)
Finished:   Wed May 29 07:17:55 2024
