Command:  /groups/wag/programs/Schrodinger_2020_3/jaguar run -WAIT -PARALLEL 8 /central/home/labounad/wittig-ch121/out/J1_10570_2111/J1_10570_2111.in
Release:  2020-3
Exec:     /groups/wag/programs/Schrodinger_2020_3/jaguar-v10.9/bin/Linux-x86_64
Host:     hpc-21-34.cm.cluster
JobId:    hpc-21-34-0-6657d981
JobDir:   /central/scratch/labounad/J1_10570_2111#hpc-21-34-0-6657d981
Date:     Wed May 29 18:42:27 2024

Contents of /central/scratch/labounad/J1_10570_2111#hpc-21-34-0-6657d981:
/central/scratch/labounad/J1_10570_2111#hpc-21-34-0-6657d981/.write_dir.json
/central/scratch/labounad/J1_10570_2111#hpc-21-34-0-6657d981/hpc-21-34-0-6657d981
/central/scratch/labounad/J1_10570_2111#hpc-21-34-0-6657d981/hpc-21-34-0-6657d981.mpinodes
/central/scratch/labounad/J1_10570_2111#hpc-21-34-0-6657d981/hpc-21-34-0-6657d981.nodes
/central/scratch/labounad/J1_10570_2111#hpc-21-34-0-6657d981/hpc-21-34-0-6657d981.recover
/central/scratch/labounad/J1_10570_2111#hpc-21-34-0-6657d981/J1_10570_2111.in
/central/scratch/labounad/J1_10570_2111#hpc-21-34-0-6657d981/J1_10570_2111.log
/central/scratch/labounad/J1_10570_2111#hpc-21-34-0-6657d981/J1_10570_2111.recover

Executing subprocess:
/groups/wag/programs/Schrodinger_2020_3/jaguar-v10.9/bin/Linux-x86_64/jexec J1_10570_2111.in -T 8 -out /central/scratch/labounad/J1_10570_2111#hpc-21-34-0-6657d981 -cwd

Job J1_10570_2111 started on hpc-21-34.cm.cluster at Wed May 29 18:42:28 2024
jobid: hpc-21-34-0-6657d981 
Jaguar version 10.9, release 139
 Using up to   8 threads per process
Molecular Point Group: C1      
Point Group used: C1
pre (input checking) done.
onee (1-electron integrals) done.
hfig (HF initial guess) done.
probe (project orbitals) done.
grid (grid generation) done.
rwr (Q operators) done.
scf type: DFT=PBE(X+LC)+PW91 (PBE-D3)
  
       i  u  d  i  g
       t  p  i  c  r                                 RMS    maximum
       e  d  i  u  i                       energy  density   DIIS  
       r  t  s  t  d       total energy    change  change    error 
  
etot    1  N  N  5  M   -1682.28233313106           7.8E-03  9.7E-02
etot    2  Y  Y  6  M   -1672.18677816859 -1.0E+01  1.2E-02  2.0E-01
etot    3  Y  Y  6  M   -1672.67401185709  4.9E-01  1.0E-02  1.3E-01
etot    4  N  Y  2  U   -1683.54250583514  1.1E+01  5.9E-03  7.1E-02
etot    5  Y  Y  6  M   -1684.40524787598  8.6E-01  4.9E-03  6.5E-02
etot    6  N  Y  2  U   -1686.35542744916  2.0E+00  1.6E-03  4.1E-02
etot    7  Y  Y  6  M   -1686.56738526364  2.1E-01  9.1E-04  3.1E-02
etot    8  N  Y  2  U   -1686.64558144300  7.8E-02  4.5E-04  1.9E-02
etot    9  Y  Y  6  M   -1686.69290391201  4.7E-02  1.5E-04  4.8E-03
etot   10  N  Y  2  U   -1686.69401818222  1.1E-03  7.9E-05  2.6E-03
etot   11  Y  Y  6  M   -1686.69550332375  1.5E-03  2.8E-05  5.4E-04
etot   12  N  Y  2  U   -1686.69562196338  1.2E-04  1.2E-05  2.7E-04
etot   13  N  Y  2  U   -1686.69564124240  1.9E-05  7.0E-06  1.8E-04
etot   14  N  Y  2  U   -1686.69564723447  6.0E-06  3.4E-06  1.3E-04
etot   15  N  N  2  U   -1686.69564914122  1.9E-06  0.0E+00  0.0E+00
scf (DFT) done.
der1a (1-e 1st deriv.) done.
rwr (1st deriv. Q) done.
der1b (2-e 1st deriv.) done.
  Geometry optimization step   1
  Total energy:     -1686.74878354337 hartrees
  gradient maximum:        3.7380E-02 .  (  4.5000E-04 )
  gradient rms:            8.2858E-03 .  (  3.0000E-04 )
  displacement maximum:    1.0511E-01 .  (  1.8000E-03 )
  displacement rms:        2.0236E-02 .  (  1.2000E-03 )
  
  predicted energy change: -2.3245E-02
  step size:     0.30015
  trust radius:  0.30000
---------------- geometry iteration   1 complete ----------------
geopt (optimize geometry) done.
onee (1-electron integrals) done.
probe (project orbitals) done.
grid (grid generation) done.
rwr (Q operators) done.
  
       i  u  d  i  g
       t  p  i  c  r                                 RMS    maximum
       e  d  i  u  i                       energy  density   DIIS  
       r  t  s  t  d       total energy    change  change    error 
  
etot    1  N  N  2  U   -1686.70381751062           3.3E-04  4.5E-03
etot    2  Y  Y  6  M   -1686.71668238060  1.3E-02  1.2E-04  1.4E-03
etot    3  N  Y  2  U   -1686.71582178358 -8.6E-04  8.3E-05  2.5E-03
etot    4  Y  Y  6  M   -1686.71726793581  1.4E-03  2.6E-05  1.1E-03
etot    5  N  Y  2  U   -1686.71747242997  2.0E-04  9.7E-06  3.8E-04
etot    6  N  Y  2  U   -1686.71749068824  1.8E-05  3.0E-06  1.2E-04
etot    7  N  N  2  U   -1686.71749273743  2.0E-06  0.0E+00  0.0E+00
scf (DFT) done.
der1a (1-e 1st deriv.) done.
rwr (1st deriv. Q) done.
der1b (2-e 1st deriv.) done.
  Geometry optimization step   2
  Total energy:     -1686.76947940608 hartrees
  energy change:          -2.0696E-02 .  (  5.0000E-05 )
  gradient maximum:        1.3802E-02 .  (  4.5000E-04 )
  gradient rms:            2.5519E-03 .  (  3.0000E-04 )
  displacement maximum:    1.0720E-01 .  (  1.8000E-03 )
  displacement rms:        2.0234E-02 .  (  1.2000E-03 )
  
  predicted energy change: -4.4293E-03
  step size:     0.30012
  trust radius:  0.30000
---------------- geometry iteration   2 complete ----------------
geopt (optimize geometry) done.
onee (1-electron integrals) done.
probe (project orbitals) done.
grid (grid generation) done.
rwr (Q operators) done.
  
       i  u  d  i  g
       t  p  i  c  r                                 RMS    maximum
       e  d  i  u  i                       energy  density   DIIS  
       r  t  s  t  d       total energy    change  change    error 
  
etot    1  N  N  2  U   -1686.69227404522           4.1E-04  1.2E-02
etot    2  Y  Y  6  M   -1686.72182037327  3.0E-02  1.2E-04  1.5E-03
etot    3  N  Y  2  U   -1686.71966570421 -2.2E-03  9.5E-05  4.6E-03
etot    4  Y  Y  6  M   -1686.72182525447  2.2E-03  2.9E-05  1.3E-03
etot    5  N  Y  2  U   -1686.72201307718  1.9E-04  8.6E-06  2.4E-04
etot    6  N  Y  2  U   -1686.72203221161  1.9E-05  2.5E-06  6.3E-05
etot    7  N  N  2  U   -1686.72203294970  7.4E-07  0.0E+00  0.0E+00
scf (DFT) done.
der1a (1-e 1st deriv.) done.
rwr (1st deriv. Q) done.
der1b (2-e 1st deriv.) done.
  Geometry optimization step   3
  Total energy:     -1686.77413947655 hartrees
  energy change:          -4.6601E-03 .  (  5.0000E-05 )
  gradient maximum:        6.0669E-03 .  (  4.5000E-04 )
  gradient rms:            1.0735E-03 .  (  3.0000E-04 )
  displacement maximum:    1.0526E-01 .  (  1.8000E-03 )
  displacement rms:        2.0231E-02 .  (  1.2000E-03 )
  
  predicted energy change: -1.5795E-03
  step size:     0.30008
  trust radius:  0.30000
---------------- geometry iteration   3 complete ----------------
geopt (optimize geometry) done.
onee (1-electron integrals) done.
probe (project orbitals) done.
grid (grid generation) done.
rwr (Q operators) done.
  
       i  u  d  i  g
       t  p  i  c  r                                 RMS    maximum
       e  d  i  u  i                       energy  density   DIIS  
       r  t  s  t  d       total energy    change  change    error 
  
etot    1  N  N  2  U   -1686.69343259768           4.1E-04  7.7E-03
etot    2  Y  Y  6  M   -1686.72376341529  3.0E-02  1.2E-04  1.4E-03
etot    3  N  Y  2  U   -1686.72151272577 -2.3E-03  9.8E-05  3.9E-03
etot    4  Y  Y  6  M   -1686.72379125010  2.3E-03  2.5E-05  9.4E-04
etot    5  N  Y  2  U   -1686.72395613312  1.6E-04  8.1E-06  2.1E-04
etot    6  N  Y  2  U   -1686.72397281941  1.7E-05  2.6E-06  5.4E-05
etot    7  N  N  2  U   -1686.72397347398  6.5E-07  0.0E+00  0.0E+00
scf (DFT) done.
der1a (1-e 1st deriv.) done.
rwr (1st deriv. Q) done.
der1b (2-e 1st deriv.) done.
  Geometry optimization step   4
  Total energy:     -1686.77564585014 hartrees
  energy change:          -1.5064E-03 .  (  5.0000E-05 )
  gradient maximum:        5.2442E-03 .  (  4.5000E-04 )
  gradient rms:            8.8318E-04 .  (  3.0000E-04 )
  displacement maximum:    9.7373E-02 .  (  1.8000E-03 )
  displacement rms:        2.0226E-02 .  (  1.2000E-03 )
  
  predicted energy change: -1.2101E-03
  step size:     0.30000
  trust radius:  0.30000
---------------- geometry iteration   4 complete ----------------
geopt (optimize geometry) done.
onee (1-electron integrals) done.
probe (project orbitals) done.
grid (grid generation) done.
rwr (Q operators) done.
  
       i  u  d  i  g
       t  p  i  c  r                                 RMS    maximum
       e  d  i  u  i                       energy  density   DIIS  
       r  t  s  t  d       total energy    change  change    error 
  
etot    1  N  N  2  U   -1686.69278283119           4.1E-04  8.5E-03
etot    2  Y  Y  6  M   -1686.72367068039  3.1E-02  8.7E-05  1.0E-03
etot    3  N  Y  2  U   -1686.72267377510 -1.0E-03  7.2E-05  2.2E-03
etot    4  Y  Y  6  M   -1686.72357606077  9.0E-04  2.5E-05  1.1E-03
etot    5  N  Y  2  U   -1686.72374043068  1.6E-04  7.0E-06  2.6E-04
etot    6  N  Y  2  U   -1686.72375197577  1.2E-05  2.4E-06  7.9E-05
etot    7  N  N  2  U   -1686.72375281185  8.4E-07  0.0E+00  0.0E+00
scf (DFT) done.
der1a (1-e 1st deriv.) done.
rwr (1st deriv. Q) done.
der1b (2-e 1st deriv.) done.
  Geometry optimization step   5
  Total energy:     -1686.77556964704 hartrees
  energy change:           7.6203E-05 .  (  5.0000E-05 )
  gradient maximum:        1.0480E-02 .  (  4.5000E-04 )
  gradient rms:            2.0238E-03 .  (  3.0000E-04 )
  displacement maximum:    1.1890E-01 .  (  1.8000E-03 )
  displacement rms:        2.0250E-02 .  (  1.2000E-03 )
  
  predicted energy change: -1.2458E-03
  step size:     0.30036
  trust radius:  0.30000
---------------- geometry iteration   5 complete ----------------
geopt (optimize geometry) done.
onee (1-electron integrals) done.
probe (project orbitals) done.
grid (grid generation) done.
rwr (Q operators) done.
  
       i  u  d  i  g
       t  p  i  c  r                                 RMS    maximum
       e  d  i  u  i                       energy  density   DIIS  
       r  t  s  t  d       total energy    change  change    error 
  
etot    1  N  N  2  U   -1686.68917561420           8.8E-04  1.6E-02
etot    2  Y  Y  6  M   -1686.72540466466  3.6E-02  9.6E-05  1.0E-03
etot    3  N  Y  2  U   -1686.72442281435 -9.8E-04  7.6E-05  2.2E-03
etot    4  Y  Y  6  M   -1686.72543574005  1.0E-03  2.1E-05  6.9E-04
etot    5  N  Y  2  U   -1686.72554939132  1.1E-04  7.5E-06  3.2E-04
etot    6  N  Y  2  U   -1686.72556391116  1.5E-05  2.6E-06  5.7E-05
etot    7  N  N  2  U   -1686.72556448401  5.7E-07  0.0E+00  0.0E+00
scf (DFT) done.
der1a (1-e 1st deriv.) done.
rwr (1st deriv. Q) done.
der1b (2-e 1st deriv.) done.
  Geometry optimization step   6
  Total energy:     -1686.77721970402 hartrees
  energy change:          -1.6501E-03 .  (  5.0000E-05 )
  gradient maximum:        5.2785E-03 .  (  4.5000E-04 )
  gradient rms:            1.1763E-03 .  (  3.0000E-04 )
  displacement maximum:    1.9022E-01 .  (  1.8000E-03 )
  displacement rms:        1.9953E-02 .  (  1.2000E-03 )
  
  predicted energy change: -1.0939E-03
  step size:     0.29596
  trust radius:  0.30000
---------------- geometry iteration   6 complete ----------------
geopt (optimize geometry) done.
onee (1-electron integrals) done.
probe (project orbitals) done.
grid (grid generation) done.
rwr (Q operators) done.
  
       i  u  d  i  g
       t  p  i  c  r                                 RMS    maximum
       e  d  i  u  i                       energy  density   DIIS  
       r  t  s  t  d       total energy    change  change    error 
  
etot    1  N  N  2  U   -1686.69596546192           3.8E-04  1.0E-02
etot    2  Y  Y  6  M   -1686.72666782645  3.1E-02  9.1E-05  7.4E-04
etot    3  N  Y  2  U   -1686.72568669895 -9.8E-04  7.2E-05  2.1E-03
etot    4  Y  Y  6  M   -1686.72670860765  1.0E-03  2.0E-05  6.4E-04
etot    5  N  Y  2  U   -1686.72680333856  9.5E-05  7.5E-06  3.1E-04
etot    6  N  Y  2  U   -1686.72681860097  1.5E-05  2.5E-06  6.1E-05
etot    7  N  N  2  U   -1686.72681949647  9.0E-07  0.0E+00  0.0E+00
scf (DFT) done.
der1a (1-e 1st deriv.) done.
rwr (1st deriv. Q) done.
der1b (2-e 1st deriv.) done.
  Geometry optimization step   7
  Total energy:     -1686.77770264885 hartrees
  energy change:          -4.8294E-04 .  (  5.0000E-05 )
  gradient maximum:        6.4069E-03 .  (  4.5000E-04 )
  gradient rms:            1.1580E-03 .  (  3.0000E-04 )
  displacement maximum:    1.9678E-01 .  (  1.8000E-03 )
  displacement rms:        2.0227E-02 .  (  1.2000E-03 )
  
  predicted energy change: -7.5500E-04
  step size:     0.30002
  trust radius:  0.30000
---------------- geometry iteration   7 complete ----------------
geopt (optimize geometry) done.
onee (1-electron integrals) done.
probe (project orbitals) done.
grid (grid generation) done.
rwr (Q operators) done.
  
       i  u  d  i  g
       t  p  i  c  r                                 RMS    maximum
       e  d  i  u  i                       energy  density   DIIS  
       r  t  s  t  d       total energy    change  change    error 
  
etot    1  N  N  2  U   -1686.69403045526           4.0E-04  1.2E-02
etot    2  Y  Y  6  M   -1686.72745842983  3.3E-02  6.5E-05  9.4E-04
etot    3  N  Y  2  U   -1686.72693111812 -5.3E-04  5.3E-05  1.9E-03
etot    4  Y  Y  6  M   -1686.72745792646  5.3E-04  1.8E-05  6.6E-04
etot    5  N  Y  2  U   -1686.72754134423  8.3E-05  5.7E-06  2.4E-04
etot    6  N  Y  2  U   -1686.72754912932  7.8E-06  2.3E-06  6.1E-05
etot    7  N  N  2  U   -1686.72754965783  5.3E-07  0.0E+00  0.0E+00
scf (DFT) done.
der1a (1-e 1st deriv.) done.
rwr (1st deriv. Q) done.
der1b (2-e 1st deriv.) done.
  Geometry optimization step   8
  Total energy:     -1686.77858844499 hartrees
  energy change:          -8.8580E-04 .  (  5.0000E-05 )
  gradient maximum:        4.6916E-03 .  (  4.5000E-04 )
  gradient rms:            7.9113E-04 .  (  3.0000E-04 )
  displacement maximum:    1.3225E-01 .  (  1.8000E-03 )
  displacement rms:        2.0230E-02 .  (  1.2000E-03 )
  
  predicted energy change: -8.5258E-04
  step size:     0.30006
  trust radius:  0.30000
---------------- geometry iteration   8 complete ----------------
geopt (optimize geometry) done.
onee (1-electron integrals) done.
probe (project orbitals) done.
grid (grid generation) done.
rwr (Q operators) done.
  
       i  u  d  i  g
       t  p  i  c  r                                 RMS    maximum
       e  d  i  u  i                       energy  density   DIIS  
       r  t  s  t  d       total energy    change  change    error 
  
etot    1  N  N  2  U   -1686.69512604462           4.1E-04  1.2E-02
etot    2  Y  Y  6  M   -1686.72795828952  3.3E-02  6.8E-05  9.1E-04
etot    3  N  Y  2  U   -1686.72747479147 -4.8E-04  5.4E-05  1.3E-03
etot    4  Y  Y  6  M   -1686.72788516134  4.1E-04  1.6E-05  5.1E-04
etot    5  N  Y  2  U   -1686.72796749778  8.2E-05  4.2E-06  1.3E-04
etot    6  N  N  2  U   -1686.72797062040  3.1E-06  0.0E+00  0.0E+00
scf (DFT) done.
der1a (1-e 1st deriv.) done.
rwr (1st deriv. Q) done.
der1b (2-e 1st deriv.) done.
  Geometry optimization step   9
  Total energy:     -1686.77911333558 hartrees
  energy change:          -5.2489E-04 .  (  5.0000E-05 )
  gradient maximum:        3.4717E-03 .  (  4.5000E-04 )
  gradient rms:            7.0799E-04 .  (  3.0000E-04 )
  displacement maximum:    1.3838E-01 .  (  1.8000E-03 )
  displacement rms:        2.0226E-02 .  (  1.2000E-03 )
  
  predicted energy change: -7.7365E-04
  step size:     0.30000
  trust radius:  0.30000
---------------- geometry iteration   9 complete ----------------
geopt (optimize geometry) done.
onee (1-electron integrals) done.
probe (project orbitals) done.
grid (grid generation) done.
rwr (Q operators) done.
  
       i  u  d  i  g
       t  p  i  c  r                                 RMS    maximum
       e  d  i  u  i                       energy  density   DIIS  
       r  t  s  t  d       total energy    change  change    error 
  
etot    1  N  N  2  U   -1686.69153795341           4.5E-04  1.4E-02
etot    2  Y  Y  6  M   -1686.72875980471  3.7E-02  9.2E-05  1.2E-03
etot    3  N  Y  2  U   -1686.72790461966 -8.6E-04  7.0E-05  2.2E-03
etot    4  Y  Y  6  M   -1686.72876175618  8.6E-04  1.7E-05  4.8E-04
etot    5  N  Y  2  U   -1686.72883071116  6.9E-05  5.7E-06  2.0E-04
etot    6  N  Y  2  U   -1686.72883756978  6.9E-06  2.5E-06  7.2E-05
etot    7  N  N  2  U   -1686.72883799804  4.3E-07  0.0E+00  0.0E+00
scf (DFT) done.
der1a (1-e 1st deriv.) done.
rwr (1st deriv. Q) done.
der1b (2-e 1st deriv.) done.
  Geometry optimization step  10
  Total energy:     -1686.77995791128 hartrees
  energy change:          -8.4458E-04 .  (  5.0000E-05 )
  gradient maximum:        4.3303E-03 .  (  4.5000E-04 )
  gradient rms:            7.9965E-04 .  (  3.0000E-04 )
  displacement maximum:    1.4967E-01 .  (  1.8000E-03 )
  displacement rms:        2.0260E-02 .  (  1.2000E-03 )
  
  predicted energy change: -1.0874E-03
  step size:     0.30050
  trust radius:  0.30000
---------------- geometry iteration  10 complete ----------------
geopt (optimize geometry) done.
onee (1-electron integrals) done.
probe (project orbitals) done.
grid (grid generation) done.
rwr (Q operators) done.
  
       i  u  d  i  g
       t  p  i  c  r                                 RMS    maximum
       e  d  i  u  i                       energy  density   DIIS  
       r  t  s  t  d       total energy    change  change    error 
  
etot    1  N  N  2  U   -1686.68504472088           4.9E-04  1.7E-02
etot    2  Y  Y  6  M   -1686.72967674594  4.5E-02  9.3E-05  1.3E-03
etot    3  N  Y  2  U   -1686.72888138191 -8.0E-04  7.2E-05  2.2E-03
etot    4  Y  Y  6  M   -1686.72968631972  8.0E-04  1.8E-05  5.4E-04
etot    5  N  Y  2  U   -1686.72976744684  8.1E-05  5.5E-06  2.3E-04
etot    6  N  Y  2  U   -1686.72977391231  6.5E-06  2.7E-06  7.7E-05
etot    7  N  N  2  U   -1686.72977443616  5.2E-07  0.0E+00  0.0E+00
scf (DFT) done.
der1a (1-e 1st deriv.) done.
rwr (1st deriv. Q) done.
der1b (2-e 1st deriv.) done.
  Geometry optimization step  11
  Total energy:     -1686.78098286379 hartrees
  energy change:          -1.0250E-03 .  (  5.0000E-05 )
  gradient maximum:        4.1420E-03 .  (  4.5000E-04 )
  gradient rms:            8.6591E-04 .  (  3.0000E-04 )
  displacement maximum:    1.5612E-01 .  (  1.8000E-03 )
  displacement rms:        2.0231E-02 .  (  1.2000E-03 )
  
  predicted energy change: -7.1458E-04
  step size:     0.30008
  trust radius:  0.30000
---------------- geometry iteration  11 complete ----------------
geopt (optimize geometry) done.
onee (1-electron integrals) done.
probe (project orbitals) done.
grid (grid generation) done.
rwr (Q operators) done.
  
       i  u  d  i  g
       t  p  i  c  r                                 RMS    maximum
       e  d  i  u  i                       energy  density   DIIS  
       r  t  s  t  d       total energy    change  change    error 
  
etot    1  N  N  2  U   -1686.69510779575           4.4E-04  1.6E-02
etot    2  Y  Y  6  M   -1686.73022085405  3.5E-02  7.6E-05  1.2E-03
etot    3  N  Y  2  U   -1686.72973048751 -4.9E-04  5.8E-05  1.7E-03
etot    4  Y  Y  6  M   -1686.73023146056  5.0E-04  1.6E-05  6.0E-04
etot    5  N  Y  2  U   -1686.73031939420  8.8E-05  4.0E-06  1.4E-04
etot    6  N  N  2  U   -1686.73032282344  3.4E-06  0.0E+00  0.0E+00
scf (DFT) done.
der1a (1-e 1st deriv.) done.
rwr (1st deriv. Q) done.
der1b (2-e 1st deriv.) done.
  Geometry optimization step  12
  Total energy:     -1686.78150849473 hartrees
  energy change:          -5.2563E-04 .  (  5.0000E-05 )
  gradient maximum:        4.6357E-03 .  (  4.5000E-04 )
  gradient rms:            9.6261E-04 .  (  3.0000E-04 )
  displacement maximum:    1.2175E-01 .  (  1.8000E-03 )
  displacement rms:        2.0238E-02 .  (  1.2000E-03 )
  
  predicted energy change: -1.1047E-03
  step size:     0.30018
  trust radius:  0.30000
---------------- geometry iteration  12 complete ----------------
geopt (optimize geometry) done.
onee (1-electron integrals) done.
probe (project orbitals) done.
grid (grid generation) done.
rwr (Q operators) done.
  
       i  u  d  i  g
       t  p  i  c  r                                 RMS    maximum
       e  d  i  u  i                       energy  density   DIIS  
       r  t  s  t  d       total energy    change  change    error 
  
etot    1  N  N  2  U   -1686.69431420231           4.3E-04  1.2E-02
etot    2  Y  Y  6  M   -1686.73019920474  3.6E-02  9.4E-05  9.1E-04
etot    3  N  Y  2  U   -1686.72908427760 -1.1E-03  7.1E-05  2.3E-03
etot    4  Y  Y  6  M   -1686.73028651724  1.2E-03  1.8E-05  5.4E-04
etot    5  N  Y  2  U   -1686.73033635333  5.0E-05  7.2E-06  3.0E-04
etot    6  N  Y  2  U   -1686.73034832737  1.2E-05  2.7E-06  7.2E-05
etot    7  N  N  2  U   -1686.73034910227  7.7E-07  0.0E+00  0.0E+00
scf (DFT) done.
der1a (1-e 1st deriv.) done.
rwr (1st deriv. Q) done.
der1b (2-e 1st deriv.) done.
  Geometry optimization step  13
  Total energy:     -1686.78167409145 hartrees
  energy change:          -1.6560E-04 .  (  5.0000E-05 )
  gradient maximum:        6.5481E-03 .  (  4.5000E-04 )
  gradient rms:            1.4563E-03 .  (  3.0000E-04 )
  displacement maximum:    1.4478E-01 .  (  1.8000E-03 )
  displacement rms:        2.0230E-02 .  (  1.2000E-03 )
  
  predicted energy change: -9.5885E-04
  step size:     0.30006
  trust radius:  0.30000
---------------- geometry iteration  13 complete ----------------
geopt (optimize geometry) done.
onee (1-electron integrals) done.
probe (project orbitals) done.
grid (grid generation) done.
rwr (Q operators) done.
  
       i  u  d  i  g
       t  p  i  c  r                                 RMS    maximum
       e  d  i  u  i                       energy  density   DIIS  
       r  t  s  t  d       total energy    change  change    error 
  
etot    1  N  N  2  U   -1686.69819853525           4.0E-04  1.1E-02
etot    2  Y  Y  6  M   -1686.73087110518  3.3E-02  9.4E-05  7.4E-04
etot    3  N  Y  2  U   -1686.72979126364 -1.1E-03  7.3E-05  2.2E-03
etot    4  Y  Y  6  M   -1686.73091287072  1.1E-03  2.0E-05  6.9E-04
etot    5  N  Y  2  U   -1686.73102164485  1.1E-04  7.6E-06  2.7E-04
etot    6  N  Y  2  U   -1686.73103652553  1.5E-05  2.4E-06  4.3E-05
etot    7  N  N  2  U   -1686.73103686347  3.4E-07  0.0E+00  0.0E+00
scf (DFT) done.
der1a (1-e 1st deriv.) done.
rwr (1st deriv. Q) done.
der1b (2-e 1st deriv.) done.
  Geometry optimization step  14
  Total energy:     -1686.78224996933 hartrees
  energy change:          -5.7588E-04 .  (  5.0000E-05 )
  gradient maximum:        5.2226E-03 .  (  4.5000E-04 )
  gradient rms:            1.0873E-03 .  (  3.0000E-04 )
  displacement maximum:    9.1136E-02 .  (  1.8000E-03 )
  displacement rms:        1.7073E-02 .  (  1.2000E-03 )
  
  predicted energy change: -9.9955E-04
  step size:     0.25324
  trust radius:  0.30000
---------------- geometry iteration  14 complete ----------------
geopt (optimize geometry) done.
onee (1-electron integrals) done.
probe (project orbitals) done.
grid (grid generation) done.
rwr (Q operators) done.
  
       i  u  d  i  g
       t  p  i  c  r                                 RMS    maximum
       e  d  i  u  i                       energy  density   DIIS  
       r  t  s  t  d       total energy    change  change    error 
  
etot    1  N  N  2  U   -1686.70272875421           3.8E-04  8.2E-03
etot    2  Y  Y  6  M   -1686.73067172115  2.8E-02  1.1E-04  9.8E-04
etot    3  N  Y  2  U   -1686.72970916970 -9.6E-04  8.2E-05  2.2E-03
etot    4  Y  Y  6  M   -1686.73096935886  1.3E-03  1.8E-05  5.2E-04
etot    5  N  Y  2  U   -1686.73099125646  2.2E-05  7.5E-06  3.5E-04
etot    6  N  Y  2  U   -1686.73100652107  1.5E-05  2.7E-06  5.5E-05
etot    7  N  N  2  U   -1686.73100721914  7.0E-07  0.0E+00  0.0E+00
scf (DFT) done.
der1a (1-e 1st deriv.) done.
rwr (1st deriv. Q) done.
der1b (2-e 1st deriv.) done.
  Geometry optimization step  15
  Total energy:     -1686.78223536506 hartrees
  energy change:           1.4604E-05 *  (  5.0000E-05 )
  gradient maximum:        5.1003E-03 .  (  4.5000E-04 )
  gradient rms:            1.2611E-03 .  (  3.0000E-04 )
  displacement maximum:    7.1668E-02 .  (  1.8000E-03 )
  displacement rms:        9.3640E-03 .  (  1.2000E-03 )
  
  predicted energy change: -5.6797E-04
  step size:     0.13889
  trust radius:  0.30000
---------------- geometry iteration  15 complete ----------------
geopt (optimize geometry) done.
onee (1-electron integrals) done.
probe (project orbitals) done.
grid (grid generation) done.
rwr (Q operators) done.
  
       i  u  d  i  g
       t  p  i  c  r                                 RMS    maximum
       e  d  i  u  i                       energy  density   DIIS  
       r  t  s  t  d       total energy    change  change    error 
  
etot    1  N  N  2  U   -1686.72284084109           2.1E-04  5.1E-03
etot    2  Y  Y  6  M   -1686.73131674061  8.5E-03  4.4E-05  4.2E-04
etot    3  N  Y  2  U   -1686.73108890808 -2.3E-04  3.3E-05  9.5E-04
etot    4  N  Y  2  U   -1686.73130399526  2.2E-04  7.3E-06  2.2E-04
etot    5  N  Y  2  U   -1686.73131401404  1.0E-05  2.6E-06  9.8E-05
etot    6  N  N  2  U   -1686.73131545276  1.4E-06  0.0E+00  0.0E+00
scf (DFT) done.
der1a (1-e 1st deriv.) done.
rwr (1st deriv. Q) done.
der1b (2-e 1st deriv.) done.
  Geometry optimization step  16
  Total energy:     -1686.78270644691 hartrees
  energy change:          -4.7108E-04 .  (  5.0000E-05 )
  gradient maximum:        1.6907E-03 .  (  4.5000E-04 )
  gradient rms:            3.2344E-04 .  (  3.0000E-04 )
  displacement maximum:    1.8790E-02 .  (  1.8000E-03 )
  displacement rms:        3.8454E-03 .  (  1.2000E-03 )
  
  predicted energy change: -5.2149E-05
  step size:     0.05704
  trust radius:  0.30000
---------------- geometry iteration  16 complete ----------------
geopt (optimize geometry) done.
onee (1-electron integrals) done.
probe (project orbitals) done.
grid (grid generation) done.
rwr (Q operators) done.
  
       i  u  d  i  g
       t  p  i  c  r                                 RMS    maximum
       e  d  i  u  i                       energy  density   DIIS  
       r  t  s  t  d       total energy    change  change    error 
  
etot    1  N  N  2  U   -1686.73008927018           8.1E-05  2.4E-03
etot    2  Y  Y  6  M   -1686.73137033924  1.3E-03  2.1E-05  2.1E-04
etot    3  N  Y  2  U   -1686.73129857642 -7.2E-05  1.6E-05  6.4E-04
etot    4  N  Y  2  U   -1686.73136338838  6.5E-05  3.8E-06  1.3E-04
etot    5  N  N  2  U   -1686.73136582065  2.4E-06  0.0E+00  0.0E+00
scf (DFT) done.
der1a (1-e 1st deriv.) done.
rwr (1st deriv. Q) done.
der1b (2-e 1st deriv.) done.
  Geometry optimization step  17
  Total energy:     -1686.78277104078 hartrees
  energy change:          -6.4594E-05 .  (  5.0000E-05 )
  gradient maximum:        7.3242E-04 .  (  4.5000E-04 )
  gradient rms:            1.5262E-04 *  (  3.0000E-04 )
  displacement maximum:    2.5168E-02 .  (  1.8000E-03 )
  displacement rms:        3.4946E-03 .  (  1.2000E-03 )
  
  predicted energy change: -1.9622E-05
  step size:     0.05183
  trust radius:  0.30000
---------------- geometry iteration  17 complete ----------------
geopt (optimize geometry) done.
onee (1-electron integrals) done.
probe (project orbitals) done.
grid (grid generation) done.
rwr (Q operators) done.
  
       i  u  d  i  g
       t  p  i  c  r                                 RMS    maximum
       e  d  i  u  i                       energy  density   DIIS  
       r  t  s  t  d       total energy    change  change    error 
  
etot    1  N  N  2  U   -1686.73023873515           7.5E-05  2.2E-03
etot    2  Y  Y  6  M   -1686.73133428196  1.1E-03  1.9E-05  2.0E-04
etot    3  N  Y  2  U   -1686.73128495259 -4.9E-05  1.5E-05  6.5E-04
etot    4  N  Y  2  U   -1686.73134762700  6.3E-05  3.3E-06  9.5E-05
etot    5  N  N  2  U   -1686.73134948240  1.9E-06  0.0E+00  0.0E+00
scf (DFT) done.
der1a (1-e 1st deriv.) done.
rwr (1st deriv. Q) done.
der1b (2-e 1st deriv.) done.
  Geometry optimization step  18
  Total energy:     -1686.78275628704 hartrees
  energy change:           1.4754E-05 *  (  5.0000E-05 )
  gradient maximum:        7.8201E-04 .  (  4.5000E-04 )
  gradient rms:            1.4469E-04 *  (  3.0000E-04 )
  displacement maximum:    1.2413E-02 .  (  1.8000E-03 )
  displacement rms:        2.2352E-03 .  (  1.2000E-03 )
  
  predicted energy change: -1.2720E-05
  step size:     0.03315
  trust radius:  0.30000
---------------- geometry iteration  18 complete ----------------
geopt (optimize geometry) done.
onee (1-electron integrals) done.
probe (project orbitals) done.
grid (grid generation) done.
rwr (Q operators) done.
  
       i  u  d  i  g
       t  p  i  c  r                                 RMS    maximum
       e  d  i  u  i                       energy  density   DIIS  
       r  t  s  t  d       total energy    change  change    error 
  
etot    1  N  N  2  U   -1686.73091658235           4.7E-05  1.2E-03
etot    2  N  Y  2  U   -1686.73134251581  4.3E-04  1.1E-05  9.0E-05
etot    3  N  Y  2  U   -1686.73132765037 -1.5E-05  8.5E-06  2.8E-04
etot    4  N  Y  2  U   -1686.73134589979  1.8E-05  2.1E-06  6.7E-05
etot    5  N  N  2  U   -1686.73134658664  6.9E-07  0.0E+00  0.0E+00
scf (DFT) done.
der1a (1-e 1st deriv.) done.
rwr (1st deriv. Q) done.
der1b (2-e 1st deriv.) done.
  Geometry optimization step  19
  Total energy:     -1686.78277978169 hartrees
  energy change:          -2.3495E-05 *  (  5.0000E-05 )
  gradient maximum:        8.7921E-04 .  (  4.5000E-04 )
  gradient rms:            1.0912E-04 *  (  3.0000E-04 )
  displacement maximum:    1.4819E-02 .  (  1.8000E-03 )
  displacement rms:        1.6404E-03 .  (  1.2000E-03 )
  
  predicted energy change: -5.2109E-06
  step size:     0.02433
  trust radius:  0.30000
---------------- geometry iteration  19 complete ----------------
geopt (optimize geometry) done.
onee (1-electron integrals) done.
probe (project orbitals) done.
grid (grid generation) done.
rwr (Q operators) done.
  
       i  u  d  i  g
       t  p  i  c  r                                 RMS    maximum
       e  d  i  u  i                       energy  density   DIIS  
       r  t  s  t  d       total energy    change  change    error 
  
etot    1  N  N  2  U   -1686.73113555696           3.2E-05  5.5E-04
etot    2  N  Y  2  U   -1686.73133295570  2.0E-04  1.0E-05  1.0E-04
etot    3  N  Y  2  U   -1686.73131951267 -1.3E-05  8.0E-06  2.9E-04
etot    4  N  Y  2  U   -1686.73133521079  1.6E-05  1.8E-06  4.9E-05
etot    5  N  N  2  U   -1686.73133567920  4.7E-07  0.0E+00  0.0E+00
scf (DFT) done.
der1a (1-e 1st deriv.) done.
rwr (1st deriv. Q) done.
der1b (2-e 1st deriv.) done.
  Geometry optimization step  20
  Total energy:     -1686.78278613422 hartrees
  energy change:          -6.3525E-06 *  (  5.0000E-05 )
  gradient maximum:        3.4515E-04 *  (  4.5000E-04 )
  gradient rms:            6.9436E-05 *  (  3.0000E-04 )
  displacement maximum:    4.1398E-03 .  (  1.8000E-03 )
  displacement rms:        6.4283E-04 *  (  1.2000E-03 )
  
  predicted energy change: -1.8679E-06
  step size:     0.00953
  trust radius:  0.30000
---------------- geometry iteration  20 complete ----------------
geopt (optimize geometry) done.
onee (1-electron integrals) done.
probe (project orbitals) done.
grid (grid generation) done.
rwr (Q operators) done.
  
       i  u  d  i  g
       t  p  i  c  r                                 RMS    maximum
       e  d  i  u  i                       energy  density   DIIS  
       r  t  s  t  d       total energy    change  change    error 
  
etot    1  N  N  2  U   -1686.73131794535           1.4E-05  2.5E-04
etot    2  N  Y  2  U   -1686.73134721360  2.9E-05  9.0E-06  7.4E-05
etot    3  N  Y  2  U   -1686.73133826974 -8.9E-06  6.5E-06  2.2E-04
etot    4  N  Y  2  U   -1686.73134897114  1.1E-05  1.0E-06  3.5E-05
etot    5  N  N  2  U   -1686.73134920348  2.3E-07  0.0E+00  0.0E+00
scf (DFT) done.
der1a (1-e 1st deriv.) done.
rwr (1st deriv. Q) done.
der1b (2-e 1st deriv.) done.
  Geometry optimization step  21
  Total energy:     -1686.78278542224 hartrees
  energy change:           7.1198E-07 #  (  5.0000E-05 )
  gradient maximum:        1.6237E-04 *  (  4.5000E-04 )
  gradient rms:            3.6474E-05 #  (  3.0000E-04 )
  displacement maximum:    2.2045E-03 .  (  1.8000E-03 )
  displacement rms:        4.4679E-04 *  (  1.2000E-03 )
  
  predicted energy change: -6.5930E-07
  step size:     0.00663
  trust radius:  0.30000
------------- final geometry iteration  21 complete -------------
geopt (optimize geometry) done.
cutabab2 (abab integrals) done.
der2a (1-e JK-1st deriv.) done.
der2b (2-e JK-1st deriv.) done.
der2nda (1-e 2nd deriv.) done.
der2ndb (2-e 2nd deriv.) done.
rwr (Q operators) done.
cphfa (gradient of wave function) done.
freq (vib. frequencies) done.
Job J1_10570_2111 completed on hpc-21-34.cm.cluster at Wed May 29 19:31:38 2024
Timer (jaguar_backend.py) : 2951.03 secs (0 hrs, 49 mins, 11 secs)
Finished:   Wed May 29 19:31:38 2024
