Command:  /groups/wag/programs/Schrodinger_2020_3/jaguar run -WAIT -PARALLEL 8 /central/home/labounad/wittig-ch121/out/J1_9741_2111/J1_9741_2111.in
Release:  2020-3
Exec:     /groups/wag/programs/Schrodinger_2020_3/jaguar-v10.9/bin/Linux-x86_64
Host:     hpc-93-14.cm.cluster
JobId:    hpc-93-14-0-665711c8
JobDir:   /central/scratch/labounad/J1_9741_2111#hpc-93-14-0-665711c8
Date:     Wed May 29 04:30:18 2024

Contents of /central/scratch/labounad/J1_9741_2111#hpc-93-14-0-665711c8:
/central/scratch/labounad/J1_9741_2111#hpc-93-14-0-665711c8/J1_9741_2111.log
/central/scratch/labounad/J1_9741_2111#hpc-93-14-0-665711c8/hpc-93-14-0-665711c8.recover
/central/scratch/labounad/J1_9741_2111#hpc-93-14-0-665711c8/J1_9741_2111.in
/central/scratch/labounad/J1_9741_2111#hpc-93-14-0-665711c8/.write_dir.json
/central/scratch/labounad/J1_9741_2111#hpc-93-14-0-665711c8/hpc-93-14-0-665711c8.nodes
/central/scratch/labounad/J1_9741_2111#hpc-93-14-0-665711c8/hpc-93-14-0-665711c8.mpinodes
/central/scratch/labounad/J1_9741_2111#hpc-93-14-0-665711c8/J1_9741_2111.recover
/central/scratch/labounad/J1_9741_2111#hpc-93-14-0-665711c8/hpc-93-14-0-665711c8

Executing subprocess:
/groups/wag/programs/Schrodinger_2020_3/jaguar-v10.9/bin/Linux-x86_64/jexec J1_9741_2111.in -T 8 -out /central/scratch/labounad/J1_9741_2111#hpc-93-14-0-665711c8 -cwd

Job J1_9741_2111 started on hpc-93-14.cm.cluster at Wed May 29 04:30:19 2024
jobid: hpc-93-14-0-665711c8 
Jaguar version 10.9, release 139
 Using up to   8 threads per process
Molecular Point Group: C1      
Point Group used: C1
pre (input checking) done.
onee (1-electron integrals) done.
hfig (HF initial guess) done.
probe (project orbitals) done.
grid (grid generation) done.
rwr (Q operators) done.
scf type: DFT=PBE(X+LC)+PW91 (PBE-D3)
  
       i  u  d  i  g
       t  p  i  c  r                                 RMS    maximum
       e  d  i  u  i                       energy  density   DIIS  
       r  t  s  t  d       total energy    change  change    error 
  
etot    1  N  N  5  M    -957.12853304050           6.0E-03  1.1E-01
etot    2  Y  Y  6  M    -958.07845019389  9.5E-01  9.1E-03  5.9E-02
etot    3  Y  Y  6  M    -955.34914048754 -2.7E+00  6.7E-03  1.4E-01
etot    4  N  Y  2  U    -958.88339514074  3.5E+00  2.8E-03  6.0E-02
etot    5  Y  Y  6  M    -958.93816624255  5.5E-02  1.7E-03  3.0E-02
etot    6  N  Y  2  U    -959.03291838827  9.5E-02  7.0E-04  1.2E-02
etot    7  Y  Y  6  M    -959.04448553444  1.2E-02  4.5E-04  7.1E-03
etot    8  N  Y  2  U    -959.04997435573  5.5E-03  2.1E-04  3.6E-03
etot    9  Y  Y  6  M    -959.05196194180  2.0E-03  5.3E-05  1.2E-03
etot   10  Y  Y  6  M    -959.05220438115  2.4E-04  1.5E-05  4.1E-04
etot   11  N  Y  2  U    -959.05211628416 -8.8E-05  9.9E-06  2.7E-04
etot   12  N  Y  2  U    -959.05211903669  2.8E-06  4.8E-06  6.6E-05
etot   13  N  N  2  U    -959.05211957588  5.4E-07  0.0E+00  0.0E+00
scf (DFT) done.
der1a (1-e 1st deriv.) done.
rwr (1st deriv. Q) done.
der1b (2-e 1st deriv.) done.
  Geometry optimization step   1
  Total energy:      -959.06993051038 hartrees
  gradient maximum:        6.5949E-02 .  (  4.5000E-04 )
  gradient rms:            1.1467E-02 .  (  3.0000E-04 )
  displacement maximum:    1.7983E-01 .  (  1.8000E-03 )
  displacement rms:        2.8478E-02 .  (  1.2000E-03 )
  
  predicted energy change: -1.9795E-02
  step size:     0.30003
  trust radius:  0.30000
---------------- geometry iteration   1 complete ----------------
geopt (optimize geometry) done.
onee (1-electron integrals) done.
probe (project orbitals) done.
grid (grid generation) done.
rwr (Q operators) done.
  
       i  u  d  i  g
       t  p  i  c  r                                 RMS    maximum
       e  d  i  u  i                       energy  density   DIIS  
       r  t  s  t  d       total energy    change  change    error 
  
etot    1  N  N  2  U    -959.05973902360           6.3E-04  4.6E-03
etot    2  Y  Y  6  M    -959.06800708462  8.3E-03  4.1E-04  3.1E-03
etot    3  N  Y  2  U    -959.06385741659 -4.1E-03  3.2E-04  7.4E-03
etot    4  Y  Y  6  M    -959.06942955484  5.6E-03  8.1E-05  1.2E-03
etot    5  N  Y  2  U    -959.06955870027  1.3E-04  4.0E-05  4.9E-04
etot    6  N  Y  2  U    -959.06959521466  3.7E-05  1.2E-05  1.8E-04
etot    7  N  Y  2  U    -959.06959986875  4.7E-06  3.4E-06  5.1E-05
etot    8  N  N  2  U    -959.06960024080  3.7E-07  0.0E+00  0.0E+00
scf (DFT) done.
der1a (1-e 1st deriv.) done.
rwr (1st deriv. Q) done.
der1b (2-e 1st deriv.) done.
  Geometry optimization step   2
  Total energy:      -959.08697692136 hartrees
  energy change:          -1.7046E-02 .  (  5.0000E-05 )
  gradient maximum:        1.8987E-02 .  (  4.5000E-04 )
  gradient rms:            3.1458E-03 .  (  3.0000E-04 )
  displacement maximum:    4.8297E-02 .  (  1.8000E-03 )
  displacement rms:        1.2063E-02 .  (  1.2000E-03 )
  
  predicted energy change: -1.5951E-03
  step size:     0.12709
  trust radius:  0.30000
---------------- geometry iteration   2 complete ----------------
geopt (optimize geometry) done.
onee (1-electron integrals) done.
probe (project orbitals) done.
grid (grid generation) done.
rwr (Q operators) done.
  
       i  u  d  i  g
       t  p  i  c  r                                 RMS    maximum
       e  d  i  u  i                       energy  density   DIIS  
       r  t  s  t  d       total energy    change  change    error 
  
etot    1  N  N  2  U    -959.06666335224           3.8E-04  3.7E-03
etot    2  Y  Y  6  M    -959.07128625151  4.6E-03  3.2E-04  2.6E-03
etot    3  Y  Y  6  M    -959.06932951849 -2.0E-03  2.6E-04  5.7E-03
etot    4  N  Y  2  U    -959.07156950490  2.2E-03  3.9E-05  6.9E-04
etot    5  N  Y  2  U    -959.07162454483  5.5E-05  1.0E-05  3.2E-04
etot    6  N  Y  2  U    -959.07163122830  6.7E-06  3.6E-06  7.4E-05
etot    7  N  N  2  U    -959.07163188538  6.6E-07  0.0E+00  0.0E+00
scf (DFT) done.
der1a (1-e 1st deriv.) done.
rwr (1st deriv. Q) done.
der1b (2-e 1st deriv.) done.
  Geometry optimization step   3
  Total energy:      -959.08901345571 hartrees
  energy change:          -2.0365E-03 .  (  5.0000E-05 )
  gradient maximum:        7.9600E-03 .  (  4.5000E-04 )
  gradient rms:            1.3973E-03 .  (  3.0000E-04 )
  displacement maximum:    5.2382E-02 .  (  1.8000E-03 )
  displacement rms:        1.2182E-02 .  (  1.2000E-03 )
  
  predicted energy change: -6.0830E-04
  step size:     0.12835
  trust radius:  0.30000
---------------- geometry iteration   3 complete ----------------
geopt (optimize geometry) done.
onee (1-electron integrals) done.
probe (project orbitals) done.
grid (grid generation) done.
rwr (Q operators) done.
  
       i  u  d  i  g
       t  p  i  c  r                                 RMS    maximum
       e  d  i  u  i                       energy  density   DIIS  
       r  t  s  t  d       total energy    change  change    error 
  
etot    1  N  N  2  U    -959.06629481037           3.9E-04  7.1E-03
etot    2  Y  Y  6  M    -959.07247549751  6.2E-03  1.7E-04  9.8E-04
etot    3  N  Y  2  U    -959.07179688519 -6.8E-04  1.4E-04  2.8E-03
etot    4  Y  Y  6  M    -959.07247131000  6.7E-04  2.7E-05  3.2E-04
etot    5  N  Y  2  U    -959.07249979944  2.8E-05  8.1E-06  2.4E-04
etot    6  N  Y  2  U    -959.07250298852  3.2E-06  2.6E-06  8.6E-05
etot    7  N  N  2  U    -959.07250340657  4.2E-07  0.0E+00  0.0E+00
scf (DFT) done.
der1a (1-e 1st deriv.) done.
rwr (1st deriv. Q) done.
der1b (2-e 1st deriv.) done.
  Geometry optimization step   4
  Total energy:      -959.08986789414 hartrees
  energy change:          -8.5444E-04 .  (  5.0000E-05 )
  gradient maximum:        5.5204E-03 .  (  4.5000E-04 )
  gradient rms:            1.0866E-03 .  (  3.0000E-04 )
  displacement maximum:    9.4657E-02 .  (  1.8000E-03 )
  displacement rms:        1.8171E-02 .  (  1.2000E-03 )
  
  predicted energy change: -6.0932E-04
  step size:     0.19145
  trust radius:  0.30000
---------------- geometry iteration   4 complete ----------------
geopt (optimize geometry) done.
onee (1-electron integrals) done.
probe (project orbitals) done.
grid (grid generation) done.
rwr (Q operators) done.
  
       i  u  d  i  g
       t  p  i  c  r                                 RMS    maximum
       e  d  i  u  i                       energy  density   DIIS  
       r  t  s  t  d       total energy    change  change    error 
  
etot    1  N  N  2  U    -959.05947585009           5.8E-04  1.4E-02
etot    2  Y  Y  6  M    -959.07349519079  1.4E-02  1.7E-04  7.4E-04
etot    3  N  Y  2  U    -959.07284408302 -6.5E-04  1.3E-04  2.2E-03
etot    4  Y  Y  6  M    -959.07341487213  5.7E-04  3.1E-05  3.7E-04
etot    5  N  Y  2  U    -959.07344781860  3.3E-05  1.0E-05  2.8E-04
etot    6  N  Y  2  U    -959.07345278945  5.0E-06  3.3E-06  1.1E-04
etot    7  N  N  2  U    -959.07345337538  5.9E-07  0.0E+00  0.0E+00
scf (DFT) done.
der1a (1-e 1st deriv.) done.
rwr (1st deriv. Q) done.
der1b (2-e 1st deriv.) done.
  Geometry optimization step   5
  Total energy:      -959.09078580218 hartrees
  energy change:          -9.1791E-04 .  (  5.0000E-05 )
  gradient maximum:        5.6846E-03 .  (  4.5000E-04 )
  gradient rms:            1.4452E-03 .  (  3.0000E-04 )
  displacement maximum:    1.3003E-01 .  (  1.8000E-03 )
  displacement rms:        2.3864E-02 .  (  1.2000E-03 )
  
  predicted energy change: -7.2863E-04
  step size:     0.25143
  trust radius:  0.30000
---------------- geometry iteration   5 complete ----------------
geopt (optimize geometry) done.
onee (1-electron integrals) done.
probe (project orbitals) done.
grid (grid generation) done.
rwr (Q operators) done.
  
       i  u  d  i  g
       t  p  i  c  r                                 RMS    maximum
       e  d  i  u  i                       energy  density   DIIS  
       r  t  s  t  d       total energy    change  change    error 
  
etot    1  N  N  2  U    -959.05105514179           7.3E-04  2.0E-02
etot    2  Y  Y  6  M    -959.07447957317  2.3E-02  1.3E-04  6.1E-04
etot    3  N  Y  2  U    -959.07405940047 -4.2E-04  9.4E-05  1.2E-03
etot    4  Y  Y  6  M    -959.07433988907  2.8E-04  3.1E-05  3.9E-04
etot    5  N  Y  2  U    -959.07436927944  2.9E-05  1.2E-05  2.3E-04
etot    6  N  Y  2  U    -959.07437548594  6.2E-06  3.6E-06  9.6E-05
etot    7  N  N  2  U    -959.07437605909  5.7E-07  0.0E+00  0.0E+00
scf (DFT) done.
der1a (1-e 1st deriv.) done.
rwr (1st deriv. Q) done.
der1b (2-e 1st deriv.) done.
  Geometry optimization step   6
  Total energy:      -959.09166927636 hartrees
  energy change:          -8.8347E-04 .  (  5.0000E-05 )
  gradient maximum:        9.0104E-03 .  (  4.5000E-04 )
  gradient rms:            1.6028E-03 .  (  3.0000E-04 )
  displacement maximum:    5.8568E-02 .  (  1.8000E-03 )
  displacement rms:        8.9935E-03 .  (  1.2000E-03 )
  
  predicted energy change: -4.0372E-04
  step size:     0.09475
  trust radius:  0.30000
---------------- geometry iteration   6 complete ----------------
geopt (optimize geometry) done.
onee (1-electron integrals) done.
probe (project orbitals) done.
grid (grid generation) done.
rwr (Q operators) done.
  
       i  u  d  i  g
       t  p  i  c  r                                 RMS    maximum
       e  d  i  u  i                       energy  density   DIIS  
       r  t  s  t  d       total energy    change  change    error 
  
etot    1  N  N  2  U    -959.07283346669           2.1E-04  4.2E-03
etot    2  Y  Y  6  M    -959.07503300719  2.2E-03  4.2E-05  3.4E-04
etot    3  N  Y  2  U    -959.07493016485 -1.0E-04  3.3E-05  9.2E-04
etot    4  N  Y  2  U    -959.07500923907  7.9E-05  7.5E-06  2.0E-04
etot    5  N  Y  2  U    -959.07501147134  2.2E-06  5.1E-06  7.4E-05
etot    6  N  Y  2  U    -959.07501223635  7.7E-07  1.6E-06  2.2E-05
etot    7  N  N  2  U    -959.07501231649  8.0E-08  0.0E+00  0.0E+00
scf (DFT) done.
der1a (1-e 1st deriv.) done.
rwr (1st deriv. Q) done.
der1b (2-e 1st deriv.) done.
  Geometry optimization step   7
  Total energy:      -959.09228862421 hartrees
  energy change:          -6.1935E-04 .  (  5.0000E-05 )
  gradient maximum:        5.1401E-03 .  (  4.5000E-04 )
  gradient rms:            8.0933E-04 .  (  3.0000E-04 )
  displacement maximum:    4.9811E-02 .  (  1.8000E-03 )
  displacement rms:        8.5904E-03 .  (  1.2000E-03 )
  
  predicted energy change: -2.0274E-04
  step size:     0.09051
  trust radius:  0.30000
---------------- geometry iteration   7 complete ----------------
geopt (optimize geometry) done.
onee (1-electron integrals) done.
probe (project orbitals) done.
grid (grid generation) done.
rwr (Q operators) done.
  
       i  u  d  i  g
       t  p  i  c  r                                 RMS    maximum
       e  d  i  u  i                       energy  density   DIIS  
       r  t  s  t  d       total energy    change  change    error 
  
etot    1  N  N  2  U    -959.07346536271           1.8E-04  3.9E-03
etot    2  Y  Y  6  M    -959.07527846099  1.8E-03  2.0E-05  1.6E-04
etot    3  N  Y  2  U    -959.07524750272 -3.1E-05  1.6E-05  4.1E-04
etot    4  N  Y  2  U    -959.07526058569  1.3E-05  5.7E-06  1.6E-04
etot    5  N  Y  2  U    -959.07526229556  1.7E-06  1.6E-06  2.5E-05
etot    6  N  N  2  U    -959.07526239318  9.8E-08  0.0E+00  0.0E+00
scf (DFT) done.
der1a (1-e 1st deriv.) done.
rwr (1st deriv. Q) done.
der1b (2-e 1st deriv.) done.
  Geometry optimization step   8
  Total energy:      -959.09254137425 hartrees
  energy change:          -2.5275E-04 .  (  5.0000E-05 )
  gradient maximum:        1.4831E-03 .  (  4.5000E-04 )
  gradient rms:            2.9164E-04 *  (  3.0000E-04 )
  displacement maximum:    2.2599E-02 .  (  1.8000E-03 )
  displacement rms:        3.3074E-03 .  (  1.2000E-03 )
  
  predicted energy change: -2.2144E-05
  step size:     0.03485
  trust radius:  0.30000
---------------- geometry iteration   8 complete ----------------
geopt (optimize geometry) done.
onee (1-electron integrals) done.
probe (project orbitals) done.
grid (grid generation) done.
rwr (Q operators) done.
  
       i  u  d  i  g
       t  p  i  c  r                                 RMS    maximum
       e  d  i  u  i                       energy  density   DIIS  
       r  t  s  t  d       total energy    change  change    error 
  
etot    1  N  N  2  U    -959.07497347583           7.0E-05  1.5E-03
etot    2  Y  Y  6  M    -959.07527740520  3.0E-04  1.5E-05  6.2E-05
etot    3  N  Y  2  U    -959.07526551830 -1.2E-05  1.2E-05  1.6E-04
etot    4  N  Y  2  U    -959.07526955322  4.0E-06  3.0E-06  5.3E-05
etot    5  N  N  2  U    -959.07526979714  2.4E-07  0.0E+00  0.0E+00
scf (DFT) done.
der1a (1-e 1st deriv.) done.
rwr (1st deriv. Q) done.
der1b (2-e 1st deriv.) done.
  Geometry optimization step   9
  Total energy:      -959.09254984112 hartrees
  energy change:          -8.4669E-06 *  (  5.0000E-05 )
  gradient maximum:        5.3752E-04 .  (  4.5000E-04 )
  gradient rms:            1.2003E-04 *  (  3.0000E-04 )
  displacement maximum:    8.9165E-03 .  (  1.8000E-03 )
  displacement rms:        1.8129E-03 .  (  1.2000E-03 )
  
  predicted energy change: -5.5541E-06
  step size:     0.01910
  trust radius:  0.30000
---------------- geometry iteration   9 complete ----------------
geopt (optimize geometry) done.
onee (1-electron integrals) done.
probe (project orbitals) done.
grid (grid generation) done.
rwr (Q operators) done.
  
       i  u  d  i  g
       t  p  i  c  r                                 RMS    maximum
       e  d  i  u  i                       energy  density   DIIS  
       r  t  s  t  d       total energy    change  change    error 
  
etot    1  N  N  2  U    -959.07521154477           3.4E-05  5.3E-04
etot    2  N  Y  2  U    -959.07527009890  5.9E-05  1.1E-05  9.2E-05
etot    3  N  Y  2  U    -959.07526380691 -6.3E-06  9.3E-06  2.9E-04
etot    4  N  Y  2  U    -959.07527081125  7.0E-06  2.3E-06  2.5E-05
etot    5  N  N  2  U    -959.07527089787  8.7E-08  0.0E+00  0.0E+00
scf (DFT) done.
der1a (1-e 1st deriv.) done.
rwr (1st deriv. Q) done.
der1b (2-e 1st deriv.) done.
  Geometry optimization step  10
  Total energy:      -959.09255556276 hartrees
  energy change:          -5.7216E-06 *  (  5.0000E-05 )
  gradient maximum:        4.2660E-04 *  (  4.5000E-04 )
  gradient rms:            8.6716E-05 *  (  3.0000E-04 )
  displacement maximum:    1.0190E-02 .  (  1.8000E-03 )
  displacement rms:        1.7991E-03 .  (  1.2000E-03 )
  
  predicted energy change: -3.4758E-06
  step size:     0.01895
  trust radius:  0.30000
---------------- geometry iteration  10 complete ----------------
geopt (optimize geometry) done.
onee (1-electron integrals) done.
probe (project orbitals) done.
grid (grid generation) done.
rwr (Q operators) done.
  
       i  u  d  i  g
       t  p  i  c  r                                 RMS    maximum
       e  d  i  u  i                       energy  density   DIIS  
       r  t  s  t  d       total energy    change  change    error 
  
etot    1  N  N  2  U    -959.07518120543           3.8E-05  5.8E-04
etot    2  N  Y  2  U    -959.07526085022  8.0E-05  1.6E-05  8.0E-05
etot    3  N  Y  2  U    -959.07525594319 -4.9E-06  1.2E-05  2.2E-04
etot    4  N  Y  2  U    -959.07526193384  6.0E-06  1.9E-06  2.5E-05
etot    5  N  N  2  U    -959.07526198973  5.6E-08  0.0E+00  0.0E+00
scf (DFT) done.
der1a (1-e 1st deriv.) done.
rwr (1st deriv. Q) done.
der1b (2-e 1st deriv.) done.
  Geometry optimization step  11
  Total energy:      -959.09255257944 hartrees
  energy change:           2.9833E-06 *  (  5.0000E-05 )
  gradient maximum:        2.0638E-04 *  (  4.5000E-04 )
  gradient rms:            5.2004E-05 #  (  3.0000E-04 )
  displacement maximum:    2.9155E-03 .  (  1.8000E-03 )
  displacement rms:        4.0055E-04 *  (  1.2000E-03 )
  
  predicted energy change: -5.0008E-07
  step size:     0.00422
  trust radius:  0.30000
------------- final geometry iteration  11 complete -------------
geopt (optimize geometry) done.
cutabab2 (abab integrals) done.
der2a (1-e JK-1st deriv.) done.
der2b (2-e JK-1st deriv.) done.
der2nda (1-e 2nd deriv.) done.
der2ndb (2-e 2nd deriv.) done.
rwr (Q operators) done.
cphfa (gradient of wave function) done.
freq (vib. frequencies) done.
Job J1_9741_2111 completed on hpc-93-14.cm.cluster at Wed May 29 04:43:02 2024
Timer (jaguar_backend.py) : 763.37 secs (0 hrs, 12 mins, 43 secs)
Finished:   Wed May 29 04:43:02 2024
