Command:  /groups/wag/programs/Schrodinger_2020_3/jaguar run -WAIT -PARALLEL 8 /central/home/labounad/wittig-ch121/out/J1_9862_2111/J1_9862_2111.in
Release:  2020-3
Exec:     /groups/wag/programs/Schrodinger_2020_3/jaguar-v10.9/bin/Linux-x86_64
Host:     hpc-92-17.cm.cluster
JobId:    hpc-92-17-0-6656f9fb
JobDir:   /central/scratch/labounad/J1_9862_2111#hpc-92-17-0-6656f9fb
Date:     Wed May 29 02:48:45 2024

Contents of /central/scratch/labounad/J1_9862_2111#hpc-92-17-0-6656f9fb:
/central/scratch/labounad/J1_9862_2111#hpc-92-17-0-6656f9fb/J1_9862_2111.log
/central/scratch/labounad/J1_9862_2111#hpc-92-17-0-6656f9fb/.write_dir.json
/central/scratch/labounad/J1_9862_2111#hpc-92-17-0-6656f9fb/hpc-92-17-0-6656f9fb.mpinodes
/central/scratch/labounad/J1_9862_2111#hpc-92-17-0-6656f9fb/J1_9862_2111.recover
/central/scratch/labounad/J1_9862_2111#hpc-92-17-0-6656f9fb/J1_9862_2111.in
/central/scratch/labounad/J1_9862_2111#hpc-92-17-0-6656f9fb/hpc-92-17-0-6656f9fb
/central/scratch/labounad/J1_9862_2111#hpc-92-17-0-6656f9fb/hpc-92-17-0-6656f9fb.nodes
/central/scratch/labounad/J1_9862_2111#hpc-92-17-0-6656f9fb/hpc-92-17-0-6656f9fb.recover

Executing subprocess:
/groups/wag/programs/Schrodinger_2020_3/jaguar-v10.9/bin/Linux-x86_64/jexec J1_9862_2111.in -T 8 -out /central/scratch/labounad/J1_9862_2111#hpc-92-17-0-6656f9fb -cwd

Job J1_9862_2111 started on hpc-92-17.cm.cluster at Wed May 29 02:48:45 2024
jobid: hpc-92-17-0-6656f9fb 
Jaguar version 10.9, release 139
 Using up to   8 threads per process
Molecular Point Group: C1      
Point Group used: C1
pre (input checking) done.
onee (1-electron integrals) done.
hfig (HF initial guess) done.
probe (project orbitals) done.
grid (grid generation) done.
rwr (Q operators) done.
scf type: DFT=PBE(X+LC)+PW91 (PBE-D3)
  
       i  u  d  i  g
       t  p  i  c  r                                 RMS    maximum
       e  d  i  u  i                       energy  density   DIIS  
       r  t  s  t  d       total energy    change  change    error 
  
etot    1  N  N  5  M   -1569.47058653029           6.6E-03  8.9E-02
etot    2  Y  Y  6  M   -1566.30216370607 -3.2E+00  8.6E-03  9.8E-02
etot    3  Y  Y  6  M   -1563.99559314531 -2.3E+00  7.1E-03  1.9E-01
etot    4  N  Y  2  U   -1567.57106139761  3.6E+00  7.4E-03  1.0E-01
etot    5  Y  Y  6  M   -1558.27993478430 -9.3E+00  6.1E-03  2.9E-01
etot    6  N  Y  2  U   -1573.05733414244  1.5E+01  1.9E-03  3.2E-02
etot    7  Y  Y  6  M   -1572.92285823017 -1.3E-01  1.1E-03  5.6E-02
etot    8  N  Y  2  U   -1573.22618792361  3.0E-01  4.6E-04  1.1E-02
etot    9  Y  Y  6  M   -1573.24245684162  1.6E-02  3.0E-04  1.3E-02
etot   10  N  Y  2  U   -1573.25931347052  1.7E-02  1.7E-04  5.1E-03
etot   11  Y  Y  6  M   -1573.26357515383  4.3E-03  1.1E-04  2.7E-03
etot   12  Y  Y  6  M   -1573.26522605166  1.7E-03  6.2E-05  1.4E-03
etot   13  N  Y  2  U   -1573.26514007885 -8.6E-05  2.3E-05  6.2E-04
etot   14  N  Y  2  U   -1573.26524077211  1.0E-04  8.0E-06  2.1E-04
etot   15  N  Y  2  U   -1573.26525064250  9.9E-06  3.1E-06  9.3E-05
etot   16  N  N  2  U   -1573.26525149696  8.5E-07  0.0E+00  0.0E+00
scf (DFT) done.
der1a (1-e 1st deriv.) done.
rwr (1st deriv. Q) done.
der1b (2-e 1st deriv.) done.
  Geometry optimization step   1
  Total energy:     -1573.31146570950 hartrees
  gradient maximum:        4.0024E-02 .  (  4.5000E-04 )
  gradient rms:            7.8584E-03 .  (  3.0000E-04 )
  displacement maximum:    1.1779E-01 .  (  1.8000E-03 )
  displacement rms:        2.0955E-02 .  (  1.2000E-03 )
  
  predicted energy change: -2.1348E-02
  step size:     0.30003
  trust radius:  0.30000
---------------- geometry iteration   1 complete ----------------
geopt (optimize geometry) done.
onee (1-electron integrals) done.
probe (project orbitals) done.
grid (grid generation) done.
rwr (Q operators) done.
  
       i  u  d  i  g
       t  p  i  c  r                                 RMS    maximum
       e  d  i  u  i                       energy  density   DIIS  
       r  t  s  t  d       total energy    change  change    error 
  
etot    1  N  N  2  U   -1573.27390951156           3.2E-04  5.0E-03
etot    2  Y  Y  6  M   -1573.28519215769  1.1E-02  1.3E-04  1.8E-03
etot    3  N  Y  2  U   -1573.28426634615 -9.3E-04  9.1E-05  3.1E-03
etot    4  Y  Y  6  M   -1573.28580636241  1.5E-03  2.2E-05  5.9E-04
etot    5  N  Y  2  U   -1573.28591218031  1.1E-04  6.5E-06  2.0E-04
etot    6  N  Y  2  U   -1573.28592109289  8.9E-06  2.6E-06  1.1E-04
etot    7  N  N  2  U   -1573.28592204754  9.5E-07  0.0E+00  0.0E+00
scf (DFT) done.
der1a (1-e 1st deriv.) done.
rwr (1st deriv. Q) done.
der1b (2-e 1st deriv.) done.
  Geometry optimization step   2
  Total energy:     -1573.33112919318 hartrees
  energy change:          -1.9663E-02 .  (  5.0000E-05 )
  gradient maximum:        1.5646E-02 .  (  4.5000E-04 )
  gradient rms:            2.3264E-03 .  (  3.0000E-04 )
  displacement maximum:    1.0597E-01 .  (  1.8000E-03 )
  displacement rms:        2.0953E-02 .  (  1.2000E-03 )
  
  predicted energy change: -3.3328E-03
  step size:     0.30000
  trust radius:  0.30000
---------------- geometry iteration   2 complete ----------------
geopt (optimize geometry) done.
onee (1-electron integrals) done.
probe (project orbitals) done.
grid (grid generation) done.
rwr (Q operators) done.
  
       i  u  d  i  g
       t  p  i  c  r                                 RMS    maximum
       e  d  i  u  i                       energy  density   DIIS  
       r  t  s  t  d       total energy    change  change    error 
  
etot    1  N  N  2  U   -1573.25486197959           4.3E-04  1.1E-02
etot    2  Y  Y  6  M   -1573.28883230644  3.4E-02  8.6E-05  9.6E-04
etot    3  N  Y  2  U   -1573.28786678969 -9.7E-04  6.7E-05  2.3E-03
etot    4  Y  Y  6  M   -1573.28886034606  9.9E-04  2.1E-05  1.1E-03
etot    5  N  Y  2  U   -1573.28890905807  4.9E-05  7.1E-06  3.8E-04
etot    6  N  Y  2  U   -1573.28892004906  1.1E-05  2.5E-06  6.3E-05
etot    7  N  N  2  U   -1573.28892081835  7.7E-07  0.0E+00  0.0E+00
scf (DFT) done.
der1a (1-e 1st deriv.) done.
rwr (1st deriv. Q) done.
der1b (2-e 1st deriv.) done.
  Geometry optimization step   3
  Total energy:     -1573.33450534332 hartrees
  energy change:          -3.3762E-03 .  (  5.0000E-05 )
  gradient maximum:        7.1809E-03 .  (  4.5000E-04 )
  gradient rms:            1.4912E-03 .  (  3.0000E-04 )
  displacement maximum:    1.2875E-01 .  (  1.8000E-03 )
  displacement rms:        2.0988E-02 .  (  1.2000E-03 )
  
  predicted energy change: -1.6015E-03
  step size:     0.30050
  trust radius:  0.30000
---------------- geometry iteration   3 complete ----------------
geopt (optimize geometry) done.
onee (1-electron integrals) done.
probe (project orbitals) done.
grid (grid generation) done.
rwr (Q operators) done.
  
       i  u  d  i  g
       t  p  i  c  r                                 RMS    maximum
       e  d  i  u  i                       energy  density   DIIS  
       r  t  s  t  d       total energy    change  change    error 
  
etot    1  N  N  2  U   -1573.25132240749           4.6E-04  1.2E-02
etot    2  Y  Y  6  M   -1573.29020810396  3.9E-02  7.3E-05  1.0E-03
etot    3  N  Y  2  U   -1573.28953931806 -6.7E-04  5.9E-05  2.5E-03
etot    4  Y  Y  6  M   -1573.29017489806  6.4E-04  1.9E-05  1.2E-03
etot    5  N  Y  2  U   -1573.29026055679  8.6E-05  5.8E-06  3.1E-04
etot    6  N  Y  2  U   -1573.29026822720  7.7E-06  2.4E-06  4.5E-05
etot    7  N  N  2  U   -1573.29026848451  2.6E-07  0.0E+00  0.0E+00
scf (DFT) done.
der1a (1-e 1st deriv.) done.
rwr (1st deriv. Q) done.
der1b (2-e 1st deriv.) done.
  Geometry optimization step   4
  Total energy:     -1573.33562565035 hartrees
  energy change:          -1.1203E-03 .  (  5.0000E-05 )
  gradient maximum:        8.0707E-03 .  (  4.5000E-04 )
  gradient rms:            1.5899E-03 .  (  3.0000E-04 )
  displacement maximum:    1.4033E-01 .  (  1.8000E-03 )
  displacement rms:        2.1017E-02 .  (  1.2000E-03 )
  
  predicted energy change: -1.2072E-03
  step size:     0.30091
  trust radius:  0.30000
---------------- geometry iteration   4 complete ----------------
geopt (optimize geometry) done.
onee (1-electron integrals) done.
probe (project orbitals) done.
grid (grid generation) done.
rwr (Q operators) done.
  
       i  u  d  i  g
       t  p  i  c  r                                 RMS    maximum
       e  d  i  u  i                       energy  density   DIIS  
       r  t  s  t  d       total energy    change  change    error 
  
etot    1  N  N  2  U   -1573.25997082973           9.1E-04  1.6E-02
etot    2  Y  Y  6  M   -1573.29141339297  3.1E-02  6.3E-05  1.1E-03
etot    3  N  Y  2  U   -1573.29102222605 -3.9E-04  4.9E-05  1.5E-03
etot    4  N  Y  2  U   -1573.29137287115  3.5E-04  1.8E-05  1.0E-03
etot    5  N  Y  2  U   -1573.29143927397  6.6E-05  5.0E-06  3.2E-04
etot    6  N  Y  2  U   -1573.29144481485  5.5E-06  2.5E-06  5.4E-05
etot    7  N  N  2  U   -1573.29144495747  1.4E-07  0.0E+00  0.0E+00
scf (DFT) done.
der1a (1-e 1st deriv.) done.
rwr (1st deriv. Q) done.
der1b (2-e 1st deriv.) done.
  Geometry optimization step   5
  Total energy:     -1573.33723542409 hartrees
  energy change:          -1.6098E-03 .  (  5.0000E-05 )
  gradient maximum:        6.1779E-03 .  (  4.5000E-04 )
  gradient rms:            9.5361E-04 .  (  3.0000E-04 )
  displacement maximum:    1.4245E-01 .  (  1.8000E-03 )
  displacement rms:        2.0956E-02 .  (  1.2000E-03 )
  
  predicted energy change: -1.2766E-03
  step size:     0.30005
  trust radius:  0.30000
---------------- geometry iteration   5 complete ----------------
geopt (optimize geometry) done.
onee (1-electron integrals) done.
probe (project orbitals) done.
grid (grid generation) done.
rwr (Q operators) done.
  
       i  u  d  i  g
       t  p  i  c  r                                 RMS    maximum
       e  d  i  u  i                       energy  density   DIIS  
       r  t  s  t  d       total energy    change  change    error 
  
etot    1  N  N  2  U   -1573.24520564712           4.9E-04  1.5E-02
etot    2  Y  Y  6  M   -1573.29090669222  4.6E-02  7.3E-05  8.3E-04
etot    3  N  Y  2  U   -1573.29023730430 -6.7E-04  5.7E-05  1.7E-03
etot    4  Y  Y  6  M   -1573.29087338443  6.4E-04  1.9E-05  7.8E-04
etot    5  N  Y  2  U   -1573.29092836532  5.5E-05  6.0E-06  2.8E-04
etot    6  N  Y  2  U   -1573.29093545742  7.1E-06  2.9E-06  7.7E-05
etot    7  N  N  2  U   -1573.29093598966  5.3E-07  0.0E+00  0.0E+00
scf (DFT) done.
der1a (1-e 1st deriv.) done.
rwr (1st deriv. Q) done.
der1b (2-e 1st deriv.) done.
  Geometry optimization step   6
  Total energy:     -1573.33704689509 hartrees
  energy change:           1.8853E-04 .  (  5.0000E-05 )
  gradient maximum:        1.6834E-02 .  (  4.5000E-04 )
  gradient rms:            2.4855E-03 .  (  3.0000E-04 )
  displacement maximum:    1.3272E-01 .  (  1.8000E-03 )
  displacement rms:        2.0950E-02 .  (  1.2000E-03 )
  
  predicted energy change: -1.1693E-03
  step size:     0.29996
  trust radius:  0.30000
---------------- geometry iteration   6 complete ----------------
geopt (optimize geometry) done.
onee (1-electron integrals) done.
probe (project orbitals) done.
grid (grid generation) done.
rwr (Q operators) done.
  
       i  u  d  i  g
       t  p  i  c  r                                 RMS    maximum
       e  d  i  u  i                       energy  density   DIIS  
       r  t  s  t  d       total energy    change  change    error 
  
etot    1  N  N  2  U   -1573.26545731594           3.9E-04  1.4E-02
etot    2  Y  Y  6  M   -1573.29178953772  2.6E-02  7.7E-05  8.3E-04
etot    3  N  Y  2  U   -1573.29114845671 -6.4E-04  5.9E-05  1.9E-03
etot    4  Y  Y  6  M   -1573.29177388513  6.3E-04  1.6E-05  6.6E-04
etot    5  N  Y  2  U   -1573.29183684129  6.3E-05  5.8E-06  2.3E-04
etot    6  N  Y  2  U   -1573.29184426783  7.4E-06  2.4E-06  4.5E-05
etot    7  N  N  2  U   -1573.29184454368  2.8E-07  0.0E+00  0.0E+00
scf (DFT) done.
der1a (1-e 1st deriv.) done.
rwr (1st deriv. Q) done.
der1b (2-e 1st deriv.) done.
  Geometry optimization step   7
  Total energy:     -1573.33814769040 hartrees
  energy change:          -1.1008E-03 .  (  5.0000E-05 )
  gradient maximum:        4.7694E-03 .  (  4.5000E-04 )
  gradient rms:            7.8151E-04 .  (  3.0000E-04 )
  displacement maximum:    5.5390E-02 .  (  1.8000E-03 )
  displacement rms:        1.0559E-02 .  (  1.2000E-03 )
  
  predicted energy change: -3.1412E-04
  step size:     0.15118
  trust radius:  0.30000
---------------- geometry iteration   7 complete ----------------
geopt (optimize geometry) done.
onee (1-electron integrals) done.
probe (project orbitals) done.
grid (grid generation) done.
rwr (Q operators) done.
  
       i  u  d  i  g
       t  p  i  c  r                                 RMS    maximum
       e  d  i  u  i                       energy  density   DIIS  
       r  t  s  t  d       total energy    change  change    error 
  
etot    1  N  N  2  U   -1573.28064017297           2.4E-04  5.5E-03
etot    2  Y  Y  6  M   -1573.29155915510  1.1E-02  4.5E-05  4.0E-04
etot    3  N  Y  2  U   -1573.29144489325 -1.1E-04  3.3E-05  1.1E-03
etot    4  N  Y  2  U   -1573.29163512965  1.9E-04  9.2E-06  3.1E-04
etot    5  N  Y  2  U   -1573.29164601738  1.1E-05  3.2E-06  1.0E-04
etot    6  N  N  2  U   -1573.29164831807  2.3E-06  0.0E+00  0.0E+00
scf (DFT) done.
der1a (1-e 1st deriv.) done.
rwr (1st deriv. Q) done.
der1b (2-e 1st deriv.) done.
  Geometry optimization step   8
  Total energy:     -1573.33820372179 hartrees
  energy change:          -5.6031E-05 .  (  5.0000E-05 )
  gradient maximum:        6.6741E-03 .  (  4.5000E-04 )
  gradient rms:            8.9827E-04 .  (  3.0000E-04 )
  displacement maximum:    7.7959E-02 .  (  1.8000E-03 )
  displacement rms:        1.3767E-02 .  (  1.2000E-03 )
  
  predicted energy change: -2.5618E-04
  step size:     0.19711
  trust radius:  0.30000
---------------- geometry iteration   8 complete ----------------
geopt (optimize geometry) done.
onee (1-electron integrals) done.
probe (project orbitals) done.
grid (grid generation) done.
rwr (Q operators) done.
  
       i  u  d  i  g
       t  p  i  c  r                                 RMS    maximum
       e  d  i  u  i                       energy  density   DIIS  
       r  t  s  t  d       total energy    change  change    error 
  
etot    1  N  N  2  U   -1573.28094234939           2.6E-04  4.3E-03
etot    2  Y  Y  6  M   -1573.29161510714  1.1E-02  5.2E-05  5.5E-04
etot    3  N  Y  2  U   -1573.29142007758 -2.0E-04  3.7E-05  9.5E-04
etot    4  N  Y  2  U   -1573.29170062439  2.8E-04  1.0E-05  2.7E-04
etot    5  N  Y  2  U   -1573.29171335549  1.3E-05  4.1E-06  1.5E-04
etot    6  N  N  2  U   -1573.29171724308  3.9E-06  0.0E+00  0.0E+00
scf (DFT) done.
der1a (1-e 1st deriv.) done.
rwr (1st deriv. Q) done.
der1b (2-e 1st deriv.) done.
  Geometry optimization step   9
  Total energy:     -1573.33824847401 hartrees
  energy change:          -4.4752E-05 *  (  5.0000E-05 )
  gradient maximum:        3.9214E-03 .  (  4.5000E-04 )
  gradient rms:            6.5247E-04 .  (  3.0000E-04 )
  displacement maximum:    3.9903E-02 .  (  1.8000E-03 )
  displacement rms:        8.4778E-03 .  (  1.2000E-03 )
  
  predicted energy change: -1.4850E-04
  step size:     0.12138
  trust radius:  0.30000
---------------- geometry iteration   9 complete ----------------
geopt (optimize geometry) done.
onee (1-electron integrals) done.
probe (project orbitals) done.
grid (grid generation) done.
rwr (Q operators) done.
  
       i  u  d  i  g
       t  p  i  c  r                                 RMS    maximum
       e  d  i  u  i                       energy  density   DIIS  
       r  t  s  t  d       total energy    change  change    error 
  
etot    1  N  N  2  U   -1573.28424108656           2.0E-04  6.4E-03
etot    2  Y  Y  6  M   -1573.29165762249  7.4E-03  4.4E-05  4.3E-04
etot    3  N  Y  2  U   -1573.29149397485 -1.6E-04  3.3E-05  1.3E-03
etot    4  N  Y  2  U   -1573.29173109426  2.4E-04  8.8E-06  3.2E-04
etot    5  N  Y  2  U   -1573.29174084071  9.7E-06  3.3E-06  1.5E-04
etot    6  N  N  2  U   -1573.29174341770  2.6E-06  0.0E+00  0.0E+00
scf (DFT) done.
der1a (1-e 1st deriv.) done.
rwr (1st deriv. Q) done.
der1b (2-e 1st deriv.) done.
  Geometry optimization step  10
  Total energy:     -1573.33813655333 hartrees
  energy change:           1.1192E-04 .  (  5.0000E-05 )
  gradient maximum:        2.3064E-03 .  (  4.5000E-04 )
  gradient rms:            4.5488E-04 .  (  3.0000E-04 )
  displacement maximum:    3.5065E-02 .  (  1.8000E-03 )
  displacement rms:        6.8476E-03 .  (  1.2000E-03 )
  
  predicted energy change: -8.9449E-05
  step size:     0.09804
  trust radius:  0.30000
---------------- geometry iteration  10 complete ----------------
geopt (optimize geometry) done.
onee (1-electron integrals) done.
probe (project orbitals) done.
grid (grid generation) done.
rwr (Q operators) done.
  
       i  u  d  i  g
       t  p  i  c  r                                 RMS    maximum
       e  d  i  u  i                       energy  density   DIIS  
       r  t  s  t  d       total energy    change  change    error 
  
etot    1  N  N  2  U   -1573.28876947143           1.3E-04  2.2E-03
etot    2  Y  Y  6  M   -1573.29173154108  3.0E-03  2.7E-05  3.0E-04
etot    3  N  Y  2  U   -1573.29167818437 -5.3E-05  2.0E-05  5.3E-04
etot    4  N  Y  2  U   -1573.29175165390  7.3E-05  6.1E-06  1.6E-04
etot    5  N  Y  2  U   -1573.29175684862  5.2E-06  2.3E-06  8.9E-05
etot    6  N  N  2  U   -1573.29175795274  1.1E-06  0.0E+00  0.0E+00
scf (DFT) done.
der1a (1-e 1st deriv.) done.
rwr (1st deriv. Q) done.
der1b (2-e 1st deriv.) done.
  Geometry optimization step  11
  Total energy:     -1573.33820903942 hartrees
  energy change:          -7.2486E-05 .  (  5.0000E-05 )
  gradient maximum:        1.9454E-03 .  (  4.5000E-04 )
  gradient rms:            3.2880E-04 .  (  3.0000E-04 )
  displacement maximum:    1.8333E-02 .  (  1.8000E-03 )
  displacement rms:        2.9282E-03 .  (  1.2000E-03 )
  
  predicted energy change: -3.4449E-05
  step size:     0.04193
  trust radius:  0.30000
---------------- geometry iteration  11 complete ----------------
geopt (optimize geometry) done.
onee (1-electron integrals) done.
probe (project orbitals) done.
grid (grid generation) done.
rwr (Q operators) done.
  
       i  u  d  i  g
       t  p  i  c  r                                 RMS    maximum
       e  d  i  u  i                       energy  density   DIIS  
       r  t  s  t  d       total energy    change  change    error 
  
etot    1  N  N  2  U   -1573.29062103175           7.9E-05  1.8E-03
etot    2  Y  Y  6  M   -1573.29178794556  1.2E-03  1.4E-05  1.6E-04
etot    3  N  Y  2  U   -1573.29175725777 -3.1E-05  1.1E-05  2.7E-04
etot    4  N  Y  2  U   -1573.29177630851  1.9E-05  2.8E-06  1.0E-04
etot    5  N  N  2  U   -1573.29177766949  1.4E-06  0.0E+00  0.0E+00
scf (DFT) done.
der1a (1-e 1st deriv.) done.
rwr (1st deriv. Q) done.
der1b (2-e 1st deriv.) done.
  Geometry optimization step  12
  Total energy:     -1573.33821605821 hartrees
  energy change:          -7.0188E-06 *  (  5.0000E-05 )
  gradient maximum:        1.3374E-03 .  (  4.5000E-04 )
  gradient rms:            2.1162E-04 *  (  3.0000E-04 )
  displacement maximum:    2.3909E-02 .  (  1.8000E-03 )
  displacement rms:        4.5149E-03 .  (  1.2000E-03 )
  
  predicted energy change: -2.4393E-05
  step size:     0.06464
  trust radius:  0.30000
---------------- geometry iteration  12 complete ----------------
geopt (optimize geometry) done.
onee (1-electron integrals) done.
probe (project orbitals) done.
grid (grid generation) done.
rwr (Q operators) done.
  
       i  u  d  i  g
       t  p  i  c  r                                 RMS    maximum
       e  d  i  u  i                       energy  density   DIIS  
       r  t  s  t  d       total energy    change  change    error 
  
etot    1  N  N  2  U   -1573.28952346138           1.0E-04  2.4E-03
etot    2  Y  Y  6  M   -1573.29160092887  2.1E-03  2.3E-05  2.3E-04
etot    3  N  Y  2  U   -1573.29157070594 -3.0E-05  1.7E-05  5.3E-04
etot    4  N  Y  2  U   -1573.29162569045  5.5E-05  4.3E-06  1.5E-04
etot    5  N  N  2  U   -1573.29162795200  2.3E-06  0.0E+00  0.0E+00
scf (DFT) done.
der1a (1-e 1st deriv.) done.
rwr (1st deriv. Q) done.
der1b (2-e 1st deriv.) done.
  Geometry optimization step  13
  Total energy:     -1573.33811438624 hartrees
  energy change:           1.0167E-04 .  (  5.0000E-05 )
  gradient maximum:        1.7953E-03 .  (  4.5000E-04 )
  gradient rms:            2.4150E-04 *  (  3.0000E-04 )
  displacement maximum:    1.7509E-02 .  (  1.8000E-03 )
  displacement rms:        3.5023E-03 .  (  1.2000E-03 )
  
  predicted energy change: -2.4975E-05
  step size:     0.05015
  trust radius:  0.30000
---------------- geometry iteration  13 complete ----------------
geopt (optimize geometry) done.
onee (1-electron integrals) done.
probe (project orbitals) done.
grid (grid generation) done.
rwr (Q operators) done.
  
       i  u  d  i  g
       t  p  i  c  r                                 RMS    maximum
       e  d  i  u  i                       energy  density   DIIS  
       r  t  s  t  d       total energy    change  change    error 
  
etot    1  N  N  2  U   -1573.29087240782           7.4E-05  1.6E-03
etot    2  Y  Y  6  M   -1573.29182703416  9.5E-04  1.9E-05  2.0E-04
etot    3  N  Y  2  U   -1573.29176680092 -6.0E-05  1.4E-05  6.1E-04
etot    4  N  Y  2  U   -1573.29181485396  4.8E-05  3.9E-06  1.5E-04
etot    5  N  N  2  U   -1573.29181708188  2.2E-06  0.0E+00  0.0E+00
scf (DFT) done.
der1a (1-e 1st deriv.) done.
rwr (1st deriv. Q) done.
der1b (2-e 1st deriv.) done.
  Geometry optimization step  14
  Total energy:     -1573.33821960011 hartrees
  energy change:          -1.0521E-04 .  (  5.0000E-05 )
  gradient maximum:        1.0131E-03 .  (  4.5000E-04 )
  gradient rms:            1.5068E-04 *  (  3.0000E-04 )
  displacement maximum:    1.0549E-02 .  (  1.8000E-03 )
  displacement rms:        1.7540E-03 .  (  1.2000E-03 )
  
  predicted energy change: -8.1517E-06
  step size:     0.02511
  trust radius:  0.30000
---------------- geometry iteration  14 complete ----------------
geopt (optimize geometry) done.
onee (1-electron integrals) done.
probe (project orbitals) done.
grid (grid generation) done.
rwr (Q operators) done.
  
       i  u  d  i  g
       t  p  i  c  r                                 RMS    maximum
       e  d  i  u  i                       energy  density   DIIS  
       r  t  s  t  d       total energy    change  change    error 
  
etot    1  N  N  2  U   -1573.29154939623           3.5E-05  7.5E-04
etot    2  N  Y  2  U   -1573.29176030242  2.1E-04  1.4E-05  1.5E-04
etot    3  N  Y  2  U   -1573.29173575766 -2.5E-05  1.0E-05  4.5E-04
etot    4  N  Y  2  U   -1573.29176436982  2.9E-05  2.2E-06  8.0E-05
etot    5  N  N  2  U   -1573.29176520363  8.3E-07  0.0E+00  0.0E+00
scf (DFT) done.
der1a (1-e 1st deriv.) done.
rwr (1st deriv. Q) done.
der1b (2-e 1st deriv.) done.
  Geometry optimization step  15
  Total energy:     -1573.33819692398 hartrees
  energy change:           2.2676E-05 *  (  5.0000E-05 )
  gradient maximum:        5.2142E-04 .  (  4.5000E-04 )
  gradient rms:            7.8432E-05 *  (  3.0000E-04 )
  displacement maximum:    4.9308E-03 .  (  1.8000E-03 )
  displacement rms:        9.1068E-04 *  (  1.2000E-03 )
  
  predicted energy change: -3.3947E-06
  step size:     0.01304
  trust radius:  0.30000
---------------- geometry iteration  15 complete ----------------
geopt (optimize geometry) done.
onee (1-electron integrals) done.
probe (project orbitals) done.
grid (grid generation) done.
rwr (Q operators) done.
  
       i  u  d  i  g
       t  p  i  c  r                                 RMS    maximum
       e  d  i  u  i                       energy  density   DIIS  
       r  t  s  t  d       total energy    change  change    error 
  
etot    1  N  N  2  U   -1573.29166554849           2.2E-05  5.3E-04
etot    2  N  Y  2  U   -1573.29175407345  8.9E-05  4.9E-06  4.8E-05
etot    3  N  N  2  U   -1573.29175108107 -3.0E-06  0.0E+00  0.0E+00
scf (DFT) done.
der1a (1-e 1st deriv.) done.
rwr (1st deriv. Q) done.
der1b (2-e 1st deriv.) done.
  Geometry optimization step  16
  Total energy:     -1573.33822046741 hartrees
  energy change:          -2.3543E-05 *  (  5.0000E-05 )
  gradient maximum:        4.7479E-04 .  (  4.5000E-04 )
  gradient rms:            1.0502E-04 *  (  3.0000E-04 )
  displacement maximum:    6.1279E-03 .  (  1.8000E-03 )
  displacement rms:        1.1688E-03 *  (  1.2000E-03 )
  
  predicted energy change: -4.0770E-06
  step size:     0.01673
  trust radius:  0.30000
---------------- geometry iteration  16 complete ----------------
geopt (optimize geometry) done.
onee (1-electron integrals) done.
probe (project orbitals) done.
grid (grid generation) done.
rwr (Q operators) done.
  
       i  u  d  i  g
       t  p  i  c  r                                 RMS    maximum
       e  d  i  u  i                       energy  density   DIIS  
       r  t  s  t  d       total energy    change  change    error 
  
etot    1  N  N  2  U   -1573.29160955230           3.5E-05  8.1E-04
etot    2  N  Y  2  U   -1573.29174589974  1.4E-04  3.0E-05  4.5E-04
etot    3  N  Y  2  U   -1573.29165788610 -8.8E-05  2.0E-05  8.3E-04
etot    4  N  Y  2  U   -1573.29178130674  1.2E-04  3.1E-06  1.5E-04
etot    5  N  N  2  U   -1573.29178399722  2.7E-06  0.0E+00  0.0E+00
scf (DFT) done.
der1a (1-e 1st deriv.) done.
rwr (1st deriv. Q) done.
der1b (2-e 1st deriv.) done.
  Geometry optimization step  17
  Total energy:     -1573.33826655270 hartrees
  energy change:          -4.6085E-05 *  (  5.0000E-05 )
  gradient maximum:        4.4482E-04 *  (  4.5000E-04 )
  gradient rms:            1.0764E-04 *  (  3.0000E-04 )
  displacement maximum:    5.4543E-03 .  (  1.8000E-03 )
  displacement rms:        9.6927E-04 *  (  1.2000E-03 )
  
  predicted energy change: -3.9077E-06
  step size:     0.01388
  trust radius:  0.30000
---------------- geometry iteration  17 complete ----------------
geopt (optimize geometry) done.
onee (1-electron integrals) done.
probe (project orbitals) done.
grid (grid generation) done.
rwr (Q operators) done.
  
       i  u  d  i  g
       t  p  i  c  r                                 RMS    maximum
       e  d  i  u  i                       energy  density   DIIS  
       r  t  s  t  d       total energy    change  change    error 
  
etot    1  N  N  2  U   -1573.29162993623           2.9E-05  7.0E-04
etot    2  N  Y  2  U   -1573.29178346643  1.5E-04  6.2E-06  8.2E-05
etot    3  N  Y  2  U   -1573.29177890744 -4.6E-06  4.8E-06  1.6E-04
etot    4  N  N  2  U   -1573.29178456650  5.7E-06  0.0E+00  0.0E+00
scf (DFT) done.
der1a (1-e 1st deriv.) done.
rwr (1st deriv. Q) done.
der1b (2-e 1st deriv.) done.
  Geometry optimization step  18
  Total energy:     -1573.33824938218 hartrees
  energy change:           1.7171E-05 *  (  5.0000E-05 )
  gradient maximum:        3.3363E-04 *  (  4.5000E-04 )
  gradient rms:            6.4129E-05 *  (  3.0000E-04 )
  displacement maximum:    8.0579E-03 .  (  1.8000E-03 )
  displacement rms:        1.3341E-03 .  (  1.2000E-03 )
  
  predicted energy change: -2.6065E-06
  step size:     0.01910
  trust radius:  0.30000
---------------- geometry iteration  18 complete ----------------
geopt (optimize geometry) done.
onee (1-electron integrals) done.
probe (project orbitals) done.
grid (grid generation) done.
rwr (Q operators) done.
  
       i  u  d  i  g
       t  p  i  c  r                                 RMS    maximum
       e  d  i  u  i                       energy  density   DIIS  
       r  t  s  t  d       total energy    change  change    error 
  
etot    1  N  N  2  U   -1573.29156821760           3.6E-05  7.0E-04
etot    2  N  Y  2  U   -1573.29179241518  2.2E-04  1.2E-05  1.3E-04
etot    3  N  Y  2  U   -1573.29177061948 -2.2E-05  9.7E-06  3.7E-04
etot    4  N  Y  2  U   -1573.29179578790  2.5E-05  1.9E-06  5.5E-05
etot    5  N  N  2  U   -1573.29179629124  5.0E-07  0.0E+00  0.0E+00
scf (DFT) done.
der1a (1-e 1st deriv.) done.
rwr (1st deriv. Q) done.
der1b (2-e 1st deriv.) done.
  Geometry optimization step  19
  Total energy:     -1573.33825709981 hartrees
  energy change:          -7.7176E-06 *  (  5.0000E-05 )
  gradient maximum:        4.0735E-04 *  (  4.5000E-04 )
  gradient rms:            6.2077E-05 *  (  3.0000E-04 )
  displacement maximum:    2.1409E-03 .  (  1.8000E-03 )
  displacement rms:        3.9565E-04 *  (  1.2000E-03 )
  
  predicted energy change: -1.0595E-06
  step size:     0.00566
  trust radius:  0.30000
---------------- geometry iteration  19 complete ----------------
geopt (optimize geometry) done.
onee (1-electron integrals) done.
probe (project orbitals) done.
grid (grid generation) done.
rwr (Q operators) done.
  
       i  u  d  i  g
       t  p  i  c  r                                 RMS    maximum
       e  d  i  u  i                       energy  density   DIIS  
       r  t  s  t  d       total energy    change  change    error 
  
etot    1  N  N  2  U   -1573.29177110229           1.1E-05  1.9E-04
etot    2  N  Y  2  U   -1573.29178778764  1.7E-05  6.0E-06  8.2E-05
etot    3  N  Y  2  U   -1573.29178344690 -4.3E-06  4.4E-06  1.9E-04
etot    4  N  N  2  U   -1573.29178897240  5.5E-06  0.0E+00  0.0E+00
scf (DFT) done.
der1a (1-e 1st deriv.) done.
rwr (1st deriv. Q) done.
der1b (2-e 1st deriv.) done.
  Geometry optimization step  20
  Total energy:     -1573.33825143642 hartrees
  energy change:           5.6634E-06 *  (  5.0000E-05 )
  gradient maximum:        4.8551E-04 .  (  4.5000E-04 )
  gradient rms:            6.7657E-05 *  (  3.0000E-04 )
  displacement maximum:    1.0956E-02 .  (  1.8000E-03 )
  displacement rms:        2.3124E-03 .  (  1.2000E-03 )
  
  predicted energy change: -5.7084E-06
  step size:     0.03311
  trust radius:  0.30000
---------------- geometry iteration  20 complete ----------------
geopt (optimize geometry) done.
onee (1-electron integrals) done.
probe (project orbitals) done.
grid (grid generation) done.
rwr (Q operators) done.
  
       i  u  d  i  g
       t  p  i  c  r                                 RMS    maximum
       e  d  i  u  i                       energy  density   DIIS  
       r  t  s  t  d       total energy    change  change    error 
  
etot    1  N  N  2  U   -1573.29126425616           5.2E-05  1.0E-03
etot    2  Y  Y  6  M   -1573.29176677435  5.0E-04  1.3E-05  1.3E-04
etot    3  N  Y  2  U   -1573.29174211998 -2.5E-05  1.1E-05  4.1E-04
etot    4  N  Y  2  U   -1573.29177032956  2.8E-05  2.6E-06  8.7E-05
etot    5  N  N  2  U   -1573.29177113164  8.0E-07  0.0E+00  0.0E+00
scf (DFT) done.
der1a (1-e 1st deriv.) done.
rwr (1st deriv. Q) done.
der1b (2-e 1st deriv.) done.
  Geometry optimization step  21
  Total energy:     -1573.33825597818 hartrees
  ** restarting optimization from step   20 **
  energy change:          -4.5418E-06 *  (  5.0000E-05 )
  gradient maximum:        4.8551E-04 .  (  4.5000E-04 )
  gradient rms:            6.7657E-05 *  (  3.0000E-04 )
  displacement maximum:    2.3181E-03 .  (  1.8000E-03 )
  displacement rms:        4.8457E-04 *  (  1.2000E-03 )
  
  predicted energy change: -1.2926E-06
  step size:     0.00694
  trust radius:  0.30000
---------------- geometry iteration  21 complete ----------------
geopt (optimize geometry) done.
onee (1-electron integrals) done.
probe (project orbitals) done.
grid (grid generation) done.
rwr (Q operators) done.
  
       i  u  d  i  g
       t  p  i  c  r                                 RMS    maximum
       e  d  i  u  i                       energy  density   DIIS  
       r  t  s  t  d       total energy    change  change    error 
  
etot    1  N  N  2  U   -1573.29147833284           4.1E-05  9.0E-04
etot    2  N  Y  2  U   -1573.29178942409  3.1E-04  1.1E-05  8.7E-05
etot    3  N  Y  2  U   -1573.29177687312 -1.3E-05  8.0E-06  2.1E-04
etot    4  N  Y  2  U   -1573.29179259355  1.6E-05  1.7E-06  4.1E-05
etot    5  N  N  2  U   -1573.29179291477  3.2E-07  0.0E+00  0.0E+00
scf (DFT) done.
der1a (1-e 1st deriv.) done.
rwr (1st deriv. Q) done.
der1b (2-e 1st deriv.) done.
  Geometry optimization step  22
  Total energy:     -1573.33826398370 hartrees
  energy change:          -1.2547E-05 *  (  5.0000E-05 )
  gradient maximum:        1.3289E-04 *  (  4.5000E-04 )
  gradient rms:            2.4941E-05 #  (  3.0000E-04 )
  displacement maximum:    3.4338E-03 .  (  1.8000E-03 )
  displacement rms:        5.2231E-04 *  (  1.2000E-03 )
  
  predicted energy change: -4.2630E-07
  step size:     0.00748
  trust radius:  0.30000
------------- final geometry iteration  22 complete -------------
geopt (optimize geometry) done.
cutabab2 (abab integrals) done.
der2a (1-e JK-1st deriv.) done.
der2b (2-e JK-1st deriv.) done.
der2nda (1-e 2nd deriv.) done.
der2ndb (2-e 2nd deriv.) done.
rwr (Q operators) done.
cphfa (gradient of wave function) done.
freq (vib. frequencies) done.
Job J1_9862_2111 completed on hpc-92-17.cm.cluster at Wed May 29 03:35:12 2024
Timer (jaguar_backend.py) : 2786.36 secs (0 hrs, 46 mins, 26 secs)
Finished:   Wed May 29 03:35:12 2024
