Command:  /groups/wag/programs/Schrodinger_2020_3/jaguar run -WAIT -PARALLEL 8 /central/home/labounad/wittig-ch121/out/J1_8458_2111/J1_8458_2111.in
Release:  2020-3
Exec:     /groups/wag/programs/Schrodinger_2020_3/jaguar-v10.9/bin/Linux-x86_64
Host:     hpc-93-19.cm.cluster
JobId:    hpc-93-19-0-6656ff90
JobDir:   /central/scratch/labounad/J1_8458_2111#hpc-93-19-0-6656ff90
Date:     Wed May 29 03:12:34 2024

Contents of /central/scratch/labounad/J1_8458_2111#hpc-93-19-0-6656ff90:
/central/scratch/labounad/J1_8458_2111#hpc-93-19-0-6656ff90/.write_dir.json
/central/scratch/labounad/J1_8458_2111#hpc-93-19-0-6656ff90/J1_8458_2111.log
/central/scratch/labounad/J1_8458_2111#hpc-93-19-0-6656ff90/hpc-93-19-0-6656ff90.nodes
/central/scratch/labounad/J1_8458_2111#hpc-93-19-0-6656ff90/hpc-93-19-0-6656ff90
/central/scratch/labounad/J1_8458_2111#hpc-93-19-0-6656ff90/hpc-93-19-0-6656ff90.mpinodes
/central/scratch/labounad/J1_8458_2111#hpc-93-19-0-6656ff90/J1_8458_2111.recover
/central/scratch/labounad/J1_8458_2111#hpc-93-19-0-6656ff90/J1_8458_2111.in
/central/scratch/labounad/J1_8458_2111#hpc-93-19-0-6656ff90/hpc-93-19-0-6656ff90.recover

Executing subprocess:
/groups/wag/programs/Schrodinger_2020_3/jaguar-v10.9/bin/Linux-x86_64/jexec J1_8458_2111.in -T 8 -out /central/scratch/labounad/J1_8458_2111#hpc-93-19-0-6656ff90 -cwd

Job J1_8458_2111 started on hpc-93-19.cm.cluster at Wed May 29 03:12:34 2024
jobid: hpc-93-19-0-6656ff90 
Jaguar version 10.9, release 139
 Using up to   8 threads per process
Molecular Point Group: C1      
Point Group used: C1
pre (input checking) done.
onee (1-electron integrals) done.
hfig (HF initial guess) done.
probe (project orbitals) done.
grid (grid generation) done.
rwr (Q operators) done.
scf type: DFT=PBE(X+LC)+PW91 (PBE-D3)
  
       i  u  d  i  g
       t  p  i  c  r                                 RMS    maximum
       e  d  i  u  i                       energy  density   DIIS  
       r  t  s  t  d       total energy    change  change    error 
  
etot    1  N  N  5  M   -1455.62384417204           7.8E-03  1.0E-01
etot    2  Y  Y  6  M   -1439.84238834328 -1.6E+01  1.7E-02  1.8E-01
etot    3  Y  Y  6  M   -1415.01980935647 -2.5E+01  1.5E-02  2.7E-01
etot    4  N  Y  2  U   -1457.82231298984  4.3E+01  3.4E-03  8.6E-02
etot    5  Y  Y  6  M   -1458.27357607301  4.5E-01  3.0E-03  4.7E-02
etot    6  N  Y  2  U   -1458.72797216846  4.5E-01  1.5E-03  4.4E-02
etot    7  Y  Y  6  M   -1459.01392655762  2.9E-01  7.3E-04  2.2E-02
etot    8  N  Y  2  U   -1459.08520139738  7.1E-02  4.1E-04  1.4E-02
etot    9  Y  Y  6  M   -1459.09901505318  1.4E-02  2.6E-04  1.0E-02
etot   10  N  Y  2  U   -1459.11069816822  1.2E-02  1.3E-04  3.3E-03
etot   11  Y  Y  6  M   -1459.11216295065  1.5E-03  6.6E-05  2.2E-03
etot   12  Y  Y  6  M   -1459.11288650281  7.2E-04  2.7E-05  6.6E-04
etot   13  N  Y  2  U   -1459.11284550650 -4.1E-05  9.6E-06  2.5E-04
etot   14  N  Y  2  U   -1459.11285646881  1.1E-05  4.2E-06  1.2E-04
etot   15  N  N  2  U   -1459.11285872185  2.3E-06  0.0E+00  0.0E+00
scf (DFT) done.
der1a (1-e 1st deriv.) done.
rwr (1st deriv. Q) done.
der1b (2-e 1st deriv.) done.
  Geometry optimization step   1
  Total energy:     -1459.15287345547 hartrees
  gradient maximum:        5.0247E-02 .  (  4.5000E-04 )
  gradient rms:            9.8315E-03 .  (  3.0000E-04 )
  displacement maximum:    1.2565E-01 .  (  1.8000E-03 )
  displacement rms:        2.2117E-02 .  (  1.2000E-03 )
  
  predicted energy change: -2.3663E-02
  step size:     0.30001
  trust radius:  0.30000
---------------- geometry iteration   1 complete ----------------
geopt (optimize geometry) done.
onee (1-electron integrals) done.
probe (project orbitals) done.
grid (grid generation) done.
rwr (Q operators) done.
  
       i  u  d  i  g
       t  p  i  c  r                                 RMS    maximum
       e  d  i  u  i                       energy  density   DIIS  
       r  t  s  t  d       total energy    change  change    error 
  
etot    1  N  N  2  U   -1459.11414332178           1.0E-03  1.8E-02
etot    2  Y  Y  6  M   -1459.13318892815  1.9E-02  2.9E-04  4.5E-03
etot    3  N  Y  2  U   -1459.12760609403 -5.6E-03  2.0E-04  1.0E-02
etot    4  N  Y  2  U   -1459.13466373682  7.1E-03  3.8E-05  1.6E-03
etot    5  N  Y  2  U   -1459.13495892103  3.0E-04  9.6E-06  1.7E-04
etot    6  N  Y  2  U   -1459.13496763116  8.7E-06  4.0E-06  1.2E-04
etot    7  N  N  2  U   -1459.13497012905  2.5E-06  0.0E+00  0.0E+00
scf (DFT) done.
der1a (1-e 1st deriv.) done.
rwr (1st deriv. Q) done.
der1b (2-e 1st deriv.) done.
  Geometry optimization step   2
  Total energy:     -1459.17498660486 hartrees
  energy change:          -2.2113E-02 .  (  5.0000E-05 )
  gradient maximum:        1.7027E-02 .  (  4.5000E-04 )
  gradient rms:            2.7903E-03 .  (  3.0000E-04 )
  displacement maximum:    1.0844E-01 .  (  1.8000E-03 )
  displacement rms:        2.2169E-02 .  (  1.2000E-03 )
  
  predicted energy change: -4.1404E-03
  step size:     0.30071
  trust radius:  0.30000
---------------- geometry iteration   2 complete ----------------
geopt (optimize geometry) done.
onee (1-electron integrals) done.
probe (project orbitals) done.
grid (grid generation) done.
rwr (Q operators) done.
  
       i  u  d  i  g
       t  p  i  c  r                                 RMS    maximum
       e  d  i  u  i                       energy  density   DIIS  
       r  t  s  t  d       total energy    change  change    error 
  
etot    1  N  N  2  U   -1459.09448423183           5.3E-04  1.4E-02
etot    2  Y  Y  6  M   -1459.13799861508  4.4E-02  1.9E-04  2.5E-03
etot    3  N  Y  2  U   -1459.13392747294 -4.1E-03  1.5E-04  7.1E-03
etot    4  Y  Y  6  M   -1459.13858853206  4.7E-03  2.8E-05  8.5E-04
etot    5  N  Y  2  U   -1459.13867618736  8.8E-05  1.1E-05  2.9E-04
etot    6  N  Y  2  U   -1459.13869854543  2.2E-05  3.8E-06  8.4E-05
etot    7  N  N  2  U   -1459.13869967332  1.1E-06  0.0E+00  0.0E+00
scf (DFT) done.
der1a (1-e 1st deriv.) done.
rwr (1st deriv. Q) done.
der1b (2-e 1st deriv.) done.
  Geometry optimization step   3
  Total energy:     -1459.17871602323 hartrees
  energy change:          -3.7294E-03 .  (  5.0000E-05 )
  gradient maximum:        1.0567E-02 .  (  4.5000E-04 )
  gradient rms:            1.6479E-03 .  (  3.0000E-04 )
  displacement maximum:    1.0925E-01 .  (  1.8000E-03 )
  displacement rms:        2.2089E-02 .  (  1.2000E-03 )
  
  predicted energy change: -1.3681E-03
  step size:     0.29963
  trust radius:  0.30000
---------------- geometry iteration   3 complete ----------------
geopt (optimize geometry) done.
onee (1-electron integrals) done.
probe (project orbitals) done.
grid (grid generation) done.
rwr (Q operators) done.
  
       i  u  d  i  g
       t  p  i  c  r                                 RMS    maximum
       e  d  i  u  i                       energy  density   DIIS  
       r  t  s  t  d       total energy    change  change    error 
  
etot    1  N  N  2  U   -1459.07675958385           6.0E-04  1.4E-02
etot    2  Y  Y  6  M   -1459.13986961161  6.3E-02  1.3E-04  2.5E-03
etot    3  N  Y  2  U   -1459.13762761118 -2.2E-03  1.0E-04  7.5E-03
etot    4  Y  Y  6  M   -1459.14003957280  2.4E-03  2.3E-05  1.1E-03
etot    5  N  Y  2  U   -1459.14007982721  4.0E-05  8.4E-06  2.4E-04
etot    6  N  Y  2  U   -1459.14009136947  1.2E-05  3.3E-06  9.1E-05
etot    7  N  N  2  U   -1459.14009209572  7.3E-07  0.0E+00  0.0E+00
scf (DFT) done.
der1a (1-e 1st deriv.) done.
rwr (1st deriv. Q) done.
der1b (2-e 1st deriv.) done.
  Geometry optimization step   4
  Total energy:     -1459.18001962575 hartrees
  energy change:          -1.3036E-03 .  (  5.0000E-05 )
  gradient maximum:        6.7787E-03 .  (  4.5000E-04 )
  gradient rms:            1.4423E-03 .  (  3.0000E-04 )
  displacement maximum:    1.3800E-01 .  (  1.8000E-03 )
  displacement rms:        2.2166E-02 .  (  1.2000E-03 )
  
  predicted energy change: -1.3289E-03
  step size:     0.30068
  trust radius:  0.30000
---------------- geometry iteration   4 complete ----------------
geopt (optimize geometry) done.
onee (1-electron integrals) done.
probe (project orbitals) done.
grid (grid generation) done.
rwr (Q operators) done.
  
       i  u  d  i  g
       t  p  i  c  r                                 RMS    maximum
       e  d  i  u  i                       energy  density   DIIS  
       r  t  s  t  d       total energy    change  change    error 
  
etot    1  N  N  2  U   -1459.05798443786           7.2E-04  2.0E-02
etot    2  Y  Y  6  M   -1459.14129530695  8.3E-02  1.5E-04  1.5E-03
etot    3  N  Y  2  U   -1459.13927964392 -2.0E-03  1.1E-04  4.1E-03
etot    4  Y  Y  6  M   -1459.14146558754  2.2E-03  2.6E-05  1.1E-03
etot    5  N  Y  2  U   -1459.14154757881  8.2E-05  1.0E-05  3.2E-04
etot    6  N  Y  2  U   -1459.14156221859  1.5E-05  4.5E-06  1.1E-04
etot    7  N  N  2  U   -1459.14156353541  1.3E-06  0.0E+00  0.0E+00
scf (DFT) done.
der1a (1-e 1st deriv.) done.
rwr (1st deriv. Q) done.
der1b (2-e 1st deriv.) done.
  Geometry optimization step   5
  Total energy:     -1459.18143717257 hartrees
  energy change:          -1.4175E-03 .  (  5.0000E-05 )
  gradient maximum:        1.3174E-02 .  (  4.5000E-04 )
  gradient rms:            2.2787E-03 .  (  3.0000E-04 )
  displacement maximum:    1.2853E-01 .  (  1.8000E-03 )
  displacement rms:        2.0791E-02 .  (  1.2000E-03 )
  
  predicted energy change: -1.1687E-03
  step size:     0.28202
  trust radius:  0.30000
---------------- geometry iteration   5 complete ----------------
geopt (optimize geometry) done.
onee (1-electron integrals) done.
probe (project orbitals) done.
grid (grid generation) done.
rwr (Q operators) done.
  
       i  u  d  i  g
       t  p  i  c  r                                 RMS    maximum
       e  d  i  u  i                       energy  density   DIIS  
       r  t  s  t  d       total energy    change  change    error 
  
etot    1  N  N  2  U   -1459.07464484043           6.5E-04  1.8E-02
etot    2  Y  Y  6  M   -1459.14266033247  6.8E-02  1.3E-04  1.3E-03
etot    3  N  Y  2  U   -1459.14140046781 -1.3E-03  9.8E-05  3.2E-03
etot    4  Y  Y  6  M   -1459.14271758582  1.3E-03  3.0E-05  1.3E-03
etot    5  N  Y  2  U   -1459.14286769684  1.5E-04  1.0E-05  3.1E-04
etot    6  N  Y  2  U   -1459.14288563333  1.8E-05  4.1E-06  9.1E-05
etot    7  N  N  2  U   -1459.14288677435  1.1E-06  0.0E+00  0.0E+00
scf (DFT) done.
der1a (1-e 1st deriv.) done.
rwr (1st deriv. Q) done.
der1b (2-e 1st deriv.) done.
  Geometry optimization step   6
  Total energy:     -1459.18285333170 hartrees
  energy change:          -1.4162E-03 .  (  5.0000E-05 )
  gradient maximum:        8.9158E-03 .  (  4.5000E-04 )
  gradient rms:            1.5098E-03 .  (  3.0000E-04 )
  displacement maximum:    2.0014E-01 .  (  1.8000E-03 )
  displacement rms:        1.7462E-02 .  (  1.2000E-03 )
  
  predicted energy change: -1.9013E-03
  step size:     0.23687
  trust radius:  0.30000
---------------- geometry iteration   6 complete ----------------
geopt (optimize geometry) done.
onee (1-electron integrals) done.
probe (project orbitals) done.
grid (grid generation) done.
rwr (Q operators) done.
  
       i  u  d  i  g
       t  p  i  c  r                                 RMS    maximum
       e  d  i  u  i                       energy  density   DIIS  
       r  t  s  t  d       total energy    change  change    error 
  
etot    1  N  N  2  U   -1459.04711085874           8.0E-04  1.5E-02
etot    2  Y  Y  6  M   -1459.14350677853  9.6E-02  1.7E-04  2.8E-03
etot    3  N  Y  2  U   -1459.14022902699 -3.3E-03  1.4E-04  7.7E-03
etot    4  Y  Y  6  M   -1459.14384657042  3.6E-03  3.6E-05  2.0E-03
etot    5  N  Y  2  U   -1459.14398380789  1.4E-04  1.2E-05  4.8E-04
etot    6  N  Y  2  U   -1459.14401265663  2.9E-05  4.2E-06  1.0E-04
etot    7  N  N  2  U   -1459.14401346196  8.1E-07  0.0E+00  0.0E+00
scf (DFT) done.
der1a (1-e 1st deriv.) done.
rwr (1st deriv. Q) done.
der1b (2-e 1st deriv.) done.
  Geometry optimization step   7
  Total energy:     -1459.18436235409 hartrees
  energy change:          -1.5090E-03 .  (  5.0000E-05 )
  gradient maximum:        8.5906E-03 .  (  4.5000E-04 )
  gradient rms:            1.5761E-03 .  (  3.0000E-04 )
  displacement maximum:    1.4766E-01 .  (  1.8000E-03 )
  displacement rms:        1.8124E-02 .  (  1.2000E-03 )
  
  predicted energy change: -7.6254E-04
  step size:     0.24585
  trust radius:  0.30000
---------------- geometry iteration   7 complete ----------------
geopt (optimize geometry) done.
onee (1-electron integrals) done.
probe (project orbitals) done.
grid (grid generation) done.
rwr (Q operators) done.
  
       i  u  d  i  g
       t  p  i  c  r                                 RMS    maximum
       e  d  i  u  i                       energy  density   DIIS  
       r  t  s  t  d       total energy    change  change    error 
  
etot    1  N  N  2  U   -1459.08196181865           6.2E-04  1.1E-02
etot    2  Y  Y  6  M   -1459.14363181857  6.2E-02  9.4E-05  1.0E-03
etot    3  N  Y  2  U   -1459.14287058771 -7.6E-04  7.7E-05  2.0E-03
etot    4  Y  Y  6  M   -1459.14357289765  7.0E-04  2.7E-05  8.5E-04
etot    5  N  Y  2  U   -1459.14367098025  9.8E-05  8.7E-06  2.8E-04
etot    6  N  Y  2  U   -1459.14368232391  1.1E-05  3.5E-06  9.6E-05
etot    7  N  N  2  U   -1459.14368333064  1.0E-06  0.0E+00  0.0E+00
scf (DFT) done.
der1a (1-e 1st deriv.) done.
rwr (1st deriv. Q) done.
der1b (2-e 1st deriv.) done.
  Geometry optimization step   8
  Total energy:     -1459.18441837435 hartrees
  energy change:          -5.6020E-05 .  (  5.0000E-05 )
  gradient maximum:        1.2112E-02 .  (  4.5000E-04 )
  gradient rms:            1.9173E-03 .  (  3.0000E-04 )
  displacement maximum:    9.9297E-02 .  (  1.8000E-03 )
  displacement rms:        1.7616E-02 .  (  1.2000E-03 )
  
  predicted energy change: -1.2518E-03
  step size:     0.23896
  trust radius:  0.30000
---------------- geometry iteration   8 complete ----------------
geopt (optimize geometry) done.
onee (1-electron integrals) done.
probe (project orbitals) done.
grid (grid generation) done.
rwr (Q operators) done.
  
       i  u  d  i  g
       t  p  i  c  r                                 RMS    maximum
       e  d  i  u  i                       energy  density   DIIS  
       r  t  s  t  d       total energy    change  change    error 
  
etot    1  N  N  2  U   -1459.11016038261           5.2E-04  1.7E-02
etot    2  Y  Y  6  M   -1459.14380922168  3.4E-02  1.3E-04  1.5E-03
etot    3  N  Y  2  U   -1459.14232483572 -1.5E-03  9.4E-05  3.8E-03
etot    4  Y  Y  6  M   -1459.14409360133  1.8E-03  1.9E-05  5.8E-04
etot    5  N  Y  2  U   -1459.14413616334  4.3E-05  7.8E-06  2.6E-04
etot    6  N  Y  2  U   -1459.14414675915  1.1E-05  3.2E-06  9.6E-05
etot    7  N  N  2  U   -1459.14414753078  7.7E-07  0.0E+00  0.0E+00
scf (DFT) done.
der1a (1-e 1st deriv.) done.
rwr (1st deriv. Q) done.
der1b (2-e 1st deriv.) done.
  Geometry optimization step   9
  Total energy:     -1459.18451535810 hartrees
  energy change:          -9.6984E-05 .  (  5.0000E-05 )
  gradient maximum:        1.1010E-02 .  (  4.5000E-04 )
  gradient rms:            2.0161E-03 .  (  3.0000E-04 )
  displacement maximum:    5.7572E-02 .  (  1.8000E-03 )
  displacement rms:        9.5218E-03 .  (  1.2000E-03 )
  
  predicted energy change: -7.3257E-04
  step size:     0.12916
  trust radius:  0.30000
---------------- geometry iteration   9 complete ----------------
geopt (optimize geometry) done.
onee (1-electron integrals) done.
probe (project orbitals) done.
grid (grid generation) done.
rwr (Q operators) done.
  
       i  u  d  i  g
       t  p  i  c  r                                 RMS    maximum
       e  d  i  u  i                       energy  density   DIIS  
       r  t  s  t  d       total energy    change  change    error 
  
etot    1  N  N  2  U   -1459.13161772847           3.0E-04  7.8E-03
etot    2  Y  Y  6  M   -1459.14479148274  1.3E-02  7.5E-05  8.0E-04
etot    3  N  Y  2  U   -1459.14418571567 -6.1E-04  5.6E-05  2.2E-03
etot    4  Y  Y  6  M   -1459.14486655353  6.8E-04  1.1E-05  3.2E-04
etot    5  N  Y  2  U   -1459.14487803789  1.1E-05  3.6E-06  1.4E-04
etot    6  N  N  2  U   -1459.14488032607  2.3E-06  0.0E+00  0.0E+00
scf (DFT) done.
der1a (1-e 1st deriv.) done.
rwr (1st deriv. Q) done.
der1b (2-e 1st deriv.) done.
  Geometry optimization step  10
  Total energy:     -1459.18529453058 hartrees
  energy change:          -7.7917E-04 .  (  5.0000E-05 )
  gradient maximum:        3.8347E-03 .  (  4.5000E-04 )
  gradient rms:            7.9987E-04 .  (  3.0000E-04 )
  displacement maximum:    4.3270E-02 .  (  1.8000E-03 )
  displacement rms:        5.9298E-03 .  (  1.2000E-03 )
  
  predicted energy change: -1.8943E-04
  step size:     0.08044
  trust radius:  0.30000
---------------- geometry iteration  10 complete ----------------
geopt (optimize geometry) done.
onee (1-electron integrals) done.
probe (project orbitals) done.
grid (grid generation) done.
rwr (Q operators) done.
  
       i  u  d  i  g
       t  p  i  c  r                                 RMS    maximum
       e  d  i  u  i                       energy  density   DIIS  
       r  t  s  t  d       total energy    change  change    error 
  
etot    1  N  N  2  U   -1459.14178512617           1.6E-04  3.1E-03
etot    2  Y  Y  6  M   -1459.14489101470  3.1E-03  4.0E-05  4.1E-04
etot    3  N  Y  2  U   -1459.14472458926 -1.7E-04  3.0E-05  8.2E-04
etot    4  N  Y  2  U   -1459.14486679523  1.4E-04  8.0E-06  3.1E-04
etot    5  N  Y  2  U   -1459.14487465597  7.9E-06  3.2E-06  1.4E-04
etot    6  N  N  2  U   -1459.14487650020  1.8E-06  0.0E+00  0.0E+00
scf (DFT) done.
der1a (1-e 1st deriv.) done.
rwr (1st deriv. Q) done.
der1b (2-e 1st deriv.) done.
  Geometry optimization step  11
  Total energy:     -1459.18539213127 hartrees
  energy change:          -9.7601E-05 .  (  5.0000E-05 )
  gradient maximum:        2.7172E-03 .  (  4.5000E-04 )
  gradient rms:            5.7992E-04 .  (  3.0000E-04 )
  displacement maximum:    6.6494E-02 .  (  1.8000E-03 )
  displacement rms:        7.2824E-03 .  (  1.2000E-03 )
  
  predicted energy change: -1.3916E-04
  step size:     0.09878
  trust radius:  0.30000
---------------- geometry iteration  11 complete ----------------
geopt (optimize geometry) done.
onee (1-electron integrals) done.
probe (project orbitals) done.
grid (grid generation) done.
rwr (Q operators) done.
  
       i  u  d  i  g
       t  p  i  c  r                                 RMS    maximum
       e  d  i  u  i                       energy  density   DIIS  
       r  t  s  t  d       total energy    change  change    error 
  
etot    1  N  N  2  U   -1459.14004126825           1.9E-04  3.1E-03
etot    2  Y  Y  6  M   -1459.14491588691  4.9E-03  2.9E-05  2.8E-04
etot    3  N  Y  2  U   -1459.14483848373 -7.7E-05  2.2E-05  7.6E-04
etot    4  N  Y  2  U   -1459.14492054177  8.2E-05  5.5E-06  1.9E-04
etot    5  N  Y  2  U   -1459.14492608992  5.5E-06  1.9E-06  3.3E-05
etot    6  N  N  2  U   -1459.14492655992  4.7E-07  0.0E+00  0.0E+00
scf (DFT) done.
der1a (1-e 1st deriv.) done.
rwr (1st deriv. Q) done.
der1b (2-e 1st deriv.) done.
  Geometry optimization step  12
  Total energy:     -1459.18552550893 hartrees
  energy change:          -1.3338E-04 .  (  5.0000E-05 )
  gradient maximum:        4.3432E-03 .  (  4.5000E-04 )
  gradient rms:            6.5455E-04 .  (  3.0000E-04 )
  displacement maximum:    1.0306E-01 .  (  1.8000E-03 )
  displacement rms:        9.7562E-03 .  (  1.2000E-03 )
  
  predicted energy change: -1.5605E-04
  step size:     0.13234
  trust radius:  0.30000
---------------- geometry iteration  12 complete ----------------
geopt (optimize geometry) done.
onee (1-electron integrals) done.
probe (project orbitals) done.
grid (grid generation) done.
rwr (Q operators) done.
  
       i  u  d  i  g
       t  p  i  c  r                                 RMS    maximum
       e  d  i  u  i                       energy  density   DIIS  
       r  t  s  t  d       total energy    change  change    error 
  
etot    1  N  N  2  U   -1459.14005173341           1.9E-04  4.5E-03
etot    2  Y  Y  6  M   -1459.14516069336  5.1E-03  2.9E-05  3.7E-04
etot    3  N  Y  2  U   -1459.14509836989 -6.2E-05  2.1E-05  9.0E-04
etot    4  N  Y  2  U   -1459.14518863372  9.0E-05  4.3E-06  1.0E-04
etot    5  N  N  2  U   -1459.14519089636  2.3E-06  0.0E+00  0.0E+00
scf (DFT) done.
der1a (1-e 1st deriv.) done.
rwr (1st deriv. Q) done.
der1b (2-e 1st deriv.) done.
  Geometry optimization step  13
  Total energy:     -1459.18572503531 hartrees
  energy change:          -1.9953E-04 .  (  5.0000E-05 )
  gradient maximum:        2.5116E-03 .  (  4.5000E-04 )
  gradient rms:            4.6712E-04 .  (  3.0000E-04 )
  displacement maximum:    1.4188E-01 .  (  1.8000E-03 )
  displacement rms:        1.6331E-02 .  (  1.2000E-03 )
  
  predicted energy change: -1.3021E-04
  step size:     0.22152
  trust radius:  0.30000
---------------- geometry iteration  13 complete ----------------
geopt (optimize geometry) done.
onee (1-electron integrals) done.
probe (project orbitals) done.
grid (grid generation) done.
rwr (Q operators) done.
  
       i  u  d  i  g
       t  p  i  c  r                                 RMS    maximum
       e  d  i  u  i                       energy  density   DIIS  
       r  t  s  t  d       total energy    change  change    error 
  
etot    1  N  N  2  U   -1459.12333420693           4.0E-04  1.1E-02
etot    2  Y  Y  6  M   -1459.14520014216  2.2E-02  5.6E-05  6.9E-04
etot    3  N  Y  2  U   -1459.14497277138 -2.3E-04  4.4E-05  1.2E-03
etot    4  N  Y  2  U   -1459.14524124644  2.7E-04  1.4E-05  4.3E-04
etot    5  N  Y  2  U   -1459.14527418584  3.3E-05  4.7E-06  2.3E-04
etot    6  N  N  2  U   -1459.14527776254  3.6E-06  0.0E+00  0.0E+00
scf (DFT) done.
der1a (1-e 1st deriv.) done.
rwr (1st deriv. Q) done.
der1b (2-e 1st deriv.) done.
  Geometry optimization step  14
  Total energy:     -1459.18584506817 hartrees
  energy change:          -1.2003E-04 .  (  5.0000E-05 )
  gradient maximum:        2.0513E-03 .  (  4.5000E-04 )
  gradient rms:            3.7251E-04 .  (  3.0000E-04 )
  displacement maximum:    5.5671E-02 .  (  1.8000E-03 )
  displacement rms:        7.6910E-03 .  (  1.2000E-03 )
  
  predicted energy change: -6.2183E-05
  step size:     0.10433
  trust radius:  0.30000
---------------- geometry iteration  14 complete ----------------
geopt (optimize geometry) done.
onee (1-electron integrals) done.
probe (project orbitals) done.
grid (grid generation) done.
rwr (Q operators) done.
  
       i  u  d  i  g
       t  p  i  c  r                                 RMS    maximum
       e  d  i  u  i                       energy  density   DIIS  
       r  t  s  t  d       total energy    change  change    error 
  
etot    1  N  N  2  U   -1459.13987998482           2.5E-04  6.4E-03
etot    2  Y  Y  6  M   -1459.14539513957  5.5E-03  3.5E-05  5.5E-04
etot    3  N  Y  2  U   -1459.14527134573 -1.2E-04  2.7E-05  1.3E-03
etot    4  N  Y  2  U   -1459.14539561325  1.2E-04  8.5E-06  4.1E-04
etot    5  N  Y  2  U   -1459.14540737816  1.2E-05  3.1E-06  9.5E-05
etot    6  N  N  2  U   -1459.14540884232  1.5E-06  0.0E+00  0.0E+00
scf (DFT) done.
der1a (1-e 1st deriv.) done.
rwr (1st deriv. Q) done.
der1b (2-e 1st deriv.) done.
  Geometry optimization step  15
  Total energy:     -1459.18599849276 hartrees
  energy change:          -1.5342E-04 .  (  5.0000E-05 )
  gradient maximum:        2.4149E-03 .  (  4.5000E-04 )
  gradient rms:            3.6495E-04 .  (  3.0000E-04 )
  displacement maximum:    1.5928E-01 .  (  1.8000E-03 )
  displacement rms:        2.2125E-02 .  (  1.2000E-03 )
  
  predicted energy change: -2.9474E-04
  step size:     0.30012
  trust radius:  0.30000
---------------- geometry iteration  15 complete ----------------
geopt (optimize geometry) done.
onee (1-electron integrals) done.
probe (project orbitals) done.
grid (grid generation) done.
rwr (Q operators) done.
  
       i  u  d  i  g
       t  p  i  c  r                                 RMS    maximum
       e  d  i  u  i                       energy  density   DIIS  
       r  t  s  t  d       total energy    change  change    error 
  
etot    1  N  N  2  U   -1459.09833668136           7.9E-04  1.8E-02
etot    2  Y  Y  6  M   -1459.14550746740  4.7E-02  7.7E-05  1.6E-03
etot    3  N  Y  2  U   -1459.14508920975 -4.2E-04  5.9E-05  1.9E-03
etot    4  Y  Y  6  M   -1459.14549329531  4.0E-04  2.0E-05  8.9E-04
etot    5  N  Y  2  U   -1459.14560478355  1.1E-04  5.3E-06  1.4E-04
etot    6  N  Y  2  U   -1459.14560789105  3.1E-06  2.8E-06  8.3E-05
etot    7  N  N  2  U   -1459.14560822576  3.3E-07  0.0E+00  0.0E+00
scf (DFT) done.
der1a (1-e 1st deriv.) done.
rwr (1st deriv. Q) done.
der1b (2-e 1st deriv.) done.
  Geometry optimization step  16
  Total energy:     -1459.18630960213 hartrees
  energy change:          -3.1111E-04 .  (  5.0000E-05 )
  gradient maximum:        5.7881E-03 .  (  4.5000E-04 )
  gradient rms:            7.6569E-04 .  (  3.0000E-04 )
  displacement maximum:    1.1167E-01 .  (  1.8000E-03 )
  displacement rms:        1.5424E-02 .  (  1.2000E-03 )
  
  predicted energy change: -1.3008E-04
  step size:     0.20923
  trust radius:  0.30000
---------------- geometry iteration  16 complete ----------------
geopt (optimize geometry) done.
onee (1-electron integrals) done.
probe (project orbitals) done.
grid (grid generation) done.
rwr (Q operators) done.
  
       i  u  d  i  g
       t  p  i  c  r                                 RMS    maximum
       e  d  i  u  i                       energy  density   DIIS  
       r  t  s  t  d       total energy    change  change    error 
  
etot    1  N  N  2  U   -1459.12888616161           3.8E-04  1.1E-02
etot    2  Y  Y  6  M   -1459.14567721684  1.7E-02  4.7E-05  1.0E-03
etot    3  N  Y  2  U   -1459.14551369803 -1.6E-04  3.9E-05  1.0E-03
etot    4  N  Y  2  U   -1459.14566986355  1.6E-04  1.6E-05  6.5E-04
etot    5  N  Y  2  U   -1459.14572051806  5.1E-05  4.5E-06  1.2E-04
etot    6  N  N  2  U   -1459.14572311406  2.6E-06  0.0E+00  0.0E+00
scf (DFT) done.
der1a (1-e 1st deriv.) done.
rwr (1st deriv. Q) done.
der1b (2-e 1st deriv.) done.
  Geometry optimization step  17
  Total energy:     -1459.18645012368 hartrees
  energy change:          -1.4052E-04 .  (  5.0000E-05 )
  gradient maximum:        4.6683E-03 .  (  4.5000E-04 )
  gradient rms:            7.3604E-04 .  (  3.0000E-04 )
  displacement maximum:    1.3875E-01 .  (  1.8000E-03 )
  displacement rms:        1.9448E-02 .  (  1.2000E-03 )
  
  predicted energy change: -1.5148E-04
  step size:     0.26381
  trust radius:  0.30000
---------------- geometry iteration  17 complete ----------------
geopt (optimize geometry) done.
onee (1-electron integrals) done.
probe (project orbitals) done.
grid (grid generation) done.
rwr (Q operators) done.
  
       i  u  d  i  g
       t  p  i  c  r                                 RMS    maximum
       e  d  i  u  i                       energy  density   DIIS  
       r  t  s  t  d       total energy    change  change    error 
  
etot    1  N  N  2  U   -1459.11176659205           4.8E-04  1.7E-02
etot    2  Y  Y  6  M   -1459.14563283340  3.4E-02  6.3E-05  1.3E-03
etot    3  N  Y  2  U   -1459.14530399499 -3.3E-04  5.2E-05  2.1E-03
etot    4  Y  Y  6  M   -1459.14561812471  3.1E-04  1.9E-05  1.2E-03
etot    5  N  Y  2  U   -1459.14569651370  7.8E-05  4.6E-06  1.5E-04
etot    6  N  N  2  U   -1459.14569945313  2.9E-06  0.0E+00  0.0E+00
scf (DFT) done.
der1a (1-e 1st deriv.) done.
rwr (1st deriv. Q) done.
der1b (2-e 1st deriv.) done.
  Geometry optimization step  18
  Total energy:     -1459.18645441264 hartrees
  energy change:          -4.2890E-06 *  (  5.0000E-05 )
  gradient maximum:        5.3941E-03 .  (  4.5000E-04 )
  gradient rms:            8.4858E-04 .  (  3.0000E-04 )
  displacement maximum:    6.0364E-02 .  (  1.8000E-03 )
  displacement rms:        8.7124E-03 .  (  1.2000E-03 )
  
  predicted energy change: -2.5705E-04
  step size:     0.11818
  trust radius:  0.30000
---------------- geometry iteration  18 complete ----------------
geopt (optimize geometry) done.
onee (1-electron integrals) done.
probe (project orbitals) done.
grid (grid generation) done.
rwr (Q operators) done.
  
       i  u  d  i  g
       t  p  i  c  r                                 RMS    maximum
       e  d  i  u  i                       energy  density   DIIS  
       r  t  s  t  d       total energy    change  change    error 
  
etot    1  N  N  2  U   -1459.14111006530           1.8E-04  3.3E-03
etot    2  Y  Y  6  M   -1459.14585252333  4.7E-03  4.9E-05  6.5E-04
etot    3  N  Y  2  U   -1459.14557606974 -2.8E-04  3.7E-05  2.0E-03
etot    4  N  Y  2  U   -1459.14584197796  2.7E-04  8.0E-06  3.3E-04
etot    5  N  Y  2  U   -1459.14584784566  5.9E-06  3.3E-06  8.7E-05
etot    6  N  N  2  U   -1459.14584963233  1.8E-06  0.0E+00  0.0E+00
scf (DFT) done.
der1a (1-e 1st deriv.) done.
rwr (1st deriv. Q) done.
der1b (2-e 1st deriv.) done.
  Geometry optimization step  19
  Total energy:     -1459.18657151723 hartrees
  energy change:          -1.1710E-04 .  (  5.0000E-05 )
  gradient maximum:        4.7193E-03 .  (  4.5000E-04 )
  gradient rms:            7.4751E-04 .  (  3.0000E-04 )
  displacement maximum:    4.8413E-02 .  (  1.8000E-03 )
  displacement rms:        6.7653E-03 .  (  1.2000E-03 )
  
  predicted energy change: -1.3115E-04
  step size:     0.09177
  trust radius:  0.30000
---------------- geometry iteration  19 complete ----------------
geopt (optimize geometry) done.
onee (1-electron integrals) done.
probe (project orbitals) done.
grid (grid generation) done.
rwr (Q operators) done.
  
       i  u  d  i  g
       t  p  i  c  r                                 RMS    maximum
       e  d  i  u  i                       energy  density   DIIS  
       r  t  s  t  d       total energy    change  change    error 
  
etot    1  N  N  2  U   -1459.14136771855           1.7E-04  4.4E-03
etot    2  Y  Y  6  M   -1459.14591707604  4.5E-03  3.4E-05  4.8E-04
etot    3  N  Y  2  U   -1459.14583103283 -8.6E-05  2.7E-05  1.5E-03
etot    4  N  Y  2  U   -1459.14593372990  1.0E-04  7.4E-06  4.5E-04
etot    5  N  Y  2  U   -1459.14594203527  8.3E-06  2.3E-06  8.8E-05
etot    6  N  N  2  U   -1459.14594291112  8.8E-07  0.0E+00  0.0E+00
scf (DFT) done.
der1a (1-e 1st deriv.) done.
rwr (1st deriv. Q) done.
der1b (2-e 1st deriv.) done.
  Geometry optimization step  20
  Total energy:     -1459.18668441130 hartrees
  energy change:          -1.1289E-04 .  (  5.0000E-05 )
  gradient maximum:        8.5442E-04 .  (  4.5000E-04 )
  gradient rms:            1.6712E-04 *  (  3.0000E-04 )
  displacement maximum:    1.4130E-02 .  (  1.8000E-03 )
  displacement rms:        2.5314E-03 .  (  1.2000E-03 )
  
  predicted energy change: -1.8731E-05
  step size:     0.03434
  trust radius:  0.30000
---------------- geometry iteration  20 complete ----------------
geopt (optimize geometry) done.
onee (1-electron integrals) done.
probe (project orbitals) done.
grid (grid generation) done.
rwr (Q operators) done.
  
       i  u  d  i  g
       t  p  i  c  r                                 RMS    maximum
       e  d  i  u  i                       energy  density   DIIS  
       r  t  s  t  d       total energy    change  change    error 
  
etot    1  N  N  2  U   -1459.14553679356           5.6E-05  1.4E-03
etot    2  Y  Y  6  M   -1459.14601880309  4.8E-04  1.0E-05  9.8E-05
etot    3  N  Y  2  U   -1459.14600938309 -9.4E-06  7.8E-06  3.0E-04
etot    4  N  Y  2  U   -1459.14602231829  1.3E-05  2.3E-06  7.1E-05
etot    5  N  N  2  U   -1459.14602280428  4.9E-07  0.0E+00  0.0E+00
scf (DFT) done.
der1a (1-e 1st deriv.) done.
rwr (1st deriv. Q) done.
der1b (2-e 1st deriv.) done.
  Geometry optimization step  21
  Total energy:     -1459.18676740757 hartrees
  energy change:          -8.2996E-05 .  (  5.0000E-05 )
  gradient maximum:        7.1166E-04 .  (  4.5000E-04 )
  gradient rms:            1.4510E-04 *  (  3.0000E-04 )
  displacement maximum:    2.9655E-02 .  (  1.8000E-03 )
  displacement rms:        5.0470E-03 .  (  1.2000E-03 )
  
  predicted energy change: -1.4221E-05
  step size:     0.06846
  trust radius:  0.30000
---------------- geometry iteration  21 complete ----------------
geopt (optimize geometry) done.
onee (1-electron integrals) done.
probe (project orbitals) done.
grid (grid generation) done.
rwr (Q operators) done.
  
       i  u  d  i  g
       t  p  i  c  r                                 RMS    maximum
       e  d  i  u  i                       energy  density   DIIS  
       r  t  s  t  d       total energy    change  change    error 
  
etot    1  N  N  2  U   -1459.14389594791           1.1E-04  2.9E-03
etot    2  Y  Y  6  M   -1459.14602875836  2.1E-03  1.4E-05  2.6E-04
etot    3  N  Y  2  U   -1459.14600835695 -2.0E-05  1.3E-05  4.7E-04
etot    4  N  Y  2  U   -1459.14602441867  1.6E-05  5.3E-06  2.8E-04
etot    5  N  Y  2  U   -1459.14603016737  5.7E-06  1.1E-06  2.1E-05
etot    6  N  N  2  U   -1459.14603033801  1.7E-07  0.0E+00  0.0E+00
scf (DFT) done.
der1a (1-e 1st deriv.) done.
rwr (1st deriv. Q) done.
der1b (2-e 1st deriv.) done.
  Geometry optimization step  22
  Total energy:     -1459.18677867507 hartrees
  energy change:          -1.1267E-05 *  (  5.0000E-05 )
  gradient maximum:        6.5811E-04 .  (  4.5000E-04 )
  gradient rms:            1.5008E-04 *  (  3.0000E-04 )
  displacement maximum:    1.1523E-02 .  (  1.8000E-03 )
  displacement rms:        1.5189E-03 .  (  1.2000E-03 )
  
  predicted energy change: -5.8637E-06
  step size:     0.02060
  trust radius:  0.30000
---------------- geometry iteration  22 complete ----------------
geopt (optimize geometry) done.
onee (1-electron integrals) done.
probe (project orbitals) done.
grid (grid generation) done.
rwr (Q operators) done.
  
       i  u  d  i  g
       t  p  i  c  r                                 RMS    maximum
       e  d  i  u  i                       energy  density   DIIS  
       r  t  s  t  d       total energy    change  change    error 
  
etot    1  N  N  2  U   -1459.14581975874           3.4E-05  7.3E-04
etot    2  N  Y  2  U   -1459.14599844362  1.8E-04  6.5E-06  6.0E-05
etot    3  N  Y  2  U   -1459.14599415866 -4.3E-06  4.9E-06  1.7E-04
etot    4  N  N  2  U   -1459.14599942607  5.3E-06  0.0E+00  0.0E+00
scf (DFT) done.
der1a (1-e 1st deriv.) done.
rwr (1st deriv. Q) done.
der1b (2-e 1st deriv.) done.
  Geometry optimization step  23
  Total energy:     -1459.18675739587 hartrees
  energy change:           2.1279E-05 *  (  5.0000E-05 )
  gradient maximum:        3.5694E-04 *  (  4.5000E-04 )
  gradient rms:            7.6610E-05 *  (  3.0000E-04 )
  displacement maximum:    6.8974E-03 .  (  1.8000E-03 )
  displacement rms:        1.3723E-03 .  (  1.2000E-03 )
  
  predicted energy change: -2.6167E-06
  step size:     0.01861
  trust radius:  0.30000
---------------- geometry iteration  23 complete ----------------
geopt (optimize geometry) done.
onee (1-electron integrals) done.
probe (project orbitals) done.
grid (grid generation) done.
rwr (Q operators) done.
  
       i  u  d  i  g
       t  p  i  c  r                                 RMS    maximum
       e  d  i  u  i                       energy  density   DIIS  
       r  t  s  t  d       total energy    change  change    error 
  
etot    1  N  N  2  U   -1459.14565987488           4.1E-05  1.1E-03
etot    2  N  Y  2  U   -1459.14593620214  2.8E-04  1.0E-05  1.2E-04
etot    3  N  Y  2  U   -1459.14592372905 -1.2E-05  8.1E-06  4.0E-04
etot    4  N  Y  2  U   -1459.14593818308  1.4E-05  1.5E-06  5.5E-05
etot    5  N  N  2  U   -1459.14593849872  3.2E-07  0.0E+00  0.0E+00
scf (DFT) done.
der1a (1-e 1st deriv.) done.
rwr (1st deriv. Q) done.
der1b (2-e 1st deriv.) done.
  Geometry optimization step  24
  Total energy:     -1459.18671564497 hartrees
  energy change:           4.1751E-05 *  (  5.0000E-05 )
  gradient maximum:        2.9003E-04 *  (  4.5000E-04 )
  gradient rms:            5.6175E-05 #  (  3.0000E-04 )
  displacement maximum:    6.7980E-03 .  (  1.8000E-03 )
  displacement rms:        1.1140E-03 *  (  1.2000E-03 )
  
  predicted energy change: -1.1840E-06
  step size:     0.01511
  trust radius:  0.30000
------------- final geometry iteration  24 complete -------------
geopt (optimize geometry) done.
cutabab2 (abab integrals) done.
der2a (1-e JK-1st deriv.) done.
der2b (2-e JK-1st deriv.) done.
der2nda (1-e 2nd deriv.) done.
der2ndb (2-e 2nd deriv.) done.
rwr (Q operators) done.
cphfa (gradient of wave function) done.
freq (vib. frequencies) done.
Job J1_8458_2111 completed on hpc-93-19.cm.cluster at Wed May 29 03:59:33 2024
Timer (jaguar_backend.py) : 2818.97 secs (0 hrs, 46 mins, 58 secs)
Finished:   Wed May 29 03:59:33 2024
