Command:  /groups/wag/programs/Schrodinger_2020_3/jaguar run -WAIT -PARALLEL 8 /central/home/labounad/wittig-ch121/out/J1_9956_2111/J1_9956_2111.in
Release:  2020-3
Exec:     /groups/wag/programs/Schrodinger_2020_3/jaguar-v10.9/bin/Linux-x86_64
Host:     hpc-92-26.cm.cluster
JobId:    hpc-92-26-0-66573710
JobDir:   /central/scratch/labounad/J1_9956_2111#hpc-92-26-0-66573710
Date:     Wed May 29 07:09:22 2024

Contents of /central/scratch/labounad/J1_9956_2111#hpc-92-26-0-66573710:
/central/scratch/labounad/J1_9956_2111#hpc-92-26-0-66573710/hpc-92-26-0-66573710.mpinodes
/central/scratch/labounad/J1_9956_2111#hpc-92-26-0-66573710/J1_9956_2111.recover
/central/scratch/labounad/J1_9956_2111#hpc-92-26-0-66573710/.write_dir.json
/central/scratch/labounad/J1_9956_2111#hpc-92-26-0-66573710/hpc-92-26-0-66573710.recover
/central/scratch/labounad/J1_9956_2111#hpc-92-26-0-66573710/hpc-92-26-0-66573710
/central/scratch/labounad/J1_9956_2111#hpc-92-26-0-66573710/hpc-92-26-0-66573710.nodes
/central/scratch/labounad/J1_9956_2111#hpc-92-26-0-66573710/J1_9956_2111.log
/central/scratch/labounad/J1_9956_2111#hpc-92-26-0-66573710/J1_9956_2111.in

Executing subprocess:
/groups/wag/programs/Schrodinger_2020_3/jaguar-v10.9/bin/Linux-x86_64/jexec J1_9956_2111.in -T 8 -out /central/scratch/labounad/J1_9956_2111#hpc-92-26-0-66573710 -cwd

Job J1_9956_2111 started on hpc-92-26.cm.cluster at Wed May 29 07:09:23 2024
jobid: hpc-92-26-0-66573710 
Jaguar version 10.9, release 139
 Using up to   8 threads per process
Molecular Point Group: C1      
Point Group used: C1
pre (input checking) done.
onee (1-electron integrals) done.
hfig (HF initial guess) done.
probe (project orbitals) done.
grid (grid generation) done.
rwr (Q operators) done.
scf type: DFT=PBE(X+LC)+PW91 (PBE-D3)
  
       i  u  d  i  g
       t  p  i  c  r                                 RMS    maximum
       e  d  i  u  i                       energy  density   DIIS  
       r  t  s  t  d       total energy    change  change    error 
  
etot    1  N  N  5  M   -2549.69612101976           6.0E-03  1.2E-01
etot    2  Y  Y  6  M   -2538.61164088718 -1.1E+01  1.5E-02  2.0E-01
etot    3  Y  Y  6  M   -2463.93310284432 -7.5E+01  1.5E-02  2.5E-01
etot    4  N  Y  2  U   -2552.57338511734  8.9E+01  1.2E-02  6.7E-02
etot    5  Y  Y  6  M   -2518.65132536937 -3.4E+01  1.2E-02  1.9E-01
etot    6  N  Y  2  U   -2555.75555025087  3.7E+01  1.4E-03  2.2E-02
etot    7  Y  Y  6  M   -2555.83489726360  7.9E-02  6.6E-04  1.8E-02
etot    8  N  Y  2  U   -2556.00196466194  1.7E-01  2.9E-04  1.2E-02
etot    9  Y  Y  6  M   -2556.03182659097  3.0E-02  1.3E-04  5.6E-03
etot   10  N  Y  2  U   -2556.03664931138  4.8E-03  6.0E-05  2.4E-03
etot   11  Y  Y  6  M   -2556.03819319089  1.5E-03  2.7E-05  7.7E-04
etot   12  N  Y  2  U   -2556.03837370795  1.8E-04  1.8E-05  4.2E-04
etot   13  N  Y  2  U   -2556.03839947782  2.6E-05  9.0E-06  2.9E-04
etot   14  N  Y  2  U   -2556.03844365078  4.4E-05  3.4E-06  1.0E-04
etot   15  N  N  2  U   -2556.03844596744  2.3E-06  0.0E+00  0.0E+00
scf (DFT) done.
der1a (1-e 1st deriv.) done.
rwr (1st deriv. Q) done.
der1b (2-e 1st deriv.) done.
  Geometry optimization step   1
  Total energy:     -2556.11927122252 hartrees
  gradient maximum:        5.2717E-02 .  (  4.5000E-04 )
  gradient rms:            9.1345E-03 .  (  3.0000E-04 )
  displacement maximum:    9.3667E-02 .  (  1.8000E-03 )
  displacement rms:        1.6823E-02 .  (  1.2000E-03 )
  
  predicted energy change: -3.4560E-02
  step size:     0.30047
  trust radius:  0.30000
---------------- geometry iteration   1 complete ----------------
geopt (optimize geometry) done.
onee (1-electron integrals) done.
probe (project orbitals) done.
grid (grid generation) done.
rwr (Q operators) done.
  
       i  u  d  i  g
       t  p  i  c  r                                 RMS    maximum
       e  d  i  u  i                       energy  density   DIIS  
       r  t  s  t  d       total energy    change  change    error 
  
etot    1  N  N  2  U   -2556.03868428807           2.9E-04  7.9E-03
etot    2  Y  Y  6  M   -2556.07050821282  3.2E-02  1.3E-04  1.7E-03
etot    3  N  Y  2  U   -2556.06575452962 -4.8E-03  9.8E-05  4.3E-03
etot    4  Y  Y  6  M   -2556.07154992312  5.8E-03  2.3E-05  1.4E-03
etot    5  N  Y  2  U   -2556.07192964044  3.8E-04  7.4E-06  2.6E-04
etot    6  N  Y  2  U   -2556.07194601929  1.6E-05  3.3E-06  1.6E-04
etot    7  N  N  2  U   -2556.07195104258  5.0E-06  0.0E+00  0.0E+00
scf (DFT) done.
der1a (1-e 1st deriv.) done.
rwr (1st deriv. Q) done.
der1b (2-e 1st deriv.) done.
  Geometry optimization step   2
  Total energy:     -2556.15194253370 hartrees
  energy change:          -3.2671E-02 .  (  5.0000E-05 )
  gradient maximum:        2.7242E-02 .  (  4.5000E-04 )
  gradient rms:            3.8760E-03 .  (  3.0000E-04 )
  displacement maximum:    8.3895E-02 .  (  1.8000E-03 )
  displacement rms:        1.6797E-02 .  (  1.2000E-03 )
  
  predicted energy change: -1.1919E-02
  step size:     0.30000
  trust radius:  0.30000
---------------- geometry iteration   2 complete ----------------
geopt (optimize geometry) done.
onee (1-electron integrals) done.
probe (project orbitals) done.
grid (grid generation) done.
rwr (Q operators) done.
  
       i  u  d  i  g
       t  p  i  c  r                                 RMS    maximum
       e  d  i  u  i                       energy  density   DIIS  
       r  t  s  t  d       total energy    change  change    error 
  
etot    1  N  N  2  U   -2556.03451867788           6.2E-04  1.4E-02
etot    2  Y  Y  6  M   -2556.08289898735  4.8E-02  1.4E-04  3.0E-03
etot    3  N  Y  2  U   -2556.07572974447 -7.2E-03  1.0E-04  9.3E-03
etot    4  N  Y  2  U   -2556.08398002873  8.3E-03  1.9E-05  9.9E-04
etot    5  N  Y  2  U   -2556.08412676662  1.5E-04  7.7E-06  2.9E-04
etot    6  N  Y  2  U   -2556.08414964578  2.3E-05  3.3E-06  1.6E-04
etot    7  N  N  2  U   -2556.08415424899  4.6E-06  0.0E+00  0.0E+00
scf (DFT) done.
der1a (1-e 1st deriv.) done.
rwr (1st deriv. Q) done.
der1b (2-e 1st deriv.) done.
  Geometry optimization step   3
  Total energy:     -2556.16441932149 hartrees
  energy change:          -1.2477E-02 .  (  5.0000E-05 )
  gradient maximum:        1.2714E-02 .  (  4.5000E-04 )
  gradient rms:            1.6953E-03 .  (  3.0000E-04 )
  displacement maximum:    1.2392E-01 .  (  1.8000E-03 )
  displacement rms:        1.6797E-02 .  (  1.2000E-03 )
  
  predicted energy change: -4.8455E-03
  step size:     0.30000
  trust radius:  0.30000
---------------- geometry iteration   3 complete ----------------
geopt (optimize geometry) done.
onee (1-electron integrals) done.
probe (project orbitals) done.
grid (grid generation) done.
rwr (Q operators) done.
  
       i  u  d  i  g
       t  p  i  c  r                                 RMS    maximum
       e  d  i  u  i                       energy  density   DIIS  
       r  t  s  t  d       total energy    change  change    error 
  
etot    1  N  N  2  U   -2556.03098979526           3.6E-04  1.2E-02
etot    2  Y  Y  6  M   -2556.08841300423  5.7E-02  1.1E-04  1.9E-03
etot    3  N  Y  2  U   -2556.08467599430 -3.7E-03  7.8E-05  6.2E-03
etot    4  Y  Y  6  M   -2556.08896311275  4.3E-03  1.9E-05  1.3E-03
etot    5  N  Y  2  U   -2556.08903842465  7.5E-05  7.3E-06  3.0E-04
etot    6  N  Y  2  U   -2556.08906316585  2.5E-05  2.7E-06  1.3E-04
etot    7  N  N  2  U   -2556.08906558490  2.4E-06  0.0E+00  0.0E+00
scf (DFT) done.
der1a (1-e 1st deriv.) done.
rwr (1st deriv. Q) done.
der1b (2-e 1st deriv.) done.
  Geometry optimization step   4
  Total energy:     -2556.16875999332 hartrees
  energy change:          -4.3407E-03 .  (  5.0000E-05 )
  gradient maximum:        8.0365E-03 .  (  4.5000E-04 )
  gradient rms:            1.3514E-03 .  (  3.0000E-04 )
  displacement maximum:    1.4116E-01 .  (  1.8000E-03 )
  displacement rms:        1.6799E-02 .  (  1.2000E-03 )
  
  predicted energy change: -3.6057E-03
  step size:     0.30004
  trust radius:  0.30000
---------------- geometry iteration   4 complete ----------------
geopt (optimize geometry) done.
onee (1-electron integrals) done.
probe (project orbitals) done.
grid (grid generation) done.
rwr (Q operators) done.
  
       i  u  d  i  g
       t  p  i  c  r                                 RMS    maximum
       e  d  i  u  i                       energy  density   DIIS  
       r  t  s  t  d       total energy    change  change    error 
  
etot    1  N  N  2  U   -2556.04073764157           3.4E-04  1.0E-02
etot    2  Y  Y  6  M   -2556.09052364699  5.0E-02  9.1E-05  1.6E-03
etot    3  N  Y  2  U   -2556.08823236962 -2.3E-03  6.6E-05  4.8E-03
etot    4  Y  Y  6  M   -2556.09092244679  2.7E-03  1.9E-05  1.2E-03
etot    5  N  Y  2  U   -2556.09098812655  6.6E-05  7.1E-06  3.1E-04
etot    6  N  Y  2  U   -2556.09101621765  2.8E-05  2.5E-06  9.4E-05
etot    7  N  N  2  U   -2556.09101777907  1.6E-06  0.0E+00  0.0E+00
scf (DFT) done.
der1a (1-e 1st deriv.) done.
rwr (1st deriv. Q) done.
der1b (2-e 1st deriv.) done.
  Geometry optimization step   5
  Total energy:     -2556.17135596739 hartrees
  energy change:          -2.5960E-03 .  (  5.0000E-05 )
  gradient maximum:        1.5972E-02 .  (  4.5000E-04 )
  gradient rms:            1.8358E-03 .  (  3.0000E-04 )
  displacement maximum:    1.3460E-01 .  (  1.8000E-03 )
  displacement rms:        1.6810E-02 .  (  1.2000E-03 )
  
  predicted energy change: -2.5025E-03
  step size:     0.30024
  trust radius:  0.30000
---------------- geometry iteration   5 complete ----------------
geopt (optimize geometry) done.
onee (1-electron integrals) done.
probe (project orbitals) done.
grid (grid generation) done.
rwr (Q operators) done.
  
       i  u  d  i  g
       t  p  i  c  r                                 RMS    maximum
       e  d  i  u  i                       energy  density   DIIS  
       r  t  s  t  d       total energy    change  change    error 
  
etot    1  N  N  2  U   -2556.05524665251           3.0E-04  5.2E-03
etot    2  Y  Y  6  M   -2556.09225313409  3.7E-02  6.7E-05  9.5E-04
etot    3  N  Y  2  U   -2556.09151471764 -7.4E-04  4.7E-05  1.6E-03
etot    4  N  Y  2  U   -2556.09244630204  9.3E-04  1.5E-05  5.4E-04
etot    5  N  Y  2  U   -2556.09248620455  4.0E-05  6.6E-06  4.1E-04
etot    6  N  Y  2  U   -2556.09251277897  2.7E-05  1.8E-06  6.1E-05
etot    7  N  N  2  U   -2556.09251333089  5.5E-07  0.0E+00  0.0E+00
scf (DFT) done.
der1a (1-e 1st deriv.) done.
rwr (1st deriv. Q) done.
der1b (2-e 1st deriv.) done.
  Geometry optimization step   6
  Total energy:     -2556.17300005987 hartrees
  energy change:          -1.6441E-03 .  (  5.0000E-05 )
  gradient maximum:        5.1698E-03 .  (  4.5000E-04 )
  gradient rms:            8.0221E-04 .  (  3.0000E-04 )
  displacement maximum:    1.5861E-01 .  (  1.8000E-03 )
  displacement rms:        1.6802E-02 .  (  1.2000E-03 )
  
  predicted energy change: -1.2745E-03
  step size:     0.30009
  trust radius:  0.30000
---------------- geometry iteration   6 complete ----------------
geopt (optimize geometry) done.
onee (1-electron integrals) done.
probe (project orbitals) done.
grid (grid generation) done.
rwr (Q operators) done.
  
       i  u  d  i  g
       t  p  i  c  r                                 RMS    maximum
       e  d  i  u  i                       energy  density   DIIS  
       r  t  s  t  d       total energy    change  change    error 
  
etot    1  N  N  2  U   -2556.04924251003           3.1E-04  1.2E-02
etot    2  Y  Y  6  M   -2556.09335538641  4.4E-02  5.6E-05  9.7E-04
etot    3  N  Y  2  U   -2556.09256048809 -7.9E-04  4.2E-05  2.9E-03
etot    4  N  Y  2  U   -2556.09349197943  9.3E-04  1.4E-05  8.8E-04
etot    5  N  Y  2  U   -2556.09357454617  8.3E-05  5.7E-06  1.7E-04
etot    6  N  Y  2  U   -2556.09359031919  1.6E-05  1.8E-06  5.1E-05
etot    7  N  N  2  U   -2556.09359109005  7.7E-07  0.0E+00  0.0E+00
scf (DFT) done.
der1a (1-e 1st deriv.) done.
rwr (1st deriv. Q) done.
der1b (2-e 1st deriv.) done.
  Geometry optimization step   7
  Total energy:     -2556.17431847595 hartrees
  energy change:          -1.3184E-03 .  (  5.0000E-05 )
  gradient maximum:        5.9604E-03 .  (  4.5000E-04 )
  gradient rms:            8.5454E-04 .  (  3.0000E-04 )
  displacement maximum:    1.9645E-01 .  (  1.8000E-03 )
  displacement rms:        1.4644E-02 .  (  1.2000E-03 )
  
  predicted energy change: -1.5409E-03
  step size:     0.26155
  trust radius:  0.30000
---------------- geometry iteration   7 complete ----------------
geopt (optimize geometry) done.
onee (1-electron integrals) done.
probe (project orbitals) done.
grid (grid generation) done.
rwr (Q operators) done.
  
       i  u  d  i  g
       t  p  i  c  r                                 RMS    maximum
       e  d  i  u  i                       energy  density   DIIS  
       r  t  s  t  d       total energy    change  change    error 
  
etot    1  N  N  2  U   -2556.03362465709           3.5E-04  1.6E-02
etot    2  Y  Y  6  M   -2556.09367104087  6.0E-02  5.1E-05  1.3E-03
etot    3  N  Y  2  U   -2556.09337364093 -3.0E-04  3.5E-05  1.4E-03
etot    4  N  Y  2  U   -2556.09386460826  4.9E-04  1.4E-05  5.1E-04
etot    5  N  Y  2  U   -2556.09392528644  6.1E-05  5.4E-06  2.8E-04
etot    6  N  Y  2  U   -2556.09394067105  1.5E-05  1.8E-06  6.1E-05
etot    7  N  N  2  U   -2556.09394203938  1.4E-06  0.0E+00  0.0E+00
scf (DFT) done.
der1a (1-e 1st deriv.) done.
rwr (1st deriv. Q) done.
der1b (2-e 1st deriv.) done.
  Geometry optimization step   8
  Total energy:     -2556.17564548889 hartrees
  energy change:          -1.3270E-03 .  (  5.0000E-05 )
  gradient maximum:        5.2839E-03 .  (  4.5000E-04 )
  gradient rms:            8.7213E-04 .  (  3.0000E-04 )
  displacement maximum:    1.7572E-01 .  (  1.8000E-03 )
  displacement rms:        1.2792E-02 .  (  1.2000E-03 )
  
  predicted energy change: -1.5344E-03
  step size:     0.22848
  trust radius:  0.30000
---------------- geometry iteration   8 complete ----------------
geopt (optimize geometry) done.
onee (1-electron integrals) done.
probe (project orbitals) done.
grid (grid generation) done.
rwr (Q operators) done.
  
       i  u  d  i  g
       t  p  i  c  r                                 RMS    maximum
       e  d  i  u  i                       energy  density   DIIS  
       r  t  s  t  d       total energy    change  change    error 
  
etot    1  N  N  2  U   -2556.03559710721           3.5E-04  1.8E-02
etot    2  Y  Y  6  M   -2556.09319608587  5.8E-02  5.5E-05  1.2E-03
etot    3  N  Y  2  U   -2556.09281341052 -3.8E-04  3.7E-05  1.7E-03
etot    4  N  Y  2  U   -2556.09341264688  6.0E-04  1.2E-05  4.5E-04
etot    5  N  Y  2  U   -2556.09345556884  4.3E-05  4.0E-06  1.1E-04
etot    6  N  N  2  U   -2556.09346251559  6.9E-06  0.0E+00  0.0E+00
scf (DFT) done.
der1a (1-e 1st deriv.) done.
rwr (1st deriv. Q) done.
der1b (2-e 1st deriv.) done.
  Geometry optimization step   9
  Total energy:     -2556.17655271324 hartrees
  energy change:          -9.0722E-04 .  (  5.0000E-05 )
  gradient maximum:        8.4804E-03 .  (  4.5000E-04 )
  gradient rms:            1.2701E-03 .  (  3.0000E-04 )
  displacement maximum:    1.7469E-01 .  (  1.8000E-03 )
  displacement rms:        1.6804E-02 .  (  1.2000E-03 )
  
  predicted energy change: -1.7010E-03
  step size:     0.30013
  trust radius:  0.30000
---------------- geometry iteration   9 complete ----------------
geopt (optimize geometry) done.
onee (1-electron integrals) done.
probe (project orbitals) done.
grid (grid generation) done.
rwr (Q operators) done.
  
       i  u  d  i  g
       t  p  i  c  r                                 RMS    maximum
       e  d  i  u  i                       energy  density   DIIS  
       r  t  s  t  d       total energy    change  change    error 
  
etot    1  N  N  2  U   -2556.02860144378           3.6E-04  1.7E-02
etot    2  Y  Y  6  M   -2556.09457113473  6.6E-02  5.5E-05  8.3E-04
etot    3  N  Y  2  U   -2556.09391471552 -6.6E-04  4.1E-05  1.1E-03
etot    4  N  Y  2  U   -2556.09454667527  6.3E-04  1.5E-05  6.1E-04
etot    5  N  Y  2  U   -2556.09462345135  7.7E-05  5.8E-06  3.1E-04
etot    6  N  Y  2  U   -2556.09464269422  1.9E-05  2.0E-06  7.9E-05
etot    7  N  N  2  U   -2556.09464379333  1.1E-06  0.0E+00  0.0E+00
scf (DFT) done.
der1a (1-e 1st deriv.) done.
rwr (1st deriv. Q) done.
der1b (2-e 1st deriv.) done.
  Geometry optimization step  10
  Total energy:     -2556.17775765538 hartrees
  energy change:          -1.2049E-03 .  (  5.0000E-05 )
  gradient maximum:        8.6669E-03 .  (  4.5000E-04 )
  gradient rms:            1.3815E-03 .  (  3.0000E-04 )
  displacement maximum:    1.6484E-01 .  (  1.8000E-03 )
  displacement rms:        1.6797E-02 .  (  1.2000E-03 )
  
  predicted energy change: -1.5108E-03
  step size:     0.30000
  trust radius:  0.30000
---------------- geometry iteration  10 complete ----------------
geopt (optimize geometry) done.
onee (1-electron integrals) done.
probe (project orbitals) done.
grid (grid generation) done.
rwr (Q operators) done.
  
       i  u  d  i  g
       t  p  i  c  r                                 RMS    maximum
       e  d  i  u  i                       energy  density   DIIS  
       r  t  s  t  d       total energy    change  change    error 
  
etot    1  N  N  2  U   -2556.04577589245           3.3E-04  1.3E-02
etot    2  Y  Y  6  M   -2556.09453140886  4.9E-02  4.7E-05  8.9E-04
etot    3  N  Y  2  U   -2556.09410197146 -4.3E-04  3.3E-05  8.4E-04
etot    4  N  Y  2  U   -2556.09444338676  3.4E-04  1.2E-05  3.2E-04
etot    5  N  Y  2  U   -2556.09448333914  4.0E-05  4.6E-06  1.8E-04
etot    6  N  Y  2  U   -2556.09449449506  1.1E-05  1.6E-06  6.5E-05
etot    7  N  N  2  U   -2556.09449520508  7.1E-07  0.0E+00  0.0E+00
scf (DFT) done.
der1a (1-e 1st deriv.) done.
rwr (1st deriv. Q) done.
der1b (2-e 1st deriv.) done.
  Geometry optimization step  11
  Total energy:     -2556.17845948498 hartrees
  energy change:          -7.0183E-04 .  (  5.0000E-05 )
  gradient maximum:        6.5553E-03 .  (  4.5000E-04 )
  gradient rms:            8.7464E-04 .  (  3.0000E-04 )
  displacement maximum:    9.5490E-02 .  (  1.8000E-03 )
  displacement rms:        1.1502E-02 .  (  1.2000E-03 )
  
  predicted energy change: -6.4627E-04
  step size:     0.20544
  trust radius:  0.30000
---------------- geometry iteration  11 complete ----------------
geopt (optimize geometry) done.
onee (1-electron integrals) done.
probe (project orbitals) done.
grid (grid generation) done.
rwr (Q operators) done.
  
       i  u  d  i  g
       t  p  i  c  r                                 RMS    maximum
       e  d  i  u  i                       energy  density   DIIS  
       r  t  s  t  d       total energy    change  change    error 
  
etot    1  N  N  2  U   -2556.08214212475           1.8E-04  5.0E-03
etot    2  Y  Y  6  M   -2556.09443186360  1.2E-02  3.7E-05  6.5E-04
etot    3  N  Y  2  U   -2556.09393703861 -4.9E-04  2.6E-05  1.8E-03
etot    4  N  Y  2  U   -2556.09438424398  4.5E-04  8.5E-06  5.2E-04
etot    5  N  Y  2  U   -2556.09441094493  2.7E-05  3.3E-06  1.7E-04
etot    6  N  N  2  U   -2556.09441689372  5.9E-06  0.0E+00  0.0E+00
scf (DFT) done.
der1a (1-e 1st deriv.) done.
rwr (1st deriv. Q) done.
der1b (2-e 1st deriv.) done.
  Geometry optimization step  12
  Total energy:     -2556.17827711777 hartrees
  energy change:           1.8237E-04 .  (  5.0000E-05 )
  gradient maximum:        4.4560E-03 .  (  4.5000E-04 )
  gradient rms:            7.9460E-04 .  (  3.0000E-04 )
  displacement maximum:    6.5313E-02 .  (  1.8000E-03 )
  displacement rms:        9.5655E-03 .  (  1.2000E-03 )
  
  predicted energy change: -4.6888E-04
  step size:     0.17084
  trust radius:  0.30000
---------------- geometry iteration  12 complete ----------------
geopt (optimize geometry) done.
onee (1-electron integrals) done.
probe (project orbitals) done.
grid (grid generation) done.
rwr (Q operators) done.
  
       i  u  d  i  g
       t  p  i  c  r                                 RMS    maximum
       e  d  i  u  i                       energy  density   DIIS  
       r  t  s  t  d       total energy    change  change    error 
  
etot    1  N  N  2  U   -2556.07125891619           2.2E-04  8.2E-03
etot    2  Y  Y  6  M   -2556.09385368425  2.3E-02  3.8E-05  5.1E-04
etot    3  N  Y  2  U   -2556.09344428846 -4.1E-04  2.8E-05  1.1E-03
etot    4  N  Y  2  U   -2556.09382367103  3.8E-04  9.3E-06  4.5E-04
etot    5  N  Y  2  U   -2556.09386269301  3.9E-05  3.3E-06  1.6E-04
etot    6  N  N  2  U   -2556.09386878808  6.1E-06  0.0E+00  0.0E+00
scf (DFT) done.
der1a (1-e 1st deriv.) done.
rwr (1st deriv. Q) done.
der1b (2-e 1st deriv.) done.
  Geometry optimization step  13
  Total energy:     -2556.17821269008 hartrees
  energy change:           6.4428E-05 .  (  5.0000E-05 )
  gradient maximum:        1.0404E-02 .  (  4.5000E-04 )
  gradient rms:            1.5207E-03 .  (  3.0000E-04 )
  displacement maximum:    4.7537E-02 .  (  1.8000E-03 )
  displacement rms:        8.4754E-03 .  (  1.2000E-03 )
  
  predicted energy change: -8.0089E-04
  step size:     0.15138
  trust radius:  0.30000
---------------- geometry iteration  13 complete ----------------
geopt (optimize geometry) done.
onee (1-electron integrals) done.
probe (project orbitals) done.
grid (grid generation) done.
rwr (Q operators) done.
  
       i  u  d  i  g
       t  p  i  c  r                                 RMS    maximum
       e  d  i  u  i                       energy  density   DIIS  
       r  t  s  t  d       total energy    change  change    error 
  
etot    1  N  N  2  U   -2556.06287444855           2.6E-04  7.4E-03
etot    2  Y  Y  6  M   -2556.09389392648  3.1E-02  5.2E-05  5.4E-04
etot    3  N  Y  2  U   -2556.09323061070 -6.6E-04  3.8E-05  1.7E-03
etot    4  N  Y  2  U   -2556.09403271411  8.0E-04  1.2E-05  6.3E-04
etot    5  N  Y  2  U   -2556.09409100726  5.8E-05  4.4E-06  2.4E-04
etot    6  N  N  2  U   -2556.09410023095  9.2E-06  0.0E+00  0.0E+00
scf (DFT) done.
der1a (1-e 1st deriv.) done.
rwr (1st deriv. Q) done.
der1b (2-e 1st deriv.) done.
  Geometry optimization step  14
  Total energy:     -2556.17850556398 hartrees
  energy change:          -2.9287E-04 .  (  5.0000E-05 )
  gradient maximum:        3.1698E-03 .  (  4.5000E-04 )
  gradient rms:            5.1772E-04 .  (  3.0000E-04 )
  displacement maximum:    1.2513E-01 .  (  1.8000E-03 )
  displacement rms:        1.0678E-02 .  (  1.2000E-03 )
  
  predicted energy change: -3.4692E-04
  step size:     0.19072
  trust radius:  0.30000
---------------- geometry iteration  14 complete ----------------
geopt (optimize geometry) done.
onee (1-electron integrals) done.
probe (project orbitals) done.
grid (grid generation) done.
rwr (Q operators) done.
  
       i  u  d  i  g
       t  p  i  c  r                                 RMS    maximum
       e  d  i  u  i                       energy  density   DIIS  
       r  t  s  t  d       total energy    change  change    error 
  
etot    1  N  N  2  U   -2556.05852394950           2.7E-04  1.3E-02
etot    2  Y  Y  6  M   -2556.09493923280  3.6E-02  4.0E-05  7.6E-04
etot    3  N  Y  2  U   -2556.09481350145 -1.3E-04  2.7E-05  1.3E-03
etot    4  N  Y  2  U   -2556.09516850617  3.6E-04  9.4E-06  5.9E-04
etot    5  N  Y  2  U   -2556.09519417628  2.6E-05  4.2E-06  2.8E-04
etot    6  N  Y  2  U   -2556.09520671055  1.3E-05  1.1E-06  1.9E-05
etot    7  N  N  2  U   -2556.09520691446  2.0E-07  0.0E+00  0.0E+00
scf (DFT) done.
der1a (1-e 1st deriv.) done.
rwr (1st deriv. Q) done.
der1b (2-e 1st deriv.) done.
  Geometry optimization step  15
  Total energy:     -2556.17877090450 hartrees
  energy change:          -2.6534E-04 .  (  5.0000E-05 )
  gradient maximum:        7.0414E-03 .  (  4.5000E-04 )
  gradient rms:            8.5552E-04 .  (  3.0000E-04 )
  displacement maximum:    6.8541E-02 .  (  1.8000E-03 )
  displacement rms:        6.5125E-03 .  (  1.2000E-03 )
  
  predicted energy change: -3.1670E-04
  step size:     0.11632
  trust radius:  0.30000
---------------- geometry iteration  15 complete ----------------
geopt (optimize geometry) done.
onee (1-electron integrals) done.
probe (project orbitals) done.
grid (grid generation) done.
rwr (Q operators) done.
  
       i  u  d  i  g
       t  p  i  c  r                                 RMS    maximum
       e  d  i  u  i                       energy  density   DIIS  
       r  t  s  t  d       total energy    change  change    error 
  
etot    1  N  N  2  U   -2556.08506367935           1.4E-04  6.9E-03
etot    2  Y  Y  6  M   -2556.09460765618  9.5E-03  2.4E-05  4.0E-04
etot    3  N  Y  2  U   -2556.09443626238 -1.7E-04  1.7E-05  7.2E-04
etot    4  N  Y  2  U   -2556.09457046950  1.3E-04  5.5E-06  1.6E-04
etot    5  N  Y  2  U   -2556.09457642961  6.0E-06  2.4E-06  1.3E-04
etot    6  N  N  2  U   -2556.09457995093  3.5E-06  0.0E+00  0.0E+00
scf (DFT) done.
der1a (1-e 1st deriv.) done.
rwr (1st deriv. Q) done.
der1b (2-e 1st deriv.) done.
  Geometry optimization step  16
  Total energy:     -2556.17885489070 hartrees
  energy change:          -8.3986E-05 .  (  5.0000E-05 )
  gradient maximum:        1.3387E-03 .  (  4.5000E-04 )
  gradient rms:            2.5306E-04 *  (  3.0000E-04 )
  displacement maximum:    3.9022E-02 .  (  1.8000E-03 )
  displacement rms:        5.1270E-03 .  (  1.2000E-03 )
  
  predicted energy change: -8.1416E-05
  step size:     0.09157
  trust radius:  0.30000
---------------- geometry iteration  16 complete ----------------
geopt (optimize geometry) done.
onee (1-electron integrals) done.
probe (project orbitals) done.
grid (grid generation) done.
rwr (Q operators) done.
  
       i  u  d  i  g
       t  p  i  c  r                                 RMS    maximum
       e  d  i  u  i                       energy  density   DIIS  
       r  t  s  t  d       total energy    change  change    error 
  
etot    1  N  N  2  U   -2556.08949574535           1.0E-04  3.2E-03
etot    2  Y  Y  6  M   -2556.09457690218  5.1E-03  2.0E-05  2.2E-04
etot    3  N  Y  2  U   -2556.09441821386 -1.6E-04  1.5E-05  6.0E-04
etot    4  N  Y  2  U   -2556.09450952671  9.1E-05  4.0E-06  1.9E-04
etot    5  N  N  2  U   -2556.09451538302  5.9E-06  0.0E+00  0.0E+00
scf (DFT) done.
der1a (1-e 1st deriv.) done.
rwr (1st deriv. Q) done.
der1b (2-e 1st deriv.) done.
  Geometry optimization step  17
  Total energy:     -2556.17889868732 hartrees
  energy change:          -4.3797E-05 *  (  5.0000E-05 )
  gradient maximum:        2.1606E-03 .  (  4.5000E-04 )
  gradient rms:            3.2414E-04 .  (  3.0000E-04 )
  displacement maximum:    2.2699E-02 .  (  1.8000E-03 )
  displacement rms:        3.5334E-03 .  (  1.2000E-03 )
  
  predicted energy change: -6.0415E-05
  step size:     0.06311
  trust radius:  0.30000
---------------- geometry iteration  17 complete ----------------
geopt (optimize geometry) done.
onee (1-electron integrals) done.
probe (project orbitals) done.
grid (grid generation) done.
rwr (Q operators) done.
  
       i  u  d  i  g
       t  p  i  c  r                                 RMS    maximum
       e  d  i  u  i                       energy  density   DIIS  
       r  t  s  t  d       total energy    change  change    error 
  
etot    1  N  N  2  U   -2556.09322482968           5.7E-05  1.7E-03
etot    2  Y  Y  6  M   -2556.09446199886  1.2E-03  2.1E-05  2.5E-04
etot    3  N  Y  2  U   -2556.09434832579 -1.1E-04  1.6E-05  8.2E-04
etot    4  N  Y  2  U   -2556.09451115214  1.6E-04  3.2E-06  1.4E-04
etot    5  N  N  2  U   -2556.09451621808  5.1E-06  0.0E+00  0.0E+00
scf (DFT) done.
der1a (1-e 1st deriv.) done.
rwr (1st deriv. Q) done.
der1b (2-e 1st deriv.) done.
  Geometry optimization step  18
  Total energy:     -2556.17887260645 hartrees
  energy change:           2.6081E-05 *  (  5.0000E-05 )
  gradient maximum:        1.2544E-03 .  (  4.5000E-04 )
  gradient rms:            1.8802E-04 *  (  3.0000E-04 )
  displacement maximum:    4.1073E-02 .  (  1.8000E-03 )
  displacement rms:        4.3582E-03 .  (  1.2000E-03 )
  
  predicted energy change: -3.9276E-05
  step size:     0.07784
  trust radius:  0.30000
---------------- geometry iteration  18 complete ----------------
geopt (optimize geometry) done.
onee (1-electron integrals) done.
probe (project orbitals) done.
grid (grid generation) done.
rwr (Q operators) done.
  
       i  u  d  i  g
       t  p  i  c  r                                 RMS    maximum
       e  d  i  u  i                       energy  density   DIIS  
       r  t  s  t  d       total energy    change  change    error 
  
etot    1  N  N  2  U   -2556.09202457482           6.8E-05  1.9E-03
etot    2  Y  Y  6  M   -2556.09412471694  2.1E-03  1.6E-05  1.5E-04
etot    3  N  Y  2  U   -2556.09406361247 -6.1E-05  1.2E-05  4.5E-04
etot    4  N  Y  2  U   -2556.09413055403  6.7E-05  3.2E-06  1.4E-04
etot    5  N  N  2  U   -2556.09413430896  3.8E-06  0.0E+00  0.0E+00
scf (DFT) done.
der1a (1-e 1st deriv.) done.
rwr (1st deriv. Q) done.
der1b (2-e 1st deriv.) done.
  Geometry optimization step  19
  Total energy:     -2556.17870603506 hartrees
  energy change:           1.6657E-04 .  (  5.0000E-05 )
  gradient maximum:        2.0206E-03 .  (  4.5000E-04 )
  gradient rms:            2.8346E-04 *  (  3.0000E-04 )
  displacement maximum:    1.2977E-02 .  (  1.8000E-03 )
  displacement rms:        1.4291E-03 .  (  1.2000E-03 )
  
  predicted energy change: -2.5994E-05
  step size:     0.02552
  trust radius:  0.30000
---------------- geometry iteration  19 complete ----------------
geopt (optimize geometry) done.
onee (1-electron integrals) done.
probe (project orbitals) done.
grid (grid generation) done.
rwr (Q operators) done.
  
       i  u  d  i  g
       t  p  i  c  r                                 RMS    maximum
       e  d  i  u  i                       energy  density   DIIS  
       r  t  s  t  d       total energy    change  change    error 
  
etot    1  N  N  2  U   -2556.09385311058           3.5E-05  1.2E-03
etot    2  N  Y  2  U   -2556.09433530547  4.8E-04  1.3E-05  2.1E-04
etot    3  N  Y  2  U   -2556.09427797406 -5.7E-05  1.0E-05  6.7E-04
etot    4  N  Y  2  U   -2556.09434357321  6.6E-05  2.0E-06  9.3E-05
etot    5  N  N  2  U   -2556.09434550307  1.9E-06  0.0E+00  0.0E+00
scf (DFT) done.
der1a (1-e 1st deriv.) done.
rwr (1st deriv. Q) done.
der1b (2-e 1st deriv.) done.
  Geometry optimization step  20
  Total energy:     -2556.17882280894 hartrees
  energy change:          -1.1677E-04 .  (  5.0000E-05 )
  gradient maximum:        5.4025E-04 .  (  4.5000E-04 )
  gradient rms:            1.0172E-04 *  (  3.0000E-04 )
  displacement maximum:    1.0285E-02 .  (  1.8000E-03 )
  displacement rms:        1.4905E-03 .  (  1.2000E-03 )
  
  predicted energy change: -8.5493E-06
  step size:     0.02662
  trust radius:  0.30000
---------------- geometry iteration  20 complete ----------------
geopt (optimize geometry) done.
onee (1-electron integrals) done.
probe (project orbitals) done.
grid (grid generation) done.
rwr (Q operators) done.
  
       i  u  d  i  g
       t  p  i  c  r                                 RMS    maximum
       e  d  i  u  i                       energy  density   DIIS  
       r  t  s  t  d       total energy    change  change    error 
  
etot    1  N  N  2  U   -2556.09388654628           3.3E-05  1.2E-03
etot    2  N  Y  2  U   -2556.09436574599  4.8E-04  6.3E-06  8.7E-05
etot    3  N  Y  2  U   -2556.09435468407 -1.1E-05  4.8E-06  2.9E-04
etot    4  N  Y  2  U   -2556.09436773505  1.3E-05  1.4E-06  8.5E-05
etot    5  N  N  2  U   -2556.09436856397  8.3E-07  0.0E+00  0.0E+00
scf (DFT) done.
der1a (1-e 1st deriv.) done.
rwr (1st deriv. Q) done.
der1b (2-e 1st deriv.) done.
  Geometry optimization step  21
  Total energy:     -2556.17887885325 hartrees
  energy change:          -5.6044E-05 .  (  5.0000E-05 )
  gradient maximum:        1.0332E-03 .  (  4.5000E-04 )
  gradient rms:            1.4527E-04 *  (  3.0000E-04 )
  displacement maximum:    8.9852E-03 .  (  1.8000E-03 )
  displacement rms:        1.2099E-03 .  (  1.2000E-03 )
  
  predicted energy change: -7.9938E-06
  step size:     0.02161
  trust radius:  0.30000
---------------- geometry iteration  21 complete ----------------
geopt (optimize geometry) done.
onee (1-electron integrals) done.
probe (project orbitals) done.
grid (grid generation) done.
rwr (Q operators) done.
  
       i  u  d  i  g
       t  p  i  c  r                                 RMS    maximum
       e  d  i  u  i                       energy  density   DIIS  
       r  t  s  t  d       total energy    change  change    error 
  
etot    1  N  N  2  U   -2556.09415749748           2.4E-05  8.0E-04
etot    2  N  Y  2  U   -2556.09437995809  2.2E-04  6.2E-06  9.9E-05
etot    3  N  Y  2  U   -2556.09436683271 -1.3E-05  4.7E-06  3.3E-04
etot    4  N  Y  2  U   -2556.09438201022  1.5E-05  1.1E-06  5.6E-05
etot    5  N  N  2  U   -2556.09438249490  4.8E-07  0.0E+00  0.0E+00
scf (DFT) done.
der1a (1-e 1st deriv.) done.
rwr (1st deriv. Q) done.
der1b (2-e 1st deriv.) done.
  Geometry optimization step  22
  Total energy:     -2556.17885079008 hartrees
  energy change:           2.8063E-05 *  (  5.0000E-05 )
  gradient maximum:        3.9319E-04 *  (  4.5000E-04 )
  gradient rms:            7.5226E-05 *  (  3.0000E-04 )
  displacement maximum:    5.4748E-03 .  (  1.8000E-03 )
  displacement rms:        8.2317E-04 *  (  1.2000E-03 )
  
  predicted energy change: -3.5674E-06
  step size:     0.01470
  trust radius:  0.30000
---------------- geometry iteration  22 complete ----------------
geopt (optimize geometry) done.
onee (1-electron integrals) done.
probe (project orbitals) done.
grid (grid generation) done.
rwr (Q operators) done.
  
       i  u  d  i  g
       t  p  i  c  r                                 RMS    maximum
       e  d  i  u  i                       energy  density   DIIS  
       r  t  s  t  d       total energy    change  change    error 
  
etot    1  N  N  2  U   -2556.09428751636           1.5E-05  4.4E-04
etot    2  N  Y  2  U   -2556.09438162622  9.4E-05  4.5E-06  6.7E-05
etot    3  N  N  2  U   -2556.09437508416 -6.5E-06  0.0E+00  0.0E+00
scf (DFT) done.
der1a (1-e 1st deriv.) done.
rwr (1st deriv. Q) done.
der1b (2-e 1st deriv.) done.
  Geometry optimization step  23
  Total energy:     -2556.17884290493 hartrees
  energy change:           7.8852E-06 *  (  5.0000E-05 )
  gradient maximum:        1.0942E-03 .  (  4.5000E-04 )
  gradient rms:            1.1883E-04 *  (  3.0000E-04 )
  displacement maximum:    9.0876E-03 .  (  1.8000E-03 )
  displacement rms:        1.2985E-03 .  (  1.2000E-03 )
  
  predicted energy change: -5.8240E-06
  step size:     0.02319
  trust radius:  0.30000
---------------- geometry iteration  23 complete ----------------
geopt (optimize geometry) done.
onee (1-electron integrals) done.
probe (project orbitals) done.
grid (grid generation) done.
rwr (Q operators) done.
  
       i  u  d  i  g
       t  p  i  c  r                                 RMS    maximum
       e  d  i  u  i                       energy  density   DIIS  
       r  t  s  t  d       total energy    change  change    error 
  
etot    1  N  N  2  U   -2556.09373092022           4.0E-05  1.3E-03
etot    2  N  Y  2  U   -2556.09431962649  5.9E-04  3.5E-05  7.7E-04
etot    3  N  Y  2  U   -2556.09394797528 -3.7E-04  2.5E-05  1.8E-03
etot    4  N  Y  2  U   -2556.09440828312  4.6E-04  2.8E-06  1.2E-04
etot    5  N  Y  2  U   -2556.09441234264  4.1E-06  8.3E-07  4.5E-05
etot    6  N  N  2  U   -2556.09441260281  2.6E-07  0.0E+00  0.0E+00
scf (DFT) done.
der1a (1-e 1st deriv.) done.
rwr (1st deriv. Q) done.
der1b (2-e 1st deriv.) done.
  Geometry optimization step  24
  Total energy:     -2556.17888594754 hartrees
  energy change:          -4.3043E-05 *  (  5.0000E-05 )
  gradient maximum:        1.3446E-03 .  (  4.5000E-04 )
  gradient rms:            1.7785E-04 *  (  3.0000E-04 )
  displacement maximum:    1.4767E-02 .  (  1.8000E-03 )
  displacement rms:        2.3374E-03 .  (  1.2000E-03 )
  
  predicted energy change: -1.8975E-05
  step size:     0.04175
  trust radius:  0.30000
---------------- geometry iteration  24 complete ----------------
geopt (optimize geometry) done.
onee (1-electron integrals) done.
probe (project orbitals) done.
grid (grid generation) done.
rwr (Q operators) done.
  
       i  u  d  i  g
       t  p  i  c  r                                 RMS    maximum
       e  d  i  u  i                       energy  density   DIIS  
       r  t  s  t  d       total energy    change  change    error 
  
etot    1  N  N  2  U   -2556.09179793632           7.1E-05  2.2E-03
etot    2  Y  Y  6  M   -2556.09449302445  2.7E-03  9.2E-06  1.4E-04
etot    3  N  Y  2  U   -2556.09446452052 -2.9E-05  7.2E-06  2.5E-04
etot    4  N  Y  2  U   -2556.09448213697  1.8E-05  2.9E-06  1.5E-04
etot    5  N  N  2  U   -2556.09448586206  3.7E-06  0.0E+00  0.0E+00
scf (DFT) done.
der1a (1-e 1st deriv.) done.
rwr (1st deriv. Q) done.
der1b (2-e 1st deriv.) done.
  Geometry optimization step  25
  Total energy:     -2556.17888207120 hartrees
  energy change:           3.8763E-06 *  (  5.0000E-05 )
  gradient maximum:        1.0734E-03 .  (  4.5000E-04 )
  gradient rms:            1.5280E-04 *  (  3.0000E-04 )
  displacement maximum:    9.8774E-03 .  (  1.8000E-03 )
  displacement rms:        1.6425E-03 .  (  1.2000E-03 )
  
  predicted energy change: -1.3779E-05
  step size:     0.02934
  trust radius:  0.30000
---------------- geometry iteration  25 complete ----------------
geopt (optimize geometry) done.
onee (1-electron integrals) done.
probe (project orbitals) done.
grid (grid generation) done.
rwr (Q operators) done.
  
       i  u  d  i  g
       t  p  i  c  r                                 RMS    maximum
       e  d  i  u  i                       energy  density   DIIS  
       r  t  s  t  d       total energy    change  change    error 
  
etot    1  N  N  2  U   -2556.09337624777           4.7E-05  1.6E-03
etot    2  N  Y  2  U   -2556.09452222826  1.1E-03  1.1E-05  1.5E-04
etot    3  N  Y  2  U   -2556.09448618077 -3.6E-05  8.7E-06  4.8E-04
etot    4  N  Y  2  U   -2556.09452812697  4.2E-05  2.6E-06  1.3E-04
etot    5  N  N  2  U   -2556.09453097814  2.9E-06  0.0E+00  0.0E+00
scf (DFT) done.
der1a (1-e 1st deriv.) done.
rwr (1st deriv. Q) done.
der1b (2-e 1st deriv.) done.
  Geometry optimization step  26
  Total energy:     -2556.17891763888 hartrees
  energy change:          -3.5568E-05 *  (  5.0000E-05 )
  gradient maximum:        8.2609E-04 .  (  4.5000E-04 )
  gradient rms:            9.8461E-05 *  (  3.0000E-04 )
  displacement maximum:    4.2548E-03 .  (  1.8000E-03 )
  displacement rms:        8.9043E-04 *  (  1.2000E-03 )
  
  predicted energy change: -4.1908E-06
  step size:     0.01590
  trust radius:  0.30000
---------------- geometry iteration  26 complete ----------------
geopt (optimize geometry) done.
onee (1-electron integrals) done.
probe (project orbitals) done.
grid (grid generation) done.
rwr (Q operators) done.
  
       i  u  d  i  g
       t  p  i  c  r                                 RMS    maximum
       e  d  i  u  i                       energy  density   DIIS  
       r  t  s  t  d       total energy    change  change    error 
  
etot    1  N  N  2  U   -2556.09426787275           2.0E-05  4.3E-04
etot    2  N  Y  2  U   -2556.09440824222  1.4E-04  8.3E-06  8.8E-05
etot    3  N  Y  2  U   -2556.09438543409 -2.3E-05  6.3E-06  3.0E-04
etot    4  N  Y  2  U   -2556.09441148615  2.6E-05  1.2E-06  6.0E-05
etot    5  N  N  2  U   -2556.09441235009  8.6E-07  0.0E+00  0.0E+00
scf (DFT) done.
der1a (1-e 1st deriv.) done.
rwr (1st deriv. Q) done.
der1b (2-e 1st deriv.) done.
  Geometry optimization step  27
  Total energy:     -2556.17885893428 hartrees
  energy change:           5.8705E-05 .  (  5.0000E-05 )
  gradient maximum:        4.8436E-04 .  (  4.5000E-04 )
  gradient rms:            7.8313E-05 *  (  3.0000E-04 )
  displacement maximum:    8.1110E-03 .  (  1.8000E-03 )
  displacement rms:        1.1352E-03 *  (  1.2000E-03 )
  
  predicted energy change: -3.3899E-06
  step size:     0.02028
  trust radius:  0.30000
---------------- geometry iteration  27 complete ----------------
geopt (optimize geometry) done.
onee (1-electron integrals) done.
probe (project orbitals) done.
grid (grid generation) done.
rwr (Q operators) done.
  
       i  u  d  i  g
       t  p  i  c  r                                 RMS    maximum
       e  d  i  u  i                       energy  density   DIIS  
       r  t  s  t  d       total energy    change  change    error 
  
etot    1  N  N  2  U   -2556.09402873953           2.7E-05  1.1E-03
etot    2  N  Y  2  U   -2556.09437510303  3.5E-04  4.0E-06  6.5E-05
etot    3  N  Y  2  U   -2556.09437274507 -2.4E-06  3.0E-06  1.3E-04
etot    4  N  N  2  U   -2556.09437603799  3.3E-06  0.0E+00  0.0E+00
scf (DFT) done.
der1a (1-e 1st deriv.) done.
rwr (1st deriv. Q) done.
der1b (2-e 1st deriv.) done.
  Geometry optimization step  28
  Total energy:     -2556.17886855878 hartrees
  energy change:          -9.6245E-06 *  (  5.0000E-05 )
  gradient maximum:        6.8404E-04 .  (  4.5000E-04 )
  gradient rms:            8.0214E-05 *  (  3.0000E-04 )
  displacement maximum:    1.3742E-02 .  (  1.8000E-03 )
  displacement rms:        1.6572E-03 .  (  1.2000E-03 )
  
  predicted energy change: -5.3986E-06
  step size:     0.02960
  trust radius:  0.30000
---------------- geometry iteration  28 complete ----------------
geopt (optimize geometry) done.
onee (1-electron integrals) done.
probe (project orbitals) done.
grid (grid generation) done.
rwr (Q operators) done.
  
       i  u  d  i  g
       t  p  i  c  r                                 RMS    maximum
       e  d  i  u  i                       energy  density   DIIS  
       r  t  s  t  d       total energy    change  change    error 
  
etot    1  N  N  2  U   -2556.09396407035           3.5E-05  1.0E-03
etot    2  N  Y  2  U   -2556.09450574483  5.4E-04  1.3E-05  2.4E-04
etot    3  N  Y  2  U   -2556.09444109419 -6.5E-05  1.0E-05  8.0E-04
etot    4  N  Y  2  U   -2556.09451446469  7.3E-05  1.5E-06  5.8E-05
etot    5  N  N  2  U   -2556.09451510833  6.4E-07  0.0E+00  0.0E+00
scf (DFT) done.
der1a (1-e 1st deriv.) done.
rwr (1st deriv. Q) done.
der1b (2-e 1st deriv.) done.
  Geometry optimization step  29
  Total energy:     -2556.17889126867 hartrees
  energy change:          -2.2710E-05 *  (  5.0000E-05 )
  gradient maximum:        7.9728E-04 .  (  4.5000E-04 )
  gradient rms:            1.1841E-04 *  (  3.0000E-04 )
  displacement maximum:    1.1167E-02 .  (  1.8000E-03 )
  displacement rms:        1.9131E-03 .  (  1.2000E-03 )
  
  predicted energy change: -7.0521E-06
  step size:     0.03417
  trust radius:  0.30000
---------------- geometry iteration  29 complete ----------------
geopt (optimize geometry) done.
onee (1-electron integrals) done.
probe (project orbitals) done.
grid (grid generation) done.
rwr (Q operators) done.
  
       i  u  d  i  g
       t  p  i  c  r                                 RMS    maximum
       e  d  i  u  i                       energy  density   DIIS  
       r  t  s  t  d       total energy    change  change    error 
  
etot    1  N  N  2  U   -2556.09286772679           6.0E-05  2.1E-03
etot    2  Y  Y  6  M   -2556.09460862538  1.7E-03  9.4E-06  1.5E-04
etot    3  N  Y  2  U   -2556.09460966886  1.0E-06  7.6E-06  3.2E-04
etot    4  N  Y  2  U   -2556.09463121433  2.2E-05  2.7E-06  1.4E-04
etot    5  N  N  2  U   -2556.09463482797  3.6E-06  0.0E+00  0.0E+00
scf (DFT) done.
der1a (1-e 1st deriv.) done.
rwr (1st deriv. Q) done.
der1b (2-e 1st deriv.) done.
  Geometry optimization step  30
  Total energy:     -2556.17890107270 hartrees
  energy change:          -9.8040E-06 *  (  5.0000E-05 )
  gradient maximum:        1.2499E-03 .  (  4.5000E-04 )
  gradient rms:            1.6567E-04 *  (  3.0000E-04 )
  displacement maximum:    2.5987E-02 .  (  1.8000E-03 )
  displacement rms:        4.0576E-03 .  (  1.2000E-03 )
  
  predicted energy change: -3.4126E-05
  step size:     0.07247
  trust radius:  0.30000
---------------- geometry iteration  30 complete ----------------
geopt (optimize geometry) done.
onee (1-electron integrals) done.
probe (project orbitals) done.
grid (grid generation) done.
rwr (Q operators) done.
  
       i  u  d  i  g
       t  p  i  c  r                                 RMS    maximum
       e  d  i  u  i                       energy  density   DIIS  
       r  t  s  t  d       total energy    change  change    error 
  
etot    1  N  N  2  U   -2556.08850677444           1.1E-04  4.3E-03
etot    2  Y  Y  6  M   -2556.09433552002  5.8E-03  1.9E-05  2.8E-04
etot    3  N  Y  2  U   -2556.09422721103 -1.1E-04  1.4E-05  5.8E-04
etot    4  N  Y  2  U   -2556.09432300337  9.6E-05  5.0E-06  2.4E-04
etot    5  N  Y  2  U   -2556.09433338380  1.0E-05  1.8E-06  7.2E-05
etot    6  N  N  2  U   -2556.09433511412  1.7E-06  0.0E+00  0.0E+00
scf (DFT) done.
der1a (1-e 1st deriv.) done.
rwr (1st deriv. Q) done.
der1b (2-e 1st deriv.) done.
  Geometry optimization step  31
  Total energy:     -2556.17880822388 hartrees
  energy change:           9.2849E-05 .  (  5.0000E-05 )
  gradient maximum:        1.9435E-03 .  (  4.5000E-04 )
  gradient rms:            3.0647E-04 .  (  3.0000E-04 )
  displacement maximum:    1.5138E-02 .  (  1.8000E-03 )
  displacement rms:        2.9352E-03 .  (  1.2000E-03 )
  
  predicted energy change: -4.6279E-05
  step size:     0.05242
  trust radius:  0.30000
---------------- geometry iteration  31 complete ----------------
geopt (optimize geometry) done.
onee (1-electron integrals) done.
probe (project orbitals) done.
grid (grid generation) done.
rwr (Q operators) done.
  
       i  u  d  i  g
       t  p  i  c  r                                 RMS    maximum
       e  d  i  u  i                       energy  density   DIIS  
       r  t  s  t  d       total energy    change  change    error 
  
etot    1  N  N  2  U   -2556.09246089984           6.7E-05  2.0E-03
etot    2  Y  Y  6  M   -2556.09440772092  1.9E-03  1.1E-05  1.5E-04
etot    3  N  Y  2  U   -2556.09439274097 -1.5E-05  8.1E-06  3.0E-04
etot    4  N  Y  2  U   -2556.09441803416  2.5E-05  3.1E-06  1.5E-04
etot    5  N  N  2  U   -2556.09442212644  4.1E-06  0.0E+00  0.0E+00
scf (DFT) done.
der1a (1-e 1st deriv.) done.
rwr (1st deriv. Q) done.
der1b (2-e 1st deriv.) done.
  Geometry optimization step  32
  Total energy:     -2556.17887029530 hartrees
  energy change:          -6.2071E-05 .  (  5.0000E-05 )
  gradient maximum:        7.7598E-04 .  (  4.5000E-04 )
  gradient rms:            1.0112E-04 *  (  3.0000E-04 )
  displacement maximum:    3.3580E-02 .  (  1.8000E-03 )
  displacement rms:        5.1978E-03 .  (  1.2000E-03 )
  
  predicted energy change: -1.3063E-05
  step size:     0.09284
  trust radius:  0.30000
---------------- geometry iteration  32 complete ----------------
geopt (optimize geometry) done.
onee (1-electron integrals) done.
probe (project orbitals) done.
grid (grid generation) done.
rwr (Q operators) done.
  
       i  u  d  i  g
       t  p  i  c  r                                 RMS    maximum
       e  d  i  u  i                       energy  density   DIIS  
       r  t  s  t  d       total energy    change  change    error 
  
etot    1  N  N  2  U   -2556.09019543658           9.9E-05  2.3E-03
etot    2  Y  Y  6  M   -2556.09452889805  4.3E-03  2.2E-05  2.8E-04
etot    3  N  Y  2  U   -2556.09437983991 -1.5E-04  1.8E-05  8.4E-04
etot    4  N  Y  2  U   -2556.09452837154  1.5E-04  5.5E-06  2.5E-04
etot    5  N  Y  2  U   -2556.09454191822  1.4E-05  1.7E-06  4.6E-05
etot    6  N  N  2  U   -2556.09454353016  1.6E-06  0.0E+00  0.0E+00
scf (DFT) done.
der1a (1-e 1st deriv.) done.
rwr (1st deriv. Q) done.
der1b (2-e 1st deriv.) done.
  Geometry optimization step  33
  Total energy:     -2556.17881170342 hartrees
  ** restarting optimization from step   32 **
  energy change:           5.8592E-05 .  (  5.0000E-05 )
  gradient maximum:        7.7598E-04 .  (  4.5000E-04 )
  gradient rms:            1.0112E-04 *  (  3.0000E-04 )
  displacement maximum:    6.4658E-03 .  (  1.8000E-03 )
  displacement rms:        9.4382E-04 *  (  1.2000E-03 )
  
  predicted energy change: -4.7951E-06
  step size:     0.01686
  trust radius:  0.30000
---------------- geometry iteration  33 complete ----------------
geopt (optimize geometry) done.
onee (1-electron integrals) done.
probe (project orbitals) done.
grid (grid generation) done.
rwr (Q operators) done.
  
       i  u  d  i  g
       t  p  i  c  r                                 RMS    maximum
       e  d  i  u  i                       energy  density   DIIS  
       r  t  s  t  d       total energy    change  change    error 
  
etot    1  N  N  2  U   -2556.09120431843           8.7E-05  1.9E-03
etot    2  Y  Y  6  M   -2556.09445549614  3.3E-03  1.3E-05  2.2E-04
etot    3  N  Y  2  U   -2556.09445690713  1.4E-06  1.1E-05  3.6E-04
etot    4  N  Y  2  U   -2556.09448391533  2.7E-05  4.8E-06  2.6E-04
etot    5  N  Y  2  U   -2556.09449725666  1.3E-05  1.2E-06  4.7E-05
etot    6  N  N  2  U   -2556.09449802534  7.7E-07  0.0E+00  0.0E+00
scf (DFT) done.
der1a (1-e 1st deriv.) done.
rwr (1st deriv. Q) done.
der1b (2-e 1st deriv.) done.
  Geometry optimization step  34
  Total energy:     -2556.17889698044 hartrees
  energy change:          -2.6685E-05 *  (  5.0000E-05 )
  gradient maximum:        7.8323E-04 .  (  4.5000E-04 )
  gradient rms:            1.0217E-04 *  (  3.0000E-04 )
  displacement maximum:    9.8048E-03 .  (  1.8000E-03 )
  displacement rms:        1.2395E-03 .  (  1.2000E-03 )
  
  predicted energy change: -6.0624E-06
  step size:     0.02214
  trust radius:  0.30000
---------------- geometry iteration  34 complete ----------------
geopt (optimize geometry) done.
onee (1-electron integrals) done.
probe (project orbitals) done.
grid (grid generation) done.
rwr (Q operators) done.
  
       i  u  d  i  g
       t  p  i  c  r                                 RMS    maximum
       e  d  i  u  i                       energy  density   DIIS  
       r  t  s  t  d       total energy    change  change    error 
  
etot    1  N  N  2  U   -2556.09407456973           2.9E-05  1.2E-03
etot    2  N  Y  2  U   -2556.09442121132  3.5E-04  4.1E-06  7.1E-05
etot    3  N  Y  2  U   -2556.09441823701 -3.0E-06  3.1E-06  9.2E-05
etot    4  N  N  2  U   -2556.09442225226  4.0E-06  0.0E+00  0.0E+00
scf (DFT) done.
der1a (1-e 1st deriv.) done.
rwr (1st deriv. Q) done.
der1b (2-e 1st deriv.) done.
  Geometry optimization step  35
  Total energy:     -2556.17886670159 hartrees
  energy change:           3.0279E-05 *  (  5.0000E-05 )
  gradient maximum:        5.5497E-04 .  (  4.5000E-04 )
  gradient rms:            8.2248E-05 *  (  3.0000E-04 )
  displacement maximum:    1.0263E-02 .  (  1.8000E-03 )
  displacement rms:        1.6701E-03 .  (  1.2000E-03 )
  
  predicted energy change: -3.7379E-06
  step size:     0.02983
  trust radius:  0.30000
---------------- geometry iteration  35 complete ----------------
geopt (optimize geometry) done.
onee (1-electron integrals) done.
probe (project orbitals) done.
grid (grid generation) done.
rwr (Q operators) done.
  
       i  u  d  i  g
       t  p  i  c  r                                 RMS    maximum
       e  d  i  u  i                       energy  density   DIIS  
       r  t  s  t  d       total energy    change  change    error 
  
etot    1  N  N  2  U   -2556.09417506003           3.0E-05  8.2E-04
etot    2  N  Y  2  U   -2556.09457152360  4.0E-04  1.3E-05  2.3E-04
etot    3  N  Y  2  U   -2556.09450485625 -6.7E-05  1.0E-05  7.2E-04
etot    4  N  Y  2  U   -2556.09457974842  7.5E-05  1.5E-06  5.3E-05
etot    5  N  N  2  U   -2556.09458022844  4.8E-07  0.0E+00  0.0E+00
scf (DFT) done.
der1a (1-e 1st deriv.) done.
rwr (1st deriv. Q) done.
der1b (2-e 1st deriv.) done.
  Geometry optimization step  36
  Total energy:     -2556.17894803640 hartrees
  energy change:          -8.1335E-05 .  (  5.0000E-05 )
  gradient maximum:        6.3511E-04 .  (  4.5000E-04 )
  gradient rms:            1.1788E-04 *  (  3.0000E-04 )
  displacement maximum:    4.1157E-03 .  (  1.8000E-03 )
  displacement rms:        9.1665E-04 *  (  1.2000E-03 )
  
  predicted energy change: -6.4165E-06
  step size:     0.01637
  trust radius:  0.30000
---------------- geometry iteration  36 complete ----------------
geopt (optimize geometry) done.
onee (1-electron integrals) done.
probe (project orbitals) done.
grid (grid generation) done.
rwr (Q operators) done.
  
       i  u  d  i  g
       t  p  i  c  r                                 RMS    maximum
       e  d  i  u  i                       energy  density   DIIS  
       r  t  s  t  d       total energy    change  change    error 
  
etot    1  N  N  2  U   -2556.09441296119           1.8E-05  6.3E-04
etot    2  N  Y  2  U   -2556.09454285790  1.3E-04  6.6E-06  1.1E-04
etot    3  N  Y  2  U   -2556.09452706958 -1.6E-05  4.8E-06  3.6E-04
etot    4  N  Y  2  U   -2556.09454524357  1.8E-05  7.8E-07  3.7E-05
etot    5  N  N  2  U   -2556.09454544034  2.0E-07  0.0E+00  0.0E+00
scf (DFT) done.
der1a (1-e 1st deriv.) done.
rwr (1st deriv. Q) done.
der1b (2-e 1st deriv.) done.
  Geometry optimization step  37
  Total energy:     -2556.17890382909 hartrees
  energy change:           4.4207E-05 *  (  5.0000E-05 )
  gradient maximum:        4.8627E-04 .  (  4.5000E-04 )
  gradient rms:            6.8182E-05 *  (  3.0000E-04 )
  displacement maximum:    4.3071E-03 .  (  1.8000E-03 )
  displacement rms:        9.9912E-04 *  (  1.2000E-03 )
  
  predicted energy change: -2.2266E-06
  step size:     0.01784
  trust radius:  0.30000
---------------- geometry iteration  37 complete ----------------
geopt (optimize geometry) done.
onee (1-electron integrals) done.
probe (project orbitals) done.
grid (grid generation) done.
rwr (Q operators) done.
  
       i  u  d  i  g
       t  p  i  c  r                                 RMS    maximum
       e  d  i  u  i                       energy  density   DIIS  
       r  t  s  t  d       total energy    change  change    error 
  
etot    1  N  N  2  U   -2556.09429151496           2.2E-05  6.1E-04
etot    2  N  Y  2  U   -2556.09447728458  1.9E-04  3.3E-06  5.1E-05
etot    3  N  N  2  U   -2556.09447402407 -3.3E-06  0.0E+00  0.0E+00
scf (DFT) done.
der1a (1-e 1st deriv.) done.
rwr (1st deriv. Q) done.
der1b (2-e 1st deriv.) done.
  Geometry optimization step  38
  Total energy:     -2556.17889451627 hartrees
  energy change:           9.3128E-06 *  (  5.0000E-05 )
  gradient maximum:        4.4031E-04 *  (  4.5000E-04 )
  gradient rms:            9.1826E-05 *  (  3.0000E-04 )
  displacement maximum:    2.9993E-03 .  (  1.8000E-03 )
  displacement rms:        6.3592E-04 *  (  1.2000E-03 )
  
  predicted energy change: -2.5128E-06
  step size:     0.01136
  trust radius:  0.30000
---------------- geometry iteration  38 complete ----------------
geopt (optimize geometry) done.
onee (1-electron integrals) done.
probe (project orbitals) done.
grid (grid generation) done.
rwr (Q operators) done.
  
       i  u  d  i  g
       t  p  i  c  r                                 RMS    maximum
       e  d  i  u  i                       energy  density   DIIS  
       r  t  s  t  d       total energy    change  change    error 
  
etot    1  N  N  2  U   -2556.09442464422           1.8E-05  3.9E-04
etot    2  N  Y  2  U   -2556.09446110909  3.6E-05  1.3E-05  6.1E-04
etot    3  N  Y  2  U   -2556.09445794082 -3.2E-06  7.0E-06  6.5E-04
etot    4  N  Y  2  U   -2556.09450124828  4.3E-05  1.4E-06  8.6E-05
etot    5  N  N  2  U   -2556.09450222052  9.7E-07  0.0E+00  0.0E+00
scf (DFT) done.
der1a (1-e 1st deriv.) done.
rwr (1st deriv. Q) done.
der1b (2-e 1st deriv.) done.
  Geometry optimization step  39
  Total energy:     -2556.17889190400 hartrees
  energy change:           2.6123E-06 *  (  5.0000E-05 )
  gradient maximum:        7.3700E-04 .  (  4.5000E-04 )
  gradient rms:            8.3561E-05 *  (  3.0000E-04 )
  displacement maximum:    3.2924E-02 .  (  1.8000E-03 )
  displacement rms:        3.9546E-03 .  (  1.2000E-03 )
  
  predicted energy change: -5.8164E-06
  step size:     0.07063
  trust radius:  0.30000
---------------- geometry iteration  39 complete ----------------
geopt (optimize geometry) done.
onee (1-electron integrals) done.
probe (project orbitals) done.
grid (grid generation) done.
rwr (Q operators) done.
  
       i  u  d  i  g
       t  p  i  c  r                                 RMS    maximum
       e  d  i  u  i                       energy  density   DIIS  
       r  t  s  t  d       total energy    change  change    error 
  
etot    1  N  N  2  U   -2556.09136232791           8.1E-05  2.9E-03
etot    2  Y  Y  6  M   -2556.09438771189  3.0E-03  1.3E-05  2.0E-04
etot    3  N  Y  2  U   -2556.09429939242 -8.8E-05  1.1E-05  6.0E-04
etot    4  N  Y  2  U   -2556.09436329219  6.4E-05  3.2E-06  1.5E-04
etot    5  N  N  2  U   -2556.09436770737  4.4E-06  0.0E+00  0.0E+00
scf (DFT) done.
der1a (1-e 1st deriv.) done.
rwr (1st deriv. Q) done.
der1b (2-e 1st deriv.) done.
  Geometry optimization step  40
  Total energy:     -2556.17886084663 hartrees
  ** restarting optimization from step   39 **
  energy change:           3.1057E-05 *  (  5.0000E-05 )
  gradient maximum:        7.3700E-04 .  (  4.5000E-04 )
  gradient rms:            8.3561E-05 *  (  3.0000E-04 )
  displacement maximum:    1.3110E-02 .  (  1.8000E-03 )
  displacement rms:        2.5192E-03 .  (  1.2000E-03 )
  
  predicted energy change: -6.1419E-06
  step size:     0.04499
  trust radius:  0.30000
---------------- geometry iteration  40 complete ----------------
geopt (optimize geometry) done.
onee (1-electron integrals) done.
probe (project orbitals) done.
grid (grid generation) done.
rwr (Q operators) done.
  
       i  u  d  i  g
       t  p  i  c  r                                 RMS    maximum
       e  d  i  u  i                       energy  density   DIIS  
       r  t  s  t  d       total energy    change  change    error 
  
etot    1  N  N  2  U   -2556.09290255015           5.9E-05  1.7E-03
etot    2  Y  Y  6  M   -2556.09429238841  1.4E-03  1.3E-05  1.6E-04
etot    3  N  Y  2  U   -2556.09424041033 -5.2E-05  9.5E-06  4.4E-04
etot    4  N  Y  2  U   -2556.09429183189  5.1E-05  2.3E-06  9.5E-05
etot    5  N  N  2  U   -2556.09429378842  2.0E-06  0.0E+00  0.0E+00
scf (DFT) done.
der1a (1-e 1st deriv.) done.
rwr (1st deriv. Q) done.
der1b (2-e 1st deriv.) done.
  Geometry optimization step  41
  Total energy:     -2556.17882945909 hartrees
  ** restarting optimization from step   39 **
  energy change:           6.2445E-05 .  (  5.0000E-05 )
  gradient maximum:        7.3700E-04 .  (  4.5000E-04 )
  gradient rms:            8.3561E-05 *  (  3.0000E-04 )
  displacement maximum:    7.4962E-03 .  (  1.8000E-03 )
  displacement rms:        1.2626E-03 .  (  1.2000E-03 )
  
  predicted energy change: -3.4346E-06
  step size:     0.02255
  trust radius:  0.02250
---------------- geometry iteration  41 complete ----------------
geopt (optimize geometry) done.
onee (1-electron integrals) done.
probe (project orbitals) done.
grid (grid generation) done.
rwr (Q operators) done.
  
       i  u  d  i  g
       t  p  i  c  r                                 RMS    maximum
       e  d  i  u  i                       energy  density   DIIS  
       r  t  s  t  d       total energy    change  change    error 
  
etot    1  N  N  2  U   -2556.09259950452           6.5E-05  2.0E-03
etot    2  Y  Y  6  M   -2556.09453936955  1.9E-03  1.1E-05  1.3E-04
etot    3  N  Y  2  U   -2556.09454688783  7.5E-06  7.9E-06  2.0E-04
etot    4  N  Y  2  U   -2556.09456636827  1.9E-05  2.9E-06  1.2E-04
etot    5  N  N  2  U   -2556.09456973017  3.4E-06  0.0E+00  0.0E+00
scf (DFT) done.
der1a (1-e 1st deriv.) done.
rwr (1st deriv. Q) done.
der1b (2-e 1st deriv.) done.
  Geometry optimization step  42
  Total energy:     -2556.17893086990 hartrees
  energy change:          -3.8966E-05 *  (  5.0000E-05 )
  gradient maximum:        5.8785E-04 .  (  4.5000E-04 )
  gradient rms:            1.0914E-04 *  (  3.0000E-04 )
  displacement maximum:    3.5767E-03 .  (  1.8000E-03 )
  displacement rms:        6.4089E-04 *  (  1.2000E-03 )
  
  predicted energy change: -8.2330E-06
  step size:     0.01145
  trust radius:  0.01125
---------------- geometry iteration  42 complete ----------------
geopt (optimize geometry) done.
onee (1-electron integrals) done.
probe (project orbitals) done.
grid (grid generation) done.
rwr (Q operators) done.
  
       i  u  d  i  g
       t  p  i  c  r                                 RMS    maximum
       e  d  i  u  i                       energy  density   DIIS  
       r  t  s  t  d       total energy    change  change    error 
  
etot    1  N  N  2  U   -2556.09423324208           2.7E-05  9.5E-04
etot    2  N  Y  2  U   -2556.09455651765  3.2E-04  1.3E-05  2.5E-04
etot    3  N  Y  2  U   -2556.09449432129 -6.2E-05  9.8E-06  7.4E-04
etot    4  N  Y  2  U   -2556.09456484368  7.1E-05  1.1E-06  3.2E-05
etot    5  N  N  2  U   -2556.09456512775  2.8E-07  0.0E+00  0.0E+00
scf (DFT) done.
der1a (1-e 1st deriv.) done.
rwr (1st deriv. Q) done.
der1b (2-e 1st deriv.) done.
  Geometry optimization step  43
  Total energy:     -2556.17889125121 hartrees
  energy change:           3.9619E-05 *  (  5.0000E-05 )
  gradient maximum:        6.6219E-04 .  (  4.5000E-04 )
  gradient rms:            1.0689E-04 *  (  3.0000E-04 )
  displacement maximum:    3.0977E-03 .  (  1.8000E-03 )
  displacement rms:        5.8200E-04 *  (  1.2000E-03 )
  
  predicted energy change: -3.4360E-06
  step size:     0.01039
  trust radius:  0.01000
---------------- geometry iteration  43 complete ----------------
geopt (optimize geometry) done.
onee (1-electron integrals) done.
probe (project orbitals) done.
grid (grid generation) done.
rwr (Q operators) done.
  
       i  u  d  i  g
       t  p  i  c  r                                 RMS    maximum
       e  d  i  u  i                       energy  density   DIIS  
       r  t  s  t  d       total energy    change  change    error 
  
etot    1  N  N  2  U   -2556.09444219812           1.8E-05  4.6E-04
etot    2  N  Y  2  U   -2556.09454977689  1.1E-04  4.9E-06  7.2E-05
etot    3  N  N  2  U   -2556.09454117270 -8.6E-06  0.0E+00  0.0E+00
scf (DFT) done.
der1a (1-e 1st deriv.) done.
rwr (1st deriv. Q) done.
der1b (2-e 1st deriv.) done.
  Geometry optimization step  44
  Total energy:     -2556.17890537711 hartrees
  energy change:          -1.4126E-05 *  (  5.0000E-05 )
  gradient maximum:        5.3401E-04 .  (  4.5000E-04 )
  gradient rms:            8.0775E-05 *  (  3.0000E-04 )
  displacement maximum:    5.1962E-03 .  (  1.8000E-03 )
  displacement rms:        7.9811E-04 *  (  1.2000E-03 )
  
  predicted energy change: -4.3639E-06
  step size:     0.01425
  trust radius:  0.01414
---------------- geometry iteration  44 complete ----------------
geopt (optimize geometry) done.
onee (1-electron integrals) done.
probe (project orbitals) done.
grid (grid generation) done.
rwr (Q operators) done.
  
       i  u  d  i  g
       t  p  i  c  r                                 RMS    maximum
       e  d  i  u  i                       energy  density   DIIS  
       r  t  s  t  d       total energy    change  change    error 
  
etot    1  N  N  2  U   -2556.09451962224           2.1E-05  5.5E-04
etot    2  N  Y  2  U   -2556.09450641607 -1.3E-05  1.6E-05  7.3E-04
etot    3  N  Y  2  U   -2556.09458143023  7.5E-05  6.3E-06  4.5E-04
etot    4  N  Y  2  U   -2556.09460655802  2.5E-05  2.6E-06  1.4E-04
etot    5  N  N  2  U   -2556.09461049939  3.9E-06  0.0E+00  0.0E+00
scf (DFT) done.
der1a (1-e 1st deriv.) done.
rwr (1st deriv. Q) done.
der1b (2-e 1st deriv.) done.
  Geometry optimization step  45
  Total energy:     -2556.17895324171 hartrees
  energy change:          -4.7865E-05 *  (  5.0000E-05 )
  gradient maximum:        7.2617E-04 .  (  4.5000E-04 )
  gradient rms:            1.4654E-04 *  (  3.0000E-04 )
  displacement maximum:    3.9745E-03 .  (  1.8000E-03 )
  displacement rms:        5.9950E-04 *  (  1.2000E-03 )
  
  predicted energy change: -6.2595E-06
  step size:     0.01071
  trust radius:  0.01000
---------------- geometry iteration  45 complete ----------------
geopt (optimize geometry) done.
onee (1-electron integrals) done.
probe (project orbitals) done.
grid (grid generation) done.
rwr (Q operators) done.
  
       i  u  d  i  g
       t  p  i  c  r                                 RMS    maximum
       e  d  i  u  i                       energy  density   DIIS  
       r  t  s  t  d       total energy    change  change    error 
  
etot    1  N  N  2  U   -2556.09441930623           1.4E-05  4.0E-04
etot    2  N  Y  2  U   -2556.09448576540  6.6E-05  6.9E-06  1.3E-04
etot    3  N  Y  2  U   -2556.09447001951 -1.6E-05  5.3E-06  3.7E-04
etot    4  N  Y  2  U   -2556.09448850231  1.8E-05  7.8E-07  3.3E-05
etot    5  N  N  2  U   -2556.09448872261  2.2E-07  0.0E+00  0.0E+00
scf (DFT) done.
der1a (1-e 1st deriv.) done.
rwr (1st deriv. Q) done.
der1b (2-e 1st deriv.) done.
  Geometry optimization step  46
  Total energy:     -2556.17888461867 hartrees
  energy change:           6.8623E-05 .  (  5.0000E-05 )
  gradient maximum:        2.9091E-04 *  (  4.5000E-04 )
  gradient rms:            4.9977E-05 #  (  3.0000E-04 )
  displacement maximum:    5.4981E-03 .  (  1.8000E-03 )
  displacement rms:        1.1331E-03 *  (  1.2000E-03 )
  
  predicted energy change: -2.6755E-06
  step size:     0.02024
  trust radius:  0.02000
---------------- geometry iteration  46 complete ----------------
geopt (optimize geometry) done.
onee (1-electron integrals) done.
probe (project orbitals) done.
grid (grid generation) done.
rwr (Q operators) done.
  
       i  u  d  i  g
       t  p  i  c  r                                 RMS    maximum
       e  d  i  u  i                       energy  density   DIIS  
       r  t  s  t  d       total energy    change  change    error 
  
etot    1  N  N  2  U   -2556.09433602273           2.2E-05  5.3E-04
etot    2  N  Y  2  U   -2556.09453083721  1.9E-04  4.4E-06  6.5E-05
etot    3  N  N  2  U   -2556.09452521467 -5.6E-06  0.0E+00  0.0E+00
scf (DFT) done.
der1a (1-e 1st deriv.) done.
rwr (1st deriv. Q) done.
der1b (2-e 1st deriv.) done.
  Geometry optimization step  47
  Total energy:     -2556.17889017494 hartrees
  energy change:          -5.5563E-06 *  (  5.0000E-05 )
  gradient maximum:        7.7619E-04 .  (  4.5000E-04 )
  gradient rms:            1.1467E-04 *  (  3.0000E-04 )
  displacement maximum:    3.3741E-03 .  (  1.8000E-03 )
  displacement rms:        5.9168E-04 *  (  1.2000E-03 )
  
  predicted energy change: -4.7138E-06
  step size:     0.01057
  trust radius:  0.01000
---------------- geometry iteration  47 complete ----------------
geopt (optimize geometry) done.
onee (1-electron integrals) done.
probe (project orbitals) done.
grid (grid generation) done.
rwr (Q operators) done.
  
       i  u  d  i  g
       t  p  i  c  r                                 RMS    maximum
       e  d  i  u  i                       energy  density   DIIS  
       r  t  s  t  d       total energy    change  change    error 
  
etot    1  N  N  2  U   -2556.09443869161           1.9E-05  4.4E-04
etot    2  N  Y  2  U   -2556.09442955739 -9.1E-06  1.6E-05  6.8E-04
etot    3  N  Y  2  U   -2556.09446745044  3.8E-05  7.2E-06  4.8E-04
etot    4  N  Y  2  U   -2556.09450371351  3.6E-05  1.6E-06  5.9E-05
etot    5  N  N  2  U   -2556.09450538458  1.7E-06  0.0E+00  0.0E+00
scf (DFT) done.
der1a (1-e 1st deriv.) done.
rwr (1st deriv. Q) done.
der1b (2-e 1st deriv.) done.
  Geometry optimization step  48
  Total energy:     -2556.17888679903 hartrees
  energy change:           3.3759E-06 *  (  5.0000E-05 )
  gradient maximum:        3.5719E-04 *  (  4.5000E-04 )
  gradient rms:            6.4118E-05 *  (  3.0000E-04 )
  displacement maximum:    4.2896E-03 .  (  1.8000E-03 )
  displacement rms:        8.1960E-04 *  (  1.2000E-03 )
  
  predicted energy change: -2.6709E-06
  step size:     0.01464
  trust radius:  0.01414
---------------- geometry iteration  48 complete ----------------
geopt (optimize geometry) done.
onee (1-electron integrals) done.
probe (project orbitals) done.
grid (grid generation) done.
rwr (Q operators) done.
  
       i  u  d  i  g
       t  p  i  c  r                                 RMS    maximum
       e  d  i  u  i                       energy  density   DIIS  
       r  t  s  t  d       total energy    change  change    error 
  
etot    1  N  N  2  U   -2556.09432405268           1.9E-05  5.1E-04
etot    2  N  Y  2  U   -2556.09447882401  1.5E-04  5.0E-06  6.5E-05
etot    3  N  Y  2  U   -2556.09446925075 -9.6E-06  3.9E-06  2.0E-04
etot    4  N  Y  2  U   -2556.09448035365  1.1E-05  7.3E-07  3.2E-05
etot    5  N  N  2  U   -2556.09448047272  1.2E-07  0.0E+00  0.0E+00
scf (DFT) done.
der1a (1-e 1st deriv.) done.
rwr (1st deriv. Q) done.
der1b (2-e 1st deriv.) done.
  Geometry optimization step  49
  Total energy:     -2556.17888821105 hartrees
  energy change:          -1.4120E-06 #  (  5.0000E-05 )
  gradient maximum:        3.1356E-04 *  (  4.5000E-04 )
  gradient rms:            7.0122E-05 *  (  3.0000E-04 )
  displacement maximum:    6.7401E-03 .  (  1.8000E-03 )
  displacement rms:        1.1316E-03 *  (  1.2000E-03 )
  
  predicted energy change: -5.6997E-06
  step size:     0.02021
  trust radius:  0.02000
------------- final geometry iteration  49 complete -------------
geopt (optimize geometry) done.
cutabab2 (abab integrals) done.
der2a (1-e JK-1st deriv.) done.
der2b (2-e JK-1st deriv.) done.
der2nda (1-e 2nd deriv.) done.
der2ndb (2-e 2nd deriv.) done.
rwr (Q operators) done.
cphfa (gradient of wave function) done.
freq (vib. frequencies) done.
Job J1_9956_2111 completed on hpc-92-26.cm.cluster at Wed May 29 10:25:34 2024
Timer (jaguar_backend.py) : 11771.85 secs (3 hrs, 16 mins, 11 secs)
Finished:   Wed May 29 10:25:34 2024
