Command:  /groups/wag/programs/Schrodinger_2020_3/jaguar run -WAIT -PARALLEL 8 /central/home/labounad/wittig-ch121/out/J1_530_2111/J1_530_2111.in
Release:  2020-3
Exec:     /groups/wag/programs/Schrodinger_2020_3/jaguar-v10.9/bin/Linux-x86_64
Host:     hpc-89-15.cm.cluster
JobId:    hpc-89-15-0-6656e66d
JobDir:   /central/scratch/labounad/J1_530_2111#hpc-89-15-0-6656e66d
Date:     Wed May 29 01:25:19 2024

Contents of /central/scratch/labounad/J1_530_2111#hpc-89-15-0-6656e66d:
/central/scratch/labounad/J1_530_2111#hpc-89-15-0-6656e66d/J1_530_2111.in
/central/scratch/labounad/J1_530_2111#hpc-89-15-0-6656e66d/.write_dir.json
/central/scratch/labounad/J1_530_2111#hpc-89-15-0-6656e66d/hpc-89-15-0-6656e66d
/central/scratch/labounad/J1_530_2111#hpc-89-15-0-6656e66d/hpc-89-15-0-6656e66d.recover
/central/scratch/labounad/J1_530_2111#hpc-89-15-0-6656e66d/J1_530_2111.recover
/central/scratch/labounad/J1_530_2111#hpc-89-15-0-6656e66d/hpc-89-15-0-6656e66d.mpinodes
/central/scratch/labounad/J1_530_2111#hpc-89-15-0-6656e66d/hpc-89-15-0-6656e66d.nodes
/central/scratch/labounad/J1_530_2111#hpc-89-15-0-6656e66d/J1_530_2111.log

Executing subprocess:
/groups/wag/programs/Schrodinger_2020_3/jaguar-v10.9/bin/Linux-x86_64/jexec J1_530_2111.in -T 8 -out /central/scratch/labounad/J1_530_2111#hpc-89-15-0-6656e66d -cwd

Job J1_530_2111 started on hpc-89-15.cm.cluster at Wed May 29 01:25:19 2024
jobid: hpc-89-15-0-6656e66d 
Jaguar version 10.9, release 139
 Using up to   8 threads per process
Molecular Point Group: Cs      
Point Group used: Cs
pre (input checking) done.
onee (1-electron integrals) done.
hfig (HF initial guess) done.
probe (project orbitals) done.
grid (grid generation) done.
rwr (Q operators) done.
scf type: DFT=PBE(X+LC)+PW91 (PBE-D3)
  
       i  u  d  i  g
       t  p  i  c  r                                 RMS    maximum
       e  d  i  u  i                       energy  density   DIIS  
       r  t  s  t  d       total energy    change  change    error 
  
etot    1  N  N  5  M    -230.11506062772           1.5E-02  2.1E-01
etot    2  Y  Y  6  M    -228.20676084148 -1.9E+00  1.6E-02  3.2E-01
etot    3  Y  Y  6  M    -229.84970427473  1.6E+00  8.5E-03  2.0E-01
etot    4  N  Y  2  U    -230.85233313694  1.0E+00  4.4E-03  6.9E-02
etot    5  Y  Y  6  M    -230.83660585786 -1.6E-02  3.0E-03  5.5E-02
etot    6  N  Y  2  U    -230.93244294375  9.6E-02  1.1E-03  1.5E-02
etot    7  Y  Y  6  M    -230.93809430791  5.7E-03  5.0E-04  8.7E-03
etot    8  N  Y  2  U    -230.94019390576  2.1E-03  1.3E-04  1.5E-03
etot    9  Y  Y  6  M    -230.94029857768  1.0E-04  3.9E-05  7.1E-04
etot   10  N  Y  2  U    -230.94030178004  3.2E-06  2.5E-05  3.4E-04
etot   11  N  Y  2  U    -230.94030385508  2.1E-06  2.5E-06  2.2E-05
etot   12  N  N  2  U    -230.94030386397  8.9E-09  0.0E+00  0.0E+00
scf (DFT) done.
der1a (1-e 1st deriv.) done.
rwr (1st deriv. Q) done.
der1b (2-e 1st deriv.) done.
  Geometry optimization step   1
  Total energy:      -230.94298185948 hartrees
  gradient maximum:        3.0846E-02 .  (  4.5000E-04 )
  gradient rms:            1.2331E-02 .  (  3.0000E-04 )
  displacement maximum:    7.5062E-02 .  (  1.8000E-03 )
  displacement rms:        3.3729E-02 .  (  1.2000E-03 )
  
  predicted energy change: -5.1164E-03
  step size:     0.17526
  trust radius:  0.30000
---------------- geometry iteration   1 complete ----------------
geopt (optimize geometry) done.
onee (1-electron integrals) done.
probe (project orbitals) done.
grid (grid generation) done.
rwr (Q operators) done.
  
       i  u  d  i  g
       t  p  i  c  r                                 RMS    maximum
       e  d  i  u  i                       energy  density   DIIS  
       r  t  s  t  d       total energy    change  change    error 
  
etot    1  N  N  2  U    -230.94185994290           1.1E-03  5.7E-03
etot    2  Y  Y  6  M    -230.94429897889  2.4E-03  7.6E-04  6.8E-03
etot    3  Y  Y  6  M    -230.94206839528 -2.2E-03  5.7E-04  1.5E-02
etot    4  N  Y  2  U    -230.94528480912  3.2E-03  7.5E-05  1.5E-03
etot    5  Y  Y  6  M    -230.94531784228  3.3E-05  2.4E-05  2.8E-04
etot    6  N  Y  2  U    -230.94533916826  2.1E-05  8.5E-06  9.4E-05
etot    7  N  Y  2  U    -230.94533924621  7.8E-08  5.9E-06  6.9E-05
etot    8  N  Y  2  U    -230.94533940410  1.6E-07  1.8E-06  2.7E-05
etot    9  N  N  2  U    -230.94533942672  2.3E-08  0.0E+00  0.0E+00
scf (DFT) done.
der1a (1-e 1st deriv.) done.
rwr (1st deriv. Q) done.
der1b (2-e 1st deriv.) done.
  Geometry optimization step   2
  Total energy:      -230.94799928046 hartrees
  energy change:          -5.0174E-03 .  (  5.0000E-05 )
  gradient maximum:        1.2031E-02 .  (  4.5000E-04 )
  gradient rms:            3.3951E-03 .  (  3.0000E-04 )
  displacement maximum:    3.4577E-02 .  (  1.8000E-03 )
  displacement rms:        1.2383E-02 .  (  1.2000E-03 )
  
  predicted energy change: -4.8359E-04
  step size:     0.06435
  trust radius:  0.30000
---------------- geometry iteration   2 complete ----------------
geopt (optimize geometry) done.
onee (1-electron integrals) done.
probe (project orbitals) done.
grid (grid generation) done.
rwr (Q operators) done.
  
       i  u  d  i  g
       t  p  i  c  r                                 RMS    maximum
       e  d  i  u  i                       energy  density   DIIS  
       r  t  s  t  d       total energy    change  change    error 
  
etot    1  N  N  2  U    -230.94523888933           3.7E-04  3.1E-03
etot    2  Y  Y  6  M    -230.94581050083  5.7E-04  1.5E-04  1.6E-03
etot    3  Y  Y  6  M    -230.94564424921 -1.7E-04  1.2E-04  3.4E-03
etot    4  Y  Y  6  M    -230.94584425799  2.0E-04  3.7E-05  7.1E-04
etot    5  N  Y  2  U    -230.94586606571  2.2E-05  1.4E-05  2.5E-04
etot    6  N  Y  2  U    -230.94586714900  1.1E-06  5.9E-06  8.8E-05
etot    7  N  Y  2  U    -230.94586741117  2.6E-07  6.0E-06  2.5E-05
etot    8  N  Y  2  U    -230.94586743070  2.0E-08  7.1E-07  1.1E-05
etot    9  N  N  2  U    -230.94586743247  1.8E-09  0.0E+00  0.0E+00
scf (DFT) done.
der1a (1-e 1st deriv.) done.
rwr (1st deriv. Q) done.
der1b (2-e 1st deriv.) done.
  Geometry optimization step   3
  Total energy:      -230.94851648199 hartrees
  energy change:          -5.1720E-04 .  (  5.0000E-05 )
  gradient maximum:        2.7682E-03 .  (  4.5000E-04 )
  gradient rms:            7.6491E-04 .  (  3.0000E-04 )
  displacement maximum:    1.1433E-02 .  (  1.8000E-03 )
  displacement rms:        3.3151E-03 .  (  1.2000E-03 )
  
  predicted energy change: -2.7150E-05
  step size:     0.01723
  trust radius:  0.30000
---------------- geometry iteration   3 complete ----------------
geopt (optimize geometry) done.
onee (1-electron integrals) done.
probe (project orbitals) done.
grid (grid generation) done.
rwr (Q operators) done.
  
       i  u  d  i  g
       t  p  i  c  r                                 RMS    maximum
       e  d  i  u  i                       energy  density   DIIS  
       r  t  s  t  d       total energy    change  change    error 
  
etot    1  N  N  2  U    -230.94581936769           1.3E-04  1.3E-03
etot    2  Y  Y  6  M    -230.94589633151  7.7E-05  2.5E-05  1.7E-04
etot    3  N  Y  2  U    -230.94590259537  6.3E-06  2.1E-05  5.1E-04
etot    4  N  Y  2  U    -230.94590620475  3.6E-06  7.9E-06  1.9E-04
etot    5  N  Y  2  U    -230.94590661720  4.1E-07  2.9E-06  4.4E-05
etot    6  N  N  2  U    -230.94590665146  3.4E-08  0.0E+00  0.0E+00
scf (DFT) done.
der1a (1-e 1st deriv.) done.
rwr (1st deriv. Q) done.
der1b (2-e 1st deriv.) done.
  Geometry optimization step   4
  Total energy:      -230.94855036663 hartrees
  energy change:          -3.3885E-05 *  (  5.0000E-05 )
  gradient maximum:        1.2084E-03 .  (  4.5000E-04 )
  gradient rms:            2.7518E-04 *  (  3.0000E-04 )
  displacement maximum:    6.3370E-03 .  (  1.8000E-03 )
  displacement rms:        1.4523E-03 .  (  1.2000E-03 )
  
  predicted energy change: -3.9598E-06
  step size:     0.00755
  trust radius:  0.30000
---------------- geometry iteration   4 complete ----------------
geopt (optimize geometry) done.
onee (1-electron integrals) done.
probe (project orbitals) done.
grid (grid generation) done.
rwr (Q operators) done.
  
       i  u  d  i  g
       t  p  i  c  r                                 RMS    maximum
       e  d  i  u  i                       energy  density   DIIS  
       r  t  s  t  d       total energy    change  change    error 
  
etot    1  N  N  2  U    -230.94589289705           6.8E-05  6.5E-04
etot    2  Y  Y  6  M    -230.94590935236  1.6E-05  1.5E-05  1.3E-04
etot    3  N  Y  2  U    -230.94591303115  3.7E-06  1.2E-05  3.7E-04
etot    4  N  Y  2  U    -230.94591445835  1.4E-06  3.3E-06  5.6E-05
etot    5  N  N  2  U    -230.94591447898  2.1E-08  0.0E+00  0.0E+00
scf (DFT) done.
der1a (1-e 1st deriv.) done.
rwr (1st deriv. Q) done.
der1b (2-e 1st deriv.) done.
  Geometry optimization step   5
  Total energy:      -230.94855450037 hartrees
  energy change:          -4.1337E-06 *  (  5.0000E-05 )
  gradient maximum:        2.1558E-04 *  (  4.5000E-04 )
  gradient rms:            6.5728E-05 *  (  3.0000E-04 )
  displacement maximum:    3.9502E-04 *  (  1.8000E-03 )
  displacement rms:        1.5050E-04 #  (  1.2000E-03 )
  
  predicted energy change: -1.2357E-07
  step size:     0.00078
  trust radius:  0.30000
------------- final geometry iteration   5 complete -------------
geopt (optimize geometry) done.
cutabab2 (abab integrals) done.
der2a (1-e JK-1st deriv.) done.
grid (grid generation) done.
der2b (2-e JK-1st deriv.) done.
der2nda (1-e 2nd deriv.) done.
der2ndb (2-e 2nd deriv.) done.
rwr (Q operators) done.
cphfa (gradient of wave function) done.
freq (vib. frequencies) done.
Job J1_530_2111 completed on hpc-89-15.cm.cluster at Wed May 29 01:27:01 2024
Timer (jaguar_backend.py) : 102.16 secs (0 hrs, 01 mins, 42 secs)
Finished:   Wed May 29 01:27:01 2024
