Command:  /groups/wag/programs/Schrodinger_2020_3/jaguar run -WAIT -PARALLEL 8 /central/home/labounad/wittig-ch121/out/J1_9993_2111/J1_9993_2111.in
Release:  2020-3
Exec:     /groups/wag/programs/Schrodinger_2020_3/jaguar-v10.9/bin/Linux-x86_64
Host:     hpc-90-03.cm.cluster
JobId:    hpc-90-03-0-66578f04
JobDir:   /central/scratch/labounad/J1_9993_2111#hpc-90-03-0-66578f04
Date:     Wed May 29 13:24:39 2024

Contents of /central/scratch/labounad/J1_9993_2111#hpc-90-03-0-66578f04:
/central/scratch/labounad/J1_9993_2111#hpc-90-03-0-66578f04/hpc-90-03-0-66578f04
/central/scratch/labounad/J1_9993_2111#hpc-90-03-0-66578f04/.write_dir.json
/central/scratch/labounad/J1_9993_2111#hpc-90-03-0-66578f04/J1_9993_2111.recover
/central/scratch/labounad/J1_9993_2111#hpc-90-03-0-66578f04/J1_9993_2111.log
/central/scratch/labounad/J1_9993_2111#hpc-90-03-0-66578f04/hpc-90-03-0-66578f04.mpinodes
/central/scratch/labounad/J1_9993_2111#hpc-90-03-0-66578f04/hpc-90-03-0-66578f04.recover
/central/scratch/labounad/J1_9993_2111#hpc-90-03-0-66578f04/hpc-90-03-0-66578f04.nodes
/central/scratch/labounad/J1_9993_2111#hpc-90-03-0-66578f04/J1_9993_2111.in

Executing subprocess:
/groups/wag/programs/Schrodinger_2020_3/jaguar-v10.9/bin/Linux-x86_64/jexec J1_9993_2111.in -T 8 -out /central/scratch/labounad/J1_9993_2111#hpc-90-03-0-66578f04 -cwd

Job J1_9993_2111 started on hpc-90-03.cm.cluster at Wed May 29 13:24:39 2024
jobid: hpc-90-03-0-66578f04 
Jaguar version 10.9, release 139
 Using up to   8 threads per process
Molecular Point Group: C1      
Point Group used: C1
pre (input checking) done.
onee (1-electron integrals) done.
hfig (HF initial guess) done.
probe (project orbitals) done.
grid (grid generation) done.
rwr (Q operators) done.
scf type: DFT=PBE(X+LC)+PW91 (PBE-D3)
  
       i  u  d  i  g
       t  p  i  c  r                                 RMS    maximum
       e  d  i  u  i                       energy  density   DIIS  
       r  t  s  t  d       total energy    change  change    error 
  
etot    1  N  N  5  M   -1491.26705461768           8.1E-03  8.8E-02
etot    2  Y  Y  6  M   -1485.27775792789 -6.0E+00  9.7E-03  1.2E-01
etot    3  Y  Y  6  M   -1485.33476191970  5.7E-02  8.0E-03  1.4E-01
etot    4  N  Y  2  U   -1488.63782086266  3.3E+00  5.9E-03  1.0E-01
etot    5  Y  Y  6  M   -1489.08103286188  4.4E-01  4.1E-03  1.1E-01
etot    6  N  Y  2  U   -1494.75247303036  5.7E+00  1.8E-03  5.2E-02
etot    7  Y  Y  6  M   -1494.87960827996  1.3E-01  8.2E-04  5.2E-02
etot    8  N  Y  2  U   -1494.97306362742  9.3E-02  3.4E-04  2.4E-02
etot    9  Y  Y  6  M   -1494.99281592072  2.0E-02  1.3E-04  4.5E-03
etot   10  N  Y  2  U   -1494.99512208875  2.3E-03  7.5E-05  3.1E-03
etot   11  Y  Y  6  M   -1494.99593324241  8.1E-04  3.4E-05  1.1E-03
etot   12  N  Y  2  U   -1494.99607440068  1.4E-04  2.0E-05  6.1E-04
etot   13  N  Y  2  U   -1494.99614374222  6.9E-05  1.9E-05  5.4E-04
etot   14  N  Y  2  U   -1494.99619492341  5.1E-05  1.2E-05  2.5E-04
etot   15  N  Y  2  U   -1494.99620702713  1.2E-05  4.3E-06  1.5E-04
etot   16  N  N  2  U   -1494.99620867998  1.7E-06  0.0E+00  0.0E+00
scf (DFT) done.
der1a (1-e 1st deriv.) done.
rwr (1st deriv. Q) done.
der1b (2-e 1st deriv.) done.
  Geometry optimization step   1
  Total energy:     -1495.03898005830 hartrees
  gradient maximum:        5.4058E-02 .  (  4.5000E-04 )
  gradient rms:            9.7378E-03 .  (  3.0000E-04 )
  displacement maximum:    1.0974E-01 .  (  1.8000E-03 )
  displacement rms:        2.1827E-02 .  (  1.2000E-03 )
  
  predicted energy change: -2.6103E-02
  step size:     0.30008
  trust radius:  0.30000
---------------- geometry iteration   1 complete ----------------
geopt (optimize geometry) done.
onee (1-electron integrals) done.
probe (project orbitals) done.
grid (grid generation) done.
rwr (Q operators) done.
  
       i  u  d  i  g
       t  p  i  c  r                                 RMS    maximum
       e  d  i  u  i                       energy  density   DIIS  
       r  t  s  t  d       total energy    change  change    error 
  
etot    1  N  N  2  U   -1495.01347633715           3.4E-04  5.3E-03
etot    2  Y  Y  6  M   -1495.01930824741  5.8E-03  2.1E-04  4.4E-03
etot    3  N  Y  2  U   -1495.01717978179 -2.1E-03  1.3E-04  7.0E-03
etot    4  Y  Y  6  M   -1495.02126343194  4.1E-03  3.6E-05  1.6E-03
etot    5  N  Y  2  U   -1495.02153499793  2.7E-04  1.0E-05  4.4E-04
etot    6  N  Y  2  U   -1495.02154608338  1.1E-05  4.5E-06  2.6E-04
etot    7  N  N  2  U   -1495.02154956507  3.5E-06  0.0E+00  0.0E+00
scf (DFT) done.
der1a (1-e 1st deriv.) done.
rwr (1st deriv. Q) done.
der1b (2-e 1st deriv.) done.
  Geometry optimization step   2
  Total energy:     -1495.06376556192 hartrees
  energy change:          -2.4786E-02 .  (  5.0000E-05 )
  gradient maximum:        2.2821E-02 .  (  4.5000E-04 )
  gradient rms:            3.2979E-03 .  (  3.0000E-04 )
  displacement maximum:    8.8862E-02 .  (  1.8000E-03 )
  displacement rms:        2.1823E-02 .  (  1.2000E-03 )
  
  predicted energy change: -5.7080E-03
  step size:     0.30001
  trust radius:  0.30000
---------------- geometry iteration   2 complete ----------------
geopt (optimize geometry) done.
onee (1-electron integrals) done.
probe (project orbitals) done.
grid (grid generation) done.
rwr (Q operators) done.
  
       i  u  d  i  g
       t  p  i  c  r                                 RMS    maximum
       e  d  i  u  i                       energy  density   DIIS  
       r  t  s  t  d       total energy    change  change    error 
  
etot    1  N  N  2  U   -1495.00475132706           4.1E-04  9.3E-03
etot    2  Y  Y  6  M   -1495.02662129481  2.2E-02  1.7E-04  2.6E-03
etot    3  N  Y  2  U   -1495.02254070300 -4.1E-03  1.3E-04  7.3E-03
etot    4  Y  Y  6  M   -1495.02718380736  4.6E-03  2.3E-05  8.5E-04
etot    5  N  Y  2  U   -1495.02725666149  7.3E-05  8.8E-06  2.9E-04
etot    6  N  Y  2  U   -1495.02726813247  1.1E-05  3.3E-06  1.7E-04
etot    7  N  N  2  U   -1495.02726996202  1.8E-06  0.0E+00  0.0E+00
scf (DFT) done.
der1a (1-e 1st deriv.) done.
rwr (1st deriv. Q) done.
der1b (2-e 1st deriv.) done.
  Geometry optimization step   3
  Total energy:     -1495.06954456197 hartrees
  energy change:          -5.7790E-03 .  (  5.0000E-05 )
  gradient maximum:        5.6521E-03 .  (  4.5000E-04 )
  gradient rms:            1.2425E-03 .  (  3.0000E-04 )
  displacement maximum:    1.3445E-01 .  (  1.8000E-03 )
  displacement rms:        2.1863E-02 .  (  1.2000E-03 )
  
  predicted energy change: -1.7586E-03
  step size:     0.30056
  trust radius:  0.30000
---------------- geometry iteration   3 complete ----------------
geopt (optimize geometry) done.
onee (1-electron integrals) done.
probe (project orbitals) done.
grid (grid generation) done.
rwr (Q operators) done.
  
       i  u  d  i  g
       t  p  i  c  r                                 RMS    maximum
       e  d  i  u  i                       energy  density   DIIS  
       r  t  s  t  d       total energy    change  change    error 
  
etot    1  N  N  2  U   -1494.99248825847           4.8E-04  1.4E-02
etot    2  Y  Y  6  M   -1495.02892895246  3.6E-02  9.5E-05  1.6E-03
etot    3  N  Y  2  U   -1495.02761679183 -1.3E-03  7.4E-05  4.8E-03
etot    4  Y  Y  6  M   -1495.02901444911  1.4E-03  1.9E-05  8.4E-04
etot    5  N  Y  2  U   -1495.02908088098  6.6E-05  7.0E-06  1.8E-04
etot    6  N  Y  2  U   -1495.02909047775  9.6E-06  2.8E-06  8.3E-05
etot    7  N  N  2  U   -1495.02909102890  5.5E-07  0.0E+00  0.0E+00
scf (DFT) done.
der1a (1-e 1st deriv.) done.
rwr (1st deriv. Q) done.
der1b (2-e 1st deriv.) done.
  Geometry optimization step   4
  Total energy:     -1495.07125660737 hartrees
  energy change:          -1.7120E-03 .  (  5.0000E-05 )
  gradient maximum:        5.3900E-03 .  (  4.5000E-04 )
  gradient rms:            9.4522E-04 .  (  3.0000E-04 )
  displacement maximum:    1.4471E-01 .  (  1.8000E-03 )
  displacement rms:        2.1817E-02 .  (  1.2000E-03 )
  
  predicted energy change: -1.4086E-03
  step size:     0.29994
  trust radius:  0.30000
---------------- geometry iteration   4 complete ----------------
geopt (optimize geometry) done.
onee (1-electron integrals) done.
probe (project orbitals) done.
grid (grid generation) done.
rwr (Q operators) done.
  
       i  u  d  i  g
       t  p  i  c  r                                 RMS    maximum
       e  d  i  u  i                       energy  density   DIIS  
       r  t  s  t  d       total energy    change  change    error 
  
etot    1  N  N  2  U   -1494.99474639600           1.0E-03  1.6E-02
etot    2  Y  Y  6  M   -1495.03030482837  3.6E-02  7.4E-05  1.3E-03
etot    3  N  Y  2  U   -1495.02980438576 -5.0E-04  5.8E-05  1.6E-03
etot    4  Y  Y  6  M   -1495.03026854083  4.6E-04  2.0E-05  7.3E-04
etot    5  N  Y  2  U   -1495.03033795270  6.9E-05  5.3E-06  1.7E-04
etot    6  N  Y  2  U   -1495.03034360862  5.7E-06  2.9E-06  4.5E-05
etot    7  N  N  2  U   -1495.03034368323  7.5E-08  0.0E+00  0.0E+00
scf (DFT) done.
der1a (1-e 1st deriv.) done.
rwr (1st deriv. Q) done.
der1b (2-e 1st deriv.) done.
  Geometry optimization step   5
  Total energy:     -1495.07305453616 hartrees
  energy change:          -1.7979E-03 .  (  5.0000E-05 )
  gradient maximum:        2.5735E-03 .  (  4.5000E-04 )
  gradient rms:            6.4618E-04 .  (  3.0000E-04 )
  displacement maximum:    1.3570E-01 .  (  1.8000E-03 )
  displacement rms:        2.1826E-02 .  (  1.2000E-03 )
  
  predicted energy change: -1.1486E-03
  step size:     0.30006
  trust radius:  0.30000
---------------- geometry iteration   5 complete ----------------
geopt (optimize geometry) done.
onee (1-electron integrals) done.
probe (project orbitals) done.
grid (grid generation) done.
rwr (Q operators) done.
  
       i  u  d  i  g
       t  p  i  c  r                                 RMS    maximum
       e  d  i  u  i                       energy  density   DIIS  
       r  t  s  t  d       total energy    change  change    error 
  
etot    1  N  N  2  U   -1494.98835241323           5.2E-04  1.4E-02
etot    2  Y  Y  6  M   -1495.03108997164  4.3E-02  7.1E-05  8.6E-04
etot    3  N  Y  2  U   -1495.03050286599 -5.9E-04  5.7E-05  2.1E-03
etot    4  Y  Y  6  M   -1495.03097937758  4.8E-04  1.7E-05  7.5E-04
etot    5  N  Y  2  U   -1495.03104296418  6.4E-05  5.0E-06  1.9E-04
etot    6  N  Y  2  U   -1495.03104768296  4.7E-06  2.8E-06  3.9E-05
etot    7  N  N  2  U   -1495.03104781002  1.3E-07  0.0E+00  0.0E+00
scf (DFT) done.
der1a (1-e 1st deriv.) done.
rwr (1st deriv. Q) done.
der1b (2-e 1st deriv.) done.
  Geometry optimization step   6
  Total energy:     -1495.07392818196 hartrees
  energy change:          -8.7365E-04 .  (  5.0000E-05 )
  gradient maximum:        6.1309E-03 .  (  4.5000E-04 )
  gradient rms:            8.6630E-04 .  (  3.0000E-04 )
  displacement maximum:    1.5137E-01 .  (  1.8000E-03 )
  displacement rms:        2.1819E-02 .  (  1.2000E-03 )
  
  predicted energy change: -6.7313E-04
  step size:     0.29996
  trust radius:  0.30000
---------------- geometry iteration   6 complete ----------------
geopt (optimize geometry) done.
onee (1-electron integrals) done.
probe (project orbitals) done.
grid (grid generation) done.
rwr (Q operators) done.
  
       i  u  d  i  g
       t  p  i  c  r                                 RMS    maximum
       e  d  i  u  i                       energy  density   DIIS  
       r  t  s  t  d       total energy    change  change    error 
  
etot    1  N  N  2  U   -1495.00095975170           4.6E-04  1.6E-02
etot    2  Y  Y  6  M   -1495.03160760277  3.1E-02  6.6E-05  9.4E-04
etot    3  N  Y  2  U   -1495.03121035519 -4.0E-04  5.1E-05  1.3E-03
etot    4  Y  Y  6  M   -1495.03151037354  3.0E-04  1.7E-05  5.7E-04
etot    5  N  Y  2  U   -1495.03156821876  5.8E-05  5.5E-06  2.5E-04
etot    6  N  Y  2  U   -1495.03157509040  6.9E-06  2.6E-06  6.0E-05
etot    7  N  N  2  U   -1495.03157522306  1.3E-07  0.0E+00  0.0E+00
scf (DFT) done.
der1a (1-e 1st deriv.) done.
rwr (1st deriv. Q) done.
der1b (2-e 1st deriv.) done.
  Geometry optimization step   7
  Total energy:     -1495.07420914317 hartrees
  energy change:          -2.8096E-04 .  (  5.0000E-05 )
  gradient maximum:        4.0633E-03 .  (  4.5000E-04 )
  gradient rms:            8.2813E-04 .  (  3.0000E-04 )
  displacement maximum:    6.5439E-02 .  (  1.8000E-03 )
  displacement rms:        1.1577E-02 .  (  1.2000E-03 )
  
  predicted energy change: -2.4002E-04
  step size:     0.15916
  trust radius:  0.30000
---------------- geometry iteration   7 complete ----------------
geopt (optimize geometry) done.
onee (1-electron integrals) done.
probe (project orbitals) done.
grid (grid generation) done.
rwr (Q operators) done.
  
       i  u  d  i  g
       t  p  i  c  r                                 RMS    maximum
       e  d  i  u  i                       energy  density   DIIS  
       r  t  s  t  d       total energy    change  change    error 
  
etot    1  N  N  2  U   -1495.02340798184           2.3E-04  5.5E-03
etot    2  Y  Y  6  M   -1495.03175286421  8.3E-03  2.6E-05  3.5E-04
etot    3  N  Y  2  U   -1495.03170856942 -4.4E-05  2.0E-05  6.6E-04
etot    4  N  Y  2  U   -1495.03175466898  4.6E-05  7.4E-06  3.5E-04
etot    5  N  Y  2  U   -1495.03176562505  1.1E-05  1.9E-06  6.4E-05
etot    6  N  N  2  U   -1495.03176616523  5.4E-07  0.0E+00  0.0E+00
scf (DFT) done.
der1a (1-e 1st deriv.) done.
rwr (1st deriv. Q) done.
der1b (2-e 1st deriv.) done.
  Geometry optimization step   8
  Total energy:     -1495.07453279826 hartrees
  energy change:          -3.2366E-04 .  (  5.0000E-05 )
  gradient maximum:        4.2842E-03 .  (  4.5000E-04 )
  gradient rms:            5.3670E-04 .  (  3.0000E-04 )
  displacement maximum:    2.4468E-02 .  (  1.8000E-03 )
  displacement rms:        4.4697E-03 .  (  1.2000E-03 )
  
  predicted energy change: -7.1487E-05
  step size:     0.06145
  trust radius:  0.30000
---------------- geometry iteration   8 complete ----------------
geopt (optimize geometry) done.
onee (1-electron integrals) done.
probe (project orbitals) done.
grid (grid generation) done.
rwr (Q operators) done.
  
       i  u  d  i  g
       t  p  i  c  r                                 RMS    maximum
       e  d  i  u  i                       energy  density   DIIS  
       r  t  s  t  d       total energy    change  change    error 
  
etot    1  N  N  2  U   -1495.03055606930           8.9E-05  2.1E-03
etot    2  Y  Y  6  M   -1495.03175597918  1.2E-03  1.6E-05  2.2E-04
etot    3  N  Y  2  U   -1495.03172574279 -3.0E-05  1.2E-05  7.4E-04
etot    4  N  Y  2  U   -1495.03176154847  3.6E-05  3.1E-06  1.4E-04
etot    5  N  N  2  U   -1495.03176280037  1.3E-06  0.0E+00  0.0E+00
scf (DFT) done.
der1a (1-e 1st deriv.) done.
rwr (1st deriv. Q) done.
der1b (2-e 1st deriv.) done.
  Geometry optimization step   9
  Total energy:     -1495.07456484351 hartrees
  energy change:          -3.2045E-05 *  (  5.0000E-05 )
  gradient maximum:        1.0933E-03 .  (  4.5000E-04 )
  gradient rms:            2.2455E-04 *  (  3.0000E-04 )
  displacement maximum:    2.2298E-02 .  (  1.8000E-03 )
  displacement rms:        3.1858E-03 .  (  1.2000E-03 )
  
  predicted energy change: -2.6034E-05
  step size:     0.04380
  trust radius:  0.30000
---------------- geometry iteration   9 complete ----------------
geopt (optimize geometry) done.
onee (1-electron integrals) done.
probe (project orbitals) done.
grid (grid generation) done.
rwr (Q operators) done.
  
       i  u  d  i  g
       t  p  i  c  r                                 RMS    maximum
       e  d  i  u  i                       energy  density   DIIS  
       r  t  s  t  d       total energy    change  change    error 
  
etot    1  N  N  2  U   -1495.03088346134           7.7E-05  2.4E-03
etot    2  Y  Y  6  M   -1495.03182646903  9.4E-04  1.8E-05  2.0E-04
etot    3  N  Y  2  U   -1495.03178188053 -4.5E-05  1.5E-05  4.9E-04
etot    4  N  Y  2  U   -1495.03183175609  5.0E-05  3.0E-06  1.3E-04
etot    5  N  N  2  U   -1495.03183305621  1.3E-06  0.0E+00  0.0E+00
scf (DFT) done.
der1a (1-e 1st deriv.) done.
rwr (1st deriv. Q) done.
der1b (2-e 1st deriv.) done.
  Geometry optimization step  10
  Total energy:     -1495.07459934601 hartrees
  energy change:          -3.4502E-05 *  (  5.0000E-05 )
  gradient maximum:        1.0818E-03 .  (  4.5000E-04 )
  gradient rms:            1.9699E-04 *  (  3.0000E-04 )
  displacement maximum:    1.8596E-02 .  (  1.8000E-03 )
  displacement rms:        2.8454E-03 .  (  1.2000E-03 )
  
  predicted energy change: -1.4817E-05
  step size:     0.03912
  trust radius:  0.30000
---------------- geometry iteration  10 complete ----------------
geopt (optimize geometry) done.
onee (1-electron integrals) done.
probe (project orbitals) done.
grid (grid generation) done.
rwr (Q operators) done.
  
       i  u  d  i  g
       t  p  i  c  r                                 RMS    maximum
       e  d  i  u  i                       energy  density   DIIS  
       r  t  s  t  d       total energy    change  change    error 
  
etot    1  N  N  2  U   -1495.03144579520           5.1E-05  1.1E-03
etot    2  Y  Y  6  M   -1495.03183227505  3.9E-04  1.4E-05  1.6E-04
etot    3  N  Y  2  U   -1495.03181220772 -2.0E-05  1.1E-05  4.7E-04
etot    4  N  Y  2  U   -1495.03184231710  3.0E-05  2.2E-06  7.6E-05
etot    5  N  N  2  U   -1495.03184296920  6.5E-07  0.0E+00  0.0E+00
scf (DFT) done.
der1a (1-e 1st deriv.) done.
rwr (1st deriv. Q) done.
der1b (2-e 1st deriv.) done.
  Geometry optimization step  11
  Total energy:     -1495.07456055623 hartrees
  energy change:           3.8790E-05 *  (  5.0000E-05 )
  gradient maximum:        7.2844E-04 .  (  4.5000E-04 )
  gradient rms:            1.5320E-04 *  (  3.0000E-04 )
  displacement maximum:    8.1509E-03 .  (  1.8000E-03 )
  displacement rms:        1.3412E-03 .  (  1.2000E-03 )
  
  predicted energy change: -7.3282E-06
  step size:     0.01844
  trust radius:  0.30000
---------------- geometry iteration  11 complete ----------------
geopt (optimize geometry) done.
onee (1-electron integrals) done.
probe (project orbitals) done.
grid (grid generation) done.
rwr (Q operators) done.
  
       i  u  d  i  g
       t  p  i  c  r                                 RMS    maximum
       e  d  i  u  i                       energy  density   DIIS  
       r  t  s  t  d       total energy    change  change    error 
  
etot    1  N  N  2  U   -1495.03171924456           3.2E-05  8.2E-04
etot    2  N  Y  2  U   -1495.03186223450  1.4E-04  9.9E-06  1.2E-04
etot    3  N  Y  2  U   -1495.03184648270 -1.6E-05  7.6E-06  4.0E-04
etot    4  N  Y  2  U   -1495.03186436694  1.8E-05  1.3E-06  4.2E-05
etot    5  N  N  2  U   -1495.03186457452  2.1E-07  0.0E+00  0.0E+00
scf (DFT) done.
der1a (1-e 1st deriv.) done.
rwr (1st deriv. Q) done.
der1b (2-e 1st deriv.) done.
  Geometry optimization step  12
  Total energy:     -1495.07462895083 hartrees
  energy change:          -6.8395E-05 .  (  5.0000E-05 )
  gradient maximum:        5.3632E-04 .  (  4.5000E-04 )
  gradient rms:            8.6916E-05 *  (  3.0000E-04 )
  displacement maximum:    2.1473E-02 .  (  1.8000E-03 )
  displacement rms:        4.3551E-03 .  (  1.2000E-03 )
  
  predicted energy change: -1.3033E-05
  step size:     0.05987
  trust radius:  0.30000
---------------- geometry iteration  12 complete ----------------
geopt (optimize geometry) done.
onee (1-electron integrals) done.
probe (project orbitals) done.
grid (grid generation) done.
rwr (Q operators) done.
  
       i  u  d  i  g
       t  p  i  c  r                                 RMS    maximum
       e  d  i  u  i                       energy  density   DIIS  
       r  t  s  t  d       total energy    change  change    error 
  
etot    1  N  N  2  U   -1495.03003843375           9.9E-05  2.4E-03
etot    2  Y  Y  6  M   -1495.03171666214  1.7E-03  1.6E-05  1.4E-04
etot    3  N  Y  2  U   -1495.03170787644 -8.8E-06  1.2E-05  2.7E-04
etot    4  N  Y  2  U   -1495.03172758469  2.0E-05  3.1E-06  8.6E-05
etot    5  N  N  2  U   -1495.03172910326  1.5E-06  0.0E+00  0.0E+00
scf (DFT) done.
der1a (1-e 1st deriv.) done.
rwr (1st deriv. Q) done.
der1b (2-e 1st deriv.) done.
  Geometry optimization step  13
  Total energy:     -1495.07463913544 hartrees
  energy change:          -1.0185E-05 *  (  5.0000E-05 )
  gradient maximum:        1.0711E-03 .  (  4.5000E-04 )
  gradient rms:            1.8415E-04 *  (  3.0000E-04 )
  displacement maximum:    7.4531E-03 .  (  1.8000E-03 )
  displacement rms:        1.2768E-03 .  (  1.2000E-03 )
  
  predicted energy change: -9.0064E-06
  step size:     0.01755
  trust radius:  0.30000
---------------- geometry iteration  13 complete ----------------
geopt (optimize geometry) done.
onee (1-electron integrals) done.
probe (project orbitals) done.
grid (grid generation) done.
rwr (Q operators) done.
  
       i  u  d  i  g
       t  p  i  c  r                                 RMS    maximum
       e  d  i  u  i                       energy  density   DIIS  
       r  t  s  t  d       total energy    change  change    error 
  
etot    1  N  N  2  U   -1495.03163410015           2.9E-05  7.5E-04
etot    2  N  Y  2  U   -1495.03176236021  1.3E-04  7.2E-06  7.8E-05
etot    3  N  Y  2  U   -1495.03175553746 -6.8E-06  5.5E-06  2.7E-04
etot    4  N  Y  2  U   -1495.03176352855  8.0E-06  1.2E-06  6.2E-05
etot    5  N  N  2  U   -1495.03176381282  2.8E-07  0.0E+00  0.0E+00
scf (DFT) done.
der1a (1-e 1st deriv.) done.
rwr (1st deriv. Q) done.
der1b (2-e 1st deriv.) done.
  Geometry optimization step  14
  Total energy:     -1495.07462954133 hartrees
  energy change:           9.5941E-06 *  (  5.0000E-05 )
  gradient maximum:        5.4657E-04 .  (  4.5000E-04 )
  gradient rms:            8.2372E-05 *  (  3.0000E-04 )
  displacement maximum:    1.7080E-02 .  (  1.8000E-03 )
  displacement rms:        2.2454E-03 .  (  1.2000E-03 )
  
  predicted energy change: -4.6561E-06
  step size:     0.03087
  trust radius:  0.30000
---------------- geometry iteration  14 complete ----------------
geopt (optimize geometry) done.
onee (1-electron integrals) done.
probe (project orbitals) done.
grid (grid generation) done.
rwr (Q operators) done.
  
       i  u  d  i  g
       t  p  i  c  r                                 RMS    maximum
       e  d  i  u  i                       energy  density   DIIS  
       r  t  s  t  d       total energy    change  change    error 
  
etot    1  N  N  2  U   -1495.03132375165           5.1E-05  1.6E-03
etot    2  Y  Y  6  M   -1495.03173899204  4.2E-04  6.9E-06  1.0E-04
etot    3  N  Y  2  U   -1495.03173762503 -1.4E-06  5.4E-06  1.7E-04
etot    4  N  Y  2  U   -1495.03174122705  3.6E-06  2.1E-06  1.0E-04
etot    5  N  N  2  U   -1495.03174214373  9.2E-07  0.0E+00  0.0E+00
scf (DFT) done.
der1a (1-e 1st deriv.) done.
rwr (1st deriv. Q) done.
der1b (2-e 1st deriv.) done.
  Geometry optimization step  15
  Total energy:     -1495.07461887356 hartrees
  energy change:           1.0668E-05 *  (  5.0000E-05 )
  gradient maximum:        5.7258E-04 .  (  4.5000E-04 )
  gradient rms:            1.0808E-04 *  (  3.0000E-04 )
  displacement maximum:    3.2129E-02 .  (  1.8000E-03 )
  displacement rms:        5.5449E-03 .  (  1.2000E-03 )
  
  predicted energy change: -9.6957E-06
  step size:     0.07623
  trust radius:  0.30000
---------------- geometry iteration  15 complete ----------------
geopt (optimize geometry) done.
onee (1-electron integrals) done.
probe (project orbitals) done.
grid (grid generation) done.
rwr (Q operators) done.
  
       i  u  d  i  g
       t  p  i  c  r                                 RMS    maximum
       e  d  i  u  i                       energy  density   DIIS  
       r  t  s  t  d       total energy    change  change    error 
  
etot    1  N  N  2  U   -1495.02937212881           1.2E-04  3.1E-03
etot    2  Y  Y  6  M   -1495.03159384047  2.2E-03  1.9E-05  2.0E-04
etot    3  N  Y  2  U   -1495.03158322646 -1.1E-05  1.5E-05  5.3E-04
etot    4  N  Y  2  U   -1495.03160940877  2.6E-05  4.6E-06  2.3E-04
etot    5  N  N  2  U   -1495.03161296685  3.6E-06  0.0E+00  0.0E+00
scf (DFT) done.
der1a (1-e 1st deriv.) done.
rwr (1st deriv. Q) done.
der1b (2-e 1st deriv.) done.
  Geometry optimization step  16
  Total energy:     -1495.07453707754 hartrees
  energy change:           8.1796E-05 .  (  5.0000E-05 )
  gradient maximum:        7.8148E-04 .  (  4.5000E-04 )
  gradient rms:            1.7906E-04 *  (  3.0000E-04 )
  displacement maximum:    2.6492E-02 .  (  1.8000E-03 )
  displacement rms:        3.8577E-03 .  (  1.2000E-03 )
  
  predicted energy change: -1.4717E-05
  step size:     0.05303
  trust radius:  0.30000
---------------- geometry iteration  16 complete ----------------
geopt (optimize geometry) done.
onee (1-electron integrals) done.
probe (project orbitals) done.
grid (grid generation) done.
rwr (Q operators) done.
  
       i  u  d  i  g
       t  p  i  c  r                                 RMS    maximum
       e  d  i  u  i                       energy  density   DIIS  
       r  t  s  t  d       total energy    change  change    error 
  
etot    1  N  N  2  U   -1495.03053039326           8.5E-05  2.5E-03
etot    2  Y  Y  6  M   -1495.03170570258  1.2E-03  2.1E-05  2.0E-04
etot    3  N  Y  2  U   -1495.03164841374 -5.7E-05  1.6E-05  7.0E-04
etot    4  N  Y  2  U   -1495.03170798009  6.0E-05  3.9E-06  1.8E-04
etot    5  N  N  2  U   -1495.03171021484  2.2E-06  0.0E+00  0.0E+00
scf (DFT) done.
der1a (1-e 1st deriv.) done.
rwr (1st deriv. Q) done.
der1b (2-e 1st deriv.) done.
  Geometry optimization step  17
  Total energy:     -1495.07459491026 hartrees
  energy change:          -5.7833E-05 .  (  5.0000E-05 )
  gradient maximum:        3.0596E-04 *  (  4.5000E-04 )
  gradient rms:            6.9781E-05 *  (  3.0000E-04 )
  displacement maximum:    2.7587E-03 .  (  1.8000E-03 )
  displacement rms:        6.2578E-04 *  (  1.2000E-03 )
  
  predicted energy change: -1.5410E-06
  step size:     0.00860
  trust radius:  0.30000
---------------- geometry iteration  17 complete ----------------
geopt (optimize geometry) done.
onee (1-electron integrals) done.
probe (project orbitals) done.
grid (grid generation) done.
rwr (Q operators) done.
  
       i  u  d  i  g
       t  p  i  c  r                                 RMS    maximum
       e  d  i  u  i                       energy  density   DIIS  
       r  t  s  t  d       total energy    change  change    error 
  
etot    1  N  N  2  U   -1495.03165735393           1.6E-05  4.3E-04
etot    2  N  Y  2  U   -1495.03168319611  2.6E-05  1.1E-05  2.2E-04
etot    3  N  Y  2  U   -1495.03167518304 -8.0E-06  6.9E-06  4.2E-04
etot    4  N  Y  2  U   -1495.03168712512  1.2E-05  1.5E-06  5.6E-05
etot    5  N  N  2  U   -1495.03168786010  7.3E-07  0.0E+00  0.0E+00
scf (DFT) done.
der1a (1-e 1st deriv.) done.
rwr (1st deriv. Q) done.
der1b (2-e 1st deriv.) done.
  Geometry optimization step  18
  Total energy:     -1495.07459626355 hartrees
  energy change:          -1.3533E-06 #  (  5.0000E-05 )
  gradient maximum:        2.0987E-04 *  (  4.5000E-04 )
  gradient rms:            5.0866E-05 #  (  3.0000E-04 )
  displacement maximum:    1.2136E-02 .  (  1.8000E-03 )
  displacement rms:        1.4853E-03 .  (  1.2000E-03 )
  
  predicted energy change: -1.5792E-06
  step size:     0.02042
  trust radius:  0.30000
------------- final geometry iteration  18 complete -------------
geopt (optimize geometry) done.
cutabab2 (abab integrals) done.
der2a (1-e JK-1st deriv.) done.
der2b (2-e JK-1st deriv.) done.
der2nda (1-e 2nd deriv.) done.
der2ndb (2-e 2nd deriv.) done.
rwr (Q operators) done.
cphfa (gradient of wave function) done.
freq (vib. frequencies) done.
Job J1_9993_2111 completed on hpc-90-03.cm.cluster at Wed May 29 14:01:04 2024
Timer (jaguar_backend.py) : 2185.73 secs (0 hrs, 36 mins, 25 secs)
Finished:   Wed May 29 14:01:04 2024
