Command:  /groups/wag/programs/Schrodinger_2020_3/jaguar run -WAIT -PARALLEL 8 /central/home/labounad/wittig-ch121/out/J1_5884_2111/J1_5884_2111.in
Release:  2020-3
Exec:     /groups/wag/programs/Schrodinger_2020_3/jaguar-v10.9/bin/Linux-x86_64
Host:     hpc-89-16.cm.cluster
JobId:    hpc-89-16-0-6656ec40
JobDir:   /central/scratch/labounad/J1_5884_2111#hpc-89-16-0-6656ec40
Date:     Wed May 29 01:50:11 2024

Contents of /central/scratch/labounad/J1_5884_2111#hpc-89-16-0-6656ec40:
/central/scratch/labounad/J1_5884_2111#hpc-89-16-0-6656ec40/J1_5884_2111.recover
/central/scratch/labounad/J1_5884_2111#hpc-89-16-0-6656ec40/.write_dir.json
/central/scratch/labounad/J1_5884_2111#hpc-89-16-0-6656ec40/J1_5884_2111.in
/central/scratch/labounad/J1_5884_2111#hpc-89-16-0-6656ec40/J1_5884_2111.log
/central/scratch/labounad/J1_5884_2111#hpc-89-16-0-6656ec40/hpc-89-16-0-6656ec40
/central/scratch/labounad/J1_5884_2111#hpc-89-16-0-6656ec40/hpc-89-16-0-6656ec40.nodes
/central/scratch/labounad/J1_5884_2111#hpc-89-16-0-6656ec40/hpc-89-16-0-6656ec40.mpinodes
/central/scratch/labounad/J1_5884_2111#hpc-89-16-0-6656ec40/hpc-89-16-0-6656ec40.recover

Executing subprocess:
/groups/wag/programs/Schrodinger_2020_3/jaguar-v10.9/bin/Linux-x86_64/jexec J1_5884_2111.in -T 8 -out /central/scratch/labounad/J1_5884_2111#hpc-89-16-0-6656ec40 -cwd

Job J1_5884_2111 started on hpc-89-16.cm.cluster at Wed May 29 01:50:11 2024
jobid: hpc-89-16-0-6656ec40 
Jaguar version 10.9, release 139
 Using up to   8 threads per process
Molecular Point Group: C1      
Point Group used: C1
pre (input checking) done.
onee (1-electron integrals) done.
hfig (HF initial guess) done.
probe (project orbitals) done.
grid (grid generation) done.
rwr (Q operators) done.
scf type: DFT=PBE(X+LC)+PW91 (PBE-D3)
  
       i  u  d  i  g
       t  p  i  c  r                                 RMS    maximum
       e  d  i  u  i                       energy  density   DIIS  
       r  t  s  t  d       total energy    change  change    error 
  
etot    1  N  N  5  M    -653.85852464628           7.4E-03  1.4E-01
etot    2  Y  Y  6  M    -654.92144820203  1.1E+00  5.9E-03  1.5E-01
etot    3  Y  Y  6  M    -655.49224015351  5.7E-01  3.0E-03  1.5E-01
etot    4  N  Y  2  U    -655.91613931341  4.2E-01  1.5E-03  6.4E-02
etot    5  Y  Y  6  M    -656.01442645281  9.8E-02  6.7E-04  1.9E-02
etot    6  N  Y  2  U    -656.02976137705  1.5E-02  2.9E-04  6.3E-03
etot    7  Y  Y  6  M    -656.03292511924  3.2E-03  9.6E-05  1.5E-03
etot    8  Y  Y  6  M    -656.03324438209  3.2E-04  3.4E-05  7.9E-04
etot    9  N  Y  2  U    -656.03330396999  6.0E-05  8.9E-06  1.5E-04
etot   10  N  Y  2  U    -656.03330822629  4.3E-06  3.0E-06  5.1E-05
etot   11  N  N  2  U    -656.03330842029  1.9E-07  0.0E+00  0.0E+00
scf (DFT) done.
der1a (1-e 1st deriv.) done.
rwr (1st deriv. Q) done.
der1b (2-e 1st deriv.) done.
  Geometry optimization step   1
  Total energy:      -656.05372296592 hartrees
  gradient maximum:        2.3002E-02 .  (  4.5000E-04 )
  gradient rms:            5.6073E-03 .  (  3.0000E-04 )
  displacement maximum:    9.3386E-02 .  (  1.8000E-03 )
  displacement rms:        2.7912E-02 .  (  1.2000E-03 )
  
  predicted energy change: -6.0353E-03
  step size:     0.28190
  trust radius:  0.30000
---------------- geometry iteration   1 complete ----------------
geopt (optimize geometry) done.
onee (1-electron integrals) done.
probe (project orbitals) done.
grid (grid generation) done.
rwr (Q operators) done.
  
       i  u  d  i  g
       t  p  i  c  r                                 RMS    maximum
       e  d  i  u  i                       energy  density   DIIS  
       r  t  s  t  d       total energy    change  change    error 
  
etot    1  N  N  2  U    -656.02618742209           5.4E-04  6.7E-03
etot    2  Y  Y  6  M    -656.03824769260  1.2E-02  2.2E-04  4.3E-03
etot    3  N  Y  2  U    -656.03570221530 -2.5E-03  1.7E-04  1.2E-02
etot    4  Y  Y  6  M    -656.03886332607  3.2E-03  4.1E-05  2.0E-03
etot    5  N  Y  2  U    -656.03890550651  4.2E-05  1.3E-05  2.7E-04
etot    6  N  Y  2  U    -656.03891336121  7.9E-06  3.7E-06  7.9E-05
etot    7  N  N  2  U    -656.03891404863  6.9E-07  0.0E+00  0.0E+00
scf (DFT) done.
der1a (1-e 1st deriv.) done.
rwr (1st deriv. Q) done.
der1b (2-e 1st deriv.) done.
  Geometry optimization step   2
  Total energy:      -656.05927287572 hartrees
  energy change:          -5.5499E-03 .  (  5.0000E-05 )
  gradient maximum:        8.7220E-03 .  (  4.5000E-04 )
  gradient rms:            1.8439E-03 .  (  3.0000E-04 )
  displacement maximum:    1.0882E-01 .  (  1.8000E-03 )
  displacement rms:        2.1587E-02 .  (  1.2000E-03 )
  
  predicted energy change: -9.1857E-04
  step size:     0.21801
  trust radius:  0.30000
---------------- geometry iteration   2 complete ----------------
geopt (optimize geometry) done.
onee (1-electron integrals) done.
probe (project orbitals) done.
grid (grid generation) done.
rwr (Q operators) done.
  
       i  u  d  i  g
       t  p  i  c  r                                 RMS    maximum
       e  d  i  u  i                       energy  density   DIIS  
       r  t  s  t  d       total energy    change  change    error 
  
etot    1  N  N  2  U    -656.02583258050           5.4E-04  6.9E-03
etot    2  Y  Y  6  M    -656.03970875541  1.4E-02  1.3E-04  2.4E-03
etot    3  N  Y  2  U    -656.03900660173 -7.0E-04  1.0E-04  6.9E-03
etot    4  Y  Y  6  M    -656.03987278266  8.7E-04  2.4E-05  1.3E-03
etot    5  N  Y  2  U    -656.03989495451  2.2E-05  9.1E-06  2.3E-04
etot    6  N  Y  2  U    -656.03990112545  6.2E-06  2.6E-06  3.2E-05
etot    7  N  N  2  U    -656.03990127798  1.5E-07  0.0E+00  0.0E+00
scf (DFT) done.
der1a (1-e 1st deriv.) done.
rwr (1st deriv. Q) done.
der1b (2-e 1st deriv.) done.
  Geometry optimization step   3
  Total energy:      -656.06039517993 hartrees
  energy change:          -1.1223E-03 .  (  5.0000E-05 )
  gradient maximum:        2.8289E-03 .  (  4.5000E-04 )
  gradient rms:            7.8540E-04 .  (  3.0000E-04 )
  displacement maximum:    1.2736E-01 .  (  1.8000E-03 )
  displacement rms:        1.9632E-02 .  (  1.2000E-03 )
  
  predicted energy change: -4.3732E-04
  step size:     0.19828
  trust radius:  0.30000
---------------- geometry iteration   3 complete ----------------
geopt (optimize geometry) done.
onee (1-electron integrals) done.
probe (project orbitals) done.
grid (grid generation) done.
rwr (Q operators) done.
  
       i  u  d  i  g
       t  p  i  c  r                                 RMS    maximum
       e  d  i  u  i                       energy  density   DIIS  
       r  t  s  t  d       total energy    change  change    error 
  
etot    1  N  N  2  U    -656.02423956405           5.7E-04  8.1E-03
etot    2  Y  Y  6  M    -656.04009706890  1.6E-02  8.9E-05  1.7E-03
etot    3  N  Y  2  U    -656.04009594692 -1.1E-06  6.5E-05  2.2E-03
etot    4  Y  Y  6  M    -656.04024811669  1.5E-04  2.4E-05  1.4E-03
etot    5  N  Y  2  U    -656.04029805270  5.0E-05  8.6E-06  4.5E-04
etot    6  N  Y  2  U    -656.04030478355  6.7E-06  2.5E-06  4.6E-05
etot    7  N  N  2  U    -656.04030487064  8.7E-08  0.0E+00  0.0E+00
scf (DFT) done.
der1a (1-e 1st deriv.) done.
rwr (1st deriv. Q) done.
der1b (2-e 1st deriv.) done.
  Geometry optimization step   4
  Total energy:      -656.06081687180 hartrees
  energy change:          -4.2169E-04 .  (  5.0000E-05 )
  gradient maximum:        3.3171E-03 .  (  4.5000E-04 )
  gradient rms:            7.7852E-04 .  (  3.0000E-04 )
  displacement maximum:    8.5225E-02 .  (  1.8000E-03 )
  displacement rms:        1.5292E-02 .  (  1.2000E-03 )
  
  predicted energy change: -2.2262E-04
  step size:     0.15444
  trust radius:  0.30000
---------------- geometry iteration   4 complete ----------------
geopt (optimize geometry) done.
onee (1-electron integrals) done.
probe (project orbitals) done.
grid (grid generation) done.
rwr (Q operators) done.
  
       i  u  d  i  g
       t  p  i  c  r                                 RMS    maximum
       e  d  i  u  i                       energy  density   DIIS  
       r  t  s  t  d       total energy    change  change    error 
  
etot    1  N  N  2  U    -656.02832674343           5.0E-04  7.1E-03
etot    2  Y  Y  6  M    -656.04030831381  1.2E-02  6.6E-05  1.5E-03
etot    3  N  Y  2  U    -656.04037793350  7.0E-05  4.7E-05  1.7E-03
etot    4  N  Y  2  U    -656.04040721492  2.9E-05  2.3E-05  1.7E-03
etot    5  N  Y  2  U    -656.04046507737  5.8E-05  5.2E-06  1.5E-04
etot    6  N  Y  2  U    -656.04046652443  1.4E-06  1.6E-06  2.4E-05
etot    7  N  N  2  U    -656.04046658945  6.5E-08  0.0E+00  0.0E+00
scf (DFT) done.
der1a (1-e 1st deriv.) done.
rwr (1st deriv. Q) done.
der1b (2-e 1st deriv.) done.
  Geometry optimization step   5
  Total energy:      -656.06103230010 hartrees
  energy change:          -2.1543E-04 .  (  5.0000E-05 )
  gradient maximum:        1.9153E-03 .  (  4.5000E-04 )
  gradient rms:            5.3140E-04 .  (  3.0000E-04 )
  displacement maximum:    1.2024E-01 .  (  1.8000E-03 )
  displacement rms:        1.6959E-02 .  (  1.2000E-03 )
  
  predicted energy change: -1.7855E-04
  step size:     0.17127
  trust radius:  0.30000
---------------- geometry iteration   5 complete ----------------
geopt (optimize geometry) done.
onee (1-electron integrals) done.
probe (project orbitals) done.
grid (grid generation) done.
rwr (Q operators) done.
  
       i  u  d  i  g
       t  p  i  c  r                                 RMS    maximum
       e  d  i  u  i                       energy  density   DIIS  
       r  t  s  t  d       total energy    change  change    error 
  
etot    1  N  N  2  U    -656.02791431328           5.2E-04  7.3E-03
etot    2  Y  Y  6  M    -656.04054901503  1.3E-02  8.9E-05  1.7E-03
etot    3  N  Y  2  U    -656.04044983984 -9.9E-05  7.3E-05  4.1E-03
etot    4  Y  Y  6  M    -656.04069657861  2.5E-04  2.6E-05  1.9E-03
etot    5  N  Y  2  U    -656.04079185073  9.5E-05  3.6E-06  6.3E-05
etot    6  N  N  2  U    -656.04079238048  5.3E-07  0.0E+00  0.0E+00
scf (DFT) done.
der1a (1-e 1st deriv.) done.
rwr (1st deriv. Q) done.
der1b (2-e 1st deriv.) done.
  Geometry optimization step   6
  Total energy:      -656.06137051239 hartrees
  energy change:          -3.3821E-04 .  (  5.0000E-05 )
  gradient maximum:        2.5155E-03 .  (  4.5000E-04 )
  gradient rms:            6.2608E-04 .  (  3.0000E-04 )
  displacement maximum:    2.5678E-01 .  (  1.8000E-03 )
  displacement rms:        2.9718E-02 .  (  1.2000E-03 )
  
  predicted energy change: -4.4900E-04
  step size:     0.30014
  trust radius:  0.30000
---------------- geometry iteration   6 complete ----------------
geopt (optimize geometry) done.
onee (1-electron integrals) done.
probe (project orbitals) done.
grid (grid generation) done.
rwr (Q operators) done.
  
       i  u  d  i  g
       t  p  i  c  r                                 RMS    maximum
       e  d  i  u  i                       energy  density   DIIS  
       r  t  s  t  d       total energy    change  change    error 
  
etot    1  N  N  2  U    -656.00196135020           9.5E-04  1.9E-02
etot    2  Y  Y  6  M    -656.04005762357  3.8E-02  2.7E-04  5.7E-03
etot    3  N  Y  2  U    -656.03697978133 -3.1E-03  2.1E-04  1.5E-02
etot    4  Y  Y  6  M    -656.04119082132  4.2E-03  4.0E-05  2.2E-03
etot    5  N  Y  2  U    -656.04140328290  2.1E-04  6.8E-06  9.4E-05
etot    6  N  Y  2  U    -656.04140553755  2.3E-06  2.9E-06  3.8E-05
etot    7  N  N  2  U    -656.04140587080  3.3E-07  0.0E+00  0.0E+00
scf (DFT) done.
der1a (1-e 1st deriv.) done.
rwr (1st deriv. Q) done.
der1b (2-e 1st deriv.) done.
  Geometry optimization step   7
  Total energy:      -656.06198774631 hartrees
  energy change:          -6.1723E-04 .  (  5.0000E-05 )
  gradient maximum:        4.5692E-03 .  (  4.5000E-04 )
  gradient rms:            1.2110E-03 .  (  3.0000E-04 )
  displacement maximum:    1.3468E-01 .  (  1.8000E-03 )
  displacement rms:        1.4792E-02 .  (  1.2000E-03 )
  
  predicted energy change: -4.7882E-04
  step size:     0.14940
  trust radius:  0.30000
---------------- geometry iteration   7 complete ----------------
geopt (optimize geometry) done.
onee (1-electron integrals) done.
probe (project orbitals) done.
grid (grid generation) done.
rwr (Q operators) done.
  
       i  u  d  i  g
       t  p  i  c  r                                 RMS    maximum
       e  d  i  u  i                       energy  density   DIIS  
       r  t  s  t  d       total energy    change  change    error 
  
etot    1  N  N  2  U    -656.03440467403           4.4E-04  9.1E-03
etot    2  Y  Y  6  M    -656.04203959450  7.6E-03  6.2E-05  2.4E-03
etot    3  N  Y  2  U    -656.04213330354  9.4E-05  3.8E-05  1.1E-03
etot    4  N  Y  2  U    -656.04215164919  1.8E-05  1.9E-05  1.1E-03
etot    5  N  Y  2  U    -656.04218560283  3.4E-05  4.4E-06  2.3E-04
etot    6  N  N  2  U    -656.04218683543  1.2E-06  0.0E+00  0.0E+00
scf (DFT) done.
der1a (1-e 1st deriv.) done.
rwr (1st deriv. Q) done.
der1b (2-e 1st deriv.) done.
  Geometry optimization step   8
  Total energy:      -656.06278356677 hartrees
  energy change:          -7.9582E-04 .  (  5.0000E-05 )
  gradient maximum:        3.5988E-03 .  (  4.5000E-04 )
  gradient rms:            7.5669E-04 .  (  3.0000E-04 )
  displacement maximum:    2.8200E-01 .  (  1.8000E-03 )
  displacement rms:        2.9751E-02 .  (  1.2000E-03 )
  
  predicted energy change: -1.3033E-03
  step size:     0.30047
  trust radius:  0.30000
---------------- geometry iteration   8 complete ----------------
geopt (optimize geometry) done.
onee (1-electron integrals) done.
probe (project orbitals) done.
grid (grid generation) done.
rwr (Q operators) done.
  
       i  u  d  i  g
       t  p  i  c  r                                 RMS    maximum
       e  d  i  u  i                       energy  density   DIIS  
       r  t  s  t  d       total energy    change  change    error 
  
etot    1  N  N  2  U    -655.99975563828           1.0E-03  1.7E-02
etot    2  Y  Y  6  M    -656.04158432616  4.2E-02  3.6E-04  7.9E-03
etot    3  N  Y  2  U    -656.03621648209 -5.4E-03  2.7E-04  2.0E-02
etot    4  N  Y  2  U    -656.04321888386  7.0E-03  4.7E-05  2.3E-03
etot    5  N  Y  2  U    -656.04338325641  1.6E-04  9.5E-06  1.3E-04
etot    6  N  Y  2  U    -656.04338732849  4.1E-06  3.6E-06  5.9E-05
etot    7  N  N  2  U    -656.04338774868  4.2E-07  0.0E+00  0.0E+00
scf (DFT) done.
der1a (1-e 1st deriv.) done.
rwr (1st deriv. Q) done.
der1b (2-e 1st deriv.) done.
  Geometry optimization step   9
  Total energy:      -656.06392370185 hartrees
  energy change:          -1.1401E-03 .  (  5.0000E-05 )
  gradient maximum:        1.8264E-03 .  (  4.5000E-04 )
  gradient rms:            6.2913E-04 .  (  3.0000E-04 )
  displacement maximum:    1.6507E-01 .  (  1.8000E-03 )
  displacement rms:        2.9736E-02 .  (  1.2000E-03 )
  
  predicted energy change: -3.3529E-04
  step size:     0.30032
  trust radius:  0.30000
---------------- geometry iteration   9 complete ----------------
geopt (optimize geometry) done.
onee (1-electron integrals) done.
probe (project orbitals) done.
grid (grid generation) done.
rwr (Q operators) done.
  
       i  u  d  i  g
       t  p  i  c  r                                 RMS    maximum
       e  d  i  u  i                       energy  density   DIIS  
       r  t  s  t  d       total energy    change  change    error 
  
etot    1  N  N  2  U    -656.00619001936           8.4E-04  1.5E-02
etot    2  Y  Y  6  M    -656.04324221913  3.7E-02  1.2E-04  2.1E-03
etot    3  N  Y  2  U    -656.04309996083 -1.4E-04  8.1E-05  1.6E-03
etot    4  Y  Y  6  M    -656.04329449332  1.9E-04  2.6E-05  6.3E-04
etot    5  N  Y  2  U    -656.04335831837  6.4E-05  7.5E-06  3.3E-04
etot    6  N  Y  2  U    -656.04336058042  2.3E-06  3.1E-06  1.6E-04
etot    7  N  N  2  U    -656.04336099619  4.2E-07  0.0E+00  0.0E+00
scf (DFT) done.
der1a (1-e 1st deriv.) done.
rwr (1st deriv. Q) done.
der1b (2-e 1st deriv.) done.
  Geometry optimization step  10
  Total energy:      -656.06378832435 hartrees
  energy change:           1.3538E-04 .  (  5.0000E-05 )
  gradient maximum:        3.6623E-03 .  (  4.5000E-04 )
  gradient rms:            9.6489E-04 .  (  3.0000E-04 )
  displacement maximum:    2.6814E-01 .  (  1.8000E-03 )
  displacement rms:        2.9731E-02 .  (  1.2000E-03 )
  
  predicted energy change: -6.0137E-04
  step size:     0.30027
  trust radius:  0.30000
---------------- geometry iteration  10 complete ----------------
geopt (optimize geometry) done.
onee (1-electron integrals) done.
probe (project orbitals) done.
grid (grid generation) done.
rwr (Q operators) done.
  
       i  u  d  i  g
       t  p  i  c  r                                 RMS    maximum
       e  d  i  u  i                       energy  density   DIIS  
       r  t  s  t  d       total energy    change  change    error 
  
etot    1  N  N  2  U    -656.00008619186           9.7E-04  1.8E-02
etot    2  Y  Y  6  M    -656.04205891514  4.2E-02  3.3E-04  7.2E-03
etot    3  N  Y  2  U    -656.03761566014 -4.4E-03  2.6E-04  1.9E-02
etot    4  Y  Y  6  M    -656.04344661566  5.8E-03  4.7E-05  2.5E-03
etot    5  N  Y  2  U    -656.04370405028  2.6E-04  7.7E-06  1.1E-04
etot    6  N  Y  2  U    -656.04370604145  2.0E-06  3.5E-06  5.5E-05
etot    7  N  N  2  U    -656.04370640285  3.6E-07  0.0E+00  0.0E+00
scf (DFT) done.
der1a (1-e 1st deriv.) done.
rwr (1st deriv. Q) done.
der1b (2-e 1st deriv.) done.
  Geometry optimization step  11
  Total energy:      -656.06414642120 hartrees
  energy change:          -3.5810E-04 .  (  5.0000E-05 )
  gradient maximum:        2.8816E-03 .  (  4.5000E-04 )
  gradient rms:            7.1248E-04 .  (  3.0000E-04 )
  displacement maximum:    1.5603E-01 .  (  1.8000E-03 )
  displacement rms:        1.9623E-02 .  (  1.2000E-03 )
  
  predicted energy change: -3.4102E-04
  step size:     0.19818
  trust radius:  0.30000
---------------- geometry iteration  11 complete ----------------
geopt (optimize geometry) done.
onee (1-electron integrals) done.
probe (project orbitals) done.
grid (grid generation) done.
rwr (Q operators) done.
  
       i  u  d  i  g
       t  p  i  c  r                                 RMS    maximum
       e  d  i  u  i                       energy  density   DIIS  
       r  t  s  t  d       total energy    change  change    error 
  
etot    1  N  N  2  U    -656.02913997297           5.6E-04  8.8E-03
etot    2  Y  Y  6  M    -656.04329547889  1.4E-02  1.1E-04  2.3E-03
etot    3  N  Y  2  U    -656.04313585688 -1.6E-04  9.0E-05  4.9E-03
etot    4  Y  Y  6  M    -656.04346425504  3.3E-04  3.3E-05  2.2E-03
etot    5  N  Y  2  U    -656.04359991832  1.4E-04  5.8E-06  8.8E-05
etot    6  N  Y  2  U    -656.04360145388  1.5E-06  2.0E-06  3.1E-05
etot    7  N  N  2  U    -656.04360155311  9.9E-08  0.0E+00  0.0E+00
scf (DFT) done.
der1a (1-e 1st deriv.) done.
rwr (1st deriv. Q) done.
der1b (2-e 1st deriv.) done.
  Geometry optimization step  12
  Total energy:      -656.06412209897 hartrees
  energy change:           2.4322E-05 *  (  5.0000E-05 )
  gradient maximum:        2.2185E-03 .  (  4.5000E-04 )
  gradient rms:            4.9200E-04 .  (  3.0000E-04 )
  displacement maximum:    4.3483E-02 .  (  1.8000E-03 )
  displacement rms:        9.6103E-03 .  (  1.2000E-03 )
  
  predicted energy change: -1.0471E-04
  step size:     0.09706
  trust radius:  0.30000
---------------- geometry iteration  12 complete ----------------
geopt (optimize geometry) done.
onee (1-electron integrals) done.
probe (project orbitals) done.
grid (grid generation) done.
rwr (Q operators) done.
  
       i  u  d  i  g
       t  p  i  c  r                                 RMS    maximum
       e  d  i  u  i                       energy  density   DIIS  
       r  t  s  t  d       total energy    change  change    error 
  
etot    1  N  N  2  U    -656.03903338840           3.0E-04  4.0E-03
etot    2  Y  Y  6  M    -656.04380172453  4.8E-03  4.6E-05  9.6E-04
etot    3  N  Y  2  U    -656.04378654325 -1.5E-05  3.3E-05  1.1E-03
etot    4  N  Y  2  U    -656.04380198904  1.5E-05  1.6E-05  1.2E-03
etot    5  N  Y  2  U    -656.04382778076  2.6E-05  3.2E-06  1.0E-04
etot    6  N  N  2  U    -656.04382825412  4.7E-07  0.0E+00  0.0E+00
scf (DFT) done.
der1a (1-e 1st deriv.) done.
rwr (1st deriv. Q) done.
der1b (2-e 1st deriv.) done.
  Geometry optimization step  13
  Total energy:      -656.06431381185 hartrees
  energy change:          -1.9171E-04 .  (  5.0000E-05 )
  gradient maximum:        5.8734E-04 .  (  4.5000E-04 )
  gradient rms:            1.2368E-04 *  (  3.0000E-04 )
  displacement maximum:    1.7231E-02 .  (  1.8000E-03 )
  displacement rms:        3.1111E-03 .  (  1.2000E-03 )
  
  predicted energy change: -6.9951E-06
  step size:     0.03142
  trust radius:  0.30000
---------------- geometry iteration  13 complete ----------------
geopt (optimize geometry) done.
onee (1-electron integrals) done.
probe (project orbitals) done.
grid (grid generation) done.
rwr (Q operators) done.
  
       i  u  d  i  g
       t  p  i  c  r                                 RMS    maximum
       e  d  i  u  i                       energy  density   DIIS  
       r  t  s  t  d       total energy    change  change    error 
  
etot    1  N  N  2  U    -656.04319307008           1.1E-04  2.2E-03
etot    2  Y  Y  6  M    -656.04380072842  6.1E-04  1.8E-05  5.5E-04
etot    3  N  Y  2  U    -656.04380881220  8.1E-06  1.2E-05  2.9E-04
etot    4  N  Y  2  U    -656.04381086100  2.0E-06  5.6E-06  3.9E-04
etot    5  N  Y  2  U    -656.04381399614  3.1E-06  9.9E-07  3.4E-05
etot    6  N  N  2  U    -656.04381404572  5.0E-08  0.0E+00  0.0E+00
scf (DFT) done.
der1a (1-e 1st deriv.) done.
rwr (1st deriv. Q) done.
der1b (2-e 1st deriv.) done.
  Geometry optimization step  14
  Total energy:      -656.06429696396 hartrees
  energy change:           1.6848E-05 *  (  5.0000E-05 )
  gradient maximum:        2.0568E-04 *  (  4.5000E-04 )
  gradient rms:            4.6159E-05 #  (  3.0000E-04 )
  displacement maximum:    1.7762E-02 .  (  1.8000E-03 )
  displacement rms:        3.1963E-03 .  (  1.2000E-03 )
  
  predicted energy change: -3.0455E-06
  step size:     0.03228
  trust radius:  0.30000
---------------- geometry iteration  14 complete ----------------
geopt (optimize geometry) done.
onee (1-electron integrals) done.
probe (project orbitals) done.
grid (grid generation) done.
rwr (Q operators) done.
  
       i  u  d  i  g
       t  p  i  c  r                                 RMS    maximum
       e  d  i  u  i                       energy  density   DIIS  
       r  t  s  t  d       total energy    change  change    error 
  
etot    1  N  N  2  U    -656.04319227014           1.1E-04  2.1E-03
etot    2  Y  Y  6  M    -656.04379034220  6.0E-04  1.8E-05  5.2E-04
etot    3  N  Y  2  U    -656.04379406434  3.7E-06  1.1E-05  3.1E-04
etot    4  N  Y  2  U    -656.04379561489  1.6E-06  5.5E-06  4.1E-04
etot    5  N  Y  2  U    -656.04379885202  3.2E-06  8.2E-07  1.8E-05
etot    6  N  N  2  U    -656.04379887664  2.5E-08  0.0E+00  0.0E+00
scf (DFT) done.
der1a (1-e 1st deriv.) done.
rwr (1st deriv. Q) done.
der1b (2-e 1st deriv.) done.
  Geometry optimization step  15
  Total energy:      -656.06428875913 hartrees
  energy change:           8.2048E-06 *  (  5.0000E-05 )
  gradient maximum:        1.1669E-04 *  (  4.5000E-04 )
  gradient rms:            2.9194E-05 #  (  3.0000E-04 )
  displacement maximum:    9.5284E-03 .  (  1.8000E-03 )
  displacement rms:        1.7474E-03 .  (  1.2000E-03 )
  
  predicted energy change: -8.1840E-07
  step size:     0.01765
  trust radius:  0.30000
---------------- geometry iteration  15 complete ----------------
geopt (optimize geometry) done.
onee (1-electron integrals) done.
probe (project orbitals) done.
grid (grid generation) done.
rwr (Q operators) done.
  
       i  u  d  i  g
       t  p  i  c  r                                 RMS    maximum
       e  d  i  u  i                       energy  density   DIIS  
       r  t  s  t  d       total energy    change  change    error 
  
etot    1  N  N  2  U    -656.04368939316           4.4E-05  7.4E-04
etot    2  N  Y  2  U    -656.04379392589  1.0E-04  6.8E-06  2.0E-04
etot    3  N  Y  2  U    -656.04379457250  6.5E-07  3.5E-06  9.9E-05
etot    4  N  N  2  U    -656.04379496795  4.0E-07  0.0E+00  0.0E+00
scf (DFT) done.
der1a (1-e 1st deriv.) done.
rwr (1st deriv. Q) done.
der1b (2-e 1st deriv.) done.
  Geometry optimization step  16
  Total energy:      -656.06428541269 hartrees
  energy change:           3.3464E-06 *  (  5.0000E-05 )
  gradient maximum:        7.7266E-05 #  (  4.5000E-04 )
  gradient rms:            2.0677E-05 #  (  3.0000E-04 )
  displacement maximum:    3.1589E-03 .  (  1.8000E-03 )
  displacement rms:        5.6078E-04 *  (  1.2000E-03 )
  
  predicted energy change: -1.5406E-07
  step size:     0.00566
  trust radius:  0.30000
------------- final geometry iteration  16 complete -------------
geopt (optimize geometry) done.
cutabab2 (abab integrals) done.
der2a (1-e JK-1st deriv.) done.
der2b (2-e JK-1st deriv.) done.
der2nda (1-e 2nd deriv.) done.
der2ndb (2-e 2nd deriv.) done.
rwr (Q operators) done.
cphfa (gradient of wave function) done.
freq (vib. frequencies) done.
Job J1_5884_2111 completed on hpc-89-16.cm.cluster at Wed May 29 02:05:57 2024
Timer (jaguar_backend.py) : 946.78 secs (0 hrs, 15 mins, 46 secs)
Finished:   Wed May 29 02:05:57 2024
