Command:  /groups/wag/programs/Schrodinger_2020_3/jaguar run -WAIT -PARALLEL 8 /central/home/labounad/wittig-ch121/out/J1_10208_2111/J1_10208_2111.in
Release:  2020-3
Exec:     /groups/wag/programs/Schrodinger_2020_3/jaguar-v10.9/bin/Linux-x86_64
Host:     hpc-90-17.cm.cluster
JobId:    hpc-90-17-1-6656e3e9
JobDir:   /central/scratch/labounad/J1_10208_2111#hpc-90-17-1-6656e3e9
Date:     Wed May 29 01:14:36 2024

Contents of /central/scratch/labounad/J1_10208_2111#hpc-90-17-1-6656e3e9:
/central/scratch/labounad/J1_10208_2111#hpc-90-17-1-6656e3e9/.write_dir.json
/central/scratch/labounad/J1_10208_2111#hpc-90-17-1-6656e3e9/J1_10208_2111.recover
/central/scratch/labounad/J1_10208_2111#hpc-90-17-1-6656e3e9/hpc-90-17-1-6656e3e9.mpinodes
/central/scratch/labounad/J1_10208_2111#hpc-90-17-1-6656e3e9/hpc-90-17-1-6656e3e9.recover
/central/scratch/labounad/J1_10208_2111#hpc-90-17-1-6656e3e9/hpc-90-17-1-6656e3e9.nodes
/central/scratch/labounad/J1_10208_2111#hpc-90-17-1-6656e3e9/hpc-90-17-1-6656e3e9
/central/scratch/labounad/J1_10208_2111#hpc-90-17-1-6656e3e9/J1_10208_2111.log
/central/scratch/labounad/J1_10208_2111#hpc-90-17-1-6656e3e9/J1_10208_2111.in

Executing subprocess:
/groups/wag/programs/Schrodinger_2020_3/jaguar-v10.9/bin/Linux-x86_64/jexec J1_10208_2111.in -T 8 -out /central/scratch/labounad/J1_10208_2111#hpc-90-17-1-6656e3e9 -cwd

Job J1_10208_2111 started on hpc-90-17.cm.cluster at Wed May 29 01:14:39 2024
jobid: hpc-90-17-1-6656e3e9 
Jaguar version 10.9, release 139
 Using up to   8 threads per process
Molecular Point Group: C1      
Point Group used: C1
pre (input checking) done.
onee (1-electron integrals) done.
hfig (HF initial guess) done.
probe (project orbitals) done.
grid (grid generation) done.
rwr (Q operators) done.
scf type: DFT=PBE(X+LC)+PW91 (PBE-D3)
  
       i  u  d  i  g
       t  p  i  c  r                                 RMS    maximum
       e  d  i  u  i                       energy  density   DIIS  
       r  t  s  t  d       total energy    change  change    error 
  
etot    1  N  N  5  M   -1646.43752512062           5.4E-03  1.1E-01
etot    2  Y  Y  6  M   -1643.95011419232 -2.5E+00  7.7E-03  1.6E-01
etot    3  Y  Y  6  M   -1639.87189161524 -4.1E+00  6.4E-03  2.1E-01
etot    4  N  Y  2  U   -1647.79241411353  7.9E+00  4.8E-03  6.4E-02
etot    5  Y  Y  6  M   -1644.02004385996 -3.8E+00  3.7E-03  8.7E-02
etot    6  N  Y  2  U   -1650.04162569267  6.0E+00  1.6E-03  3.0E-02
etot    7  Y  Y  6  M   -1650.20732225333  1.7E-01  8.7E-04  2.8E-02
etot    8  N  Y  2  U   -1650.29087776449  8.4E-02  4.9E-04  2.0E-02
etot    9  Y  Y  6  M   -1650.34993679522  5.9E-02  2.5E-04  9.4E-03
etot   10  N  Y  2  U   -1650.35359602512  3.7E-03  1.7E-04  6.2E-03
etot   11  Y  Y  6  M   -1650.35938561235  5.8E-03  6.7E-05  1.7E-03
etot   12  N  Y  2  U   -1650.35994669618  5.6E-04  3.2E-05  7.8E-04
etot   13  N  Y  2  U   -1650.36011286671  1.7E-04  1.8E-05  4.5E-04
etot   14  N  Y  2  U   -1650.36016229298  4.9E-05  9.9E-06  2.4E-04
etot   15  N  Y  2  U   -1650.36018192340  2.0E-05  6.7E-06  8.1E-05
etot   16  N  Y  2  U   -1650.36018430112  2.4E-06  2.3E-06  7.5E-05
etot   17  N  N  2  U   -1650.36018594017  1.6E-06  0.0E+00  0.0E+00
scf (DFT) done.
der1a (1-e 1st deriv.) done.
rwr (1st deriv. Q) done.
der1b (2-e 1st deriv.) done.
  Geometry optimization step   1
  Total energy:     -1650.41244228819 hartrees
  gradient maximum:        4.0094E-02 .  (  4.5000E-04 )
  gradient rms:            7.5851E-03 .  (  3.0000E-04 )
  displacement maximum:    1.1725E-01 .  (  1.8000E-03 )
  displacement rms:        2.0191E-02 .  (  1.2000E-03 )
  
  predicted energy change: -1.9422E-02
  step size:     0.30015
  trust radius:  0.30000
---------------- geometry iteration   1 complete ----------------
geopt (optimize geometry) done.
onee (1-electron integrals) done.
probe (project orbitals) done.
grid (grid generation) done.
rwr (Q operators) done.
  
       i  u  d  i  g
       t  p  i  c  r                                 RMS    maximum
       e  d  i  u  i                       energy  density   DIIS  
       r  t  s  t  d       total energy    change  change    error 
  
etot    1  N  N  2  U   -1650.36366572694           8.2E-04  1.4E-02
etot    2  Y  Y  6  M   -1650.37870506536  1.5E-02  1.2E-04  1.2E-03
etot    3  N  Y  2  U   -1650.37763892533 -1.1E-03  8.5E-05  2.0E-03
etot    4  Y  Y  6  M   -1650.37924799653  1.6E-03  2.3E-05  7.9E-04
etot    5  N  Y  2  U   -1650.37935566317  1.1E-04  7.7E-06  2.1E-04
etot    6  N  Y  2  U   -1650.37936530934  9.6E-06  2.8E-06  9.5E-05
etot    7  N  N  2  U   -1650.37936699514  1.7E-06  0.0E+00  0.0E+00
scf (DFT) done.
der1a (1-e 1st deriv.) done.
rwr (1st deriv. Q) done.
der1b (2-e 1st deriv.) done.
  Geometry optimization step   2
  Total energy:     -1650.43016549030 hartrees
  energy change:          -1.7723E-02 .  (  5.0000E-05 )
  gradient maximum:        1.5503E-02 .  (  4.5000E-04 )
  gradient rms:            1.9431E-03 .  (  3.0000E-04 )
  displacement maximum:    1.5064E-01 .  (  1.8000E-03 )
  displacement rms:        2.0204E-02 .  (  1.2000E-03 )
  
  predicted energy change: -3.0418E-03
  step size:     0.30036
  trust radius:  0.30000
---------------- geometry iteration   2 complete ----------------
geopt (optimize geometry) done.
onee (1-electron integrals) done.
probe (project orbitals) done.
grid (grid generation) done.
rwr (Q operators) done.
  
       i  u  d  i  g
       t  p  i  c  r                                 RMS    maximum
       e  d  i  u  i                       energy  density   DIIS  
       r  t  s  t  d       total energy    change  change    error 
  
etot    1  N  N  2  U   -1650.32247885694           5.4E-04  1.3E-02
etot    2  Y  Y  6  M   -1650.38090477611  5.8E-02  1.4E-04  1.8E-03
etot    3  N  Y  2  U   -1650.37751487766 -3.4E-03  1.1E-04  5.6E-03
etot    4  Y  Y  6  M   -1650.38112310460  3.6E-03  2.7E-05  1.2E-03
etot    5  N  Y  2  U   -1650.38130220433  1.8E-04  9.5E-06  3.6E-04
etot    6  N  Y  2  U   -1650.38132299879  2.1E-05  3.5E-06  9.8E-05
etot    7  N  N  2  U   -1650.38132493332  1.9E-06  0.0E+00  0.0E+00
scf (DFT) done.
der1a (1-e 1st deriv.) done.
rwr (1st deriv. Q) done.
der1b (2-e 1st deriv.) done.
  Geometry optimization step   3
  Total energy:     -1650.43198556109 hartrees
  energy change:          -1.8201E-03 .  (  5.0000E-05 )
  gradient maximum:        1.1459E-02 .  (  4.5000E-04 )
  gradient rms:            2.0498E-03 .  (  3.0000E-04 )
  displacement maximum:    1.5369E-01 .  (  1.8000E-03 )
  displacement rms:        2.0228E-02 .  (  1.2000E-03 )
  
  predicted energy change: -2.6275E-03
  step size:     0.30071
  trust radius:  0.30000
---------------- geometry iteration   3 complete ----------------
geopt (optimize geometry) done.
onee (1-electron integrals) done.
probe (project orbitals) done.
grid (grid generation) done.
rwr (Q operators) done.
  
       i  u  d  i  g
       t  p  i  c  r                                 RMS    maximum
       e  d  i  u  i                       energy  density   DIIS  
       r  t  s  t  d       total energy    change  change    error 
  
etot    1  N  N  2  U   -1650.33307003089           4.7E-04  1.1E-02
etot    2  Y  Y  6  M   -1650.38215419196  4.9E-02  7.9E-05  9.6E-04
etot    3  N  Y  2  U   -1650.38125268169 -9.0E-04  6.3E-05  1.8E-03
etot    4  Y  Y  6  M   -1650.38210517942  8.5E-04  1.8E-05  6.7E-04
etot    5  N  Y  2  U   -1650.38217928428  7.4E-05  6.1E-06  3.4E-04
etot    6  N  Y  2  U   -1650.38218687056  7.6E-06  2.8E-06  9.2E-05
etot    7  N  N  2  U   -1650.38218758013  7.1E-07  0.0E+00  0.0E+00
scf (DFT) done.
der1a (1-e 1st deriv.) done.
rwr (1st deriv. Q) done.
der1b (2-e 1st deriv.) done.
  Geometry optimization step   4
  Total energy:     -1650.43306380059 hartrees
  energy change:          -1.0782E-03 .  (  5.0000E-05 )
  gradient maximum:        8.1984E-03 .  (  4.5000E-04 )
  gradient rms:            1.5926E-03 .  (  3.0000E-04 )
  displacement maximum:    1.4176E-01 .  (  1.8000E-03 )
  displacement rms:        1.8917E-02 .  (  1.2000E-03 )
  
  predicted energy change: -8.7329E-04
  step size:     0.28122
  trust radius:  0.30000
---------------- geometry iteration   4 complete ----------------
geopt (optimize geometry) done.
onee (1-electron integrals) done.
probe (project orbitals) done.
grid (grid generation) done.
rwr (Q operators) done.
  
       i  u  d  i  g
       t  p  i  c  r                                 RMS    maximum
       e  d  i  u  i                       energy  density   DIIS  
       r  t  s  t  d       total energy    change  change    error 
  
etot    1  N  N  2  U   -1650.34471588026           7.0E-04  1.4E-02
etot    2  Y  Y  6  M   -1650.38351888283  3.9E-02  6.0E-05  9.0E-04
etot    3  N  Y  2  U   -1650.38300889198 -5.1E-04  4.9E-05  1.5E-03
etot    4  N  Y  2  U   -1650.38343799286  4.3E-04  1.6E-05  8.4E-04
etot    5  N  Y  2  U   -1650.38349407429  5.6E-05  5.4E-06  3.1E-04
etot    6  N  Y  2  U   -1650.38350192708  7.9E-06  2.2E-06  5.0E-05
etot    7  N  N  2  U   -1650.38350223982  3.1E-07  0.0E+00  0.0E+00
scf (DFT) done.
der1a (1-e 1st deriv.) done.
rwr (1st deriv. Q) done.
der1b (2-e 1st deriv.) done.
  Geometry optimization step   5
  Total energy:     -1650.43413175631 hartrees
  energy change:          -1.0680E-03 .  (  5.0000E-05 )
  gradient maximum:        2.9412E-03 .  (  4.5000E-04 )
  gradient rms:            6.2711E-04 .  (  3.0000E-04 )
  displacement maximum:    1.1286E-01 .  (  1.8000E-03 )
  displacement rms:        2.0179E-02 .  (  1.2000E-03 )
  
  predicted energy change: -8.1927E-04
  step size:     0.29999
  trust radius:  0.30000
---------------- geometry iteration   5 complete ----------------
geopt (optimize geometry) done.
onee (1-electron integrals) done.
probe (project orbitals) done.
grid (grid generation) done.
rwr (Q operators) done.
  
       i  u  d  i  g
       t  p  i  c  r                                 RMS    maximum
       e  d  i  u  i                       energy  density   DIIS  
       r  t  s  t  d       total energy    change  change    error 
  
etot    1  N  N  2  U   -1650.33214963794           4.9E-04  1.1E-02
etot    2  Y  Y  6  M   -1650.38401473695  5.2E-02  7.0E-05  1.0E-03
etot    3  N  Y  2  U   -1650.38344554165 -5.7E-04  5.8E-05  2.0E-03
etot    4  Y  Y  6  M   -1650.38384530626  4.0E-04  2.1E-05  1.2E-03
etot    5  N  Y  2  U   -1650.38400731071  1.6E-04  6.0E-06  3.0E-04
etot    6  N  Y  2  U   -1650.38401627985  9.0E-06  2.7E-06  8.0E-05
etot    7  N  N  2  U   -1650.38401673157  4.5E-07  0.0E+00  0.0E+00
scf (DFT) done.
der1a (1-e 1st deriv.) done.
rwr (1st deriv. Q) done.
der1b (2-e 1st deriv.) done.
  Geometry optimization step   6
  Total energy:     -1650.43466371408 hartrees
  energy change:          -5.3196E-04 .  (  5.0000E-05 )
  gradient maximum:        4.9765E-03 .  (  4.5000E-04 )
  gradient rms:            9.1939E-04 .  (  3.0000E-04 )
  displacement maximum:    1.3576E-01 .  (  1.8000E-03 )
  displacement rms:        2.0178E-02 .  (  1.2000E-03 )
  
  predicted energy change: -7.8034E-04
  step size:     0.29997
  trust radius:  0.30000
---------------- geometry iteration   6 complete ----------------
geopt (optimize geometry) done.
onee (1-electron integrals) done.
probe (project orbitals) done.
grid (grid generation) done.
rwr (Q operators) done.
  
       i  u  d  i  g
       t  p  i  c  r                                 RMS    maximum
       e  d  i  u  i                       energy  density   DIIS  
       r  t  s  t  d       total energy    change  change    error 
  
etot    1  N  N  2  U   -1650.34053922312           8.5E-04  1.3E-02
etot    2  Y  Y  6  M   -1650.38427250481  4.4E-02  7.4E-05  9.8E-04
etot    3  N  Y  2  U   -1650.38368050308 -5.9E-04  6.0E-05  1.9E-03
etot    4  Y  Y  6  M   -1650.38423997294  5.6E-04  1.9E-05  8.7E-04
etot    5  N  Y  2  U   -1650.38437662627  1.4E-04  6.3E-06  3.9E-04
etot    6  N  Y  2  U   -1650.38438771090  1.1E-05  2.5E-06  6.4E-05
etot    7  N  N  2  U   -1650.38438822957  5.2E-07  0.0E+00  0.0E+00
scf (DFT) done.
der1a (1-e 1st deriv.) done.
rwr (1st deriv. Q) done.
der1b (2-e 1st deriv.) done.
  Geometry optimization step   7
  Total energy:     -1650.43509182441 hartrees
  energy change:          -4.2811E-04 .  (  5.0000E-05 )
  gradient maximum:        8.0609E-03 .  (  4.5000E-04 )
  gradient rms:            1.2495E-03 .  (  3.0000E-04 )
  displacement maximum:    1.5498E-01 .  (  1.8000E-03 )
  displacement rms:        2.0178E-02 .  (  1.2000E-03 )
  
  predicted energy change: -9.2610E-04
  step size:     0.29997
  trust radius:  0.30000
---------------- geometry iteration   7 complete ----------------
geopt (optimize geometry) done.
onee (1-electron integrals) done.
probe (project orbitals) done.
grid (grid generation) done.
rwr (Q operators) done.
  
       i  u  d  i  g
       t  p  i  c  r                                 RMS    maximum
       e  d  i  u  i                       energy  density   DIIS  
       r  t  s  t  d       total energy    change  change    error 
  
etot    1  N  N  2  U   -1650.34023284944           4.7E-04  1.4E-02
etot    2  Y  Y  6  M   -1650.38515703294  4.5E-02  6.7E-05  9.7E-04
etot    3  N  Y  2  U   -1650.38460555028 -5.5E-04  5.6E-05  1.3E-03
etot    4  Y  Y  6  M   -1650.38507459512  4.7E-04  2.1E-05  8.2E-04
etot    5  N  Y  2  U   -1650.38520238349  1.3E-04  5.5E-06  2.6E-04
etot    6  N  Y  2  U   -1650.38521078347  8.4E-06  2.5E-06  4.7E-05
etot    7  N  N  2  U   -1650.38521116288  3.8E-07  0.0E+00  0.0E+00
scf (DFT) done.
der1a (1-e 1st deriv.) done.
rwr (1st deriv. Q) done.
der1b (2-e 1st deriv.) done.
  Geometry optimization step   8
  Total energy:     -1650.43590790493 hartrees
  energy change:          -8.1608E-04 .  (  5.0000E-05 )
  gradient maximum:        4.2384E-03 .  (  4.5000E-04 )
  gradient rms:            8.4594E-04 .  (  3.0000E-04 )
  displacement maximum:    1.4271E-01 .  (  1.8000E-03 )
  displacement rms:        2.0179E-02 .  (  1.2000E-03 )
  
  predicted energy change: -6.2585E-04
  step size:     0.29998
  trust radius:  0.30000
---------------- geometry iteration   8 complete ----------------
geopt (optimize geometry) done.
onee (1-electron integrals) done.
probe (project orbitals) done.
grid (grid generation) done.
rwr (Q operators) done.
  
       i  u  d  i  g
       t  p  i  c  r                                 RMS    maximum
       e  d  i  u  i                       energy  density   DIIS  
       r  t  s  t  d       total energy    change  change    error 
  
etot    1  N  N  2  U   -1650.34065313869           4.5E-04  1.7E-02
etot    2  Y  Y  6  M   -1650.38593271181  4.5E-02  6.6E-05  9.1E-04
etot    3  N  Y  2  U   -1650.38543449916 -5.0E-04  5.3E-05  1.4E-03
etot    4  Y  Y  6  M   -1650.38582758798  3.9E-04  2.0E-05  9.7E-04
etot    5  N  Y  2  U   -1650.38594180826  1.1E-04  5.9E-06  3.0E-04
etot    6  N  Y  2  U   -1650.38595114832  9.3E-06  2.7E-06  5.9E-05
etot    7  N  N  2  U   -1650.38595157384  4.3E-07  0.0E+00  0.0E+00
scf (DFT) done.
der1a (1-e 1st deriv.) done.
rwr (1st deriv. Q) done.
der1b (2-e 1st deriv.) done.
  Geometry optimization step   9
  Total energy:     -1650.43640769172 hartrees
  energy change:          -4.9979E-04 .  (  5.0000E-05 )
  gradient maximum:        4.7492E-03 .  (  4.5000E-04 )
  gradient rms:            7.7787E-04 .  (  3.0000E-04 )
  displacement maximum:    7.2114E-02 .  (  1.8000E-03 )
  displacement rms:        1.4394E-02 .  (  1.2000E-03 )
  
  predicted energy change: -3.9550E-04
  step size:     0.21398
  trust radius:  0.30000
---------------- geometry iteration   9 complete ----------------
geopt (optimize geometry) done.
onee (1-electron integrals) done.
probe (project orbitals) done.
grid (grid generation) done.
rwr (Q operators) done.
  
       i  u  d  i  g
       t  p  i  c  r                                 RMS    maximum
       e  d  i  u  i                       energy  density   DIIS  
       r  t  s  t  d       total energy    change  change    error 
  
etot    1  N  N  2  U   -1650.36712733373           3.0E-04  7.0E-03
etot    2  Y  Y  6  M   -1650.38626790023  1.9E-02  5.0E-05  5.9E-04
etot    3  N  Y  2  U   -1650.38602865457 -2.4E-04  3.9E-05  9.0E-04
etot    4  N  Y  2  U   -1650.38630338056  2.7E-04  1.3E-05  4.6E-04
etot    5  N  Y  2  U   -1650.38633633117  3.3E-05  4.0E-06  1.9E-04
etot    6  N  N  2  U   -1650.38634097660  4.6E-06  0.0E+00  0.0E+00
scf (DFT) done.
der1a (1-e 1st deriv.) done.
rwr (1st deriv. Q) done.
der1b (2-e 1st deriv.) done.
  Geometry optimization step  10
  Total energy:     -1650.43646935301 hartrees
  energy change:          -6.1661E-05 .  (  5.0000E-05 )
  gradient maximum:        1.0864E-02 .  (  4.5000E-04 )
  gradient rms:            1.2977E-03 .  (  3.0000E-04 )
  displacement maximum:    1.5047E-01 .  (  1.8000E-03 )
  displacement rms:        2.0188E-02 .  (  1.2000E-03 )
  
  predicted energy change: -4.9220E-04
  step size:     0.30011
  trust radius:  0.30000
---------------- geometry iteration  10 complete ----------------
geopt (optimize geometry) done.
onee (1-electron integrals) done.
probe (project orbitals) done.
grid (grid generation) done.
rwr (Q operators) done.
  
       i  u  d  i  g
       t  p  i  c  r                                 RMS    maximum
       e  d  i  u  i                       energy  density   DIIS  
       r  t  s  t  d       total energy    change  change    error 
  
etot    1  N  N  2  U   -1650.34255671379           4.6E-04  1.4E-02
etot    2  Y  Y  6  M   -1650.38638058323  4.4E-02  9.0E-05  9.1E-04
etot    3  N  Y  2  U   -1650.38526125756 -1.1E-03  7.1E-05  2.6E-03
etot    4  Y  Y  6  M   -1650.38634846015  1.1E-03  1.9E-05  9.4E-04
etot    5  N  Y  2  U   -1650.38646407721  1.2E-04  7.4E-06  3.1E-04
etot    6  N  Y  2  U   -1650.38647927968  1.5E-05  2.7E-06  6.3E-05
etot    7  N  N  2  U   -1650.38648017756  9.0E-07  0.0E+00  0.0E+00
scf (DFT) done.
der1a (1-e 1st deriv.) done.
rwr (1st deriv. Q) done.
der1b (2-e 1st deriv.) done.
  Geometry optimization step  11
  Total energy:     -1650.43655845171 hartrees
  energy change:          -8.9099E-05 .  (  5.0000E-05 )
  gradient maximum:        5.0451E-03 .  (  4.5000E-04 )
  gradient rms:            1.0249E-03 .  (  3.0000E-04 )
  displacement maximum:    1.1043E-01 .  (  1.8000E-03 )
  displacement rms:        1.4657E-02 .  (  1.2000E-03 )
  
  predicted energy change: -5.3664E-04
  step size:     0.21789
  trust radius:  0.30000
---------------- geometry iteration  11 complete ----------------
geopt (optimize geometry) done.
onee (1-electron integrals) done.
probe (project orbitals) done.
grid (grid generation) done.
rwr (Q operators) done.
  
       i  u  d  i  g
       t  p  i  c  r                                 RMS    maximum
       e  d  i  u  i                       energy  density   DIIS  
       r  t  s  t  d       total energy    change  change    error 
  
etot    1  N  N  2  U   -1650.36546494355           3.3E-04  1.0E-02
etot    2  Y  Y  6  M   -1650.38666943931  2.1E-02  4.6E-05  7.4E-04
etot    3  N  Y  2  U   -1650.38645102478 -2.2E-04  3.6E-05  1.2E-03
etot    4  N  Y  2  U   -1650.38665961326  2.1E-04  1.2E-05  6.5E-04
etot    5  N  Y  2  U   -1650.38670079179  4.1E-05  3.6E-06  1.3E-04
etot    6  N  N  2  U   -1650.38670360438  2.8E-06  0.0E+00  0.0E+00
scf (DFT) done.
der1a (1-e 1st deriv.) done.
rwr (1st deriv. Q) done.
der1b (2-e 1st deriv.) done.
  Geometry optimization step  12
  Total energy:     -1650.43679336842 hartrees
  energy change:          -2.3492E-04 .  (  5.0000E-05 )
  gradient maximum:        5.0611E-03 .  (  4.5000E-04 )
  gradient rms:            7.2801E-04 .  (  3.0000E-04 )
  displacement maximum:    4.5988E-02 .  (  1.8000E-03 )
  displacement rms:        8.5641E-03 .  (  1.2000E-03 )
  
  predicted energy change: -2.3096E-04
  step size:     0.12731
  trust radius:  0.30000
---------------- geometry iteration  12 complete ----------------
geopt (optimize geometry) done.
onee (1-electron integrals) done.
probe (project orbitals) done.
grid (grid generation) done.
rwr (Q operators) done.
  
       i  u  d  i  g
       t  p  i  c  r                                 RMS    maximum
       e  d  i  u  i                       energy  density   DIIS  
       r  t  s  t  d       total energy    change  change    error 
  
etot    1  N  N  2  U   -1650.38172027304           1.8E-04  4.1E-03
etot    2  Y  Y  6  M   -1650.38694750125  5.2E-03  3.0E-05  3.3E-04
etot    3  N  Y  2  U   -1650.38687836567 -6.9E-05  2.3E-05  7.7E-04
etot    4  N  Y  2  U   -1650.38699541797  1.2E-04  6.6E-06  2.1E-04
etot    5  N  Y  2  U   -1650.38700429985  8.9E-06  2.3E-06  9.6E-05
etot    6  N  N  2  U   -1650.38700554824  1.2E-06  0.0E+00  0.0E+00
scf (DFT) done.
der1a (1-e 1st deriv.) done.
rwr (1st deriv. Q) done.
der1b (2-e 1st deriv.) done.
  Geometry optimization step  13
  Total energy:     -1650.43697929838 hartrees
  energy change:          -1.8593E-04 .  (  5.0000E-05 )
  gradient maximum:        2.0775E-03 .  (  4.5000E-04 )
  gradient rms:            3.3141E-04 .  (  3.0000E-04 )
  displacement maximum:    3.9271E-02 .  (  1.8000E-03 )
  displacement rms:        7.3551E-03 .  (  1.2000E-03 )
  
  predicted energy change: -6.9942E-05
  step size:     0.10934
  trust radius:  0.30000
---------------- geometry iteration  13 complete ----------------
geopt (optimize geometry) done.
onee (1-electron integrals) done.
probe (project orbitals) done.
grid (grid generation) done.
rwr (Q operators) done.
  
       i  u  d  i  g
       t  p  i  c  r                                 RMS    maximum
       e  d  i  u  i                       energy  density   DIIS  
       r  t  s  t  d       total energy    change  change    error 
  
etot    1  N  N  2  U   -1650.38326623000           1.5E-04  3.1E-03
etot    2  Y  Y  6  M   -1650.38711356819  3.8E-03  3.0E-05  3.5E-04
etot    3  N  Y  2  U   -1650.38702541631 -8.8E-05  2.1E-05  6.0E-04
etot    4  N  Y  2  U   -1650.38714178264  1.2E-04  5.0E-06  1.6E-04
etot    5  N  Y  2  U   -1650.38714646850  4.7E-06  2.0E-06  8.6E-05
etot    6  N  N  2  U   -1650.38714752681  1.1E-06  0.0E+00  0.0E+00
scf (DFT) done.
der1a (1-e 1st deriv.) done.
rwr (1st deriv. Q) done.
der1b (2-e 1st deriv.) done.
  Geometry optimization step  14
  Total energy:     -1650.43708492317 hartrees
  energy change:          -1.0562E-04 .  (  5.0000E-05 )
  gradient maximum:        1.4322E-03 .  (  4.5000E-04 )
  gradient rms:            2.2076E-04 *  (  3.0000E-04 )
  displacement maximum:    1.0390E-01 .  (  1.8000E-03 )
  displacement rms:        2.0223E-02 .  (  1.2000E-03 )
  
  predicted energy change: -1.6236E-04
  step size:     0.30064
  trust radius:  0.30000
---------------- geometry iteration  14 complete ----------------
geopt (optimize geometry) done.
onee (1-electron integrals) done.
probe (project orbitals) done.
grid (grid generation) done.
rwr (Q operators) done.
  
       i  u  d  i  g
       t  p  i  c  r                                 RMS    maximum
       e  d  i  u  i                       energy  density   DIIS  
       r  t  s  t  d       total energy    change  change    error 
  
etot    1  N  N  2  U   -1650.36008892552           3.9E-04  8.6E-03
etot    2  Y  Y  6  M   -1650.38660451148  2.7E-02  8.5E-05  8.6E-04
etot    3  N  Y  2  U   -1650.38581564463 -7.9E-04  6.1E-05  1.6E-03
etot    4  Y  Y  6  M   -1650.38670704660  8.9E-04  1.5E-05  4.8E-04
etot    5  N  Y  2  U   -1650.38677021624  6.3E-05  5.8E-06  2.5E-04
etot    6  N  Y  2  U   -1650.38677831260  8.1E-06  2.4E-06  6.8E-05
etot    7  N  N  2  U   -1650.38677898271  6.7E-07  0.0E+00  0.0E+00
scf (DFT) done.
der1a (1-e 1st deriv.) done.
rwr (1st deriv. Q) done.
der1b (2-e 1st deriv.) done.
  Geometry optimization step  15
  Total energy:     -1650.43657190090 hartrees
  energy change:           5.1302E-04 .  (  5.0000E-05 )
  gradient maximum:        2.7280E-03 .  (  4.5000E-04 )
  gradient rms:            3.8943E-04 .  (  3.0000E-04 )
  displacement maximum:    5.5445E-02 .  (  1.8000E-03 )
  displacement rms:        1.1093E-02 .  (  1.2000E-03 )
  
  predicted energy change: -1.5333E-04
  step size:     0.16490
  trust radius:  0.30000
---------------- geometry iteration  15 complete ----------------
geopt (optimize geometry) done.
onee (1-electron integrals) done.
probe (project orbitals) done.
grid (grid generation) done.
rwr (Q operators) done.
  
       i  u  d  i  g
       t  p  i  c  r                                 RMS    maximum
       e  d  i  u  i                       energy  density   DIIS  
       r  t  s  t  d       total energy    change  change    error 
  
etot    1  N  N  2  U   -1650.37604350404           2.3E-04  5.6E-03
etot    2  Y  Y  6  M   -1650.38666956943  1.1E-02  6.2E-05  8.6E-04
etot    3  N  Y  2  U   -1650.38619134781 -4.8E-04  4.5E-05  1.5E-03
etot    4  N  Y  2  U   -1650.38668753021  5.0E-04  8.8E-06  2.6E-04
etot    5  N  Y  2  U   -1650.38669722966  9.7E-06  3.5E-06  1.4E-04
etot    6  N  N  2  U   -1650.38670045994  3.2E-06  0.0E+00  0.0E+00
scf (DFT) done.
der1a (1-e 1st deriv.) done.
rwr (1st deriv. Q) done.
der1b (2-e 1st deriv.) done.
  Geometry optimization step  16
  Total energy:     -1650.43661194249 hartrees
  energy change:          -4.0042E-05 *  (  5.0000E-05 )
  gradient maximum:        8.7771E-04 .  (  4.5000E-04 )
  gradient rms:            2.0694E-04 *  (  3.0000E-04 )
  displacement maximum:    1.9458E-02 .  (  1.8000E-03 )
  displacement rms:        2.5099E-03 .  (  1.2000E-03 )
  
  predicted energy change: -1.9658E-05
  step size:     0.03731
  trust radius:  0.30000
---------------- geometry iteration  16 complete ----------------
geopt (optimize geometry) done.
onee (1-electron integrals) done.
probe (project orbitals) done.
grid (grid generation) done.
rwr (Q operators) done.
  
       i  u  d  i  g
       t  p  i  c  r                                 RMS    maximum
       e  d  i  u  i                       energy  density   DIIS  
       r  t  s  t  d       total energy    change  change    error 
  
etot    1  N  N  2  U   -1650.38618791394           5.8E-05  1.4E-03
etot    2  Y  Y  6  M   -1650.38676960266  5.8E-04  1.4E-05  1.6E-04
etot    3  N  Y  2  U   -1650.38673834038 -3.1E-05  1.1E-05  3.7E-04
etot    4  N  Y  2  U   -1650.38676817144  3.0E-05  2.6E-06  8.3E-05
etot    5  N  N  2  U   -1650.38676900319  8.3E-07  0.0E+00  0.0E+00
scf (DFT) done.
der1a (1-e 1st deriv.) done.
rwr (1st deriv. Q) done.
der1b (2-e 1st deriv.) done.
  Geometry optimization step  17
  Total energy:     -1650.43667557471 hartrees
  energy change:          -6.3632E-05 .  (  5.0000E-05 )
  gradient maximum:        5.1680E-04 .  (  4.5000E-04 )
  gradient rms:            9.1395E-05 *  (  3.0000E-04 )
  displacement maximum:    2.4675E-02 .  (  1.8000E-03 )
  displacement rms:        3.7272E-03 .  (  1.2000E-03 )
  
  predicted energy change: -9.7399E-06
  step size:     0.05541
  trust radius:  0.30000
---------------- geometry iteration  17 complete ----------------
geopt (optimize geometry) done.
onee (1-electron integrals) done.
probe (project orbitals) done.
grid (grid generation) done.
rwr (Q operators) done.
  
       i  u  d  i  g
       t  p  i  c  r                                 RMS    maximum
       e  d  i  u  i                       energy  density   DIIS  
       r  t  s  t  d       total energy    change  change    error 
  
etot    1  N  N  2  U   -1650.38560486996           8.3E-05  2.2E-03
etot    2  Y  Y  6  M   -1650.38681518936  1.2E-03  1.5E-05  2.3E-04
etot    3  N  Y  2  U   -1650.38677931533 -3.6E-05  1.2E-05  4.3E-04
etot    4  N  Y  2  U   -1650.38681519482  3.6E-05  3.4E-06  1.2E-04
etot    5  N  N  2  U   -1650.38681775248  2.6E-06  0.0E+00  0.0E+00
scf (DFT) done.
der1a (1-e 1st deriv.) done.
rwr (1st deriv. Q) done.
der1b (2-e 1st deriv.) done.
  Geometry optimization step  18
  Total energy:     -1650.43671408987 hartrees
  energy change:          -3.8515E-05 *  (  5.0000E-05 )
  gradient maximum:        1.1504E-03 .  (  4.5000E-04 )
  gradient rms:            1.2683E-04 *  (  3.0000E-04 )
  displacement maximum:    1.2972E-01 .  (  1.8000E-03 )
  displacement rms:        2.0180E-02 .  (  1.2000E-03 )
  
  predicted energy change: -6.4583E-05
  step size:     0.29999
  trust radius:  0.30000
---------------- geometry iteration  18 complete ----------------
geopt (optimize geometry) done.
onee (1-electron integrals) done.
probe (project orbitals) done.
grid (grid generation) done.
rwr (Q operators) done.
  
       i  u  d  i  g
       t  p  i  c  r                                 RMS    maximum
       e  d  i  u  i                       energy  density   DIIS  
       r  t  s  t  d       total energy    change  change    error 
  
etot    1  N  N  2  U   -1650.34902578102           4.5E-04  1.2E-02
etot    2  Y  Y  6  M   -1650.38692015925  3.8E-02  5.7E-05  1.3E-03
etot    3  N  Y  2  U   -1650.38657559409 -3.4E-04  4.6E-05  1.3E-03
etot    4  N  Y  2  U   -1650.38683444805  2.6E-04  1.8E-05  8.5E-04
etot    5  N  Y  2  U   -1650.38692920158  9.5E-05  5.4E-06  2.1E-04
etot    6  N  Y  2  U   -1650.38693584471  6.6E-06  2.3E-06  5.9E-05
etot    7  N  N  2  U   -1650.38693625356  4.1E-07  0.0E+00  0.0E+00
scf (DFT) done.
der1a (1-e 1st deriv.) done.
rwr (1st deriv. Q) done.
der1b (2-e 1st deriv.) done.
  Geometry optimization step  19
  Total energy:     -1650.43678101327 hartrees
  ** restarting optimization from step   14 **
  energy change:          -6.6923E-05 .  (  5.0000E-05 )
  gradient maximum:        1.4322E-03 .  (  4.5000E-04 )
  gradient rms:            2.2076E-04 *  (  3.0000E-04 )
  displacement maximum:    5.5014E-02 .  (  1.8000E-03 )
  displacement rms:        1.0093E-02 .  (  1.2000E-03 )
  
  predicted energy change: -1.2260E-04
  step size:     0.15005
  trust radius:  0.15000
---------------- geometry iteration  19 complete ----------------
geopt (optimize geometry) done.
onee (1-electron integrals) done.
probe (project orbitals) done.
grid (grid generation) done.
rwr (Q operators) done.
  
       i  u  d  i  g
       t  p  i  c  r                                 RMS    maximum
       e  d  i  u  i                       energy  density   DIIS  
       r  t  s  t  d       total energy    change  change    error 
  
etot    1  N  N  2  U   -1650.33087210490           5.5E-04  1.5E-02
etot    2  Y  Y  6  M   -1650.38654840326  5.6E-02  1.1E-04  1.5E-03
etot    3  N  Y  2  U   -1650.38536469710 -1.2E-03  8.2E-05  3.0E-03
etot    4  Y  Y  6  M   -1650.38672537116  1.4E-03  1.9E-05  7.3E-04
etot    5  N  Y  2  U   -1650.38672966511  4.3E-06  6.6E-06  2.4E-04
etot    6  N  Y  2  U   -1650.38673924656  9.6E-06  2.9E-06  6.7E-05
etot    7  N  N  2  U   -1650.38673994494  7.0E-07  0.0E+00  0.0E+00
scf (DFT) done.
der1a (1-e 1st deriv.) done.
rwr (1st deriv. Q) done.
der1b (2-e 1st deriv.) done.
  Geometry optimization step  20
  Total energy:     -1650.43668105942 hartrees
  ** restarting optimization from step   14 **
  energy change:           4.0386E-04 .  (  5.0000E-05 )
  gradient maximum:        1.4322E-03 .  (  4.5000E-04 )
  gradient rms:            2.2076E-04 *  (  3.0000E-04 )
  displacement maximum:    2.4750E-02 .  (  1.8000E-03 )
  displacement rms:        5.0546E-03 .  (  1.2000E-03 )
  
  predicted energy change: -7.8083E-05
  step size:     0.07514
  trust radius:  0.07500
---------------- geometry iteration  20 complete ----------------
geopt (optimize geometry) done.
onee (1-electron integrals) done.
probe (project orbitals) done.
grid (grid generation) done.
rwr (Q operators) done.
  
       i  u  d  i  g
       t  p  i  c  r                                 RMS    maximum
       e  d  i  u  i                       energy  density   DIIS  
       r  t  s  t  d       total energy    change  change    error 
  
etot    1  N  N  2  U   -1650.38419213286           7.9E-04  1.8E-02
etot    2  Y  Y  6  M   -1650.38716570258  3.0E-03  1.9E-05  3.2E-04
etot    3  N  Y  2  U   -1650.38716991667  4.2E-06  1.5E-05  4.2E-04
etot    4  N  Y  2  U   -1650.38720325037  3.3E-05  5.0E-06  1.7E-04
etot    5  N  Y  2  U   -1650.38720927926  6.0E-06  1.7E-06  6.4E-05
etot    6  N  N  2  U   -1650.38720986678  5.9E-07  0.0E+00  0.0E+00
scf (DFT) done.
der1a (1-e 1st deriv.) done.
rwr (1st deriv. Q) done.
der1b (2-e 1st deriv.) done.
  Geometry optimization step  21
  Total energy:     -1650.43713481074 hartrees
  energy change:          -4.9888E-05 *  (  5.0000E-05 )
  gradient maximum:        8.6465E-04 .  (  4.5000E-04 )
  gradient rms:            1.2784E-04 *  (  3.0000E-04 )
  displacement maximum:    5.7978E-02 .  (  1.8000E-03 )
  displacement rms:        1.0151E-02 .  (  1.2000E-03 )
  
  predicted energy change: -7.9932E-05
  step size:     0.15091
  trust radius:  0.15000
---------------- geometry iteration  21 complete ----------------
geopt (optimize geometry) done.
onee (1-electron integrals) done.
probe (project orbitals) done.
grid (grid generation) done.
rwr (Q operators) done.
  
       i  u  d  i  g
       t  p  i  c  r                                 RMS    maximum
       e  d  i  u  i                       energy  density   DIIS  
       r  t  s  t  d       total energy    change  change    error 
  
etot    1  N  N  2  U   -1650.37912610717           2.1E-04  4.1E-03
etot    2  Y  Y  6  M   -1650.38679826571  7.7E-03  3.4E-05  5.0E-04
etot    3  N  Y  2  U   -1650.38668813977 -1.1E-04  2.5E-05  6.5E-04
etot    4  N  Y  2  U   -1650.38681018429  1.2E-04  7.3E-06  2.9E-04
etot    5  N  Y  2  U   -1650.38682216205  1.2E-05  2.7E-06  9.5E-05
etot    6  N  N  2  U   -1650.38682389385  1.7E-06  0.0E+00  0.0E+00
scf (DFT) done.
der1a (1-e 1st deriv.) done.
rwr (1st deriv. Q) done.
der1b (2-e 1st deriv.) done.
  Geometry optimization step  22
  Total energy:     -1650.43671692071 hartrees
  energy change:           4.1789E-04 .  (  5.0000E-05 )
  gradient maximum:        9.8765E-04 .  (  4.5000E-04 )
  gradient rms:            1.3516E-04 *  (  3.0000E-04 )
  displacement maximum:    3.2323E-02 .  (  1.8000E-03 )
  displacement rms:        5.1019E-03 .  (  1.2000E-03 )
  
  predicted energy change: -2.4994E-05
  step size:     0.07585
  trust radius:  0.07500
---------------- geometry iteration  22 complete ----------------
geopt (optimize geometry) done.
onee (1-electron integrals) done.
probe (project orbitals) done.
grid (grid generation) done.
rwr (Q operators) done.
  
       i  u  d  i  g
       t  p  i  c  r                                 RMS    maximum
       e  d  i  u  i                       energy  density   DIIS  
       r  t  s  t  d       total energy    change  change    error 
  
etot    1  N  N  2  U   -1650.38405077465           1.2E-04  3.5E-03
etot    2  Y  Y  6  M   -1650.38682362335  2.8E-03  1.9E-05  3.4E-04
etot    3  N  Y  2  U   -1650.38677416337 -4.9E-05  1.6E-05  5.0E-04
etot    4  N  Y  2  U   -1650.38682908246  5.5E-05  5.1E-06  2.0E-04
etot    5  N  Y  2  U   -1650.38683456796  5.5E-06  1.7E-06  6.9E-05
etot    6  N  N  2  U   -1650.38683537887  8.1E-07  0.0E+00  0.0E+00
scf (DFT) done.
der1a (1-e 1st deriv.) done.
rwr (1st deriv. Q) done.
der1b (2-e 1st deriv.) done.
  Geometry optimization step  23
  Total energy:     -1650.43674824259 hartrees
  energy change:          -3.1322E-05 *  (  5.0000E-05 )
  gradient maximum:        4.2153E-04 *  (  4.5000E-04 )
  gradient rms:            9.3233E-05 *  (  3.0000E-04 )
  displacement maximum:    1.6265E-02 .  (  1.8000E-03 )
  displacement rms:        2.5306E-03 .  (  1.2000E-03 )
  
  predicted energy change: -1.8565E-05
  step size:     0.03762
  trust radius:  0.03750
---------------- geometry iteration  23 complete ----------------
geopt (optimize geometry) done.
onee (1-electron integrals) done.
probe (project orbitals) done.
grid (grid generation) done.
rwr (Q operators) done.
  
       i  u  d  i  g
       t  p  i  c  r                                 RMS    maximum
       e  d  i  u  i                       energy  density   DIIS  
       r  t  s  t  d       total energy    change  change    error 
  
etot    1  N  N  2  U   -1650.38602969842           6.5E-05  1.7E-03
etot    2  Y  Y  6  M   -1650.38686058533  8.3E-04  1.1E-05  1.7E-04
etot    3  N  Y  2  U   -1650.38683613995 -2.4E-05  9.5E-06  4.2E-04
etot    4  N  Y  2  U   -1650.38685752498  2.1E-05  2.7E-06  1.0E-04
etot    5  N  N  2  U   -1650.38685894306  1.4E-06  0.0E+00  0.0E+00
scf (DFT) done.
der1a (1-e 1st deriv.) done.
rwr (1st deriv. Q) done.
der1b (2-e 1st deriv.) done.
  Geometry optimization step  24
  Total energy:     -1650.43677281358 hartrees
  energy change:          -2.4571E-05 *  (  5.0000E-05 )
  gradient maximum:        3.4341E-04 *  (  4.5000E-04 )
  gradient rms:            7.5475E-05 *  (  3.0000E-04 )
  displacement maximum:    2.3134E-02 .  (  1.8000E-03 )
  displacement rms:        3.5692E-03 .  (  1.2000E-03 )
  
  predicted energy change: -2.6372E-05
  step size:     0.05306
  trust radius:  0.05303
---------------- geometry iteration  24 complete ----------------
geopt (optimize geometry) done.
onee (1-electron integrals) done.
probe (project orbitals) done.
grid (grid generation) done.
rwr (Q operators) done.
  
       i  u  d  i  g
       t  p  i  c  r                                 RMS    maximum
       e  d  i  u  i                       energy  density   DIIS  
       r  t  s  t  d       total energy    change  change    error 
  
etot    1  N  N  2  U   -1650.38541198427           9.0E-05  2.3E-03
etot    2  Y  Y  6  M   -1650.38686593540  1.5E-03  1.2E-05  2.3E-04
etot    3  N  Y  2  U   -1650.38683550533 -3.0E-05  1.1E-05  3.4E-04
etot    4  N  Y  2  U   -1650.38685269024  1.7E-05  3.8E-06  1.6E-04
etot    5  N  N  2  U   -1650.38685709690  4.4E-06  0.0E+00  0.0E+00
scf (DFT) done.
der1a (1-e 1st deriv.) done.
rwr (1st deriv. Q) done.
der1b (2-e 1st deriv.) done.
  Geometry optimization step  25
  Total energy:     -1650.43679066902 hartrees
  energy change:          -1.7855E-05 *  (  5.0000E-05 )
  gradient maximum:        1.1641E-03 .  (  4.5000E-04 )
  gradient rms:            1.6354E-04 *  (  3.0000E-04 )
  displacement maximum:    2.7692E-02 .  (  1.8000E-03 )
  displacement rms:        5.0460E-03 .  (  1.2000E-03 )
  
  predicted energy change: -4.3745E-05
  step size:     0.07501
  trust radius:  0.07500
---------------- geometry iteration  25 complete ----------------
geopt (optimize geometry) done.
onee (1-electron integrals) done.
probe (project orbitals) done.
grid (grid generation) done.
rwr (Q operators) done.
  
       i  u  d  i  g
       t  p  i  c  r                                 RMS    maximum
       e  d  i  u  i                       energy  density   DIIS  
       r  t  s  t  d       total energy    change  change    error 
  
etot    1  N  N  2  U   -1650.38416029738           1.2E-04  2.8E-03
etot    2  Y  Y  6  M   -1650.38690585230  2.7E-03  1.4E-05  3.3E-04
etot    3  N  Y  2  U   -1650.38687932430 -2.7E-05  1.1E-05  3.1E-04
etot    4  N  Y  2  U   -1650.38689488210  1.6E-05  4.4E-06  2.1E-04
etot    5  N  N  2  U   -1650.38690071557  5.8E-06  0.0E+00  0.0E+00
scf (DFT) done.
der1a (1-e 1st deriv.) done.
rwr (1st deriv. Q) done.
der1b (2-e 1st deriv.) done.
  Geometry optimization step  26
  Total energy:     -1650.43682991902 hartrees
  energy change:          -3.9250E-05 *  (  5.0000E-05 )
  gradient maximum:        6.7823E-04 .  (  4.5000E-04 )
  gradient rms:            1.6754E-04 *  (  3.0000E-04 )
  displacement maximum:    4.3880E-02 .  (  1.8000E-03 )
  displacement rms:        7.1594E-03 .  (  1.2000E-03 )
  
  predicted energy change: -7.1525E-05
  step size:     0.10643
  trust radius:  0.10607
---------------- geometry iteration  26 complete ----------------
geopt (optimize geometry) done.
onee (1-electron integrals) done.
probe (project orbitals) done.
grid (grid generation) done.
rwr (Q operators) done.
  
       i  u  d  i  g
       t  p  i  c  r                                 RMS    maximum
       e  d  i  u  i                       energy  density   DIIS  
       r  t  s  t  d       total energy    change  change    error 
  
etot    1  N  N  2  U   -1650.38153844840           1.7E-04  4.0E-03
etot    2  Y  Y  6  M   -1650.38695347705  5.4E-03  2.7E-05  4.4E-04
etot    3  N  Y  2  U   -1650.38684547067 -1.1E-04  2.3E-05  7.9E-04
etot    4  N  Y  2  U   -1650.38694908549  1.0E-04  7.1E-06  3.0E-04
etot    5  N  Y  2  U   -1650.38696299239  1.4E-05  2.0E-06  4.8E-05
etot    6  N  N  2  U   -1650.38696377075  7.8E-07  0.0E+00  0.0E+00
scf (DFT) done.
der1a (1-e 1st deriv.) done.
rwr (1st deriv. Q) done.
der1b (2-e 1st deriv.) done.
  Geometry optimization step  27
  Total energy:     -1650.43689730264 hartrees
  energy change:          -6.7384E-05 .  (  5.0000E-05 )
  gradient maximum:        2.2776E-03 .  (  4.5000E-04 )
  gradient rms:            3.4971E-04 .  (  3.0000E-04 )
  displacement maximum:    4.1495E-02 .  (  1.8000E-03 )
  displacement rms:        7.1397E-03 .  (  1.2000E-03 )
  
  predicted energy change: -1.3519E-04
  step size:     0.10614
  trust radius:  0.10607
---------------- geometry iteration  27 complete ----------------
geopt (optimize geometry) done.
onee (1-electron integrals) done.
probe (project orbitals) done.
grid (grid generation) done.
rwr (Q operators) done.
  
       i  u  d  i  g
       t  p  i  c  r                                 RMS    maximum
       e  d  i  u  i                       energy  density   DIIS  
       r  t  s  t  d       total energy    change  change    error 
  
etot    1  N  N  2  U   -1650.38072498033           1.8E-04  4.3E-03
etot    2  Y  Y  6  M   -1650.38712147923  6.4E-03  2.4E-05  5.3E-04
etot    3  N  Y  2  U   -1650.38703196775 -9.0E-05  2.0E-05  6.8E-04
etot    4  N  Y  2  U   -1650.38709936260  6.7E-05  7.4E-06  3.3E-04
etot    5  N  Y  2  U   -1650.38711367264  1.4E-05  2.3E-06  8.7E-05
etot    6  N  N  2  U   -1650.38711471413  1.0E-06  0.0E+00  0.0E+00
scf (DFT) done.
der1a (1-e 1st deriv.) done.
rwr (1st deriv. Q) done.
der1b (2-e 1st deriv.) done.
  Geometry optimization step  28
  Total energy:     -1650.43708821682 hartrees
  energy change:          -1.9091E-04 .  (  5.0000E-05 )
  gradient maximum:        1.8915E-03 .  (  4.5000E-04 )
  gradient rms:            3.4032E-04 .  (  3.0000E-04 )
  displacement maximum:    2.0589E-02 .  (  1.8000E-03 )
  displacement rms:        3.5715E-03 .  (  1.2000E-03 )
  
  predicted energy change: -9.0675E-05
  step size:     0.05309
  trust radius:  0.05303
---------------- geometry iteration  28 complete ----------------
geopt (optimize geometry) done.
onee (1-electron integrals) done.
probe (project orbitals) done.
grid (grid generation) done.
rwr (Q operators) done.
  
       i  u  d  i  g
       t  p  i  c  r                                 RMS    maximum
       e  d  i  u  i                       energy  density   DIIS  
       r  t  s  t  d       total energy    change  change    error 
  
etot    1  N  N  2  U   -1650.38563029924           8.9E-05  2.5E-03
etot    2  Y  Y  6  M   -1650.38724003032  1.6E-03  1.5E-05  2.8E-04
etot    3  N  Y  2  U   -1650.38720480447 -3.5E-05  1.2E-05  4.0E-04
etot    4  N  Y  2  U   -1650.38723589734  3.1E-05  3.8E-06  1.6E-04
etot    5  N  N  2  U   -1650.38723879541  2.9E-06  0.0E+00  0.0E+00
scf (DFT) done.
der1a (1-e 1st deriv.) done.
rwr (1st deriv. Q) done.
der1b (2-e 1st deriv.) done.
  Geometry optimization step  29
  Total energy:     -1650.43717896630 hartrees
  energy change:          -9.0749E-05 .  (  5.0000E-05 )
  gradient maximum:        2.2463E-03 .  (  4.5000E-04 )
  gradient rms:            3.3836E-04 .  (  3.0000E-04 )
  displacement maximum:    3.0579E-02 .  (  1.8000E-03 )
  displacement rms:        5.0808E-03 .  (  1.2000E-03 )
  
  predicted energy change: -1.2344E-04
  step size:     0.07553
  trust radius:  0.07500
---------------- geometry iteration  29 complete ----------------
geopt (optimize geometry) done.
onee (1-electron integrals) done.
probe (project orbitals) done.
grid (grid generation) done.
rwr (Q operators) done.
  
       i  u  d  i  g
       t  p  i  c  r                                 RMS    maximum
       e  d  i  u  i                       energy  density   DIIS  
       r  t  s  t  d       total energy    change  change    error 
  
etot    1  N  N  2  U   -1650.38435039334           7.8E-04  1.7E-02
etot    2  Y  Y  6  M   -1650.38784000612  3.5E-03  2.3E-05  4.1E-04
etot    3  N  Y  2  U   -1650.38776609522 -7.4E-05  1.9E-05  7.8E-04
etot    4  N  Y  2  U   -1650.38784352179  7.7E-05  5.9E-06  2.5E-04
etot    5  N  Y  2  U   -1650.38785193779  8.4E-06  1.5E-06  5.6E-05
etot    6  N  N  2  U   -1650.38785232850  3.9E-07  0.0E+00  0.0E+00
scf (DFT) done.
der1a (1-e 1st deriv.) done.
rwr (1st deriv. Q) done.
der1b (2-e 1st deriv.) done.
  Geometry optimization step  30
  Total energy:     -1650.43778518389 hartrees
  energy change:          -6.0622E-04 .  (  5.0000E-05 )
  gradient maximum:        1.6125E-03 .  (  4.5000E-04 )
  gradient rms:            3.0648E-04 .  (  3.0000E-04 )
  displacement maximum:    4.1365E-02 .  (  1.8000E-03 )
  displacement rms:        7.1827E-03 .  (  1.2000E-03 )
  
  predicted energy change: -1.9359E-04
  step size:     0.10678
  trust radius:  0.10607
---------------- geometry iteration  30 complete ----------------
geopt (optimize geometry) done.
onee (1-electron integrals) done.
probe (project orbitals) done.
grid (grid generation) done.
rwr (Q operators) done.
  
       i  u  d  i  g
       t  p  i  c  r                                 RMS    maximum
       e  d  i  u  i                       energy  density   DIIS  
       r  t  s  t  d       total energy    change  change    error 
  
etot    1  N  N  2  U   -1650.38206720055           1.7E-04  5.1E-03
etot    2  Y  Y  6  M   -1650.38804673246  6.0E-03  2.7E-05  4.9E-04
etot    3  N  Y  2  U   -1650.38795869431 -8.8E-05  2.1E-05  5.5E-04
etot    4  N  Y  2  U   -1650.38803815101  7.9E-05  6.5E-06  1.9E-04
etot    5  N  Y  2  U   -1650.38804824318  1.0E-05  2.1E-06  8.8E-05
etot    6  N  N  2  U   -1650.38804923091  9.9E-07  0.0E+00  0.0E+00
scf (DFT) done.
der1a (1-e 1st deriv.) done.
rwr (1st deriv. Q) done.
der1b (2-e 1st deriv.) done.
  Geometry optimization step  31
  Total energy:     -1650.43795232326 hartrees
  energy change:          -1.6714E-04 .  (  5.0000E-05 )
  gradient maximum:        1.8346E-03 .  (  4.5000E-04 )
  gradient rms:            3.6172E-04 .  (  3.0000E-04 )
  displacement maximum:    8.5852E-02 .  (  1.8000E-03 )
  displacement rms:        1.4276E-02 .  (  1.2000E-03 )
  
  predicted energy change: -3.2496E-04
  step size:     0.21222
  trust radius:  0.21213
---------------- geometry iteration  31 complete ----------------
geopt (optimize geometry) done.
onee (1-electron integrals) done.
probe (project orbitals) done.
grid (grid generation) done.
rwr (Q operators) done.
  
       i  u  d  i  g
       t  p  i  c  r                                 RMS    maximum
       e  d  i  u  i                       energy  density   DIIS  
       r  t  s  t  d       total energy    change  change    error 
  
etot    1  N  N  2  U   -1650.36480063385           3.3E-04  1.1E-02
etot    2  Y  Y  6  M   -1650.38819407767  2.3E-02  4.1E-05  9.6E-04
etot    3  N  Y  2  U   -1650.38798425115 -2.1E-04  3.1E-05  7.4E-04
etot    4  N  Y  2  U   -1650.38812167115  1.4E-04  1.1E-05  3.7E-04
etot    5  N  Y  2  U   -1650.38815686752  3.5E-05  2.9E-06  9.7E-05
etot    6  N  N  2  U   -1650.38815836870  1.5E-06  0.0E+00  0.0E+00
scf (DFT) done.
der1a (1-e 1st deriv.) done.
rwr (1st deriv. Q) done.
der1b (2-e 1st deriv.) done.
  Geometry optimization step  32
  Total energy:     -1650.43808245886 hartrees
  ** restarting optimization from step   31 **
  energy change:          -1.3014E-04 .  (  5.0000E-05 )
  gradient maximum:        1.8346E-03 .  (  4.5000E-04 )
  gradient rms:            3.6172E-04 .  (  3.0000E-04 )
  displacement maximum:    3.7288E-02 .  (  1.8000E-03 )
  displacement rms:        7.1356E-03 .  (  1.2000E-03 )
  
  predicted energy change: -3.0052E-04
  step size:     0.10608
  trust radius:  0.10607
---------------- geometry iteration  32 complete ----------------
geopt (optimize geometry) done.
onee (1-electron integrals) done.
probe (project orbitals) done.
grid (grid generation) done.
rwr (Q operators) done.
  
       i  u  d  i  g
       t  p  i  c  r                                 RMS    maximum
       e  d  i  u  i                       energy  density   DIIS  
       r  t  s  t  d       total energy    change  change    error 
  
etot    1  N  N  2  U   -1650.37164820880           3.0E-04  8.6E-03
etot    2  Y  Y  6  M   -1650.38744245063  1.6E-02  7.3E-05  8.5E-04
etot    3  N  Y  2  U   -1650.38675906228 -6.8E-04  5.6E-05  2.6E-03
etot    4  Y  Y  6  M   -1650.38761316768  8.5E-04  1.4E-05  5.8E-04
etot    5  N  Y  2  U   -1650.38761485190  1.7E-06  5.5E-06  2.1E-04
etot    6  N  Y  2  U   -1650.38762174143  6.9E-06  1.9E-06  6.7E-05
etot    7  N  N  2  U   -1650.38762221518  4.7E-07  0.0E+00  0.0E+00
scf (DFT) done.
der1a (1-e 1st deriv.) done.
rwr (1st deriv. Q) done.
der1b (2-e 1st deriv.) done.
  Geometry optimization step  33
  Total energy:     -1650.43745177643 hartrees
  ** restarting optimization from step   31 **
  energy change:           5.0055E-04 .  (  5.0000E-05 )
  gradient maximum:        1.8346E-03 .  (  4.5000E-04 )
  gradient rms:            3.6172E-04 .  (  3.0000E-04 )
  displacement maximum:    2.0317E-02 .  (  1.8000E-03 )
  displacement rms:        3.5971E-03 .  (  1.2000E-03 )
  
  predicted energy change: -9.8809E-05
  step size:     0.05347
  trust radius:  0.05303
---------------- geometry iteration  33 complete ----------------
geopt (optimize geometry) done.
onee (1-electron integrals) done.
probe (project orbitals) done.
grid (grid generation) done.
rwr (Q operators) done.
  
       i  u  d  i  g
       t  p  i  c  r                                 RMS    maximum
       e  d  i  u  i                       energy  density   DIIS  
       r  t  s  t  d       total energy    change  change    error 
  
etot    1  N  N  2  U   -1650.38543348278           1.7E-04  2.7E-03
etot    2  Y  Y  6  M   -1650.38808048484  2.6E-03  5.2E-05  6.5E-04
etot    3  Y  Y  6  M   -1650.38769001007 -3.9E-04  3.9E-05  1.8E-03
etot    4  N  Y  2  U   -1650.38810964959  4.2E-04  7.8E-06  2.5E-04
etot    5  N  Y  2  U   -1650.38811886550  9.2E-06  2.9E-06  1.3E-04
etot    6  N  N  2  U   -1650.38812065965  1.8E-06  0.0E+00  0.0E+00
scf (DFT) done.
der1a (1-e 1st deriv.) done.
rwr (1st deriv. Q) done.
der1b (2-e 1st deriv.) done.
  Geometry optimization step  34
  Total energy:     -1650.43801649380 hartrees
  energy change:          -6.4171E-05 .  (  5.0000E-05 )
  gradient maximum:        7.5481E-04 .  (  4.5000E-04 )
  gradient rms:            1.3195E-04 *  (  3.0000E-04 )
  displacement maximum:    4.0559E-02 .  (  1.8000E-03 )
  displacement rms:        7.1356E-03 .  (  1.2000E-03 )
  
  predicted energy change: -1.5297E-04
  step size:     0.10608
  trust radius:  0.10607
---------------- geometry iteration  34 complete ----------------
geopt (optimize geometry) done.
onee (1-electron integrals) done.
probe (project orbitals) done.
grid (grid generation) done.
rwr (Q operators) done.
  
       i  u  d  i  g
       t  p  i  c  r                                 RMS    maximum
       e  d  i  u  i                       energy  density   DIIS  
       r  t  s  t  d       total energy    change  change    error 
  
etot    1  N  N  2  U   -1650.38225919622           1.7E-04  5.5E-03
etot    2  Y  Y  6  M   -1650.38822093754  6.0E-03  2.3E-05  4.7E-04
etot    3  N  Y  2  U   -1650.38813183114 -8.9E-05  1.9E-05  4.5E-04
etot    4  N  Y  2  U   -1650.38819116555  5.9E-05  6.6E-06  2.6E-04
etot    5  N  Y  2  U   -1650.38820229614  1.1E-05  2.0E-06  9.7E-05
etot    6  N  N  2  U   -1650.38820331454  1.0E-06  0.0E+00  0.0E+00
scf (DFT) done.
der1a (1-e 1st deriv.) done.
rwr (1st deriv. Q) done.
der1b (2-e 1st deriv.) done.
  Geometry optimization step  35
  Total energy:     -1650.43811524463 hartrees
  energy change:          -9.8751E-05 .  (  5.0000E-05 )
  gradient maximum:        1.2853E-03 .  (  4.5000E-04 )
  gradient rms:            2.5200E-04 *  (  3.0000E-04 )
  displacement maximum:    5.9154E-02 .  (  1.8000E-03 )
  displacement rms:        1.0093E-02 .  (  1.2000E-03 )
  
  predicted energy change: -1.2229E-04
  step size:     0.15004
  trust radius:  0.15000
---------------- geometry iteration  35 complete ----------------
geopt (optimize geometry) done.
onee (1-electron integrals) done.
probe (project orbitals) done.
grid (grid generation) done.
rwr (Q operators) done.
  
       i  u  d  i  g
       t  p  i  c  r                                 RMS    maximum
       e  d  i  u  i                       energy  density   DIIS  
       r  t  s  t  d       total energy    change  change    error 
  
etot    1  N  N  2  U   -1650.37583108695           2.4E-04  7.7E-03
etot    2  Y  Y  6  M   -1650.38836317965  1.3E-02  2.7E-05  4.6E-04
etot    3  N  Y  2  U   -1650.38828093684 -8.2E-05  2.1E-05  4.5E-04
etot    4  N  Y  2  U   -1650.38833904692  5.8E-05  8.3E-06  2.8E-04
etot    5  N  Y  2  U   -1650.38835708324  1.8E-05  2.5E-06  9.6E-05
etot    6  N  N  2  U   -1650.38835833233  1.2E-06  0.0E+00  0.0E+00
scf (DFT) done.
der1a (1-e 1st deriv.) done.
rwr (1st deriv. Q) done.
der1b (2-e 1st deriv.) done.
  Geometry optimization step  36
  Total energy:     -1650.43830396623 hartrees
  energy change:          -1.8872E-04 .  (  5.0000E-05 )
  gradient maximum:        1.2807E-03 .  (  4.5000E-04 )
  gradient rms:            2.3834E-04 *  (  3.0000E-04 )
  displacement maximum:    2.8232E-02 .  (  1.8000E-03 )
  displacement rms:        5.0954E-03 .  (  1.2000E-03 )
  
  predicted energy change: -4.1467E-05
  step size:     0.07575
  trust radius:  0.07500
---------------- geometry iteration  36 complete ----------------
geopt (optimize geometry) done.
onee (1-electron integrals) done.
probe (project orbitals) done.
grid (grid generation) done.
rwr (Q operators) done.
  
       i  u  d  i  g
       t  p  i  c  r                                 RMS    maximum
       e  d  i  u  i                       energy  density   DIIS  
       r  t  s  t  d       total energy    change  change    error 
  
etot    1  N  N  2  U   -1650.38537542306           1.2E-04  2.7E-03
etot    2  Y  Y  6  M   -1650.38842577112  3.1E-03  1.5E-05  2.2E-04
etot    3  N  Y  2  U   -1650.38839029647 -3.5E-05  1.2E-05  3.8E-04
etot    4  N  Y  2  U   -1650.38841392279  2.4E-05  5.1E-06  2.2E-04
etot    5  N  Y  2  U   -1650.38842060731  6.7E-06  1.5E-06  6.5E-05
etot    6  N  N  2  U   -1650.38842103670  4.3E-07  0.0E+00  0.0E+00
scf (DFT) done.
der1a (1-e 1st deriv.) done.
rwr (1st deriv. Q) done.
der1b (2-e 1st deriv.) done.
  Geometry optimization step  37
  Total energy:     -1650.43835975008 hartrees
  energy change:          -5.5784E-05 .  (  5.0000E-05 )
  gradient maximum:        7.4117E-04 .  (  4.5000E-04 )
  gradient rms:            1.5063E-04 *  (  3.0000E-04 )
  displacement maximum:    3.4633E-02 .  (  1.8000E-03 )
  displacement rms:        7.1357E-03 .  (  1.2000E-03 )
  
  predicted energy change: -4.2495E-05
  step size:     0.10608
  trust radius:  0.10607
---------------- geometry iteration  37 complete ----------------
geopt (optimize geometry) done.
onee (1-electron integrals) done.
probe (project orbitals) done.
grid (grid generation) done.
rwr (Q operators) done.
  
       i  u  d  i  g
       t  p  i  c  r                                 RMS    maximum
       e  d  i  u  i                       energy  density   DIIS  
       r  t  s  t  d       total energy    change  change    error 
  
etot    1  N  N  2  U   -1650.38412744292           1.4E-04  3.1E-03
etot    2  Y  Y  6  M   -1650.38838643192  4.3E-03  2.4E-05  2.5E-04
etot    3  N  Y  2  U   -1650.38830658602 -8.0E-05  1.9E-05  6.9E-04
etot    4  N  Y  2  U   -1650.38839652705  9.0E-05  5.1E-06  1.5E-04
etot    5  N  Y  2  U   -1650.38840156215  5.0E-06  2.0E-06  5.7E-05
etot    6  N  N  2  U   -1650.38840236498  8.0E-07  0.0E+00  0.0E+00
scf (DFT) done.
der1a (1-e 1st deriv.) done.
rwr (1st deriv. Q) done.
der1b (2-e 1st deriv.) done.
  Geometry optimization step  38
  Total energy:     -1650.43830039820 hartrees
  ** restarting optimization from step   37 **
  energy change:           5.9352E-05 .  (  5.0000E-05 )
  gradient maximum:        7.4117E-04 .  (  4.5000E-04 )
  gradient rms:            1.5063E-04 *  (  3.0000E-04 )
  displacement maximum:    1.8077E-02 .  (  1.8000E-03 )
  displacement rms:        3.1526E-03 .  (  1.2000E-03 )
  
  predicted energy change: -1.1805E-05
  step size:     0.04687
  trust radius:  0.05303
---------------- geometry iteration  38 complete ----------------
geopt (optimize geometry) done.
onee (1-electron integrals) done.
probe (project orbitals) done.
grid (grid generation) done.
rwr (Q operators) done.
  
       i  u  d  i  g
       t  p  i  c  r                                 RMS    maximum
       e  d  i  u  i                       energy  density   DIIS  
       r  t  s  t  d       total energy    change  change    error 
  
etot    1  N  N  2  U   -1650.38583636325           1.1E-04  2.7E-03
etot    2  Y  Y  6  M   -1650.38849669064  2.7E-03  2.3E-05  2.4E-04
etot    3  N  Y  2  U   -1650.38840877085 -8.8E-05  1.8E-05  5.9E-04
etot    4  N  Y  2  U   -1650.38848995989  8.1E-05  4.7E-06  1.5E-04
etot    5  N  N  2  U   -1650.38849382236  3.9E-06  0.0E+00  0.0E+00
scf (DFT) done.
der1a (1-e 1st deriv.) done.
rwr (1st deriv. Q) done.
der1b (2-e 1st deriv.) done.
  Geometry optimization step  39
  Total energy:     -1650.43841915226 hartrees
  energy change:          -5.9402E-05 .  (  5.0000E-05 )
  gradient maximum:        4.0246E-04 *  (  4.5000E-04 )
  gradient rms:            7.4112E-05 *  (  3.0000E-04 )
  displacement maximum:    9.1941E-03 .  (  1.8000E-03 )
  displacement rms:        1.6789E-03 .  (  1.2000E-03 )
  
  predicted energy change: -3.0952E-06
  step size:     0.02496
  trust radius:  0.07500
---------------- geometry iteration  39 complete ----------------
geopt (optimize geometry) done.
onee (1-electron integrals) done.
probe (project orbitals) done.
grid (grid generation) done.
rwr (Q operators) done.
  
       i  u  d  i  g
       t  p  i  c  r                                 RMS    maximum
       e  d  i  u  i                       energy  density   DIIS  
       r  t  s  t  d       total energy    change  change    error 
  
etot    1  N  N  2  U   -1650.38812287110           4.1E-05  1.2E-03
etot    2  N  Y  2  U   -1650.38845900761  3.4E-04  1.7E-05  1.9E-04
etot    3  N  Y  2  U   -1650.38840848730 -5.1E-05  1.3E-05  5.8E-04
etot    4  N  Y  2  U   -1650.38846572245  5.7E-05  2.2E-06  1.1E-04
etot    5  N  N  2  U   -1650.38846666444  9.4E-07  0.0E+00  0.0E+00
scf (DFT) done.
der1a (1-e 1st deriv.) done.
rwr (1st deriv. Q) done.
der1b (2-e 1st deriv.) done.
  Geometry optimization step  40
  Total energy:     -1650.43838223123 hartrees
  energy change:           3.6921E-05 *  (  5.0000E-05 )
  gradient maximum:        3.2337E-04 *  (  4.5000E-04 )
  gradient rms:            6.6615E-05 *  (  3.0000E-04 )
  displacement maximum:    3.4022E-03 .  (  1.8000E-03 )
  displacement rms:        5.8134E-04 *  (  1.2000E-03 )
  
  predicted energy change: -1.3763E-06
  step size:     0.00864
  trust radius:  0.07500
---------------- geometry iteration  40 complete ----------------
geopt (optimize geometry) done.
onee (1-electron integrals) done.
probe (project orbitals) done.
grid (grid generation) done.
rwr (Q operators) done.
  
       i  u  d  i  g
       t  p  i  c  r                                 RMS    maximum
       e  d  i  u  i                       energy  density   DIIS  
       r  t  s  t  d       total energy    change  change    error 
  
etot    1  N  N  2  U   -1650.38846135348           2.0E-05  3.3E-04
etot    2  N  Y  2  U   -1650.38849031096  2.9E-05  5.4E-06  9.0E-05
etot    3  N  Y  2  U   -1650.38848483137 -5.5E-06  4.1E-06  2.4E-04
etot    4  N  N  2  U   -1650.38849121986  6.4E-06  0.0E+00  0.0E+00
scf (DFT) done.
der1a (1-e 1st deriv.) done.
rwr (1st deriv. Q) done.
der1b (2-e 1st deriv.) done.
  Geometry optimization step  41
  Total energy:     -1650.43840206236 hartrees
  energy change:          -1.9831E-05 *  (  5.0000E-05 )
  gradient maximum:        1.8667E-04 *  (  4.5000E-04 )
  gradient rms:            4.6419E-05 #  (  3.0000E-04 )
  displacement maximum:    4.2692E-03 .  (  1.8000E-03 )
  displacement rms:        8.3005E-04 *  (  1.2000E-03 )
  
  predicted energy change: -1.2701E-06
  step size:     0.01234
  trust radius:  0.07500
------------- final geometry iteration  41 complete -------------
geopt (optimize geometry) done.
cutabab2 (abab integrals) done.
der2a (1-e JK-1st deriv.) done.
der2b (2-e JK-1st deriv.) done.
der2nda (1-e 2nd deriv.) done.
der2ndb (2-e 2nd deriv.) done.
rwr (Q operators) done.
cphfa (gradient of wave function) done.
freq (vib. frequencies) done.
Job J1_10208_2111 completed on hpc-90-17.cm.cluster at Wed May 29 02:35:37 2024
Timer (jaguar_backend.py) : 4861.02 secs (1 hrs, 21 mins, 01 secs)
Finished:   Wed May 29 02:35:37 2024
