Command:  /groups/wag/programs/Schrodinger_2020_3/jaguar run -WAIT -PARALLEL 8 /central/home/labounad/wittig-ch121/out/J1_10549_2111/J1_10549_2111.in
Release:  2020-3
Exec:     /groups/wag/programs/Schrodinger_2020_3/jaguar-v10.9/bin/Linux-x86_64
Host:     hpc-21-31.cm.cluster
JobId:    hpc-21-31-0-66576e64
JobDir:   /central/scratch/labounad/J1_10549_2111#hpc-21-31-0-66576e64
Date:     Wed May 29 11:05:26 2024

Contents of /central/scratch/labounad/J1_10549_2111#hpc-21-31-0-66576e64:
/central/scratch/labounad/J1_10549_2111#hpc-21-31-0-66576e64/J1_10549_2111.recover
/central/scratch/labounad/J1_10549_2111#hpc-21-31-0-66576e64/.write_dir.json
/central/scratch/labounad/J1_10549_2111#hpc-21-31-0-66576e64/J1_10549_2111.log
/central/scratch/labounad/J1_10549_2111#hpc-21-31-0-66576e64/J1_10549_2111.in
/central/scratch/labounad/J1_10549_2111#hpc-21-31-0-66576e64/hpc-21-31-0-66576e64.nodes
/central/scratch/labounad/J1_10549_2111#hpc-21-31-0-66576e64/hpc-21-31-0-66576e64
/central/scratch/labounad/J1_10549_2111#hpc-21-31-0-66576e64/hpc-21-31-0-66576e64.recover
/central/scratch/labounad/J1_10549_2111#hpc-21-31-0-66576e64/hpc-21-31-0-66576e64.mpinodes

Executing subprocess:
/groups/wag/programs/Schrodinger_2020_3/jaguar-v10.9/bin/Linux-x86_64/jexec J1_10549_2111.in -T 8 -out /central/scratch/labounad/J1_10549_2111#hpc-21-31-0-66576e64 -cwd

Job J1_10549_2111 started on hpc-21-31.cm.cluster at Wed May 29 11:05:26 2024
jobid: hpc-21-31-0-66576e64 
Jaguar version 10.9, release 139
 Using up to   8 threads per process
Molecular Point Group: C1      
Point Group used: C1
pre (input checking) done.
onee (1-electron integrals) done.
hfig (HF initial guess) done.
probe (project orbitals) done.
grid (grid generation) done.
rwr (Q operators) done.
scf type: DFT=PBE(X+LC)+PW91 (PBE-D3)
  
       i  u  d  i  g
       t  p  i  c  r                                 RMS    maximum
       e  d  i  u  i                       energy  density   DIIS  
       r  t  s  t  d       total energy    change  change    error 
  
etot    1  N  N  5  M   -1689.10129698092           4.6E-03  9.6E-02
etot    2  Y  Y  6  M   -1686.65394293198 -2.4E+00  9.1E-03  1.9E-01
etot    3  Y  Y  6  M   -1681.55521231959 -5.1E+00  8.2E-03  2.0E-01
etot    4  N  Y  2  U   -1692.33383363224  1.1E+01  2.3E-03  9.5E-02
etot    5  Y  Y  6  M   -1692.82543775669  4.9E-01  1.4E-03  2.8E-02
etot    6  N  Y  2  U   -1693.10552255329  2.8E-01  7.7E-04  2.7E-02
etot    7  Y  Y  6  M   -1693.11973664929  1.4E-02  5.5E-04  1.9E-02
etot    8  N  Y  2  U   -1693.20532343079  8.6E-02  2.6E-04  7.6E-03
etot    9  Y  Y  6  M   -1693.21044984466  5.1E-03  1.7E-04  5.4E-03
etot   10  N  Y  2  U   -1693.21556102661  5.1E-03  7.5E-05  2.8E-03
etot   11  Y  Y  6  M   -1693.21714554704  1.6E-03  2.4E-05  7.3E-04
etot   12  N  Y  2  U   -1693.21735539397  2.1E-04  8.4E-06  2.4E-04
etot   13  N  Y  2  U   -1693.21736491667  9.5E-06  4.1E-06  1.5E-04
etot   14  N  N  2  U   -1693.21736906225  4.1E-06  0.0E+00  0.0E+00
scf (DFT) done.
der1a (1-e 1st deriv.) done.
rwr (1st deriv. Q) done.
der1b (2-e 1st deriv.) done.
  Geometry optimization step   1
  Total energy:     -1693.27802855559 hartrees
  gradient maximum:        3.3147E-02 .  (  4.5000E-04 )
  gradient rms:            6.2550E-03 .  (  3.0000E-04 )
  displacement maximum:    1.2640E-01 .  (  1.8000E-03 )
  displacement rms:        1.8801E-02 .  (  1.2000E-03 )
  
  predicted energy change: -1.8237E-02
  step size:     0.30023
  trust radius:  0.30000
---------------- geometry iteration   1 complete ----------------
geopt (optimize geometry) done.
onee (1-electron integrals) done.
probe (project orbitals) done.
grid (grid generation) done.
rwr (Q operators) done.
  
       i  u  d  i  g
       t  p  i  c  r                                 RMS    maximum
       e  d  i  u  i                       energy  density   DIIS  
       r  t  s  t  d       total energy    change  change    error 
  
etot    1  N  N  2  U   -1693.22296044628           7.4E-04  1.5E-02
etot    2  Y  Y  6  M   -1693.23402809449  1.1E-02  9.0E-05  1.3E-03
etot    3  N  Y  2  U   -1693.23350314694 -5.2E-04  6.5E-05  1.4E-03
etot    4  Y  Y  6  M   -1693.23447529726  9.7E-04  1.7E-05  5.3E-04
etot    5  N  Y  2  U   -1693.23460831755  1.3E-04  5.3E-06  2.0E-04
etot    6  N  Y  2  U   -1693.23461695135  8.6E-06  1.8E-06  5.7E-05
etot    7  N  N  2  U   -1693.23461747358  5.2E-07  0.0E+00  0.0E+00
scf (DFT) done.
der1a (1-e 1st deriv.) done.
rwr (1st deriv. Q) done.
der1b (2-e 1st deriv.) done.
  Geometry optimization step   2
  Total energy:     -1693.29483845734 hartrees
  energy change:          -1.6810E-02 .  (  5.0000E-05 )
  gradient maximum:        1.2180E-02 .  (  4.5000E-04 )
  gradient rms:            1.9069E-03 .  (  3.0000E-04 )
  displacement maximum:    1.0395E-01 .  (  1.8000E-03 )
  displacement rms:        1.8792E-02 .  (  1.2000E-03 )
  
  predicted energy change: -3.3754E-03
  step size:     0.30009
  trust radius:  0.30000
---------------- geometry iteration   2 complete ----------------
geopt (optimize geometry) done.
onee (1-electron integrals) done.
probe (project orbitals) done.
grid (grid generation) done.
rwr (Q operators) done.
  
       i  u  d  i  g
       t  p  i  c  r                                 RMS    maximum
       e  d  i  u  i                       energy  density   DIIS  
       r  t  s  t  d       total energy    change  change    error 
  
etot    1  N  N  2  U   -1693.19957151557           3.8E-04  1.6E-02
etot    2  Y  Y  6  M   -1693.23708739834  3.8E-02  8.2E-05  6.8E-04
etot    3  N  Y  2  U   -1693.23584729395 -1.2E-03  6.6E-05  2.4E-03
etot    4  Y  Y  6  M   -1693.23708749289  1.2E-03  1.8E-05  8.3E-04
etot    5  N  Y  2  U   -1693.23717784214  9.0E-05  6.0E-06  2.6E-04
etot    6  N  Y  2  U   -1693.23718830778  1.0E-05  2.1E-06  7.3E-05
etot    7  N  N  2  U   -1693.23718882733  5.2E-07  0.0E+00  0.0E+00
scf (DFT) done.
der1a (1-e 1st deriv.) done.
rwr (1st deriv. Q) done.
der1b (2-e 1st deriv.) done.
  Geometry optimization step   3
  Total energy:     -1693.29790544374 hartrees
  energy change:          -3.0670E-03 .  (  5.0000E-05 )
  gradient maximum:        7.6333E-03 .  (  4.5000E-04 )
  gradient rms:            1.2572E-03 .  (  3.0000E-04 )
  displacement maximum:    9.6360E-02 .  (  1.8000E-03 )
  displacement rms:        1.8808E-02 .  (  1.2000E-03 )
  
  predicted energy change: -2.0775E-03
  step size:     0.30034
  trust radius:  0.30000
---------------- geometry iteration   3 complete ----------------
geopt (optimize geometry) done.
onee (1-electron integrals) done.
probe (project orbitals) done.
grid (grid generation) done.
rwr (Q operators) done.
  
       i  u  d  i  g
       t  p  i  c  r                                 RMS    maximum
       e  d  i  u  i                       energy  density   DIIS  
       r  t  s  t  d       total energy    change  change    error 
  
etot    1  N  N  2  U   -1693.18971223465           4.3E-04  1.3E-02
etot    2  Y  Y  6  M   -1693.23642959423  4.7E-02  1.0E-04  1.1E-03
etot    3  N  Y  2  U   -1693.23510616846 -1.3E-03  7.6E-05  2.9E-03
etot    4  Y  Y  6  M   -1693.23663505756  1.5E-03  1.7E-05  4.4E-04
etot    5  N  Y  2  U   -1693.23670000621  6.5E-05  6.2E-06  2.6E-04
etot    6  N  Y  2  U   -1693.23670986250  9.9E-06  2.5E-06  1.1E-04
etot    7  N  N  2  U   -1693.23671077319  9.1E-07  0.0E+00  0.0E+00
scf (DFT) done.
der1a (1-e 1st deriv.) done.
rwr (1st deriv. Q) done.
der1b (2-e 1st deriv.) done.
  Geometry optimization step   4
  Total energy:     -1693.29780445542 hartrees
  energy change:           1.0099E-04 .  (  5.0000E-05 )
  gradient maximum:        8.3766E-03 .  (  4.5000E-04 )
  gradient rms:            1.6741E-03 .  (  3.0000E-04 )
  displacement maximum:    9.7418E-02 .  (  1.8000E-03 )
  displacement rms:        1.8802E-02 .  (  1.2000E-03 )
  
  predicted energy change: -2.0948E-03
  step size:     0.30025
  trust radius:  0.30000
---------------- geometry iteration   4 complete ----------------
geopt (optimize geometry) done.
onee (1-electron integrals) done.
probe (project orbitals) done.
grid (grid generation) done.
rwr (Q operators) done.
  
       i  u  d  i  g
       t  p  i  c  r                                 RMS    maximum
       e  d  i  u  i                       energy  density   DIIS  
       r  t  s  t  d       total energy    change  change    error 
  
etot    1  N  N  2  U   -1693.18287203030           4.6E-04  1.5E-02
etot    2  Y  Y  6  M   -1693.23783606691  5.5E-02  7.9E-05  1.0E-03
etot    3  N  Y  2  U   -1693.23708147349 -7.5E-04  6.1E-05  1.5E-03
etot    4  Y  Y  6  M   -1693.23776931721  6.9E-04  1.9E-05  5.6E-04
etot    5  N  Y  2  U   -1693.23789910371  1.3E-04  5.6E-06  2.6E-04
etot    6  N  Y  2  U   -1693.23790838281  9.3E-06  2.6E-06  9.1E-05
etot    7  N  N  2  U   -1693.23790894805  5.7E-07  0.0E+00  0.0E+00
scf (DFT) done.
der1a (1-e 1st deriv.) done.
rwr (1st deriv. Q) done.
der1b (2-e 1st deriv.) done.
  Geometry optimization step   5
  Total energy:     -1693.29868298015 hartrees
  energy change:          -8.7852E-04 .  (  5.0000E-05 )
  gradient maximum:        8.3084E-03 .  (  4.5000E-04 )
  gradient rms:            1.5876E-03 .  (  3.0000E-04 )
  displacement maximum:    8.3755E-02 .  (  1.8000E-03 )
  displacement rms:        1.8790E-02 .  (  1.2000E-03 )
  
  predicted energy change: -2.0084E-03
  step size:     0.30005
  trust radius:  0.30000
---------------- geometry iteration   5 complete ----------------
geopt (optimize geometry) done.
onee (1-electron integrals) done.
probe (project orbitals) done.
grid (grid generation) done.
rwr (Q operators) done.
  
       i  u  d  i  g
       t  p  i  c  r                                 RMS    maximum
       e  d  i  u  i                       energy  density   DIIS  
       r  t  s  t  d       total energy    change  change    error 
  
etot    1  N  N  2  U   -1693.20251837518           3.9E-04  6.9E-03
etot    2  Y  Y  6  M   -1693.23573121066  3.3E-02  9.7E-05  7.3E-04
etot    3  N  Y  2  U   -1693.23437382419 -1.4E-03  7.5E-05  1.9E-03
etot    4  Y  Y  6  M   -1693.23590330229  1.5E-03  1.7E-05  6.9E-04
etot    5  N  Y  2  U   -1693.23598134927  7.8E-05  6.4E-06  3.4E-04
etot    6  N  Y  2  U   -1693.23599242288  1.1E-05  2.4E-06  9.5E-05
etot    7  N  N  2  U   -1693.23599353517  1.1E-06  0.0E+00  0.0E+00
scf (DFT) done.
der1a (1-e 1st deriv.) done.
rwr (1st deriv. Q) done.
der1b (2-e 1st deriv.) done.
  Geometry optimization step   6
  Total energy:     -1693.29801395302 hartrees
  ** restarting optimization from step    5 **
  energy change:           6.6903E-04 .  (  5.0000E-05 )
  gradient maximum:        8.3084E-03 .  (  4.5000E-04 )
  gradient rms:            1.5876E-03 .  (  3.0000E-04 )
  displacement maximum:    9.3441E-02 .  (  1.8000E-03 )
  displacement rms:        1.8784E-02 .  (  1.2000E-03 )
  
  predicted energy change: -1.9889E-03
  step size:     0.29996
  trust radius:  0.30000
---------------- geometry iteration   6 complete ----------------
geopt (optimize geometry) done.
onee (1-electron integrals) done.
probe (project orbitals) done.
grid (grid generation) done.
rwr (Q operators) done.
  
       i  u  d  i  g
       t  p  i  c  r                                 RMS    maximum
       e  d  i  u  i                       energy  density   DIIS  
       r  t  s  t  d       total energy    change  change    error 
  
etot    1  N  N  2  U   -1693.18657025927           4.3E-04  1.6E-02
etot    2  Y  Y  6  M   -1693.23882237302  5.2E-02  7.1E-05  1.0E-03
etot    3  N  Y  2  U   -1693.23817470181 -6.5E-04  5.3E-05  1.7E-03
etot    4  Y  Y  6  M   -1693.23885353327  6.8E-04  1.4E-05  4.3E-04
etot    5  N  Y  2  U   -1693.23890583732  5.2E-05  3.8E-06  8.8E-05
etot    6  N  N  2  U   -1693.23890897792  3.1E-06  0.0E+00  0.0E+00
scf (DFT) done.
der1a (1-e 1st deriv.) done.
rwr (1st deriv. Q) done.
der1b (2-e 1st deriv.) done.
  Geometry optimization step   7
  Total energy:     -1693.29978291396 hartrees
  energy change:          -1.0999E-03 .  (  5.0000E-05 )
  gradient maximum:        7.6242E-03 .  (  4.5000E-04 )
  gradient rms:            1.3348E-03 .  (  3.0000E-04 )
  displacement maximum:    9.9503E-02 .  (  1.8000E-03 )
  displacement rms:        1.8791E-02 .  (  1.2000E-03 )
  
  predicted energy change: -1.8863E-03
  step size:     0.30007
  trust radius:  0.30000
---------------- geometry iteration   7 complete ----------------
geopt (optimize geometry) done.
onee (1-electron integrals) done.
probe (project orbitals) done.
grid (grid generation) done.
rwr (Q operators) done.
  
       i  u  d  i  g
       t  p  i  c  r                                 RMS    maximum
       e  d  i  u  i                       energy  density   DIIS  
       r  t  s  t  d       total energy    change  change    error 
  
etot    1  N  N  2  U   -1693.17129039270           5.0E-04  1.6E-02
etot    2  Y  Y  6  M   -1693.23891371144  6.8E-02  9.3E-05  1.2E-03
etot    3  N  Y  2  U   -1693.23786950890 -1.0E-03  7.0E-05  1.9E-03
etot    4  Y  Y  6  M   -1693.23904781181  1.2E-03  1.9E-05  5.8E-04
etot    5  N  Y  2  U   -1693.23910573922  5.8E-05  6.1E-06  1.9E-04
etot    6  N  Y  2  U   -1693.23911680970  1.1E-05  2.7E-06  7.3E-05
etot    7  N  N  2  U   -1693.23911688200  7.2E-08  0.0E+00  0.0E+00
scf (DFT) done.
der1a (1-e 1st deriv.) done.
rwr (1st deriv. Q) done.
der1b (2-e 1st deriv.) done.
  Geometry optimization step   8
  Total energy:     -1693.30012200541 hartrees
  energy change:          -3.3909E-04 .  (  5.0000E-05 )
  gradient maximum:        9.3765E-03 .  (  4.5000E-04 )
  gradient rms:            1.5178E-03 .  (  3.0000E-04 )
  displacement maximum:    1.6267E-01 .  (  1.8000E-03 )
  displacement rms:        1.8812E-02 .  (  1.2000E-03 )
  
  predicted energy change: -1.3352E-03
  step size:     0.30041
  trust radius:  0.30000
---------------- geometry iteration   8 complete ----------------
geopt (optimize geometry) done.
onee (1-electron integrals) done.
probe (project orbitals) done.
grid (grid generation) done.
rwr (Q operators) done.
  
       i  u  d  i  g
       t  p  i  c  r                                 RMS    maximum
       e  d  i  u  i                       energy  density   DIIS  
       r  t  s  t  d       total energy    change  change    error 
  
etot    1  N  N  2  U   -1693.19296852712           4.8E-04  1.9E-02
etot    2  Y  Y  6  M   -1693.24018306001  4.7E-02  7.6E-05  1.1E-03
etot    3  N  Y  2  U   -1693.23928677852 -9.0E-04  5.9E-05  1.9E-03
etot    4  Y  Y  6  M   -1693.24016833907  8.8E-04  1.6E-05  5.9E-04
etot    5  N  Y  2  U   -1693.24023514198  6.7E-05  5.4E-06  2.8E-04
etot    6  N  Y  2  U   -1693.24024309439  8.0E-06  2.4E-06  8.9E-05
etot    7  N  N  2  U   -1693.24024372811  6.3E-07  0.0E+00  0.0E+00
scf (DFT) done.
der1a (1-e 1st deriv.) done.
rwr (1st deriv. Q) done.
der1b (2-e 1st deriv.) done.
  Geometry optimization step   9
  Total energy:     -1693.30164388510 hartrees
  energy change:          -1.5219E-03 .  (  5.0000E-05 )
  gradient maximum:        5.2060E-03 .  (  4.5000E-04 )
  gradient rms:            8.8775E-04 .  (  3.0000E-04 )
  displacement maximum:    1.4745E-01 .  (  1.8000E-03 )
  displacement rms:        1.8779E-02 .  (  1.2000E-03 )
  
  predicted energy change: -1.3805E-03
  step size:     0.29988
  trust radius:  0.30000
---------------- geometry iteration   9 complete ----------------
geopt (optimize geometry) done.
onee (1-electron integrals) done.
probe (project orbitals) done.
grid (grid generation) done.
rwr (Q operators) done.
  
       i  u  d  i  g
       t  p  i  c  r                                 RMS    maximum
       e  d  i  u  i                       energy  density   DIIS  
       r  t  s  t  d       total energy    change  change    error 
  
etot    1  N  N  2  U   -1693.18765405538           5.1E-04  1.5E-02
etot    2  Y  Y  6  M   -1693.24095164953  5.3E-02  7.1E-05  1.3E-03
etot    3  N  Y  2  U   -1693.24010699434 -8.4E-04  5.8E-05  1.7E-03
etot    4  Y  Y  6  M   -1693.24075271949  6.5E-04  1.9E-05  6.8E-04
etot    5  N  Y  2  U   -1693.24083317287  8.0E-05  6.1E-06  3.2E-04
etot    6  N  Y  2  U   -1693.24084441649  1.1E-05  2.4E-06  6.3E-05
etot    7  N  N  2  U   -1693.24084494948  5.3E-07  0.0E+00  0.0E+00
scf (DFT) done.
der1a (1-e 1st deriv.) done.
rwr (1st deriv. Q) done.
der1b (2-e 1st deriv.) done.
  Geometry optimization step  10
  Total energy:     -1693.30240940405 hartrees
  energy change:          -7.6552E-04 .  (  5.0000E-05 )
  gradient maximum:        5.2200E-03 .  (  4.5000E-04 )
  gradient rms:            8.1644E-04 .  (  3.0000E-04 )
  displacement maximum:    1.2937E-01 .  (  1.8000E-03 )
  displacement rms:        1.8784E-02 .  (  1.2000E-03 )
  
  predicted energy change: -1.0172E-03
  step size:     0.29996
  trust radius:  0.30000
---------------- geometry iteration  10 complete ----------------
geopt (optimize geometry) done.
onee (1-electron integrals) done.
probe (project orbitals) done.
grid (grid generation) done.
rwr (Q operators) done.
  
       i  u  d  i  g
       t  p  i  c  r                                 RMS    maximum
       e  d  i  u  i                       energy  density   DIIS  
       r  t  s  t  d       total energy    change  change    error 
  
etot    1  N  N  2  U   -1693.18782248491           8.0E-04  1.2E-02
etot    2  Y  Y  6  M   -1693.24132888245  5.4E-02  6.2E-05  9.7E-04
etot    3  N  Y  2  U   -1693.24088632627 -4.4E-04  4.8E-05  1.1E-03
etot    4  N  Y  2  U   -1693.24122755843  3.4E-04  1.8E-05  6.7E-04
etot    5  N  Y  2  U   -1693.24132370705  9.6E-05  5.5E-06  2.1E-04
etot    6  N  Y  2  U   -1693.24133063358  6.9E-06  2.6E-06  6.5E-05
etot    7  N  N  2  U   -1693.24133113374  5.0E-07  0.0E+00  0.0E+00
scf (DFT) done.
der1a (1-e 1st deriv.) done.
rwr (1st deriv. Q) done.
der1b (2-e 1st deriv.) done.
  Geometry optimization step  11
  Total energy:     -1693.30313450419 hartrees
  energy change:          -7.2510E-04 .  (  5.0000E-05 )
  gradient maximum:        7.3037E-03 .  (  4.5000E-04 )
  gradient rms:            1.0962E-03 .  (  3.0000E-04 )
  displacement maximum:    1.6713E-01 .  (  1.8000E-03 )
  displacement rms:        1.8792E-02 .  (  1.2000E-03 )
  
  predicted energy change: -7.1838E-04
  step size:     0.30008
  trust radius:  0.30000
---------------- geometry iteration  11 complete ----------------
geopt (optimize geometry) done.
onee (1-electron integrals) done.
probe (project orbitals) done.
grid (grid generation) done.
rwr (Q operators) done.
  
       i  u  d  i  g
       t  p  i  c  r                                 RMS    maximum
       e  d  i  u  i                       energy  density   DIIS  
       r  t  s  t  d       total energy    change  change    error 
  
etot    1  N  N  2  U   -1693.18309953723           4.8E-04  2.1E-02
etot    2  Y  Y  6  M   -1693.24234048471  5.9E-02  7.9E-05  1.5E-03
etot    3  N  Y  2  U   -1693.24149327274 -8.5E-04  6.2E-05  1.8E-03
etot    4  Y  Y  6  M   -1693.24226630531  7.7E-04  1.8E-05  5.5E-04
etot    5  N  Y  2  U   -1693.24236432271  9.8E-05  5.6E-06  1.5E-04
etot    6  N  Y  2  U   -1693.24237149137  7.2E-06  2.9E-06  4.3E-05
etot    7  N  N  2  U   -1693.24237174991  2.6E-07  0.0E+00  0.0E+00
scf (DFT) done.
der1a (1-e 1st deriv.) done.
rwr (1st deriv. Q) done.
der1b (2-e 1st deriv.) done.
  Geometry optimization step  12
  Total energy:     -1693.30360422337 hartrees
  energy change:          -4.6972E-04 .  (  5.0000E-05 )
  gradient maximum:        3.4015E-03 .  (  4.5000E-04 )
  gradient rms:            7.3168E-04 .  (  3.0000E-04 )
  displacement maximum:    8.9913E-02 .  (  1.8000E-03 )
  displacement rms:        1.1787E-02 .  (  1.2000E-03 )
  
  predicted energy change: -4.4944E-04
  step size:     0.18823
  trust radius:  0.30000
---------------- geometry iteration  12 complete ----------------
geopt (optimize geometry) done.
onee (1-electron integrals) done.
probe (project orbitals) done.
grid (grid generation) done.
rwr (Q operators) done.
  
       i  u  d  i  g
       t  p  i  c  r                                 RMS    maximum
       e  d  i  u  i                       energy  density   DIIS  
       r  t  s  t  d       total energy    change  change    error 
  
etot    1  N  N  2  U   -1693.23238757542           2.0E-04  5.4E-03
etot    2  Y  Y  6  M   -1693.24287363344  1.0E-02  3.1E-05  4.3E-04
etot    3  N  Y  2  U   -1693.24270231807 -1.7E-04  2.5E-05  8.0E-04
etot    4  N  Y  2  U   -1693.24283332868  1.3E-04  8.3E-06  3.2E-04
etot    5  N  Y  2  U   -1693.24285171967  1.8E-05  2.5E-06  1.1E-04
etot    6  N  N  2  U   -1693.24285338581  1.7E-06  0.0E+00  0.0E+00
scf (DFT) done.
der1a (1-e 1st deriv.) done.
rwr (1st deriv. Q) done.
der1b (2-e 1st deriv.) done.
  Geometry optimization step  13
  Total energy:     -1693.30406532075 hartrees
  energy change:          -4.6110E-04 .  (  5.0000E-05 )
  gradient maximum:        2.1819E-03 .  (  4.5000E-04 )
  gradient rms:            5.3948E-04 .  (  3.0000E-04 )
  displacement maximum:    5.1769E-02 .  (  1.8000E-03 )
  displacement rms:        9.3784E-03 .  (  1.2000E-03 )
  
  predicted energy change: -2.2092E-04
  step size:     0.14976
  trust radius:  0.30000
---------------- geometry iteration  13 complete ----------------
geopt (optimize geometry) done.
onee (1-electron integrals) done.
probe (project orbitals) done.
grid (grid generation) done.
rwr (Q operators) done.
  
       i  u  d  i  g
       t  p  i  c  r                                 RMS    maximum
       e  d  i  u  i                       energy  density   DIIS  
       r  t  s  t  d       total energy    change  change    error 
  
etot    1  N  N  2  U   -1693.23525987120           1.7E-04  4.5E-03
etot    2  Y  Y  6  M   -1693.24224139191  7.0E-03  4.2E-05  4.3E-04
etot    3  N  Y  2  U   -1693.24187405435 -3.7E-04  3.3E-05  1.5E-03
etot    4  N  Y  2  U   -1693.24221212932  3.4E-04  7.1E-06  3.2E-04
etot    5  N  Y  2  U   -1693.24222372410  1.2E-05  2.3E-06  1.2E-04
etot    6  N  N  2  U   -1693.24222535325  1.6E-06  0.0E+00  0.0E+00
scf (DFT) done.
der1a (1-e 1st deriv.) done.
rwr (1st deriv. Q) done.
der1b (2-e 1st deriv.) done.
  Geometry optimization step  14
  Total energy:     -1693.30366301132 hartrees
  energy change:           4.0231E-04 .  (  5.0000E-05 )
  gradient maximum:        2.4826E-03 .  (  4.5000E-04 )
  gradient rms:            5.5034E-04 .  (  3.0000E-04 )
  displacement maximum:    2.9311E-02 .  (  1.8000E-03 )
  displacement rms:        5.6056E-03 .  (  1.2000E-03 )
  
  predicted energy change: -1.4556E-04
  step size:     0.08951
  trust radius:  0.30000
---------------- geometry iteration  14 complete ----------------
geopt (optimize geometry) done.
onee (1-electron integrals) done.
probe (project orbitals) done.
grid (grid generation) done.
rwr (Q operators) done.
  
       i  u  d  i  g
       t  p  i  c  r                                 RMS    maximum
       e  d  i  u  i                       energy  density   DIIS  
       r  t  s  t  d       total energy    change  change    error 
  
etot    1  N  N  2  U   -1693.24052052458           9.7E-05  2.3E-03
etot    2  Y  Y  6  M   -1693.24260778811  2.1E-03  1.9E-05  2.0E-04
etot    3  N  Y  2  U   -1693.24256349756 -4.4E-05  1.4E-05  3.8E-04
etot    4  N  Y  2  U   -1693.24260699602  4.3E-05  3.7E-06  1.3E-04
etot    5  N  N  2  U   -1693.24261009311  3.1E-06  0.0E+00  0.0E+00
scf (DFT) done.
der1a (1-e 1st deriv.) done.
rwr (1st deriv. Q) done.
der1b (2-e 1st deriv.) done.
  Geometry optimization step  15
  Total energy:     -1693.30385624056 hartrees
  energy change:          -1.9323E-04 .  (  5.0000E-05 )
  gradient maximum:        1.2727E-03 .  (  4.5000E-04 )
  gradient rms:            2.8621E-04 *  (  3.0000E-04 )
  displacement maximum:    3.0499E-02 .  (  1.8000E-03 )
  displacement rms:        4.9417E-03 .  (  1.2000E-03 )
  
  predicted energy change: -6.0093E-05
  step size:     0.07891
  trust radius:  0.30000
---------------- geometry iteration  15 complete ----------------
geopt (optimize geometry) done.
onee (1-electron integrals) done.
probe (project orbitals) done.
grid (grid generation) done.
rwr (Q operators) done.
  
       i  u  d  i  g
       t  p  i  c  r                                 RMS    maximum
       e  d  i  u  i                       energy  density   DIIS  
       r  t  s  t  d       total energy    change  change    error 
  
etot    1  N  N  2  U   -1693.23991710432           1.1E-04  3.6E-03
etot    2  Y  Y  6  M   -1693.24270613689  2.8E-03  1.8E-05  2.7E-04
etot    3  N  Y  2  U   -1693.24263513033 -7.1E-05  1.4E-05  5.1E-04
etot    4  N  Y  2  U   -1693.24268700202  5.2E-05  4.7E-06  1.7E-04
etot    5  N  N  2  U   -1693.24269167780  4.7E-06  0.0E+00  0.0E+00
scf (DFT) done.
der1a (1-e 1st deriv.) done.
rwr (1st deriv. Q) done.
der1b (2-e 1st deriv.) done.
  Geometry optimization step  16
  Total energy:     -1693.30389098697 hartrees
  energy change:          -3.4746E-05 *  (  5.0000E-05 )
  gradient maximum:        9.2686E-04 .  (  4.5000E-04 )
  gradient rms:            1.6200E-04 *  (  3.0000E-04 )
  displacement maximum:    1.5556E-02 .  (  1.8000E-03 )
  displacement rms:        2.8131E-03 .  (  1.2000E-03 )
  
  predicted energy change: -1.9134E-05
  step size:     0.04492
  trust radius:  0.30000
---------------- geometry iteration  16 complete ----------------
geopt (optimize geometry) done.
onee (1-electron integrals) done.
probe (project orbitals) done.
grid (grid generation) done.
rwr (Q operators) done.
  
       i  u  d  i  g
       t  p  i  c  r                                 RMS    maximum
       e  d  i  u  i                       energy  density   DIIS  
       r  t  s  t  d       total energy    change  change    error 
  
etot    1  N  N  2  U   -1693.24213691293           4.8E-05  1.2E-03
etot    2  N  Y  2  U   -1693.24270256078  5.7E-04  9.4E-06  9.4E-05
etot    3  N  Y  2  U   -1693.24268849447 -1.4E-05  7.7E-06  3.1E-04
etot    4  N  Y  2  U   -1693.24270493988  1.6E-05  2.1E-06  1.0E-04
etot    5  N  N  2  U   -1693.24270603533  1.1E-06  0.0E+00  0.0E+00
scf (DFT) done.
der1a (1-e 1st deriv.) done.
rwr (1st deriv. Q) done.
der1b (2-e 1st deriv.) done.
  Geometry optimization step  17
  Total energy:     -1693.30391648408 hartrees
  energy change:          -2.5497E-05 *  (  5.0000E-05 )
  gradient maximum:        5.7625E-04 .  (  4.5000E-04 )
  gradient rms:            1.1863E-04 *  (  3.0000E-04 )
  displacement maximum:    7.3141E-03 .  (  1.8000E-03 )
  displacement rms:        1.7132E-03 .  (  1.2000E-03 )
  
  predicted energy change: -1.0641E-05
  step size:     0.02736
  trust radius:  0.30000
---------------- geometry iteration  17 complete ----------------
geopt (optimize geometry) done.
onee (1-electron integrals) done.
probe (project orbitals) done.
grid (grid generation) done.
rwr (Q operators) done.
  
       i  u  d  i  g
       t  p  i  c  r                                 RMS    maximum
       e  d  i  u  i                       energy  density   DIIS  
       r  t  s  t  d       total energy    change  change    error 
  
etot    1  N  N  2  U   -1693.24229887886           4.2E-05  1.3E-03
etot    2  N  Y  2  U   -1693.24271720167  4.2E-04  8.2E-06  8.6E-05
etot    3  N  Y  2  U   -1693.24270942174 -7.8E-06  6.4E-06  2.1E-04
etot    4  N  Y  2  U   -1693.24271934852  9.9E-06  1.4E-06  4.3E-05
etot    5  N  N  2  U   -1693.24271980788  4.6E-07  0.0E+00  0.0E+00
scf (DFT) done.
der1a (1-e 1st deriv.) done.
rwr (1st deriv. Q) done.
der1b (2-e 1st deriv.) done.
  Geometry optimization step  18
  Total energy:     -1693.30397411868 hartrees
  energy change:          -5.7635E-05 .  (  5.0000E-05 )
  gradient maximum:        5.8184E-04 .  (  4.5000E-04 )
  gradient rms:            9.9146E-05 *  (  3.0000E-04 )
  displacement maximum:    6.7514E-03 .  (  1.8000E-03 )
  displacement rms:        1.3753E-03 .  (  1.2000E-03 )
  
  predicted energy change: -6.0080E-06
  step size:     0.02196
  trust radius:  0.30000
---------------- geometry iteration  18 complete ----------------
geopt (optimize geometry) done.
onee (1-electron integrals) done.
probe (project orbitals) done.
grid (grid generation) done.
rwr (Q operators) done.
  
       i  u  d  i  g
       t  p  i  c  r                                 RMS    maximum
       e  d  i  u  i                       energy  density   DIIS  
       r  t  s  t  d       total energy    change  change    error 
  
etot    1  N  N  2  U   -1693.24261200173           2.4E-05  6.0E-04
etot    2  N  Y  2  U   -1693.24275796821  1.5E-04  6.4E-06  7.6E-05
etot    3  N  Y  2  U   -1693.24275067215 -7.3E-06  5.0E-06  2.3E-04
etot    4  N  Y  2  U   -1693.24275911139  8.4E-06  1.1E-06  3.5E-05
etot    5  N  N  2  U   -1693.24275935071  2.4E-07  0.0E+00  0.0E+00
scf (DFT) done.
der1a (1-e 1st deriv.) done.
rwr (1st deriv. Q) done.
der1b (2-e 1st deriv.) done.
  Geometry optimization step  19
  Total energy:     -1693.30400335334 hartrees
  energy change:          -2.9235E-05 *  (  5.0000E-05 )
  gradient maximum:        3.1606E-04 *  (  4.5000E-04 )
  gradient rms:            7.3015E-05 *  (  3.0000E-04 )
  displacement maximum:    6.4647E-03 .  (  1.8000E-03 )
  displacement rms:        1.1931E-03 *  (  1.2000E-03 )
  
  predicted energy change: -4.7411E-06
  step size:     0.01905
  trust radius:  0.30000
---------------- geometry iteration  19 complete ----------------
geopt (optimize geometry) done.
onee (1-electron integrals) done.
probe (project orbitals) done.
grid (grid generation) done.
rwr (Q operators) done.
  
       i  u  d  i  g
       t  p  i  c  r                                 RMS    maximum
       e  d  i  u  i                       energy  density   DIIS  
       r  t  s  t  d       total energy    change  change    error 
  
etot    1  N  N  2  U   -1693.24257651125           3.0E-05  9.7E-04
etot    2  N  Y  2  U   -1693.24278105649  2.0E-04  5.0E-06  6.9E-05
etot    3  N  N  2  U   -1693.24277823879 -2.8E-06  0.0E+00  0.0E+00
scf (DFT) done.
der1a (1-e 1st deriv.) done.
rwr (1st deriv. Q) done.
der1b (2-e 1st deriv.) done.
  Geometry optimization step  20
  Total energy:     -1693.30399993469 hartrees
  energy change:           3.4186E-06 *  (  5.0000E-05 )
  gradient maximum:        5.2592E-04 .  (  4.5000E-04 )
  gradient rms:            9.4138E-05 *  (  3.0000E-04 )
  displacement maximum:    2.5224E-03 .  (  1.8000E-03 )
  displacement rms:        5.4099E-04 *  (  1.2000E-03 )
  
  predicted energy change: -2.9956E-06
  step size:     0.00864
  trust radius:  0.30000
---------------- geometry iteration  20 complete ----------------
geopt (optimize geometry) done.
onee (1-electron integrals) done.
probe (project orbitals) done.
grid (grid generation) done.
rwr (Q operators) done.
  
       i  u  d  i  g
       t  p  i  c  r                                 RMS    maximum
       e  d  i  u  i                       energy  density   DIIS  
       r  t  s  t  d       total energy    change  change    error 
  
etot    1  N  N  2  U   -1693.24273644668           1.8E-05  3.0E-04
etot    2  N  Y  2  U   -1693.24273958634  3.1E-06  1.6E-05  3.8E-04
etot    3  N  Y  2  U   -1693.24275609589  1.7E-05  7.5E-06  2.9E-04
etot    4  N  Y  2  U   -1693.24277115465  1.5E-05  2.2E-06  1.3E-04
etot    5  N  N  2  U   -1693.24277317821  2.0E-06  0.0E+00  0.0E+00
scf (DFT) done.
der1a (1-e 1st deriv.) done.
rwr (1st deriv. Q) done.
der1b (2-e 1st deriv.) done.
  Geometry optimization step  21
  Total energy:     -1693.30400310090 hartrees
  energy change:          -3.1662E-06 *  (  5.0000E-05 )
  gradient maximum:        3.9539E-04 *  (  4.5000E-04 )
  gradient rms:            6.7939E-05 *  (  3.0000E-04 )
  displacement maximum:    5.6410E-03 .  (  1.8000E-03 )
  displacement rms:        1.0636E-03 *  (  1.2000E-03 )
  
  predicted energy change: -3.6016E-06
  step size:     0.01698
  trust radius:  0.30000
---------------- geometry iteration  21 complete ----------------
geopt (optimize geometry) done.
onee (1-electron integrals) done.
probe (project orbitals) done.
grid (grid generation) done.
rwr (Q operators) done.
  
       i  u  d  i  g
       t  p  i  c  r                                 RMS    maximum
       e  d  i  u  i                       energy  density   DIIS  
       r  t  s  t  d       total energy    change  change    error 
  
etot    1  N  N  2  U   -1693.24247119604           3.3E-05  1.6E-03
etot    2  N  Y  2  U   -1693.24275408385  2.8E-04  6.6E-06  6.9E-05
etot    3  N  Y  2  U   -1693.24274788784 -6.2E-06  5.2E-06  2.0E-04
etot    4  N  Y  2  U   -1693.24275541552  7.5E-06  1.4E-06  5.3E-05
etot    5  N  N  2  U   -1693.24275582844  4.1E-07  0.0E+00  0.0E+00
scf (DFT) done.
der1a (1-e 1st deriv.) done.
rwr (1st deriv. Q) done.
der1b (2-e 1st deriv.) done.
  Geometry optimization step  22
  Total energy:     -1693.30400422869 hartrees
  energy change:          -1.1278E-06 #  (  5.0000E-05 )
  gradient maximum:        5.1733E-04 .  (  4.5000E-04 )
  gradient rms:            9.7872E-05 *  (  3.0000E-04 )
  displacement maximum:    3.8282E-03 .  (  1.8000E-03 )
  displacement rms:        6.2896E-04 *  (  1.2000E-03 )
  
  predicted energy change: -3.0959E-06
  step size:     0.01004
  trust radius:  0.30000
---------------- geometry iteration  22 complete ----------------
geopt (optimize geometry) done.
onee (1-electron integrals) done.
probe (project orbitals) done.
grid (grid generation) done.
rwr (Q operators) done.
  
       i  u  d  i  g
       t  p  i  c  r                                 RMS    maximum
       e  d  i  u  i                       energy  density   DIIS  
       r  t  s  t  d       total energy    change  change    error 
  
etot    1  N  N  2  U   -1693.24274361684           1.7E-05  3.7E-04
etot    2  N  Y  2  U   -1693.24278412574  4.1E-05  4.5E-06  6.2E-05
etot    3  N  N  2  U   -1693.24278062880 -3.5E-06  0.0E+00  0.0E+00
scf (DFT) done.
der1a (1-e 1st deriv.) done.
rwr (1st deriv. Q) done.
der1b (2-e 1st deriv.) done.
  Geometry optimization step  23
  Total energy:     -1693.30402108341 hartrees
  energy change:          -1.6855E-05 *  (  5.0000E-05 )
  gradient maximum:        2.1387E-04 *  (  4.5000E-04 )
  gradient rms:            5.7982E-05 #  (  3.0000E-04 )
  displacement maximum:    3.4639E-03 .  (  1.8000E-03 )
  displacement rms:        6.9763E-04 *  (  1.2000E-03 )
  
  predicted energy change: -1.9394E-06
  step size:     0.01114
  trust radius:  0.30000
------------- final geometry iteration  23 complete -------------
geopt (optimize geometry) done.
cutabab2 (abab integrals) done.
der2a (1-e JK-1st deriv.) done.
der2b (2-e JK-1st deriv.) done.
der2nda (1-e 2nd deriv.) done.
der2ndb (2-e 2nd deriv.) done.
rwr (Q operators) done.
cphfa (gradient of wave function) done.
freq (vib. frequencies) done.
Job J1_10549_2111 completed on hpc-21-31.cm.cluster at Wed May 29 11:57:27 2024
Timer (jaguar_backend.py) : 3121.22 secs (0 hrs, 52 mins, 01 secs)
Finished:   Wed May 29 11:57:27 2024
