Command:  /groups/wag/programs/Schrodinger_2020_3/jaguar run -WAIT -PARALLEL 8 /central/home/labounad/wittig-ch121/out/J1_10333_2111/J1_10333_2111.in
Release:  2020-3
Exec:     /groups/wag/programs/Schrodinger_2020_3/jaguar-v10.9/bin/Linux-x86_64
Host:     hpc-90-25.cm.cluster
JobId:    hpc-90-25-1-6656e3cb
JobDir:   /central/scratch/labounad/J1_10333_2111#hpc-90-25-1-6656e3cb
Date:     Wed May 29 01:14:05 2024

Contents of /central/scratch/labounad/J1_10333_2111#hpc-90-25-1-6656e3cb:
/central/scratch/labounad/J1_10333_2111#hpc-90-25-1-6656e3cb/.write_dir.json
/central/scratch/labounad/J1_10333_2111#hpc-90-25-1-6656e3cb/hpc-90-25-1-6656e3cb
/central/scratch/labounad/J1_10333_2111#hpc-90-25-1-6656e3cb/J1_10333_2111.log
/central/scratch/labounad/J1_10333_2111#hpc-90-25-1-6656e3cb/hpc-90-25-1-6656e3cb.recover
/central/scratch/labounad/J1_10333_2111#hpc-90-25-1-6656e3cb/J1_10333_2111.recover
/central/scratch/labounad/J1_10333_2111#hpc-90-25-1-6656e3cb/hpc-90-25-1-6656e3cb.nodes
/central/scratch/labounad/J1_10333_2111#hpc-90-25-1-6656e3cb/J1_10333_2111.in
/central/scratch/labounad/J1_10333_2111#hpc-90-25-1-6656e3cb/hpc-90-25-1-6656e3cb.mpinodes

Executing subprocess:
/groups/wag/programs/Schrodinger_2020_3/jaguar-v10.9/bin/Linux-x86_64/jexec J1_10333_2111.in -T 8 -out /central/scratch/labounad/J1_10333_2111#hpc-90-25-1-6656e3cb -cwd

Job J1_10333_2111 started on hpc-90-25.cm.cluster at Wed May 29 01:14:07 2024
jobid: hpc-90-25-1-6656e3cb 
Jaguar version 10.9, release 139
 Using up to   8 threads per process
Molecular Point Group: C1      
Point Group used: C1
pre (input checking) done.
onee (1-electron integrals) done.
hfig (HF initial guess) done.
probe (project orbitals) done.
grid (grid generation) done.
rwr (Q operators) done.
scf type: DFT=PBE(X+LC)+PW91 (PBE-D3)
  
       i  u  d  i  g
       t  p  i  c  r                                 RMS    maximum
       e  d  i  u  i                       energy  density   DIIS  
       r  t  s  t  d       total energy    change  change    error 
  
etot    1  N  N  5  M   -1381.80065494304           5.4E-03  1.2E-01
etot    2  Y  Y  6  M   -1378.91508786665 -2.9E+00  8.0E-03  1.8E-01
etot    3  Y  Y  6  M   -1378.35882283973 -5.6E-01  6.6E-03  1.7E-01
etot    4  N  Y  2  U   -1384.69238202907  6.3E+00  2.4E-03  7.8E-02
etot    5  Y  Y  6  M   -1384.84516085820  1.5E-01  1.4E-03  2.6E-02
etot    6  N  Y  2  U   -1385.08953954177  2.4E-01  6.7E-04  1.9E-02
etot    7  Y  Y  6  M   -1385.10433492809  1.5E-02  3.9E-04  1.5E-02
etot    8  N  Y  2  U   -1385.13775040362  3.3E-02  1.9E-04  6.2E-03
etot    9  Y  Y  6  M   -1385.14089497626  3.1E-03  1.6E-04  4.3E-03
etot   10  Y  Y  6  M   -1385.14280778081  1.9E-03  1.0E-04  2.9E-03
etot   11  N  Y  2  U   -1385.14397028379  1.2E-03  2.6E-05  6.7E-04
etot   12  N  Y  2  U   -1385.14408867715  1.2E-04  1.0E-05  2.7E-04
etot   13  N  Y  2  U   -1385.14409767052  9.0E-06  4.8E-06  1.4E-04
etot   14  N  N  2  U   -1385.14410110241  3.4E-06  0.0E+00  0.0E+00
scf (DFT) done.
der1a (1-e 1st deriv.) done.
rwr (1st deriv. Q) done.
der1b (2-e 1st deriv.) done.
  Geometry optimization step   1
  Total energy:     -1385.19029328659 hartrees
  gradient maximum:        3.3869E-02 .  (  4.5000E-04 )
  gradient rms:            7.0350E-03 .  (  3.0000E-04 )
  displacement maximum:    1.3385E-01 .  (  1.8000E-03 )
  displacement rms:        2.1605E-02 .  (  1.2000E-03 )
  
  predicted energy change: -1.7515E-02
  step size:     0.30014
  trust radius:  0.30000
---------------- geometry iteration   1 complete ----------------
geopt (optimize geometry) done.
onee (1-electron integrals) done.
probe (project orbitals) done.
grid (grid generation) done.
rwr (Q operators) done.
  
       i  u  d  i  g
       t  p  i  c  r                                 RMS    maximum
       e  d  i  u  i                       energy  density   DIIS  
       r  t  s  t  d       total energy    change  change    error 
  
etot    1  N  N  2  U   -1385.15175309392           9.4E-04  1.4E-02
etot    2  Y  Y  6  M   -1385.16058507052  8.8E-03  1.1E-04  1.5E-03
etot    3  N  Y  2  U   -1385.16021250336 -3.7E-04  7.9E-05  1.7E-03
etot    4  Y  Y  6  M   -1385.16104354724  8.3E-04  2.3E-05  5.7E-04
etot    5  N  Y  2  U   -1385.16116213576  1.2E-04  7.5E-06  2.6E-04
etot    6  N  Y  2  U   -1385.16117171365  9.6E-06  3.0E-06  9.8E-05
etot    7  N  N  2  U   -1385.16117267916  9.7E-07  0.0E+00  0.0E+00
scf (DFT) done.
der1a (1-e 1st deriv.) done.
rwr (1st deriv. Q) done.
der1b (2-e 1st deriv.) done.
  Geometry optimization step   2
  Total energy:     -1385.20643705427 hartrees
  energy change:          -1.6144E-02 .  (  5.0000E-05 )
  gradient maximum:        1.1708E-02 .  (  4.5000E-04 )
  gradient rms:            2.1138E-03 .  (  3.0000E-04 )
  displacement maximum:    1.5174E-01 .  (  1.8000E-03 )
  displacement rms:        2.1597E-02 .  (  1.2000E-03 )
  
  predicted energy change: -2.4412E-03
  step size:     0.30004
  trust radius:  0.30000
---------------- geometry iteration   2 complete ----------------
geopt (optimize geometry) done.
onee (1-electron integrals) done.
probe (project orbitals) done.
grid (grid generation) done.
rwr (Q operators) done.
  
       i  u  d  i  g
       t  p  i  c  r                                 RMS    maximum
       e  d  i  u  i                       energy  density   DIIS  
       r  t  s  t  d       total energy    change  change    error 
  
etot    1  N  N  2  U   -1385.13482394512           4.5E-04  1.4E-02
etot    2  Y  Y  6  M   -1385.16350440066  2.9E-02  9.5E-05  1.0E-03
etot    3  N  Y  2  U   -1385.16242821517 -1.1E-03  7.7E-05  2.2E-03
etot    4  Y  Y  6  M   -1385.16342719177  1.0E-03  2.3E-05  8.7E-04
etot    5  N  Y  2  U   -1385.16353379787  1.1E-04  6.7E-06  2.3E-04
etot    6  N  Y  2  U   -1385.16354322318  9.4E-06  2.5E-06  5.5E-05
etot    7  N  N  2  U   -1385.16354360878  3.9E-07  0.0E+00  0.0E+00
scf (DFT) done.
der1a (1-e 1st deriv.) done.
rwr (1st deriv. Q) done.
der1b (2-e 1st deriv.) done.
  Geometry optimization step   3
  Total energy:     -1385.20867952114 hartrees
  energy change:          -2.2425E-03 .  (  5.0000E-05 )
  gradient maximum:        1.8772E-02 .  (  4.5000E-04 )
  gradient rms:            1.9239E-03 .  (  3.0000E-04 )
  displacement maximum:    1.5538E-01 .  (  1.8000E-03 )
  displacement rms:        2.1644E-02 .  (  1.2000E-03 )
  
  predicted energy change: -2.0462E-03
  step size:     0.30069
  trust radius:  0.30000
---------------- geometry iteration   3 complete ----------------
geopt (optimize geometry) done.
onee (1-electron integrals) done.
probe (project orbitals) done.
grid (grid generation) done.
rwr (Q operators) done.
  
       i  u  d  i  g
       t  p  i  c  r                                 RMS    maximum
       e  d  i  u  i                       energy  density   DIIS  
       r  t  s  t  d       total energy    change  change    error 
  
etot    1  N  N  2  U   -1385.13301461883           5.0E-04  1.1E-02
etot    2  Y  Y  6  M   -1385.16343236561  3.0E-02  1.1E-04  1.3E-03
etot    3  N  Y  2  U   -1385.16221475566 -1.2E-03  8.7E-05  3.1E-03
etot    4  Y  Y  6  M   -1385.16350255734  1.3E-03  1.9E-05  5.1E-04
etot    5  N  Y  2  U   -1385.16355972962  5.7E-05  7.6E-06  2.5E-04
etot    6  N  Y  2  U   -1385.16356929229  9.6E-06  2.6E-06  7.6E-05
etot    7  N  N  2  U   -1385.16356972901  4.4E-07  0.0E+00  0.0E+00
scf (DFT) done.
der1a (1-e 1st deriv.) done.
rwr (1st deriv. Q) done.
der1b (2-e 1st deriv.) done.
  Geometry optimization step   4
  Total energy:     -1385.20861113501 hartrees
  energy change:           6.8386E-05 .  (  5.0000E-05 )
  gradient maximum:        1.7409E-02 .  (  4.5000E-04 )
  gradient rms:            2.7980E-03 .  (  3.0000E-04 )
  displacement maximum:    1.4149E-01 .  (  1.8000E-03 )
  displacement rms:        1.8892E-02 .  (  1.2000E-03 )
  
  predicted energy change: -1.6129E-03
  step size:     0.26246
  trust radius:  0.30000
---------------- geometry iteration   4 complete ----------------
geopt (optimize geometry) done.
onee (1-electron integrals) done.
probe (project orbitals) done.
grid (grid generation) done.
rwr (Q operators) done.
  
       i  u  d  i  g
       t  p  i  c  r                                 RMS    maximum
       e  d  i  u  i                       energy  density   DIIS  
       r  t  s  t  d       total energy    change  change    error 
  
etot    1  N  N  2  U   -1385.13630070807           4.2E-04  1.3E-02
etot    2  Y  Y  6  M   -1385.16431887056  2.8E-02  6.4E-05  9.7E-04
etot    3  N  Y  2  U   -1385.16391889547 -4.0E-04  4.8E-05  1.2E-03
etot    4  N  Y  2  U   -1385.16425485382  3.4E-04  1.5E-05  4.9E-04
etot    5  N  Y  2  U   -1385.16430106484  4.6E-05  4.4E-06  8.5E-05
etot    6  N  N  2  U   -1385.16430364104  2.6E-06  0.0E+00  0.0E+00
scf (DFT) done.
der1a (1-e 1st deriv.) done.
rwr (1st deriv. Q) done.
der1b (2-e 1st deriv.) done.
  Geometry optimization step   5
  Total energy:     -1385.20940719361 hartrees
  energy change:          -7.9606E-04 .  (  5.0000E-05 )
  gradient maximum:        6.1906E-03 .  (  4.5000E-04 )
  gradient rms:            1.4425E-03 .  (  3.0000E-04 )
  displacement maximum:    1.3697E-01 .  (  1.8000E-03 )
  displacement rms:        2.1616E-02 .  (  1.2000E-03 )
  
  predicted energy change: -1.9069E-03
  step size:     0.30030
  trust radius:  0.30000
---------------- geometry iteration   5 complete ----------------
geopt (optimize geometry) done.
onee (1-electron integrals) done.
probe (project orbitals) done.
grid (grid generation) done.
rwr (Q operators) done.
  
       i  u  d  i  g
       t  p  i  c  r                                 RMS    maximum
       e  d  i  u  i                       energy  density   DIIS  
       r  t  s  t  d       total energy    change  change    error 
  
etot    1  N  N  2  U   -1385.12461279629           1.0E-03  1.5E-02
etot    2  Y  Y  6  M   -1385.16487402470  4.0E-02  1.3E-04  1.5E-03
etot    3  N  Y  2  U   -1385.16351085975 -1.4E-03  9.8E-05  2.9E-03
etot    4  Y  Y  6  M   -1385.16499652124  1.5E-03  2.0E-05  6.6E-04
etot    5  N  Y  2  U   -1385.16503176794  3.5E-05  7.1E-06  1.9E-04
etot    6  N  Y  2  U   -1385.16503957998  7.8E-06  3.2E-06  6.0E-05
etot    7  N  N  2  U   -1385.16504004230  4.6E-07  0.0E+00  0.0E+00
scf (DFT) done.
der1a (1-e 1st deriv.) done.
rwr (1st deriv. Q) done.
der1b (2-e 1st deriv.) done.
  Geometry optimization step   6
  Total energy:     -1385.21015943016 hartrees
  energy change:          -7.5224E-04 .  (  5.0000E-05 )
  gradient maximum:        1.5994E-02 .  (  4.5000E-04 )
  gradient rms:            1.8768E-03 .  (  3.0000E-04 )
  displacement maximum:    1.1162E-01 .  (  1.8000E-03 )
  displacement rms:        1.7071E-02 .  (  1.2000E-03 )
  
  predicted energy change: -1.2064E-03
  step size:     0.23716
  trust radius:  0.30000
---------------- geometry iteration   6 complete ----------------
geopt (optimize geometry) done.
onee (1-electron integrals) done.
probe (project orbitals) done.
grid (grid generation) done.
rwr (Q operators) done.
  
       i  u  d  i  g
       t  p  i  c  r                                 RMS    maximum
       e  d  i  u  i                       energy  density   DIIS  
       r  t  s  t  d       total energy    change  change    error 
  
etot    1  N  N  2  U   -1385.14750603563           3.5E-04  8.5E-03
etot    2  Y  Y  6  M   -1385.16592654624  1.8E-02  9.3E-05  8.2E-04
etot    3  N  Y  2  U   -1385.16503706558 -8.9E-04  7.0E-05  2.3E-03
etot    4  Y  Y  6  M   -1385.16590369736  8.7E-04  1.6E-05  4.3E-04
etot    5  N  Y  2  U   -1385.16594895460  4.5E-05  6.5E-06  2.2E-04
etot    6  N  Y  2  U   -1385.16595518058  6.2E-06  2.3E-06  6.8E-05
etot    7  N  N  2  U   -1385.16595579581  6.2E-07  0.0E+00  0.0E+00
scf (DFT) done.
der1a (1-e 1st deriv.) done.
rwr (1st deriv. Q) done.
der1b (2-e 1st deriv.) done.
  Geometry optimization step   7
  Total energy:     -1385.21108365634 hartrees
  energy change:          -9.2423E-04 .  (  5.0000E-05 )
  gradient maximum:        4.4300E-03 .  (  4.5000E-04 )
  gradient rms:            9.4585E-04 .  (  3.0000E-04 )
  displacement maximum:    1.1673E-01 .  (  1.8000E-03 )
  displacement rms:        1.4541E-02 .  (  1.2000E-03 )
  
  predicted energy change: -3.6258E-04
  step size:     0.20201
  trust radius:  0.30000
---------------- geometry iteration   7 complete ----------------
geopt (optimize geometry) done.
onee (1-electron integrals) done.
probe (project orbitals) done.
grid (grid generation) done.
rwr (Q operators) done.
  
       i  u  d  i  g
       t  p  i  c  r                                 RMS    maximum
       e  d  i  u  i                       energy  density   DIIS  
       r  t  s  t  d       total energy    change  change    error 
  
etot    1  N  N  2  U   -1385.14517026876           3.6E-04  1.1E-02
etot    2  Y  Y  6  M   -1385.16588073938  2.1E-02  4.4E-05  8.4E-04
etot    3  N  Y  2  U   -1385.16568372720 -2.0E-04  3.5E-05  1.1E-03
etot    4  N  Y  2  U   -1385.16583959621  1.6E-04  1.2E-05  4.6E-04
etot    5  N  Y  2  U   -1385.16586903265  2.9E-05  3.3E-06  1.3E-04
etot    6  N  N  2  U   -1385.16587036349  1.3E-06  0.0E+00  0.0E+00
scf (DFT) done.
der1a (1-e 1st deriv.) done.
rwr (1st deriv. Q) done.
der1b (2-e 1st deriv.) done.
  Geometry optimization step   8
  Total energy:     -1385.21096296964 hartrees
  energy change:           1.2069E-04 .  (  5.0000E-05 )
  gradient maximum:        2.8364E-03 .  (  4.5000E-04 )
  gradient rms:            6.8610E-04 .  (  3.0000E-04 )
  displacement maximum:    1.5509E-01 .  (  1.8000E-03 )
  displacement rms:        2.1651E-02 .  (  1.2000E-03 )
  
  predicted energy change: -3.9377E-04
  step size:     0.30078
  trust radius:  0.30000
---------------- geometry iteration   8 complete ----------------
geopt (optimize geometry) done.
onee (1-electron integrals) done.
probe (project orbitals) done.
grid (grid generation) done.
rwr (Q operators) done.
  
       i  u  d  i  g
       t  p  i  c  r                                 RMS    maximum
       e  d  i  u  i                       energy  density   DIIS  
       r  t  s  t  d       total energy    change  change    error 
  
etot    1  N  N  2  U   -1385.12462533128           5.3E-04  1.4E-02
etot    2  Y  Y  6  M   -1385.16643043512  4.2E-02  8.3E-05  1.1E-03
etot    3  N  Y  2  U   -1385.16587571156 -5.5E-04  6.7E-05  2.0E-03
etot    4  Y  Y  6  M   -1385.16638751583  5.1E-04  1.9E-05  7.4E-04
etot    5  N  Y  2  U   -1385.16644319947  5.6E-05  5.5E-06  1.2E-04
etot    6  N  Y  2  U   -1385.16644719087  4.0E-06  2.9E-06  6.8E-05
etot    7  N  N  2  U   -1385.16644746621  2.8E-07  0.0E+00  0.0E+00
scf (DFT) done.
der1a (1-e 1st deriv.) done.
rwr (1st deriv. Q) done.
der1b (2-e 1st deriv.) done.
  Geometry optimization step   9
  Total energy:     -1385.21155014013 hartrees
  energy change:          -5.8717E-04 .  (  5.0000E-05 )
  gradient maximum:        4.0929E-03 .  (  4.5000E-04 )
  gradient rms:            8.0256E-04 .  (  3.0000E-04 )
  displacement maximum:    1.6580E-01 .  (  1.8000E-03 )
  displacement rms:        2.1591E-02 .  (  1.2000E-03 )
  
  predicted energy change: -4.9955E-04
  step size:     0.29996
  trust radius:  0.30000
---------------- geometry iteration   9 complete ----------------
geopt (optimize geometry) done.
onee (1-electron integrals) done.
probe (project orbitals) done.
grid (grid generation) done.
rwr (Q operators) done.
  
       i  u  d  i  g
       t  p  i  c  r                                 RMS    maximum
       e  d  i  u  i                       energy  density   DIIS  
       r  t  s  t  d       total energy    change  change    error 
  
etot    1  N  N  2  U   -1385.12485738611           7.1E-04  1.4E-02
etot    2  Y  Y  6  M   -1385.16659053476  4.2E-02  8.7E-05  1.2E-03
etot    3  N  Y  2  U   -1385.16601355690 -5.8E-04  7.0E-05  2.4E-03
etot    4  Y  Y  6  M   -1385.16659588865  5.8E-04  2.0E-05  7.6E-04
etot    5  N  Y  2  U   -1385.16665288236  5.7E-05  6.5E-06  1.9E-04
etot    6  N  Y  2  U   -1385.16665918989  6.3E-06  3.0E-06  7.4E-05
etot    7  N  N  2  U   -1385.16665976322  5.7E-07  0.0E+00  0.0E+00
scf (DFT) done.
der1a (1-e 1st deriv.) done.
rwr (1st deriv. Q) done.
der1b (2-e 1st deriv.) done.
  Geometry optimization step  10
  Total energy:     -1385.21172867083 hartrees
  energy change:          -1.7853E-04 .  (  5.0000E-05 )
  gradient maximum:        5.4956E-03 .  (  4.5000E-04 )
  gradient rms:            8.2625E-04 .  (  3.0000E-04 )
  displacement maximum:    5.5015E-02 .  (  1.8000E-03 )
  displacement rms:        1.2688E-02 .  (  1.2000E-03 )
  
  predicted energy change: -2.5076E-04
  step size:     0.17627
  trust radius:  0.30000
---------------- geometry iteration  10 complete ----------------
geopt (optimize geometry) done.
onee (1-electron integrals) done.
probe (project orbitals) done.
grid (grid generation) done.
rwr (Q operators) done.
  
       i  u  d  i  g
       t  p  i  c  r                                 RMS    maximum
       e  d  i  u  i                       energy  density   DIIS  
       r  t  s  t  d       total energy    change  change    error 
  
etot    1  N  N  2  U   -1385.15760766207           2.5E-04  5.2E-03
etot    2  Y  Y  6  M   -1385.16673766411  9.1E-03  3.8E-05  3.6E-04
etot    3  N  Y  2  U   -1385.16659967090 -1.4E-04  3.0E-05  1.0E-03
etot    4  N  Y  2  U   -1385.16672287437  1.2E-04  9.1E-06  3.4E-04
etot    5  N  Y  2  U   -1385.16673623384  1.3E-05  3.1E-06  8.4E-05
etot    6  N  N  2  U   -1385.16673759833  1.4E-06  0.0E+00  0.0E+00
scf (DFT) done.
der1a (1-e 1st deriv.) done.
rwr (1st deriv. Q) done.
der1b (2-e 1st deriv.) done.
  Geometry optimization step  11
  Total energy:     -1385.21171041820 hartrees
  energy change:           1.8253E-05 *  (  5.0000E-05 )
  gradient maximum:        3.1487E-03 .  (  4.5000E-04 )
  gradient rms:            6.5310E-04 .  (  3.0000E-04 )
  displacement maximum:    4.4212E-02 .  (  1.8000E-03 )
  displacement rms:        6.8188E-03 .  (  1.2000E-03 )
  
  predicted energy change: -1.5802E-04
  step size:     0.09473
  trust radius:  0.30000
---------------- geometry iteration  11 complete ----------------
geopt (optimize geometry) done.
onee (1-electron integrals) done.
probe (project orbitals) done.
grid (grid generation) done.
rwr (Q operators) done.
  
       i  u  d  i  g
       t  p  i  c  r                                 RMS    maximum
       e  d  i  u  i                       energy  density   DIIS  
       r  t  s  t  d       total energy    change  change    error 
  
etot    1  N  N  2  U   -1385.16431103106           1.3E-04  2.7E-03
etot    2  Y  Y  6  M   -1385.16693179848  2.6E-03  3.3E-05  2.8E-04
etot    3  N  Y  2  U   -1385.16683954168 -9.2E-05  2.6E-05  9.2E-04
etot    4  N  Y  2  U   -1385.16696444798  1.2E-04  6.0E-06  2.0E-04
etot    5  N  Y  2  U   -1385.16696992754  5.5E-06  2.2E-06  8.2E-05
etot    6  N  N  2  U   -1385.16697054983  6.2E-07  0.0E+00  0.0E+00
scf (DFT) done.
der1a (1-e 1st deriv.) done.
rwr (1st deriv. Q) done.
der1b (2-e 1st deriv.) done.
  Geometry optimization step  12
  Total energy:     -1385.21189935271 hartrees
  energy change:          -1.8893E-04 .  (  5.0000E-05 )
  gradient maximum:        2.6297E-03 .  (  4.5000E-04 )
  gradient rms:            4.5938E-04 .  (  3.0000E-04 )
  displacement maximum:    1.0203E-01 .  (  1.8000E-03 )
  displacement rms:        1.2386E-02 .  (  1.2000E-03 )
  
  predicted energy change: -1.2511E-04
  step size:     0.17208
  trust radius:  0.30000
---------------- geometry iteration  12 complete ----------------
geopt (optimize geometry) done.
onee (1-electron integrals) done.
probe (project orbitals) done.
grid (grid generation) done.
rwr (Q operators) done.
  
       i  u  d  i  g
       t  p  i  c  r                                 RMS    maximum
       e  d  i  u  i                       energy  density   DIIS  
       r  t  s  t  d       total energy    change  change    error 
  
etot    1  N  N  2  U   -1385.15181446127           3.0E-04  8.5E-03
etot    2  Y  Y  6  M   -1385.16684784183  1.5E-02  5.2E-05  8.0E-04
etot    3  N  Y  2  U   -1385.16657647133 -2.7E-04  4.2E-05  1.0E-03
etot    4  N  Y  2  U   -1385.16683441429  2.6E-04  1.4E-05  4.4E-04
etot    5  N  Y  2  U   -1385.16686425580  3.0E-05  4.1E-06  1.8E-04
etot    6  N  N  2  U   -1385.16686778186  3.5E-06  0.0E+00  0.0E+00
scf (DFT) done.
der1a (1-e 1st deriv.) done.
rwr (1st deriv. Q) done.
der1b (2-e 1st deriv.) done.
  Geometry optimization step  13
  Total energy:     -1385.21183525083 hartrees
  ** restarting optimization from step   12 **
  energy change:           6.4102E-05 .  (  5.0000E-05 )
  gradient maximum:        2.6297E-03 .  (  4.5000E-04 )
  gradient rms:            4.5938E-04 .  (  3.0000E-04 )
  displacement maximum:    5.0268E-02 .  (  1.8000E-03 )
  displacement rms:        6.5995E-03 .  (  1.2000E-03 )
  
  predicted energy change: -7.1409E-05
  step size:     0.09168
  trust radius:  0.30000
---------------- geometry iteration  13 complete ----------------
geopt (optimize geometry) done.
onee (1-electron integrals) done.
probe (project orbitals) done.
grid (grid generation) done.
rwr (Q operators) done.
  
       i  u  d  i  g
       t  p  i  c  r                                 RMS    maximum
       e  d  i  u  i                       energy  density   DIIS  
       r  t  s  t  d       total energy    change  change    error 
  
etot    1  N  N  2  U   -1385.16256679805           1.6E-04  4.8E-03
etot    2  Y  Y  6  M   -1385.16699794264  4.4E-03  3.1E-05  4.2E-04
etot    3  N  Y  2  U   -1385.16688021164 -1.2E-04  2.6E-05  7.3E-04
etot    4  N  Y  2  U   -1385.16699109450  1.1E-04  7.3E-06  2.7E-04
etot    5  N  Y  2  U   -1385.16700042823  9.3E-06  2.0E-06  9.7E-05
etot    6  N  N  2  U   -1385.16700116100  7.3E-07  0.0E+00  0.0E+00
scf (DFT) done.
der1a (1-e 1st deriv.) done.
rwr (1st deriv. Q) done.
der1b (2-e 1st deriv.) done.
  Geometry optimization step  14
  Total energy:     -1385.21193612275 hartrees
  energy change:          -3.6770E-05 *  (  5.0000E-05 )
  gradient maximum:        1.1984E-03 .  (  4.5000E-04 )
  gradient rms:            2.3686E-04 *  (  3.0000E-04 )
  displacement maximum:    1.3778E-02 .  (  1.8000E-03 )
  displacement rms:        2.5009E-03 .  (  1.2000E-03 )
  
  predicted energy change: -2.0872E-05
  step size:     0.03474
  trust radius:  0.30000
---------------- geometry iteration  14 complete ----------------
geopt (optimize geometry) done.
onee (1-electron integrals) done.
probe (project orbitals) done.
grid (grid generation) done.
rwr (Q operators) done.
  
       i  u  d  i  g
       t  p  i  c  r                                 RMS    maximum
       e  d  i  u  i                       energy  density   DIIS  
       r  t  s  t  d       total energy    change  change    error 
  
etot    1  N  N  2  U   -1385.16649950070           6.0E-05  1.5E-03
etot    2  Y  Y  6  M   -1385.16708273881  5.8E-04  6.9E-06  9.9E-05
etot    3  N  Y  2  U   -1385.16708417132  1.4E-06  5.4E-06  1.2E-04
etot    4  N  Y  2  U   -1385.16708713375  3.0E-06  2.1E-06  8.0E-05
etot    5  N  N  2  U   -1385.16708793713  8.0E-07  0.0E+00  0.0E+00
scf (DFT) done.
der1a (1-e 1st deriv.) done.
rwr (1st deriv. Q) done.
der1b (2-e 1st deriv.) done.
  Geometry optimization step  15
  Total energy:     -1385.21202710372 hartrees
  energy change:          -9.0981E-05 .  (  5.0000E-05 )
  gradient maximum:        6.5885E-04 .  (  4.5000E-04 )
  gradient rms:            1.4853E-04 *  (  3.0000E-04 )
  displacement maximum:    9.6670E-03 .  (  1.8000E-03 )
  displacement rms:        1.2256E-03 .  (  1.2000E-03 )
  
  predicted energy change: -5.4876E-06
  step size:     0.01703
  trust radius:  0.30000
---------------- geometry iteration  15 complete ----------------
geopt (optimize geometry) done.
onee (1-electron integrals) done.
probe (project orbitals) done.
grid (grid generation) done.
rwr (Q operators) done.
  
       i  u  d  i  g
       t  p  i  c  r                                 RMS    maximum
       e  d  i  u  i                       energy  density   DIIS  
       r  t  s  t  d       total energy    change  change    error 
  
etot    1  N  N  2  U   -1385.16695367066           3.3E-05  1.0E-03
etot    2  N  Y  2  U   -1385.16709671695  1.4E-04  9.8E-06  9.1E-05
etot    3  N  Y  2  U   -1385.16708518976 -1.2E-05  7.6E-06  2.9E-04
etot    4  N  Y  2  U   -1385.16709848707  1.3E-05  1.2E-06  3.5E-05
etot    5  N  N  2  U   -1385.16709867108  1.8E-07  0.0E+00  0.0E+00
scf (DFT) done.
der1a (1-e 1st deriv.) done.
rwr (1st deriv. Q) done.
der1b (2-e 1st deriv.) done.
  Geometry optimization step  16
  Total energy:     -1385.21204184019 hartrees
  energy change:          -1.4736E-05 *  (  5.0000E-05 )
  gradient maximum:        5.0575E-04 .  (  4.5000E-04 )
  gradient rms:            8.3492E-05 *  (  3.0000E-04 )
  displacement maximum:    1.7046E-02 .  (  1.8000E-03 )
  displacement rms:        2.3126E-03 .  (  1.2000E-03 )
  
  predicted energy change: -4.9236E-06
  step size:     0.03213
  trust radius:  0.30000
---------------- geometry iteration  16 complete ----------------
geopt (optimize geometry) done.
onee (1-electron integrals) done.
probe (project orbitals) done.
grid (grid generation) done.
rwr (Q operators) done.
  
       i  u  d  i  g
       t  p  i  c  r                                 RMS    maximum
       e  d  i  u  i                       energy  density   DIIS  
       r  t  s  t  d       total energy    change  change    error 
  
etot    1  N  N  2  U   -1385.16666507193           5.5E-05  1.5E-03
etot    2  Y  Y  6  M   -1385.16710881547  4.4E-04  1.1E-05  1.2E-04
etot    3  N  Y  2  U   -1385.16709797320 -1.1E-05  8.7E-06  2.6E-04
etot    4  N  Y  2  U   -1385.16711033413  1.2E-05  2.3E-06  7.8E-05
etot    5  N  N  2  U   -1385.16711127108  9.4E-07  0.0E+00  0.0E+00
scf (DFT) done.
der1a (1-e 1st deriv.) done.
rwr (1st deriv. Q) done.
der1b (2-e 1st deriv.) done.
  Geometry optimization step  17
  Total energy:     -1385.21205068150 hartrees
  energy change:          -8.8413E-06 *  (  5.0000E-05 )
  gradient maximum:        9.5794E-04 .  (  4.5000E-04 )
  gradient rms:            1.6127E-04 *  (  3.0000E-04 )
  displacement maximum:    7.9220E-03 .  (  1.8000E-03 )
  displacement rms:        1.3770E-03 .  (  1.2000E-03 )
  
  predicted energy change: -3.8838E-06
  step size:     0.01913
  trust radius:  0.30000
---------------- geometry iteration  17 complete ----------------
geopt (optimize geometry) done.
onee (1-electron integrals) done.
probe (project orbitals) done.
grid (grid generation) done.
rwr (Q operators) done.
  
       i  u  d  i  g
       t  p  i  c  r                                 RMS    maximum
       e  d  i  u  i                       energy  density   DIIS  
       r  t  s  t  d       total energy    change  change    error 
  
etot    1  N  N  2  U   -1385.16694070190           3.5E-05  8.7E-04
etot    2  N  Y  2  U   -1385.16709479566  1.5E-04  9.1E-06  7.4E-05
etot    3  N  Y  2  U   -1385.16708617989 -8.6E-06  7.0E-06  2.4E-04
etot    4  N  Y  2  U   -1385.16709624558  1.0E-05  1.3E-06  3.6E-05
etot    5  N  N  2  U   -1385.16709651754  2.7E-07  0.0E+00  0.0E+00
scf (DFT) done.
der1a (1-e 1st deriv.) done.
rwr (1st deriv. Q) done.
der1b (2-e 1st deriv.) done.
  Geometry optimization step  18
  Total energy:     -1385.21202829651 hartrees
  energy change:           2.2385E-05 *  (  5.0000E-05 )
  gradient maximum:        3.0844E-04 *  (  4.5000E-04 )
  gradient rms:            7.6929E-05 *  (  3.0000E-04 )
  displacement maximum:    3.8941E-03 .  (  1.8000E-03 )
  displacement rms:        8.8277E-04 *  (  1.2000E-03 )
  
  predicted energy change: -2.2321E-06
  step size:     0.01226
  trust radius:  0.30000
---------------- geometry iteration  18 complete ----------------
geopt (optimize geometry) done.
onee (1-electron integrals) done.
probe (project orbitals) done.
grid (grid generation) done.
rwr (Q operators) done.
  
       i  u  d  i  g
       t  p  i  c  r                                 RMS    maximum
       e  d  i  u  i                       energy  density   DIIS  
       r  t  s  t  d       total energy    change  change    error 
  
etot    1  N  N  2  U   -1385.16701369245           2.2E-05  6.1E-04
etot    2  N  Y  2  U   -1385.16707890267  6.5E-05  3.8E-06  4.2E-05
etot    3  N  N  2  U   -1385.16707767938 -1.2E-06  0.0E+00  0.0E+00
scf (DFT) done.
der1a (1-e 1st deriv.) done.
rwr (1st deriv. Q) done.
der1b (2-e 1st deriv.) done.
  Geometry optimization step  19
  Total energy:     -1385.21200354454 hartrees
  energy change:           2.4752E-05 *  (  5.0000E-05 )
  gradient maximum:        3.9005E-04 *  (  4.5000E-04 )
  gradient rms:            9.0188E-05 *  (  3.0000E-04 )
  displacement maximum:    1.9211E-02 .  (  1.8000E-03 )
  displacement rms:        2.2624E-03 .  (  1.2000E-03 )
  
  predicted energy change: -3.5082E-06
  step size:     0.03143
  trust radius:  0.30000
---------------- geometry iteration  19 complete ----------------
geopt (optimize geometry) done.
onee (1-electron integrals) done.
probe (project orbitals) done.
grid (grid generation) done.
rwr (Q operators) done.
  
       i  u  d  i  g
       t  p  i  c  r                                 RMS    maximum
       e  d  i  u  i                       energy  density   DIIS  
       r  t  s  t  d       total energy    change  change    error 
  
etot    1  N  N  2  U   -1385.16663341354           5.4E-05  1.5E-03
etot    2  Y  Y  6  M   -1385.16704914046  4.2E-04  3.0E-05  3.7E-04
etot    3  N  Y  2  U   -1385.16694373392 -1.1E-04  2.3E-05  1.0E-03
etot    4  N  Y  2  U   -1385.16706991162  1.3E-04  3.1E-06  7.4E-05
etot    5  N  Y  2  U   -1385.16707108067  1.2E-06  1.1E-06  3.4E-05
etot    6  N  N  2  U   -1385.16707130289  2.2E-07  0.0E+00  0.0E+00
scf (DFT) done.
der1a (1-e 1st deriv.) done.
rwr (1st deriv. Q) done.
der1b (2-e 1st deriv.) done.
  Geometry optimization step  20
  Total energy:     -1385.21199930475 hartrees
  energy change:           4.2398E-06 *  (  5.0000E-05 )
  gradient maximum:        5.3625E-04 .  (  4.5000E-04 )
  gradient rms:            1.2530E-04 *  (  3.0000E-04 )
  displacement maximum:    7.6364E-03 .  (  1.8000E-03 )
  displacement rms:        9.6585E-04 *  (  1.2000E-03 )
  
  predicted energy change: -3.6343E-06
  step size:     0.01342
  trust radius:  0.30000
---------------- geometry iteration  20 complete ----------------
geopt (optimize geometry) done.
onee (1-electron integrals) done.
probe (project orbitals) done.
grid (grid generation) done.
rwr (Q operators) done.
  
       i  u  d  i  g
       t  p  i  c  r                                 RMS    maximum
       e  d  i  u  i                       energy  density   DIIS  
       r  t  s  t  d       total energy    change  change    error 
  
etot    1  N  N  2  U   -1385.16701737655           2.4E-05  6.6E-04
etot    2  N  Y  2  U   -1385.16709961884  8.2E-05  3.6E-06  4.4E-05
etot    3  N  N  2  U   -1385.16709864867 -9.7E-07  0.0E+00  0.0E+00
scf (DFT) done.
der1a (1-e 1st deriv.) done.
rwr (1st deriv. Q) done.
der1b (2-e 1st deriv.) done.
  Geometry optimization step  21
  Total energy:     -1385.21202775501 hartrees
  energy change:          -2.8450E-05 *  (  5.0000E-05 )
  gradient maximum:        2.1920E-04 *  (  4.5000E-04 )
  gradient rms:            5.0465E-05 #  (  3.0000E-04 )
  displacement maximum:    2.0746E-02 .  (  1.8000E-03 )
  displacement rms:        2.3423E-03 .  (  1.2000E-03 )
  
  predicted energy change: -2.9275E-06
  step size:     0.03254
  trust radius:  0.30000
---------------- geometry iteration  21 complete ----------------
geopt (optimize geometry) done.
onee (1-electron integrals) done.
probe (project orbitals) done.
grid (grid generation) done.
rwr (Q operators) done.
  
       i  u  d  i  g
       t  p  i  c  r                                 RMS    maximum
       e  d  i  u  i                       energy  density   DIIS  
       r  t  s  t  d       total energy    change  change    error 
  
etot    1  N  N  2  U   -1385.16658423616           5.8E-05  1.8E-03
etot    2  Y  Y  6  M   -1385.16708482087  5.0E-04  2.7E-05  3.2E-04
etot    3  N  Y  2  U   -1385.16700272298 -8.2E-05  2.0E-05  8.0E-04
etot    4  N  Y  2  U   -1385.16709124506  8.9E-05  3.7E-06  9.1E-05
etot    5  N  N  2  U   -1385.16709274583  1.5E-06  0.0E+00  0.0E+00
scf (DFT) done.
der1a (1-e 1st deriv.) done.
rwr (1st deriv. Q) done.
der1b (2-e 1st deriv.) done.
  Geometry optimization step  22
  Total energy:     -1385.21202506903 hartrees
  energy change:           2.6860E-06 *  (  5.0000E-05 )
  gradient maximum:        2.8253E-04 *  (  4.5000E-04 )
  gradient rms:            8.0417E-05 *  (  3.0000E-04 )
  displacement maximum:    1.0634E-02 .  (  1.8000E-03 )
  displacement rms:        1.2172E-03 .  (  1.2000E-03 )
  
  predicted energy change: -2.5459E-06
  step size:     0.01691
  trust radius:  0.30000
---------------- geometry iteration  22 complete ----------------
geopt (optimize geometry) done.
onee (1-electron integrals) done.
probe (project orbitals) done.
grid (grid generation) done.
rwr (Q operators) done.
  
       i  u  d  i  g
       t  p  i  c  r                                 RMS    maximum
       e  d  i  u  i                       energy  density   DIIS  
       r  t  s  t  d       total energy    change  change    error 
  
etot    1  N  N  2  U   -1385.16694936367           3.2E-05  9.6E-04
etot    2  N  Y  2  U   -1385.16709094703  1.4E-04  1.5E-05  1.4E-04
etot    3  N  Y  2  U   -1385.16706614487 -2.5E-05  1.1E-05  3.9E-04
etot    4  N  Y  2  U   -1385.16709480181  2.9E-05  1.6E-06  6.6E-05
etot    5  N  N  2  U   -1385.16709515186  3.5E-07  0.0E+00  0.0E+00
scf (DFT) done.
der1a (1-e 1st deriv.) done.
rwr (1st deriv. Q) done.
der1b (2-e 1st deriv.) done.
  Geometry optimization step  23
  Total energy:     -1385.21202286013 hartrees
  energy change:           2.2089E-06 #  (  5.0000E-05 )
  gradient maximum:        1.1151E-04 *  (  4.5000E-04 )
  gradient rms:            2.5969E-05 #  (  3.0000E-04 )
  displacement maximum:    6.4378E-03 .  (  1.8000E-03 )
  displacement rms:        7.8860E-04 *  (  1.2000E-03 )
  
  predicted energy change: -5.3706E-07
  step size:     0.01096
  trust radius:  0.30000
------------- final geometry iteration  23 complete -------------
geopt (optimize geometry) done.
cutabab2 (abab integrals) done.
der2a (1-e JK-1st deriv.) done.
der2b (2-e JK-1st deriv.) done.
der2nda (1-e 2nd deriv.) done.
der2ndb (2-e 2nd deriv.) done.
rwr (Q operators) done.
cphfa (gradient of wave function) done.
freq (vib. frequencies) done.
Job J1_10333_2111 completed on hpc-90-25.cm.cluster at Wed May 29 02:00:01 2024
Timer (jaguar_backend.py) : 2755.42 secs (0 hrs, 45 mins, 55 secs)
Finished:   Wed May 29 02:00:01 2024
