Command:  /groups/wag/programs/Schrodinger_2020_3/jaguar run -WAIT -PARALLEL 8 /central/home/labounad/wittig-ch121/out/J1_10395_2111/J1_10395_2111.in
Release:  2020-3
Exec:     /groups/wag/programs/Schrodinger_2020_3/jaguar-v10.9/bin/Linux-x86_64
Host:     hpc-89-32.cm.cluster
JobId:    hpc-89-32-0-6657aa5c
JobDir:   /central/scratch/labounad/J1_10395_2111#hpc-89-32-0-6657aa5c
Date:     Wed May 29 15:21:18 2024

Contents of /central/scratch/labounad/J1_10395_2111#hpc-89-32-0-6657aa5c:
/central/scratch/labounad/J1_10395_2111#hpc-89-32-0-6657aa5c/hpc-89-32-0-6657aa5c.mpinodes
/central/scratch/labounad/J1_10395_2111#hpc-89-32-0-6657aa5c/J1_10395_2111.log
/central/scratch/labounad/J1_10395_2111#hpc-89-32-0-6657aa5c/.write_dir.json
/central/scratch/labounad/J1_10395_2111#hpc-89-32-0-6657aa5c/hpc-89-32-0-6657aa5c.nodes
/central/scratch/labounad/J1_10395_2111#hpc-89-32-0-6657aa5c/hpc-89-32-0-6657aa5c.recover
/central/scratch/labounad/J1_10395_2111#hpc-89-32-0-6657aa5c/J1_10395_2111.recover
/central/scratch/labounad/J1_10395_2111#hpc-89-32-0-6657aa5c/hpc-89-32-0-6657aa5c
/central/scratch/labounad/J1_10395_2111#hpc-89-32-0-6657aa5c/J1_10395_2111.in

Executing subprocess:
/groups/wag/programs/Schrodinger_2020_3/jaguar-v10.9/bin/Linux-x86_64/jexec J1_10395_2111.in -T 8 -out /central/scratch/labounad/J1_10395_2111#hpc-89-32-0-6657aa5c -cwd

Job J1_10395_2111 started on hpc-89-32.cm.cluster at Wed May 29 15:21:18 2024
jobid: hpc-89-32-0-6657aa5c 
Jaguar version 10.9, release 139
 Using up to   8 threads per process
Molecular Point Group: C1      
Point Group used: C1
pre (input checking) done.
onee (1-electron integrals) done.
hfig (HF initial guess) done.
probe (project orbitals) done.
grid (grid generation) done.
rwr (Q operators) done.
scf type: DFT=PBE(X+LC)+PW91 (PBE-D3)
  
       i  u  d  i  g
       t  p  i  c  r                                 RMS    maximum
       e  d  i  u  i                       energy  density   DIIS  
       r  t  s  t  d       total energy    change  change    error 
  
etot    1  N  N  5  M   -1724.82090737366           4.8E-03  1.2E-01
etot    2  Y  Y  6  M   -1722.75370647481 -2.1E+00  8.7E-03  1.1E-01
etot    3  Y  Y  6  M   -1717.80950007469 -4.9E+00  7.8E-03  2.0E-01
etot    4  N  Y  2  U   -1728.48931533719  1.1E+01  2.5E-03  8.0E-02
etot    5  Y  Y  6  M   -1728.88858832160  4.0E-01  1.4E-03  3.2E-02
etot    6  N  Y  2  U   -1729.18003299833  2.9E-01  6.8E-04  1.9E-02
etot    7  Y  Y  6  M   -1729.20710109018  2.7E-02  4.4E-04  2.0E-02
etot    8  N  Y  2  U   -1729.25514716000  4.8E-02  1.9E-04  6.5E-03
etot    9  Y  Y  6  M   -1729.25968262465  4.5E-03  1.2E-04  3.9E-03
etot   10  Y  Y  6  M   -1729.26251783359  2.8E-03  6.7E-05  2.9E-03
etot   11  N  Y  2  U   -1729.26305973097  5.4E-04  3.2E-05  1.4E-03
etot   12  N  Y  2  U   -1729.26329155450  2.3E-04  9.6E-06  3.1E-04
etot   13  N  Y  2  U   -1729.26330783766  1.6E-05  3.9E-06  1.4E-04
etot   14  N  N  2  U   -1729.26331148635  3.6E-06  0.0E+00  0.0E+00
scf (DFT) done.
der1a (1-e 1st deriv.) done.
rwr (1st deriv. Q) done.
der1b (2-e 1st deriv.) done.
  Geometry optimization step   1
  Total energy:     -1729.31950137456 hartrees
  gradient maximum:        3.6774E-02 .  (  4.5000E-04 )
  gradient rms:            8.3558E-03 .  (  3.0000E-04 )
  displacement maximum:    1.0334E-01 .  (  1.8000E-03 )
  displacement rms:        1.9019E-02 .  (  1.2000E-03 )
  
  predicted energy change: -2.6229E-02
  step size:     0.30011
  trust radius:  0.30000
---------------- geometry iteration   1 complete ----------------
geopt (optimize geometry) done.
onee (1-electron integrals) done.
probe (project orbitals) done.
grid (grid generation) done.
rwr (Q operators) done.
  
       i  u  d  i  g
       t  p  i  c  r                                 RMS    maximum
       e  d  i  u  i                       energy  density   DIIS  
       r  t  s  t  d       total energy    change  change    error 
  
etot    1  N  N  2  U   -1729.27938074526           7.3E-04  1.7E-02
etot    2  Y  Y  6  M   -1729.28841898420  9.0E-03  1.0E-04  1.6E-03
etot    3  N  Y  2  U   -1729.28786319636 -5.6E-04  7.3E-05  1.7E-03
etot    4  Y  Y  6  M   -1729.28896528464  1.1E-03  2.0E-05  8.4E-04
etot    5  N  Y  2  U   -1729.28907597519  1.1E-04  6.4E-06  3.6E-04
etot    6  N  Y  2  U   -1729.28908742001  1.1E-05  2.4E-06  1.2E-04
etot    7  N  N  2  U   -1729.28908857154  1.2E-06  0.0E+00  0.0E+00
scf (DFT) done.
der1a (1-e 1st deriv.) done.
rwr (1st deriv. Q) done.
der1b (2-e 1st deriv.) done.
  Geometry optimization step   2
  Total energy:     -1729.34449874974 hartrees
  energy change:          -2.4997E-02 .  (  5.0000E-05 )
  gradient maximum:        1.5742E-02 .  (  4.5000E-04 )
  gradient rms:            2.9339E-03 .  (  3.0000E-04 )
  displacement maximum:    7.6298E-02 .  (  1.8000E-03 )
  displacement rms:        1.9038E-02 .  (  1.2000E-03 )
  
  predicted energy change: -5.9599E-03
  step size:     0.30041
  trust radius:  0.30000
---------------- geometry iteration   2 complete ----------------
geopt (optimize geometry) done.
onee (1-electron integrals) done.
probe (project orbitals) done.
grid (grid generation) done.
rwr (Q operators) done.
  
       i  u  d  i  g
       t  p  i  c  r                                 RMS    maximum
       e  d  i  u  i                       energy  density   DIIS  
       r  t  s  t  d       total energy    change  change    error 
  
etot    1  N  N  2  U   -1729.27051834105           4.2E-04  8.6E-03
etot    2  Y  Y  6  M   -1729.29539702300  2.5E-02  8.0E-05  6.4E-04
etot    3  N  Y  2  U   -1729.29451904424 -8.8E-04  6.0E-05  1.8E-03
etot    4  Y  Y  6  M   -1729.29543191986  9.1E-04  1.8E-05  7.9E-04
etot    5  N  Y  2  U   -1729.29549422579  6.2E-05  6.4E-06  2.3E-04
etot    6  N  Y  2  U   -1729.29550484812  1.1E-05  2.1E-06  8.6E-05
etot    7  N  N  2  U   -1729.29550554086  6.9E-07  0.0E+00  0.0E+00
scf (DFT) done.
der1a (1-e 1st deriv.) done.
rwr (1st deriv. Q) done.
der1b (2-e 1st deriv.) done.
  Geometry optimization step   3
  Total energy:     -1729.35049107755 hartrees
  energy change:          -5.9923E-03 .  (  5.0000E-05 )
  gradient maximum:        1.3862E-02 .  (  4.5000E-04 )
  gradient rms:            2.0316E-03 .  (  3.0000E-04 )
  displacement maximum:    8.5178E-02 .  (  1.8000E-03 )
  displacement rms:        1.9011E-02 .  (  1.2000E-03 )
  
  predicted energy change: -3.5773E-03
  step size:     0.29999
  trust radius:  0.30000
---------------- geometry iteration   3 complete ----------------
geopt (optimize geometry) done.
onee (1-electron integrals) done.
probe (project orbitals) done.
grid (grid generation) done.
rwr (Q operators) done.
  
       i  u  d  i  g
       t  p  i  c  r                                 RMS    maximum
       e  d  i  u  i                       energy  density   DIIS  
       r  t  s  t  d       total energy    change  change    error 
  
etot    1  N  N  2  U   -1729.24970998013           4.6E-04  1.1E-02
etot    2  Y  Y  6  M   -1729.29391590550  4.4E-02  9.9E-05  8.8E-04
etot    3  N  Y  2  U   -1729.29232269782 -1.6E-03  7.9E-05  2.7E-03
etot    4  Y  Y  6  M   -1729.29404318423  1.7E-03  2.0E-05  6.5E-04
etot    5  N  Y  2  U   -1729.29414084381  9.8E-05  7.6E-06  3.0E-04
etot    6  N  Y  2  U   -1729.29415482302  1.4E-05  2.8E-06  8.6E-05
etot    7  N  N  2  U   -1729.29415619448  1.4E-06  0.0E+00  0.0E+00
scf (DFT) done.
der1a (1-e 1st deriv.) done.
rwr (1st deriv. Q) done.
der1b (2-e 1st deriv.) done.
  Geometry optimization step   4
  Total energy:     -1729.34973946866 hartrees
  energy change:           7.5161E-04 .  (  5.0000E-05 )
  gradient maximum:        3.5395E-02 .  (  4.5000E-04 )
  gradient rms:            5.5561E-03 .  (  3.0000E-04 )
  displacement maximum:    1.0192E-01 .  (  1.8000E-03 )
  displacement rms:        1.9011E-02 .  (  1.2000E-03 )
  
  predicted energy change: -4.9680E-03
  step size:     0.29999
  trust radius:  0.30000
---------------- geometry iteration   4 complete ----------------
geopt (optimize geometry) done.
onee (1-electron integrals) done.
probe (project orbitals) done.
grid (grid generation) done.
rwr (Q operators) done.
  
       i  u  d  i  g
       t  p  i  c  r                                 RMS    maximum
       e  d  i  u  i                       energy  density   DIIS  
       r  t  s  t  d       total energy    change  change    error 
  
etot    1  N  N  2  U   -1729.25545557220           4.2E-04  1.2E-02
etot    2  Y  Y  6  M   -1729.29872973835  4.3E-02  6.1E-05  8.1E-04
etot    3  N  Y  2  U   -1729.29810047693 -6.3E-04  4.8E-05  1.3E-03
etot    4  N  Y  2  U   -1729.29857947139  4.8E-04  1.7E-05  6.4E-04
etot    5  N  Y  2  U   -1729.29865633288  7.7E-05  5.6E-06  2.4E-04
etot    6  N  Y  2  U   -1729.29866372154  7.4E-06  2.1E-06  7.4E-05
etot    7  N  N  2  U   -1729.29866437017  6.5E-07  0.0E+00  0.0E+00
scf (DFT) done.
der1a (1-e 1st deriv.) done.
rwr (1st deriv. Q) done.
der1b (2-e 1st deriv.) done.
  Geometry optimization step   5
  Total energy:     -1729.35362531977 hartrees
  energy change:          -3.8859E-03 .  (  5.0000E-05 )
  gradient maximum:        6.9260E-03 .  (  4.5000E-04 )
  gradient rms:            1.3759E-03 .  (  3.0000E-04 )
  displacement maximum:    9.9104E-02 .  (  1.8000E-03 )
  displacement rms:        1.9011E-02 .  (  1.2000E-03 )
  
  predicted energy change: -2.3223E-03
  step size:     0.29999
  trust radius:  0.30000
---------------- geometry iteration   5 complete ----------------
geopt (optimize geometry) done.
onee (1-electron integrals) done.
probe (project orbitals) done.
grid (grid generation) done.
rwr (Q operators) done.
  
       i  u  d  i  g
       t  p  i  c  r                                 RMS    maximum
       e  d  i  u  i                       energy  density   DIIS  
       r  t  s  t  d       total energy    change  change    error 
  
etot    1  N  N  2  U   -1729.25502170099           4.5E-04  1.2E-02
etot    2  Y  Y  6  M   -1729.29884143168  4.4E-02  8.0E-05  8.7E-04
etot    3  N  Y  2  U   -1729.29811729580 -7.2E-04  6.1E-05  1.7E-03
etot    4  Y  Y  6  M   -1729.29882948263  7.1E-04  1.6E-05  4.9E-04
etot    5  N  Y  2  U   -1729.29891243417  8.3E-05  5.4E-06  2.2E-04
etot    6  N  Y  2  U   -1729.29891964160  7.2E-06  2.5E-06  8.2E-05
etot    7  N  N  2  U   -1729.29892040549  7.6E-07  0.0E+00  0.0E+00
scf (DFT) done.
der1a (1-e 1st deriv.) done.
rwr (1st deriv. Q) done.
der1b (2-e 1st deriv.) done.
  Geometry optimization step   6
  Total energy:     -1729.35405342143 hartrees
  energy change:          -4.2810E-04 .  (  5.0000E-05 )
  gradient maximum:        2.0365E-02 .  (  4.5000E-04 )
  gradient rms:            2.4825E-03 .  (  3.0000E-04 )
  displacement maximum:    1.2495E-01 .  (  1.8000E-03 )
  displacement rms:        1.9015E-02 .  (  1.2000E-03 )
  
  predicted energy change: -2.1880E-03
  step size:     0.30005
  trust radius:  0.30000
---------------- geometry iteration   6 complete ----------------
geopt (optimize geometry) done.
onee (1-electron integrals) done.
probe (project orbitals) done.
grid (grid generation) done.
rwr (Q operators) done.
  
       i  u  d  i  g
       t  p  i  c  r                                 RMS    maximum
       e  d  i  u  i                       energy  density   DIIS  
       r  t  s  t  d       total energy    change  change    error 
  
etot    1  N  N  2  U   -1729.25228341003           4.9E-04  1.7E-02
etot    2  Y  Y  6  M   -1729.30066756093  4.8E-02  8.6E-05  1.1E-03
etot    3  N  Y  2  U   -1729.29946757286 -1.2E-03  6.9E-05  2.2E-03
etot    4  Y  Y  6  M   -1729.30060459879  1.1E-03  2.0E-05  7.5E-04
etot    5  N  Y  2  U   -1729.30070151926  9.7E-05  7.1E-06  2.3E-04
etot    6  N  Y  2  U   -1729.30071542360  1.4E-05  2.9E-06  6.0E-05
etot    7  N  N  2  U   -1729.30071607498  6.5E-07  0.0E+00  0.0E+00
scf (DFT) done.
der1a (1-e 1st deriv.) done.
rwr (1st deriv. Q) done.
der1b (2-e 1st deriv.) done.
  Geometry optimization step   7
  Total energy:     -1729.35605174258 hartrees
  energy change:          -1.9983E-03 .  (  5.0000E-05 )
  gradient maximum:        6.2726E-03 .  (  4.5000E-04 )
  gradient rms:            8.8006E-04 .  (  3.0000E-04 )
  displacement maximum:    1.2631E-01 .  (  1.8000E-03 )
  displacement rms:        1.9010E-02 .  (  1.2000E-03 )
  
  predicted energy change: -8.0542E-04
  step size:     0.29997
  trust radius:  0.30000
---------------- geometry iteration   7 complete ----------------
geopt (optimize geometry) done.
onee (1-electron integrals) done.
probe (project orbitals) done.
grid (grid generation) done.
rwr (Q operators) done.
  
       i  u  d  i  g
       t  p  i  c  r                                 RMS    maximum
       e  d  i  u  i                       energy  density   DIIS  
       r  t  s  t  d       total energy    change  change    error 
  
etot    1  N  N  2  U   -1729.25965627327           5.2E-04  1.5E-02
etot    2  Y  Y  6  M   -1729.30124182179  4.2E-02  7.7E-05  7.3E-04
etot    3  N  Y  2  U   -1729.30044211110 -8.0E-04  6.1E-05  1.7E-03
etot    4  Y  Y  6  M   -1729.30121190006  7.7E-04  2.0E-05  8.2E-04
etot    5  N  Y  2  U   -1729.30131471601  1.0E-04  6.7E-06  3.0E-04
etot    6  N  Y  2  U   -1729.30132910221  1.4E-05  2.4E-06  3.6E-05
etot    7  N  N  2  U   -1729.30132940816  3.1E-07  0.0E+00  0.0E+00
scf (DFT) done.
der1a (1-e 1st deriv.) done.
rwr (1st deriv. Q) done.
der1b (2-e 1st deriv.) done.
  Geometry optimization step   8
  Total energy:     -1729.35679857486 hartrees
  energy change:          -7.4683E-04 .  (  5.0000E-05 )
  gradient maximum:        8.4123E-03 .  (  4.5000E-04 )
  gradient rms:            8.9484E-04 .  (  3.0000E-04 )
  displacement maximum:    9.9551E-02 .  (  1.8000E-03 )
  displacement rms:        1.9020E-02 .  (  1.2000E-03 )
  
  predicted energy change: -9.7083E-04
  step size:     0.30014
  trust radius:  0.30000
---------------- geometry iteration   8 complete ----------------
geopt (optimize geometry) done.
onee (1-electron integrals) done.
probe (project orbitals) done.
grid (grid generation) done.
rwr (Q operators) done.
  
       i  u  d  i  g
       t  p  i  c  r                                 RMS    maximum
       e  d  i  u  i                       energy  density   DIIS  
       r  t  s  t  d       total energy    change  change    error 
  
etot    1  N  N  2  U   -1729.26962227795           3.7E-04  8.7E-03
etot    2  Y  Y  6  M   -1729.30165295918  3.2E-02  6.0E-05  8.8E-04
etot    3  N  Y  2  U   -1729.30130759720 -3.5E-04  4.2E-05  1.5E-03
etot    4  N  Y  2  U   -1729.30171494129  4.1E-04  1.3E-05  4.2E-04
etot    5  N  Y  2  U   -1729.30174905927  3.4E-05  4.8E-06  2.1E-04
etot    6  N  N  2  U   -1729.30175482205  5.8E-06  0.0E+00  0.0E+00
scf (DFT) done.
der1a (1-e 1st deriv.) done.
rwr (1st deriv. Q) done.
der1b (2-e 1st deriv.) done.
  Geometry optimization step   9
  Total energy:     -1729.35719830766 hartrees
  energy change:          -3.9973E-04 .  (  5.0000E-05 )
  gradient maximum:        8.2230E-03 .  (  4.5000E-04 )
  gradient rms:            1.0865E-03 .  (  3.0000E-04 )
  displacement maximum:    1.1183E-01 .  (  1.8000E-03 )
  displacement rms:        1.9011E-02 .  (  1.2000E-03 )
  
  predicted energy change: -7.1473E-04
  step size:     0.29999
  trust radius:  0.30000
---------------- geometry iteration   9 complete ----------------
geopt (optimize geometry) done.
onee (1-electron integrals) done.
probe (project orbitals) done.
grid (grid generation) done.
rwr (Q operators) done.
  
       i  u  d  i  g
       t  p  i  c  r                                 RMS    maximum
       e  d  i  u  i                       energy  density   DIIS  
       r  t  s  t  d       total energy    change  change    error 
  
etot    1  N  N  2  U   -1729.25655885634           4.3E-04  8.2E-03
etot    2  Y  Y  6  M   -1729.30203253055  4.5E-02  9.4E-05  1.2E-03
etot    3  N  Y  2  U   -1729.30113235039 -9.0E-04  7.0E-05  2.3E-03
etot    4  Y  Y  6  M   -1729.30234010065  1.2E-03  1.7E-05  4.7E-04
etot    5  N  Y  2  U   -1729.30234126424  1.2E-06  6.6E-06  2.1E-04
etot    6  N  Y  2  U   -1729.30235264164  1.1E-05  2.2E-06  4.9E-05
etot    7  N  N  2  U   -1729.30235300198  3.6E-07  0.0E+00  0.0E+00
scf (DFT) done.
der1a (1-e 1st deriv.) done.
rwr (1st deriv. Q) done.
der1b (2-e 1st deriv.) done.
  Geometry optimization step  10
  Total energy:     -1729.35815262505 hartrees
  energy change:          -9.5432E-04 .  (  5.0000E-05 )
  gradient maximum:        3.9559E-03 .  (  4.5000E-04 )
  gradient rms:            8.4887E-04 .  (  3.0000E-04 )
  displacement maximum:    1.1616E-01 .  (  1.8000E-03 )
  displacement rms:        1.9010E-02 .  (  1.2000E-03 )
  
  predicted energy change: -1.0614E-03
  step size:     0.29997
  trust radius:  0.30000
---------------- geometry iteration  10 complete ----------------
geopt (optimize geometry) done.
onee (1-electron integrals) done.
probe (project orbitals) done.
grid (grid generation) done.
rwr (Q operators) done.
  
       i  u  d  i  g
       t  p  i  c  r                                 RMS    maximum
       e  d  i  u  i                       energy  density   DIIS  
       r  t  s  t  d       total energy    change  change    error 
  
etot    1  N  N  2  U   -1729.26234858222           4.0E-04  7.1E-03
etot    2  Y  Y  6  M   -1729.30238372960  4.0E-02  1.0E-04  1.1E-03
etot    3  N  Y  2  U   -1729.30113551384 -1.2E-03  7.7E-05  2.8E-03
etot    4  Y  Y  6  M   -1729.30266486965  1.5E-03  1.9E-05  5.7E-04
etot    5  N  Y  2  U   -1729.30267449878  9.6E-06  8.5E-06  3.6E-04
etot    6  N  Y  2  U   -1729.30269625548  2.2E-05  2.6E-06  6.4E-05
etot    7  N  N  2  U   -1729.30269730801  1.1E-06  0.0E+00  0.0E+00
scf (DFT) done.
der1a (1-e 1st deriv.) done.
rwr (1st deriv. Q) done.
der1b (2-e 1st deriv.) done.
  Geometry optimization step  11
  Total energy:     -1729.35881973381 hartrees
  energy change:          -6.6711E-04 .  (  5.0000E-05 )
  gradient maximum:        3.5841E-03 .  (  4.5000E-04 )
  gradient rms:            7.4062E-04 .  (  3.0000E-04 )
  displacement maximum:    1.1236E-01 .  (  1.8000E-03 )
  displacement rms:        1.9031E-02 .  (  1.2000E-03 )
  
  predicted energy change: -7.1526E-04
  step size:     0.30031
  trust radius:  0.30000
---------------- geometry iteration  11 complete ----------------
geopt (optimize geometry) done.
onee (1-electron integrals) done.
probe (project orbitals) done.
grid (grid generation) done.
rwr (Q operators) done.
  
       i  u  d  i  g
       t  p  i  c  r                                 RMS    maximum
       e  d  i  u  i                       energy  density   DIIS  
       r  t  s  t  d       total energy    change  change    error 
  
etot    1  N  N  2  U   -1729.25656426798           4.2E-04  1.2E-02
etot    2  Y  Y  6  M   -1729.30202586054  4.5E-02  1.2E-04  1.3E-03
etot    3  N  Y  2  U   -1729.30027059038 -1.8E-03  9.2E-05  3.3E-03
etot    4  Y  Y  6  M   -1729.30243811125  2.2E-03  2.0E-05  6.4E-04
etot    5  N  Y  2  U   -1729.30243852081  4.1E-07  9.1E-06  4.1E-04
etot    6  N  Y  2  U   -1729.30246213415  2.4E-05  3.0E-06  8.1E-05
etot    7  N  N  2  U   -1729.30246347756  1.3E-06  0.0E+00  0.0E+00
scf (DFT) done.
der1a (1-e 1st deriv.) done.
rwr (1st deriv. Q) done.
der1b (2-e 1st deriv.) done.
  Geometry optimization step  12
  Total energy:     -1729.35915477394 hartrees
  energy change:          -3.3504E-04 .  (  5.0000E-05 )
  gradient maximum:        3.3392E-03 .  (  4.5000E-04 )
  gradient rms:            7.0987E-04 .  (  3.0000E-04 )
  displacement maximum:    8.9996E-02 .  (  1.8000E-03 )
  displacement rms:        1.1551E-02 .  (  1.2000E-03 )
  
  predicted energy change: -3.1409E-04
  step size:     0.18228
  trust radius:  0.30000
---------------- geometry iteration  12 complete ----------------
geopt (optimize geometry) done.
onee (1-electron integrals) done.
probe (project orbitals) done.
grid (grid generation) done.
rwr (Q operators) done.
  
       i  u  d  i  g
       t  p  i  c  r                                 RMS    maximum
       e  d  i  u  i                       energy  density   DIIS  
       r  t  s  t  d       total energy    change  change    error 
  
etot    1  N  N  2  U   -1729.28854911258           2.5E-04  1.3E-02
etot    2  Y  Y  6  M   -1729.30275778537  1.4E-02  4.2E-05  7.2E-04
etot    3  N  Y  2  U   -1729.30261830878 -1.4E-04  3.2E-05  8.7E-04
etot    4  N  Y  2  U   -1729.30282683810  2.1E-04  9.6E-06  3.3E-04
etot    5  N  Y  2  U   -1729.30284519028  1.8E-05  2.9E-06  9.6E-05
etot    6  N  N  2  U   -1729.30284727204  2.1E-06  0.0E+00  0.0E+00
scf (DFT) done.
der1a (1-e 1st deriv.) done.
rwr (1st deriv. Q) done.
der1b (2-e 1st deriv.) done.
  Geometry optimization step  13
  Total energy:     -1729.35943660184 hartrees
  energy change:          -2.8183E-04 .  (  5.0000E-05 )
  gradient maximum:        3.2994E-03 .  (  4.5000E-04 )
  gradient rms:            5.9658E-04 .  (  3.0000E-04 )
  displacement maximum:    3.4268E-02 .  (  1.8000E-03 )
  displacement rms:        7.7760E-03 .  (  1.2000E-03 )
  
  predicted energy change: -2.2022E-04
  step size:     0.12270
  trust radius:  0.30000
---------------- geometry iteration  13 complete ----------------
geopt (optimize geometry) done.
onee (1-electron integrals) done.
probe (project orbitals) done.
grid (grid generation) done.
rwr (Q operators) done.
  
       i  u  d  i  g
       t  p  i  c  r                                 RMS    maximum
       e  d  i  u  i                       energy  density   DIIS  
       r  t  s  t  d       total energy    change  change    error 
  
etot    1  N  N  2  U   -1729.29967170489           1.3E-04  3.4E-03
etot    2  Y  Y  6  M   -1729.30279757620  3.1E-03  2.5E-05  2.8E-04
etot    3  N  Y  2  U   -1729.30272288906 -7.5E-05  1.8E-05  7.8E-04
etot    4  N  Y  2  U   -1729.30280555518  8.3E-05  5.4E-06  3.1E-04
etot    5  N  Y  2  U   -1729.30281159565  6.0E-06  2.0E-06  1.2E-04
etot    6  N  N  2  U   -1729.30281277523  1.2E-06  0.0E+00  0.0E+00
scf (DFT) done.
der1a (1-e 1st deriv.) done.
rwr (1st deriv. Q) done.
der1b (2-e 1st deriv.) done.
  Geometry optimization step  14
  Total energy:     -1729.35932851416 hartrees
  energy change:           1.0809E-04 .  (  5.0000E-05 )
  gradient maximum:        2.5085E-03 .  (  4.5000E-04 )
  gradient rms:            4.5161E-04 .  (  3.0000E-04 )
  displacement maximum:    1.3092E-02 .  (  1.8000E-03 )
  displacement rms:        2.7442E-03 .  (  1.2000E-03 )
  
  predicted energy change: -6.4017E-05
  step size:     0.04330
  trust radius:  0.30000
---------------- geometry iteration  14 complete ----------------
geopt (optimize geometry) done.
onee (1-electron integrals) done.
probe (project orbitals) done.
grid (grid generation) done.
rwr (Q operators) done.
  
       i  u  d  i  g
       t  p  i  c  r                                 RMS    maximum
       e  d  i  u  i                       energy  density   DIIS  
       r  t  s  t  d       total energy    change  change    error 
  
etot    1  N  N  2  U   -1729.30218824148           5.5E-05  1.5E-03
etot    2  Y  Y  6  M   -1729.30286811069  6.8E-04  1.2E-05  1.7E-04
etot    3  N  Y  2  U   -1729.30285605160 -1.2E-05  1.0E-05  5.4E-04
etot    4  N  Y  2  U   -1729.30288050743  2.4E-05  2.9E-06  1.7E-04
etot    5  N  N  2  U   -1729.30288271047  2.2E-06  0.0E+00  0.0E+00
scf (DFT) done.
der1a (1-e 1st deriv.) done.
rwr (1st deriv. Q) done.
der1b (2-e 1st deriv.) done.
  Geometry optimization step  15
  Total energy:     -1729.35948878750 hartrees
  energy change:          -1.6027E-04 .  (  5.0000E-05 )
  gradient maximum:        1.2389E-03 .  (  4.5000E-04 )
  gradient rms:            1.6186E-04 *  (  3.0000E-04 )
  displacement maximum:    2.4860E-02 .  (  1.8000E-03 )
  displacement rms:        3.5403E-03 .  (  1.2000E-03 )
  
  predicted energy change: -2.1382E-05
  step size:     0.05586
  trust radius:  0.30000
---------------- geometry iteration  15 complete ----------------
geopt (optimize geometry) done.
onee (1-electron integrals) done.
probe (project orbitals) done.
grid (grid generation) done.
rwr (Q operators) done.
  
       i  u  d  i  g
       t  p  i  c  r                                 RMS    maximum
       e  d  i  u  i                       energy  density   DIIS  
       r  t  s  t  d       total energy    change  change    error 
  
etot    1  N  N  2  U   -1729.30157205599           8.4E-05  3.9E-03
etot    2  Y  Y  6  M   -1729.30287915557  1.3E-03  1.3E-05  2.3E-04
etot    3  N  Y  2  U   -1729.30287666556 -2.5E-06  1.0E-05  3.8E-04
etot    4  N  Y  2  U   -1729.30289819947  2.2E-05  3.4E-06  1.7E-04
etot    5  N  N  2  U   -1729.30290052720  2.3E-06  0.0E+00  0.0E+00
scf (DFT) done.
der1a (1-e 1st deriv.) done.
rwr (1st deriv. Q) done.
der1b (2-e 1st deriv.) done.
  Geometry optimization step  16
  Total energy:     -1729.35952959694 hartrees
  energy change:          -4.0809E-05 *  (  5.0000E-05 )
  gradient maximum:        6.3795E-04 .  (  4.5000E-04 )
  gradient rms:            1.3133E-04 *  (  3.0000E-04 )
  displacement maximum:    1.7134E-02 .  (  1.8000E-03 )
  displacement rms:        3.0224E-03 .  (  1.2000E-03 )
  
  predicted energy change: -2.0170E-05
  step size:     0.04769
  trust radius:  0.30000
---------------- geometry iteration  16 complete ----------------
geopt (optimize geometry) done.
onee (1-electron integrals) done.
probe (project orbitals) done.
grid (grid generation) done.
rwr (Q operators) done.
  
       i  u  d  i  g
       t  p  i  c  r                                 RMS    maximum
       e  d  i  u  i                       energy  density   DIIS  
       r  t  s  t  d       total energy    change  change    error 
  
etot    1  N  N  2  U   -1729.30232365697           5.3E-05  1.9E-03
etot    2  Y  Y  6  M   -1729.30287298597  5.5E-04  1.3E-05  2.0E-04
etot    3  N  Y  2  U   -1729.30285001305 -2.3E-05  1.1E-05  6.0E-04
etot    4  N  Y  2  U   -1729.30288127610  3.1E-05  3.1E-06  1.6E-04
etot    5  N  N  2  U   -1729.30288323199  2.0E-06  0.0E+00  0.0E+00
scf (DFT) done.
der1a (1-e 1st deriv.) done.
rwr (1st deriv. Q) done.
der1b (2-e 1st deriv.) done.
  Geometry optimization step  17
  Total energy:     -1729.35950904494 hartrees
  energy change:           2.0552E-05 *  (  5.0000E-05 )
  gradient maximum:        8.6972E-04 .  (  4.5000E-04 )
  gradient rms:            1.4871E-04 *  (  3.0000E-04 )
  displacement maximum:    5.0287E-02 .  (  1.8000E-03 )
  displacement rms:        9.4320E-03 .  (  1.2000E-03 )
  
  predicted energy change: -4.2565E-05
  step size:     0.14883
  trust radius:  0.30000
---------------- geometry iteration  17 complete ----------------
geopt (optimize geometry) done.
onee (1-electron integrals) done.
probe (project orbitals) done.
grid (grid generation) done.
rwr (Q operators) done.
  
       i  u  d  i  g
       t  p  i  c  r                                 RMS    maximum
       e  d  i  u  i                       energy  density   DIIS  
       r  t  s  t  d       total energy    change  change    error 
  
etot    1  N  N  2  U   -1729.29621210328           1.8E-04  5.6E-03
etot    2  Y  Y  6  M   -1729.30282305852  6.6E-03  2.9E-05  5.1E-04
etot    3  N  Y  2  U   -1729.30277349852 -5.0E-05  2.1E-05  7.2E-04
etot    4  N  Y  2  U   -1729.30287576077  1.0E-04  6.6E-06  1.7E-04
etot    5  N  Y  2  U   -1729.30288321500  7.5E-06  2.3E-06  7.0E-05
etot    6  N  N  2  U   -1729.30288447730  1.3E-06  0.0E+00  0.0E+00
scf (DFT) done.
der1a (1-e 1st deriv.) done.
rwr (1st deriv. Q) done.
der1b (2-e 1st deriv.) done.
  Geometry optimization step  18
  Total energy:     -1729.35948837226 hartrees
  energy change:           2.0673E-05 *  (  5.0000E-05 )
  gradient maximum:        1.4435E-03 .  (  4.5000E-04 )
  gradient rms:            2.3831E-04 *  (  3.0000E-04 )
  displacement maximum:    1.0985E-02 .  (  1.8000E-03 )
  displacement rms:        2.2235E-03 .  (  1.2000E-03 )
  
  predicted energy change: -2.1263E-05
  step size:     0.03509
  trust radius:  0.30000
---------------- geometry iteration  18 complete ----------------
geopt (optimize geometry) done.
onee (1-electron integrals) done.
probe (project orbitals) done.
grid (grid generation) done.
rwr (Q operators) done.
  
       i  u  d  i  g
       t  p  i  c  r                                 RMS    maximum
       e  d  i  u  i                       energy  density   DIIS  
       r  t  s  t  d       total energy    change  change    error 
  
etot    1  N  N  2  U   -1729.30241503497           4.9E-05  1.4E-03
etot    2  N  Y  2  U   -1729.30294882608  5.3E-04  8.5E-06  1.1E-04
etot    3  N  Y  2  U   -1729.30294061109 -8.2E-06  6.2E-06  2.2E-04
etot    4  N  Y  2  U   -1729.30295166683  1.1E-05  1.7E-06  5.6E-05
etot    5  N  N  2  U   -1729.30295212518  4.6E-07  0.0E+00  0.0E+00
scf (DFT) done.
der1a (1-e 1st deriv.) done.
rwr (1st deriv. Q) done.
der1b (2-e 1st deriv.) done.
  Geometry optimization step  19
  Total energy:     -1729.35955745813 hartrees
  energy change:          -6.9086E-05 .  (  5.0000E-05 )
  gradient maximum:        1.1815E-03 .  (  4.5000E-04 )
  gradient rms:            1.5818E-04 *  (  3.0000E-04 )
  displacement maximum:    5.1703E-02 .  (  1.8000E-03 )
  displacement rms:        1.1081E-02 .  (  1.2000E-03 )
  
  predicted energy change: -4.6171E-05
  step size:     0.17485
  trust radius:  0.30000
---------------- geometry iteration  19 complete ----------------
geopt (optimize geometry) done.
onee (1-electron integrals) done.
probe (project orbitals) done.
grid (grid generation) done.
rwr (Q operators) done.
  
       i  u  d  i  g
       t  p  i  c  r                                 RMS    maximum
       e  d  i  u  i                       energy  density   DIIS  
       r  t  s  t  d       total energy    change  change    error 
  
etot    1  N  N  2  U   -1729.29073406465           2.5E-04  6.4E-03
etot    2  Y  Y  6  M   -1729.30268395725  1.2E-02  4.2E-05  5.6E-04
etot    3  N  Y  2  U   -1729.30241461363 -2.7E-04  3.2E-05  1.1E-03
etot    4  N  Y  2  U   -1729.30267654963  2.6E-04  1.0E-05  4.0E-04
etot    5  N  Y  2  U   -1729.30269473583  1.8E-05  4.1E-06  2.1E-04
etot    6  N  N  2  U   -1729.30269997640  5.2E-06  0.0E+00  0.0E+00
scf (DFT) done.
der1a (1-e 1st deriv.) done.
rwr (1st deriv. Q) done.
der1b (2-e 1st deriv.) done.
  Geometry optimization step  20
  Total energy:     -1729.35934150157 hartrees
  energy change:           2.1596E-04 .  (  5.0000E-05 )
  gradient maximum:        1.3077E-03 .  (  4.5000E-04 )
  gradient rms:            2.4668E-04 *  (  3.0000E-04 )
  displacement maximum:    1.5082E-02 .  (  1.8000E-03 )
  displacement rms:        2.8844E-03 .  (  1.2000E-03 )
  
  predicted energy change: -1.6283E-05
  step size:     0.04551
  trust radius:  0.30000
---------------- geometry iteration  20 complete ----------------
geopt (optimize geometry) done.
onee (1-electron integrals) done.
probe (project orbitals) done.
grid (grid generation) done.
rwr (Q operators) done.
  
       i  u  d  i  g
       t  p  i  c  r                                 RMS    maximum
       e  d  i  u  i                       energy  density   DIIS  
       r  t  s  t  d       total energy    change  change    error 
  
etot    1  N  N  2  U   -1729.30161116173           7.1E-05  2.3E-03
etot    2  Y  Y  6  M   -1729.30257150183  9.6E-04  1.8E-05  2.5E-04
etot    3  N  Y  2  U   -1729.30251093927 -6.1E-05  1.4E-05  7.8E-04
etot    4  N  Y  2  U   -1729.30257231425  6.1E-05  2.8E-06  1.1E-04
etot    5  N  N  2  U   -1729.30257345528  1.1E-06  0.0E+00  0.0E+00
scf (DFT) done.
der1a (1-e 1st deriv.) done.
rwr (1st deriv. Q) done.
der1b (2-e 1st deriv.) done.
  Geometry optimization step  21
  Total energy:     -1729.35929490294 hartrees
  energy change:           4.6599E-05 *  (  5.0000E-05 )
  gradient maximum:        1.9627E-03 .  (  4.5000E-04 )
  gradient rms:            2.8943E-04 *  (  3.0000E-04 )
  displacement maximum:    1.8483E-02 .  (  1.8000E-03 )
  displacement rms:        3.7028E-03 .  (  1.2000E-03 )
  
  predicted energy change: -2.6736E-05
  step size:     0.05843
  trust radius:  0.30000
---------------- geometry iteration  21 complete ----------------
geopt (optimize geometry) done.
onee (1-electron integrals) done.
probe (project orbitals) done.
grid (grid generation) done.
rwr (Q operators) done.
  
       i  u  d  i  g
       t  p  i  c  r                                 RMS    maximum
       e  d  i  u  i                       energy  density   DIIS  
       r  t  s  t  d       total energy    change  change    error 
  
etot    1  N  N  2  U   -1729.30167731658           6.9E-05  2.3E-03
etot    2  Y  Y  6  M   -1729.30268029544  1.0E-03  2.3E-05  2.3E-04
etot    3  N  Y  2  U   -1729.30260646375 -7.4E-05  1.8E-05  7.3E-04
etot    4  N  Y  2  U   -1729.30270921934  1.0E-04  3.8E-06  1.6E-04
etot    5  N  N  2  U   -1729.30271168218  2.5E-06  0.0E+00  0.0E+00
scf (DFT) done.
der1a (1-e 1st deriv.) done.
rwr (1st deriv. Q) done.
der1b (2-e 1st deriv.) done.
  Geometry optimization step  22
  Total energy:     -1729.35940871294 hartrees
  energy change:          -1.1381E-04 .  (  5.0000E-05 )
  gradient maximum:        1.5604E-03 .  (  4.5000E-04 )
  gradient rms:            2.2377E-04 *  (  3.0000E-04 )
  displacement maximum:    6.1752E-03 .  (  1.8000E-03 )
  displacement rms:        1.6066E-03 .  (  1.2000E-03 )
  
  predicted energy change: -1.3754E-05
  step size:     0.02535
  trust radius:  0.30000
---------------- geometry iteration  22 complete ----------------
geopt (optimize geometry) done.
onee (1-electron integrals) done.
probe (project orbitals) done.
grid (grid generation) done.
rwr (Q operators) done.
  
       i  u  d  i  g
       t  p  i  c  r                                 RMS    maximum
       e  d  i  u  i                       energy  density   DIIS  
       r  t  s  t  d       total energy    change  change    error 
  
etot    1  N  N  2  U   -1729.30242069403           4.0E-05  9.2E-04
etot    2  N  Y  2  U   -1729.30274622140  3.3E-04  1.5E-05  1.6E-04
etot    3  N  Y  2  U   -1729.30271435796 -3.2E-05  1.1E-05  4.5E-04
etot    4  N  Y  2  U   -1729.30275333679  3.9E-05  1.9E-06  8.1E-05
etot    5  N  N  2  U   -1729.30275392923  5.9E-07  0.0E+00  0.0E+00
scf (DFT) done.
der1a (1-e 1st deriv.) done.
rwr (1st deriv. Q) done.
der1b (2-e 1st deriv.) done.
  Geometry optimization step  23
  Total energy:     -1729.35940967154 hartrees
  energy change:          -9.5860E-07 #  (  5.0000E-05 )
  gradient maximum:        8.3330E-04 .  (  4.5000E-04 )
  gradient rms:            1.0509E-04 *  (  3.0000E-04 )
  displacement maximum:    6.5261E-03 .  (  1.8000E-03 )
  displacement rms:        1.1845E-03 *  (  1.2000E-03 )
  
  predicted energy change: -3.6208E-06
  step size:     0.01869
  trust radius:  0.30000
---------------- geometry iteration  23 complete ----------------
geopt (optimize geometry) done.
onee (1-electron integrals) done.
probe (project orbitals) done.
grid (grid generation) done.
rwr (Q operators) done.
  
       i  u  d  i  g
       t  p  i  c  r                                 RMS    maximum
       e  d  i  u  i                       energy  density   DIIS  
       r  t  s  t  d       total energy    change  change    error 
  
etot    1  N  N  2  U   -1729.30266535981           2.7E-05  7.4E-04
etot    2  N  Y  2  U   -1729.30281613825  1.5E-04  7.4E-06  7.8E-05
etot    3  N  Y  2  U   -1729.30280856908 -7.6E-06  5.8E-06  2.5E-04
etot    4  N  Y  2  U   -1729.30281754393  9.0E-06  1.2E-06  5.5E-05
etot    5  N  N  2  U   -1729.30281782745  2.8E-07  0.0E+00  0.0E+00
scf (DFT) done.
der1a (1-e 1st deriv.) done.
rwr (1st deriv. Q) done.
der1b (2-e 1st deriv.) done.
  Geometry optimization step  24
  Total energy:     -1729.35944329748 hartrees
  energy change:          -3.3626E-05 *  (  5.0000E-05 )
  gradient maximum:        1.6523E-04 *  (  4.5000E-04 )
  gradient rms:            3.7609E-05 #  (  3.0000E-04 )
  displacement maximum:    6.0238E-03 .  (  1.8000E-03 )
  displacement rms:        9.3081E-04 *  (  1.2000E-03 )
  
  predicted energy change: -1.2343E-06
  step size:     0.01469
  trust radius:  0.30000
------------- final geometry iteration  24 complete -------------
geopt (optimize geometry) done.
cutabab2 (abab integrals) done.
der2a (1-e JK-1st deriv.) done.
der2b (2-e JK-1st deriv.) done.
der2nda (1-e 2nd deriv.) done.
der2ndb (2-e 2nd deriv.) done.
rwr (Q operators) done.
cphfa (gradient of wave function) done.
freq (vib. frequencies) done.
Job J1_10395_2111 completed on hpc-89-32.cm.cluster at Wed May 29 16:15:40 2024
Timer (jaguar_backend.py) : 3262.14 secs (0 hrs, 54 mins, 22 secs)
Finished:   Wed May 29 16:15:40 2024
