Command:  /groups/wag/programs/Schrodinger_2020_3/jaguar run -WAIT -PARALLEL 8 /central/home/labounad/wittig-ch121/out/J1_10088_2111/J1_10088_2111.in
Release:  2020-3
Exec:     /groups/wag/programs/Schrodinger_2020_3/jaguar-v10.9/bin/Linux-x86_64
Host:     hpc-90-11.cm.cluster
JobId:    hpc-90-11-0-6658060d
JobDir:   /central/scratch/labounad/J1_10088_2111#hpc-90-11-0-6658060d
Date:     Wed May 29 21:52:31 2024

Contents of /central/scratch/labounad/J1_10088_2111#hpc-90-11-0-6658060d:
/central/scratch/labounad/J1_10088_2111#hpc-90-11-0-6658060d/J1_10088_2111.recover
/central/scratch/labounad/J1_10088_2111#hpc-90-11-0-6658060d/.write_dir.json
/central/scratch/labounad/J1_10088_2111#hpc-90-11-0-6658060d/hpc-90-11-0-6658060d
/central/scratch/labounad/J1_10088_2111#hpc-90-11-0-6658060d/hpc-90-11-0-6658060d.nodes
/central/scratch/labounad/J1_10088_2111#hpc-90-11-0-6658060d/J1_10088_2111.in
/central/scratch/labounad/J1_10088_2111#hpc-90-11-0-6658060d/hpc-90-11-0-6658060d.recover
/central/scratch/labounad/J1_10088_2111#hpc-90-11-0-6658060d/J1_10088_2111.log
/central/scratch/labounad/J1_10088_2111#hpc-90-11-0-6658060d/hpc-90-11-0-6658060d.mpinodes

Executing subprocess:
/groups/wag/programs/Schrodinger_2020_3/jaguar-v10.9/bin/Linux-x86_64/jexec J1_10088_2111.in -T 8 -out /central/scratch/labounad/J1_10088_2111#hpc-90-11-0-6658060d -cwd

Job J1_10088_2111 started on hpc-90-11.cm.cluster at Wed May 29 21:52:31 2024
jobid: hpc-90-11-0-6658060d 
Jaguar version 10.9, release 139
 Using up to   8 threads per process
Molecular Point Group: C1      
Point Group used: C1
pre (input checking) done.
onee (1-electron integrals) done.
hfig (HF initial guess) done.
probe (project orbitals) done.
grid (grid generation) done.
rwr (Q operators) done.
scf type: DFT=PBE(X+LC)+PW91 (PBE-D3)
  
       i  u  d  i  g
       t  p  i  c  r                                 RMS    maximum
       e  d  i  u  i                       energy  density   DIIS  
       r  t  s  t  d       total energy    change  change    error 
  
etot    1  N  N  5  M   -1392.20312934551           6.0E-03  1.0E-01
etot    2  Y  Y  6  M   -1389.97907354814 -2.2E+00  7.6E-03  1.3E-01
etot    3  Y  Y  6  M   -1390.52260186340  5.4E-01  5.8E-03  1.3E-01
etot    4  N  Y  2  U   -1395.55510418673  5.0E+00  2.1E-03  3.7E-02
etot    5  Y  Y  6  M   -1395.64748334666  9.2E-02  1.3E-03  3.5E-02
etot    6  N  Y  2  U   -1395.87280935188  2.3E-01  4.4E-04  1.2E-02
etot    7  Y  Y  6  M   -1395.88861534986  1.6E-02  2.4E-04  9.9E-03
etot    8  N  Y  2  U   -1395.89976104189  1.1E-02  9.0E-05  3.6E-03
etot    9  Y  Y  6  M   -1395.90180071214  2.0E-03  3.3E-05  9.8E-04
etot   10  N  Y  2  U   -1395.90185609479  5.5E-05  1.9E-05  4.6E-04
etot   11  N  Y  2  U   -1395.90191976612  6.4E-05  6.2E-06  9.0E-05
etot   12  N  Y  2  U   -1395.90192485912  5.1E-06  1.8E-06  3.4E-05
etot   13  N  N  2  U   -1395.90192534199  4.8E-07  0.0E+00  0.0E+00
scf (DFT) done.
der1a (1-e 1st deriv.) done.
rwr (1st deriv. Q) done.
der1b (2-e 1st deriv.) done.
  Geometry optimization step   1
  Total energy:     -1395.96024253318 hartrees
  gradient maximum:        3.8484E-02 .  (  4.5000E-04 )
  gradient rms:            7.7444E-03 .  (  3.0000E-04 )
  displacement maximum:    1.0661E-01 .  (  1.8000E-03 )
  displacement rms:        1.9409E-02 .  (  1.2000E-03 )
  
  predicted energy change: -2.2128E-02
  step size:     0.30006
  trust radius:  0.30000
---------------- geometry iteration   1 complete ----------------
geopt (optimize geometry) done.
onee (1-electron integrals) done.
probe (project orbitals) done.
grid (grid generation) done.
rwr (Q operators) done.
  
       i  u  d  i  g
       t  p  i  c  r                                 RMS    maximum
       e  d  i  u  i                       energy  density   DIIS  
       r  t  s  t  d       total energy    change  change    error 
  
etot    1  N  N  2  U   -1395.91140592685           2.8E-04  5.2E-03
etot    2  Y  Y  6  M   -1395.92240810702  1.1E-02  1.1E-04  1.2E-03
etot    3  N  Y  2  U   -1395.92154970707 -8.6E-04  8.0E-05  2.8E-03
etot    4  Y  Y  6  M   -1395.92279128579  1.2E-03  2.1E-05  9.0E-04
etot    5  N  Y  2  U   -1395.92291972684  1.3E-04  7.1E-06  2.0E-04
etot    6  N  Y  2  U   -1395.92292990176  1.0E-05  1.8E-06  4.2E-05
etot    7  N  N  2  U   -1395.92293030864  4.1E-07  0.0E+00  0.0E+00
scf (DFT) done.
der1a (1-e 1st deriv.) done.
rwr (1st deriv. Q) done.
der1b (2-e 1st deriv.) done.
  Geometry optimization step   2
  Total energy:     -1395.97969288143 hartrees
  energy change:          -1.9450E-02 .  (  5.0000E-05 )
  gradient maximum:        1.7000E-02 .  (  4.5000E-04 )
  gradient rms:            2.6659E-03 .  (  3.0000E-04 )
  displacement maximum:    9.1501E-02 .  (  1.8000E-03 )
  displacement rms:        1.9431E-02 .  (  1.2000E-03 )
  
  predicted energy change: -4.4323E-03
  step size:     0.30039
  trust radius:  0.30000
---------------- geometry iteration   2 complete ----------------
geopt (optimize geometry) done.
onee (1-electron integrals) done.
probe (project orbitals) done.
grid (grid generation) done.
rwr (Q operators) done.
  
       i  u  d  i  g
       t  p  i  c  r                                 RMS    maximum
       e  d  i  u  i                       energy  density   DIIS  
       r  t  s  t  d       total energy    change  change    error 
  
etot    1  N  N  2  U   -1395.89925408902           3.3E-04  1.0E-02
etot    2  Y  Y  6  M   -1395.92588562320  2.7E-02  8.7E-05  8.7E-04
etot    3  N  Y  2  U   -1395.92514333257 -7.4E-04  6.7E-05  2.0E-03
etot    4  Y  Y  6  M   -1395.92604543687  9.0E-04  1.5E-05  4.4E-04
etot    5  N  Y  2  U   -1395.92607865753  3.3E-05  5.4E-06  2.2E-04
etot    6  N  Y  2  U   -1395.92608478216  6.1E-06  1.9E-06  6.1E-05
etot    7  N  N  2  U   -1395.92608529245  5.1E-07  0.0E+00  0.0E+00
scf (DFT) done.
der1a (1-e 1st deriv.) done.
rwr (1st deriv. Q) done.
der1b (2-e 1st deriv.) done.
  Geometry optimization step   3
  Total energy:     -1395.98317034426 hartrees
  energy change:          -3.4775E-03 .  (  5.0000E-05 )
  gradient maximum:        1.2372E-02 .  (  4.5000E-04 )
  gradient rms:            1.9848E-03 .  (  3.0000E-04 )
  displacement maximum:    1.0517E-01 .  (  1.8000E-03 )
  displacement rms:        1.9412E-02 .  (  1.2000E-03 )
  
  predicted energy change: -2.1593E-03
  step size:     0.30010
  trust radius:  0.30000
---------------- geometry iteration   3 complete ----------------
geopt (optimize geometry) done.
onee (1-electron integrals) done.
probe (project orbitals) done.
grid (grid generation) done.
rwr (Q operators) done.
  
       i  u  d  i  g
       t  p  i  c  r                                 RMS    maximum
       e  d  i  u  i                       energy  density   DIIS  
       r  t  s  t  d       total energy    change  change    error 
  
etot    1  N  N  2  U   -1395.90002029144           3.4E-04  8.8E-03
etot    2  Y  Y  6  M   -1395.92731676948  2.7E-02  7.3E-05  6.3E-04
etot    3  N  Y  2  U   -1395.92669810596 -6.2E-04  5.5E-05  1.5E-03
etot    4  Y  Y  6  M   -1395.92726957902  5.7E-04  1.4E-05  4.0E-04
etot    5  N  Y  2  U   -1395.92729647923  2.7E-05  4.5E-06  1.6E-04
etot    6  N  N  2  U   -1395.92730081162  4.3E-06  0.0E+00  0.0E+00
scf (DFT) done.
der1a (1-e 1st deriv.) done.
rwr (1st deriv. Q) done.
der1b (2-e 1st deriv.) done.
  Geometry optimization step   4
  Total energy:     -1395.98371406899 hartrees
  energy change:          -5.4372E-04 .  (  5.0000E-05 )
  gradient maximum:        1.4832E-02 .  (  4.5000E-04 )
  gradient rms:            2.1061E-03 .  (  3.0000E-04 )
  displacement maximum:    5.2475E-02 .  (  1.8000E-03 )
  displacement rms:        8.4213E-03 .  (  1.2000E-03 )
  
  predicted energy change: -8.8388E-04
  step size:     0.13019
  trust radius:  0.30000
---------------- geometry iteration   4 complete ----------------
geopt (optimize geometry) done.
onee (1-electron integrals) done.
probe (project orbitals) done.
grid (grid generation) done.
rwr (Q operators) done.
  
       i  u  d  i  g
       t  p  i  c  r                                 RMS    maximum
       e  d  i  u  i                       energy  density   DIIS  
       r  t  s  t  d       total energy    change  change    error 
  
etot    1  N  N  2  U   -1395.92338533468           1.4E-04  2.9E-03
etot    2  Y  Y  6  M   -1395.92829428883  4.9E-03  2.7E-05  3.3E-04
etot    3  N  Y  2  U   -1395.92820881992 -8.5E-05  2.1E-05  9.7E-04
etot    4  N  Y  2  U   -1395.92831668384  1.1E-04  6.1E-06  2.9E-04
etot    5  N  Y  2  U   -1395.92832505403  8.4E-06  1.8E-06  4.3E-05
etot    6  N  N  2  U   -1395.92832569377  6.4E-07  0.0E+00  0.0E+00
scf (DFT) done.
der1a (1-e 1st deriv.) done.
rwr (1st deriv. Q) done.
der1b (2-e 1st deriv.) done.
  Geometry optimization step   5
  Total energy:     -1395.98476993407 hartrees
  energy change:          -1.0559E-03 .  (  5.0000E-05 )
  gradient maximum:        5.4023E-03 .  (  4.5000E-04 )
  gradient rms:            8.8706E-04 .  (  3.0000E-04 )
  displacement maximum:    4.3849E-02 .  (  1.8000E-03 )
  displacement rms:        8.3905E-03 .  (  1.2000E-03 )
  
  predicted energy change: -2.6093E-04
  step size:     0.12971
  trust radius:  0.30000
---------------- geometry iteration   5 complete ----------------
geopt (optimize geometry) done.
onee (1-electron integrals) done.
probe (project orbitals) done.
grid (grid generation) done.
rwr (Q operators) done.
  
       i  u  d  i  g
       t  p  i  c  r                                 RMS    maximum
       e  d  i  u  i                       energy  density   DIIS  
       r  t  s  t  d       total energy    change  change    error 
  
etot    1  N  N  2  U   -1395.92320252113           1.4E-04  3.1E-03
etot    2  Y  Y  6  M   -1395.92801362647  4.8E-03  2.0E-05  1.7E-04
etot    3  N  Y  2  U   -1395.92799233699 -2.1E-05  1.6E-05  4.0E-04
etot    4  N  Y  2  U   -1395.92804013218  4.8E-05  5.0E-06  1.4E-04
etot    5  N  N  2  U   -1395.92804390197  3.8E-06  0.0E+00  0.0E+00
scf (DFT) done.
der1a (1-e 1st deriv.) done.
rwr (1st deriv. Q) done.
der1b (2-e 1st deriv.) done.
  Geometry optimization step   6
  Total energy:     -1395.98483531382 hartrees
  energy change:          -6.5380E-05 .  (  5.0000E-05 )
  gradient maximum:        3.7530E-03 .  (  4.5000E-04 )
  gradient rms:            5.3036E-04 .  (  3.0000E-04 )
  displacement maximum:    6.4329E-02 .  (  1.8000E-03 )
  displacement rms:        1.1020E-02 .  (  1.2000E-03 )
  
  predicted energy change: -1.9060E-04
  step size:     0.17037
  trust radius:  0.30000
---------------- geometry iteration   6 complete ----------------
geopt (optimize geometry) done.
onee (1-electron integrals) done.
probe (project orbitals) done.
grid (grid generation) done.
rwr (Q operators) done.
  
       i  u  d  i  g
       t  p  i  c  r                                 RMS    maximum
       e  d  i  u  i                       energy  density   DIIS  
       r  t  s  t  d       total energy    change  change    error 
  
etot    1  N  N  2  U   -1395.92282485048           1.5E-04  2.8E-03
etot    2  Y  Y  6  M   -1395.92821739779  5.4E-03  2.8E-05  3.0E-04
etot    3  N  Y  2  U   -1395.92812719115 -9.0E-05  2.1E-05  6.5E-04
etot    4  N  Y  2  U   -1395.92820591359  7.9E-05  6.0E-06  2.3E-04
etot    5  N  Y  2  U   -1395.92821305591  7.1E-06  1.8E-06  5.3E-05
etot    6  N  N  2  U   -1395.92821383346  7.8E-07  0.0E+00  0.0E+00
scf (DFT) done.
der1a (1-e 1st deriv.) done.
rwr (1st deriv. Q) done.
der1b (2-e 1st deriv.) done.
  Geometry optimization step   7
  Total energy:     -1395.98493838748 hartrees
  energy change:          -1.0307E-04 .  (  5.0000E-05 )
  gradient maximum:        3.0820E-03 .  (  4.5000E-04 )
  gradient rms:            5.0991E-04 .  (  3.0000E-04 )
  displacement maximum:    1.1453E-01 .  (  1.8000E-03 )
  displacement rms:        1.9403E-02 .  (  1.2000E-03 )
  
  predicted energy change: -5.3545E-04
  step size:     0.29996
  trust radius:  0.30000
---------------- geometry iteration   7 complete ----------------
geopt (optimize geometry) done.
onee (1-electron integrals) done.
probe (project orbitals) done.
grid (grid generation) done.
rwr (Q operators) done.
  
       i  u  d  i  g
       t  p  i  c  r                                 RMS    maximum
       e  d  i  u  i                       energy  density   DIIS  
       r  t  s  t  d       total energy    change  change    error 
  
etot    1  N  N  2  U   -1395.91108715928           2.9E-04  5.6E-03
etot    2  Y  Y  6  M   -1395.92887309730  1.8E-02  5.5E-05  5.9E-04
etot    3  N  Y  2  U   -1395.92871843107 -1.5E-04  4.0E-05  1.1E-03
etot    4  N  Y  2  U   -1395.92890691232  1.9E-04  1.2E-05  3.8E-04
etot    5  N  Y  2  U   -1395.92892464021  1.8E-05  3.5E-06  1.1E-04
etot    6  N  N  2  U   -1395.92892700607  2.4E-06  0.0E+00  0.0E+00
scf (DFT) done.
der1a (1-e 1st deriv.) done.
rwr (1st deriv. Q) done.
der1b (2-e 1st deriv.) done.
  Geometry optimization step   8
  Total energy:     -1395.98547631907 hartrees
  energy change:          -5.3793E-04 .  (  5.0000E-05 )
  gradient maximum:        3.1344E-03 .  (  4.5000E-04 )
  gradient rms:            4.9654E-04 .  (  3.0000E-04 )
  displacement maximum:    1.1388E-01 .  (  1.8000E-03 )
  displacement rms:        1.9420E-02 .  (  1.2000E-03 )
  
  predicted energy change: -3.1789E-04
  step size:     0.30023
  trust radius:  0.30000
---------------- geometry iteration   8 complete ----------------
geopt (optimize geometry) done.
onee (1-electron integrals) done.
probe (project orbitals) done.
grid (grid generation) done.
rwr (Q operators) done.
  
       i  u  d  i  g
       t  p  i  c  r                                 RMS    maximum
       e  d  i  u  i                       energy  density   DIIS  
       r  t  s  t  d       total energy    change  change    error 
  
etot    1  N  N  2  U   -1395.91284192539           2.8E-04  4.4E-03
etot    2  Y  Y  6  M   -1395.92942459014  1.7E-02  5.1E-05  5.7E-04
etot    3  N  Y  2  U   -1395.92934601920 -7.9E-05  3.4E-05  5.5E-04
etot    4  N  Y  2  U   -1395.92948678483  1.4E-04  1.1E-05  2.4E-04
etot    5  N  Y  2  U   -1395.92950090666  1.4E-05  3.8E-06  1.2E-04
etot    6  N  N  2  U   -1395.92950380041  2.9E-06  0.0E+00  0.0E+00
scf (DFT) done.
der1a (1-e 1st deriv.) done.
rwr (1st deriv. Q) done.
der1b (2-e 1st deriv.) done.
  Geometry optimization step   9
  Total energy:     -1395.98571507736 hartrees
  energy change:          -2.3876E-04 .  (  5.0000E-05 )
  gradient maximum:        4.7175E-03 .  (  4.5000E-04 )
  gradient rms:            7.1854E-04 .  (  3.0000E-04 )
  displacement maximum:    2.6482E-02 .  (  1.8000E-03 )
  displacement rms:        5.0269E-03 .  (  1.2000E-03 )
  
  predicted energy change: -1.7906E-04
  step size:     0.07771
  trust radius:  0.30000
---------------- geometry iteration   9 complete ----------------
geopt (optimize geometry) done.
onee (1-electron integrals) done.
probe (project orbitals) done.
grid (grid generation) done.
rwr (Q operators) done.
  
       i  u  d  i  g
       t  p  i  c  r                                 RMS    maximum
       e  d  i  u  i                       energy  density   DIIS  
       r  t  s  t  d       total energy    change  change    error 
  
etot    1  N  N  2  U   -1395.92761317961           9.0E-05  1.7E-03
etot    2  Y  Y  6  M   -1395.92947774331  1.9E-03  1.9E-05  2.1E-04
etot    3  N  Y  2  U   -1395.92945094815 -2.7E-05  1.5E-05  4.8E-04
etot    4  N  Y  2  U   -1395.92948718423  3.6E-05  3.2E-06  8.5E-05
etot    5  N  N  2  U   -1395.92948858831  1.4E-06  0.0E+00  0.0E+00
scf (DFT) done.
der1a (1-e 1st deriv.) done.
rwr (1st deriv. Q) done.
der1b (2-e 1st deriv.) done.
  Geometry optimization step  10
  Total energy:     -1395.98575327509 hartrees
  energy change:          -3.8198E-05 *  (  5.0000E-05 )
  gradient maximum:        3.7882E-03 .  (  4.5000E-04 )
  gradient rms:            4.4747E-04 .  (  3.0000E-04 )
  displacement maximum:    3.2906E-02 .  (  1.8000E-03 )
  displacement rms:        5.7535E-03 .  (  1.2000E-03 )
  
  predicted energy change: -1.1385E-04
  step size:     0.08895
  trust radius:  0.30000
---------------- geometry iteration  10 complete ----------------
geopt (optimize geometry) done.
onee (1-electron integrals) done.
probe (project orbitals) done.
grid (grid generation) done.
rwr (Q operators) done.
  
       i  u  d  i  g
       t  p  i  c  r                                 RMS    maximum
       e  d  i  u  i                       energy  density   DIIS  
       r  t  s  t  d       total energy    change  change    error 
  
etot    1  N  N  2  U   -1395.92758854365           9.7E-05  2.8E-03
etot    2  Y  Y  6  M   -1395.92979838798  2.2E-03  2.6E-05  2.7E-04
etot    3  N  Y  2  U   -1395.92974236783 -5.6E-05  2.0E-05  6.8E-04
etot    4  N  Y  2  U   -1395.92983123572  8.9E-05  3.5E-06  1.0E-04
etot    5  N  N  2  U   -1395.92983279674  1.6E-06  0.0E+00  0.0E+00
scf (DFT) done.
der1a (1-e 1st deriv.) done.
rwr (1st deriv. Q) done.
der1b (2-e 1st deriv.) done.
  Geometry optimization step  11
  Total energy:     -1395.98614159304 hartrees
  energy change:          -3.8832E-04 .  (  5.0000E-05 )
  gradient maximum:        1.4660E-03 .  (  4.5000E-04 )
  gradient rms:            2.5156E-04 *  (  3.0000E-04 )
  displacement maximum:    4.2504E-02 .  (  1.8000E-03 )
  displacement rms:        9.1587E-03 .  (  1.2000E-03 )
  
  predicted energy change: -7.1934E-05
  step size:     0.14159
  trust radius:  0.30000
---------------- geometry iteration  11 complete ----------------
geopt (optimize geometry) done.
onee (1-electron integrals) done.
probe (project orbitals) done.
grid (grid generation) done.
rwr (Q operators) done.
  
       i  u  d  i  g
       t  p  i  c  r                                 RMS    maximum
       e  d  i  u  i                       energy  density   DIIS  
       r  t  s  t  d       total energy    change  change    error 
  
etot    1  N  N  2  U   -1395.92263696955           1.7E-04  3.0E-03
etot    2  Y  Y  6  M   -1395.92969161345  7.1E-03  2.8E-05  2.6E-04
etot    3  N  Y  2  U   -1395.92961634709 -7.5E-05  2.2E-05  6.7E-04
etot    4  N  Y  2  U   -1395.92969670527  8.0E-05  7.1E-06  2.7E-04
etot    5  N  Y  2  U   -1395.92970685619  1.0E-05  2.0E-06  5.5E-05
etot    6  N  N  2  U   -1395.92970755881  7.0E-07  0.0E+00  0.0E+00
scf (DFT) done.
der1a (1-e 1st deriv.) done.
rwr (1st deriv. Q) done.
der1b (2-e 1st deriv.) done.
  Geometry optimization step  12
  Total energy:     -1395.98601907558 hartrees
  energy change:           1.2252E-04 .  (  5.0000E-05 )
  gradient maximum:        1.2829E-03 .  (  4.5000E-04 )
  gradient rms:            2.5186E-04 *  (  3.0000E-04 )
  displacement maximum:    1.5011E-02 .  (  1.8000E-03 )
  displacement rms:        3.3783E-03 .  (  1.2000E-03 )
  
  predicted energy change: -3.3004E-05
  step size:     0.05223
  trust radius:  0.30000
---------------- geometry iteration  12 complete ----------------
geopt (optimize geometry) done.
onee (1-electron integrals) done.
probe (project orbitals) done.
grid (grid generation) done.
rwr (Q operators) done.
  
       i  u  d  i  g
       t  p  i  c  r                                 RMS    maximum
       e  d  i  u  i                       energy  density   DIIS  
       r  t  s  t  d       total energy    change  change    error 
  
etot    1  N  N  2  U   -1395.92859575716           7.0E-05  1.3E-03
etot    2  Y  Y  6  M   -1395.92981329220  1.2E-03  1.3E-05  1.2E-04
etot    3  N  Y  2  U   -1395.92980393640 -9.4E-06  9.1E-06  2.5E-04
etot    4  N  Y  2  U   -1395.92981625473  1.2E-05  2.8E-06  8.6E-05
etot    5  N  N  2  U   -1395.92981713900  8.8E-07  0.0E+00  0.0E+00
scf (DFT) done.
der1a (1-e 1st deriv.) done.
rwr (1st deriv. Q) done.
der1b (2-e 1st deriv.) done.
  Geometry optimization step  13
  Total energy:     -1395.98602438385 hartrees
  energy change:          -5.3083E-06 *  (  5.0000E-05 )
  gradient maximum:        1.4368E-03 .  (  4.5000E-04 )
  gradient rms:            2.2205E-04 *  (  3.0000E-04 )
  displacement maximum:    1.6717E-02 .  (  1.8000E-03 )
  displacement rms:        2.5109E-03 .  (  1.2000E-03 )
  
  predicted energy change: -2.0579E-05
  step size:     0.03882
  trust radius:  0.30000
---------------- geometry iteration  13 complete ----------------
geopt (optimize geometry) done.
onee (1-electron integrals) done.
probe (project orbitals) done.
grid (grid generation) done.
rwr (Q operators) done.
  
       i  u  d  i  g
       t  p  i  c  r                                 RMS    maximum
       e  d  i  u  i                       energy  density   DIIS  
       r  t  s  t  d       total energy    change  change    error 
  
etot    1  N  N  2  U   -1395.92904676954           5.3E-05  1.2E-03
etot    2  Y  Y  6  M   -1395.92978898610  7.4E-04  7.3E-06  8.8E-05
etot    3  N  Y  2  U   -1395.92977684919 -1.2E-05  5.7E-06  2.4E-04
etot    4  N  Y  2  U   -1395.92978327109  6.4E-06  1.9E-06  9.0E-05
etot    5  N  N  2  U   -1395.92978414774  8.8E-07  0.0E+00  0.0E+00
scf (DFT) done.
der1a (1-e 1st deriv.) done.
rwr (1st deriv. Q) done.
der1b (2-e 1st deriv.) done.
  Geometry optimization step  14
  Total energy:     -1395.98604990974 hartrees
  energy change:          -2.5526E-05 *  (  5.0000E-05 )
  gradient maximum:        6.4220E-04 .  (  4.5000E-04 )
  gradient rms:            1.1305E-04 *  (  3.0000E-04 )
  displacement maximum:    1.4451E-02 .  (  1.8000E-03 )
  displacement rms:        3.1642E-03 .  (  1.2000E-03 )
  
  predicted energy change: -1.2285E-05
  step size:     0.04892
  trust radius:  0.30000
---------------- geometry iteration  14 complete ----------------
geopt (optimize geometry) done.
onee (1-electron integrals) done.
probe (project orbitals) done.
grid (grid generation) done.
rwr (Q operators) done.
  
       i  u  d  i  g
       t  p  i  c  r                                 RMS    maximum
       e  d  i  u  i                       energy  density   DIIS  
       r  t  s  t  d       total energy    change  change    error 
  
etot    1  N  N  2  U   -1395.92902772611           5.6E-05  9.3E-04
etot    2  Y  Y  6  M   -1395.92981207533  7.8E-04  6.9E-06  6.4E-05
etot    3  N  Y  2  U   -1395.92981188704 -1.9E-07  5.3E-06  1.4E-04
etot    4  N  Y  2  U   -1395.92981513709  3.3E-06  2.0E-06  6.7E-05
etot    5  N  N  2  U   -1395.92981566590  5.3E-07  0.0E+00  0.0E+00
scf (DFT) done.
der1a (1-e 1st deriv.) done.
rwr (1st deriv. Q) done.
der1b (2-e 1st deriv.) done.
  Geometry optimization step  15
  Total energy:     -1395.98614943477 hartrees
  energy change:          -9.9525E-05 .  (  5.0000E-05 )
  gradient maximum:        1.1246E-03 .  (  4.5000E-04 )
  gradient rms:            1.6954E-04 *  (  3.0000E-04 )
  displacement maximum:    9.4171E-03 .  (  1.8000E-03 )
  displacement rms:        1.9315E-03 .  (  1.2000E-03 )
  
  predicted energy change: -1.0931E-05
  step size:     0.02986
  trust radius:  0.30000
---------------- geometry iteration  15 complete ----------------
geopt (optimize geometry) done.
onee (1-electron integrals) done.
probe (project orbitals) done.
grid (grid generation) done.
rwr (Q operators) done.
  
       i  u  d  i  g
       t  p  i  c  r                                 RMS    maximum
       e  d  i  u  i                       energy  density   DIIS  
       r  t  s  t  d       total energy    change  change    error 
  
etot    1  N  N  2  U   -1395.92956633374           3.4E-05  6.3E-04
etot    2  N  Y  2  U   -1395.92981930579  2.5E-04  6.5E-06  7.1E-05
etot    3  N  Y  2  U   -1395.92981775502 -1.6E-06  4.4E-06  8.1E-05
etot    4  N  N  2  U   -1395.92982063105  2.9E-06  0.0E+00  0.0E+00
scf (DFT) done.
der1a (1-e 1st deriv.) done.
rwr (1st deriv. Q) done.
der1b (2-e 1st deriv.) done.
  Geometry optimization step  16
  Total energy:     -1395.98610758416 hartrees
  energy change:           4.1851E-05 *  (  5.0000E-05 )
  gradient maximum:        8.0316E-04 .  (  4.5000E-04 )
  gradient rms:            1.2136E-04 *  (  3.0000E-04 )
  displacement maximum:    1.6523E-02 .  (  1.8000E-03 )
  displacement rms:        2.4949E-03 .  (  1.2000E-03 )
  
  predicted energy change: -7.9332E-06
  step size:     0.03857
  trust radius:  0.30000
---------------- geometry iteration  16 complete ----------------
geopt (optimize geometry) done.
onee (1-electron integrals) done.
probe (project orbitals) done.
grid (grid generation) done.
rwr (Q operators) done.
  
       i  u  d  i  g
       t  p  i  c  r                                 RMS    maximum
       e  d  i  u  i                       energy  density   DIIS  
       r  t  s  t  d       total energy    change  change    error 
  
etot    1  N  N  2  U   -1395.92908400538           5.2E-05  1.1E-03
etot    2  Y  Y  6  M   -1395.92974766604  6.6E-04  1.3E-05  1.4E-04
etot    3  N  Y  2  U   -1395.92972933082 -1.8E-05  9.5E-06  3.4E-04
etot    4  N  Y  2  U   -1395.92974564590  1.6E-05  2.0E-06  5.4E-05
etot    5  N  N  2  U   -1395.92974613961  4.9E-07  0.0E+00  0.0E+00
scf (DFT) done.
der1a (1-e 1st deriv.) done.
rwr (1st deriv. Q) done.
der1b (2-e 1st deriv.) done.
  Geometry optimization step  17
  Total energy:     -1395.98596975562 hartrees
  energy change:           1.3783E-04 .  (  5.0000E-05 )
  gradient maximum:        1.1537E-03 .  (  4.5000E-04 )
  gradient rms:            1.5772E-04 *  (  3.0000E-04 )
  displacement maximum:    8.7500E-02 .  (  1.8000E-03 )
  displacement rms:        1.5492E-02 .  (  1.2000E-03 )
  
  predicted energy change: -3.5311E-05
  step size:     0.23950
  trust radius:  0.30000
---------------- geometry iteration  17 complete ----------------
geopt (optimize geometry) done.
onee (1-electron integrals) done.
probe (project orbitals) done.
grid (grid generation) done.
rwr (Q operators) done.
  
       i  u  d  i  g
       t  p  i  c  r                                 RMS    maximum
       e  d  i  u  i                       energy  density   DIIS  
       r  t  s  t  d       total energy    change  change    error 
  
etot    1  N  N  2  U   -1395.90394106150           3.2E-04  6.1E-03
etot    2  Y  Y  6  M   -1395.92949498113  2.6E-02  4.4E-05  4.7E-04
etot    3  N  Y  2  U   -1395.92944352427 -5.1E-05  2.8E-05  4.0E-04
etot    4  N  Y  2  U   -1395.92952649727  8.3E-05  9.0E-06  2.0E-04
etot    5  N  Y  2  U   -1395.92954046570  1.4E-05  3.2E-06  1.1E-04
etot    6  N  N  2  U   -1395.92954242063  2.0E-06  0.0E+00  0.0E+00
scf (DFT) done.
der1a (1-e 1st deriv.) done.
rwr (1st deriv. Q) done.
der1b (2-e 1st deriv.) done.
  Geometry optimization step  18
  Total energy:     -1395.98547897115 hartrees
  ** restarting optimization from step   14 **
  energy change:           4.9078E-04 .  (  5.0000E-05 )
  gradient maximum:        6.4220E-04 .  (  4.5000E-04 )
  gradient rms:            1.1305E-04 *  (  3.0000E-04 )
  displacement maximum:    1.7533E-02 .  (  1.8000E-03 )
  displacement rms:        2.3911E-03 .  (  1.2000E-03 )
  
  predicted energy change: -1.0494E-05
  step size:     0.03696
  trust radius:  0.15000
---------------- geometry iteration  18 complete ----------------
geopt (optimize geometry) done.
onee (1-electron integrals) done.
probe (project orbitals) done.
grid (grid generation) done.
rwr (Q operators) done.
  
       i  u  d  i  g
       t  p  i  c  r                                 RMS    maximum
       e  d  i  u  i                       energy  density   DIIS  
       r  t  s  t  d       total energy    change  change    error 
  
etot    1  N  N  2  U   -1395.89563718085           3.7E-04  7.8E-03
etot    2  Y  Y  6  M   -1395.92958653047  3.4E-02  8.1E-05  9.7E-04
etot    3  N  Y  2  U   -1395.92912230757 -4.6E-04  6.1E-05  2.1E-03
etot    4  Y  Y  6  M   -1395.92978531177  6.6E-04  1.7E-05  4.6E-04
etot    5  N  Y  2  U   -1395.92979089805  5.6E-06  5.3E-06  1.7E-04
etot    6  N  Y  2  U   -1395.92979710456  6.2E-06  1.7E-06  6.2E-05
etot    7  N  N  2  U   -1395.92979749344  3.9E-07  0.0E+00  0.0E+00
scf (DFT) done.
der1a (1-e 1st deriv.) done.
rwr (1st deriv. Q) done.
der1b (2-e 1st deriv.) done.
  Geometry optimization step  19
  Total energy:     -1395.98608482997 hartrees
  energy change:          -3.4920E-05 *  (  5.0000E-05 )
  gradient maximum:        9.0795E-04 .  (  4.5000E-04 )
  gradient rms:            1.6053E-04 *  (  3.0000E-04 )
  displacement maximum:    2.8889E-02 .  (  1.8000E-03 )
  displacement rms:        4.8529E-03 .  (  1.2000E-03 )
  
  predicted energy change: -3.0611E-05
  step size:     0.07502
  trust radius:  0.07500
---------------- geometry iteration  19 complete ----------------
geopt (optimize geometry) done.
onee (1-electron integrals) done.
probe (project orbitals) done.
grid (grid generation) done.
rwr (Q operators) done.
  
       i  u  d  i  g
       t  p  i  c  r                                 RMS    maximum
       e  d  i  u  i                       energy  density   DIIS  
       r  t  s  t  d       total energy    change  change    error 
  
etot    1  N  N  2  U   -1395.92671373843           1.1E-04  2.1E-03
etot    2  Y  Y  6  M   -1395.92975749715  3.0E-03  1.5E-05  1.4E-04
etot    3  N  Y  2  U   -1395.92973698309 -2.1E-05  1.0E-05  1.9E-04
etot    4  N  Y  2  U   -1395.92974891942  1.2E-05  3.8E-06  1.2E-04
etot    5  N  N  2  U   -1395.92975155384  2.6E-06  0.0E+00  0.0E+00
scf (DFT) done.
der1a (1-e 1st deriv.) done.
rwr (1st deriv. Q) done.
der1b (2-e 1st deriv.) done.
  Geometry optimization step  20
  Total energy:     -1395.98592809984 hartrees
  energy change:           1.5673E-04 .  (  5.0000E-05 )
  gradient maximum:        6.8590E-04 .  (  4.5000E-04 )
  gradient rms:            1.0925E-04 *  (  3.0000E-04 )
  displacement maximum:    1.4121E-02 .  (  1.8000E-03 )
  displacement rms:        2.4515E-03 .  (  1.2000E-03 )
  
  predicted energy change: -1.0284E-05
  step size:     0.03790
  trust radius:  0.03750
---------------- geometry iteration  20 complete ----------------
geopt (optimize geometry) done.
onee (1-electron integrals) done.
probe (project orbitals) done.
grid (grid generation) done.
rwr (Q operators) done.
  
       i  u  d  i  g
       t  p  i  c  r                                 RMS    maximum
       e  d  i  u  i                       energy  density   DIIS  
       r  t  s  t  d       total energy    change  change    error 
  
etot    1  N  N  2  U   -1395.92872161509           6.3E-05  1.2E-03
etot    2  Y  Y  6  M   -1395.92973906823  1.0E-03  1.4E-05  1.3E-04
etot    3  N  Y  2  U   -1395.92971532766 -2.4E-05  1.0E-05  3.2E-04
etot    4  N  Y  2  U   -1395.92973565871  2.0E-05  2.1E-06  6.0E-05
etot    5  N  N  2  U   -1395.92973635691  7.0E-07  0.0E+00  0.0E+00
scf (DFT) done.
der1a (1-e 1st deriv.) done.
rwr (1st deriv. Q) done.
der1b (2-e 1st deriv.) done.
  Geometry optimization step  21
  Total energy:     -1395.98589001287 hartrees
  energy change:           3.8087E-05 *  (  5.0000E-05 )
  gradient maximum:        2.6264E-03 .  (  4.5000E-04 )
  gradient rms:            2.7404E-04 *  (  3.0000E-04 )
  displacement maximum:    7.0444E-03 .  (  1.8000E-03 )
  displacement rms:        1.2197E-03 .  (  1.2000E-03 )
  
  predicted energy change: -1.3752E-05
  step size:     0.01886
  trust radius:  0.01875
---------------- geometry iteration  21 complete ----------------
geopt (optimize geometry) done.
onee (1-electron integrals) done.
probe (project orbitals) done.
grid (grid generation) done.
rwr (Q operators) done.
  
       i  u  d  i  g
       t  p  i  c  r                                 RMS    maximum
       e  d  i  u  i                       energy  density   DIIS  
       r  t  s  t  d       total energy    change  change    error 
  
etot    1  N  N  2  U   -1395.92962920274           2.7E-05  5.5E-04
etot    2  N  Y  2  U   -1395.92979354872  1.6E-04  1.0E-05  1.0E-04
etot    3  N  Y  2  U   -1395.92978021128 -1.3E-05  7.7E-06  2.8E-04
etot    4  N  Y  2  U   -1395.92979616709  1.6E-05  1.2E-06  4.1E-05
etot    5  N  N  2  U   -1395.92979643378  2.7E-07  0.0E+00  0.0E+00
scf (DFT) done.
der1a (1-e 1st deriv.) done.
rwr (1st deriv. Q) done.
der1b (2-e 1st deriv.) done.
  Geometry optimization step  22
  Total energy:     -1395.98597676631 hartrees
  energy change:          -8.6753E-05 .  (  5.0000E-05 )
  gradient maximum:        1.0501E-03 .  (  4.5000E-04 )
  gradient rms:            1.4015E-04 *  (  3.0000E-04 )
  displacement maximum:    7.8445E-03 .  (  1.8000E-03 )
  displacement rms:        1.2171E-03 .  (  1.2000E-03 )
  
  predicted energy change: -5.0357E-06
  step size:     0.01882
  trust radius:  0.01875
---------------- geometry iteration  22 complete ----------------
geopt (optimize geometry) done.
onee (1-electron integrals) done.
probe (project orbitals) done.
grid (grid generation) done.
rwr (Q operators) done.
  
       i  u  d  i  g
       t  p  i  c  r                                 RMS    maximum
       e  d  i  u  i                       energy  density   DIIS  
       r  t  s  t  d       total energy    change  change    error 
  
etot    1  N  N  2  U   -1395.92967049442           2.5E-05  5.2E-04
etot    2  N  Y  2  U   -1395.92982167186  1.5E-04  2.9E-06  4.0E-05
etot    3  N  N  2  U   -1395.92982118805 -4.8E-07  0.0E+00  0.0E+00
scf (DFT) done.
der1a (1-e 1st deriv.) done.
rwr (1st deriv. Q) done.
der1b (2-e 1st deriv.) done.
  Geometry optimization step  23
  Total energy:     -1395.98599446547 hartrees
  energy change:          -1.7699E-05 *  (  5.0000E-05 )
  gradient maximum:        4.5838E-04 .  (  4.5000E-04 )
  gradient rms:            6.0992E-05 *  (  3.0000E-04 )
  displacement maximum:    2.9017E-03 .  (  1.8000E-03 )
  displacement rms:        5.9156E-04 *  (  1.2000E-03 )
  
  predicted energy change: -1.5201E-06
  step size:     0.00915
  trust radius:  0.03750
---------------- geometry iteration  23 complete ----------------
geopt (optimize geometry) done.
onee (1-electron integrals) done.
probe (project orbitals) done.
grid (grid generation) done.
rwr (Q operators) done.
  
       i  u  d  i  g
       t  p  i  c  r                                 RMS    maximum
       e  d  i  u  i                       energy  density   DIIS  
       r  t  s  t  d       total energy    change  change    error 
  
etot    1  N  N  2  U   -1395.92975759261           1.4E-05  2.3E-04
etot    2  N  Y  2  U   -1395.92978316444  2.6E-05  1.1E-05  2.1E-04
etot    3  N  Y  2  U   -1395.92977246449 -1.1E-05  7.2E-06  3.6E-04
etot    4  N  Y  2  U   -1395.92978949210  1.7E-05  1.1E-06  2.5E-05
etot    5  N  N  2  U   -1395.92978975674  2.6E-07  0.0E+00  0.0E+00
scf (DFT) done.
der1a (1-e 1st deriv.) done.
rwr (1st deriv. Q) done.
der1b (2-e 1st deriv.) done.
  Geometry optimization step  24
  Total energy:     -1395.98595184878 hartrees
  energy change:           4.2617E-05 *  (  5.0000E-05 )
  gradient maximum:        2.6443E-04 *  (  4.5000E-04 )
  gradient rms:            4.1219E-05 #  (  3.0000E-04 )
  displacement maximum:    2.6968E-03 .  (  1.8000E-03 )
  displacement rms:        4.3057E-04 *  (  1.2000E-03 )
  
  predicted energy change: -5.4949E-07
  step size:     0.00666
  trust radius:  0.03750
------------- final geometry iteration  24 complete -------------
geopt (optimize geometry) done.
cutabab2 (abab integrals) done.
der2a (1-e JK-1st deriv.) done.
der2b (2-e JK-1st deriv.) done.
der2nda (1-e 2nd deriv.) done.
der2ndb (2-e 2nd deriv.) done.
rwr (Q operators) done.
cphfa (gradient of wave function) done.
freq (vib. frequencies) done.
Job J1_10088_2111 completed on hpc-90-11.cm.cluster at Wed May 29 22:36:34 2024
Timer (jaguar_backend.py) : 2642.78 secs (0 hrs, 44 mins, 02 secs)
Finished:   Wed May 29 22:36:34 2024
