Command:  /groups/wag/programs/Schrodinger_2020_3/jaguar run -WAIT -PARALLEL 8 /central/home/labounad/wittig-ch121/out/J1_9901_2111/J1_9901_2111.in
Release:  2020-3
Exec:     /groups/wag/programs/Schrodinger_2020_3/jaguar-v10.9/bin/Linux-x86_64
Host:     hpc-92-22.cm.cluster
JobId:    hpc-92-22-0-66578878
JobDir:   /central/scratch/labounad/J1_9901_2111#hpc-92-22-0-66578878
Date:     Wed May 29 12:56:42 2024

Contents of /central/scratch/labounad/J1_9901_2111#hpc-92-22-0-66578878:
/central/scratch/labounad/J1_9901_2111#hpc-92-22-0-66578878/.write_dir.json
/central/scratch/labounad/J1_9901_2111#hpc-92-22-0-66578878/J1_9901_2111.recover
/central/scratch/labounad/J1_9901_2111#hpc-92-22-0-66578878/J1_9901_2111.log
/central/scratch/labounad/J1_9901_2111#hpc-92-22-0-66578878/J1_9901_2111.in
/central/scratch/labounad/J1_9901_2111#hpc-92-22-0-66578878/hpc-92-22-0-66578878
/central/scratch/labounad/J1_9901_2111#hpc-92-22-0-66578878/hpc-92-22-0-66578878.mpinodes
/central/scratch/labounad/J1_9901_2111#hpc-92-22-0-66578878/hpc-92-22-0-66578878.recover
/central/scratch/labounad/J1_9901_2111#hpc-92-22-0-66578878/hpc-92-22-0-66578878.nodes

Executing subprocess:
/groups/wag/programs/Schrodinger_2020_3/jaguar-v10.9/bin/Linux-x86_64/jexec J1_9901_2111.in -T 8 -out /central/scratch/labounad/J1_9901_2111#hpc-92-22-0-66578878 -cwd

Job J1_9901_2111 started on hpc-92-22.cm.cluster at Wed May 29 12:56:42 2024
jobid: hpc-92-22-0-66578878 
Jaguar version 10.9, release 139
 Using up to   8 threads per process
Molecular Point Group: C1      
Point Group used: C1
pre (input checking) done.
onee (1-electron integrals) done.
hfig (HF initial guess) done.
probe (project orbitals) done.
grid (grid generation) done.
rwr (Q operators) done.
scf type: DFT=PBE(X+LC)+PW91 (PBE-D3)
  
       i  u  d  i  g
       t  p  i  c  r                                 RMS    maximum
       e  d  i  u  i                       energy  density   DIIS  
       r  t  s  t  d       total energy    change  change    error 
  
etot    1  N  N  5  M   -1913.89012343282           7.0E-03  1.0E-01
etot    2  Y  Y  6  M   -1907.51099761768 -6.4E+00  1.1E-02  1.2E-01
etot    3  Y  Y  6  M   -1895.73714424462 -1.2E+01  1.0E-02  1.1E-01
etot    4  N  Y  2  U   -1907.24418352975  1.2E+01  6.5E-03  1.1E-01
etot    5  Y  Y  6  M   -1915.79912819802  8.6E+00  5.2E-03  6.2E-02
etot    6  N  Y  2  U   -1918.47433966987  2.7E+00  1.4E-03  2.8E-02
etot    7  Y  Y  6  M   -1918.77196605728  3.0E-01  8.3E-04  1.4E-02
etot    8  N  Y  2  U   -1918.81591382533  4.4E-02  4.7E-04  1.2E-02
etot    9  Y  Y  6  M   -1918.87557315404  6.0E-02  2.0E-04  3.9E-03
etot   10  N  Y  2  U   -1918.88282755574  7.3E-03  8.4E-05  2.4E-03
etot   11  Y  Y  6  M   -1918.88536184248  2.5E-03  5.3E-05  1.2E-03
etot   12  Y  Y  6  M   -1918.88601507425  6.5E-04  3.5E-05  9.4E-04
etot   13  N  Y  2  U   -1918.88621386812  2.0E-04  2.1E-05  5.0E-04
etot   14  N  Y  2  U   -1918.88631553457  1.0E-04  9.2E-06  2.2E-04
etot   15  N  Y  2  U   -1918.88632953337  1.4E-05  4.1E-06  1.2E-04
etot   16  N  N  2  U   -1918.88633376110  4.2E-06  0.0E+00  0.0E+00
scf (DFT) done.
der1a (1-e 1st deriv.) done.
rwr (1st deriv. Q) done.
der1b (2-e 1st deriv.) done.
  Geometry optimization step   1
  Total energy:     -1918.95511099237 hartrees
  gradient maximum:        5.0388E-02 .  (  4.5000E-04 )
  gradient rms:            9.5385E-03 .  (  3.0000E-04 )
  displacement maximum:    7.8260E-02 .  (  1.8000E-03 )
  displacement rms:        1.8659E-02 .  (  1.2000E-03 )
  
  predicted energy change: -3.0989E-02
  step size:     0.30029
  trust radius:  0.30000
---------------- geometry iteration   1 complete ----------------
geopt (optimize geometry) done.
onee (1-electron integrals) done.
probe (project orbitals) done.
grid (grid generation) done.
rwr (Q operators) done.
  
       i  u  d  i  g
       t  p  i  c  r                                 RMS    maximum
       e  d  i  u  i                       energy  density   DIIS  
       r  t  s  t  d       total energy    change  change    error 
  
etot    1  N  N  2  U   -1918.90173277548           2.8E-04  3.9E-03
etot    2  Y  Y  6  M   -1918.91467394644  1.3E-02  1.4E-04  1.3E-03
etot    3  N  Y  2  U   -1918.91249126339 -2.2E-03  1.0E-04  3.0E-03
etot    4  Y  Y  6  M   -1918.91549166559  3.0E-03  2.9E-05  1.0E-03
etot    5  N  Y  2  U   -1918.91595508247  4.6E-04  7.5E-06  2.0E-04
etot    6  N  Y  2  U   -1918.91596641237  1.1E-05  3.1E-06  7.5E-05
etot    7  N  N  2  U   -1918.91596911242  2.7E-06  0.0E+00  0.0E+00
scf (DFT) done.
der1a (1-e 1st deriv.) done.
rwr (1st deriv. Q) done.
der1b (2-e 1st deriv.) done.
  Geometry optimization step   2
  Total energy:     -1918.98368555893 hartrees
  energy change:          -2.8575E-02 .  (  5.0000E-05 )
  gradient maximum:        2.1075E-02 .  (  4.5000E-04 )
  gradient rms:            3.5978E-03 .  (  3.0000E-04 )
  displacement maximum:    8.7730E-02 .  (  1.8000E-03 )
  displacement rms:        1.8701E-02 .  (  1.2000E-03 )
  
  predicted energy change: -9.8414E-03
  step size:     0.30096
  trust radius:  0.30000
---------------- geometry iteration   2 complete ----------------
geopt (optimize geometry) done.
onee (1-electron integrals) done.
probe (project orbitals) done.
grid (grid generation) done.
rwr (Q operators) done.
  
       i  u  d  i  g
       t  p  i  c  r                                 RMS    maximum
       e  d  i  u  i                       energy  density   DIIS  
       r  t  s  t  d       total energy    change  change    error 
  
etot    1  N  N  2  U   -1918.88670270336           3.9E-04  7.5E-03
etot    2  Y  Y  6  M   -1918.92210084232  3.5E-02  1.4E-04  1.8E-03
etot    3  N  Y  2  U   -1918.91751611616 -4.6E-03  1.1E-04  5.1E-03
etot    4  Y  Y  6  M   -1918.92259332937  5.1E-03  2.6E-05  9.4E-04
etot    5  N  Y  2  U   -1918.92280646540  2.1E-04  9.6E-06  2.1E-04
etot    6  N  Y  2  U   -1918.92283249274  2.6E-05  3.1E-06  8.1E-05
etot    7  N  N  2  U   -1918.92283511841  2.6E-06  0.0E+00  0.0E+00
scf (DFT) done.
der1a (1-e 1st deriv.) done.
rwr (1st deriv. Q) done.
der1b (2-e 1st deriv.) done.
  Geometry optimization step   3
  Total energy:     -1918.99131054984 hartrees
  energy change:          -7.6250E-03 .  (  5.0000E-05 )
  gradient maximum:        4.5857E-02 .  (  4.5000E-04 )
  gradient rms:            4.1798E-03 .  (  3.0000E-04 )
  displacement maximum:    9.7167E-02 .  (  1.8000E-03 )
  displacement rms:        1.8665E-02 .  (  1.2000E-03 )
  
  predicted energy change: -6.1773E-03
  step size:     0.30039
  trust radius:  0.30000
---------------- geometry iteration   3 complete ----------------
geopt (optimize geometry) done.
onee (1-electron integrals) done.
probe (project orbitals) done.
grid (grid generation) done.
rwr (Q operators) done.
  
       i  u  d  i  g
       t  p  i  c  r                                 RMS    maximum
       e  d  i  u  i                       energy  density   DIIS  
       r  t  s  t  d       total energy    change  change    error 
  
etot    1  N  N  2  U   -1918.88904401876           3.8E-04  1.0E-02
etot    2  Y  Y  6  M   -1918.92666886922  3.8E-02  8.0E-05  8.9E-04
etot    3  N  Y  2  U   -1918.92530986458 -1.4E-03  6.5E-05  2.3E-03
etot    4  Y  Y  6  M   -1918.92673740274  1.4E-03  2.0E-05  7.6E-04
etot    5  N  Y  2  U   -1918.92687231068  1.3E-04  6.3E-06  2.2E-04
etot    6  N  Y  2  U   -1918.92688705565  1.5E-05  1.9E-06  2.5E-05
etot    7  N  N  2  U   -1918.92688740239  3.5E-07  0.0E+00  0.0E+00
scf (DFT) done.
der1a (1-e 1st deriv.) done.
rwr (1st deriv. Q) done.
der1b (2-e 1st deriv.) done.
  Geometry optimization step   4
  Total energy:     -1918.99423816623 hartrees
  energy change:          -2.9276E-03 .  (  5.0000E-05 )
  gradient maximum:        2.3891E-02 .  (  4.5000E-04 )
  gradient rms:            2.4816E-03 .  (  3.0000E-04 )
  displacement maximum:    1.3178E-01 .  (  1.8000E-03 )
  displacement rms:        1.8639E-02 .  (  1.2000E-03 )
  
  predicted energy change: -2.4440E-03
  step size:     0.29997
  trust radius:  0.30000
---------------- geometry iteration   4 complete ----------------
geopt (optimize geometry) done.
onee (1-electron integrals) done.
probe (project orbitals) done.
grid (grid generation) done.
rwr (Q operators) done.
  
       i  u  d  i  g
       t  p  i  c  r                                 RMS    maximum
       e  d  i  u  i                       energy  density   DIIS  
       r  t  s  t  d       total energy    change  change    error 
  
etot    1  N  N  2  U   -1918.88041615259           4.3E-04  1.5E-02
etot    2  Y  Y  6  M   -1918.92879854237  4.8E-02  7.8E-05  1.3E-03
etot    3  N  Y  2  U   -1918.92762667167 -1.2E-03  6.6E-05  2.0E-03
etot    4  Y  Y  6  M   -1918.92879407001  1.2E-03  2.4E-05  8.8E-04
etot    5  N  Y  2  U   -1918.92890757874  1.1E-04  7.1E-06  3.2E-04
etot    6  N  Y  2  U   -1918.92892922774  2.2E-05  2.4E-06  4.7E-05
etot    7  N  N  2  U   -1918.92892970180  4.7E-07  0.0E+00  0.0E+00
scf (DFT) done.
der1a (1-e 1st deriv.) done.
rwr (1st deriv. Q) done.
der1b (2-e 1st deriv.) done.
  Geometry optimization step   5
  Total energy:     -1918.99634346615 hartrees
  energy change:          -2.1053E-03 .  (  5.0000E-05 )
  gradient maximum:        7.9281E-03 .  (  4.5000E-04 )
  gradient rms:            1.4130E-03 .  (  3.0000E-04 )
  displacement maximum:    7.8637E-02 .  (  1.8000E-03 )
  displacement rms:        1.8665E-02 .  (  1.2000E-03 )
  
  predicted energy change: -1.9086E-03
  step size:     0.30038
  trust radius:  0.30000
---------------- geometry iteration   5 complete ----------------
geopt (optimize geometry) done.
onee (1-electron integrals) done.
probe (project orbitals) done.
grid (grid generation) done.
rwr (Q operators) done.
  
       i  u  d  i  g
       t  p  i  c  r                                 RMS    maximum
       e  d  i  u  i                       energy  density   DIIS  
       r  t  s  t  d       total energy    change  change    error 
  
etot    1  N  N  2  U   -1918.87645723789           4.4E-04  9.3E-03
etot    2  Y  Y  6  M   -1918.92828075850  5.2E-02  7.6E-05  1.4E-03
etot    3  N  Y  2  U   -1918.92735173996 -9.3E-04  6.2E-05  1.7E-03
etot    4  Y  Y  6  M   -1918.92835472077  1.0E-03  2.0E-05  6.2E-04
etot    5  N  Y  2  U   -1918.92840939161  5.5E-05  7.2E-06  3.4E-04
etot    6  N  Y  2  U   -1918.92842791232  1.9E-05  2.5E-06  7.3E-05
etot    7  N  N  2  U   -1918.92842898814  1.1E-06  0.0E+00  0.0E+00
scf (DFT) done.
der1a (1-e 1st deriv.) done.
rwr (1st deriv. Q) done.
der1b (2-e 1st deriv.) done.
  Geometry optimization step   6
  Total energy:     -1918.99667984970 hartrees
  energy change:          -3.3638E-04 .  (  5.0000E-05 )
  gradient maximum:        1.1369E-02 .  (  4.5000E-04 )
  gradient rms:            1.7712E-03 .  (  3.0000E-04 )
  displacement maximum:    1.2663E-01 .  (  1.8000E-03 )
  displacement rms:        1.8644E-02 .  (  1.2000E-03 )
  
  predicted energy change: -1.7672E-03
  step size:     0.30005
  trust radius:  0.30000
---------------- geometry iteration   6 complete ----------------
geopt (optimize geometry) done.
onee (1-electron integrals) done.
probe (project orbitals) done.
grid (grid generation) done.
rwr (Q operators) done.
  
       i  u  d  i  g
       t  p  i  c  r                                 RMS    maximum
       e  d  i  u  i                       energy  density   DIIS  
       r  t  s  t  d       total energy    change  change    error 
  
etot    1  N  N  2  U   -1918.87801321604           4.4E-04  1.2E-02
etot    2  Y  Y  6  M   -1918.93004267269  5.2E-02  6.3E-05  1.6E-03
etot    3  N  Y  2  U   -1918.92946729950 -5.8E-04  5.5E-05  1.2E-03
etot    4  Y  Y  6  M   -1918.92991850015  4.5E-04  2.2E-05  9.0E-04
etot    5  N  Y  2  U   -1918.93011781794  2.0E-04  5.8E-06  2.5E-04
etot    6  N  Y  2  U   -1918.93012767778  9.9E-06  2.3E-06  7.1E-05
etot    7  N  N  2  U   -1918.93012840745  7.3E-07  0.0E+00  0.0E+00
scf (DFT) done.
der1a (1-e 1st deriv.) done.
rwr (1st deriv. Q) done.
der1b (2-e 1st deriv.) done.
  Geometry optimization step   7
  Total energy:     -1918.99805086763 hartrees
  energy change:          -1.3710E-03 .  (  5.0000E-05 )
  gradient maximum:        8.0513E-03 .  (  4.5000E-04 )
  gradient rms:            1.4003E-03 .  (  3.0000E-04 )
  displacement maximum:    1.2711E-01 .  (  1.8000E-03 )
  displacement rms:        1.8641E-02 .  (  1.2000E-03 )
  
  predicted energy change: -1.5355E-03
  step size:     0.29999
  trust radius:  0.30000
---------------- geometry iteration   7 complete ----------------
geopt (optimize geometry) done.
onee (1-electron integrals) done.
probe (project orbitals) done.
grid (grid generation) done.
rwr (Q operators) done.
  
       i  u  d  i  g
       t  p  i  c  r                                 RMS    maximum
       e  d  i  u  i                       energy  density   DIIS  
       r  t  s  t  d       total energy    change  change    error 
  
etot    1  N  N  2  U   -1918.87987431188           4.3E-04  1.6E-02
etot    2  Y  Y  6  M   -1918.93072818972  5.1E-02  7.7E-05  1.1E-03
etot    3  N  Y  2  U   -1918.92963500570 -1.1E-03  6.1E-05  2.7E-03
etot    4  Y  Y  6  M   -1918.93068214540  1.0E-03  1.8E-05  8.3E-04
etot    5  N  Y  2  U   -1918.93081702942  1.3E-04  6.3E-06  1.8E-04
etot    6  N  Y  2  U   -1918.93083094090  1.4E-05  2.3E-06  3.9E-05
etot    7  N  N  2  U   -1918.93083153856  6.0E-07  0.0E+00  0.0E+00
scf (DFT) done.
der1a (1-e 1st deriv.) done.
rwr (1st deriv. Q) done.
der1b (2-e 1st deriv.) done.
  Geometry optimization step   8
  Total energy:     -1918.99830121947 hartrees
  energy change:          -2.5035E-04 .  (  5.0000E-05 )
  gradient maximum:        1.0042E-02 .  (  4.5000E-04 )
  gradient rms:            1.8256E-03 .  (  3.0000E-04 )
  displacement maximum:    1.1036E-01 .  (  1.8000E-03 )
  displacement rms:        1.8364E-02 .  (  1.2000E-03 )
  
  predicted energy change: -1.2817E-03
  step size:     0.29554
  trust radius:  0.30000
---------------- geometry iteration   8 complete ----------------
geopt (optimize geometry) done.
onee (1-electron integrals) done.
probe (project orbitals) done.
grid (grid generation) done.
rwr (Q operators) done.
  
       i  u  d  i  g
       t  p  i  c  r                                 RMS    maximum
       e  d  i  u  i                       energy  density   DIIS  
       r  t  s  t  d       total energy    change  change    error 
  
etot    1  N  N  2  U   -1918.88279816426           4.2E-04  1.4E-02
etot    2  Y  Y  6  M   -1918.93192492127  4.9E-02  6.0E-05  1.1E-03
etot    3  N  Y  2  U   -1918.93151774345 -4.1E-04  4.7E-05  8.3E-04
etot    4  N  Y  2  U   -1918.93192402195  4.1E-04  1.7E-05  4.5E-04
etot    5  N  Y  2  U   -1918.93199725735  7.3E-05  5.4E-06  1.9E-04
etot    6  N  Y  2  U   -1918.93200617763  8.9E-06  2.3E-06  5.6E-05
etot    7  N  N  2  U   -1918.93200641468  2.4E-07  0.0E+00  0.0E+00
scf (DFT) done.
der1a (1-e 1st deriv.) done.
rwr (1st deriv. Q) done.
der1b (2-e 1st deriv.) done.
  Geometry optimization step   9
  Total energy:     -1918.99971446759 hartrees
  energy change:          -1.4132E-03 .  (  5.0000E-05 )
  gradient maximum:        6.1693E-03 .  (  4.5000E-04 )
  gradient rms:            9.8842E-04 .  (  3.0000E-04 )
  displacement maximum:    1.2514E-01 .  (  1.8000E-03 )
  displacement rms:        1.8646E-02 .  (  1.2000E-03 )
  
  predicted energy change: -1.0344E-03
  step size:     0.30009
  trust radius:  0.30000
---------------- geometry iteration   9 complete ----------------
geopt (optimize geometry) done.
onee (1-electron integrals) done.
probe (project orbitals) done.
grid (grid generation) done.
rwr (Q operators) done.
  
       i  u  d  i  g
       t  p  i  c  r                                 RMS    maximum
       e  d  i  u  i                       energy  density   DIIS  
       r  t  s  t  d       total energy    change  change    error 
  
etot    1  N  N  2  U   -1918.87426996182           8.0E-04  1.6E-02
etot    2  Y  Y  6  M   -1918.93184416199  5.8E-02  6.9E-05  1.2E-03
etot    3  N  Y  2  U   -1918.93115937857 -6.8E-04  5.2E-05  2.5E-03
etot    4  Y  Y  6  M   -1918.93200278777  8.4E-04  1.7E-05  9.9E-04
etot    5  N  Y  2  U   -1918.93208797293  8.5E-05  6.1E-06  1.8E-04
etot    6  N  Y  2  U   -1918.93209875564  1.1E-05  2.6E-06  6.0E-05
etot    7  N  N  2  U   -1918.93209933430  5.8E-07  0.0E+00  0.0E+00
scf (DFT) done.
der1a (1-e 1st deriv.) done.
rwr (1st deriv. Q) done.
der1b (2-e 1st deriv.) done.
  Geometry optimization step  10
  Total energy:     -1919.00031605417 hartrees
  energy change:          -6.0159E-04 .  (  5.0000E-05 )
  gradient maximum:        1.2217E-02 .  (  4.5000E-04 )
  gradient rms:            1.7929E-03 .  (  3.0000E-04 )
  displacement maximum:    8.1073E-02 .  (  1.8000E-03 )
  displacement rms:        1.5800E-02 .  (  1.2000E-03 )
  
  predicted energy change: -8.4799E-04
  step size:     0.25427
  trust radius:  0.30000
---------------- geometry iteration  10 complete ----------------
geopt (optimize geometry) done.
onee (1-electron integrals) done.
probe (project orbitals) done.
grid (grid generation) done.
rwr (Q operators) done.
  
       i  u  d  i  g
       t  p  i  c  r                                 RMS    maximum
       e  d  i  u  i                       energy  density   DIIS  
       r  t  s  t  d       total energy    change  change    error 
  
etot    1  N  N  2  U   -1918.89948446951           3.5E-04  1.1E-02
etot    2  Y  Y  6  M   -1918.93271734896  3.3E-02  6.6E-05  7.9E-04
etot    3  N  Y  2  U   -1918.93201938525 -7.0E-04  5.0E-05  2.0E-03
etot    4  Y  Y  6  M   -1918.93273920061  7.2E-04  1.5E-05  7.4E-04
etot    5  N  Y  2  U   -1918.93282337598  8.4E-05  5.6E-06  1.7E-04
etot    6  N  Y  2  U   -1918.93283355088  1.0E-05  2.0E-06  3.7E-05
etot    7  N  N  2  U   -1918.93283395369  4.0E-07  0.0E+00  0.0E+00
scf (DFT) done.
der1a (1-e 1st deriv.) done.
rwr (1st deriv. Q) done.
der1b (2-e 1st deriv.) done.
  Geometry optimization step  11
  Total energy:     -1919.00106152446 hartrees
  energy change:          -7.4547E-04 .  (  5.0000E-05 )
  gradient maximum:        5.2183E-03 .  (  4.5000E-04 )
  gradient rms:            8.4739E-04 .  (  3.0000E-04 )
  displacement maximum:    4.8286E-02 .  (  1.8000E-03 )
  displacement rms:        9.6933E-03 .  (  1.2000E-03 )
  
  predicted energy change: -5.9162E-04
  step size:     0.15600
  trust radius:  0.30000
---------------- geometry iteration  11 complete ----------------
geopt (optimize geometry) done.
onee (1-electron integrals) done.
probe (project orbitals) done.
grid (grid generation) done.
rwr (Q operators) done.
  
       i  u  d  i  g
       t  p  i  c  r                                 RMS    maximum
       e  d  i  u  i                       energy  density   DIIS  
       r  t  s  t  d       total energy    change  change    error 
  
etot    1  N  N  2  U   -1918.91904641961           2.3E-04  5.8E-03
etot    2  Y  Y  6  M   -1918.93333048079  1.4E-02  5.0E-05  8.8E-04
etot    3  N  Y  2  U   -1918.93276572008 -5.6E-04  3.9E-05  2.6E-03
etot    4  N  Y  2  U   -1918.93341728654  6.5E-04  1.1E-05  4.8E-04
etot    5  N  Y  2  U   -1918.93344353466  2.6E-05  4.0E-06  7.9E-05
etot    6  N  N  2  U   -1918.93344852216  5.0E-06  0.0E+00  0.0E+00
scf (DFT) done.
der1a (1-e 1st deriv.) done.
rwr (1st deriv. Q) done.
der1b (2-e 1st deriv.) done.
  Geometry optimization step  12
  Total energy:     -1919.00111812611 hartrees
  energy change:          -5.6602E-05 .  (  5.0000E-05 )
  gradient maximum:        8.8669E-03 .  (  4.5000E-04 )
  gradient rms:            1.1582E-03 .  (  3.0000E-04 )
  displacement maximum:    5.2471E-02 .  (  1.8000E-03 )
  displacement rms:        7.6658E-03 .  (  1.2000E-03 )
  
  predicted energy change: -3.8199E-04
  step size:     0.12337
  trust radius:  0.30000
---------------- geometry iteration  12 complete ----------------
geopt (optimize geometry) done.
onee (1-electron integrals) done.
probe (project orbitals) done.
grid (grid generation) done.
rwr (Q operators) done.
  
       i  u  d  i  g
       t  p  i  c  r                                 RMS    maximum
       e  d  i  u  i                       energy  density   DIIS  
       r  t  s  t  d       total energy    change  change    error 
  
etot    1  N  N  2  U   -1918.92595503571           1.8E-04  6.7E-03
etot    2  Y  Y  6  M   -1918.93363827132  7.7E-03  4.1E-05  7.6E-04
etot    3  N  Y  2  U   -1918.93316991197 -4.7E-04  3.1E-05  2.3E-03
etot    4  N  Y  2  U   -1918.93364196219  4.7E-04  7.5E-06  2.6E-04
etot    5  N  Y  2  U   -1918.93365279425  1.1E-05  3.0E-06  7.2E-05
etot    6  N  N  2  U   -1918.93365568562  2.9E-06  0.0E+00  0.0E+00
scf (DFT) done.
der1a (1-e 1st deriv.) done.
rwr (1st deriv. Q) done.
der1b (2-e 1st deriv.) done.
  Geometry optimization step  13
  Total energy:     -1919.00142501264 hartrees
  energy change:          -3.0689E-04 .  (  5.0000E-05 )
  gradient maximum:        2.3332E-03 .  (  4.5000E-04 )
  gradient rms:            4.3841E-04 .  (  3.0000E-04 )
  displacement maximum:    3.5894E-02 .  (  1.8000E-03 )
  displacement rms:        5.8786E-03 .  (  1.2000E-03 )
  
  predicted energy change: -1.0769E-04
  step size:     0.09461
  trust radius:  0.30000
---------------- geometry iteration  13 complete ----------------
geopt (optimize geometry) done.
onee (1-electron integrals) done.
probe (project orbitals) done.
grid (grid generation) done.
rwr (Q operators) done.
  
       i  u  d  i  g
       t  p  i  c  r                                 RMS    maximum
       e  d  i  u  i                       energy  density   DIIS  
       r  t  s  t  d       total energy    change  change    error 
  
etot    1  N  N  2  U   -1918.92910679110           1.3E-04  4.9E-03
etot    2  Y  Y  6  M   -1918.93344238070  4.3E-03  2.2E-05  2.6E-04
etot    3  N  Y  2  U   -1918.93336081242 -8.2E-05  1.7E-05  5.1E-04
etot    4  N  Y  2  U   -1918.93343742407  7.7E-05  4.6E-06  1.6E-04
etot    5  N  N  2  U   -1918.93344375318  6.3E-06  0.0E+00  0.0E+00
scf (DFT) done.
der1a (1-e 1st deriv.) done.
rwr (1st deriv. Q) done.
der1b (2-e 1st deriv.) done.
  Geometry optimization step  14
  Total energy:     -1919.00143799969 hartrees
  energy change:          -1.2987E-05 *  (  5.0000E-05 )
  gradient maximum:        1.7587E-03 .  (  4.5000E-04 )
  gradient rms:            3.7016E-04 .  (  3.0000E-04 )
  displacement maximum:    3.5208E-02 .  (  1.8000E-03 )
  displacement rms:        5.1419E-03 .  (  1.2000E-03 )
  
  predicted energy change: -6.0672E-05
  step size:     0.08275
  trust radius:  0.30000
---------------- geometry iteration  14 complete ----------------
geopt (optimize geometry) done.
onee (1-electron integrals) done.
probe (project orbitals) done.
grid (grid generation) done.
rwr (Q operators) done.
  
       i  u  d  i  g
       t  p  i  c  r                                 RMS    maximum
       e  d  i  u  i                       energy  density   DIIS  
       r  t  s  t  d       total energy    change  change    error 
  
etot    1  N  N  2  U   -1918.93124355119           1.1E-04  3.4E-03
etot    2  Y  Y  6  M   -1918.93372944489  2.5E-03  2.7E-05  2.5E-04
etot    3  N  Y  2  U   -1918.93356956225 -1.6E-04  2.1E-05  6.4E-04
etot    4  N  Y  2  U   -1918.93372936044  1.6E-04  4.8E-06  1.4E-04
etot    5  N  N  2  U   -1918.93373356159  4.2E-06  0.0E+00  0.0E+00
scf (DFT) done.
der1a (1-e 1st deriv.) done.
rwr (1st deriv. Q) done.
der1b (2-e 1st deriv.) done.
  Geometry optimization step  15
  Total energy:     -1919.00155280996 hartrees
  energy change:          -1.1481E-04 .  (  5.0000E-05 )
  gradient maximum:        2.1961E-03 .  (  4.5000E-04 )
  gradient rms:            2.5013E-04 *  (  3.0000E-04 )
  displacement maximum:    2.7704E-02 .  (  1.8000E-03 )
  displacement rms:        3.9759E-03 .  (  1.2000E-03 )
  
  predicted energy change: -4.1746E-05
  step size:     0.06399
  trust radius:  0.30000
---------------- geometry iteration  15 complete ----------------
geopt (optimize geometry) done.
onee (1-electron integrals) done.
probe (project orbitals) done.
grid (grid generation) done.
rwr (Q operators) done.
  
       i  u  d  i  g
       t  p  i  c  r                                 RMS    maximum
       e  d  i  u  i                       energy  density   DIIS  
       r  t  s  t  d       total energy    change  change    error 
  
etot    1  N  N  2  U   -1918.93176583045           9.2E-05  2.7E-03
etot    2  Y  Y  6  M   -1918.93394315928  2.2E-03  2.3E-05  2.3E-04
etot    3  N  Y  2  U   -1918.93383221245 -1.1E-04  1.9E-05  6.8E-04
etot    4  N  Y  2  U   -1918.93396645395  1.3E-04  4.4E-06  1.2E-04
etot    5  N  N  2  U   -1918.93397047530  4.0E-06  0.0E+00  0.0E+00
scf (DFT) done.
der1a (1-e 1st deriv.) done.
rwr (1st deriv. Q) done.
der1b (2-e 1st deriv.) done.
  Geometry optimization step  16
  Total energy:     -1919.00160152868 hartrees
  energy change:          -4.8719E-05 *  (  5.0000E-05 )
  gradient maximum:        1.5873E-03 .  (  4.5000E-04 )
  gradient rms:            2.5341E-04 *  (  3.0000E-04 )
  displacement maximum:    2.9395E-02 .  (  1.8000E-03 )
  displacement rms:        4.6657E-03 .  (  1.2000E-03 )
  
  predicted energy change: -3.3722E-05
  step size:     0.07509
  trust radius:  0.30000
---------------- geometry iteration  16 complete ----------------
geopt (optimize geometry) done.
onee (1-electron integrals) done.
probe (project orbitals) done.
grid (grid generation) done.
rwr (Q operators) done.
  
       i  u  d  i  g
       t  p  i  c  r                                 RMS    maximum
       e  d  i  u  i                       energy  density   DIIS  
       r  t  s  t  d       total energy    change  change    error 
  
etot    1  N  N  2  U   -1918.93153520834           9.8E-05  2.7E-03
etot    2  Y  Y  6  M   -1918.93409172585  2.6E-03  2.4E-05  2.7E-04
etot    3  N  Y  2  U   -1918.93395681349 -1.3E-04  1.9E-05  6.9E-04
etot    4  N  Y  2  U   -1918.93406964075  1.1E-04  4.9E-06  1.7E-04
etot    5  N  N  2  U   -1918.93407473961  5.1E-06  0.0E+00  0.0E+00
scf (DFT) done.
der1a (1-e 1st deriv.) done.
rwr (1st deriv. Q) done.
der1b (2-e 1st deriv.) done.
  Geometry optimization step  17
  Total energy:     -1919.00166573188 hartrees
  energy change:          -6.4203E-05 .  (  5.0000E-05 )
  gradient maximum:        1.1063E-03 .  (  4.5000E-04 )
  gradient rms:            1.8472E-04 *  (  3.0000E-04 )
  displacement maximum:    1.3240E-02 .  (  1.8000E-03 )
  displacement rms:        2.0987E-03 .  (  1.2000E-03 )
  
  predicted energy change: -2.1977E-05
  step size:     0.03378
  trust radius:  0.30000
---------------- geometry iteration  17 complete ----------------
geopt (optimize geometry) done.
onee (1-electron integrals) done.
probe (project orbitals) done.
grid (grid generation) done.
rwr (Q operators) done.
  
       i  u  d  i  g
       t  p  i  c  r                                 RMS    maximum
       e  d  i  u  i                       energy  density   DIIS  
       r  t  s  t  d       total energy    change  change    error 
  
etot    1  N  N  2  U   -1918.93342785470           4.8E-05  1.5E-03
etot    2  N  Y  2  U   -1918.93403221000  6.0E-04  2.1E-05  2.2E-04
etot    3  N  Y  2  U   -1918.93392845272 -1.0E-04  1.6E-05  6.5E-04
etot    4  N  Y  2  U   -1918.93404780126  1.2E-04  3.1E-06  1.1E-04
etot    5  N  N  2  U   -1918.93404970247  1.9E-06  0.0E+00  0.0E+00
scf (DFT) done.
der1a (1-e 1st deriv.) done.
rwr (1st deriv. Q) done.
der1b (2-e 1st deriv.) done.
  Geometry optimization step  18
  Total energy:     -1919.00170685884 hartrees
  energy change:          -4.1127E-05 *  (  5.0000E-05 )
  gradient maximum:        7.0351E-04 .  (  4.5000E-04 )
  gradient rms:            1.0649E-04 *  (  3.0000E-04 )
  displacement maximum:    9.5979E-03 .  (  1.8000E-03 )
  displacement rms:        1.6745E-03 .  (  1.2000E-03 )
  
  predicted energy change: -6.7401E-06
  step size:     0.02695
  trust radius:  0.30000
---------------- geometry iteration  18 complete ----------------
geopt (optimize geometry) done.
onee (1-electron integrals) done.
probe (project orbitals) done.
grid (grid generation) done.
rwr (Q operators) done.
  
       i  u  d  i  g
       t  p  i  c  r                                 RMS    maximum
       e  d  i  u  i                       energy  density   DIIS  
       r  t  s  t  d       total energy    change  change    error 
  
etot    1  N  N  2  U   -1918.93370532544           3.8E-05  1.1E-03
etot    2  N  Y  2  U   -1918.93404693139  3.4E-04  1.1E-05  1.6E-04
etot    3  N  Y  2  U   -1918.93402090543 -2.6E-05  8.4E-06  4.3E-04
etot    4  N  Y  2  U   -1918.93405078709  3.0E-05  1.6E-06  4.9E-05
etot    5  N  N  2  U   -1918.93405135105  5.6E-07  0.0E+00  0.0E+00
scf (DFT) done.
der1a (1-e 1st deriv.) done.
rwr (1st deriv. Q) done.
der1b (2-e 1st deriv.) done.
  Geometry optimization step  19
  Total energy:     -1919.00170548756 hartrees
  energy change:           1.3713E-06 #  (  5.0000E-05 )
  gradient maximum:        7.9309E-04 .  (  4.5000E-04 )
  gradient rms:            9.6979E-05 *  (  3.0000E-04 )
  displacement maximum:    9.9451E-03 .  (  1.8000E-03 )
  displacement rms:        1.7874E-03 .  (  1.2000E-03 )
  
  predicted energy change: -5.1855E-06
  step size:     0.02877
  trust radius:  0.30000
---------------- geometry iteration  19 complete ----------------
geopt (optimize geometry) done.
onee (1-electron integrals) done.
probe (project orbitals) done.
grid (grid generation) done.
rwr (Q operators) done.
  
       i  u  d  i  g
       t  p  i  c  r                                 RMS    maximum
       e  d  i  u  i                       energy  density   DIIS  
       r  t  s  t  d       total energy    change  change    error 
  
etot    1  N  N  2  U   -1918.93387637544           3.4E-05  9.2E-04
etot    2  N  Y  2  U   -1918.93412450384  2.5E-04  9.9E-06  8.0E-05
etot    3  N  Y  2  U   -1918.93410654648 -1.8E-05  7.6E-06  2.4E-04
etot    4  N  Y  2  U   -1918.93412752532  2.1E-05  1.7E-06  5.2E-05
etot    5  N  N  2  U   -1918.93412797524  4.5E-07  0.0E+00  0.0E+00
scf (DFT) done.
der1a (1-e 1st deriv.) done.
rwr (1st deriv. Q) done.
der1b (2-e 1st deriv.) done.
  Geometry optimization step  20
  Total energy:     -1919.00174860823 hartrees
  energy change:          -4.3121E-05 *  (  5.0000E-05 )
  gradient maximum:        7.2033E-04 .  (  4.5000E-04 )
  gradient rms:            1.0002E-04 *  (  3.0000E-04 )
  displacement maximum:    1.3991E-02 .  (  1.8000E-03 )
  displacement rms:        2.3076E-03 .  (  1.2000E-03 )
  
  predicted energy change: -4.2347E-06
  step size:     0.03714
  trust radius:  0.30000
---------------- geometry iteration  20 complete ----------------
geopt (optimize geometry) done.
onee (1-electron integrals) done.
probe (project orbitals) done.
grid (grid generation) done.
rwr (Q operators) done.
  
       i  u  d  i  g
       t  p  i  c  r                                 RMS    maximum
       e  d  i  u  i                       energy  density   DIIS  
       r  t  s  t  d       total energy    change  change    error 
  
etot    1  N  N  2  U   -1918.93377807608           4.1E-05  6.0E-04
etot    2  N  Y  2  U   -1918.93418693968  4.1E-04  1.2E-05  1.1E-04
etot    3  N  Y  2  U   -1918.93415728376 -3.0E-05  9.7E-06  3.5E-04
etot    4  N  Y  2  U   -1918.93419146472  3.4E-05  2.1E-06  6.1E-05
etot    5  N  N  2  U   -1918.93419218451  7.2E-07  0.0E+00  0.0E+00
scf (DFT) done.
der1a (1-e 1st deriv.) done.
rwr (1st deriv. Q) done.
der1b (2-e 1st deriv.) done.
  Geometry optimization step  21
  Total energy:     -1919.00176837034 hartrees
  energy change:          -1.9762E-05 *  (  5.0000E-05 )
  gradient maximum:        1.4173E-04 *  (  4.5000E-04 )
  gradient rms:            3.6143E-05 #  (  3.0000E-04 )
  displacement maximum:    6.8236E-03 .  (  1.8000E-03 )
  displacement rms:        1.1216E-03 *  (  1.2000E-03 )
  
  predicted energy change: -1.1287E-06
  step size:     0.01805
  trust radius:  0.30000
------------- final geometry iteration  21 complete -------------
geopt (optimize geometry) done.
cutabab2 (abab integrals) done.
der2a (1-e JK-1st deriv.) done.
der2b (2-e JK-1st deriv.) done.
der2nda (1-e 2nd deriv.) done.
der2ndb (2-e 2nd deriv.) done.
rwr (Q operators) done.
cphfa (gradient of wave function) done.
freq (vib. frequencies) done.
Job J1_9901_2111 completed on hpc-92-22.cm.cluster at Wed May 29 14:10:52 2024
Timer (jaguar_backend.py) : 4450.42 secs (1 hrs, 14 mins, 10 secs)
Finished:   Wed May 29 14:10:52 2024
