Job J1_923_2111 started on hpc-89-14.cm.cluster at Wed May 29 02:57:35 2024
jobid: hpc-89-14-0-6656fc0d

  +--------------------------------------------------------------------+
  |  Jaguar version 10.9, release 139                                  |
  |                                                                    |
  |  Copyright Schrodinger, Inc.                                       |
  |  All Rights Reserved.                                              |
  |                                                                    |
  |  The following have contributed to Jaguar (listed alphabetically): |
  |  Mike Beachy, Art Bochevarov, Dale Braden, Yixiang Cao,            |
  |  Alan Chien, Chris Cortis, Rich Friesner, Bill Goddard,            |
  |  Hod Greeley, Tom Hughes, Leif Jacobson, Jean-Marc Langlois,       |
  |  Daniel Levine, Daniel Mainz, Rob Murphy, Dean Philipp,            |
  |  Tom Pollard, Murco Ringnalda, Mark Watson, Haoyu Yu.              |
  |                                                                    |
  |  Use of this program should be acknowledged in publications as:    |
  |                                                                    |
  |  Jaguar, version 10.9, Schrodinger, Inc., New York, NY, 2020.      |
  |                                                                    |
  |  A. D. Bochevarov, E. Harder, T. F. Hughes, J. R. Greenwood,       |
  |  D. A. Braden, D. M. Philipp, D. Rinaldo, M. D. Halls,             |
  |  J. Zhang, R. A. Friesner, "Jaguar: A High-Performance Quantum     |
  |  Chemistry Software Program with Strengths in Life and Materials   |
  |  Sciences", Int. J. Quantum Chem., 2013, 113(18), 2110-2142.       |
  +--------------------------------------------------------------------+
  
  start of program pre
  
  Job name: J1_923_2111
  Executables used: /groups/wag/programs/Schrodinger_2020_3/jaguar-v10.9/bin/Linux-x86_64
  Temporary files : /central/scratch/labounad/J1_923_2111#hpc-89-14-0-6656fc0d
  Maestro file (input):  J1_923_2111.mae
  Maestro file (output): J1_923_2111.01.mae
  
 Contents of input file: &gen section only
 ----------------Contents start----------------
&gen
basis=6-31G**
igeopt=1
dftname=PBE-D3
ifreq=1
&
 -----------------Contents end-----------------
 
  basis set:             6-31g**                         
  net molecular charge:    0
  multiplicity:            1
  
  Using up to   8 threads per process
  
  number of basis functions....          105
  
 Input geometry:
                                   angstroms
  atom               x                 y                 z
  C1           -1.7451292898      0.0104456717      0.4738208811 
  C2           -0.3281566615     -0.4547100578      0.3742560781 
  C3            0.6751425782      0.4185588630      0.2739008750 
  C4            2.0670239892     -0.0329078875      0.1759661182 
  O5            2.9962589849      0.8106781498      0.0821577958 
  H6           -2.4229221113     -0.8655363066      0.5487186898 
  H7           -2.0160955096      0.5973330270     -0.4292355020 
  H8           -1.8743778904      0.6422036983      1.3780037470 
  H9           -0.1273110070     -1.5199751257      0.3849529589 
  H10           0.4678243627      1.4826052289      0.2637408211 
  H11           2.3077425546     -1.0886952612      0.1833004745 
   
  principal moments of inertia:
        amu*angstrom^2:       16.95697      226.65875      240.30178
                g*cm^2: 2.81577113E-39 3.76375665E-38 3.99030448E-38
   
  rotational constants:
               cm^(-1):      0.99414146      0.07437449      0.07015191
                   GHz:     29.80361125      2.22969113      2.10310137
   
  Molecular weight:      70.04 amu
   
  Stoichiometry: C4H6O
  Molecular Point Group: C1      
  Point Group used: C1
  
 
Number of optimization coordinates:    27
Number of independent coordinates:     27
Number of non-redundant coordinates:   27
Number of frozen coordinates:           0
Number of harmonic constraints:         0
 
Number of geometric degrees of freedom:    27
Maximum geometric degrees of freedom:      27
 " " " " " excluding dummy atoms:          27
 
  nuclear repulsion energy.......     152.822922459 hartrees
 
 Non-default options chosen:
   SCF calculation type: DFT(pbe-d3)                 
   DFT=PBE(X+LC)+PW91 (PBE-D3)
   Geometry will be optimized in redundant internal coordinates
   Vibrational frequencies and related properties will be computed
      from analytic second derivatives
   IR intensities will be computed
   Thermochemical properties will be computed
   Scaling standard convergence criteria by a factor of   1.00
  
 Temporary integer options set:
     73=  2
  
  Peak memory usage:   2633 Mb
  
  end of program pre
   
 Time(pre)  user:        6.0  user+sys:        6.0  wallclock:        2.9
  
  start of program onee
  
  smallest eigenvalue of S:    3.241E-03
  number of canonical orbitals.....          105
  Peak memory usage:   2603 Mb
  
  end of program onee
   
 Time(onee)  user:        2.4  user+sys:        2.4  wallclock:        0.5
  
  start of program hfig
  
  initial wavefunction generated automatically from atomic wavefunctions
 
  Irreducible     Total no   No of occupied orbitals 
  representation  orbitals   Shell_1  Shell_2    ...
  No Symm          105         19
  ------------------------
  Orbital occupation/shell    1.000
 
  Peak memory usage:   2496 Mb
  
  end of program hfig
   
 Time(hfig)  user:        2.2  user+sys:        2.2  wallclock:        0.5
  
  start of program probe
  
  Peak memory usage:   2518 Mb
  
  end of program probe
   
 Time(probe)  user:        2.1  user+sys:        2.1  wallclock:        0.4
  
  start of program grid
  
   grid     grid set  grid #  grid sym
  ------    --------  ------  --------
  coarse        0        0        1
  medium        2        1        1
  fine          0        0        1
  ultrafine     4        2        1
  charge        0        0        1
  gradient      4        2        1
  density       0        0        1
  DFT-fine    -11        3        1
  DFT-med.    -10        4        1
  DFT-grad    -12        5        1
  DFT-der2     -8        6        1
  DFT-cphf     -9        7        1
  LMP2-enrg     4        2        1
  LMP2-grad     2        1        1
  DFT-cphf2   -15        8        1
  PBF-dens      0        0        1
  plotting      0        0        1
  Rel-grad    -17        0        1
  
  number of gridpoints: 
     atom        C1       C2       C3       C4       O5       H6       H7
  grid # 1       78       94       94       94      123      113      112
  grid # 2      266      336      335      328      516      445      444
  grid # 3     4304     4304     4304     4304     4304     4304     4304
  grid # 4     1192     1192     1192     1192     1192     1192     1192
  grid # 5     5226     5226     5226     5226     5226     5226     5226
  grid # 6    12650    12650    12650    12650    23504    13718    13718
  grid # 7      688      688      688      688      714      744      744
  grid # 8      358      358      358      358      360      382      382
   
  number of gridpoints: 
     atom        H8       H9      H10      H11    total
  grid # 1      112      118      116      118     1172
  grid # 2      444      441      446      451     4452
  grid # 3     4304     4304     4304     4304    47344
  grid # 4     1192     1192     1192     1192    13112
  grid # 5     5226     5226     5226     5226    57486
  grid # 6    13718    13718    13718    13718   156412
  grid # 7      744      744      744      744     7930
  grid # 8      382      382      382      382     4084
   
  Peak memory usage:   2518 Mb
  
  end of program grid
   
 Time(grid)  user:        4.4  user+sys:        4.4  wallclock:        0.8
  
  start of program rwr
  
  Peak memory usage:   2515 Mb
  
  end of program rwr
   
 Time(rwr)  user:        4.3  user+sys:        4.3  wallclock:        0.8
  
  start of program scf
  
 number of electrons..........         38
 number of alpha electrons....         19
 number of beta electrons.....         19
 number of orbitals, total....        105
 number of doubly-occ'd orbs..         19
 number of open shell orbs....          0
 number of occupied orbitals..         19
 number of virtual orbitals...         86
 number of hamiltonians.......          1
 number of shells.............          1
 SCF type: DFT=PBE(X+LC)+PW91 (PBE-D3)
 Energy computed with NOPS off.
 Convergence Criterion:
    Energy (econv):       1.00E-05
    RMS density (dconv):  5.00E-06
  
       i  u  d  i  g                   
       t  p  i  c  r                                 RMS    maximum
       e  d  i  u  i                       energy  density   DIIS  
       r  t  s  t  d       total energy    change  change    error 
  
etot    1  N  N  5  M    -230.11506443278           1.5E-02  2.1E-01
etot    2  Y  Y  6  M    -228.20674450459 -1.9E+00  1.6E-02  3.2E-01
etot    3  Y  Y  6  M    -229.84981255972  1.6E+00  8.5E-03  2.0E-01
etot    4  N  Y  2  U    -230.85234244477  1.0E+00  4.4E-03  6.9E-02
etot    5  Y  Y  6  M    -230.83663899547 -1.6E-02  3.0E-03  5.5E-02
etot    6  N  Y  2  U    -230.93244110644  9.6E-02  1.1E-03  1.5E-02
etot    7  Y  Y  6  M    -230.93809169041  5.7E-03  5.0E-04  8.7E-03
etot    8  N  Y  2  U    -230.94019273845  2.1E-03  1.3E-04  1.5E-03
etot    9  Y  Y  6  M    -230.94029748855  1.0E-04  3.9E-05  7.1E-04
etot   10  N  Y  2  U    -230.94030060103  3.1E-06  2.4E-05  3.4E-04
etot   11  N  Y  2  U    -230.94030267730  2.1E-06  2.5E-06  2.2E-05
etot   12  N  N  2  U    -230.94030268619  8.9E-09  0.0E+00  0.0E+00
 
  Computing the dispersion energy correction and its gradients...
  
  
 Energy components, in hartrees:
   (A)  Nuclear repulsion............     152.82292245863
   (E)  Total one-electron terms.....    -614.85477158320
   (I)  Total two-electron terms.....     231.09154643837
   (J)    Coulomb....................     263.23279679089
   (K)    Exchange+Correlation.......     -32.14125035252
   (L)  Electronic energy............    -383.76322514483  (E+I)
   (N0) D3 correction................      -0.00267799572
   (N)  Total energy.................    -230.94298068191  (A+L+N0)
   (O)  Gas phase energy.............    -230.94298068191
  
 SCFE: SCF energy: DFT(pbe-d3)      -230.94298068191 hartrees   iterations:  12
  
 
 HOMO energy:    -0.19045
 LUMO energy:    -0.08869
 
  Orbital energies (hartrees): 
   -18.75429    -9.97160    -9.93004    -9.91547    -9.90764    -0.91730
    -0.74330    -0.65069    -0.54146    -0.51408    -0.43371    -0.39254
    -0.38719    -0.35871    -0.33495    -0.33207    -0.32895    -0.23956
    -0.19045    -0.08869     0.01584     0.07342     0.07913     0.10770
     0.12621     0.14153     0.15627     0.21596     0.24320
 
  Peak memory usage:   3643 Mb
  
  end of program scf
   
 Time(scf)  user:       14.2  user+sys:       14.2  wallclock:        7.1
  
  start of program der1a
  
  Peak memory usage:   2556 Mb
  
  end of program der1a
   
 Time(der1a)  user:        2.5  user+sys:        2.5  wallclock:        0.5
  
  start of program rwr
  
  Peak memory usage:   2558 Mb
  
  end of program rwr
   
 Time(rwr)  user:        3.4  user+sys:        3.4  wallclock:        1.5
  
  start of program der1b
  
   
  forces (hartrees/bohr) : total     
   
 atom  label           x              y              z
 ---- --------   -------------  -------------  -------------
    1 C1         -9.004582E-03  -1.024940E-02   9.598897E-04
    2 C2         -1.440687E-02   3.042134E-03   1.053445E-03
    3 C3          1.805141E-02  -1.197640E-02  -1.119535E-03
    4 C4          2.396889E-02   6.253969E-02  -3.435206E-03
    5 O5         -1.876844E-02  -2.513514E-02   2.091641E-03
    6 H6         -7.511040E-04   7.957112E-03  -1.384140E-04
    7 H7         -1.481650E-03  -1.135348E-03   5.850324E-03
    8 H8         -2.371318E-03  -1.416465E-03  -5.485169E-03
    9 H9          2.547999E-03  -8.913542E-03   2.143395E-05
   10 H10         4.037540E-03   8.364570E-03  -5.242889E-04
   11 H11        -2.172559E-03  -2.288161E-02   7.392558E-04
 -------------   -------------  -------------  -------------
     total       -3.506719E-04   1.955938E-04   1.337689E-05
   
  Peak memory usage:   3514 Mb
  
  end of program der1b
   
 Time(der1b)  user:        7.7  user+sys:        7.7  wallclock:        1.6
  
  start of program geopt
  
 ----------------------------------------------------------------------------
  Geometry optimization step   1
  Total energy:      -230.94298068191 hartrees
 ----------------------------------------------------------------------------
  
  gradient maximum:        3.0848E-02 .  (  4.5000E-04 )
  gradient rms:            1.2329E-02 .  (  3.0000E-04 )
  displacement maximum:    7.5059E-02 .  (  1.8000E-03 )
  displacement rms:        3.3722E-02 .  (  1.2000E-03 )
  
  predicted energy change:  -5.1146E-03
  step size:     0.17522
  trust radius:  0.30000
  
  molecular structure not yet converged...
  
  center of mass moved by:
     x:     3.9129E-02     y:     1.3737E-03     z:    -3.1352E-03
  
  new geometry: 
                                   angstroms
  atom               x                 y                 z
  C1           -1.8022526918     -0.0173108700      0.4789922321 
  C2           -0.3468759301     -0.4291247955      0.3751046322 
  C3            0.6931615403      0.4463352218      0.2718374088 
  C4            2.0837859120     -0.0007603960      0.1738822620 
  O5            3.0416921397      0.7688576013      0.0795571203 
  H6           -2.4798602721     -0.8815576829      0.5535154066 
  H7           -2.1061734005      0.5699954288     -0.4031667995 
  H8           -1.9673640827      0.6138618227      1.3677335260 
  H9           -0.1251315362     -1.5042346161      0.3843855767 
  H10           0.5287058532      1.5288901154      0.2578803538 
  H11           2.2525423466     -1.1029473217      0.1881112106 
   
  nuclear repulsion energy.......     151.605756559 hartrees
  -------------------------------------------------
 /  end of geometry optimization iteration   1   /
 -------------------------------------------------
   
  Peak memory usage:   2446 Mb
  
  end of program geopt
   
 Time(geopt)  user:        2.2  user+sys:        2.2  wallclock:        0.6
  
  start of program onee
  
  smallest eigenvalue of S:    3.442E-03
  number of canonical orbitals.....          105
  Peak memory usage:   2603 Mb
  
  end of program onee
   
 Time(onee)  user:        2.3  user+sys:        2.3  wallclock:        0.5
  
  start of program probe
  
  Peak memory usage:   2518 Mb
  
  end of program probe
   
 Time(probe)  user:        2.9  user+sys:        2.9  wallclock:        0.7
  
  start of program grid
  
   grid     grid set  grid #  grid sym
  ------    --------  ------  --------
  coarse        0        0        1
  medium        2        1        1
  fine          0        0        1
  ultrafine     4        2        1
  charge        0        0        1
  gradient      4        2        1
  density       0        0        1
  DFT-fine    -11        3        1
  DFT-med.    -10        4        1
  DFT-grad    -12        5        1
  DFT-der2     -8        6        1
  DFT-cphf     -9        7        1
  LMP2-enrg     4        2        1
  LMP2-grad     2        1        1
  DFT-cphf2   -15        8        1
  PBF-dens      0        0        1
  plotting      0        0        1
  Rel-grad    -17        0        1
  
  number of gridpoints: 
     atom        C1       C2       C3       C4       O5       H6       H7
  grid # 1       78       96       96       94      123      113      112
  grid # 2      267      339      340      335      516      443      443
  grid # 3     4304     4304     4304     4304     4304     4304     4304
  grid # 4     1192     1192     1192     1192     1192     1192     1192
  grid # 5     5226     5226     5226     5226     5226     5226     5226
  grid # 6    12650    12650    12650    12650    23504    13718    13718
  grid # 7      688      688      688      688      714      744      744
  grid # 8      358      358      358      358      360      382      382
   
  number of gridpoints: 
     atom        H8       H9      H10      H11    total
  grid # 1      112      115      116      116     1171
  grid # 2      443      440      447      453     4466
  grid # 3     4304     4304     4304     4304    47344
  grid # 4     1192     1192     1192     1192    13112
  grid # 5     5226     5226     5226     5226    57486
  grid # 6    13718    13718    13718    13718   156412
  grid # 7      744      744      744      744     7930
  grid # 8      382      382      382      382     4084
   
  Peak memory usage:   2518 Mb
  
  end of program grid
   
 Time(grid)  user:        5.5  user+sys:        5.5  wallclock:        1.2
  
  start of program rwr
  
  Peak memory usage:   2520 Mb
  
  end of program rwr
   
 Time(rwr)  user:        5.1  user+sys:        5.1  wallclock:        1.5
  
  start of program scf
  
 Energy computed with NOPS off.
 Convergence Criterion:
    Energy (econv):       1.00E-05
    RMS density (dconv):  5.00E-06
  
       i  u  d  i  g                   
       t  p  i  c  r                                 RMS    maximum
       e  d  i  u  i                       energy  density   DIIS  
       r  t  s  t  d       total energy    change  change    error 
  
etot    1  N  N  2  U    -230.94186126567           1.1E-03  5.7E-03
etot    2  Y  Y  6  M    -230.94429987420  2.4E-03  7.6E-04  6.8E-03
etot    3  Y  Y  6  M    -230.94207049457 -2.2E-03  5.7E-04  1.5E-02
etot    4  N  Y  2  U    -230.94528309437  3.2E-03  7.5E-05  1.5E-03
etot    5  Y  Y  6  M    -230.94531596808  3.3E-05  2.5E-05  2.8E-04
etot    6  N  Y  2  U    -230.94533740235  2.1E-05  8.5E-06  9.3E-05
etot    7  N  Y  2  U    -230.94533747777  7.5E-08  5.9E-06  6.9E-05
etot    8  N  Y  2  U    -230.94533763528  1.6E-07  1.8E-06  2.7E-05
etot    9  N  N  2  U    -230.94533765815  2.3E-08  0.0E+00  0.0E+00
 
  Computing the dispersion energy correction and its gradients...
  
  
 Energy components, in hartrees:
   (A)  Nuclear repulsion............     151.60575655892
   (E)  Total one-electron terms.....    -612.36747835465
   (I)  Total two-electron terms.....     229.81638413758
   (J)    Coulomb....................     261.93414065011
   (K)    Exchange+Correlation.......     -32.11775651252
   (L)  Electronic energy............    -382.55109421707  (E+I)
   (N0) D3 correction................      -0.00265986979
   (N)  Total energy.................    -230.94799752794  (A+L+N0)
   (O)  Gas phase energy.............    -230.94799752794
  
 SCFE: SCF energy: DFT(pbe-d3)      -230.94799752794 hartrees   iterations:   9
  
 
 HOMO energy:    -0.19446
 LUMO energy:    -0.09054
 
  Orbital energies (hartrees): 
   -18.75799    -9.97308    -9.93977    -9.91701    -9.91311    -0.93219
    -0.73593    -0.65315    -0.54374    -0.50726    -0.42798    -0.39332
    -0.38420    -0.36132    -0.34399    -0.33920    -0.32560    -0.24024
    -0.19446    -0.09054     0.01920     0.07318     0.08040     0.10851
     0.12222     0.14107     0.15265     0.20571     0.24708
 
  Peak memory usage:   3637 Mb
  
  end of program scf
   
 Time(scf)  user:       11.6  user+sys:       11.6  wallclock:        4.0
  
  start of program der1a
  
  Peak memory usage:   2556 Mb
  
  end of program der1a
   
 Time(der1a)  user:        2.6  user+sys:        2.6  wallclock:        0.4
  
  start of program rwr
  
  Peak memory usage:   2474 Mb
  
  end of program rwr
   
 Time(rwr)  user:        3.4  user+sys:        3.4  wallclock:        1.0
  
  start of program der1b
  
   
  forces (hartrees/bohr) : total     
   
 atom  label           x              y              z
 ---- --------   -------------  -------------  -------------
    1 C1          5.405530E-03  -3.947682E-03  -3.262346E-04
    2 C2          1.129736E-03   9.874235E-03  -3.334447E-04
    3 C3         -1.079187E-02  -8.987768E-03   1.071756E-03
    4 C4          6.618058E-03   8.020547E-03  -7.213955E-04
    5 O5         -2.450694E-03  -1.735960E-03   2.284264E-04
    6 H6          1.245584E-03  -2.005242E-04  -9.270886E-05
    7 H7         -5.309976E-05   1.067123E-03  -1.764213E-05
    8 H8         -5.432557E-05   1.065402E-03  -2.655644E-05
    9 H9          1.107675E-03  -5.226051E-04  -7.339498E-05
   10 H10         6.076100E-05   1.034585E-03  -3.166205E-05
   11 H11        -2.539627E-03  -5.779610E-03   3.414123E-04
 -------------   -------------  -------------  -------------
     total       -3.222752E-04  -1.122570E-04   1.855574E-05
   
  Peak memory usage:   3513 Mb
  
  end of program der1b
   
 Time(der1b)  user:        3.8  user+sys:        3.8  wallclock:        0.9
  
  start of program geopt
  
 ----------------------------------------------------------------------------
  Geometry optimization step   2
  Total energy:      -230.94799752794 hartrees
 ----------------------------------------------------------------------------
  
  energy change:          -5.0168E-03 .  (  5.0000E-05 )
  gradient maximum:        1.2017E-02 .  (  4.5000E-04 )
  gradient rms:            3.3933E-03 .  (  3.0000E-04 )
  displacement maximum:    3.4574E-02 .  (  1.8000E-03 )
  displacement rms:        1.2385E-02 .  (  1.2000E-03 )
  
  predicted energy change:  -4.8344E-04
  step size:     0.06436
  trust radius:  0.30000
  
  molecular structure not yet converged...
  
  center of mass moved by:
     x:     2.2073E-03     y:    -2.2194E-04     z:    -2.3910E-04
  
  new geometry: 
                                   angstroms
  atom               x                 y                 z
  C1           -1.7935708534     -0.0244905024      0.4785136214 
  C2           -0.3437150264     -0.4087552252      0.3744522326 
  C3            0.6852243667      0.4612336773      0.2721815532 
  C4            2.0745642856      0.0023451912      0.1745489069 
  O5            3.0464552040      0.7458916535      0.0795516958 
  H6           -2.4527434930     -0.9005009076      0.5517021112 
  H7           -2.1089870818      0.5635321858     -0.3993109319 
  H8           -1.9708848946      0.6070030044      1.3648577802 
  H9           -0.1037837307     -1.4825858564      0.3823056794 
  H10           0.5289939154      1.5477542347      0.2574776988 
  H11           2.1978282987     -1.1181300405      0.1929444789 
   
  nuclear repulsion energy.......     152.067963558 hartrees
  -------------------------------------------------
 /  end of geometry optimization iteration   2   /
 -------------------------------------------------
   
  Peak memory usage:   2446 Mb
  
  end of program geopt
   
 Time(geopt)  user:        2.2  user+sys:        2.2  wallclock:        0.4
  
  start of program onee
  
  smallest eigenvalue of S:    3.299E-03
  number of canonical orbitals.....          105
  Peak memory usage:   2603 Mb
  
  end of program onee
   
 Time(onee)  user:        2.3  user+sys:        2.3  wallclock:        0.6
  
  start of program probe
  
  Peak memory usage:   2518 Mb
  
  end of program probe
   
 Time(probe)  user:        2.1  user+sys:        2.1  wallclock:        0.7
  
  start of program grid
  
   grid     grid set  grid #  grid sym
  ------    --------  ------  --------
  coarse        0        0        1
  medium        2        1        1
  fine          0        0        1
  ultrafine     4        2        1
  charge        0        0        1
  gradient      4        2        1
  density       0        0        1
  DFT-fine    -11        3        1
  DFT-med.    -10        4        1
  DFT-grad    -12        5        1
  DFT-der2     -8        6        1
  DFT-cphf     -9        7        1
  LMP2-enrg     4        2        1
  LMP2-grad     2        1        1
  DFT-cphf2   -15        8        1
  PBF-dens      0        0        1
  plotting      0        0        1
  Rel-grad    -17        0        1
  
  number of gridpoints: 
     atom        C1       C2       C3       C4       O5       H6       H7
  grid # 1       76       96       96       94      123      113      110
  grid # 2      267      339      342      338      516      443      442
  grid # 3     4304     4304     4304     4304     4304     4304     4304
  grid # 4     1192     1192     1192     1192     1192     1192     1192
  grid # 5     5226     5226     5226     5226     5226     5226     5226
  grid # 6    12650    12650    12650    12650    23504    13718    13718
  grid # 7      688      688      688      688      714      744      744
  grid # 8      358      358      358      358      360      382      382
   
  number of gridpoints: 
     atom        H8       H9      H10      H11    total
  grid # 1      110      113      116      113     1160
  grid # 2      442      440      447      453     4469
  grid # 3     4304     4304     4304     4304    47344
  grid # 4     1192     1192     1192     1192    13112
  grid # 5     5226     5226     5226     5226    57486
  grid # 6    13718    13718    13718    13718   156412
  grid # 7      744      744      744      744     7930
  grid # 8      382      382      382      382     4084
   
  Peak memory usage:   2518 Mb
  
  end of program grid
   
 Time(grid)  user:        4.1  user+sys:        4.1  wallclock:        0.7
  
  start of program rwr
  
  Peak memory usage:   2519 Mb
  
  end of program rwr
   
 Time(rwr)  user:        4.2  user+sys:        4.2  wallclock:        1.0
  
  start of program scf
  
 Energy computed with NOPS off.
 Convergence Criterion:
    Energy (econv):       1.00E-05
    RMS density (dconv):  5.00E-06
  
       i  u  d  i  g                   
       t  p  i  c  r                                 RMS    maximum
       e  d  i  u  i                       energy  density   DIIS  
       r  t  s  t  d       total energy    change  change    error 
  
etot    1  N  N  2  U    -230.94523647213           3.7E-04  3.1E-03
etot    2  Y  Y  6  M    -230.94580909905  5.7E-04  1.5E-04  1.6E-03
etot    3  Y  Y  6  M    -230.94564255371 -1.7E-04  1.2E-04  3.4E-03
etot    4  Y  Y  6  M    -230.94584280472  2.0E-04  3.7E-05  7.2E-04
etot    5  N  Y  2  U    -230.94586415712  2.1E-05  1.4E-05  2.5E-04
etot    6  N  Y  2  U    -230.94586525108  1.1E-06  5.9E-06  8.8E-05
etot    7  N  Y  2  U    -230.94586551203  2.6E-07  6.1E-06  2.5E-05
etot    8  N  Y  2  U    -230.94586552655  1.5E-08  7.1E-07  1.1E-05
etot    9  N  N  2  U    -230.94586552839  1.8E-09  0.0E+00  0.0E+00
 
  Computing the dispersion energy correction and its gradients...
  
  
 Energy components, in hartrees:
   (A)  Nuclear repulsion............     152.06796355755
   (E)  Total one-electron terms.....    -613.26435227486
   (I)  Total two-electron terms.....     230.25052318892
   (J)    Coulomb....................     262.37761200568
   (K)    Exchange+Correlation.......     -32.12708881675
   (L)  Electronic energy............    -383.01382908594  (E+I)
   (N0) D3 correction................      -0.00264905918
   (N)  Total energy.................    -230.94851458757  (A+L+N0)
   (O)  Gas phase energy.............    -230.94851458757
  
 SCFE: SCF energy: DFT(pbe-d3)      -230.94851458757 hartrees   iterations:   9
  
 
 HOMO energy:    -0.19562
 LUMO energy:    -0.08887
 
  Orbital energies (hartrees): 
   -18.75943    -9.97406    -9.93757    -9.91626    -9.91165    -0.93529
    -0.73910    -0.65477    -0.54261    -0.50653    -0.42719    -0.39509
    -0.38468    -0.36182    -0.34588    -0.34070    -0.32487    -0.24165
    -0.19562    -0.08887     0.02037     0.07158     0.07972     0.10931
     0.12248     0.14125     0.15570     0.20700     0.24838
 
  Peak memory usage:   3649 Mb
  
  end of program scf
   
 Time(scf)  user:       26.7  user+sys:       26.7  wallclock:        6.2
  
  start of program der1a
  
  Peak memory usage:   2556 Mb
  
  end of program der1a
   
 Time(der1a)  user:        3.2  user+sys:        3.2  wallclock:        3.3
  
  start of program rwr
  
  Peak memory usage:   2546 Mb
  
  end of program rwr
   
 Time(rwr)  user:        3.4  user+sys:        3.4  wallclock:        1.0
  
  start of program der1b
  
   
  forces (hartrees/bohr) : total     
   
 atom  label           x              y              z
 ---- --------   -------------  -------------  -------------
    1 C1          6.913304E-04  -7.996581E-04  -3.680953E-05
    2 C2         -9.696620E-04  -8.873563E-04   9.853218E-05
    3 C3         -8.379714E-04   2.408629E-03   7.823576E-06
    4 C4          9.688865E-04  -1.958738E-03  -2.899111E-05
    5 O5          7.197393E-04   5.350242E-04  -7.627677E-05
    6 H6         -1.002600E-04  -5.925398E-04   2.329762E-05
    7 H7         -2.598692E-04   5.641091E-04  -4.353683E-04
    8 H8         -1.901814E-04   5.854203E-04   4.450064E-04
    9 H9          2.224259E-04   3.639352E-04  -2.616642E-05
   10 H10        -1.872609E-04  -5.609477E-04   2.480426E-05
   11 H11        -4.368357E-04   1.635241E-04   2.728797E-05
 -------------   -------------  -------------  -------------
     total       -3.796584E-04  -1.785983E-04   2.313992E-05
   
  Peak memory usage:   3514 Mb
  
  end of program der1b
   
 Time(der1b)  user:        3.8  user+sys:        3.8  wallclock:        0.6
  
  start of program geopt
  
 ----------------------------------------------------------------------------
  Geometry optimization step   3
  Total energy:      -230.94851458757 hartrees
 ----------------------------------------------------------------------------
  
  energy change:          -5.1706E-04 .  (  5.0000E-05 )
  gradient maximum:        2.7791E-03 .  (  4.5000E-04 )
  gradient rms:            7.6646E-04 .  (  3.0000E-04 )
  displacement maximum:    1.1491E-02 .  (  1.8000E-03 )
  displacement rms:        3.3297E-03 .  (  1.2000E-03 )
  
  predicted energy change:  -2.7302E-05
  step size:     0.01730
  trust radius:  0.30000
  
  molecular structure not yet converged...
  
  center of mass moved by:
     x:     3.1266E-03     y:    -1.0567E-03     z:    -2.6046E-04
  
  new geometry: 
                                   angstroms
  atom               x                 y                 z
  C1           -1.7955733282     -0.0265452501      0.4787373434 
  C2           -0.3444338310     -0.4011227292      0.3743829060 
  C3            0.6836581427      0.4707340562      0.2721109925 
  C4            2.0728551493      0.0009859669      0.1747333909 
  O5            3.0520772467      0.7354159520      0.0792529426 
  H6           -2.4473413991     -0.9090101429      0.5513683530 
  H7           -2.1160592374      0.5615757863     -0.3986942033 
  H8           -1.9780559035      0.6048519132      1.3655974394 
  H9           -0.0974616839     -1.4730197549      0.3816679982 
  H10           0.5292964530      1.5568304008      0.2572297294 
  H11           2.1822198484     -1.1212472239      0.1943541056 
   
  nuclear repulsion energy.......     151.997079554 hartrees
  -------------------------------------------------
 /  end of geometry optimization iteration   3   /
 -------------------------------------------------
   
  Peak memory usage:   2446 Mb
  
  end of program geopt
   
 Time(geopt)  user:        2.1  user+sys:        2.1  wallclock:        0.8
  
  start of program onee
  
  smallest eigenvalue of S:    3.302E-03
  number of canonical orbitals.....          105
  Peak memory usage:   2603 Mb
  
  end of program onee
   
 Time(onee)  user:        2.4  user+sys:        2.4  wallclock:        0.4
  
  start of program probe
  
  Peak memory usage:   2518 Mb
  
  end of program probe
   
 Time(probe)  user:        3.2  user+sys:        3.2  wallclock:        1.3
  
  start of program grid
  
   grid     grid set  grid #  grid sym
  ------    --------  ------  --------
  coarse        0        0        1
  medium        2        1        1
  fine          0        0        1
  ultrafine     4        2        1
  charge        0        0        1
  gradient      4        2        1
  density       0        0        1
  DFT-fine    -11        3        1
  DFT-med.    -10        4        1
  DFT-grad    -12        5        1
  DFT-der2     -8        6        1
  DFT-cphf     -9        7        1
  LMP2-enrg     4        2        1
  LMP2-grad     2        1        1
  DFT-cphf2   -15        8        1
  PBF-dens      0        0        1
  plotting      0        0        1
  Rel-grad    -17        0        1
  
  number of gridpoints: 
     atom        C1       C2       C3       C4       O5       H6       H7
  grid # 1       76       96       96       94      123      113      110
  grid # 2      265      339      342      340      516      443      443
  grid # 3     4304     4304     4304     4304     4304     4304     4304
  grid # 4     1192     1192     1192     1192     1192     1192     1192
  grid # 5     5226     5226     5226     5226     5226     5226     5226
  grid # 6    12650    12650    12650    12650    23504    13718    13718
  grid # 7      688      688      688      688      714      744      744
  grid # 8      358      358      358      358      360      382      382
   
  number of gridpoints: 
     atom        H8       H9      H10      H11    total
  grid # 1      110      113      116      113     1160
  grid # 2      443      440      449      453     4473
  grid # 3     4304     4304     4304     4304    47344
  grid # 4     1192     1192     1192     1192    13112
  grid # 5     5226     5226     5226     5226    57486
  grid # 6    13718    13718    13718    13718   156412
  grid # 7      744      744      744      744     7930
  grid # 8      382      382      382      382     4084
   
  Peak memory usage:   2518 Mb
  
  end of program grid
   
 Time(grid)  user:        4.2  user+sys:        4.2  wallclock:        0.8
  
  start of program rwr
  
  Peak memory usage:   2519 Mb
  
  end of program rwr
   
 Time(rwr)  user:        4.3  user+sys:        4.3  wallclock:        0.9
  
  start of program scf
  
 Energy computed with NOPS off.
 Convergence Criterion:
    Energy (econv):       1.00E-05
    RMS density (dconv):  5.00E-06
  
       i  u  d  i  g                   
       t  p  i  c  r                                 RMS    maximum
       e  d  i  u  i                       energy  density   DIIS  
       r  t  s  t  d       total energy    change  change    error 
  
etot    1  N  N  2  U    -230.94581703593           1.3E-04  1.3E-03
etot    2  Y  Y  6  M    -230.94589474430  7.8E-05  2.5E-05  1.8E-04
etot    3  N  Y  2  U    -230.94590110657  6.4E-06  2.1E-05  5.2E-04
etot    4  N  Y  2  U    -230.94590473254  3.6E-06  7.9E-06  1.9E-04
etot    5  N  Y  2  U    -230.94590514637  4.1E-07  2.9E-06  4.5E-05
etot    6  N  N  2  U    -230.94590518182  3.5E-08  0.0E+00  0.0E+00
 
  Computing the dispersion energy correction and its gradients...
  
  
 Energy components, in hartrees:
   (A)  Nuclear repulsion............     151.99707955428
   (E)  Total one-electron terms.....    -613.12348556504
   (I)  Total two-electron terms.....     230.18050082895
   (J)    Coulomb....................     262.30505313639
   (K)    Exchange+Correlation.......     -32.12455230744
   (L)  Electronic energy............    -382.94298473609  (E+I)
   (N0) D3 correction................      -0.00264368660
   (N)  Total energy.................    -230.94854886842  (A+L+N0)
   (O)  Gas phase energy.............    -230.94854886842
  
 SCFE: SCF energy: DFT(pbe-d3)      -230.94854886842 hartrees   iterations:   6
  
 
 HOMO energy:    -0.19574
 LUMO energy:    -0.08869
 
  Orbital energies (hartrees): 
   -18.75961    -9.97446    -9.93756    -9.91667    -9.91187    -0.93508
    -0.73909    -0.65474    -0.54197    -0.50681    -0.42670    -0.39526
    -0.38443    -0.36228    -0.34585    -0.34044    -0.32506    -0.24162
    -0.19574    -0.08869     0.01969     0.07115     0.07945     0.10932
     0.12280     0.14074     0.15619     0.20632     0.24849
 
  Peak memory usage:   3618 Mb
  
  end of program scf
   
 Time(scf)  user:       12.0  user+sys:       12.0  wallclock:        3.5
  
  start of program der1a
  
  Peak memory usage:   2556 Mb
  
  end of program der1a
   
 Time(der1a)  user:        3.0  user+sys:        3.0  wallclock:        0.5
  
  start of program rwr
  
  Peak memory usage:   2546 Mb
  
  end of program rwr
   
 Time(rwr)  user:        3.4  user+sys:        3.4  wallclock:        1.3
  
  start of program der1b
  
   
  forces (hartrees/bohr) : total     
   
 atom  label           x              y              z
 ---- --------   -------------  -------------  -------------
    1 C1         -1.309221E-04  -1.053384E-04   1.009123E-05
    2 C2          1.365559E-05  -3.318947E-04   7.028851E-06
    3 C3          3.261082E-04   8.803829E-04  -4.553749E-05
    4 C4         -3.030211E-05  -5.446804E-04   1.329448E-05
    5 O5         -2.492076E-04  -2.626726E-04   2.123786E-05
    6 H6         -5.276127E-05  -2.706697E-05   5.854440E-06
    7 H7         -6.383051E-05   2.035006E-05   1.902442E-05
    8 H8         -6.521309E-05   1.708944E-05  -5.731307E-06
    9 H9          1.373013E-05   2.792537E-05  -7.154947E-07
   10 H10        -1.073830E-04  -2.243700E-04   9.390986E-06
   11 H11        -3.911044E-05   3.646119E-04  -8.981384E-06
 -------------   -------------  -------------  -------------
     total       -3.852361E-04  -1.856634E-04   2.495660E-05
   
  Peak memory usage:   3514 Mb
  
  end of program der1b
   
 Time(der1b)  user:        5.3  user+sys:        5.3  wallclock:        1.0
  
  start of program geopt
  
 ----------------------------------------------------------------------------
  Geometry optimization step   4
  Total energy:      -230.94854886842 hartrees
 ----------------------------------------------------------------------------
  
  energy change:          -3.4281E-05 *  (  5.0000E-05 )
  gradient maximum:        1.2036E-03 .  (  4.5000E-04 )
  gradient rms:            2.7482E-04 *  (  3.0000E-04 )
  displacement maximum:    6.2710E-03 .  (  1.8000E-03 )
  displacement rms:        1.4376E-03 .  (  1.2000E-03 )
  
  predicted energy change:  -3.9107E-06
  step size:     0.00747
  trust radius:  0.30000
  
  molecular structure not yet converged...
  
  center of mass moved by:
     x:     1.0415E-03     y:    -7.9423E-04     z:    -1.0794E-04
  
  new geometry: 
                                   angstroms
  atom               x                 y                 z
  C1           -1.7961277844     -0.0273729239      0.4788249013 
  C2           -0.3437187433     -0.3973244398      0.3743017089 
  C3            0.6836940857      0.4757591767      0.2719889962 
  C4            2.0711139131      0.0003267894      0.1749101528 
  O5            3.0536178418      0.7297240942      0.0791658575 
  H6           -2.4448647927     -0.9121973381      0.5510532077 
  H7           -2.1189046838      0.5604715975     -0.3981175909 
  H8           -1.9810666018      0.6033674867      1.3658088867 
  H9           -0.0935901371     -1.4684401205      0.3813942839 
  H10           0.5300727922      1.5615516333      0.2569425397 
  H11           2.1748931622     -1.1217935124      0.1950963780 
   
  nuclear repulsion energy.......     152.011264983 hartrees
  -------------------------------------------------
 /  end of geometry optimization iteration   4   /
 -------------------------------------------------
   
  Peak memory usage:   2446 Mb
  
  end of program geopt
   
 Time(geopt)  user:        2.1  user+sys:        2.1  wallclock:        0.6
  
  start of program onee
  
  smallest eigenvalue of S:    3.296E-03
  number of canonical orbitals.....          105
  Peak memory usage:   2603 Mb
  
  end of program onee
   
 Time(onee)  user:        2.3  user+sys:        2.3  wallclock:        0.5
  
  start of program probe
  
  Peak memory usage:   2518 Mb
  
  end of program probe
   
 Time(probe)  user:        3.2  user+sys:        3.2  wallclock:        1.2
  
  start of program grid
  
   grid     grid set  grid #  grid sym
  ------    --------  ------  --------
  coarse        0        0        1
  medium        2        1        1
  fine          0        0        1
  ultrafine     4        2        1
  charge        0        0        1
  gradient      4        2        1
  density       0        0        1
  DFT-fine    -11        3        1
  DFT-med.    -10        4        1
  DFT-grad    -12        5        1
  DFT-der2     -8        6        1
  DFT-cphf     -9        7        1
  LMP2-enrg     4        2        1
  LMP2-grad     2        1        1
  DFT-cphf2   -15        8        1
  PBF-dens      0        0        1
  plotting      0        0        1
  Rel-grad    -17        0        1
  
  number of gridpoints: 
     atom        C1       C2       C3       C4       O5       H6       H7
  grid # 1       76       96       96       94      123      113      110
  grid # 2      265      339      342      340      516      443      442
  grid # 3     4304     4304     4304     4304     4304     4304     4304
  grid # 4     1192     1192     1192     1192     1192     1192     1192
  grid # 5     5226     5226     5226     5226     5226     5226     5226
  grid # 6    12650    12650    12650    12650    23504    13718    13718
  grid # 7      688      688      688      688      714      744      744
  grid # 8      358      358      358      358      360      382      382
   
  number of gridpoints: 
     atom        H8       H9      H10      H11    total
  grid # 1      110      113      116      113     1160
  grid # 2      442      440      449      453     4471
  grid # 3     4304     4304     4304     4304    47344
  grid # 4     1192     1192     1192     1192    13112
  grid # 5     5226     5226     5226     5226    57486
  grid # 6    13718    13718    13718    13718   156412
  grid # 7      744      744      744      744     7930
  grid # 8      382      382      382      382     4084
   
  Peak memory usage:   2518 Mb
  
  end of program grid
   
 Time(grid)  user:        4.1  user+sys:        4.1  wallclock:        0.8
  
  start of program rwr
  
  Peak memory usage:   2520 Mb
  
  end of program rwr
   
 Time(rwr)  user:        4.0  user+sys:        4.0  wallclock:        0.9
  
  start of program scf
  
 Energy computed with NOPS off.
 Convergence Criterion:
    Energy (econv):       1.00E-05
    RMS density (dconv):  5.00E-06
  
       i  u  d  i  g                   
       t  p  i  c  r                                 RMS    maximum
       e  d  i  u  i                       energy  density   DIIS  
       r  t  s  t  d       total energy    change  change    error 
  
etot    1  N  N  2  U    -230.94589215721           6.7E-05  6.4E-04
etot    2  Y  Y  6  M    -230.94590809771  1.6E-05  1.5E-05  1.3E-04
etot    3  N  Y  2  U    -230.94591184659  3.7E-06  1.2E-05  3.8E-04
etot    4  N  Y  2  U    -230.94591327523  1.4E-06  3.2E-06  5.5E-05
etot    5  N  N  2  U    -230.94591329618  2.1E-08  0.0E+00  0.0E+00
 
  Computing the dispersion energy correction and its gradients...
  
  
 Energy components, in hartrees:
   (A)  Nuclear repulsion............     152.01126498311
   (E)  Total one-electron terms.....    -613.15191518544
   (I)  Total two-electron terms.....     230.19473690614
   (J)    Coulomb....................     262.31967412542
   (K)    Exchange+Correlation.......     -32.12493721927
   (L)  Electronic energy............    -382.95717827930  (E+I)
   (N0) D3 correction................      -0.00264003480
   (N)  Total energy.................    -230.94855333099  (A+L+N0)
   (O)  Gas phase energy.............    -230.94855333099
  
 SCFE: SCF energy: DFT(pbe-d3)      -230.94855333099 hartrees   iterations:   5
  
 
 HOMO energy:    -0.19567
 LUMO energy:    -0.08853
 
  Orbital energies (hartrees): 
   -18.75947    -9.97425    -9.93760    -9.91671    -9.91190    -0.93515
    -0.73910    -0.65482    -0.54168    -0.50703    -0.42656    -0.39531
    -0.38433    -0.36252    -0.34574    -0.34045    -0.32518    -0.24162
    -0.19567    -0.08853     0.01960     0.07102     0.07943     0.10933
     0.12319     0.14062     0.15639     0.20612     0.24879
 
  Peak memory usage:   3641 Mb
  
  end of program scf
   
 Time(scf)  user:       16.2  user+sys:       16.2  wallclock:        6.1
  
  start of program der1a
  
  Peak memory usage:   2556 Mb
  
  end of program der1a
   
 Time(der1a)  user:        1.8  user+sys:        1.8  wallclock:        0.3
  
  start of program rwr
  
  Peak memory usage:   2546 Mb
  
  end of program rwr
   
 Time(rwr)  user:        3.3  user+sys:        3.3  wallclock:        1.4
  
  start of program der1b
  
   
  forces (hartrees/bohr) : total     
   
 atom  label           x              y              z
 ---- --------   -------------  -------------  -------------
    1 C1         -9.553932E-05   2.049424E-05   3.039759E-06
    2 C2         -4.862124E-05  -3.437033E-05   2.866182E-06
    3 C3          6.056911E-05   7.931417E-05  -6.333278E-06
    4 C4         -2.834899E-04  -1.463095E-04   2.233006E-05
    5 O5          1.767004E-04   4.624869E-05  -1.949542E-05
    6 H6         -3.470154E-05   3.459108E-05   2.825483E-06
    7 H7         -9.530538E-06  -6.023157E-05   3.769512E-05
    8 H8         -1.364090E-05  -6.372080E-05  -2.735495E-05
    9 H9         -7.067086E-05  -3.572020E-05   9.254315E-06
   10 H10        -5.948535E-05  -4.012641E-05   1.582592E-06
   11 H11         4.605102E-06   4.732437E-06  -3.127320E-06
 -------------   -------------  -------------  -------------
     total       -3.738051E-04  -1.950982E-04   2.328254E-05
   
  Peak memory usage:   3514 Mb
  
  end of program der1b
   
 Time(der1b)  user:        4.7  user+sys:        4.7  wallclock:        1.8
  
  start of program geopt
  
 ----------------------------------------------------------------------------
  Geometry optimization step   5
  Total energy:      -230.94855333099 hartrees
 ----------------------------------------------------------------------------
  
  energy change:          -4.4626E-06 *  (  5.0000E-05 )
  gradient maximum:        2.1330E-04 *  (  4.5000E-04 )
  gradient rms:            6.5919E-05 *  (  3.0000E-04 )
  displacement maximum:    3.3201E-04 #  (  1.8000E-03 )
  displacement rms:        1.5343E-04 #  (  1.2000E-03 )
  
  predicted energy change:  -1.2383E-07
  step size:     0.00080
  trust radius:  0.30000
  
  ********************************************************
  **           Geometry optimization complete           **
  ********************************************************
  
  Checking the geometry optimization convergence pattern ...
  
  best                    worst
  ==0=====1=====2=====3=====4==
    ^                          
  
  Convergence category 0: monotonic convergence.
  
  center of mass moved by:
     x:     0.0000E+00     y:     0.0000E+00     z:     0.0000E+00
  
  final geometry: 
                                   angstroms
  atom               x                 y                 z
  C1           -1.7961277844     -0.0273729239      0.4788249013 
  C2           -0.3437187433     -0.3973244398      0.3743017089 
  C3            0.6836940857      0.4757591767      0.2719889962 
  C4            2.0711139131      0.0003267894      0.1749101528 
  O5            3.0536178418      0.7297240942      0.0791658575 
  H6           -2.4448647927     -0.9121973381      0.5510532077 
  H7           -2.1189046838      0.5604715975     -0.3981175909 
  H8           -1.9810666018      0.6033674867      1.3658088867 
  H9           -0.0935901371     -1.4684401205      0.3813942839 
  H10           0.5300727922      1.5615516333      0.2569425397 
  H11           2.1748931622     -1.1217935124      0.1950963780 
   
  bond lengths (angstroms):
 C1      -C2      :   1.502425
 C1      -H6      :   1.099541
 C1      -H7      :   1.103981
 C1      -H8      :   1.103982
 C2      -C3      :   1.352154
 C2      -H9      :   1.099956
 C3      -C4      :   1.469828
 C3      -H10     :   1.096709
 C4      -O5      :   1.227396
 C4      -H11     :   1.127090
  
  bond angles:
 H6      -C1      -C2      : 112.134614
 H7      -C1      -C2      : 111.007793
 H7      -C1      -H6      : 107.949119
 H8      -C1      -C2      : 111.009378
 H8      -C1      -H6      : 107.947642
 H8      -C1      -H7      : 106.559423
 C3      -C2      -C1      : 125.507460
 H9      -C2      -C1      : 117.332917
 H9      -C2      -C3      : 117.159623
 C4      -C3      -C2      : 120.888713
 H10     -C3      -C2      : 122.267688
 H10     -C3      -C4      : 116.843598
 O5      -C4      -C3      : 124.647712
 H11     -C4      -C3      : 114.064630
 H11     -C4      -O5      : 121.287658
  
  torsional angles:
 C1      -C2      -C3      -C4      :-179.987142
 C1      -C2      -C3      -H10     :   0.004267
 C2      -C3      -C4      -O5      : 179.970357
 C2      -C3      -C4      -H11     :  -0.025832
 C3      -C2      -C1      -H6      : 179.959934
 C3      -C2      -C1      -H7      :  59.123839
 C3      -C2      -C1      -H8      : -59.204750
 C4      -C3      -C2      -H9      :   0.007236
 O5      -C4      -C3      -H10     :  -0.021501
 H6      -C1      -C2      -H9      :  -0.034435
 H7      -C1      -C2      -H9      :-120.870530
 H8      -C1      -C2      -H9      : 120.800881
 H9      -C2      -C3      -H10     : 179.998645
 H10     -C3      -C4      -H11     : 179.982310
  
  principal moments of inertia:
        amu*angstrom^2:       15.57183      234.71035      247.12538
                g*cm^2: 2.58576228E-39 3.89745654E-38 4.10361303E-38
   
  rotational constants:
               cm^(-1):      1.08257238      0.07182312      0.06821488
                   GHz:     32.45470351      2.15320292      2.04503074
   
  nuclear repulsion energy.......     152.011264983 hartrees
  -------------------------------------------------
 /  end of geometry optimization iteration   5   /
 -------------------------------------------------
   
  Peak memory usage:   2642 Mb
  
  end of program geopt
   
 Time(geopt)  user:        4.7  user+sys:        4.7  wallclock:        2.6
  
  start of program cutabab2
  
  Peak memory usage:   2607 Mb
  
  end of program cutabab2
   
 Time(cutabab2)  user:        2.0  user+sys:        2.0  wallclock:        0.6
  
  start of program der2a
  
  Peak memory usage:   2556 Mb
  
  end of program der2a
   
 Time(der2a)  user:        2.7  user+sys:        2.7  wallclock:        1.1
  
  start of program der2b
  
  Peak memory usage:   3313 Mb
  
  end of program der2b
   
 Time(der2b)  user:       12.7  user+sys:       12.7  wallclock:        1.7
  
  start of program der2nda
  
  Computing the dispersion energy correction, gradient, hessian...
 
  Peak memory usage:   2556 Mb
  
  end of program der2nda
   
 Time(der2nda)  user:        1.9  user+sys:        1.9  wallclock:        1.0
  
  start of program der2ndb
  
  Peak memory usage:   3223 Mb
  
  end of program der2ndb
   
 Time(der2ndb)  user:       28.6  user+sys:       28.6  wallclock:        5.3
  
  start of program rwr
  
  Peak memory usage:   2519 Mb
  
  end of program rwr
   
 Time(rwr)  user:        3.9  user+sys:        3.9  wallclock:        0.7
  
  start of program cphfa
  
       1  vectors produced in CPHF
  
     v    i  j  k  i  g
     e    t  c  c  c  r
     c    e  o  o  u  i
     t    r  r  r  t  d       RMS  
  
     1    1  0  0  6  M     2.4E-02
     1    2  0  0  6  M     3.0E-03
     1    3  0  0  6  M     7.1E-04
     1    4  0  0  6  M     3.1E-04
     1    5  0  0  6  M     8.6E-05
     1    6  0  0  6  M     2.5E-05
  
  
  Atomic Polar Tensors (au): Total
  =========================
  
  APT for atom C1      
  --------------------------------------
       -0.1231       0.0558       0.0110
        0.2838       0.0557      -0.0228
        0.0056      -0.0049       0.0336
  --------------------------------------
  
  APT for atom C2      
  --------------------------------------
        0.6186       0.0126      -0.0575
        0.0188       0.1463      -0.0079
       -0.0578      -0.0075      -0.1063
  --------------------------------------
  
  APT for atom C3      
  --------------------------------------
       -0.8640      -0.0736       0.0594
        0.0471       0.0329      -0.0077
        0.0562       0.0017      -0.1352
  --------------------------------------
  
  APT for atom C4      
  --------------------------------------
        1.4899       0.2154      -0.1087
       -0.1235       0.7774      -0.0056
       -0.1002      -0.0321       0.1838
  --------------------------------------
  
  APT for atom O5      
  --------------------------------------
       -1.0523      -0.2399       0.0638
       -0.3024      -0.5743       0.0303
        0.0655       0.0254      -0.3225
  --------------------------------------
  
  APT for atom H6      
  --------------------------------------
       -0.0470      -0.0545       0.0115
       -0.1056      -0.0466       0.0114
        0.0126       0.0074       0.0812
  --------------------------------------
  
  APT for atom H7      
  --------------------------------------
       -0.0323      -0.0008      -0.0134
       -0.0016       0.0372       0.0800
       -0.0444       0.0690      -0.0095
  --------------------------------------
  
  APT for atom H8      
  --------------------------------------
       -0.0228      -0.0110       0.0165
       -0.0119       0.0300      -0.0810
        0.0474      -0.0702      -0.0117
  --------------------------------------
  
  APT for atom H9      
  --------------------------------------
        0.0059       0.0712       0.0077
        0.0448      -0.0864       0.0018
        0.0083      -0.0003       0.1260
  --------------------------------------
  
  APT for atom H10     
  --------------------------------------
        0.0290       0.0341       0.0062
        0.0449      -0.0738       0.0013
        0.0060       0.0022       0.1188
  --------------------------------------
  
  APT for atom H11     
  --------------------------------------
       -0.0020      -0.0093       0.0037
        0.1056      -0.2987       0.0003
        0.0008       0.0093       0.0418
  --------------------------------------
  
  Peak memory usage:   2966 Mb
  
  end of program cphfa
   
 Time(cphfa)  user:       22.9  user+sys:       22.9  wallclock:        3.4
  
  start of program freq
  
   
  Number of frequencies:  27
  harmonic frequencies in cm**-1, reduced masses in amu,
  force constants in mDyne/A, and
  normal modes in cartesian coordinates:          27
  IR intensities in km/mol
  
  vibration #            1        2        3        4        5        6
                  -------- -------- -------- -------- -------- --------
  frequencies      -189.47   134.26   198.48   305.00   444.80   528.61
  intensities         1.51     1.42     5.25     5.01     3.40     8.93
  reduc. mass         0.26     3.21     2.00     1.67     1.71     3.06
  force const         0.01     0.03     0.05     0.09     0.20     0.50
    C1       X     0.00010 -0.00728  0.02415  0.00454  0.14861 -0.04735
    C1       Y     0.00001 -0.00206  0.11167  0.00142  0.02300  0.01593
    C1       Z     0.00148 -0.09307 -0.00445  0.05881 -0.01225  0.00331
    C2       X    -0.00308  0.00235 -0.02334 -0.01210  0.07955 -0.04684
    C2       Y    -0.00097  0.00060 -0.09449 -0.00380 -0.07704 -0.09963
    C2       Z    -0.03928  0.03112  0.00410 -0.15426 -0.00435  0.00617
    C3       X     0.00539  0.01425  0.01475 -0.00229 -0.05555 -0.08500
    C3       Y     0.00172  0.00416 -0.14218 -0.00069  0.05375 -0.01498
    C3       Z     0.06859  0.18072  0.00191 -0.02926  0.00308  0.00710
    C4       X    -0.00212  0.00503  0.04299  0.01062 -0.11179  0.02314
    C4       Y    -0.00068  0.00143 -0.03450  0.00338  0.03692  0.12457
    C4       Z    -0.02701  0.06179 -0.00258  0.13462  0.00791 -0.00494
    O5       X     0.00068 -0.01034 -0.05537 -0.00373 -0.06308  0.14956
    O5       Y     0.00022 -0.00298  0.10441 -0.00123 -0.04394 -0.03004
    O5       Z     0.00862 -0.12960  0.00202 -0.04759  0.00599 -0.01102
    H6       X     0.03777 -0.01839 -0.11718  0.01093  0.01317 -0.15865
    H6       Y     0.01179 -0.00531  0.21625  0.00346  0.12485  0.09817
    H6       Z     0.48392 -0.23269  0.00445  0.14108 -0.00421  0.00990
    H7       X    -0.13453  0.09355  0.12166 -0.15808  0.24640  0.03033
    H7       Y    -0.44036  0.06334  0.15231  0.04361  0.06777  0.05051
    H7       Z    -0.24891 -0.08628 -0.01301  0.14666 -0.01813 -0.00210
    H8       X     0.09259 -0.10531  0.12200  0.17909  0.24584  0.02987
    H8       Y     0.42734 -0.06658  0.15285 -0.03704  0.06761  0.05044
    H8       Z    -0.28780 -0.06757 -0.01342  0.12227 -0.02379 -0.00513
    H9       X    -0.01746 -0.00496 -0.13137 -0.02050  0.14484 -0.06742
    H9       Y    -0.00555 -0.00170 -0.11799 -0.00648 -0.05825 -0.10415
    H9       Z    -0.22315 -0.05869  0.01342 -0.26165 -0.01007  0.00781
    H10      X     0.01824  0.01957  0.00463  0.00212 -0.17606 -0.30050
    H10      Y     0.00581  0.00584 -0.14198  0.00070  0.03392 -0.04179
    H10      Z     0.23228  0.24797  0.00247  0.02650  0.01310  0.02473
    H11      X    -0.01085  0.00874  0.18183  0.03636 -0.19724 -0.04925
    H11      Y    -0.00349  0.00253 -0.01939  0.01164  0.02537  0.11522
    H11      Z    -0.13807  0.10413 -0.01379  0.46247  0.01501  0.00109
  
  vibration #            7        8        9       10       11       12
                  -------- -------- -------- -------- -------- --------
  frequencies       758.01   959.31   965.88   986.26  1024.93  1065.71
  intensities         1.44     2.22    29.03     3.17     2.31     2.60
  reduc. mass         0.52     0.70     0.54     1.11     0.72     2.54
  force const         0.18     0.38     0.30     0.64     0.44     1.70
    C1       X    -0.00286 -0.10449 -0.00296  0.00525  0.00750  0.11383
    C1       Y    -0.00092 -0.07299 -0.00085  0.00176  0.00249 -0.08995
    C1       Z    -0.03663  0.01001 -0.04032  0.06622  0.09642 -0.00657
    C2       X    -0.00749  0.03562  0.00073 -0.00236 -0.00982 -0.14815
    C2       Y    -0.00238 -0.02697  0.00029 -0.00078 -0.00322  0.09393
    C2       Z    -0.09536 -0.00213  0.01014 -0.03045 -0.12671  0.00917
    C3       X     0.00849  0.01695 -0.00816 -0.00241  0.00200 -0.08565
    C3       Y     0.00270  0.07205 -0.00268 -0.00078  0.00063 -0.00525
    C3       Z     0.10836 -0.00336 -0.10317 -0.03038  0.02502  0.00684
    C4       X     0.00097  0.02602  0.00597  0.01183 -0.00374  0.03594
    C4       Y     0.00032 -0.03730  0.00196  0.00379 -0.00118 -0.03174
    C4       Z     0.01234 -0.00082  0.07611  0.15029 -0.04718 -0.00201
    O5       X    -0.00035 -0.00939 -0.00160 -0.00282  0.00073  0.02533
    O5       Y    -0.00011  0.00813 -0.00053 -0.00091  0.00023  0.01203
    O5       Z    -0.00473  0.00046 -0.02064 -0.03583  0.00962 -0.00229
    H6       X     0.01303 -0.55529  0.00781 -0.01023 -0.01627 -0.03159
    H6       Y     0.00424  0.26340  0.00165 -0.00377 -0.00535  0.02978
    H6       Z     0.16934  0.03675  0.08713 -0.14038 -0.21284  0.00145
    H7       X    -0.26671  0.23793 -0.13813  0.22678  0.32672  0.30293
    H7       Y     0.06395  0.14538  0.05180 -0.09214 -0.14174  0.03863
    H7       Z     0.10897  0.02686  0.05237 -0.08592 -0.12504  0.01019
    H8       X     0.28104  0.22971  0.14402 -0.23868 -0.34356  0.29654
    H8       Y    -0.05952  0.14317 -0.05028  0.08835  0.13648  0.03730
    H8       Z     0.06918 -0.07058  0.03302 -0.05380 -0.07928 -0.05915
    H9       X     0.04181  0.29666  0.03018 -0.01214  0.03851 -0.16052
    H9       Y     0.01330  0.02977  0.00972 -0.00387  0.01214  0.09697
    H9       Z     0.53431 -0.02324  0.39322 -0.15195  0.48947  0.01039
    H10      X    -0.03072  0.20600  0.05422 -0.01811  0.01499  0.05754
    H10      Y    -0.00977  0.10139  0.01725 -0.00570  0.00478  0.02015
    H10      Z    -0.39118 -0.01754  0.69793 -0.22492  0.19233 -0.00493
    H11      X    -0.02209  0.04245 -0.02009 -0.04947  0.01622  0.13374
    H11      Y    -0.00709 -0.03567 -0.00640 -0.01588  0.00524 -0.02054
    H11      Z    -0.28095 -0.00355 -0.25444 -0.62810  0.20715 -0.01001
  
  vibration #           13       14       15       16       17       18
                  -------- -------- -------- -------- -------- --------
  frequencies      1127.10  1227.98  1295.40  1361.70  1384.69  1448.71
  intensities        88.65     8.25     3.29     7.52     0.10     7.73
  reduc. mass         2.29     0.62     0.78     0.48     0.66     0.37
  force const         1.72     0.55     0.77     0.53     0.75     0.46
    C1       X    -0.00154  0.01839  0.02530  0.10200  0.04329 -0.00377
    C1       Y    -0.04062  0.06118 -0.01688 -0.04575  0.00064 -0.00111
    C1       Z     0.00116 -0.00297 -0.00155 -0.00687 -0.00342 -0.05135
    C2       X    -0.02791 -0.03775  0.01827  0.00262 -0.04252 -0.00160
    C2       Y     0.02273 -0.07848 -0.08044  0.01642 -0.01191 -0.00037
    C2       Z     0.00159  0.00491  0.00057 -0.00062  0.00363 -0.01941
    C3       X     0.10637 -0.10838  0.00071 -0.01102 -0.01804  0.00040
    C3       Y    -0.09977  0.02025  0.11770 -0.02051 -0.01626  0.00008
    C3       Z    -0.00588  0.00800 -0.00298  0.00137  0.00182  0.00340
    C4       X    -0.11062 -0.00637  0.01894 -0.01716  0.04525  0.00010
    C4       Y     0.12869  0.00647 -0.03148  0.02089 -0.05493  0.00010
    C4       Z     0.00555  0.00036 -0.00072  0.00083 -0.00218  0.00170
    O5       X     0.01085  0.02202  0.00158 -0.00511  0.03251 -0.00007
    O5       Y    -0.01869 -0.00310  0.01328 -0.01918  0.06410 -0.00005
    O5       Z    -0.00041 -0.00166 -0.00045  0.00088 -0.00417 -0.00051
    H6       X    -0.07372  0.17471 -0.07143 -0.28974 -0.05537  0.05278
    H6       Y     0.01739 -0.05867  0.04834  0.23737  0.07048  0.01875
    H6       Z     0.00522 -0.01210  0.00437  0.01693  0.00275  0.70155
    H7       X     0.09363 -0.08496 -0.08424 -0.41373 -0.13241  0.39515
    H7       Y     0.04207 -0.08886 -0.00327  0.17785  0.01065  0.26921
    H7       Z     0.02022 -0.05950  0.04385  0.31070  0.06356  0.00755
    H8       X     0.08885 -0.07417 -0.09002 -0.45761 -0.14076 -0.38848
    H8       Y     0.04078 -0.08567 -0.00502  0.16409  0.00795 -0.27163
    H8       Z    -0.03656  0.07623 -0.03004 -0.25087 -0.04262  0.08496
    H9       X    -0.14847  0.35036 -0.72102  0.09342  0.21032  0.00018
    H9       Y    -0.00597  0.00950 -0.24859  0.04292  0.03994  0.00022
    H9       Z     0.01186 -0.02772  0.06269 -0.00834 -0.01747  0.00443
    H10      X     0.48663  0.65698  0.26540 -0.01479  0.08230 -0.00074
    H10      Y    -0.04979  0.13131  0.16404 -0.02601 -0.00133 -0.00022
    H10      Z    -0.03678 -0.05483 -0.02495  0.00182 -0.00645 -0.00596
    H11      X    -0.21794  0.22460 -0.07667  0.25331 -0.81308  0.00007
    H11      Y     0.12091  0.02947 -0.03405  0.05275 -0.16311  0.00003
    H11      Z     0.01384 -0.01847  0.00696 -0.02127  0.06810 -0.00262
  
  vibration #           19       20       21       22       23       24
                  -------- -------- -------- -------- -------- --------
  frequencies      1450.74  1658.81  1735.53  2769.82  2980.85  3041.88
  intensities         3.40    49.65   234.86   128.69     7.11     6.69
  reduc. mass         0.32     4.76     6.44     0.93     0.36     0.51
  force const         0.39     7.72    11.44     4.20     1.90     2.81
    C1       X    -0.05270 -0.02810  0.00290  0.00039  0.04253 -0.00677
    C1       Y    -0.02714 -0.00733 -0.00098  0.00047 -0.02942 -0.00209
    C1       Z     0.00452  0.00238 -0.00020 -0.00004 -0.00262 -0.08664
    C2       X     0.01484  0.17375 -0.00662 -0.00008 -0.00052 -0.00004
    C2       Y    -0.02470  0.09602  0.00133  0.00080  0.00011 -0.00003
    C2       Z    -0.00066 -0.01601  0.00049 -0.00002  0.00004 -0.00055
    C3       X    -0.02081 -0.15996 -0.02149 -0.00231 -0.00093  0.00003
    C3       Y     0.00620 -0.09239 -0.01050 -0.00086  0.00039  0.00001
    C3       Z     0.00150  0.01486  0.00195  0.00021  0.00006  0.00045
    C4       X     0.00516  0.00172  0.19096  0.01393  0.00036  0.00000
    C4       Y    -0.00969 -0.00760  0.11889 -0.07790  0.00029  0.00000
    C4       Z    -0.00016  0.00006 -0.01804  0.00087 -0.00004  0.00003
    O5       X     0.00382  0.02058 -0.11984 -0.00218 -0.00005  0.00000
    O5       Y     0.00548  0.01164 -0.08604 -0.00096 -0.00009  0.00000
    O5       Z    -0.00044 -0.00192  0.01161  0.00019  0.00001  0.00003
    H6       X     0.41605 -0.08874  0.00293  0.00015 -0.23137 -0.00164
    H6       Y    -0.34586  0.03428 -0.00172 -0.00256 -0.33573 -0.00057
    H6       Z    -0.02061  0.00617 -0.00017  0.00005  0.02625 -0.02032
    H7       X     0.09243  0.01650  0.00268 -0.00005 -0.17192  0.19165
    H7       Y     0.48033 -0.00979  0.00324  0.00063  0.33004 -0.36854
    H7       Z     0.28262 -0.01300  0.00460  0.00026 -0.50796  0.52777
    H8       X     0.04181  0.01819  0.00193 -0.00009 -0.09225 -0.10874
    H8       Y     0.46307 -0.00925  0.00301  0.00061  0.35496  0.39418
    H8       Z    -0.31558  0.01074 -0.00512 -0.00029  0.51210  0.53247
    H9       X     0.01936 -0.20817 -0.00959  0.01087  0.00033 -0.00043
    H9       Y    -0.02574  0.02564 -0.00423 -0.00679  0.00312  0.00010
    H9       Z    -0.00080  0.01567  0.00088 -0.00068 -0.00011 -0.00483
    H10      X     0.04093  0.16020  0.07588  0.00076  0.00271 -0.00020
    H10      Y     0.01634 -0.07109  0.01219 -0.00410 -0.00901 -0.00008
    H10      Z    -0.00365 -0.01080 -0.00628  0.00004  0.00001 -0.00263
    H11      X    -0.03402 -0.07465 -0.14547 -0.11917 -0.00019 -0.00004
    H11      Y    -0.01635 -0.02002  0.05835  0.95020 -0.00093 -0.00000
    H11      Z     0.00309  0.00636  0.00994 -0.01463  0.00004 -0.00045
  
  vibration #           25       26       27
                  -------- -------- --------
  frequencies      3063.99  3086.70  3108.71
  intensities        10.91    18.39     8.00
  reduc. mass         0.75     0.56     0.92
  force const         4.13     3.15     5.26
    C1       X     0.00917  0.03116  0.00107
    C1       Y     0.02714  0.07657  0.00336
    C1       Z    -0.00135 -0.00429 -0.00016
    C2       X     0.01415 -0.00596 -0.00556
    C2       Y    -0.07565  0.02682 -0.00018
    C2       Z     0.00078 -0.00020  0.00044
    C3       X     0.00284 -0.00027 -0.00911
    C3       Y     0.00325 -0.00458  0.08267
    C3       Z    -0.00030  0.00013 -0.00135
    C4       X     0.00127 -0.00102  0.00282
    C4       Y    -0.00034  0.00022  0.00065
    C4       Z    -0.00009  0.00007 -0.00024
    O5       X    -0.00048  0.00036 -0.00067
    O5       Y    -0.00016  0.00017 -0.00040
    O5       Z     0.00004 -0.00003  0.00006
    H6       X    -0.16303 -0.47929 -0.01522
    H6       Y    -0.23120 -0.66230 -0.02423
    H6       Z     0.01837  0.05358  0.00178
    H7       X     0.02749  0.07912  0.00686
    H7       Y    -0.04355 -0.12284 -0.00760
    H7       Z     0.07404  0.21068  0.01276
    H8       X     0.01589  0.04594  0.00482
    H8       Y    -0.04740 -0.13324 -0.00824
    H8       Z    -0.07552 -0.21433 -0.01331
    H9       X    -0.19595  0.06863  0.00662
    H9       Y     0.88091 -0.30309 -0.03743
    H9       Z    -0.00660  0.00217  0.00042
    H10      X     0.00285 -0.00768  0.13443
    H10      Y    -0.02068  0.04440 -0.94242
    H10      Z     0.00029 -0.00050  0.01298
    H11      X    -0.00612  0.00272  0.00148
    H11      Y     0.00721 -0.00460 -0.00368
    H11      Z     0.00030 -0.00010 -0.00003
  
  Number of imaginary frequencies:   1
   
  Writing vibrational animation data to J1_923_2111.vib
  Writing IR vibrational spectrum data to J1_923_2111_vib.spm
  rotational symmetry number:  1

  rotational temperatures (K):      1.557578      0.103337      0.098146
   
  The Quasi-Harmonic approximation will be applied to compute
  vibrational constributions to thermodynamic properties.
  Frequencies will be adjusted to a minimum value of  100.00 cm^-1.

    1 vibrational frequencies below   0.0 cm-1 not included in zero-point
  energy or thermochemical analysis.  Set freqcut to change the frequency
  cutoff value.

  vibrational temperatures:
       mode:      2        3        4        5        6        7
  temp. (K):   193.16   285.57   438.82   639.96   760.55  1090.61
   
       mode:      8        9       10       11       12       13
  temp. (K):  1380.23  1389.68  1419.01  1474.64  1533.32  1621.64
   
       mode:     14       15       16       17       18       19
  temp. (K):  1766.79  1863.78  1959.19  1992.26  2084.37  2087.29
   
       mode:     20       21       22       23       24       25
  temp. (K):  2386.66  2497.04  3985.15  4288.77  4376.58  4408.39
   
       mode:     26       27
  temp. (K):  4441.07  4472.73
   
   
  Thermodynamic properties calculated assuming an ideal gas

  In the table below, the units for temperature
  are kelvins, the units for U, H, and G are
  kcal/mol and the units for Cv and S are cal/(mol K)

  The zero point energy (ZPE):     54.487 kcal/mol
  is not included in U, H, or G in the table below
  
 
  =============================================================================
  Thermodynamic properties for P = 1.00E+00 atm, calculated at   1 temperatures


  T =   298.15 K, P = 1.00E+00 atm
   
                  U         Cv          S          H          G        ln(Q)
              =========  =========  =========  =========  =========  =========
  trans.          0.889      2.981     38.657      1.481    -10.044   16.95276
  rot.            0.889      2.981     25.223      0.889     -6.632   11.19272
  vib.            1.556     11.682      8.740      1.556     -1.050    1.77196
  elec.           0.000      0.000      0.000      0.000      0.000    0.00000
  ----------------------------------------------------------------------------
  total           3.333     17.644     72.620      3.926    -17.726   29.91745
   
   Total internal energy, Utot(SCFE + ZPE + U):    -230.856412 hartrees
              Total enthalpy, Htot (Utot + pV):    -230.855467 hartrees
    Total Gibbs free energy, Gtot (Htot - T*S):    -230.889971 hartrees
   
  Peak memory usage:   2669 Mb
  
  end of program freq
   
 Time(freq)  user:        4.9  user+sys:        4.9  wallclock:        2.3

 Total cpu seconds     user:     204.629   user+sys:     204.629
  
 Total elapsed time:    100 seconds

Job J1_923_2111 completed on hpc-89-14.cm.cluster at Wed May 29 02:59:15 2024
