Command:  /groups/wag/programs/Schrodinger_2020_3/jaguar run -WAIT -PARALLEL 8 /central/home/labounad/wittig-ch121/out/J1_10368_2111/J1_10368_2111.in
Release:  2020-3
Exec:     /groups/wag/programs/Schrodinger_2020_3/jaguar-v10.9/bin/Linux-x86_64
Host:     hpc-90-26.cm.cluster
JobId:    hpc-90-26-0-66572262
JobDir:   /central/scratch/labounad/J1_10368_2111#hpc-90-26-0-66572262
Date:     Wed May 29 05:41:08 2024

Contents of /central/scratch/labounad/J1_10368_2111#hpc-90-26-0-66572262:
/central/scratch/labounad/J1_10368_2111#hpc-90-26-0-66572262/.write_dir.json
/central/scratch/labounad/J1_10368_2111#hpc-90-26-0-66572262/J1_10368_2111.in
/central/scratch/labounad/J1_10368_2111#hpc-90-26-0-66572262/hpc-90-26-0-66572262.mpinodes
/central/scratch/labounad/J1_10368_2111#hpc-90-26-0-66572262/hpc-90-26-0-66572262
/central/scratch/labounad/J1_10368_2111#hpc-90-26-0-66572262/J1_10368_2111.recover
/central/scratch/labounad/J1_10368_2111#hpc-90-26-0-66572262/hpc-90-26-0-66572262.nodes
/central/scratch/labounad/J1_10368_2111#hpc-90-26-0-66572262/J1_10368_2111.log
/central/scratch/labounad/J1_10368_2111#hpc-90-26-0-66572262/hpc-90-26-0-66572262.recover

Executing subprocess:
/groups/wag/programs/Schrodinger_2020_3/jaguar-v10.9/bin/Linux-x86_64/jexec J1_10368_2111.in -T 8 -out /central/scratch/labounad/J1_10368_2111#hpc-90-26-0-66572262 -cwd

Job J1_10368_2111 started on hpc-90-26.cm.cluster at Wed May 29 05:41:08 2024
jobid: hpc-90-26-0-66572262 
Jaguar version 10.9, release 139
 Using up to   8 threads per process
Molecular Point Group: C1      
Point Group used: C1
pre (input checking) done.
onee (1-electron integrals) done.
hfig (HF initial guess) done.
probe (project orbitals) done.
grid (grid generation) done.
rwr (Q operators) done.
scf type: DFT=PBE(X+LC)+PW91 (PBE-D3)
  
       i  u  d  i  g
       t  p  i  c  r                                 RMS    maximum
       e  d  i  u  i                       energy  density   DIIS  
       r  t  s  t  d       total energy    change  change    error 
  
etot    1  N  N  5  M   -2111.53689012392           5.5E-03  1.2E-01
etot    2  Y  Y  6  M   -2108.57773609066 -3.0E+00  8.4E-03  1.3E-01
etot    3  Y  Y  6  M   -2104.84746862749 -3.7E+00  7.2E-03  1.6E-01
etot    4  N  Y  2  U   -2114.51187104253  9.7E+00  2.8E-03  6.6E-02
etot    5  Y  Y  6  M   -2114.86381961218  3.5E-01  1.8E-03  2.9E-02
etot    6  N  Y  2  U   -2115.16788415636  3.0E-01  7.7E-04  2.3E-02
etot    7  Y  Y  6  M   -2115.28294971689  1.2E-01  3.9E-04  1.0E-02
etot    8  N  Y  2  U   -2115.31375454089  3.1E-02  2.2E-04  4.5E-03
etot    9  Y  Y  6  M   -2115.31728616198  3.5E-03  1.4E-04  4.3E-03
etot   10  Y  Y  6  M   -2115.32037077115  3.1E-03  7.8E-05  3.0E-03
etot   11  N  Y  2  U   -2115.32124724220  8.8E-04  3.6E-05  1.1E-03
etot   12  N  Y  2  U   -2115.32149054226  2.4E-04  8.5E-06  1.5E-04
etot   13  N  Y  2  U   -2115.32149936440  8.8E-06  3.4E-06  9.1E-05
etot   14  N  N  2  U   -2115.32150098676  1.6E-06  0.0E+00  0.0E+00
scf (DFT) done.
der1a (1-e 1st deriv.) done.
rwr (1st deriv. Q) done.
der1b (2-e 1st deriv.) done.
  Geometry optimization step   1
  Total energy:     -2115.37895521320 hartrees
  gradient maximum:        3.7922E-02 .  (  4.5000E-04 )
  gradient rms:            7.5727E-03 .  (  3.0000E-04 )
  displacement maximum:    1.1768E-01 .  (  1.8000E-03 )
  displacement rms:        1.9792E-02 .  (  1.2000E-03 )
  
  predicted energy change: -2.1772E-02
  step size:     0.30016
  trust radius:  0.30000
---------------- geometry iteration   1 complete ----------------
geopt (optimize geometry) done.
onee (1-electron integrals) done.
probe (project orbitals) done.
grid (grid generation) done.
rwr (Q operators) done.
  
       i  u  d  i  g
       t  p  i  c  r                                 RMS    maximum
       e  d  i  u  i                       energy  density   DIIS  
       r  t  s  t  d       total energy    change  change    error 
  
etot    1  N  N  2  U   -2115.33224282046           2.8E-04  6.8E-03
etot    2  Y  Y  6  M   -2115.34262200695  1.0E-02  1.1E-04  1.1E-03
etot    3  N  Y  2  U   -2115.34195194215 -6.7E-04  7.9E-05  1.3E-03
etot    4  Y  Y  6  M   -2115.34309827890  1.1E-03  2.0E-05  4.9E-04
etot    5  N  Y  2  U   -2115.34322920648  1.3E-04  6.2E-06  2.3E-04
etot    6  N  Y  2  U   -2115.34324245681  1.3E-05  2.2E-06  5.4E-05
etot    7  N  N  2  U   -2115.34324315894  7.0E-07  0.0E+00  0.0E+00
scf (DFT) done.
der1a (1-e 1st deriv.) done.
rwr (1st deriv. Q) done.
der1b (2-e 1st deriv.) done.
  Geometry optimization step   2
  Total energy:     -2115.39969384752 hartrees
  energy change:          -2.0739E-02 .  (  5.0000E-05 )
  gradient maximum:        1.5338E-02 .  (  4.5000E-04 )
  gradient rms:            2.7654E-03 .  (  3.0000E-04 )
  displacement maximum:    9.2400E-02 .  (  1.8000E-03 )
  displacement rms:        1.9794E-02 .  (  1.2000E-03 )
  
  predicted energy change: -5.3387E-03
  step size:     0.30019
  trust radius:  0.30000
---------------- geometry iteration   2 complete ----------------
geopt (optimize geometry) done.
onee (1-electron integrals) done.
probe (project orbitals) done.
grid (grid generation) done.
rwr (Q operators) done.
  
       i  u  d  i  g
       t  p  i  c  r                                 RMS    maximum
       e  d  i  u  i                       energy  density   DIIS  
       r  t  s  t  d       total energy    change  change    error 
  
etot    1  N  N  2  U   -2115.31844975074           3.6E-04  7.7E-03
etot    2  Y  Y  6  M   -2115.34784275528  2.9E-02  9.3E-05  7.8E-04
etot    3  N  Y  2  U   -2115.34713258856 -7.1E-04  6.7E-05  1.7E-03
etot    4  Y  Y  6  M   -2115.34805981023  9.3E-04  1.7E-05  6.9E-04
etot    5  N  Y  2  U   -2115.34812785236  6.8E-05  6.4E-06  2.8E-04
etot    6  N  Y  2  U   -2115.34813853483  1.1E-05  2.0E-06  5.2E-05
etot    7  N  N  2  U   -2115.34813899072  4.6E-07  0.0E+00  0.0E+00
scf (DFT) done.
der1a (1-e 1st deriv.) done.
rwr (1st deriv. Q) done.
der1b (2-e 1st deriv.) done.
  Geometry optimization step   3
  Total energy:     -2115.40461586704 hartrees
  energy change:          -4.9220E-03 .  (  5.0000E-05 )
  gradient maximum:        8.3033E-03 .  (  4.5000E-04 )
  gradient rms:            1.3380E-03 .  (  3.0000E-04 )
  displacement maximum:    1.2583E-01 .  (  1.8000E-03 )
  displacement rms:        1.9782E-02 .  (  1.2000E-03 )
  
  predicted energy change: -2.7385E-03
  step size:     0.30000
  trust radius:  0.30000
---------------- geometry iteration   3 complete ----------------
geopt (optimize geometry) done.
onee (1-electron integrals) done.
probe (project orbitals) done.
grid (grid generation) done.
rwr (Q operators) done.
  
       i  u  d  i  g
       t  p  i  c  r                                 RMS    maximum
       e  d  i  u  i                       energy  density   DIIS  
       r  t  s  t  d       total energy    change  change    error 
  
etot    1  N  N  2  U   -2115.31729407289           3.8E-04  1.1E-02
etot    2  Y  Y  6  M   -2115.34876223959  3.1E-02  6.8E-05  6.2E-04
etot    3  N  Y  2  U   -2115.34820212035 -5.6E-04  5.3E-05  1.8E-03
etot    4  Y  Y  6  M   -2115.34880741639  6.1E-04  1.5E-05  5.8E-04
etot    5  N  Y  2  U   -2115.34887244805  6.5E-05  5.0E-06  2.1E-04
etot    6  N  Y  2  U   -2115.34887912377  6.7E-06  2.0E-06  5.3E-05
etot    7  N  N  2  U   -2115.34887933304  2.1E-07  0.0E+00  0.0E+00
scf (DFT) done.
der1a (1-e 1st deriv.) done.
rwr (1st deriv. Q) done.
der1b (2-e 1st deriv.) done.
  Geometry optimization step   4
  Total energy:     -2115.40586508416 hartrees
  energy change:          -1.2492E-03 .  (  5.0000E-05 )
  gradient maximum:        1.9707E-02 .  (  4.5000E-04 )
  gradient rms:            3.4464E-03 .  (  3.0000E-04 )
  displacement maximum:    1.9727E-01 .  (  1.8000E-03 )
  displacement rms:        1.9025E-02 .  (  1.2000E-03 )
  
  predicted energy change: -2.8107E-03
  step size:     0.28853
  trust radius:  0.30000
---------------- geometry iteration   4 complete ----------------
geopt (optimize geometry) done.
onee (1-electron integrals) done.
probe (project orbitals) done.
grid (grid generation) done.
rwr (Q operators) done.
  
       i  u  d  i  g
       t  p  i  c  r                                 RMS    maximum
       e  d  i  u  i                       energy  density   DIIS  
       r  t  s  t  d       total energy    change  change    error 
  
etot    1  N  N  2  U   -2115.30050082965           4.7E-04  1.8E-02
etot    2  Y  Y  6  M   -2115.35010105305  5.0E-02  7.9E-05  8.8E-04
etot    3  N  Y  2  U   -2115.34935750894 -7.4E-04  6.3E-05  2.4E-03
etot    4  Y  Y  6  M   -2115.35007981131  7.2E-04  2.1E-05  1.1E-03
etot    5  N  Y  2  U   -2115.35016389827  8.4E-05  6.1E-06  2.0E-04
etot    6  N  Y  2  U   -2115.35017234097  8.4E-06  2.3E-06  4.2E-05
etot    7  N  N  2  U   -2115.35017299288  6.5E-07  0.0E+00  0.0E+00
scf (DFT) done.
der1a (1-e 1st deriv.) done.
rwr (1st deriv. Q) done.
der1b (2-e 1st deriv.) done.
  Geometry optimization step   5
  Total energy:     -2115.40694205642 hartrees
  energy change:          -1.0770E-03 .  (  5.0000E-05 )
  gradient maximum:        1.3319E-02 .  (  4.5000E-04 )
  gradient rms:            2.1954E-03 .  (  3.0000E-04 )
  displacement maximum:    1.3287E-01 .  (  1.8000E-03 )
  displacement rms:        1.9834E-02 .  (  1.2000E-03 )
  
  predicted energy change: -2.6644E-03
  step size:     0.30080
  trust radius:  0.30000
---------------- geometry iteration   5 complete ----------------
geopt (optimize geometry) done.
onee (1-electron integrals) done.
probe (project orbitals) done.
grid (grid generation) done.
rwr (Q operators) done.
  
       i  u  d  i  g
       t  p  i  c  r                                 RMS    maximum
       e  d  i  u  i                       energy  density   DIIS  
       r  t  s  t  d       total energy    change  change    error 
  
etot    1  N  N  2  U   -2115.29502863808           9.0E-04  2.6E-02
etot    2  Y  Y  6  M   -2115.35177911043  5.7E-02  8.9E-05  1.4E-03
etot    3  N  Y  2  U   -2115.35109098607 -6.9E-04  7.0E-05  1.5E-03
etot    4  Y  Y  6  M   -2115.35189673247  8.1E-04  2.1E-05  7.4E-04
etot    5  N  Y  2  U   -2115.35200829413  1.1E-04  6.1E-06  2.2E-04
etot    6  N  Y  2  U   -2115.35201663321  8.3E-06  3.1E-06  6.5E-05
etot    7  N  N  2  U   -2115.35201690524  2.7E-07  0.0E+00  0.0E+00
scf (DFT) done.
der1a (1-e 1st deriv.) done.
rwr (1st deriv. Q) done.
der1b (2-e 1st deriv.) done.
  Geometry optimization step   6
  Total energy:     -2115.40842057880 hartrees
  energy change:          -1.4785E-03 .  (  5.0000E-05 )
  gradient maximum:        1.8490E-02 .  (  4.5000E-04 )
  gradient rms:            2.6705E-03 .  (  3.0000E-04 )
  displacement maximum:    1.3025E-01 .  (  1.8000E-03 )
  displacement rms:        1.9797E-02 .  (  1.2000E-03 )
  
  predicted energy change: -1.7809E-03
  step size:     0.30024
  trust radius:  0.30000
---------------- geometry iteration   6 complete ----------------
geopt (optimize geometry) done.
onee (1-electron integrals) done.
probe (project orbitals) done.
grid (grid generation) done.
rwr (Q operators) done.
  
       i  u  d  i  g
       t  p  i  c  r                                 RMS    maximum
       e  d  i  u  i                       energy  density   DIIS  
       r  t  s  t  d       total energy    change  change    error 
  
etot    1  N  N  2  U   -2115.30103271016           4.7E-04  2.0E-02
etot    2  Y  Y  6  M   -2115.35350948891  5.2E-02  6.7E-05  9.8E-04
etot    3  N  Y  2  U   -2115.35295312824 -5.6E-04  5.5E-05  1.3E-03
etot    4  Y  Y  6  M   -2115.35346590700  5.1E-04  1.7E-05  4.4E-04
etot    5  N  Y  2  U   -2115.35353833091  7.2E-05  5.4E-06  2.1E-04
etot    6  N  Y  2  U   -2115.35354533914  7.0E-06  2.8E-06  5.3E-05
etot    7  N  N  2  U   -2115.35354564491  3.1E-07  0.0E+00  0.0E+00
scf (DFT) done.
der1a (1-e 1st deriv.) done.
rwr (1st deriv. Q) done.
der1b (2-e 1st deriv.) done.
  Geometry optimization step   7
  Total energy:     -2115.41061897589 hartrees
  energy change:          -2.1984E-03 .  (  5.0000E-05 )
  gradient maximum:        1.3301E-02 .  (  4.5000E-04 )
  gradient rms:            1.5874E-03 .  (  3.0000E-04 )
  displacement maximum:    1.2913E-01 .  (  1.8000E-03 )
  displacement rms:        1.9786E-02 .  (  1.2000E-03 )
  
  predicted energy change: -2.5631E-03
  step size:     0.30007
  trust radius:  0.30000
---------------- geometry iteration   7 complete ----------------
geopt (optimize geometry) done.
onee (1-electron integrals) done.
probe (project orbitals) done.
grid (grid generation) done.
rwr (Q operators) done.
  
       i  u  d  i  g
       t  p  i  c  r                                 RMS    maximum
       e  d  i  u  i                       energy  density   DIIS  
       r  t  s  t  d       total energy    change  change    error 
  
etot    1  N  N  2  U   -2115.32317773091           3.7E-04  1.2E-02
etot    2  Y  Y  6  M   -2115.35288920997  3.0E-02  5.6E-05  6.1E-04
etot    3  N  Y  2  U   -2115.35253977876 -3.5E-04  4.5E-05  1.2E-03
etot    4  N  Y  2  U   -2115.35287276779  3.3E-04  1.6E-05  5.2E-04
etot    5  N  Y  2  U   -2115.35293612791  6.3E-05  4.2E-06  1.2E-04
etot    6  N  N  2  U   -2115.35294104074  4.9E-06  0.0E+00  0.0E+00
scf (DFT) done.
der1a (1-e 1st deriv.) done.
rwr (1st deriv. Q) done.
der1b (2-e 1st deriv.) done.
  Geometry optimization step   8
  Total energy:     -2115.41093009762 hartrees
  energy change:          -3.1112E-04 .  (  5.0000E-05 )
  gradient maximum:        1.9996E-02 .  (  4.5000E-04 )
  gradient rms:            3.2932E-03 .  (  3.0000E-04 )
  displacement maximum:    1.0747E-01 .  (  1.8000E-03 )
  displacement rms:        1.9791E-02 .  (  1.2000E-03 )
  
  predicted energy change: -2.1845E-03
  step size:     0.30015
  trust radius:  0.30000
---------------- geometry iteration   8 complete ----------------
geopt (optimize geometry) done.
onee (1-electron integrals) done.
probe (project orbitals) done.
grid (grid generation) done.
rwr (Q operators) done.
  
       i  u  d  i  g
       t  p  i  c  r                                 RMS    maximum
       e  d  i  u  i                       energy  density   DIIS  
       r  t  s  t  d       total energy    change  change    error 
  
etot    1  N  N  2  U   -2115.31648255284           4.1E-04  1.7E-02
etot    2  Y  Y  6  M   -2115.35528807635  3.9E-02  7.5E-05  8.4E-04
etot    3  N  Y  2  U   -2115.35467024922 -6.2E-04  5.8E-05  9.6E-04
etot    4  Y  Y  6  M   -2115.35532284943  6.5E-04  1.3E-05  2.7E-04
etot    5  N  Y  2  U   -2115.35535491717  3.2E-05  3.9E-06  1.0E-04
etot    6  N  N  2  U   -2115.35535808510  3.2E-06  0.0E+00  0.0E+00
scf (DFT) done.
der1a (1-e 1st deriv.) done.
rwr (1st deriv. Q) done.
der1b (2-e 1st deriv.) done.
  Geometry optimization step   9
  Total energy:     -2115.41270920823 hartrees
  energy change:          -1.7791E-03 .  (  5.0000E-05 )
  gradient maximum:        9.8587E-03 .  (  4.5000E-04 )
  gradient rms:            1.5674E-03 .  (  3.0000E-04 )
  displacement maximum:    1.0969E-01 .  (  1.8000E-03 )
  displacement rms:        1.6475E-02 .  (  1.2000E-03 )
  
  predicted energy change: -1.2778E-03
  step size:     0.24985
  trust radius:  0.30000
---------------- geometry iteration   9 complete ----------------
geopt (optimize geometry) done.
onee (1-electron integrals) done.
probe (project orbitals) done.
grid (grid generation) done.
rwr (Q operators) done.
  
       i  u  d  i  g
       t  p  i  c  r                                 RMS    maximum
       e  d  i  u  i                       energy  density   DIIS  
       r  t  s  t  d       total energy    change  change    error 
  
etot    1  N  N  2  U   -2115.31840758134           3.8E-04  1.1E-02
etot    2  Y  Y  6  M   -2115.35451337871  3.6E-02  5.8E-05  5.3E-04
etot    3  N  Y  2  U   -2115.35410584736 -4.1E-04  4.7E-05  1.4E-03
etot    4  N  Y  2  U   -2115.35451898289  4.1E-04  1.5E-05  5.6E-04
etot    5  N  Y  2  U   -2115.35456080012  4.2E-05  4.2E-06  1.3E-04
etot    6  N  N  2  U   -2115.35456430312  3.5E-06  0.0E+00  0.0E+00
scf (DFT) done.
der1a (1-e 1st deriv.) done.
rwr (1st deriv. Q) done.
der1b (2-e 1st deriv.) done.
  Geometry optimization step  10
  Total energy:     -2115.41079393963 hartrees
  ** restarting optimization from step    9 **
  energy change:           1.9153E-03 .  (  5.0000E-05 )
  gradient maximum:        9.8587E-03 .  (  4.5000E-04 )
  gradient rms:            1.5674E-03 .  (  3.0000E-04 )
  displacement maximum:    5.8388E-02 .  (  1.8000E-03 )
  displacement rms:        1.0451E-02 .  (  1.2000E-03 )
  
  predicted energy change: -7.3212E-04
  step size:     0.15850
  trust radius:  0.30000
---------------- geometry iteration  10 complete ----------------
geopt (optimize geometry) done.
onee (1-electron integrals) done.
probe (project orbitals) done.
grid (grid generation) done.
rwr (Q operators) done.
  
       i  u  d  i  g
       t  p  i  c  r                                 RMS    maximum
       e  d  i  u  i                       energy  density   DIIS  
       r  t  s  t  d       total energy    change  change    error 
  
etot    1  N  N  2  U   -2115.32281905641           3.7E-04  1.8E-02
etot    2  Y  Y  6  M   -2115.35616154798  3.3E-02  7.1E-05  7.7E-04
etot    3  N  Y  2  U   -2115.35559259719 -5.7E-04  5.7E-05  1.4E-03
etot    4  Y  Y  6  M   -2115.35621986069  6.3E-04  1.5E-05  4.2E-04
etot    5  N  Y  2  U   -2115.35626988494  5.0E-05  4.9E-06  1.3E-04
etot    6  N  N  2  U   -2115.35627515156  5.3E-06  0.0E+00  0.0E+00
scf (DFT) done.
der1a (1-e 1st deriv.) done.
rwr (1st deriv. Q) done.
der1b (2-e 1st deriv.) done.
  Geometry optimization step  11
  Total energy:     -2115.41333799938 hartrees
  energy change:          -6.2879E-04 .  (  5.0000E-05 )
  gradient maximum:        4.4894E-03 .  (  4.5000E-04 )
  gradient rms:            6.4573E-04 .  (  3.0000E-04 )
  displacement maximum:    1.6328E-01 .  (  1.8000E-03 )
  displacement rms:        1.6794E-02 .  (  1.2000E-03 )
  
  predicted energy change: -5.4351E-04
  step size:     0.25470
  trust radius:  0.30000
---------------- geometry iteration  11 complete ----------------
geopt (optimize geometry) done.
onee (1-electron integrals) done.
probe (project orbitals) done.
grid (grid generation) done.
rwr (Q operators) done.
  
       i  u  d  i  g
       t  p  i  c  r                                 RMS    maximum
       e  d  i  u  i                       energy  density   DIIS  
       r  t  s  t  d       total energy    change  change    error 
  
etot    1  N  N  2  U   -2115.33724001788           3.0E-04  7.3E-03
etot    2  Y  Y  6  M   -2115.35579522406  1.9E-02  6.7E-05  5.2E-04
etot    3  N  Y  2  U   -2115.35557413163 -2.2E-04  4.5E-05  1.1E-03
etot    4  N  Y  2  U   -2115.35588754608  3.1E-04  1.2E-05  4.3E-04
etot    5  N  Y  2  U   -2115.35591899183  3.1E-05  3.6E-06  1.0E-04
etot    6  N  N  2  U   -2115.35592155555  2.6E-06  0.0E+00  0.0E+00
scf (DFT) done.
der1a (1-e 1st deriv.) done.
rwr (1st deriv. Q) done.
der1b (2-e 1st deriv.) done.
  Geometry optimization step  12
  Total energy:     -2115.41344697773 hartrees
  energy change:          -1.0898E-04 .  (  5.0000E-05 )
  gradient maximum:        1.9132E-02 .  (  4.5000E-04 )
  gradient rms:            2.2004E-03 .  (  3.0000E-04 )
  displacement maximum:    1.1478E-01 .  (  1.8000E-03 )
  displacement rms:        1.7401E-02 .  (  1.2000E-03 )
  
  predicted energy change: -7.5402E-04
  step size:     0.26390
  trust radius:  0.30000
---------------- geometry iteration  12 complete ----------------
geopt (optimize geometry) done.
onee (1-electron integrals) done.
probe (project orbitals) done.
grid (grid generation) done.
rwr (Q operators) done.
  
       i  u  d  i  g
       t  p  i  c  r                                 RMS    maximum
       e  d  i  u  i                       energy  density   DIIS  
       r  t  s  t  d       total energy    change  change    error 
  
etot    1  N  N  2  U   -2115.33051115494           3.4E-04  1.5E-02
etot    2  Y  Y  6  M   -2115.35681600279  2.6E-02  6.8E-05  9.0E-04
etot    3  N  Y  2  U   -2115.35637531251 -4.4E-04  5.1E-05  1.1E-03
etot    4  Y  Y  6  M   -2115.35686881731  4.9E-04  1.2E-05  3.2E-04
etot    5  N  Y  2  U   -2115.35689888380  3.0E-05  3.8E-06  1.5E-04
etot    6  N  N  2  U   -2115.35690165180  2.8E-06  0.0E+00  0.0E+00
scf (DFT) done.
der1a (1-e 1st deriv.) done.
rwr (1st deriv. Q) done.
der1b (2-e 1st deriv.) done.
  Geometry optimization step  13
  Total energy:     -2115.41395436839 hartrees
  energy change:          -5.0739E-04 .  (  5.0000E-05 )
  gradient maximum:        5.9830E-03 .  (  4.5000E-04 )
  gradient rms:            7.4332E-04 .  (  3.0000E-04 )
  displacement maximum:    6.8816E-02 .  (  1.8000E-03 )
  displacement rms:        1.2380E-02 .  (  1.2000E-03 )
  
  predicted energy change: -4.5867E-04
  step size:     0.18775
  trust radius:  0.30000
---------------- geometry iteration  13 complete ----------------
geopt (optimize geometry) done.
onee (1-electron integrals) done.
probe (project orbitals) done.
grid (grid generation) done.
rwr (Q operators) done.
  
       i  u  d  i  g
       t  p  i  c  r                                 RMS    maximum
       e  d  i  u  i                       energy  density   DIIS  
       r  t  s  t  d       total energy    change  change    error 
  
etot    1  N  N  2  U   -2115.34396883932           2.6E-04  8.0E-03
etot    2  Y  Y  6  M   -2115.35721415924  1.3E-02  5.8E-05  6.0E-04
etot    3  N  Y  2  U   -2115.35715375442 -6.0E-05  3.5E-05  5.8E-04
etot    4  N  Y  2  U   -2115.35731998935  1.7E-04  1.1E-05  3.0E-04
etot    5  N  Y  2  U   -2115.35734191691  2.2E-05  3.8E-06  1.1E-04
etot    6  N  N  2  U   -2115.35734506579  3.1E-06  0.0E+00  0.0E+00
scf (DFT) done.
der1a (1-e 1st deriv.) done.
rwr (1st deriv. Q) done.
der1b (2-e 1st deriv.) done.
  Geometry optimization step  14
  Total energy:     -2115.41432891803 hartrees
  energy change:          -3.7455E-04 .  (  5.0000E-05 )
  gradient maximum:        4.9393E-03 .  (  4.5000E-04 )
  gradient rms:            8.8546E-04 .  (  3.0000E-04 )
  displacement maximum:    9.8960E-02 .  (  1.8000E-03 )
  displacement rms:        1.4071E-02 .  (  1.2000E-03 )
  
  predicted energy change: -4.0788E-04
  step size:     0.21339
  trust radius:  0.30000
---------------- geometry iteration  14 complete ----------------
geopt (optimize geometry) done.
onee (1-electron integrals) done.
probe (project orbitals) done.
grid (grid generation) done.
rwr (Q operators) done.
  
       i  u  d  i  g
       t  p  i  c  r                                 RMS    maximum
       e  d  i  u  i                       energy  density   DIIS  
       r  t  s  t  d       total energy    change  change    error 
  
etot    1  N  N  2  U   -2115.33359589595           3.3E-04  8.8E-03
etot    2  Y  Y  6  M   -2115.35794704736  2.4E-02  7.2E-05  7.1E-04
etot    3  N  Y  2  U   -2115.35762006109 -3.3E-04  5.0E-05  1.2E-03
etot    4  N  Y  2  U   -2115.35800295213  3.8E-04  1.5E-05  4.8E-04
etot    5  N  Y  2  U   -2115.35805224437  4.9E-05  4.5E-06  1.1E-04
etot    6  N  N  2  U   -2115.35805656356  4.3E-06  0.0E+00  0.0E+00
scf (DFT) done.
der1a (1-e 1st deriv.) done.
rwr (1st deriv. Q) done.
der1b (2-e 1st deriv.) done.
  Geometry optimization step  15
  Total energy:     -2115.41518028988 hartrees
  energy change:          -8.5137E-04 .  (  5.0000E-05 )
  gradient maximum:        4.3874E-03 .  (  4.5000E-04 )
  gradient rms:            7.1663E-04 .  (  3.0000E-04 )
  displacement maximum:    1.5552E-01 .  (  1.8000E-03 )
  displacement rms:        1.9781E-02 .  (  1.2000E-03 )
  
  predicted energy change: -7.1272E-04
  step size:     0.30000
  trust radius:  0.30000
---------------- geometry iteration  15 complete ----------------
geopt (optimize geometry) done.
onee (1-electron integrals) done.
probe (project orbitals) done.
grid (grid generation) done.
rwr (Q operators) done.
  
       i  u  d  i  g
       t  p  i  c  r                                 RMS    maximum
       e  d  i  u  i                       energy  density   DIIS  
       r  t  s  t  d       total energy    change  change    error 
  
etot    1  N  N  2  U   -2115.30735265445           4.7E-04  1.5E-02
etot    2  Y  Y  6  M   -2115.35825529117  5.1E-02  9.1E-05  9.6E-04
etot    3  N  Y  2  U   -2115.35783404032 -4.2E-04  6.4E-05  1.3E-03
etot    4  Y  Y  6  M   -2115.35841040875  5.8E-04  1.8E-05  5.1E-04
etot    5  N  Y  2  U   -2115.35846254299  5.2E-05  5.0E-06  1.0E-04
etot    6  N  Y  2  U   -2115.35846746923  4.9E-06  2.1E-06  3.3E-05
etot    7  N  N  2  U   -2115.35846770651  2.4E-07  0.0E+00  0.0E+00
scf (DFT) done.
der1a (1-e 1st deriv.) done.
rwr (1st deriv. Q) done.
der1b (2-e 1st deriv.) done.
  Geometry optimization step  16
  Total energy:     -2115.41569387519 hartrees
  energy change:          -5.1359E-04 .  (  5.0000E-05 )
  gradient maximum:        4.4300E-03 .  (  4.5000E-04 )
  gradient rms:            7.5105E-04 .  (  3.0000E-04 )
  displacement maximum:    9.6367E-02 .  (  1.8000E-03 )
  displacement rms:        1.4104E-02 .  (  1.2000E-03 )
  
  predicted energy change: -3.9396E-04
  step size:     0.21390
  trust radius:  0.30000
---------------- geometry iteration  16 complete ----------------
geopt (optimize geometry) done.
onee (1-electron integrals) done.
probe (project orbitals) done.
grid (grid generation) done.
rwr (Q operators) done.
  
       i  u  d  i  g
       t  p  i  c  r                                 RMS    maximum
       e  d  i  u  i                       energy  density   DIIS  
       r  t  s  t  d       total energy    change  change    error 
  
etot    1  N  N  2  U   -2115.34391326486           2.6E-04  5.2E-03
etot    2  Y  Y  6  M   -2115.35842452635  1.5E-02  8.0E-05  8.1E-04
etot    3  N  Y  2  U   -2115.35806580287 -3.6E-04  5.2E-05  1.1E-03
etot    4  Y  Y  6  M   -2115.35853028726  4.6E-04  1.4E-05  3.6E-04
etot    5  N  Y  2  U   -2115.35854705789  1.7E-05  4.4E-06  1.3E-04
etot    6  N  N  2  U   -2115.35855132625  4.3E-06  0.0E+00  0.0E+00
scf (DFT) done.
der1a (1-e 1st deriv.) done.
rwr (1st deriv. Q) done.
der1b (2-e 1st deriv.) done.
  Geometry optimization step  17
  Total energy:     -2115.41581100577 hartrees
  energy change:          -1.1713E-04 .  (  5.0000E-05 )
  gradient maximum:        7.5375E-03 .  (  4.5000E-04 )
  gradient rms:            9.9148E-04 .  (  3.0000E-04 )
  displacement maximum:    5.8300E-02 .  (  1.8000E-03 )
  displacement rms:        6.8544E-03 .  (  1.2000E-03 )
  
  predicted energy change: -2.8926E-04
  step size:     0.10395
  trust radius:  0.30000
---------------- geometry iteration  17 complete ----------------
geopt (optimize geometry) done.
onee (1-electron integrals) done.
probe (project orbitals) done.
grid (grid generation) done.
rwr (Q operators) done.
  
       i  u  d  i  g
       t  p  i  c  r                                 RMS    maximum
       e  d  i  u  i                       energy  density   DIIS  
       r  t  s  t  d       total energy    change  change    error 
  
etot    1  N  N  2  U   -2115.35469762569           1.4E-04  3.4E-03
etot    2  Y  Y  6  M   -2115.35892163404  4.2E-03  3.6E-05  3.3E-04
etot    3  N  Y  2  U   -2115.35881034971 -1.1E-04  2.6E-05  9.7E-04
etot    4  N  Y  2  U   -2115.35897133336  1.6E-04  7.1E-06  2.3E-04
etot    5  N  Y  2  U   -2115.35897975476  8.4E-06  2.0E-06  5.2E-05
etot    6  N  N  2  U   -2115.35898063905  8.8E-07  0.0E+00  0.0E+00
scf (DFT) done.
der1a (1-e 1st deriv.) done.
rwr (1st deriv. Q) done.
der1b (2-e 1st deriv.) done.
  Geometry optimization step  18
  Total energy:     -2115.41615183717 hartrees
  energy change:          -3.4083E-04 .  (  5.0000E-05 )
  gradient maximum:        1.5581E-03 .  (  4.5000E-04 )
  gradient rms:            3.0824E-04 .  (  3.0000E-04 )
  displacement maximum:    5.3818E-02 .  (  1.8000E-03 )
  displacement rms:        5.9618E-03 .  (  1.2000E-03 )
  
  predicted energy change: -9.2595E-05
  step size:     0.09041
  trust radius:  0.30000
---------------- geometry iteration  18 complete ----------------
geopt (optimize geometry) done.
onee (1-electron integrals) done.
probe (project orbitals) done.
grid (grid generation) done.
rwr (Q operators) done.
  
       i  u  d  i  g
       t  p  i  c  r                                 RMS    maximum
       e  d  i  u  i                       energy  density   DIIS  
       r  t  s  t  d       total energy    change  change    error 
  
etot    1  N  N  2  U   -2115.35434288792           1.4E-04  4.5E-03
etot    2  Y  Y  6  M   -2115.35885010822  4.5E-03  2.2E-05  4.6E-04
etot    3  N  Y  2  U   -2115.35882057203 -3.0E-05  1.6E-05  5.9E-04
etot    4  N  Y  2  U   -2115.35887630506  5.6E-05  4.8E-06  1.8E-04
etot    5  N  N  2  U   -2115.35888078808  4.5E-06  0.0E+00  0.0E+00
scf (DFT) done.
der1a (1-e 1st deriv.) done.
rwr (1st deriv. Q) done.
der1b (2-e 1st deriv.) done.
  Geometry optimization step  19
  Total energy:     -2115.41604780667 hartrees
  energy change:           1.0403E-04 .  (  5.0000E-05 )
  gradient maximum:        1.3753E-03 .  (  4.5000E-04 )
  gradient rms:            2.7229E-04 *  (  3.0000E-04 )
  displacement maximum:    3.0163E-02 .  (  1.8000E-03 )
  displacement rms:        3.7475E-03 .  (  1.2000E-03 )
  
  predicted energy change: -4.4776E-05
  step size:     0.05683
  trust radius:  0.30000
---------------- geometry iteration  19 complete ----------------
geopt (optimize geometry) done.
onee (1-electron integrals) done.
probe (project orbitals) done.
grid (grid generation) done.
rwr (Q operators) done.
  
       i  u  d  i  g
       t  p  i  c  r                                 RMS    maximum
       e  d  i  u  i                       energy  density   DIIS  
       r  t  s  t  d       total energy    change  change    error 
  
etot    1  N  N  2  U   -2115.35788229728           6.7E-05  1.9E-03
etot    2  Y  Y  6  M   -2115.35889085791  1.0E-03  2.6E-05  1.8E-04
etot    3  N  Y  2  U   -2115.35881890753 -7.2E-05  1.9E-05  5.4E-04
etot    4  N  Y  2  U   -2115.35890542795  8.7E-05  2.9E-06  6.7E-05
etot    5  N  N  2  U   -2115.35890627105  8.4E-07  0.0E+00  0.0E+00
scf (DFT) done.
der1a (1-e 1st deriv.) done.
rwr (1st deriv. Q) done.
der1b (2-e 1st deriv.) done.
  Geometry optimization step  20
  Total energy:     -2115.41600759486 hartrees
  energy change:           4.0212E-05 *  (  5.0000E-05 )
  gradient maximum:        9.5451E-04 .  (  4.5000E-04 )
  gradient rms:            1.8067E-04 *  (  3.0000E-04 )
  displacement maximum:    3.0651E-02 .  (  1.8000E-03 )
  displacement rms:        5.0837E-03 .  (  1.2000E-03 )
  
  predicted energy change: -4.0116E-05
  step size:     0.07710
  trust radius:  0.30000
---------------- geometry iteration  20 complete ----------------
geopt (optimize geometry) done.
onee (1-electron integrals) done.
probe (project orbitals) done.
grid (grid generation) done.
rwr (Q operators) done.
  
       i  u  d  i  g
       t  p  i  c  r                                 RMS    maximum
       e  d  i  u  i                       energy  density   DIIS  
       r  t  s  t  d       total energy    change  change    error 
  
etot    1  N  N  2  U   -2115.35573288314           1.2E-04  3.6E-03
etot    2  Y  Y  6  M   -2115.35887751407  3.1E-03  2.7E-05  3.1E-04
etot    3  N  Y  2  U   -2115.35884837218 -2.9E-05  1.8E-05  3.5E-04
etot    4  N  Y  2  U   -2115.35889356091  4.5E-05  5.7E-06  1.5E-04
etot    5  N  Y  2  U   -2115.35889949781  5.9E-06  1.7E-06  4.6E-05
etot    6  N  N  2  U   -2115.35890003637  5.4E-07  0.0E+00  0.0E+00
scf (DFT) done.
der1a (1-e 1st deriv.) done.
rwr (1st deriv. Q) done.
der1b (2-e 1st deriv.) done.
  Geometry optimization step  21
  Total energy:     -2115.41599157754 hartrees
  energy change:           1.6017E-05 *  (  5.0000E-05 )
  gradient maximum:        1.3956E-03 .  (  4.5000E-04 )
  gradient rms:            2.2757E-04 *  (  3.0000E-04 )
  displacement maximum:    1.1960E-02 .  (  1.8000E-03 )
  displacement rms:        1.7435E-03 .  (  1.2000E-03 )
  
  predicted energy change: -1.8300E-05
  step size:     0.02644
  trust radius:  0.30000
---------------- geometry iteration  21 complete ----------------
geopt (optimize geometry) done.
onee (1-electron integrals) done.
probe (project orbitals) done.
grid (grid generation) done.
rwr (Q operators) done.
  
       i  u  d  i  g
       t  p  i  c  r                                 RMS    maximum
       e  d  i  u  i                       energy  density   DIIS  
       r  t  s  t  d       total energy    change  change    error 
  
etot    1  N  N  2  U   -2115.35880198954           3.4E-05  7.9E-04
etot    2  N  Y  2  U   -2115.35902403935  2.2E-04  9.2E-06  1.0E-04
etot    3  N  Y  2  U   -2115.35901845141 -5.6E-06  5.8E-06  1.3E-04
etot    4  N  Y  2  U   -2115.35902543300  7.0E-06  1.9E-06  4.3E-05
etot    5  N  N  2  U   -2115.35902609924  6.7E-07  0.0E+00  0.0E+00
scf (DFT) done.
der1a (1-e 1st deriv.) done.
rwr (1st deriv. Q) done.
der1b (2-e 1st deriv.) done.
  Geometry optimization step  22
  Total energy:     -2115.41613819821 hartrees
  energy change:          -1.4662E-04 .  (  5.0000E-05 )
  gradient maximum:        8.8642E-04 .  (  4.5000E-04 )
  gradient rms:            1.2196E-04 *  (  3.0000E-04 )
  displacement maximum:    9.7867E-03 .  (  1.8000E-03 )
  displacement rms:        1.5537E-03 .  (  1.2000E-03 )
  
  predicted energy change: -7.3718E-06
  step size:     0.02356
  trust radius:  0.30000
---------------- geometry iteration  22 complete ----------------
geopt (optimize geometry) done.
onee (1-electron integrals) done.
probe (project orbitals) done.
grid (grid generation) done.
rwr (Q operators) done.
  
       i  u  d  i  g
       t  p  i  c  r                                 RMS    maximum
       e  d  i  u  i                       energy  density   DIIS  
       r  t  s  t  d       total energy    change  change    error 
  
etot    1  N  N  2  U   -2115.35889201009           2.9E-05  6.6E-04
etot    2  N  Y  2  U   -2115.35907531751  1.8E-04  7.1E-06  4.1E-05
etot    3  N  Y  2  U   -2115.35907052533 -4.8E-06  5.2E-06  1.2E-04
etot    4  N  Y  2  U   -2115.35907630123  5.8E-06  1.0E-06  2.5E-05
etot    5  N  N  2  U   -2115.35907646258  1.6E-07  0.0E+00  0.0E+00
scf (DFT) done.
der1a (1-e 1st deriv.) done.
rwr (1st deriv. Q) done.
der1b (2-e 1st deriv.) done.
  Geometry optimization step  23
  Total energy:     -2115.41619752856 hartrees
  energy change:          -5.9330E-05 .  (  5.0000E-05 )
  gradient maximum:        6.1910E-04 .  (  4.5000E-04 )
  gradient rms:            1.0271E-04 *  (  3.0000E-04 )
  displacement maximum:    8.7202E-03 .  (  1.8000E-03 )
  displacement rms:        1.4756E-03 .  (  1.2000E-03 )
  
  predicted energy change: -5.9972E-06
  step size:     0.02238
  trust radius:  0.30000
---------------- geometry iteration  23 complete ----------------
geopt (optimize geometry) done.
onee (1-electron integrals) done.
probe (project orbitals) done.
grid (grid generation) done.
rwr (Q operators) done.
  
       i  u  d  i  g
       t  p  i  c  r                                 RMS    maximum
       e  d  i  u  i                       energy  density   DIIS  
       r  t  s  t  d       total energy    change  change    error 
  
etot    1  N  N  2  U   -2115.35892187637           2.8E-05  4.8E-04
etot    2  N  Y  2  U   -2115.35908806663  1.7E-04  6.2E-06  4.2E-05
etot    3  N  Y  2  U   -2115.35908466270 -3.4E-06  4.5E-06  1.2E-04
etot    4  N  N  2  U   -2115.35908919587  4.5E-06  0.0E+00  0.0E+00
scf (DFT) done.
der1a (1-e 1st deriv.) done.
rwr (1st deriv. Q) done.
der1b (2-e 1st deriv.) done.
  Geometry optimization step  24
  Total energy:     -2115.41621522332 hartrees
  energy change:          -1.7695E-05 *  (  5.0000E-05 )
  gradient maximum:        4.0907E-04 *  (  4.5000E-04 )
  gradient rms:            9.0010E-05 *  (  3.0000E-04 )
  displacement maximum:    7.5229E-03 .  (  1.8000E-03 )
  displacement rms:        1.4345E-03 .  (  1.2000E-03 )
  
  predicted energy change: -5.3175E-06
  step size:     0.02176
  trust radius:  0.30000
---------------- geometry iteration  24 complete ----------------
geopt (optimize geometry) done.
onee (1-electron integrals) done.
probe (project orbitals) done.
grid (grid generation) done.
rwr (Q operators) done.
  
       i  u  d  i  g
       t  p  i  c  r                                 RMS    maximum
       e  d  i  u  i                       energy  density   DIIS  
       r  t  s  t  d       total energy    change  change    error 
  
etot    1  N  N  2  U   -2115.35886910238           3.6E-05  9.3E-04
etot    2  N  Y  2  U   -2115.35914384526  2.7E-04  1.2E-05  1.2E-04
etot    3  N  Y  2  U   -2115.35912291093 -2.1E-05  8.8E-06  3.4E-04
etot    4  N  Y  2  U   -2115.35914710924  2.4E-05  1.8E-06  4.0E-05
etot    5  N  N  2  U   -2115.35914748632  3.8E-07  0.0E+00  0.0E+00
scf (DFT) done.
der1a (1-e 1st deriv.) done.
rwr (1st deriv. Q) done.
der1b (2-e 1st deriv.) done.
  Geometry optimization step  25
  Total energy:     -2115.41625933435 hartrees
  energy change:          -4.4111E-05 *  (  5.0000E-05 )
  gradient maximum:        4.8298E-04 .  (  4.5000E-04 )
  gradient rms:            8.5844E-05 *  (  3.0000E-04 )
  displacement maximum:    1.1612E-02 .  (  1.8000E-03 )
  displacement rms:        1.9631E-03 .  (  1.2000E-03 )
  
  predicted energy change: -5.8385E-06
  step size:     0.02977
  trust radius:  0.30000
---------------- geometry iteration  25 complete ----------------
geopt (optimize geometry) done.
onee (1-electron integrals) done.
probe (project orbitals) done.
grid (grid generation) done.
rwr (Q operators) done.
  
       i  u  d  i  g
       t  p  i  c  r                                 RMS    maximum
       e  d  i  u  i                       energy  density   DIIS  
       r  t  s  t  d       total energy    change  change    error 
  
etot    1  N  N  2  U   -2115.35859487719           4.8E-05  1.5E-03
etot    2  N  Y  2  U   -2115.35903608455  4.4E-04  1.2E-05  8.5E-05
etot    3  N  Y  2  U   -2115.35902595581 -1.0E-05  8.2E-06  2.1E-04
etot    4  N  Y  2  U   -2115.35903879900  1.3E-05  1.9E-06  4.9E-05
etot    5  N  N  2  U   -2115.35903931982  5.2E-07  0.0E+00  0.0E+00
scf (DFT) done.
der1a (1-e 1st deriv.) done.
rwr (1st deriv. Q) done.
der1b (2-e 1st deriv.) done.
  Geometry optimization step  26
  Total energy:     -2115.41612929557 hartrees
  energy change:           1.3004E-04 .  (  5.0000E-05 )
  gradient maximum:        5.4521E-04 .  (  4.5000E-04 )
  gradient rms:            1.0264E-04 *  (  3.0000E-04 )
  displacement maximum:    1.0495E-02 .  (  1.8000E-03 )
  displacement rms:        1.8500E-03 .  (  1.2000E-03 )
  
  predicted energy change: -4.7830E-06
  step size:     0.02806
  trust radius:  0.30000
---------------- geometry iteration  26 complete ----------------
geopt (optimize geometry) done.
onee (1-electron integrals) done.
probe (project orbitals) done.
grid (grid generation) done.
rwr (Q operators) done.
  
       i  u  d  i  g
       t  p  i  c  r                                 RMS    maximum
       e  d  i  u  i                       energy  density   DIIS  
       r  t  s  t  d       total energy    change  change    error 
  
etot    1  N  N  2  U   -2115.35868159796           4.0E-05  1.3E-03
etot    2  N  Y  2  U   -2115.35901016026  3.3E-04  1.2E-05  9.0E-05
etot    3  N  Y  2  U   -2115.35899347732 -1.7E-05  8.8E-06  2.8E-04
etot    4  N  Y  2  U   -2115.35901319053  2.0E-05  1.8E-06  4.4E-05
etot    5  N  N  2  U   -2115.35901358582  4.0E-07  0.0E+00  0.0E+00
scf (DFT) done.
der1a (1-e 1st deriv.) done.
rwr (1st deriv. Q) done.
der1b (2-e 1st deriv.) done.
  Geometry optimization step  27
  Total energy:     -2115.41610191058 hartrees
  energy change:           2.7385E-05 *  (  5.0000E-05 )
  gradient maximum:        3.9192E-04 *  (  4.5000E-04 )
  gradient rms:            8.7599E-05 *  (  3.0000E-04 )
  displacement maximum:    5.5306E-03 .  (  1.8000E-03 )
  displacement rms:        1.0015E-03 *  (  1.2000E-03 )
  
  predicted energy change: -3.1332E-06
  step size:     0.01519
  trust radius:  0.30000
---------------- geometry iteration  27 complete ----------------
geopt (optimize geometry) done.
onee (1-electron integrals) done.
probe (project orbitals) done.
grid (grid generation) done.
rwr (Q operators) done.
  
       i  u  d  i  g
       t  p  i  c  r                                 RMS    maximum
       e  d  i  u  i                       energy  density   DIIS  
       r  t  s  t  d       total energy    change  change    error 
  
etot    1  N  N  2  U   -2115.35889377200           3.1E-05  6.7E-04
etot    2  N  Y  2  U   -2115.35899729798  1.0E-04  6.8E-06  5.8E-05
etot    3  N  Y  2  U   -2115.35898982714 -7.5E-06  5.1E-06  1.7E-04
etot    4  N  Y  2  U   -2115.35899841040  8.6E-06  9.3E-07  1.8E-05
etot    5  N  N  2  U   -2115.35899850951  9.9E-08  0.0E+00  0.0E+00
scf (DFT) done.
der1a (1-e 1st deriv.) done.
rwr (1st deriv. Q) done.
der1b (2-e 1st deriv.) done.
  Geometry optimization step  28
  Total energy:     -2115.41608524027 hartrees
  energy change:           1.6670E-05 *  (  5.0000E-05 )
  gradient maximum:        4.1095E-04 *  (  4.5000E-04 )
  gradient rms:            6.9008E-05 *  (  3.0000E-04 )
  displacement maximum:    3.6331E-03 .  (  1.8000E-03 )
  displacement rms:        7.8881E-04 *  (  1.2000E-03 )
  
  predicted energy change: -2.4299E-06
  step size:     0.01196
  trust radius:  0.30000
---------------- geometry iteration  28 complete ----------------
geopt (optimize geometry) done.
onee (1-electron integrals) done.
probe (project orbitals) done.
grid (grid generation) done.
rwr (Q operators) done.
  
       i  u  d  i  g
       t  p  i  c  r                                 RMS    maximum
       e  d  i  u  i                       energy  density   DIIS  
       r  t  s  t  d       total energy    change  change    error 
  
etot    1  N  N  2  U   -2115.35893344066           1.8E-05  2.5E-04
etot    2  N  Y  2  U   -2115.35897716522  4.4E-05  3.3E-06  2.4E-05
etot    3  N  N  2  U   -2115.35897634513 -8.2E-07  0.0E+00  0.0E+00
scf (DFT) done.
der1a (1-e 1st deriv.) done.
rwr (1st deriv. Q) done.
der1b (2-e 1st deriv.) done.
  Geometry optimization step  29
  Total energy:     -2115.41606542087 hartrees
  energy change:           1.9819E-05 *  (  5.0000E-05 )
  gradient maximum:        3.5050E-04 *  (  4.5000E-04 )
  gradient rms:            6.0023E-05 *  (  3.0000E-04 )
  displacement maximum:    1.4842E-03 *  (  1.8000E-03 )
  displacement rms:        3.2114E-04 *  (  1.2000E-03 )
  
  predicted energy change: -9.7585E-07
  step size:     0.00487
  trust radius:  0.30000
------------- final geometry iteration  29 complete -------------
geopt (optimize geometry) done.
cutabab2 (abab integrals) done.
der2a (1-e JK-1st deriv.) done.
der2b (2-e JK-1st deriv.) done.
der2nda (1-e 2nd deriv.) done.
der2ndb (2-e 2nd deriv.) done.
rwr (Q operators) done.
cphfa (gradient of wave function) done.
freq (vib. frequencies) done.
Job J1_10368_2111 completed on hpc-90-26.cm.cluster at Wed May 29 06:53:52 2024
Timer (jaguar_backend.py) : 4363.47 secs (1 hrs, 12 mins, 43 secs)
Finished:   Wed May 29 06:53:52 2024
