Command:  /groups/wag/programs/Schrodinger_2020_3/jaguar run -WAIT -PARALLEL 8 /central/home/labounad/wittig-ch121/out/J1_9826_2111/J1_9826_2111.in
Release:  2020-3
Exec:     /groups/wag/programs/Schrodinger_2020_3/jaguar-v10.9/bin/Linux-x86_64
Host:     hpc-92-05.cm.cluster
JobId:    hpc-92-05-0-66579883
JobDir:   /central/scratch/labounad/J1_9826_2111#hpc-92-05-0-66579883
Date:     Wed May 29 14:05:09 2024

Contents of /central/scratch/labounad/J1_9826_2111#hpc-92-05-0-66579883:
/central/scratch/labounad/J1_9826_2111#hpc-92-05-0-66579883/.write_dir.json
/central/scratch/labounad/J1_9826_2111#hpc-92-05-0-66579883/hpc-92-05-0-66579883.mpinodes
/central/scratch/labounad/J1_9826_2111#hpc-92-05-0-66579883/J1_9826_2111.in
/central/scratch/labounad/J1_9826_2111#hpc-92-05-0-66579883/hpc-92-05-0-66579883.nodes
/central/scratch/labounad/J1_9826_2111#hpc-92-05-0-66579883/J1_9826_2111.recover
/central/scratch/labounad/J1_9826_2111#hpc-92-05-0-66579883/hpc-92-05-0-66579883
/central/scratch/labounad/J1_9826_2111#hpc-92-05-0-66579883/J1_9826_2111.log
/central/scratch/labounad/J1_9826_2111#hpc-92-05-0-66579883/hpc-92-05-0-66579883.recover

Executing subprocess:
/groups/wag/programs/Schrodinger_2020_3/jaguar-v10.9/bin/Linux-x86_64/jexec J1_9826_2111.in -T 8 -out /central/scratch/labounad/J1_9826_2111#hpc-92-05-0-66579883 -cwd

Job J1_9826_2111 started on hpc-92-05.cm.cluster at Wed May 29 14:05:09 2024
jobid: hpc-92-05-0-66579883 
Jaguar version 10.9, release 139
 Using up to   8 threads per process
Molecular Point Group: C1      
Point Group used: C1
pre (input checking) done.
onee (1-electron integrals) done.
hfig (HF initial guess) done.
probe (project orbitals) done.
grid (grid generation) done.
rwr (Q operators) done.
scf type: DFT=PBE(X+LC)+PW91 (PBE-D3)
  
       i  u  d  i  g
       t  p  i  c  r                                 RMS    maximum
       e  d  i  u  i                       energy  density   DIIS  
       r  t  s  t  d       total energy    change  change    error 
  
etot    1  N  N  5  M   -1539.45311802224           4.7E-03  9.1E-02
etot    2  Y  Y  6  M   -1536.45524788236 -3.0E+00  8.3E-03  1.5E-01
etot    3  Y  Y  6  M   -1532.35582300491 -4.1E+00  7.4E-03  1.7E-01
etot    4  N  Y  2  U   -1542.63585143950  1.0E+01  2.4E-03  6.7E-02
etot    5  Y  Y  6  M   -1542.88840744352  2.5E-01  1.6E-03  3.1E-02
etot    6  N  Y  2  U   -1543.14088099334  2.5E-01  8.5E-04  3.0E-02
etot    7  Y  Y  6  M   -1543.25112441778  1.1E-01  4.7E-04  1.8E-02
etot    8  N  Y  2  U   -1543.30657422869  5.5E-02  2.3E-04  6.5E-03
etot    9  Y  Y  6  M   -1543.31019414649  3.6E-03  1.7E-04  4.6E-03
etot   10  Y  Y  6  M   -1543.31471931071  4.5E-03  7.7E-05  2.3E-03
etot   11  N  Y  2  U   -1543.31597096373  1.3E-03  2.5E-05  5.8E-04
etot   12  N  Y  2  U   -1543.31610658194  1.4E-04  8.8E-06  2.8E-04
etot   13  N  Y  2  U   -1543.31611465955  8.1E-06  4.1E-06  1.7E-04
etot   14  N  N  2  U   -1543.31611927349  4.6E-06  0.0E+00  0.0E+00
scf (DFT) done.
der1a (1-e 1st deriv.) done.
rwr (1st deriv. Q) done.
der1b (2-e 1st deriv.) done.
  Geometry optimization step   1
  Total energy:     -1543.37177477563 hartrees
  gradient maximum:        3.5037E-02 .  (  4.5000E-04 )
  gradient rms:            7.1215E-03 .  (  3.0000E-04 )
  displacement maximum:    1.1451E-01 .  (  1.8000E-03 )
  displacement rms:        1.9367E-02 .  (  1.2000E-03 )
  
  predicted energy change: -2.0057E-02
  step size:     0.30003
  trust radius:  0.30000
---------------- geometry iteration   1 complete ----------------
geopt (optimize geometry) done.
onee (1-electron integrals) done.
probe (project orbitals) done.
grid (grid generation) done.
rwr (Q operators) done.
  
       i  u  d  i  g
       t  p  i  c  r                                 RMS    maximum
       e  d  i  u  i                       energy  density   DIIS  
       r  t  s  t  d       total energy    change  change    error 
  
etot    1  N  N  2  U   -1543.32403567400           7.5E-04  1.8E-02
etot    2  Y  Y  6  M   -1543.33494495740  1.1E-02  9.1E-05  1.1E-03
etot    3  N  Y  2  U   -1543.33461052816 -3.3E-04  6.5E-05  1.5E-03
etot    4  Y  Y  6  M   -1543.33537082425  7.6E-04  1.7E-05  4.4E-04
etot    5  N  Y  2  U   -1543.33545702135  8.6E-05  5.0E-06  1.4E-04
etot    6  N  Y  2  U   -1543.33546436430  7.3E-06  1.8E-06  6.2E-05
etot    7  N  N  2  U   -1543.33546472758  3.6E-07  0.0E+00  0.0E+00
scf (DFT) done.
der1a (1-e 1st deriv.) done.
rwr (1st deriv. Q) done.
der1b (2-e 1st deriv.) done.
  Geometry optimization step   2
  Total energy:     -1543.39011863759 hartrees
  energy change:          -1.8344E-02 .  (  5.0000E-05 )
  gradient maximum:        1.4575E-02 .  (  4.5000E-04 )
  gradient rms:            2.2835E-03 .  (  3.0000E-04 )
  displacement maximum:    1.1305E-01 .  (  1.8000E-03 )
  displacement rms:        1.9368E-02 .  (  1.2000E-03 )
  
  predicted energy change: -3.9770E-03
  step size:     0.30004
  trust radius:  0.30000
---------------- geometry iteration   2 complete ----------------
geopt (optimize geometry) done.
onee (1-electron integrals) done.
probe (project orbitals) done.
grid (grid generation) done.
rwr (Q operators) done.
  
       i  u  d  i  g
       t  p  i  c  r                                 RMS    maximum
       e  d  i  u  i                       energy  density   DIIS  
       r  t  s  t  d       total energy    change  change    error 
  
etot    1  N  N  2  U   -1543.30857124860           3.5E-04  1.1E-02
etot    2  Y  Y  6  M   -1543.33917169312  3.1E-02  6.6E-05  5.7E-04
etot    3  N  Y  2  U   -1543.33866755185 -5.0E-04  5.1E-05  1.4E-03
etot    4  Y  Y  6  M   -1543.33923714480  5.7E-04  1.7E-05  6.1E-04
etot    5  N  Y  2  U   -1543.33930307905  6.6E-05  6.2E-06  2.1E-04
etot    6  N  Y  2  U   -1543.33931058025  7.5E-06  2.3E-06  6.4E-05
etot    7  N  N  2  U   -1543.33931146651  8.9E-07  0.0E+00  0.0E+00
scf (DFT) done.
der1a (1-e 1st deriv.) done.
rwr (1st deriv. Q) done.
der1b (2-e 1st deriv.) done.
  Geometry optimization step   3
  Total energy:     -1543.39385564690 hartrees
  energy change:          -3.7370E-03 .  (  5.0000E-05 )
  gradient maximum:        1.0858E-02 .  (  4.5000E-04 )
  gradient rms:            1.4754E-03 .  (  3.0000E-04 )
  displacement maximum:    1.1558E-01 .  (  1.8000E-03 )
  displacement rms:        1.9373E-02 .  (  1.2000E-03 )
  
  predicted energy change: -1.8805E-03
  step size:     0.30013
  trust radius:  0.30000
---------------- geometry iteration   3 complete ----------------
geopt (optimize geometry) done.
onee (1-electron integrals) done.
probe (project orbitals) done.
grid (grid generation) done.
rwr (Q operators) done.
  
       i  u  d  i  g
       t  p  i  c  r                                 RMS    maximum
       e  d  i  u  i                       energy  density   DIIS  
       r  t  s  t  d       total energy    change  change    error 
  
etot    1  N  N  2  U   -1543.29305945017           4.5E-04  1.5E-02
etot    2  Y  Y  6  M   -1543.34053939020  4.7E-02  5.3E-05  1.1E-03
etot    3  N  Y  2  U   -1543.34025094578 -2.9E-04  3.5E-05  6.4E-04
etot    4  N  Y  2  U   -1543.34041120294  1.6E-04  1.5E-05  4.7E-04
etot    5  N  Y  2  U   -1543.34045777827  4.7E-05  5.1E-06  2.1E-04
etot    6  N  Y  2  U   -1543.34046387032  6.1E-06  2.1E-06  5.4E-05
etot    7  N  N  2  U   -1543.34046411109  2.4E-07  0.0E+00  0.0E+00
scf (DFT) done.
der1a (1-e 1st deriv.) done.
rwr (1st deriv. Q) done.
der1b (2-e 1st deriv.) done.
  Geometry optimization step   4
  Total energy:     -1543.39494725486 hartrees
  energy change:          -1.0916E-03 .  (  5.0000E-05 )
  gradient maximum:        9.5208E-03 .  (  4.5000E-04 )
  gradient rms:            1.4424E-03 .  (  3.0000E-04 )
  displacement maximum:    1.3235E-01 .  (  1.8000E-03 )
  displacement rms:        1.9379E-02 .  (  1.2000E-03 )
  
  predicted energy change: -1.2510E-03
  step size:     0.30022
  trust radius:  0.30000
---------------- geometry iteration   4 complete ----------------
geopt (optimize geometry) done.
onee (1-electron integrals) done.
probe (project orbitals) done.
grid (grid generation) done.
rwr (Q operators) done.
  
       i  u  d  i  g
       t  p  i  c  r                                 RMS    maximum
       e  d  i  u  i                       energy  density   DIIS  
       r  t  s  t  d       total energy    change  change    error 
  
etot    1  N  N  2  U   -1543.29516748797           4.4E-04  1.6E-02
etot    2  Y  Y  6  M   -1543.34193341328  4.7E-02  6.1E-05  1.1E-03
etot    3  N  Y  2  U   -1543.34134083431 -5.9E-04  4.8E-05  1.3E-03
etot    4  N  Y  2  U   -1543.34179060475  4.5E-04  1.5E-05  5.3E-04
etot    5  N  Y  2  U   -1543.34185061601  6.0E-05  4.7E-06  1.7E-04
etot    6  N  N  2  U   -1543.34185464528  4.0E-06  0.0E+00  0.0E+00
scf (DFT) done.
der1a (1-e 1st deriv.) done.
rwr (1st deriv. Q) done.
der1b (2-e 1st deriv.) done.
  Geometry optimization step   5
  Total energy:     -1543.39616128456 hartrees
  energy change:          -1.2140E-03 .  (  5.0000E-05 )
  gradient maximum:        4.2989E-03 .  (  4.5000E-04 )
  gradient rms:            8.5522E-04 .  (  3.0000E-04 )
  displacement maximum:    1.1268E-01 .  (  1.8000E-03 )
  displacement rms:        1.9369E-02 .  (  1.2000E-03 )
  
  predicted energy change: -1.4137E-03
  step size:     0.30006
  trust radius:  0.30000
---------------- geometry iteration   5 complete ----------------
geopt (optimize geometry) done.
onee (1-electron integrals) done.
probe (project orbitals) done.
grid (grid generation) done.
rwr (Q operators) done.
  
       i  u  d  i  g
       t  p  i  c  r                                 RMS    maximum
       e  d  i  u  i                       energy  density   DIIS  
       r  t  s  t  d       total energy    change  change    error 
  
etot    1  N  N  2  U   -1543.29621682057           4.4E-04  1.4E-02
etot    2  Y  Y  6  M   -1543.34307418528  4.7E-02  5.8E-05  9.5E-04
etot    3  N  Y  2  U   -1543.34255288082 -5.2E-04  4.2E-05  2.3E-03
etot    4  N  Y  2  U   -1543.34288566382  3.3E-04  1.4E-05  9.3E-04
etot    5  N  Y  2  U   -1543.34294619199  6.1E-05  4.2E-06  9.7E-05
etot    6  N  N  2  U   -1543.34294939689  3.2E-06  0.0E+00  0.0E+00
scf (DFT) done.
der1a (1-e 1st deriv.) done.
rwr (1st deriv. Q) done.
der1b (2-e 1st deriv.) done.
  Geometry optimization step   6
  Total energy:     -1543.39735824992 hartrees
  energy change:          -1.1970E-03 .  (  5.0000E-05 )
  gradient maximum:        3.2261E-03 .  (  4.5000E-04 )
  gradient rms:            7.7534E-04 .  (  3.0000E-04 )
  displacement maximum:    1.1851E-01 .  (  1.8000E-03 )
  displacement rms:        1.9369E-02 .  (  1.2000E-03 )
  
  predicted energy change: -1.2066E-03
  step size:     0.30006
  trust radius:  0.30000
---------------- geometry iteration   6 complete ----------------
geopt (optimize geometry) done.
onee (1-electron integrals) done.
probe (project orbitals) done.
grid (grid generation) done.
rwr (Q operators) done.
  
       i  u  d  i  g
       t  p  i  c  r                                 RMS    maximum
       e  d  i  u  i                       energy  density   DIIS  
       r  t  s  t  d       total energy    change  change    error 
  
etot    1  N  N  2  U   -1543.30280403681           4.2E-04  1.5E-02
etot    2  Y  Y  6  M   -1543.34415496480  4.1E-02  6.0E-05  9.4E-04
etot    3  N  Y  2  U   -1543.34364855491 -5.1E-04  4.6E-05  1.6E-03
etot    4  N  Y  2  U   -1543.34402260880  3.7E-04  1.6E-05  7.4E-04
etot    5  N  Y  2  U   -1543.34409239004  7.0E-05  4.7E-06  2.6E-04
etot    6  N  N  2  U   -1543.34409771875  5.3E-06  0.0E+00  0.0E+00
scf (DFT) done.
der1a (1-e 1st deriv.) done.
rwr (1st deriv. Q) done.
der1b (2-e 1st deriv.) done.
  Geometry optimization step   7
  Total energy:     -1543.39855046833 hartrees
  energy change:          -1.1922E-03 .  (  5.0000E-05 )
  gradient maximum:        4.5227E-03 .  (  4.5000E-04 )
  gradient rms:            8.4935E-04 .  (  3.0000E-04 )
  displacement maximum:    1.8436E-01 .  (  1.8000E-03 )
  displacement rms:        1.9378E-02 .  (  1.2000E-03 )
  
  predicted energy change: -1.5135E-03
  step size:     0.30021
  trust radius:  0.30000
---------------- geometry iteration   7 complete ----------------
geopt (optimize geometry) done.
onee (1-electron integrals) done.
probe (project orbitals) done.
grid (grid generation) done.
rwr (Q operators) done.
  
       i  u  d  i  g
       t  p  i  c  r                                 RMS    maximum
       e  d  i  u  i                       energy  density   DIIS  
       r  t  s  t  d       total energy    change  change    error 
  
etot    1  N  N  2  U   -1543.31508007430           3.5E-04  1.1E-02
etot    2  Y  Y  6  M   -1543.34570156463  3.1E-02  4.7E-05  6.8E-04
etot    3  N  Y  2  U   -1543.34536743170 -3.3E-04  3.6E-05  1.6E-03
etot    4  N  Y  2  U   -1543.34562627388  2.6E-04  1.2E-05  5.3E-04
etot    5  N  Y  2  U   -1543.34566390740  3.8E-05  3.8E-06  8.6E-05
etot    6  N  N  2  U   -1543.34566685449  2.9E-06  0.0E+00  0.0E+00
scf (DFT) done.
der1a (1-e 1st deriv.) done.
rwr (1st deriv. Q) done.
der1b (2-e 1st deriv.) done.
  Geometry optimization step   8
  Total energy:     -1543.40012811064 hartrees
  energy change:          -1.5776E-03 .  (  5.0000E-05 )
  gradient maximum:        5.6313E-03 .  (  4.5000E-04 )
  gradient rms:            1.0004E-03 .  (  3.0000E-04 )
  displacement maximum:    2.2403E-01 .  (  1.8000E-03 )
  displacement rms:        1.9386E-02 .  (  1.2000E-03 )
  
  predicted energy change: -1.8016E-03
  step size:     0.30032
  trust radius:  0.30000
---------------- geometry iteration   8 complete ----------------
geopt (optimize geometry) done.
onee (1-electron integrals) done.
probe (project orbitals) done.
grid (grid generation) done.
rwr (Q operators) done.
  
       i  u  d  i  g
       t  p  i  c  r                                 RMS    maximum
       e  d  i  u  i                       energy  density   DIIS  
       r  t  s  t  d       total energy    change  change    error 
  
etot    1  N  N  2  U   -1543.32137616277           3.1E-04  1.1E-02
etot    2  Y  Y  6  M   -1543.34709062047  2.6E-02  3.3E-05  4.6E-04
etot    3  N  Y  2  U   -1543.34697766269 -1.1E-04  2.5E-05  5.7E-04
etot    4  N  Y  2  U   -1543.34705980690  8.2E-05  9.5E-06  2.5E-04
etot    5  N  Y  2  U   -1543.34707928682  1.9E-05  3.0E-06  1.0E-04
etot    6  N  N  2  U   -1543.34708103338  1.7E-06  0.0E+00  0.0E+00
scf (DFT) done.
der1a (1-e 1st deriv.) done.
rwr (1st deriv. Q) done.
der1b (2-e 1st deriv.) done.
  Geometry optimization step   9
  Total energy:     -1543.40157070858 hartrees
  energy change:          -1.4426E-03 .  (  5.0000E-05 )
  gradient maximum:        4.8373E-03 .  (  4.5000E-04 )
  gradient rms:            1.2753E-03 .  (  3.0000E-04 )
  displacement maximum:    1.8859E-01 .  (  1.8000E-03 )
  displacement rms:        1.9367E-02 .  (  1.2000E-03 )
  
  predicted energy change: -1.4269E-03
  step size:     0.30004
  trust radius:  0.30000
---------------- geometry iteration   9 complete ----------------
geopt (optimize geometry) done.
onee (1-electron integrals) done.
probe (project orbitals) done.
grid (grid generation) done.
rwr (Q operators) done.
  
       i  u  d  i  g
       t  p  i  c  r                                 RMS    maximum
       e  d  i  u  i                       energy  density   DIIS  
       r  t  s  t  d       total energy    change  change    error 
  
etot    1  N  N  2  U   -1543.32101503628           3.2E-04  9.4E-03
etot    2  Y  Y  6  M   -1543.34850459784  2.7E-02  3.9E-05  5.4E-04
etot    3  N  Y  2  U   -1543.34829098731 -2.1E-04  3.0E-05  1.2E-03
etot    4  N  Y  2  U   -1543.34845230166  1.6E-04  1.1E-05  4.2E-04
etot    5  N  Y  2  U   -1543.34848275502  3.0E-05  3.6E-06  9.0E-05
etot    6  N  N  2  U   -1543.34848568257  2.9E-06  0.0E+00  0.0E+00
scf (DFT) done.
der1a (1-e 1st deriv.) done.
rwr (1st deriv. Q) done.
der1b (2-e 1st deriv.) done.
  Geometry optimization step  10
  Total energy:     -1543.40292082299 hartrees
  energy change:          -1.3501E-03 .  (  5.0000E-05 )
  gradient maximum:        5.7057E-03 .  (  4.5000E-04 )
  gradient rms:            1.1604E-03 .  (  3.0000E-04 )
  displacement maximum:    1.4674E-01 .  (  1.8000E-03 )
  displacement rms:        1.9366E-02 .  (  1.2000E-03 )
  
  predicted energy change: -1.8046E-03
  step size:     0.30001
  trust radius:  0.30000
---------------- geometry iteration  10 complete ----------------
geopt (optimize geometry) done.
onee (1-electron integrals) done.
probe (project orbitals) done.
grid (grid generation) done.
rwr (Q operators) done.
  
       i  u  d  i  g
       t  p  i  c  r                                 RMS    maximum
       e  d  i  u  i                       energy  density   DIIS  
       r  t  s  t  d       total energy    change  change    error 
  
etot    1  N  N  2  U   -1543.32500538244           3.2E-04  1.2E-02
etot    2  Y  Y  6  M   -1543.34980901638  2.5E-02  5.5E-05  5.2E-04
etot    3  N  Y  2  U   -1543.34952728162 -2.8E-04  4.1E-05  9.4E-04
etot    4  N  Y  2  U   -1543.34986527921  3.4E-04  1.2E-05  4.1E-04
etot    5  N  Y  2  U   -1543.34989723512  3.2E-05  3.9E-06  1.2E-04
etot    6  N  N  2  U   -1543.34990087688  3.6E-06  0.0E+00  0.0E+00
scf (DFT) done.
der1a (1-e 1st deriv.) done.
rwr (1st deriv. Q) done.
der1b (2-e 1st deriv.) done.
  Geometry optimization step  11
  Total energy:     -1543.40436897718 hartrees
  energy change:          -1.4482E-03 .  (  5.0000E-05 )
  gradient maximum:        6.0116E-03 .  (  4.5000E-04 )
  gradient rms:            1.2132E-03 .  (  3.0000E-04 )
  displacement maximum:    1.5256E-01 .  (  1.8000E-03 )
  displacement rms:        1.9373E-02 .  (  1.2000E-03 )
  
  predicted energy change: -1.9804E-03
  step size:     0.30013
  trust radius:  0.30000
---------------- geometry iteration  11 complete ----------------
geopt (optimize geometry) done.
onee (1-electron integrals) done.
probe (project orbitals) done.
grid (grid generation) done.
rwr (Q operators) done.
  
       i  u  d  i  g
       t  p  i  c  r                                 RMS    maximum
       e  d  i  u  i                       energy  density   DIIS  
       r  t  s  t  d       total energy    change  change    error 
  
etot    1  N  N  2  U   -1543.31917319931           3.5E-04  1.3E-02
etot    2  Y  Y  6  M   -1543.35171826123  3.3E-02  5.0E-05  4.5E-04
etot    3  N  Y  2  U   -1543.35139484729 -3.2E-04  3.7E-05  1.2E-03
etot    4  N  Y  2  U   -1543.35171543444  3.2E-04  1.3E-05  4.6E-04
etot    5  N  Y  2  U   -1543.35175127006  3.6E-05  4.6E-06  2.0E-04
etot    6  N  N  2  U   -1543.35175642768  5.2E-06  0.0E+00  0.0E+00
scf (DFT) done.
der1a (1-e 1st deriv.) done.
rwr (1st deriv. Q) done.
der1b (2-e 1st deriv.) done.
  Geometry optimization step  12
  Total energy:     -1543.40644020179 hartrees
  energy change:          -2.0712E-03 .  (  5.0000E-05 )
  gradient maximum:        5.9999E-03 .  (  4.5000E-04 )
  gradient rms:            1.1254E-03 .  (  3.0000E-04 )
  displacement maximum:    2.0520E-01 .  (  1.8000E-03 )
  displacement rms:        1.9374E-02 .  (  1.2000E-03 )
  
  predicted energy change: -2.0739E-03
  step size:     0.30014
  trust radius:  0.30000
---------------- geometry iteration  12 complete ----------------
geopt (optimize geometry) done.
onee (1-electron integrals) done.
probe (project orbitals) done.
grid (grid generation) done.
rwr (Q operators) done.
  
       i  u  d  i  g
       t  p  i  c  r                                 RMS    maximum
       e  d  i  u  i                       energy  density   DIIS  
       r  t  s  t  d       total energy    change  change    error 
  
etot    1  N  N  2  U   -1543.32526092984           3.2E-04  1.4E-02
etot    2  Y  Y  6  M   -1543.35360989920  2.8E-02  4.4E-05  4.2E-04
etot    3  N  Y  2  U   -1543.35340932386 -2.0E-04  3.1E-05  8.7E-04
etot    4  N  Y  2  U   -1543.35361983185  2.1E-04  9.6E-06  2.5E-04
etot    5  N  Y  2  U   -1543.35363930894  1.9E-05  3.5E-06  9.8E-05
etot    6  N  N  2  U   -1543.35364259228  3.3E-06  0.0E+00  0.0E+00
scf (DFT) done.
der1a (1-e 1st deriv.) done.
rwr (1st deriv. Q) done.
der1b (2-e 1st deriv.) done.
  Geometry optimization step  13
  Total energy:     -1543.40860972159 hartrees
  energy change:          -2.1695E-03 .  (  5.0000E-05 )
  gradient maximum:        5.2016E-03 .  (  4.5000E-04 )
  gradient rms:            1.1516E-03 .  (  3.0000E-04 )
  displacement maximum:    2.0510E-01 .  (  1.8000E-03 )
  displacement rms:        1.9372E-02 .  (  1.2000E-03 )
  
  predicted energy change: -1.9429E-03
  step size:     0.30011
  trust radius:  0.30000
---------------- geometry iteration  13 complete ----------------
geopt (optimize geometry) done.
onee (1-electron integrals) done.
probe (project orbitals) done.
grid (grid generation) done.
rwr (Q operators) done.
  
       i  u  d  i  g
       t  p  i  c  r                                 RMS    maximum
       e  d  i  u  i                       energy  density   DIIS  
       r  t  s  t  d       total energy    change  change    error 
  
etot    1  N  N  2  U   -1543.32367851346           3.3E-04  1.4E-02
etot    2  Y  Y  6  M   -1543.35500479252  3.1E-02  4.1E-05  4.9E-04
etot    3  N  Y  2  U   -1543.35481944564 -1.9E-04  3.3E-05  1.0E-03
etot    4  N  Y  2  U   -1543.35501760573  2.0E-04  1.2E-05  4.7E-04
etot    5  N  Y  2  U   -1543.35505234173  3.5E-05  3.9E-06  1.4E-04
etot    6  N  N  2  U   -1543.35505577590  3.4E-06  0.0E+00  0.0E+00
scf (DFT) done.
der1a (1-e 1st deriv.) done.
rwr (1st deriv. Q) done.
der1b (2-e 1st deriv.) done.
  Geometry optimization step  14
  Total energy:     -1543.41034973401 hartrees
  energy change:          -1.7400E-03 .  (  5.0000E-05 )
  gradient maximum:        4.1006E-03 .  (  4.5000E-04 )
  gradient rms:            1.0364E-03 .  (  3.0000E-04 )
  displacement maximum:    1.6315E-01 .  (  1.8000E-03 )
  displacement rms:        1.9365E-02 .  (  1.2000E-03 )
  
  predicted energy change: -1.4160E-03
  step size:     0.30000
  trust radius:  0.30000
---------------- geometry iteration  14 complete ----------------
geopt (optimize geometry) done.
onee (1-electron integrals) done.
probe (project orbitals) done.
grid (grid generation) done.
rwr (Q operators) done.
  
       i  u  d  i  g
       t  p  i  c  r                                 RMS    maximum
       e  d  i  u  i                       energy  density   DIIS  
       r  t  s  t  d       total energy    change  change    error 
  
etot    1  N  N  2  U   -1543.32244337428           3.5E-04  1.4E-02
etot    2  Y  Y  6  M   -1543.35604528493  3.4E-02  4.1E-05  5.9E-04
etot    3  N  Y  2  U   -1543.35590620916 -1.4E-04  3.1E-05  9.5E-04
etot    4  N  Y  2  U   -1543.35606394654  1.6E-04  1.1E-05  4.5E-04
etot    5  N  Y  2  U   -1543.35609575759  3.2E-05  3.6E-06  1.2E-04
etot    6  N  N  2  U   -1543.35609837950  2.6E-06  0.0E+00  0.0E+00
scf (DFT) done.
der1a (1-e 1st deriv.) done.
rwr (1st deriv. Q) done.
der1b (2-e 1st deriv.) done.
  Geometry optimization step  15
  Total energy:     -1543.41169655083 hartrees
  energy change:          -1.3468E-03 .  (  5.0000E-05 )
  gradient maximum:        4.5693E-03 .  (  4.5000E-04 )
  gradient rms:            7.8465E-04 .  (  3.0000E-04 )
  displacement maximum:    1.4007E-01 .  (  1.8000E-03 )
  displacement rms:        1.9367E-02 .  (  1.2000E-03 )
  
  predicted energy change: -1.5133E-03
  step size:     0.30003
  trust radius:  0.30000
---------------- geometry iteration  15 complete ----------------
geopt (optimize geometry) done.
onee (1-electron integrals) done.
probe (project orbitals) done.
grid (grid generation) done.
rwr (Q operators) done.
  
       i  u  d  i  g
       t  p  i  c  r                                 RMS    maximum
       e  d  i  u  i                       energy  density   DIIS  
       r  t  s  t  d       total energy    change  change    error 
  
etot    1  N  N  2  U   -1543.31659978647           3.9E-04  1.7E-02
etot    2  Y  Y  6  M   -1543.35638314903  4.0E-02  5.1E-05  6.3E-04
etot    3  N  Y  2  U   -1543.35616056124 -2.2E-04  4.1E-05  9.6E-04
etot    4  N  Y  2  U   -1543.35639247967  2.3E-04  1.2E-05  3.5E-04
etot    5  N  Y  2  U   -1543.35642233923  3.0E-05  3.3E-06  9.1E-05
etot    6  N  N  2  U   -1543.35642438696  2.0E-06  0.0E+00  0.0E+00
scf (DFT) done.
der1a (1-e 1st deriv.) done.
rwr (1st deriv. Q) done.
der1b (2-e 1st deriv.) done.
  Geometry optimization step  16
  Total energy:     -1543.41264947736 hartrees
  energy change:          -9.5293E-04 .  (  5.0000E-05 )
  gradient maximum:        4.2185E-03 .  (  4.5000E-04 )
  gradient rms:            9.8016E-04 .  (  3.0000E-04 )
  displacement maximum:    1.0742E-01 .  (  1.8000E-03 )
  displacement rms:        1.9386E-02 .  (  1.2000E-03 )
  
  predicted energy change: -1.1210E-03
  step size:     0.30032
  trust radius:  0.30000
---------------- geometry iteration  16 complete ----------------
geopt (optimize geometry) done.
onee (1-electron integrals) done.
probe (project orbitals) done.
grid (grid generation) done.
rwr (Q operators) done.
  
       i  u  d  i  g
       t  p  i  c  r                                 RMS    maximum
       e  d  i  u  i                       energy  density   DIIS  
       r  t  s  t  d       total energy    change  change    error 
  
etot    1  N  N  2  U   -1543.32415607817           8.3E-04  1.7E-02
etot    2  Y  Y  6  M   -1543.35746908912  3.3E-02  5.3E-05  7.8E-04
etot    3  N  Y  2  U   -1543.35718129154 -2.9E-04  3.9E-05  1.2E-03
etot    4  N  Y  2  U   -1543.35747269523  2.9E-04  1.5E-05  4.4E-04
etot    5  N  Y  2  U   -1543.35752546616  5.3E-05  4.6E-06  1.2E-04
etot    6  N  N  2  U   -1543.35752891706  3.5E-06  0.0E+00  0.0E+00
scf (DFT) done.
der1a (1-e 1st deriv.) done.
rwr (1st deriv. Q) done.
der1b (2-e 1st deriv.) done.
  Geometry optimization step  17
  Total energy:     -1543.41394810739 hartrees
  energy change:          -1.2986E-03 .  (  5.0000E-05 )
  gradient maximum:        4.3691E-03 .  (  4.5000E-04 )
  gradient rms:            8.8940E-04 .  (  3.0000E-04 )
  displacement maximum:    1.2192E-01 .  (  1.8000E-03 )
  displacement rms:        1.9409E-02 .  (  1.2000E-03 )
  
  predicted energy change: -9.2649E-04
  step size:     0.30068
  trust radius:  0.30000
---------------- geometry iteration  17 complete ----------------
geopt (optimize geometry) done.
onee (1-electron integrals) done.
probe (project orbitals) done.
grid (grid generation) done.
rwr (Q operators) done.
  
       i  u  d  i  g
       t  p  i  c  r                                 RMS    maximum
       e  d  i  u  i                       energy  density   DIIS  
       r  t  s  t  d       total energy    change  change    error 
  
etot    1  N  N  2  U   -1543.32282521339           3.8E-04  1.2E-02
etot    2  Y  Y  6  M   -1543.35663234106  3.4E-02  6.1E-05  9.8E-04
etot    3  N  Y  2  U   -1543.35638925119 -2.4E-04  4.2E-05  7.6E-04
etot    4  N  Y  2  U   -1543.35665718358  2.7E-04  1.4E-05  3.1E-04
etot    5  N  Y  2  U   -1543.35669704359  4.0E-05  4.7E-06  1.2E-04
etot    6  N  N  2  U   -1543.35670246766  5.4E-06  0.0E+00  0.0E+00
scf (DFT) done.
der1a (1-e 1st deriv.) done.
rwr (1st deriv. Q) done.
der1b (2-e 1st deriv.) done.
  Geometry optimization step  18
  Total energy:     -1543.41304919941 hartrees
  ** restarting optimization from step   17 **
  energy change:           8.9891E-04 .  (  5.0000E-05 )
  gradient maximum:        4.3691E-03 .  (  4.5000E-04 )
  gradient rms:            8.8940E-04 .  (  3.0000E-04 )
  displacement maximum:    1.4000E-01 .  (  1.8000E-03 )
  displacement rms:        1.9394E-02 .  (  1.2000E-03 )
  
  predicted energy change: -9.0095E-04
  step size:     0.30045
  trust radius:  0.30000
---------------- geometry iteration  18 complete ----------------
geopt (optimize geometry) done.
onee (1-electron integrals) done.
probe (project orbitals) done.
grid (grid generation) done.
rwr (Q operators) done.
  
       i  u  d  i  g
       t  p  i  c  r                                 RMS    maximum
       e  d  i  u  i                       energy  density   DIIS  
       r  t  s  t  d       total energy    change  change    error 
  
etot    1  N  N  2  U   -1543.31257521546           8.4E-04  1.7E-02
etot    2  Y  Y  6  M   -1543.35821235828  4.6E-02  5.5E-05  1.2E-03
etot    3  N  Y  2  U   -1543.35794239558 -2.7E-04  4.2E-05  9.8E-04
etot    4  N  Y  2  U   -1543.35813716726  1.9E-04  1.9E-05  7.0E-04
etot    5  N  Y  2  U   -1543.35825000621  1.1E-04  4.5E-06  1.4E-04
etot    6  N  N  2  U   -1543.35825292397  2.9E-06  0.0E+00  0.0E+00
scf (DFT) done.
der1a (1-e 1st deriv.) done.
rwr (1st deriv. Q) done.
der1b (2-e 1st deriv.) done.
  Geometry optimization step  19
  Total energy:     -1543.41449444378 hartrees
  energy change:          -5.4634E-04 .  (  5.0000E-05 )
  gradient maximum:        4.2500E-03 .  (  4.5000E-04 )
  gradient rms:            9.4398E-04 .  (  3.0000E-04 )
  displacement maximum:    6.9094E-02 .  (  1.8000E-03 )
  displacement rms:        1.1008E-02 .  (  1.2000E-03 )
  
  predicted energy change: -4.8320E-04
  step size:     0.17054
  trust radius:  0.30000
---------------- geometry iteration  19 complete ----------------
geopt (optimize geometry) done.
onee (1-electron integrals) done.
probe (project orbitals) done.
grid (grid generation) done.
rwr (Q operators) done.
  
       i  u  d  i  g
       t  p  i  c  r                                 RMS    maximum
       e  d  i  u  i                       energy  density   DIIS  
       r  t  s  t  d       total energy    change  change    error 
  
etot    1  N  N  2  U   -1543.34294395845           2.5E-04  6.8E-03
etot    2  Y  Y  6  M   -1543.35796220217  1.5E-02  3.2E-05  5.0E-04
etot    3  N  Y  2  U   -1543.35782280380 -1.4E-04  2.5E-05  5.7E-04
etot    4  N  Y  2  U   -1543.35793169454  1.1E-04  9.1E-06  3.0E-04
etot    5  N  Y  2  U   -1543.35795219268  2.0E-05  2.6E-06  1.0E-04
etot    6  N  N  2  U   -1543.35795373886  1.5E-06  0.0E+00  0.0E+00
scf (DFT) done.
der1a (1-e 1st deriv.) done.
rwr (1st deriv. Q) done.
der1b (2-e 1st deriv.) done.
  Geometry optimization step  20
  Total energy:     -1543.41408482718 hartrees
  energy change:           4.0962E-04 .  (  5.0000E-05 )
  gradient maximum:        3.8581E-03 .  (  4.5000E-04 )
  gradient rms:            6.4524E-04 .  (  3.0000E-04 )
  displacement maximum:    8.1052E-02 .  (  1.8000E-03 )
  displacement rms:        1.3176E-02 .  (  1.2000E-03 )
  
  predicted energy change: -3.0134E-04
  step size:     0.20412
  trust radius:  0.30000
---------------- geometry iteration  20 complete ----------------
geopt (optimize geometry) done.
onee (1-electron integrals) done.
probe (project orbitals) done.
grid (grid generation) done.
rwr (Q operators) done.
  
       i  u  d  i  g
       t  p  i  c  r                                 RMS    maximum
       e  d  i  u  i                       energy  density   DIIS  
       r  t  s  t  d       total energy    change  change    error 
  
etot    1  N  N  2  U   -1543.34298785556           7.7E-04  1.7E-02
etot    2  Y  Y  6  M   -1543.35839697887  1.5E-02  3.5E-05  5.2E-04
etot    3  N  Y  2  U   -1543.35823520165 -1.6E-04  2.8E-05  6.5E-04
etot    4  N  Y  2  U   -1543.35833146527  9.6E-05  1.1E-05  4.0E-04
etot    5  N  Y  2  U   -1543.35836585226  3.4E-05  2.7E-06  7.5E-05
etot    6  N  N  2  U   -1543.35836741302  1.6E-06  0.0E+00  0.0E+00
scf (DFT) done.
der1a (1-e 1st deriv.) done.
rwr (1st deriv. Q) done.
der1b (2-e 1st deriv.) done.
  Geometry optimization step  21
  Total energy:     -1543.41469868123 hartrees
  energy change:          -6.1385E-04 .  (  5.0000E-05 )
  gradient maximum:        2.2598E-03 .  (  4.5000E-04 )
  gradient rms:            5.0096E-04 .  (  3.0000E-04 )
  displacement maximum:    6.8113E-02 .  (  1.8000E-03 )
  displacement rms:        1.1656E-02 .  (  1.2000E-03 )
  
  predicted energy change: -2.7367E-04
  step size:     0.18057
  trust radius:  0.30000
---------------- geometry iteration  21 complete ----------------
geopt (optimize geometry) done.
onee (1-electron integrals) done.
probe (project orbitals) done.
grid (grid generation) done.
rwr (Q operators) done.
  
       i  u  d  i  g
       t  p  i  c  r                                 RMS    maximum
       e  d  i  u  i                       energy  density   DIIS  
       r  t  s  t  d       total energy    change  change    error 
  
etot    1  N  N  2  U   -1543.35137944910           1.8E-04  5.0E-03
etot    2  Y  Y  6  M   -1543.35874303279  7.4E-03  3.4E-05  3.4E-04
etot    3  N  Y  2  U   -1543.35867069938 -7.2E-05  2.3E-05  6.3E-04
etot    4  N  Y  2  U   -1543.35876089762  9.0E-05  6.4E-06  2.0E-04
etot    5  N  Y  2  U   -1543.35876908950  8.2E-06  2.2E-06  7.3E-05
etot    6  N  N  2  U   -1543.35877046848  1.4E-06  0.0E+00  0.0E+00
scf (DFT) done.
der1a (1-e 1st deriv.) done.
rwr (1st deriv. Q) done.
der1b (2-e 1st deriv.) done.
  Geometry optimization step  22
  Total energy:     -1543.41468640349 hartrees
  energy change:           1.2278E-05 *  (  5.0000E-05 )
  gradient maximum:        2.1422E-03 .  (  4.5000E-04 )
  gradient rms:            5.3491E-04 .  (  3.0000E-04 )
  displacement maximum:    2.7053E-02 .  (  1.8000E-03 )
  displacement rms:        5.5314E-03 .  (  1.2000E-03 )
  
  predicted energy change: -1.3407E-04
  step size:     0.08569
  trust radius:  0.30000
---------------- geometry iteration  22 complete ----------------
geopt (optimize geometry) done.
onee (1-electron integrals) done.
probe (project orbitals) done.
grid (grid generation) done.
rwr (Q operators) done.
  
       i  u  d  i  g
       t  p  i  c  r                                 RMS    maximum
       e  d  i  u  i                       energy  density   DIIS  
       r  t  s  t  d       total energy    change  change    error 
  
etot    1  N  N  2  U   -1543.35681554390           9.9E-05  2.7E-03
etot    2  Y  Y  6  M   -1543.35892079018  2.1E-03  2.3E-05  1.8E-04
etot    3  N  Y  2  U   -1543.35883970986 -8.1E-05  1.8E-05  5.3E-04
etot    4  N  Y  2  U   -1543.35891258927  7.3E-05  4.0E-06  1.5E-04
etot    5  N  N  2  U   -1543.35891573036  3.1E-06  0.0E+00  0.0E+00
scf (DFT) done.
der1a (1-e 1st deriv.) done.
rwr (1st deriv. Q) done.
der1b (2-e 1st deriv.) done.
  Geometry optimization step  23
  Total energy:     -1543.41472091746 hartrees
  energy change:          -3.4514E-05 *  (  5.0000E-05 )
  gradient maximum:        1.5193E-03 .  (  4.5000E-04 )
  gradient rms:            2.3186E-04 *  (  3.0000E-04 )
  displacement maximum:    3.8841E-02 .  (  1.8000E-03 )
  displacement rms:        8.3617E-03 .  (  1.2000E-03 )
  
  predicted energy change: -7.5787E-05
  step size:     0.12954
  trust radius:  0.30000
---------------- geometry iteration  23 complete ----------------
geopt (optimize geometry) done.
onee (1-electron integrals) done.
probe (project orbitals) done.
grid (grid generation) done.
rwr (Q operators) done.
  
       i  u  d  i  g
       t  p  i  c  r                                 RMS    maximum
       e  d  i  u  i                       energy  density   DIIS  
       r  t  s  t  d       total energy    change  change    error 
  
etot    1  N  N  2  U   -1543.35291512993           1.6E-04  5.0E-03
etot    2  Y  Y  6  M   -1543.35894880424  6.0E-03  2.8E-05  2.7E-04
etot    3  N  Y  2  U   -1543.35882193343 -1.3E-04  2.2E-05  6.9E-04
etot    4  N  Y  2  U   -1543.35892673877  1.0E-04  6.4E-06  2.3E-04
etot    5  N  Y  2  U   -1543.35893344216  6.7E-06  2.6E-06  7.9E-05
etot    6  N  N  2  U   -1543.35893482672  1.4E-06  0.0E+00  0.0E+00
scf (DFT) done.
der1a (1-e 1st deriv.) done.
rwr (1st deriv. Q) done.
der1b (2-e 1st deriv.) done.
  Geometry optimization step  24
  Total energy:     -1543.41474639765 hartrees
  energy change:          -2.5480E-05 *  (  5.0000E-05 )
  gradient maximum:        1.2414E-03 .  (  4.5000E-04 )
  gradient rms:            2.7579E-04 *  (  3.0000E-04 )
  displacement maximum:    1.2585E-02 .  (  1.8000E-03 )
  displacement rms:        2.2369E-03 .  (  1.2000E-03 )
  
  predicted energy change: -2.3975E-05
  step size:     0.03465
  trust radius:  0.30000
---------------- geometry iteration  24 complete ----------------
geopt (optimize geometry) done.
onee (1-electron integrals) done.
probe (project orbitals) done.
grid (grid generation) done.
rwr (Q operators) done.
  
       i  u  d  i  g
       t  p  i  c  r                                 RMS    maximum
       e  d  i  u  i                       energy  density   DIIS  
       r  t  s  t  d       total energy    change  change    error 
  
etot    1  N  N  2  U   -1543.35843897292           4.8E-05  1.5E-03
etot    2  N  Y  2  U   -1543.35894321256  5.0E-04  1.1E-05  8.6E-05
etot    3  N  Y  2  U   -1543.35892460789 -1.9E-05  8.7E-06  2.7E-04
etot    4  N  Y  2  U   -1543.35894627454  2.2E-05  1.7E-06  4.8E-05
etot    5  N  N  2  U   -1543.35894679526  5.2E-07  0.0E+00  0.0E+00
scf (DFT) done.
der1a (1-e 1st deriv.) done.
rwr (1st deriv. Q) done.
der1b (2-e 1st deriv.) done.
  Geometry optimization step  25
  Total energy:     -1543.41471953023 hartrees
  energy change:           2.6867E-05 *  (  5.0000E-05 )
  gradient maximum:        1.0585E-03 .  (  4.5000E-04 )
  gradient rms:            1.3264E-04 *  (  3.0000E-04 )
  displacement maximum:    2.2470E-02 .  (  1.8000E-03 )
  displacement rms:        3.4124E-03 .  (  1.2000E-03 )
  
  predicted energy change: -2.0680E-05
  step size:     0.05287
  trust radius:  0.30000
---------------- geometry iteration  25 complete ----------------
geopt (optimize geometry) done.
onee (1-electron integrals) done.
probe (project orbitals) done.
grid (grid generation) done.
rwr (Q operators) done.
  
       i  u  d  i  g
       t  p  i  c  r                                 RMS    maximum
       e  d  i  u  i                       energy  density   DIIS  
       r  t  s  t  d       total energy    change  change    error 
  
etot    1  N  N  2  U   -1543.35810153590           5.9E-05  2.3E-03
etot    2  Y  Y  6  M   -1543.35895675048  8.6E-04  1.3E-05  1.3E-04
etot    3  N  Y  2  U   -1543.35891754904 -3.9E-05  1.0E-05  4.1E-04
etot    4  N  Y  2  U   -1543.35894919587  3.2E-05  1.8E-06  5.2E-05
etot    5  N  N  2  U   -1543.35894978881  5.9E-07  0.0E+00  0.0E+00
scf (DFT) done.
der1a (1-e 1st deriv.) done.
rwr (1st deriv. Q) done.
der1b (2-e 1st deriv.) done.
  Geometry optimization step  26
  Total energy:     -1543.41468822570 hartrees
  energy change:           3.1305E-05 *  (  5.0000E-05 )
  gradient maximum:        7.4620E-04 .  (  4.5000E-04 )
  gradient rms:            1.6476E-04 *  (  3.0000E-04 )
  displacement maximum:    2.6156E-02 .  (  1.8000E-03 )
  displacement rms:        4.2256E-03 .  (  1.2000E-03 )
  
  predicted energy change: -2.3536E-05
  step size:     0.06546
  trust radius:  0.30000
---------------- geometry iteration  26 complete ----------------
geopt (optimize geometry) done.
onee (1-electron integrals) done.
probe (project orbitals) done.
grid (grid generation) done.
rwr (Q operators) done.
  
       i  u  d  i  g
       t  p  i  c  r                                 RMS    maximum
       e  d  i  u  i                       energy  density   DIIS  
       r  t  s  t  d       total energy    change  change    error 
  
etot    1  N  N  2  U   -1543.35649763623           9.5E-05  2.6E-03
etot    2  Y  Y  6  M   -1543.35885969542  2.4E-03  1.4E-05  1.3E-04
etot    3  N  Y  2  U   -1543.35882627338 -3.3E-05  1.0E-05  2.4E-04
etot    4  N  Y  2  U   -1543.35884495849  1.9E-05  3.7E-06  1.2E-04
etot    5  N  N  2  U   -1543.35884828693  3.3E-06  0.0E+00  0.0E+00
scf (DFT) done.
der1a (1-e 1st deriv.) done.
rwr (1st deriv. Q) done.
der1b (2-e 1st deriv.) done.
  Geometry optimization step  27
  Total energy:     -1543.41468346515 hartrees
  energy change:           4.7605E-06 *  (  5.0000E-05 )
  gradient maximum:        1.0599E-03 .  (  4.5000E-04 )
  gradient rms:            2.1315E-04 *  (  3.0000E-04 )
  displacement maximum:    9.8818E-03 .  (  1.8000E-03 )
  displacement rms:        1.7304E-03 .  (  1.2000E-03 )
  
  predicted energy change: -1.4315E-05
  step size:     0.02681
  trust radius:  0.30000
---------------- geometry iteration  27 complete ----------------
geopt (optimize geometry) done.
onee (1-electron integrals) done.
probe (project orbitals) done.
grid (grid generation) done.
rwr (Q operators) done.
  
       i  u  d  i  g
       t  p  i  c  r                                 RMS    maximum
       e  d  i  u  i                       energy  density   DIIS  
       r  t  s  t  d       total energy    change  change    error 
  
etot    1  N  N  2  U   -1543.35860935386           3.6E-05  1.3E-03
etot    2  N  Y  2  U   -1543.35891087205  3.0E-04  1.0E-05  8.4E-05
etot    3  N  Y  2  U   -1543.35889377527 -1.7E-05  8.1E-06  2.4E-04
etot    4  N  Y  2  U   -1543.35891376001  2.0E-05  1.7E-06  5.0E-05
etot    5  N  N  2  U   -1543.35891429026  5.3E-07  0.0E+00  0.0E+00
scf (DFT) done.
der1a (1-e 1st deriv.) done.
rwr (1st deriv. Q) done.
der1b (2-e 1st deriv.) done.
  Geometry optimization step  28
  Total energy:     -1543.41473731625 hartrees
  energy change:          -5.3851E-05 .  (  5.0000E-05 )
  gradient maximum:        8.2961E-04 .  (  4.5000E-04 )
  gradient rms:            1.2475E-04 *  (  3.0000E-04 )
  displacement maximum:    1.1735E-02 .  (  1.8000E-03 )
  displacement rms:        2.0812E-03 .  (  1.2000E-03 )
  
  predicted energy change: -9.5058E-06
  step size:     0.03224
  trust radius:  0.30000
---------------- geometry iteration  28 complete ----------------
geopt (optimize geometry) done.
onee (1-electron integrals) done.
probe (project orbitals) done.
grid (grid generation) done.
rwr (Q operators) done.
  
       i  u  d  i  g
       t  p  i  c  r                                 RMS    maximum
       e  d  i  u  i                       energy  density   DIIS  
       r  t  s  t  d       total energy    change  change    error 
  
etot    1  N  N  2  U   -1543.35862544352           3.9E-05  1.5E-03
etot    2  N  Y  2  U   -1543.35896693324  3.4E-04  4.5E-06  5.8E-05
etot    3  N  Y  2  U   -1543.35896567276 -1.3E-06  3.4E-06  7.6E-05
etot    4  N  N  2  U   -1543.35896752216  1.8E-06  0.0E+00  0.0E+00
scf (DFT) done.
der1a (1-e 1st deriv.) done.
rwr (1st deriv. Q) done.
der1b (2-e 1st deriv.) done.
  Geometry optimization step  29
  Total energy:     -1543.41479616484 hartrees
  energy change:          -5.8849E-05 .  (  5.0000E-05 )
  gradient maximum:        6.0154E-04 .  (  4.5000E-04 )
  gradient rms:            8.1323E-05 *  (  3.0000E-04 )
  displacement maximum:    5.5762E-03 .  (  1.8000E-03 )
  displacement rms:        9.6180E-04 *  (  1.2000E-03 )
  
  predicted energy change: -2.7330E-06
  step size:     0.01490
  trust radius:  0.30000
---------------- geometry iteration  29 complete ----------------
geopt (optimize geometry) done.
onee (1-electron integrals) done.
probe (project orbitals) done.
grid (grid generation) done.
rwr (Q operators) done.
  
       i  u  d  i  g
       t  p  i  c  r                                 RMS    maximum
       e  d  i  u  i                       energy  density   DIIS  
       r  t  s  t  d       total energy    change  change    error 
  
etot    1  N  N  2  U   -1543.35885784676           3.3E-05  7.6E-04
etot    2  N  Y  2  U   -1543.35893313050  7.5E-05  1.2E-05  1.5E-04
etot    3  N  Y  2  U   -1543.35891081943 -2.2E-05  8.8E-06  3.9E-04
etot    4  N  Y  2  U   -1543.35893809614  2.7E-05  1.1E-06  2.9E-05
etot    5  N  N  2  U   -1543.35893821868  1.2E-07  0.0E+00  0.0E+00
scf (DFT) done.
der1a (1-e 1st deriv.) done.
rwr (1st deriv. Q) done.
der1b (2-e 1st deriv.) done.
  Geometry optimization step  30
  Total energy:     -1543.41478108842 hartrees
  energy change:           1.5076E-05 *  (  5.0000E-05 )
  gradient maximum:        3.3512E-04 *  (  4.5000E-04 )
  gradient rms:            6.2654E-05 *  (  3.0000E-04 )
  displacement maximum:    8.8539E-03 .  (  1.8000E-03 )
  displacement rms:        1.8421E-03 .  (  1.2000E-03 )
  
  predicted energy change: -3.4280E-06
  step size:     0.02854
  trust radius:  0.30000
---------------- geometry iteration  30 complete ----------------
geopt (optimize geometry) done.
onee (1-electron integrals) done.
probe (project orbitals) done.
grid (grid generation) done.
rwr (Q operators) done.
  
       i  u  d  i  g
       t  p  i  c  r                                 RMS    maximum
       e  d  i  u  i                       energy  density   DIIS  
       r  t  s  t  d       total energy    change  change    error 
  
etot    1  N  N  2  U   -1543.35864569227           3.9E-05  1.1E-03
etot    2  N  Y  2  U   -1543.35889964176  2.5E-04  8.5E-06  6.5E-05
etot    3  N  Y  2  U   -1543.35889379260 -5.8E-06  6.2E-06  1.8E-04
etot    4  N  Y  2  U   -1543.35890119430  7.4E-06  1.7E-06  5.5E-05
etot    5  N  N  2  U   -1543.35890175785  5.6E-07  0.0E+00  0.0E+00
scf (DFT) done.
der1a (1-e 1st deriv.) done.
rwr (1st deriv. Q) done.
der1b (2-e 1st deriv.) done.
  Geometry optimization step  31
  Total energy:     -1543.41475781254 hartrees
  energy change:           2.3276E-05 *  (  5.0000E-05 )
  gradient maximum:        2.9862E-04 *  (  4.5000E-04 )
  gradient rms:            5.5305E-05 #  (  3.0000E-04 )
  displacement maximum:    5.2492E-03 .  (  1.8000E-03 )
  displacement rms:        7.5670E-04 *  (  1.2000E-03 )
  
  predicted energy change: -1.2789E-06
  step size:     0.01172
  trust radius:  0.30000
------------- final geometry iteration  31 complete -------------
geopt (optimize geometry) done.
cutabab2 (abab integrals) done.
der2a (1-e JK-1st deriv.) done.
der2b (2-e JK-1st deriv.) done.
der2nda (1-e 2nd deriv.) done.
der2ndb (2-e 2nd deriv.) done.
rwr (Q operators) done.
cphfa (gradient of wave function) done.
freq (vib. frequencies) done.
Job J1_9826_2111 completed on hpc-92-05.cm.cluster at Wed May 29 15:10:25 2024
Timer (jaguar_backend.py) : 3916.27 secs (1 hrs, 05 mins, 16 secs)
Finished:   Wed May 29 15:10:25 2024
