Command:  /groups/wag/programs/Schrodinger_2020_3/jaguar run -WAIT -PARALLEL 8 /central/home/labounad/wittig-ch121/out/J1_4559_2111/J1_4559_2111.in
Release:  2020-3
Exec:     /groups/wag/programs/Schrodinger_2020_3/jaguar-v10.9/bin/Linux-x86_64
Host:     hpc-89-14.cm.cluster
JobId:    hpc-89-14-0-66570144
JobDir:   /central/scratch/labounad/J1_4559_2111#hpc-89-14-0-66570144
Date:     Wed May 29 03:19:50 2024

Contents of /central/scratch/labounad/J1_4559_2111#hpc-89-14-0-66570144:
/central/scratch/labounad/J1_4559_2111#hpc-89-14-0-66570144/J1_4559_2111.recover
/central/scratch/labounad/J1_4559_2111#hpc-89-14-0-66570144/.write_dir.json
/central/scratch/labounad/J1_4559_2111#hpc-89-14-0-66570144/J1_4559_2111.in
/central/scratch/labounad/J1_4559_2111#hpc-89-14-0-66570144/hpc-89-14-0-66570144.nodes
/central/scratch/labounad/J1_4559_2111#hpc-89-14-0-66570144/hpc-89-14-0-66570144.recover
/central/scratch/labounad/J1_4559_2111#hpc-89-14-0-66570144/J1_4559_2111.log
/central/scratch/labounad/J1_4559_2111#hpc-89-14-0-66570144/hpc-89-14-0-66570144
/central/scratch/labounad/J1_4559_2111#hpc-89-14-0-66570144/hpc-89-14-0-66570144.mpinodes

Executing subprocess:
/groups/wag/programs/Schrodinger_2020_3/jaguar-v10.9/bin/Linux-x86_64/jexec J1_4559_2111.in -T 8 -out /central/scratch/labounad/J1_4559_2111#hpc-89-14-0-66570144 -cwd

Job J1_4559_2111 started on hpc-89-14.cm.cluster at Wed May 29 03:19:50 2024
jobid: hpc-89-14-0-66570144 
Jaguar version 10.9, release 139
 Using up to   8 threads per process
Molecular Point Group: C1      
Point Group used: C1
pre (input checking) done.
onee (1-electron integrals) done.
hfig (HF initial guess) done.
probe (project orbitals) done.
grid (grid generation) done.
rwr (Q operators) done.
scf type: DFT=PBE(X+LC)+PW91 (PBE-D3)
  
       i  u  d  i  g
       t  p  i  c  r                                 RMS    maximum
       e  d  i  u  i                       energy  density   DIIS  
       r  t  s  t  d       total energy    change  change    error 
  
etot    1  N  N  5  M    -344.15492546564           1.3E-02  1.5E-01
etot    2  Y  Y  6  M    -344.50775417443  3.5E-01  1.0E-02  1.2E-01
etot    3  Y  Y  6  M    -345.02953493128  5.2E-01  5.0E-03  9.2E-02
etot    4  N  Y  2  U    -345.25870090190  2.3E-01  2.4E-03  4.5E-02
etot    5  Y  Y  6  M    -345.33568542400  7.7E-02  9.2E-04  1.2E-02
etot    6  N  Y  2  U    -345.34300346829  7.3E-03  4.2E-04  4.4E-03
etot    7  Y  Y  6  M    -345.34430176519  1.3E-03  1.5E-04  1.8E-03
etot    8  Y  Y  6  M    -345.34451720879  2.2E-04  5.6E-05  7.8E-04
etot    9  Y  Y  6  M    -345.34453441519  1.7E-05  1.2E-05  1.2E-04
etot   10  N  Y  2  U    -345.34456032345  2.6E-05  3.6E-06  6.6E-05
etot   11  N  N  2  U    -345.34456050952  1.9E-07  0.0E+00  0.0E+00
scf (DFT) done.
der1a (1-e 1st deriv.) done.
rwr (1st deriv. Q) done.
der1b (2-e 1st deriv.) done.
  Geometry optimization step   1
  Total energy:      -345.35044602533 hartrees
  gradient maximum:        3.0071E-02 .  (  4.5000E-04 )
  gradient rms:            9.7215E-03 .  (  3.0000E-04 )
  displacement maximum:    1.0433E-01 .  (  1.8000E-03 )
  displacement rms:        3.8736E-02 .  (  1.2000E-03 )
  
  predicted energy change: -8.0374E-03
  step size:     0.25985
  trust radius:  0.30000
---------------- geometry iteration   1 complete ----------------
geopt (optimize geometry) done.
onee (1-electron integrals) done.
probe (project orbitals) done.
grid (grid generation) done.
rwr (Q operators) done.
  
       i  u  d  i  g
       t  p  i  c  r                                 RMS    maximum
       e  d  i  u  i                       energy  density   DIIS  
       r  t  s  t  d       total energy    change  change    error 
  
etot    1  N  N  2  U    -345.34679257011           7.2E-04  5.3E-03
etot    2  Y  Y  6  M    -345.35064588238  3.9E-03  4.2E-04  4.5E-03
etot    3  Y  Y  6  M    -345.34917015375 -1.5E-03  3.0E-04  9.1E-03
etot    4  N  Y  2  U    -345.35124049963  2.1E-03  6.4E-05  9.2E-04
etot    5  Y  Y  6  M    -345.35128438161  4.4E-05  1.8E-05  1.7E-04
etot    6  N  Y  2  U    -345.35129505129  1.1E-05  3.9E-06  5.7E-05
etot    7  N  N  2  U    -345.35129522266  1.7E-07  0.0E+00  0.0E+00
scf (DFT) done.
der1a (1-e 1st deriv.) done.
rwr (1st deriv. Q) done.
der1b (2-e 1st deriv.) done.
  Geometry optimization step   2
  Total energy:      -345.35719525256 hartrees
  energy change:          -6.7492E-03 .  (  5.0000E-05 )
  gradient maximum:        8.5361E-03 .  (  4.5000E-04 )
  gradient rms:            2.7034E-03 .  (  3.0000E-04 )
  displacement maximum:    1.0301E-01 .  (  1.8000E-03 )
  displacement rms:        3.2905E-02 .  (  1.2000E-03 )
  
  predicted energy change: -9.2441E-04
  step size:     0.22073
  trust radius:  0.30000
---------------- geometry iteration   2 complete ----------------
geopt (optimize geometry) done.
onee (1-electron integrals) done.
probe (project orbitals) done.
grid (grid generation) done.
rwr (Q operators) done.
  
       i  u  d  i  g
       t  p  i  c  r                                 RMS    maximum
       e  d  i  u  i                       energy  density   DIIS  
       r  t  s  t  d       total energy    change  change    error 
  
etot    1  N  N  2  U    -345.34411971091           8.9E-04  8.9E-03
etot    2  Y  Y  6  M    -345.35226883929  8.1E-03  1.5E-04  2.0E-03
etot    3  N  Y  2  U    -345.35231847935  5.0E-05  8.7E-05  1.2E-03
etot    4  Y  Y  6  M    -345.35239817538  8.0E-05  2.7E-05  4.9E-04
etot    5  N  Y  2  U    -345.35240871421  1.1E-05  7.8E-06  1.2E-04
etot    6  N  Y  2  U    -345.35240940555  6.9E-07  3.3E-06  5.9E-05
etot    7  N  N  2  U    -345.35240948497  7.9E-08  0.0E+00  0.0E+00
scf (DFT) done.
der1a (1-e 1st deriv.) done.
rwr (1st deriv. Q) done.
der1b (2-e 1st deriv.) done.
  Geometry optimization step   3
  Total energy:      -345.35834978829 hartrees
  energy change:          -1.1545E-03 .  (  5.0000E-05 )
  gradient maximum:        3.3934E-03 .  (  4.5000E-04 )
  gradient rms:            1.1969E-03 .  (  3.0000E-04 )
  displacement maximum:    1.7076E-01 .  (  1.8000E-03 )
  displacement rms:        3.9276E-02 .  (  1.2000E-03 )
  
  predicted energy change: -5.0710E-04
  step size:     0.26347
  trust radius:  0.30000
---------------- geometry iteration   3 complete ----------------
geopt (optimize geometry) done.
onee (1-electron integrals) done.
probe (project orbitals) done.
grid (grid generation) done.
rwr (Q operators) done.
  
       i  u  d  i  g
       t  p  i  c  r                                 RMS    maximum
       e  d  i  u  i                       energy  density   DIIS  
       r  t  s  t  d       total energy    change  change    error 
  
etot    1  N  N  2  U    -345.33166066007           1.5E-03  1.7E-02
etot    2  Y  Y  6  M    -345.35250453534  2.1E-02  3.4E-04  4.0E-03
etot    3  N  Y  2  U    -345.35175415318 -7.5E-04  2.7E-04  7.1E-03
etot    4  Y  Y  6  M    -345.35290613745  1.2E-03  9.3E-05  2.5E-03
etot    5  Y  Y  6  M    -345.35305772871  1.5E-04  2.2E-05  3.5E-04
etot    6  N  Y  2  U    -345.35309368298  3.6E-05  7.1E-06  7.5E-05
etot    7  N  Y  2  U    -345.35309399217  3.1E-07  3.4E-06  3.3E-05
etot    8  N  N  2  U    -345.35309402308  3.1E-08  0.0E+00  0.0E+00
scf (DFT) done.
der1a (1-e 1st deriv.) done.
rwr (1st deriv. Q) done.
der1b (2-e 1st deriv.) done.
  Geometry optimization step   4
  Total energy:      -345.35904791857 hartrees
  energy change:          -6.9813E-04 .  (  5.0000E-05 )
  gradient maximum:        4.8576E-03 .  (  4.5000E-04 )
  gradient rms:            1.4034E-03 .  (  3.0000E-04 )
  displacement maximum:    2.2424E-01 .  (  1.8000E-03 )
  displacement rms:        4.4724E-02 .  (  1.2000E-03 )
  
  predicted energy change: -6.4148E-04
  step size:     0.30002
  trust radius:  0.30000
---------------- geometry iteration   4 complete ----------------
geopt (optimize geometry) done.
onee (1-electron integrals) done.
probe (project orbitals) done.
grid (grid generation) done.
rwr (Q operators) done.
  
       i  u  d  i  g
       t  p  i  c  r                                 RMS    maximum
       e  d  i  u  i                       energy  density   DIIS  
       r  t  s  t  d       total energy    change  change    error 
  
etot    1  N  N  2  U    -345.32086751031           1.9E-03  2.1E-02
etot    2  Y  Y  6  M    -345.35258759353  3.2E-02  5.7E-04  5.3E-03
etot    3  N  Y  2  U    -345.34946543270 -3.1E-03  4.5E-04  1.4E-02
etot    4  Y  Y  6  M    -345.35360237452  4.1E-03  1.0E-04  2.5E-03
etot    5  Y  Y  6  M    -345.35376259841  1.6E-04  2.4E-05  3.2E-04
etot    6  N  Y  2  U    -345.35382493505  6.2E-05  9.8E-06  1.3E-04
etot    7  N  Y  2  U    -345.35382548927  5.5E-07  4.8E-06  6.1E-05
etot    8  N  N  2  U    -345.35382554485  5.6E-08  0.0E+00  0.0E+00
scf (DFT) done.
der1a (1-e 1st deriv.) done.
rwr (1st deriv. Q) done.
der1b (2-e 1st deriv.) done.
  Geometry optimization step   5
  Total energy:      -345.35977753137 hartrees
  energy change:          -7.2961E-04 .  (  5.0000E-05 )
  gradient maximum:        4.0122E-03 .  (  4.5000E-04 )
  gradient rms:            1.6132E-03 .  (  3.0000E-04 )
  displacement maximum:    2.1750E-01 .  (  1.8000E-03 )
  displacement rms:        4.4724E-02 .  (  1.2000E-03 )
  
  predicted energy change: -4.8684E-04
  step size:     0.30002
  trust radius:  0.30000
---------------- geometry iteration   5 complete ----------------
geopt (optimize geometry) done.
onee (1-electron integrals) done.
probe (project orbitals) done.
grid (grid generation) done.
rwr (Q operators) done.
  
       i  u  d  i  g
       t  p  i  c  r                                 RMS    maximum
       e  d  i  u  i                       energy  density   DIIS  
       r  t  s  t  d       total energy    change  change    error 
  
etot    1  N  N  2  U    -345.32433234051           1.8E-03  1.9E-02
etot    2  Y  Y  6  M    -345.35325719947  2.9E-02  5.3E-04  5.3E-03
etot    3  N  Y  2  U    -345.35077503939 -2.5E-03  4.1E-04  1.1E-02
etot    4  Y  Y  6  M    -345.35408386491  3.3E-03  9.9E-05  2.2E-03
etot    5  Y  Y  6  M    -345.35424368274  1.6E-04  2.1E-05  2.1E-04
etot    6  N  Y  2  U    -345.35431047349  6.7E-05  8.2E-06  1.0E-04
etot    7  N  Y  2  U    -345.35431095222  4.8E-07  4.0E-06  4.9E-05
etot    8  N  N  2  U    -345.35431100522  5.3E-08  0.0E+00  0.0E+00
scf (DFT) done.
der1a (1-e 1st deriv.) done.
rwr (1st deriv. Q) done.
der1b (2-e 1st deriv.) done.
  Geometry optimization step   6
  Total energy:      -345.36025298705 hartrees
  energy change:          -4.7546E-04 .  (  5.0000E-05 )
  gradient maximum:        3.3820E-03 .  (  4.5000E-04 )
  gradient rms:            1.2921E-03 .  (  3.0000E-04 )
  displacement maximum:    5.0641E-02 .  (  1.8000E-03 )
  displacement rms:        1.6277E-02 .  (  1.2000E-03 )
  
  predicted energy change: -1.9903E-04
  step size:     0.10919
  trust radius:  0.30000
---------------- geometry iteration   6 complete ----------------
geopt (optimize geometry) done.
onee (1-electron integrals) done.
probe (project orbitals) done.
grid (grid generation) done.
rwr (Q operators) done.
  
       i  u  d  i  g
       t  p  i  c  r                                 RMS    maximum
       e  d  i  u  i                       energy  density   DIIS  
       r  t  s  t  d       total energy    change  change    error 
  
etot    1  N  N  2  U    -345.35337925124           3.4E-04  3.0E-03
etot    2  Y  Y  6  M    -345.35456608824  1.2E-03  6.8E-05  3.8E-04
etot    3  Y  Y  6  M    -345.35456476929 -1.3E-06  4.7E-05  6.2E-04
etot    4  N  Y  2  U    -345.35460076647  3.6E-05  1.7E-05  4.1E-04
etot    5  N  Y  2  U    -345.35460580406  5.0E-06  5.4E-06  1.2E-04
etot    6  N  Y  2  U    -345.35460644194  6.4E-07  2.3E-06  1.4E-05
etot    7  N  N  2  U    -345.35460644470  2.8E-09  0.0E+00  0.0E+00
scf (DFT) done.
der1a (1-e 1st deriv.) done.
rwr (1st deriv. Q) done.
der1b (2-e 1st deriv.) done.
  Geometry optimization step   7
  Total energy:      -345.36054094291 hartrees
  energy change:          -2.8796E-04 .  (  5.0000E-05 )
  gradient maximum:        1.3973E-03 .  (  4.5000E-04 )
  gradient rms:            6.1246E-04 .  (  3.0000E-04 )
  displacement maximum:    8.3663E-02 .  (  1.8000E-03 )
  displacement rms:        2.9004E-02 .  (  1.2000E-03 )
  
  predicted energy change: -1.3351E-04
  step size:     0.19457
  trust radius:  0.30000
---------------- geometry iteration   7 complete ----------------
geopt (optimize geometry) done.
onee (1-electron integrals) done.
probe (project orbitals) done.
grid (grid generation) done.
rwr (Q operators) done.
  
       i  u  d  i  g
       t  p  i  c  r                                 RMS    maximum
       e  d  i  u  i                       energy  density   DIIS  
       r  t  s  t  d       total energy    change  change    error 
  
etot    1  N  N  2  U    -345.35130207591           6.3E-04  4.2E-03
etot    2  Y  Y  6  M    -345.35468895463  3.4E-03  1.3E-04  8.2E-04
etot    3  Y  Y  6  M    -345.35465488794 -3.4E-05  9.5E-05  1.7E-03
etot    4  N  Y  2  U    -345.35476274214  1.1E-04  3.4E-05  8.5E-04
etot    5  N  Y  2  U    -345.35478326072  2.1E-05  1.1E-05  1.9E-04
etot    6  N  Y  2  U    -345.35478532026  2.1E-06  4.3E-06  3.4E-05
etot    7  N  N  2  U    -345.35478536818  4.8E-08  0.0E+00  0.0E+00
scf (DFT) done.
der1a (1-e 1st deriv.) done.
rwr (1st deriv. Q) done.
der1b (2-e 1st deriv.) done.
  Geometry optimization step   8
  Total energy:      -345.36073373602 hartrees
  energy change:          -1.9279E-04 .  (  5.0000E-05 )
  gradient maximum:        1.7473E-03 .  (  4.5000E-04 )
  gradient rms:            6.4469E-04 .  (  3.0000E-04 )
  displacement maximum:    1.1632E-01 .  (  1.8000E-03 )
  displacement rms:        3.9412E-02 .  (  1.2000E-03 )
  
  predicted energy change: -1.2028E-04
  step size:     0.26438
  trust radius:  0.30000
---------------- geometry iteration   8 complete ----------------
geopt (optimize geometry) done.
onee (1-electron integrals) done.
probe (project orbitals) done.
grid (grid generation) done.
rwr (Q operators) done.
  
       i  u  d  i  g
       t  p  i  c  r                                 RMS    maximum
       e  d  i  u  i                       energy  density   DIIS  
       r  t  s  t  d       total energy    change  change    error 
  
etot    1  N  N  2  U    -345.34916174704           8.1E-04  5.9E-03
etot    2  Y  Y  6  M    -345.35489543645  5.7E-03  1.8E-04  1.1E-03
etot    3  N  Y  2  U    -345.35475885707 -1.4E-04  1.3E-04  2.3E-03
etot    4  Y  Y  6  M    -345.35495408551  2.0E-04  4.0E-05  9.8E-04
etot    5  N  Y  2  U    -345.35497682284  2.3E-05  1.5E-05  3.3E-04
etot    6  N  Y  2  U    -345.35498155699  4.7E-06  4.9E-06  4.3E-05
etot    7  N  N  2  U    -345.35498164737  9.0E-08  0.0E+00  0.0E+00
scf (DFT) done.
der1a (1-e 1st deriv.) done.
rwr (1st deriv. Q) done.
der1b (2-e 1st deriv.) done.
  Geometry optimization step   9
  Total energy:      -345.36096123658 hartrees
  energy change:          -2.2750E-04 .  (  5.0000E-05 )
  gradient maximum:        2.3847E-03 .  (  4.5000E-04 )
  gradient rms:            9.5095E-04 .  (  3.0000E-04 )
  displacement maximum:    1.3119E-01 .  (  1.8000E-03 )
  displacement rms:        4.4719E-02 .  (  1.2000E-03 )
  
  predicted energy change: -2.5366E-04
  step size:     0.29998
  trust radius:  0.30000
---------------- geometry iteration   9 complete ----------------
geopt (optimize geometry) done.
onee (1-electron integrals) done.
probe (project orbitals) done.
grid (grid generation) done.
rwr (Q operators) done.
  
       i  u  d  i  g
       t  p  i  c  r                                 RMS    maximum
       e  d  i  u  i                       energy  density   DIIS  
       r  t  s  t  d       total energy    change  change    error 
  
etot    1  N  N  2  U    -345.34711254802           9.4E-04  6.9E-03
etot    2  Y  Y  6  M    -345.35523546969  8.1E-03  2.1E-04  1.1E-03
etot    3  N  Y  2  U    -345.35495930741 -2.8E-04  1.5E-04  2.4E-03
etot    4  Y  Y  6  M    -345.35522556263  2.7E-04  4.6E-05  1.0E-03
etot    5  N  Y  2  U    -345.35525331460  2.8E-05  1.8E-05  4.0E-04
etot    6  N  Y  2  U    -345.35526040865  7.1E-06  5.7E-06  5.6E-05
etot    7  N  Y  2  U    -345.35526055429  1.5E-07  3.4E-06  1.5E-05
etot    8  N  N  2  U    -345.35526057544  2.1E-08  0.0E+00  0.0E+00
scf (DFT) done.
der1a (1-e 1st deriv.) done.
rwr (1st deriv. Q) done.
der1b (2-e 1st deriv.) done.
  Geometry optimization step  10
  Total energy:      -345.36129570568 hartrees
  energy change:          -3.3447E-04 .  (  5.0000E-05 )
  gradient maximum:        2.7940E-03 .  (  4.5000E-04 )
  gradient rms:            1.0024E-03 .  (  3.0000E-04 )
  displacement maximum:    1.2990E-01 .  (  1.8000E-03 )
  displacement rms:        4.4711E-02 .  (  1.2000E-03 )
  
  predicted energy change: -2.7928E-04
  step size:     0.29993
  trust radius:  0.30000
---------------- geometry iteration  10 complete ----------------
geopt (optimize geometry) done.
onee (1-electron integrals) done.
probe (project orbitals) done.
grid (grid generation) done.
rwr (Q operators) done.
  
       i  u  d  i  g
       t  p  i  c  r                                 RMS    maximum
       e  d  i  u  i                       energy  density   DIIS  
       r  t  s  t  d       total energy    change  change    error 
  
etot    1  N  N  2  U    -345.34514745200           1.0E-03  8.3E-03
etot    2  Y  Y  6  M    -345.35551093888  1.0E-02  2.0E-04  1.3E-03
etot    3  N  Y  2  U    -345.35521620612 -2.9E-04  1.4E-04  2.0E-03
etot    4  Y  Y  6  M    -345.35543835235  2.2E-04  4.7E-05  7.5E-04
etot    5  N  Y  2  U    -345.35547037115  3.2E-05  1.8E-05  3.8E-04
etot    6  N  Y  2  U    -345.35547787326  7.5E-06  5.7E-06  6.3E-05
etot    7  N  Y  2  U    -345.35547804985  1.8E-07  3.3E-06  2.0E-05
etot    8  N  N  2  U    -345.35547808055  3.1E-08  0.0E+00  0.0E+00
scf (DFT) done.
der1a (1-e 1st deriv.) done.
rwr (1st deriv. Q) done.
der1b (2-e 1st deriv.) done.
  Geometry optimization step  11
  Total energy:      -345.36158421071 hartrees
  energy change:          -2.8851E-04 .  (  5.0000E-05 )
  gradient maximum:        2.6266E-03 .  (  4.5000E-04 )
  gradient rms:            9.4033E-04 .  (  3.0000E-04 )
  displacement maximum:    9.5464E-02 .  (  1.8000E-03 )
  displacement rms:        3.3943E-02 .  (  1.2000E-03 )
  
  predicted energy change: -8.1236E-05
  step size:     0.22770
  trust radius:  0.30000
---------------- geometry iteration  11 complete ----------------
geopt (optimize geometry) done.
onee (1-electron integrals) done.
probe (project orbitals) done.
grid (grid generation) done.
rwr (Q operators) done.
  
       i  u  d  i  g
       t  p  i  c  r                                 RMS    maximum
       e  d  i  u  i                       energy  density   DIIS  
       r  t  s  t  d       total energy    change  change    error 
  
etot    1  N  N  2  U    -345.35097635593           7.3E-04  5.6E-03
etot    2  Y  Y  6  M    -345.35556958282  4.6E-03  1.8E-04  1.0E-03
etot    3  Y  Y  6  M    -345.35539918336 -1.7E-04  1.2E-04  2.2E-03
etot    4  N  Y  2  U    -345.35547639549  7.7E-05  3.7E-05  6.9E-04
etot    5  N  Y  2  U    -345.35549489743  1.9E-05  1.4E-05  2.2E-04
etot    6  N  Y  2  U    -345.35549873509  3.8E-06  4.5E-06  5.2E-05
etot    7  N  N  2  U    -345.35549884625  1.1E-07  0.0E+00  0.0E+00
scf (DFT) done.
der1a (1-e 1st deriv.) done.
rwr (1st deriv. Q) done.
der1b (2-e 1st deriv.) done.
  Geometry optimization step  12
  Total energy:      -345.36164654372 hartrees
  energy change:          -6.2333E-05 .  (  5.0000E-05 )
  gradient maximum:        3.5923E-03 .  (  4.5000E-04 )
  gradient rms:            9.5543E-04 .  (  3.0000E-04 )
  displacement maximum:    4.3036E-02 .  (  1.8000E-03 )
  displacement rms:        1.6015E-02 .  (  1.2000E-03 )
  
  predicted energy change: -1.8078E-04
  step size:     0.10743
  trust radius:  0.30000
---------------- geometry iteration  12 complete ----------------
geopt (optimize geometry) done.
onee (1-electron integrals) done.
probe (project orbitals) done.
grid (grid generation) done.
rwr (Q operators) done.
  
       i  u  d  i  g
       t  p  i  c  r                                 RMS    maximum
       e  d  i  u  i                       energy  density   DIIS  
       r  t  s  t  d       total energy    change  change    error 
  
etot    1  N  N  2  U    -345.35435260828           3.7E-04  3.5E-03
etot    2  Y  Y  6  M    -345.35550061979  1.1E-03  1.1E-04  7.1E-04
etot    3  Y  Y  6  M    -345.35542663626 -7.4E-05  7.7E-05  1.5E-03
etot    4  Y  Y  6  M    -345.35552892702  1.0E-04  2.0E-05  3.7E-04
etot    5  N  Y  2  U    -345.35556985036  4.1E-05  6.1E-06  8.0E-05
etot    6  N  Y  2  U    -345.35557040192  5.5E-07  1.9E-06  2.2E-05
etot    7  N  N  2  U    -345.35557043595  3.4E-08  0.0E+00  0.0E+00
scf (DFT) done.
der1a (1-e 1st deriv.) done.
rwr (1st deriv. Q) done.
der1b (2-e 1st deriv.) done.
  Geometry optimization step  13
  Total energy:      -345.36170795078 hartrees
  energy change:          -6.1407E-05 .  (  5.0000E-05 )
  gradient maximum:        2.1832E-03 .  (  4.5000E-04 )
  gradient rms:            8.9534E-04 .  (  3.0000E-04 )
  displacement maximum:    1.8710E-02 .  (  1.8000E-03 )
  displacement rms:        5.3285E-03 .  (  1.2000E-03 )
  
  predicted energy change: -6.3592E-05
  step size:     0.03574
  trust radius:  0.30000
---------------- geometry iteration  13 complete ----------------
geopt (optimize geometry) done.
onee (1-electron integrals) done.
probe (project orbitals) done.
grid (grid generation) done.
rwr (Q operators) done.
  
       i  u  d  i  g
       t  p  i  c  r                                 RMS    maximum
       e  d  i  u  i                       energy  density   DIIS  
       r  t  s  t  d       total energy    change  change    error 
  
etot    1  N  N  2  U    -345.35548477197           1.4E-04  9.9E-04
etot    2  Y  Y  6  M    -345.35563420737  1.5E-04  2.8E-05  2.0E-04
etot    3  N  Y  2  U    -345.35564184470  7.6E-06  1.9E-05  2.6E-04
etot    4  N  Y  2  U    -345.35564745245  5.6E-06  7.6E-06  1.4E-04
etot    5  N  Y  2  U    -345.35564822549  7.7E-07  2.6E-06  5.1E-05
etot    6  N  N  2  U    -345.35564835413  1.3E-07  0.0E+00  0.0E+00
scf (DFT) done.
der1a (1-e 1st deriv.) done.
rwr (1st deriv. Q) done.
der1b (2-e 1st deriv.) done.
  Geometry optimization step  14
  Total energy:      -345.36177320557 hartrees
  energy change:          -6.5255E-05 .  (  5.0000E-05 )
  gradient maximum:        3.5007E-04 *  (  4.5000E-04 )
  gradient rms:            1.4087E-04 *  (  3.0000E-04 )
  displacement maximum:    2.5318E-02 .  (  1.8000E-03 )
  displacement rms:        7.8102E-03 .  (  1.2000E-03 )
  
  predicted energy change: -7.8457E-06
  step size:     0.05239
  trust radius:  0.30000
---------------- geometry iteration  14 complete ----------------
geopt (optimize geometry) done.
onee (1-electron integrals) done.
probe (project orbitals) done.
grid (grid generation) done.
rwr (Q operators) done.
  
       i  u  d  i  g
       t  p  i  c  r                                 RMS    maximum
       e  d  i  u  i                       energy  density   DIIS  
       r  t  s  t  d       total energy    change  change    error 
  
etot    1  N  N  2  U    -345.35534726806           1.7E-04  1.3E-03
etot    2  Y  Y  6  M    -345.35567770842  3.3E-04  4.3E-05  2.4E-04
etot    3  N  Y  2  U    -345.35564254323 -3.5E-05  3.2E-05  6.8E-04
etot    4  N  Y  2  U    -345.35565897724  1.6E-05  8.1E-06  1.5E-04
etot    5  N  Y  2  U    -345.35566030631  1.3E-06  2.3E-06  3.2E-05
etot    6  N  N  2  U    -345.35566021409 -9.2E-08  0.0E+00  0.0E+00
scf (DFT) done.
der1a (1-e 1st deriv.) done.
rwr (1st deriv. Q) done.
der1b (2-e 1st deriv.) done.
  Geometry optimization step  15
  Total energy:      -345.36179419843 hartrees
  energy change:          -2.0993E-05 *  (  5.0000E-05 )
  gradient maximum:        4.5037E-04 .  (  4.5000E-04 )
  gradient rms:            1.1138E-04 *  (  3.0000E-04 )
  displacement maximum:    8.9136E-03 .  (  1.8000E-03 )
  displacement rms:        2.9354E-03 .  (  1.2000E-03 )
  
  predicted energy change: -3.0262E-06
  step size:     0.01969
  trust radius:  0.30000
---------------- geometry iteration  15 complete ----------------
geopt (optimize geometry) done.
onee (1-electron integrals) done.
probe (project orbitals) done.
grid (grid generation) done.
rwr (Q operators) done.
  
       i  u  d  i  g
       t  p  i  c  r                                 RMS    maximum
       e  d  i  u  i                       energy  density   DIIS  
       r  t  s  t  d       total energy    change  change    error 
  
etot    1  N  N  2  U    -345.35561021267           7.9E-05  6.2E-04
etot    2  Y  Y  6  M    -345.35567084910  6.1E-05  1.0E-05  1.2E-04
etot    3  N  Y  2  U    -345.35566972847 -1.1E-06  7.6E-06  9.8E-05
etot    4  N  Y  2  U    -345.35566988272  1.5E-07  3.7E-06  8.8E-05
etot    5  N  N  2  U    -345.35567020264  3.2E-07  0.0E+00  0.0E+00
scf (DFT) done.
der1a (1-e 1st deriv.) done.
rwr (1st deriv. Q) done.
der1b (2-e 1st deriv.) done.
  Geometry optimization step  16
  Total energy:      -345.36180099477 hartrees
  energy change:          -6.7963E-06 *  (  5.0000E-05 )
  gradient maximum:        1.1586E-04 *  (  4.5000E-04 )
  gradient rms:            5.5208E-05 #  (  3.0000E-04 )
  displacement maximum:    1.4352E-02 .  (  1.8000E-03 )
  displacement rms:        4.3170E-03 .  (  1.2000E-03 )
  
  predicted energy change: -1.7193E-06
  step size:     0.02896
  trust radius:  0.30000
---------------- geometry iteration  16 complete ----------------
geopt (optimize geometry) done.
onee (1-electron integrals) done.
probe (project orbitals) done.
grid (grid generation) done.
rwr (Q operators) done.
  
       i  u  d  i  g
       t  p  i  c  r                                 RMS    maximum
       e  d  i  u  i                       energy  density   DIIS  
       r  t  s  t  d       total energy    change  change    error 
  
etot    1  N  N  2  U    -345.35559355660           8.7E-05  7.7E-04
etot    2  Y  Y  6  M    -345.35568351302  9.0E-05  2.2E-05  1.3E-04
etot    3  N  Y  2  U    -345.35567075715 -1.3E-05  1.6E-05  3.8E-04
etot    4  N  Y  2  U    -345.35567614465  5.4E-06  3.0E-06  4.6E-05
etot    5  N  N  2  U    -345.35567625641  1.1E-07  0.0E+00  0.0E+00
scf (DFT) done.
der1a (1-e 1st deriv.) done.
rwr (1st deriv. Q) done.
der1b (2-e 1st deriv.) done.
  Geometry optimization step  17
  Total energy:      -345.36180877680 hartrees
  energy change:          -7.7820E-06 *  (  5.0000E-05 )
  gradient maximum:        1.1823E-04 *  (  4.5000E-04 )
  gradient rms:            3.3306E-05 #  (  3.0000E-04 )
  displacement maximum:    1.5058E-03 *  (  1.8000E-03 )
  displacement rms:        4.4348E-04 *  (  1.2000E-03 )
  
  predicted energy change: -1.0534E-07
  step size:     0.00297
  trust radius:  0.30000
------------- final geometry iteration  17 complete -------------
geopt (optimize geometry) done.
cutabab2 (abab integrals) done.
der2a (1-e JK-1st deriv.) done.
der2b (2-e JK-1st deriv.) done.
der2nda (1-e 2nd deriv.) done.
der2ndb (2-e 2nd deriv.) done.
rwr (Q operators) done.
cphfa (gradient of wave function) done.
freq (vib. frequencies) done.
Job J1_4559_2111 completed on hpc-89-14.cm.cluster at Wed May 29 03:24:34 2024
Timer (jaguar_backend.py) : 284.90 secs (0 hrs, 04 mins, 44 secs)
Finished:   Wed May 29 03:24:34 2024
