Command:  /groups/wag/programs/Schrodinger_2020_3/jaguar run -WAIT -PARALLEL 8 /central/home/labounad/wittig-ch121/out/J1_9745_2111/J1_9745_2111.in
Release:  2020-3
Exec:     /groups/wag/programs/Schrodinger_2020_3/jaguar-v10.9/bin/Linux-x86_64
Host:     hpc-93-19.cm.cluster
JobId:    hpc-93-19-0-6656fada
JobDir:   /central/scratch/labounad/J1_9745_2111#hpc-93-19-0-6656fada
Date:     Wed May 29 02:52:28 2024

Contents of /central/scratch/labounad/J1_9745_2111#hpc-93-19-0-6656fada:
/central/scratch/labounad/J1_9745_2111#hpc-93-19-0-6656fada/.write_dir.json
/central/scratch/labounad/J1_9745_2111#hpc-93-19-0-6656fada/hpc-93-19-0-6656fada.recover
/central/scratch/labounad/J1_9745_2111#hpc-93-19-0-6656fada/J1_9745_2111.in
/central/scratch/labounad/J1_9745_2111#hpc-93-19-0-6656fada/J1_9745_2111.recover
/central/scratch/labounad/J1_9745_2111#hpc-93-19-0-6656fada/hpc-93-19-0-6656fada.nodes
/central/scratch/labounad/J1_9745_2111#hpc-93-19-0-6656fada/hpc-93-19-0-6656fada.mpinodes
/central/scratch/labounad/J1_9745_2111#hpc-93-19-0-6656fada/hpc-93-19-0-6656fada
/central/scratch/labounad/J1_9745_2111#hpc-93-19-0-6656fada/J1_9745_2111.log

Executing subprocess:
/groups/wag/programs/Schrodinger_2020_3/jaguar-v10.9/bin/Linux-x86_64/jexec J1_9745_2111.in -T 8 -out /central/scratch/labounad/J1_9745_2111#hpc-93-19-0-6656fada -cwd

Job J1_9745_2111 started on hpc-93-19.cm.cluster at Wed May 29 02:52:28 2024
jobid: hpc-93-19-0-6656fada 
Jaguar version 10.9, release 139
 Using up to   8 threads per process
Molecular Point Group: C1      
Point Group used: C1
pre (input checking) done.
onee (1-electron integrals) done.
hfig (HF initial guess) done.
probe (project orbitals) done.
grid (grid generation) done.
rwr (Q operators) done.
scf type: DFT=PBE(X+LC)+PW91 (PBE-D3)
  
       i  u  d  i  g
       t  p  i  c  r                                 RMS    maximum
       e  d  i  u  i                       energy  density   DIIS  
       r  t  s  t  d       total energy    change  change    error 
  
etot    1  N  N  5  M    -997.40115824099           5.6E-03  1.2E-01
etot    2  Y  Y  6  M    -998.46045463575  1.1E+00  1.0E-02  7.4E-02
etot    3  Y  Y  6  M    -992.71769146037 -5.7E+00  9.1E-03  1.6E-01
etot    4  N  Y  2  U    -999.31153669134  6.6E+00  2.6E-03  8.3E-02
etot    5  Y  Y  6  M    -999.42064324290  1.1E-01  1.3E-03  3.4E-02
etot    6  N  Y  2  U    -999.46220371398  4.2E-02  6.9E-04  2.6E-02
etot    7  Y  Y  6  M    -999.47771319340  1.6E-02  4.3E-04  1.5E-02
etot    8  N  Y  2  U    -999.48738518720  9.7E-03  1.4E-04  3.3E-03
etot    9  Y  Y  6  M    -999.48875563771  1.4E-03  5.3E-05  1.3E-03
etot   10  Y  Y  6  M    -999.48888840403  1.3E-04  2.2E-05  4.3E-04
etot   11  N  Y  2  U    -999.48876833315 -1.2E-04  8.7E-06  1.3E-04
etot   12  N  Y  2  U    -999.48877128735  3.0E-06  4.4E-06  9.7E-05
etot   13  N  N  2  U    -999.48877161239  3.3E-07  0.0E+00  0.0E+00
scf (DFT) done.
der1a (1-e 1st deriv.) done.
rwr (1st deriv. Q) done.
der1b (2-e 1st deriv.) done.
  Geometry optimization step   1
  Total energy:      -999.51098285940 hartrees
  gradient maximum:        5.6445E-02 .  (  4.5000E-04 )
  gradient rms:            1.1103E-02 .  (  3.0000E-04 )
  displacement maximum:    1.4667E-01 .  (  1.8000E-03 )
  displacement rms:        2.7083E-02 .  (  1.2000E-03 )
  
  predicted energy change: -2.0371E-02
  step size:     0.30037
  trust radius:  0.30000
---------------- geometry iteration   1 complete ----------------
geopt (optimize geometry) done.
onee (1-electron integrals) done.
probe (project orbitals) done.
grid (grid generation) done.
rwr (Q operators) done.
  
       i  u  d  i  g
       t  p  i  c  r                                 RMS    maximum
       e  d  i  u  i                       energy  density   DIIS  
       r  t  s  t  d       total energy    change  change    error 
  
etot    1  N  N  2  U    -999.49075171708           1.6E-03  1.7E-02
etot    2  Y  Y  6  M    -999.50623964397  1.5E-02  2.4E-04  2.3E-03
etot    3  N  Y  2  U    -999.50484784732 -1.4E-03  1.8E-04  5.2E-03
etot    4  Y  Y  6  M    -999.50695735058  2.1E-03  3.7E-05  1.3E-03
etot    5  N  Y  2  U    -999.50715353363  2.0E-04  1.0E-05  3.8E-04
etot    6  N  Y  2  U    -999.50716116955  7.6E-06  4.7E-06  1.4E-04
etot    7  N  N  2  U    -999.50716207397  9.0E-07  0.0E+00  0.0E+00
scf (DFT) done.
der1a (1-e 1st deriv.) done.
rwr (1st deriv. Q) done.
der1b (2-e 1st deriv.) done.
  Geometry optimization step   2
  Total energy:      -999.52883932162 hartrees
  energy change:          -1.7856E-02 .  (  5.0000E-05 )
  gradient maximum:        9.8859E-03 .  (  4.5000E-04 )
  gradient rms:            2.2492E-03 .  (  3.0000E-04 )
  displacement maximum:    1.6115E-01 .  (  1.8000E-03 )
  displacement rms:        2.7126E-02 .  (  1.2000E-03 )
  
  predicted energy change: -1.8368E-03
  step size:     0.30084
  trust radius:  0.30000
---------------- geometry iteration   2 complete ----------------
geopt (optimize geometry) done.
onee (1-electron integrals) done.
probe (project orbitals) done.
grid (grid generation) done.
rwr (Q operators) done.
  
       i  u  d  i  g
       t  p  i  c  r                                 RMS    maximum
       e  d  i  u  i                       energy  density   DIIS  
       r  t  s  t  d       total energy    change  change    error 
  
etot    1  N  N  2  U    -999.47557153986           6.9E-04  2.5E-02
etot    2  Y  Y  6  M    -999.50864084780  3.3E-02  2.3E-04  2.1E-03
etot    3  N  Y  2  U    -999.50696199346 -1.7E-03  1.8E-04  4.8E-03
etot    4  Y  Y  6  M    -999.50888246833  1.9E-03  2.9E-05  9.8E-04
etot    5  N  Y  2  U    -999.50893601014  5.4E-05  1.3E-05  4.8E-04
etot    6  N  Y  2  U    -999.50894835877  1.2E-05  4.4E-06  7.0E-05
etot    7  N  N  2  U    -999.50894858527  2.3E-07  0.0E+00  0.0E+00
scf (DFT) done.
der1a (1-e 1st deriv.) done.
rwr (1st deriv. Q) done.
der1b (2-e 1st deriv.) done.
  Geometry optimization step   3
  Total energy:      -999.53075960244 hartrees
  energy change:          -1.9203E-03 .  (  5.0000E-05 )
  gradient maximum:        2.9600E-03 .  (  4.5000E-04 )
  gradient rms:            8.3322E-04 .  (  3.0000E-04 )
  displacement maximum:    1.6460E-01 .  (  1.8000E-03 )
  displacement rms:        2.7050E-02 .  (  1.2000E-03 )
  
  predicted energy change: -6.8665E-04
  step size:     0.30000
  trust radius:  0.30000
---------------- geometry iteration   3 complete ----------------
geopt (optimize geometry) done.
onee (1-electron integrals) done.
probe (project orbitals) done.
grid (grid generation) done.
rwr (Q operators) done.
  
       i  u  d  i  g
       t  p  i  c  r                                 RMS    maximum
       e  d  i  u  i                       energy  density   DIIS  
       r  t  s  t  d       total energy    change  change    error 
  
etot    1  N  N  2  U    -999.47130867445           7.2E-04  2.3E-02
etot    2  Y  Y  6  M    -999.50938922598  3.8E-02  1.3E-04  1.5E-03
etot    3  N  Y  2  U    -999.50876027962 -6.3E-04  1.0E-04  2.6E-03
etot    4  Y  Y  6  M    -999.50940942062  6.5E-04  2.8E-05  7.5E-04
etot    5  N  Y  2  U    -999.50946149374  5.2E-05  8.9E-06  2.1E-04
etot    6  N  Y  2  U    -999.50946661110  5.1E-06  5.0E-06  7.3E-05
etot    7  N  N  2  U    -999.50946688023  2.7E-07  0.0E+00  0.0E+00
scf (DFT) done.
der1a (1-e 1st deriv.) done.
rwr (1st deriv. Q) done.
der1b (2-e 1st deriv.) done.
  Geometry optimization step   4
  Total energy:      -999.53142028016 hartrees
  energy change:          -6.6068E-04 .  (  5.0000E-05 )
  gradient maximum:        3.0620E-03 .  (  4.5000E-04 )
  gradient rms:            7.3275E-04 .  (  3.0000E-04 )
  displacement maximum:    9.9284E-02 .  (  1.8000E-03 )
  displacement rms:        1.5644E-02 .  (  1.2000E-03 )
  
  predicted energy change: -2.1238E-04
  step size:     0.17350
  trust radius:  0.30000
---------------- geometry iteration   4 complete ----------------
geopt (optimize geometry) done.
onee (1-electron integrals) done.
probe (project orbitals) done.
grid (grid generation) done.
rwr (Q operators) done.
  
       i  u  d  i  g
       t  p  i  c  r                                 RMS    maximum
       e  d  i  u  i                       energy  density   DIIS  
       r  t  s  t  d       total energy    change  change    error 
  
etot    1  N  N  2  U    -999.50036878734           3.6E-04  1.2E-02
etot    2  Y  Y  6  M    -999.50982394311  9.5E-03  7.3E-05  6.7E-04
etot    3  N  Y  2  U    -999.50966850435 -1.6E-04  5.8E-05  1.1E-03
etot    4  Y  Y  6  M    -999.50983683537  1.7E-04  1.3E-05  3.6E-04
etot    5  N  Y  2  U    -999.50984460939  7.8E-06  4.3E-06  9.4E-05
etot    6  N  N  2  U    -999.50984580374  1.2E-06  0.0E+00  0.0E+00
scf (DFT) done.
der1a (1-e 1st deriv.) done.
rwr (1st deriv. Q) done.
der1b (2-e 1st deriv.) done.
  Geometry optimization step   5
  Total energy:      -999.53177596862 hartrees
  energy change:          -3.5569E-04 .  (  5.0000E-05 )
  gradient maximum:        2.8920E-03 .  (  4.5000E-04 )
  gradient rms:            6.0057E-04 .  (  3.0000E-04 )
  displacement maximum:    1.4634E-01 .  (  1.8000E-03 )
  displacement rms:        2.0555E-02 .  (  1.2000E-03 )
  
  predicted energy change: -2.5100E-04
  step size:     0.22796
  trust radius:  0.30000
---------------- geometry iteration   5 complete ----------------
geopt (optimize geometry) done.
onee (1-electron integrals) done.
probe (project orbitals) done.
grid (grid generation) done.
rwr (Q operators) done.
  
       i  u  d  i  g
       t  p  i  c  r                                 RMS    maximum
       e  d  i  u  i                       energy  density   DIIS  
       r  t  s  t  d       total energy    change  change    error 
  
etot    1  N  N  2  U    -999.49754656297           4.2E-04  9.9E-03
etot    2  Y  Y  6  M    -999.51025230444  1.3E-02  6.3E-05  5.0E-04
etot    3  N  Y  2  U    -999.51009133735 -1.6E-04  4.9E-05  1.1E-03
etot    4  N  Y  2  U    -999.51021706287  1.3E-04  1.2E-05  3.2E-04
etot    5  N  Y  2  U    -999.51022683985  9.8E-06  4.4E-06  1.0E-04
etot    6  N  N  2  U    -999.51022807738  1.2E-06  0.0E+00  0.0E+00
scf (DFT) done.
der1a (1-e 1st deriv.) done.
rwr (1st deriv. Q) done.
der1b (2-e 1st deriv.) done.
  Geometry optimization step   6
  Total energy:      -999.53209038447 hartrees
  energy change:          -3.1442E-04 .  (  5.0000E-05 )
  gradient maximum:        1.7126E-03 .  (  4.5000E-04 )
  gradient rms:            4.9592E-04 .  (  3.0000E-04 )
  displacement maximum:    1.4299E-01 .  (  1.8000E-03 )
  displacement rms:        2.5525E-02 .  (  1.2000E-03 )
  
  predicted energy change: -2.3140E-04
  step size:     0.28308
  trust radius:  0.30000
---------------- geometry iteration   6 complete ----------------
geopt (optimize geometry) done.
onee (1-electron integrals) done.
probe (project orbitals) done.
grid (grid generation) done.
rwr (Q operators) done.
  
       i  u  d  i  g
       t  p  i  c  r                                 RMS    maximum
       e  d  i  u  i                       energy  density   DIIS  
       r  t  s  t  d       total energy    change  change    error 
  
etot    1  N  N  2  U    -999.49125086716           5.1E-04  1.1E-02
etot    2  Y  Y  6  M    -999.51069442308  1.9E-02  6.2E-05  5.9E-04
etot    3  N  Y  2  U    -999.51054978066 -1.4E-04  4.9E-05  8.1E-04
etot    4  N  Y  2  U    -999.51063976268  9.0E-05  1.5E-05  4.1E-04
etot    5  N  Y  2  U    -999.51065762744  1.8E-05  4.3E-06  7.6E-05
etot    6  N  N  2  U    -999.51065856148  9.3E-07  0.0E+00  0.0E+00
scf (DFT) done.
der1a (1-e 1st deriv.) done.
rwr (1st deriv. Q) done.
der1b (2-e 1st deriv.) done.
  Geometry optimization step   7
  Total energy:      -999.53254397586 hartrees
  energy change:          -4.5359E-04 .  (  5.0000E-05 )
  gradient maximum:        2.9208E-03 .  (  4.5000E-04 )
  gradient rms:            6.5426E-04 .  (  3.0000E-04 )
  displacement maximum:    1.8712E-01 .  (  1.8000E-03 )
  displacement rms:        2.7131E-02 .  (  1.2000E-03 )
  
  predicted energy change: -5.2099E-04
  step size:     0.30090
  trust radius:  0.30000
---------------- geometry iteration   7 complete ----------------
geopt (optimize geometry) done.
onee (1-electron integrals) done.
probe (project orbitals) done.
grid (grid generation) done.
rwr (Q operators) done.
  
       i  u  d  i  g
       t  p  i  c  r                                 RMS    maximum
       e  d  i  u  i                       energy  density   DIIS  
       r  t  s  t  d       total energy    change  change    error 
  
etot    1  N  N  2  U    -999.48941088404           5.4E-04  1.1E-02
etot    2  Y  Y  6  M    -999.51136811320  2.2E-02  6.5E-05  5.2E-04
etot    3  N  Y  2  U    -999.51118202725 -1.9E-04  5.1E-05  1.4E-03
etot    4  Y  Y  6  M    -999.51136469687  1.8E-04  1.6E-05  3.7E-04
etot    5  N  Y  2  U    -999.51137188806  7.2E-06  6.2E-06  1.5E-04
etot    6  N  Y  2  U    -999.51137390670  2.0E-06  2.9E-06  5.4E-05
etot    7  N  N  2  U    -999.51137410612  2.0E-07  0.0E+00  0.0E+00
scf (DFT) done.
der1a (1-e 1st deriv.) done.
rwr (1st deriv. Q) done.
der1b (2-e 1st deriv.) done.
  Geometry optimization step   8
  Total energy:      -999.53323924305 hartrees
  energy change:          -6.9527E-04 .  (  5.0000E-05 )
  gradient maximum:        4.1057E-03 .  (  4.5000E-04 )
  gradient rms:            9.6190E-04 .  (  3.0000E-04 )
  displacement maximum:    2.4254E-01 .  (  1.8000E-03 )
  displacement rms:        2.7058E-02 .  (  1.2000E-03 )
  
  predicted energy change: -9.4812E-04
  step size:     0.30009
  trust radius:  0.30000
---------------- geometry iteration   8 complete ----------------
geopt (optimize geometry) done.
onee (1-electron integrals) done.
probe (project orbitals) done.
grid (grid generation) done.
rwr (Q operators) done.
  
       i  u  d  i  g
       t  p  i  c  r                                 RMS    maximum
       e  d  i  u  i                       energy  density   DIIS  
       r  t  s  t  d       total energy    change  change    error 
  
etot    1  N  N  2  U    -999.48474994484           5.8E-04  1.3E-02
etot    2  Y  Y  6  M    -999.51234302882  2.8E-02  7.9E-05  5.1E-04
etot    3  N  Y  2  U    -999.51208832169 -2.5E-04  6.3E-05  1.2E-03
etot    4  Y  Y  6  M    -999.51235627479  2.7E-04  1.7E-05  4.3E-04
etot    5  N  Y  2  U    -999.51236977382  1.3E-05  6.5E-06  1.5E-04
etot    6  N  Y  2  U    -999.51237236462  2.6E-06  3.1E-06  7.2E-05
etot    7  N  N  2  U    -999.51237262920  2.6E-07  0.0E+00  0.0E+00
scf (DFT) done.
der1a (1-e 1st deriv.) done.
rwr (1st deriv. Q) done.
der1b (2-e 1st deriv.) done.
  Geometry optimization step   9
  Total energy:      -999.53419522926 hartrees
  energy change:          -9.5599E-04 .  (  5.0000E-05 )
  gradient maximum:        3.7880E-03 .  (  4.5000E-04 )
  gradient rms:            1.2365E-03 .  (  3.0000E-04 )
  displacement maximum:    1.7042E-01 .  (  1.8000E-03 )
  displacement rms:        2.3492E-02 .  (  1.2000E-03 )
  
  predicted energy change: -5.3839E-04
  step size:     0.26053
  trust radius:  0.30000
---------------- geometry iteration   9 complete ----------------
geopt (optimize geometry) done.
onee (1-electron integrals) done.
probe (project orbitals) done.
grid (grid generation) done.
rwr (Q operators) done.
  
       i  u  d  i  g
       t  p  i  c  r                                 RMS    maximum
       e  d  i  u  i                       energy  density   DIIS  
       r  t  s  t  d       total energy    change  change    error 
  
etot    1  N  N  2  U    -999.49179510765           4.9E-04  1.2E-02
etot    2  Y  Y  6  M    -999.51294887266  2.1E-02  6.1E-05  7.0E-04
etot    3  N  Y  2  U    -999.51282031588 -1.3E-04  4.8E-05  1.0E-03
etot    4  N  Y  2  U    -999.51293533418  1.2E-04  1.5E-05  4.8E-04
etot    5  N  Y  2  U    -999.51295447679  1.9E-05  4.5E-06  8.8E-05
etot    6  N  N  2  U    -999.51295567724  1.2E-06  0.0E+00  0.0E+00
scf (DFT) done.
der1a (1-e 1st deriv.) done.
rwr (1st deriv. Q) done.
der1b (2-e 1st deriv.) done.
  Geometry optimization step  10
  Total energy:      -999.53474786263 hartrees
  energy change:          -5.5263E-04 .  (  5.0000E-05 )
  gradient maximum:        4.4288E-03 .  (  4.5000E-04 )
  gradient rms:            1.0892E-03 .  (  3.0000E-04 )
  displacement maximum:    8.8703E-02 .  (  1.8000E-03 )
  displacement rms:        1.1487E-02 .  (  1.2000E-03 )
  
  predicted energy change: -2.7842E-04
  step size:     0.12739
  trust radius:  0.30000
---------------- geometry iteration  10 complete ----------------
geopt (optimize geometry) done.
onee (1-electron integrals) done.
probe (project orbitals) done.
grid (grid generation) done.
rwr (Q operators) done.
  
       i  u  d  i  g
       t  p  i  c  r                                 RMS    maximum
       e  d  i  u  i                       energy  density   DIIS  
       r  t  s  t  d       total energy    change  change    error 
  
etot    1  N  N  2  U    -999.50897806281           2.3E-04  7.6E-03
etot    2  Y  Y  6  M    -999.51321280287  4.2E-03  4.4E-05  4.7E-04
etot    3  N  Y  2  U    -999.51310558156 -1.1E-04  3.6E-05  9.6E-04
etot    4  N  Y  2  U    -999.51320542331  1.0E-04  9.2E-06  2.3E-04
etot    5  N  Y  2  U    -999.51321085631  5.4E-06  3.5E-06  6.8E-05
etot    6  N  N  2  U    -999.51321145710  6.0E-07  0.0E+00  0.0E+00
scf (DFT) done.
der1a (1-e 1st deriv.) done.
rwr (1st deriv. Q) done.
der1b (2-e 1st deriv.) done.
  Geometry optimization step  11
  Total energy:      -999.53505839795 hartrees
  energy change:          -3.1054E-04 .  (  5.0000E-05 )
  gradient maximum:        3.0102E-03 .  (  4.5000E-04 )
  gradient rms:            6.6250E-04 .  (  3.0000E-04 )
  displacement maximum:    1.7495E-01 .  (  1.8000E-03 )
  displacement rms:        2.7062E-02 .  (  1.2000E-03 )
  
  predicted energy change: -3.8551E-04
  step size:     0.30013
  trust radius:  0.30000
---------------- geometry iteration  11 complete ----------------
geopt (optimize geometry) done.
onee (1-electron integrals) done.
probe (project orbitals) done.
grid (grid generation) done.
rwr (Q operators) done.
  
       i  u  d  i  g
       t  p  i  c  r                                 RMS    maximum
       e  d  i  u  i                       energy  density   DIIS  
       r  t  s  t  d       total energy    change  change    error 
  
etot    1  N  N  2  U    -999.48839557710           5.8E-04  1.1E-02
etot    2  Y  Y  6  M    -999.51296028446  2.5E-02  8.5E-05  7.2E-04
etot    3  N  Y  2  U    -999.51272293813 -2.4E-04  6.5E-05  1.9E-03
etot    4  Y  Y  6  M    -999.51297589724  2.5E-04  1.6E-05  5.3E-04
etot    5  N  Y  2  U    -999.51300635432  3.0E-05  5.3E-06  9.9E-05
etot    6  N  Y  2  U    -999.51300800290  1.6E-06  2.9E-06  3.1E-05
etot    7  N  N  2  U    -999.51300815537  1.5E-07  0.0E+00  0.0E+00
scf (DFT) done.
der1a (1-e 1st deriv.) done.
rwr (1st deriv. Q) done.
der1b (2-e 1st deriv.) done.
  Geometry optimization step  12
  Total energy:      -999.53494400074 hartrees
  energy change:           1.1440E-04 .  (  5.0000E-05 )
  gradient maximum:        3.6630E-03 .  (  4.5000E-04 )
  gradient rms:            9.1937E-04 .  (  3.0000E-04 )
  displacement maximum:    1.0684E-01 .  (  1.8000E-03 )
  displacement rms:        1.5392E-02 .  (  1.2000E-03 )
  
  predicted energy change: -3.0175E-04
  step size:     0.17071
  trust radius:  0.30000
---------------- geometry iteration  12 complete ----------------
geopt (optimize geometry) done.
onee (1-electron integrals) done.
probe (project orbitals) done.
grid (grid generation) done.
rwr (Q operators) done.
  
       i  u  d  i  g
       t  p  i  c  r                                 RMS    maximum
       e  d  i  u  i                       energy  density   DIIS  
       r  t  s  t  d       total energy    change  change    error 
  
etot    1  N  N  2  U    -999.50652887624           2.9E-04  7.4E-03
etot    2  Y  Y  6  M    -999.51348882430  7.0E-03  3.3E-05  3.3E-04
etot    3  N  Y  2  U    -999.51340474808 -8.4E-05  2.6E-05  8.4E-04
etot    4  N  Y  2  U    -999.51345601831  5.1E-05  8.0E-06  2.3E-04
etot    5  N  Y  2  U    -999.51345912847  3.1E-06  3.5E-06  9.0E-05
etot    6  N  N  2  U    -999.51345972138  5.9E-07  0.0E+00  0.0E+00
scf (DFT) done.
der1a (1-e 1st deriv.) done.
rwr (1st deriv. Q) done.
der1b (2-e 1st deriv.) done.
  Geometry optimization step  13
  Total energy:      -999.53534108671 hartrees
  energy change:          -3.9709E-04 .  (  5.0000E-05 )
  gradient maximum:        1.4951E-03 .  (  4.5000E-04 )
  gradient rms:            3.7274E-04 .  (  3.0000E-04 )
  displacement maximum:    4.3068E-02 .  (  1.8000E-03 )
  displacement rms:        6.0090E-03 .  (  1.2000E-03 )
  
  predicted energy change: -4.6644E-05
  step size:     0.06664
  trust radius:  0.30000
---------------- geometry iteration  13 complete ----------------
geopt (optimize geometry) done.
onee (1-electron integrals) done.
probe (project orbitals) done.
grid (grid generation) done.
rwr (Q operators) done.
  
       i  u  d  i  g
       t  p  i  c  r                                 RMS    maximum
       e  d  i  u  i                       energy  density   DIIS  
       r  t  s  t  d       total energy    change  change    error 
  
etot    1  N  N  2  U    -999.51247886809           1.2E-04  3.2E-03
etot    2  Y  Y  6  M    -999.51348169438  1.0E-03  2.6E-05  2.1E-04
etot    3  N  Y  2  U    -999.51345371003 -2.8E-05  2.1E-05  6.8E-04
etot    4  N  Y  2  U    -999.51348059955  2.7E-05  4.5E-06  1.9E-04
etot    5  N  N  2  U    -999.51348197270  1.4E-06  0.0E+00  0.0E+00
scf (DFT) done.
der1a (1-e 1st deriv.) done.
rwr (1st deriv. Q) done.
der1b (2-e 1st deriv.) done.
  Geometry optimization step  14
  Total energy:      -999.53532295451 hartrees
  energy change:           1.8132E-05 *  (  5.0000E-05 )
  gradient maximum:        1.0300E-03 .  (  4.5000E-04 )
  gradient rms:            1.9369E-04 *  (  3.0000E-04 )
  displacement maximum:    2.2063E-02 .  (  1.8000E-03 )
  displacement rms:        5.3942E-03 .  (  1.2000E-03 )
  
  predicted energy change: -2.6505E-05
  step size:     0.05982
  trust radius:  0.30000
---------------- geometry iteration  14 complete ----------------
geopt (optimize geometry) done.
onee (1-electron integrals) done.
probe (project orbitals) done.
grid (grid generation) done.
rwr (Q operators) done.
  
       i  u  d  i  g
       t  p  i  c  r                                 RMS    maximum
       e  d  i  u  i                       energy  density   DIIS  
       r  t  s  t  d       total energy    change  change    error 
  
etot    1  N  N  2  U    -999.51283500565           1.1E-04  1.9E-03
etot    2  Y  Y  6  M    -999.51348667708  6.5E-04  1.8E-05  1.4E-04
etot    3  N  Y  2  U    -999.51348106358 -5.6E-06  1.4E-05  4.4E-04
etot    4  N  Y  2  U    -999.51349586800  1.5E-05  3.8E-06  1.3E-04
etot    5  N  N  2  U    -999.51349655106  6.8E-07  0.0E+00  0.0E+00
scf (DFT) done.
der1a (1-e 1st deriv.) done.
rwr (1st deriv. Q) done.
der1b (2-e 1st deriv.) done.
  Geometry optimization step  15
  Total energy:      -999.53533532390 hartrees
  energy change:          -1.2369E-05 *  (  5.0000E-05 )
  gradient maximum:        4.5068E-04 .  (  4.5000E-04 )
  gradient rms:            1.1932E-04 *  (  3.0000E-04 )
  displacement maximum:    2.8473E-02 .  (  1.8000E-03 )
  displacement rms:        6.2157E-03 .  (  1.2000E-03 )
  
  predicted energy change: -1.6279E-05
  step size:     0.06894
  trust radius:  0.30000
---------------- geometry iteration  15 complete ----------------
geopt (optimize geometry) done.
onee (1-electron integrals) done.
probe (project orbitals) done.
grid (grid generation) done.
rwr (Q operators) done.
  
       i  u  d  i  g
       t  p  i  c  r                                 RMS    maximum
       e  d  i  u  i                       energy  density   DIIS  
       r  t  s  t  d       total energy    change  change    error 
  
etot    1  N  N  2  U    -999.51269874354           1.2E-04  1.9E-03
etot    2  Y  Y  6  M    -999.51346615309  7.7E-04  1.9E-05  1.3E-04
etot    3  N  Y  2  U    -999.51346633855  1.9E-07  1.5E-05  4.0E-04
etot    4  N  Y  2  U    -999.51347950772  1.3E-05  3.8E-06  1.4E-04
etot    5  N  N  2  U    -999.51348056072  1.1E-06  0.0E+00  0.0E+00
scf (DFT) done.
der1a (1-e 1st deriv.) done.
rwr (1st deriv. Q) done.
der1b (2-e 1st deriv.) done.
  Geometry optimization step  16
  Total energy:      -999.53532584156 hartrees
  energy change:           9.4823E-06 *  (  5.0000E-05 )
  gradient maximum:        4.3358E-04 *  (  4.5000E-04 )
  gradient rms:            9.0339E-05 *  (  3.0000E-04 )
  displacement maximum:    7.0485E-03 .  (  1.8000E-03 )
  displacement rms:        1.6270E-03 .  (  1.2000E-03 )
  
  predicted energy change: -2.6884E-06
  step size:     0.01804
  trust radius:  0.30000
---------------- geometry iteration  16 complete ----------------
geopt (optimize geometry) done.
onee (1-electron integrals) done.
probe (project orbitals) done.
grid (grid generation) done.
rwr (Q operators) done.
  
       i  u  d  i  g
       t  p  i  c  r                                 RMS    maximum
       e  d  i  u  i                       energy  density   DIIS  
       r  t  s  t  d       total energy    change  change    error 
  
etot    1  N  N  2  U    -999.51342248679           3.3E-05  5.1E-04
etot    2  N  Y  2  U    -999.51347643582  5.4E-05  9.4E-06  7.9E-05
etot    3  N  Y  2  U    -999.51347229589 -4.1E-06  6.7E-06  2.2E-04
etot    4  N  Y  2  U    -999.51347723422  4.9E-06  1.6E-06  3.2E-05
etot    5  N  N  2  U    -999.51347731784  8.4E-08  0.0E+00  0.0E+00
scf (DFT) done.
der1a (1-e 1st deriv.) done.
rwr (1st deriv. Q) done.
der1b (2-e 1st deriv.) done.
  Geometry optimization step  17
  Total energy:      -999.53532337084 hartrees
  energy change:           2.4707E-06 #  (  5.0000E-05 )
  gradient maximum:        2.0176E-04 *  (  4.5000E-04 )
  gradient rms:            5.3261E-05 #  (  3.0000E-04 )
  displacement maximum:    2.8726E-03 .  (  1.8000E-03 )
  displacement rms:        6.3339E-04 *  (  1.2000E-03 )
  
  predicted energy change: -7.1948E-07
  step size:     0.00702
  trust radius:  0.30000
------------- final geometry iteration  17 complete -------------
geopt (optimize geometry) done.
cutabab2 (abab integrals) done.
der2a (1-e JK-1st deriv.) done.
der2b (2-e JK-1st deriv.) done.
der2nda (1-e 2nd deriv.) done.
der2ndb (2-e 2nd deriv.) done.
rwr (Q operators) done.
cphfa (gradient of wave function) done.
freq (vib. frequencies) done.
Job J1_9745_2111 completed on hpc-93-19.cm.cluster at Wed May 29 03:12:26 2024
Timer (jaguar_backend.py) : 1198.21 secs (0 hrs, 19 mins, 58 secs)
Finished:   Wed May 29 03:12:26 2024
