Command:  /groups/wag/programs/Schrodinger_2020_3/jaguar run -WAIT -PARALLEL 8 /central/home/labounad/wittig-ch121/out/J1_9890_2111/J1_9890_2111.in
Release:  2020-3
Exec:     /groups/wag/programs/Schrodinger_2020_3/jaguar-v10.9/bin/Linux-x86_64
Host:     hpc-92-22.cm.cluster
JobId:    hpc-92-22-0-66574f00
JobDir:   /central/scratch/labounad/J1_9890_2111#hpc-92-22-0-66574f00
Date:     Wed May 29 08:51:30 2024

Contents of /central/scratch/labounad/J1_9890_2111#hpc-92-22-0-66574f00:
/central/scratch/labounad/J1_9890_2111#hpc-92-22-0-66574f00/.write_dir.json
/central/scratch/labounad/J1_9890_2111#hpc-92-22-0-66574f00/hpc-92-22-0-66574f00
/central/scratch/labounad/J1_9890_2111#hpc-92-22-0-66574f00/J1_9890_2111.in
/central/scratch/labounad/J1_9890_2111#hpc-92-22-0-66574f00/hpc-92-22-0-66574f00.mpinodes
/central/scratch/labounad/J1_9890_2111#hpc-92-22-0-66574f00/hpc-92-22-0-66574f00.nodes
/central/scratch/labounad/J1_9890_2111#hpc-92-22-0-66574f00/J1_9890_2111.log
/central/scratch/labounad/J1_9890_2111#hpc-92-22-0-66574f00/hpc-92-22-0-66574f00.recover
/central/scratch/labounad/J1_9890_2111#hpc-92-22-0-66574f00/J1_9890_2111.recover

Executing subprocess:
/groups/wag/programs/Schrodinger_2020_3/jaguar-v10.9/bin/Linux-x86_64/jexec J1_9890_2111.in -T 8 -out /central/scratch/labounad/J1_9890_2111#hpc-92-22-0-66574f00 -cwd

Job J1_9890_2111 started on hpc-92-22.cm.cluster at Wed May 29 08:51:30 2024
jobid: hpc-92-22-0-66574f00 
Jaguar version 10.9, release 139
 Using up to   8 threads per process
Molecular Point Group: C1      
Point Group used: C1
pre (input checking) done.
onee (1-electron integrals) done.
hfig (HF initial guess) done.
probe (project orbitals) done.
grid (grid generation) done.
rwr (Q operators) done.
scf type: DFT=PBE(X+LC)+PW91 (PBE-D3)
  
       i  u  d  i  g
       t  p  i  c  r                                 RMS    maximum
       e  d  i  u  i                       energy  density   DIIS  
       r  t  s  t  d       total energy    change  change    error 
  
etot    1  N  N  5  M   -1535.99157249337           5.3E-03  9.0E-02
etot    2  Y  Y  6  M   -1533.16726344228 -2.8E+00  9.4E-03  2.0E-01
etot    3  Y  Y  6  M   -1529.22857432724 -3.9E+00  8.5E-03  1.8E-01
etot    4  N  Y  2  U   -1538.96589167978  9.7E+00  2.6E-03  9.3E-02
etot    5  Y  Y  6  M   -1539.36401620234  4.0E-01  1.7E-03  2.6E-02
etot    6  N  Y  2  U   -1539.59730984282  2.3E-01  9.1E-04  2.1E-02
etot    7  Y  Y  6  M   -1539.64817383026  5.1E-02  5.6E-04  2.1E-02
etot    8  N  Y  2  U   -1539.72256730072  7.4E-02  2.6E-04  6.8E-03
etot    9  Y  Y  6  M   -1539.72647903480  3.9E-03  1.8E-04  5.7E-03
etot   10  Y  Y  6  M   -1539.73171551998  5.2E-03  8.8E-05  2.1E-03
etot   11  N  Y  2  U   -1539.73293325506  1.2E-03  3.4E-05  7.6E-04
etot   12  N  Y  2  U   -1539.73312534387  1.9E-04  1.2E-05  3.9E-04
etot   13  N  Y  2  U   -1539.73314613075  2.1E-05  5.4E-06  1.7E-04
etot   14  N  Y  2  U   -1539.73315146556  5.3E-06  1.7E-06  2.7E-05
etot   15  N  N  2  U   -1539.73315161447  1.5E-07  0.0E+00  0.0E+00
scf (DFT) done.
der1a (1-e 1st deriv.) done.
rwr (1st deriv. Q) done.
der1b (2-e 1st deriv.) done.
  Geometry optimization step   1
  Total energy:     -1539.78834553428 hartrees
  gradient maximum:        3.1697E-02 .  (  4.5000E-04 )
  gradient rms:            8.2508E-03 .  (  3.0000E-04 )
  displacement maximum:    9.5324E-02 .  (  1.8000E-03 )
  displacement rms:        2.0108E-02 .  (  1.2000E-03 )
  
  predicted energy change: -2.2562E-02
  step size:     0.30028
  trust radius:  0.30000
---------------- geometry iteration   1 complete ----------------
geopt (optimize geometry) done.
onee (1-electron integrals) done.
probe (project orbitals) done.
grid (grid generation) done.
rwr (Q operators) done.
  
       i  u  d  i  g
       t  p  i  c  r                                 RMS    maximum
       e  d  i  u  i                       energy  density   DIIS  
       r  t  s  t  d       total energy    change  change    error 
  
etot    1  N  N  2  U   -1539.73034918308           3.9E-04  5.2E-03
etot    2  Y  Y  6  M   -1539.75343893010  2.3E-02  1.2E-04  1.4E-03
etot    3  N  Y  2  U   -1539.75240694774 -1.0E-03  8.5E-05  2.4E-03
etot    4  Y  Y  6  M   -1539.75367986011  1.3E-03  2.9E-05  7.3E-04
etot    5  N  Y  2  U   -1539.75393020482  2.5E-04  9.1E-06  2.1E-04
etot    6  N  Y  2  U   -1539.75394503237  1.5E-05  3.2E-06  9.3E-05
etot    7  N  N  2  U   -1539.75394681980  1.8E-06  0.0E+00  0.0E+00
scf (DFT) done.
der1a (1-e 1st deriv.) done.
rwr (1st deriv. Q) done.
der1b (2-e 1st deriv.) done.
  Geometry optimization step   2
  Total energy:     -1539.80830338378 hartrees
  energy change:          -1.9958E-02 .  (  5.0000E-05 )
  gradient maximum:        1.5513E-02 .  (  4.5000E-04 )
  gradient rms:            3.3208E-03 .  (  3.0000E-04 )
  displacement maximum:    9.3798E-02 .  (  1.8000E-03 )
  displacement rms:        2.0091E-02 .  (  1.2000E-03 )
  
  predicted energy change: -8.8408E-03
  step size:     0.30002
  trust radius:  0.30000
---------------- geometry iteration   2 complete ----------------
geopt (optimize geometry) done.
onee (1-electron integrals) done.
probe (project orbitals) done.
grid (grid generation) done.
rwr (Q operators) done.
  
       i  u  d  i  g
       t  p  i  c  r                                 RMS    maximum
       e  d  i  u  i                       energy  density   DIIS  
       r  t  s  t  d       total energy    change  change    error 
  
etot    1  N  N  2  U   -1539.71274106436           4.8E-04  1.0E-02
etot    2  Y  Y  6  M   -1539.75658539320  4.4E-02  8.5E-05  9.3E-04
etot    3  N  Y  2  U   -1539.75590421369 -6.8E-04  6.3E-05  1.9E-03
etot    4  Y  Y  6  M   -1539.75660101540  7.0E-04  2.1E-05  9.2E-04
etot    5  N  Y  2  U   -1539.75671646111  1.2E-04  5.7E-06  1.9E-04
etot    6  N  Y  2  U   -1539.75672335858  6.9E-06  2.5E-06  4.7E-05
etot    7  N  N  2  U   -1539.75672381374  4.6E-07  0.0E+00  0.0E+00
scf (DFT) done.
der1a (1-e 1st deriv.) done.
rwr (1st deriv. Q) done.
der1b (2-e 1st deriv.) done.
  Geometry optimization step   3
  Total energy:     -1539.81089897109 hartrees
  energy change:          -2.5956E-03 .  (  5.0000E-05 )
  gradient maximum:        3.5125E-02 .  (  4.5000E-04 )
  gradient rms:            5.2598E-03 .  (  3.0000E-04 )
  displacement maximum:    1.7294E-01 .  (  1.8000E-03 )
  displacement rms:        2.0136E-02 .  (  1.2000E-03 )
  
  predicted energy change: -8.0364E-03
  step size:     0.30070
  trust radius:  0.30000
---------------- geometry iteration   3 complete ----------------
geopt (optimize geometry) done.
onee (1-electron integrals) done.
probe (project orbitals) done.
grid (grid generation) done.
rwr (Q operators) done.
  
       i  u  d  i  g
       t  p  i  c  r                                 RMS    maximum
       e  d  i  u  i                       energy  density   DIIS  
       r  t  s  t  d       total energy    change  change    error 
  
etot    1  N  N  2  U   -1539.69474058225           5.7E-04  1.4E-02
etot    2  Y  Y  6  M   -1539.76384921258  6.9E-02  9.2E-05  1.7E-03
etot    3  N  Y  2  U   -1539.76318574701 -6.6E-04  7.3E-05  1.6E-03
etot    4  Y  Y  6  M   -1539.76390342537  7.2E-04  2.6E-05  7.6E-04
etot    5  N  Y  2  U   -1539.76408654476  1.8E-04  7.1E-06  1.9E-04
etot    6  N  Y  2  U   -1539.76409739179  1.1E-05  3.2E-06  6.8E-05
etot    7  N  N  2  U   -1539.76409843648  1.0E-06  0.0E+00  0.0E+00
scf (DFT) done.
der1a (1-e 1st deriv.) done.
rwr (1st deriv. Q) done.
der1b (2-e 1st deriv.) done.
  Geometry optimization step   4
  Total energy:     -1539.81801469096 hartrees
  energy change:          -7.1157E-03 .  (  5.0000E-05 )
  gradient maximum:        9.5430E-03 .  (  4.5000E-04 )
  gradient rms:            2.3310E-03 .  (  3.0000E-04 )
  displacement maximum:    1.3688E-01 .  (  1.8000E-03 )
  displacement rms:        2.0089E-02 .  (  1.2000E-03 )
  
  predicted energy change: -4.3533E-03
  step size:     0.29999
  trust radius:  0.30000
---------------- geometry iteration   4 complete ----------------
geopt (optimize geometry) done.
onee (1-electron integrals) done.
probe (project orbitals) done.
grid (grid generation) done.
rwr (Q operators) done.
  
       i  u  d  i  g
       t  p  i  c  r                                 RMS    maximum
       e  d  i  u  i                       energy  density   DIIS  
       r  t  s  t  d       total energy    change  change    error 
  
etot    1  N  N  2  U   -1539.70753411676           6.0E-04  1.3E-02
etot    2  Y  Y  6  M   -1539.76759792891  6.0E-02  9.2E-05  9.3E-04
etot    3  N  Y  2  U   -1539.76699514005 -6.0E-04  7.0E-05  1.6E-03
etot    4  Y  Y  6  M   -1539.76761412559  6.2E-04  2.2E-05  5.2E-04
etot    5  N  Y  2  U   -1539.76774283754  1.3E-04  7.6E-06  2.6E-04
etot    6  N  Y  2  U   -1539.76775714943  1.4E-05  3.0E-06  6.3E-05
etot    7  N  N  2  U   -1539.76775801189  8.6E-07  0.0E+00  0.0E+00
scf (DFT) done.
der1a (1-e 1st deriv.) done.
rwr (1st deriv. Q) done.
der1b (2-e 1st deriv.) done.
  Geometry optimization step   5
  Total energy:     -1539.82204452233 hartrees
  energy change:          -4.0298E-03 .  (  5.0000E-05 )
  gradient maximum:        1.4696E-02 .  (  4.5000E-04 )
  gradient rms:            2.0507E-03 .  (  3.0000E-04 )
  displacement maximum:    1.7916E-01 .  (  1.8000E-03 )
  displacement rms:        2.0078E-02 .  (  1.2000E-03 )
  
  predicted energy change: -3.9228E-03
  step size:     0.29982
  trust radius:  0.30000
---------------- geometry iteration   5 complete ----------------
geopt (optimize geometry) done.
onee (1-electron integrals) done.
probe (project orbitals) done.
grid (grid generation) done.
rwr (Q operators) done.
  
       i  u  d  i  g
       t  p  i  c  r                                 RMS    maximum
       e  d  i  u  i                       energy  density   DIIS  
       r  t  s  t  d       total energy    change  change    error 
  
etot    1  N  N  2  U   -1539.69642906819           6.0E-04  1.5E-02
etot    2  Y  Y  6  M   -1539.77112640155  7.5E-02  9.3E-05  7.9E-04
etot    3  N  Y  2  U   -1539.77040730645 -7.2E-04  6.9E-05  1.9E-03
etot    4  Y  Y  6  M   -1539.77109854846  6.9E-04  1.9E-05  6.0E-04
etot    5  N  Y  2  U   -1539.77119989249  1.0E-04  6.1E-06  1.5E-04
etot    6  N  Y  2  U   -1539.77120727626  7.4E-06  2.9E-06  5.7E-05
etot    7  N  N  2  U   -1539.77120780738  5.3E-07  0.0E+00  0.0E+00
scf (DFT) done.
der1a (1-e 1st deriv.) done.
rwr (1st deriv. Q) done.
der1b (2-e 1st deriv.) done.
  Geometry optimization step   6
  Total energy:     -1539.82542637524 hartrees
  energy change:          -3.3819E-03 .  (  5.0000E-05 )
  gradient maximum:        6.8003E-03 .  (  4.5000E-04 )
  gradient rms:            1.6146E-03 .  (  3.0000E-04 )
  displacement maximum:    1.1389E-01 .  (  1.8000E-03 )
  displacement rms:        2.0089E-02 .  (  1.2000E-03 )
  
  predicted energy change: -2.4511E-03
  step size:     0.30000
  trust radius:  0.30000
---------------- geometry iteration   6 complete ----------------
geopt (optimize geometry) done.
onee (1-electron integrals) done.
probe (project orbitals) done.
grid (grid generation) done.
rwr (Q operators) done.
  
       i  u  d  i  g
       t  p  i  c  r                                 RMS    maximum
       e  d  i  u  i                       energy  density   DIIS  
       r  t  s  t  d       total energy    change  change    error 
  
etot    1  N  N  2  U   -1539.74348175009           3.9E-04  1.1E-02
etot    2  Y  Y  6  M   -1539.77354951564  3.0E-02  7.2E-05  8.3E-04
etot    3  N  Y  2  U   -1539.77308140568 -4.7E-04  5.2E-05  1.1E-03
etot    4  Y  Y  6  M   -1539.77353656053  4.6E-04  1.4E-05  3.9E-04
etot    5  N  Y  2  U   -1539.77359991437  6.3E-05  4.5E-06  1.2E-04
etot    6  N  N  2  U   -1539.77360366765  3.8E-06  0.0E+00  0.0E+00
scf (DFT) done.
der1a (1-e 1st deriv.) done.
rwr (1st deriv. Q) done.
der1b (2-e 1st deriv.) done.
  Geometry optimization step   7
  Total energy:     -1539.82756437568 hartrees
  energy change:          -2.1380E-03 .  (  5.0000E-05 )
  gradient maximum:        9.6330E-03 .  (  4.5000E-04 )
  gradient rms:            1.7922E-03 .  (  3.0000E-04 )
  displacement maximum:    1.1593E-01 .  (  1.8000E-03 )
  displacement rms:        2.0089E-02 .  (  1.2000E-03 )
  
  predicted energy change: -2.3462E-03
  step size:     0.29999
  trust radius:  0.30000
---------------- geometry iteration   7 complete ----------------
geopt (optimize geometry) done.
onee (1-electron integrals) done.
probe (project orbitals) done.
grid (grid generation) done.
rwr (Q operators) done.
  
       i  u  d  i  g
       t  p  i  c  r                                 RMS    maximum
       e  d  i  u  i                       energy  density   DIIS  
       r  t  s  t  d       total energy    change  change    error 
  
etot    1  N  N  2  U   -1539.73665592401           4.5E-04  1.1E-02
etot    2  Y  Y  6  M   -1539.77550735350  3.9E-02  6.8E-05  7.8E-04
etot    3  N  Y  2  U   -1539.77517152374 -3.4E-04  5.0E-05  1.5E-03
etot    4  N  Y  2  U   -1539.77557131520  4.0E-04  1.5E-05  6.0E-04
etot    5  N  Y  2  U   -1539.77562400119  5.3E-05  4.5E-06  1.4E-04
etot    6  N  N  2  U   -1539.77562809825  4.1E-06  0.0E+00  0.0E+00
scf (DFT) done.
der1a (1-e 1st deriv.) done.
rwr (1st deriv. Q) done.
der1b (2-e 1st deriv.) done.
  Geometry optimization step   8
  Total energy:     -1539.82978508949 hartrees
  energy change:          -2.2207E-03 .  (  5.0000E-05 )
  gradient maximum:        6.9795E-03 .  (  4.5000E-04 )
  gradient rms:            1.4612E-03 .  (  3.0000E-04 )
  displacement maximum:    9.7849E-02 .  (  1.8000E-03 )
  displacement rms:        2.0090E-02 .  (  1.2000E-03 )
  
  predicted energy change: -2.1157E-03
  step size:     0.30000
  trust radius:  0.30000
---------------- geometry iteration   8 complete ----------------
geopt (optimize geometry) done.
onee (1-electron integrals) done.
probe (project orbitals) done.
grid (grid generation) done.
rwr (Q operators) done.
  
       i  u  d  i  g
       t  p  i  c  r                                 RMS    maximum
       e  d  i  u  i                       energy  density   DIIS  
       r  t  s  t  d       total energy    change  change    error 
  
etot    1  N  N  2  U   -1539.74422356383           4.2E-04  8.2E-03
etot    2  Y  Y  6  M   -1539.77706701830  3.3E-02  8.4E-05  7.5E-04
etot    3  N  Y  2  U   -1539.77647949181 -5.9E-04  5.9E-05  1.4E-03
etot    4  Y  Y  6  M   -1539.77712153716  6.4E-04  1.4E-05  4.8E-04
etot    5  N  Y  2  U   -1539.77718811709  6.7E-05  4.8E-06  1.1E-04
etot    6  N  N  2  U   -1539.77719336905  5.3E-06  0.0E+00  0.0E+00
scf (DFT) done.
der1a (1-e 1st deriv.) done.
rwr (1st deriv. Q) done.
der1b (2-e 1st deriv.) done.
  Geometry optimization step   9
  Total energy:     -1539.83136492492 hartrees
  energy change:          -1.5798E-03 .  (  5.0000E-05 )
  gradient maximum:        8.4604E-03 .  (  4.5000E-04 )
  gradient rms:            1.1959E-03 .  (  3.0000E-04 )
  displacement maximum:    1.0393E-01 .  (  1.8000E-03 )
  displacement rms:        2.0091E-02 .  (  1.2000E-03 )
  
  predicted energy change: -1.9838E-03
  step size:     0.30002
  trust radius:  0.30000
---------------- geometry iteration   9 complete ----------------
geopt (optimize geometry) done.
onee (1-electron integrals) done.
probe (project orbitals) done.
grid (grid generation) done.
rwr (Q operators) done.
  
       i  u  d  i  g
       t  p  i  c  r                                 RMS    maximum
       e  d  i  u  i                       energy  density   DIIS  
       r  t  s  t  d       total energy    change  change    error 
  
etot    1  N  N  2  U   -1539.75109301251           3.9E-04  7.3E-03
etot    2  Y  Y  6  M   -1539.77867584986  2.8E-02  8.2E-05  7.0E-04
etot    3  N  Y  2  U   -1539.77828096448 -3.9E-04  5.6E-05  1.3E-03
etot    4  Y  Y  6  M   -1539.77879410080  5.1E-04  1.4E-05  3.8E-04
etot    5  N  Y  2  U   -1539.77886217399  6.8E-05  4.9E-06  1.1E-04
etot    6  N  N  2  U   -1539.77886755851  5.4E-06  0.0E+00  0.0E+00
scf (DFT) done.
der1a (1-e 1st deriv.) done.
rwr (1st deriv. Q) done.
der1b (2-e 1st deriv.) done.
  Geometry optimization step  10
  Total energy:     -1539.83313668869 hartrees
  energy change:          -1.7718E-03 .  (  5.0000E-05 )
  gradient maximum:        3.4079E-03 .  (  4.5000E-04 )
  gradient rms:            8.0769E-04 .  (  3.0000E-04 )
  displacement maximum:    1.0902E-01 .  (  1.8000E-03 )
  displacement rms:        2.0091E-02 .  (  1.2000E-03 )
  
  predicted energy change: -1.5264E-03
  step size:     0.30002
  trust radius:  0.30000
---------------- geometry iteration  10 complete ----------------
geopt (optimize geometry) done.
onee (1-electron integrals) done.
probe (project orbitals) done.
grid (grid generation) done.
rwr (Q operators) done.
  
       i  u  d  i  g
       t  p  i  c  r                                 RMS    maximum
       e  d  i  u  i                       energy  density   DIIS  
       r  t  s  t  d       total energy    change  change    error 
  
etot    1  N  N  2  U   -1539.74787772733           4.1E-04  1.3E-02
etot    2  Y  Y  6  M   -1539.77939746975  3.2E-02  7.9E-05  7.2E-04
etot    3  N  Y  2  U   -1539.77917689112 -2.2E-04  5.4E-05  1.3E-03
etot    4  Y  Y  6  M   -1539.77957170639  3.9E-04  1.5E-05  5.5E-04
etot    5  N  Y  2  U   -1539.77964996199  7.8E-05  5.1E-06  1.3E-04
etot    6  N  Y  2  U   -1539.77965720569  7.2E-06  2.0E-06  2.9E-05
etot    7  N  N  2  U   -1539.77965729992  9.4E-08  0.0E+00  0.0E+00
scf (DFT) done.
der1a (1-e 1st deriv.) done.
rwr (1st deriv. Q) done.
der1b (2-e 1st deriv.) done.
  Geometry optimization step  11
  Total energy:     -1539.83403554292 hartrees
  energy change:          -8.9885E-04 .  (  5.0000E-05 )
  gradient maximum:        1.2828E-02 .  (  4.5000E-04 )
  gradient rms:            2.1013E-03 .  (  3.0000E-04 )
  displacement maximum:    1.1555E-01 .  (  1.8000E-03 )
  displacement rms:        2.0094E-02 .  (  1.2000E-03 )
  
  predicted energy change: -1.1810E-03
  step size:     0.30006
  trust radius:  0.30000
---------------- geometry iteration  11 complete ----------------
geopt (optimize geometry) done.
onee (1-electron integrals) done.
probe (project orbitals) done.
grid (grid generation) done.
rwr (Q operators) done.
  
       i  u  d  i  g
       t  p  i  c  r                                 RMS    maximum
       e  d  i  u  i                       energy  density   DIIS  
       r  t  s  t  d       total energy    change  change    error 
  
etot    1  N  N  2  U   -1539.74950452986           4.0E-04  1.0E-02
etot    2  Y  Y  6  M   -1539.77950515969  3.0E-02  8.3E-05  6.4E-04
etot    3  N  Y  2  U   -1539.77903470688 -4.7E-04  5.9E-05  1.1E-03
etot    4  Y  Y  6  M   -1539.77964982612  6.2E-04  1.5E-05  3.3E-04
etot    5  N  Y  2  U   -1539.77971147098  6.2E-05  4.8E-06  1.1E-04
etot    6  N  N  2  U   -1539.77971668793  5.2E-06  0.0E+00  0.0E+00
scf (DFT) done.
der1a (1-e 1st deriv.) done.
rwr (1st deriv. Q) done.
der1b (2-e 1st deriv.) done.
  Geometry optimization step  12
  Total energy:     -1539.83421126841 hartrees
  energy change:          -1.7573E-04 .  (  5.0000E-05 )
  gradient maximum:        7.7647E-03 .  (  4.5000E-04 )
  gradient rms:            1.2429E-03 .  (  3.0000E-04 )
  displacement maximum:    6.3395E-02 .  (  1.8000E-03 )
  displacement rms:        1.0549E-02 .  (  1.2000E-03 )
  
  predicted energy change: -4.3641E-04
  step size:     0.15753
  trust radius:  0.30000
---------------- geometry iteration  12 complete ----------------
geopt (optimize geometry) done.
onee (1-electron integrals) done.
probe (project orbitals) done.
grid (grid generation) done.
rwr (Q operators) done.
  
       i  u  d  i  g
       t  p  i  c  r                                 RMS    maximum
       e  d  i  u  i                       energy  density   DIIS  
       r  t  s  t  d       total energy    change  change    error 
  
etot    1  N  N  2  U   -1539.76651499972           8.2E-04  1.7E-02
etot    2  Y  Y  6  M   -1539.78019065901  1.4E-02  4.1E-05  6.6E-04
etot    3  N  Y  2  U   -1539.78012759227 -6.3E-05  3.0E-05  6.0E-04
etot    4  N  Y  2  U   -1539.78024634629  1.2E-04  1.1E-05  2.8E-04
etot    5  N  Y  2  U   -1539.78027140197  2.5E-05  3.0E-06  6.3E-05
etot    6  N  N  2  U   -1539.78027290237  1.5E-06  0.0E+00  0.0E+00
scf (DFT) done.
der1a (1-e 1st deriv.) done.
rwr (1st deriv. Q) done.
der1b (2-e 1st deriv.) done.
  Geometry optimization step  13
  Total energy:     -1539.83473340448 hartrees
  energy change:          -5.2214E-04 .  (  5.0000E-05 )
  gradient maximum:        4.0361E-03 .  (  4.5000E-04 )
  gradient rms:            8.6423E-04 .  (  3.0000E-04 )
  displacement maximum:    6.6762E-02 .  (  1.8000E-03 )
  displacement rms:        1.0744E-02 .  (  1.2000E-03 )
  
  predicted energy change: -3.7117E-04
  step size:     0.16045
  trust radius:  0.30000
---------------- geometry iteration  13 complete ----------------
geopt (optimize geometry) done.
onee (1-electron integrals) done.
probe (project orbitals) done.
grid (grid generation) done.
rwr (Q operators) done.
  
       i  u  d  i  g
       t  p  i  c  r                                 RMS    maximum
       e  d  i  u  i                       energy  density   DIIS  
       r  t  s  t  d       total energy    change  change    error 
  
etot    1  N  N  2  U   -1539.77061251681           2.3E-04  7.0E-03
etot    2  Y  Y  6  M   -1539.78059211648  1.0E-02  3.6E-05  5.6E-04
etot    3  N  Y  2  U   -1539.78051022983 -8.2E-05  2.6E-05  6.9E-04
etot    4  N  Y  2  U   -1539.78062630888  1.2E-04  8.3E-06  2.8E-04
etot    5  N  Y  2  U   -1539.78064366239  1.7E-05  1.9E-06  3.8E-05
etot    6  N  N  2  U   -1539.78064429061  6.3E-07  0.0E+00  0.0E+00
scf (DFT) done.
der1a (1-e 1st deriv.) done.
rwr (1st deriv. Q) done.
der1b (2-e 1st deriv.) done.
  Geometry optimization step  14
  Total energy:     -1539.83492611018 hartrees
  energy change:          -1.9271E-04 .  (  5.0000E-05 )
  gradient maximum:        5.5465E-03 .  (  4.5000E-04 )
  gradient rms:            9.6827E-04 .  (  3.0000E-04 )
  displacement maximum:    5.5878E-02 .  (  1.8000E-03 )
  displacement rms:        7.9142E-03 .  (  1.2000E-03 )
  
  predicted energy change: -2.0862E-04
  step size:     0.11818
  trust radius:  0.30000
---------------- geometry iteration  14 complete ----------------
geopt (optimize geometry) done.
onee (1-electron integrals) done.
probe (project orbitals) done.
grid (grid generation) done.
rwr (Q operators) done.
  
       i  u  d  i  g
       t  p  i  c  r                                 RMS    maximum
       e  d  i  u  i                       energy  density   DIIS  
       r  t  s  t  d       total energy    change  change    error 
  
etot    1  N  N  2  U   -1539.77245622322           1.9E-04  7.6E-03
etot    2  Y  Y  6  M   -1539.78071052308  8.3E-03  2.7E-05  3.8E-04
etot    3  N  Y  2  U   -1539.78062996523 -8.1E-05  2.1E-05  5.0E-04
etot    4  N  Y  2  U   -1539.78069153796  6.2E-05  7.3E-06  2.6E-04
etot    5  N  Y  2  U   -1539.78070526347  1.4E-05  2.1E-06  6.1E-05
etot    6  N  N  2  U   -1539.78070594710  6.8E-07  0.0E+00  0.0E+00
scf (DFT) done.
der1a (1-e 1st deriv.) done.
rwr (1st deriv. Q) done.
der1b (2-e 1st deriv.) done.
  Geometry optimization step  15
  Total energy:     -1539.83512695438 hartrees
  energy change:          -2.0084E-04 .  (  5.0000E-05 )
  gradient maximum:        3.0434E-03 .  (  4.5000E-04 )
  gradient rms:            4.7406E-04 .  (  3.0000E-04 )
  displacement maximum:    4.6124E-02 .  (  1.8000E-03 )
  displacement rms:        6.5844E-03 .  (  1.2000E-03 )
  
  predicted energy change: -1.1671E-04
  step size:     0.09833
  trust radius:  0.30000
---------------- geometry iteration  15 complete ----------------
geopt (optimize geometry) done.
onee (1-electron integrals) done.
probe (project orbitals) done.
grid (grid generation) done.
rwr (Q operators) done.
  
       i  u  d  i  g
       t  p  i  c  r                                 RMS    maximum
       e  d  i  u  i                       energy  density   DIIS  
       r  t  s  t  d       total energy    change  change    error 
  
etot    1  N  N  2  U   -1539.77712225227           1.4E-04  3.8E-03
etot    2  Y  Y  6  M   -1539.78052262490  3.4E-03  2.2E-05  3.1E-04
etot    3  N  Y  2  U   -1539.78044826031 -7.4E-05  1.9E-05  4.6E-04
etot    4  N  Y  2  U   -1539.78050841359  6.0E-05  6.3E-06  2.3E-04
etot    5  N  Y  2  U   -1539.78051784449  9.4E-06  1.7E-06  8.2E-05
etot    6  N  N  2  U   -1539.78051851057  6.7E-07  0.0E+00  0.0E+00
scf (DFT) done.
der1a (1-e 1st deriv.) done.
rwr (1st deriv. Q) done.
der1b (2-e 1st deriv.) done.
  Geometry optimization step  16
  Total energy:     -1539.83496701590 hartrees
  energy change:           1.5994E-04 .  (  5.0000E-05 )
  gradient maximum:        3.5913E-03 .  (  4.5000E-04 )
  gradient rms:            5.0330E-04 .  (  3.0000E-04 )
  displacement maximum:    6.1136E-02 .  (  1.8000E-03 )
  displacement rms:        1.0560E-02 .  (  1.2000E-03 )
  
  predicted energy change: -1.5352E-04
  step size:     0.15770
  trust radius:  0.30000
---------------- geometry iteration  16 complete ----------------
geopt (optimize geometry) done.
onee (1-electron integrals) done.
probe (project orbitals) done.
grid (grid generation) done.
rwr (Q operators) done.
  
       i  u  d  i  g
       t  p  i  c  r                                 RMS    maximum
       e  d  i  u  i                       energy  density   DIIS  
       r  t  s  t  d       total energy    change  change    error 
  
etot    1  N  N  2  U   -1539.77045124393           2.3E-04  5.3E-03
etot    2  Y  Y  6  M   -1539.78048018129  1.0E-02  2.7E-05  4.3E-04
etot    3  N  Y  2  U   -1539.78041368916 -6.6E-05  1.9E-05  4.6E-04
etot    4  N  Y  2  U   -1539.78047687822  6.3E-05  7.1E-06  1.7E-04
etot    5  N  Y  2  U   -1539.78048882115  1.2E-05  2.2E-06  4.1E-05
etot    6  N  N  2  U   -1539.78048957411  7.5E-07  0.0E+00  0.0E+00
scf (DFT) done.
der1a (1-e 1st deriv.) done.
rwr (1st deriv. Q) done.
der1b (2-e 1st deriv.) done.
  Geometry optimization step  17
  Total energy:     -1539.83496494002 hartrees
  energy change:           2.0759E-06 #  (  5.0000E-05 )
  gradient maximum:        3.2312E-03 .  (  4.5000E-04 )
  gradient rms:            5.4712E-04 .  (  3.0000E-04 )
  displacement maximum:    7.5611E-02 .  (  1.8000E-03 )
  displacement rms:        1.3519E-02 .  (  1.2000E-03 )
  
  predicted energy change: -1.5428E-04
  step size:     0.20188
  trust radius:  0.30000
---------------- geometry iteration  17 complete ----------------
geopt (optimize geometry) done.
onee (1-electron integrals) done.
probe (project orbitals) done.
grid (grid generation) done.
rwr (Q operators) done.
  
       i  u  d  i  g
       t  p  i  c  r                                 RMS    maximum
       e  d  i  u  i                       energy  density   DIIS  
       r  t  s  t  d       total energy    change  change    error 
  
etot    1  N  N  2  U   -1539.76059253358           3.4E-04  7.9E-03
etot    2  Y  Y  6  M   -1539.78057272505  2.0E-02  3.8E-05  6.5E-04
etot    3  N  Y  2  U   -1539.78044983241 -1.2E-04  2.6E-05  6.3E-04
etot    4  N  Y  2  U   -1539.78055129838  1.0E-04  9.8E-06  3.6E-04
etot    5  N  Y  2  U   -1539.78057820619  2.7E-05  2.9E-06  5.4E-05
etot    6  N  N  2  U   -1539.78057950135  1.3E-06  0.0E+00  0.0E+00
scf (DFT) done.
der1a (1-e 1st deriv.) done.
rwr (1st deriv. Q) done.
der1b (2-e 1st deriv.) done.
  Geometry optimization step  18
  Total energy:     -1539.83507184662 hartrees
  energy change:          -1.0691E-04 .  (  5.0000E-05 )
  gradient maximum:        2.3775E-03 .  (  4.5000E-04 )
  gradient rms:            4.7100E-04 .  (  3.0000E-04 )
  displacement maximum:    2.3850E-02 .  (  1.8000E-03 )
  displacement rms:        4.0877E-03 .  (  1.2000E-03 )
  
  predicted energy change: -8.5159E-05
  step size:     0.06104
  trust radius:  0.30000
---------------- geometry iteration  18 complete ----------------
geopt (optimize geometry) done.
onee (1-electron integrals) done.
probe (project orbitals) done.
grid (grid generation) done.
rwr (Q operators) done.
  
       i  u  d  i  g
       t  p  i  c  r                                 RMS    maximum
       e  d  i  u  i                       energy  density   DIIS  
       r  t  s  t  d       total energy    change  change    error 
  
etot    1  N  N  2  U   -1539.77924169924           5.0E-04  9.7E-03
etot    2  Y  Y  6  M   -1539.78057749363  1.3E-03  1.9E-05  2.0E-04
etot    3  N  Y  2  U   -1539.78055063116 -2.7E-05  1.5E-05  4.5E-04
etot    4  N  Y  2  U   -1539.78058976755  3.9E-05  3.7E-06  1.0E-04
etot    5  N  N  2  U   -1539.78059154168  1.8E-06  0.0E+00  0.0E+00
scf (DFT) done.
der1a (1-e 1st deriv.) done.
rwr (1st deriv. Q) done.
der1b (2-e 1st deriv.) done.
  Geometry optimization step  19
  Total energy:     -1539.83508605156 hartrees
  energy change:          -1.4205E-05 *  (  5.0000E-05 )
  gradient maximum:        2.0726E-03 .  (  4.5000E-04 )
  gradient rms:            4.1714E-04 .  (  3.0000E-04 )
  displacement maximum:    2.9925E-02 .  (  1.8000E-03 )
  displacement rms:        5.7793E-03 .  (  1.2000E-03 )
  
  predicted energy change: -6.2301E-05
  step size:     0.08630
  trust radius:  0.30000
---------------- geometry iteration  19 complete ----------------
geopt (optimize geometry) done.
onee (1-electron integrals) done.
probe (project orbitals) done.
grid (grid generation) done.
rwr (Q operators) done.
  
       i  u  d  i  g
       t  p  i  c  r                                 RMS    maximum
       e  d  i  u  i                       energy  density   DIIS  
       r  t  s  t  d       total energy    change  change    error 
  
etot    1  N  N  2  U   -1539.77678539179           3.8E-04  7.8E-03
etot    2  Y  Y  6  M   -1539.78044312380  3.7E-03  2.5E-05  2.3E-04
etot    3  N  Y  2  U   -1539.78035496185 -8.8E-05  2.1E-05  6.1E-04
etot    4  N  Y  2  U   -1539.78044854992  9.4E-05  5.7E-06  2.0E-04
etot    5  N  Y  2  U   -1539.78045422878  5.7E-06  2.1E-06  6.3E-05
etot    6  N  N  2  U   -1539.78045503154  8.0E-07  0.0E+00  0.0E+00
scf (DFT) done.
der1a (1-e 1st deriv.) done.
rwr (1st deriv. Q) done.
der1b (2-e 1st deriv.) done.
  Geometry optimization step  20
  Total energy:     -1539.83498367682 hartrees
  energy change:           1.0237E-04 .  (  5.0000E-05 )
  gradient maximum:        2.1407E-03 .  (  4.5000E-04 )
  gradient rms:            3.2628E-04 .  (  3.0000E-04 )
  displacement maximum:    3.8737E-02 .  (  1.8000E-03 )
  displacement rms:        4.9863E-03 .  (  1.2000E-03 )
  
  predicted energy change: -3.8662E-05
  step size:     0.07446
  trust radius:  0.30000
---------------- geometry iteration  20 complete ----------------
geopt (optimize geometry) done.
onee (1-electron integrals) done.
probe (project orbitals) done.
grid (grid generation) done.
rwr (Q operators) done.
  
       i  u  d  i  g
       t  p  i  c  r                                 RMS    maximum
       e  d  i  u  i                       energy  density   DIIS  
       r  t  s  t  d       total energy    change  change    error 
  
etot    1  N  N  2  U   -1539.77774645539           1.1E-04  3.4E-03
etot    2  Y  Y  6  M   -1539.78036245934  2.6E-03  2.5E-05  2.5E-04
etot    3  N  Y  2  U   -1539.78029702346 -6.5E-05  2.0E-05  5.9E-04
etot    4  N  Y  2  U   -1539.78036901353  7.2E-05  4.1E-06  1.0E-04
etot    5  N  N  2  U   -1539.78037125503  2.2E-06  0.0E+00  0.0E+00
scf (DFT) done.
der1a (1-e 1st deriv.) done.
rwr (1st deriv. Q) done.
der1b (2-e 1st deriv.) done.
  Geometry optimization step  21
  Total energy:     -1539.83495985865 hartrees
  energy change:           2.3818E-05 *  (  5.0000E-05 )
  gradient maximum:        2.8436E-03 .  (  4.5000E-04 )
  gradient rms:            3.2163E-04 .  (  3.0000E-04 )
  displacement maximum:    1.3474E-02 .  (  1.8000E-03 )
  displacement rms:        2.1962E-03 .  (  1.2000E-03 )
  
  predicted energy change: -2.5636E-05
  step size:     0.03280
  trust radius:  0.30000
---------------- geometry iteration  21 complete ----------------
geopt (optimize geometry) done.
onee (1-electron integrals) done.
probe (project orbitals) done.
grid (grid generation) done.
rwr (Q operators) done.
  
       i  u  d  i  g
       t  p  i  c  r                                 RMS    maximum
       e  d  i  u  i                       energy  density   DIIS  
       r  t  s  t  d       total energy    change  change    error 
  
etot    1  N  N  2  U   -1539.78011592281           4.8E-05  9.6E-04
etot    2  N  Y  2  U   -1539.78042454002  3.1E-04  1.3E-05  1.2E-04
etot    3  N  Y  2  U   -1539.78040173830 -2.3E-05  1.0E-05  3.8E-04
etot    4  N  Y  2  U   -1539.78042849672  2.7E-05  2.2E-06  7.7E-05
etot    5  N  N  2  U   -1539.78042930035  8.0E-07  0.0E+00  0.0E+00
scf (DFT) done.
der1a (1-e 1st deriv.) done.
rwr (1st deriv. Q) done.
der1b (2-e 1st deriv.) done.
  Geometry optimization step  22
  Total energy:     -1539.83498337754 hartrees
  energy change:          -2.3519E-05 *  (  5.0000E-05 )
  gradient maximum:        3.9902E-04 *  (  4.5000E-04 )
  gradient rms:            9.8111E-05 *  (  3.0000E-04 )
  displacement maximum:    5.3442E-03 .  (  1.8000E-03 )
  displacement rms:        1.1500E-03 *  (  1.2000E-03 )
  
  predicted energy change: -4.6843E-06
  step size:     0.01717
  trust radius:  0.30000
---------------- geometry iteration  22 complete ----------------
geopt (optimize geometry) done.
onee (1-electron integrals) done.
probe (project orbitals) done.
grid (grid generation) done.
rwr (Q operators) done.
  
       i  u  d  i  g
       t  p  i  c  r                                 RMS    maximum
       e  d  i  u  i                       energy  density   DIIS  
       r  t  s  t  d       total energy    change  change    error 
  
etot    1  N  N  2  U   -1539.78033884274           4.5E-05  8.4E-04
etot    2  N  Y  2  U   -1539.78044961950  1.1E-04  7.0E-06  6.4E-05
etot    3  N  Y  2  U   -1539.78044114886 -8.5E-06  5.7E-06  2.1E-04
etot    4  N  Y  2  U   -1539.78045078681  9.6E-06  1.0E-06  2.6E-05
etot    5  N  N  2  U   -1539.78045090283  1.2E-07  0.0E+00  0.0E+00
scf (DFT) done.
der1a (1-e 1st deriv.) done.
rwr (1st deriv. Q) done.
der1b (2-e 1st deriv.) done.
  Geometry optimization step  23
  Total energy:     -1539.83499297746 hartrees
  energy change:          -9.5999E-06 *  (  5.0000E-05 )
  gradient maximum:        3.4642E-04 *  (  4.5000E-04 )
  gradient rms:            6.0204E-05 *  (  3.0000E-04 )
  displacement maximum:    4.7620E-03 .  (  1.8000E-03 )
  displacement rms:        6.2826E-04 *  (  1.2000E-03 )
  
  predicted energy change: -1.3624E-06
  step size:     0.00938
  trust radius:  0.30000
---------------- geometry iteration  23 complete ----------------
geopt (optimize geometry) done.
onee (1-electron integrals) done.
probe (project orbitals) done.
grid (grid generation) done.
rwr (Q operators) done.
  
       i  u  d  i  g
       t  p  i  c  r                                 RMS    maximum
       e  d  i  u  i                       energy  density   DIIS  
       r  t  s  t  d       total energy    change  change    error 
  
etot    1  N  N  2  U   -1539.78042048469           2.6E-05  5.4E-04
etot    2  N  Y  2  U   -1539.78044992559  2.9E-05  3.5E-06  4.1E-05
etot    3  N  N  2  U   -1539.78044800908 -1.9E-06  0.0E+00  0.0E+00
scf (DFT) done.
der1a (1-e 1st deriv.) done.
rwr (1st deriv. Q) done.
der1b (2-e 1st deriv.) done.
  Geometry optimization step  24
  Total energy:     -1539.83499012371 hartrees
  energy change:           2.8538E-06 *  (  5.0000E-05 )
  gradient maximum:        2.2731E-04 *  (  4.5000E-04 )
  gradient rms:            5.4161E-05 #  (  3.0000E-04 )
  displacement maximum:    7.4848E-03 .  (  1.8000E-03 )
  displacement rms:        1.4002E-03 .  (  1.2000E-03 )
  
  predicted energy change: -2.8184E-06
  step size:     0.02091
  trust radius:  0.30000
---------------- geometry iteration  24 complete ----------------
geopt (optimize geometry) done.
onee (1-electron integrals) done.
probe (project orbitals) done.
grid (grid generation) done.
rwr (Q operators) done.
  
       i  u  d  i  g
       t  p  i  c  r                                 RMS    maximum
       e  d  i  u  i                       energy  density   DIIS  
       r  t  s  t  d       total energy    change  change    error 
  
etot    1  N  N  2  U   -1539.78017091448           3.6E-05  7.3E-04
etot    2  N  Y  2  U   -1539.78035938284  1.9E-04  2.6E-05  3.9E-04
etot    3  N  Y  2  U   -1539.78026635414 -9.3E-05  1.9E-05  8.5E-04
etot    4  N  Y  2  U   -1539.78038428700  1.2E-04  2.7E-06  8.9E-05
etot    5  N  N  2  U   -1539.78038590515  1.6E-06  0.0E+00  0.0E+00
scf (DFT) done.
der1a (1-e 1st deriv.) done.
rwr (1st deriv. Q) done.
der1b (2-e 1st deriv.) done.
  Geometry optimization step  25
  Total energy:     -1539.83494721973 hartrees
  ** restarting optimization from step   24 **
  energy change:           4.2904E-05 *  (  5.0000E-05 )
  gradient maximum:        2.2731E-04 *  (  4.5000E-04 )
  gradient rms:            5.4161E-05 #  (  3.0000E-04 )
  displacement maximum:    6.2745E-03 .  (  1.8000E-03 )
  displacement rms:        1.0351E-03 *  (  1.2000E-03 )
  
  predicted energy change: -1.8441E-06
  step size:     0.01546
  trust radius:  0.30000
---------------- geometry iteration  25 complete ----------------
geopt (optimize geometry) done.
onee (1-electron integrals) done.
probe (project orbitals) done.
grid (grid generation) done.
rwr (Q operators) done.
  
       i  u  d  i  g
       t  p  i  c  r                                 RMS    maximum
       e  d  i  u  i                       energy  density   DIIS  
       r  t  s  t  d       total energy    change  change    error 
  
etot    1  N  N  2  U   -1539.78038905920           2.4E-05  4.9E-04
etot    2  N  Y  2  U   -1539.78042101835  3.2E-05  7.4E-06  7.6E-05
etot    3  N  Y  2  U   -1539.78041276509 -8.3E-06  5.5E-06  2.1E-04
etot    4  N  Y  2  U   -1539.78042251444  9.7E-06  7.3E-07  2.8E-05
etot    5  N  N  2  U   -1539.78042263151  1.2E-07  0.0E+00  0.0E+00
scf (DFT) done.
der1a (1-e 1st deriv.) done.
rwr (1st deriv. Q) done.
der1b (2-e 1st deriv.) done.
  Geometry optimization step  26
  Total energy:     -1539.83497288724 hartrees
  energy change:           1.7236E-05 *  (  5.0000E-05 )
  gradient maximum:        1.8420E-04 *  (  4.5000E-04 )
  gradient rms:            4.6990E-05 #  (  3.0000E-04 )
  displacement maximum:    1.0859E-02 .  (  1.8000E-03 )
  displacement rms:        1.5953E-03 .  (  1.2000E-03 )
  
  predicted energy change: -2.6501E-06
  step size:     0.02382
  trust radius:  0.30000
---------------- geometry iteration  26 complete ----------------
geopt (optimize geometry) done.
onee (1-electron integrals) done.
probe (project orbitals) done.
grid (grid generation) done.
rwr (Q operators) done.
  
       i  u  d  i  g
       t  p  i  c  r                                 RMS    maximum
       e  d  i  u  i                       energy  density   DIIS  
       r  t  s  t  d       total energy    change  change    error 
  
etot    1  N  N  2  U   -1539.78023149885           3.8E-05  8.0E-04
etot    2  N  Y  2  U   -1539.78047017219  2.4E-04  6.1E-06  6.0E-05
etot    3  N  Y  2  U   -1539.78046702285 -3.1E-06  4.8E-06  1.2E-04
etot    4  N  N  2  U   -1539.78047106235  4.0E-06  0.0E+00  0.0E+00
scf (DFT) done.
der1a (1-e 1st deriv.) done.
rwr (1st deriv. Q) done.
der1b (2-e 1st deriv.) done.
  Geometry optimization step  27
  Total energy:     -1539.83500549655 hartrees
  energy change:          -3.2609E-05 *  (  5.0000E-05 )
  gradient maximum:        4.2633E-04 *  (  4.5000E-04 )
  gradient rms:            7.4723E-05 *  (  3.0000E-04 )
  displacement maximum:    1.2698E-02 .  (  1.8000E-03 )
  displacement rms:        1.7967E-03 .  (  1.2000E-03 )
  
  predicted energy change: -4.2177E-06
  step size:     0.02683
  trust radius:  0.30000
---------------- geometry iteration  27 complete ----------------
geopt (optimize geometry) done.
onee (1-electron integrals) done.
probe (project orbitals) done.
grid (grid generation) done.
rwr (Q operators) done.
  
       i  u  d  i  g
       t  p  i  c  r                                 RMS    maximum
       e  d  i  u  i                       energy  density   DIIS  
       r  t  s  t  d       total energy    change  change    error 
  
etot    1  N  N  2  U   -1539.78006689141           4.7E-05  1.0E-03
etot    2  N  Y  2  U   -1539.78039454266  3.3E-04  2.0E-05  1.6E-04
etot    3  N  Y  2  U   -1539.78033555959 -5.9E-05  1.5E-05  5.0E-04
etot    4  N  Y  2  U   -1539.78040273345  6.7E-05  2.2E-06  5.5E-05
etot    5  N  N  2  U   -1539.78040322839  4.9E-07  0.0E+00  0.0E+00
scf (DFT) done.
der1a (1-e 1st deriv.) done.
rwr (1st deriv. Q) done.
der1b (2-e 1st deriv.) done.
  Geometry optimization step  28
  Total energy:     -1539.83495509276 hartrees
  energy change:           5.0404E-05 .  (  5.0000E-05 )
  gradient maximum:        3.7066E-04 *  (  4.5000E-04 )
  gradient rms:            7.0944E-05 *  (  3.0000E-04 )
  displacement maximum:    3.7779E-03 .  (  1.8000E-03 )
  displacement rms:        5.7794E-04 *  (  1.2000E-03 )
  
  predicted energy change: -1.4120E-06
  step size:     0.00863
  trust radius:  0.30000
---------------- geometry iteration  28 complete ----------------
geopt (optimize geometry) done.
onee (1-electron integrals) done.
probe (project orbitals) done.
grid (grid generation) done.
rwr (Q operators) done.
  
       i  u  d  i  g
       t  p  i  c  r                                 RMS    maximum
       e  d  i  u  i                       energy  density   DIIS  
       r  t  s  t  d       total energy    change  change    error 
  
etot    1  N  N  2  U   -1539.78039365571           1.3E-05  3.4E-04
etot    2  N  Y  2  U   -1539.78041740287  2.4E-05  9.4E-06  1.2E-04
etot    3  N  Y  2  U   -1539.78040776806 -9.6E-06  6.6E-06  2.7E-04
etot    4  N  Y  2  U   -1539.78041973306  1.2E-05  9.1E-07  3.4E-05
etot    5  N  N  2  U   -1539.78041990248  1.7E-07  0.0E+00  0.0E+00
scf (DFT) done.
der1a (1-e 1st deriv.) done.
rwr (1st deriv. Q) done.
der1b (2-e 1st deriv.) done.
  Geometry optimization step  29
  Total energy:     -1539.83497050178 hartrees
  energy change:          -1.5409E-05 *  (  5.0000E-05 )
  gradient maximum:        1.6717E-04 *  (  4.5000E-04 )
  gradient rms:            3.6139E-05 #  (  3.0000E-04 )
  displacement maximum:    2.2395E-03 .  (  1.8000E-03 )
  displacement rms:        4.7650E-04 *  (  1.2000E-03 )
  
  predicted energy change: -6.3868E-07
  step size:     0.00712
  trust radius:  0.30000
------------- final geometry iteration  29 complete -------------
geopt (optimize geometry) done.
cutabab2 (abab integrals) done.
der2a (1-e JK-1st deriv.) done.
der2b (2-e JK-1st deriv.) done.
der2nda (1-e 2nd deriv.) done.
der2ndb (2-e 2nd deriv.) done.
rwr (Q operators) done.
cphfa (gradient of wave function) done.
freq (vib. frequencies) done.
Job J1_9890_2111 completed on hpc-92-22.cm.cluster at Wed May 29 10:01:46 2024
Timer (jaguar_backend.py) : 4216.49 secs (1 hrs, 10 mins, 16 secs)
Finished:   Wed May 29 10:01:46 2024
