Command:  /groups/wag/programs/Schrodinger_2020_3/jaguar run -WAIT -PARALLEL 8 /central/home/labounad/wittig-ch121/out/J1_9911_2111/J1_9911_2111.in
Release:  2020-3
Exec:     /groups/wag/programs/Schrodinger_2020_3/jaguar-v10.9/bin/Linux-x86_64
Host:     hpc-92-23.cm.cluster
JobId:    hpc-92-23-0-66577529
JobDir:   /central/scratch/labounad/J1_9911_2111#hpc-92-23-0-66577529
Date:     Wed May 29 11:34:19 2024

Contents of /central/scratch/labounad/J1_9911_2111#hpc-92-23-0-66577529:
/central/scratch/labounad/J1_9911_2111#hpc-92-23-0-66577529/.write_dir.json
/central/scratch/labounad/J1_9911_2111#hpc-92-23-0-66577529/hpc-92-23-0-66577529.recover
/central/scratch/labounad/J1_9911_2111#hpc-92-23-0-66577529/hpc-92-23-0-66577529.mpinodes
/central/scratch/labounad/J1_9911_2111#hpc-92-23-0-66577529/J1_9911_2111.log
/central/scratch/labounad/J1_9911_2111#hpc-92-23-0-66577529/J1_9911_2111.recover
/central/scratch/labounad/J1_9911_2111#hpc-92-23-0-66577529/hpc-92-23-0-66577529.nodes
/central/scratch/labounad/J1_9911_2111#hpc-92-23-0-66577529/J1_9911_2111.in
/central/scratch/labounad/J1_9911_2111#hpc-92-23-0-66577529/hpc-92-23-0-66577529

Executing subprocess:
/groups/wag/programs/Schrodinger_2020_3/jaguar-v10.9/bin/Linux-x86_64/jexec J1_9911_2111.in -T 8 -out /central/scratch/labounad/J1_9911_2111#hpc-92-23-0-66577529 -cwd

Job J1_9911_2111 started on hpc-92-23.cm.cluster at Wed May 29 11:34:19 2024
jobid: hpc-92-23-0-66577529 
Jaguar version 10.9, release 139
 Using up to   8 threads per process
Molecular Point Group: C1      
Point Group used: C1
pre (input checking) done.
onee (1-electron integrals) done.
hfig (HF initial guess) done.
probe (project orbitals) done.
grid (grid generation) done.
rwr (Q operators) done.
scf type: DFT=PBE(X+LC)+PW91 (PBE-D3)
  
       i  u  d  i  g
       t  p  i  c  r                                 RMS    maximum
       e  d  i  u  i                       energy  density   DIIS  
       r  t  s  t  d       total energy    change  change    error 
  
etot    1  N  N  5  M   -1350.73220719264           5.7E-03  1.3E-01
etot    2  Y  Y  6  M   -1348.73868771458 -2.0E+00  7.6E-03  9.2E-02
etot    3  Y  Y  6  M   -1348.64667967718 -9.2E-02  6.0E-03  1.3E-01
etot    4  N  Y  2  U   -1353.90216101037  5.3E+00  2.2E-03  5.2E-02
etot    5  Y  Y  6  M   -1353.92320458338  2.1E-02  1.4E-03  3.8E-02
etot    6  N  Y  2  U   -1354.18393725574  2.6E-01  6.0E-04  2.0E-02
etot    7  Y  Y  6  M   -1354.23362993814  5.0E-02  2.8E-04  8.9E-03
etot    8  N  Y  2  U   -1354.24775560535  1.4E-02  1.1E-04  3.3E-03
etot    9  Y  Y  6  M   -1354.24942782001  1.7E-03  5.1E-05  2.0E-03
etot   10  Y  Y  6  M   -1354.25005271764  6.2E-04  2.5E-05  6.6E-04
etot   11  N  Y  2  U   -1354.25000650976 -4.6E-05  1.3E-05  3.3E-04
etot   12  N  Y  2  U   -1354.25002982868  2.3E-05  4.6E-06  1.3E-04
etot   13  N  N  2  U   -1354.25003221525  2.4E-06  0.0E+00  0.0E+00
scf (DFT) done.
der1a (1-e 1st deriv.) done.
rwr (1st deriv. Q) done.
der1b (2-e 1st deriv.) done.
  Geometry optimization step   1
  Total energy:     -1354.30159188813 hartrees
  gradient maximum:        4.1803E-02 .  (  4.5000E-04 )
  gradient rms:            7.0069E-03 .  (  3.0000E-04 )
  displacement maximum:    1.2736E-01 .  (  1.8000E-03 )
  displacement rms:        2.0810E-02 .  (  1.2000E-03 )
  
  predicted energy change: -1.8868E-02
  step size:     0.30012
  trust radius:  0.30000
---------------- geometry iteration   1 complete ----------------
geopt (optimize geometry) done.
onee (1-electron integrals) done.
probe (project orbitals) done.
grid (grid generation) done.
rwr (Q operators) done.
  
       i  u  d  i  g
       t  p  i  c  r                                 RMS    maximum
       e  d  i  u  i                       energy  density   DIIS  
       r  t  s  t  d       total energy    change  change    error 
  
etot    1  N  N  2  U   -1354.25560330092           3.0E-04  4.2E-03
etot    2  Y  Y  6  M   -1354.26801610055  1.2E-02  1.1E-04  1.0E-03
etot    3  N  Y  2  U   -1354.26727605756 -7.4E-04  8.2E-05  1.6E-03
etot    4  Y  Y  6  M   -1354.26840128336  1.1E-03  1.9E-05  7.0E-04
etot    5  N  Y  2  U   -1354.26848870081  8.7E-05  6.0E-06  2.3E-04
etot    6  N  Y  2  U   -1354.26849694358  8.2E-06  2.2E-06  7.0E-05
etot    7  N  N  2  U   -1354.26849765542  7.1E-07  0.0E+00  0.0E+00
scf (DFT) done.
der1a (1-e 1st deriv.) done.
rwr (1st deriv. Q) done.
der1b (2-e 1st deriv.) done.
  Geometry optimization step   2
  Total energy:     -1354.31895887413 hartrees
  energy change:          -1.7367E-02 .  (  5.0000E-05 )
  gradient maximum:        1.7453E-02 .  (  4.5000E-04 )
  gradient rms:            2.3836E-03 .  (  3.0000E-04 )
  displacement maximum:    9.7170E-02 .  (  1.8000E-03 )
  displacement rms:        2.0803E-02 .  (  1.2000E-03 )
  
  predicted energy change: -4.1515E-03
  step size:     0.30003
  trust radius:  0.30000
---------------- geometry iteration   2 complete ----------------
geopt (optimize geometry) done.
onee (1-electron integrals) done.
probe (project orbitals) done.
grid (grid generation) done.
rwr (Q operators) done.
  
       i  u  d  i  g
       t  p  i  c  r                                 RMS    maximum
       e  d  i  u  i                       energy  density   DIIS  
       r  t  s  t  d       total energy    change  change    error 
  
etot    1  N  N  2  U   -1354.24460574950           3.6E-04  7.6E-03
etot    2  Y  Y  6  M   -1354.27187437447  2.7E-02  7.9E-05  7.0E-04
etot    3  N  Y  2  U   -1354.27136069268 -5.1E-04  6.2E-05  1.5E-03
etot    4  Y  Y  6  M   -1354.27198641401  6.3E-04  1.6E-05  3.9E-04
etot    5  N  Y  2  U   -1354.27199445766  8.0E-06  5.2E-06  1.8E-04
etot    6  N  Y  2  U   -1354.27200078863  6.3E-06  2.0E-06  4.9E-05
etot    7  N  N  2  U   -1354.27200137734  5.9E-07  0.0E+00  0.0E+00
scf (DFT) done.
der1a (1-e 1st deriv.) done.
rwr (1st deriv. Q) done.
der1b (2-e 1st deriv.) done.
  Geometry optimization step   3
  Total energy:     -1354.32305088057 hartrees
  energy change:          -4.0920E-03 .  (  5.0000E-05 )
  gradient maximum:        7.1400E-03 .  (  4.5000E-04 )
  gradient rms:            1.2302E-03 .  (  3.0000E-04 )
  displacement maximum:    1.3660E-01 .  (  1.8000E-03 )
  displacement rms:        2.0848E-02 .  (  1.2000E-03 )
  
  predicted energy change: -1.6908E-03
  step size:     0.30067
  trust radius:  0.30000
---------------- geometry iteration   3 complete ----------------
geopt (optimize geometry) done.
onee (1-electron integrals) done.
probe (project orbitals) done.
grid (grid generation) done.
rwr (Q operators) done.
  
       i  u  d  i  g
       t  p  i  c  r                                 RMS    maximum
       e  d  i  u  i                       energy  density   DIIS  
       r  t  s  t  d       total energy    change  change    error 
  
etot    1  N  N  2  U   -1354.24250098238           3.7E-04  7.7E-03
etot    2  Y  Y  6  M   -1354.27317821497  3.1E-02  7.9E-05  6.2E-04
etot    3  N  Y  2  U   -1354.27270920267 -4.7E-04  6.1E-05  1.4E-03
etot    4  Y  Y  6  M   -1354.27325724881  5.5E-04  1.5E-05  3.5E-04
etot    5  N  Y  2  U   -1354.27327667493  1.9E-05  4.9E-06  1.5E-04
etot    6  N  N  2  U   -1354.27328217549  5.5E-06  0.0E+00  0.0E+00
scf (DFT) done.
der1a (1-e 1st deriv.) done.
rwr (1st deriv. Q) done.
der1b (2-e 1st deriv.) done.
  Geometry optimization step   4
  Total energy:     -1354.32436029113 hartrees
  energy change:          -1.3094E-03 .  (  5.0000E-05 )
  gradient maximum:        8.1884E-03 .  (  4.5000E-04 )
  gradient rms:            1.2544E-03 .  (  3.0000E-04 )
  displacement maximum:    1.1348E-01 .  (  1.8000E-03 )
  displacement rms:        2.0810E-02 .  (  1.2000E-03 )
  
  predicted energy change: -1.4541E-03
  step size:     0.30012
  trust radius:  0.30000
---------------- geometry iteration   4 complete ----------------
geopt (optimize geometry) done.
onee (1-electron integrals) done.
probe (project orbitals) done.
grid (grid generation) done.
rwr (Q operators) done.
  
       i  u  d  i  g
       t  p  i  c  r                                 RMS    maximum
       e  d  i  u  i                       energy  density   DIIS  
       r  t  s  t  d       total energy    change  change    error 
  
etot    1  N  N  2  U   -1354.23742784911           4.0E-04  1.1E-02
etot    2  Y  Y  6  M   -1354.27357991820  3.6E-02  7.2E-05  6.7E-04
etot    3  N  Y  2  U   -1354.27316813273 -4.1E-04  5.6E-05  1.5E-03
etot    4  Y  Y  6  M   -1354.27365754906  4.9E-04  1.5E-05  4.7E-04
etot    5  N  Y  2  U   -1354.27367549990  1.8E-05  4.7E-06  1.1E-04
etot    6  N  N  2  U   -1354.27367991812  4.4E-06  0.0E+00  0.0E+00
scf (DFT) done.
der1a (1-e 1st deriv.) done.
rwr (1st deriv. Q) done.
der1b (2-e 1st deriv.) done.
  Geometry optimization step   5
  Total energy:     -1354.32472106419 hartrees
  energy change:          -3.6077E-04 .  (  5.0000E-05 )
  gradient maximum:        8.4029E-03 .  (  4.5000E-04 )
  gradient rms:            1.4058E-03 .  (  3.0000E-04 )
  displacement maximum:    1.4522E-01 .  (  1.8000E-03 )
  displacement rms:        1.6572E-02 .  (  1.2000E-03 )
  
  predicted energy change: -8.6470E-04
  step size:     0.23901
  trust radius:  0.30000
---------------- geometry iteration   5 complete ----------------
geopt (optimize geometry) done.
onee (1-electron integrals) done.
probe (project orbitals) done.
grid (grid generation) done.
rwr (Q operators) done.
  
       i  u  d  i  g
       t  p  i  c  r                                 RMS    maximum
       e  d  i  u  i                       energy  density   DIIS  
       r  t  s  t  d       total energy    change  change    error 
  
etot    1  N  N  2  U   -1354.25585121336           2.7E-04  5.9E-03
etot    2  Y  Y  6  M   -1354.27332458839  1.7E-02  4.5E-05  4.5E-04
etot    3  N  Y  2  U   -1354.27324493727 -8.0E-05  3.7E-05  1.1E-03
etot    4  N  Y  2  U   -1354.27342527940  1.8E-04  9.2E-06  2.6E-04
etot    5  N  Y  2  U   -1354.27343400298  8.7E-06  2.7E-06  5.3E-05
etot    6  N  N  2  U   -1354.27343536448  1.4E-06  0.0E+00  0.0E+00
scf (DFT) done.
der1a (1-e 1st deriv.) done.
rwr (1st deriv. Q) done.
der1b (2-e 1st deriv.) done.
  Geometry optimization step   6
  Total energy:     -1354.32485198857 hartrees
  energy change:          -1.3092E-04 .  (  5.0000E-05 )
  gradient maximum:        1.1205E-02 .  (  4.5000E-04 )
  gradient rms:            1.3471E-03 .  (  3.0000E-04 )
  displacement maximum:    1.3065E-01 .  (  1.8000E-03 )
  displacement rms:        2.0803E-02 .  (  1.2000E-03 )
  
  predicted energy change: -1.6883E-03
  step size:     0.30002
  trust radius:  0.30000
---------------- geometry iteration   6 complete ----------------
geopt (optimize geometry) done.
onee (1-electron integrals) done.
probe (project orbitals) done.
grid (grid generation) done.
rwr (Q operators) done.
  
       i  u  d  i  g
       t  p  i  c  r                                 RMS    maximum
       e  d  i  u  i                       energy  density   DIIS  
       r  t  s  t  d       total energy    change  change    error 
  
etot    1  N  N  2  U   -1354.23211499669           4.3E-04  9.1E-03
etot    2  Y  Y  6  M   -1354.27382247029  4.2E-02  7.0E-05  6.0E-04
etot    3  N  Y  2  U   -1354.27351701025 -3.1E-04  5.4E-05  1.3E-03
etot    4  Y  Y  6  M   -1354.27395465496  4.4E-04  1.6E-05  4.1E-04
etot    5  N  Y  2  U   -1354.27398447306  3.0E-05  5.4E-06  1.6E-04
etot    6  N  Y  2  U   -1354.27399054619  6.1E-06  2.3E-06  6.4E-05
etot    7  N  N  2  U   -1354.27399128668  7.4E-07  0.0E+00  0.0E+00
scf (DFT) done.
der1a (1-e 1st deriv.) done.
rwr (1st deriv. Q) done.
der1b (2-e 1st deriv.) done.
  Geometry optimization step   7
  Total energy:     -1354.32544218709 hartrees
  energy change:          -5.9020E-04 .  (  5.0000E-05 )
  gradient maximum:        1.4775E-02 .  (  4.5000E-04 )
  gradient rms:            2.0509E-03 .  (  3.0000E-04 )
  displacement maximum:    1.5134E-01 .  (  1.8000E-03 )
  displacement rms:        1.5909E-02 .  (  1.2000E-03 )
  
  predicted energy change: -1.2845E-03
  step size:     0.22945
  trust radius:  0.30000
---------------- geometry iteration   7 complete ----------------
geopt (optimize geometry) done.
onee (1-electron integrals) done.
probe (project orbitals) done.
grid (grid generation) done.
rwr (Q operators) done.
  
       i  u  d  i  g
       t  p  i  c  r                                 RMS    maximum
       e  d  i  u  i                       energy  density   DIIS  
       r  t  s  t  d       total energy    change  change    error 
  
etot    1  N  N  2  U   -1354.25666767314           2.9E-04  7.6E-03
etot    2  Y  Y  6  M   -1354.27577337417  1.9E-02  3.4E-05  3.8E-04
etot    3  N  Y  2  U   -1354.27571176293 -6.2E-05  2.6E-05  5.7E-04
etot    4  N  Y  2  U   -1354.27580762485  9.6E-05  9.4E-06  2.8E-04
etot    5  N  Y  2  U   -1354.27582456415  1.7E-05  2.8E-06  6.5E-05
etot    6  N  N  2  U   -1354.27582624454  1.7E-06  0.0E+00  0.0E+00
scf (DFT) done.
der1a (1-e 1st deriv.) done.
rwr (1st deriv. Q) done.
der1b (2-e 1st deriv.) done.
  Geometry optimization step   8
  Total energy:     -1354.32686917072 hartrees
  energy change:          -1.4270E-03 .  (  5.0000E-05 )
  gradient maximum:        6.6098E-03 .  (  4.5000E-04 )
  gradient rms:            1.1508E-03 .  (  3.0000E-04 )
  displacement maximum:    2.2019E-01 .  (  1.8000E-03 )
  displacement rms:        2.0802E-02 .  (  1.2000E-03 )
  
  predicted energy change: -2.1229E-03
  step size:     0.30001
  trust radius:  0.30000
---------------- geometry iteration   8 complete ----------------
geopt (optimize geometry) done.
onee (1-electron integrals) done.
probe (project orbitals) done.
grid (grid generation) done.
rwr (Q operators) done.
  
       i  u  d  i  g
       t  p  i  c  r                                 RMS    maximum
       e  d  i  u  i                       energy  density   DIIS  
       r  t  s  t  d       total energy    change  change    error 
  
etot    1  N  N  2  U   -1354.24822049033           3.5E-04  9.6E-03
etot    2  Y  Y  6  M   -1354.27646669487  2.8E-02  4.6E-05  5.4E-04
etot    3  N  Y  2  U   -1354.27627917012 -1.9E-04  3.3E-05  7.4E-04
etot    4  N  Y  2  U   -1354.27648218343  2.0E-04  1.1E-05  2.4E-04
etot    5  N  Y  2  U   -1354.27649342362  1.1E-05  4.3E-06  1.2E-04
etot    6  N  N  2  U   -1354.27649721820  3.8E-06  0.0E+00  0.0E+00
scf (DFT) done.
der1a (1-e 1st deriv.) done.
rwr (1st deriv. Q) done.
der1b (2-e 1st deriv.) done.
  Geometry optimization step   9
  Total energy:     -1354.32793533270 hartrees
  energy change:          -1.0662E-03 .  (  5.0000E-05 )
  gradient maximum:        1.0622E-02 .  (  4.5000E-04 )
  gradient rms:            1.8666E-03 .  (  3.0000E-04 )
  displacement maximum:    2.5613E-01 .  (  1.8000E-03 )
  displacement rms:        2.0802E-02 .  (  1.2000E-03 )
  
  predicted energy change: -1.4341E-03
  step size:     0.30002
  trust radius:  0.30000
---------------- geometry iteration   9 complete ----------------
geopt (optimize geometry) done.
onee (1-electron integrals) done.
probe (project orbitals) done.
grid (grid generation) done.
rwr (Q operators) done.
  
       i  u  d  i  g
       t  p  i  c  r                                 RMS    maximum
       e  d  i  u  i                       energy  density   DIIS  
       r  t  s  t  d       total energy    change  change    error 
  
etot    1  N  N  2  U   -1354.25774313701           2.9E-04  1.0E-02
etot    2  Y  Y  6  M   -1354.27819574616  2.0E-02  6.3E-05  6.5E-04
etot    3  N  Y  2  U   -1354.27790593356 -2.9E-04  4.8E-05  1.7E-03
etot    4  N  Y  2  U   -1354.27824730806  3.4E-04  8.3E-06  2.2E-04
etot    5  N  Y  2  U   -1354.27825530397  8.0E-06  2.7E-06  7.2E-05
etot    6  N  N  2  U   -1354.27825655674  1.3E-06  0.0E+00  0.0E+00
scf (DFT) done.
der1a (1-e 1st deriv.) done.
rwr (1st deriv. Q) done.
der1b (2-e 1st deriv.) done.
  Geometry optimization step  10
  Total energy:     -1354.32937635022 hartrees
  energy change:          -1.4410E-03 .  (  5.0000E-05 )
  gradient maximum:        4.4894E-03 .  (  4.5000E-04 )
  gradient rms:            8.0707E-04 .  (  3.0000E-04 )
  displacement maximum:    8.9487E-02 .  (  1.8000E-03 )
  displacement rms:        1.1618E-02 .  (  1.2000E-03 )
  
  predicted energy change: -4.4970E-04
  step size:     0.16755
  trust radius:  0.30000
---------------- geometry iteration  10 complete ----------------
geopt (optimize geometry) done.
onee (1-electron integrals) done.
probe (project orbitals) done.
grid (grid generation) done.
rwr (Q operators) done.
  
       i  u  d  i  g
       t  p  i  c  r                                 RMS    maximum
       e  d  i  u  i                       energy  density   DIIS  
       r  t  s  t  d       total energy    change  change    error 
  
etot    1  N  N  2  U   -1354.27331405129           1.6E-04  4.1E-03
etot    2  Y  Y  6  M   -1354.27873037380  5.4E-03  3.6E-05  3.9E-04
etot    3  N  Y  2  U   -1354.27857054269 -1.6E-04  2.7E-05  1.1E-03
etot    4  N  Y  2  U   -1354.27872445701  1.5E-04  6.2E-06  2.2E-04
etot    5  N  Y  2  U   -1354.27872973730  5.3E-06  2.2E-06  5.7E-05
etot    6  N  N  2  U   -1354.27873065799  9.2E-07  0.0E+00  0.0E+00
scf (DFT) done.
der1a (1-e 1st deriv.) done.
rwr (1st deriv. Q) done.
der1b (2-e 1st deriv.) done.
  Geometry optimization step  11
  Total energy:     -1354.33000639265 hartrees
  energy change:          -6.3004E-04 .  (  5.0000E-05 )
  gradient maximum:        3.2948E-03 .  (  4.5000E-04 )
  gradient rms:            5.6976E-04 .  (  3.0000E-04 )
  displacement maximum:    2.0082E-01 .  (  1.8000E-03 )
  displacement rms:        2.0807E-02 .  (  1.2000E-03 )
  
  predicted energy change: -6.5323E-04
  step size:     0.30008
  trust radius:  0.30000
---------------- geometry iteration  11 complete ----------------
geopt (optimize geometry) done.
onee (1-electron integrals) done.
probe (project orbitals) done.
grid (grid generation) done.
rwr (Q operators) done.
  
       i  u  d  i  g
       t  p  i  c  r                                 RMS    maximum
       e  d  i  u  i                       energy  density   DIIS  
       r  t  s  t  d       total energy    change  change    error 
  
etot    1  N  N  2  U   -1354.26150273323           2.9E-04  1.0E-02
etot    2  Y  Y  6  M   -1354.27936506980  1.8E-02  4.2E-05  3.7E-04
etot    3  N  Y  2  U   -1354.27922005109 -1.5E-04  3.1E-05  1.1E-03
etot    4  N  Y  2  U   -1354.27937899078  1.6E-04  1.0E-05  4.1E-04
etot    5  N  Y  2  U   -1354.27939523773  1.6E-05  3.5E-06  1.1E-04
etot    6  N  N  2  U   -1354.27939766638  2.4E-06  0.0E+00  0.0E+00
scf (DFT) done.
der1a (1-e 1st deriv.) done.
rwr (1st deriv. Q) done.
der1b (2-e 1st deriv.) done.
  Geometry optimization step  12
  Total energy:     -1354.33088354413 hartrees
  energy change:          -8.7715E-04 .  (  5.0000E-05 )
  gradient maximum:        6.3944E-03 .  (  4.5000E-04 )
  gradient rms:            9.0662E-04 .  (  3.0000E-04 )
  displacement maximum:    2.3557E-01 .  (  1.8000E-03 )
  displacement rms:        2.0805E-02 .  (  1.2000E-03 )
  
  predicted energy change: -5.1999E-04
  step size:     0.30006
  trust radius:  0.30000
---------------- geometry iteration  12 complete ----------------
geopt (optimize geometry) done.
onee (1-electron integrals) done.
probe (project orbitals) done.
grid (grid generation) done.
rwr (Q operators) done.
  
       i  u  d  i  g
       t  p  i  c  r                                 RMS    maximum
       e  d  i  u  i                       energy  density   DIIS  
       r  t  s  t  d       total energy    change  change    error 
  
etot    1  N  N  2  U   -1354.25750466045           3.1E-04  8.6E-03
etot    2  Y  Y  6  M   -1354.27951142542  2.2E-02  3.3E-05  5.6E-04
etot    3  N  Y  2  U   -1354.27943638677 -7.5E-05  2.7E-05  5.9E-04
etot    4  N  Y  2  U   -1354.27952574576  8.9E-05  9.8E-06  2.7E-04
etot    5  N  Y  2  U   -1354.27953983345  1.4E-05  2.9E-06  6.8E-05
etot    6  N  N  2  U   -1354.27954119239  1.4E-06  0.0E+00  0.0E+00
scf (DFT) done.
der1a (1-e 1st deriv.) done.
rwr (1st deriv. Q) done.
der1b (2-e 1st deriv.) done.
  Geometry optimization step  13
  Total energy:     -1354.33130835062 hartrees
  energy change:          -4.2481E-04 .  (  5.0000E-05 )
  gradient maximum:        5.2839E-03 .  (  4.5000E-04 )
  gradient rms:            9.7512E-04 .  (  3.0000E-04 )
  displacement maximum:    5.6800E-02 .  (  1.8000E-03 )
  displacement rms:        8.0881E-03 .  (  1.2000E-03 )
  
  predicted energy change: -2.8987E-04
  step size:     0.11665
  trust radius:  0.30000
---------------- geometry iteration  13 complete ----------------
geopt (optimize geometry) done.
onee (1-electron integrals) done.
probe (project orbitals) done.
grid (grid generation) done.
rwr (Q operators) done.
  
       i  u  d  i  g
       t  p  i  c  r                                 RMS    maximum
       e  d  i  u  i                       energy  density   DIIS  
       r  t  s  t  d       total energy    change  change    error 
  
etot    1  N  N  2  U   -1354.27612688352           1.3E-04  3.9E-03
etot    2  Y  Y  6  M   -1354.28007508050  3.9E-03  2.4E-05  1.8E-04
etot    3  N  Y  2  U   -1354.28000982203 -6.5E-05  2.0E-05  5.0E-04
etot    4  N  Y  2  U   -1354.28007230762  6.2E-05  4.8E-06  1.5E-04
etot    5  N  N  2  U   -1354.28007640987  4.1E-06  0.0E+00  0.0E+00
scf (DFT) done.
der1a (1-e 1st deriv.) done.
rwr (1st deriv. Q) done.
der1b (2-e 1st deriv.) done.
  Geometry optimization step  14
  Total energy:     -1354.33172749660 hartrees
  energy change:          -4.1915E-04 .  (  5.0000E-05 )
  gradient maximum:        2.2298E-03 .  (  4.5000E-04 )
  gradient rms:            3.9394E-04 .  (  3.0000E-04 )
  displacement maximum:    9.7654E-02 .  (  1.8000E-03 )
  displacement rms:        1.2280E-02 .  (  1.2000E-03 )
  
  predicted energy change: -2.1352E-04
  step size:     0.17710
  trust radius:  0.30000
---------------- geometry iteration  14 complete ----------------
geopt (optimize geometry) done.
onee (1-electron integrals) done.
probe (project orbitals) done.
grid (grid generation) done.
rwr (Q operators) done.
  
       i  u  d  i  g
       t  p  i  c  r                                 RMS    maximum
       e  d  i  u  i                       energy  density   DIIS  
       r  t  s  t  d       total energy    change  change    error 
  
etot    1  N  N  2  U   -1354.27002931136           2.1E-04  6.3E-03
etot    2  Y  Y  6  M   -1354.28028011440  1.0E-02  3.1E-05  2.8E-04
etot    3  N  Y  2  U   -1354.28019469848 -8.5E-05  2.6E-05  6.2E-04
etot    4  N  Y  2  U   -1354.28028709976  9.2E-05  7.8E-06  2.4E-04
etot    5  N  Y  2  U   -1354.28029804206  1.1E-05  2.4E-06  5.2E-05
etot    6  N  N  2  U   -1354.28029916109  1.1E-06  0.0E+00  0.0E+00
scf (DFT) done.
der1a (1-e 1st deriv.) done.
rwr (1st deriv. Q) done.
der1b (2-e 1st deriv.) done.
  Geometry optimization step  15
  Total energy:     -1354.33196796660 hartrees
  energy change:          -2.4047E-04 .  (  5.0000E-05 )
  gradient maximum:        4.4486E-03 .  (  4.5000E-04 )
  gradient rms:            6.1953E-04 .  (  3.0000E-04 )
  displacement maximum:    1.3402E-01 .  (  1.8000E-03 )
  displacement rms:        1.6550E-02 .  (  1.2000E-03 )
  
  predicted energy change: -2.0431E-04
  step size:     0.23868
  trust radius:  0.30000
---------------- geometry iteration  15 complete ----------------
geopt (optimize geometry) done.
onee (1-electron integrals) done.
probe (project orbitals) done.
grid (grid generation) done.
rwr (Q operators) done.
  
       i  u  d  i  g
       t  p  i  c  r                                 RMS    maximum
       e  d  i  u  i                       energy  density   DIIS  
       r  t  s  t  d       total energy    change  change    error 
  
etot    1  N  N  2  U   -1354.25543994848           3.2E-04  1.1E-02
etot    2  Y  Y  6  M   -1354.27992352486  2.4E-02  3.9E-05  5.3E-04
etot    3  N  Y  2  U   -1354.27983838348 -8.5E-05  3.2E-05  9.3E-04
etot    4  N  Y  2  U   -1354.27995110597  1.1E-04  1.1E-05  4.2E-04
etot    5  N  Y  2  U   -1354.27996817265  1.7E-05  2.9E-06  8.6E-05
etot    6  N  N  2  U   -1354.27997001136  1.8E-06  0.0E+00  0.0E+00
scf (DFT) done.
der1a (1-e 1st deriv.) done.
rwr (1st deriv. Q) done.
der1b (2-e 1st deriv.) done.
  Geometry optimization step  16
  Total energy:     -1354.33205587711 hartrees
  energy change:          -8.7911E-05 .  (  5.0000E-05 )
  gradient maximum:        3.2760E-03 .  (  4.5000E-04 )
  gradient rms:            5.9346E-04 .  (  3.0000E-04 )
  displacement maximum:    1.6698E-01 .  (  1.8000E-03 )
  displacement rms:        1.8455E-02 .  (  1.2000E-03 )
  
  predicted energy change: -2.4878E-04
  step size:     0.26616
  trust radius:  0.30000
---------------- geometry iteration  16 complete ----------------
geopt (optimize geometry) done.
onee (1-electron integrals) done.
probe (project orbitals) done.
grid (grid generation) done.
rwr (Q operators) done.
  
       i  u  d  i  g
       t  p  i  c  r                                 RMS    maximum
       e  d  i  u  i                       energy  density   DIIS  
       r  t  s  t  d       total energy    change  change    error 
  
etot    1  N  N  2  U   -1354.24815924219           3.6E-04  1.3E-02
etot    2  Y  Y  6  M   -1354.27876213661  3.1E-02  4.6E-05  5.8E-04
etot    3  N  Y  2  U   -1354.27865374152 -1.1E-04  3.7E-05  8.4E-04
etot    4  N  Y  2  U   -1354.27881293534  1.6E-04  1.3E-05  3.7E-04
etot    5  N  Y  2  U   -1354.27883201910  1.9E-05  3.3E-06  6.7E-05
etot    6  N  N  2  U   -1354.27883449100  2.5E-06  0.0E+00  0.0E+00
scf (DFT) done.
der1a (1-e 1st deriv.) done.
rwr (1st deriv. Q) done.
der1b (2-e 1st deriv.) done.
  Geometry optimization step  17
  Total energy:     -1354.33160119571 hartrees
  ** restarting optimization from step   16 **
  energy change:           4.5468E-04 .  (  5.0000E-05 )
  gradient maximum:        3.2760E-03 .  (  4.5000E-04 )
  gradient rms:            5.9346E-04 .  (  3.0000E-04 )
  displacement maximum:    7.1783E-02 .  (  1.8000E-03 )
  displacement rms:        1.0056E-02 .  (  1.2000E-03 )
  
  predicted energy change: -2.9012E-04
  step size:     0.14503
  trust radius:  0.30000
---------------- geometry iteration  17 complete ----------------
geopt (optimize geometry) done.
onee (1-electron integrals) done.
probe (project orbitals) done.
grid (grid generation) done.
rwr (Q operators) done.
  
       i  u  d  i  g
       t  p  i  c  r                                 RMS    maximum
       e  d  i  u  i                       energy  density   DIIS  
       r  t  s  t  d       total energy    change  change    error 
  
etot    1  N  N  2  U   -1354.26208833771           2.7E-04  1.1E-02
etot    2  Y  Y  6  M   -1354.27959252777  1.8E-02  3.5E-05  5.8E-04
etot    3  N  Y  2  U   -1354.27948836790 -1.0E-04  2.9E-05  5.4E-04
etot    4  N  Y  2  U   -1354.27958096947  9.3E-05  1.1E-05  3.0E-04
etot    5  N  Y  2  U   -1354.27960020135  1.9E-05  3.0E-06  7.2E-05
etot    6  N  N  2  U   -1354.27960212735  1.9E-06  0.0E+00  0.0E+00
scf (DFT) done.
der1a (1-e 1st deriv.) done.
rwr (1st deriv. Q) done.
der1b (2-e 1st deriv.) done.
  Geometry optimization step  18
  Total energy:     -1354.33202839888 hartrees
  energy change:           2.7478E-05 *  (  5.0000E-05 )
  gradient maximum:        2.3674E-03 .  (  4.5000E-04 )
  gradient rms:            4.9281E-04 .  (  3.0000E-04 )
  displacement maximum:    2.3984E-02 .  (  1.8000E-03 )
  displacement rms:        3.9926E-03 .  (  1.2000E-03 )
  
  predicted energy change: -7.8041E-05
  step size:     0.05758
  trust radius:  0.30000
---------------- geometry iteration  18 complete ----------------
geopt (optimize geometry) done.
onee (1-electron integrals) done.
probe (project orbitals) done.
grid (grid generation) done.
rwr (Q operators) done.
  
       i  u  d  i  g
       t  p  i  c  r                                 RMS    maximum
       e  d  i  u  i                       energy  density   DIIS  
       r  t  s  t  d       total energy    change  change    error 
  
etot    1  N  N  2  U   -1354.27847769554           7.2E-05  2.2E-03
etot    2  Y  Y  6  M   -1354.27963930509  1.2E-03  1.5E-05  1.4E-04
etot    3  N  Y  2  U   -1354.27962420572 -1.5E-05  1.2E-05  3.8E-04
etot    4  N  Y  2  U   -1354.27964964554  2.5E-05  2.8E-06  7.7E-05
etot    5  N  N  2  U   -1354.27965096469  1.3E-06  0.0E+00  0.0E+00
scf (DFT) done.
der1a (1-e 1st deriv.) done.
rwr (1st deriv. Q) done.
der1b (2-e 1st deriv.) done.
  Geometry optimization step  19
  Total energy:     -1354.33205329160 hartrees
  energy change:          -2.4893E-05 *  (  5.0000E-05 )
  gradient maximum:        1.4258E-03 .  (  4.5000E-04 )
  gradient rms:            2.3532E-04 *  (  3.0000E-04 )
  displacement maximum:    3.2600E-02 .  (  1.8000E-03 )
  displacement rms:        4.1986E-03 .  (  1.2000E-03 )
  
  predicted energy change: -3.1262E-05
  step size:     0.06055
  trust radius:  0.30000
---------------- geometry iteration  19 complete ----------------
geopt (optimize geometry) done.
onee (1-electron integrals) done.
probe (project orbitals) done.
grid (grid generation) done.
rwr (Q operators) done.
  
       i  u  d  i  g
       t  p  i  c  r                                 RMS    maximum
       e  d  i  u  i                       energy  density   DIIS  
       r  t  s  t  d       total energy    change  change    error 
  
etot    1  N  N  2  U   -1354.27808449730           7.6E-05  2.2E-03
etot    2  Y  Y  6  M   -1354.27942690967  1.3E-03  1.3E-05  1.2E-04
etot    3  N  Y  2  U   -1354.27941262913 -1.4E-05  9.7E-06  2.6E-04
etot    4  N  Y  2  U   -1354.27942918034  1.7E-05  2.9E-06  9.1E-05
etot    5  N  N  2  U   -1354.27943069562  1.5E-06  0.0E+00  0.0E+00
scf (DFT) done.
der1a (1-e 1st deriv.) done.
rwr (1st deriv. Q) done.
der1b (2-e 1st deriv.) done.
  Geometry optimization step  20
  Total energy:     -1354.33197122001 hartrees
  energy change:           8.2072E-05 .  (  5.0000E-05 )
  gradient maximum:        7.5227E-04 .  (  4.5000E-04 )
  gradient rms:            1.2823E-04 *  (  3.0000E-04 )
  displacement maximum:    1.8621E-02 .  (  1.8000E-03 )
  displacement rms:        3.1122E-03 .  (  1.2000E-03 )
  
  predicted energy change: -1.2576E-05
  step size:     0.04489
  trust radius:  0.30000
---------------- geometry iteration  20 complete ----------------
geopt (optimize geometry) done.
onee (1-electron integrals) done.
probe (project orbitals) done.
grid (grid generation) done.
rwr (Q operators) done.
  
       i  u  d  i  g
       t  p  i  c  r                                 RMS    maximum
       e  d  i  u  i                       energy  density   DIIS  
       r  t  s  t  d       total energy    change  change    error 
  
etot    1  N  N  2  U   -1354.27860962727           5.7E-05  1.2E-03
etot    2  Y  Y  6  M   -1354.27934257278  7.3E-04  7.6E-06  7.4E-05
etot    3  N  Y  2  U   -1354.27932984242 -1.3E-05  6.1E-06  2.3E-04
etot    4  N  Y  2  U   -1354.27933700351  7.2E-06  2.1E-06  7.0E-05
etot    5  N  N  2  U   -1354.27933781776  8.1E-07  0.0E+00  0.0E+00
scf (DFT) done.
der1a (1-e 1st deriv.) done.
rwr (1st deriv. Q) done.
der1b (2-e 1st deriv.) done.
  Geometry optimization step  21
  Total energy:     -1354.33197632282 hartrees
  energy change:          -5.1028E-06 *  (  5.0000E-05 )
  gradient maximum:        1.0733E-03 .  (  4.5000E-04 )
  gradient rms:            1.5877E-04 *  (  3.0000E-04 )
  displacement maximum:    3.7068E-02 .  (  1.8000E-03 )
  displacement rms:        7.1943E-03 .  (  1.2000E-03 )
  
  predicted energy change: -2.4955E-05
  step size:     0.10376
  trust radius:  0.30000
---------------- geometry iteration  21 complete ----------------
geopt (optimize geometry) done.
onee (1-electron integrals) done.
probe (project orbitals) done.
grid (grid generation) done.
rwr (Q operators) done.
  
       i  u  d  i  g
       t  p  i  c  r                                 RMS    maximum
       e  d  i  u  i                       energy  density   DIIS  
       r  t  s  t  d       total energy    change  change    error 
  
etot    1  N  N  2  U   -1354.27428036951           1.5E-04  3.5E-03
etot    2  Y  Y  6  M   -1354.27908067934  4.8E-03  2.5E-05  2.6E-04
etot    3  N  Y  2  U   -1354.27903152862 -4.9E-05  1.8E-05  3.9E-04
etot    4  N  Y  2  U   -1354.27907110957  4.0E-05  5.4E-06  1.7E-04
etot    5  N  Y  2  U   -1354.27907489769  3.8E-06  1.7E-06  4.8E-05
etot    6  N  N  2  U   -1354.27907539455  5.0E-07  0.0E+00  0.0E+00
scf (DFT) done.
der1a (1-e 1st deriv.) done.
rwr (1st deriv. Q) done.
der1b (2-e 1st deriv.) done.
  Geometry optimization step  22
  Total energy:     -1354.33200383616 hartrees
  ** restarting optimization from step   21 **
  energy change:          -2.7513E-05 *  (  5.0000E-05 )
  gradient maximum:        1.0733E-03 .  (  4.5000E-04 )
  gradient rms:            1.5877E-04 *  (  3.0000E-04 )
  displacement maximum:    2.2033E-02 .  (  1.8000E-03 )
  displacement rms:        3.7795E-03 .  (  1.2000E-03 )
  
  predicted energy change: -2.0653E-05
  step size:     0.05451
  trust radius:  0.30000
---------------- geometry iteration  22 complete ----------------
geopt (optimize geometry) done.
onee (1-electron integrals) done.
probe (project orbitals) done.
grid (grid generation) done.
rwr (Q operators) done.
  
       i  u  d  i  g
       t  p  i  c  r                                 RMS    maximum
       e  d  i  u  i                       energy  density   DIIS  
       r  t  s  t  d       total energy    change  change    error 
  
etot    1  N  N  2  U   -1354.27770692042           8.5E-05  2.1E-03
etot    2  Y  Y  6  M   -1354.27930684132  1.6E-03  1.2E-05  1.0E-04
etot    3  N  Y  2  U   -1354.27930120648 -5.6E-06  8.6E-06  2.5E-04
etot    4  N  Y  2  U   -1354.27931075054  9.5E-06  3.1E-06  1.2E-04
etot    5  N  N  2  U   -1354.27931247168  1.7E-06  0.0E+00  0.0E+00
scf (DFT) done.
der1a (1-e 1st deriv.) done.
rwr (1st deriv. Q) done.
der1b (2-e 1st deriv.) done.
  Geometry optimization step  23
  Total energy:     -1354.33205764536 hartrees
  energy change:          -8.1323E-05 .  (  5.0000E-05 )
  gradient maximum:        6.5833E-04 .  (  4.5000E-04 )
  gradient rms:            1.4313E-04 *  (  3.0000E-04 )
  displacement maximum:    6.1586E-03 .  (  1.8000E-03 )
  displacement rms:        1.4082E-03 .  (  1.2000E-03 )
  
  predicted energy change: -8.4482E-06
  step size:     0.02031
  trust radius:  0.30000
---------------- geometry iteration  23 complete ----------------
geopt (optimize geometry) done.
onee (1-electron integrals) done.
probe (project orbitals) done.
grid (grid generation) done.
rwr (Q operators) done.
  
       i  u  d  i  g
       t  p  i  c  r                                 RMS    maximum
       e  d  i  u  i                       energy  density   DIIS  
       r  t  s  t  d       total energy    change  change    error 
  
etot    1  N  N  2  U   -1354.27912007362           3.0E-05  1.0E-03
etot    2  N  Y  2  U   -1354.27929632895  1.8E-04  8.4E-06  8.0E-05
etot    3  N  Y  2  U   -1354.27928756746 -8.8E-06  6.4E-06  2.2E-04
etot    4  N  Y  2  U   -1354.27929803896  1.0E-05  1.5E-06  3.2E-05
etot    5  N  N  2  U   -1354.27929842712  3.9E-07  0.0E+00  0.0E+00
scf (DFT) done.
der1a (1-e 1st deriv.) done.
rwr (1st deriv. Q) done.
der1b (2-e 1st deriv.) done.
  Geometry optimization step  24
  Total energy:     -1354.33207030196 hartrees
  energy change:          -1.2657E-05 *  (  5.0000E-05 )
  gradient maximum:        9.5518E-04 .  (  4.5000E-04 )
  gradient rms:            1.0818E-04 *  (  3.0000E-04 )
  displacement maximum:    2.5255E-02 .  (  1.8000E-03 )
  displacement rms:        4.7923E-03 .  (  1.2000E-03 )
  
  predicted energy change: -1.8342E-05
  step size:     0.06912
  trust radius:  0.30000
---------------- geometry iteration  24 complete ----------------
geopt (optimize geometry) done.
onee (1-electron integrals) done.
probe (project orbitals) done.
grid (grid generation) done.
rwr (Q operators) done.
  
       i  u  d  i  g
       t  p  i  c  r                                 RMS    maximum
       e  d  i  u  i                       energy  density   DIIS  
       r  t  s  t  d       total energy    change  change    error 
  
etot    1  N  N  2  U   -1354.27669742729           1.1E-04  3.6E-03
etot    2  Y  Y  6  M   -1354.27928535858  2.6E-03  1.7E-05  2.2E-04
etot    3  N  Y  2  U   -1354.27926241041 -2.3E-05  1.2E-05  2.0E-04
etot    4  N  Y  2  U   -1354.27927792059  1.6E-05  4.5E-06  1.4E-04
etot    5  N  N  2  U   -1354.27928110810  3.2E-06  0.0E+00  0.0E+00
scf (DFT) done.
der1a (1-e 1st deriv.) done.
rwr (1st deriv. Q) done.
der1b (2-e 1st deriv.) done.
  Geometry optimization step  25
  Total energy:     -1354.33206413096 hartrees
  energy change:           6.1710E-06 *  (  5.0000E-05 )
  gradient maximum:        1.2607E-03 .  (  4.5000E-04 )
  gradient rms:            2.4110E-04 *  (  3.0000E-04 )
  displacement maximum:    1.5280E-02 .  (  1.8000E-03 )
  displacement rms:        2.1119E-03 .  (  1.2000E-03 )
  
  predicted energy change: -2.4032E-05
  step size:     0.03046
  trust radius:  0.30000
---------------- geometry iteration  25 complete ----------------
geopt (optimize geometry) done.
onee (1-electron integrals) done.
probe (project orbitals) done.
grid (grid generation) done.
rwr (Q operators) done.
  
       i  u  d  i  g
       t  p  i  c  r                                 RMS    maximum
       e  d  i  u  i                       energy  density   DIIS  
       r  t  s  t  d       total energy    change  change    error 
  
etot    1  N  N  2  U   -1354.27885882138           4.1E-05  1.1E-03
etot    2  N  Y  2  U   -1354.27920053900  3.4E-04  1.5E-05  1.4E-04
etot    3  N  Y  2  U   -1354.27917680645 -2.4E-05  1.1E-05  3.7E-04
etot    4  N  Y  2  U   -1354.27920525446  2.8E-05  2.0E-06  4.8E-05
etot    5  N  N  2  U   -1354.27920591906  6.6E-07  0.0E+00  0.0E+00
scf (DFT) done.
der1a (1-e 1st deriv.) done.
rwr (1st deriv. Q) done.
der1b (2-e 1st deriv.) done.
  Geometry optimization step  26
  Total energy:     -1354.33207933883 hartrees
  energy change:          -1.5208E-05 *  (  5.0000E-05 )
  gradient maximum:        5.8215E-04 .  (  4.5000E-04 )
  gradient rms:            1.0418E-04 *  (  3.0000E-04 )
  displacement maximum:    1.7468E-02 .  (  1.8000E-03 )
  displacement rms:        2.8502E-03 .  (  1.2000E-03 )
  
  predicted energy change: -9.9153E-06
  step size:     0.04111
  trust radius:  0.30000
---------------- geometry iteration  26 complete ----------------
geopt (optimize geometry) done.
onee (1-electron integrals) done.
probe (project orbitals) done.
grid (grid generation) done.
rwr (Q operators) done.
  
       i  u  d  i  g
       t  p  i  c  r                                 RMS    maximum
       e  d  i  u  i                       energy  density   DIIS  
       r  t  s  t  d       total energy    change  change    error 
  
etot    1  N  N  2  U   -1354.27841937295           6.1E-05  1.7E-03
etot    2  Y  Y  6  M   -1354.27911608026  7.0E-04  1.5E-05  1.5E-04
etot    3  N  Y  2  U   -1354.27908538694 -3.1E-05  1.1E-05  3.0E-04
etot    4  N  Y  2  U   -1354.27910471187  1.9E-05  2.8E-06  7.6E-05
etot    5  N  N  2  U   -1354.27910565097  9.4E-07  0.0E+00  0.0E+00
scf (DFT) done.
der1a (1-e 1st deriv.) done.
rwr (1st deriv. Q) done.
der1b (2-e 1st deriv.) done.
  Geometry optimization step  27
  Total energy:     -1354.33209014003 hartrees
  energy change:          -1.0801E-05 *  (  5.0000E-05 )
  gradient maximum:        1.3751E-03 .  (  4.5000E-04 )
  gradient rms:            1.3701E-04 *  (  3.0000E-04 )
  displacement maximum:    1.0208E-02 .  (  1.8000E-03 )
  displacement rms:        2.0917E-03 .  (  1.2000E-03 )
  
  predicted energy change: -6.5323E-06
  step size:     0.03017
  trust radius:  0.30000
---------------- geometry iteration  27 complete ----------------
geopt (optimize geometry) done.
onee (1-electron integrals) done.
probe (project orbitals) done.
grid (grid generation) done.
rwr (Q operators) done.
  
       i  u  d  i  g
       t  p  i  c  r                                 RMS    maximum
       e  d  i  u  i                       energy  density   DIIS  
       r  t  s  t  d       total energy    change  change    error 
  
etot    1  N  N  2  U   -1354.27860768970           4.6E-05  1.4E-03
etot    2  N  Y  2  U   -1354.27900747557  4.0E-04  1.3E-05  1.3E-04
etot    3  N  Y  2  U   -1354.27898757870 -2.0E-05  9.8E-06  3.5E-04
etot    4  N  Y  2  U   -1354.27901120237  2.4E-05  1.6E-06  4.1E-05
etot    5  N  N  2  U   -1354.27901169379  4.9E-07  0.0E+00  0.0E+00
scf (DFT) done.
der1a (1-e 1st deriv.) done.
rwr (1st deriv. Q) done.
der1b (2-e 1st deriv.) done.
  Geometry optimization step  28
  Total energy:     -1354.33203212804 hartrees
  energy change:           5.8012E-05 .  (  5.0000E-05 )
  gradient maximum:        9.5549E-04 .  (  4.5000E-04 )
  gradient rms:            1.0882E-04 *  (  3.0000E-04 )
  displacement maximum:    1.0478E-02 .  (  1.8000E-03 )
  displacement rms:        1.3548E-03 .  (  1.2000E-03 )
  
  predicted energy change: -4.8057E-06
  step size:     0.01954
  trust radius:  0.30000
---------------- geometry iteration  28 complete ----------------
geopt (optimize geometry) done.
onee (1-electron integrals) done.
probe (project orbitals) done.
grid (grid generation) done.
rwr (Q operators) done.
  
       i  u  d  i  g
       t  p  i  c  r                                 RMS    maximum
       e  d  i  u  i                       energy  density   DIIS  
       r  t  s  t  d       total energy    change  change    error 
  
etot    1  N  N  2  U   -1354.27888411617           2.6E-05  4.3E-04
etot    2  N  Y  2  U   -1354.27903542651  1.5E-04  6.3E-06  5.0E-05
etot    3  N  Y  2  U   -1354.27903202298 -3.4E-06  4.9E-06  1.3E-04
etot    4  N  N  2  U   -1354.27903628619  4.3E-06  0.0E+00  0.0E+00
scf (DFT) done.
der1a (1-e 1st deriv.) done.
rwr (1st deriv. Q) done.
der1b (2-e 1st deriv.) done.
  Geometry optimization step  29
  Total energy:     -1354.33200477984 hartrees
  energy change:           2.7348E-05 *  (  5.0000E-05 )
  gradient maximum:        6.4749E-04 .  (  4.5000E-04 )
  gradient rms:            8.8363E-05 *  (  3.0000E-04 )
  displacement maximum:    8.8483E-03 .  (  1.8000E-03 )
  displacement rms:        1.4143E-03 .  (  1.2000E-03 )
  
  predicted energy change: -3.7241E-06
  step size:     0.02040
  trust radius:  0.30000
---------------- geometry iteration  29 complete ----------------
geopt (optimize geometry) done.
onee (1-electron integrals) done.
probe (project orbitals) done.
grid (grid generation) done.
rwr (Q operators) done.
  
       i  u  d  i  g
       t  p  i  c  r                                 RMS    maximum
       e  d  i  u  i                       energy  density   DIIS  
       r  t  s  t  d       total energy    change  change    error 
  
etot    1  N  N  2  U   -1354.27891374450           2.8E-05  7.2E-04
etot    2  N  Y  2  U   -1354.27907324124  1.6E-04  6.6E-06  5.5E-05
etot    3  N  Y  2  U   -1354.27906858830 -4.7E-06  5.1E-06  1.5E-04
etot    4  N  Y  2  U   -1354.27907418951  5.6E-06  1.1E-06  2.8E-05
etot    5  N  N  2  U   -1354.27907439569  2.1E-07  0.0E+00  0.0E+00
scf (DFT) done.
der1a (1-e 1st deriv.) done.
rwr (1st deriv. Q) done.
der1b (2-e 1st deriv.) done.
  Geometry optimization step  30
  Total energy:     -1354.33197562522 hartrees
  energy change:           2.9155E-05 *  (  5.0000E-05 )
  gradient maximum:        6.8849E-04 .  (  4.5000E-04 )
  gradient rms:            1.2239E-04 *  (  3.0000E-04 )
  displacement maximum:    7.2007E-03 .  (  1.8000E-03 )
  displacement rms:        9.8822E-04 *  (  1.2000E-03 )
  
  predicted energy change: -5.5857E-06
  step size:     0.01425
  trust radius:  0.30000
---------------- geometry iteration  30 complete ----------------
geopt (optimize geometry) done.
onee (1-electron integrals) done.
probe (project orbitals) done.
grid (grid generation) done.
rwr (Q operators) done.
  
       i  u  d  i  g
       t  p  i  c  r                                 RMS    maximum
       e  d  i  u  i                       energy  density   DIIS  
       r  t  s  t  d       total energy    change  change    error 
  
etot    1  N  N  2  U   -1354.27899126516           1.9E-05  3.9E-04
etot    2  N  Y  2  U   -1354.27906893675  7.8E-05  4.2E-06  4.7E-05
etot    3  N  N  2  U   -1354.27906685448 -2.1E-06  0.0E+00  0.0E+00
scf (DFT) done.
der1a (1-e 1st deriv.) done.
rwr (1st deriv. Q) done.
der1b (2-e 1st deriv.) done.
  Geometry optimization step  31
  Total energy:     -1354.33201239346 hartrees
  energy change:          -3.6768E-05 *  (  5.0000E-05 )
  gradient maximum:        3.3674E-04 *  (  4.5000E-04 )
  gradient rms:            5.8411E-05 #  (  3.0000E-04 )
  displacement maximum:    9.6373E-03 .  (  1.8000E-03 )
  displacement rms:        1.5837E-03 .  (  1.2000E-03 )
  
  predicted energy change: -3.0694E-06
  step size:     0.02284
  trust radius:  0.30000
---------------- geometry iteration  31 complete ----------------
geopt (optimize geometry) done.
onee (1-electron integrals) done.
probe (project orbitals) done.
grid (grid generation) done.
rwr (Q operators) done.
  
       i  u  d  i  g
       t  p  i  c  r                                 RMS    maximum
       e  d  i  u  i                       energy  density   DIIS  
       r  t  s  t  d       total energy    change  change    error 
  
etot    1  N  N  2  U   -1354.27876702862           3.8E-05  9.7E-04
etot    2  N  Y  2  U   -1354.27899995783  2.3E-04  2.5E-05  4.0E-04
etot    3  N  Y  2  U   -1354.27891952842 -8.0E-05  1.8E-05  9.0E-04
etot    4  N  Y  2  U   -1354.27902111582  1.0E-04  2.6E-06  5.8E-05
etot    5  N  N  2  U   -1354.27902263830  1.5E-06  0.0E+00  0.0E+00
scf (DFT) done.
der1a (1-e 1st deriv.) done.
rwr (1st deriv. Q) done.
der1b (2-e 1st deriv.) done.
  Geometry optimization step  32
  Total energy:     -1354.33203600398 hartrees
  energy change:          -2.3611E-05 *  (  5.0000E-05 )
  gradient maximum:        6.0993E-04 .  (  4.5000E-04 )
  gradient rms:            9.5106E-05 *  (  3.0000E-04 )
  displacement maximum:    3.6595E-03 .  (  1.8000E-03 )
  displacement rms:        7.0221E-04 *  (  1.2000E-03 )
  
  predicted energy change: -2.3985E-06
  step size:     0.01013
  trust radius:  0.30000
---------------- geometry iteration  32 complete ----------------
geopt (optimize geometry) done.
onee (1-electron integrals) done.
probe (project orbitals) done.
grid (grid generation) done.
rwr (Q operators) done.
  
       i  u  d  i  g
       t  p  i  c  r                                 RMS    maximum
       e  d  i  u  i                       energy  density   DIIS  
       r  t  s  t  d       total energy    change  change    error 
  
etot    1  N  N  2  U   -1354.27900012591           1.5E-05  2.9E-04
etot    2  N  Y  2  U   -1354.27903982360  4.0E-05  5.3E-06  6.2E-05
etot    3  N  Y  2  U   -1354.27903691689 -2.9E-06  3.8E-06  1.6E-04
etot    4  N  N  2  U   -1354.27904126854  4.4E-06  0.0E+00  0.0E+00
scf (DFT) done.
der1a (1-e 1st deriv.) done.
rwr (1st deriv. Q) done.
der1b (2-e 1st deriv.) done.
  Geometry optimization step  33
  Total energy:     -1354.33202248232 hartrees
  energy change:           1.3522E-05 *  (  5.0000E-05 )
  gradient maximum:        2.2546E-04 *  (  4.5000E-04 )
  gradient rms:            4.2393E-05 #  (  3.0000E-04 )
  displacement maximum:    9.7595E-03 .  (  1.8000E-03 )
  displacement rms:        1.7303E-03 .  (  1.2000E-03 )
  
  predicted energy change: -2.4897E-06
  step size:     0.02495
  trust radius:  0.30000
---------------- geometry iteration  33 complete ----------------
geopt (optimize geometry) done.
onee (1-electron integrals) done.
probe (project orbitals) done.
grid (grid generation) done.
rwr (Q operators) done.
  
       i  u  d  i  g
       t  p  i  c  r                                 RMS    maximum
       e  d  i  u  i                       energy  density   DIIS  
       r  t  s  t  d       total energy    change  change    error 
  
etot    1  N  N  2  U   -1354.27880403213           3.9E-05  1.4E-03
etot    2  N  Y  2  U   -1354.27910763435  3.0E-04  8.8E-06  1.0E-04
etot    3  N  Y  2  U   -1354.27909944618 -8.2E-06  7.0E-06  2.7E-04
etot    4  N  Y  2  U   -1354.27910961664  1.0E-05  1.9E-06  5.2E-05
etot    5  N  N  2  U   -1354.27911020469  5.9E-07  0.0E+00  0.0E+00
scf (DFT) done.
der1a (1-e 1st deriv.) done.
rwr (1st deriv. Q) done.
der1b (2-e 1st deriv.) done.
  Geometry optimization step  34
  Total energy:     -1354.33200936904 hartrees
  energy change:           1.3113E-05 *  (  5.0000E-05 )
  gradient maximum:        6.2991E-04 .  (  4.5000E-04 )
  gradient rms:            7.4619E-05 *  (  3.0000E-04 )
  displacement maximum:    5.6829E-03 .  (  1.8000E-03 )
  displacement rms:        1.1097E-03 *  (  1.2000E-03 )
  
  predicted energy change: -2.0691E-06
  step size:     0.01600
  trust radius:  0.30000
---------------- geometry iteration  34 complete ----------------
geopt (optimize geometry) done.
onee (1-electron integrals) done.
probe (project orbitals) done.
grid (grid generation) done.
rwr (Q operators) done.
  
       i  u  d  i  g
       t  p  i  c  r                                 RMS    maximum
       e  d  i  u  i                       energy  density   DIIS  
       r  t  s  t  d       total energy    change  change    error 
  
etot    1  N  N  2  U   -1354.27899224134           2.2E-05  6.1E-04
etot    2  N  Y  2  U   -1354.27908757446  9.5E-05  4.0E-06  3.8E-05
etot    3  N  N  2  U   -1354.27908648257 -1.1E-06  0.0E+00  0.0E+00
scf (DFT) done.
der1a (1-e 1st deriv.) done.
rwr (1st deriv. Q) done.
der1b (2-e 1st deriv.) done.
  Geometry optimization step  35
  Total energy:     -1354.33200968871 hartrees
  energy change:          -3.1967E-07 #  (  5.0000E-05 )
  gradient maximum:        1.0818E-04 *  (  4.5000E-04 )
  gradient rms:            3.1857E-05 #  (  3.0000E-04 )
  displacement maximum:    1.8518E-03 .  (  1.8000E-03 )
  displacement rms:        3.6016E-04 *  (  1.2000E-03 )
  
  predicted energy change: -4.8897E-07
  step size:     0.00519
  trust radius:  0.30000
------------- final geometry iteration  35 complete -------------
geopt (optimize geometry) done.
cutabab2 (abab integrals) done.
der2a (1-e JK-1st deriv.) done.
der2b (2-e JK-1st deriv.) done.
der2nda (1-e 2nd deriv.) done.
der2ndb (2-e 2nd deriv.) done.
rwr (Q operators) done.
cphfa (gradient of wave function) done.
freq (vib. frequencies) done.
Job J1_9911_2111 completed on hpc-92-23.cm.cluster at Wed May 29 12:39:18 2024
Timer (jaguar_backend.py) : 3899.09 secs (1 hrs, 04 mins, 59 secs)
Finished:   Wed May 29 12:39:18 2024
