Command:  /groups/wag/programs/Schrodinger_2020_3/jaguar run -WAIT -PARALLEL 8 /central/home/labounad/wittig-ch121/out/J1_10406_2111/J1_10406_2111.in
Release:  2020-3
Exec:     /groups/wag/programs/Schrodinger_2020_3/jaguar-v10.9/bin/Linux-x86_64
Host:     hpc-93-32.cm.cluster
JobId:    hpc-93-32-0-6656e427
JobDir:   /central/scratch/labounad/J1_10406_2111#hpc-93-32-0-6656e427
Date:     Wed May 29 01:15:37 2024

Contents of /central/scratch/labounad/J1_10406_2111#hpc-93-32-0-6656e427:
/central/scratch/labounad/J1_10406_2111#hpc-93-32-0-6656e427/J1_10406_2111.log
/central/scratch/labounad/J1_10406_2111#hpc-93-32-0-6656e427/.write_dir.json
/central/scratch/labounad/J1_10406_2111#hpc-93-32-0-6656e427/hpc-93-32-0-6656e427
/central/scratch/labounad/J1_10406_2111#hpc-93-32-0-6656e427/J1_10406_2111.recover
/central/scratch/labounad/J1_10406_2111#hpc-93-32-0-6656e427/hpc-93-32-0-6656e427.nodes
/central/scratch/labounad/J1_10406_2111#hpc-93-32-0-6656e427/hpc-93-32-0-6656e427.mpinodes
/central/scratch/labounad/J1_10406_2111#hpc-93-32-0-6656e427/J1_10406_2111.in
/central/scratch/labounad/J1_10406_2111#hpc-93-32-0-6656e427/hpc-93-32-0-6656e427.recover

Executing subprocess:
/groups/wag/programs/Schrodinger_2020_3/jaguar-v10.9/bin/Linux-x86_64/jexec J1_10406_2111.in -T 8 -out /central/scratch/labounad/J1_10406_2111#hpc-93-32-0-6656e427 -cwd

Job J1_10406_2111 started on hpc-93-32.cm.cluster at Wed May 29 01:15:39 2024
jobid: hpc-93-32-0-6656e427 
Jaguar version 10.9, release 139
 Using up to   8 threads per process
Molecular Point Group: C1      
Point Group used: C1
pre (input checking) done.
onee (1-electron integrals) done.
hfig (HF initial guess) done.
probe (project orbitals) done.
grid (grid generation) done.
rwr (Q operators) done.
scf type: DFT=PBE(X+LC)+PW91 (PBE-D3)
  
       i  u  d  i  g
       t  p  i  c  r                                 RMS    maximum
       e  d  i  u  i                       energy  density   DIIS  
       r  t  s  t  d       total energy    change  change    error 
  
etot    1  N  N  5  M   -1760.50298803557           5.5E-03  1.1E-01
etot    2  Y  Y  6  M   -1758.18885259027 -2.3E+00  7.4E-03  1.5E-01
etot    3  Y  Y  6  M   -1754.73907806004 -3.4E+00  6.2E-03  1.7E-01
etot    4  N  Y  2  U   -1758.87784289656  4.1E+00  7.7E-03  9.1E-02
etot    5  Y  Y  6  M   -1746.26875903510 -1.3E+01  6.9E-03  1.7E-01
etot    6  N  Y  2  U   -1764.45588173709  1.8E+01  1.9E-03  3.6E-02
etot    7  Y  Y  6  M   -1764.31452423017 -1.4E-01  1.1E-03  6.2E-02
etot    8  N  Y  2  U   -1764.73286894629  4.2E-01  4.2E-04  1.1E-02
etot    9  Y  Y  6  M   -1764.73904142431  6.2E-03  2.9E-04  1.2E-02
etot   10  N  Y  2  U   -1764.75617201805  1.7E-02  1.4E-04  4.2E-03
etot   11  Y  Y  6  M   -1764.76080674168  4.6E-03  5.9E-05  2.3E-03
etot   12  Y  Y  6  M   -1764.76130697072  5.0E-04  4.1E-05  1.2E-03
etot   13  N  Y  2  U   -1764.76136626275  5.9E-05  1.5E-05  3.9E-04
etot   14  N  Y  2  U   -1764.76140570817  3.9E-05  6.9E-06  1.5E-04
etot   15  N  Y  2  U   -1764.76141601949  1.0E-05  4.5E-06  6.0E-05
etot   16  N  N  2  U   -1764.76141656486  5.5E-07  0.0E+00  0.0E+00
scf (DFT) done.
der1a (1-e 1st deriv.) done.
rwr (1st deriv. Q) done.
der1b (2-e 1st deriv.) done.
  Geometry optimization step   1
  Total energy:     -1764.81596117636 hartrees
  gradient maximum:        4.0030E-02 .  (  4.5000E-04 )
  gradient rms:            7.4037E-03 .  (  3.0000E-04 )
  displacement maximum:    1.2026E-01 .  (  1.8000E-03 )
  displacement rms:        1.9664E-02 .  (  1.2000E-03 )
  
  predicted energy change: -2.1811E-02
  step size:     0.30016
  trust radius:  0.30000
---------------- geometry iteration   1 complete ----------------
geopt (optimize geometry) done.
onee (1-electron integrals) done.
probe (project orbitals) done.
grid (grid generation) done.
rwr (Q operators) done.
  
       i  u  d  i  g
       t  p  i  c  r                                 RMS    maximum
       e  d  i  u  i                       energy  density   DIIS  
       r  t  s  t  d       total energy    change  change    error 
  
etot    1  N  N  2  U   -1764.76996077040           7.8E-04  1.5E-02
etot    2  Y  Y  6  M   -1764.78242710053  1.2E-02  1.1E-04  2.0E-03
etot    3  N  Y  2  U   -1764.78111705505 -1.3E-03  8.3E-05  3.6E-03
etot    4  Y  Y  6  M   -1764.78288260981  1.8E-03  2.4E-05  7.8E-04
etot    5  N  Y  2  U   -1764.78303461734  1.5E-04  8.0E-06  2.6E-04
etot    6  N  Y  2  U   -1764.78304658609  1.2E-05  3.0E-06  1.2E-04
etot    7  N  N  2  U   -1764.78304895116  2.4E-06  0.0E+00  0.0E+00
scf (DFT) done.
der1a (1-e 1st deriv.) done.
rwr (1st deriv. Q) done.
der1b (2-e 1st deriv.) done.
  Geometry optimization step   2
  Total energy:     -1764.83618826500 hartrees
  energy change:          -2.0227E-02 .  (  5.0000E-05 )
  gradient maximum:        1.5445E-02 .  (  4.5000E-04 )
  gradient rms:            2.3238E-03 .  (  3.0000E-04 )
  displacement maximum:    1.0225E-01 .  (  1.8000E-03 )
  displacement rms:        1.9679E-02 .  (  1.2000E-03 )
  
  predicted energy change: -3.8689E-03
  step size:     0.30039
  trust radius:  0.30000
---------------- geometry iteration   2 complete ----------------
geopt (optimize geometry) done.
onee (1-electron integrals) done.
probe (project orbitals) done.
grid (grid generation) done.
rwr (Q operators) done.
  
       i  u  d  i  g
       t  p  i  c  r                                 RMS    maximum
       e  d  i  u  i                       energy  density   DIIS  
       r  t  s  t  d       total energy    change  change    error 
  
etot    1  N  N  2  U   -1764.75621877000           3.8E-04  1.2E-02
etot    2  Y  Y  6  M   -1764.78645271869  3.0E-02  9.6E-05  9.8E-04
etot    3  N  Y  2  U   -1764.78461202606 -1.8E-03  7.8E-05  3.1E-03
etot    4  Y  Y  6  M   -1764.78645399042  1.8E-03  2.1E-05  8.3E-04
etot    5  N  Y  2  U   -1764.78652030893  6.6E-05  7.3E-06  3.1E-04
etot    6  N  Y  2  U   -1764.78653382312  1.4E-05  2.3E-06  9.4E-05
etot    7  N  N  2  U   -1764.78653487086  1.0E-06  0.0E+00  0.0E+00
scf (DFT) done.
der1a (1-e 1st deriv.) done.
rwr (1st deriv. Q) done.
der1b (2-e 1st deriv.) done.
  Geometry optimization step   3
  Total energy:     -1764.84005650842 hartrees
  energy change:          -3.8682E-03 .  (  5.0000E-05 )
  gradient maximum:        8.0812E-03 .  (  4.5000E-04 )
  gradient rms:            1.1181E-03 .  (  3.0000E-04 )
  displacement maximum:    1.0046E-01 .  (  1.8000E-03 )
  displacement rms:        1.9657E-02 .  (  1.2000E-03 )
  
  predicted energy change: -1.1846E-03
  step size:     0.30005
  trust radius:  0.30000
---------------- geometry iteration   3 complete ----------------
geopt (optimize geometry) done.
onee (1-electron integrals) done.
probe (project orbitals) done.
grid (grid generation) done.
rwr (Q operators) done.
  
       i  u  d  i  g
       t  p  i  c  r                                 RMS    maximum
       e  d  i  u  i                       energy  density   DIIS  
       r  t  s  t  d       total energy    change  change    error 
  
etot    1  N  N  2  U   -1764.74856453878           4.2E-04  1.1E-02
etot    2  Y  Y  6  M   -1764.78657138734  3.8E-02  9.4E-05  9.3E-04
etot    3  N  Y  2  U   -1764.78511287910 -1.5E-03  7.5E-05  2.7E-03
etot    4  Y  Y  6  M   -1764.78656509853  1.5E-03  2.1E-05  8.7E-04
etot    5  N  Y  2  U   -1764.78663989441  7.5E-05  7.1E-06  2.9E-04
etot    6  N  Y  2  U   -1764.78665315651  1.3E-05  2.6E-06  9.0E-05
etot    7  N  N  2  U   -1764.78665404312  8.9E-07  0.0E+00  0.0E+00
scf (DFT) done.
der1a (1-e 1st deriv.) done.
rwr (1st deriv. Q) done.
der1b (2-e 1st deriv.) done.
  Geometry optimization step   4
  Total energy:     -1764.83976693945 hartrees
  energy change:           2.8957E-04 .  (  5.0000E-05 )
  gradient maximum:        2.0379E-02 .  (  4.5000E-04 )
  gradient rms:            2.5008E-03 .  (  3.0000E-04 )
  displacement maximum:    1.6180E-01 .  (  1.8000E-03 )
  displacement rms:        1.9714E-02 .  (  1.2000E-03 )
  
  predicted energy change: -2.0702E-03
  step size:     0.30093
  trust radius:  0.30000
---------------- geometry iteration   4 complete ----------------
geopt (optimize geometry) done.
onee (1-electron integrals) done.
probe (project orbitals) done.
grid (grid generation) done.
rwr (Q operators) done.
  
       i  u  d  i  g
       t  p  i  c  r                                 RMS    maximum
       e  d  i  u  i                       energy  density   DIIS  
       r  t  s  t  d       total energy    change  change    error 
  
etot    1  N  N  2  U   -1764.74067171527           4.5E-04  1.5E-02
etot    2  Y  Y  6  M   -1764.78769027422  4.7E-02  6.5E-05  1.4E-03
etot    3  N  Y  2  U   -1764.78722398007 -4.7E-04  5.1E-05  1.3E-03
etot    4  Y  Y  6  M   -1764.78762215917  4.0E-04  1.9E-05  7.9E-04
etot    5  N  Y  2  U   -1764.78772656555  1.0E-04  5.2E-06  2.0E-04
etot    6  N  Y  2  U   -1764.78773281787  6.3E-06  2.6E-06  6.2E-05
etot    7  N  N  2  U   -1764.78773323490  4.2E-07  0.0E+00  0.0E+00
scf (DFT) done.
der1a (1-e 1st deriv.) done.
rwr (1st deriv. Q) done.
der1b (2-e 1st deriv.) done.
  Geometry optimization step   5
  Total energy:     -1764.84087656436 hartrees
  energy change:          -1.1096E-03 .  (  5.0000E-05 )
  gradient maximum:        4.7139E-03 .  (  4.5000E-04 )
  gradient rms:            9.4226E-04 .  (  3.0000E-04 )
  displacement maximum:    7.6749E-02 .  (  1.8000E-03 )
  displacement rms:        1.2677E-02 .  (  1.2000E-03 )
  
  predicted energy change: -7.6543E-04
  step size:     0.19351
  trust radius:  0.30000
---------------- geometry iteration   5 complete ----------------
geopt (optimize geometry) done.
onee (1-electron integrals) done.
probe (project orbitals) done.
grid (grid generation) done.
rwr (Q operators) done.
  
       i  u  d  i  g
       t  p  i  c  r                                 RMS    maximum
       e  d  i  u  i                       energy  density   DIIS  
       r  t  s  t  d       total energy    change  change    error 
  
etot    1  N  N  2  U   -1764.77275854765           2.6E-04  8.5E-03
etot    2  Y  Y  6  M   -1764.78737216621  1.5E-02  6.6E-05  6.0E-04
etot    3  N  Y  2  U   -1764.78692761820 -4.4E-04  5.1E-05  1.4E-03
etot    4  Y  Y  6  M   -1764.78746782351  5.4E-04  1.1E-05  3.3E-04
etot    5  N  Y  2  U   -1764.78753762652  7.0E-05  3.6E-06  1.3E-04
etot    6  N  N  2  U   -1764.78754140005  3.8E-06  0.0E+00  0.0E+00
scf (DFT) done.
der1a (1-e 1st deriv.) done.
rwr (1st deriv. Q) done.
der1b (2-e 1st deriv.) done.
  Geometry optimization step   6
  Total energy:     -1764.84081148755 hartrees
  energy change:           6.5077E-05 .  (  5.0000E-05 )
  gradient maximum:        6.9394E-03 .  (  4.5000E-04 )
  gradient rms:            1.1847E-03 .  (  3.0000E-04 )
  displacement maximum:    1.1277E-01 .  (  1.8000E-03 )
  displacement rms:        1.6019E-02 .  (  1.2000E-03 )
  
  predicted energy change: -6.1094E-04
  step size:     0.24452
  trust radius:  0.30000
---------------- geometry iteration   6 complete ----------------
geopt (optimize geometry) done.
onee (1-electron integrals) done.
probe (project orbitals) done.
grid (grid generation) done.
rwr (Q operators) done.
  
       i  u  d  i  g
       t  p  i  c  r                                 RMS    maximum
       e  d  i  u  i                       energy  density   DIIS  
       r  t  s  t  d       total energy    change  change    error 
  
etot    1  N  N  2  U   -1764.75990804333           3.5E-04  1.1E-02
etot    2  Y  Y  6  M   -1764.78829376074  2.8E-02  4.8E-05  8.8E-04
etot    3  N  Y  2  U   -1764.78796078068 -3.3E-04  3.7E-05  1.2E-03
etot    4  N  Y  2  U   -1764.78825559680  2.9E-04  1.3E-05  6.2E-04
etot    5  N  Y  2  U   -1764.78831020186  5.5E-05  3.3E-06  1.1E-04
etot    6  N  N  2  U   -1764.78831213328  1.9E-06  0.0E+00  0.0E+00
scf (DFT) done.
der1a (1-e 1st deriv.) done.
rwr (1st deriv. Q) done.
der1b (2-e 1st deriv.) done.
  Geometry optimization step   7
  Total energy:     -1764.84153032206 hartrees
  energy change:          -7.1883E-04 .  (  5.0000E-05 )
  gradient maximum:        5.1523E-03 .  (  4.5000E-04 )
  gradient rms:            8.4829E-04 .  (  3.0000E-04 )
  displacement maximum:    8.2682E-02 .  (  1.8000E-03 )
  displacement rms:        1.5014E-02 .  (  1.2000E-03 )
  
  predicted energy change: -5.2013E-04
  step size:     0.22918
  trust radius:  0.30000
---------------- geometry iteration   7 complete ----------------
geopt (optimize geometry) done.
onee (1-electron integrals) done.
probe (project orbitals) done.
grid (grid generation) done.
rwr (Q operators) done.
  
       i  u  d  i  g
       t  p  i  c  r                                 RMS    maximum
       e  d  i  u  i                       energy  density   DIIS  
       r  t  s  t  d       total energy    change  change    error 
  
etot    1  N  N  2  U   -1764.76496504788           3.3E-04  7.1E-03
etot    2  Y  Y  6  M   -1764.78891674354  2.4E-02  6.0E-05  7.2E-04
etot    3  N  Y  2  U   -1764.78847904638 -4.4E-04  4.5E-05  1.5E-03
etot    4  N  Y  2  U   -1764.78890922991  4.3E-04  1.3E-05  5.6E-04
etot    5  N  Y  2  U   -1764.78894715961  3.8E-05  4.5E-06  2.1E-04
etot    6  N  N  2  U   -1764.78895223245  5.1E-06  0.0E+00  0.0E+00
scf (DFT) done.
der1a (1-e 1st deriv.) done.
rwr (1st deriv. Q) done.
der1b (2-e 1st deriv.) done.
  Geometry optimization step   8
  Total energy:     -1764.84174197499 hartrees
  energy change:          -2.1165E-04 .  (  5.0000E-05 )
  gradient maximum:        7.7960E-03 .  (  4.5000E-04 )
  gradient rms:            1.1691E-03 .  (  3.0000E-04 )
  displacement maximum:    1.5353E-01 .  (  1.8000E-03 )
  displacement rms:        1.9683E-02 .  (  1.2000E-03 )
  
  predicted energy change: -4.9094E-04
  step size:     0.30045
  trust radius:  0.30000
---------------- geometry iteration   8 complete ----------------
geopt (optimize geometry) done.
onee (1-electron integrals) done.
probe (project orbitals) done.
grid (grid generation) done.
rwr (Q operators) done.
  
       i  u  d  i  g
       t  p  i  c  r                                 RMS    maximum
       e  d  i  u  i                       energy  density   DIIS  
       r  t  s  t  d       total energy    change  change    error 
  
etot    1  N  N  2  U   -1764.74604861552           4.4E-04  1.4E-02
etot    2  Y  Y  6  M   -1764.78905781438  4.3E-02  8.8E-05  1.2E-03
etot    3  N  Y  2  U   -1764.78811335647 -9.4E-04  6.7E-05  1.7E-03
etot    4  Y  Y  6  M   -1764.78909858686  9.9E-04  1.5E-05  5.1E-04
etot    5  N  Y  2  U   -1764.78920845412  1.1E-04  4.4E-06  1.5E-04
etot    6  N  N  2  U   -1764.78921354063  5.1E-06  0.0E+00  0.0E+00
scf (DFT) done.
der1a (1-e 1st deriv.) done.
rwr (1st deriv. Q) done.
der1b (2-e 1st deriv.) done.
  Geometry optimization step   9
  Total energy:     -1764.84203578488 hartrees
  energy change:          -2.9381E-04 .  (  5.0000E-05 )
  gradient maximum:        5.5640E-03 .  (  4.5000E-04 )
  gradient rms:            8.7624E-04 .  (  3.0000E-04 )
  displacement maximum:    1.1883E-01 .  (  1.8000E-03 )
  displacement rms:        1.9661E-02 .  (  1.2000E-03 )
  
  predicted energy change: -7.3974E-04
  step size:     0.30011
  trust radius:  0.30000
---------------- geometry iteration   9 complete ----------------
geopt (optimize geometry) done.
onee (1-electron integrals) done.
probe (project orbitals) done.
grid (grid generation) done.
rwr (Q operators) done.
  
       i  u  d  i  g
       t  p  i  c  r                                 RMS    maximum
       e  d  i  u  i                       energy  density   DIIS  
       r  t  s  t  d       total energy    change  change    error 
  
etot    1  N  N  2  U   -1764.75544166860           4.0E-04  8.7E-03
etot    2  Y  Y  6  M   -1764.78939581379  3.4E-02  7.3E-05  8.7E-04
etot    3  N  Y  2  U   -1764.78885560414 -5.4E-04  5.3E-05  1.5E-03
etot    4  Y  Y  6  M   -1764.78939397830  5.4E-04  1.4E-05  4.5E-04
etot    5  N  Y  2  U   -1764.78950317300  1.1E-04  4.8E-06  1.1E-04
etot    6  N  N  2  U   -1764.78950815591  5.0E-06  0.0E+00  0.0E+00
scf (DFT) done.
der1a (1-e 1st deriv.) done.
rwr (1st deriv. Q) done.
der1b (2-e 1st deriv.) done.
  Geometry optimization step  10
  Total energy:     -1764.84249254509 hartrees
  energy change:          -4.5676E-04 .  (  5.0000E-05 )
  gradient maximum:        3.9441E-03 .  (  4.5000E-04 )
  gradient rms:            8.2136E-04 .  (  3.0000E-04 )
  displacement maximum:    1.3708E-01 .  (  1.8000E-03 )
  displacement rms:        1.9666E-02 .  (  1.2000E-03 )
  
  predicted energy change: -3.6924E-04
  step size:     0.30019
  trust radius:  0.30000
---------------- geometry iteration  10 complete ----------------
geopt (optimize geometry) done.
onee (1-electron integrals) done.
probe (project orbitals) done.
grid (grid generation) done.
rwr (Q operators) done.
  
       i  u  d  i  g
       t  p  i  c  r                                 RMS    maximum
       e  d  i  u  i                       energy  density   DIIS  
       r  t  s  t  d       total energy    change  change    error 
  
etot    1  N  N  2  U   -1764.75591797845           3.9E-04  1.2E-02
etot    2  Y  Y  6  M   -1764.78942965541  3.4E-02  8.8E-05  1.1E-03
etot    3  N  Y  2  U   -1764.78824016470 -1.2E-03  6.9E-05  2.6E-03
etot    4  Y  Y  6  M   -1764.78937275128  1.1E-03  1.9E-05  8.9E-04
etot    5  N  Y  2  U   -1764.78949744150  1.2E-04  7.2E-06  2.7E-04
etot    6  N  Y  2  U   -1764.78951338730  1.6E-05  2.3E-06  4.3E-05
etot    7  N  N  2  U   -1764.78951395072  5.6E-07  0.0E+00  0.0E+00
scf (DFT) done.
der1a (1-e 1st deriv.) done.
rwr (1st deriv. Q) done.
der1b (2-e 1st deriv.) done.
  Geometry optimization step  11
  Total energy:     -1764.84229107203 hartrees
  energy change:           2.0147E-04 .  (  5.0000E-05 )
  gradient maximum:        4.3955E-03 .  (  4.5000E-04 )
  gradient rms:            6.8049E-04 .  (  3.0000E-04 )
  displacement maximum:    5.7822E-02 .  (  1.8000E-03 )
  displacement rms:        8.3310E-03 .  (  1.2000E-03 )
  
  predicted energy change: -2.9400E-04
  step size:     0.12717
  trust radius:  0.30000
---------------- geometry iteration  11 complete ----------------
geopt (optimize geometry) done.
onee (1-electron integrals) done.
probe (project orbitals) done.
grid (grid generation) done.
rwr (Q operators) done.
  
       i  u  d  i  g
       t  p  i  c  r                                 RMS    maximum
       e  d  i  u  i                       energy  density   DIIS  
       r  t  s  t  d       total energy    change  change    error 
  
etot    1  N  N  2  U   -1764.78198387709           2.0E-04  6.7E-03
etot    2  Y  Y  6  M   -1764.78987329113  7.9E-03  3.8E-05  3.9E-04
etot    3  N  Y  2  U   -1764.78971831295 -1.5E-04  2.9E-05  7.8E-04
etot    4  N  Y  2  U   -1764.78989584740  1.8E-04  7.5E-06  2.4E-04
etot    5  N  Y  2  U   -1764.78990849968  1.3E-05  2.6E-06  8.7E-05
etot    6  N  N  2  U   -1764.78991024948  1.7E-06  0.0E+00  0.0E+00
scf (DFT) done.
der1a (1-e 1st deriv.) done.
rwr (1st deriv. Q) done.
der1b (2-e 1st deriv.) done.
  Geometry optimization step  12
  Total energy:     -1764.84261328602 hartrees
  energy change:          -3.2221E-04 .  (  5.0000E-05 )
  gradient maximum:        2.0095E-03 .  (  4.5000E-04 )
  gradient rms:            4.0353E-04 .  (  3.0000E-04 )
  displacement maximum:    1.9126E-02 .  (  1.8000E-03 )
  displacement rms:        3.8789E-03 .  (  1.2000E-03 )
  
  predicted energy change: -7.0596E-05
  step size:     0.05921
  trust radius:  0.30000
---------------- geometry iteration  12 complete ----------------
geopt (optimize geometry) done.
onee (1-electron integrals) done.
probe (project orbitals) done.
grid (grid generation) done.
rwr (Q operators) done.
  
       i  u  d  i  g
       t  p  i  c  r                                 RMS    maximum
       e  d  i  u  i                       energy  density   DIIS  
       r  t  s  t  d       total energy    change  change    error 
  
etot    1  N  N  2  U   -1764.78834584752           8.3E-05  1.9E-03
etot    2  Y  Y  6  M   -1764.78999355118  1.6E-03  1.7E-05  1.6E-04
etot    3  N  Y  2  U   -1764.78995264189 -4.1E-05  1.3E-05  3.7E-04
etot    4  N  Y  2  U   -1764.78999188412  3.9E-05  3.5E-06  1.1E-04
etot    5  N  N  2  U   -1764.78999415600  2.3E-06  0.0E+00  0.0E+00
scf (DFT) done.
der1a (1-e 1st deriv.) done.
rwr (1st deriv. Q) done.
der1b (2-e 1st deriv.) done.
  Geometry optimization step  13
  Total energy:     -1764.84270583860 hartrees
  energy change:          -9.2553E-05 .  (  5.0000E-05 )
  gradient maximum:        1.1541E-03 .  (  4.5000E-04 )
  gradient rms:            2.1532E-04 *  (  3.0000E-04 )
  displacement maximum:    3.1968E-02 .  (  1.8000E-03 )
  displacement rms:        4.9850E-03 .  (  1.2000E-03 )
  
  predicted energy change: -4.2224E-05
  step size:     0.07609
  trust radius:  0.30000
---------------- geometry iteration  13 complete ----------------
geopt (optimize geometry) done.
onee (1-electron integrals) done.
probe (project orbitals) done.
grid (grid generation) done.
rwr (Q operators) done.
  
       i  u  d  i  g
       t  p  i  c  r                                 RMS    maximum
       e  d  i  u  i                       energy  density   DIIS  
       r  t  s  t  d       total energy    change  change    error 
  
etot    1  N  N  2  U   -1764.78634767462           1.2E-04  2.7E-03
etot    2  Y  Y  6  M   -1764.78995035434  3.6E-03  2.7E-05  2.4E-04
etot    3  N  Y  2  U   -1764.78984888498 -1.0E-04  2.1E-05  5.7E-04
etot    4  N  Y  2  U   -1764.78994882214  1.0E-04  5.2E-06  1.9E-04
etot    5  N  Y  2  U   -1764.78995340042  4.6E-06  2.1E-06  8.6E-05
etot    6  N  N  2  U   -1764.78995469937  1.3E-06  0.0E+00  0.0E+00
scf (DFT) done.
der1a (1-e 1st deriv.) done.
rwr (1st deriv. Q) done.
der1b (2-e 1st deriv.) done.
  Geometry optimization step  14
  Total energy:     -1764.84264699328 hartrees
  energy change:           5.8845E-05 .  (  5.0000E-05 )
  gradient maximum:        1.1674E-03 .  (  4.5000E-04 )
  gradient rms:            2.7619E-04 *  (  3.0000E-04 )
  displacement maximum:    1.5578E-02 .  (  1.8000E-03 )
  displacement rms:        3.0960E-03 .  (  1.2000E-03 )
  
  predicted energy change: -2.9260E-05
  step size:     0.04726
  trust radius:  0.30000
---------------- geometry iteration  14 complete ----------------
geopt (optimize geometry) done.
onee (1-electron integrals) done.
probe (project orbitals) done.
grid (grid generation) done.
rwr (Q operators) done.
  
       i  u  d  i  g
       t  p  i  c  r                                 RMS    maximum
       e  d  i  u  i                       energy  density   DIIS  
       r  t  s  t  d       total energy    change  change    error 
  
etot    1  N  N  2  U   -1764.78857796158           7.8E-05  2.1E-03
etot    2  Y  Y  6  M   -1764.78997790410  1.4E-03  1.5E-05  1.4E-04
etot    3  N  Y  2  U   -1764.78992591864 -5.2E-05  1.2E-05  5.1E-04
etot    4  N  Y  2  U   -1764.78996991154  4.4E-05  3.2E-06  1.2E-04
etot    5  N  N  2  U   -1764.78997190045  2.0E-06  0.0E+00  0.0E+00
scf (DFT) done.
der1a (1-e 1st deriv.) done.
rwr (1st deriv. Q) done.
der1b (2-e 1st deriv.) done.
  Geometry optimization step  15
  Total energy:     -1764.84261661508 hartrees
  energy change:           3.0378E-05 *  (  5.0000E-05 )
  gradient maximum:        8.8925E-04 .  (  4.5000E-04 )
  gradient rms:            1.7976E-04 *  (  3.0000E-04 )
  displacement maximum:    1.3236E-02 .  (  1.8000E-03 )
  displacement rms:        2.4794E-03 .  (  1.2000E-03 )
  
  predicted energy change: -2.1987E-05
  step size:     0.03785
  trust radius:  0.30000
---------------- geometry iteration  15 complete ----------------
geopt (optimize geometry) done.
onee (1-electron integrals) done.
probe (project orbitals) done.
grid (grid generation) done.
rwr (Q operators) done.
  
       i  u  d  i  g
       t  p  i  c  r                                 RMS    maximum
       e  d  i  u  i                       energy  density   DIIS  
       r  t  s  t  d       total energy    change  change    error 
  
etot    1  N  N  2  U   -1764.78896905459           7.1E-05  1.8E-03
etot    2  Y  Y  6  M   -1764.79006221844  1.1E-03  1.5E-05  1.8E-04
etot    3  N  Y  2  U   -1764.79002048746 -4.2E-05  1.2E-05  5.1E-04
etot    4  N  Y  2  U   -1764.79006358828  4.3E-05  2.8E-06  1.0E-04
etot    5  N  N  2  U   -1764.79006466724  1.1E-06  0.0E+00  0.0E+00
scf (DFT) done.
der1a (1-e 1st deriv.) done.
rwr (1st deriv. Q) done.
der1b (2-e 1st deriv.) done.
  Geometry optimization step  16
  Total energy:     -1764.84263178777 hartrees
  energy change:          -1.5173E-05 *  (  5.0000E-05 )
  gradient maximum:        6.4894E-04 .  (  4.5000E-04 )
  gradient rms:            1.2085E-04 *  (  3.0000E-04 )
  displacement maximum:    1.0798E-02 .  (  1.8000E-03 )
  displacement rms:        1.9202E-03 .  (  1.2000E-03 )
  
  predicted energy change: -8.7436E-06
  step size:     0.02931
  trust radius:  0.30000
---------------- geometry iteration  16 complete ----------------
geopt (optimize geometry) done.
onee (1-electron integrals) done.
probe (project orbitals) done.
grid (grid generation) done.
rwr (Q operators) done.
  
       i  u  d  i  g
       t  p  i  c  r                                 RMS    maximum
       e  d  i  u  i                       energy  density   DIIS  
       r  t  s  t  d       total energy    change  change    error 
  
etot    1  N  N  2  U   -1764.78963258866           4.8E-05  9.2E-04
etot    2  N  Y  2  U   -1764.79012035630  4.9E-04  1.2E-05  1.2E-04
etot    3  N  Y  2  U   -1764.79009424628 -2.6E-05  9.4E-06  3.8E-04
etot    4  N  Y  2  U   -1764.79012413313  3.0E-05  2.1E-06  7.5E-05
etot    5  N  N  2  U   -1764.79012472941  6.0E-07  0.0E+00  0.0E+00
scf (DFT) done.
der1a (1-e 1st deriv.) done.
rwr (1st deriv. Q) done.
der1b (2-e 1st deriv.) done.
  Geometry optimization step  17
  Total energy:     -1764.84265262624 hartrees
  energy change:          -2.0838E-05 *  (  5.0000E-05 )
  gradient maximum:        7.4401E-04 .  (  4.5000E-04 )
  gradient rms:            1.2208E-04 *  (  3.0000E-04 )
  displacement maximum:    1.0619E-01 .  (  1.8000E-03 )
  displacement rms:        1.7467E-02 .  (  1.2000E-03 )
  
  predicted energy change: -7.7775E-05
  step size:     0.26662
  trust radius:  0.30000
---------------- geometry iteration  17 complete ----------------
geopt (optimize geometry) done.
onee (1-electron integrals) done.
probe (project orbitals) done.
grid (grid generation) done.
rwr (Q operators) done.
  
       i  u  d  i  g
       t  p  i  c  r                                 RMS    maximum
       e  d  i  u  i                       energy  density   DIIS  
       r  t  s  t  d       total energy    change  change    error 
  
etot    1  N  N  2  U   -1764.73560027804           4.9E-04  9.4E-03
etot    2  Y  Y  6  M   -1764.79024380152  5.5E-02  7.7E-05  8.9E-04
etot    3  N  Y  2  U   -1764.78942723486 -8.2E-04  6.2E-05  1.6E-03
etot    4  Y  Y  6  M   -1764.79017757392  7.5E-04  1.8E-05  5.2E-04
etot    5  N  Y  2  U   -1764.79019417037  1.7E-05  4.9E-06  1.1E-04
etot    6  N  N  2  U   -1764.79019989813  5.7E-06  0.0E+00  0.0E+00
scf (DFT) done.
der1a (1-e 1st deriv.) done.
rwr (1st deriv. Q) done.
der1b (2-e 1st deriv.) done.
  Geometry optimization step  18
  Total energy:     -1764.84240892449 hartrees
  ** restarting optimization from step   17 **
  energy change:           2.4370E-04 .  (  5.0000E-05 )
  gradient maximum:        7.4401E-04 .  (  4.5000E-04 )
  gradient rms:            1.2208E-04 *  (  3.0000E-04 )
  displacement maximum:    3.7068E-02 .  (  1.8000E-03 )
  displacement rms:        6.1161E-03 .  (  1.2000E-03 )
  
  predicted energy change: -2.7527E-05
  step size:     0.09336
  trust radius:  0.30000
---------------- geometry iteration  18 complete ----------------
geopt (optimize geometry) done.
onee (1-electron integrals) done.
probe (project orbitals) done.
grid (grid generation) done.
rwr (Q operators) done.
  
       i  u  d  i  g
       t  p  i  c  r                                 RMS    maximum
       e  d  i  u  i                       energy  density   DIIS  
       r  t  s  t  d       total energy    change  change    error 
  
etot    1  N  N  2  U   -1764.76585326624           3.2E-04  6.0E-03
etot    2  Y  Y  6  M   -1764.79017710012  2.4E-02  5.4E-05  5.5E-04
etot    3  N  Y  2  U   -1764.78979817870 -3.8E-04  4.3E-05  1.3E-03
etot    4  N  Y  2  U   -1764.79021613922  4.2E-04  1.3E-05  4.1E-04
etot    5  N  Y  2  U   -1764.79025368342  3.8E-05  4.3E-06  1.6E-04
etot    6  N  N  2  U   -1764.79025826936  4.6E-06  0.0E+00  0.0E+00
scf (DFT) done.
der1a (1-e 1st deriv.) done.
rwr (1st deriv. Q) done.
der1b (2-e 1st deriv.) done.
  Geometry optimization step  19
  Total energy:     -1764.84268357300 hartrees
  energy change:          -3.0947E-05 *  (  5.0000E-05 )
  gradient maximum:        7.0978E-04 .  (  4.5000E-04 )
  gradient rms:            1.2445E-04 *  (  3.0000E-04 )
  displacement maximum:    3.4868E-02 .  (  1.8000E-03 )
  displacement rms:        6.0510E-03 .  (  1.2000E-03 )
  
  predicted energy change: -1.6325E-05
  step size:     0.09237
  trust radius:  0.30000
---------------- geometry iteration  19 complete ----------------
geopt (optimize geometry) done.
onee (1-electron integrals) done.
probe (project orbitals) done.
grid (grid generation) done.
rwr (Q operators) done.
  
       i  u  d  i  g
       t  p  i  c  r                                 RMS    maximum
       e  d  i  u  i                       energy  density   DIIS  
       r  t  s  t  d       total energy    change  change    error 
  
etot    1  N  N  2  U   -1764.78617821502           1.4E-04  3.0E-03
etot    2  Y  Y  6  M   -1764.79025761740  4.1E-03  1.9E-05  2.8E-04
etot    3  N  Y  2  U   -1764.79018447440 -7.3E-05  1.7E-05  6.0E-04
etot    4  N  Y  2  U   -1764.79023099632  4.7E-05  6.2E-06  2.8E-04
etot    5  N  Y  2  U   -1764.79024311487  1.2E-05  1.4E-06  4.0E-05
etot    6  N  N  2  U   -1764.79024357667  4.6E-07  0.0E+00  0.0E+00
scf (DFT) done.
der1a (1-e 1st deriv.) done.
rwr (1st deriv. Q) done.
der1b (2-e 1st deriv.) done.
  Geometry optimization step  20
  Total energy:     -1764.84264058788 hartrees
  energy change:           4.2985E-05 *  (  5.0000E-05 )
  gradient maximum:        5.9991E-04 .  (  4.5000E-04 )
  gradient rms:            1.3822E-04 *  (  3.0000E-04 )
  displacement maximum:    3.1627E-02 .  (  1.8000E-03 )
  displacement rms:        5.7533E-03 .  (  1.2000E-03 )
  
  predicted energy change: -1.9253E-05
  step size:     0.08782
  trust radius:  0.30000
---------------- geometry iteration  20 complete ----------------
geopt (optimize geometry) done.
onee (1-electron integrals) done.
probe (project orbitals) done.
grid (grid generation) done.
rwr (Q operators) done.
  
       i  u  d  i  g
       t  p  i  c  r                                 RMS    maximum
       e  d  i  u  i                       energy  density   DIIS  
       r  t  s  t  d       total energy    change  change    error 
  
etot    1  N  N  2  U   -1764.78644741337           1.3E-04  2.9E-03
etot    2  Y  Y  6  M   -1764.79026038445  3.8E-03  2.0E-05  2.6E-04
etot    3  N  Y  2  U   -1764.79023433336 -2.6E-05  1.6E-05  4.1E-04
etot    4  N  Y  2  U   -1764.79027989874  4.6E-05  5.4E-06  1.7E-04
etot    5  N  Y  2  U   -1764.79028736736  7.5E-06  1.6E-06  6.3E-05
etot    6  N  N  2  U   -1764.79028818108  8.1E-07  0.0E+00  0.0E+00
scf (DFT) done.
der1a (1-e 1st deriv.) done.
rwr (1st deriv. Q) done.
der1b (2-e 1st deriv.) done.
  Geometry optimization step  21
  Total energy:     -1764.84273595768 hartrees
  energy change:          -9.5370E-05 .  (  5.0000E-05 )
  gradient maximum:        3.5351E-04 *  (  4.5000E-04 )
  gradient rms:            7.5107E-05 *  (  3.0000E-04 )
  displacement maximum:    1.3625E-02 .  (  1.8000E-03 )
  displacement rms:        2.1771E-03 .  (  1.2000E-03 )
  
  predicted energy change: -4.7645E-06
  step size:     0.03323
  trust radius:  0.30000
---------------- geometry iteration  21 complete ----------------
geopt (optimize geometry) done.
onee (1-electron integrals) done.
probe (project orbitals) done.
grid (grid generation) done.
rwr (Q operators) done.
  
       i  u  d  i  g
       t  p  i  c  r                                 RMS    maximum
       e  d  i  u  i                       energy  density   DIIS  
       r  t  s  t  d       total energy    change  change    error 
  
etot    1  N  N  2  U   -1764.78953085381           5.8E-05  1.5E-03
etot    2  Y  Y  6  M   -1764.79029598276  7.7E-04  9.5E-06  1.1E-04
etot    3  N  Y  2  U   -1764.79026965980 -2.6E-05  8.2E-06  2.8E-04
etot    4  N  Y  2  U   -1764.79028221212  1.3E-05  2.7E-06  1.2E-04
etot    5  N  N  2  U   -1764.79028433950  2.1E-06  0.0E+00  0.0E+00
scf (DFT) done.
der1a (1-e 1st deriv.) done.
rwr (1st deriv. Q) done.
der1b (2-e 1st deriv.) done.
  Geometry optimization step  22
  Total energy:     -1764.84270222927 hartrees
  energy change:           3.3728E-05 *  (  5.0000E-05 )
  gradient maximum:        3.8334E-04 *  (  4.5000E-04 )
  gradient rms:            5.7171E-05 #  (  3.0000E-04 )
  displacement maximum:    1.0343E-02 .  (  1.8000E-03 )
  displacement rms:        1.4677E-03 .  (  1.2000E-03 )
  
  predicted energy change: -2.4828E-06
  step size:     0.02240
  trust radius:  0.30000
---------------- geometry iteration  22 complete ----------------
geopt (optimize geometry) done.
onee (1-electron integrals) done.
probe (project orbitals) done.
grid (grid generation) done.
rwr (Q operators) done.
  
       i  u  d  i  g
       t  p  i  c  r                                 RMS    maximum
       e  d  i  u  i                       energy  density   DIIS  
       r  t  s  t  d       total energy    change  change    error 
  
etot    1  N  N  2  U   -1764.78990910956           4.3E-05  9.2E-04
etot    2  N  Y  2  U   -1764.79033055647  4.2E-04  5.5E-06  1.0E-04
etot    3  N  Y  2  U   -1764.79032755184 -3.0E-06  4.8E-06  1.5E-04
etot    4  N  N  2  U   -1764.79033107456  3.5E-06  0.0E+00  0.0E+00
scf (DFT) done.
der1a (1-e 1st deriv.) done.
rwr (1st deriv. Q) done.
der1b (2-e 1st deriv.) done.
  Geometry optimization step  23
  Total energy:     -1764.84272756550 hartrees
  energy change:          -2.5336E-05 *  (  5.0000E-05 )
  gradient maximum:        3.3276E-04 *  (  4.5000E-04 )
  gradient rms:            6.4562E-05 *  (  3.0000E-04 )
  displacement maximum:    3.7362E-02 .  (  1.8000E-03 )
  displacement rms:        6.4787E-03 .  (  1.2000E-03 )
  
  predicted energy change: -8.4035E-06
  step size:     0.09889
  trust radius:  0.30000
---------------- geometry iteration  23 complete ----------------
geopt (optimize geometry) done.
onee (1-electron integrals) done.
probe (project orbitals) done.
grid (grid generation) done.
rwr (Q operators) done.
  
       i  u  d  i  g
       t  p  i  c  r                                 RMS    maximum
       e  d  i  u  i                       energy  density   DIIS  
       r  t  s  t  d       total energy    change  change    error 
  
etot    1  N  N  2  U   -1764.78316686057           1.8E-04  3.7E-03
etot    2  Y  Y  6  M   -1764.79027670540  7.1E-03  3.7E-05  4.2E-04
etot    3  N  Y  2  U   -1764.78997808966 -3.0E-04  3.1E-05  1.3E-03
etot    4  N  Y  2  U   -1764.79025499327  2.8E-04  7.2E-06  2.8E-04
etot    5  N  Y  2  U   -1764.79026678539  1.2E-05  2.2E-06  5.1E-05
etot    6  N  N  2  U   -1764.79026796629  1.2E-06  0.0E+00  0.0E+00
scf (DFT) done.
der1a (1-e 1st deriv.) done.
rwr (1st deriv. Q) done.
der1b (2-e 1st deriv.) done.
  Geometry optimization step  24
  Total energy:     -1764.84259750991 hartrees
  energy change:           1.3006E-04 .  (  5.0000E-05 )
  gradient maximum:        1.2983E-03 .  (  4.5000E-04 )
  gradient rms:            1.9685E-04 *  (  3.0000E-04 )
  displacement maximum:    1.2779E-01 .  (  1.8000E-03 )
  displacement rms:        1.8866E-02 .  (  1.2000E-03 )
  
  predicted energy change: -1.0556E-04
  step size:     0.28798
  trust radius:  0.30000
---------------- geometry iteration  24 complete ----------------
geopt (optimize geometry) done.
onee (1-electron integrals) done.
probe (project orbitals) done.
grid (grid generation) done.
rwr (Q operators) done.
  
       i  u  d  i  g
       t  p  i  c  r                                 RMS    maximum
       e  d  i  u  i                       energy  density   DIIS  
       r  t  s  t  d       total energy    change  change    error 
  
etot    1  N  N  2  U   -1764.72094763171           5.4E-04  1.1E-02
etot    2  Y  Y  6  M   -1764.78976904507  6.9E-02  9.0E-05  1.2E-03
etot    3  N  Y  2  U   -1764.78872309496 -1.0E-03  7.1E-05  2.1E-03
etot    4  Y  Y  6  M   -1764.78981893333  1.1E-03  2.1E-05  6.4E-04
etot    5  N  Y  2  U   -1764.78989923078  8.0E-05  8.4E-06  3.3E-04
etot    6  N  Y  2  U   -1764.78991841798  1.9E-05  3.1E-06  8.4E-05
etot    7  N  N  2  U   -1764.78991956448  1.1E-06  0.0E+00  0.0E+00
scf (DFT) done.
der1a (1-e 1st deriv.) done.
rwr (1st deriv. Q) done.
der1b (2-e 1st deriv.) done.
  Geometry optimization step  25
  Total energy:     -1764.84257118032 hartrees
  energy change:           2.6330E-05 *  (  5.0000E-05 )
  gradient maximum:        3.3074E-03 .  (  4.5000E-04 )
  gradient rms:            4.7952E-04 .  (  3.0000E-04 )
  displacement maximum:    8.5036E-02 .  (  1.8000E-03 )
  displacement rms:        1.1617E-02 .  (  1.2000E-03 )
  
  predicted energy change: -1.7101E-04
  step size:     0.17733
  trust radius:  0.30000
---------------- geometry iteration  25 complete ----------------
geopt (optimize geometry) done.
onee (1-electron integrals) done.
probe (project orbitals) done.
grid (grid generation) done.
rwr (Q operators) done.
  
       i  u  d  i  g
       t  p  i  c  r                                 RMS    maximum
       e  d  i  u  i                       energy  density   DIIS  
       r  t  s  t  d       total energy    change  change    error 
  
etot    1  N  N  2  U   -1764.76225610420           3.5E-04  6.8E-03
etot    2  Y  Y  6  M   -1764.79034828356  2.8E-02  5.0E-05  7.7E-04
etot    3  N  Y  2  U   -1764.78995759512 -3.9E-04  3.9E-05  8.9E-04
etot    4  N  Y  2  U   -1764.79027206584  3.1E-04  1.3E-05  3.6E-04
etot    5  N  Y  2  U   -1764.79030995053  3.8E-05  4.4E-06  1.5E-04
etot    6  N  N  2  U   -1764.79031440855  4.5E-06  0.0E+00  0.0E+00
scf (DFT) done.
der1a (1-e 1st deriv.) done.
rwr (1st deriv. Q) done.
der1b (2-e 1st deriv.) done.
  Geometry optimization step  26
  Total energy:     -1764.84274478801 hartrees
  energy change:          -1.7361E-04 .  (  5.0000E-05 )
  gradient maximum:        5.3074E-04 .  (  4.5000E-04 )
  gradient rms:            7.9514E-05 *  (  3.0000E-04 )
  displacement maximum:    4.1359E-02 .  (  1.8000E-03 )
  displacement rms:        6.6139E-03 .  (  1.2000E-03 )
  
  predicted energy change: -7.4098E-06
  step size:     0.10096
  trust radius:  0.30000
---------------- geometry iteration  26 complete ----------------
geopt (optimize geometry) done.
onee (1-electron integrals) done.
probe (project orbitals) done.
grid (grid generation) done.
rwr (Q operators) done.
  
       i  u  d  i  g
       t  p  i  c  r                                 RMS    maximum
       e  d  i  u  i                       energy  density   DIIS  
       r  t  s  t  d       total energy    change  change    error 
  
etot    1  N  N  2  U   -1764.78283060210           1.8E-04  4.4E-03
etot    2  Y  Y  6  M   -1764.79030293593  7.5E-03  2.8E-05  3.7E-04
etot    3  N  Y  2  U   -1764.79015828522 -1.4E-04  2.2E-05  7.1E-04
etot    4  N  Y  2  U   -1764.79027018566  1.1E-04  6.7E-06  2.2E-04
etot    5  N  Y  2  U   -1764.79028001552  9.8E-06  2.5E-06  9.3E-05
etot    6  N  N  2  U   -1764.79028158693  1.6E-06  0.0E+00  0.0E+00
scf (DFT) done.
der1a (1-e 1st deriv.) done.
rwr (1st deriv. Q) done.
der1b (2-e 1st deriv.) done.
  Geometry optimization step  27
  Total energy:     -1764.84260653941 hartrees
  ** restarting optimization from step   26 **
  energy change:           1.3825E-04 .  (  5.0000E-05 )
  gradient maximum:        5.3074E-04 .  (  4.5000E-04 )
  gradient rms:            7.9514E-05 *  (  3.0000E-04 )
  displacement maximum:    1.8755E-02 .  (  1.8000E-03 )
  displacement rms:        3.6469E-03 .  (  1.2000E-03 )
  
  predicted energy change: -3.9703E-06
  step size:     0.05567
  trust radius:  0.30000
---------------- geometry iteration  27 complete ----------------
geopt (optimize geometry) done.
onee (1-electron integrals) done.
probe (project orbitals) done.
grid (grid generation) done.
rwr (Q operators) done.
  
       i  u  d  i  g
       t  p  i  c  r                                 RMS    maximum
       e  d  i  u  i                       energy  density   DIIS  
       r  t  s  t  d       total energy    change  change    error 
  
etot    1  N  N  2  U   -1764.78827324598           9.3E-05  2.5E-03
etot    2  Y  Y  6  M   -1764.79025387049  2.0E-03  1.2E-05  1.9E-04
etot    3  N  Y  2  U   -1764.79025794221  4.1E-06  9.2E-06  2.2E-04
etot    4  N  Y  2  U   -1764.79026989663  1.2E-05  3.8E-06  1.4E-04
etot    5  N  N  2  U   -1764.79027342158  3.5E-06  0.0E+00  0.0E+00
scf (DFT) done.
der1a (1-e 1st deriv.) done.
rwr (1st deriv. Q) done.
der1b (2-e 1st deriv.) done.
  Geometry optimization step  28
  Total energy:     -1764.84266638283 hartrees
  energy change:           7.8405E-05 .  (  5.0000E-05 )
  gradient maximum:        2.7342E-04 *  (  4.5000E-04 )
  gradient rms:            5.0919E-05 #  (  3.0000E-04 )
  displacement maximum:    7.8161E-03 .  (  1.8000E-03 )
  displacement rms:        1.4468E-03 .  (  1.2000E-03 )
  
  predicted energy change: -3.0029E-06
  step size:     0.02208
  trust radius:  0.30000
---------------- geometry iteration  28 complete ----------------
geopt (optimize geometry) done.
onee (1-electron integrals) done.
probe (project orbitals) done.
grid (grid generation) done.
rwr (Q operators) done.
  
       i  u  d  i  g
       t  p  i  c  r                                 RMS    maximum
       e  d  i  u  i                       energy  density   DIIS  
       r  t  s  t  d       total energy    change  change    error 
  
etot    1  N  N  2  U   -1764.78994816087           5.1E-05  1.0E-03
etot    2  Y  Y  6  M   -1764.79034111494  3.9E-04  1.0E-05  1.4E-04
etot    3  N  Y  2  U   -1764.79031153153 -3.0E-05  8.6E-06  4.3E-04
etot    4  N  Y  2  U   -1764.79033724118  2.6E-05  2.0E-06  6.3E-05
etot    5  N  N  2  U   -1764.79033787970  6.4E-07  0.0E+00  0.0E+00
scf (DFT) done.
der1a (1-e 1st deriv.) done.
rwr (1st deriv. Q) done.
der1b (2-e 1st deriv.) done.
  Geometry optimization step  29
  Total energy:     -1764.84272558408 hartrees
  energy change:          -5.9201E-05 .  (  5.0000E-05 )
  gradient maximum:        4.4661E-04 *  (  4.5000E-04 )
  gradient rms:            6.9858E-05 *  (  3.0000E-04 )
  displacement maximum:    4.8023E-03 .  (  1.8000E-03 )
  displacement rms:        8.7037E-04 *  (  1.2000E-03 )
  
  predicted energy change: -1.9815E-06
  step size:     0.01329
  trust radius:  0.30000
---------------- geometry iteration  29 complete ----------------
geopt (optimize geometry) done.
onee (1-electron integrals) done.
probe (project orbitals) done.
grid (grid generation) done.
rwr (Q operators) done.
  
       i  u  d  i  g
       t  p  i  c  r                                 RMS    maximum
       e  d  i  u  i                       energy  density   DIIS  
       r  t  s  t  d       total energy    change  change    error 
  
etot    1  N  N  2  U   -1764.79021536518           2.2E-05  5.2E-04
etot    2  N  Y  2  U   -1764.79032420676  1.1E-04  6.4E-06  6.4E-05
etot    3  N  Y  2  U   -1764.79031821032 -6.0E-06  4.9E-06  1.5E-04
etot    4  N  N  2  U   -1764.79032545191  7.2E-06  0.0E+00  0.0E+00
scf (DFT) done.
der1a (1-e 1st deriv.) done.
rwr (1st deriv. Q) done.
der1b (2-e 1st deriv.) done.
  Geometry optimization step  30
  Total energy:     -1764.84273532505 hartrees
  energy change:          -9.7410E-06 *  (  5.0000E-05 )
  gradient maximum:        1.6481E-04 *  (  4.5000E-04 )
  gradient rms:            4.2623E-05 #  (  3.0000E-04 )
  displacement maximum:    3.5435E-03 .  (  1.8000E-03 )
  displacement rms:        6.0439E-04 *  (  1.2000E-03 )
  
  predicted energy change: -1.0185E-06
  step size:     0.00923
  trust radius:  0.30000
------------- final geometry iteration  30 complete -------------
geopt (optimize geometry) done.
cutabab2 (abab integrals) done.
der2a (1-e JK-1st deriv.) done.
der2b (2-e JK-1st deriv.) done.
der2nda (1-e 2nd deriv.) done.
der2ndb (2-e 2nd deriv.) done.
rwr (Q operators) done.
cphfa (gradient of wave function) done.
freq (vib. frequencies) done.
Job J1_10406_2111 completed on hpc-93-32.cm.cluster at Wed May 29 02:26:05 2024
Timer (jaguar_backend.py) : 4227.41 secs (1 hrs, 10 mins, 27 secs)
Finished:   Wed May 29 02:26:05 2024
