Command:  /groups/wag/programs/Schrodinger_2020_3/jaguar run -WAIT -PARALLEL 8 /central/home/labounad/wittig-ch121/out/J1_9831_2111/J1_9831_2111.in
Release:  2020-3
Exec:     /groups/wag/programs/Schrodinger_2020_3/jaguar-v10.9/bin/Linux-x86_64
Host:     hpc-92-10.cm.cluster
JobId:    hpc-92-10-0-665705b9
JobDir:   /central/scratch/labounad/J1_9831_2111#hpc-92-10-0-665705b9
Date:     Wed May 29 03:38:52 2024

Contents of /central/scratch/labounad/J1_9831_2111#hpc-92-10-0-665705b9:
/central/scratch/labounad/J1_9831_2111#hpc-92-10-0-665705b9/hpc-92-10-0-665705b9.recover
/central/scratch/labounad/J1_9831_2111#hpc-92-10-0-665705b9/.write_dir.json
/central/scratch/labounad/J1_9831_2111#hpc-92-10-0-665705b9/hpc-92-10-0-665705b9.nodes
/central/scratch/labounad/J1_9831_2111#hpc-92-10-0-665705b9/hpc-92-10-0-665705b9.mpinodes
/central/scratch/labounad/J1_9831_2111#hpc-92-10-0-665705b9/J1_9831_2111.recover
/central/scratch/labounad/J1_9831_2111#hpc-92-10-0-665705b9/J1_9831_2111.log
/central/scratch/labounad/J1_9831_2111#hpc-92-10-0-665705b9/J1_9831_2111.in
/central/scratch/labounad/J1_9831_2111#hpc-92-10-0-665705b9/hpc-92-10-0-665705b9

Executing subprocess:
/groups/wag/programs/Schrodinger_2020_3/jaguar-v10.9/bin/Linux-x86_64/jexec J1_9831_2111.in -T 8 -out /central/scratch/labounad/J1_9831_2111#hpc-92-10-0-665705b9 -cwd

Job J1_9831_2111 started on hpc-92-10.cm.cluster at Wed May 29 03:38:55 2024
jobid: hpc-92-10-0-665705b9 
Jaguar version 10.9, release 139
 Using up to   8 threads per process
Molecular Point Group: C1      
Point Group used: C1
pre (input checking) done.
onee (1-electron integrals) done.
hfig (HF initial guess) done.
probe (project orbitals) done.
grid (grid generation) done.
rwr (Q operators) done.
scf type: DFT=PBE(X+LC)+PW91 (PBE-D3)
  
       i  u  d  i  g
       t  p  i  c  r                                 RMS    maximum
       e  d  i  u  i                       energy  density   DIIS  
       r  t  s  t  d       total energy    change  change    error 
  
etot    1  N  N  5  M   -1760.49648990807           5.3E-03  1.0E-01
etot    2  Y  Y  6  M   -1758.06712245572 -2.4E+00  7.3E-03  1.3E-01
etot    3  Y  Y  6  M   -1754.47175926508 -3.6E+00  6.3E-03  2.2E-01
etot    4  N  Y  2  U   -1758.92300629042  4.5E+00  7.9E-03  7.7E-02
etot    5  Y  Y  6  M   -1745.77012108330 -1.3E+01  7.1E-03  1.6E-01
etot    6  N  Y  2  U   -1764.45920721399  1.9E+01  1.9E-03  4.0E-02
etot    7  Y  Y  6  M   -1764.29848527179 -1.6E-01  1.1E-03  6.6E-02
etot    8  N  Y  2  U   -1764.71011632953  4.1E-01  4.1E-04  1.2E-02
etot    9  Y  Y  6  M   -1764.72457439376  1.4E-02  2.8E-04  9.5E-03
etot   10  N  Y  2  U   -1764.73864823892  1.4E-02  1.6E-04  4.2E-03
etot   11  Y  Y  6  M   -1764.74393131581  5.3E-03  7.6E-05  1.8E-03
etot   12  N  Y  2  U   -1764.74444672411  5.2E-04  5.0E-05  1.2E-03
etot   13  Y  Y  6  M   -1764.74494638692  5.0E-04  1.8E-05  4.1E-04
etot   14  N  Y  2  U   -1764.74504354751  9.7E-05  6.9E-06  2.8E-04
etot   15  N  Y  2  U   -1764.74505502571  1.1E-05  4.2E-06  7.7E-05
etot   16  N  N  2  U   -1764.74505514474  1.2E-07  0.0E+00  0.0E+00
scf (DFT) done.
der1a (1-e 1st deriv.) done.
rwr (1st deriv. Q) done.
der1b (2-e 1st deriv.) done.
  Geometry optimization step   1
  Total energy:     -1764.79954930907 hartrees
  gradient maximum:        3.6893E-02 .  (  4.5000E-04 )
  gradient rms:            7.8050E-03 .  (  3.0000E-04 )
  displacement maximum:    1.0084E-01 .  (  1.8000E-03 )
  displacement rms:        1.9663E-02 .  (  1.2000E-03 )
  
  predicted energy change: -2.1985E-02
  step size:     0.30015
  trust radius:  0.30000
---------------- geometry iteration   1 complete ----------------
geopt (optimize geometry) done.
onee (1-electron integrals) done.
probe (project orbitals) done.
grid (grid generation) done.
rwr (Q operators) done.
  
       i  u  d  i  g
       t  p  i  c  r                                 RMS    maximum
       e  d  i  u  i                       energy  density   DIIS  
       r  t  s  t  d       total energy    change  change    error 
  
etot    1  N  N  2  U   -1764.75641933984           7.3E-04  1.6E-02
etot    2  Y  Y  6  M   -1764.76656472962  1.0E-02  8.7E-05  1.7E-03
etot    3  N  Y  2  U   -1764.76604403214 -5.2E-04  5.7E-05  2.9E-03
etot    4  Y  Y  6  M   -1764.76693043763  8.9E-04  1.6E-05  6.3E-04
etot    5  N  Y  2  U   -1764.76704081890  1.1E-04  6.8E-06  2.5E-04
etot    6  N  Y  2  U   -1764.76705057948  9.8E-06  2.5E-06  6.6E-05
etot    7  N  N  2  U   -1764.76705186134  1.3E-06  0.0E+00  0.0E+00
scf (DFT) done.
der1a (1-e 1st deriv.) done.
rwr (1st deriv. Q) done.
der1b (2-e 1st deriv.) done.
  Geometry optimization step   2
  Total energy:     -1764.82052455495 hartrees
  energy change:          -2.0975E-02 .  (  5.0000E-05 )
  gradient maximum:        1.4469E-02 .  (  4.5000E-04 )
  gradient rms:            2.5107E-03 .  (  3.0000E-04 )
  displacement maximum:    1.2317E-01 .  (  1.8000E-03 )
  displacement rms:        1.9653E-02 .  (  1.2000E-03 )
  
  predicted energy change: -5.5133E-03
  step size:     0.29999
  trust radius:  0.30000
---------------- geometry iteration   2 complete ----------------
geopt (optimize geometry) done.
onee (1-electron integrals) done.
probe (project orbitals) done.
grid (grid generation) done.
rwr (Q operators) done.
  
       i  u  d  i  g
       t  p  i  c  r                                 RMS    maximum
       e  d  i  u  i                       energy  density   DIIS  
       r  t  s  t  d       total energy    change  change    error 
  
etot    1  N  N  2  U   -1764.72763768074           4.5E-04  1.1E-02
etot    2  Y  Y  6  M   -1764.76995604951  4.2E-02  7.2E-05  7.3E-04
etot    3  N  Y  2  U   -1764.76936669218 -5.9E-04  5.6E-05  1.8E-03
etot    4  Y  Y  6  M   -1764.77005866705  6.9E-04  2.2E-05  7.5E-04
etot    5  N  Y  2  U   -1764.77022544658  1.7E-04  7.2E-06  2.7E-04
etot    6  N  Y  2  U   -1764.77023998535  1.5E-05  2.5E-06  5.3E-05
etot    7  N  N  2  U   -1764.77024069114  7.1E-07  0.0E+00  0.0E+00
scf (DFT) done.
der1a (1-e 1st deriv.) done.
rwr (1st deriv. Q) done.
der1b (2-e 1st deriv.) done.
  Geometry optimization step   3
  Total energy:     -1764.82351821951 hartrees
  energy change:          -2.9937E-03 .  (  5.0000E-05 )
  gradient maximum:        3.8258E-02 .  (  4.5000E-04 )
  gradient rms:            4.2808E-03 .  (  3.0000E-04 )
  displacement maximum:    1.1356E-01 .  (  1.8000E-03 )
  displacement rms:        1.9694E-02 .  (  1.2000E-03 )
  
  predicted energy change: -5.6317E-03
  step size:     0.30061
  trust radius:  0.30000
---------------- geometry iteration   3 complete ----------------
geopt (optimize geometry) done.
onee (1-electron integrals) done.
probe (project orbitals) done.
grid (grid generation) done.
rwr (Q operators) done.
  
       i  u  d  i  g
       t  p  i  c  r                                 RMS    maximum
       e  d  i  u  i                       energy  density   DIIS  
       r  t  s  t  d       total energy    change  change    error 
  
etot    1  N  N  2  U   -1764.71277435136           5.2E-04  1.0E-02
etot    2  Y  Y  6  M   -1764.77091654473  5.8E-02  9.2E-05  1.0E-03
etot    3  N  Y  2  U   -1764.76945072405 -1.5E-03  7.6E-05  2.3E-03
etot    4  Y  Y  6  M   -1764.77080229939  1.4E-03  2.5E-05  9.5E-04
etot    5  N  Y  2  U   -1764.77096642653  1.6E-04  7.2E-06  2.6E-04
etot    6  N  Y  2  U   -1764.77098179095  1.5E-05  2.9E-06  7.7E-05
etot    7  N  N  2  U   -1764.77098280902  1.0E-06  0.0E+00  0.0E+00
scf (DFT) done.
der1a (1-e 1st deriv.) done.
rwr (1st deriv. Q) done.
der1b (2-e 1st deriv.) done.
  Geometry optimization step   4
  Total energy:     -1764.82451172048 hartrees
  energy change:          -9.9350E-04 .  (  5.0000E-05 )
  gradient maximum:        1.8835E-02 .  (  4.5000E-04 )
  gradient rms:            3.0385E-03 .  (  3.0000E-04 )
  displacement maximum:    1.0311E-01 .  (  1.8000E-03 )
  displacement rms:        1.9663E-02 .  (  1.2000E-03 )
  
  predicted energy change: -4.1033E-03
  step size:     0.30014
  trust radius:  0.30000
---------------- geometry iteration   4 complete ----------------
geopt (optimize geometry) done.
onee (1-electron integrals) done.
probe (project orbitals) done.
grid (grid generation) done.
rwr (Q operators) done.
  
       i  u  d  i  g
       t  p  i  c  r                                 RMS    maximum
       e  d  i  u  i                       energy  density   DIIS  
       r  t  s  t  d       total energy    change  change    error 
  
etot    1  N  N  2  U   -1764.73354966902           4.3E-04  9.7E-03
etot    2  Y  Y  6  M   -1764.77527949413  4.2E-02  6.8E-05  9.0E-04
etot    3  N  Y  2  U   -1764.77459995738 -6.8E-04  5.2E-05  1.4E-03
etot    4  Y  Y  6  M   -1764.77517469423  5.7E-04  1.5E-05  4.7E-04
etot    5  N  Y  2  U   -1764.77524247914  6.8E-05  4.6E-06  2.0E-04
etot    6  N  N  2  U   -1764.77524837251  5.9E-06  0.0E+00  0.0E+00
scf (DFT) done.
der1a (1-e 1st deriv.) done.
rwr (1st deriv. Q) done.
der1b (2-e 1st deriv.) done.
  Geometry optimization step   5
  Total energy:     -1764.82808934258 hartrees
  energy change:          -3.5776E-03 .  (  5.0000E-05 )
  gradient maximum:        1.7846E-02 .  (  4.5000E-04 )
  gradient rms:            2.6392E-03 .  (  3.0000E-04 )
  displacement maximum:    1.2209E-01 .  (  1.8000E-03 )
  displacement rms:        1.9690E-02 .  (  1.2000E-03 )
  
  predicted energy change: -2.2967E-03
  step size:     0.30056
  trust radius:  0.30000
---------------- geometry iteration   5 complete ----------------
geopt (optimize geometry) done.
onee (1-electron integrals) done.
probe (project orbitals) done.
grid (grid generation) done.
rwr (Q operators) done.
  
       i  u  d  i  g
       t  p  i  c  r                                 RMS    maximum
       e  d  i  u  i                       energy  density   DIIS  
       r  t  s  t  d       total energy    change  change    error 
  
etot    1  N  N  2  U   -1764.72356186683           5.6E-04  1.2E-02
etot    2  Y  Y  6  M   -1764.77579055019  5.2E-02  8.5E-05  1.2E-03
etot    3  N  Y  2  U   -1764.77499174887 -8.0E-04  6.5E-05  1.9E-03
etot    4  Y  Y  6  M   -1764.77589331177  9.0E-04  1.8E-05  6.2E-04
etot    5  N  Y  2  U   -1764.77603205650  1.4E-04  5.8E-06  1.9E-04
etot    6  N  Y  2  U   -1764.77603953902  7.5E-06  2.8E-06  5.7E-05
etot    7  N  N  2  U   -1764.77604006676  5.3E-07  0.0E+00  0.0E+00
scf (DFT) done.
der1a (1-e 1st deriv.) done.
rwr (1st deriv. Q) done.
der1b (2-e 1st deriv.) done.
  Geometry optimization step   6
  Total energy:     -1764.82897482947 hartrees
  energy change:          -8.8549E-04 .  (  5.0000E-05 )
  gradient maximum:        8.7331E-03 .  (  4.5000E-04 )
  gradient rms:            1.8376E-03 .  (  3.0000E-04 )
  displacement maximum:    1.3158E-01 .  (  1.8000E-03 )
  displacement rms:        1.9655E-02 .  (  1.2000E-03 )
  
  predicted energy change: -1.8169E-03
  step size:     0.30001
  trust radius:  0.30000
---------------- geometry iteration   6 complete ----------------
geopt (optimize geometry) done.
onee (1-electron integrals) done.
probe (project orbitals) done.
grid (grid generation) done.
rwr (Q operators) done.
  
       i  u  d  i  g
       t  p  i  c  r                                 RMS    maximum
       e  d  i  u  i                       energy  density   DIIS  
       r  t  s  t  d       total energy    change  change    error 
  
etot    1  N  N  2  U   -1764.73687048424           4.8E-04  1.3E-02
etot    2  Y  Y  6  M   -1764.77706205161  4.0E-02  6.1E-05  1.1E-03
etot    3  N  Y  2  U   -1764.77669547730 -3.7E-04  4.6E-05  1.2E-03
etot    4  N  Y  2  U   -1764.77707774129  3.8E-04  1.5E-05  7.2E-04
etot    5  N  Y  2  U   -1764.77715043432  7.3E-05  4.5E-06  1.9E-04
etot    6  N  N  2  U   -1764.77715441766  4.0E-06  0.0E+00  0.0E+00
scf (DFT) done.
der1a (1-e 1st deriv.) done.
rwr (1st deriv. Q) done.
der1b (2-e 1st deriv.) done.
  Geometry optimization step   7
  Total energy:     -1764.83043562578 hartrees
  energy change:          -1.4608E-03 .  (  5.0000E-05 )
  gradient maximum:        7.7743E-03 .  (  4.5000E-04 )
  gradient rms:            1.3233E-03 .  (  3.0000E-04 )
  displacement maximum:    1.4194E-01 .  (  1.8000E-03 )
  displacement rms:        1.9653E-02 .  (  1.2000E-03 )
  
  predicted energy change: -1.3178E-03
  step size:     0.29999
  trust radius:  0.30000
---------------- geometry iteration   7 complete ----------------
geopt (optimize geometry) done.
onee (1-electron integrals) done.
probe (project orbitals) done.
grid (grid generation) done.
rwr (Q operators) done.
  
       i  u  d  i  g
       t  p  i  c  r                                 RMS    maximum
       e  d  i  u  i                       energy  density   DIIS  
       r  t  s  t  d       total energy    change  change    error 
  
etot    1  N  N  2  U   -1764.72683414053           4.6E-04  1.3E-02
etot    2  Y  Y  6  M   -1764.77808793823  5.1E-02  7.5E-05  1.1E-03
etot    3  N  Y  2  U   -1764.77730654888 -7.8E-04  5.7E-05  1.5E-03
etot    4  Y  Y  6  M   -1764.77809122697  7.8E-04  1.6E-05  5.3E-04
etot    5  N  Y  2  U   -1764.77815008148  5.9E-05  4.9E-06  1.6E-04
etot    6  N  N  2  U   -1764.77815628291  6.2E-06  0.0E+00  0.0E+00
scf (DFT) done.
der1a (1-e 1st deriv.) done.
rwr (1st deriv. Q) done.
der1b (2-e 1st deriv.) done.
  Geometry optimization step   8
  Total energy:     -1764.83135690891 hartrees
  energy change:          -9.2128E-04 .  (  5.0000E-05 )
  gradient maximum:        1.0617E-02 .  (  4.5000E-04 )
  gradient rms:            1.4603E-03 .  (  3.0000E-04 )
  displacement maximum:    1.3059E-01 .  (  1.8000E-03 )
  displacement rms:        1.9653E-02 .  (  1.2000E-03 )
  
  predicted energy change: -8.5641E-04
  step size:     0.30000
  trust radius:  0.30000
---------------- geometry iteration   8 complete ----------------
geopt (optimize geometry) done.
onee (1-electron integrals) done.
probe (project orbitals) done.
grid (grid generation) done.
rwr (Q operators) done.
  
       i  u  d  i  g
       t  p  i  c  r                                 RMS    maximum
       e  d  i  u  i                       energy  density   DIIS  
       r  t  s  t  d       total energy    change  change    error 
  
etot    1  N  N  2  U   -1764.73705506650           4.2E-04  1.3E-02
etot    2  Y  Y  6  M   -1764.77900977890  4.2E-02  6.8E-05  1.0E-03
etot    3  N  Y  2  U   -1764.77850421290 -5.1E-04  5.1E-05  1.4E-03
etot    4  Y  Y  6  M   -1764.77901116330  5.1E-04  1.5E-05  5.5E-04
etot    5  N  Y  2  U   -1764.77911244455  1.0E-04  4.7E-06  1.8E-04
etot    6  N  N  2  U   -1764.77911759955  5.2E-06  0.0E+00  0.0E+00
scf (DFT) done.
der1a (1-e 1st deriv.) done.
rwr (1st deriv. Q) done.
der1b (2-e 1st deriv.) done.
  Geometry optimization step   9
  Total energy:     -1764.83232723552 hartrees
  energy change:          -9.7033E-04 .  (  5.0000E-05 )
  gradient maximum:        4.7251E-03 .  (  4.5000E-04 )
  gradient rms:            9.4592E-04 .  (  3.0000E-04 )
  displacement maximum:    1.3405E-01 .  (  1.8000E-03 )
  displacement rms:        1.9682E-02 .  (  1.2000E-03 )
  
  predicted energy change: -9.9755E-04
  step size:     0.30043
  trust radius:  0.30000
---------------- geometry iteration   9 complete ----------------
geopt (optimize geometry) done.
onee (1-electron integrals) done.
probe (project orbitals) done.
grid (grid generation) done.
rwr (Q operators) done.
  
       i  u  d  i  g
       t  p  i  c  r                                 RMS    maximum
       e  d  i  u  i                       energy  density   DIIS  
       r  t  s  t  d       total energy    change  change    error 
  
etot    1  N  N  2  U   -1764.71506283181           5.1E-04  1.6E-02
etot    2  Y  Y  6  M   -1764.77897401010  6.4E-02  8.0E-05  1.4E-03
etot    3  N  Y  2  U   -1764.77817403916 -8.0E-04  5.9E-05  2.0E-03
etot    4  Y  Y  6  M   -1764.77904316281  8.7E-04  1.7E-05  6.1E-04
etot    5  N  Y  2  U   -1764.77916130486  1.2E-04  5.7E-06  2.0E-04
etot    6  N  Y  2  U   -1764.77916903674  7.7E-06  3.1E-06  6.0E-05
etot    7  N  N  2  U   -1764.77916953060  4.9E-07  0.0E+00  0.0E+00
scf (DFT) done.
der1a (1-e 1st deriv.) done.
rwr (1st deriv. Q) done.
der1b (2-e 1st deriv.) done.
  Geometry optimization step  10
  Total energy:     -1764.83282849360 hartrees
  energy change:          -5.0126E-04 .  (  5.0000E-05 )
  gradient maximum:        4.8447E-03 .  (  4.5000E-04 )
  gradient rms:            9.0956E-04 .  (  3.0000E-04 )
  displacement maximum:    1.4146E-01 .  (  1.8000E-03 )
  displacement rms:        1.9678E-02 .  (  1.2000E-03 )
  
  predicted energy change: -7.7571E-04
  step size:     0.30037
  trust radius:  0.30000
---------------- geometry iteration  10 complete ----------------
geopt (optimize geometry) done.
onee (1-electron integrals) done.
probe (project orbitals) done.
grid (grid generation) done.
rwr (Q operators) done.
  
       i  u  d  i  g
       t  p  i  c  r                                 RMS    maximum
       e  d  i  u  i                       energy  density   DIIS  
       r  t  s  t  d       total energy    change  change    error 
  
etot    1  N  N  2  U   -1764.73157848969           4.7E-04  1.3E-02
etot    2  Y  Y  6  M   -1764.77989962433  4.8E-02  7.3E-05  1.0E-03
etot    3  N  Y  2  U   -1764.77914844263 -7.5E-04  6.0E-05  2.0E-03
etot    4  Y  Y  6  M   -1764.77990736224  7.6E-04  1.9E-05  8.4E-04
etot    5  N  Y  2  U   -1764.77999969679  9.2E-05  6.3E-06  2.4E-04
etot    6  N  Y  2  U   -1764.78001211917  1.2E-05  2.6E-06  6.2E-05
etot    7  N  N  2  U   -1764.78001255496  4.4E-07  0.0E+00  0.0E+00
scf (DFT) done.
der1a (1-e 1st deriv.) done.
rwr (1st deriv. Q) done.
der1b (2-e 1st deriv.) done.
  Geometry optimization step  11
  Total energy:     -1764.83369873820 hartrees
  energy change:          -8.7024E-04 .  (  5.0000E-05 )
  gradient maximum:        6.1667E-03 .  (  4.5000E-04 )
  gradient rms:            9.2608E-04 .  (  3.0000E-04 )
  displacement maximum:    1.2554E-01 .  (  1.8000E-03 )
  displacement rms:        1.9677E-02 .  (  1.2000E-03 )
  
  predicted energy change: -7.4313E-04
  step size:     0.30035
  trust radius:  0.30000
---------------- geometry iteration  11 complete ----------------
geopt (optimize geometry) done.
onee (1-electron integrals) done.
probe (project orbitals) done.
grid (grid generation) done.
rwr (Q operators) done.
  
       i  u  d  i  g
       t  p  i  c  r                                 RMS    maximum
       e  d  i  u  i                       energy  density   DIIS  
       r  t  s  t  d       total energy    change  change    error 
  
etot    1  N  N  2  U   -1764.71996375221           5.1E-04  9.9E-03
etot    2  Y  Y  6  M   -1764.78063413025  6.1E-02  8.6E-05  1.5E-03
etot    3  N  Y  2  U   -1764.77963916433 -9.9E-04  7.0E-05  2.0E-03
etot    4  Y  Y  6  M   -1764.78066907338  1.0E-03  2.1E-05  7.5E-04
etot    5  N  Y  2  U   -1764.78078289819  1.1E-04  7.6E-06  3.2E-04
etot    6  N  Y  2  U   -1764.78080098869  1.8E-05  2.9E-06  6.3E-05
etot    7  N  N  2  U   -1764.78080157488  5.9E-07  0.0E+00  0.0E+00
scf (DFT) done.
der1a (1-e 1st deriv.) done.
rwr (1st deriv. Q) done.
der1b (2-e 1st deriv.) done.
  Geometry optimization step  12
  Total energy:     -1764.83456034412 hartrees
  energy change:          -8.6161E-04 .  (  5.0000E-05 )
  gradient maximum:        3.4904E-03 .  (  4.5000E-04 )
  gradient rms:            7.2283E-04 .  (  3.0000E-04 )
  displacement maximum:    1.4798E-01 .  (  1.8000E-03 )
  displacement rms:        1.9657E-02 .  (  1.2000E-03 )
  
  predicted energy change: -9.2977E-04
  step size:     0.30005
  trust radius:  0.30000
---------------- geometry iteration  12 complete ----------------
geopt (optimize geometry) done.
onee (1-electron integrals) done.
probe (project orbitals) done.
grid (grid generation) done.
rwr (Q operators) done.
  
       i  u  d  i  g
       t  p  i  c  r                                 RMS    maximum
       e  d  i  u  i                       energy  density   DIIS  
       r  t  s  t  d       total energy    change  change    error 
  
etot    1  N  N  2  U   -1764.70948817045           5.6E-04  1.2E-02
etot    2  Y  Y  6  M   -1764.78078212853  7.1E-02  9.4E-05  1.4E-03
etot    3  N  Y  2  U   -1764.77962984381 -1.2E-03  7.5E-05  2.5E-03
etot    4  Y  Y  6  M   -1764.78080380325  1.2E-03  2.4E-05  1.1E-03
etot    5  N  Y  2  U   -1764.78095260745  1.5E-04  8.5E-06  3.3E-04
etot    6  N  Y  2  U   -1764.78097436258  2.2E-05  3.2E-06  1.0E-04
etot    7  N  N  2  U   -1764.78097519664  8.3E-07  0.0E+00  0.0E+00
scf (DFT) done.
der1a (1-e 1st deriv.) done.
rwr (1st deriv. Q) done.
der1b (2-e 1st deriv.) done.
  Geometry optimization step  13
  Total energy:     -1764.83518319336 hartrees
  energy change:          -6.2285E-04 .  (  5.0000E-05 )
  gradient maximum:        4.4113E-03 .  (  4.5000E-04 )
  gradient rms:            8.0879E-04 .  (  3.0000E-04 )
  displacement maximum:    1.3663E-01 .  (  1.8000E-03 )
  displacement rms:        1.9652E-02 .  (  1.2000E-03 )
  
  predicted energy change: -7.4684E-04
  step size:     0.29998
  trust radius:  0.30000
---------------- geometry iteration  13 complete ----------------
geopt (optimize geometry) done.
onee (1-electron integrals) done.
probe (project orbitals) done.
grid (grid generation) done.
rwr (Q operators) done.
  
       i  u  d  i  g
       t  p  i  c  r                                 RMS    maximum
       e  d  i  u  i                       energy  density   DIIS  
       r  t  s  t  d       total energy    change  change    error 
  
etot    1  N  N  2  U   -1764.70956871700           5.6E-04  1.3E-02
etot    2  Y  Y  6  M   -1764.78076796594  7.1E-02  9.0E-05  1.5E-03
etot    3  N  Y  2  U   -1764.77969827918 -1.1E-03  7.1E-05  2.8E-03
etot    4  Y  Y  6  M   -1764.78078396590  1.1E-03  2.5E-05  1.4E-03
etot    5  N  Y  2  U   -1764.78090305265  1.2E-04  8.7E-06  4.2E-04
etot    6  N  Y  2  U   -1764.78092773792  2.5E-05  3.1E-06  8.3E-05
etot    7  N  N  2  U   -1764.78092843908  7.0E-07  0.0E+00  0.0E+00
scf (DFT) done.
der1a (1-e 1st deriv.) done.
rwr (1st deriv. Q) done.
der1b (2-e 1st deriv.) done.
  Geometry optimization step  14
  Total energy:     -1764.83558054936 hartrees
  energy change:          -3.9736E-04 .  (  5.0000E-05 )
  gradient maximum:        3.7509E-03 .  (  4.5000E-04 )
  gradient rms:            9.1871E-04 .  (  3.0000E-04 )
  displacement maximum:    8.9874E-02 .  (  1.8000E-03 )
  displacement rms:        1.4224E-02 .  (  1.2000E-03 )
  
  predicted energy change: -4.6875E-04
  step size:     0.21712
  trust radius:  0.30000
---------------- geometry iteration  14 complete ----------------
geopt (optimize geometry) done.
onee (1-electron integrals) done.
probe (project orbitals) done.
grid (grid generation) done.
rwr (Q operators) done.
  
       i  u  d  i  g
       t  p  i  c  r                                 RMS    maximum
       e  d  i  u  i                       energy  density   DIIS  
       r  t  s  t  d       total energy    change  change    error 
  
etot    1  N  N  2  U   -1764.75492590628           3.4E-04  1.1E-02
etot    2  Y  Y  6  M   -1764.78134294829  2.6E-02  4.9E-05  7.0E-04
etot    3  N  Y  2  U   -1764.78104206078 -3.0E-04  3.8E-05  1.4E-03
etot    4  N  Y  2  U   -1764.78132400691  2.8E-04  1.3E-05  6.0E-04
etot    5  N  Y  2  U   -1764.78136921761  4.5E-05  4.6E-06  2.0E-04
etot    6  N  N  2  U   -1764.78137549889  6.3E-06  0.0E+00  0.0E+00
scf (DFT) done.
der1a (1-e 1st deriv.) done.
rwr (1st deriv. Q) done.
der1b (2-e 1st deriv.) done.
  Geometry optimization step  15
  Total energy:     -1764.83595926545 hartrees
  energy change:          -3.7872E-04 .  (  5.0000E-05 )
  gradient maximum:        5.3434E-03 .  (  4.5000E-04 )
  gradient rms:            9.0763E-04 .  (  3.0000E-04 )
  displacement maximum:    8.0518E-02 .  (  1.8000E-03 )
  displacement rms:        1.4885E-02 .  (  1.2000E-03 )
  
  predicted energy change: -3.4404E-04
  step size:     0.22720
  trust radius:  0.30000
---------------- geometry iteration  15 complete ----------------
geopt (optimize geometry) done.
onee (1-electron integrals) done.
probe (project orbitals) done.
grid (grid generation) done.
rwr (Q operators) done.
  
       i  u  d  i  g
       t  p  i  c  r                                 RMS    maximum
       e  d  i  u  i                       energy  density   DIIS  
       r  t  s  t  d       total energy    change  change    error 
  
etot    1  N  N  2  U   -1764.75849618558           7.8E-04  1.6E-02
etot    2  Y  Y  6  M   -1764.78195267634  2.3E-02  5.5E-05  7.0E-04
etot    3  N  Y  2  U   -1764.78172015169 -2.3E-04  4.2E-05  1.0E-03
etot    4  N  Y  2  U   -1764.78204730613  3.3E-04  1.2E-05  4.3E-04
etot    5  N  Y  2  U   -1764.78208140292  3.4E-05  3.9E-06  1.6E-04
etot    6  N  N  2  U   -1764.78208547816  4.1E-06  0.0E+00  0.0E+00
scf (DFT) done.
der1a (1-e 1st deriv.) done.
rwr (1st deriv. Q) done.
der1b (2-e 1st deriv.) done.
  Geometry optimization step  16
  Total energy:     -1764.83669197858 hartrees
  energy change:          -7.3271E-04 .  (  5.0000E-05 )
  gradient maximum:        2.2715E-03 .  (  4.5000E-04 )
  gradient rms:            4.8510E-04 .  (  3.0000E-04 )
  displacement maximum:    6.2472E-02 .  (  1.8000E-03 )
  displacement rms:        9.7521E-03 .  (  1.2000E-03 )
  
  predicted energy change: -2.0284E-04
  step size:     0.14886
  trust radius:  0.30000
---------------- geometry iteration  16 complete ----------------
geopt (optimize geometry) done.
onee (1-electron integrals) done.
probe (project orbitals) done.
grid (grid generation) done.
rwr (Q operators) done.
  
       i  u  d  i  g
       t  p  i  c  r                                 RMS    maximum
       e  d  i  u  i                       energy  density   DIIS  
       r  t  s  t  d       total energy    change  change    error 
  
etot    1  N  N  2  U   -1764.77159118742           2.1E-04  6.6E-03
etot    2  Y  Y  6  M   -1764.78228706833  1.1E-02  4.1E-05  4.9E-04
etot    3  N  Y  2  U   -1764.78201038755 -2.8E-04  3.4E-05  1.2E-03
etot    4  N  Y  2  U   -1764.78226463431  2.5E-04  9.6E-06  4.2E-04
etot    5  N  Y  2  U   -1764.78228781107  2.3E-05  3.1E-06  1.4E-04
etot    6  N  N  2  U   -1764.78229058895  2.8E-06  0.0E+00  0.0E+00
scf (DFT) done.
der1a (1-e 1st deriv.) done.
rwr (1st deriv. Q) done.
der1b (2-e 1st deriv.) done.
  Geometry optimization step  17
  Total energy:     -1764.83683014572 hartrees
  energy change:          -1.3817E-04 .  (  5.0000E-05 )
  gradient maximum:        2.5573E-03 .  (  4.5000E-04 )
  gradient rms:            3.5909E-04 .  (  3.0000E-04 )
  displacement maximum:    3.8270E-02 .  (  1.8000E-03 )
  displacement rms:        7.2468E-03 .  (  1.2000E-03 )
  
  predicted energy change: -1.0263E-04
  step size:     0.11062
  trust radius:  0.30000
---------------- geometry iteration  17 complete ----------------
geopt (optimize geometry) done.
onee (1-electron integrals) done.
probe (project orbitals) done.
grid (grid generation) done.
rwr (Q operators) done.
  
       i  u  d  i  g
       t  p  i  c  r                                 RMS    maximum
       e  d  i  u  i                       energy  density   DIIS  
       r  t  s  t  d       total energy    change  change    error 
  
etot    1  N  N  2  U   -1764.77768107645           1.5E-04  2.9E-03
etot    2  Y  Y  6  M   -1764.78276513661  5.1E-03  2.8E-05  3.8E-04
etot    3  N  Y  2  U   -1764.78269363844 -7.1E-05  2.0E-05  6.3E-04
etot    4  N  Y  2  U   -1764.78280709662  1.1E-04  4.9E-06  1.5E-04
etot    5  N  N  2  U   -1764.78281080933  3.7E-06  0.0E+00  0.0E+00
scf (DFT) done.
der1a (1-e 1st deriv.) done.
rwr (1st deriv. Q) done.
der1b (2-e 1st deriv.) done.
  Geometry optimization step  18
  Total energy:     -1764.83709632243 hartrees
  energy change:          -2.6618E-04 .  (  5.0000E-05 )
  gradient maximum:        2.0235E-03 .  (  4.5000E-04 )
  gradient rms:            3.4831E-04 .  (  3.0000E-04 )
  displacement maximum:    9.5273E-02 .  (  1.8000E-03 )
  displacement rms:        1.3582E-02 .  (  1.2000E-03 )
  
  predicted energy change: -1.3033E-04
  step size:     0.20732
  trust radius:  0.30000
---------------- geometry iteration  18 complete ----------------
geopt (optimize geometry) done.
onee (1-electron integrals) done.
probe (project orbitals) done.
grid (grid generation) done.
rwr (Q operators) done.
  
       i  u  d  i  g
       t  p  i  c  r                                 RMS    maximum
       e  d  i  u  i                       energy  density   DIIS  
       r  t  s  t  d       total energy    change  change    error 
  
etot    1  N  N  2  U   -1764.76587354414           2.7E-04  8.9E-03
etot    2  Y  Y  6  M   -1764.78260123630  1.7E-02  4.6E-05  5.8E-04
etot    3  N  Y  2  U   -1764.78229465371 -3.1E-04  3.5E-05  1.1E-03
etot    4  N  Y  2  U   -1764.78260275774  3.1E-04  9.3E-06  2.5E-04
etot    5  N  Y  2  U   -1764.78262310574  2.0E-05  3.2E-06  1.3E-04
etot    6  N  N  2  U   -1764.78262570338  2.6E-06  0.0E+00  0.0E+00
scf (DFT) done.
der1a (1-e 1st deriv.) done.
rwr (1st deriv. Q) done.
der1b (2-e 1st deriv.) done.
  Geometry optimization step  19
  Total energy:     -1764.83687164251 hartrees
  energy change:           2.2468E-04 .  (  5.0000E-05 )
  gradient maximum:        5.2378E-03 .  (  4.5000E-04 )
  gradient rms:            6.4303E-04 .  (  3.0000E-04 )
  displacement maximum:    8.0276E-02 .  (  1.8000E-03 )
  displacement rms:        1.4225E-02 .  (  1.2000E-03 )
  
  predicted energy change: -1.9708E-04
  step size:     0.21714
  trust radius:  0.30000
---------------- geometry iteration  19 complete ----------------
geopt (optimize geometry) done.
onee (1-electron integrals) done.
probe (project orbitals) done.
grid (grid generation) done.
rwr (Q operators) done.
  
       i  u  d  i  g
       t  p  i  c  r                                 RMS    maximum
       e  d  i  u  i                       energy  density   DIIS  
       r  t  s  t  d       total energy    change  change    error 
  
etot    1  N  N  2  U   -1764.76172635529           3.2E-04  6.7E-03
etot    2  Y  Y  6  M   -1764.78304591268  2.1E-02  5.3E-05  6.4E-04
etot    3  N  Y  2  U   -1764.78265454429 -3.9E-04  4.1E-05  1.3E-03
etot    4  N  Y  2  U   -1764.78307632655  4.2E-04  1.1E-05  4.1E-04
etot    5  N  Y  2  U   -1764.78310141027  2.5E-05  4.4E-06  1.8E-04
etot    6  N  N  2  U   -1764.78310660132  5.2E-06  0.0E+00  0.0E+00
scf (DFT) done.
der1a (1-e 1st deriv.) done.
rwr (1st deriv. Q) done.
der1b (2-e 1st deriv.) done.
  Geometry optimization step  20
  Total energy:     -1764.83735536373 hartrees
  energy change:          -4.8372E-04 .  (  5.0000E-05 )
  gradient maximum:        2.7752E-03 .  (  4.5000E-04 )
  gradient rms:            5.5766E-04 .  (  3.0000E-04 )
  displacement maximum:    1.5115E-01 .  (  1.8000E-03 )
  displacement rms:        1.9712E-02 .  (  1.2000E-03 )
  
  predicted energy change: -4.5133E-04
  step size:     0.30089
  trust radius:  0.30000
---------------- geometry iteration  20 complete ----------------
geopt (optimize geometry) done.
onee (1-electron integrals) done.
probe (project orbitals) done.
grid (grid generation) done.
rwr (Q operators) done.
  
       i  u  d  i  g
       t  p  i  c  r                                 RMS    maximum
       e  d  i  u  i                       energy  density   DIIS  
       r  t  s  t  d       total energy    change  change    error 
  
etot    1  N  N  2  U   -1764.73827027672           4.5E-04  1.5E-02
etot    2  Y  Y  6  M   -1764.78305129091  4.5E-02  7.1E-05  1.1E-03
etot    3  N  Y  2  U   -1764.78249783038 -5.5E-04  5.3E-05  1.4E-03
etot    4  Y  Y  6  M   -1764.78304216083  5.4E-04  1.5E-05  4.7E-04
etot    5  N  Y  2  U   -1764.78315604973  1.1E-04  4.1E-06  1.4E-04
etot    6  N  N  2  U   -1764.78315984972  3.8E-06  0.0E+00  0.0E+00
scf (DFT) done.
der1a (1-e 1st deriv.) done.
rwr (1st deriv. Q) done.
der1b (2-e 1st deriv.) done.
  Geometry optimization step  21
  Total energy:     -1764.83769119845 hartrees
  energy change:          -3.3583E-04 .  (  5.0000E-05 )
  gradient maximum:        5.2119E-03 .  (  4.5000E-04 )
  gradient rms:            1.0047E-03 .  (  3.0000E-04 )
  displacement maximum:    1.1566E-01 .  (  1.8000E-03 )
  displacement rms:        1.9709E-02 .  (  1.2000E-03 )
  
  predicted energy change: -3.7625E-04
  step size:     0.30084
  trust radius:  0.30000
---------------- geometry iteration  21 complete ----------------
geopt (optimize geometry) done.
onee (1-electron integrals) done.
probe (project orbitals) done.
grid (grid generation) done.
rwr (Q operators) done.
  
       i  u  d  i  g
       t  p  i  c  r                                 RMS    maximum
       e  d  i  u  i                       energy  density   DIIS  
       r  t  s  t  d       total energy    change  change    error 
  
etot    1  N  N  2  U   -1764.75089987593           3.7E-04  1.1E-02
etot    2  Y  Y  6  M   -1764.78411247759  3.3E-02  6.1E-05  7.6E-04
etot    3  N  Y  2  U   -1764.78363600008 -4.8E-04  4.5E-05  1.2E-03
etot    4  N  Y  2  U   -1764.78414632503  5.1E-04  1.3E-05  4.0E-04
etot    5  N  Y  2  U   -1764.78417802819  3.2E-05  4.7E-06  2.1E-04
etot    6  N  N  2  U   -1764.78418273936  4.7E-06  0.0E+00  0.0E+00
scf (DFT) done.
der1a (1-e 1st deriv.) done.
rwr (1st deriv. Q) done.
der1b (2-e 1st deriv.) done.
  Geometry optimization step  22
  Total energy:     -1764.83835751538 hartrees
  energy change:          -6.6632E-04 .  (  5.0000E-05 )
  gradient maximum:        3.8254E-03 .  (  4.5000E-04 )
  gradient rms:            7.3107E-04 .  (  3.0000E-04 )
  displacement maximum:    1.0016E-01 .  (  1.8000E-03 )
  displacement rms:        1.4686E-02 .  (  1.2000E-03 )
  
  predicted energy change: -3.1905E-04
  step size:     0.22417
  trust radius:  0.30000
---------------- geometry iteration  22 complete ----------------
geopt (optimize geometry) done.
onee (1-electron integrals) done.
probe (project orbitals) done.
grid (grid generation) done.
rwr (Q operators) done.
  
       i  u  d  i  g
       t  p  i  c  r                                 RMS    maximum
       e  d  i  u  i                       energy  density   DIIS  
       r  t  s  t  d       total energy    change  change    error 
  
etot    1  N  N  2  U   -1764.76002082576           3.2E-04  9.5E-03
etot    2  Y  Y  6  M   -1764.78417567773  2.4E-02  6.5E-05  7.0E-04
etot    3  N  Y  2  U   -1764.78352440146 -6.5E-04  5.4E-05  1.7E-03
etot    4  Y  Y  6  M   -1764.78425274213  7.3E-04  1.5E-05  6.3E-04
etot    5  N  Y  2  U   -1764.78423874654 -1.4E-05  5.1E-06  2.0E-04
etot    6  N  Y  2  U   -1764.78424724836  8.5E-06  1.9E-06  3.1E-05
etot    7  N  N  2  U   -1764.78424748913  2.4E-07  0.0E+00  0.0E+00
scf (DFT) done.
der1a (1-e 1st deriv.) done.
rwr (1st deriv. Q) done.
der1b (2-e 1st deriv.) done.
  Geometry optimization step  23
  Total energy:     -1764.83834971827 hartrees
  energy change:           7.7971E-06 *  (  5.0000E-05 )
  gradient maximum:        4.1916E-03 .  (  4.5000E-04 )
  gradient rms:            7.6910E-04 .  (  3.0000E-04 )
  displacement maximum:    7.4057E-02 .  (  1.8000E-03 )
  displacement rms:        1.0097E-02 .  (  1.2000E-03 )
  
  predicted energy change: -2.6792E-04
  step size:     0.15413
  trust radius:  0.30000
---------------- geometry iteration  23 complete ----------------
geopt (optimize geometry) done.
onee (1-electron integrals) done.
probe (project orbitals) done.
grid (grid generation) done.
rwr (Q operators) done.
  
       i  u  d  i  g
       t  p  i  c  r                                 RMS    maximum
       e  d  i  u  i                       energy  density   DIIS  
       r  t  s  t  d       total energy    change  change    error 
  
etot    1  N  N  2  U   -1764.77209817535           2.3E-04  7.2E-03
etot    2  Y  Y  6  M   -1764.78457636269  1.2E-02  3.7E-05  5.5E-04
etot    3  N  Y  2  U   -1764.78440137915 -1.7E-04  2.8E-05  8.8E-04
etot    4  N  Y  2  U   -1764.78455810817  1.6E-04  8.3E-06  2.7E-04
etot    5  N  Y  2  U   -1764.78457778751  2.0E-05  2.2E-06  7.2E-05
etot    6  N  N  2  U   -1764.78457885889  1.1E-06  0.0E+00  0.0E+00
scf (DFT) done.
der1a (1-e 1st deriv.) done.
rwr (1st deriv. Q) done.
der1b (2-e 1st deriv.) done.
  Geometry optimization step  24
  Total energy:     -1764.83874050449 hartrees
  energy change:          -3.9079E-04 .  (  5.0000E-05 )
  gradient maximum:        1.8383E-03 .  (  4.5000E-04 )
  gradient rms:            3.3185E-04 .  (  3.0000E-04 )
  displacement maximum:    9.2358E-02 .  (  1.8000E-03 )
  displacement rms:        1.3645E-02 .  (  1.2000E-03 )
  
  predicted energy change: -1.1672E-04
  step size:     0.20828
  trust radius:  0.30000
---------------- geometry iteration  24 complete ----------------
geopt (optimize geometry) done.
onee (1-electron integrals) done.
probe (project orbitals) done.
grid (grid generation) done.
rwr (Q operators) done.
  
       i  u  d  i  g
       t  p  i  c  r                                 RMS    maximum
       e  d  i  u  i                       energy  density   DIIS  
       r  t  s  t  d       total energy    change  change    error 
  
etot    1  N  N  2  U   -1764.76017886986           3.1E-04  1.2E-02
etot    2  Y  Y  6  M   -1764.78484306851  2.5E-02  4.2E-05  7.5E-04
etot    3  N  Y  2  U   -1764.78457623777 -2.7E-04  3.2E-05  7.7E-04
etot    4  N  Y  2  U   -1764.78477985439  2.0E-04  1.1E-05  2.8E-04
etot    5  N  Y  2  U   -1764.78480855560  2.9E-05  3.4E-06  1.3E-04
etot    6  N  N  2  U   -1764.78481076299  2.2E-06  0.0E+00  0.0E+00
scf (DFT) done.
der1a (1-e 1st deriv.) done.
rwr (1st deriv. Q) done.
der1b (2-e 1st deriv.) done.
  Geometry optimization step  25
  Total energy:     -1764.83912371824 hartrees
  energy change:          -3.8321E-04 .  (  5.0000E-05 )
  gradient maximum:        1.9519E-03 .  (  4.5000E-04 )
  gradient rms:            3.7175E-04 .  (  3.0000E-04 )
  displacement maximum:    1.2228E-01 .  (  1.8000E-03 )
  displacement rms:        1.9654E-02 .  (  1.2000E-03 )
  
  predicted energy change: -1.9566E-04
  step size:     0.30000
  trust radius:  0.30000
---------------- geometry iteration  25 complete ----------------
geopt (optimize geometry) done.
onee (1-electron integrals) done.
probe (project orbitals) done.
grid (grid generation) done.
rwr (Q operators) done.
  
       i  u  d  i  g
       t  p  i  c  r                                 RMS    maximum
       e  d  i  u  i                       energy  density   DIIS  
       r  t  s  t  d       total energy    change  change    error 
  
etot    1  N  N  2  U   -1764.73249210787           4.8E-04  1.8E-02
etot    2  Y  Y  6  M   -1764.78526272048  5.3E-02  6.0E-05  8.3E-04
etot    3  N  Y  2  U   -1764.78474555983 -5.2E-04  4.4E-05  1.2E-03
etot    4  N  Y  2  U   -1764.78515492026  4.1E-04  1.4E-05  5.6E-04
etot    5  N  Y  2  U   -1764.78521614039  6.1E-05  4.6E-06  1.1E-04
etot    6  N  N  2  U   -1764.78522041221  4.3E-06  0.0E+00  0.0E+00
scf (DFT) done.
der1a (1-e 1st deriv.) done.
rwr (1st deriv. Q) done.
der1b (2-e 1st deriv.) done.
  Geometry optimization step  26
  Total energy:     -1764.83977890688 hartrees
  energy change:          -6.5519E-04 .  (  5.0000E-05 )
  gradient maximum:        3.2133E-03 .  (  4.5000E-04 )
  gradient rms:            6.2919E-04 .  (  3.0000E-04 )
  displacement maximum:    4.1253E-02 .  (  1.8000E-03 )
  displacement rms:        6.6960E-03 .  (  1.2000E-03 )
  
  predicted energy change: -2.2411E-04
  step size:     0.10221
  trust radius:  0.30000
---------------- geometry iteration  26 complete ----------------
geopt (optimize geometry) done.
onee (1-electron integrals) done.
probe (project orbitals) done.
grid (grid generation) done.
rwr (Q operators) done.
  
       i  u  d  i  g
       t  p  i  c  r                                 RMS    maximum
       e  d  i  u  i                       energy  density   DIIS  
       r  t  s  t  d       total energy    change  change    error 
  
etot    1  N  N  2  U   -1764.77890722766           1.8E-04  3.6E-03
etot    2  Y  Y  6  M   -1764.78567301576  6.8E-03  3.5E-05  3.8E-04
etot    3  N  Y  2  U   -1764.78542138611 -2.5E-04  2.7E-05  1.0E-03
etot    4  N  Y  2  U   -1764.78565337724  2.3E-04  7.5E-06  2.3E-04
etot    5  N  Y  2  U   -1764.78566294371  9.6E-06  2.9E-06  1.1E-04
etot    6  N  N  2  U   -1764.78566546442  2.5E-06  0.0E+00  0.0E+00
scf (DFT) done.
der1a (1-e 1st deriv.) done.
rwr (1st deriv. Q) done.
der1b (2-e 1st deriv.) done.
  Geometry optimization step  27
  Total energy:     -1764.84020862121 hartrees
  energy change:          -4.2971E-04 .  (  5.0000E-05 )
  gradient maximum:        2.5233E-03 .  (  4.5000E-04 )
  gradient rms:            5.2139E-04 .  (  3.0000E-04 )
  displacement maximum:    1.2161E-01 .  (  1.8000E-03 )
  displacement rms:        1.6801E-02 .  (  1.2000E-03 )
  
  predicted energy change: -2.2735E-04
  step size:     0.25645
  trust radius:  0.30000
---------------- geometry iteration  27 complete ----------------
geopt (optimize geometry) done.
onee (1-electron integrals) done.
probe (project orbitals) done.
grid (grid generation) done.
rwr (Q operators) done.
  
       i  u  d  i  g
       t  p  i  c  r                                 RMS    maximum
       e  d  i  u  i                       energy  density   DIIS  
       r  t  s  t  d       total energy    change  change    error 
  
etot    1  N  N  2  U   -1764.75518543527           3.9E-04  1.6E-02
etot    2  Y  Y  6  M   -1764.78511488126  3.0E-02  6.5E-05  8.8E-04
etot    3  N  Y  2  U   -1764.78471578753 -4.0E-04  5.0E-05  1.6E-03
etot    4  Y  Y  6  M   -1764.78522462473  5.1E-04  1.4E-05  4.1E-04
etot    5  N  Y  2  U   -1764.78521525727 -9.4E-06  4.2E-06  1.6E-04
etot    6  N  N  2  U   -1764.78522007153  4.8E-06  0.0E+00  0.0E+00
scf (DFT) done.
der1a (1-e 1st deriv.) done.
rwr (1st deriv. Q) done.
der1b (2-e 1st deriv.) done.
  Geometry optimization step  28
  Total energy:     -1764.83972108053 hartrees
  energy change:           4.8754E-04 .  (  5.0000E-05 )
  gradient maximum:        1.6131E-03 .  (  4.5000E-04 )
  gradient rms:            3.5735E-04 .  (  3.0000E-04 )
  displacement maximum:    8.4851E-02 .  (  1.8000E-03 )
  displacement rms:        1.2959E-02 .  (  1.2000E-03 )
  
  predicted energy change: -1.9084E-04
  step size:     0.19781
  trust radius:  0.30000
---------------- geometry iteration  28 complete ----------------
geopt (optimize geometry) done.
onee (1-electron integrals) done.
probe (project orbitals) done.
grid (grid generation) done.
rwr (Q operators) done.
  
       i  u  d  i  g
       t  p  i  c  r                                 RMS    maximum
       e  d  i  u  i                       energy  density   DIIS  
       r  t  s  t  d       total energy    change  change    error 
  
etot    1  N  N  2  U   -1764.76791618150           3.3E-04  1.2E-02
etot    2  Y  Y  6  M   -1764.78578506800  1.8E-02  4.2E-05  6.2E-04
etot    3  N  Y  2  U   -1764.78547926734 -3.1E-04  3.4E-05  1.1E-03
etot    4  N  Y  2  U   -1764.78573228202  2.5E-04  1.2E-05  4.7E-04
etot    5  N  Y  2  U   -1764.78576570848  3.3E-05  3.9E-06  1.6E-04
etot    6  N  N  2  U   -1764.78577011752  4.4E-06  0.0E+00  0.0E+00
scf (DFT) done.
der1a (1-e 1st deriv.) done.
rwr (1st deriv. Q) done.
der1b (2-e 1st deriv.) done.
  Geometry optimization step  29
  Total energy:     -1764.84030274816 hartrees
  energy change:          -5.8167E-04 .  (  5.0000E-05 )
  gradient maximum:        1.7713E-03 .  (  4.5000E-04 )
  gradient rms:            2.8483E-04 *  (  3.0000E-04 )
  displacement maximum:    1.9463E-02 .  (  1.8000E-03 )
  displacement rms:        3.2888E-03 .  (  1.2000E-03 )
  
  predicted energy change: -3.5784E-05
  step size:     0.05020
  trust radius:  0.30000
---------------- geometry iteration  29 complete ----------------
geopt (optimize geometry) done.
onee (1-electron integrals) done.
probe (project orbitals) done.
grid (grid generation) done.
rwr (Q operators) done.
  
       i  u  d  i  g
       t  p  i  c  r                                 RMS    maximum
       e  d  i  u  i                       energy  density   DIIS  
       r  t  s  t  d       total energy    change  change    error 
  
etot    1  N  N  2  U   -1764.78365378854           9.4E-05  2.3E-03
etot    2  Y  Y  6  M   -1764.78573601886  2.1E-03  1.7E-05  2.1E-04
etot    3  N  Y  2  U   -1764.78569190695 -4.4E-05  1.4E-05  4.9E-04
etot    4  N  Y  2  U   -1764.78573643083  4.5E-05  4.3E-06  1.8E-04
etot    5  N  N  2  U   -1764.78574042351  4.0E-06  0.0E+00  0.0E+00
scf (DFT) done.
der1a (1-e 1st deriv.) done.
rwr (1st deriv. Q) done.
der1b (2-e 1st deriv.) done.
  Geometry optimization step  30
  Total energy:     -1764.84032657835 hartrees
  energy change:          -2.3830E-05 *  (  5.0000E-05 )
  gradient maximum:        1.0172E-03 .  (  4.5000E-04 )
  gradient rms:            1.7236E-04 *  (  3.0000E-04 )
  displacement maximum:    5.9856E-03 .  (  1.8000E-03 )
  displacement rms:        1.0568E-03 *  (  1.2000E-03 )
  
  predicted energy change: -1.1024E-05
  step size:     0.01613
  trust radius:  0.30000
---------------- geometry iteration  30 complete ----------------
geopt (optimize geometry) done.
onee (1-electron integrals) done.
probe (project orbitals) done.
grid (grid generation) done.
rwr (Q operators) done.
  
       i  u  d  i  g
       t  p  i  c  r                                 RMS    maximum
       e  d  i  u  i                       energy  density   DIIS  
       r  t  s  t  d       total energy    change  change    error 
  
etot    1  N  N  2  U   -1764.78573695180           2.5E-05  8.8E-04
etot    2  N  Y  2  U   -1764.78581926659  8.2E-05  1.6E-05  2.2E-04
etot    3  N  Y  2  U   -1764.78577462688 -4.5E-05  1.2E-05  5.9E-04
etot    4  N  Y  2  U   -1764.78582756995  5.3E-05  1.7E-06  6.7E-05
etot    5  N  N  2  U   -1764.78582844788  8.8E-07  0.0E+00  0.0E+00
scf (DFT) done.
der1a (1-e 1st deriv.) done.
rwr (1st deriv. Q) done.
der1b (2-e 1st deriv.) done.
  Geometry optimization step  31
  Total energy:     -1764.84039731623 hartrees
  energy change:          -7.0738E-05 .  (  5.0000E-05 )
  gradient maximum:        6.4535E-04 .  (  4.5000E-04 )
  gradient rms:            1.1572E-04 *  (  3.0000E-04 )
  displacement maximum:    2.4020E-02 .  (  1.8000E-03 )
  displacement rms:        4.3589E-03 .  (  1.2000E-03 )
  
  predicted energy change: -1.3592E-05
  step size:     0.06654
  trust radius:  0.30000
---------------- geometry iteration  31 complete ----------------
geopt (optimize geometry) done.
onee (1-electron integrals) done.
probe (project orbitals) done.
grid (grid generation) done.
rwr (Q operators) done.
  
       i  u  d  i  g
       t  p  i  c  r                                 RMS    maximum
       e  d  i  u  i                       energy  density   DIIS  
       r  t  s  t  d       total energy    change  change    error 
  
etot    1  N  N  2  U   -1764.78310640818           1.1E-04  3.1E-03
etot    2  Y  Y  6  M   -1764.78574314168  2.6E-03  1.8E-05  1.7E-04
etot    3  N  Y  2  U   -1764.78568580988 -5.7E-05  1.3E-05  4.0E-04
etot    4  N  Y  2  U   -1764.78572628421  4.0E-05  3.2E-06  9.4E-05
etot    5  N  N  2  U   -1764.78572811528  1.8E-06  0.0E+00  0.0E+00
scf (DFT) done.
der1a (1-e 1st deriv.) done.
rwr (1st deriv. Q) done.
der1b (2-e 1st deriv.) done.
  Geometry optimization step  32
  Total energy:     -1764.84044957994 hartrees
  energy change:          -5.2264E-05 .  (  5.0000E-05 )
  gradient maximum:        1.3932E-03 .  (  4.5000E-04 )
  gradient rms:            2.4142E-04 *  (  3.0000E-04 )
  displacement maximum:    2.1806E-02 .  (  1.8000E-03 )
  displacement rms:        2.7672E-03 .  (  1.2000E-03 )
  
  predicted energy change: -2.4832E-05
  step size:     0.04224
  trust radius:  0.30000
---------------- geometry iteration  32 complete ----------------
geopt (optimize geometry) done.
onee (1-electron integrals) done.
probe (project orbitals) done.
grid (grid generation) done.
rwr (Q operators) done.
  
       i  u  d  i  g
       t  p  i  c  r                                 RMS    maximum
       e  d  i  u  i                       energy  density   DIIS  
       r  t  s  t  d       total energy    change  change    error 
  
etot    1  N  N  2  U   -1764.78474458202           6.5E-05  2.3E-03
etot    2  Y  Y  6  M   -1764.78577470915  1.0E-03  1.5E-05  1.4E-04
etot    3  N  Y  2  U   -1764.78574349852 -3.1E-05  1.2E-05  4.2E-04
etot    4  N  Y  2  U   -1764.78578572932  4.2E-05  2.9E-06  1.1E-04
etot    5  N  N  2  U   -1764.78578769656  2.0E-06  0.0E+00  0.0E+00
scf (DFT) done.
der1a (1-e 1st deriv.) done.
rwr (1st deriv. Q) done.
der1b (2-e 1st deriv.) done.
  Geometry optimization step  33
  Total energy:     -1764.84039156213 hartrees
  energy change:           5.8018E-05 .  (  5.0000E-05 )
  gradient maximum:        4.3194E-04 *  (  4.5000E-04 )
  gradient rms:            9.6632E-05 *  (  3.0000E-04 )
  displacement maximum:    8.6908E-03 .  (  1.8000E-03 )
  displacement rms:        1.7029E-03 .  (  1.2000E-03 )
  
  predicted energy change: -5.2846E-06
  step size:     0.02599
  trust radius:  0.30000
---------------- geometry iteration  33 complete ----------------
geopt (optimize geometry) done.
onee (1-electron integrals) done.
probe (project orbitals) done.
grid (grid generation) done.
rwr (Q operators) done.
  
       i  u  d  i  g
       t  p  i  c  r                                 RMS    maximum
       e  d  i  u  i                       energy  density   DIIS  
       r  t  s  t  d       total energy    change  change    error 
  
etot    1  N  N  2  U   -1764.78546251329           6.9E-04  1.0E-02
etot    2  Y  Y  6  M   -1764.78615467673  6.9E-04  9.5E-06  1.2E-04
etot    3  N  Y  2  U   -1764.78619510721  4.0E-05  7.7E-06  3.2E-04
etot    4  N  Y  2  U   -1764.78621080578  1.6E-05  2.1E-06  8.9E-05
etot    5  N  N  2  U   -1764.78621187522  1.1E-06  0.0E+00  0.0E+00
scf (DFT) done.
der1a (1-e 1st deriv.) done.
rwr (1st deriv. Q) done.
der1b (2-e 1st deriv.) done.
  Geometry optimization step  34
  Total energy:     -1764.84082156475 hartrees
  energy change:          -4.3000E-04 .  (  5.0000E-05 )
  gradient maximum:        5.0564E-04 .  (  4.5000E-04 )
  gradient rms:            9.5383E-05 *  (  3.0000E-04 )
  displacement maximum:    7.5386E-03 .  (  1.8000E-03 )
  displacement rms:        1.3304E-03 .  (  1.2000E-03 )
  
  predicted energy change: -4.2041E-06
  step size:     0.02031
  trust radius:  0.30000
---------------- geometry iteration  34 complete ----------------
geopt (optimize geometry) done.
onee (1-electron integrals) done.
probe (project orbitals) done.
grid (grid generation) done.
rwr (Q operators) done.
  
       i  u  d  i  g
       t  p  i  c  r                                 RMS    maximum
       e  d  i  u  i                       energy  density   DIIS  
       r  t  s  t  d       total energy    change  change    error 
  
etot    1  N  N  2  U   -1764.78593745443           3.4E-05  8.9E-04
etot    2  N  Y  2  U   -1764.78621143771  2.7E-04  9.3E-06  1.2E-04
etot    3  N  Y  2  U   -1764.78619349501 -1.8E-05  7.5E-06  4.1E-04
etot    4  N  Y  2  U   -1764.78621353681  2.0E-05  1.3E-06  5.5E-05
etot    5  N  N  2  U   -1764.78621385441  3.2E-07  0.0E+00  0.0E+00
scf (DFT) done.
der1a (1-e 1st deriv.) done.
rwr (1st deriv. Q) done.
der1b (2-e 1st deriv.) done.
  Geometry optimization step  35
  Total energy:     -1764.84084107468 hartrees
  energy change:          -1.9510E-05 *  (  5.0000E-05 )
  gradient maximum:        1.7073E-04 *  (  4.5000E-04 )
  gradient rms:            4.2350E-05 #  (  3.0000E-04 )
  displacement maximum:    2.7014E-03 .  (  1.8000E-03 )
  displacement rms:        5.2800E-04 *  (  1.2000E-03 )
  
  predicted energy change: -1.1962E-06
  step size:     0.00806
  trust radius:  0.30000
------------- final geometry iteration  35 complete -------------
geopt (optimize geometry) done.
cutabab2 (abab integrals) done.
der2a (1-e JK-1st deriv.) done.
der2b (2-e JK-1st deriv.) done.
der2nda (1-e 2nd deriv.) done.
der2ndb (2-e 2nd deriv.) done.
rwr (Q operators) done.
cphfa (gradient of wave function) done.
freq (vib. frequencies) done.
Job J1_9831_2111 completed on hpc-92-10.cm.cluster at Wed May 29 05:42:52 2024
Timer (jaguar_backend.py) : 7440.51 secs (2 hrs, 04 mins, 00 secs)
Finished:   Wed May 29 05:42:53 2024
