Command:  /groups/wag/programs/Schrodinger_2020_3/jaguar run -WAIT -PARALLEL 8 /central/home/labounad/wittig-ch121/out/J1_10184_2111/J1_10184_2111.in
Release:  2020-3
Exec:     /groups/wag/programs/Schrodinger_2020_3/jaguar-v10.9/bin/Linux-x86_64
Host:     hpc-90-16.cm.cluster
JobId:    hpc-90-16-1-6656e3ea
JobDir:   /central/scratch/labounad/J1_10184_2111#hpc-90-16-1-6656e3ea
Date:     Wed May 29 01:14:36 2024

Contents of /central/scratch/labounad/J1_10184_2111#hpc-90-16-1-6656e3ea:
/central/scratch/labounad/J1_10184_2111#hpc-90-16-1-6656e3ea/hpc-90-16-1-6656e3ea
/central/scratch/labounad/J1_10184_2111#hpc-90-16-1-6656e3ea/.write_dir.json
/central/scratch/labounad/J1_10184_2111#hpc-90-16-1-6656e3ea/J1_10184_2111.log
/central/scratch/labounad/J1_10184_2111#hpc-90-16-1-6656e3ea/hpc-90-16-1-6656e3ea.nodes
/central/scratch/labounad/J1_10184_2111#hpc-90-16-1-6656e3ea/hpc-90-16-1-6656e3ea.recover
/central/scratch/labounad/J1_10184_2111#hpc-90-16-1-6656e3ea/J1_10184_2111.in
/central/scratch/labounad/J1_10184_2111#hpc-90-16-1-6656e3ea/J1_10184_2111.recover
/central/scratch/labounad/J1_10184_2111#hpc-90-16-1-6656e3ea/hpc-90-16-1-6656e3ea.mpinodes

Executing subprocess:
/groups/wag/programs/Schrodinger_2020_3/jaguar-v10.9/bin/Linux-x86_64/jexec J1_10184_2111.in -T 8 -out /central/scratch/labounad/J1_10184_2111#hpc-90-16-1-6656e3ea -cwd

Job J1_10184_2111 started on hpc-90-16.cm.cluster at Wed May 29 01:14:39 2024
jobid: hpc-90-16-1-6656e3ea 
Jaguar version 10.9, release 139
 Using up to   8 threads per process
Molecular Point Group: C1      
Point Group used: C1
pre (input checking) done.
onee (1-electron integrals) done.
hfig (HF initial guess) done.
probe (project orbitals) done.
grid (grid generation) done.
rwr (Q operators) done.
scf type: DFT=PBE(X+LC)+PW91 (PBE-D3)
  
       i  u  d  i  g
       t  p  i  c  r                                 RMS    maximum
       e  d  i  u  i                       energy  density   DIIS  
       r  t  s  t  d       total energy    change  change    error 
  
etot    1  N  N  5  M   -1672.20113411333           5.3E-03  1.1E-01
etot    2  Y  Y  6  M   -1669.16768886567 -3.0E+00  1.1E-02  2.0E-01
etot    3  Y  Y  6  M   -1665.11298126428 -4.1E+00  1.0E-02  2.5E-01
etot    4  N  Y  2  U   -1674.98658827537  9.9E+00  2.6E-03  7.8E-02
etot    5  Y  Y  6  M   -1675.35907198415  3.7E-01  1.5E-03  3.1E-02
etot    6  N  Y  2  U   -1675.61160245359  2.5E-01  7.9E-04  2.1E-02
etot    7  Y  Y  6  M   -1675.61628238790  4.7E-03  5.7E-04  1.7E-02
etot    8  N  Y  2  U   -1675.67972058717  6.3E-02  2.6E-04  7.2E-03
etot    9  Y  Y  6  M   -1675.68561139632  5.9E-03  1.7E-04  5.4E-03
etot   10  N  Y  2  U   -1675.68894454898  3.3E-03  8.6E-05  2.6E-03
etot   11  Y  Y  6  M   -1675.69045388221  1.5E-03  3.2E-05  8.8E-04
etot   12  N  Y  2  U   -1675.69062085207  1.7E-04  9.8E-06  2.0E-04
etot   13  N  Y  2  U   -1675.69062810266  7.3E-06  4.9E-06  1.3E-04
etot   14  N  N  2  U   -1675.69063259881  4.5E-06  0.0E+00  0.0E+00
scf (DFT) done.
der1a (1-e 1st deriv.) done.
rwr (1st deriv. Q) done.
der1b (2-e 1st deriv.) done.
  Geometry optimization step   1
  Total energy:     -1675.73996721970 hartrees
  gradient maximum:        3.3762E-02 .  (  4.5000E-04 )
  gradient rms:            7.5556E-03 .  (  3.0000E-04 )
  displacement maximum:    1.1726E-01 .  (  1.8000E-03 )
  displacement rms:        2.0975E-02 .  (  1.2000E-03 )
  
  predicted energy change: -2.0729E-02
  step size:     0.30031
  trust radius:  0.30000
---------------- geometry iteration   1 complete ----------------
geopt (optimize geometry) done.
onee (1-electron integrals) done.
probe (project orbitals) done.
grid (grid generation) done.
rwr (Q operators) done.
  
       i  u  d  i  g
       t  p  i  c  r                                 RMS    maximum
       e  d  i  u  i                       energy  density   DIIS  
       r  t  s  t  d       total energy    change  change    error 
  
etot    1  N  N  2  U   -1675.70195859897           1.2E-03  1.5E-02
etot    2  Y  Y  6  M   -1675.71129042274  9.3E-03  1.2E-04  1.4E-03
etot    3  N  Y  2  U   -1675.71074005290 -5.5E-04  8.8E-05  2.0E-03
etot    4  Y  Y  6  M   -1675.71191622989  1.2E-03  2.1E-05  4.9E-04
etot    5  N  Y  2  U   -1675.71202931693  1.1E-04  7.7E-06  2.3E-04
etot    6  N  Y  2  U   -1675.71204012255  1.1E-05  3.2E-06  8.3E-05
etot    7  N  N  2  U   -1675.71204120390  1.1E-06  0.0E+00  0.0E+00
scf (DFT) done.
der1a (1-e 1st deriv.) done.
rwr (1st deriv. Q) done.
der1b (2-e 1st deriv.) done.
  Geometry optimization step   2
  Total energy:     -1675.76003706714 hartrees
  energy change:          -2.0070E-02 .  (  5.0000E-05 )
  gradient maximum:        1.2837E-02 .  (  4.5000E-04 )
  gradient rms:            2.4282E-03 .  (  3.0000E-04 )
  displacement maximum:    1.4984E-01 .  (  1.8000E-03 )
  displacement rms:        2.0978E-02 .  (  1.2000E-03 )
  
  predicted energy change: -3.9451E-03
  step size:     0.30035
  trust radius:  0.30000
---------------- geometry iteration   2 complete ----------------
geopt (optimize geometry) done.
onee (1-electron integrals) done.
probe (project orbitals) done.
grid (grid generation) done.
rwr (Q operators) done.
  
       i  u  d  i  g
       t  p  i  c  r                                 RMS    maximum
       e  d  i  u  i                       energy  density   DIIS  
       r  t  s  t  d       total energy    change  change    error 
  
etot    1  N  N  2  U   -1675.68312390848           4.6E-04  1.3E-02
etot    2  Y  Y  6  M   -1675.71594106602  3.3E-02  9.2E-05  9.3E-04
etot    3  N  Y  2  U   -1675.71504427952 -9.0E-04  7.4E-05  2.0E-03
etot    4  Y  Y  6  M   -1675.71595998767  9.2E-04  2.3E-05  8.5E-04
etot    5  N  Y  2  U   -1675.71607249588  1.1E-04  7.5E-06  2.5E-04
etot    6  N  Y  2  U   -1675.71608380337  1.1E-05  2.7E-06  7.5E-05
etot    7  N  N  2  U   -1675.71608454624  7.4E-07  0.0E+00  0.0E+00
scf (DFT) done.
der1a (1-e 1st deriv.) done.
rwr (1st deriv. Q) done.
der1b (2-e 1st deriv.) done.
  Geometry optimization step   3
  Total energy:     -1675.76386833553 hartrees
  energy change:          -3.8313E-03 .  (  5.0000E-05 )
  gradient maximum:        9.6927E-03 .  (  4.5000E-04 )
  gradient rms:            1.5327E-03 .  (  3.0000E-04 )
  displacement maximum:    1.2039E-01 .  (  1.8000E-03 )
  displacement rms:        2.0953E-02 .  (  1.2000E-03 )
  
  predicted energy change: -2.7992E-03
  step size:     0.30000
  trust radius:  0.30000
---------------- geometry iteration   3 complete ----------------
geopt (optimize geometry) done.
onee (1-electron integrals) done.
probe (project orbitals) done.
grid (grid generation) done.
rwr (Q operators) done.
  
       i  u  d  i  g
       t  p  i  c  r                                 RMS    maximum
       e  d  i  u  i                       energy  density   DIIS  
       r  t  s  t  d       total energy    change  change    error 
  
etot    1  N  N  2  U   -1675.68894523513           4.0E-04  8.2E-03
etot    2  Y  Y  6  M   -1675.71608507009  2.7E-02  1.3E-04  1.5E-03
etot    3  N  Y  2  U   -1675.71427588951 -1.8E-03  1.0E-04  4.4E-03
etot    4  Y  Y  6  M   -1675.71626787299  2.0E-03  1.9E-05  5.3E-04
etot    5  N  Y  2  U   -1675.71635325518  8.5E-05  7.7E-06  2.6E-04
etot    6  N  Y  2  U   -1675.71636422424  1.1E-05  2.6E-06  8.7E-05
etot    7  N  N  2  U   -1675.71636525515  1.0E-06  0.0E+00  0.0E+00
scf (DFT) done.
der1a (1-e 1st deriv.) done.
rwr (1st deriv. Q) done.
der1b (2-e 1st deriv.) done.
  Geometry optimization step   4
  Total energy:     -1675.76395516999 hartrees
  energy change:          -8.6834E-05 .  (  5.0000E-05 )
  gradient maximum:        9.2318E-03 .  (  4.5000E-04 )
  gradient rms:            2.0496E-03 .  (  3.0000E-04 )
  displacement maximum:    1.1090E-01 .  (  1.8000E-03 )
  displacement rms:        2.0973E-02 .  (  1.2000E-03 )
  
  predicted energy change: -1.8542E-03
  step size:     0.30029
  trust radius:  0.30000
---------------- geometry iteration   4 complete ----------------
geopt (optimize geometry) done.
onee (1-electron integrals) done.
probe (project orbitals) done.
grid (grid generation) done.
rwr (Q operators) done.
  
       i  u  d  i  g
       t  p  i  c  r                                 RMS    maximum
       e  d  i  u  i                       energy  density   DIIS  
       r  t  s  t  d       total energy    change  change    error 
  
etot    1  N  N  2  U   -1675.67682536616           9.5E-04  1.7E-02
etot    2  Y  Y  6  M   -1675.71808499258  4.1E-02  9.6E-05  9.1E-04
etot    3  N  Y  2  U   -1675.71726845956 -8.2E-04  7.3E-05  1.9E-03
etot    4  Y  Y  6  M   -1675.71809538305  8.3E-04  2.2E-05  8.7E-04
etot    5  N  Y  2  U   -1675.71822833065  1.3E-04  7.6E-06  3.5E-04
etot    6  N  Y  2  U   -1675.71823939663  1.1E-05  3.1E-06  1.3E-04
etot    7  N  N  2  U   -1675.71824015007  7.5E-07  0.0E+00  0.0E+00
scf (DFT) done.
der1a (1-e 1st deriv.) done.
rwr (1st deriv. Q) done.
der1b (2-e 1st deriv.) done.
  Geometry optimization step   5
  Total energy:     -1675.76591189162 hartrees
  energy change:          -1.9567E-03 .  (  5.0000E-05 )
  gradient maximum:        5.8535E-03 .  (  4.5000E-04 )
  gradient rms:            1.1749E-03 .  (  3.0000E-04 )
  displacement maximum:    1.1872E-01 .  (  1.8000E-03 )
  displacement rms:        2.0953E-02 .  (  1.2000E-03 )
  
  predicted energy change: -1.5861E-03
  step size:     0.30000
  trust radius:  0.30000
---------------- geometry iteration   5 complete ----------------
geopt (optimize geometry) done.
onee (1-electron integrals) done.
probe (project orbitals) done.
grid (grid generation) done.
rwr (Q operators) done.
  
       i  u  d  i  g
       t  p  i  c  r                                 RMS    maximum
       e  d  i  u  i                       energy  density   DIIS  
       r  t  s  t  d       total energy    change  change    error 
  
etot    1  N  N  2  U   -1675.67863613455           4.7E-04  1.2E-02
etot    2  Y  Y  6  M   -1675.71852746957  4.0E-02  9.4E-05  9.7E-04
etot    3  N  Y  2  U   -1675.71766971022 -8.6E-04  7.4E-05  1.9E-03
etot    4  Y  Y  6  M   -1675.71856342579  8.9E-04  2.0E-05  5.3E-04
etot    5  N  Y  2  U   -1675.71859759749  3.4E-05  6.8E-06  2.9E-04
etot    6  N  Y  2  U   -1675.71860679324  9.2E-06  2.9E-06  9.1E-05
etot    7  N  N  2  U   -1675.71860728585  4.9E-07  0.0E+00  0.0E+00
scf (DFT) done.
der1a (1-e 1st deriv.) done.
rwr (1st deriv. Q) done.
der1b (2-e 1st deriv.) done.
  Geometry optimization step   6
  Total energy:     -1675.76640756346 hartrees
  energy change:          -4.9567E-04 .  (  5.0000E-05 )
  gradient maximum:        7.7444E-03 .  (  4.5000E-04 )
  gradient rms:            1.4892E-03 .  (  3.0000E-04 )
  displacement maximum:    9.7130E-02 .  (  1.8000E-03 )
  displacement rms:        1.6210E-02 .  (  1.2000E-03 )
  
  predicted energy change: -8.6411E-04
  step size:     0.23209
  trust radius:  0.30000
---------------- geometry iteration   6 complete ----------------
geopt (optimize geometry) done.
onee (1-electron integrals) done.
probe (project orbitals) done.
grid (grid generation) done.
rwr (Q operators) done.
  
       i  u  d  i  g
       t  p  i  c  r                                 RMS    maximum
       e  d  i  u  i                       energy  density   DIIS  
       r  t  s  t  d       total energy    change  change    error 
  
etot    1  N  N  2  U   -1675.70219029946           3.1E-04  7.3E-03
etot    2  Y  Y  6  M   -1675.71888996368  1.7E-02  4.7E-05  4.5E-04
etot    3  N  Y  2  U   -1675.71870043888 -1.9E-04  3.9E-05  9.6E-04
etot    4  N  Y  2  U   -1675.71895891829  2.6E-04  1.0E-05  3.2E-04
etot    5  N  Y  2  U   -1675.71897926213  2.0E-05  3.1E-06  7.9E-05
etot    6  N  N  2  U   -1675.71898074349  1.5E-06  0.0E+00  0.0E+00
scf (DFT) done.
der1a (1-e 1st deriv.) done.
rwr (1st deriv. Q) done.
der1b (2-e 1st deriv.) done.
  Geometry optimization step   7
  Total energy:     -1675.76686311261 hartrees
  energy change:          -4.5555E-04 .  (  5.0000E-05 )
  gradient maximum:        6.3948E-03 .  (  4.5000E-04 )
  gradient rms:            1.1464E-03 .  (  3.0000E-04 )
  displacement maximum:    1.6486E-01 .  (  1.8000E-03 )
  displacement rms:        2.0947E-02 .  (  1.2000E-03 )
  
  predicted energy change: -6.8115E-04
  step size:     0.29992
  trust radius:  0.30000
---------------- geometry iteration   7 complete ----------------
geopt (optimize geometry) done.
onee (1-electron integrals) done.
probe (project orbitals) done.
grid (grid generation) done.
rwr (Q operators) done.
  
       i  u  d  i  g
       t  p  i  c  r                                 RMS    maximum
       e  d  i  u  i                       energy  density   DIIS  
       r  t  s  t  d       total energy    change  change    error 
  
etot    1  N  N  2  U   -1675.67893595135           4.7E-04  1.6E-02
etot    2  Y  Y  6  M   -1675.71886046028  4.0E-02  7.2E-05  1.0E-03
etot    3  N  Y  2  U   -1675.71841774000 -4.4E-04  5.5E-05  1.1E-03
etot    4  Y  Y  6  M   -1675.71884340694  4.3E-04  1.9E-05  4.9E-04
etot    5  N  Y  2  U   -1675.71893058706  8.7E-05  5.4E-06  2.4E-04
etot    6  N  Y  2  U   -1675.71893598260  5.4E-06  2.5E-06  8.3E-05
etot    7  N  N  2  U   -1675.71893630041  3.2E-07  0.0E+00  0.0E+00
scf (DFT) done.
der1a (1-e 1st deriv.) done.
rwr (1st deriv. Q) done.
der1b (2-e 1st deriv.) done.
  Geometry optimization step   8
  Total energy:     -1675.76668818897 hartrees
  energy change:           1.7492E-04 .  (  5.0000E-05 )
  gradient maximum:        4.1308E-03 .  (  4.5000E-04 )
  gradient rms:            8.9660E-04 .  (  3.0000E-04 )
  displacement maximum:    2.5135E-02 .  (  1.8000E-03 )
  displacement rms:        5.3756E-03 .  (  1.2000E-03 )
  
  predicted energy change: -2.8574E-04
  step size:     0.07697
  trust radius:  0.30000
---------------- geometry iteration   8 complete ----------------
geopt (optimize geometry) done.
onee (1-electron integrals) done.
probe (project orbitals) done.
grid (grid generation) done.
rwr (Q operators) done.
  
       i  u  d  i  g
       t  p  i  c  r                                 RMS    maximum
       e  d  i  u  i                       energy  density   DIIS  
       r  t  s  t  d       total energy    change  change    error 
  
etot    1  N  N  2  U   -1675.71719248795           1.1E-04  2.6E-03
etot    2  Y  Y  6  M   -1675.71901452018  1.8E-03  1.9E-05  2.0E-04
etot    3  N  Y  2  U   -1675.71899000492 -2.5E-05  1.4E-05  4.2E-04
etot    4  N  Y  2  U   -1675.71902741041  3.7E-05  3.7E-06  1.2E-04
etot    5  N  N  2  U   -1675.71902908272  1.7E-06  0.0E+00  0.0E+00
scf (DFT) done.
der1a (1-e 1st deriv.) done.
rwr (1st deriv. Q) done.
der1b (2-e 1st deriv.) done.
  Geometry optimization step   9
  Total energy:     -1675.76674132686 hartrees
  energy change:          -5.3138E-05 .  (  5.0000E-05 )
  gradient maximum:        2.9694E-03 .  (  4.5000E-04 )
  gradient rms:            4.4761E-04 .  (  3.0000E-04 )
  displacement maximum:    5.5530E-02 .  (  1.8000E-03 )
  displacement rms:        1.1409E-02 .  (  1.2000E-03 )
  
  predicted energy change: -1.4273E-04
  step size:     0.16335
  trust radius:  0.30000
---------------- geometry iteration   9 complete ----------------
geopt (optimize geometry) done.
onee (1-electron integrals) done.
probe (project orbitals) done.
grid (grid generation) done.
rwr (Q operators) done.
  
       i  u  d  i  g
       t  p  i  c  r                                 RMS    maximum
       e  d  i  u  i                       energy  density   DIIS  
       r  t  s  t  d       total energy    change  change    error 
  
etot    1  N  N  2  U   -1675.70939008719           2.4E-04  6.7E-03
etot    2  Y  Y  6  M   -1675.71910119809  9.7E-03  5.7E-05  6.4E-04
etot    3  N  Y  2  U   -1675.71880085113 -3.0E-04  4.4E-05  1.9E-03
etot    4  N  Y  2  U   -1675.71912902169  3.3E-04  8.3E-06  2.8E-04
etot    5  N  Y  2  U   -1675.71913777879  8.8E-06  2.8E-06  7.8E-05
etot    6  N  N  2  U   -1675.71913886280  1.1E-06  0.0E+00  0.0E+00
scf (DFT) done.
der1a (1-e 1st deriv.) done.
rwr (1st deriv. Q) done.
der1b (2-e 1st deriv.) done.
  Geometry optimization step  10
  Total energy:     -1675.76685218762 hartrees
  energy change:          -1.1086E-04 .  (  5.0000E-05 )
  gradient maximum:        2.3336E-03 .  (  4.5000E-04 )
  gradient rms:            4.0435E-04 .  (  3.0000E-04 )
  displacement maximum:    3.5808E-02 .  (  1.8000E-03 )
  displacement rms:        6.2683E-03 .  (  1.2000E-03 )
  
  predicted energy change: -7.3131E-05
  step size:     0.08975
  trust radius:  0.30000
---------------- geometry iteration  10 complete ----------------
geopt (optimize geometry) done.
onee (1-electron integrals) done.
probe (project orbitals) done.
grid (grid generation) done.
rwr (Q operators) done.
  
       i  u  d  i  g
       t  p  i  c  r                                 RMS    maximum
       e  d  i  u  i                       energy  density   DIIS  
       r  t  s  t  d       total energy    change  change    error 
  
etot    1  N  N  2  U   -1675.71538009099           1.4E-04  5.1E-03
etot    2  Y  Y  6  M   -1675.71911077959  3.7E-03  2.0E-05  2.9E-04
etot    3  N  Y  2  U   -1675.71909119846 -2.0E-05  1.5E-05  3.7E-04
etot    4  N  Y  2  U   -1675.71911756226  2.6E-05  5.3E-06  1.8E-04
etot    5  N  Y  2  U   -1675.71912297379  5.4E-06  1.3E-06  3.7E-05
etot    6  N  N  2  U   -1675.71912318228  2.1E-07  0.0E+00  0.0E+00
scf (DFT) done.
der1a (1-e 1st deriv.) done.
rwr (1st deriv. Q) done.
der1b (2-e 1st deriv.) done.
  Geometry optimization step  11
  Total energy:     -1675.76683820787 hartrees
  energy change:           1.3980E-05 *  (  5.0000E-05 )
  gradient maximum:        1.7532E-03 .  (  4.5000E-04 )
  gradient rms:            2.5210E-04 *  (  3.0000E-04 )
  displacement maximum:    2.1275E-02 .  (  1.8000E-03 )
  displacement rms:        3.5272E-03 .  (  1.2000E-03 )
  
  predicted energy change: -2.3624E-05
  step size:     0.05050
  trust radius:  0.30000
---------------- geometry iteration  11 complete ----------------
geopt (optimize geometry) done.
onee (1-electron integrals) done.
probe (project orbitals) done.
grid (grid generation) done.
rwr (Q operators) done.
  
       i  u  d  i  g
       t  p  i  c  r                                 RMS    maximum
       e  d  i  u  i                       energy  density   DIIS  
       r  t  s  t  d       total energy    change  change    error 
  
etot    1  N  N  2  U   -1675.71821241485           7.2E-05  2.2E-03
etot    2  Y  Y  6  M   -1675.71910180427  8.9E-04  1.3E-05  1.4E-04
etot    3  N  Y  2  U   -1675.71908253493 -1.9E-05  1.1E-05  4.0E-04
etot    4  N  Y  2  U   -1675.71909971676  1.7E-05  2.7E-06  9.2E-05
etot    5  N  N  2  U   -1675.71910075788  1.0E-06  0.0E+00  0.0E+00
scf (DFT) done.
der1a (1-e 1st deriv.) done.
rwr (1st deriv. Q) done.
der1b (2-e 1st deriv.) done.
  Geometry optimization step  12
  Total energy:     -1675.76682940818 hartrees
  energy change:           8.7997E-06 *  (  5.0000E-05 )
  gradient maximum:        1.0922E-03 .  (  4.5000E-04 )
  gradient rms:            1.6496E-04 *  (  3.0000E-04 )
  displacement maximum:    1.2551E-02 .  (  1.8000E-03 )
  displacement rms:        2.5029E-03 .  (  1.2000E-03 )
  
  predicted energy change: -1.1109E-05
  step size:     0.03584
  trust radius:  0.30000
---------------- geometry iteration  12 complete ----------------
geopt (optimize geometry) done.
onee (1-electron integrals) done.
probe (project orbitals) done.
grid (grid generation) done.
rwr (Q operators) done.
  
       i  u  d  i  g
       t  p  i  c  r                                 RMS    maximum
       e  d  i  u  i                       energy  density   DIIS  
       r  t  s  t  d       total energy    change  change    error 
  
etot    1  N  N  2  U   -1675.71875032519           4.7E-05  1.2E-03
etot    2  N  Y  2  U   -1675.71909275169  3.4E-04  1.3E-05  1.3E-04
etot    3  N  Y  2  U   -1675.71907760128 -1.5E-05  9.7E-06  4.0E-04
etot    4  N  Y  2  U   -1675.71909574267  1.8E-05  1.4E-06  4.3E-05
etot    5  N  N  2  U   -1675.71909602523  2.8E-07  0.0E+00  0.0E+00
scf (DFT) done.
der1a (1-e 1st deriv.) done.
rwr (1st deriv. Q) done.
der1b (2-e 1st deriv.) done.
  Geometry optimization step  13
  Total energy:     -1675.76683182712 hartrees
  energy change:          -2.4189E-06 #  (  5.0000E-05 )
  gradient maximum:        4.7700E-04 .  (  4.5000E-04 )
  gradient rms:            9.1183E-05 *  (  3.0000E-04 )
  displacement maximum:    6.0391E-03 .  (  1.8000E-03 )
  displacement rms:        1.1453E-03 *  (  1.2000E-03 )
  
  predicted energy change: -3.4355E-06
  step size:     0.01640
  trust radius:  0.30000
---------------- geometry iteration  13 complete ----------------
geopt (optimize geometry) done.
onee (1-electron integrals) done.
probe (project orbitals) done.
grid (grid generation) done.
rwr (Q operators) done.
  
       i  u  d  i  g
       t  p  i  c  r                                 RMS    maximum
       e  d  i  u  i                       energy  density   DIIS  
       r  t  s  t  d       total energy    change  change    error 
  
etot    1  N  N  2  U   -1675.71898403704           2.8E-05  8.8E-04
etot    2  N  Y  2  U   -1675.71911659432  1.3E-04  5.7E-06  4.8E-05
etot    3  N  Y  2  U   -1675.71911299336 -3.6E-06  4.5E-06  1.4E-04
etot    4  N  N  2  U   -1675.71911745123  4.5E-06  0.0E+00  0.0E+00
scf (DFT) done.
der1a (1-e 1st deriv.) done.
rwr (1st deriv. Q) done.
der1b (2-e 1st deriv.) done.
  Geometry optimization step  14
  Total energy:     -1675.76686346607 hartrees
  energy change:          -3.1639E-05 *  (  5.0000E-05 )
  gradient maximum:        4.1693E-04 *  (  4.5000E-04 )
  gradient rms:            6.6543E-05 *  (  3.0000E-04 )
  displacement maximum:    1.8877E-02 .  (  1.8000E-03 )
  displacement rms:        2.2857E-03 .  (  1.2000E-03 )
  
  predicted energy change: -4.7721E-06
  step size:     0.03273
  trust radius:  0.30000
---------------- geometry iteration  14 complete ----------------
geopt (optimize geometry) done.
onee (1-electron integrals) done.
probe (project orbitals) done.
grid (grid generation) done.
rwr (Q operators) done.
  
       i  u  d  i  g
       t  p  i  c  r                                 RMS    maximum
       e  d  i  u  i                       energy  density   DIIS  
       r  t  s  t  d       total energy    change  change    error 
  
etot    1  N  N  2  U   -1675.71854076996           5.8E-05  2.0E-03
etot    2  Y  Y  6  M   -1675.71912941643  5.9E-04  1.0E-05  1.4E-04
etot    3  N  Y  2  U   -1675.71911690717 -1.3E-05  8.4E-06  2.3E-04
etot    4  N  Y  2  U   -1675.71912691976  1.0E-05  2.7E-06  8.5E-05
etot    5  N  N  2  U   -1675.71912827498  1.4E-06  0.0E+00  0.0E+00
scf (DFT) done.
der1a (1-e 1st deriv.) done.
rwr (1st deriv. Q) done.
der1b (2-e 1st deriv.) done.
  Geometry optimization step  15
  Total energy:     -1675.76687438790 hartrees
  energy change:          -1.0922E-05 *  (  5.0000E-05 )
  gradient maximum:        3.9397E-04 *  (  4.5000E-04 )
  gradient rms:            6.9149E-05 *  (  3.0000E-04 )
  displacement maximum:    3.5925E-03 .  (  1.8000E-03 )
  displacement rms:        7.5239E-04 *  (  1.2000E-03 )
  
  predicted energy change: -2.2437E-06
  step size:     0.01077
  trust radius:  0.30000
---------------- geometry iteration  15 complete ----------------
geopt (optimize geometry) done.
onee (1-electron integrals) done.
probe (project orbitals) done.
grid (grid generation) done.
rwr (Q operators) done.
  
       i  u  d  i  g
       t  p  i  c  r                                 RMS    maximum
       e  d  i  u  i                       energy  density   DIIS  
       r  t  s  t  d       total energy    change  change    error 
  
etot    1  N  N  2  U   -1675.71911162690           2.0E-05  3.8E-04
etot    2  N  Y  2  U   -1675.71915256350  4.1E-05  7.5E-06  8.4E-05
etot    3  N  Y  2  U   -1675.71914585292 -6.7E-06  5.8E-06  2.6E-04
etot    4  N  Y  2  U   -1675.71915360660  7.8E-06  8.7E-07  4.0E-05
etot    5  N  N  2  U   -1675.71915376948  1.6E-07  0.0E+00  0.0E+00
scf (DFT) done.
der1a (1-e 1st deriv.) done.
rwr (1st deriv. Q) done.
der1b (2-e 1st deriv.) done.
  Geometry optimization step  16
  Total energy:     -1675.76690213971 hartrees
  energy change:          -2.7752E-05 *  (  5.0000E-05 )
  gradient maximum:        2.1997E-04 *  (  4.5000E-04 )
  gradient rms:            5.9582E-05 #  (  3.0000E-04 )
  displacement maximum:    8.8990E-03 .  (  1.8000E-03 )
  displacement rms:        1.7079E-03 .  (  1.2000E-03 )
  
  predicted energy change: -3.3425E-06
  step size:     0.02445
  trust radius:  0.30000
---------------- geometry iteration  16 complete ----------------
geopt (optimize geometry) done.
onee (1-electron integrals) done.
probe (project orbitals) done.
grid (grid generation) done.
rwr (Q operators) done.
  
       i  u  d  i  g
       t  p  i  c  r                                 RMS    maximum
       e  d  i  u  i                       energy  density   DIIS  
       r  t  s  t  d       total energy    change  change    error 
  
etot    1  N  N  2  U   -1675.71890459428           4.2E-05  8.7E-04
etot    2  N  Y  2  U   -1675.71919563266  2.9E-04  6.6E-06  6.3E-05
etot    3  N  Y  2  U   -1675.71919160663 -4.0E-06  5.3E-06  1.8E-04
etot    4  N  Y  2  U   -1675.71919671273  5.1E-06  1.4E-06  4.9E-05
etot    5  N  N  2  U   -1675.71919706779  3.6E-07  0.0E+00  0.0E+00
scf (DFT) done.
der1a (1-e 1st deriv.) done.
rwr (1st deriv. Q) done.
der1b (2-e 1st deriv.) done.
  Geometry optimization step  17
  Total energy:     -1675.76694358162 hartrees
  energy change:          -4.1442E-05 *  (  5.0000E-05 )
  gradient maximum:        4.3937E-04 *  (  4.5000E-04 )
  gradient rms:            7.6512E-05 *  (  3.0000E-04 )
  displacement maximum:    5.3373E-03 .  (  1.8000E-03 )
  displacement rms:        8.6553E-04 *  (  1.2000E-03 )
  
  predicted energy change: -2.3383E-06
  step size:     0.01239
  trust radius:  0.30000
---------------- geometry iteration  17 complete ----------------
geopt (optimize geometry) done.
onee (1-electron integrals) done.
probe (project orbitals) done.
grid (grid generation) done.
rwr (Q operators) done.
  
       i  u  d  i  g
       t  p  i  c  r                                 RMS    maximum
       e  d  i  u  i                       energy  density   DIIS  
       r  t  s  t  d       total energy    change  change    error 
  
etot    1  N  N  2  U   -1675.71909938517           2.3E-05  5.2E-04
etot    2  N  Y  2  U   -1675.71917293796  7.4E-05  3.8E-06  3.2E-05
etot    3  N  N  2  U   -1675.71917128949 -1.6E-06  0.0E+00  0.0E+00
scf (DFT) done.
der1a (1-e 1st deriv.) done.
rwr (1st deriv. Q) done.
der1b (2-e 1st deriv.) done.
  Geometry optimization step  18
  Total energy:     -1675.76691949809 hartrees
  energy change:           2.4084E-05 *  (  5.0000E-05 )
  gradient maximum:        2.4879E-04 *  (  4.5000E-04 )
  gradient rms:            5.2431E-05 #  (  3.0000E-04 )
  displacement maximum:    9.3573E-03 .  (  1.8000E-03 )
  displacement rms:        1.5878E-03 .  (  1.2000E-03 )
  
  predicted energy change: -2.9404E-06
  step size:     0.02273
  trust radius:  0.30000
---------------- geometry iteration  18 complete ----------------
geopt (optimize geometry) done.
onee (1-electron integrals) done.
probe (project orbitals) done.
grid (grid generation) done.
rwr (Q operators) done.
  
       i  u  d  i  g
       t  p  i  c  r                                 RMS    maximum
       e  d  i  u  i                       energy  density   DIIS  
       r  t  s  t  d       total energy    change  change    error 
  
etot    1  N  N  2  U   -1675.71889642875           3.9E-05  8.9E-04
etot    2  N  Y  2  U   -1675.71910963205  2.1E-04  2.5E-05  2.8E-04
etot    3  N  Y  2  U   -1675.71904144029 -6.8E-05  1.8E-05  6.3E-04
etot    4  N  Y  2  U   -1675.71913063911  8.9E-05  2.9E-06  9.8E-05
etot    5  N  N  2  U   -1675.71913225297  1.6E-06  0.0E+00  0.0E+00
scf (DFT) done.
der1a (1-e 1st deriv.) done.
rwr (1st deriv. Q) done.
der1b (2-e 1st deriv.) done.
  Geometry optimization step  19
  Total energy:     -1675.76688370864 hartrees
  energy change:           3.5789E-05 *  (  5.0000E-05 )
  gradient maximum:        4.3220E-04 *  (  4.5000E-04 )
  gradient rms:            1.0555E-04 *  (  3.0000E-04 )
  displacement maximum:    7.1916E-03 .  (  1.8000E-03 )
  displacement rms:        1.2022E-03 .  (  1.2000E-03 )
  
  predicted energy change: -5.0920E-06
  step size:     0.01721
  trust radius:  0.30000
---------------- geometry iteration  19 complete ----------------
geopt (optimize geometry) done.
onee (1-electron integrals) done.
probe (project orbitals) done.
grid (grid generation) done.
rwr (Q operators) done.
  
       i  u  d  i  g
       t  p  i  c  r                                 RMS    maximum
       e  d  i  u  i                       energy  density   DIIS  
       r  t  s  t  d       total energy    change  change    error 
  
etot    1  N  N  2  U   -1675.71900153164           3.1E-05  7.0E-04
etot    2  N  Y  2  U   -1675.71913361594  1.3E-04  1.0E-05  1.6E-04
etot    3  N  Y  2  U   -1675.71911826739 -1.5E-05  7.8E-06  4.5E-04
etot    4  N  Y  2  U   -1675.71913605254  1.8E-05  1.2E-06  3.8E-05
etot    5  N  N  2  U   -1675.71913618912  1.4E-07  0.0E+00  0.0E+00
scf (DFT) done.
der1a (1-e 1st deriv.) done.
rwr (1st deriv. Q) done.
der1b (2-e 1st deriv.) done.
  Geometry optimization step  20
  Total energy:     -1675.76688561092 hartrees
  energy change:          -1.9023E-06 #  (  5.0000E-05 )
  gradient maximum:        1.7224E-04 *  (  4.5000E-04 )
  gradient rms:            3.2200E-05 #  (  3.0000E-04 )
  displacement maximum:    1.9269E-03 .  (  1.8000E-03 )
  displacement rms:        2.2165E-04 #  (  1.2000E-03 )
  
  predicted energy change: -3.4681E-07
  step size:     0.00317
  trust radius:  0.30000
------------- final geometry iteration  20 complete -------------
geopt (optimize geometry) done.
cutabab2 (abab integrals) done.
der2a (1-e JK-1st deriv.) done.
der2b (2-e JK-1st deriv.) done.
der2nda (1-e 2nd deriv.) done.
der2ndb (2-e 2nd deriv.) done.
rwr (Q operators) done.
cphfa (gradient of wave function) done.
freq (vib. frequencies) done.
Job J1_10184_2111 completed on hpc-90-16.cm.cluster at Wed May 29 02:01:10 2024
Timer (jaguar_backend.py) : 2793.73 secs (0 hrs, 46 mins, 33 secs)
Finished:   Wed May 29 02:01:10 2024
