Command:  /groups/wag/programs/Schrodinger_2020_3/jaguar run -WAIT -PARALLEL 8 /central/home/labounad/wittig-ch121/out/J1_3695_2111/J1_3695_2111.in
Release:  2020-3
Exec:     /groups/wag/programs/Schrodinger_2020_3/jaguar-v10.9/bin/Linux-x86_64
Host:     hpc-93-12.cm.cluster
JobId:    hpc-93-12-0-66571186
JobDir:   /central/scratch/labounad/J1_3695_2111#hpc-93-12-0-66571186
Date:     Wed May 29 04:29:12 2024

Contents of /central/scratch/labounad/J1_3695_2111#hpc-93-12-0-66571186:
/central/scratch/labounad/J1_3695_2111#hpc-93-12-0-66571186/hpc-93-12-0-66571186.recover
/central/scratch/labounad/J1_3695_2111#hpc-93-12-0-66571186/.write_dir.json
/central/scratch/labounad/J1_3695_2111#hpc-93-12-0-66571186/J1_3695_2111.recover
/central/scratch/labounad/J1_3695_2111#hpc-93-12-0-66571186/hpc-93-12-0-66571186.mpinodes
/central/scratch/labounad/J1_3695_2111#hpc-93-12-0-66571186/hpc-93-12-0-66571186
/central/scratch/labounad/J1_3695_2111#hpc-93-12-0-66571186/J1_3695_2111.in
/central/scratch/labounad/J1_3695_2111#hpc-93-12-0-66571186/J1_3695_2111.log
/central/scratch/labounad/J1_3695_2111#hpc-93-12-0-66571186/hpc-93-12-0-66571186.nodes

Executing subprocess:
/groups/wag/programs/Schrodinger_2020_3/jaguar-v10.9/bin/Linux-x86_64/jexec J1_3695_2111.in -T 8 -out /central/scratch/labounad/J1_3695_2111#hpc-93-12-0-66571186 -cwd

Job J1_3695_2111 started on hpc-93-12.cm.cluster at Wed May 29 04:29:12 2024
jobid: hpc-93-12-0-66571186 
Jaguar version 10.9, release 139
 Using up to   8 threads per process
Molecular Point Group: C1      
Point Group used: C1
pre (input checking) done.
onee (1-electron integrals) done.
hfig (HF initial guess) done.
probe (project orbitals) done.
grid (grid generation) done.
rwr (Q operators) done.
scf type: DFT=PBE(X+LC)+PW91 (PBE-D3)
  
       i  u  d  i  g
       t  p  i  c  r                                 RMS    maximum
       e  d  i  u  i                       energy  density   DIIS  
       r  t  s  t  d       total energy    change  change    error 
  
etot    1  N  N  5  M   -1555.89406196596           7.1E-03  1.2E-01
etot    2  Y  Y  6  M   -1554.66261132423 -1.2E+00  3.6E-02  1.4E-01
etot    3  Y  Y  6  M   -1524.62004334396 -3.0E+01  3.2E-02  4.5E-01
etot    4  N  Y  2  U   -1554.80281332080  3.0E+01  8.1E-03  2.3E-01
etot    5  Y  Y  6  M   -1558.58692339947  3.8E+00  2.6E-03  5.3E-02
etot    6  N  Y  2  U   -1558.64625640634  5.9E-02  1.2E-03  5.6E-02
etot    7  Y  Y  6  M   -1558.76064823165  1.1E-01  7.4E-04  2.6E-02
etot    8  N  Y  2  U   -1558.81813529451  5.7E-02  3.4E-04  1.3E-02
etot    9  Y  Y  6  M   -1558.83804131805  2.0E-02  1.5E-04  5.3E-03
etot   10  N  Y  2  U   -1558.84205215160  4.0E-03  8.2E-05  2.4E-03
etot   11  Y  Y  6  M   -1558.84275961453  7.1E-04  3.8E-05  1.0E-03
etot   12  N  Y  2  U   -1558.84298616747  2.3E-04  1.5E-05  3.9E-04
etot   13  N  Y  2  U   -1558.84300049020  1.4E-05  6.6E-06  1.6E-04
etot   14  N  Y  2  U   -1558.84300269841  2.2E-06  3.3E-06  1.2E-04
etot   15  N  N  2  U   -1558.84300394670  1.2E-06  0.0E+00  0.0E+00
scf (DFT) done.
der1a (1-e 1st deriv.) done.
rwr (1st deriv. Q) done.
der1b (2-e 1st deriv.) done.
  Geometry optimization step   1
  Total energy:     -1558.87675501175 hartrees
  gradient maximum:        7.1699E-02 .  (  4.5000E-04 )
  gradient rms:            1.0361E-02 .  (  3.0000E-04 )
  displacement maximum:    1.7122E-01 .  (  1.8000E-03 )
  displacement rms:        2.2901E-02 .  (  1.2000E-03 )
  
  predicted energy change: -2.2466E-02
  step size:     0.30035
  trust radius:  0.30000
---------------- geometry iteration   1 complete ----------------
geopt (optimize geometry) done.
onee (1-electron integrals) done.
probe (project orbitals) done.
grid (grid generation) done.
rwr (Q operators) done.
  
       i  u  d  i  g
       t  p  i  c  r                                 RMS    maximum
       e  d  i  u  i                       energy  density   DIIS  
       r  t  s  t  d       total energy    change  change    error 
  
etot    1  N  N  2  U   -1558.84322201465           1.1E-03  1.6E-02
etot    2  Y  Y  6  M   -1558.86178397002  1.9E-02  1.3E-04  2.2E-03
etot    3  N  Y  2  U   -1558.86149797154 -2.9E-04  9.4E-05  2.3E-03
etot    4  Y  Y  6  M   -1558.86243714569  9.4E-04  3.9E-05  2.0E-03
etot    5  N  Y  2  U   -1558.86279092794  3.5E-04  1.4E-05  8.0E-04
etot    6  N  Y  2  U   -1558.86281695303  2.6E-05  4.9E-06  1.7E-04
etot    7  N  N  2  U   -1558.86282091968  4.0E-06  0.0E+00  0.0E+00
scf (DFT) done.
der1a (1-e 1st deriv.) done.
rwr (1st deriv. Q) done.
der1b (2-e 1st deriv.) done.
  Geometry optimization step   2
  Total energy:     -1558.89562088716 hartrees
  energy change:          -1.8866E-02 .  (  5.0000E-05 )
  gradient maximum:        1.2184E-02 .  (  4.5000E-04 )
  gradient rms:            2.3257E-03 .  (  3.0000E-04 )
  displacement maximum:    1.5052E-01 .  (  1.8000E-03 )
  displacement rms:        2.2940E-02 .  (  1.2000E-03 )
  
  predicted energy change: -1.9813E-03
  step size:     0.30086
  trust radius:  0.30000
---------------- geometry iteration   2 complete ----------------
geopt (optimize geometry) done.
onee (1-electron integrals) done.
probe (project orbitals) done.
grid (grid generation) done.
rwr (Q operators) done.
  
       i  u  d  i  g
       t  p  i  c  r                                 RMS    maximum
       e  d  i  u  i                       energy  density   DIIS  
       r  t  s  t  d       total energy    change  change    error 
  
etot    1  N  N  2  U   -1558.81577568282           5.8E-04  1.6E-02
etot    2  Y  Y  6  M   -1558.86308390122  4.7E-02  1.8E-04  2.9E-03
etot    3  N  Y  2  U   -1558.86027844560 -2.8E-03  1.3E-04  7.8E-03
etot    4  Y  Y  6  M   -1558.86346563705  3.2E-03  3.0E-05  1.1E-03
etot    5  N  Y  2  U   -1558.86357119259  1.1E-04  1.4E-05  4.8E-04
etot    6  N  Y  2  U   -1558.86360236792  3.1E-05  4.7E-06  1.8E-04
etot    7  N  N  2  U   -1558.86360546956  3.1E-06  0.0E+00  0.0E+00
scf (DFT) done.
der1a (1-e 1st deriv.) done.
rwr (1st deriv. Q) done.
der1b (2-e 1st deriv.) done.
  Geometry optimization step   3
  Total energy:     -1558.89712076337 hartrees
  energy change:          -1.4999E-03 .  (  5.0000E-05 )
  gradient maximum:        1.4499E-02 .  (  4.5000E-04 )
  gradient rms:            1.8681E-03 .  (  3.0000E-04 )
  displacement maximum:    5.2973E-02 .  (  1.8000E-03 )
  displacement rms:        1.0795E-02 .  (  1.2000E-03 )
  
  predicted energy change: -7.2506E-04
  step size:     0.14157
  trust radius:  0.30000
---------------- geometry iteration   3 complete ----------------
geopt (optimize geometry) done.
onee (1-electron integrals) done.
probe (project orbitals) done.
grid (grid generation) done.
rwr (Q operators) done.
  
       i  u  d  i  g
       t  p  i  c  r                                 RMS    maximum
       e  d  i  u  i                       energy  density   DIIS  
       r  t  s  t  d       total energy    change  change    error 
  
etot    1  N  N  2  U   -1558.84903134478           3.3E-04  7.0E-03
etot    2  Y  Y  6  M   -1558.86451597293  1.5E-02  5.3E-05  5.5E-04
etot    3  N  Y  2  U   -1558.86428007345 -2.4E-04  4.2E-05  1.2E-03
etot    4  N  Y  2  U   -1558.86450110953  2.2E-04  1.1E-05  5.0E-04
etot    5  N  Y  2  U   -1558.86452486543  2.4E-05  4.6E-06  2.1E-04
etot    6  N  N  2  U   -1558.86452856427  3.7E-06  0.0E+00  0.0E+00
scf (DFT) done.
der1a (1-e 1st deriv.) done.
rwr (1st deriv. Q) done.
der1b (2-e 1st deriv.) done.
  Geometry optimization step   4
  Total energy:     -1558.89739350480 hartrees
  energy change:          -2.7274E-04 .  (  5.0000E-05 )
  gradient maximum:        5.4581E-03 .  (  4.5000E-04 )
  gradient rms:            9.2909E-04 .  (  3.0000E-04 )
  displacement maximum:    4.0787E-02 .  (  1.8000E-03 )
  displacement rms:        6.9600E-03 .  (  1.2000E-03 )
  
  predicted energy change: -2.1388E-04
  step size:     0.09128
  trust radius:  0.30000
---------------- geometry iteration   4 complete ----------------
geopt (optimize geometry) done.
onee (1-electron integrals) done.
probe (project orbitals) done.
grid (grid generation) done.
rwr (Q operators) done.
  
       i  u  d  i  g
       t  p  i  c  r                                 RMS    maximum
       e  d  i  u  i                       energy  density   DIIS  
       r  t  s  t  d       total energy    change  change    error 
  
etot    1  N  N  2  U   -1558.86054468838           1.6E-04  4.5E-03
etot    2  Y  Y  6  M   -1558.86461387346  4.1E-03  4.9E-05  7.9E-04
etot    3  N  Y  2  U   -1558.86422230974 -3.9E-04  3.8E-05  2.6E-03
etot    4  N  Y  2  U   -1558.86462305502  4.0E-04  1.0E-05  3.1E-04
etot    5  N  Y  2  U   -1558.86463243360  9.4E-06  4.2E-06  1.1E-04
etot    6  N  N  2  U   -1558.86463527840  2.8E-06  0.0E+00  0.0E+00
scf (DFT) done.
der1a (1-e 1st deriv.) done.
rwr (1st deriv. Q) done.
der1b (2-e 1st deriv.) done.
  Geometry optimization step   5
  Total energy:     -1558.89768100052 hartrees
  energy change:          -2.8750E-04 .  (  5.0000E-05 )
  gradient maximum:        2.9796E-03 .  (  4.5000E-04 )
  gradient rms:            5.5387E-04 .  (  3.0000E-04 )
  displacement maximum:    7.9195E-02 .  (  1.8000E-03 )
  displacement rms:        1.4511E-02 .  (  1.2000E-03 )
  
  predicted energy change: -2.1598E-04
  step size:     0.19031
  trust radius:  0.30000
---------------- geometry iteration   5 complete ----------------
geopt (optimize geometry) done.
onee (1-electron integrals) done.
probe (project orbitals) done.
grid (grid generation) done.
rwr (Q operators) done.
  
       i  u  d  i  g
       t  p  i  c  r                                 RMS    maximum
       e  d  i  u  i                       energy  density   DIIS  
       r  t  s  t  d       total energy    change  change    error 
  
etot    1  N  N  2  U   -1558.84217323734           4.1E-04  1.0E-02
etot    2  Y  Y  6  M   -1558.86479562794  2.3E-02  6.7E-05  7.1E-04
etot    3  N  Y  2  U   -1558.86435992523 -4.4E-04  5.1E-05  1.9E-03
etot    4  Y  Y  6  M   -1558.86481600562  4.6E-04  1.2E-05  4.5E-04
etot    5  N  Y  2  U   -1558.86483888162  2.3E-05  3.8E-06  1.8E-04
etot    6  N  N  2  U   -1558.86484034847  1.5E-06  0.0E+00  0.0E+00
scf (DFT) done.
der1a (1-e 1st deriv.) done.
rwr (1st deriv. Q) done.
der1b (2-e 1st deriv.) done.
  Geometry optimization step   6
  Total energy:     -1558.89814737136 hartrees
  energy change:          -4.6637E-04 .  (  5.0000E-05 )
  gradient maximum:        3.4738E-03 .  (  4.5000E-04 )
  gradient rms:            6.5336E-04 .  (  3.0000E-04 )
  displacement maximum:    1.4030E-01 .  (  1.8000E-03 )
  displacement rms:        2.1644E-02 .  (  1.2000E-03 )
  
  predicted energy change: -3.5419E-04
  step size:     0.28386
  trust radius:  0.30000
---------------- geometry iteration   6 complete ----------------
geopt (optimize geometry) done.
onee (1-electron integrals) done.
probe (project orbitals) done.
grid (grid generation) done.
rwr (Q operators) done.
  
       i  u  d  i  g
       t  p  i  c  r                                 RMS    maximum
       e  d  i  u  i                       energy  density   DIIS  
       r  t  s  t  d       total energy    change  change    error 
  
etot    1  N  N  2  U   -1558.80095856209           7.4E-04  1.7E-02
etot    2  Y  Y  6  M   -1558.86531661272  6.4E-02  1.0E-04  1.1E-03
etot    3  N  Y  2  U   -1558.86454706850 -7.7E-04  7.6E-05  2.8E-03
etot    4  Y  Y  6  M   -1558.86536542096  8.2E-04  2.3E-05  1.0E-03
etot    5  N  Y  2  U   -1558.86542839242  6.3E-05  6.3E-06  1.5E-04
etot    6  N  Y  2  U   -1558.86543388224  5.5E-06  3.2E-06  7.7E-05
etot    7  N  N  2  U   -1558.86543426741  3.9E-07  0.0E+00  0.0E+00
scf (DFT) done.
der1a (1-e 1st deriv.) done.
rwr (1st deriv. Q) done.
der1b (2-e 1st deriv.) done.
  Geometry optimization step   7
  Total energy:     -1558.89881382295 hartrees
  energy change:          -6.6645E-04 .  (  5.0000E-05 )
  gradient maximum:        1.2139E-02 .  (  4.5000E-04 )
  gradient rms:            1.5974E-03 .  (  3.0000E-04 )
  displacement maximum:    1.6562E-01 .  (  1.8000E-03 )
  displacement rms:        1.8339E-02 .  (  1.2000E-03 )
  
  predicted energy change: -6.5241E-04
  step size:     0.24052
  trust radius:  0.30000
---------------- geometry iteration   7 complete ----------------
geopt (optimize geometry) done.
onee (1-electron integrals) done.
probe (project orbitals) done.
grid (grid generation) done.
rwr (Q operators) done.
  
       i  u  d  i  g
       t  p  i  c  r                                 RMS    maximum
       e  d  i  u  i                       energy  density   DIIS  
       r  t  s  t  d       total energy    change  change    error 
  
etot    1  N  N  2  U   -1558.80817867405           6.3E-04  1.5E-02
etot    2  Y  Y  6  M   -1558.86625314280  5.8E-02  8.7E-05  1.0E-03
etot    3  N  Y  2  U   -1558.86572800459 -5.3E-04  6.6E-05  2.1E-03
etot    4  Y  Y  6  M   -1558.86624413407  5.2E-04  2.2E-05  9.9E-04
etot    5  N  Y  2  U   -1558.86629490051  5.1E-05  6.4E-06  2.1E-04
etot    6  N  Y  2  U   -1558.86630050078  5.6E-06  3.3E-06  9.1E-05
etot    7  N  N  2  U   -1558.86630090637  4.1E-07  0.0E+00  0.0E+00
scf (DFT) done.
der1a (1-e 1st deriv.) done.
rwr (1st deriv. Q) done.
der1b (2-e 1st deriv.) done.
  Geometry optimization step   8
  Total energy:     -1558.89945458833 hartrees
  energy change:          -6.4077E-04 .  (  5.0000E-05 )
  gradient maximum:        8.4971E-03 .  (  4.5000E-04 )
  gradient rms:            1.3032E-03 .  (  3.0000E-04 )
  displacement maximum:    1.9622E-01 .  (  1.8000E-03 )
  displacement rms:        2.0752E-02 .  (  1.2000E-03 )
  
  predicted energy change: -9.5541E-04
  step size:     0.27217
  trust radius:  0.30000
---------------- geometry iteration   8 complete ----------------
geopt (optimize geometry) done.
onee (1-electron integrals) done.
probe (project orbitals) done.
grid (grid generation) done.
rwr (Q operators) done.
  
       i  u  d  i  g
       t  p  i  c  r                                 RMS    maximum
       e  d  i  u  i                       energy  density   DIIS  
       r  t  s  t  d       total energy    change  change    error 
  
etot    1  N  N  2  U   -1558.81361435181           6.2E-04  1.4E-02
etot    2  Y  Y  6  M   -1558.86757320922  5.4E-02  7.4E-05  6.5E-04
etot    3  N  Y  2  U   -1558.86734005960 -2.3E-04  4.9E-05  9.9E-04
etot    4  N  Y  2  U   -1558.86755479815  2.1E-04  1.7E-05  5.8E-04
etot    5  N  Y  2  U   -1558.86759966430  4.5E-05  5.7E-06  2.1E-04
etot    6  N  Y  2  U   -1558.86760447525  4.8E-06  2.8E-06  6.6E-05
etot    7  N  N  2  U   -1558.86760493835  4.6E-07  0.0E+00  0.0E+00
scf (DFT) done.
der1a (1-e 1st deriv.) done.
rwr (1st deriv. Q) done.
der1b (2-e 1st deriv.) done.
  Geometry optimization step   9
  Total energy:     -1558.90033625642 hartrees
  energy change:          -8.8167E-04 .  (  5.0000E-05 )
  gradient maximum:        7.8583E-03 .  (  4.5000E-04 )
  gradient rms:            1.3892E-03 .  (  3.0000E-04 )
  displacement maximum:    9.9087E-02 .  (  1.8000E-03 )
  displacement rms:        1.2349E-02 .  (  1.2000E-03 )
  
  predicted energy change: -3.9220E-04
  step size:     0.16196
  trust radius:  0.30000
---------------- geometry iteration   9 complete ----------------
geopt (optimize geometry) done.
onee (1-electron integrals) done.
probe (project orbitals) done.
grid (grid generation) done.
rwr (Q operators) done.
  
       i  u  d  i  g
       t  p  i  c  r                                 RMS    maximum
       e  d  i  u  i                       energy  density   DIIS  
       r  t  s  t  d       total energy    change  change    error 
  
etot    1  N  N  2  U   -1558.84637391405           3.7E-04  6.9E-03
etot    2  Y  Y  6  M   -1558.86808435228  2.2E-02  9.0E-05  1.6E-03
etot    3  N  Y  2  U   -1558.86718331197 -9.0E-04  6.5E-05  4.6E-03
etot    4  Y  Y  6  M   -1558.86815594037  9.7E-04  1.8E-05  5.2E-04
etot    5  N  Y  2  U   -1558.86817252551  1.7E-05  8.5E-06  2.6E-04
etot    6  N  Y  2  U   -1558.86818227541  9.7E-06  2.6E-06  1.1E-04
etot    7  N  N  2  U   -1558.86818306462  7.9E-07  0.0E+00  0.0E+00
scf (DFT) done.
der1a (1-e 1st deriv.) done.
rwr (1st deriv. Q) done.
der1b (2-e 1st deriv.) done.
  Geometry optimization step  10
  Total energy:     -1558.90079868893 hartrees
  energy change:          -4.6243E-04 .  (  5.0000E-05 )
  gradient maximum:        7.1497E-03 .  (  4.5000E-04 )
  gradient rms:            9.8706E-04 .  (  3.0000E-04 )
  displacement maximum:    8.7213E-02 .  (  1.8000E-03 )
  displacement rms:        1.7141E-02 .  (  1.2000E-03 )
  
  predicted energy change: -4.5992E-04
  step size:     0.22481
  trust radius:  0.30000
---------------- geometry iteration  10 complete ----------------
geopt (optimize geometry) done.
onee (1-electron integrals) done.
probe (project orbitals) done.
grid (grid generation) done.
rwr (Q operators) done.
  
       i  u  d  i  g
       t  p  i  c  r                                 RMS    maximum
       e  d  i  u  i                       energy  density   DIIS  
       r  t  s  t  d       total energy    change  change    error 
  
etot    1  N  N  2  U   -1558.84193301274           4.7E-04  1.2E-02
etot    2  Y  Y  6  M   -1558.86815475285  2.6E-02  8.2E-05  8.4E-04
etot    3  N  Y  2  U   -1558.86771133602 -4.4E-04  6.4E-05  2.4E-03
etot    4  Y  Y  6  M   -1558.86815584029  4.4E-04  1.7E-05  9.0E-04
etot    5  N  Y  2  U   -1558.86821408341  5.8E-05  7.4E-06  2.6E-04
etot    6  N  Y  2  U   -1558.86822321072  9.1E-06  2.6E-06  6.4E-05
etot    7  N  N  2  U   -1558.86822360752  4.0E-07  0.0E+00  0.0E+00
scf (DFT) done.
der1a (1-e 1st deriv.) done.
rwr (1st deriv. Q) done.
der1b (2-e 1st deriv.) done.
  Geometry optimization step  11
  Total energy:     -1558.90095173628 hartrees
  energy change:          -1.5305E-04 .  (  5.0000E-05 )
  gradient maximum:        3.7269E-03 .  (  4.5000E-04 )
  gradient rms:            7.8329E-04 .  (  3.0000E-04 )
  displacement maximum:    2.7726E-02 .  (  1.8000E-03 )
  displacement rms:        5.2743E-03 .  (  1.2000E-03 )
  
  predicted energy change: -1.3052E-04
  step size:     0.06917
  trust radius:  0.30000
---------------- geometry iteration  11 complete ----------------
geopt (optimize geometry) done.
onee (1-electron integrals) done.
probe (project orbitals) done.
grid (grid generation) done.
rwr (Q operators) done.
  
       i  u  d  i  g
       t  p  i  c  r                                 RMS    maximum
       e  d  i  u  i                       energy  density   DIIS  
       r  t  s  t  d       total energy    change  change    error 
  
etot    1  N  N  2  U   -1558.86726748776           9.6E-05  1.7E-03
etot    2  Y  Y  6  M   -1558.86835268141  1.1E-03  2.2E-05  2.4E-04
etot    3  N  Y  2  U   -1558.86828828734 -6.4E-05  1.7E-05  7.8E-04
etot    4  N  Y  2  U   -1558.86835134398  6.3E-05  3.9E-06  1.5E-04
etot    5  N  N  2  U   -1558.86835347610  2.1E-06  0.0E+00  0.0E+00
scf (DFT) done.
der1a (1-e 1st deriv.) done.
rwr (1st deriv. Q) done.
der1b (2-e 1st deriv.) done.
  Geometry optimization step  12
  Total energy:     -1558.90113440305 hartrees
  energy change:          -1.8267E-04 .  (  5.0000E-05 )
  gradient maximum:        2.1088E-03 .  (  4.5000E-04 )
  gradient rms:            3.5170E-04 .  (  3.0000E-04 )
  displacement maximum:    9.2725E-02 .  (  1.8000E-03 )
  displacement rms:        1.1534E-02 .  (  1.2000E-03 )
  
  predicted energy change: -1.1445E-04
  step size:     0.15126
  trust radius:  0.30000
---------------- geometry iteration  12 complete ----------------
geopt (optimize geometry) done.
onee (1-electron integrals) done.
probe (project orbitals) done.
grid (grid generation) done.
rwr (Q operators) done.
  
       i  u  d  i  g
       t  p  i  c  r                                 RMS    maximum
       e  d  i  u  i                       energy  density   DIIS  
       r  t  s  t  d       total energy    change  change    error 
  
etot    1  N  N  2  U   -1558.85924805972           2.6E-04  5.2E-03
etot    2  Y  Y  6  M   -1558.86844714139  9.2E-03  4.7E-05  4.1E-04
etot    3  N  Y  2  U   -1558.86825099796 -2.0E-04  3.7E-05  1.1E-03
etot    4  N  Y  2  U   -1558.86846648923  2.2E-04  1.1E-05  5.0E-04
etot    5  N  Y  2  U   -1558.86848628803  2.0E-05  4.2E-06  1.8E-04
etot    6  N  N  2  U   -1558.86848895920  2.7E-06  0.0E+00  0.0E+00
scf (DFT) done.
der1a (1-e 1st deriv.) done.
rwr (1st deriv. Q) done.
der1b (2-e 1st deriv.) done.
  Geometry optimization step  13
  Total energy:     -1558.90127217383 hartrees
  energy change:          -1.3777E-04 .  (  5.0000E-05 )
  gradient maximum:        5.1937E-03 .  (  4.5000E-04 )
  gradient rms:            7.8124E-04 .  (  3.0000E-04 )
  displacement maximum:    5.6489E-02 .  (  1.8000E-03 )
  displacement rms:        6.9920E-03 .  (  1.2000E-03 )
  
  predicted energy change: -8.0853E-05
  step size:     0.09170
  trust radius:  0.30000
---------------- geometry iteration  13 complete ----------------
geopt (optimize geometry) done.
onee (1-electron integrals) done.
probe (project orbitals) done.
grid (grid generation) done.
rwr (Q operators) done.
  
       i  u  d  i  g
       t  p  i  c  r                                 RMS    maximum
       e  d  i  u  i                       energy  density   DIIS  
       r  t  s  t  d       total energy    change  change    error 
  
etot    1  N  N  2  U   -1558.86494645626           1.7E-04  4.8E-03
etot    2  Y  Y  6  M   -1558.86849715665  3.6E-03  2.8E-05  3.1E-04
etot    3  N  Y  2  U   -1558.86844039041 -5.7E-05  2.2E-05  7.8E-04
etot    4  N  Y  2  U   -1558.86849994270  6.0E-05  5.2E-06  2.4E-04
etot    5  N  Y  2  U   -1558.86850388828  3.9E-06  2.5E-06  6.1E-05
etot    6  N  N  2  U   -1558.86850476322  8.7E-07  0.0E+00  0.0E+00
scf (DFT) done.
der1a (1-e 1st deriv.) done.
rwr (1st deriv. Q) done.
der1b (2-e 1st deriv.) done.
  Geometry optimization step  14
  Total energy:     -1558.90142887241 hartrees
  energy change:          -1.5670E-04 .  (  5.0000E-05 )
  gradient maximum:        3.6567E-03 .  (  4.5000E-04 )
  gradient rms:            5.3385E-04 .  (  3.0000E-04 )
  displacement maximum:    1.1241E-01 .  (  1.8000E-03 )
  displacement rms:        1.1276E-02 .  (  1.2000E-03 )
  
  predicted energy change: -1.0983E-04
  step size:     0.14788
  trust radius:  0.30000
---------------- geometry iteration  14 complete ----------------
geopt (optimize geometry) done.
onee (1-electron integrals) done.
probe (project orbitals) done.
grid (grid generation) done.
rwr (Q operators) done.
  
       i  u  d  i  g
       t  p  i  c  r                                 RMS    maximum
       e  d  i  u  i                       energy  density   DIIS  
       r  t  s  t  d       total energy    change  change    error 
  
etot    1  N  N  2  U   -1558.85797196016           2.7E-04  8.3E-03
etot    2  Y  Y  6  M   -1558.86848677629  1.1E-02  4.9E-05  5.5E-04
etot    3  N  Y  2  U   -1558.86829668105 -1.9E-04  3.7E-05  1.6E-03
etot    4  N  Y  2  U   -1558.86850729409  2.1E-04  7.8E-06  2.7E-04
etot    5  N  Y  2  U   -1558.86851465653  7.4E-06  4.0E-06  1.2E-04
etot    6  N  N  2  U   -1558.86851671333  2.1E-06  0.0E+00  0.0E+00
scf (DFT) done.
der1a (1-e 1st deriv.) done.
rwr (1st deriv. Q) done.
der1b (2-e 1st deriv.) done.
  Geometry optimization step  15
  Total energy:     -1558.90165284007 hartrees
  energy change:          -2.2397E-04 .  (  5.0000E-05 )
  gradient maximum:        2.2626E-03 .  (  4.5000E-04 )
  gradient rms:            4.1039E-04 .  (  3.0000E-04 )
  displacement maximum:    4.4573E-02 .  (  1.8000E-03 )
  displacement rms:        7.4281E-03 .  (  1.2000E-03 )
  
  predicted energy change: -4.3822E-05
  step size:     0.09742
  trust radius:  0.30000
---------------- geometry iteration  15 complete ----------------
geopt (optimize geometry) done.
onee (1-electron integrals) done.
probe (project orbitals) done.
grid (grid generation) done.
rwr (Q operators) done.
  
       i  u  d  i  g
       t  p  i  c  r                                 RMS    maximum
       e  d  i  u  i                       energy  density   DIIS  
       r  t  s  t  d       total energy    change  change    error 
  
etot    1  N  N  2  U   -1558.86197996179           2.0E-04  7.4E-03
etot    2  Y  Y  6  M   -1558.86858695078  6.6E-03  2.9E-05  4.2E-04
etot    3  N  Y  2  U   -1558.86852687879 -6.0E-05  2.5E-05  8.2E-04
etot    4  N  Y  2  U   -1558.86858044327  5.4E-05  9.3E-06  4.6E-04
etot    5  N  Y  2  U   -1558.86859484137  1.4E-05  2.6E-06  1.3E-04
etot    6  N  N  2  U   -1558.86859616575  1.3E-06  0.0E+00  0.0E+00
scf (DFT) done.
der1a (1-e 1st deriv.) done.
rwr (1st deriv. Q) done.
der1b (2-e 1st deriv.) done.
  Geometry optimization step  16
  Total energy:     -1558.90173290014 hartrees
  energy change:          -8.0060E-05 .  (  5.0000E-05 )
  gradient maximum:        1.2630E-03 .  (  4.5000E-04 )
  gradient rms:            2.6841E-04 *  (  3.0000E-04 )
  displacement maximum:    1.3791E-02 .  (  1.8000E-03 )
  displacement rms:        3.0719E-03 .  (  1.2000E-03 )
  
  predicted energy change: -2.3860E-05
  step size:     0.04029
  trust radius:  0.30000
---------------- geometry iteration  16 complete ----------------
geopt (optimize geometry) done.
onee (1-electron integrals) done.
probe (project orbitals) done.
grid (grid generation) done.
rwr (Q operators) done.
  
       i  u  d  i  g
       t  p  i  c  r                                 RMS    maximum
       e  d  i  u  i                       energy  density   DIIS  
       r  t  s  t  d       total energy    change  change    error 
  
etot    1  N  N  2  U   -1558.86762521841           8.6E-05  2.2E-03
etot    2  Y  Y  6  M   -1558.86869517864  1.1E-03  1.4E-05  1.3E-04
etot    3  N  Y  2  U   -1558.86866977249 -2.5E-05  1.1E-05  4.0E-04
etot    4  N  Y  2  U   -1558.86869066005  2.1E-05  3.6E-06  1.3E-04
etot    5  N  N  2  U   -1558.86869269936  2.0E-06  0.0E+00  0.0E+00
scf (DFT) done.
der1a (1-e 1st deriv.) done.
rwr (1st deriv. Q) done.
der1b (2-e 1st deriv.) done.
  Geometry optimization step  17
  Total energy:     -1558.90177983095 hartrees
  energy change:          -4.6931E-05 *  (  5.0000E-05 )
  gradient maximum:        1.0162E-03 .  (  4.5000E-04 )
  gradient rms:            1.5176E-04 *  (  3.0000E-04 )
  displacement maximum:    2.2319E-02 .  (  1.8000E-03 )
  displacement rms:        2.9700E-03 .  (  1.2000E-03 )
  
  predicted energy change: -1.2391E-05
  step size:     0.03895
  trust radius:  0.30000
---------------- geometry iteration  17 complete ----------------
geopt (optimize geometry) done.
onee (1-electron integrals) done.
probe (project orbitals) done.
grid (grid generation) done.
rwr (Q operators) done.
  
       i  u  d  i  g
       t  p  i  c  r                                 RMS    maximum
       e  d  i  u  i                       energy  density   DIIS  
       r  t  s  t  d       total energy    change  change    error 
  
etot    1  N  N  2  U   -1558.86773199476           8.0E-05  2.3E-03
etot    2  Y  Y  6  M   -1558.86863422792  9.0E-04  2.4E-05  2.1E-04
etot    3  N  Y  2  U   -1558.86856725162 -6.7E-05  1.9E-05  7.0E-04
etot    4  N  Y  2  U   -1558.86863638215  6.9E-05  3.9E-06  1.6E-04
etot    5  N  N  2  U   -1558.86863770769  1.3E-06  0.0E+00  0.0E+00
scf (DFT) done.
der1a (1-e 1st deriv.) done.
rwr (1st deriv. Q) done.
der1b (2-e 1st deriv.) done.
  Geometry optimization step  18
  Total energy:     -1558.90173867696 hartrees
  energy change:           4.1154E-05 *  (  5.0000E-05 )
  gradient maximum:        1.3317E-03 .  (  4.5000E-04 )
  gradient rms:            2.0966E-04 *  (  3.0000E-04 )
  displacement maximum:    2.3203E-02 .  (  1.8000E-03 )
  displacement rms:        2.8032E-03 .  (  1.2000E-03 )
  
  predicted energy change: -1.5557E-05
  step size:     0.03676
  trust radius:  0.30000
---------------- geometry iteration  18 complete ----------------
geopt (optimize geometry) done.
onee (1-electron integrals) done.
probe (project orbitals) done.
grid (grid generation) done.
rwr (Q operators) done.
  
       i  u  d  i  g
       t  p  i  c  r                                 RMS    maximum
       e  d  i  u  i                       energy  density   DIIS  
       r  t  s  t  d       total energy    change  change    error 
  
etot    1  N  N  2  U   -1558.86708736571           9.7E-05  3.2E-03
etot    2  Y  Y  6  M   -1558.86859970775  1.5E-03  1.6E-05  1.9E-04
etot    3  N  Y  2  U   -1558.86855613208 -4.4E-05  1.4E-05  5.9E-04
etot    4  N  Y  2  U   -1558.86860005355  4.4E-05  3.5E-06  1.5E-04
etot    5  N  N  2  U   -1558.86860174914  1.7E-06  0.0E+00  0.0E+00
scf (DFT) done.
der1a (1-e 1st deriv.) done.
rwr (1st deriv. Q) done.
der1b (2-e 1st deriv.) done.
  Geometry optimization step  19
  Total energy:     -1558.90172273956 hartrees
  energy change:           1.5937E-05 *  (  5.0000E-05 )
  gradient maximum:        1.6940E-03 .  (  4.5000E-04 )
  gradient rms:            2.8285E-04 *  (  3.0000E-04 )
  displacement maximum:    1.1801E-01 .  (  1.8000E-03 )
  displacement rms:        1.3652E-02 .  (  1.2000E-03 )
  
  predicted energy change: -1.1637E-04
  step size:     0.17904
  trust radius:  0.30000
---------------- geometry iteration  19 complete ----------------
geopt (optimize geometry) done.
onee (1-electron integrals) done.
probe (project orbitals) done.
grid (grid generation) done.
rwr (Q operators) done.
  
       i  u  d  i  g
       t  p  i  c  r                                 RMS    maximum
       e  d  i  u  i                       energy  density   DIIS  
       r  t  s  t  d       total energy    change  change    error 
  
etot    1  N  N  2  U   -1558.82895488118           4.9E-04  1.7E-02
etot    2  Y  Y  6  M   -1558.86801590202  3.9E-02  9.5E-05  1.1E-03
etot    3  N  Y  2  U   -1558.86747880810 -5.4E-04  7.4E-05  1.7E-03
etot    4  Y  Y  6  M   -1558.86807484882  6.0E-04  1.7E-05  5.3E-04
etot    5  N  Y  2  U   -1558.86811417895  3.9E-05  6.8E-06  3.2E-04
etot    6  N  Y  2  U   -1558.86812078444  6.6E-06  2.7E-06  1.1E-04
etot    7  N  N  2  U   -1558.86812139716  6.1E-07  0.0E+00  0.0E+00
scf (DFT) done.
der1a (1-e 1st deriv.) done.
rwr (1st deriv. Q) done.
der1b (2-e 1st deriv.) done.
  Geometry optimization step  20
  Total energy:     -1558.90125969398 hartrees
  ** restarting optimization from step   17 **
  energy change:           4.6305E-04 .  (  5.0000E-05 )
  gradient maximum:        1.0162E-03 .  (  4.5000E-04 )
  gradient rms:            1.5176E-04 *  (  3.0000E-04 )
  displacement maximum:    3.1716E-02 .  (  1.8000E-03 )
  displacement rms:        3.8056E-03 .  (  1.2000E-03 )
  
  predicted energy change: -2.1124E-05
  step size:     0.04991
  trust radius:  0.15000
---------------- geometry iteration  20 complete ----------------
geopt (optimize geometry) done.
onee (1-electron integrals) done.
probe (project orbitals) done.
grid (grid generation) done.
rwr (Q operators) done.
  
       i  u  d  i  g
       t  p  i  c  r                                 RMS    maximum
       e  d  i  u  i                       energy  density   DIIS  
       r  t  s  t  d       total energy    change  change    error 
  
etot    1  N  N  2  U   -1558.82189380694           5.3E-04  1.6E-02
etot    2  Y  Y  6  M   -1558.86858035133  4.7E-02  8.3E-05  1.2E-03
etot    3  N  Y  2  U   -1558.86789018841 -6.9E-04  6.4E-05  3.6E-03
etot    4  Y  Y  6  M   -1558.86860439944  7.1E-04  2.0E-05  1.1E-03
etot    5  N  Y  2  U   -1558.86865796550  5.4E-05  9.5E-06  3.0E-04
etot    6  N  Y  2  U   -1558.86867043063  1.2E-05  3.4E-06  1.2E-04
etot    7  N  N  2  U   -1558.86867175769  1.3E-06  0.0E+00  0.0E+00
scf (DFT) done.
der1a (1-e 1st deriv.) done.
rwr (1st deriv. Q) done.
der1b (2-e 1st deriv.) done.
  Geometry optimization step  21
  Total energy:     -1558.90177787774 hartrees
  energy change:           1.9532E-06 #  (  5.0000E-05 )
  gradient maximum:        1.4982E-03 .  (  4.5000E-04 )
  gradient rms:            2.2356E-04 *  (  3.0000E-04 )
  displacement maximum:    3.8451E-02 .  (  1.8000E-03 )
  displacement rms:        3.7244E-03 .  (  1.2000E-03 )
  
  predicted energy change: -2.4598E-05
  step size:     0.04885
  trust radius:  0.07500
---------------- geometry iteration  21 complete ----------------
geopt (optimize geometry) done.
onee (1-electron integrals) done.
probe (project orbitals) done.
grid (grid generation) done.
rwr (Q operators) done.
  
       i  u  d  i  g
       t  p  i  c  r                                 RMS    maximum
       e  d  i  u  i                       energy  density   DIIS  
       r  t  s  t  d       total energy    change  change    error 
  
etot    1  N  N  2  U   -1558.86607569707           1.3E-04  5.2E-03
etot    2  Y  Y  6  M   -1558.86862806151  2.6E-03  2.2E-05  3.1E-04
etot    3  N  Y  2  U   -1558.86857569592 -5.2E-05  1.8E-05  7.1E-04
etot    4  N  Y  2  U   -1558.86861919007  4.3E-05  4.2E-06  2.1E-04
etot    5  N  N  2  U   -1558.86862165806  2.5E-06  0.0E+00  0.0E+00
scf (DFT) done.
der1a (1-e 1st deriv.) done.
rwr (1st deriv. Q) done.
der1b (2-e 1st deriv.) done.
  Geometry optimization step  22
  Total energy:     -1558.90172903782 hartrees
  ** restarting optimization from step   21 **
  energy change:           4.8840E-05 *  (  5.0000E-05 )
  gradient maximum:        1.4982E-03 .  (  4.5000E-04 )
  gradient rms:            2.2356E-04 *  (  3.0000E-04 )
  displacement maximum:    2.3202E-02 .  (  1.8000E-03 )
  displacement rms:        2.8693E-03 .  (  1.2000E-03 )
  
  predicted energy change: -2.5922E-05
  step size:     0.03763
  trust radius:  0.03750
---------------- geometry iteration  22 complete ----------------
geopt (optimize geometry) done.
onee (1-electron integrals) done.
probe (project orbitals) done.
grid (grid generation) done.
rwr (Q operators) done.
  
       i  u  d  i  g
       t  p  i  c  r                                 RMS    maximum
       e  d  i  u  i                       energy  density   DIIS  
       r  t  s  t  d       total energy    change  change    error 
  
etot    1  N  N  2  U   -1558.86805992898           6.0E-05  2.5E-03
etot    2  Y  Y  6  M   -1558.86866496781  6.1E-04  1.5E-05  1.8E-04
etot    3  N  Y  2  U   -1558.86863276783 -3.2E-05  1.2E-05  6.1E-04
etot    4  N  Y  2  U   -1558.86866659716  3.4E-05  3.1E-06  8.5E-05
etot    5  N  N  2  U   -1558.86866755507  9.6E-07  0.0E+00  0.0E+00
scf (DFT) done.
der1a (1-e 1st deriv.) done.
rwr (1st deriv. Q) done.
der1b (2-e 1st deriv.) done.
  Geometry optimization step  23
  Total energy:     -1558.90171410086 hartrees
  energy change:           6.3777E-05 .  (  5.0000E-05 )
  gradient maximum:        5.5475E-04 .  (  4.5000E-04 )
  gradient rms:            1.3269E-04 *  (  3.0000E-04 )
  displacement maximum:    1.7279E-02 .  (  1.8000E-03 )
  displacement rms:        2.3592E-03 .  (  1.2000E-03 )
  
  predicted energy change: -1.0022E-05
  step size:     0.03094
  trust radius:  0.05303
---------------- geometry iteration  23 complete ----------------
geopt (optimize geometry) done.
onee (1-electron integrals) done.
probe (project orbitals) done.
grid (grid generation) done.
rwr (Q operators) done.
  
       i  u  d  i  g
       t  p  i  c  r                                 RMS    maximum
       e  d  i  u  i                       energy  density   DIIS  
       r  t  s  t  d       total energy    change  change    error 
  
etot    1  N  N  2  U   -1558.86796655558           6.9E-05  1.6E-03
etot    2  Y  Y  6  M   -1558.86869621119  7.3E-04  1.4E-05  2.2E-04
etot    3  N  Y  2  U   -1558.86867669840 -2.0E-05  1.1E-05  7.0E-04
etot    4  N  Y  2  U   -1558.86870735921  3.1E-05  2.6E-06  9.8E-05
etot    5  N  N  2  U   -1558.86870807916  7.2E-07  0.0E+00  0.0E+00
scf (DFT) done.
der1a (1-e 1st deriv.) done.
rwr (1st deriv. Q) done.
der1b (2-e 1st deriv.) done.
  Geometry optimization step  24
  Total energy:     -1558.90170085377 hartrees
  energy change:           1.3247E-05 *  (  5.0000E-05 )
  gradient maximum:        6.0238E-04 .  (  4.5000E-04 )
  gradient rms:            1.0253E-04 *  (  3.0000E-04 )
  displacement maximum:    1.3424E-02 .  (  1.8000E-03 )
  displacement rms:        2.1698E-03 .  (  1.2000E-03 )
  
  predicted energy change: -4.8906E-06
  step size:     0.02846
  trust radius:  0.05303
---------------- geometry iteration  24 complete ----------------
geopt (optimize geometry) done.
onee (1-electron integrals) done.
probe (project orbitals) done.
grid (grid generation) done.
rwr (Q operators) done.
  
       i  u  d  i  g
       t  p  i  c  r                                 RMS    maximum
       e  d  i  u  i                       energy  density   DIIS  
       r  t  s  t  d       total energy    change  change    error 
  
etot    1  N  N  2  U   -1558.86809542641           6.3E-05  1.4E-03
etot    2  Y  Y  6  M   -1558.86872724815  6.3E-04  2.0E-05  2.5E-04
etot    3  N  Y  2  U   -1558.86866579295 -6.1E-05  1.6E-05  8.3E-04
etot    4  N  Y  2  U   -1558.86872757144  6.2E-05  3.3E-06  1.4E-04
etot    5  N  N  2  U   -1558.86872887163  1.3E-06  0.0E+00  0.0E+00
scf (DFT) done.
der1a (1-e 1st deriv.) done.
rwr (1st deriv. Q) done.
der1b (2-e 1st deriv.) done.
  Geometry optimization step  25
  Total energy:     -1558.90173363367 hartrees
  energy change:          -3.2780E-05 *  (  5.0000E-05 )
  gradient maximum:        1.3887E-03 .  (  4.5000E-04 )
  gradient rms:            2.0115E-04 *  (  3.0000E-04 )
  displacement maximum:    1.2593E-02 .  (  1.8000E-03 )
  displacement rms:        2.0693E-03 .  (  1.2000E-03 )
  
  predicted energy change: -9.8765E-06
  step size:     0.02714
  trust radius:  0.02652
---------------- geometry iteration  25 complete ----------------
geopt (optimize geometry) done.
onee (1-electron integrals) done.
probe (project orbitals) done.
grid (grid generation) done.
rwr (Q operators) done.
  
       i  u  d  i  g
       t  p  i  c  r                                 RMS    maximum
       e  d  i  u  i                       energy  density   DIIS  
       r  t  s  t  d       total energy    change  change    error 
  
etot    1  N  N  2  U   -1558.86813777729           6.1E-05  1.4E-03
etot    2  Y  Y  6  M   -1558.86870909939  5.7E-04  1.6E-05  2.7E-04
etot    3  N  Y  2  U   -1558.86867525664 -3.4E-05  1.2E-05  8.2E-04
etot    4  N  Y  2  U   -1558.86871660250  4.1E-05  2.7E-06  9.9E-05
etot    5  N  N  2  U   -1558.86871764922  1.0E-06  0.0E+00  0.0E+00
scf (DFT) done.
der1a (1-e 1st deriv.) done.
rwr (1st deriv. Q) done.
der1b (2-e 1st deriv.) done.
  Geometry optimization step  26
  Total energy:     -1558.90171704428 hartrees
  energy change:           1.6589E-05 *  (  5.0000E-05 )
  gradient maximum:        5.9768E-04 .  (  4.5000E-04 )
  gradient rms:            1.1019E-04 *  (  3.0000E-04 )
  displacement maximum:    2.5928E-02 .  (  1.8000E-03 )
  displacement rms:        2.8699E-03 .  (  1.2000E-03 )
  
  predicted energy change: -5.2144E-06
  step size:     0.03764
  trust radius:  0.03750
---------------- geometry iteration  26 complete ----------------
geopt (optimize geometry) done.
onee (1-electron integrals) done.
probe (project orbitals) done.
grid (grid generation) done.
rwr (Q operators) done.
  
       i  u  d  i  g
       t  p  i  c  r                                 RMS    maximum
       e  d  i  u  i                       energy  density   DIIS  
       r  t  s  t  d       total energy    change  change    error 
  
etot    1  N  N  2  U   -1558.86777343646           7.8E-05  2.6E-03
etot    2  Y  Y  6  M   -1558.86869039688  9.2E-04  1.6E-05  1.6E-04
etot    3  N  Y  2  U   -1558.86865349552 -3.7E-05  1.3E-05  4.8E-04
etot    4  N  Y  2  U   -1558.86869011314  3.7E-05  3.7E-06  1.5E-04
etot    5  N  N  2  U   -1558.86869163320  1.5E-06  0.0E+00  0.0E+00
scf (DFT) done.
der1a (1-e 1st deriv.) done.
rwr (1st deriv. Q) done.
der1b (2-e 1st deriv.) done.
  Geometry optimization step  27
  Total energy:     -1558.90170021963 hartrees
  energy change:           1.6825E-05 *  (  5.0000E-05 )
  gradient maximum:        7.2787E-04 .  (  4.5000E-04 )
  gradient rms:            1.1331E-04 *  (  3.0000E-04 )
  displacement maximum:    5.7015E-03 .  (  1.8000E-03 )
  displacement rms:        1.0273E-03 *  (  1.2000E-03 )
  
  predicted energy change: -2.6794E-06
  step size:     0.01347
  trust radius:  0.05303
---------------- geometry iteration  27 complete ----------------
geopt (optimize geometry) done.
onee (1-electron integrals) done.
probe (project orbitals) done.
grid (grid generation) done.
rwr (Q operators) done.
  
       i  u  d  i  g
       t  p  i  c  r                                 RMS    maximum
       e  d  i  u  i                       energy  density   DIIS  
       r  t  s  t  d       total energy    change  change    error 
  
etot    1  N  N  2  U   -1558.86860931655           2.5E-05  6.0E-04
etot    2  N  Y  2  U   -1558.86868231631  7.3E-05  1.6E-05  2.4E-04
etot    3  N  Y  2  U   -1558.86864697842 -3.5E-05  1.2E-05  6.7E-04
etot    4  N  Y  2  U   -1558.86868773674  4.1E-05  2.2E-06  7.9E-05
etot    5  N  N  2  U   -1558.86868880174  1.1E-06  0.0E+00  0.0E+00
scf (DFT) done.
der1a (1-e 1st deriv.) done.
rwr (1st deriv. Q) done.
der1b (2-e 1st deriv.) done.
  Geometry optimization step  28
  Total energy:     -1558.90171158156 hartrees
  energy change:          -1.1362E-05 *  (  5.0000E-05 )
  gradient maximum:        3.9617E-04 *  (  4.5000E-04 )
  gradient rms:            7.4645E-05 *  (  3.0000E-04 )
  displacement maximum:    1.5402E-02 .  (  1.8000E-03 )
  displacement rms:        1.4230E-03 .  (  1.2000E-03 )
  
  predicted energy change: -1.7922E-06
  step size:     0.01866
  trust radius:  0.05303
---------------- geometry iteration  28 complete ----------------
geopt (optimize geometry) done.
onee (1-electron integrals) done.
probe (project orbitals) done.
grid (grid generation) done.
rwr (Q operators) done.
  
       i  u  d  i  g
       t  p  i  c  r                                 RMS    maximum
       e  d  i  u  i                       energy  density   DIIS  
       r  t  s  t  d       total energy    change  change    error 
  
etot    1  N  N  2  U   -1558.86848489007           3.7E-05  1.6E-03
etot    2  N  Y  2  U   -1558.86868890149  2.0E-04  5.0E-06  9.2E-05
etot    3  N  Y  2  U   -1558.86868625341 -2.6E-06  4.1E-06  1.6E-04
etot    4  N  N  2  U   -1558.86868942550  3.2E-06  0.0E+00  0.0E+00
scf (DFT) done.
der1a (1-e 1st deriv.) done.
rwr (1st deriv. Q) done.
der1b (2-e 1st deriv.) done.
  Geometry optimization step  29
  Total energy:     -1558.90173260677 hartrees
  energy change:          -2.1025E-05 *  (  5.0000E-05 )
  gradient maximum:        4.3768E-04 *  (  4.5000E-04 )
  gradient rms:            7.2218E-05 *  (  3.0000E-04 )
  displacement maximum:    1.7704E-03 *  (  1.8000E-03 )
  displacement rms:        3.4648E-04 *  (  1.2000E-03 )
  
  predicted energy change: -1.0059E-06
  step size:     0.00454
  trust radius:  0.05303
------------- final geometry iteration  29 complete -------------
geopt (optimize geometry) done.
cutabab2 (abab integrals) done.
der2a (1-e JK-1st deriv.) done.
der2b (2-e JK-1st deriv.) done.
der2nda (1-e 2nd deriv.) done.
der2ndb (2-e 2nd deriv.) done.
rwr (Q operators) done.
cphfa (gradient of wave function) done.
freq (vib. frequencies) done.
Job J1_3695_2111 completed on hpc-93-12.cm.cluster at Wed May 29 05:07:12 2024
Timer (jaguar_backend.py) : 2279.83 secs (0 hrs, 37 mins, 59 secs)
Finished:   Wed May 29 05:07:12 2024
