Command:  /groups/wag/programs/Schrodinger_2020_3/jaguar run -WAIT -PARALLEL 8 /central/home/labounad/wittig-ch121/out/J1_9880_2111/J1_9880_2111.in
Release:  2020-3
Exec:     /groups/wag/programs/Schrodinger_2020_3/jaguar-v10.9/bin/Linux-x86_64
Host:     hpc-92-19.cm.cluster
JobId:    hpc-92-19-0-6657d4c5
JobDir:   /central/scratch/labounad/J1_9880_2111#hpc-92-19-0-6657d4c5
Date:     Wed May 29 18:22:14 2024

Contents of /central/scratch/labounad/J1_9880_2111#hpc-92-19-0-6657d4c5:
/central/scratch/labounad/J1_9880_2111#hpc-92-19-0-6657d4c5/J1_9880_2111.recover
/central/scratch/labounad/J1_9880_2111#hpc-92-19-0-6657d4c5/J1_9880_2111.in
/central/scratch/labounad/J1_9880_2111#hpc-92-19-0-6657d4c5/.write_dir.json
/central/scratch/labounad/J1_9880_2111#hpc-92-19-0-6657d4c5/hpc-92-19-0-6657d4c5
/central/scratch/labounad/J1_9880_2111#hpc-92-19-0-6657d4c5/hpc-92-19-0-6657d4c5.nodes
/central/scratch/labounad/J1_9880_2111#hpc-92-19-0-6657d4c5/hpc-92-19-0-6657d4c5.mpinodes
/central/scratch/labounad/J1_9880_2111#hpc-92-19-0-6657d4c5/J1_9880_2111.log
/central/scratch/labounad/J1_9880_2111#hpc-92-19-0-6657d4c5/hpc-92-19-0-6657d4c5.recover

Executing subprocess:
/groups/wag/programs/Schrodinger_2020_3/jaguar-v10.9/bin/Linux-x86_64/jexec J1_9880_2111.in -T 8 -out /central/scratch/labounad/J1_9880_2111#hpc-92-19-0-6657d4c5 -cwd

Job J1_9880_2111 started on hpc-92-19.cm.cluster at Wed May 29 18:22:15 2024
jobid: hpc-92-19-0-6657d4c5 
Jaguar version 10.9, release 139
 Using up to   8 threads per process
Molecular Point Group: C1      
Point Group used: C1
pre (input checking) done.
onee (1-electron integrals) done.
hfig (HF initial guess) done.
probe (project orbitals) done.
grid (grid generation) done.
rwr (Q operators) done.
scf type: DFT=PBE(X+LC)+PW91 (PBE-D3)
  
       i  u  d  i  g
       t  p  i  c  r                                 RMS    maximum
       e  d  i  u  i                       energy  density   DIIS  
       r  t  s  t  d       total energy    change  change    error 
  
etot    1  N  N  5  M   -2074.85048506554           4.8E-03  9.7E-02
etot    2  Y  Y  6  M   -2071.25034727065 -3.6E+00  7.6E-03  1.6E-01
etot    3  Y  Y  6  M   -2049.90950453462 -2.1E+01  6.7E-03  2.1E-01
etot    4  N  Y  2  U   -2072.95438236750  2.3E+01  4.4E-03  6.5E-02
etot    5  Y  Y  6  M   -2067.33299028802 -5.6E+00  3.4E-03  8.4E-02
etot    6  N  Y  2  U   -2079.59655990395  1.2E+01  1.4E-03  6.8E-02
etot    7  Y  Y  6  M   -2079.77655814906  1.8E-01  7.7E-04  2.7E-02
etot    8  N  Y  2  U   -2079.97206828837  2.0E-01  3.4E-04  1.5E-02
etot    9  Y  Y  6  M   -2080.01170602970  4.0E-02  1.6E-04  4.7E-03
etot   10  N  Y  2  U   -2080.01759119513  5.9E-03  8.6E-05  2.9E-03
etot   11  Y  Y  6  M   -2080.02032909166  2.7E-03  3.8E-05  1.8E-03
etot   12  N  Y  2  U   -2080.02051625879  1.9E-04  2.1E-05  1.1E-03
etot   13  N  Y  2  U   -2080.02065226639  1.4E-04  8.4E-06  3.7E-04
etot   14  N  Y  2  U   -2080.02067148111  1.9E-05  3.3E-06  1.0E-04
etot   15  N  N  2  U   -2080.02067664518  5.2E-06  0.0E+00  0.0E+00
scf (DFT) done.
der1a (1-e 1st deriv.) done.
rwr (1st deriv. Q) done.
der1b (2-e 1st deriv.) done.
  Geometry optimization step   1
  Total energy:     -2080.10236987546 hartrees
  gradient maximum:        3.5896E-02 .  (  4.5000E-04 )
  gradient rms:            6.6115E-03 .  (  3.0000E-04 )
  displacement maximum:    9.5679E-02 .  (  1.8000E-03 )
  displacement rms:        1.6487E-02 .  (  1.2000E-03 )
  
  predicted energy change: -2.3917E-02
  step size:     0.30040
  trust radius:  0.30000
---------------- geometry iteration   1 complete ----------------
geopt (optimize geometry) done.
onee (1-electron integrals) done.
probe (project orbitals) done.
grid (grid generation) done.
rwr (Q operators) done.
  
       i  u  d  i  g
       t  p  i  c  r                                 RMS    maximum
       e  d  i  u  i                       energy  density   DIIS  
       r  t  s  t  d       total energy    change  change    error 
  
etot    1  N  N  2  U   -2080.02769788071           2.3E-04  3.9E-03
etot    2  Y  Y  6  M   -2080.04345419623  1.6E-02  7.1E-05  1.7E-03
etot    3  N  Y  2  U   -2080.04252541170 -9.3E-04  5.2E-05  3.4E-03
etot    4  Y  Y  6  M   -2080.04376447936  1.2E-03  1.5E-05  4.6E-04
etot    5  N  Y  2  U   -2080.04390964626  1.5E-04  5.8E-06  1.7E-04
etot    6  N  Y  2  U   -2080.04392276537  1.3E-05  1.8E-06  7.1E-05
etot    7  N  N  2  U   -2080.04392404575  1.3E-06  0.0E+00  0.0E+00
scf (DFT) done.
der1a (1-e 1st deriv.) done.
rwr (1st deriv. Q) done.
der1b (2-e 1st deriv.) done.
  Geometry optimization step   2
  Total energy:     -2080.12467362553 hartrees
  energy change:          -2.2304E-02 .  (  5.0000E-05 )
  gradient maximum:        1.4802E-02 .  (  4.5000E-04 )
  gradient rms:            2.3513E-03 .  (  3.0000E-04 )
  displacement maximum:    7.0631E-02 .  (  1.8000E-03 )
  displacement rms:        1.6477E-02 .  (  1.2000E-03 )
  
  predicted energy change: -5.9944E-03
  step size:     0.30022
  trust radius:  0.30000
---------------- geometry iteration   2 complete ----------------
geopt (optimize geometry) done.
onee (1-electron integrals) done.
probe (project orbitals) done.
grid (grid generation) done.
rwr (Q operators) done.
  
       i  u  d  i  g
       t  p  i  c  r                                 RMS    maximum
       e  d  i  u  i                       energy  density   DIIS  
       r  t  s  t  d       total energy    change  change    error 
  
etot    1  N  N  2  U   -2080.02350931138           2.7E-04  5.6E-03
etot    2  Y  Y  6  M   -2080.04931662133  2.6E-02  6.1E-05  7.1E-04
etot    3  N  Y  2  U   -2080.04811015037 -1.2E-03  5.0E-05  2.1E-03
etot    4  N  Y  2  U   -2080.04939511692  1.3E-03  1.3E-05  5.0E-04
etot    5  N  Y  2  U   -2080.04945833239  6.3E-05  4.5E-06  1.5E-04
etot    6  N  N  2  U   -2080.04946602051  7.7E-06  0.0E+00  0.0E+00
scf (DFT) done.
der1a (1-e 1st deriv.) done.
rwr (1st deriv. Q) done.
der1b (2-e 1st deriv.) done.
  Geometry optimization step   3
  Total energy:     -2080.13040429305 hartrees
  energy change:          -5.7307E-03 .  (  5.0000E-05 )
  gradient maximum:        6.7004E-03 .  (  4.5000E-04 )
  gradient rms:            1.1591E-03 .  (  3.0000E-04 )
  displacement maximum:    9.7265E-02 .  (  1.8000E-03 )
  displacement rms:        1.6464E-02 .  (  1.2000E-03 )
  
  predicted energy change: -3.0228E-03
  step size:     0.29998
  trust radius:  0.30000
---------------- geometry iteration   3 complete ----------------
geopt (optimize geometry) done.
onee (1-electron integrals) done.
probe (project orbitals) done.
grid (grid generation) done.
rwr (Q operators) done.
  
       i  u  d  i  g
       t  p  i  c  r                                 RMS    maximum
       e  d  i  u  i                       energy  density   DIIS  
       r  t  s  t  d       total energy    change  change    error 
  
etot    1  N  N  2  U   -2080.01295713765           2.9E-04  7.8E-03
etot    2  Y  Y  6  M   -2080.05135255420  3.8E-02  4.7E-05  5.9E-04
etot    3  N  Y  2  U   -2080.05079182412 -5.6E-04  3.6E-05  1.2E-03
etot    4  N  Y  2  U   -2080.05137866465  5.9E-04  1.1E-05  4.3E-04
etot    5  N  Y  2  U   -2080.05142577735  4.7E-05  4.0E-06  1.2E-04
etot    6  N  N  2  U   -2080.05143206109  6.3E-06  0.0E+00  0.0E+00
scf (DFT) done.
der1a (1-e 1st deriv.) done.
rwr (1st deriv. Q) done.
der1b (2-e 1st deriv.) done.
  Geometry optimization step   4
  Total energy:     -2080.13209782512 hartrees
  energy change:          -1.6935E-03 .  (  5.0000E-05 )
  gradient maximum:        1.3098E-02 .  (  4.5000E-04 )
  gradient rms:            1.7739E-03 .  (  3.0000E-04 )
  displacement maximum:    1.1375E-01 .  (  1.8000E-03 )
  displacement rms:        1.6504E-02 .  (  1.2000E-03 )
  
  predicted energy change: -2.4487E-03
  step size:     0.30072
  trust radius:  0.30000
---------------- geometry iteration   4 complete ----------------
geopt (optimize geometry) done.
onee (1-electron integrals) done.
probe (project orbitals) done.
grid (grid generation) done.
rwr (Q operators) done.
  
       i  u  d  i  g
       t  p  i  c  r                                 RMS    maximum
       e  d  i  u  i                       energy  density   DIIS  
       r  t  s  t  d       total energy    change  change    error 
  
etot    1  N  N  2  U   -2080.00869367309           3.4E-04  9.5E-03
etot    2  Y  Y  6  M   -2080.05344648761  4.5E-02  4.6E-05  7.1E-04
etot    3  N  Y  2  U   -2080.05284763036 -6.0E-04  3.8E-05  1.3E-03
etot    4  N  Y  2  U   -2080.05338243492  5.3E-04  1.4E-05  5.6E-04
etot    5  N  Y  2  U   -2080.05345584601  7.3E-05  4.5E-06  2.0E-04
etot    6  N  N  2  U   -2080.05346523372  9.4E-06  0.0E+00  0.0E+00
scf (DFT) done.
der1a (1-e 1st deriv.) done.
rwr (1st deriv. Q) done.
der1b (2-e 1st deriv.) done.
  Geometry optimization step   5
  Total energy:     -2080.13428157449 hartrees
  energy change:          -2.1837E-03 .  (  5.0000E-05 )
  gradient maximum:        6.2769E-03 .  (  4.5000E-04 )
  gradient rms:            9.9876E-04 .  (  3.0000E-04 )
  displacement maximum:    1.4658E-01 .  (  1.8000E-03 )
  displacement rms:        1.6468E-02 .  (  1.2000E-03 )
  
  predicted energy change: -2.1348E-03
  step size:     0.30006
  trust radius:  0.30000
---------------- geometry iteration   5 complete ----------------
geopt (optimize geometry) done.
onee (1-electron integrals) done.
probe (project orbitals) done.
grid (grid generation) done.
rwr (Q operators) done.
  
       i  u  d  i  g
       t  p  i  c  r                                 RMS    maximum
       e  d  i  u  i                       energy  density   DIIS  
       r  t  s  t  d       total energy    change  change    error 
  
etot    1  N  N  2  U   -2080.00461288989           3.5E-04  2.2E-02
etot    2  Y  Y  6  M   -2080.05435356175  5.0E-02  6.2E-05  1.0E-03
etot    3  N  Y  2  U   -2080.05335769782 -1.0E-03  4.9E-05  1.9E-03
etot    4  N  Y  2  U   -2080.05429847158  9.4E-04  1.4E-05  6.9E-04
etot    5  N  Y  2  U   -2080.05436982861  7.1E-05  5.3E-06  2.7E-04
etot    6  N  Y  2  U   -2080.05438255106  1.3E-05  1.9E-06  4.6E-05
etot    7  N  N  2  U   -2080.05438568860  3.1E-06  0.0E+00  0.0E+00
scf (DFT) done.
der1a (1-e 1st deriv.) done.
rwr (1st deriv. Q) done.
der1b (2-e 1st deriv.) done.
  Geometry optimization step   6
  Total energy:     -2080.13554788021 hartrees
  energy change:          -1.2663E-03 .  (  5.0000E-05 )
  gradient maximum:        8.4853E-03 .  (  4.5000E-04 )
  gradient rms:            1.1473E-03 .  (  3.0000E-04 )
  displacement maximum:    1.5947E-01 .  (  1.8000E-03 )
  displacement rms:        1.6480E-02 .  (  1.2000E-03 )
  
  predicted energy change: -2.6018E-03
  step size:     0.30028
  trust radius:  0.30000
---------------- geometry iteration   6 complete ----------------
geopt (optimize geometry) done.
onee (1-electron integrals) done.
probe (project orbitals) done.
grid (grid generation) done.
rwr (Q operators) done.
  
       i  u  d  i  g
       t  p  i  c  r                                 RMS    maximum
       e  d  i  u  i                       energy  density   DIIS  
       r  t  s  t  d       total energy    change  change    error 
  
etot    1  N  N  2  U   -2079.99770077635           3.9E-04  2.1E-02
etot    2  Y  Y  6  M   -2080.05582790503  5.8E-02  6.7E-05  1.4E-03
etot    3  N  Y  2  U   -2080.05485950238 -9.7E-04  5.5E-05  2.2E-03
etot    4  Y  Y  6  M   -2080.05577273846  9.1E-04  1.7E-05  8.2E-04
etot    5  N  Y  2  U   -2080.05593133964  1.6E-04  5.5E-06  2.6E-04
etot    6  N  Y  2  U   -2080.05594491260  1.4E-05  2.1E-06  5.7E-05
etot    7  N  N  2  U   -2080.05594566463  7.5E-07  0.0E+00  0.0E+00
scf (DFT) done.
der1a (1-e 1st deriv.) done.
rwr (1st deriv. Q) done.
der1b (2-e 1st deriv.) done.
  Geometry optimization step   7
  Total energy:     -2080.13747818318 hartrees
  energy change:          -1.9303E-03 .  (  5.0000E-05 )
  gradient maximum:        9.1060E-03 .  (  4.5000E-04 )
  gradient rms:            1.4425E-03 .  (  3.0000E-04 )
  displacement maximum:    1.4717E-01 .  (  1.8000E-03 )
  displacement rms:        1.6465E-02 .  (  1.2000E-03 )
  
  predicted energy change: -2.1697E-03
  step size:     0.30001
  trust radius:  0.30000
---------------- geometry iteration   7 complete ----------------
geopt (optimize geometry) done.
onee (1-electron integrals) done.
probe (project orbitals) done.
grid (grid generation) done.
rwr (Q operators) done.
  
       i  u  d  i  g
       t  p  i  c  r                                 RMS    maximum
       e  d  i  u  i                       energy  density   DIIS  
       r  t  s  t  d       total energy    change  change    error 
  
etot    1  N  N  2  U   -2080.00128480057           3.7E-04  2.4E-02
etot    2  Y  Y  6  M   -2080.05802634392  5.7E-02  7.0E-05  1.6E-03
etot    3  N  Y  2  U   -2080.05723798792 -7.9E-04  5.5E-05  2.8E-03
etot    4  Y  Y  6  M   -2080.05809390765  8.6E-04  1.5E-05  8.3E-04
etot    5  N  Y  2  U   -2080.05818291649  8.9E-05  3.7E-06  1.8E-04
etot    6  N  N  2  U   -2080.05818890284  6.0E-06  0.0E+00  0.0E+00
scf (DFT) done.
der1a (1-e 1st deriv.) done.
rwr (1st deriv. Q) done.
der1b (2-e 1st deriv.) done.
  Geometry optimization step   8
  Total energy:     -2080.13936033447 hartrees
  energy change:          -1.8822E-03 .  (  5.0000E-05 )
  gradient maximum:        4.4931E-03 .  (  4.5000E-04 )
  gradient rms:            7.8008E-04 .  (  3.0000E-04 )
  displacement maximum:    7.9592E-02 .  (  1.8000E-03 )
  displacement rms:        1.6463E-02 .  (  1.2000E-03 )
  
  predicted energy change: -1.4252E-03
  step size:     0.29998
  trust radius:  0.30000
---------------- geometry iteration   8 complete ----------------
geopt (optimize geometry) done.
onee (1-electron integrals) done.
probe (project orbitals) done.
grid (grid generation) done.
rwr (Q operators) done.
  
       i  u  d  i  g
       t  p  i  c  r                                 RMS    maximum
       e  d  i  u  i                       energy  density   DIIS  
       r  t  s  t  d       total energy    change  change    error 
  
etot    1  N  N  2  U   -2080.02311419455           2.8E-04  1.1E-02
etot    2  Y  Y  6  M   -2080.05895285105  3.6E-02  7.3E-05  7.5E-04
etot    3  N  Y  2  U   -2080.05781209887 -1.1E-03  5.6E-05  2.3E-03
etot    4  Y  Y  6  M   -2080.05911039735  1.3E-03  1.3E-05  4.5E-04
etot    5  N  Y  2  U   -2080.05913715129  2.7E-05  4.8E-06  2.4E-04
etot    6  N  Y  2  U   -2080.05914894689  1.2E-05  1.8E-06  8.1E-05
etot    7  N  N  2  U   -2080.05914956800  6.2E-07  0.0E+00  0.0E+00
scf (DFT) done.
der1a (1-e 1st deriv.) done.
rwr (1st deriv. Q) done.
der1b (2-e 1st deriv.) done.
  Geometry optimization step   9
  Total energy:     -2080.14001006383 hartrees
  energy change:          -6.4973E-04 .  (  5.0000E-05 )
  gradient maximum:        7.3115E-03 .  (  4.5000E-04 )
  gradient rms:            9.5182E-04 .  (  3.0000E-04 )
  displacement maximum:    1.3036E-01 .  (  1.8000E-03 )
  displacement rms:        1.6465E-02 .  (  1.2000E-03 )
  
  predicted energy change: -9.5349E-04
  step size:     0.30000
  trust radius:  0.30000
---------------- geometry iteration   9 complete ----------------
geopt (optimize geometry) done.
onee (1-electron integrals) done.
probe (project orbitals) done.
grid (grid generation) done.
rwr (Q operators) done.
  
       i  u  d  i  g
       t  p  i  c  r                                 RMS    maximum
       e  d  i  u  i                       energy  density   DIIS  
       r  t  s  t  d       total energy    change  change    error 
  
etot    1  N  N  2  U   -2080.01606450166           3.1E-04  2.0E-02
etot    2  Y  Y  6  M   -2080.05918663314  4.3E-02  4.2E-05  1.0E-03
etot    3  N  Y  2  U   -2080.05888386824 -3.0E-04  3.3E-05  8.8E-04
etot    4  N  Y  2  U   -2080.05909778898  2.1E-04  1.4E-05  7.3E-04
etot    5  N  Y  2  U   -2080.05918881614  9.1E-05  3.6E-06  2.3E-04
etot    6  N  N  2  U   -2080.05919436624  5.6E-06  0.0E+00  0.0E+00
scf (DFT) done.
der1a (1-e 1st deriv.) done.
rwr (1st deriv. Q) done.
der1b (2-e 1st deriv.) done.
  Geometry optimization step  10
  Total energy:     -2080.14025610679 hartrees
  energy change:          -2.4604E-04 .  (  5.0000E-05 )
  gradient maximum:        4.7235E-03 .  (  4.5000E-04 )
  gradient rms:            7.8904E-04 .  (  3.0000E-04 )
  displacement maximum:    4.6746E-02 .  (  1.8000E-03 )
  displacement rms:        7.8331E-03 .  (  1.2000E-03 )
  
  predicted energy change: -3.6526E-04
  step size:     0.14294
  trust radius:  0.30000
---------------- geometry iteration  10 complete ----------------
geopt (optimize geometry) done.
onee (1-electron integrals) done.
probe (project orbitals) done.
grid (grid generation) done.
rwr (Q operators) done.
  
       i  u  d  i  g
       t  p  i  c  r                                 RMS    maximum
       e  d  i  u  i                       energy  density   DIIS  
       r  t  s  t  d       total energy    change  change    error 
  
etot    1  N  N  2  U   -2080.05139238038           1.4E-04  5.4E-03
etot    2  Y  Y  6  M   -2080.05934915674  8.0E-03  2.7E-05  3.6E-04
etot    3  N  Y  2  U   -2080.05922922342 -1.2E-04  2.1E-05  7.9E-04
etot    4  N  Y  2  U   -2080.05937360348  1.4E-04  6.7E-06  3.3E-04
etot    5  N  Y  2  U   -2080.05939500077  2.1E-05  2.0E-06  8.3E-05
etot    6  N  N  2  U   -2080.05939632262  1.3E-06  0.0E+00  0.0E+00
scf (DFT) done.
der1a (1-e 1st deriv.) done.
rwr (1st deriv. Q) done.
der1b (2-e 1st deriv.) done.
  Geometry optimization step  11
  Total energy:     -2080.14029469946 hartrees
  energy change:          -3.8593E-05 *  (  5.0000E-05 )
  gradient maximum:        2.6299E-03 .  (  4.5000E-04 )
  gradient rms:            4.9396E-04 .  (  3.0000E-04 )
  displacement maximum:    6.6242E-02 .  (  1.8000E-03 )
  displacement rms:        9.1823E-03 .  (  1.2000E-03 )
  
  predicted energy change: -2.4916E-04
  step size:     0.16756
  trust radius:  0.30000
---------------- geometry iteration  11 complete ----------------
geopt (optimize geometry) done.
onee (1-electron integrals) done.
probe (project orbitals) done.
grid (grid generation) done.
rwr (Q operators) done.
  
       i  u  d  i  g
       t  p  i  c  r                                 RMS    maximum
       e  d  i  u  i                       energy  density   DIIS  
       r  t  s  t  d       total energy    change  change    error 
  
etot    1  N  N  2  U   -2080.04899187976           1.5E-04  5.6E-03
etot    2  Y  Y  6  M   -2080.05937144046  1.0E-02  2.5E-05  3.3E-04
etot    3  N  Y  2  U   -2080.05927094383 -1.0E-04  1.9E-05  7.1E-04
etot    4  N  Y  2  U   -2080.05941396489  1.4E-04  6.1E-06  3.0E-04
etot    5  N  Y  2  U   -2080.05943097702  1.7E-05  2.0E-06  8.0E-05
etot    6  N  N  2  U   -2080.05943223151  1.3E-06  0.0E+00  0.0E+00
scf (DFT) done.
der1a (1-e 1st deriv.) done.
rwr (1st deriv. Q) done.
der1b (2-e 1st deriv.) done.
  Geometry optimization step  12
  Total energy:     -2080.14028377245 hartrees
  energy change:           1.0927E-05 *  (  5.0000E-05 )
  gradient maximum:        4.5837E-03 .  (  4.5000E-04 )
  gradient rms:            6.4874E-04 .  (  3.0000E-04 )
  displacement maximum:    4.3340E-02 .  (  1.8000E-03 )
  displacement rms:        6.3228E-03 .  (  1.2000E-03 )
  
  predicted energy change: -2.1948E-04
  step size:     0.11538
  trust radius:  0.30000
---------------- geometry iteration  12 complete ----------------
geopt (optimize geometry) done.
onee (1-electron integrals) done.
probe (project orbitals) done.
grid (grid generation) done.
rwr (Q operators) done.
  
       i  u  d  i  g
       t  p  i  c  r                                 RMS    maximum
       e  d  i  u  i                       energy  density   DIIS  
       r  t  s  t  d       total energy    change  change    error 
  
etot    1  N  N  2  U   -2080.05495450723           1.0E-04  3.9E-03
etot    2  Y  Y  6  M   -2080.05938663869  4.4E-03  1.4E-05  2.8E-04
etot    3  N  Y  2  U   -2080.05932515671 -6.1E-05  1.1E-05  3.2E-04
etot    4  N  Y  2  U   -2080.05935914060  3.4E-05  4.1E-06  1.7E-04
etot    5  N  N  2  U   -2080.05936499128  5.9E-06  0.0E+00  0.0E+00
scf (DFT) done.
der1a (1-e 1st deriv.) done.
rwr (1st deriv. Q) done.
der1b (2-e 1st deriv.) done.
  Geometry optimization step  13
  Total energy:     -2080.14045260237 hartrees
  energy change:          -1.6883E-04 .  (  5.0000E-05 )
  gradient maximum:        1.6447E-03 .  (  4.5000E-04 )
  gradient rms:            3.1371E-04 .  (  3.0000E-04 )
  displacement maximum:    7.4462E-02 .  (  1.8000E-03 )
  displacement rms:        1.0194E-02 .  (  1.2000E-03 )
  
  predicted energy change: -2.3083E-04
  step size:     0.18603
  trust radius:  0.30000
---------------- geometry iteration  13 complete ----------------
geopt (optimize geometry) done.
onee (1-electron integrals) done.
probe (project orbitals) done.
grid (grid generation) done.
rwr (Q operators) done.
  
       i  u  d  i  g
       t  p  i  c  r                                 RMS    maximum
       e  d  i  u  i                       energy  density   DIIS  
       r  t  s  t  d       total energy    change  change    error 
  
etot    1  N  N  2  U   -2080.04344222989           1.9E-04  1.0E-02
etot    2  Y  Y  6  M   -2080.05908721935  1.6E-02  2.6E-05  7.3E-04
etot    3  N  Y  2  U   -2080.05896467227 -1.2E-04  2.0E-05  6.5E-04
etot    4  N  Y  2  U   -2080.05904655120  8.2E-05  8.0E-06  4.3E-04
etot    5  N  Y  2  U   -2080.05908906484  4.3E-05  1.9E-06  6.5E-05
etot    6  N  N  2  U   -2080.05909016171  1.1E-06  0.0E+00  0.0E+00
scf (DFT) done.
der1a (1-e 1st deriv.) done.
rwr (1st deriv. Q) done.
der1b (2-e 1st deriv.) done.
  Geometry optimization step  14
  Total energy:     -2080.14018938012 hartrees
  ** restarting optimization from step   13 **
  energy change:           2.6322E-04 .  (  5.0000E-05 )
  gradient maximum:        1.6447E-03 .  (  4.5000E-04 )
  gradient rms:            3.1371E-04 .  (  3.0000E-04 )
  displacement maximum:    3.8424E-02 .  (  1.8000E-03 )
  displacement rms:        5.0049E-03 .  (  1.2000E-03 )
  
  predicted energy change: -1.1812E-04
  step size:     0.09133
  trust radius:  0.30000
---------------- geometry iteration  14 complete ----------------
geopt (optimize geometry) done.
onee (1-electron integrals) done.
probe (project orbitals) done.
grid (grid generation) done.
rwr (Q operators) done.
  
       i  u  d  i  g
       t  p  i  c  r                                 RMS    maximum
       e  d  i  u  i                       energy  density   DIIS  
       r  t  s  t  d       total energy    change  change    error 
  
etot    1  N  N  2  U   -2080.04916493954           1.6E-04  9.5E-03
etot    2  Y  Y  6  M   -2080.05958704780  1.0E-02  2.4E-05  5.6E-04
etot    3  N  Y  2  U   -2080.05950516104 -8.2E-05  1.9E-05  8.1E-04
etot    4  N  Y  2  U   -2080.05959133601  8.6E-05  7.4E-06  5.0E-04
etot    5  N  Y  2  U   -2080.05962477335  3.3E-05  1.8E-06  7.3E-05
etot    6  N  N  2  U   -2080.05962564777  8.7E-07  0.0E+00  0.0E+00
scf (DFT) done.
der1a (1-e 1st deriv.) done.
rwr (1st deriv. Q) done.
der1b (2-e 1st deriv.) done.
  Geometry optimization step  15
  Total energy:     -2080.14064767620 hartrees
  energy change:          -1.9507E-04 .  (  5.0000E-05 )
  gradient maximum:        1.4063E-03 .  (  4.5000E-04 )
  gradient rms:            2.0974E-04 *  (  3.0000E-04 )
  displacement maximum:    3.3542E-02 .  (  1.8000E-03 )
  displacement rms:        5.4230E-03 .  (  1.2000E-03 )
  
  predicted energy change: -5.9720E-05
  step size:     0.09896
  trust radius:  0.30000
---------------- geometry iteration  15 complete ----------------
geopt (optimize geometry) done.
onee (1-electron integrals) done.
probe (project orbitals) done.
grid (grid generation) done.
rwr (Q operators) done.
  
       i  u  d  i  g
       t  p  i  c  r                                 RMS    maximum
       e  d  i  u  i                       energy  density   DIIS  
       r  t  s  t  d       total energy    change  change    error 
  
etot    1  N  N  2  U   -2080.05575993220           9.5E-05  4.7E-03
etot    2  Y  Y  6  M   -2080.05965322803  3.9E-03  1.8E-05  2.8E-04
etot    3  N  Y  2  U   -2080.05957888253 -7.4E-05  1.4E-05  5.0E-04
etot    4  N  Y  2  U   -2080.05965154710  7.3E-05  3.9E-06  1.6E-04
etot    5  N  N  2  U   -2080.05965880253  7.3E-06  0.0E+00  0.0E+00
scf (DFT) done.
der1a (1-e 1st deriv.) done.
rwr (1st deriv. Q) done.
der1b (2-e 1st deriv.) done.
  Geometry optimization step  16
  Total energy:     -2080.14063968736 hartrees
  energy change:           7.9888E-06 *  (  5.0000E-05 )
  gradient maximum:        1.1800E-03 .  (  4.5000E-04 )
  gradient rms:            2.0762E-04 *  (  3.0000E-04 )
  displacement maximum:    1.3086E-02 .  (  1.8000E-03 )
  displacement rms:        2.4253E-03 .  (  1.2000E-03 )
  
  predicted energy change: -3.1985E-05
  step size:     0.04426
  trust radius:  0.30000
---------------- geometry iteration  16 complete ----------------
geopt (optimize geometry) done.
onee (1-electron integrals) done.
probe (project orbitals) done.
grid (grid generation) done.
rwr (Q operators) done.
  
       i  u  d  i  g
       t  p  i  c  r                                 RMS    maximum
       e  d  i  u  i                       energy  density   DIIS  
       r  t  s  t  d       total energy    change  change    error 
  
etot    1  N  N  2  U   -2080.05848812613           5.0E-05  1.8E-03
etot    2  N  Y  2  U   -2080.05958738785  1.1E-03  1.4E-05  1.4E-04
etot    3  N  Y  2  U   -2080.05954249543 -4.5E-05  1.1E-05  3.7E-04
etot    4  N  Y  2  U   -2080.05959569572  5.3E-05  2.4E-06  1.5E-04
etot    5  N  N  2  U   -2080.05959734772  1.7E-06  0.0E+00  0.0E+00
scf (DFT) done.
der1a (1-e 1st deriv.) done.
rwr (1st deriv. Q) done.
der1b (2-e 1st deriv.) done.
  Geometry optimization step  17
  Total energy:     -2080.14063203881 hartrees
  energy change:           7.6485E-06 *  (  5.0000E-05 )
  gradient maximum:        7.7594E-04 .  (  4.5000E-04 )
  gradient rms:            1.2160E-04 *  (  3.0000E-04 )
  displacement maximum:    2.2910E-02 .  (  1.8000E-03 )
  displacement rms:        3.6676E-03 .  (  1.2000E-03 )
  
  predicted energy change: -2.6910E-05
  step size:     0.06693
  trust radius:  0.30000
---------------- geometry iteration  17 complete ----------------
geopt (optimize geometry) done.
onee (1-electron integrals) done.
probe (project orbitals) done.
grid (grid generation) done.
rwr (Q operators) done.
  
       i  u  d  i  g
       t  p  i  c  r                                 RMS    maximum
       e  d  i  u  i                       energy  density   DIIS  
       r  t  s  t  d       total energy    change  change    error 
  
etot    1  N  N  2  U   -2080.05774814708           6.4E-05  1.6E-03
etot    2  Y  Y  6  M   -2080.05967649092  1.9E-03  1.2E-05  1.6E-04
etot    3  N  Y  2  U   -2080.05963977029 -3.7E-05  9.6E-06  4.9E-04
etot    4  N  Y  2  U   -2080.05967504199  3.5E-05  2.6E-06  1.4E-04
etot    5  N  N  2  U   -2080.05967714354  2.1E-06  0.0E+00  0.0E+00
scf (DFT) done.
der1a (1-e 1st deriv.) done.
rwr (1st deriv. Q) done.
der1b (2-e 1st deriv.) done.
  Geometry optimization step  18
  Total energy:     -2080.14070438057 hartrees
  energy change:          -7.2342E-05 .  (  5.0000E-05 )
  gradient maximum:        7.9127E-04 .  (  4.5000E-04 )
  gradient rms:            1.4298E-04 *  (  3.0000E-04 )
  displacement maximum:    1.1190E-02 .  (  1.8000E-03 )
  displacement rms:        1.8279E-03 .  (  1.2000E-03 )
  
  predicted energy change: -1.6348E-05
  step size:     0.03336
  trust radius:  0.30000
---------------- geometry iteration  18 complete ----------------
geopt (optimize geometry) done.
onee (1-electron integrals) done.
probe (project orbitals) done.
grid (grid generation) done.
rwr (Q operators) done.
  
       i  u  d  i  g
       t  p  i  c  r                                 RMS    maximum
       e  d  i  u  i                       energy  density   DIIS  
       r  t  s  t  d       total energy    change  change    error 
  
etot    1  N  N  2  U   -2080.05926066249           3.4E-05  7.8E-04
etot    2  N  Y  2  U   -2080.05972047905  4.6E-04  8.7E-06  1.2E-04
etot    3  N  Y  2  U   -2080.05970110712 -1.9E-05  6.8E-06  4.4E-04
etot    4  N  Y  2  U   -2080.05972345177  2.2E-05  1.6E-06  1.1E-04
etot    5  N  N  2  U   -2080.05972434379  8.9E-07  0.0E+00  0.0E+00
scf (DFT) done.
der1a (1-e 1st deriv.) done.
rwr (1st deriv. Q) done.
der1b (2-e 1st deriv.) done.
  Geometry optimization step  19
  Total energy:     -2080.14071440436 hartrees
  energy change:          -1.0024E-05 *  (  5.0000E-05 )
  gradient maximum:        6.5261E-04 .  (  4.5000E-04 )
  gradient rms:            1.0750E-04 *  (  3.0000E-04 )
  displacement maximum:    1.5289E-02 .  (  1.8000E-03 )
  displacement rms:        2.1304E-03 .  (  1.2000E-03 )
  
  predicted energy change: -1.2754E-05
  step size:     0.03888
  trust radius:  0.30000
---------------- geometry iteration  19 complete ----------------
geopt (optimize geometry) done.
onee (1-electron integrals) done.
probe (project orbitals) done.
grid (grid generation) done.
rwr (Q operators) done.
  
       i  u  d  i  g
       t  p  i  c  r                                 RMS    maximum
       e  d  i  u  i                       energy  density   DIIS  
       r  t  s  t  d       total energy    change  change    error 
  
etot    1  N  N  2  U   -2080.05894611801           4.4E-05  2.5E-03
etot    2  N  Y  2  U   -2080.05975681486  8.1E-04  7.2E-06  1.4E-04
etot    3  N  Y  2  U   -2080.05974973339 -7.1E-06  5.4E-06  2.2E-04
etot    4  N  Y  2  U   -2080.05975962082  9.9E-06  1.9E-06  9.6E-05
etot    5  N  N  2  U   -2080.05976115103  1.5E-06  0.0E+00  0.0E+00
scf (DFT) done.
der1a (1-e 1st deriv.) done.
rwr (1st deriv. Q) done.
der1b (2-e 1st deriv.) done.
  Geometry optimization step  20
  Total energy:     -2080.14070633243 hartrees
  energy change:           8.0719E-06 *  (  5.0000E-05 )
  gradient maximum:        5.4490E-04 .  (  4.5000E-04 )
  gradient rms:            9.4760E-05 *  (  3.0000E-04 )
  displacement maximum:    7.1692E-03 .  (  1.8000E-03 )
  displacement rms:        1.2877E-03 .  (  1.2000E-03 )
  
  predicted energy change: -6.3119E-06
  step size:     0.02350
  trust radius:  0.30000
---------------- geometry iteration  20 complete ----------------
geopt (optimize geometry) done.
onee (1-electron integrals) done.
probe (project orbitals) done.
grid (grid generation) done.
rwr (Q operators) done.
  
       i  u  d  i  g
       t  p  i  c  r                                 RMS    maximum
       e  d  i  u  i                       energy  density   DIIS  
       r  t  s  t  d       total energy    change  change    error 
  
etot    1  N  N  2  U   -2080.05952816470           2.5E-05  1.1E-03
etot    2  N  Y  2  U   -2080.05977576377  2.5E-04  6.2E-06  6.4E-05
etot    3  N  Y  2  U   -2080.05976631972 -9.4E-06  4.8E-06  1.9E-04
etot    4  N  Y  2  U   -2080.05977742537  1.1E-05  1.1E-06  6.3E-05
etot    5  N  N  2  U   -2080.05977772663  3.0E-07  0.0E+00  0.0E+00
scf (DFT) done.
der1a (1-e 1st deriv.) done.
rwr (1st deriv. Q) done.
der1b (2-e 1st deriv.) done.
  Geometry optimization step  21
  Total energy:     -2080.14074426656 hartrees
  energy change:          -3.7934E-05 *  (  5.0000E-05 )
  gradient maximum:        2.9628E-04 *  (  4.5000E-04 )
  gradient rms:            4.2306E-05 #  (  3.0000E-04 )
  displacement maximum:    4.2870E-03 .  (  1.8000E-03 )
  displacement rms:        8.4829E-04 *  (  1.2000E-03 )
  
  predicted energy change: -2.1186E-06
  step size:     0.01548
  trust radius:  0.30000
------------- final geometry iteration  21 complete -------------
geopt (optimize geometry) done.
cutabab2 (abab integrals) done.
der2a (1-e JK-1st deriv.) done.
der2b (2-e JK-1st deriv.) done.
der2nda (1-e 2nd deriv.) done.
der2ndb (2-e 2nd deriv.) done.
rwr (Q operators) done.
cphfa (gradient of wave function) done.
freq (vib. frequencies) done.
Job J1_9880_2111 completed on hpc-92-19.cm.cluster at Wed May 29 19:53:10 2024
Timer (jaguar_backend.py) : 5455.96 secs (1 hrs, 30 mins, 55 secs)
Finished:   Wed May 29 19:53:10 2024
