Command:  /groups/wag/programs/Schrodinger_2020_3/jaguar run -WAIT -PARALLEL 8 /central/home/labounad/wittig-ch121/out/J1_10219_2111/J1_10219_2111.in
Release:  2020-3
Exec:     /groups/wag/programs/Schrodinger_2020_3/jaguar-v10.9/bin/Linux-x86_64
Host:     hpc-90-17.cm.cluster
JobId:    hpc-90-17-0-66578ee3
JobDir:   /central/scratch/labounad/J1_10219_2111#hpc-90-17-0-66578ee3
Date:     Wed May 29 13:24:06 2024

Contents of /central/scratch/labounad/J1_10219_2111#hpc-90-17-0-66578ee3:
/central/scratch/labounad/J1_10219_2111#hpc-90-17-0-66578ee3/J1_10219_2111.in
/central/scratch/labounad/J1_10219_2111#hpc-90-17-0-66578ee3/.write_dir.json
/central/scratch/labounad/J1_10219_2111#hpc-90-17-0-66578ee3/J1_10219_2111.log
/central/scratch/labounad/J1_10219_2111#hpc-90-17-0-66578ee3/hpc-90-17-0-66578ee3.recover
/central/scratch/labounad/J1_10219_2111#hpc-90-17-0-66578ee3/J1_10219_2111.recover
/central/scratch/labounad/J1_10219_2111#hpc-90-17-0-66578ee3/hpc-90-17-0-66578ee3.mpinodes
/central/scratch/labounad/J1_10219_2111#hpc-90-17-0-66578ee3/hpc-90-17-0-66578ee3.nodes
/central/scratch/labounad/J1_10219_2111#hpc-90-17-0-66578ee3/hpc-90-17-0-66578ee3

Executing subprocess:
/groups/wag/programs/Schrodinger_2020_3/jaguar-v10.9/bin/Linux-x86_64/jexec J1_10219_2111.in -T 8 -out /central/scratch/labounad/J1_10219_2111#hpc-90-17-0-66578ee3 -cwd

Job J1_10219_2111 started on hpc-90-17.cm.cluster at Wed May 29 13:24:06 2024
jobid: hpc-90-17-0-66578ee3 
Jaguar version 10.9, release 139
 Using up to   8 threads per process
Molecular Point Group: C1      
Point Group used: C1
pre (input checking) done.
onee (1-electron integrals) done.
hfig (HF initial guess) done.
probe (project orbitals) done.
grid (grid generation) done.
rwr (Q operators) done.
scf type: DFT=PBE(X+LC)+PW91 (PBE-D3)
  
       i  u  d  i  g
       t  p  i  c  r                                 RMS    maximum
       e  d  i  u  i                       energy  density   DIIS  
       r  t  s  t  d       total energy    change  change    error 
  
etot    1  N  N  5  M   -1532.48095594796           5.8E-03  9.7E-02
etot    2  Y  Y  6  M   -1529.31392247660 -3.2E+00  8.2E-03  1.4E-01
etot    3  Y  Y  6  M   -1525.38800331000 -3.9E+00  6.5E-03  1.9E-01
etot    4  N  Y  2  U   -1535.32900990197  9.9E+00  3.0E-03  8.5E-02
etot    5  Y  Y  6  M   -1535.67575634167  3.5E-01  1.9E-03  4.4E-02
etot    6  N  Y  2  U   -1535.96587626123  2.9E-01  9.2E-04  2.7E-02
etot    7  Y  Y  6  M   -1536.08321954316  1.2E-01  5.0E-04  1.5E-02
etot    8  N  Y  2  U   -1536.13383249096  5.1E-02  3.4E-04  7.2E-03
etot    9  Y  Y  6  M   -1536.13880191047  5.0E-03  2.5E-04  7.0E-03
etot   10  Y  Y  6  M   -1536.14963884392  1.1E-02  1.1E-04  3.0E-03
etot   11  N  Y  2  U   -1536.15096536447  1.3E-03  5.6E-05  1.4E-03
etot   12  Y  Y  6  M   -1536.15142436767  4.6E-04  1.9E-05  5.0E-04
etot   13  N  Y  2  U   -1536.15151649551  9.2E-05  8.3E-06  1.2E-04
etot   14  N  Y  2  U   -1536.15152393610  7.4E-06  3.3E-06  4.7E-05
etot   15  N  N  2  U   -1536.15152414048  2.0E-07  0.0E+00  0.0E+00
scf (DFT) done.
der1a (1-e 1st deriv.) done.
rwr (1st deriv. Q) done.
der1b (2-e 1st deriv.) done.
  Geometry optimization step   1
  Total energy:     -1536.19703424159 hartrees
  gradient maximum:        3.6307E-02 .  (  4.5000E-04 )
  gradient rms:            6.9436E-03 .  (  3.0000E-04 )
  displacement maximum:    1.1481E-01 .  (  1.8000E-03 )
  displacement rms:        2.0614E-02 .  (  1.2000E-03 )
  
  predicted energy change: -1.8986E-02
  step size:     0.30014
  trust radius:  0.30000
---------------- geometry iteration   1 complete ----------------
geopt (optimize geometry) done.
onee (1-electron integrals) done.
probe (project orbitals) done.
grid (grid generation) done.
rwr (Q operators) done.
  
       i  u  d  i  g
       t  p  i  c  r                                 RMS    maximum
       e  d  i  u  i                       energy  density   DIIS  
       r  t  s  t  d       total energy    change  change    error 
  
etot    1  N  N  2  U   -1536.16138143902           8.7E-04  1.5E-02
etot    2  Y  Y  6  M   -1536.16970406071  8.3E-03  1.1E-04  1.2E-03
etot    3  N  Y  2  U   -1536.16897877817 -7.3E-04  7.7E-05  1.8E-03
etot    4  Y  Y  6  M   -1536.17015023336  1.2E-03  2.1E-05  6.8E-04
etot    5  N  Y  2  U   -1536.17027211624  1.2E-04  7.2E-06  2.2E-04
etot    6  N  Y  2  U   -1536.17028149741  9.4E-06  2.6E-06  7.6E-05
etot    7  N  N  2  U   -1536.17028255324  1.1E-06  0.0E+00  0.0E+00
scf (DFT) done.
der1a (1-e 1st deriv.) done.
rwr (1st deriv. Q) done.
der1b (2-e 1st deriv.) done.
  Geometry optimization step   2
  Total energy:     -1536.21479683650 hartrees
  energy change:          -1.7763E-02 .  (  5.0000E-05 )
  gradient maximum:        1.2737E-02 .  (  4.5000E-04 )
  gradient rms:            1.9785E-03 .  (  3.0000E-04 )
  displacement maximum:    1.2243E-01 .  (  1.8000E-03 )
  displacement rms:        2.0625E-02 .  (  1.2000E-03 )
  
  predicted energy change: -3.5218E-03
  step size:     0.30030
  trust radius:  0.30000
---------------- geometry iteration   2 complete ----------------
geopt (optimize geometry) done.
onee (1-electron integrals) done.
probe (project orbitals) done.
grid (grid generation) done.
rwr (Q operators) done.
  
       i  u  d  i  g
       t  p  i  c  r                                 RMS    maximum
       e  d  i  u  i                       energy  density   DIIS  
       r  t  s  t  d       total energy    change  change    error 
  
etot    1  N  N  2  U   -1536.14062459668           4.8E-04  1.4E-02
etot    2  Y  Y  6  M   -1536.17413803405  3.4E-02  1.0E-04  1.0E-03
etot    3  N  Y  2  U   -1536.17282310588 -1.3E-03  8.1E-05  3.5E-03
etot    4  Y  Y  6  M   -1536.17416648816  1.3E-03  2.2E-05  1.0E-03
etot    5  N  Y  2  U   -1536.17425695368  9.0E-05  7.3E-06  2.2E-04
etot    6  N  Y  2  U   -1536.17426733419  1.0E-05  2.8E-06  8.4E-05
etot    7  N  N  2  U   -1536.17426852044  1.2E-06  0.0E+00  0.0E+00
scf (DFT) done.
der1a (1-e 1st deriv.) done.
rwr (1st deriv. Q) done.
der1b (2-e 1st deriv.) done.
  Geometry optimization step   3
  Total energy:     -1536.21857192940 hartrees
  energy change:          -3.7751E-03 .  (  5.0000E-05 )
  gradient maximum:        7.6875E-03 .  (  4.5000E-04 )
  gradient rms:            1.3320E-03 .  (  3.0000E-04 )
  displacement maximum:    1.1482E-01 .  (  1.8000E-03 )
  displacement rms:        2.0606E-02 .  (  1.2000E-03 )
  
  predicted energy change: -2.5009E-03
  step size:     0.30003
  trust radius:  0.30000
---------------- geometry iteration   3 complete ----------------
geopt (optimize geometry) done.
onee (1-electron integrals) done.
probe (project orbitals) done.
grid (grid generation) done.
rwr (Q operators) done.
  
       i  u  d  i  g
       t  p  i  c  r                                 RMS    maximum
       e  d  i  u  i                       energy  density   DIIS  
       r  t  s  t  d       total energy    change  change    error 
  
etot    1  N  N  2  U   -1536.14064049116           4.3E-04  1.2E-02
etot    2  Y  Y  6  M   -1536.17614088002  3.6E-02  7.4E-05  7.7E-04
etot    3  N  Y  2  U   -1536.17547821703 -6.6E-04  6.0E-05  2.0E-03
etot    4  Y  Y  6  M   -1536.17609966412  6.2E-04  1.8E-05  6.3E-04
etot    5  N  Y  2  U   -1536.17616719703  6.8E-05  5.9E-06  1.7E-04
etot    6  N  Y  2  U   -1536.17617340016  6.2E-06  2.5E-06  7.9E-05
etot    7  N  N  2  U   -1536.17617388293  4.8E-07  0.0E+00  0.0E+00
scf (DFT) done.
der1a (1-e 1st deriv.) done.
rwr (1st deriv. Q) done.
der1b (2-e 1st deriv.) done.
  Geometry optimization step   4
  Total energy:     -1536.22036604449 hartrees
  energy change:          -1.7941E-03 .  (  5.0000E-05 )
  gradient maximum:        7.9258E-03 .  (  4.5000E-04 )
  gradient rms:            1.5296E-03 .  (  3.0000E-04 )
  displacement maximum:    1.3292E-01 .  (  1.8000E-03 )
  displacement rms:        2.0624E-02 .  (  1.2000E-03 )
  
  predicted energy change: -1.7436E-03
  step size:     0.30029
  trust radius:  0.30000
---------------- geometry iteration   4 complete ----------------
geopt (optimize geometry) done.
onee (1-electron integrals) done.
probe (project orbitals) done.
grid (grid generation) done.
rwr (Q operators) done.
  
       i  u  d  i  g
       t  p  i  c  r                                 RMS    maximum
       e  d  i  u  i                       energy  density   DIIS  
       r  t  s  t  d       total energy    change  change    error 
  
etot    1  N  N  2  U   -1536.13910642955           4.6E-04  1.4E-02
etot    2  Y  Y  6  M   -1536.17819509858  3.9E-02  6.6E-05  7.1E-04
etot    3  N  Y  2  U   -1536.17779863231 -4.0E-04  5.0E-05  8.7E-04
etot    4  Y  Y  6  M   -1536.17807989216  2.8E-04  1.8E-05  6.7E-04
etot    5  N  Y  2  U   -1536.17816139618  8.2E-05  5.7E-06  2.4E-04
etot    6  N  Y  2  U   -1536.17816747442  6.1E-06  2.4E-06  6.8E-05
etot    7  N  N  2  U   -1536.17816788361  4.1E-07  0.0E+00  0.0E+00
scf (DFT) done.
der1a (1-e 1st deriv.) done.
rwr (1st deriv. Q) done.
der1b (2-e 1st deriv.) done.
  Geometry optimization step   5
  Total energy:     -1536.22217501199 hartrees
  energy change:          -1.8090E-03 .  (  5.0000E-05 )
  gradient maximum:        7.3285E-03 .  (  4.5000E-04 )
  gradient rms:            9.9678E-04 .  (  3.0000E-04 )
  displacement maximum:    1.4879E-01 .  (  1.8000E-03 )
  displacement rms:        2.0604E-02 .  (  1.2000E-03 )
  
  predicted energy change: -1.6129E-03
  step size:     0.30000
  trust radius:  0.30000
---------------- geometry iteration   5 complete ----------------
geopt (optimize geometry) done.
onee (1-electron integrals) done.
probe (project orbitals) done.
grid (grid generation) done.
rwr (Q operators) done.
  
       i  u  d  i  g
       t  p  i  c  r                                 RMS    maximum
       e  d  i  u  i                       energy  density   DIIS  
       r  t  s  t  d       total energy    change  change    error 
  
etot    1  N  N  2  U   -1536.15013005605           3.9E-04  1.3E-02
etot    2  Y  Y  6  M   -1536.17952352534  2.9E-02  5.1E-05  6.6E-04
etot    3  N  Y  2  U   -1536.17921710379 -3.1E-04  3.9E-05  9.8E-04
etot    4  N  Y  2  U   -1536.17942182316  2.0E-04  1.5E-05  5.2E-04
etot    5  N  Y  2  U   -1536.17946356829  4.2E-05  5.5E-06  2.4E-04
etot    6  N  Y  2  U   -1536.17946949129  5.9E-06  1.9E-06  6.1E-05
etot    7  N  N  2  U   -1536.17946982889  3.4E-07  0.0E+00  0.0E+00
scf (DFT) done.
der1a (1-e 1st deriv.) done.
rwr (1st deriv. Q) done.
der1b (2-e 1st deriv.) done.
  Geometry optimization step   6
  Total energy:     -1536.22357392084 hartrees
  energy change:          -1.3989E-03 .  (  5.0000E-05 )
  gradient maximum:        2.5035E-03 .  (  4.5000E-04 )
  gradient rms:            6.4496E-04 .  (  3.0000E-04 )
  displacement maximum:    1.3315E-01 .  (  1.8000E-03 )
  displacement rms:        2.0604E-02 .  (  1.2000E-03 )
  
  predicted energy change: -1.1575E-03
  step size:     0.30000
  trust radius:  0.30000
---------------- geometry iteration   6 complete ----------------
geopt (optimize geometry) done.
onee (1-electron integrals) done.
probe (project orbitals) done.
grid (grid generation) done.
rwr (Q operators) done.
  
       i  u  d  i  g
       t  p  i  c  r                                 RMS    maximum
       e  d  i  u  i                       energy  density   DIIS  
       r  t  s  t  d       total energy    change  change    error 
  
etot    1  N  N  2  U   -1536.15151621216           3.9E-04  1.1E-02
etot    2  Y  Y  6  M   -1536.18065710418  2.9E-02  4.7E-05  8.3E-04
etot    3  N  Y  2  U   -1536.18048188716 -1.8E-04  3.7E-05  7.4E-04
etot    4  N  Y  2  U   -1536.18061649573  1.3E-04  1.4E-05  3.8E-04
etot    5  N  Y  2  U   -1536.18065017800  3.4E-05  3.6E-06  7.2E-05
etot    6  N  N  2  U   -1536.18065159025  1.4E-06  0.0E+00  0.0E+00
scf (DFT) done.
der1a (1-e 1st deriv.) done.
rwr (1st deriv. Q) done.
der1b (2-e 1st deriv.) done.
  Geometry optimization step   7
  Total energy:     -1536.22487327358 hartrees
  energy change:          -1.2994E-03 .  (  5.0000E-05 )
  gradient maximum:        2.3443E-03 .  (  4.5000E-04 )
  gradient rms:            5.1215E-04 .  (  3.0000E-04 )
  displacement maximum:    1.3031E-01 .  (  1.8000E-03 )
  displacement rms:        2.0604E-02 .  (  1.2000E-03 )
  
  predicted energy change: -8.9949E-04
  step size:     0.30000
  trust radius:  0.30000
---------------- geometry iteration   7 complete ----------------
geopt (optimize geometry) done.
onee (1-electron integrals) done.
probe (project orbitals) done.
grid (grid generation) done.
rwr (Q operators) done.
  
       i  u  d  i  g
       t  p  i  c  r                                 RMS    maximum
       e  d  i  u  i                       energy  density   DIIS  
       r  t  s  t  d       total energy    change  change    error 
  
etot    1  N  N  2  U   -1536.15253354953           3.8E-04  1.1E-02
etot    2  Y  Y  6  M   -1536.18149367943  2.9E-02  6.0E-05  6.3E-04
etot    3  N  Y  2  U   -1536.18110298863 -3.9E-04  4.9E-05  1.8E-03
etot    4  N  Y  2  U   -1536.18147900504  3.8E-04  1.5E-05  6.9E-04
etot    5  N  Y  2  U   -1536.18152514840  4.6E-05  5.2E-06  1.6E-04
etot    6  N  Y  2  U   -1536.18153033249  5.2E-06  2.2E-06  3.7E-05
etot    7  N  N  2  U   -1536.18153058541  2.5E-07  0.0E+00  0.0E+00
scf (DFT) done.
der1a (1-e 1st deriv.) done.
rwr (1st deriv. Q) done.
der1b (2-e 1st deriv.) done.
  Geometry optimization step   8
  Total energy:     -1536.22592600176 hartrees
  energy change:          -1.0527E-03 .  (  5.0000E-05 )
  gradient maximum:        2.0339E-03 .  (  4.5000E-04 )
  gradient rms:            4.5830E-04 .  (  3.0000E-04 )
  displacement maximum:    1.2580E-01 .  (  1.8000E-03 )
  displacement rms:        2.0604E-02 .  (  1.2000E-03 )
  
  predicted energy change: -7.3728E-04
  step size:     0.30000
  trust radius:  0.30000
---------------- geometry iteration   8 complete ----------------
geopt (optimize geometry) done.
onee (1-electron integrals) done.
probe (project orbitals) done.
grid (grid generation) done.
rwr (Q operators) done.
  
       i  u  d  i  g
       t  p  i  c  r                                 RMS    maximum
       e  d  i  u  i                       energy  density   DIIS  
       r  t  s  t  d       total energy    change  change    error 
  
etot    1  N  N  2  U   -1536.15677335412           3.7E-04  1.2E-02
etot    2  Y  Y  6  M   -1536.18198729615  2.5E-02  6.3E-05  7.1E-04
etot    3  N  Y  2  U   -1536.18162104427 -3.7E-04  5.0E-05  1.8E-03
etot    4  Y  Y  6  M   -1536.18204541051  4.2E-04  1.4E-05  6.9E-04
etot    5  N  Y  2  U   -1536.18208743493  4.2E-05  5.0E-06  2.3E-04
etot    6  N  N  2  U   -1536.18209243762  5.0E-06  0.0E+00  0.0E+00
scf (DFT) done.
der1a (1-e 1st deriv.) done.
rwr (1st deriv. Q) done.
der1b (2-e 1st deriv.) done.
  Geometry optimization step   9
  Total energy:     -1536.22657240058 hartrees
  energy change:          -6.4640E-04 .  (  5.0000E-05 )
  gradient maximum:        3.1503E-03 .  (  4.5000E-04 )
  gradient rms:            5.8491E-04 .  (  3.0000E-04 )
  displacement maximum:    1.7674E-01 .  (  1.8000E-03 )
  displacement rms:        2.0621E-02 .  (  1.2000E-03 )
  
  predicted energy change: -6.6824E-04
  step size:     0.30024
  trust radius:  0.30000
---------------- geometry iteration   9 complete ----------------
geopt (optimize geometry) done.
onee (1-electron integrals) done.
probe (project orbitals) done.
grid (grid generation) done.
rwr (Q operators) done.
  
       i  u  d  i  g
       t  p  i  c  r                                 RMS    maximum
       e  d  i  u  i                       energy  density   DIIS  
       r  t  s  t  d       total energy    change  change    error 
  
etot    1  N  N  2  U   -1536.15786818430           3.8E-04  1.1E-02
etot    2  Y  Y  6  M   -1536.18256447736  2.5E-02  6.0E-05  6.7E-04
etot    3  N  Y  2  U   -1536.18222529296 -3.4E-04  4.8E-05  1.2E-03
etot    4  N  Y  2  U   -1536.18266257021  4.4E-04  1.1E-05  3.1E-04
etot    5  N  Y  2  U   -1536.18268374206  2.1E-05  3.6E-06  1.8E-04
etot    6  N  N  2  U   -1536.18268604575  2.3E-06  0.0E+00  0.0E+00
scf (DFT) done.
der1a (1-e 1st deriv.) done.
rwr (1st deriv. Q) done.
der1b (2-e 1st deriv.) done.
  Geometry optimization step  10
  Total energy:     -1536.22732306091 hartrees
  energy change:          -7.5066E-04 .  (  5.0000E-05 )
  gradient maximum:        4.5302E-03 .  (  4.5000E-04 )
  gradient rms:            6.6588E-04 .  (  3.0000E-04 )
  displacement maximum:    2.3307E-01 .  (  1.8000E-03 )
  displacement rms:        2.0613E-02 .  (  1.2000E-03 )
  
  predicted energy change: -9.4559E-04
  step size:     0.30013
  trust radius:  0.30000
---------------- geometry iteration  10 complete ----------------
geopt (optimize geometry) done.
onee (1-electron integrals) done.
probe (project orbitals) done.
grid (grid generation) done.
rwr (Q operators) done.
  
       i  u  d  i  g
       t  p  i  c  r                                 RMS    maximum
       e  d  i  u  i                       energy  density   DIIS  
       r  t  s  t  d       total energy    change  change    error 
  
etot    1  N  N  2  U   -1536.15979824245           3.3E-04  1.2E-02
etot    2  Y  Y  6  M   -1536.18299798007  2.3E-02  4.5E-05  4.7E-04
etot    3  N  Y  2  U   -1536.18282552859 -1.7E-04  3.6E-05  8.8E-04
etot    4  N  Y  2  U   -1536.18306212848  2.4E-04  1.0E-05  3.1E-04
etot    5  N  Y  2  U   -1536.18308159524  1.9E-05  3.2E-06  1.3E-04
etot    6  N  N  2  U   -1536.18308353792  1.9E-06  0.0E+00  0.0E+00
scf (DFT) done.
der1a (1-e 1st deriv.) done.
rwr (1st deriv. Q) done.
der1b (2-e 1st deriv.) done.
  Geometry optimization step  11
  Total energy:     -1536.22783336011 hartrees
  energy change:          -5.1030E-04 .  (  5.0000E-05 )
  gradient maximum:        4.3436E-03 .  (  4.5000E-04 )
  gradient rms:            8.8994E-04 .  (  3.0000E-04 )
  displacement maximum:    2.6211E-01 .  (  1.8000E-03 )
  displacement rms:        2.0608E-02 .  (  1.2000E-03 )
  
  predicted energy change: -1.1804E-03
  step size:     0.30005
  trust radius:  0.30000
---------------- geometry iteration  11 complete ----------------
geopt (optimize geometry) done.
onee (1-electron integrals) done.
probe (project orbitals) done.
grid (grid generation) done.
rwr (Q operators) done.
  
       i  u  d  i  g
       t  p  i  c  r                                 RMS    maximum
       e  d  i  u  i                       energy  density   DIIS  
       r  t  s  t  d       total energy    change  change    error 
  
etot    1  N  N  2  U   -1536.16197303118           3.1E-04  1.3E-02
etot    2  Y  Y  6  M   -1536.18376799445  2.2E-02  4.6E-05  5.5E-04
etot    3  N  Y  2  U   -1536.18358543446 -1.8E-04  3.6E-05  1.2E-03
etot    4  N  Y  2  U   -1536.18382281093  2.4E-04  9.2E-06  3.5E-04
etot    5  N  Y  2  U   -1536.18383753073  1.5E-05  3.5E-06  9.8E-05
etot    6  N  N  2  U   -1536.18383936376  1.8E-06  0.0E+00  0.0E+00
scf (DFT) done.
der1a (1-e 1st deriv.) done.
rwr (1st deriv. Q) done.
der1b (2-e 1st deriv.) done.
  Geometry optimization step  12
  Total energy:     -1536.22866142494 hartrees
  energy change:          -8.2806E-04 .  (  5.0000E-05 )
  gradient maximum:        4.4545E-03 .  (  4.5000E-04 )
  gradient rms:            9.6983E-04 .  (  3.0000E-04 )
  displacement maximum:    1.4660E-01 .  (  1.8000E-03 )
  displacement rms:        1.5641E-02 .  (  1.2000E-03 )
  
  predicted energy change: -4.1699E-04
  step size:     0.22774
  trust radius:  0.30000
---------------- geometry iteration  12 complete ----------------
geopt (optimize geometry) done.
onee (1-electron integrals) done.
probe (project orbitals) done.
grid (grid generation) done.
rwr (Q operators) done.
  
       i  u  d  i  g
       t  p  i  c  r                                 RMS    maximum
       e  d  i  u  i                       energy  density   DIIS  
       r  t  s  t  d       total energy    change  change    error 
  
etot    1  N  N  2  U   -1536.16915738068           2.8E-04  7.1E-03
etot    2  Y  Y  6  M   -1536.18436024164  1.5E-02  4.5E-05  5.1E-04
etot    3  N  Y  2  U   -1536.18421562521 -1.4E-04  3.7E-05  9.0E-04
etot    4  N  Y  2  U   -1536.18437782276  1.6E-04  1.1E-05  3.3E-04
etot    5  N  Y  2  U   -1536.18440087300  2.3E-05  2.9E-06  1.1E-04
etot    6  N  N  2  U   -1536.18440237785  1.5E-06  0.0E+00  0.0E+00
scf (DFT) done.
der1a (1-e 1st deriv.) done.
rwr (1st deriv. Q) done.
der1b (2-e 1st deriv.) done.
  Geometry optimization step  13
  Total energy:     -1536.22920839273 hartrees
  energy change:          -5.4697E-04 .  (  5.0000E-05 )
  gradient maximum:        3.4941E-03 .  (  4.5000E-04 )
  gradient rms:            6.8077E-04 .  (  3.0000E-04 )
  displacement maximum:    9.3685E-02 .  (  1.8000E-03 )
  displacement rms:        1.7695E-02 .  (  1.2000E-03 )
  
  predicted energy change: -5.7121E-04
  step size:     0.25764
  trust radius:  0.30000
---------------- geometry iteration  13 complete ----------------
geopt (optimize geometry) done.
onee (1-electron integrals) done.
probe (project orbitals) done.
grid (grid generation) done.
rwr (Q operators) done.
  
       i  u  d  i  g
       t  p  i  c  r                                 RMS    maximum
       e  d  i  u  i                       energy  density   DIIS  
       r  t  s  t  d       total energy    change  change    error 
  
etot    1  N  N  2  U   -1536.16007931293           3.7E-04  9.6E-03
etot    2  Y  Y  6  M   -1536.18479803705  2.5E-02  8.2E-05  7.2E-04
etot    3  N  Y  2  U   -1536.18404173569 -7.6E-04  6.5E-05  1.7E-03
etot    4  Y  Y  6  M   -1536.18485506678  8.1E-04  1.3E-05  4.4E-04
etot    5  N  Y  2  U   -1536.18487103742  1.6E-05  5.2E-06  2.6E-04
etot    6  N  Y  2  U   -1536.18487691299  5.9E-06  2.0E-06  5.1E-05
etot    7  N  N  2  U   -1536.18487712135  2.1E-07  0.0E+00  0.0E+00
scf (DFT) done.
der1a (1-e 1st deriv.) done.
rwr (1st deriv. Q) done.
der1b (2-e 1st deriv.) done.
  Geometry optimization step  14
  Total energy:     -1536.22969616426 hartrees
  energy change:          -4.8777E-04 .  (  5.0000E-05 )
  gradient maximum:        2.8638E-03 .  (  4.5000E-04 )
  gradient rms:            5.9677E-04 .  (  3.0000E-04 )
  displacement maximum:    1.5964E-01 .  (  1.8000E-03 )
  displacement rms:        2.0604E-02 .  (  1.2000E-03 )
  
  predicted energy change: -3.9442E-04
  step size:     0.29999
  trust radius:  0.30000
---------------- geometry iteration  14 complete ----------------
geopt (optimize geometry) done.
onee (1-electron integrals) done.
probe (project orbitals) done.
grid (grid generation) done.
rwr (Q operators) done.
  
       i  u  d  i  g
       t  p  i  c  r                                 RMS    maximum
       e  d  i  u  i                       energy  density   DIIS  
       r  t  s  t  d       total energy    change  change    error 
  
etot    1  N  N  2  U   -1536.15048780723           4.3E-04  1.7E-02
etot    2  Y  Y  6  M   -1536.18485671723  3.4E-02  4.7E-05  1.2E-03
etot    3  N  Y  2  U   -1536.18476107965 -9.6E-05  3.7E-05  7.0E-04
etot    4  N  Y  2  U   -1536.18484473898  8.4E-05  1.7E-05  7.1E-04
etot    5  N  Y  2  U   -1536.18491611061  7.1E-05  4.2E-06  1.8E-04
etot    6  N  N  2  U   -1536.18491953627  3.4E-06  0.0E+00  0.0E+00
scf (DFT) done.
der1a (1-e 1st deriv.) done.
rwr (1st deriv. Q) done.
der1b (2-e 1st deriv.) done.
  Geometry optimization step  15
  Total energy:     -1536.22992635404 hartrees
  energy change:          -2.3019E-04 .  (  5.0000E-05 )
  gradient maximum:        4.8580E-03 .  (  4.5000E-04 )
  gradient rms:            8.0391E-04 .  (  3.0000E-04 )
  displacement maximum:    9.3995E-02 .  (  1.8000E-03 )
  displacement rms:        1.3249E-02 .  (  1.2000E-03 )
  
  predicted energy change: -3.5574E-04
  step size:     0.19290
  trust radius:  0.30000
---------------- geometry iteration  15 complete ----------------
geopt (optimize geometry) done.
onee (1-electron integrals) done.
probe (project orbitals) done.
grid (grid generation) done.
rwr (Q operators) done.
  
       i  u  d  i  g
       t  p  i  c  r                                 RMS    maximum
       e  d  i  u  i                       energy  density   DIIS  
       r  t  s  t  d       total energy    change  change    error 
  
etot    1  N  N  2  U   -1536.17260190265           2.5E-04  9.2E-03
etot    2  Y  Y  6  M   -1536.18532841736  1.3E-02  3.4E-05  5.2E-04
etot    3  N  Y  2  U   -1536.18522983207 -9.9E-05  2.5E-05  6.4E-04
etot    4  N  Y  2  U   -1536.18530607492  7.6E-05  8.7E-06  2.8E-04
etot    5  N  Y  2  U   -1536.18532459931  1.9E-05  2.7E-06  8.4E-05
etot    6  N  N  2  U   -1536.18532584734  1.2E-06  0.0E+00  0.0E+00
scf (DFT) done.
der1a (1-e 1st deriv.) done.
rwr (1st deriv. Q) done.
der1b (2-e 1st deriv.) done.
  Geometry optimization step  16
  Total energy:     -1536.23019620573 hartrees
  energy change:          -2.6985E-04 .  (  5.0000E-05 )
  gradient maximum:        3.9989E-03 .  (  4.5000E-04 )
  gradient rms:            5.6786E-04 .  (  3.0000E-04 )
  displacement maximum:    4.4354E-02 .  (  1.8000E-03 )
  displacement rms:        8.4238E-03 .  (  1.2000E-03 )
  
  predicted energy change: -1.9493E-04
  step size:     0.12265
  trust radius:  0.30000
---------------- geometry iteration  16 complete ----------------
geopt (optimize geometry) done.
onee (1-electron integrals) done.
probe (project orbitals) done.
grid (grid generation) done.
rwr (Q operators) done.
  
       i  u  d  i  g
       t  p  i  c  r                                 RMS    maximum
       e  d  i  u  i                       energy  density   DIIS  
       r  t  s  t  d       total energy    change  change    error 
  
etot    1  N  N  2  U   -1536.17740011254           2.0E-04  5.3E-03
etot    2  Y  Y  6  M   -1536.18533888865  7.9E-03  4.1E-05  3.7E-04
etot    3  N  Y  2  U   -1536.18513161013 -2.1E-04  3.2E-05  1.2E-03
etot    4  N  Y  2  U   -1536.18532551992  1.9E-04  8.9E-06  4.1E-04
etot    5  N  Y  2  U   -1536.18533900428  1.3E-05  3.2E-06  1.2E-04
etot    6  N  N  2  U   -1536.18534116447  2.2E-06  0.0E+00  0.0E+00
scf (DFT) done.
der1a (1-e 1st deriv.) done.
rwr (1st deriv. Q) done.
der1b (2-e 1st deriv.) done.
  Geometry optimization step  17
  Total energy:     -1536.23021466982 hartrees
  energy change:          -1.8464E-05 *  (  5.0000E-05 )
  gradient maximum:        1.6211E-03 .  (  4.5000E-04 )
  gradient rms:            3.3296E-04 .  (  3.0000E-04 )
  displacement maximum:    7.1030E-02 .  (  1.8000E-03 )
  displacement rms:        1.0679E-02 .  (  1.2000E-03 )
  
  predicted energy change: -1.3897E-04
  step size:     0.15548
  trust radius:  0.30000
---------------- geometry iteration  17 complete ----------------
geopt (optimize geometry) done.
onee (1-electron integrals) done.
probe (project orbitals) done.
grid (grid generation) done.
rwr (Q operators) done.
  
       i  u  d  i  g
       t  p  i  c  r                                 RMS    maximum
       e  d  i  u  i                       energy  density   DIIS  
       r  t  s  t  d       total energy    change  change    error 
  
etot    1  N  N  2  U   -1536.16841245500           2.9E-04  1.3E-02
etot    2  Y  Y  6  M   -1536.18507740328  1.7E-02  5.3E-05  7.9E-04
etot    3  N  Y  2  U   -1536.18474867789 -3.3E-04  4.2E-05  1.1E-03
etot    4  N  Y  2  U   -1536.18506253602  3.1E-04  1.2E-05  2.8E-04
etot    5  N  Y  2  U   -1536.18508567609  2.3E-05  4.3E-06  1.6E-04
etot    6  N  N  2  U   -1536.18508954646  3.9E-06  0.0E+00  0.0E+00
scf (DFT) done.
der1a (1-e 1st deriv.) done.
rwr (1st deriv. Q) done.
der1b (2-e 1st deriv.) done.
  Geometry optimization step  18
  Total energy:     -1536.23011138912 hartrees
  energy change:           1.0328E-04 .  (  5.0000E-05 )
  gradient maximum:        1.2900E-03 .  (  4.5000E-04 )
  gradient rms:            3.5143E-04 .  (  3.0000E-04 )
  displacement maximum:    2.1627E-02 .  (  1.8000E-03 )
  displacement rms:        3.6279E-03 .  (  1.2000E-03 )
  
  predicted energy change: -5.9039E-05
  step size:     0.05282
  trust radius:  0.30000
---------------- geometry iteration  18 complete ----------------
geopt (optimize geometry) done.
onee (1-electron integrals) done.
probe (project orbitals) done.
grid (grid generation) done.
rwr (Q operators) done.
  
       i  u  d  i  g
       t  p  i  c  r                                 RMS    maximum
       e  d  i  u  i                       energy  density   DIIS  
       r  t  s  t  d       total energy    change  change    error 
  
etot    1  N  N  2  U   -1536.18450345060           6.4E-05  1.7E-03
etot    2  Y  Y  6  M   -1536.18524478562  7.4E-04  1.3E-05  1.4E-04
etot    3  N  Y  2  U   -1536.18522157968 -2.3E-05  1.1E-05  4.6E-04
etot    4  N  Y  2  U   -1536.18524403692  2.2E-05  2.8E-06  1.4E-04
etot    5  N  N  2  U   -1536.18524549395  1.5E-06  0.0E+00  0.0E+00
scf (DFT) done.
der1a (1-e 1st deriv.) done.
rwr (1st deriv. Q) done.
der1b (2-e 1st deriv.) done.
  Geometry optimization step  19
  Total energy:     -1536.23028394683 hartrees
  energy change:          -1.7256E-04 .  (  5.0000E-05 )
  gradient maximum:        9.8665E-04 .  (  4.5000E-04 )
  gradient rms:            1.9504E-04 *  (  3.0000E-04 )
  displacement maximum:    1.2094E-02 .  (  1.8000E-03 )
  displacement rms:        2.6301E-03 .  (  1.2000E-03 )
  
  predicted energy change: -2.9066E-05
  step size:     0.03829
  trust radius:  0.30000
---------------- geometry iteration  19 complete ----------------
geopt (optimize geometry) done.
onee (1-electron integrals) done.
probe (project orbitals) done.
grid (grid generation) done.
rwr (Q operators) done.
  
       i  u  d  i  g
       t  p  i  c  r                                 RMS    maximum
       e  d  i  u  i                       energy  density   DIIS  
       r  t  s  t  d       total energy    change  change    error 
  
etot    1  N  N  2  U   -1536.18461366365           6.2E-05  1.7E-03
etot    2  Y  Y  6  M   -1536.18533129819  7.2E-04  1.2E-05  1.1E-04
etot    3  N  Y  2  U   -1536.18530863044 -2.3E-05  9.9E-06  2.9E-04
etot    4  N  Y  2  U   -1536.18532632339  1.8E-05  2.6E-06  9.3E-05
etot    5  N  N  2  U   -1536.18532716380  8.4E-07  0.0E+00  0.0E+00
scf (DFT) done.
der1a (1-e 1st deriv.) done.
rwr (1st deriv. Q) done.
der1b (2-e 1st deriv.) done.
  Geometry optimization step  20
  Total energy:     -1536.23036680965 hartrees
  energy change:          -8.2863E-05 .  (  5.0000E-05 )
  gradient maximum:        1.0520E-03 .  (  4.5000E-04 )
  gradient rms:            1.6849E-04 *  (  3.0000E-04 )
  displacement maximum:    1.7026E-02 .  (  1.8000E-03 )
  displacement rms:        2.9237E-03 .  (  1.2000E-03 )
  
  predicted energy change: -1.7960E-05
  step size:     0.04257
  trust radius:  0.30000
---------------- geometry iteration  20 complete ----------------
geopt (optimize geometry) done.
onee (1-electron integrals) done.
probe (project orbitals) done.
grid (grid generation) done.
rwr (Q operators) done.
  
       i  u  d  i  g
       t  p  i  c  r                                 RMS    maximum
       e  d  i  u  i                       energy  density   DIIS  
       r  t  s  t  d       total energy    change  change    error 
  
etot    1  N  N  2  U   -1536.18449705076           7.0E-05  1.6E-03
etot    2  Y  Y  6  M   -1536.18538141782  8.8E-04  1.5E-05  1.5E-04
etot    3  N  Y  2  U   -1536.18533103967 -5.0E-05  1.2E-05  3.4E-04
etot    4  N  Y  2  U   -1536.18536079657  3.0E-05  2.7E-06  6.4E-05
etot    5  N  N  2  U   -1536.18536192363  1.1E-06  0.0E+00  0.0E+00
scf (DFT) done.
der1a (1-e 1st deriv.) done.
rwr (1st deriv. Q) done.
der1b (2-e 1st deriv.) done.
  Geometry optimization step  21
  Total energy:     -1536.23040456142 hartrees
  energy change:          -3.7752E-05 *  (  5.0000E-05 )
  gradient maximum:        4.6744E-04 .  (  4.5000E-04 )
  gradient rms:            9.3286E-05 *  (  3.0000E-04 )
  displacement maximum:    1.6509E-02 .  (  1.8000E-03 )
  displacement rms:        2.4478E-03 .  (  1.2000E-03 )
  
  predicted energy change: -8.7472E-06
  step size:     0.03564
  trust radius:  0.30000
---------------- geometry iteration  21 complete ----------------
geopt (optimize geometry) done.
onee (1-electron integrals) done.
probe (project orbitals) done.
grid (grid generation) done.
rwr (Q operators) done.
  
       i  u  d  i  g
       t  p  i  c  r                                 RMS    maximum
       e  d  i  u  i                       energy  density   DIIS  
       r  t  s  t  d       total energy    change  change    error 
  
etot    1  N  N  2  U   -1536.18473794352           8.3E-04  1.6E-02
etot    2  Y  Y  6  M   -1536.18575016376  1.0E-03  1.6E-05  2.1E-04
etot    3  N  Y  2  U   -1536.18573371935 -1.6E-05  1.2E-05  2.9E-04
etot    4  N  Y  2  U   -1536.18576183751  2.8E-05  2.9E-06  1.3E-04
etot    5  N  N  2  U   -1536.18576287142  1.0E-06  0.0E+00  0.0E+00
scf (DFT) done.
der1a (1-e 1st deriv.) done.
rwr (1st deriv. Q) done.
der1b (2-e 1st deriv.) done.
  Geometry optimization step  22
  Total energy:     -1536.23080839365 hartrees
  energy change:          -4.0383E-04 .  (  5.0000E-05 )
  gradient maximum:        2.0740E-04 *  (  4.5000E-04 )
  gradient rms:            6.6322E-05 *  (  3.0000E-04 )
  displacement maximum:    4.7614E-03 .  (  1.8000E-03 )
  displacement rms:        9.0705E-04 *  (  1.2000E-03 )
  
  predicted energy change: -2.9495E-06
  step size:     0.01321
  trust radius:  0.30000
---------------- geometry iteration  22 complete ----------------
geopt (optimize geometry) done.
onee (1-electron integrals) done.
probe (project orbitals) done.
grid (grid generation) done.
rwr (Q operators) done.
  
       i  u  d  i  g
       t  p  i  c  r                                 RMS    maximum
       e  d  i  u  i                       energy  density   DIIS  
       r  t  s  t  d       total energy    change  change    error 
  
etot    1  N  N  2  U   -1536.18570284025           1.7E-05  3.2E-04
etot    2  N  Y  2  U   -1536.18574627261  4.3E-05  5.6E-06  7.0E-05
etot    3  N  Y  2  U   -1536.18574128037 -5.0E-06  4.4E-06  2.1E-04
etot    4  N  N  2  U   -1536.18574694281  5.7E-06  0.0E+00  0.0E+00
scf (DFT) done.
der1a (1-e 1st deriv.) done.
rwr (1st deriv. Q) done.
der1b (2-e 1st deriv.) done.
  Geometry optimization step  23
  Total energy:     -1536.23080017664 hartrees
  energy change:           8.2170E-06 *  (  5.0000E-05 )
  gradient maximum:        1.0711E-04 *  (  4.5000E-04 )
  gradient rms:            3.3508E-05 #  (  3.0000E-04 )
  displacement maximum:    4.6600E-03 .  (  1.8000E-03 )
  displacement rms:        8.2235E-04 *  (  1.2000E-03 )
  
  predicted energy change: -1.0527E-06
  step size:     0.01197
  trust radius:  0.30000
------------- final geometry iteration  23 complete -------------
geopt (optimize geometry) done.
cutabab2 (abab integrals) done.
der2a (1-e JK-1st deriv.) done.
der2b (2-e JK-1st deriv.) done.
der2nda (1-e 2nd deriv.) done.
der2ndb (2-e 2nd deriv.) done.
rwr (Q operators) done.
cphfa (gradient of wave function) done.
freq (vib. frequencies) done.
Job J1_10219_2111 completed on hpc-90-17.cm.cluster at Wed May 29 14:12:47 2024
Timer (jaguar_backend.py) : 2921.16 secs (0 hrs, 48 mins, 41 secs)
Finished:   Wed May 29 14:12:47 2024
