Command:  /groups/wag/programs/Schrodinger_2020_3/jaguar run -WAIT -PARALLEL 8 /central/home/labounad/wittig-ch121/out/J1_3276_2111/J1_3276_2111.in
Release:  2020-3
Exec:     /groups/wag/programs/Schrodinger_2020_3/jaguar-v10.9/bin/Linux-x86_64
Host:     hpc-89-15.cm.cluster
JobId:    hpc-89-15-0-6656e75c
JobDir:   /central/scratch/labounad/J1_3276_2111#hpc-89-15-0-6656e75c
Date:     Wed May 29 01:29:19 2024

Contents of /central/scratch/labounad/J1_3276_2111#hpc-89-15-0-6656e75c:
/central/scratch/labounad/J1_3276_2111#hpc-89-15-0-6656e75c/.write_dir.json
/central/scratch/labounad/J1_3276_2111#hpc-89-15-0-6656e75c/hpc-89-15-0-6656e75c.mpinodes
/central/scratch/labounad/J1_3276_2111#hpc-89-15-0-6656e75c/J1_3276_2111.recover
/central/scratch/labounad/J1_3276_2111#hpc-89-15-0-6656e75c/hpc-89-15-0-6656e75c
/central/scratch/labounad/J1_3276_2111#hpc-89-15-0-6656e75c/hpc-89-15-0-6656e75c.nodes
/central/scratch/labounad/J1_3276_2111#hpc-89-15-0-6656e75c/hpc-89-15-0-6656e75c.recover
/central/scratch/labounad/J1_3276_2111#hpc-89-15-0-6656e75c/J1_3276_2111.in
/central/scratch/labounad/J1_3276_2111#hpc-89-15-0-6656e75c/J1_3276_2111.log

Executing subprocess:
/groups/wag/programs/Schrodinger_2020_3/jaguar-v10.9/bin/Linux-x86_64/jexec J1_3276_2111.in -T 8 -out /central/scratch/labounad/J1_3276_2111#hpc-89-15-0-6656e75c -cwd

Job J1_3276_2111 started on hpc-89-15.cm.cluster at Wed May 29 01:29:19 2024
jobid: hpc-89-15-0-6656e75c 
Jaguar version 10.9, release 139
 Using up to   8 threads per process
Molecular Point Group: C1      
Point Group used: C1
pre (input checking) done.
onee (1-electron integrals) done.
hfig (HF initial guess) done.
probe (project orbitals) done.
grid (grid generation) done.
rwr (Q operators) done.
scf type: DFT=PBE(X+LC)+PW91 (PBE-D3)
  
       i  u  d  i  g
       t  p  i  c  r                                 RMS    maximum
       e  d  i  u  i                       energy  density   DIIS  
       r  t  s  t  d       total energy    change  change    error 
  
etot    1  N  N  5  M   -1261.84505539074           5.5E-03  8.9E-02
etot    2  Y  Y  6  M   -1261.66174322519 -1.8E-01  9.5E-03  1.6E-01
etot    3  N  Y  2  U   -1257.94829760177 -3.7E+00  9.1E-03  2.0E-01
etot    4  N  Y  2  U   -1264.99606725059  7.0E+00  2.3E-03  9.0E-02
etot    5  Y  Y  6  M   -1265.41972365982  4.2E-01  1.1E-03  4.9E-02
etot    6  N  Y  2  U   -1265.58461433870  1.6E-01  4.5E-04  2.0E-02
etot    7  Y  Y  6  M   -1265.62333744030  3.9E-02  2.4E-04  3.6E-03
etot    8  N  Y  2  U   -1265.62534662753  2.0E-03  1.4E-04  4.0E-03
etot    9  Y  Y  6  M   -1265.62766773161  2.3E-03  6.1E-05  2.2E-03
etot   10  Y  Y  6  M   -1265.62845438729  7.9E-04  2.6E-05  9.6E-04
etot   11  N  Y  2  U   -1265.62832951409 -1.2E-04  1.1E-05  5.2E-04
etot   12  N  Y  2  U   -1265.62835058667  2.1E-05  4.8E-06  1.1E-04
etot   13  N  N  2  U   -1265.62835287024  2.3E-06  0.0E+00  0.0E+00
scf (DFT) done.
der1a (1-e 1st deriv.) done.
rwr (1st deriv. Q) done.
der1b (2-e 1st deriv.) done.
  Geometry optimization step   1
  Total energy:     -1265.66367481317 hartrees
  gradient maximum:        2.0346E-02 .  (  4.5000E-04 )
  gradient rms:            6.2846E-03 .  (  3.0000E-04 )
  displacement maximum:    7.2987E-02 .  (  1.8000E-03 )
  displacement rms:        1.7908E-02 .  (  1.2000E-03 )
  
  predicted energy change: -1.0153E-02
  step size:     0.23280
  trust radius:  0.30000
---------------- geometry iteration   1 complete ----------------
geopt (optimize geometry) done.
onee (1-electron integrals) done.
probe (project orbitals) done.
grid (grid generation) done.
rwr (Q operators) done.
  
       i  u  d  i  g
       t  p  i  c  r                                 RMS    maximum
       e  d  i  u  i                       energy  density   DIIS  
       r  t  s  t  d       total energy    change  change    error 
  
etot    1  N  N  2  U   -1265.58619021815           5.7E-04  1.1E-02
etot    2  Y  Y  6  M   -1265.63320334772  4.7E-02  1.2E-04  1.9E-03
etot    3  N  Y  2  U   -1265.63125855647 -1.9E-03  9.5E-05  5.7E-03
etot    4  Y  Y  6  M   -1265.63366823130  2.4E-03  2.7E-05  1.1E-03
etot    5  N  Y  2  U   -1265.63383407050  1.7E-04  8.3E-06  2.1E-04
etot    6  N  Y  2  U   -1265.63384906066  1.5E-05  2.9E-06  7.0E-05
etot    7  N  N  2  U   -1265.63384949345  4.3E-07  0.0E+00  0.0E+00
scf (DFT) done.
der1a (1-e 1st deriv.) done.
rwr (1st deriv. Q) done.
der1b (2-e 1st deriv.) done.
  Geometry optimization step   2
  Total energy:     -1265.67033645460 hartrees
  energy change:          -6.6616E-03 .  (  5.0000E-05 )
  gradient maximum:        5.0990E-02 .  (  4.5000E-04 )
  gradient rms:            8.6246E-03 .  (  3.0000E-04 )
  displacement maximum:    6.9448E-02 .  (  1.8000E-03 )
  displacement rms:        1.6809E-02 .  (  1.2000E-03 )
  
  predicted energy change: -1.1221E-02
  step size:     0.21852
  trust radius:  0.30000
---------------- geometry iteration   2 complete ----------------
geopt (optimize geometry) done.
onee (1-electron integrals) done.
probe (project orbitals) done.
grid (grid generation) done.
rwr (Q operators) done.
  
       i  u  d  i  g
       t  p  i  c  r                                 RMS    maximum
       e  d  i  u  i                       energy  density   DIIS  
       r  t  s  t  d       total energy    change  change    error 
  
etot    1  N  N  2  U   -1265.59226424340           5.5E-04  1.1E-02
etot    2  Y  Y  6  M   -1265.63859961198  4.6E-02  1.3E-04  1.4E-03
etot    3  N  Y  2  U   -1265.63668645724 -1.9E-03  9.9E-05  4.4E-03
etot    4  Y  Y  6  M   -1265.63898592158  2.3E-03  2.8E-05  1.4E-03
etot    5  N  Y  2  U   -1265.63912977551  1.4E-04  9.6E-06  4.2E-04
etot    6  N  Y  2  U   -1265.63915094915  2.1E-05  3.0E-06  7.9E-05
etot    7  N  N  2  U   -1265.63915153640  5.9E-07  0.0E+00  0.0E+00
scf (DFT) done.
der1a (1-e 1st deriv.) done.
rwr (1st deriv. Q) done.
der1b (2-e 1st deriv.) done.
  Geometry optimization step   3
  Total energy:     -1265.67403258276 hartrees
  energy change:          -3.6961E-03 .  (  5.0000E-05 )
  gradient maximum:        1.2217E-02 .  (  4.5000E-04 )
  gradient rms:            2.9307E-03 .  (  3.0000E-04 )
  displacement maximum:    1.8248E-01 .  (  1.8000E-03 )
  displacement rms:        2.3089E-02 .  (  1.2000E-03 )
  
  predicted energy change: -2.8692E-03
  step size:     0.30015
  trust radius:  0.30000
---------------- geometry iteration   3 complete ----------------
geopt (optimize geometry) done.
onee (1-electron integrals) done.
probe (project orbitals) done.
grid (grid generation) done.
rwr (Q operators) done.
  
       i  u  d  i  g
       t  p  i  c  r                                 RMS    maximum
       e  d  i  u  i                       energy  density   DIIS  
       r  t  s  t  d       total energy    change  change    error 
  
etot    1  N  N  2  U   -1265.60544781975           4.9E-04  1.5E-02
etot    2  Y  Y  6  M   -1265.64161599198  3.6E-02  9.3E-05  8.9E-04
etot    3  N  Y  2  U   -1265.64111617016 -5.0E-04  6.4E-05  1.5E-03
etot    4  Y  Y  6  M   -1265.64184595196  7.3E-04  1.5E-05  3.3E-04
etot    5  N  Y  2  U   -1265.64181895813 -2.7E-05  6.3E-06  2.1E-04
etot    6  N  Y  2  U   -1265.64182604294  7.1E-06  2.1E-06  9.0E-05
etot    7  N  N  2  U   -1265.64182666309  6.2E-07  0.0E+00  0.0E+00
scf (DFT) done.
der1a (1-e 1st deriv.) done.
rwr (1st deriv. Q) done.
der1b (2-e 1st deriv.) done.
  Geometry optimization step   4
  Total energy:     -1265.67718135274 hartrees
  energy change:          -3.1488E-03 .  (  5.0000E-05 )
  gradient maximum:        1.3316E-02 .  (  4.5000E-04 )
  gradient rms:            1.9427E-03 .  (  3.0000E-04 )
  displacement maximum:    1.8197E-01 .  (  1.8000E-03 )
  displacement rms:        2.3088E-02 .  (  1.2000E-03 )
  
  predicted energy change: -2.2467E-03
  step size:     0.30014
  trust radius:  0.30000
---------------- geometry iteration   4 complete ----------------
geopt (optimize geometry) done.
onee (1-electron integrals) done.
probe (project orbitals) done.
grid (grid generation) done.
rwr (Q operators) done.
  
       i  u  d  i  g
       t  p  i  c  r                                 RMS    maximum
       e  d  i  u  i                       energy  density   DIIS  
       r  t  s  t  d       total energy    change  change    error 
  
etot    1  N  N  2  U   -1265.59268256568           5.8E-04  1.5E-02
etot    2  Y  Y  6  M   -1265.64257223479  5.0E-02  9.2E-05  1.2E-03
etot    3  N  Y  2  U   -1265.64227485374 -3.0E-04  6.1E-05  1.5E-03
etot    4  Y  Y  6  M   -1265.64281804984  5.4E-04  2.0E-05  5.3E-04
etot    5  N  Y  2  U   -1265.64285273109  3.5E-05  7.0E-06  2.4E-04
etot    6  N  Y  2  U   -1265.64286074724  8.0E-06  2.6E-06  6.5E-05
etot    7  N  N  2  U   -1265.64286137678  6.3E-07  0.0E+00  0.0E+00
scf (DFT) done.
der1a (1-e 1st deriv.) done.
rwr (1st deriv. Q) done.
der1b (2-e 1st deriv.) done.
  Geometry optimization step   5
  Total energy:     -1265.67890235333 hartrees
  energy change:          -1.7210E-03 .  (  5.0000E-05 )
  gradient maximum:        6.4391E-03 .  (  4.5000E-04 )
  gradient rms:            1.1820E-03 .  (  3.0000E-04 )
  displacement maximum:    1.2968E-01 .  (  1.8000E-03 )
  displacement rms:        2.3086E-02 .  (  1.2000E-03 )
  
  predicted energy change: -1.6239E-03
  step size:     0.30012
  trust radius:  0.30000
---------------- geometry iteration   5 complete ----------------
geopt (optimize geometry) done.
onee (1-electron integrals) done.
probe (project orbitals) done.
grid (grid generation) done.
rwr (Q operators) done.
  
       i  u  d  i  g
       t  p  i  c  r                                 RMS    maximum
       e  d  i  u  i                       energy  density   DIIS  
       r  t  s  t  d       total energy    change  change    error 
  
etot    1  N  N  2  U   -1265.55747379694           7.3E-04  2.0E-02
etot    2  Y  Y  6  M   -1265.64314684063  8.6E-02  1.2E-04  1.6E-03
etot    3  N  Y  2  U   -1265.64248680098 -6.6E-04  8.1E-05  2.5E-03
etot    4  Y  Y  6  M   -1265.64363627491  1.1E-03  2.0E-05  4.1E-04
etot    5  N  Y  2  U   -1265.64367360139  3.7E-05  7.0E-06  2.3E-04
etot    6  N  Y  2  U   -1265.64368375701  1.0E-05  3.5E-06  7.1E-05
etot    7  N  N  2  U   -1265.64368440233  6.5E-07  0.0E+00  0.0E+00
scf (DFT) done.
der1a (1-e 1st deriv.) done.
rwr (1st deriv. Q) done.
der1b (2-e 1st deriv.) done.
  Geometry optimization step   6
  Total energy:     -1265.67999326134 hartrees
  energy change:          -1.0909E-03 .  (  5.0000E-05 )
  gradient maximum:        5.9965E-03 .  (  4.5000E-04 )
  gradient rms:            1.3384E-03 .  (  3.0000E-04 )
  displacement maximum:    1.5874E-01 .  (  1.8000E-03 )
  displacement rms:        2.3102E-02 .  (  1.2000E-03 )
  
  predicted energy change: -1.5058E-03
  step size:     0.30032
  trust radius:  0.30000
---------------- geometry iteration   6 complete ----------------
geopt (optimize geometry) done.
onee (1-electron integrals) done.
probe (project orbitals) done.
grid (grid generation) done.
rwr (Q operators) done.
  
       i  u  d  i  g
       t  p  i  c  r                                 RMS    maximum
       e  d  i  u  i                       energy  density   DIIS  
       r  t  s  t  d       total energy    change  change    error 
  
etot    1  N  N  2  U   -1265.58025785314           6.4E-04  2.1E-02
etot    2  Y  Y  6  M   -1265.64380574286  6.4E-02  1.2E-04  1.5E-03
etot    3  N  Y  2  U   -1265.64253522591 -1.3E-03  9.1E-05  3.6E-03
etot    4  Y  Y  6  M   -1265.64418244920  1.6E-03  2.6E-05  1.0E-03
etot    5  N  Y  2  U   -1265.64429544368  1.1E-04  9.2E-06  2.6E-04
etot    6  N  Y  2  U   -1265.64431165919  1.6E-05  3.0E-06  4.8E-05
etot    7  N  N  2  U   -1265.64431214905  4.9E-07  0.0E+00  0.0E+00
scf (DFT) done.
der1a (1-e 1st deriv.) done.
rwr (1st deriv. Q) done.
der1b (2-e 1st deriv.) done.
  Geometry optimization step   7
  Total energy:     -1265.68107253347 hartrees
  energy change:          -1.0793E-03 .  (  5.0000E-05 )
  gradient maximum:        7.8404E-03 .  (  4.5000E-04 )
  gradient rms:            1.5820E-03 .  (  3.0000E-04 )
  displacement maximum:    1.2500E-01 .  (  1.8000E-03 )
  displacement rms:        2.3097E-02 .  (  1.2000E-03 )
  
  predicted energy change: -1.4437E-03
  step size:     0.30026
  trust radius:  0.30000
---------------- geometry iteration   7 complete ----------------
geopt (optimize geometry) done.
onee (1-electron integrals) done.
probe (project orbitals) done.
grid (grid generation) done.
rwr (Q operators) done.
  
       i  u  d  i  g
       t  p  i  c  r                                 RMS    maximum
       e  d  i  u  i                       energy  density   DIIS  
       r  t  s  t  d       total energy    change  change    error 
  
etot    1  N  N  2  U   -1265.59078958756           5.7E-04  1.5E-02
etot    2  Y  Y  6  M   -1265.64478705342  5.4E-02  8.5E-05  1.2E-03
etot    3  N  Y  2  U   -1265.64443557048 -3.5E-04  6.2E-05  1.3E-03
etot    4  Y  Y  6  M   -1265.64492553295  4.9E-04  1.9E-05  4.8E-04
etot    5  N  Y  2  U   -1265.64500393553  7.8E-05  6.7E-06  3.0E-04
etot    6  N  Y  2  U   -1265.64501440510  1.0E-05  2.5E-06  6.4E-05
etot    7  N  N  2  U   -1265.64501473940  3.3E-07  0.0E+00  0.0E+00
scf (DFT) done.
der1a (1-e 1st deriv.) done.
rwr (1st deriv. Q) done.
der1b (2-e 1st deriv.) done.
  Geometry optimization step   8
  Total energy:     -1265.68241680974 hartrees
  energy change:          -1.3443E-03 .  (  5.0000E-05 )
  gradient maximum:        5.5377E-03 .  (  4.5000E-04 )
  gradient rms:            1.1987E-03 .  (  3.0000E-04 )
  displacement maximum:    1.4237E-01 .  (  1.8000E-03 )
  displacement rms:        2.3074E-02 .  (  1.2000E-03 )
  
  predicted energy change: -1.3967E-03
  step size:     0.29996
  trust radius:  0.30000
---------------- geometry iteration   8 complete ----------------
geopt (optimize geometry) done.
onee (1-electron integrals) done.
probe (project orbitals) done.
grid (grid generation) done.
rwr (Q operators) done.
  
       i  u  d  i  g
       t  p  i  c  r                                 RMS    maximum
       e  d  i  u  i                       energy  density   DIIS  
       r  t  s  t  d       total energy    change  change    error 
  
etot    1  N  N  2  U   -1265.59977397651           5.2E-04  1.4E-02
etot    2  Y  Y  6  M   -1265.64526962897  4.5E-02  7.3E-05  1.1E-03
etot    3  N  Y  2  U   -1265.64472980196 -5.4E-04  5.7E-05  2.6E-03
etot    4  Y  Y  6  M   -1265.64534812523  6.2E-04  1.9E-05  8.6E-04
etot    5  N  Y  2  U   -1265.64542415659  7.6E-05  5.8E-06  1.6E-04
etot    6  N  Y  2  U   -1265.64542990720  5.8E-06  2.4E-06  5.6E-05
etot    7  N  N  2  U   -1265.64543024495  3.4E-07  0.0E+00  0.0E+00
scf (DFT) done.
der1a (1-e 1st deriv.) done.
rwr (1st deriv. Q) done.
der1b (2-e 1st deriv.) done.
  Geometry optimization step   9
  Total energy:     -1265.68350126674 hartrees
  energy change:          -1.0845E-03 .  (  5.0000E-05 )
  gradient maximum:        4.6737E-03 .  (  4.5000E-04 )
  gradient rms:            1.0354E-03 .  (  3.0000E-04 )
  displacement maximum:    1.4173E-01 .  (  1.8000E-03 )
  displacement rms:        2.3069E-02 .  (  1.2000E-03 )
  
  predicted energy change: -1.0770E-03
  step size:     0.29990
  trust radius:  0.30000
---------------- geometry iteration   9 complete ----------------
geopt (optimize geometry) done.
onee (1-electron integrals) done.
probe (project orbitals) done.
grid (grid generation) done.
rwr (Q operators) done.
  
       i  u  d  i  g
       t  p  i  c  r                                 RMS    maximum
       e  d  i  u  i                       energy  density   DIIS  
       r  t  s  t  d       total energy    change  change    error 
  
etot    1  N  N  2  U   -1265.58672232465           5.8E-04  2.0E-02
etot    2  Y  Y  6  M   -1265.64489606458  5.8E-02  8.6E-05  1.4E-03
etot    3  N  Y  2  U   -1265.64446797704 -4.3E-04  6.1E-05  1.3E-03
etot    4  Y  Y  6  M   -1265.64495451700  4.9E-04  1.7E-05  4.2E-04
etot    5  N  Y  2  U   -1265.64499269202  3.8E-05  5.0E-06  1.2E-04
etot    6  N  N  2  U   -1265.64499571102  3.0E-06  0.0E+00  0.0E+00
scf (DFT) done.
der1a (1-e 1st deriv.) done.
rwr (1st deriv. Q) done.
der1b (2-e 1st deriv.) done.
  Geometry optimization step  10
  Total energy:     -1265.68391037481 hartrees
  energy change:          -4.0911E-04 .  (  5.0000E-05 )
  gradient maximum:        4.6197E-03 .  (  4.5000E-04 )
  gradient rms:            1.0606E-03 .  (  3.0000E-04 )
  displacement maximum:    8.3633E-02 .  (  1.8000E-03 )
  displacement rms:        2.0544E-02 .  (  1.2000E-03 )
  
  predicted energy change: -6.6183E-04
  step size:     0.26707
  trust radius:  0.30000
---------------- geometry iteration  10 complete ----------------
geopt (optimize geometry) done.
onee (1-electron integrals) done.
probe (project orbitals) done.
grid (grid generation) done.
rwr (Q operators) done.
  
       i  u  d  i  g
       t  p  i  c  r                                 RMS    maximum
       e  d  i  u  i                       energy  density   DIIS  
       r  t  s  t  d       total energy    change  change    error 
  
etot    1  N  N  2  U   -1265.60873350311           4.6E-04  1.4E-02
etot    2  Y  Y  6  M   -1265.64522457924  3.6E-02  7.0E-05  9.5E-04
etot    3  N  Y  2  U   -1265.64485728500 -3.7E-04  4.9E-05  1.7E-03
etot    4  N  Y  2  U   -1265.64526191224  4.0E-04  1.5E-05  7.5E-04
etot    5  N  Y  2  U   -1265.64530184633  4.0E-05  6.1E-06  2.7E-04
etot    6  N  Y  2  U   -1265.64530915143  7.3E-06  2.2E-06  4.2E-05
etot    7  N  N  2  U   -1265.64530945971  3.1E-07  0.0E+00  0.0E+00
scf (DFT) done.
der1a (1-e 1st deriv.) done.
rwr (1st deriv. Q) done.
der1b (2-e 1st deriv.) done.
  Geometry optimization step  11
  Total energy:     -1265.68418634849 hartrees
  energy change:          -2.7597E-04 .  (  5.0000E-05 )
  gradient maximum:        6.2679E-03 .  (  4.5000E-04 )
  gradient rms:            1.2515E-03 .  (  3.0000E-04 )
  displacement maximum:    7.6023E-02 .  (  1.8000E-03 )
  displacement rms:        1.5285E-02 .  (  1.2000E-03 )
  
  predicted energy change: -5.8277E-04
  step size:     0.19871
  trust radius:  0.30000
---------------- geometry iteration  11 complete ----------------
geopt (optimize geometry) done.
onee (1-electron integrals) done.
probe (project orbitals) done.
grid (grid generation) done.
rwr (Q operators) done.
  
       i  u  d  i  g
       t  p  i  c  r                                 RMS    maximum
       e  d  i  u  i                       energy  density   DIIS  
       r  t  s  t  d       total energy    change  change    error 
  
etot    1  N  N  2  U   -1265.58769055153           5.8E-04  2.2E-02
etot    2  Y  Y  6  M   -1265.64581901880  5.8E-02  7.3E-05  1.6E-03
etot    3  N  Y  2  U   -1265.64556314232 -2.6E-04  5.0E-05  1.3E-03
etot    4  Y  Y  6  M   -1265.64592637803  3.6E-04  1.8E-05  6.9E-04
etot    5  N  Y  2  U   -1265.64599951057  7.3E-05  6.4E-06  2.7E-04
etot    6  N  Y  2  U   -1265.64600866092  9.2E-06  3.0E-06  4.9E-05
etot    7  N  N  2  U   -1265.64600880436  1.4E-07  0.0E+00  0.0E+00
scf (DFT) done.
der1a (1-e 1st deriv.) done.
rwr (1st deriv. Q) done.
der1b (2-e 1st deriv.) done.
  Geometry optimization step  12
  Total energy:     -1265.68483056925 hartrees
  energy change:          -6.4422E-04 .  (  5.0000E-05 )
  gradient maximum:        4.4769E-03 .  (  4.5000E-04 )
  gradient rms:            8.8049E-04 .  (  3.0000E-04 )
  displacement maximum:    8.9595E-02 .  (  1.8000E-03 )
  displacement rms:        1.8982E-02 .  (  1.2000E-03 )
  
  predicted energy change: -4.2592E-04
  step size:     0.24677
  trust radius:  0.30000
---------------- geometry iteration  12 complete ----------------
geopt (optimize geometry) done.
onee (1-electron integrals) done.
probe (project orbitals) done.
grid (grid generation) done.
rwr (Q operators) done.
  
       i  u  d  i  g
       t  p  i  c  r                                 RMS    maximum
       e  d  i  u  i                       energy  density   DIIS  
       r  t  s  t  d       total energy    change  change    error 
  
etot    1  N  N  2  U   -1265.57805621927           6.2E-04  1.9E-02
etot    2  Y  Y  6  M   -1265.64394596677  6.6E-02  9.5E-05  1.6E-03
etot    3  N  Y  2  U   -1265.64341086749 -5.4E-04  6.9E-05  1.7E-03
etot    4  Y  Y  6  M   -1265.64410231482  6.9E-04  2.3E-05  8.0E-04
etot    5  N  Y  2  U   -1265.64418528976  8.3E-05  7.5E-06  2.9E-04
etot    6  N  Y  2  U   -1265.64419858668  1.3E-05  2.9E-06  3.9E-05
etot    7  N  N  2  U   -1265.64419896416  3.8E-07  0.0E+00  0.0E+00
scf (DFT) done.
der1a (1-e 1st deriv.) done.
rwr (1st deriv. Q) done.
der1b (2-e 1st deriv.) done.
  Geometry optimization step  13
  Total energy:     -1265.68447557920 hartrees
  ** restarting optimization from step   12 **
  energy change:           3.5499E-04 .  (  5.0000E-05 )
  gradient maximum:        4.4769E-03 .  (  4.5000E-04 )
  gradient rms:            8.8049E-04 .  (  3.0000E-04 )
  displacement maximum:    1.1523E-01 .  (  1.8000E-03 )
  displacement rms:        2.3092E-02 .  (  1.2000E-03 )
  
  predicted energy change: -5.8471E-04
  step size:     0.30019
  trust radius:  0.30000
---------------- geometry iteration  13 complete ----------------
geopt (optimize geometry) done.
onee (1-electron integrals) done.
probe (project orbitals) done.
grid (grid generation) done.
rwr (Q operators) done.
  
       i  u  d  i  g
       t  p  i  c  r                                 RMS    maximum
       e  d  i  u  i                       energy  density   DIIS  
       r  t  s  t  d       total energy    change  change    error 
  
etot    1  N  N  2  U   -1265.62703696805           3.4E-04  1.1E-02
etot    2  Y  Y  6  M   -1265.64561054151  1.9E-02  4.8E-05  7.5E-04
etot    3  N  Y  2  U   -1265.64546320080 -1.5E-04  3.3E-05  5.3E-04
etot    4  N  Y  2  U   -1265.64560575573  1.4E-04  1.1E-05  2.6E-04
etot    5  N  Y  2  U   -1265.64562499617  1.9E-05  3.6E-06  1.4E-04
etot    6  N  N  2  U   -1265.64562796260  3.0E-06  0.0E+00  0.0E+00
scf (DFT) done.
der1a (1-e 1st deriv.) done.
rwr (1st deriv. Q) done.
der1b (2-e 1st deriv.) done.
  Geometry optimization step  14
  Total energy:     -1265.68504261348 hartrees
  energy change:          -2.1204E-04 .  (  5.0000E-05 )
  gradient maximum:        6.2529E-03 .  (  4.5000E-04 )
  gradient rms:            1.1410E-03 .  (  3.0000E-04 )
  displacement maximum:    1.0255E-01 .  (  1.8000E-03 )
  displacement rms:        2.2579E-02 .  (  1.2000E-03 )
  
  predicted energy change: -9.2159E-04
  step size:     0.29352
  trust radius:  0.30000
---------------- geometry iteration  14 complete ----------------
geopt (optimize geometry) done.
onee (1-electron integrals) done.
probe (project orbitals) done.
grid (grid generation) done.
rwr (Q operators) done.
  
       i  u  d  i  g
       t  p  i  c  r                                 RMS    maximum
       e  d  i  u  i                       energy  density   DIIS  
       r  t  s  t  d       total energy    change  change    error 
  
etot    1  N  N  2  U   -1265.60861781093           5.2E-04  7.7E-03
etot    2  Y  Y  6  M   -1265.64401661658  3.5E-02  1.3E-04  1.3E-03
etot    3  N  Y  2  U   -1265.64204908594 -2.0E-03  9.8E-05  3.6E-03
etot    4  Y  Y  6  M   -1265.64447313234  2.4E-03  2.3E-05  7.8E-04
etot    5  N  Y  2  U   -1265.64450155503  2.8E-05  8.5E-06  2.9E-04
etot    6  N  Y  2  U   -1265.64451840567  1.7E-05  2.6E-06  4.3E-05
etot    7  N  N  2  U   -1265.64451872426  3.2E-07  0.0E+00  0.0E+00
scf (DFT) done.
der1a (1-e 1st deriv.) done.
rwr (1st deriv. Q) done.
der1b (2-e 1st deriv.) done.
  Geometry optimization step  15
  Total energy:     -1265.68390906672 hartrees
  ** restarting optimization from step   14 **
  energy change:           1.1335E-03 .  (  5.0000E-05 )
  gradient maximum:        6.2529E-03 .  (  4.5000E-04 )
  gradient rms:            1.1410E-03 .  (  3.0000E-04 )
  displacement maximum:    5.6539E-02 .  (  1.8000E-03 )
  displacement rms:        1.1557E-02 .  (  1.2000E-03 )
  
  predicted energy change: -5.1215E-04
  step size:     0.15024
  trust radius:  0.15000
---------------- geometry iteration  15 complete ----------------
geopt (optimize geometry) done.
onee (1-electron integrals) done.
probe (project orbitals) done.
grid (grid generation) done.
rwr (Q operators) done.
  
       i  u  d  i  g
       t  p  i  c  r                                 RMS    maximum
       e  d  i  u  i                       energy  density   DIIS  
       r  t  s  t  d       total energy    change  change    error 
  
etot    1  N  N  2  U   -1265.61889762511           4.4E-04  9.9E-03
etot    2  Y  Y  6  M   -1265.64580981957  2.7E-02  1.3E-04  2.2E-03
etot    3  N  Y  2  U   -1265.64329719749 -2.5E-03  9.4E-05  6.4E-03
etot    4  Y  Y  6  M   -1265.64615070457  2.9E-03  1.7E-05  4.5E-04
etot    5  N  Y  2  U   -1265.64618701124  3.6E-05  6.0E-06  1.4E-04
etot    6  N  Y  2  U   -1265.64619278857  5.8E-06  2.3E-06  4.0E-05
etot    7  N  N  2  U   -1265.64619310839  3.2E-07  0.0E+00  0.0E+00
scf (DFT) done.
der1a (1-e 1st deriv.) done.
rwr (1st deriv. Q) done.
der1b (2-e 1st deriv.) done.
  Geometry optimization step  16
  Total energy:     -1265.68558709033 hartrees
  energy change:          -5.4448E-04 .  (  5.0000E-05 )
  gradient maximum:        2.3513E-03 .  (  4.5000E-04 )
  gradient rms:            6.6192E-04 .  (  3.0000E-04 )
  displacement maximum:    1.2775E-01 .  (  1.8000E-03 )
  displacement rms:        2.3059E-02 .  (  1.2000E-03 )
  
  predicted energy change: -4.1381E-04
  step size:     0.29977
  trust radius:  0.30000
---------------- geometry iteration  16 complete ----------------
geopt (optimize geometry) done.
onee (1-electron integrals) done.
probe (project orbitals) done.
grid (grid generation) done.
rwr (Q operators) done.
  
       i  u  d  i  g
       t  p  i  c  r                                 RMS    maximum
       e  d  i  u  i                       energy  density   DIIS  
       r  t  s  t  d       total energy    change  change    error 
  
etot    1  N  N  2  U   -1265.55036014189           7.5E-04  2.9E-02
etot    2  Y  Y  6  M   -1265.64473840726  9.4E-02  1.1E-04  2.0E-03
etot    3  N  Y  2  U   -1265.64431497268 -4.2E-04  7.3E-05  1.4E-03
etot    4  Y  Y  6  M   -1265.64498450366  6.7E-04  2.3E-05  5.8E-04
etot    5  N  Y  2  U   -1265.64508633214  1.0E-04  7.3E-06  1.9E-04
etot    6  N  Y  2  U   -1265.64509485638  8.5E-06  3.3E-06  7.7E-05
etot    7  N  N  2  U   -1265.64509564390  7.9E-07  0.0E+00  0.0E+00
scf (DFT) done.
der1a (1-e 1st deriv.) done.
rwr (1st deriv. Q) done.
der1b (2-e 1st deriv.) done.
  Geometry optimization step  17
  Total energy:     -1265.68546263766 hartrees
  ** restarting optimization from step   16 **
  energy change:           1.2445E-04 .  (  5.0000E-05 )
  gradient maximum:        2.3513E-03 .  (  4.5000E-04 )
  gradient rms:            6.5893E-04 .  (  3.0000E-04 )
  displacement maximum:    8.1928E-02 .  (  1.8000E-03 )
  displacement rms:        1.3659E-02 .  (  1.2000E-03 )
  
  predicted energy change: -2.2870E-04
  step size:     0.17757
  trust radius:  0.30000
---------------- geometry iteration  17 complete ----------------
geopt (optimize geometry) done.
onee (1-electron integrals) done.
probe (project orbitals) done.
grid (grid generation) done.
rwr (Q operators) done.
  
       i  u  d  i  g
       t  p  i  c  r                                 RMS    maximum
       e  d  i  u  i                       energy  density   DIIS  
       r  t  s  t  d       total energy    change  change    error 
  
etot    1  N  N  2  U   -1265.60583129195           4.9E-04  1.5E-02
etot    2  Y  Y  6  M   -1265.64553610627  4.0E-02  8.6E-05  1.3E-03
etot    3  N  Y  2  U   -1265.64500508170 -5.3E-04  5.9E-05  1.8E-03
etot    4  Y  Y  6  M   -1265.64556437065  5.6E-04  1.3E-05  3.6E-04
etot    5  N  Y  2  U   -1265.64557215138  7.8E-06  4.9E-06  1.6E-04
etot    6  N  N  2  U   -1265.64557570080  3.5E-06  0.0E+00  0.0E+00
scf (DFT) done.
der1a (1-e 1st deriv.) done.
rwr (1st deriv. Q) done.
der1b (2-e 1st deriv.) done.
  Geometry optimization step  18
  Total energy:     -1265.68568088697 hartrees
  ** restarting optimization from step   16 **
  energy change:          -9.3797E-05 .  (  5.0000E-05 )
  gradient maximum:        2.3513E-03 .  (  4.5000E-04 )
  gradient rms:            6.5893E-04 .  (  3.0000E-04 )
  displacement maximum:    7.1358E-02 .  (  1.8000E-03 )
  displacement rms:        1.1547E-02 .  (  1.2000E-03 )
  
  predicted energy change: -2.5228E-04
  step size:     0.15011
  trust radius:  0.15000
---------------- geometry iteration  18 complete ----------------
geopt (optimize geometry) done.
onee (1-electron integrals) done.
probe (project orbitals) done.
grid (grid generation) done.
rwr (Q operators) done.
  
       i  u  d  i  g
       t  p  i  c  r                                 RMS    maximum
       e  d  i  u  i                       energy  density   DIIS  
       r  t  s  t  d       total energy    change  change    error 
  
etot    1  N  N  2  U   -1265.64373212335           8.6E-05  1.8E-03
etot    2  Y  Y  6  M   -1265.64493879738  1.2E-03  2.0E-05  2.0E-04
etot    3  N  Y  2  U   -1265.64489145768 -4.7E-05  1.5E-05  6.7E-04
etot    4  N  Y  2  U   -1265.64494318118  5.2E-05  3.2E-06  1.5E-04
etot    5  N  N  2  U   -1265.64494496034  1.8E-06  0.0E+00  0.0E+00
scf (DFT) done.
der1a (1-e 1st deriv.) done.
rwr (1st deriv. Q) done.
der1b (2-e 1st deriv.) done.
  Geometry optimization step  19
  Total energy:     -1265.68539210616 hartrees
  Geometry optimization step  19
  Total energy:     -1265.68539210616 hartrees
  energy change:           2.8878E-04 .  (  5.0000E-05 )
  gradient maximum:        1.3592E-03 .  (  4.5000E-04 )
  gradient rms:            3.4404E-04 .  (  3.0000E-04 )
  displacement maximum:    9.2337E-02 .  (  1.8000E-03 )
  displacement rms:        2.3825E-02 .  (  1.2000E-03 )
  
  predicted energy change: -4.1523E-04
  step size:     0.30042
  trust radius:  0.30000
---------------- geometry iteration  19 complete ----------------
geopt (optimize geometry) done.
onee (1-electron integrals) done.
probe (project orbitals) done.
grid (grid generation) done.
rwr (Q operators) done.
  
       i  u  d  i  g
       t  p  i  c  r                                 RMS    maximum
       e  d  i  u  i                       energy  density   DIIS  
       r  t  s  t  d       total energy    change  change    error 
  
etot    1  N  N  2  U   -1265.64482103097           6.9E-05  2.0E-03
etot    2  Y  Y  6  M   -1265.64546675966  6.5E-04  1.4E-05  1.7E-04
etot    3  N  Y  2  U   -1265.64545926993 -7.5E-06  9.8E-06  2.2E-04
etot    4  N  Y  2  U   -1265.64547929246  2.0E-05  2.8E-06  7.7E-05
etot    5  N  N  2  U   -1265.64548022748  9.4E-07  0.0E+00  0.0E+00
scf (DFT) done.
der1a (1-e 1st deriv.) done.
rwr (1st deriv. Q) done.
der1b (2-e 1st deriv.) done.
  Geometry optimization step  20
  Total energy:     -1265.68568145918 hartrees
  energy change:          -2.8935E-04 .  (  5.0000E-05 )
  gradient maximum:        6.2555E-04 .  (  4.5000E-04 )
  gradient rms:            1.4203E-04 *  (  3.0000E-04 )
  displacement maximum:    1.1079E-01 .  (  1.8000E-03 )
  displacement rms:        2.3794E-02 .  (  1.2000E-03 )
  
  predicted energy change: -1.3971E-04
  step size:     0.30003
  trust radius:  0.30000
---------------- geometry iteration  20 complete ----------------
geopt (optimize geometry) done.
onee (1-electron integrals) done.
probe (project orbitals) done.
grid (grid generation) done.
rwr (Q operators) done.
  
       i  u  d  i  g
       t  p  i  c  r                                 RMS    maximum
       e  d  i  u  i                       energy  density   DIIS  
       r  t  s  t  d       total energy    change  change    error 
  
etot    1  N  N  2  U   -1265.64481578948           7.3E-05  2.9E-03
etot    2  Y  Y  6  M   -1265.64571670088  9.0E-04  1.4E-05  2.3E-04
etot    3  N  Y  2  U   -1265.64569741992 -1.9E-05  1.1E-05  4.3E-04
etot    4  N  Y  2  U   -1265.64572154739  2.4E-05  3.1E-06  1.4E-04
etot    5  N  N  2  U   -1265.64572321624  1.7E-06  0.0E+00  0.0E+00
scf (DFT) done.
der1a (1-e 1st deriv.) done.
rwr (1st deriv. Q) done.
der1b (2-e 1st deriv.) done.
  Geometry optimization step  21
  Total energy:     -1265.68580413999 hartrees
  energy change:          -1.2268E-04 .  (  5.0000E-05 )
  gradient maximum:        8.1203E-04 .  (  4.5000E-04 )
  gradient rms:            1.8009E-04 *  (  3.0000E-04 )
  displacement maximum:    8.4096E-02 .  (  1.8000E-03 )
  displacement rms:        2.3793E-02 .  (  1.2000E-03 )
  
  predicted energy change: -8.9234E-05
  step size:     0.30001
  trust radius:  0.30000
---------------- geometry iteration  21 complete ----------------
geopt (optimize geometry) done.
onee (1-electron integrals) done.
probe (project orbitals) done.
grid (grid generation) done.
rwr (Q operators) done.
  
       i  u  d  i  g
       t  p  i  c  r                                 RMS    maximum
       e  d  i  u  i                       energy  density   DIIS  
       r  t  s  t  d       total energy    change  change    error 
  
etot    1  N  N  2  U   -1265.64443982929           1.1E-04  3.0E-03
etot    2  Y  Y  6  M   -1265.64579758791  1.4E-03  2.0E-05  2.0E-04
etot    3  N  Y  2  U   -1265.64581620941  1.9E-05  1.4E-05  3.5E-04
etot    4  N  Y  2  U   -1265.64584460282  2.8E-05  4.5E-06  1.6E-04
etot    5  N  N  2  U   -1265.64584859476  4.0E-06  0.0E+00  0.0E+00
scf (DFT) done.
der1a (1-e 1st deriv.) done.
rwr (1st deriv. Q) done.
der1b (2-e 1st deriv.) done.
  Geometry optimization step  22
  Total energy:     -1265.68585789214 hartrees
  energy change:          -5.3752E-05 .  (  5.0000E-05 )
  gradient maximum:        7.6490E-04 .  (  4.5000E-04 )
  gradient rms:            1.7703E-04 *  (  3.0000E-04 )
  displacement maximum:    1.0607E-01 .  (  1.8000E-03 )
  displacement rms:        2.3793E-02 .  (  1.2000E-03 )
  
  predicted energy change: -5.2294E-05
  step size:     0.30001
  trust radius:  0.30000
---------------- geometry iteration  22 complete ----------------
geopt (optimize geometry) done.
onee (1-electron integrals) done.
probe (project orbitals) done.
grid (grid generation) done.
rwr (Q operators) done.
  
       i  u  d  i  g
       t  p  i  c  r                                 RMS    maximum
       e  d  i  u  i                       energy  density   DIIS  
       r  t  s  t  d       total energy    change  change    error 
  
etot    1  N  N  2  U   -1265.64496699677           7.4E-05  2.1E-03
etot    2  Y  Y  6  M   -1265.64585983848  8.9E-04  1.3E-05  2.1E-04
etot    3  N  Y  2  U   -1265.64586393641  4.1E-06  9.8E-06  3.7E-04
etot    4  N  Y  2  U   -1265.64588316999  1.9E-05  3.0E-06  1.3E-04
etot    5  N  N  2  U   -1265.64588475649  1.6E-06  0.0E+00  0.0E+00
scf (DFT) done.
der1a (1-e 1st deriv.) done.
rwr (1st deriv. Q) done.
der1b (2-e 1st deriv.) done.
  Geometry optimization step  23
  Total energy:     -1265.68589747680 hartrees
  energy change:          -3.9585E-05 *  (  5.0000E-05 )
  gradient maximum:        4.2769E-04 *  (  4.5000E-04 )
  gradient rms:            9.8918E-05 *  (  3.0000E-04 )
  displacement maximum:    9.6165E-02 .  (  1.8000E-03 )
  displacement rms:        2.3823E-02 .  (  1.2000E-03 )
  
  predicted energy change: -2.7422E-05
  step size:     0.30040
  trust radius:  0.30000
---------------- geometry iteration  23 complete ----------------
geopt (optimize geometry) done.
onee (1-electron integrals) done.
probe (project orbitals) done.
grid (grid generation) done.
rwr (Q operators) done.
  
       i  u  d  i  g
       t  p  i  c  r                                 RMS    maximum
       e  d  i  u  i                       energy  density   DIIS  
       r  t  s  t  d       total energy    change  change    error 
  
etot    1  N  N  2  U   -1265.64486718731           8.0E-05  2.6E-03
etot    2  Y  Y  6  M   -1265.64585690352  9.9E-04  1.9E-05  2.7E-04
etot    3  N  Y  2  U   -1265.64583447902 -2.2E-05  1.4E-05  8.3E-04
etot    4  N  Y  2  U   -1265.64589012262  5.6E-05  2.9E-06  1.1E-04
etot    5  N  N  2  U   -1265.64589151886  1.4E-06  0.0E+00  0.0E+00
scf (DFT) done.
der1a (1-e 1st deriv.) done.
rwr (1st deriv. Q) done.
der1b (2-e 1st deriv.) done.
  Geometry optimization step  24
  Total energy:     -1265.68591987457 hartrees
  energy change:          -2.2398E-05 *  (  5.0000E-05 )
  gradient maximum:        2.9315E-04 *  (  4.5000E-04 )
  gradient rms:            8.5822E-05 *  (  3.0000E-04 )
  displacement maximum:    3.8063E-02 .  (  1.8000E-03 )
  displacement rms:        1.1921E-02 .  (  1.2000E-03 )
  
  predicted energy change: -1.0183E-05
  step size:     0.15032
  trust radius:  0.30000
---------------- geometry iteration  24 complete ----------------
geopt (optimize geometry) done.
onee (1-electron integrals) done.
probe (project orbitals) done.
grid (grid generation) done.
rwr (Q operators) done.
  
       i  u  d  i  g
       t  p  i  c  r                                 RMS    maximum
       e  d  i  u  i                       energy  density   DIIS  
       r  t  s  t  d       total energy    change  change    error 
  
etot    1  N  N  2  U   -1265.64561113448           4.3E-05  1.0E-03
etot    2  N  Y  2  U   -1265.64587299458  2.6E-04  7.8E-06  7.8E-05
etot    3  N  Y  2  U   -1265.64586890404 -4.1E-06  5.6E-06  1.9E-04
etot    4  N  Y  2  U   -1265.64587478797  5.9E-06  1.9E-06  7.5E-05
etot    5  N  N  2  U   -1265.64587538631  6.0E-07  0.0E+00  0.0E+00
scf (DFT) done.
der1a (1-e 1st deriv.) done.
rwr (1st deriv. Q) done.
der1b (2-e 1st deriv.) done.
  Geometry optimization step  25
  Total energy:     -1265.68593729831 hartrees
  energy change:          -1.7424E-05 *  (  5.0000E-05 )
  gradient maximum:        2.2890E-04 *  (  4.5000E-04 )
  gradient rms:            6.4032E-05 *  (  3.0000E-04 )
  displacement maximum:    2.7583E-02 .  (  1.8000E-03 )
  displacement rms:        9.2198E-03 .  (  1.2000E-03 )
  
  predicted energy change: -5.7444E-06
  step size:     0.11626
  trust radius:  0.30000
---------------- geometry iteration  25 complete ----------------
geopt (optimize geometry) done.
onee (1-electron integrals) done.
probe (project orbitals) done.
grid (grid generation) done.
rwr (Q operators) done.
  
       i  u  d  i  g
       t  p  i  c  r                                 RMS    maximum
       e  d  i  u  i                       energy  density   DIIS  
       r  t  s  t  d       total energy    change  change    error 
  
etot    1  N  N  2  U   -1265.64576846015           2.5E-05  7.2E-04
etot    2  N  Y  2  U   -1265.64586585350  9.7E-05  5.8E-06  5.1E-05
etot    3  N  Y  2  U   -1265.64586208730 -3.8E-06  4.4E-06  1.5E-04
etot    4  N  N  2  U   -1265.64586663889  4.6E-06  0.0E+00  0.0E+00
scf (DFT) done.
der1a (1-e 1st deriv.) done.
rwr (1st deriv. Q) done.
der1b (2-e 1st deriv.) done.
  Geometry optimization step  26
  Total energy:     -1265.68592206839 hartrees
  energy change:           1.5230E-05 *  (  5.0000E-05 )
  gradient maximum:        2.4382E-04 *  (  4.5000E-04 )
  gradient rms:            5.7268E-05 #  (  3.0000E-04 )
  displacement maximum:    2.0344E-02 .  (  1.8000E-03 )
  displacement rms:        5.2118E-03 .  (  1.2000E-03 )
  
  predicted energy change: -2.8856E-06
  step size:     0.06572
  trust radius:  0.30000
---------------- geometry iteration  26 complete ----------------
geopt (optimize geometry) done.
onee (1-electron integrals) done.
probe (project orbitals) done.
grid (grid generation) done.
rwr (Q operators) done.
  
       i  u  d  i  g
       t  p  i  c  r                                 RMS    maximum
       e  d  i  u  i                       energy  density   DIIS  
       r  t  s  t  d       total energy    change  change    error 
  
etot    1  N  N  2  U   -1265.64580404265           1.9E-05  5.8E-04
etot    2  N  Y  2  U   -1265.64585704608  5.3E-05  7.8E-06  1.2E-04
etot    3  N  Y  2  U   -1265.64584863318 -8.4E-06  5.8E-06  3.3E-04
etot    4  N  Y  2  U   -1265.64585865952  1.0E-05  8.5E-07  2.2E-05
etot    5  N  N  2  U   -1265.64585873864  7.9E-08  0.0E+00  0.0E+00
scf (DFT) done.
der1a (1-e 1st deriv.) done.
rwr (1st deriv. Q) done.
der1b (2-e 1st deriv.) done.
  Geometry optimization step  27
  Total energy:     -1265.68592758847 hartrees
  energy change:          -5.5201E-06 *  (  5.0000E-05 )
  gradient maximum:        1.4139E-04 *  (  4.5000E-04 )
  gradient rms:            3.1682E-05 #  (  3.0000E-04 )
  displacement maximum:    1.0993E-02 .  (  1.8000E-03 )
  displacement rms:        3.4655E-03 .  (  1.2000E-03 )
  
  predicted energy change: -1.1879E-06
  step size:     0.04370
  trust radius:  0.30000
---------------- geometry iteration  27 complete ----------------
geopt (optimize geometry) done.
onee (1-electron integrals) done.
probe (project orbitals) done.
grid (grid generation) done.
rwr (Q operators) done.
  
       i  u  d  i  g
       t  p  i  c  r                                 RMS    maximum
       e  d  i  u  i                       energy  density   DIIS  
       r  t  s  t  d       total energy    change  change    error 
  
etot    1  N  N  2  U   -1265.64583828256           1.1E-05  2.9E-04
etot    2  N  Y  2  U   -1265.64585502764  1.7E-05  3.2E-06  4.4E-05
etot    3  N  N  2  U   -1265.64585375159 -1.3E-06  0.0E+00  0.0E+00
scf (DFT) done.
der1a (1-e 1st deriv.) done.
rwr (1st deriv. Q) done.
der1b (2-e 1st deriv.) done.
  Geometry optimization step  28
  Total energy:     -1265.68593180024 hartrees
  energy change:          -4.2118E-06 *  (  5.0000E-05 )
  gradient maximum:        2.9838E-04 *  (  4.5000E-04 )
  gradient rms:            4.8564E-05 #  (  3.0000E-04 )
  displacement maximum:    6.2618E-03 .  (  1.8000E-03 )
  displacement rms:        2.2408E-03 .  (  1.2000E-03 )
  
  predicted energy change: -1.2454E-06
  step size:     0.02826
  trust radius:  0.30000
---------------- geometry iteration  28 complete ----------------
geopt (optimize geometry) done.
onee (1-electron integrals) done.
probe (project orbitals) done.
grid (grid generation) done.
rwr (Q operators) done.
  
       i  u  d  i  g
       t  p  i  c  r                                 RMS    maximum
       e  d  i  u  i                       energy  density   DIIS  
       r  t  s  t  d       total energy    change  change    error 
  
etot    1  N  N  2  U   -1265.64585619131           1.2E-05  2.5E-04
etot    2  N  Y  2  U   -1265.64585419736 -2.0E-06  9.5E-06  3.4E-04
etot    3  N  Y  2  U   -1265.64586477397  1.1E-05  3.3E-06  1.4E-04
etot    4  N  N  2  U   -1265.64586745734  2.7E-06  0.0E+00  0.0E+00
scf (DFT) done.
der1a (1-e 1st deriv.) done.
rwr (1st deriv. Q) done.
der1b (2-e 1st deriv.) done.
  Geometry optimization step  29
  Total energy:     -1265.68593804521 hartrees
  energy change:          -6.2450E-06 *  (  5.0000E-05 )
  gradient maximum:        2.3006E-04 *  (  4.5000E-04 )
  gradient rms:            5.3897E-05 #  (  3.0000E-04 )
  displacement maximum:    6.9214E-03 .  (  1.8000E-03 )
  displacement rms:        1.8471E-03 .  (  1.2000E-03 )
  
  predicted energy change: -9.3318E-07
  step size:     0.02329
  trust radius:  0.30000
---------------- geometry iteration  29 complete ----------------
geopt (optimize geometry) done.
onee (1-electron integrals) done.
probe (project orbitals) done.
grid (grid generation) done.
rwr (Q operators) done.
  
       i  u  d  i  g
       t  p  i  c  r                                 RMS    maximum
       e  d  i  u  i                       energy  density   DIIS  
       r  t  s  t  d       total energy    change  change    error 
  
etot    1  N  N  2  U   -1265.64585626518           8.0E-06  2.6E-04
etot    2  N  Y  2  U   -1265.64586092148  4.7E-06  5.4E-06  1.6E-04
etot    3  N  Y  2  U   -1265.64586025339 -6.7E-07  3.1E-06  1.9E-04
etot    4  N  N  2  U   -1265.64586318875  2.9E-06  0.0E+00  0.0E+00
scf (DFT) done.
der1a (1-e 1st deriv.) done.
rwr (1st deriv. Q) done.
der1b (2-e 1st deriv.) done.
  Geometry optimization step  30
  Total energy:     -1265.68593790317 hartrees
  energy change:           1.4203E-07 !  (  5.0000E-05 )
  gradient maximum:        9.4755E-05 *  (  4.5000E-04 )
  gradient rms:            2.1910E-05 #  (  3.0000E-04 )
  displacement maximum:    1.5777E-02 .  (  1.8000E-03 )
  displacement rms:        4.4056E-03 .  (  1.2000E-03 )
  
  predicted energy change: -9.8707E-07
  step size:     0.05555
  trust radius:  0.30000
------------- final geometry iteration  30 complete -------------
geopt (optimize geometry) done.
cutabab2 (abab integrals) done.
der2a (1-e JK-1st deriv.) done.
der2b (2-e JK-1st deriv.) done.
der2nda (1-e 2nd deriv.) done.
der2ndb (2-e 2nd deriv.) done.
rwr (Q operators) done.
cphfa (gradient of wave function) done.
freq (vib. frequencies) done.
Job J1_3276_2111 completed on hpc-89-15.cm.cluster at Wed May 29 02:19:24 2024
Timer (jaguar_backend.py) : 3005.62 secs (0 hrs, 50 mins, 05 secs)
Finished:   Wed May 29 02:19:24 2024
