Command:  /groups/wag/programs/Schrodinger_2020_3/jaguar run -WAIT -PARALLEL 8 /central/home/labounad/wittig-ch121/out/J1_2930_2111/J1_2930_2111.in
Release:  2020-3
Exec:     /groups/wag/programs/Schrodinger_2020_3/jaguar-v10.9/bin/Linux-x86_64
Host:     hpc-93-13.cm.cluster
JobId:    hpc-93-13-0-6657167d
JobDir:   /central/scratch/labounad/J1_2930_2111#hpc-93-13-0-6657167d
Date:     Wed May 29 04:50:24 2024

Contents of /central/scratch/labounad/J1_2930_2111#hpc-93-13-0-6657167d:
/central/scratch/labounad/J1_2930_2111#hpc-93-13-0-6657167d/hpc-93-13-0-6657167d.nodes
/central/scratch/labounad/J1_2930_2111#hpc-93-13-0-6657167d/.write_dir.json
/central/scratch/labounad/J1_2930_2111#hpc-93-13-0-6657167d/hpc-93-13-0-6657167d
/central/scratch/labounad/J1_2930_2111#hpc-93-13-0-6657167d/J1_2930_2111.recover
/central/scratch/labounad/J1_2930_2111#hpc-93-13-0-6657167d/J1_2930_2111.log
/central/scratch/labounad/J1_2930_2111#hpc-93-13-0-6657167d/hpc-93-13-0-6657167d.mpinodes
/central/scratch/labounad/J1_2930_2111#hpc-93-13-0-6657167d/J1_2930_2111.in
/central/scratch/labounad/J1_2930_2111#hpc-93-13-0-6657167d/hpc-93-13-0-6657167d.recover

Executing subprocess:
/groups/wag/programs/Schrodinger_2020_3/jaguar-v10.9/bin/Linux-x86_64/jexec J1_2930_2111.in -T 8 -out /central/scratch/labounad/J1_2930_2111#hpc-93-13-0-6657167d -cwd

Job J1_2930_2111 started on hpc-93-13.cm.cluster at Wed May 29 04:50:24 2024
jobid: hpc-93-13-0-6657167d 
Jaguar version 10.9, release 139
 Using up to   8 threads per process
Molecular Point Group: C1      
Point Group used: C1
pre (input checking) done.
onee (1-electron integrals) done.
hfig (HF initial guess) done.
probe (project orbitals) done.
grid (grid generation) done.
rwr (Q operators) done.
scf type: DFT=PBE(X+LC)+PW91 (PBE-D3)
  
       i  u  d  i  g
       t  p  i  c  r                                 RMS    maximum
       e  d  i  u  i                       energy  density   DIIS  
       r  t  s  t  d       total energy    change  change    error 
  
etot    1  N  N  5  M   -1224.14050464944           8.2E-03  1.1E-01
etot    2  Y  Y  6  M   -1215.35607771479 -8.8E+00  1.2E-02  1.8E-01
etot    3  Y  Y  6  M   -1214.78881709836 -5.7E-01  9.3E-03  2.1E-01
etot    4  N  Y  2  U   -1225.76159588870  1.1E+01  4.3E-03  1.3E-01
etot    5  Y  Y  6  M   -1224.27795685025 -1.5E+00  4.4E-03  7.0E-02
etot    6  N  Y  2  U   -1226.54123079379  2.3E+00  2.1E-03  5.2E-02
etot    7  Y  Y  6  M   -1226.65838569639  1.2E-01  1.5E-03  4.7E-02
etot    8  N  Y  2  U   -1226.91081951194  2.5E-01  6.0E-04  1.2E-02
etot    9  Y  Y  6  M   -1226.91001848345 -8.0E-04  3.2E-04  9.8E-03
etot   10  Y  Y  6  M   -1226.92558160466  1.6E-02  8.6E-05  2.4E-03
etot   11  N  Y  2  U   -1226.92643686258  8.6E-04  3.6E-05  1.1E-03
etot   12  N  Y  2  U   -1226.92656317490  1.3E-04  1.4E-05  2.6E-04
etot   13  N  Y  2  U   -1226.92657540944  1.2E-05  6.3E-06  1.7E-04
etot   14  N  Y  2  U   -1226.92657799180  2.6E-06  2.7E-06  8.4E-05
etot   15  N  N  2  U   -1226.92657864969  6.6E-07  0.0E+00  0.0E+00
scf (DFT) done.
der1a (1-e 1st deriv.) done.
rwr (1st deriv. Q) done.
der1b (2-e 1st deriv.) done.
  Geometry optimization step   1
  Total energy:     -1226.95481685525 hartrees
  gradient maximum:        6.0805E-02 .  (  4.5000E-04 )
  gradient rms:            9.6737E-03 .  (  3.0000E-04 )
  displacement maximum:    1.7332E-01 .  (  1.8000E-03 )
  displacement rms:        2.4931E-02 .  (  1.2000E-03 )
  
  predicted energy change: -1.7813E-02
  step size:     0.30021
  trust radius:  0.30000
---------------- geometry iteration   1 complete ----------------
geopt (optimize geometry) done.
onee (1-electron integrals) done.
probe (project orbitals) done.
grid (grid generation) done.
rwr (Q operators) done.
  
       i  u  d  i  g
       t  p  i  c  r                                 RMS    maximum
       e  d  i  u  i                       energy  density   DIIS  
       r  t  s  t  d       total energy    change  change    error 
  
etot    1  N  N  2  U   -1226.92498192265           1.7E-03  1.6E-02
etot    2  Y  Y  6  M   -1226.94206393998  1.7E-02  4.5E-04  4.2E-03
etot    3  N  Y  2  U   -1226.93528114002 -6.8E-03  3.3E-04  8.7E-03
etot    4  N  Y  2  U   -1226.94368712142  8.4E-03  4.7E-05  1.3E-03
etot    5  N  Y  2  U   -1226.94392129954  2.3E-04  1.4E-05  5.3E-04
etot    6  N  Y  2  U   -1226.94394116346  2.0E-05  4.8E-06  1.2E-04
etot    7  N  N  2  U   -1226.94394225298  1.1E-06  0.0E+00  0.0E+00
scf (DFT) done.
der1a (1-e 1st deriv.) done.
rwr (1st deriv. Q) done.
der1b (2-e 1st deriv.) done.
  Geometry optimization step   2
  Total energy:     -1226.97198228468 hartrees
  energy change:          -1.7165E-02 .  (  5.0000E-05 )
  gradient maximum:        1.6169E-02 .  (  4.5000E-04 )
  gradient rms:            2.2848E-03 .  (  3.0000E-04 )
  displacement maximum:    1.2923E-01 .  (  1.8000E-03 )
  displacement rms:        2.4915E-02 .  (  1.2000E-03 )
  
  predicted energy change: -2.4642E-03
  step size:     0.30001
  trust radius:  0.30000
---------------- geometry iteration   2 complete ----------------
geopt (optimize geometry) done.
onee (1-electron integrals) done.
probe (project orbitals) done.
grid (grid generation) done.
rwr (Q operators) done.
  
       i  u  d  i  g
       t  p  i  c  r                                 RMS    maximum
       e  d  i  u  i                       energy  density   DIIS  
       r  t  s  t  d       total energy    change  change    error 
  
etot    1  N  N  2  U   -1226.90450213355           6.9E-04  1.7E-02
etot    2  Y  Y  6  M   -1226.94472939351  4.0E-02  3.1E-04  2.8E-03
etot    3  N  Y  2  U   -1226.94028240263 -4.4E-03  2.4E-04  8.3E-03
etot    4  Y  Y  6  M   -1226.94527853584  5.0E-03  4.1E-05  1.4E-03
etot    5  N  Y  2  U   -1226.94537708359  9.9E-05  1.4E-05  5.0E-04
etot    6  N  Y  2  U   -1226.94539864485  2.2E-05  5.1E-06  1.2E-04
etot    7  N  Y  2  U   -1226.94540037856  1.7E-06  3.4E-06  4.3E-05
etot    8  N  N  2  U   -1226.94540053464  1.6E-07  0.0E+00  0.0E+00
scf (DFT) done.
der1a (1-e 1st deriv.) done.
rwr (1st deriv. Q) done.
der1b (2-e 1st deriv.) done.
  Geometry optimization step   3
  Total energy:     -1226.97365028430 hartrees
  energy change:          -1.6680E-03 .  (  5.0000E-05 )
  gradient maximum:        6.3832E-03 .  (  4.5000E-04 )
  gradient rms:            1.4090E-03 .  (  3.0000E-04 )
  displacement maximum:    1.2684E-01 .  (  1.8000E-03 )
  displacement rms:        2.2357E-02 .  (  1.2000E-03 )
  
  predicted energy change: -8.2751E-04
  step size:     0.26921
  trust radius:  0.30000
---------------- geometry iteration   3 complete ----------------
geopt (optimize geometry) done.
onee (1-electron integrals) done.
probe (project orbitals) done.
grid (grid generation) done.
rwr (Q operators) done.
  
       i  u  d  i  g
       t  p  i  c  r                                 RMS    maximum
       e  d  i  u  i                       energy  density   DIIS  
       r  t  s  t  d       total energy    change  change    error 
  
etot    1  N  N  2  U   -1226.90759777611           6.1E-04  1.5E-02
etot    2  Y  Y  6  M   -1226.94518171178  3.8E-02  1.1E-04  9.2E-04
etot    3  N  Y  2  U   -1226.94453171086 -6.5E-04  8.7E-05  2.7E-03
etot    4  Y  Y  6  M   -1226.94524593058  7.1E-04  2.5E-05  9.4E-04
etot    5  N  Y  2  U   -1226.94532242565  7.6E-05  7.1E-06  3.8E-04
etot    6  N  Y  2  U   -1226.94532898349  6.6E-06  3.8E-06  1.1E-04
etot    7  N  N  2  U   -1226.94532922281  2.4E-07  0.0E+00  0.0E+00
scf (DFT) done.
der1a (1-e 1st deriv.) done.
rwr (1st deriv. Q) done.
der1b (2-e 1st deriv.) done.
  Geometry optimization step   4
  Total energy:     -1226.97361163062 hartrees
  energy change:           3.8654E-05 *  (  5.0000E-05 )
  gradient maximum:        9.4643E-03 .  (  4.5000E-04 )
  gradient rms:            1.7547E-03 .  (  3.0000E-04 )
  displacement maximum:    1.1397E-01 .  (  1.8000E-03 )
  displacement rms:        2.0632E-02 .  (  1.2000E-03 )
  
  predicted energy change: -8.9190E-04
  step size:     0.24844
  trust radius:  0.30000
---------------- geometry iteration   4 complete ----------------
geopt (optimize geometry) done.
onee (1-electron integrals) done.
probe (project orbitals) done.
grid (grid generation) done.
rwr (Q operators) done.
  
       i  u  d  i  g
       t  p  i  c  r                                 RMS    maximum
       e  d  i  u  i                       energy  density   DIIS  
       r  t  s  t  d       total energy    change  change    error 
  
etot    1  N  N  2  U   -1226.91149014205           5.8E-04  1.7E-02
etot    2  Y  Y  6  M   -1226.94561343918  3.4E-02  1.6E-04  1.2E-03
etot    3  N  Y  2  U   -1226.94396792714 -1.6E-03  1.3E-04  3.8E-03
etot    4  Y  Y  6  M   -1226.94566973280  1.7E-03  3.0E-05  7.8E-04
etot    5  N  Y  2  U   -1226.94567026206  5.3E-07  1.2E-05  3.2E-04
etot    6  N  Y  2  U   -1226.94568868496  1.8E-05  3.7E-06  5.8E-05
etot    7  N  N  2  U   -1226.94568914145  4.6E-07  0.0E+00  0.0E+00
scf (DFT) done.
der1a (1-e 1st deriv.) done.
rwr (1st deriv. Q) done.
der1b (2-e 1st deriv.) done.
  Geometry optimization step   5
  Total energy:     -1226.97402839266 hartrees
  energy change:          -4.1676E-04 .  (  5.0000E-05 )
  gradient maximum:        9.0547E-03 .  (  4.5000E-04 )
  gradient rms:            1.5110E-03 .  (  3.0000E-04 )
  displacement maximum:    6.1703E-02 .  (  1.8000E-03 )
  displacement rms:        1.3022E-02 .  (  1.2000E-03 )
  
  predicted energy change: -6.8378E-04
  step size:     0.15681
  trust radius:  0.30000
---------------- geometry iteration   5 complete ----------------
geopt (optimize geometry) done.
onee (1-electron integrals) done.
probe (project orbitals) done.
grid (grid generation) done.
rwr (Q operators) done.
  
       i  u  d  i  g
       t  p  i  c  r                                 RMS    maximum
       e  d  i  u  i                       energy  density   DIIS  
       r  t  s  t  d       total energy    change  change    error 
  
etot    1  N  N  2  U   -1226.93250463526           4.0E-04  7.1E-03
etot    2  Y  Y  6  M   -1226.94570924979  1.3E-02  1.4E-04  1.2E-03
etot    3  N  Y  2  U   -1226.94451506823 -1.2E-03  1.1E-04  3.4E-03
etot    4  Y  Y  6  M   -1226.94589919530  1.4E-03  2.4E-05  4.4E-04
etot    5  N  Y  2  U   -1226.94594358281  4.4E-05  1.0E-05  3.4E-04
etot    6  N  Y  2  U   -1226.94595606773  1.2E-05  2.6E-06  5.2E-05
etot    7  N  N  2  U   -1226.94595659505  5.3E-07  0.0E+00  0.0E+00
scf (DFT) done.
der1a (1-e 1st deriv.) done.
rwr (1st deriv. Q) done.
der1b (2-e 1st deriv.) done.
  Geometry optimization step   6
  Total energy:     -1226.97424211513 hartrees
  energy change:          -2.1372E-04 .  (  5.0000E-05 )
  gradient maximum:        3.8052E-03 .  (  4.5000E-04 )
  gradient rms:            8.1080E-04 .  (  3.0000E-04 )
  displacement maximum:    4.2654E-02 .  (  1.8000E-03 )
  displacement rms:        7.6169E-03 .  (  1.2000E-03 )
  
  predicted energy change: -1.7830E-04
  step size:     0.09172
  trust radius:  0.30000
---------------- geometry iteration   6 complete ----------------
geopt (optimize geometry) done.
onee (1-electron integrals) done.
probe (project orbitals) done.
grid (grid generation) done.
rwr (Q operators) done.
  
       i  u  d  i  g
       t  p  i  c  r                                 RMS    maximum
       e  d  i  u  i                       energy  density   DIIS  
       r  t  s  t  d       total energy    change  change    error 
  
etot    1  N  N  2  U   -1226.94241881220           2.1E-04  5.8E-03
etot    2  Y  Y  6  M   -1226.94605972559  3.6E-03  5.9E-05  6.0E-04
etot    3  Y  Y  6  M   -1226.94587532717 -1.8E-04  4.5E-05  1.8E-03
etot    4  N  Y  2  U   -1226.94610290442  2.3E-04  9.7E-06  3.6E-04
etot    5  N  Y  2  U   -1226.94611001209  7.1E-06  4.4E-06  1.1E-04
etot    6  N  N  2  U   -1226.94611184703  1.8E-06  0.0E+00  0.0E+00
scf (DFT) done.
der1a (1-e 1st deriv.) done.
rwr (1st deriv. Q) done.
der1b (2-e 1st deriv.) done.
  Geometry optimization step   7
  Total energy:     -1226.97447273094 hartrees
  energy change:          -2.3062E-04 .  (  5.0000E-05 )
  gradient maximum:        1.9525E-03 .  (  4.5000E-04 )
  gradient rms:            3.6730E-04 .  (  3.0000E-04 )
  displacement maximum:    3.4631E-02 .  (  1.8000E-03 )
  displacement rms:        6.1914E-03 .  (  1.2000E-03 )
  
  predicted energy change: -5.1830E-05
  step size:     0.07455
  trust radius:  0.30000
---------------- geometry iteration   7 complete ----------------
geopt (optimize geometry) done.
onee (1-electron integrals) done.
probe (project orbitals) done.
grid (grid generation) done.
rwr (Q operators) done.
  
       i  u  d  i  g
       t  p  i  c  r                                 RMS    maximum
       e  d  i  u  i                       energy  density   DIIS  
       r  t  s  t  d       total energy    change  change    error 
  
etot    1  N  N  2  U   -1226.94342090614           1.6E-04  4.7E-03
etot    2  Y  Y  6  M   -1226.94616664300  2.7E-03  4.3E-05  4.1E-04
etot    3  N  Y  2  U   -1226.94605515161 -1.1E-04  3.5E-05  1.1E-03
etot    4  N  Y  2  U   -1226.94616683187  1.1E-04  7.5E-06  2.2E-04
etot    5  N  Y  2  U   -1226.94616986345  3.0E-06  2.9E-06  9.4E-05
etot    6  N  N  2  U   -1226.94617105360  1.2E-06  0.0E+00  0.0E+00
scf (DFT) done.
der1a (1-e 1st deriv.) done.
rwr (1st deriv. Q) done.
der1b (2-e 1st deriv.) done.
  Geometry optimization step   8
  Total energy:     -1226.97452392455 hartrees
  energy change:          -5.1194E-05 .  (  5.0000E-05 )
  gradient maximum:        1.6155E-03 .  (  4.5000E-04 )
  gradient rms:            3.2788E-04 .  (  3.0000E-04 )
  displacement maximum:    2.3743E-02 .  (  1.8000E-03 )
  displacement rms:        3.6620E-03 .  (  1.2000E-03 )
  
  predicted energy change: -3.0848E-05
  step size:     0.04410
  trust radius:  0.30000
---------------- geometry iteration   8 complete ----------------
geopt (optimize geometry) done.
onee (1-electron integrals) done.
probe (project orbitals) done.
grid (grid generation) done.
rwr (Q operators) done.
  
       i  u  d  i  g
       t  p  i  c  r                                 RMS    maximum
       e  d  i  u  i                       energy  density   DIIS  
       r  t  s  t  d       total energy    change  change    error 
  
etot    1  N  N  2  U   -1226.94509559340           1.0E-04  2.6E-03
etot    2  Y  Y  6  M   -1226.94614640309  1.1E-03  1.7E-05  1.8E-04
etot    3  N  Y  2  U   -1226.94612351426 -2.3E-05  1.4E-05  4.9E-04
etot    4  N  Y  2  U   -1226.94614073384  1.7E-05  4.5E-06  1.7E-04
etot    5  N  N  2  U   -1226.94614234719  1.6E-06  0.0E+00  0.0E+00
scf (DFT) done.
der1a (1-e 1st deriv.) done.
rwr (1st deriv. Q) done.
der1b (2-e 1st deriv.) done.
  Geometry optimization step   9
  Total energy:     -1226.97449686546 hartrees
  energy change:           2.7059E-05 *  (  5.0000E-05 )
  gradient maximum:        9.1503E-04 .  (  4.5000E-04 )
  gradient rms:            2.0185E-04 *  (  3.0000E-04 )
  displacement maximum:    2.2254E-02 .  (  1.8000E-03 )
  displacement rms:        4.7214E-03 .  (  1.2000E-03 )
  
  predicted energy change: -1.9266E-05
  step size:     0.05685
  trust radius:  0.30000
---------------- geometry iteration   9 complete ----------------
geopt (optimize geometry) done.
onee (1-electron integrals) done.
probe (project orbitals) done.
grid (grid generation) done.
rwr (Q operators) done.
  
       i  u  d  i  g
       t  p  i  c  r                                 RMS    maximum
       e  d  i  u  i                       energy  density   DIIS  
       r  t  s  t  d       total energy    change  change    error 
  
etot    1  N  N  2  U   -1226.94492624162           1.1E-04  2.9E-03
etot    2  Y  Y  6  M   -1226.94621696925  1.3E-03  2.9E-05  2.7E-04
etot    3  N  Y  2  U   -1226.94615635500 -6.1E-05  2.4E-05  8.7E-04
etot    4  N  Y  2  U   -1226.94621884170  6.2E-05  4.1E-06  8.2E-05
etot    5  N  N  2  U   -1226.94621989188  1.1E-06  0.0E+00  0.0E+00
scf (DFT) done.
der1a (1-e 1st deriv.) done.
rwr (1st deriv. Q) done.
der1b (2-e 1st deriv.) done.
  Geometry optimization step  10
  Total energy:     -1226.97457121490 hartrees
  energy change:          -7.4349E-05 .  (  5.0000E-05 )
  gradient maximum:        6.4822E-04 .  (  4.5000E-04 )
  gradient rms:            1.3765E-04 *  (  3.0000E-04 )
  displacement maximum:    3.0390E-02 .  (  1.8000E-03 )
  displacement rms:        6.4092E-03 .  (  1.2000E-03 )
  
  predicted energy change: -1.6019E-05
  step size:     0.07718
  trust radius:  0.30000
---------------- geometry iteration  10 complete ----------------
geopt (optimize geometry) done.
onee (1-electron integrals) done.
probe (project orbitals) done.
grid (grid generation) done.
rwr (Q operators) done.
  
       i  u  d  i  g
       t  p  i  c  r                                 RMS    maximum
       e  d  i  u  i                       energy  density   DIIS  
       r  t  s  t  d       total energy    change  change    error 
  
etot    1  N  N  2  U   -1226.94399506072           1.5E-04  4.0E-03
etot    2  Y  Y  6  M   -1226.94624661921  2.3E-03  2.3E-05  2.5E-04
etot    3  N  Y  2  U   -1226.94619732516 -4.9E-05  2.0E-05  5.8E-04
etot    4  N  Y  2  U   -1226.94623899395  4.2E-05  5.9E-06  1.5E-04
etot    5  N  Y  2  U   -1226.94624184754  2.9E-06  1.9E-06  4.2E-05
etot    6  N  N  2  U   -1226.94624212339  2.8E-07  0.0E+00  0.0E+00
scf (DFT) done.
der1a (1-e 1st deriv.) done.
rwr (1st deriv. Q) done.
der1b (2-e 1st deriv.) done.
  Geometry optimization step  11
  Total energy:     -1226.97459064329 hartrees
  energy change:          -1.9428E-05 *  (  5.0000E-05 )
  gradient maximum:        4.1440E-04 *  (  4.5000E-04 )
  gradient rms:            1.1282E-04 *  (  3.0000E-04 )
  displacement maximum:    2.0611E-02 .  (  1.8000E-03 )
  displacement rms:        4.7093E-03 .  (  1.2000E-03 )
  
  predicted energy change: -6.0906E-06
  step size:     0.05671
  trust radius:  0.30000
---------------- geometry iteration  11 complete ----------------
geopt (optimize geometry) done.
onee (1-electron integrals) done.
probe (project orbitals) done.
grid (grid generation) done.
rwr (Q operators) done.
  
       i  u  d  i  g
       t  p  i  c  r                                 RMS    maximum
       e  d  i  u  i                       energy  density   DIIS  
       r  t  s  t  d       total energy    change  change    error 
  
etot    1  N  N  2  U   -1226.94487528541           1.1E-04  3.0E-03
etot    2  Y  Y  6  M   -1226.94626656016  1.4E-03  1.7E-05  1.6E-04
etot    3  N  Y  2  U   -1226.94624421714 -2.2E-05  1.3E-05  3.4E-04
etot    4  N  Y  2  U   -1226.94626175465  1.8E-05  4.1E-06  9.8E-05
etot    5  N  N  2  U   -1226.94626310428  1.3E-06  0.0E+00  0.0E+00
scf (DFT) done.
der1a (1-e 1st deriv.) done.
rwr (1st deriv. Q) done.
der1b (2-e 1st deriv.) done.
  Geometry optimization step  12
  Total energy:     -1226.97460226753 hartrees
  energy change:          -1.1624E-05 *  (  5.0000E-05 )
  gradient maximum:        6.4524E-04 .  (  4.5000E-04 )
  gradient rms:            9.7640E-05 *  (  3.0000E-04 )
  displacement maximum:    2.6612E-02 .  (  1.8000E-03 )
  displacement rms:        6.2224E-03 .  (  1.2000E-03 )
  
  predicted energy change: -7.4858E-06
  step size:     0.07493
  trust radius:  0.30000
---------------- geometry iteration  12 complete ----------------
geopt (optimize geometry) done.
onee (1-electron integrals) done.
probe (project orbitals) done.
grid (grid generation) done.
rwr (Q operators) done.
  
       i  u  d  i  g
       t  p  i  c  r                                 RMS    maximum
       e  d  i  u  i                       energy  density   DIIS  
       r  t  s  t  d       total energy    change  change    error 
  
etot    1  N  N  2  U   -1226.94390472407           1.5E-04  3.7E-03
etot    2  Y  Y  6  M   -1226.94628045291  2.4E-03  3.0E-05  2.5E-04
etot    3  N  Y  2  U   -1226.94620972012 -7.1E-05  2.5E-05  8.1E-04
etot    4  N  Y  2  U   -1226.94627238378  6.3E-05  5.7E-06  1.4E-04
etot    5  N  Y  2  U   -1226.94627458454  2.2E-06  2.1E-06  4.7E-05
etot    6  N  N  2  U   -1226.94627494668  3.6E-07  0.0E+00  0.0E+00
scf (DFT) done.
der1a (1-e 1st deriv.) done.
rwr (1st deriv. Q) done.
der1b (2-e 1st deriv.) done.
  Geometry optimization step  13
  Total energy:     -1226.97460227243 hartrees
  energy change:          -4.8933E-09 !  (  5.0000E-05 )
  gradient maximum:        6.1833E-04 .  (  4.5000E-04 )
  gradient rms:            1.0353E-04 *  (  3.0000E-04 )
  displacement maximum:    5.2270E-03 .  (  1.8000E-03 )
  displacement rms:        1.3106E-03 .  (  1.2000E-03 )
  
  predicted energy change: -4.1852E-06
  step size:     0.01578
  trust radius:  0.30000
---------------- geometry iteration  13 complete ----------------
geopt (optimize geometry) done.
onee (1-electron integrals) done.
probe (project orbitals) done.
grid (grid generation) done.
rwr (Q operators) done.
  
       i  u  d  i  g
       t  p  i  c  r                                 RMS    maximum
       e  d  i  u  i                       energy  density   DIIS  
       r  t  s  t  d       total energy    change  change    error 
  
etot    1  N  N  2  U   -1226.94621288408           4.2E-05  7.5E-04
etot    2  N  Y  2  U   -1226.94634233260  1.3E-04  1.4E-05  1.5E-04
etot    3  N  Y  2  U   -1226.94632865384 -1.4E-05  1.1E-05  4.6E-04
etot    4  N  Y  2  U   -1226.94634412382  1.5E-05  1.8E-06  3.8E-05
etot    5  N  N  2  U   -1226.94634424348  1.2E-07  0.0E+00  0.0E+00
scf (DFT) done.
der1a (1-e 1st deriv.) done.
rwr (1st deriv. Q) done.
der1b (2-e 1st deriv.) done.
  Geometry optimization step  14
  Total energy:     -1226.97466194622 hartrees
  energy change:          -5.9674E-05 .  (  5.0000E-05 )
  gradient maximum:        4.8650E-04 .  (  4.5000E-04 )
  gradient rms:            1.0374E-04 *  (  3.0000E-04 )
  displacement maximum:    3.4243E-02 .  (  1.8000E-03 )
  displacement rms:        6.4632E-03 .  (  1.2000E-03 )
  
  predicted energy change: -1.0624E-05
  step size:     0.07783
  trust radius:  0.30000
---------------- geometry iteration  14 complete ----------------
geopt (optimize geometry) done.
onee (1-electron integrals) done.
probe (project orbitals) done.
grid (grid generation) done.
rwr (Q operators) done.
  
       i  u  d  i  g
       t  p  i  c  r                                 RMS    maximum
       e  d  i  u  i                       energy  density   DIIS  
       r  t  s  t  d       total energy    change  change    error 
  
etot    1  N  N  2  U   -1226.94334370919           1.7E-04  3.8E-03
etot    2  Y  Y  6  M   -1226.94641735845  3.1E-03  2.5E-05  3.0E-04
etot    3  N  Y  2  U   -1226.94638709962 -3.0E-05  2.2E-05  6.2E-04
etot    4  N  Y  2  U   -1226.94641630508  2.9E-05  8.7E-06  3.1E-04
etot    5  N  Y  2  U   -1226.94642461808  8.3E-06  2.3E-06  6.0E-05
etot    6  N  N  2  U   -1226.94642492832  3.1E-07  0.0E+00  0.0E+00
scf (DFT) done.
der1a (1-e 1st deriv.) done.
rwr (1st deriv. Q) done.
der1b (2-e 1st deriv.) done.
  Geometry optimization step  15
  Total energy:     -1226.97471823427 hartrees
  energy change:          -5.6288E-05 .  (  5.0000E-05 )
  gradient maximum:        1.2455E-03 .  (  4.5000E-04 )
  gradient rms:            1.7710E-04 *  (  3.0000E-04 )
  displacement maximum:    1.4248E-02 .  (  1.8000E-03 )
  displacement rms:        2.6774E-03 .  (  1.2000E-03 )
  
  predicted energy change: -1.2406E-05
  step size:     0.03224
  trust radius:  0.30000
---------------- geometry iteration  15 complete ----------------
geopt (optimize geometry) done.
onee (1-electron integrals) done.
probe (project orbitals) done.
grid (grid generation) done.
rwr (Q operators) done.
  
       i  u  d  i  g
       t  p  i  c  r                                 RMS    maximum
       e  d  i  u  i                       energy  density   DIIS  
       r  t  s  t  d       total energy    change  change    error 
  
etot    1  N  N  2  U   -1226.94573449560           8.0E-05  1.6E-03
etot    2  Y  Y  6  M   -1226.94631223054  5.8E-04  1.5E-05  1.2E-04
etot    3  N  Y  2  U   -1226.94629738645 -1.5E-05  1.3E-05  3.7E-04
etot    4  N  Y  2  U   -1226.94630932150  1.2E-05  4.1E-06  1.2E-04
etot    5  N  N  2  U   -1226.94631082955  1.5E-06  0.0E+00  0.0E+00
scf (DFT) done.
der1a (1-e 1st deriv.) done.
rwr (1st deriv. Q) done.
der1b (2-e 1st deriv.) done.
  Geometry optimization step  16
  Total energy:     -1226.97461930192 hartrees
  energy change:           9.8932E-05 .  (  5.0000E-05 )
  gradient maximum:        3.5211E-04 *  (  4.5000E-04 )
  gradient rms:            7.4749E-05 *  (  3.0000E-04 )
  displacement maximum:    1.0394E-02 .  (  1.8000E-03 )
  displacement rms:        2.0265E-03 .  (  1.2000E-03 )
  
  predicted energy change: -1.9678E-06
  step size:     0.02440
  trust radius:  0.30000
---------------- geometry iteration  16 complete ----------------
geopt (optimize geometry) done.
onee (1-electron integrals) done.
probe (project orbitals) done.
grid (grid generation) done.
rwr (Q operators) done.
  
       i  u  d  i  g
       t  p  i  c  r                                 RMS    maximum
       e  d  i  u  i                       energy  density   DIIS  
       r  t  s  t  d       total energy    change  change    error 
  
etot    1  N  N  2  U   -1226.94614843769           5.2E-05  1.2E-03
etot    2  Y  Y  6  M   -1226.94640199938  2.5E-04  9.0E-06  8.7E-05
etot    3  N  Y  2  U   -1226.94639282912 -9.2E-06  7.5E-06  2.3E-04
etot    4  N  Y  2  U   -1226.94639905019  6.2E-06  2.5E-06  5.5E-05
etot    5  N  N  2  U   -1226.94639936788  3.2E-07  0.0E+00  0.0E+00
scf (DFT) done.
der1a (1-e 1st deriv.) done.
rwr (1st deriv. Q) done.
der1b (2-e 1st deriv.) done.
  Geometry optimization step  17
  Total energy:     -1226.97471992828 hartrees
  energy change:          -1.0063E-04 .  (  5.0000E-05 )
  gradient maximum:        1.9563E-04 *  (  4.5000E-04 )
  gradient rms:            4.6667E-05 #  (  3.0000E-04 )
  displacement maximum:    8.4669E-03 .  (  1.8000E-03 )
  displacement rms:        1.6403E-03 .  (  1.2000E-03 )
  
  predicted energy change: -1.1616E-06
  step size:     0.01975
  trust radius:  0.30000
---------------- geometry iteration  17 complete ----------------
geopt (optimize geometry) done.
onee (1-electron integrals) done.
probe (project orbitals) done.
grid (grid generation) done.
rwr (Q operators) done.
  
       i  u  d  i  g
       t  p  i  c  r                                 RMS    maximum
       e  d  i  u  i                       energy  density   DIIS  
       r  t  s  t  d       total energy    change  change    error 
  
etot    1  N  N  2  U   -1226.94624040340           3.9E-05  9.3E-04
etot    2  N  Y  2  U   -1226.94639747298  1.6E-04  1.3E-05  1.0E-04
etot    3  N  Y  2  U   -1226.94638715906 -1.0E-05  1.0E-05  3.5E-04
etot    4  N  Y  2  U   -1226.94639898234  1.2E-05  1.7E-06  3.8E-05
etot    5  N  N  2  U   -1226.94639911412  1.3E-07  0.0E+00  0.0E+00
scf (DFT) done.
der1a (1-e 1st deriv.) done.
rwr (1st deriv. Q) done.
der1b (2-e 1st deriv.) done.
  Geometry optimization step  18
  Total energy:     -1226.97471487782 hartrees
  energy change:           5.0505E-06 *  (  5.0000E-05 )
  gradient maximum:        2.9620E-04 *  (  4.5000E-04 )
  gradient rms:            6.2535E-05 *  (  3.0000E-04 )
  displacement maximum:    2.1364E-02 .  (  1.8000E-03 )
  displacement rms:        3.3631E-03 .  (  1.2000E-03 )
  
  predicted energy change: -3.0918E-06
  step size:     0.04050
  trust radius:  0.30000
---------------- geometry iteration  18 complete ----------------
geopt (optimize geometry) done.
onee (1-electron integrals) done.
probe (project orbitals) done.
grid (grid generation) done.
rwr (Q operators) done.
  
       i  u  d  i  g
       t  p  i  c  r                                 RMS    maximum
       e  d  i  u  i                       energy  density   DIIS  
       r  t  s  t  d       total energy    change  change    error 
  
etot    1  N  N  2  U   -1226.94564538010           8.3E-05  1.8E-03
etot    2  Y  Y  6  M   -1226.94631103638  6.7E-04  1.5E-05  1.1E-04
etot    3  N  Y  2  U   -1226.94629255678 -1.8E-05  1.3E-05  4.0E-04
etot    4  N  Y  2  U   -1226.94630670631  1.4E-05  3.2E-06  9.0E-05
etot    5  N  N  2  U   -1226.94630742431  7.2E-07  0.0E+00  0.0E+00
scf (DFT) done.
der1a (1-e 1st deriv.) done.
rwr (1st deriv. Q) done.
der1b (2-e 1st deriv.) done.
  Geometry optimization step  19
  Total energy:     -1226.97462599861 hartrees
  energy change:           8.8879E-05 .  (  5.0000E-05 )
  gradient maximum:        6.7638E-04 .  (  4.5000E-04 )
  gradient rms:            1.3837E-04 *  (  3.0000E-04 )
  displacement maximum:    4.0936E-02 .  (  1.8000E-03 )
  displacement rms:        7.3637E-03 .  (  1.2000E-03 )
  
  predicted energy change: -1.2267E-05
  step size:     0.08867
  trust radius:  0.30000
---------------- geometry iteration  19 complete ----------------
geopt (optimize geometry) done.
onee (1-electron integrals) done.
probe (project orbitals) done.
grid (grid generation) done.
rwr (Q operators) done.
  
       i  u  d  i  g
       t  p  i  c  r                                 RMS    maximum
       e  d  i  u  i                       energy  density   DIIS  
       r  t  s  t  d       total energy    change  change    error 
  
etot    1  N  N  2  U   -1226.94306612333           1.7E-04  4.3E-03
etot    2  Y  Y  6  M   -1226.94627798011  3.2E-03  2.1E-05  2.5E-04
etot    3  N  Y  2  U   -1226.94624836396 -3.0E-05  1.8E-05  4.0E-04
etot    4  N  Y  2  U   -1226.94627468075  2.6E-05  6.9E-06  1.8E-04
etot    5  N  Y  2  U   -1226.94627859239  3.9E-06  2.4E-06  6.7E-05
etot    6  N  N  2  U   -1226.94627911020  5.2E-07  0.0E+00  0.0E+00
scf (DFT) done.
der1a (1-e 1st deriv.) done.
rwr (1st deriv. Q) done.
der1b (2-e 1st deriv.) done.
  Geometry optimization step  20
  Total energy:     -1226.97457185466 hartrees
  energy change:           5.4144E-05 .  (  5.0000E-05 )
  gradient maximum:        9.7488E-04 .  (  4.5000E-04 )
  gradient rms:            1.8780E-04 *  (  3.0000E-04 )
  displacement maximum:    5.1768E-02 .  (  1.8000E-03 )
  displacement rms:        7.9774E-03 .  (  1.2000E-03 )
  
  predicted energy change: -1.3333E-05
  step size:     0.09606
  trust radius:  0.30000
---------------- geometry iteration  20 complete ----------------
geopt (optimize geometry) done.
onee (1-electron integrals) done.
probe (project orbitals) done.
grid (grid generation) done.
rwr (Q operators) done.
  
       i  u  d  i  g
       t  p  i  c  r                                 RMS    maximum
       e  d  i  u  i                       energy  density   DIIS  
       r  t  s  t  d       total energy    change  change    error 
  
etot    1  N  N  2  U   -1226.94246458970           1.9E-04  4.6E-03
etot    2  Y  Y  6  M   -1226.94630769135  3.8E-03  2.3E-05  2.8E-04
etot    3  N  Y  2  U   -1226.94628684585 -2.1E-05  1.9E-05  3.9E-04
etot    4  N  Y  2  U   -1226.94630976073  2.3E-05  6.6E-06  1.9E-04
etot    5  N  Y  2  U   -1226.94631402629  4.3E-06  2.2E-06  7.1E-05
etot    6  N  N  2  U   -1226.94631437807  3.5E-07  0.0E+00  0.0E+00
scf (DFT) done.
der1a (1-e 1st deriv.) done.
rwr (1st deriv. Q) done.
der1b (2-e 1st deriv.) done.
  Geometry optimization step  21
  Total energy:     -1226.97460395448 hartrees
  energy change:          -3.2100E-05 *  (  5.0000E-05 )
  gradient maximum:        8.0766E-04 .  (  4.5000E-04 )
  gradient rms:            2.0473E-04 *  (  3.0000E-04 )
  displacement maximum:    5.7971E-02 .  (  1.8000E-03 )
  displacement rms:        5.8765E-03 .  (  1.2000E-03 )
  
  predicted energy change: -1.4220E-05
  step size:     0.07076
  trust radius:  0.30000
---------------- geometry iteration  21 complete ----------------
geopt (optimize geometry) done.
onee (1-electron integrals) done.
probe (project orbitals) done.
grid (grid generation) done.
rwr (Q operators) done.
  
       i  u  d  i  g
       t  p  i  c  r                                 RMS    maximum
       e  d  i  u  i                       energy  density   DIIS  
       r  t  s  t  d       total energy    change  change    error 
  
etot    1  N  N  2  U   -1226.94479430785           1.2E-04  4.3E-03
etot    2  Y  Y  6  M   -1226.94623936158  1.4E-03  1.7E-05  1.7E-04
etot    3  N  Y  2  U   -1226.94622385046 -1.6E-05  1.4E-05  4.5E-04
etot    4  N  Y  2  U   -1226.94624314933  1.9E-05  3.5E-06  1.2E-04
etot    5  N  N  2  U   -1226.94624427723  1.1E-06  0.0E+00  0.0E+00
scf (DFT) done.
der1a (1-e 1st deriv.) done.
rwr (1st deriv. Q) done.
der1b (2-e 1st deriv.) done.
  Geometry optimization step  22
  Total energy:     -1226.97454611765 hartrees
  energy change:           5.7837E-05 .  (  5.0000E-05 )
  gradient maximum:        6.5370E-04 .  (  4.5000E-04 )
  gradient rms:            1.7688E-04 *  (  3.0000E-04 )
  displacement maximum:    2.4282E-01 .  (  1.8000E-03 )
  displacement rms:        2.4955E-02 .  (  1.2000E-03 )
  
  predicted energy change: -1.0318E-04
  step size:     0.30049
  trust radius:  0.30000
---------------- geometry iteration  22 complete ----------------
geopt (optimize geometry) done.
onee (1-electron integrals) done.
probe (project orbitals) done.
grid (grid generation) done.
rwr (Q operators) done.
  
       i  u  d  i  g
       t  p  i  c  r                                 RMS    maximum
       e  d  i  u  i                       energy  density   DIIS  
       r  t  s  t  d       total energy    change  change    error 
  
etot    1  N  N  2  U   -1226.91995203325           5.1E-04  1.9E-02
etot    2  Y  Y  6  M   -1226.94602724678  2.6E-02  6.9E-05  6.6E-04
etot    3  N  Y  2  U   -1226.94576594042 -2.6E-04  6.0E-05  1.7E-03
etot    4  Y  Y  6  M   -1226.94609529712  3.3E-04  1.8E-05  5.9E-04
etot    5  N  Y  2  U   -1226.94610773428  1.2E-05  6.5E-06  1.8E-04
etot    6  N  Y  2  U   -1226.94611139158  3.7E-06  2.7E-06  5.9E-05
etot    7  N  N  2  U   -1226.94611172919  3.4E-07  0.0E+00  0.0E+00
scf (DFT) done.
der1a (1-e 1st deriv.) done.
rwr (1st deriv. Q) done.
der1b (2-e 1st deriv.) done.
  Geometry optimization step  23
  Total energy:     -1226.97444000615 hartrees
  ** restarting optimization from step   18 **
  energy change:           1.0611E-04 .  (  5.0000E-05 )
  gradient maximum:        2.9620E-04 *  (  4.5000E-04 )
  gradient rms:            6.2535E-05 *  (  3.0000E-04 )
  displacement maximum:    1.1751E-01 .  (  1.8000E-03 )
  displacement rms:        1.2532E-02 .  (  1.2000E-03 )
  
  predicted energy change: -2.4493E-05
  step size:     0.15090
  trust radius:  0.15000
---------------- geometry iteration  23 complete ----------------
geopt (optimize geometry) done.
onee (1-electron integrals) done.
probe (project orbitals) done.
grid (grid generation) done.
rwr (Q operators) done.
  
       i  u  d  i  g
       t  p  i  c  r                                 RMS    maximum
       e  d  i  u  i                       energy  density   DIIS  
       r  t  s  t  d       total energy    change  change    error 
  
etot    1  N  N  2  U   -1226.88491707104           7.6E-04  2.3E-02
etot    2  Y  Y  6  M   -1226.94615866709  6.1E-02  9.4E-05  9.7E-04
etot    3  N  Y  2  U   -1226.94582092536 -3.4E-04  8.2E-05  1.4E-03
etot    4  Y  Y  6  M   -1226.94616267180  3.4E-04  2.8E-05  8.1E-04
etot    5  N  Y  2  U   -1226.94622870422  6.6E-05  8.9E-06  2.0E-04
etot    6  N  Y  2  U   -1226.94623460077  5.9E-06  4.3E-06  7.3E-05
etot    7  N  N  2  U   -1226.94623538135  7.8E-07  0.0E+00  0.0E+00
scf (DFT) done.
der1a (1-e 1st deriv.) done.
rwr (1st deriv. Q) done.
der1b (2-e 1st deriv.) done.
  Geometry optimization step  24
  Total energy:     -1226.97456347009 hartrees
  energy change:           1.5141E-04 .  (  5.0000E-05 )
  gradient maximum:        1.0501E-03 .  (  4.5000E-04 )
  gradient rms:            2.3146E-04 *  (  3.0000E-04 )
  displacement maximum:    5.1771E-02 .  (  1.8000E-03 )
  displacement rms:        6.2629E-03 .  (  1.2000E-03 )
  
  predicted energy change: -2.8476E-05
  step size:     0.07542
  trust radius:  0.07500
---------------- geometry iteration  24 complete ----------------
geopt (optimize geometry) done.
onee (1-electron integrals) done.
probe (project orbitals) done.
grid (grid generation) done.
rwr (Q operators) done.
  
       i  u  d  i  g
       t  p  i  c  r                                 RMS    maximum
       e  d  i  u  i                       energy  density   DIIS  
       r  t  s  t  d       total energy    change  change    error 
  
etot    1  N  N  2  U   -1226.94448523552           1.3E-04  4.0E-03
etot    2  Y  Y  6  M   -1226.94631053088  1.8E-03  2.7E-05  2.1E-04
etot    3  N  Y  2  U   -1226.94626273486 -4.8E-05  2.2E-05  5.5E-04
etot    4  N  Y  2  U   -1226.94630781290  4.5E-05  5.0E-06  1.5E-04
etot    5  N  Y  2  U   -1226.94630949235  1.7E-06  1.9E-06  7.1E-05
etot    6  N  N  2  U   -1226.94630998907  5.0E-07  0.0E+00  0.0E+00
scf (DFT) done.
der1a (1-e 1st deriv.) done.
rwr (1st deriv. Q) done.
der1b (2-e 1st deriv.) done.
  Geometry optimization step  25
  Total energy:     -1226.97461246080 hartrees
  energy change:          -4.8991E-05 *  (  5.0000E-05 )
  gradient maximum:        8.5553E-04 .  (  4.5000E-04 )
  gradient rms:            1.6191E-04 *  (  3.0000E-04 )
  displacement maximum:    1.1028E-02 .  (  1.8000E-03 )
  displacement rms:        3.1278E-03 .  (  1.2000E-03 )
  
  predicted energy change: -1.6900E-03
  step size:     0.03766
  trust radius:  0.03750
---------------- geometry iteration  25 complete ----------------
geopt (optimize geometry) done.
onee (1-electron integrals) done.
probe (project orbitals) done.
grid (grid generation) done.
rwr (Q operators) done.
  
       i  u  d  i  g
       t  p  i  c  r                                 RMS    maximum
       e  d  i  u  i                       energy  density   DIIS  
       r  t  s  t  d       total energy    change  change    error 
  
etot    1  N  N  2  U   -1226.94524321140           1.3E-04  2.2E-03
etot    2  Y  Y  6  M   -1226.94614106017  9.0E-04  4.0E-05  4.6E-04
etot    3  N  Y  2  U   -1226.94603396139 -1.1E-04  2.9E-05  1.2E-03
etot    4  N  Y  2  U   -1226.94617082094  1.4E-04  5.6E-06  1.4E-04
etot    5  N  Y  2  U   -1226.94617212172  1.3E-06  2.6E-06  7.0E-05
etot    6  N  N  2  U   -1226.94617263278  5.1E-07  0.0E+00  0.0E+00
scf (DFT) done.
der1a (1-e 1st deriv.) done.
rwr (1st deriv. Q) done.
der1b (2-e 1st deriv.) done.
  Geometry optimization step  26
  Total energy:     -1226.97443414385 hartrees
  ** restarting optimization from step   25 **
  energy change:           1.7832E-04 .  (  5.0000E-05 )
  gradient maximum:        8.5553E-04 .  (  4.5000E-04 )
  gradient rms:            1.6191E-04 *  (  3.0000E-04 )
  displacement maximum:    1.4138E-02 .  (  1.8000E-03 )
  displacement rms:        1.5758E-03 .  (  1.2000E-03 )
  
  predicted energy change: -1.2615E-05
  step size:     0.01898
  trust radius:  0.01875
---------------- geometry iteration  26 complete ----------------
geopt (optimize geometry) done.
onee (1-electron integrals) done.
probe (project orbitals) done.
grid (grid generation) done.
rwr (Q operators) done.
  
       i  u  d  i  g
       t  p  i  c  r                                 RMS    maximum
       e  d  i  u  i                       energy  density   DIIS  
       r  t  s  t  d       total energy    change  change    error 
  
etot    1  N  N  2  U   -1226.94549104497           1.3E-04  2.3E-03
etot    2  Y  Y  6  M   -1226.94647873731  9.9E-04  4.0E-05  4.2E-04
etot    3  N  Y  2  U   -1226.94634284133 -1.4E-04  3.1E-05  1.1E-03
etot    4  N  Y  2  U   -1226.94647603838  1.3E-04  7.1E-06  1.3E-04
etot    5  N  Y  2  U   -1226.94647839457  2.4E-06  2.6E-06  5.8E-05
etot    6  N  N  2  U   -1226.94647903335  6.4E-07  0.0E+00  0.0E+00
scf (DFT) done.
der1a (1-e 1st deriv.) done.
rwr (1st deriv. Q) done.
der1b (2-e 1st deriv.) done.
  Geometry optimization step  27
  Total energy:     -1226.97477710694 hartrees
  energy change:          -1.6465E-04 .  (  5.0000E-05 )
  gradient maximum:        4.7537E-04 .  (  4.5000E-04 )
  gradient rms:            8.6137E-05 *  (  3.0000E-04 )
  displacement maximum:    3.3518E-02 .  (  1.8000E-03 )
  displacement rms:        3.1389E-03 .  (  1.2000E-03 )
  
  predicted energy change: -1.7815E-05
  step size:     0.03780
  trust radius:  0.03750
---------------- geometry iteration  27 complete ----------------
geopt (optimize geometry) done.
onee (1-electron integrals) done.
probe (project orbitals) done.
grid (grid generation) done.
rwr (Q operators) done.
  
       i  u  d  i  g
       t  p  i  c  r                                 RMS    maximum
       e  d  i  u  i                       energy  density   DIIS  
       r  t  s  t  d       total energy    change  change    error 
  
etot    1  N  N  2  U   -1226.94596972236           6.3E-05  2.7E-03
etot    2  Y  Y  6  M   -1226.94636558959  4.0E-04  8.5E-06  8.0E-05
etot    3  N  Y  2  U   -1226.94636695708  1.4E-06  7.4E-06  1.8E-04
etot    4  N  Y  2  U   -1226.94637251146  5.6E-06  2.6E-06  5.8E-05
etot    5  N  N  2  U   -1226.94637278022  2.7E-07  0.0E+00  0.0E+00
scf (DFT) done.
der1a (1-e 1st deriv.) done.
rwr (1st deriv. Q) done.
der1b (2-e 1st deriv.) done.
  Geometry optimization step  28
  Total energy:     -1226.97466282666 hartrees
  energy change:           1.1428E-04 .  (  5.0000E-05 )
  gradient maximum:        7.0999E-04 .  (  4.5000E-04 )
  gradient rms:            1.3306E-04 *  (  3.0000E-04 )
  displacement maximum:    4.7368E-02 .  (  1.8000E-03 )
  displacement rms:        4.4794E-03 .  (  1.2000E-03 )
  
  predicted energy change: -3.3779E-05
  step size:     0.05394
  trust radius:  0.05303
---------------- geometry iteration  28 complete ----------------
geopt (optimize geometry) done.
onee (1-electron integrals) done.
probe (project orbitals) done.
grid (grid generation) done.
rwr (Q operators) done.
  
       i  u  d  i  g
       t  p  i  c  r                                 RMS    maximum
       e  d  i  u  i                       energy  density   DIIS  
       r  t  s  t  d       total energy    change  change    error 
  
etot    1  N  N  2  U   -1226.94576112485           8.9E-05  3.7E-03
etot    2  Y  Y  6  M   -1226.94654985222  7.9E-04  1.7E-05  1.1E-04
etot    3  N  Y  2  U   -1226.94652618818 -2.4E-05  1.3E-05  2.9E-04
etot    4  N  Y  2  U   -1226.94654403862  1.8E-05  2.7E-06  4.9E-05
etot    5  N  N  2  U   -1226.94654431199  2.7E-07  0.0E+00  0.0E+00
scf (DFT) done.
der1a (1-e 1st deriv.) done.
rwr (1st deriv. Q) done.
der1b (2-e 1st deriv.) done.
  Geometry optimization step  29
  Total energy:     -1226.97483092044 hartrees
  energy change:          -1.6809E-04 .  (  5.0000E-05 )
  gradient maximum:        1.1433E-03 .  (  4.5000E-04 )
  gradient rms:            2.1271E-04 *  (  3.0000E-04 )
  displacement maximum:    2.5249E-02 .  (  1.8000E-03 )
  displacement rms:        2.2843E-03 .  (  1.2000E-03 )
  
  predicted energy change: -2.3524E-05
  step size:     0.02751
  trust radius:  0.02652
---------------- geometry iteration  29 complete ----------------
geopt (optimize geometry) done.
onee (1-electron integrals) done.
probe (project orbitals) done.
grid (grid generation) done.
rwr (Q operators) done.
  
       i  u  d  i  g
       t  p  i  c  r                                 RMS    maximum
       e  d  i  u  i                       energy  density   DIIS  
       r  t  s  t  d       total energy    change  change    error 
  
etot    1  N  N  2  U   -1226.94619407004           4.8E-05  2.1E-03
etot    2  N  Y  2  U   -1226.94641804879  2.2E-04  1.9E-05  1.9E-04
etot    3  N  Y  2  U   -1226.94639146716 -2.7E-05  1.6E-05  5.2E-04
etot    4  N  Y  2  U   -1226.94642117658  3.0E-05  2.5E-06  5.6E-05
etot    5  N  N  2  U   -1226.94642147315  3.0E-07  0.0E+00  0.0E+00
scf (DFT) done.
der1a (1-e 1st deriv.) done.
rwr (1st deriv. Q) done.
der1b (2-e 1st deriv.) done.
  Geometry optimization step  30
  Total energy:     -1226.97470623066 hartrees
  energy change:           1.2469E-04 .  (  5.0000E-05 )
  gradient maximum:        7.2959E-04 .  (  4.5000E-04 )
  gradient rms:            9.9439E-05 *  (  3.0000E-04 )
  displacement maximum:    3.6817E-02 .  (  1.8000E-03 )
  displacement rms:        3.1393E-03 .  (  1.2000E-03 )
  
  predicted energy change: -2.8558E-05
  step size:     0.03780
  trust radius:  0.03750
---------------- geometry iteration  30 complete ----------------
geopt (optimize geometry) done.
onee (1-electron integrals) done.
probe (project orbitals) done.
grid (grid generation) done.
rwr (Q operators) done.
  
       i  u  d  i  g
       t  p  i  c  r                                 RMS    maximum
       e  d  i  u  i                       energy  density   DIIS  
       r  t  s  t  d       total energy    change  change    error 
  
etot    1  N  N  2  U   -1226.94613103023           5.7E-05  2.8E-03
etot    2  Y  Y  6  M   -1226.94646182577  3.3E-04  9.1E-06  8.2E-05
etot    3  N  Y  2  U   -1226.94646091308 -9.1E-07  7.7E-06  2.4E-04
etot    4  N  Y  2  U   -1226.94646530164  4.4E-06  2.0E-06  5.6E-05
etot    5  N  N  2  U   -1226.94646553404  2.3E-07  0.0E+00  0.0E+00
scf (DFT) done.
der1a (1-e 1st deriv.) done.
rwr (1st deriv. Q) done.
der1b (2-e 1st deriv.) done.
  Geometry optimization step  31
  Total energy:     -1226.97474614433 hartrees
  energy change:          -3.9914E-05 *  (  5.0000E-05 )
  gradient maximum:        7.4629E-04 .  (  4.5000E-04 )
  gradient rms:            8.5654E-05 *  (  3.0000E-04 )
  displacement maximum:    5.1874E-02 .  (  1.8000E-03 )
  displacement rms:        4.4083E-03 .  (  1.2000E-03 )
  
  predicted energy change: -3.8897E-05
  step size:     0.05308
  trust radius:  0.05303
---------------- geometry iteration  31 complete ----------------
geopt (optimize geometry) done.
onee (1-electron integrals) done.
probe (project orbitals) done.
grid (grid generation) done.
rwr (Q operators) done.
  
       i  u  d  i  g
       t  p  i  c  r                                 RMS    maximum
       e  d  i  u  i                       energy  density   DIIS  
       r  t  s  t  d       total energy    change  change    error 
  
etot    1  N  N  2  U   -1226.94583672285           7.6E-05  3.9E-03
etot    2  Y  Y  6  M   -1226.94644761890  6.1E-04  1.3E-05  1.1E-04
etot    3  N  Y  2  U   -1226.94644263090 -5.0E-06  1.1E-05  3.4E-04
etot    4  N  Y  2  U   -1226.94645558535  1.3E-05  2.9E-06  6.0E-05
etot    5  N  N  2  U   -1226.94645586054  2.8E-07  0.0E+00  0.0E+00
scf (DFT) done.
der1a (1-e 1st deriv.) done.
rwr (1st deriv. Q) done.
der1b (2-e 1st deriv.) done.
  Geometry optimization step  32
  Total energy:     -1226.97472740301 hartrees
  energy change:           1.8741E-05 *  (  5.0000E-05 )
  gradient maximum:        7.3871E-04 .  (  4.5000E-04 )
  gradient rms:            1.0614E-04 *  (  3.0000E-04 )
  displacement maximum:    2.6935E-02 .  (  1.8000E-03 )
  displacement rms:        2.2691E-03 .  (  1.2000E-03 )
  
  predicted energy change: -2.0232E-05
  step size:     0.02732
  trust radius:  0.02652
---------------- geometry iteration  32 complete ----------------
geopt (optimize geometry) done.
onee (1-electron integrals) done.
probe (project orbitals) done.
grid (grid generation) done.
rwr (Q operators) done.
  
       i  u  d  i  g
       t  p  i  c  r                                 RMS    maximum
       e  d  i  u  i                       energy  density   DIIS  
       r  t  s  t  d       total energy    change  change    error 
  
etot    1  N  N  2  U   -1226.94636445121           3.9E-05  2.0E-03
etot    2  N  Y  2  U   -1226.94651906334  1.5E-04  1.2E-05  8.6E-05
etot    3  N  Y  2  U   -1226.94651022066 -8.8E-06  9.6E-06  2.6E-04
etot    4  N  Y  2  U   -1226.94652022036  1.0E-05  1.5E-06  5.1E-05
etot    5  N  N  2  U   -1226.94652041603  2.0E-07  0.0E+00  0.0E+00
scf (DFT) done.
der1a (1-e 1st deriv.) done.
rwr (1st deriv. Q) done.
der1b (2-e 1st deriv.) done.
  Geometry optimization step  33
  Total energy:     -1226.97479090583 hartrees
  energy change:          -6.3503E-05 .  (  5.0000E-05 )
  gradient maximum:        7.2435E-04 .  (  4.5000E-04 )
  gradient rms:            8.7047E-05 *  (  3.0000E-04 )
  displacement maximum:    3.7291E-02 .  (  1.8000E-03 )
  displacement rms:        3.1329E-03 .  (  1.2000E-03 )
  
  predicted energy change: -2.7696E-05
  step size:     0.03772
  trust radius:  0.03750
---------------- geometry iteration  33 complete ----------------
geopt (optimize geometry) done.
onee (1-electron integrals) done.
probe (project orbitals) done.
grid (grid generation) done.
rwr (Q operators) done.
  
       i  u  d  i  g
       t  p  i  c  r                                 RMS    maximum
       e  d  i  u  i                       energy  density   DIIS  
       r  t  s  t  d       total energy    change  change    error 
  
etot    1  N  N  2  U   -1226.94620424356           5.3E-05  2.6E-03
etot    2  Y  Y  6  M   -1226.94648846669  2.8E-04  5.1E-06  7.8E-05
etot    3  N  Y  2  U   -1226.94649015957  1.7E-06  4.5E-06  1.3E-04
etot    4  N  N  2  U   -1226.94649208567  1.9E-06  0.0E+00  0.0E+00
scf (DFT) done.
der1a (1-e 1st deriv.) done.
rwr (1st deriv. Q) done.
der1b (2-e 1st deriv.) done.
  Geometry optimization step  34
  Total energy:     -1226.97476240395 hartrees
  energy change:           2.8502E-05 *  (  5.0000E-05 )
  gradient maximum:        6.9258E-04 .  (  4.5000E-04 )
  gradient rms:            7.3058E-05 *  (  3.0000E-04 )
  displacement maximum:    5.2871E-02 .  (  1.8000E-03 )
  displacement rms:        4.4600E-03 .  (  1.2000E-03 )
  
  predicted energy change: -3.7035E-05
  step size:     0.05371
  trust radius:  0.05303
---------------- geometry iteration  34 complete ----------------
geopt (optimize geometry) done.
onee (1-electron integrals) done.
probe (project orbitals) done.
grid (grid generation) done.
rwr (Q operators) done.
  
       i  u  d  i  g
       t  p  i  c  r                                 RMS    maximum
       e  d  i  u  i                       energy  density   DIIS  
       r  t  s  t  d       total energy    change  change    error 
  
etot    1  N  N  2  U   -1226.94595196826           7.6E-05  3.8E-03
etot    2  Y  Y  6  M   -1226.94654775151  6.0E-04  1.6E-05  1.5E-04
etot    3  N  Y  2  U   -1226.94653414284 -1.4E-05  1.3E-05  4.5E-04
etot    4  N  Y  2  U   -1226.94655161006  1.7E-05  1.9E-06  4.5E-05
etot    5  N  N  2  U   -1226.94655176306  1.5E-07  0.0E+00  0.0E+00
scf (DFT) done.
der1a (1-e 1st deriv.) done.
rwr (1st deriv. Q) done.
der1b (2-e 1st deriv.) done.
  Geometry optimization step  35
  Total energy:     -1226.97482154975 hartrees
  energy change:          -5.9146E-05 .  (  5.0000E-05 )
  gradient maximum:        6.6330E-04 .  (  4.5000E-04 )
  gradient rms:            8.2984E-05 *  (  3.0000E-04 )
  displacement maximum:    2.6266E-02 .  (  1.8000E-03 )
  displacement rms:        2.2283E-03 .  (  1.2000E-03 )
  
  predicted energy change: -1.8462E-05
  step size:     0.02683
  trust radius:  0.02652
---------------- geometry iteration  35 complete ----------------
geopt (optimize geometry) done.
onee (1-electron integrals) done.
probe (project orbitals) done.
grid (grid generation) done.
rwr (Q operators) done.
  
       i  u  d  i  g
       t  p  i  c  r                                 RMS    maximum
       e  d  i  u  i                       energy  density   DIIS  
       r  t  s  t  d       total energy    change  change    error 
  
etot    1  N  N  2  U   -1226.94648777228           3.7E-05  1.7E-03
etot    2  N  Y  2  U   -1226.94661989095  1.3E-04  8.6E-06  1.0E-04
etot    3  N  Y  2  U   -1226.94661386050 -6.0E-06  6.9E-06  3.2E-04
etot    4  N  Y  2  U   -1226.94662061315  6.8E-06  1.2E-06  2.2E-05
etot    5  N  N  2  U   -1226.94662065574  4.3E-08  0.0E+00  0.0E+00
scf (DFT) done.
der1a (1-e 1st deriv.) done.
rwr (1st deriv. Q) done.
der1b (2-e 1st deriv.) done.
  Geometry optimization step  36
  Total energy:     -1226.97489076688 hartrees
  energy change:          -6.9217E-05 .  (  5.0000E-05 )
  gradient maximum:        6.6346E-04 .  (  4.5000E-04 )
  gradient rms:            7.0053E-05 *  (  3.0000E-04 )
  displacement maximum:    5.3308E-02 .  (  1.8000E-03 )
  displacement rms:        4.4728E-03 .  (  1.2000E-03 )
  
  predicted energy change: -3.5323E-05
  step size:     0.05386
  trust radius:  0.05303
---------------- geometry iteration  36 complete ----------------
geopt (optimize geometry) done.
onee (1-electron integrals) done.
probe (project orbitals) done.
grid (grid generation) done.
rwr (Q operators) done.
  
       i  u  d  i  g
       t  p  i  c  r                                 RMS    maximum
       e  d  i  u  i                       energy  density   DIIS  
       r  t  s  t  d       total energy    change  change    error 
  
etot    1  N  N  2  U   -1226.94604904347           7.4E-05  3.8E-03
etot    2  Y  Y  6  M   -1226.94664688482  6.0E-04  7.8E-06  1.1E-04
etot    3  N  Y  2  U   -1226.94664332740 -3.6E-06  6.5E-06  1.9E-04
etot    4  N  Y  2  U   -1226.94664778501  4.5E-06  2.0E-06  5.6E-05
etot    5  N  N  2  U   -1226.94664800927  2.2E-07  0.0E+00  0.0E+00
scf (DFT) done.
der1a (1-e 1st deriv.) done.
rwr (1st deriv. Q) done.
der1b (2-e 1st deriv.) done.
  Geometry optimization step  37
  Total energy:     -1226.97491269112 hartrees
  energy change:          -2.1924E-05 *  (  5.0000E-05 )
  gradient maximum:        5.9050E-04 .  (  4.5000E-04 )
  gradient rms:            7.8367E-05 *  (  3.0000E-04 )
  displacement maximum:    7.4167E-02 .  (  1.8000E-03 )
  displacement rms:        6.2335E-03 .  (  1.2000E-03 )
  
  predicted energy change: -4.3829E-05
  step size:     0.07506
  trust radius:  0.07500
---------------- geometry iteration  37 complete ----------------
geopt (optimize geometry) done.
onee (1-electron integrals) done.
probe (project orbitals) done.
grid (grid generation) done.
rwr (Q operators) done.
  
       i  u  d  i  g
       t  p  i  c  r                                 RMS    maximum
       e  d  i  u  i                       energy  density   DIIS  
       r  t  s  t  d       total energy    change  change    error 
  
etot    1  N  N  2  U   -1226.94563832058           1.0E-04  4.9E-03
etot    2  Y  Y  6  M   -1226.94675835826  1.1E-03  1.2E-05  1.5E-04
etot    3  N  Y  2  U   -1226.94674246345 -1.6E-05  1.0E-05  3.9E-04
etot    4  N  Y  2  U   -1226.94675390984  1.1E-05  2.3E-06  7.2E-05
etot    5  N  N  2  U   -1226.94675431707  4.1E-07  0.0E+00  0.0E+00
scf (DFT) done.
der1a (1-e 1st deriv.) done.
rwr (1st deriv. Q) done.
der1b (2-e 1st deriv.) done.
  Geometry optimization step  38
  Total energy:     -1226.97502398744 hartrees
  energy change:          -1.1130E-04 .  (  5.0000E-05 )
  gradient maximum:        4.7932E-04 .  (  4.5000E-04 )
  gradient rms:            7.5275E-05 *  (  3.0000E-04 )
  displacement maximum:    3.6834E-02 .  (  1.8000E-03 )
  displacement rms:        3.1167E-03 .  (  1.2000E-03 )
  
  predicted energy change: -1.8522E-05
  step size:     0.03753
  trust radius:  0.03750
---------------- geometry iteration  38 complete ----------------
geopt (optimize geometry) done.
onee (1-electron integrals) done.
probe (project orbitals) done.
grid (grid generation) done.
rwr (Q operators) done.
  
       i  u  d  i  g
       t  p  i  c  r                                 RMS    maximum
       e  d  i  u  i                       energy  density   DIIS  
       r  t  s  t  d       total energy    change  change    error 
  
etot    1  N  N  2  U   -1226.94651417838           5.0E-05  2.4E-03
etot    2  Y  Y  6  M   -1226.94678856917  2.7E-04  7.4E-06  7.3E-05
etot    3  N  Y  2  U   -1226.94677981412 -8.8E-06  5.8E-06  1.7E-04
etot    4  N  Y  2  U   -1226.94678436171  4.5E-06  1.4E-06  3.1E-05
etot    5  N  N  2  U   -1226.94678440757  4.6E-08  0.0E+00  0.0E+00
scf (DFT) done.
der1a (1-e 1st deriv.) done.
rwr (1st deriv. Q) done.
der1b (2-e 1st deriv.) done.
  Geometry optimization step  39
  Total energy:     -1226.97505358373 hartrees
  energy change:          -2.9596E-05 *  (  5.0000E-05 )
  gradient maximum:        4.2827E-04 *  (  4.5000E-04 )
  gradient rms:            6.2410E-05 *  (  3.0000E-04 )
  displacement maximum:    5.1166E-02 .  (  1.8000E-03 )
  displacement rms:        4.4062E-03 .  (  1.2000E-03 )
  
  predicted energy change: -2.2434E-05
  step size:     0.05306
  trust radius:  0.05303
---------------- geometry iteration  39 complete ----------------
geopt (optimize geometry) done.
onee (1-electron integrals) done.
probe (project orbitals) done.
grid (grid generation) done.
rwr (Q operators) done.
  
       i  u  d  i  g
       t  p  i  c  r                                 RMS    maximum
       e  d  i  u  i                       energy  density   DIIS  
       r  t  s  t  d       total energy    change  change    error 
  
etot    1  N  N  2  U   -1226.94621057893           7.1E-05  3.1E-03
etot    2  Y  Y  6  M   -1226.94674138368  5.3E-04  6.1E-06  1.2E-04
etot    3  N  Y  2  U   -1226.94673194204 -9.4E-06  5.2E-06  1.6E-04
etot    4  N  Y  2  U   -1226.94673448086  2.5E-06  2.0E-06  5.8E-05
etot    5  N  N  2  U   -1226.94673481108  3.3E-07  0.0E+00  0.0E+00
scf (DFT) done.
der1a (1-e 1st deriv.) done.
rwr (1st deriv. Q) done.
der1b (2-e 1st deriv.) done.
  Geometry optimization step  40
  Total energy:     -1226.97500127350 hartrees
  energy change:           5.2310E-05 .  (  5.0000E-05 )
  gradient maximum:        7.3915E-04 .  (  4.5000E-04 )
  gradient rms:            1.1201E-04 *  (  3.0000E-04 )
  displacement maximum:    2.6346E-02 .  (  1.8000E-03 )
  displacement rms:        2.2723E-03 .  (  1.2000E-03 )
  
  predicted energy change: -1.1428E-05
  step size:     0.02736
  trust radius:  0.02652
---------------- geometry iteration  40 complete ----------------
geopt (optimize geometry) done.
onee (1-electron integrals) done.
probe (project orbitals) done.
grid (grid generation) done.
rwr (Q operators) done.
  
       i  u  d  i  g
       t  p  i  c  r                                 RMS    maximum
       e  d  i  u  i                       energy  density   DIIS  
       r  t  s  t  d       total energy    change  change    error 
  
etot    1  N  N  2  U   -1226.94658829480           4.1E-05  1.7E-03
etot    2  N  Y  2  U   -1226.94675371125  1.7E-04  5.5E-06  5.3E-05
etot    3  N  Y  2  U   -1226.94675168592 -2.0E-06  4.6E-06  1.4E-04
etot    4  N  N  2  U   -1226.94675407495  2.4E-06  0.0E+00  0.0E+00
scf (DFT) done.
der1a (1-e 1st deriv.) done.
rwr (1st deriv. Q) done.
der1b (2-e 1st deriv.) done.
  Geometry optimization step  41
  Total energy:     -1226.97501515438 hartrees
  energy change:          -1.3881E-05 *  (  5.0000E-05 )
  gradient maximum:        3.3387E-04 *  (  4.5000E-04 )
  gradient rms:            7.4178E-05 *  (  3.0000E-04 )
  displacement maximum:    3.6389E-02 .  (  1.8000E-03 )
  displacement rms:        3.1372E-03 .  (  1.2000E-03 )
  
  predicted energy change: -1.1877E-05
  step size:     0.03778
  trust radius:  0.03750
---------------- geometry iteration  41 complete ----------------
geopt (optimize geometry) done.
onee (1-electron integrals) done.
probe (project orbitals) done.
grid (grid generation) done.
rwr (Q operators) done.
  
       i  u  d  i  g
       t  p  i  c  r                                 RMS    maximum
       e  d  i  u  i                       energy  density   DIIS  
       r  t  s  t  d       total energy    change  change    error 
  
etot    1  N  N  2  U   -1226.94657291514           4.9E-05  2.1E-03
etot    2  N  Y  2  U   -1226.94682136324  2.5E-04  1.6E-05  1.1E-04
etot    3  N  Y  2  U   -1226.94680536175 -1.6E-05  1.2E-05  4.0E-04
etot    4  N  Y  2  U   -1226.94682306172  1.8E-05  1.1E-06  2.2E-05
etot    5  N  N  2  U   -1226.94682308552  2.4E-08  0.0E+00  0.0E+00
scf (DFT) done.
der1a (1-e 1st deriv.) done.
rwr (1st deriv. Q) done.
der1b (2-e 1st deriv.) done.
  Geometry optimization step  42
  Total energy:     -1226.97508407548 hartrees
  energy change:          -6.8921E-05 .  (  5.0000E-05 )
  gradient maximum:        2.7288E-04 *  (  4.5000E-04 )
  gradient rms:            6.3766E-05 *  (  3.0000E-04 )
  displacement maximum:    5.1586E-02 .  (  1.8000E-03 )
  displacement rms:        4.4297E-03 .  (  1.2000E-03 )
  
  predicted energy change: -1.5591E-05
  step size:     0.05334
  trust radius:  0.05303
---------------- geometry iteration  42 complete ----------------
geopt (optimize geometry) done.
onee (1-electron integrals) done.
probe (project orbitals) done.
grid (grid generation) done.
rwr (Q operators) done.
  
       i  u  d  i  g
       t  p  i  c  r                                 RMS    maximum
       e  d  i  u  i                       energy  density   DIIS  
       r  t  s  t  d       total energy    change  change    error 
  
etot    1  N  N  2  U   -1226.94628217461           7.4E-05  3.0E-03
etot    2  Y  Y  6  M   -1226.94685726183  5.8E-04  7.7E-06  1.3E-04
etot    3  N  Y  2  U   -1226.94685479885 -2.5E-06  6.6E-06  2.6E-04
etot    4  N  Y  2  U   -1226.94685891652  4.1E-06  1.9E-06  7.2E-05
etot    5  N  N  2  U   -1226.94685925686  3.4E-07  0.0E+00  0.0E+00
scf (DFT) done.
der1a (1-e 1st deriv.) done.
rwr (1st deriv. Q) done.
der1b (2-e 1st deriv.) done.
  Geometry optimization step  43
  Total energy:     -1226.97512030254 hartrees
  energy change:          -3.6227E-05 *  (  5.0000E-05 )
  gradient maximum:        4.0493E-04 *  (  4.5000E-04 )
  gradient rms:            8.3370E-05 *  (  3.0000E-04 )
  displacement maximum:    2.4925E-02 .  (  1.8000E-03 )
  displacement rms:        2.2830E-03 .  (  1.2000E-03 )
  
  predicted energy change: -6.0813E-06
  step size:     0.02749
  trust radius:  0.02652
---------------- geometry iteration  43 complete ----------------
geopt (optimize geometry) done.
onee (1-electron integrals) done.
probe (project orbitals) done.
grid (grid generation) done.
rwr (Q operators) done.
  
       i  u  d  i  g
       t  p  i  c  r                                 RMS    maximum
       e  d  i  u  i                       energy  density   DIIS  
       r  t  s  t  d       total energy    change  change    error 
  
etot    1  N  N  2  U   -1226.94659510465           4.1E-05  1.5E-03
etot    2  N  Y  2  U   -1226.94676421225  1.7E-04  1.2E-05  1.4E-04
etot    3  N  Y  2  U   -1226.94675287156 -1.1E-05  9.7E-06  4.1E-04
etot    4  N  Y  2  U   -1226.94676569659  1.3E-05  1.7E-06  3.2E-05
etot    5  N  N  2  U   -1226.94676579866  1.0E-07  0.0E+00  0.0E+00
scf (DFT) done.
der1a (1-e 1st deriv.) done.
rwr (1st deriv. Q) done.
der1b (2-e 1st deriv.) done.
  Geometry optimization step  44
  Total energy:     -1226.97502773504 hartrees
  energy change:           9.2567E-05 .  (  5.0000E-05 )
  gradient maximum:        1.5719E-04 *  (  4.5000E-04 )
  gradient rms:            3.6484E-05 #  (  3.0000E-04 )
  displacement maximum:    4.4962E-02 .  (  1.8000E-03 )
  displacement rms:        4.4080E-03 .  (  1.2000E-03 )
  
  predicted energy change: -7.2256E-06
  step size:     0.05308
  trust radius:  0.05303
---------------- geometry iteration  44 complete ----------------
geopt (optimize geometry) done.
onee (1-electron integrals) done.
probe (project orbitals) done.
grid (grid generation) done.
rwr (Q operators) done.
  
       i  u  d  i  g
       t  p  i  c  r                                 RMS    maximum
       e  d  i  u  i                       energy  density   DIIS  
       r  t  s  t  d       total energy    change  change    error 
  
etot    1  N  N  2  U   -1226.94618061581           8.1E-05  2.6E-03
etot    2  Y  Y  6  M   -1226.94689633082  7.2E-04  1.0E-05  1.5E-04
etot    3  N  Y  2  U   -1226.94688998277 -6.3E-06  8.7E-06  2.2E-04
etot    4  N  Y  2  U   -1226.94689671302  6.7E-06  2.7E-06  6.2E-05
etot    5  N  N  2  U   -1226.94689732362  6.1E-07  0.0E+00  0.0E+00
scf (DFT) done.
der1a (1-e 1st deriv.) done.
rwr (1st deriv. Q) done.
der1b (2-e 1st deriv.) done.
  Geometry optimization step  45
  Total energy:     -1226.97515439970 hartrees
  energy change:          -1.2666E-04 .  (  5.0000E-05 )
  gradient maximum:        7.9095E-04 .  (  4.5000E-04 )
  gradient rms:            1.6493E-04 *  (  3.0000E-04 )
  displacement maximum:    2.6330E-02 .  (  1.8000E-03 )
  displacement rms:        2.2717E-03 .  (  1.2000E-03 )
  
  predicted energy change: -4.8729E-06
  step size:     0.02735
  trust radius:  0.02652
---------------- geometry iteration  45 complete ----------------
geopt (optimize geometry) done.
onee (1-electron integrals) done.
probe (project orbitals) done.
grid (grid generation) done.
rwr (Q operators) done.
  
       i  u  d  i  g
       t  p  i  c  r                                 RMS    maximum
       e  d  i  u  i                       energy  density   DIIS  
       r  t  s  t  d       total energy    change  change    error 
  
etot    1  N  N  2  U   -1226.94675518315           3.5E-05  1.4E-03
etot    2  N  Y  2  U   -1226.94687980268  1.2E-04  1.2E-05  1.1E-04
etot    3  N  Y  2  U   -1226.94686956821 -1.0E-05  9.6E-06  3.8E-04
etot    4  N  Y  2  U   -1226.94688098669  1.1E-05  1.5E-06  2.9E-05
etot    5  N  N  2  U   -1226.94688109343  1.1E-07  0.0E+00  0.0E+00
scf (DFT) done.
der1a (1-e 1st deriv.) done.
rwr (1st deriv. Q) done.
der1b (2-e 1st deriv.) done.
  Geometry optimization step  46
  Total energy:     -1226.97513681100 hartrees
  energy change:           1.7589E-05 *  (  5.0000E-05 )
  gradient maximum:        6.8336E-04 .  (  4.5000E-04 )
  gradient rms:            9.9232E-05 *  (  3.0000E-04 )
  displacement maximum:    2.1517E-02 .  (  1.8000E-03 )
  displacement rms:        3.1233E-03 .  (  1.2000E-03 )
  
  predicted energy change: -3.2344E-06
  step size:     0.03761
  trust radius:  0.03750
---------------- geometry iteration  46 complete ----------------
geopt (optimize geometry) done.
onee (1-electron integrals) done.
probe (project orbitals) done.
grid (grid generation) done.
rwr (Q operators) done.
  
       i  u  d  i  g
       t  p  i  c  r                                 RMS    maximum
       e  d  i  u  i                       energy  density   DIIS  
       r  t  s  t  d       total energy    change  change    error 
  
etot    1  N  N  2  U   -1226.94640860478           6.6E-05  1.6E-03
etot    2  Y  Y  6  M   -1226.94684243614  4.3E-04  9.4E-06  9.0E-05
etot    3  N  Y  2  U   -1226.94684078754 -1.6E-06  7.9E-06  2.5E-04
etot    4  N  Y  2  U   -1226.94684593776  5.2E-06  2.5E-06  7.8E-05
etot    5  N  N  2  U   -1226.94684638740  4.5E-07  0.0E+00  0.0E+00
scf (DFT) done.
der1a (1-e 1st deriv.) done.
rwr (1st deriv. Q) done.
der1b (2-e 1st deriv.) done.
  Geometry optimization step  47
  Total energy:     -1226.97510520744 hartrees
  energy change:           3.1604E-05 *  (  5.0000E-05 )
  gradient maximum:        7.5322E-04 .  (  4.5000E-04 )
  gradient rms:            1.4579E-04 *  (  3.0000E-04 )
  displacement maximum:    2.1697E-02 .  (  1.8000E-03 )
  displacement rms:        4.4063E-03 .  (  1.2000E-03 )
  
  predicted energy change: -8.8632E-06
  step size:     0.05306
  trust radius:  0.05303
---------------- geometry iteration  47 complete ----------------
geopt (optimize geometry) done.
onee (1-electron integrals) done.
probe (project orbitals) done.
grid (grid generation) done.
rwr (Q operators) done.
  
       i  u  d  i  g
       t  p  i  c  r                                 RMS    maximum
       e  d  i  u  i                       energy  density   DIIS  
       r  t  s  t  d       total energy    change  change    error 
  
etot    1  N  N  2  U   -1226.94580661306           1.0E-04  2.3E-03
etot    2  Y  Y  6  M   -1226.94689432192  1.1E-03  2.2E-05  2.0E-04
etot    3  N  Y  2  U   -1226.94686061348 -3.4E-05  1.8E-05  5.5E-04
etot    4  N  Y  2  U   -1226.94689242474  3.2E-05  4.3E-06  1.1E-04
etot    5  N  N  2  U   -1226.94689384474  1.4E-06  0.0E+00  0.0E+00
scf (DFT) done.
der1a (1-e 1st deriv.) done.
rwr (1st deriv. Q) done.
der1b (2-e 1st deriv.) done.
  Geometry optimization step  48
  Total energy:     -1226.97511413194 hartrees
  energy change:          -8.9245E-06 *  (  5.0000E-05 )
  gradient maximum:        1.3335E-03 .  (  4.5000E-04 )
  gradient rms:            3.0852E-04 .  (  3.0000E-04 )
  displacement maximum:    1.0614E-02 .  (  1.8000E-03 )
  displacement rms:        2.2243E-03 .  (  1.2000E-03 )
  
  predicted energy change: -1.9174E-05
  step size:     0.02678
  trust radius:  0.02652
---------------- geometry iteration  48 complete ----------------
geopt (optimize geometry) done.
onee (1-electron integrals) done.
probe (project orbitals) done.
grid (grid generation) done.
rwr (Q operators) done.
  
       i  u  d  i  g
       t  p  i  c  r                                 RMS    maximum
       e  d  i  u  i                       energy  density   DIIS  
       r  t  s  t  d       total energy    change  change    error 
  
etot    1  N  N  2  U   -1226.94660063387           5.4E-05  1.1E-03
etot    2  Y  Y  6  M   -1226.94686179360  2.6E-04  1.8E-05  1.8E-04
etot    3  N  Y  2  U   -1226.94684021956 -2.2E-05  1.4E-05  4.8E-04
etot    4  N  Y  2  U   -1226.94686562540  2.5E-05  3.6E-06  1.0E-04
etot    5  N  N  2  U   -1226.94686629974  6.7E-07  0.0E+00  0.0E+00
scf (DFT) done.
der1a (1-e 1st deriv.) done.
rwr (1st deriv. Q) done.
der1b (2-e 1st deriv.) done.
  Geometry optimization step  49
  Total energy:     -1226.97511417802 hartrees
  energy change:          -4.6081E-08 !  (  5.0000E-05 )
  gradient maximum:        2.4260E-04 *  (  4.5000E-04 )
  gradient rms:            5.1996E-05 #  (  3.0000E-04 )
  displacement maximum:    1.1874E-02 .  (  1.8000E-03 )
  displacement rms:        2.9786E-03 .  (  1.2000E-03 )
  
  predicted energy change: -1.6115E-06
  step size:     0.03587
  trust radius:  0.03750
------------- final geometry iteration  49 complete -------------
geopt (optimize geometry) done.
cutabab2 (abab integrals) done.
der2a (1-e JK-1st deriv.) done.
der2b (2-e JK-1st deriv.) done.
der2nda (1-e 2nd deriv.) done.
der2ndb (2-e 2nd deriv.) done.
rwr (Q operators) done.
cphfa (gradient of wave function) done.
freq (vib. frequencies) done.
Job J1_2930_2111 completed on hpc-93-13.cm.cluster at Wed May 29 05:47:26 2024
Timer (jaguar_backend.py) : 3422.60 secs (0 hrs, 57 mins, 02 secs)
Finished:   Wed May 29 05:47:26 2024
