Command:  /groups/wag/programs/Schrodinger_2020_3/jaguar run -WAIT -PARALLEL 8 /central/home/labounad/wittig-ch121/out/J1_10519_2111/J1_10519_2111.in
Release:  2020-3
Exec:     /groups/wag/programs/Schrodinger_2020_3/jaguar-v10.9/bin/Linux-x86_64
Host:     hpc-21-27.cm.cluster
JobId:    hpc-21-27-0-6657e240
JobDir:   /central/scratch/labounad/J1_10519_2111#hpc-21-27-0-6657e240
Date:     Wed May 29 19:19:45 2024

Contents of /central/scratch/labounad/J1_10519_2111#hpc-21-27-0-6657e240:
/central/scratch/labounad/J1_10519_2111#hpc-21-27-0-6657e240/.write_dir.json
/central/scratch/labounad/J1_10519_2111#hpc-21-27-0-6657e240/J1_10519_2111.log
/central/scratch/labounad/J1_10519_2111#hpc-21-27-0-6657e240/J1_10519_2111.recover
/central/scratch/labounad/J1_10519_2111#hpc-21-27-0-6657e240/hpc-21-27-0-6657e240.mpinodes
/central/scratch/labounad/J1_10519_2111#hpc-21-27-0-6657e240/J1_10519_2111.in
/central/scratch/labounad/J1_10519_2111#hpc-21-27-0-6657e240/hpc-21-27-0-6657e240.nodes
/central/scratch/labounad/J1_10519_2111#hpc-21-27-0-6657e240/hpc-21-27-0-6657e240.recover
/central/scratch/labounad/J1_10519_2111#hpc-21-27-0-6657e240/hpc-21-27-0-6657e240

Executing subprocess:
/groups/wag/programs/Schrodinger_2020_3/jaguar-v10.9/bin/Linux-x86_64/jexec J1_10519_2111.in -T 8 -out /central/scratch/labounad/J1_10519_2111#hpc-21-27-0-6657e240 -cwd

Job J1_10519_2111 started on hpc-21-27.cm.cluster at Wed May 29 19:19:46 2024
jobid: hpc-21-27-0-6657e240 
Jaguar version 10.9, release 139
 Using up to   8 threads per process
Molecular Point Group: C1      
Point Group used: C1
pre (input checking) done.
onee (1-electron integrals) done.
hfig (HF initial guess) done.
probe (project orbitals) done.
grid (grid generation) done.
rwr (Q operators) done.
scf type: DFT=PBE(X+LC)+PW91 (PBE-D3)
  
       i  u  d  i  g
       t  p  i  c  r                                 RMS    maximum
       e  d  i  u  i                       energy  density   DIIS  
       r  t  s  t  d       total energy    change  change    error 
  
etot    1  N  N  5  M   -1948.41227933092           7.6E-03  1.1E-01
etot    2  Y  Y  6  M   -1940.17828982765 -8.2E+00  1.1E-02  1.7E-01
etot    3  Y  Y  6  M   -1930.09446504149 -1.0E+01  1.0E-02  1.3E-01
etot    4  N  Y  2  U   -1947.23468085338  1.7E+01  8.4E-03  7.3E-02
etot    5  Y  Y  6  M   -1945.92701038440 -1.3E+00  7.6E-03  8.2E-02
etot    6  N  Y  2  U   -1953.15127587000  7.2E+00  1.6E-03  2.8E-02
etot    7  Y  Y  6  M   -1953.42822244112  2.8E-01  7.9E-04  1.5E-02
etot    8  N  Y  2  U   -1953.52138770613  9.3E-02  4.3E-04  1.7E-02
etot    9  Y  Y  6  M   -1953.56504983981  4.4E-02  2.3E-04  6.2E-03
etot   10  N  Y  2  U   -1953.57172380670  6.7E-03  1.2E-04  4.8E-03
etot   11  Y  Y  6  M   -1953.57600881409  4.3E-03  6.3E-05  1.9E-03
etot   12  Y  Y  6  M   -1953.57697710900  9.7E-04  3.1E-05  1.2E-03
etot   13  N  Y  2  U   -1953.57717106518  1.9E-04  1.9E-05  4.6E-04
etot   14  N  Y  2  U   -1953.57724725682  7.6E-05  1.0E-05  2.9E-04
etot   15  N  Y  2  U   -1953.57726475117  1.7E-05  3.9E-06  1.7E-04
etot   16  N  N  2  U   -1953.57726777618  3.0E-06  0.0E+00  0.0E+00
scf (DFT) done.
der1a (1-e 1st deriv.) done.
rwr (1st deriv. Q) done.
der1b (2-e 1st deriv.) done.
  Geometry optimization step   1
  Total energy:     -1953.63880265370 hartrees
  gradient maximum:        4.7934E-02 .  (  4.5000E-04 )
  gradient rms:            9.9715E-03 .  (  3.0000E-04 )
  displacement maximum:    8.3041E-02 .  (  1.8000E-03 )
  displacement rms:        1.8881E-02 .  (  1.2000E-03 )
  
  predicted energy change: -3.2043E-02
  step size:     0.30032
  trust radius:  0.30000
---------------- geometry iteration   1 complete ----------------
geopt (optimize geometry) done.
onee (1-electron integrals) done.
probe (project orbitals) done.
grid (grid generation) done.
rwr (Q operators) done.
  
       i  u  d  i  g
       t  p  i  c  r                                 RMS    maximum
       e  d  i  u  i                       energy  density   DIIS  
       r  t  s  t  d       total energy    change  change    error 
  
etot    1  N  N  2  U   -1953.58699378540           7.2E-04  1.3E-02
etot    2  Y  Y  6  M   -1953.60684137680  2.0E-02  1.2E-04  1.2E-03
etot    3  N  Y  2  U   -1953.60551483084 -1.3E-03  8.9E-05  2.3E-03
etot    4  Y  Y  6  M   -1953.60736483728  1.9E-03  2.6E-05  1.2E-03
etot    5  N  Y  2  U   -1953.60767217318  3.1E-04  8.0E-06  3.4E-04
etot    6  N  Y  2  U   -1953.60768689864  1.5E-05  3.1E-06  1.0E-04
etot    7  N  N  2  U   -1953.60768965070  2.8E-06  0.0E+00  0.0E+00
scf (DFT) done.
der1a (1-e 1st deriv.) done.
rwr (1st deriv. Q) done.
der1b (2-e 1st deriv.) done.
  Geometry optimization step   2
  Total energy:     -1953.66884631946 hartrees
  energy change:          -3.0044E-02 .  (  5.0000E-05 )
  gradient maximum:        1.6815E-02 .  (  4.5000E-04 )
  gradient rms:            3.5239E-03 .  (  3.0000E-04 )
  displacement maximum:    7.8810E-02 .  (  1.8000E-03 )
  displacement rms:        1.8903E-02 .  (  1.2000E-03 )
  
  predicted energy change: -9.1378E-03
  step size:     0.30067
  trust radius:  0.30000
---------------- geometry iteration   2 complete ----------------
geopt (optimize geometry) done.
onee (1-electron integrals) done.
probe (project orbitals) done.
grid (grid generation) done.
rwr (Q operators) done.
  
       i  u  d  i  g
       t  p  i  c  r                                 RMS    maximum
       e  d  i  u  i                       energy  density   DIIS  
       r  t  s  t  d       total energy    change  change    error 
  
etot    1  N  N  2  U   -1953.58851060603           7.6E-04  1.3E-02
etot    2  Y  Y  6  M   -1953.61675862837  2.8E-02  1.3E-04  2.5E-03
etot    3  N  Y  2  U   -1953.61342810968 -3.3E-03  9.4E-05  7.6E-03
etot    4  Y  Y  6  M   -1953.61713370833  3.7E-03  2.0E-05  1.3E-03
etot    5  N  Y  2  U   -1953.61725730370  1.2E-04  6.6E-06  2.0E-04
etot    6  N  Y  2  U   -1953.61726840327  1.1E-05  2.5E-06  7.2E-05
etot    7  N  N  2  U   -1953.61726970721  1.3E-06  0.0E+00  0.0E+00
scf (DFT) done.
der1a (1-e 1st deriv.) done.
rwr (1st deriv. Q) done.
der1b (2-e 1st deriv.) done.
  Geometry optimization step   3
  Total energy:     -1953.67829057434 hartrees
  energy change:          -9.4443E-03 .  (  5.0000E-05 )
  gradient maximum:        1.0202E-02 .  (  4.5000E-04 )
  gradient rms:            1.7279E-03 .  (  3.0000E-04 )
  displacement maximum:    8.5715E-02 .  (  1.8000E-03 )
  displacement rms:        1.8859E-02 .  (  1.2000E-03 )
  
  predicted energy change: -3.9960E-03
  step size:     0.29998
  trust radius:  0.30000
---------------- geometry iteration   3 complete ----------------
geopt (optimize geometry) done.
onee (1-electron integrals) done.
probe (project orbitals) done.
grid (grid generation) done.
rwr (Q operators) done.
  
       i  u  d  i  g
       t  p  i  c  r                                 RMS    maximum
       e  d  i  u  i                       energy  density   DIIS  
       r  t  s  t  d       total energy    change  change    error 
  
etot    1  N  N  2  U   -1953.58864234812           3.5E-04  7.8E-03
etot    2  Y  Y  6  M   -1953.61918037490  3.1E-02  7.6E-05  5.8E-04
etot    3  N  Y  2  U   -1953.61814404505 -1.0E-03  6.0E-05  1.8E-03
etot    4  Y  Y  6  M   -1953.61911541126  9.7E-04  1.6E-05  6.3E-04
etot    5  N  Y  2  U   -1953.61918677701  7.1E-05  5.4E-06  2.1E-04
etot    6  N  Y  2  U   -1953.61919598476  9.2E-06  2.2E-06  6.1E-05
etot    7  N  N  2  U   -1953.61919658539  6.0E-07  0.0E+00  0.0E+00
scf (DFT) done.
der1a (1-e 1st deriv.) done.
rwr (1st deriv. Q) done.
der1b (2-e 1st deriv.) done.
  Geometry optimization step   4
  Total energy:     -1953.68136397237 hartrees
  energy change:          -3.0734E-03 .  (  5.0000E-05 )
  gradient maximum:        1.9608E-02 .  (  4.5000E-04 )
  gradient rms:            3.0408E-03 .  (  3.0000E-04 )
  displacement maximum:    1.0720E-01 .  (  1.8000E-03 )
  displacement rms:        1.8867E-02 .  (  1.2000E-03 )
  
  predicted energy change: -3.1479E-03
  step size:     0.30010
  trust radius:  0.30000
---------------- geometry iteration   4 complete ----------------
geopt (optimize geometry) done.
onee (1-electron integrals) done.
probe (project orbitals) done.
grid (grid generation) done.
rwr (Q operators) done.
  
       i  u  d  i  g
       t  p  i  c  r                                 RMS    maximum
       e  d  i  u  i                       energy  density   DIIS  
       r  t  s  t  d       total energy    change  change    error 
  
etot    1  N  N  2  U   -1953.58468619049           3.8E-04  1.1E-02
etot    2  Y  Y  6  M   -1953.62192019053  3.7E-02  1.0E-04  1.2E-03
etot    3  N  Y  2  U   -1953.61988448835 -2.0E-03  7.8E-05  3.6E-03
etot    4  Y  Y  6  M   -1953.62199467041  2.1E-03  1.8E-05  7.0E-04
etot    5  N  Y  2  U   -1953.62207304465  7.8E-05  7.3E-06  2.6E-04
etot    6  N  Y  2  U   -1953.62209249008  1.9E-05  2.5E-06  4.3E-05
etot    7  N  N  2  U   -1953.62209308214  5.9E-07  0.0E+00  0.0E+00
scf (DFT) done.
der1a (1-e 1st deriv.) done.
rwr (1st deriv. Q) done.
der1b (2-e 1st deriv.) done.
  Geometry optimization step   5
  Total energy:     -1953.68397603884 hartrees
  energy change:          -2.6121E-03 .  (  5.0000E-05 )
  gradient maximum:        6.3307E-03 .  (  4.5000E-04 )
  gradient rms:            1.3044E-03 .  (  3.0000E-04 )
  displacement maximum:    1.0025E-01 .  (  1.8000E-03 )
  displacement rms:        1.8888E-02 .  (  1.2000E-03 )
  
  predicted energy change: -2.1879E-03
  step size:     0.30044
  trust radius:  0.30000
---------------- geometry iteration   5 complete ----------------
geopt (optimize geometry) done.
onee (1-electron integrals) done.
probe (project orbitals) done.
grid (grid generation) done.
rwr (Q operators) done.
  
       i  u  d  i  g
       t  p  i  c  r                                 RMS    maximum
       e  d  i  u  i                       energy  density   DIIS  
       r  t  s  t  d       total energy    change  change    error 
  
etot    1  N  N  2  U   -1953.59750751594           3.4E-04  6.4E-03
etot    2  Y  Y  6  M   -1953.62495448495  2.7E-02  7.6E-05  6.9E-04
etot    3  N  Y  2  U   -1953.62410989153 -8.4E-04  5.4E-05  1.8E-03
etot    4  Y  Y  6  M   -1953.62499524529  8.9E-04  1.5E-05  6.8E-04
etot    5  N  Y  2  U   -1953.62505110131  5.6E-05  6.5E-06  3.4E-04
etot    6  N  Y  2  U   -1953.62506761730  1.7E-05  2.2E-06  6.8E-05
etot    7  N  N  2  U   -1953.62506845420  8.4E-07  0.0E+00  0.0E+00
scf (DFT) done.
der1a (1-e 1st deriv.) done.
rwr (1st deriv. Q) done.
der1b (2-e 1st deriv.) done.
  Geometry optimization step   6
  Total energy:     -1953.68595764125 hartrees
  energy change:          -1.9816E-03 .  (  5.0000E-05 )
  gradient maximum:        9.2140E-03 .  (  4.5000E-04 )
  gradient rms:            1.4221E-03 .  (  3.0000E-04 )
  displacement maximum:    1.1717E-01 .  (  1.8000E-03 )
  displacement rms:        1.8859E-02 .  (  1.2000E-03 )
  
  predicted energy change: -1.5370E-03
  step size:     0.29996
  trust radius:  0.30000
---------------- geometry iteration   6 complete ----------------
geopt (optimize geometry) done.
onee (1-electron integrals) done.
probe (project orbitals) done.
grid (grid generation) done.
rwr (Q operators) done.
  
       i  u  d  i  g
       t  p  i  c  r                                 RMS    maximum
       e  d  i  u  i                       energy  density   DIIS  
       r  t  s  t  d       total energy    change  change    error 
  
etot    1  N  N  2  U   -1953.59752989311           3.3E-04  1.2E-02
etot    2  Y  Y  6  M   -1953.62548048982  2.8E-02  8.2E-05  7.1E-04
etot    3  N  Y  2  U   -1953.62448990881 -9.9E-04  6.2E-05  1.7E-03
etot    4  Y  Y  6  M   -1953.62552654391  1.0E-03  1.7E-05  6.1E-04
etot    5  N  Y  2  U   -1953.62557365566  4.7E-05  7.3E-06  4.7E-04
etot    6  N  Y  2  U   -1953.62559340555  2.0E-05  2.2E-06  8.3E-05
etot    7  N  N  2  U   -1953.62559400981  6.0E-07  0.0E+00  0.0E+00
scf (DFT) done.
der1a (1-e 1st deriv.) done.
rwr (1st deriv. Q) done.
der1b (2-e 1st deriv.) done.
  Geometry optimization step   7
  Total energy:     -1953.68699897687 hartrees
  energy change:          -1.0413E-03 .  (  5.0000E-05 )
  gradient maximum:        5.6218E-03 .  (  4.5000E-04 )
  gradient rms:            9.7673E-04 .  (  3.0000E-04 )
  displacement maximum:    1.0516E-01 .  (  1.8000E-03 )
  displacement rms:        1.8861E-02 .  (  1.2000E-03 )
  
  predicted energy change: -1.0282E-03
  step size:     0.30000
  trust radius:  0.30000
---------------- geometry iteration   7 complete ----------------
geopt (optimize geometry) done.
onee (1-electron integrals) done.
probe (project orbitals) done.
grid (grid generation) done.
rwr (Q operators) done.
  
       i  u  d  i  g
       t  p  i  c  r                                 RMS    maximum
       e  d  i  u  i                       energy  density   DIIS  
       r  t  s  t  d       total energy    change  change    error 
  
etot    1  N  N  2  U   -1953.59660888755           3.3E-04  8.0E-03
etot    2  Y  Y  6  M   -1953.62551219654  2.9E-02  5.7E-05  6.6E-04
etot    3  N  Y  2  U   -1953.62502934612 -4.8E-04  4.2E-05  1.1E-03
etot    4  N  Y  2  U   -1953.62552506590  5.0E-04  1.4E-05  4.6E-04
etot    5  N  Y  2  U   -1953.62556327679  3.8E-05  5.6E-06  2.6E-04
etot    6  N  Y  2  U   -1953.62557667141  1.3E-05  1.7E-06  3.5E-05
etot    7  N  N  2  U   -1953.62557695136  2.8E-07  0.0E+00  0.0E+00
scf (DFT) done.
der1a (1-e 1st deriv.) done.
rwr (1st deriv. Q) done.
der1b (2-e 1st deriv.) done.
  Geometry optimization step   8
  Total energy:     -1953.68735377440 hartrees
  energy change:          -3.5480E-04 .  (  5.0000E-05 )
  gradient maximum:        5.4446E-03 .  (  4.5000E-04 )
  gradient rms:            9.1191E-04 .  (  3.0000E-04 )
  displacement maximum:    1.0742E-01 .  (  1.8000E-03 )
  displacement rms:        1.8848E-02 .  (  1.2000E-03 )
  
  predicted energy change: -9.5477E-04
  step size:     0.29980
  trust radius:  0.30000
---------------- geometry iteration   8 complete ----------------
geopt (optimize geometry) done.
onee (1-electron integrals) done.
probe (project orbitals) done.
grid (grid generation) done.
rwr (Q operators) done.
  
       i  u  d  i  g
       t  p  i  c  r                                 RMS    maximum
       e  d  i  u  i                       energy  density   DIIS  
       r  t  s  t  d       total energy    change  change    error 
  
etot    1  N  N  2  U   -1953.60023915416           3.3E-04  8.4E-03
etot    2  Y  Y  6  M   -1953.62676127589  2.7E-02  5.0E-05  6.1E-04
etot    3  N  Y  2  U   -1953.62641611393 -3.5E-04  3.6E-05  1.1E-03
etot    4  N  Y  2  U   -1953.62676825988  3.5E-04  1.2E-05  4.5E-04
etot    5  N  Y  2  U   -1953.62679599527  2.8E-05  4.9E-06  2.9E-04
etot    6  N  Y  2  U   -1953.62680607782  1.0E-05  1.7E-06  4.4E-05
etot    7  N  N  2  U   -1953.62680625193  1.7E-07  0.0E+00  0.0E+00
scf (DFT) done.
der1a (1-e 1st deriv.) done.
rwr (1st deriv. Q) done.
der1b (2-e 1st deriv.) done.
  Geometry optimization step   9
  Total energy:     -1953.68780759446 hartrees
  energy change:          -4.5382E-04 .  (  5.0000E-05 )
  gradient maximum:        5.0432E-03 .  (  4.5000E-04 )
  gradient rms:            1.0169E-03 .  (  3.0000E-04 )
  displacement maximum:    7.9736E-02 .  (  1.8000E-03 )
  displacement rms:        1.3764E-02 .  (  1.2000E-03 )
  
  predicted energy change: -5.6022E-04
  step size:     0.21893
  trust radius:  0.30000
---------------- geometry iteration   9 complete ----------------
geopt (optimize geometry) done.
onee (1-electron integrals) done.
probe (project orbitals) done.
grid (grid generation) done.
rwr (Q operators) done.
  
       i  u  d  i  g
       t  p  i  c  r                                 RMS    maximum
       e  d  i  u  i                       energy  density   DIIS  
       r  t  s  t  d       total energy    change  change    error 
  
etot    1  N  N  2  U   -1953.61490817456           2.3E-04  6.2E-03
etot    2  Y  Y  6  M   -1953.62700421058  1.2E-02  4.5E-05  7.1E-04
etot    3  N  Y  2  U   -1953.62662215099 -3.8E-04  3.4E-05  1.9E-03
etot    4  N  Y  2  U   -1953.62697961273  3.6E-04  1.1E-05  6.2E-04
etot    5  N  Y  2  U   -1953.62700939084  3.0E-05  4.0E-06  1.7E-04
etot    6  N  N  2  U   -1953.62701569365  6.3E-06  0.0E+00  0.0E+00
scf (DFT) done.
der1a (1-e 1st deriv.) done.
rwr (1st deriv. Q) done.
der1b (2-e 1st deriv.) done.
  Geometry optimization step  10
  Total energy:     -1953.68838637966 hartrees
  energy change:          -5.7879E-04 .  (  5.0000E-05 )
  gradient maximum:        3.7563E-03 .  (  4.5000E-04 )
  gradient rms:            6.1816E-04 .  (  3.0000E-04 )
  displacement maximum:    6.9968E-02 .  (  1.8000E-03 )
  displacement rms:        9.8686E-03 .  (  1.2000E-03 )
  
  predicted energy change: -3.3912E-04
  step size:     0.15697
  trust radius:  0.30000
---------------- geometry iteration  10 complete ----------------
geopt (optimize geometry) done.
onee (1-electron integrals) done.
probe (project orbitals) done.
grid (grid generation) done.
rwr (Q operators) done.
  
       i  u  d  i  g
       t  p  i  c  r                                 RMS    maximum
       e  d  i  u  i                       energy  density   DIIS  
       r  t  s  t  d       total energy    change  change    error 
  
etot    1  N  N  2  U   -1953.61742697925           2.0E-04  3.8E-03
etot    2  Y  Y  6  M   -1953.62702117286  9.6E-03  3.9E-05  6.7E-04
etot    3  N  Y  2  U   -1953.62677179268 -2.5E-04  3.0E-05  1.9E-03
etot    4  N  Y  2  U   -1953.62705473273  2.8E-04  9.7E-06  6.6E-04
etot    5  N  Y  2  U   -1953.62708585641  3.1E-05  3.3E-06  1.5E-04
etot    6  N  N  2  U   -1953.62709080662  5.0E-06  0.0E+00  0.0E+00
scf (DFT) done.
der1a (1-e 1st deriv.) done.
rwr (1st deriv. Q) done.
der1b (2-e 1st deriv.) done.
  Geometry optimization step  11
  Total energy:     -1953.68875496773 hartrees
  energy change:          -3.6859E-04 .  (  5.0000E-05 )
  gradient maximum:        4.4027E-03 .  (  4.5000E-04 )
  gradient rms:            6.2462E-04 .  (  3.0000E-04 )
  displacement maximum:    6.5265E-02 .  (  1.8000E-03 )
  displacement rms:        1.2434E-02 .  (  1.2000E-03 )
  
  predicted energy change: -2.6194E-04
  step size:     0.19777
  trust radius:  0.30000
---------------- geometry iteration  11 complete ----------------
geopt (optimize geometry) done.
onee (1-electron integrals) done.
probe (project orbitals) done.
grid (grid generation) done.
rwr (Q operators) done.
  
       i  u  d  i  g
       t  p  i  c  r                                 RMS    maximum
       e  d  i  u  i                       energy  density   DIIS  
       r  t  s  t  d       total energy    change  change    error 
  
etot    1  N  N  2  U   -1953.61027203593           2.6E-04  5.5E-03
etot    2  Y  Y  6  M   -1953.62710246696  1.7E-02  4.8E-05  5.4E-04
etot    3  N  Y  2  U   -1953.62667440983 -4.3E-04  3.7E-05  1.6E-03
etot    4  N  Y  2  U   -1953.62708987831  4.2E-04  1.1E-05  5.8E-04
etot    5  N  Y  2  U   -1953.62711922564  2.9E-05  4.0E-06  2.1E-04
etot    6  N  N  2  U   -1953.62712656399  7.3E-06  0.0E+00  0.0E+00
scf (DFT) done.
der1a (1-e 1st deriv.) done.
rwr (1st deriv. Q) done.
der1b (2-e 1st deriv.) done.
  Geometry optimization step  12
  Total energy:     -1953.68904265662 hartrees
  energy change:          -2.8769E-04 .  (  5.0000E-05 )
  gradient maximum:        2.6604E-03 .  (  4.5000E-04 )
  gradient rms:            5.6004E-04 .  (  3.0000E-04 )
  displacement maximum:    9.3529E-02 .  (  1.8000E-03 )
  displacement rms:        1.8895E-02 .  (  1.2000E-03 )
  
  predicted energy change: -4.8050E-04
  step size:     0.30054
  trust radius:  0.30000
---------------- geometry iteration  12 complete ----------------
geopt (optimize geometry) done.
onee (1-electron integrals) done.
probe (project orbitals) done.
grid (grid generation) done.
rwr (Q operators) done.
  
       i  u  d  i  g
       t  p  i  c  r                                 RMS    maximum
       e  d  i  u  i                       energy  density   DIIS  
       r  t  s  t  d       total energy    change  change    error 
  
etot    1  N  N  2  U   -1953.58220355318           4.2E-04  1.1E-02
etot    2  Y  Y  6  M   -1953.62684963663  4.5E-02  7.2E-05  8.1E-04
etot    3  N  Y  2  U   -1953.62596726617 -8.8E-04  5.5E-05  2.1E-03
etot    4  Y  Y  6  M   -1953.62689468872  9.3E-04  1.6E-05  8.2E-04
etot    5  N  Y  2  U   -1953.62696516462  7.0E-05  6.1E-06  3.1E-04
etot    6  N  Y  2  U   -1953.62697931731  1.4E-05  2.4E-06  6.7E-05
etot    7  N  N  2  U   -1953.62698005578  7.4E-07  0.0E+00  0.0E+00
scf (DFT) done.
der1a (1-e 1st deriv.) done.
rwr (1st deriv. Q) done.
der1b (2-e 1st deriv.) done.
  Geometry optimization step  13
  Total energy:     -1953.68931271745 hartrees
  energy change:          -2.7006E-04 .  (  5.0000E-05 )
  gradient maximum:        3.3163E-03 .  (  4.5000E-04 )
  gradient rms:            6.8047E-04 .  (  3.0000E-04 )
  displacement maximum:    6.2105E-02 .  (  1.8000E-03 )
  displacement rms:        1.1491E-02 .  (  1.2000E-03 )
  
  predicted energy change: -2.9579E-04
  step size:     0.18277
  trust radius:  0.30000
---------------- geometry iteration  13 complete ----------------
geopt (optimize geometry) done.
onee (1-electron integrals) done.
probe (project orbitals) done.
grid (grid generation) done.
rwr (Q operators) done.
  
       i  u  d  i  g
       t  p  i  c  r                                 RMS    maximum
       e  d  i  u  i                       energy  density   DIIS  
       r  t  s  t  d       total energy    change  change    error 
  
etot    1  N  N  2  U   -1953.61890966876           1.9E-04  4.1E-03
etot    2  Y  Y  6  M   -1953.62729311172  8.4E-03  4.6E-05  3.5E-04
etot    3  N  Y  2  U   -1953.62707722033 -2.2E-04  3.6E-05  9.5E-04
etot    4  N  Y  2  U   -1953.62741552046  3.4E-04  9.1E-06  2.2E-04
etot    5  N  Y  2  U   -1953.62743227646  1.7E-05  2.9E-06  1.3E-04
etot    6  N  N  2  U   -1953.62743535061  3.1E-06  0.0E+00  0.0E+00
scf (DFT) done.
der1a (1-e 1st deriv.) done.
rwr (1st deriv. Q) done.
der1b (2-e 1st deriv.) done.
  Geometry optimization step  14
  Total energy:     -1953.68939000115 hartrees
  energy change:          -7.7284E-05 .  (  5.0000E-05 )
  gradient maximum:        7.1394E-03 .  (  4.5000E-04 )
  gradient rms:            8.1037E-04 .  (  3.0000E-04 )
  displacement maximum:    5.9976E-02 .  (  1.8000E-03 )
  displacement rms:        8.9675E-03 .  (  1.2000E-03 )
  
  predicted energy change: -2.5509E-04
  step size:     0.14264
  trust radius:  0.30000
---------------- geometry iteration  14 complete ----------------
geopt (optimize geometry) done.
onee (1-electron integrals) done.
probe (project orbitals) done.
grid (grid generation) done.
rwr (Q operators) done.
  
       i  u  d  i  g
       t  p  i  c  r                                 RMS    maximum
       e  d  i  u  i                       energy  density   DIIS  
       r  t  s  t  d       total energy    change  change    error 
  
etot    1  N  N  2  U   -1953.62108357013           1.7E-04  3.8E-03
etot    2  Y  Y  6  M   -1953.62734624157  6.3E-03  3.1E-05  3.7E-04
etot    3  N  Y  2  U   -1953.62722350624 -1.2E-04  2.4E-05  8.3E-04
etot    4  N  Y  2  U   -1953.62739075480  1.7E-04  7.0E-06  2.4E-04
etot    5  N  Y  2  U   -1953.62740336502  1.3E-05  2.5E-06  8.7E-05
etot    6  N  N  2  U   -1953.62740443981  1.1E-06  0.0E+00  0.0E+00
scf (DFT) done.
der1a (1-e 1st deriv.) done.
rwr (1st deriv. Q) done.
der1b (2-e 1st deriv.) done.
  Geometry optimization step  15
  Total energy:     -1953.68957731198 hartrees
  energy change:          -1.8731E-04 .  (  5.0000E-05 )
  gradient maximum:        2.2622E-03 .  (  4.5000E-04 )
  gradient rms:            4.0863E-04 .  (  3.0000E-04 )
  displacement maximum:    5.2194E-02 .  (  1.8000E-03 )
  displacement rms:        8.6863E-03 .  (  1.2000E-03 )
  
  predicted energy change: -1.3494E-04
  step size:     0.13816
  trust radius:  0.30000
---------------- geometry iteration  15 complete ----------------
geopt (optimize geometry) done.
onee (1-electron integrals) done.
probe (project orbitals) done.
grid (grid generation) done.
rwr (Q operators) done.
  
       i  u  d  i  g
       t  p  i  c  r                                 RMS    maximum
       e  d  i  u  i                       energy  density   DIIS  
       r  t  s  t  d       total energy    change  change    error 
  
etot    1  N  N  2  U   -1953.62036409430           1.7E-04  4.8E-03
etot    2  Y  Y  6  M   -1953.62764134053  7.3E-03  2.7E-05  3.7E-04
etot    3  N  Y  2  U   -1953.62755689387 -8.4E-05  2.2E-05  5.5E-04
etot    4  N  Y  2  U   -1953.62766999363  1.1E-04  7.8E-06  2.6E-04
etot    5  N  Y  2  U   -1953.62768568568  1.6E-05  2.7E-06  1.1E-04
etot    6  N  N  2  U   -1953.62768808494  2.4E-06  0.0E+00  0.0E+00
scf (DFT) done.
der1a (1-e 1st deriv.) done.
rwr (1st deriv. Q) done.
der1b (2-e 1st deriv.) done.
  Geometry optimization step  16
  Total energy:     -1953.68978392670 hartrees
  energy change:          -2.0661E-04 .  (  5.0000E-05 )
  gradient maximum:        1.7971E-03 .  (  4.5000E-04 )
  gradient rms:            3.7910E-04 .  (  3.0000E-04 )
  displacement maximum:    2.4945E-02 .  (  1.8000E-03 )
  displacement rms:        5.0557E-03 .  (  1.2000E-03 )
  
  predicted energy change: -1.0188E-04
  step size:     0.08042
  trust radius:  0.30000
---------------- geometry iteration  16 complete ----------------
geopt (optimize geometry) done.
onee (1-electron integrals) done.
probe (project orbitals) done.
grid (grid generation) done.
rwr (Q operators) done.
  
       i  u  d  i  g
       t  p  i  c  r                                 RMS    maximum
       e  d  i  u  i                       energy  density   DIIS  
       r  t  s  t  d       total energy    change  change    error 
  
etot    1  N  N  2  U   -1953.62536353210           1.1E-04  2.4E-03
etot    2  Y  Y  6  M   -1953.62779855853  2.4E-03  2.2E-05  3.6E-04
etot    3  N  Y  2  U   -1953.62770059892 -9.8E-05  1.6E-05  1.1E-03
etot    4  N  Y  2  U   -1953.62779572300  9.5E-05  4.0E-06  2.4E-04
etot    5  N  N  2  U   -1953.62780052756  4.8E-06  0.0E+00  0.0E+00
scf (DFT) done.
der1a (1-e 1st deriv.) done.
rwr (1st deriv. Q) done.
der1b (2-e 1st deriv.) done.
  Geometry optimization step  17
  Total energy:     -1953.68982497772 hartrees
  energy change:          -4.1051E-05 *  (  5.0000E-05 )
  gradient maximum:        1.0406E-03 .  (  4.5000E-04 )
  gradient rms:            2.4227E-04 *  (  3.0000E-04 )
  displacement maximum:    1.6240E-02 .  (  1.8000E-03 )
  displacement rms:        3.3689E-03 .  (  1.2000E-03 )
  
  predicted energy change: -3.6964E-05
  step size:     0.05359
  trust radius:  0.30000
---------------- geometry iteration  17 complete ----------------
geopt (optimize geometry) done.
onee (1-electron integrals) done.
probe (project orbitals) done.
grid (grid generation) done.
rwr (Q operators) done.
  
       i  u  d  i  g
       t  p  i  c  r                                 RMS    maximum
       e  d  i  u  i                       energy  density   DIIS  
       r  t  s  t  d       total energy    change  change    error 
  
etot    1  N  N  2  U   -1953.62666051476           7.2E-05  1.4E-03
etot    2  Y  Y  6  M   -1953.62788732602  1.2E-03  1.7E-05  1.7E-04
etot    3  N  Y  2  U   -1953.62783891130 -4.8E-05  1.3E-05  4.6E-04
etot    4  N  Y  2  U   -1953.62789998905  6.1E-05  3.7E-06  1.5E-04
etot    5  N  N  2  U   -1953.62790243753  2.4E-06  0.0E+00  0.0E+00
scf (DFT) done.
der1a (1-e 1st deriv.) done.
rwr (1st deriv. Q) done.
der1b (2-e 1st deriv.) done.
  Geometry optimization step  18
  Total energy:     -1953.68983858961 hartrees
  energy change:          -1.3612E-05 *  (  5.0000E-05 )
  gradient maximum:        8.5341E-04 .  (  4.5000E-04 )
  gradient rms:            1.8481E-04 *  (  3.0000E-04 )
  displacement maximum:    2.5211E-02 .  (  1.8000E-03 )
  displacement rms:        3.2483E-03 .  (  1.2000E-03 )
  
  predicted energy change: -2.1703E-05
  step size:     0.05167
  trust radius:  0.30000
---------------- geometry iteration  18 complete ----------------
geopt (optimize geometry) done.
onee (1-electron integrals) done.
probe (project orbitals) done.
grid (grid generation) done.
rwr (Q operators) done.
  
       i  u  d  i  g
       t  p  i  c  r                                 RMS    maximum
       e  d  i  u  i                       energy  density   DIIS  
       r  t  s  t  d       total energy    change  change    error 
  
etot    1  N  N  2  U   -1953.62652551367           7.4E-05  1.8E-03
etot    2  Y  Y  6  M   -1953.62790640394  1.4E-03  2.1E-05  3.4E-04
etot    3  N  Y  2  U   -1953.62778262939 -1.2E-04  1.7E-05  1.1E-03
etot    4  N  Y  2  U   -1953.62790243092  1.2E-04  3.0E-06  1.2E-04
etot    5  N  N  2  U   -1953.62790395863  1.5E-06  0.0E+00  0.0E+00
scf (DFT) done.
der1a (1-e 1st deriv.) done.
rwr (1st deriv. Q) done.
der1b (2-e 1st deriv.) done.
  Geometry optimization step  19
  Total energy:     -1953.68989927037 hartrees
  energy change:          -6.0681E-05 .  (  5.0000E-05 )
  gradient maximum:        7.4118E-04 .  (  4.5000E-04 )
  gradient rms:            1.1806E-04 *  (  3.0000E-04 )
  displacement maximum:    1.5118E-02 .  (  1.8000E-03 )
  displacement rms:        2.8195E-03 .  (  1.2000E-03 )
  
  predicted energy change: -1.3705E-05
  step size:     0.04485
  trust radius:  0.30000
---------------- geometry iteration  19 complete ----------------
geopt (optimize geometry) done.
onee (1-electron integrals) done.
probe (project orbitals) done.
grid (grid generation) done.
rwr (Q operators) done.
  
       i  u  d  i  g
       t  p  i  c  r                                 RMS    maximum
       e  d  i  u  i                       energy  density   DIIS  
       r  t  s  t  d       total energy    change  change    error 
  
etot    1  N  N  2  U   -1953.62756299840           5.3E-05  1.0E-03
etot    2  Y  Y  6  M   -1953.62799565878  4.3E-04  1.5E-05  2.0E-04
etot    3  N  Y  2  U   -1953.62794773493 -4.8E-05  1.1E-05  6.4E-04
etot    4  N  Y  2  U   -1953.62799883383  5.1E-05  2.2E-06  9.3E-05
etot    5  N  N  2  U   -1953.62799963109  8.0E-07  0.0E+00  0.0E+00
scf (DFT) done.
der1a (1-e 1st deriv.) done.
rwr (1st deriv. Q) done.
der1b (2-e 1st deriv.) done.
  Geometry optimization step  20
  Total energy:     -1953.68993159201 hartrees
  energy change:          -3.2322E-05 *  (  5.0000E-05 )
  gradient maximum:        5.2522E-04 .  (  4.5000E-04 )
  gradient rms:            1.0420E-04 *  (  3.0000E-04 )
  displacement maximum:    8.1268E-03 .  (  1.8000E-03 )
  displacement rms:        1.4066E-03 .  (  1.2000E-03 )
  
  predicted energy change: -6.3771E-06
  step size:     0.02237
  trust radius:  0.30000
---------------- geometry iteration  20 complete ----------------
geopt (optimize geometry) done.
onee (1-electron integrals) done.
probe (project orbitals) done.
grid (grid generation) done.
rwr (Q operators) done.
  
       i  u  d  i  g
       t  p  i  c  r                                 RMS    maximum
       e  d  i  u  i                       energy  density   DIIS  
       r  t  s  t  d       total energy    change  change    error 
  
etot    1  N  N  2  U   -1953.62785971240           3.1E-05  8.0E-04
etot    2  N  Y  2  U   -1953.62805226992  1.9E-04  9.1E-06  8.6E-05
etot    3  N  Y  2  U   -1953.62803875392 -1.4E-05  6.8E-06  2.2E-04
etot    4  N  Y  2  U   -1953.62805508519  1.6E-05  1.6E-06  6.8E-05
etot    5  N  N  2  U   -1953.62805553847  4.5E-07  0.0E+00  0.0E+00
scf (DFT) done.
der1a (1-e 1st deriv.) done.
rwr (1st deriv. Q) done.
der1b (2-e 1st deriv.) done.
  Geometry optimization step  21
  Total energy:     -1953.68994186642 hartrees
  energy change:          -1.0274E-05 *  (  5.0000E-05 )
  gradient maximum:        4.7728E-04 .  (  4.5000E-04 )
  gradient rms:            7.9772E-05 *  (  3.0000E-04 )
  displacement maximum:    1.2231E-02 .  (  1.8000E-03 )
  displacement rms:        1.7808E-03 .  (  1.2000E-03 )
  
  predicted energy change: -4.4890E-06
  step size:     0.02833
  trust radius:  0.30000
---------------- geometry iteration  21 complete ----------------
geopt (optimize geometry) done.
onee (1-electron integrals) done.
probe (project orbitals) done.
grid (grid generation) done.
rwr (Q operators) done.
  
       i  u  d  i  g
       t  p  i  c  r                                 RMS    maximum
       e  d  i  u  i                       energy  density   DIIS  
       r  t  s  t  d       total energy    change  change    error 
  
etot    1  N  N  2  U   -1953.62795101187           3.4E-05  4.2E-04
etot    2  N  Y  2  U   -1953.62809330702  1.4E-04  1.3E-05  1.5E-04
etot    3  N  Y  2  U   -1953.62806476949 -2.9E-05  9.1E-06  4.7E-04
etot    4  N  Y  2  U   -1953.62809885953  3.4E-05  1.6E-06  6.5E-05
etot    5  N  N  2  U   -1953.62809876570 -9.4E-08  0.0E+00  0.0E+00
scf (DFT) done.
der1a (1-e 1st deriv.) done.
rwr (1st deriv. Q) done.
der1b (2-e 1st deriv.) done.
  Geometry optimization step  22
  Total energy:     -1953.68996615265 hartrees
  energy change:          -2.4286E-05 *  (  5.0000E-05 )
  gradient maximum:        6.5211E-04 .  (  4.5000E-04 )
  gradient rms:            7.3981E-05 *  (  3.0000E-04 )
  displacement maximum:    6.2225E-03 .  (  1.8000E-03 )
  displacement rms:        1.1323E-03 *  (  1.2000E-03 )
  
  predicted energy change: -2.3823E-06
  step size:     0.01801
  trust radius:  0.30000
---------------- geometry iteration  22 complete ----------------
geopt (optimize geometry) done.
onee (1-electron integrals) done.
probe (project orbitals) done.
grid (grid generation) done.
rwr (Q operators) done.
  
       i  u  d  i  g
       t  p  i  c  r                                 RMS    maximum
       e  d  i  u  i                       energy  density   DIIS  
       r  t  s  t  d       total energy    change  change    error 
  
etot    1  N  N  2  U   -1953.62796437425           2.6E-05  5.0E-04
etot    2  N  Y  2  U   -1953.62806754842  1.0E-04  8.5E-06  8.7E-05
etot    3  N  Y  2  U   -1953.62805426112 -1.3E-05  6.4E-06  2.5E-04
etot    4  N  Y  2  U   -1953.62807004329  1.6E-05  1.2E-06  3.2E-05
etot    5  N  N  2  U   -1953.62807023172  1.9E-07  0.0E+00  0.0E+00
scf (DFT) done.
der1a (1-e 1st deriv.) done.
rwr (1st deriv. Q) done.
der1b (2-e 1st deriv.) done.
  Geometry optimization step  23
  Total energy:     -1953.68995722473 hartrees
  energy change:           8.9279E-06 *  (  5.0000E-05 )
  gradient maximum:        1.2005E-04 *  (  4.5000E-04 )
  gradient rms:            3.2172E-05 #  (  3.0000E-04 )
  displacement maximum:    3.9657E-03 .  (  1.8000E-03 )
  displacement rms:        5.1451E-04 *  (  1.2000E-03 )
  
  predicted energy change: -7.5072E-07
  step size:     0.00818
  trust radius:  0.30000
------------- final geometry iteration  23 complete -------------
geopt (optimize geometry) done.
cutabab2 (abab integrals) done.
der2a (1-e JK-1st deriv.) done.
der2b (2-e JK-1st deriv.) done.
der2nda (1-e 2nd deriv.) done.
der2ndb (2-e 2nd deriv.) done.
rwr (Q operators) done.
cphfa (gradient of wave function) done.
freq (vib. frequencies) done.
Job J1_10519_2111 completed on hpc-21-27.cm.cluster at Wed May 29 20:16:50 2024
Timer (jaguar_backend.py) : 3424.65 secs (0 hrs, 57 mins, 04 secs)
Finished:   Wed May 29 20:16:50 2024
