Command:  /groups/wag/programs/Schrodinger_2020_3/jaguar run -WAIT -PARALLEL 8 /central/home/labounad/wittig-ch121/out/J1_10243_2111/J1_10243_2111.in
Release:  2020-3
Exec:     /groups/wag/programs/Schrodinger_2020_3/jaguar-v10.9/bin/Linux-x86_64
Host:     hpc-90-22.cm.cluster
JobId:    hpc-90-22-0-6657de24
JobDir:   /central/scratch/labounad/J1_10243_2111#hpc-90-22-0-6657de24
Date:     Wed May 29 19:02:14 2024

Contents of /central/scratch/labounad/J1_10243_2111#hpc-90-22-0-6657de24:
/central/scratch/labounad/J1_10243_2111#hpc-90-22-0-6657de24/J1_10243_2111.log
/central/scratch/labounad/J1_10243_2111#hpc-90-22-0-6657de24/hpc-90-22-0-6657de24.recover
/central/scratch/labounad/J1_10243_2111#hpc-90-22-0-6657de24/.write_dir.json
/central/scratch/labounad/J1_10243_2111#hpc-90-22-0-6657de24/J1_10243_2111.recover
/central/scratch/labounad/J1_10243_2111#hpc-90-22-0-6657de24/J1_10243_2111.in
/central/scratch/labounad/J1_10243_2111#hpc-90-22-0-6657de24/hpc-90-22-0-6657de24.nodes
/central/scratch/labounad/J1_10243_2111#hpc-90-22-0-6657de24/hpc-90-22-0-6657de24.mpinodes
/central/scratch/labounad/J1_10243_2111#hpc-90-22-0-6657de24/hpc-90-22-0-6657de24

Executing subprocess:
/groups/wag/programs/Schrodinger_2020_3/jaguar-v10.9/bin/Linux-x86_64/jexec J1_10243_2111.in -T 8 -out /central/scratch/labounad/J1_10243_2111#hpc-90-22-0-6657de24 -cwd

Job J1_10243_2111 started on hpc-90-22.cm.cluster at Wed May 29 19:02:14 2024
jobid: hpc-90-22-0-6657de24 
Jaguar version 10.9, release 139
 Using up to   8 threads per process
Molecular Point Group: C1      
Point Group used: C1
pre (input checking) done.
onee (1-electron integrals) done.
hfig (HF initial guess) done.
probe (project orbitals) done.
grid (grid generation) done.
rwr (Q operators) done.
scf type: DFT=PBE(X+LC)+PW91 (PBE-D3)
  
       i  u  d  i  g
       t  p  i  c  r                                 RMS    maximum
       e  d  i  u  i                       energy  density   DIIS  
       r  t  s  t  d       total energy    change  change    error 
  
etot    1  N  N  5  M   -1535.99908865859           5.7E-03  1.1E-01
etot    2  Y  Y  6  M   -1533.28197005387 -2.7E+00  7.4E-03  2.0E-01
etot    3  Y  Y  6  M   -1532.70569957477 -5.8E-01  5.6E-03  1.4E-01
etot    4  N  Y  2  U   -1539.21192512079  6.5E+00  2.5E-03  8.2E-02
etot    5  Y  Y  6  M   -1539.32888531541  1.2E-01  1.7E-03  3.1E-02
etot    6  N  Y  2  U   -1539.64891315969  3.2E-01  7.0E-04  2.2E-02
etot    7  Y  Y  6  M   -1539.71238898038  6.3E-02  3.6E-04  1.8E-02
etot    8  N  Y  2  U   -1539.75150167860  3.9E-02  2.0E-04  6.4E-03
etot    9  Y  Y  6  M   -1539.75311502180  1.6E-03  1.6E-04  5.5E-03
etot   10  Y  Y  6  M   -1539.75649495140  3.4E-03  7.8E-05  3.7E-03
etot   11  Y  Y  6  M   -1539.75779918303  1.3E-03  3.4E-05  1.1E-03
etot   12  N  Y  2  U   -1539.75757496947 -2.2E-04  1.2E-05  5.6E-04
etot   13  N  Y  2  U   -1539.75760394137  2.9E-05  5.0E-06  1.2E-04
etot   14  N  N  2  U   -1539.75760690494  3.0E-06  0.0E+00  0.0E+00
scf (DFT) done.
der1a (1-e 1st deriv.) done.
rwr (1st deriv. Q) done.
der1b (2-e 1st deriv.) done.
  Geometry optimization step   1
  Total energy:     -1539.81347557799 hartrees
  gradient maximum:        3.7601E-02 .  (  4.5000E-04 )
  gradient rms:            7.6561E-03 .  (  3.0000E-04 )
  displacement maximum:    1.1469E-01 .  (  1.8000E-03 )
  displacement rms:        2.0113E-02 .  (  1.2000E-03 )
  
  predicted energy change: -2.1936E-02
  step size:     0.30035
  trust radius:  0.30000
---------------- geometry iteration   1 complete ----------------
geopt (optimize geometry) done.
onee (1-electron integrals) done.
probe (project orbitals) done.
grid (grid generation) done.
rwr (Q operators) done.
  
       i  u  d  i  g
       t  p  i  c  r                                 RMS    maximum
       e  d  i  u  i                       energy  density   DIIS  
       r  t  s  t  d       total energy    change  change    error 
  
etot    1  N  N  2  U   -1539.76710583663           3.0E-04  4.7E-03
etot    2  Y  Y  6  M   -1539.77820633890  1.1E-02  9.6E-05  1.2E-03
etot    3  N  Y  2  U   -1539.77777702376 -4.3E-04  6.7E-05  1.6E-03
etot    4  Y  Y  6  M   -1539.77850096096  7.2E-04  2.1E-05  5.4E-04
etot    5  N  Y  2  U   -1539.77864118384  1.4E-04  6.8E-06  1.7E-04
etot    6  N  Y  2  U   -1539.77865158371  1.0E-05  2.0E-06  6.7E-05
etot    7  N  N  2  U   -1539.77865253896  9.6E-07  0.0E+00  0.0E+00
scf (DFT) done.
der1a (1-e 1st deriv.) done.
rwr (1st deriv. Q) done.
der1b (2-e 1st deriv.) done.
  Geometry optimization step   2
  Total energy:     -1539.83330096415 hartrees
  energy change:          -1.9825E-02 .  (  5.0000E-05 )
  gradient maximum:        1.3385E-02 .  (  4.5000E-04 )
  gradient rms:            2.6285E-03 .  (  3.0000E-04 )
  displacement maximum:    1.1939E-01 .  (  1.8000E-03 )
  displacement rms:        2.0121E-02 .  (  1.2000E-03 )
  
  predicted energy change: -5.0033E-03
  step size:     0.30047
  trust radius:  0.30000
---------------- geometry iteration   2 complete ----------------
geopt (optimize geometry) done.
onee (1-electron integrals) done.
probe (project orbitals) done.
grid (grid generation) done.
rwr (Q operators) done.
  
       i  u  d  i  g
       t  p  i  c  r                                 RMS    maximum
       e  d  i  u  i                       energy  density   DIIS  
       r  t  s  t  d       total energy    change  change    error 
  
etot    1  N  N  2  U   -1539.74430473016           4.4E-04  1.7E-02
etot    2  Y  Y  6  M   -1539.78335123598  3.9E-02  1.1E-04  9.5E-04
etot    3  N  Y  2  U   -1539.78154169898 -1.8E-03  8.7E-05  2.9E-03
etot    4  Y  Y  6  M   -1539.78341824735  1.9E-03  2.3E-05  7.5E-04
etot    5  N  Y  2  U   -1539.78350834396  9.0E-05  8.0E-06  2.0E-04
etot    6  N  Y  2  U   -1539.78352097847  1.3E-05  2.7E-06  5.9E-05
etot    7  N  N  2  U   -1539.78352214596  1.2E-06  0.0E+00  0.0E+00
scf (DFT) done.
der1a (1-e 1st deriv.) done.
rwr (1st deriv. Q) done.
der1b (2-e 1st deriv.) done.
  Geometry optimization step   3
  Total energy:     -1539.83848626256 hartrees
  energy change:          -5.1853E-03 .  (  5.0000E-05 )
  gradient maximum:        7.7527E-03 .  (  4.5000E-04 )
  gradient rms:            1.4949E-03 .  (  3.0000E-04 )
  displacement maximum:    9.9383E-02 .  (  1.8000E-03 )
  displacement rms:        2.0088E-02 .  (  1.2000E-03 )
  
  predicted energy change: -2.6121E-03
  step size:     0.29998
  trust radius:  0.30000
---------------- geometry iteration   3 complete ----------------
geopt (optimize geometry) done.
onee (1-electron integrals) done.
probe (project orbitals) done.
grid (grid generation) done.
rwr (Q operators) done.
  
       i  u  d  i  g
       t  p  i  c  r                                 RMS    maximum
       e  d  i  u  i                       energy  density   DIIS  
       r  t  s  t  d       total energy    change  change    error 
  
etot    1  N  N  2  U   -1539.74619400057           4.4E-04  1.4E-02
etot    2  Y  Y  6  M   -1539.78506434745  3.9E-02  9.3E-05  1.1E-03
etot    3  N  Y  2  U   -1539.78390064989 -1.2E-03  7.4E-05  2.9E-03
etot    4  Y  Y  6  M   -1539.78505364310  1.2E-03  2.3E-05  9.3E-04
etot    5  N  Y  2  U   -1539.78516943301  1.2E-04  7.2E-06  3.2E-04
etot    6  N  Y  2  U   -1539.78518395436  1.5E-05  2.5E-06  4.5E-05
etot    7  N  N  2  U   -1539.78518453036  5.8E-07  0.0E+00  0.0E+00
scf (DFT) done.
der1a (1-e 1st deriv.) done.
rwr (1st deriv. Q) done.
der1b (2-e 1st deriv.) done.
  Geometry optimization step   4
  Total energy:     -1539.83959209977 hartrees
  energy change:          -1.1058E-03 .  (  5.0000E-05 )
  gradient maximum:        1.1242E-02 .  (  4.5000E-04 )
  gradient rms:            1.7057E-03 .  (  3.0000E-04 )
  displacement maximum:    1.2437E-01 .  (  1.8000E-03 )
  displacement rms:        2.0155E-02 .  (  1.2000E-03 )
  
  predicted energy change: -1.3180E-03
  step size:     0.30098
  trust radius:  0.30000
---------------- geometry iteration   4 complete ----------------
geopt (optimize geometry) done.
onee (1-electron integrals) done.
probe (project orbitals) done.
grid (grid generation) done.
rwr (Q operators) done.
  
       i  u  d  i  g
       t  p  i  c  r                                 RMS    maximum
       e  d  i  u  i                       energy  density   DIIS  
       r  t  s  t  d       total energy    change  change    error 
  
etot    1  N  N  2  U   -1539.74563106557           4.3E-04  1.6E-02
etot    2  Y  Y  6  M   -1539.78577543253  4.0E-02  7.2E-05  1.1E-03
etot    3  N  Y  2  U   -1539.78520168321 -5.7E-04  5.8E-05  1.5E-03
etot    4  Y  Y  6  M   -1539.78567599606  4.7E-04  2.1E-05  7.8E-04
etot    5  N  Y  2  U   -1539.78580259915  1.3E-04  6.1E-06  2.5E-04
etot    6  N  Y  2  U   -1539.78581139167  8.8E-06  2.4E-06  8.1E-05
etot    7  N  N  2  U   -1539.78581200239  6.1E-07  0.0E+00  0.0E+00
scf (DFT) done.
der1a (1-e 1st deriv.) done.
rwr (1st deriv. Q) done.
der1b (2-e 1st deriv.) done.
  Geometry optimization step   5
  Total energy:     -1539.84035627056 hartrees
  energy change:          -7.6417E-04 .  (  5.0000E-05 )
  gradient maximum:        8.2938E-03 .  (  4.5000E-04 )
  gradient rms:            1.2278E-03 .  (  3.0000E-04 )
  displacement maximum:    1.1419E-01 .  (  1.8000E-03 )
  displacement rms:        2.0095E-02 .  (  1.2000E-03 )
  
  predicted energy change: -1.2959E-03
  step size:     0.30008
  trust radius:  0.30000
---------------- geometry iteration   5 complete ----------------
geopt (optimize geometry) done.
onee (1-electron integrals) done.
probe (project orbitals) done.
grid (grid generation) done.
rwr (Q operators) done.
  
       i  u  d  i  g
       t  p  i  c  r                                 RMS    maximum
       e  d  i  u  i                       energy  density   DIIS  
       r  t  s  t  d       total energy    change  change    error 
  
etot    1  N  N  2  U   -1539.74258788158           8.9E-04  1.5E-02
etot    2  Y  Y  6  M   -1539.78594677004  4.3E-02  6.9E-05  1.0E-03
etot    3  N  Y  2  U   -1539.78553440943 -4.1E-04  5.2E-05  1.5E-03
etot    4  Y  Y  6  M   -1539.78590818920  3.7E-04  1.9E-05  8.3E-04
etot    5  N  Y  2  U   -1539.78601017997  1.0E-04  5.2E-06  1.3E-04
etot    6  N  Y  2  U   -1539.78601464850  4.5E-06  2.5E-06  5.4E-05
etot    7  N  N  2  U   -1539.78601501784  3.7E-07  0.0E+00  0.0E+00
scf (DFT) done.
der1a (1-e 1st deriv.) done.
rwr (1st deriv. Q) done.
der1b (2-e 1st deriv.) done.
  Geometry optimization step   6
  Total energy:     -1539.84067605861 hartrees
  energy change:          -3.1979E-04 .  (  5.0000E-05 )
  gradient maximum:        1.2833E-02 .  (  4.5000E-04 )
  gradient rms:            2.2028E-03 .  (  3.0000E-04 )
  displacement maximum:    5.5703E-02 .  (  1.8000E-03 )
  displacement rms:        1.0214E-02 .  (  1.2000E-03 )
  
  predicted energy change: -1.0129E-03
  step size:     0.15253
  trust radius:  0.30000
---------------- geometry iteration   6 complete ----------------
geopt (optimize geometry) done.
onee (1-electron integrals) done.
probe (project orbitals) done.
grid (grid generation) done.
rwr (Q operators) done.
  
       i  u  d  i  g
       t  p  i  c  r                                 RMS    maximum
       e  d  i  u  i                       energy  density   DIIS  
       r  t  s  t  d       total energy    change  change    error 
  
etot    1  N  N  2  U   -1539.77696998967           3.3E-04  6.0E-03
etot    2  Y  Y  6  M   -1539.78684503683  9.9E-03  4.3E-05  4.2E-04
etot    3  N  Y  2  U   -1539.78668421784 -1.6E-04  3.2E-05  8.2E-04
etot    4  N  Y  2  U   -1539.78684639893  1.6E-04  1.1E-05  3.1E-04
etot    5  N  Y  2  U   -1539.78687479622  2.8E-05  3.4E-06  8.8E-05
etot    6  N  N  2  U   -1539.78687654089  1.7E-06  0.0E+00  0.0E+00
scf (DFT) done.
der1a (1-e 1st deriv.) done.
rwr (1st deriv. Q) done.
der1b (2-e 1st deriv.) done.
  Geometry optimization step   7
  Total energy:     -1539.84160822152 hartrees
  energy change:          -9.3216E-04 .  (  5.0000E-05 )
  gradient maximum:        3.5266E-03 .  (  4.5000E-04 )
  gradient rms:            6.6338E-04 .  (  3.0000E-04 )
  displacement maximum:    7.8763E-02 .  (  1.8000E-03 )
  displacement rms:        1.3870E-02 .  (  1.2000E-03 )
  
  predicted energy change: -3.2164E-04
  step size:     0.20713
  trust radius:  0.30000
---------------- geometry iteration   7 complete ----------------
geopt (optimize geometry) done.
onee (1-electron integrals) done.
probe (project orbitals) done.
grid (grid generation) done.
rwr (Q operators) done.
  
       i  u  d  i  g
       t  p  i  c  r                                 RMS    maximum
       e  d  i  u  i                       energy  density   DIIS  
       r  t  s  t  d       total energy    change  change    error 
  
etot    1  N  N  2  U   -1539.77035918255           3.3E-04  8.3E-03
etot    2  Y  Y  6  M   -1539.78711477086  1.7E-02  5.0E-05  5.6E-04
etot    3  N  Y  2  U   -1539.78674271168 -3.7E-04  4.0E-05  1.4E-03
etot    4  N  Y  2  U   -1539.78707485505  3.3E-04  1.1E-05  3.8E-04
etot    5  N  Y  2  U   -1539.78710094592  2.6E-05  4.1E-06  1.4E-04
etot    6  N  N  2  U   -1539.78710411699  3.2E-06  0.0E+00  0.0E+00
scf (DFT) done.
der1a (1-e 1st deriv.) done.
rwr (1st deriv. Q) done.
der1b (2-e 1st deriv.) done.
  Geometry optimization step   8
  Total energy:     -1539.84168958650 hartrees
  energy change:          -8.1365E-05 .  (  5.0000E-05 )
  gradient maximum:        5.6210E-03 .  (  4.5000E-04 )
  gradient rms:            9.9659E-04 .  (  3.0000E-04 )
  displacement maximum:    3.8842E-02 .  (  1.8000E-03 )
  displacement rms:        7.5425E-03 .  (  1.2000E-03 )
  
  predicted energy change: -2.7829E-04
  step size:     0.11263
  trust radius:  0.30000
---------------- geometry iteration   8 complete ----------------
geopt (optimize geometry) done.
onee (1-electron integrals) done.
probe (project orbitals) done.
grid (grid generation) done.
rwr (Q operators) done.
  
       i  u  d  i  g
       t  p  i  c  r                                 RMS    maximum
       e  d  i  u  i                       energy  density   DIIS  
       r  t  s  t  d       total energy    change  change    error 
  
etot    1  N  N  2  U   -1539.78388821151           1.3E-04  4.3E-03
etot    2  Y  Y  6  M   -1539.78743891785  3.6E-03  2.5E-05  2.5E-04
etot    3  N  Y  2  U   -1539.78731160571 -1.3E-04  1.9E-05  6.7E-04
etot    4  N  Y  2  U   -1539.78740736438  9.6E-05  5.2E-06  1.5E-04
etot    5  N  Y  2  U   -1539.78741078434  3.4E-06  2.2E-06  6.4E-05
etot    6  N  N  2  U   -1539.78741178855  1.0E-06  0.0E+00  0.0E+00
scf (DFT) done.
der1a (1-e 1st deriv.) done.
rwr (1st deriv. Q) done.
der1b (2-e 1st deriv.) done.
  Geometry optimization step   9
  Total energy:     -1539.84203987048 hartrees
  energy change:          -3.5028E-04 .  (  5.0000E-05 )
  gradient maximum:        1.9432E-03 .  (  4.5000E-04 )
  gradient rms:            3.9776E-04 .  (  3.0000E-04 )
  displacement maximum:    5.6275E-02 .  (  1.8000E-03 )
  displacement rms:        1.3484E-02 .  (  1.2000E-03 )
  
  predicted energy change: -1.8733E-04
  step size:     0.20136
  trust radius:  0.30000
---------------- geometry iteration   9 complete ----------------
geopt (optimize geometry) done.
onee (1-electron integrals) done.
probe (project orbitals) done.
grid (grid generation) done.
rwr (Q operators) done.
  
       i  u  d  i  g
       t  p  i  c  r                                 RMS    maximum
       e  d  i  u  i                       energy  density   DIIS  
       r  t  s  t  d       total energy    change  change    error 
  
etot    1  N  N  2  U   -1539.77680956287           2.4E-04  5.3E-03
etot    2  Y  Y  6  M   -1539.78748693844  1.1E-02  4.9E-05  4.4E-04
etot    3  N  Y  2  U   -1539.78714911836 -3.4E-04  3.6E-05  1.3E-03
etot    4  N  Y  2  U   -1539.78745889176  3.1E-04  8.5E-06  2.8E-04
etot    5  N  Y  2  U   -1539.78747144103  1.3E-05  3.4E-06  1.1E-04
etot    6  N  N  2  U   -1539.78747381492  2.4E-06  0.0E+00  0.0E+00
scf (DFT) done.
der1a (1-e 1st deriv.) done.
rwr (1st deriv. Q) done.
der1b (2-e 1st deriv.) done.
  Geometry optimization step  10
  Total energy:     -1539.84214628895 hartrees
  energy change:          -1.0642E-04 .  (  5.0000E-05 )
  gradient maximum:        2.6768E-03 .  (  4.5000E-04 )
  gradient rms:            4.7956E-04 .  (  3.0000E-04 )
  displacement maximum:    6.5206E-02 .  (  1.8000E-03 )
  displacement rms:        1.0011E-02 .  (  1.2000E-03 )
  
  predicted energy change: -1.1582E-04
  step size:     0.14950
  trust radius:  0.30000
---------------- geometry iteration  10 complete ----------------
geopt (optimize geometry) done.
onee (1-electron integrals) done.
probe (project orbitals) done.
grid (grid generation) done.
rwr (Q operators) done.
  
       i  u  d  i  g
       t  p  i  c  r                                 RMS    maximum
       e  d  i  u  i                       energy  density   DIIS  
       r  t  s  t  d       total energy    change  change    error 
  
etot    1  N  N  2  U   -1539.78041870271           2.0E-04  5.9E-03
etot    2  Y  Y  6  M   -1539.78775308765  7.3E-03  3.5E-05  4.0E-04
etot    3  N  Y  2  U   -1539.78756038205 -1.9E-04  2.6E-05  7.0E-04
etot    4  N  Y  2  U   -1539.78771873011  1.6E-04  5.8E-06  1.8E-04
etot    5  N  Y  2  U   -1539.78772765606  8.9E-06  1.7E-06  4.0E-05
etot    6  N  N  2  U   -1539.78772813199  4.8E-07  0.0E+00  0.0E+00
scf (DFT) done.
der1a (1-e 1st deriv.) done.
rwr (1st deriv. Q) done.
der1b (2-e 1st deriv.) done.
  Geometry optimization step  11
  Total energy:     -1539.84227527301 hartrees
  energy change:          -1.2898E-04 .  (  5.0000E-05 )
  gradient maximum:        1.5993E-03 .  (  4.5000E-04 )
  gradient rms:            3.4621E-04 .  (  3.0000E-04 )
  displacement maximum:    1.3144E-01 .  (  1.8000E-03 )
  displacement rms:        2.0121E-02 .  (  1.2000E-03 )
  
  predicted energy change: -2.1542E-04
  step size:     0.30047
  trust radius:  0.30000
---------------- geometry iteration  11 complete ----------------
geopt (optimize geometry) done.
onee (1-electron integrals) done.
probe (project orbitals) done.
grid (grid generation) done.
rwr (Q operators) done.
  
       i  u  d  i  g
       t  p  i  c  r                                 RMS    maximum
       e  d  i  u  i                       energy  density   DIIS  
       r  t  s  t  d       total energy    change  change    error 
  
etot    1  N  N  2  U   -1539.75434088584           4.1E-04  1.4E-02
etot    2  Y  Y  6  M   -1539.78785715817  3.4E-02  7.6E-05  9.1E-04
etot    3  N  Y  2  U   -1539.78717897707 -6.8E-04  5.9E-05  1.8E-03
etot    4  Y  Y  6  M   -1539.78783578006  6.6E-04  1.5E-05  5.5E-04
etot    5  N  Y  2  U   -1539.78789854448  6.3E-05  5.6E-06  2.0E-04
etot    6  N  Y  2  U   -1539.78790556113  7.0E-06  2.3E-06  4.6E-05
etot    7  N  N  2  U   -1539.78790598100  4.2E-07  0.0E+00  0.0E+00
scf (DFT) done.
der1a (1-e 1st deriv.) done.
rwr (1st deriv. Q) done.
der1b (2-e 1st deriv.) done.
  Geometry optimization step  12
  Total energy:     -1539.84232990963 hartrees
  energy change:          -5.4637E-05 .  (  5.0000E-05 )
  gradient maximum:        3.4510E-03 .  (  4.5000E-04 )
  gradient rms:            5.9407E-04 .  (  3.0000E-04 )
  displacement maximum:    1.4894E-01 .  (  1.8000E-03 )
  displacement rms:        2.0091E-02 .  (  1.2000E-03 )
  
  predicted energy change: -3.5135E-04
  step size:     0.30002
  trust radius:  0.30000
---------------- geometry iteration  12 complete ----------------
geopt (optimize geometry) done.
onee (1-electron integrals) done.
probe (project orbitals) done.
grid (grid generation) done.
rwr (Q operators) done.
  
       i  u  d  i  g
       t  p  i  c  r                                 RMS    maximum
       e  d  i  u  i                       energy  density   DIIS  
       r  t  s  t  d       total energy    change  change    error 
  
etot    1  N  N  2  U   -1539.75147599169           4.3E-04  1.9E-02
etot    2  Y  Y  6  M   -1539.78828018460  3.7E-02  7.6E-05  1.0E-03
etot    3  N  Y  2  U   -1539.78763193637 -6.5E-04  5.8E-05  1.8E-03
etot    4  Y  Y  6  M   -1539.78823874994  6.1E-04  1.6E-05  5.1E-04
etot    5  N  Y  2  U   -1539.78831640018  7.8E-05  5.7E-06  2.0E-04
etot    6  N  Y  2  U   -1539.78832270368  6.3E-06  2.5E-06  6.3E-05
etot    7  N  N  2  U   -1539.78832336905  6.7E-07  0.0E+00  0.0E+00
scf (DFT) done.
der1a (1-e 1st deriv.) done.
rwr (1st deriv. Q) done.
der1b (2-e 1st deriv.) done.
  Geometry optimization step  13
  Total energy:     -1539.84264307623 hartrees
  energy change:          -3.1317E-04 .  (  5.0000E-05 )
  gradient maximum:        4.1459E-03 .  (  4.5000E-04 )
  gradient rms:            8.6730E-04 .  (  3.0000E-04 )
  displacement maximum:    1.5056E-01 .  (  1.8000E-03 )
  displacement rms:        2.0092E-02 .  (  1.2000E-03 )
  
  predicted energy change: -5.2953E-04
  step size:     0.30004
  trust radius:  0.30000
---------------- geometry iteration  13 complete ----------------
geopt (optimize geometry) done.
onee (1-electron integrals) done.
probe (project orbitals) done.
grid (grid generation) done.
rwr (Q operators) done.
  
       i  u  d  i  g
       t  p  i  c  r                                 RMS    maximum
       e  d  i  u  i                       energy  density   DIIS  
       r  t  s  t  d       total energy    change  change    error 
  
etot    1  N  N  2  U   -1539.74770469467           4.5E-04  2.1E-02
etot    2  Y  Y  6  M   -1539.78842007019  4.1E-02  8.6E-05  1.1E-03
etot    3  N  Y  2  U   -1539.78767808429 -7.4E-04  6.6E-05  2.0E-03
etot    4  Y  Y  6  M   -1539.78842300395  7.4E-04  1.8E-05  5.7E-04
etot    5  N  Y  2  U   -1539.78852042815  9.7E-05  6.6E-06  3.0E-04
etot    6  N  Y  2  U   -1539.78853016450  9.7E-06  2.6E-06  6.9E-05
etot    7  N  N  2  U   -1539.78853087124  7.1E-07  0.0E+00  0.0E+00
scf (DFT) done.
der1a (1-e 1st deriv.) done.
rwr (1st deriv. Q) done.
der1b (2-e 1st deriv.) done.
  Geometry optimization step  14
  Total energy:     -1539.84284559000 hartrees
  energy change:          -2.0251E-04 .  (  5.0000E-05 )
  gradient maximum:        3.5402E-03 .  (  4.5000E-04 )
  gradient rms:            8.0359E-04 .  (  3.0000E-04 )
  displacement maximum:    1.4588E-01 .  (  1.8000E-03 )
  displacement rms:        2.0095E-02 .  (  1.2000E-03 )
  
  predicted energy change: -5.8455E-04
  step size:     0.30009
  trust radius:  0.30000
---------------- geometry iteration  14 complete ----------------
geopt (optimize geometry) done.
onee (1-electron integrals) done.
probe (project orbitals) done.
grid (grid generation) done.
rwr (Q operators) done.
  
       i  u  d  i  g
       t  p  i  c  r                                 RMS    maximum
       e  d  i  u  i                       energy  density   DIIS  
       r  t  s  t  d       total energy    change  change    error 
  
etot    1  N  N  2  U   -1539.74793177581           4.4E-04  2.2E-02
etot    2  Y  Y  6  M   -1539.78873732528  4.1E-02  8.0E-05  1.1E-03
etot    3  N  Y  2  U   -1539.78808938437 -6.5E-04  6.2E-05  1.6E-03
etot    4  Y  Y  6  M   -1539.78869411381  6.0E-04  1.8E-05  5.4E-04
etot    5  N  Y  2  U   -1539.78878005668  8.6E-05  6.5E-06  2.7E-04
etot    6  N  Y  2  U   -1539.78878889674  8.8E-06  2.6E-06  7.2E-05
etot    7  N  N  2  U   -1539.78878963194  7.4E-07  0.0E+00  0.0E+00
scf (DFT) done.
der1a (1-e 1st deriv.) done.
rwr (1st deriv. Q) done.
der1b (2-e 1st deriv.) done.
  Geometry optimization step  15
  Total energy:     -1539.84310073073 hartrees
  energy change:          -2.5514E-04 .  (  5.0000E-05 )
  gradient maximum:        4.0723E-03 .  (  4.5000E-04 )
  gradient rms:            7.6783E-04 .  (  3.0000E-04 )
  displacement maximum:    6.3414E-02 .  (  1.8000E-03 )
  displacement rms:        1.5423E-02 .  (  1.2000E-03 )
  
  predicted energy change: -5.7941E-04
  step size:     0.23032
  trust radius:  0.30000
---------------- geometry iteration  15 complete ----------------
geopt (optimize geometry) done.
onee (1-electron integrals) done.
probe (project orbitals) done.
grid (grid generation) done.
rwr (Q operators) done.
  
       i  u  d  i  g
       t  p  i  c  r                                 RMS    maximum
       e  d  i  u  i                       energy  density   DIIS  
       r  t  s  t  d       total energy    change  change    error 
  
etot    1  N  N  2  U   -1539.76381090143           3.4E-04  9.7E-03
etot    2  Y  Y  6  M   -1539.78783967361  2.4E-02  5.5E-05  5.4E-04
etot    3  N  Y  2  U   -1539.78749253724 -3.5E-04  4.0E-05  9.4E-04
etot    4  N  Y  2  U   -1539.78787871661  3.9E-04  1.1E-05  2.3E-04
etot    5  N  Y  2  U   -1539.78789990710  2.1E-05  4.0E-06  8.8E-05
etot    6  N  N  2  U   -1539.78790306260  3.2E-06  0.0E+00  0.0E+00
scf (DFT) done.
der1a (1-e 1st deriv.) done.
rwr (1st deriv. Q) done.
der1b (2-e 1st deriv.) done.
  Geometry optimization step  16
  Total energy:     -1539.84252135252 hartrees
  ** restarting optimization from step   15 **
  energy change:           5.7938E-04 .  (  5.0000E-05 )
  gradient maximum:        4.0723E-03 .  (  4.5000E-04 )
  gradient rms:            7.6783E-04 .  (  3.0000E-04 )
  displacement maximum:    1.5013E-01 .  (  1.8000E-03 )
  displacement rms:        2.0089E-02 .  (  1.2000E-03 )
  
  predicted energy change: -7.1230E-04
  step size:     0.29999
  trust radius:  0.30000
---------------- geometry iteration  16 complete ----------------
geopt (optimize geometry) done.
onee (1-electron integrals) done.
probe (project orbitals) done.
grid (grid generation) done.
rwr (Q operators) done.
  
       i  u  d  i  g
       t  p  i  c  r                                 RMS    maximum
       e  d  i  u  i                       energy  density   DIIS  
       r  t  s  t  d       total energy    change  change    error 
  
etot    1  N  N  2  U   -1539.76550834391           3.6E-04  1.4E-02
etot    2  Y  Y  6  M   -1539.78844700319  2.3E-02  6.2E-05  8.0E-04
etot    3  N  Y  2  U   -1539.78799097555 -4.6E-04  4.6E-05  1.2E-03
etot    4  N  Y  2  U   -1539.78843744492  4.5E-04  1.2E-05  3.2E-04
etot    5  N  Y  2  U   -1539.78846251732  2.5E-05  4.2E-06  1.5E-04
etot    6  N  N  2  U   -1539.78846634733  3.8E-06  0.0E+00  0.0E+00
scf (DFT) done.
der1a (1-e 1st deriv.) done.
rwr (1st deriv. Q) done.
der1b (2-e 1st deriv.) done.
  Geometry optimization step  17
  Total energy:     -1539.84277899930 hartrees
  energy change:           3.2173E-04 .  (  5.0000E-05 )
  gradient maximum:        3.1966E-03 .  (  4.5000E-04 )
  gradient rms:            6.3163E-04 .  (  3.0000E-04 )
  displacement maximum:    7.4725E-02 .  (  1.8000E-03 )
  displacement rms:        1.0978E-02 .  (  1.2000E-03 )
  
  predicted energy change: -2.2064E-04
  step size:     0.16394
  trust radius:  0.30000
---------------- geometry iteration  17 complete ----------------
geopt (optimize geometry) done.
onee (1-electron integrals) done.
probe (project orbitals) done.
grid (grid generation) done.
rwr (Q operators) done.
  
       i  u  d  i  g
       t  p  i  c  r                                 RMS    maximum
       e  d  i  u  i                       energy  density   DIIS  
       r  t  s  t  d       total energy    change  change    error 
  
etot    1  N  N  2  U   -1539.77605424056           2.5E-04  8.8E-03
etot    2  Y  Y  6  M   -1539.78873012775  1.3E-02  3.8E-05  5.7E-04
etot    3  N  Y  2  U   -1539.78857593960 -1.5E-04  3.1E-05  7.4E-04
etot    4  N  Y  2  U   -1539.78872569335  1.5E-04  9.9E-06  2.6E-04
etot    5  N  Y  2  U   -1539.78874380696  1.8E-05  3.4E-06  1.1E-04
etot    6  N  N  2  U   -1539.78874654705  2.7E-06  0.0E+00  0.0E+00
scf (DFT) done.
der1a (1-e 1st deriv.) done.
rwr (1st deriv. Q) done.
der1b (2-e 1st deriv.) done.
  Geometry optimization step  18
  Total energy:     -1539.84301067800 hartrees
  energy change:          -2.3168E-04 .  (  5.0000E-05 )
  gradient maximum:        3.2830E-03 .  (  4.5000E-04 )
  gradient rms:            5.5806E-04 .  (  3.0000E-04 )
  displacement maximum:    1.2644E-01 .  (  1.8000E-03 )
  displacement rms:        1.7617E-02 .  (  1.2000E-03 )
  
  predicted energy change: -3.6967E-04
  step size:     0.26308
  trust radius:  0.30000
---------------- geometry iteration  18 complete ----------------
geopt (optimize geometry) done.
onee (1-electron integrals) done.
probe (project orbitals) done.
grid (grid generation) done.
rwr (Q operators) done.
  
       i  u  d  i  g
       t  p  i  c  r                                 RMS    maximum
       e  d  i  u  i                       energy  density   DIIS  
       r  t  s  t  d       total energy    change  change    error 
  
etot    1  N  N  2  U   -1539.74895649952           8.7E-04  1.5E-02
etot    2  Y  Y  6  M   -1539.78901672002  4.0E-02  6.2E-05  9.9E-04
etot    3  N  Y  2  U   -1539.78868109478 -3.4E-04  4.9E-05  1.3E-03
etot    4  N  Y  2  U   -1539.78907356365  3.9E-04  1.6E-05  4.0E-04
etot    5  N  Y  2  U   -1539.78911526881  4.2E-05  5.4E-06  1.1E-04
etot    6  N  Y  2  U   -1539.78911969136  4.4E-06  2.3E-06  5.2E-05
etot    7  N  N  2  U   -1539.78911993035  2.4E-07  0.0E+00  0.0E+00
scf (DFT) done.
der1a (1-e 1st deriv.) done.
rwr (1st deriv. Q) done.
der1b (2-e 1st deriv.) done.
  Geometry optimization step  19
  Total energy:     -1539.84334459844 hartrees
  energy change:          -3.3392E-04 .  (  5.0000E-05 )
  gradient maximum:        5.1793E-03 .  (  4.5000E-04 )
  gradient rms:            7.9353E-04 .  (  3.0000E-04 )
  displacement maximum:    1.4642E-01 .  (  1.8000E-03 )
  displacement rms:        2.0135E-02 .  (  1.2000E-03 )
  
  predicted energy change: -3.0145E-04
  step size:     0.30067
  trust radius:  0.30000
---------------- geometry iteration  19 complete ----------------
geopt (optimize geometry) done.
onee (1-electron integrals) done.
probe (project orbitals) done.
grid (grid generation) done.
rwr (Q operators) done.
  
       i  u  d  i  g
       t  p  i  c  r                                 RMS    maximum
       e  d  i  u  i                       energy  density   DIIS  
       r  t  s  t  d       total energy    change  change    error 
  
etot    1  N  N  2  U   -1539.75393823998           4.0E-04  1.3E-02
etot    2  Y  Y  6  M   -1539.78850535599  3.5E-02  7.6E-05  9.6E-04
etot    3  N  Y  2  U   -1539.78801771291 -4.9E-04  5.7E-05  1.6E-03
etot    4  Y  Y  6  M   -1539.78855559512  5.4E-04  1.5E-05  4.4E-04
etot    5  N  Y  2  U   -1539.78858965997  3.4E-05  4.1E-06  1.2E-04
etot    6  N  N  2  U   -1539.78859185896  2.2E-06  0.0E+00  0.0E+00
scf (DFT) done.
der1a (1-e 1st deriv.) done.
rwr (1st deriv. Q) done.
der1b (2-e 1st deriv.) done.
  Geometry optimization step  20
  Total energy:     -1539.84282771149 hartrees
  ** restarting optimization from step   19 **
  energy change:           5.1689E-04 .  (  5.0000E-05 )
  gradient maximum:        5.1793E-03 .  (  4.5000E-04 )
  gradient rms:            7.9353E-04 .  (  3.0000E-04 )
  displacement maximum:    6.8543E-02 .  (  1.8000E-03 )
  displacement rms:        1.0624E-02 .  (  1.2000E-03 )
  
  predicted energy change: -3.4072E-04
  step size:     0.15865
  trust radius:  0.30000
---------------- geometry iteration  20 complete ----------------
geopt (optimize geometry) done.
onee (1-electron integrals) done.
probe (project orbitals) done.
grid (grid generation) done.
rwr (Q operators) done.
  
       i  u  d  i  g
       t  p  i  c  r                                 RMS    maximum
       e  d  i  u  i                       energy  density   DIIS  
       r  t  s  t  d       total energy    change  change    error 
  
etot    1  N  N  2  U   -1539.74973112341           8.8E-04  1.5E-02
etot    2  Y  Y  6  M   -1539.78917717121  3.9E-02  7.6E-05  1.2E-03
etot    3  N  Y  2  U   -1539.78877603726 -4.0E-04  5.9E-05  1.4E-03
etot    4  Y  Y  6  M   -1539.78923078190  4.5E-04  2.1E-05  5.7E-04
etot    5  N  Y  2  U   -1539.78932855922  9.8E-05  6.6E-06  2.2E-04
etot    6  N  Y  2  U   -1539.78933668244  8.1E-06  2.8E-06  7.3E-05
etot    7  N  N  2  U   -1539.78933737174  6.9E-07  0.0E+00  0.0E+00
scf (DFT) done.
der1a (1-e 1st deriv.) done.
rwr (1st deriv. Q) done.
der1b (2-e 1st deriv.) done.
  Geometry optimization step  21
  Total energy:     -1539.84360049877 hartrees
  energy change:          -2.5590E-04 .  (  5.0000E-05 )
  gradient maximum:        3.7890E-03 .  (  4.5000E-04 )
  gradient rms:            5.0869E-04 .  (  3.0000E-04 )
  displacement maximum:    3.7907E-02 .  (  1.8000E-03 )
  displacement rms:        6.7107E-03 .  (  1.2000E-03 )
  
  predicted energy change: -1.6573E-04
  step size:     0.10021
  trust radius:  0.30000
---------------- geometry iteration  21 complete ----------------
geopt (optimize geometry) done.
onee (1-electron integrals) done.
probe (project orbitals) done.
grid (grid generation) done.
rwr (Q operators) done.
  
       i  u  d  i  g
       t  p  i  c  r                                 RMS    maximum
       e  d  i  u  i                       energy  density   DIIS  
       r  t  s  t  d       total energy    change  change    error 
  
etot    1  N  N  2  U   -1539.78684893916           1.2E-04  2.0E-03
etot    2  Y  Y  6  M   -1539.78937672444  2.5E-03  2.0E-05  2.1E-04
etot    3  N  Y  2  U   -1539.78933733544 -3.9E-05  1.6E-05  4.4E-04
etot    4  N  Y  2  U   -1539.78938511686  4.8E-05  4.8E-06  1.3E-04
etot    5  N  N  2  U   -1539.78938879411  3.7E-06  0.0E+00  0.0E+00
scf (DFT) done.
der1a (1-e 1st deriv.) done.
rwr (1st deriv. Q) done.
der1b (2-e 1st deriv.) done.
  Geometry optimization step  22
  Total energy:     -1539.84360548355 hartrees
  energy change:          -4.9848E-06 *  (  5.0000E-05 )
  gradient maximum:        2.6802E-03 .  (  4.5000E-04 )
  gradient rms:            4.2272E-04 .  (  3.0000E-04 )
  displacement maximum:    2.7226E-02 .  (  1.8000E-03 )
  displacement rms:        4.5123E-03 .  (  1.2000E-03 )
  
  predicted energy change: -7.3164E-05
  step size:     0.06738
  trust radius:  0.30000
---------------- geometry iteration  22 complete ----------------
geopt (optimize geometry) done.
onee (1-electron integrals) done.
probe (project orbitals) done.
grid (grid generation) done.
rwr (Q operators) done.
  
       i  u  d  i  g
       t  p  i  c  r                                 RMS    maximum
       e  d  i  u  i                       energy  density   DIIS  
       r  t  s  t  d       total energy    change  change    error 
  
etot    1  N  N  2  U   -1539.78784621718           9.2E-05  2.4E-03
etot    2  Y  Y  6  M   -1539.78950360155  1.7E-03  2.4E-05  2.3E-04
etot    3  N  Y  2  U   -1539.78942078814 -8.3E-05  1.9E-05  6.6E-04
etot    4  N  Y  2  U   -1539.78951666398  9.6E-05  4.4E-06  1.3E-04
etot    5  N  N  2  U   -1539.78951952043  2.9E-06  0.0E+00  0.0E+00
scf (DFT) done.
der1a (1-e 1st deriv.) done.
rwr (1st deriv. Q) done.
der1b (2-e 1st deriv.) done.
  Geometry optimization step  23
  Total energy:     -1539.84372605010 hartrees
  energy change:          -1.2057E-04 .  (  5.0000E-05 )
  gradient maximum:        1.1500E-03 .  (  4.5000E-04 )
  gradient rms:            1.9746E-04 *  (  3.0000E-04 )
  displacement maximum:    2.5070E-02 .  (  1.8000E-03 )
  displacement rms:        3.7907E-03 .  (  1.2000E-03 )
  
  predicted energy change: -2.0473E-05
  step size:     0.05661
  trust radius:  0.30000
---------------- geometry iteration  23 complete ----------------
geopt (optimize geometry) done.
onee (1-electron integrals) done.
probe (project orbitals) done.
grid (grid generation) done.
rwr (Q operators) done.
  
       i  u  d  i  g
       t  p  i  c  r                                 RMS    maximum
       e  d  i  u  i                       energy  density   DIIS  
       r  t  s  t  d       total energy    change  change    error 
  
etot    1  N  N  2  U   -1539.78795243962           9.7E-05  2.6E-03
etot    2  Y  Y  6  M   -1539.78954166458  1.6E-03  1.8E-05  1.7E-04
etot    3  N  Y  2  U   -1539.78950008127 -4.2E-05  1.5E-05  5.6E-04
etot    4  N  Y  2  U   -1539.78955816193  5.8E-05  3.7E-06  1.2E-04
etot    5  N  N  2  U   -1539.78956085762  2.7E-06  0.0E+00  0.0E+00
scf (DFT) done.
der1a (1-e 1st deriv.) done.
rwr (1st deriv. Q) done.
der1b (2-e 1st deriv.) done.
  Geometry optimization step  24
  Total energy:     -1539.84376274085 hartrees
  energy change:          -3.6691E-05 *  (  5.0000E-05 )
  gradient maximum:        7.3199E-04 .  (  4.5000E-04 )
  gradient rms:            1.3427E-04 *  (  3.0000E-04 )
  displacement maximum:    1.3636E-01 .  (  1.8000E-03 )
  displacement rms:        2.0104E-02 .  (  1.2000E-03 )
  
  predicted energy change: -1.1505E-04
  step size:     0.30022
  trust radius:  0.30000
---------------- geometry iteration  24 complete ----------------
geopt (optimize geometry) done.
onee (1-electron integrals) done.
probe (project orbitals) done.
grid (grid generation) done.
rwr (Q operators) done.
  
       i  u  d  i  g
       t  p  i  c  r                                 RMS    maximum
       e  d  i  u  i                       energy  density   DIIS  
       r  t  s  t  d       total energy    change  change    error 
  
etot    1  N  N  2  U   -1539.74320753744           4.9E-04  1.3E-02
etot    2  Y  Y  6  M   -1539.78901580965  4.6E-02  6.4E-05  8.5E-04
etot    3  N  Y  2  U   -1539.78867768954 -3.4E-04  4.8E-05  1.3E-03
etot    4  N  Y  2  U   -1539.78906028921  3.8E-04  1.6E-05  4.5E-04
etot    5  N  Y  2  U   -1539.78909651913  3.6E-05  5.0E-06  1.1E-04
etot    6  N  Y  2  U   -1539.78910115590  4.6E-06  2.2E-06  3.7E-05
etot    7  N  N  2  U   -1539.78910121550  6.0E-08  0.0E+00  0.0E+00
scf (DFT) done.
der1a (1-e 1st deriv.) done.
rwr (1st deriv. Q) done.
der1b (2-e 1st deriv.) done.
  Geometry optimization step  25
  Total energy:     -1539.84331192340 hartrees
  ** restarting optimization from step   24 **
  energy change:           4.5082E-04 .  (  5.0000E-05 )
  gradient maximum:        7.3199E-04 .  (  4.5000E-04 )
  gradient rms:            1.3427E-04 *  (  3.0000E-04 )
  displacement maximum:    5.4135E-02 .  (  1.8000E-03 )
  displacement rms:        6.5820E-03 .  (  1.2000E-03 )
  
  predicted energy change: -4.0209E-05
  step size:     0.09829
  trust radius:  0.30000
---------------- geometry iteration  25 complete ----------------
geopt (optimize geometry) done.
onee (1-electron integrals) done.
probe (project orbitals) done.
grid (grid generation) done.
rwr (Q operators) done.
  
       i  u  d  i  g
       t  p  i  c  r                                 RMS    maximum
       e  d  i  u  i                       energy  density   DIIS  
       r  t  s  t  d       total energy    change  change    error 
  
etot    1  N  N  2  U   -1539.76523344058           3.6E-04  9.3E-03
etot    2  Y  Y  6  M   -1539.78957432187  2.4E-02  5.3E-05  6.2E-04
etot    3  N  Y  2  U   -1539.78921622727 -3.6E-04  4.1E-05  1.3E-03
etot    4  N  Y  2  U   -1539.78952226908  3.1E-04  1.2E-05  3.0E-04
etot    5  N  Y  2  U   -1539.78954048572  1.8E-05  3.9E-06  8.1E-05
etot    6  N  N  2  U   -1539.78954282855  2.3E-06  0.0E+00  0.0E+00
scf (DFT) done.
der1a (1-e 1st deriv.) done.
rwr (1st deriv. Q) done.
der1b (2-e 1st deriv.) done.
  Geometry optimization step  26
  Total energy:     -1539.84373255572 hartrees
  energy change:           3.0185E-05 *  (  5.0000E-05 )
  gradient maximum:        1.2820E-03 .  (  4.5000E-04 )
  gradient rms:            2.2107E-04 *  (  3.0000E-04 )
  displacement maximum:    3.9172E-02 .  (  1.8000E-03 )
  displacement rms:        5.1002E-03 .  (  1.2000E-03 )
  
  predicted energy change: -3.0427E-05
  step size:     0.07616
  trust radius:  0.30000
---------------- geometry iteration  26 complete ----------------
geopt (optimize geometry) done.
onee (1-electron integrals) done.
probe (project orbitals) done.
grid (grid generation) done.
rwr (Q operators) done.
  
       i  u  d  i  g
       t  p  i  c  r                                 RMS    maximum
       e  d  i  u  i                       energy  density   DIIS  
       r  t  s  t  d       total energy    change  change    error 
  
etot    1  N  N  2  U   -1539.78703817811           1.1E-04  1.8E-03
etot    2  Y  Y  6  M   -1539.78947965595  2.4E-03  2.0E-05  1.6E-04
etot    3  N  Y  2  U   -1539.78942973405 -5.0E-05  1.6E-05  5.2E-04
etot    4  N  Y  2  U   -1539.78948612074  5.6E-05  4.4E-06  1.3E-04
etot    5  N  N  2  U   -1539.78948965334  3.5E-06  0.0E+00  0.0E+00
scf (DFT) done.
der1a (1-e 1st deriv.) done.
rwr (1st deriv. Q) done.
der1b (2-e 1st deriv.) done.
  Geometry optimization step  27
  Total energy:     -1539.84370602868 hartrees
  energy change:           2.6527E-05 *  (  5.0000E-05 )
  gradient maximum:        9.5792E-04 .  (  4.5000E-04 )
  gradient rms:            1.7875E-04 *  (  3.0000E-04 )
  displacement maximum:    5.4071E-02 .  (  1.8000E-03 )
  displacement rms:        7.5941E-03 .  (  1.2000E-03 )
  
  predicted energy change: -3.0468E-05
  step size:     0.11340
  trust radius:  0.30000
---------------- geometry iteration  27 complete ----------------
geopt (optimize geometry) done.
onee (1-electron integrals) done.
probe (project orbitals) done.
grid (grid generation) done.
rwr (Q operators) done.
  
       i  u  d  i  g
       t  p  i  c  r                                 RMS    maximum
       e  d  i  u  i                       energy  density   DIIS  
       r  t  s  t  d       total energy    change  change    error 
  
etot    1  N  N  2  U   -1539.78220326132           1.8E-04  4.1E-03
etot    2  Y  Y  6  M   -1539.78902723984  6.8E-03  2.5E-05  3.2E-04
etot    3  N  Y  2  U   -1539.78893970128 -8.8E-05  2.0E-05  6.2E-04
etot    4  N  Y  2  U   -1539.78900240834  6.3E-05  6.5E-06  2.1E-04
etot    5  N  Y  2  U   -1539.78900957519  7.2E-06  2.1E-06  5.9E-05
etot    6  N  N  2  U   -1539.78901038875  8.1E-07  0.0E+00  0.0E+00
scf (DFT) done.
der1a (1-e 1st deriv.) done.
rwr (1st deriv. Q) done.
der1b (2-e 1st deriv.) done.
  Geometry optimization step  28
  Total energy:     -1539.84324317242 hartrees
  energy change:           4.6286E-04 .  (  5.0000E-05 )
  gradient maximum:        1.0781E-03 .  (  4.5000E-04 )
  gradient rms:            2.4035E-04 *  (  3.0000E-04 )
  displacement maximum:    6.3785E-02 .  (  1.8000E-03 )
  displacement rms:        8.5067E-03 .  (  1.2000E-03 )
  
  predicted energy change: -6.9159E-05
  step size:     0.12703
  trust radius:  0.30000
---------------- geometry iteration  28 complete ----------------
geopt (optimize geometry) done.
onee (1-electron integrals) done.
probe (project orbitals) done.
grid (grid generation) done.
rwr (Q operators) done.
  
       i  u  d  i  g
       t  p  i  c  r                                 RMS    maximum
       e  d  i  u  i                       energy  density   DIIS  
       r  t  s  t  d       total energy    change  change    error 
  
etot    1  N  N  2  U   -1539.78012238575           7.8E-04  1.5E-02
etot    2  Y  Y  6  M   -1539.78937630586  9.3E-03  3.3E-05  4.5E-04
etot    3  N  Y  2  U   -1539.78933203912 -4.4E-05  2.6E-05  7.4E-04
etot    4  N  Y  2  U   -1539.78944209236  1.1E-04  8.7E-06  2.6E-04
etot    5  N  Y  2  U   -1539.78945434904  1.2E-05  2.8E-06  1.0E-04
etot    6  N  N  2  U   -1539.78945600378  1.7E-06  0.0E+00  0.0E+00
scf (DFT) done.
der1a (1-e 1st deriv.) done.
rwr (1st deriv. Q) done.
der1b (2-e 1st deriv.) done.
  Geometry optimization step  29
  Total energy:     -1539.84367482435 hartrees
  energy change:          -4.3165E-04 .  (  5.0000E-05 )
  gradient maximum:        7.0705E-04 .  (  4.5000E-04 )
  gradient rms:            1.3905E-04 *  (  3.0000E-04 )
  displacement maximum:    1.0332E-02 .  (  1.8000E-03 )
  displacement rms:        1.7867E-03 .  (  1.2000E-03 )
  
  predicted energy change: -9.7078E-06
  step size:     0.02668
  trust radius:  0.30000
---------------- geometry iteration  29 complete ----------------
geopt (optimize geometry) done.
onee (1-electron integrals) done.
probe (project orbitals) done.
grid (grid generation) done.
rwr (Q operators) done.
  
       i  u  d  i  g
       t  p  i  c  r                                 RMS    maximum
       e  d  i  u  i                       energy  density   DIIS  
       r  t  s  t  d       total energy    change  change    error 
  
etot    1  N  N  2  U   -1539.78906087128           5.2E-05  8.6E-04
etot    2  Y  Y  6  M   -1539.78943179391  3.7E-04  1.3E-05  1.3E-04
etot    3  N  Y  2  U   -1539.78941382442 -1.8E-05  1.0E-05  4.0E-04
etot    4  N  Y  2  U   -1539.78944381664  3.0E-05  1.9E-06  4.6E-05
etot    5  N  N  2  U   -1539.78944450429  6.9E-07  0.0E+00  0.0E+00
scf (DFT) done.
der1a (1-e 1st deriv.) done.
rwr (1st deriv. Q) done.
der1b (2-e 1st deriv.) done.
  Geometry optimization step  30
  Total energy:     -1539.84366151096 hartrees
  energy change:           1.3313E-05 *  (  5.0000E-05 )
  gradient maximum:        4.5136E-04 .  (  4.5000E-04 )
  gradient rms:            8.4863E-05 *  (  3.0000E-04 )
  displacement maximum:    4.6749E-03 .  (  1.8000E-03 )
  displacement rms:        9.9696E-04 *  (  1.2000E-03 )
  
  predicted energy change: -3.3505E-06
  step size:     0.01489
  trust radius:  0.30000
---------------- geometry iteration  30 complete ----------------
geopt (optimize geometry) done.
onee (1-electron integrals) done.
probe (project orbitals) done.
grid (grid generation) done.
rwr (Q operators) done.
  
       i  u  d  i  g
       t  p  i  c  r                                 RMS    maximum
       e  d  i  u  i                       energy  density   DIIS  
       r  t  s  t  d       total energy    change  change    error 
  
etot    1  N  N  2  U   -1539.78932317973           2.9E-05  4.7E-04
etot    2  N  Y  2  U   -1539.78942247161  9.9E-05  5.8E-06  5.4E-05
etot    3  N  Y  2  U   -1539.78941900489 -3.5E-06  4.5E-06  1.4E-04
etot    4  N  N  2  U   -1539.78942319735  4.2E-06  0.0E+00  0.0E+00
scf (DFT) done.
der1a (1-e 1st deriv.) done.
rwr (1st deriv. Q) done.
der1b (2-e 1st deriv.) done.
  Geometry optimization step  31
  Total energy:     -1539.84364169312 hartrees
  energy change:           1.9818E-05 *  (  5.0000E-05 )
  gradient maximum:        7.7864E-04 .  (  4.5000E-04 )
  gradient rms:            9.1781E-05 *  (  3.0000E-04 )
  displacement maximum:    1.0129E-02 .  (  1.8000E-03 )
  displacement rms:        1.4922E-03 .  (  1.2000E-03 )
  
  predicted energy change: -2.1265E-06
  step size:     0.02228
  trust radius:  0.30000
---------------- geometry iteration  31 complete ----------------
geopt (optimize geometry) done.
onee (1-electron integrals) done.
probe (project orbitals) done.
grid (grid generation) done.
rwr (Q operators) done.
  
       i  u  d  i  g
       t  p  i  c  r                                 RMS    maximum
       e  d  i  u  i                       energy  density   DIIS  
       r  t  s  t  d       total energy    change  change    error 
  
etot    1  N  N  2  U   -1539.78917107174           4.5E-05  1.0E-03
etot    2  N  Y  2  U   -1539.78942262908  2.5E-04  8.3E-06  9.2E-05
etot    3  N  Y  2  U   -1539.78941414518 -8.5E-06  6.5E-06  2.7E-04
etot    4  N  Y  2  U   -1539.78942393428  9.8E-06  1.5E-06  5.0E-05
etot    5  N  N  2  U   -1539.78942434932  4.2E-07  0.0E+00  0.0E+00
scf (DFT) done.
der1a (1-e 1st deriv.) done.
rwr (1st deriv. Q) done.
der1b (2-e 1st deriv.) done.
  Geometry optimization step  32
  Total energy:     -1539.84364853647 hartrees
  energy change:          -6.8434E-06 *  (  5.0000E-05 )
  gradient maximum:        3.3032E-04 *  (  4.5000E-04 )
  gradient rms:            6.4423E-05 *  (  3.0000E-04 )
  displacement maximum:    7.9798E-03 .  (  1.8000E-03 )
  displacement rms:        1.3484E-03 .  (  1.2000E-03 )
  
  predicted energy change: -3.8128E-06
  step size:     0.02014
  trust radius:  0.30000
---------------- geometry iteration  32 complete ----------------
geopt (optimize geometry) done.
onee (1-electron integrals) done.
probe (project orbitals) done.
grid (grid generation) done.
rwr (Q operators) done.
  
       i  u  d  i  g
       t  p  i  c  r                                 RMS    maximum
       e  d  i  u  i                       energy  density   DIIS  
       r  t  s  t  d       total energy    change  change    error 
  
etot    1  N  N  2  U   -1539.78922949063           3.3E-05  7.0E-04
etot    2  N  Y  2  U   -1539.78941574988  1.9E-04  6.5E-06  4.9E-05
etot    3  N  Y  2  U   -1539.78941008034 -5.7E-06  5.2E-06  1.4E-04
etot    4  N  Y  2  U   -1539.78941670174  6.6E-06  1.6E-06  4.6E-05
etot    5  N  N  2  U   -1539.78941711230  4.1E-07  0.0E+00  0.0E+00
scf (DFT) done.
der1a (1-e 1st deriv.) done.
rwr (1st deriv. Q) done.
der1b (2-e 1st deriv.) done.
  Geometry optimization step  33
  Total energy:     -1539.84364721705 hartrees
  energy change:           1.3194E-06 #  (  5.0000E-05 )
  gradient maximum:        4.3065E-04 *  (  4.5000E-04 )
  gradient rms:            6.2295E-05 *  (  3.0000E-04 )
  displacement maximum:    3.9321E-03 .  (  1.8000E-03 )
  displacement rms:        7.4505E-04 *  (  1.2000E-03 )
  
  predicted energy change: -1.8061E-06
  step size:     0.01113
  trust radius:  0.30000
------------- final geometry iteration  33 complete -------------
geopt (optimize geometry) done.
cutabab2 (abab integrals) done.
der2a (1-e JK-1st deriv.) done.
der2b (2-e JK-1st deriv.) done.
der2nda (1-e 2nd deriv.) done.
der2ndb (2-e 2nd deriv.) done.
rwr (Q operators) done.
cphfa (gradient of wave function) done.
freq (vib. frequencies) done.
Job J1_10243_2111 completed on hpc-90-22.cm.cluster at Wed May 29 19:57:42 2024
Timer (jaguar_backend.py) : 3328.11 secs (0 hrs, 55 mins, 28 secs)
Finished:   Wed May 29 19:57:42 2024
