Command:  /groups/wag/programs/Schrodinger_2020_3/jaguar run -WAIT -PARALLEL 8 /central/home/labounad/wittig-ch121/out/J1_10518_2111/J1_10518_2111.in
Release:  2020-3
Exec:     /groups/wag/programs/Schrodinger_2020_3/jaguar-v10.9/bin/Linux-x86_64
Host:     hpc-21-27.cm.cluster
JobId:    hpc-21-27-0-6657d7e9
JobDir:   /central/scratch/labounad/J1_10518_2111#hpc-21-27-0-6657d7e9
Date:     Wed May 29 18:35:39 2024

Contents of /central/scratch/labounad/J1_10518_2111#hpc-21-27-0-6657d7e9:
/central/scratch/labounad/J1_10518_2111#hpc-21-27-0-6657d7e9/hpc-21-27-0-6657d7e9.recover
/central/scratch/labounad/J1_10518_2111#hpc-21-27-0-6657d7e9/.write_dir.json
/central/scratch/labounad/J1_10518_2111#hpc-21-27-0-6657d7e9/hpc-21-27-0-6657d7e9.nodes
/central/scratch/labounad/J1_10518_2111#hpc-21-27-0-6657d7e9/hpc-21-27-0-6657d7e9.mpinodes
/central/scratch/labounad/J1_10518_2111#hpc-21-27-0-6657d7e9/J1_10518_2111.recover
/central/scratch/labounad/J1_10518_2111#hpc-21-27-0-6657d7e9/J1_10518_2111.log
/central/scratch/labounad/J1_10518_2111#hpc-21-27-0-6657d7e9/J1_10518_2111.in
/central/scratch/labounad/J1_10518_2111#hpc-21-27-0-6657d7e9/hpc-21-27-0-6657d7e9

Executing subprocess:
/groups/wag/programs/Schrodinger_2020_3/jaguar-v10.9/bin/Linux-x86_64/jexec J1_10518_2111.in -T 8 -out /central/scratch/labounad/J1_10518_2111#hpc-21-27-0-6657d7e9 -cwd

Job J1_10518_2111 started on hpc-21-27.cm.cluster at Wed May 29 18:35:39 2024
jobid: hpc-21-27-0-6657d7e9 
Jaguar version 10.9, release 139
 Using up to   8 threads per process
Molecular Point Group: C1      
Point Group used: C1
pre (input checking) done.
onee (1-electron integrals) done.
hfig (HF initial guess) done.
probe (project orbitals) done.
grid (grid generation) done.
rwr (Q operators) done.
scf type: DFT=PBE(X+LC)+PW91 (PBE-D3)
  
       i  u  d  i  g
       t  p  i  c  r                                 RMS    maximum
       e  d  i  u  i                       energy  density   DIIS  
       r  t  s  t  d       total energy    change  change    error 
  
etot    1  N  N  5  M   -1685.59824027120           5.6E-03  8.3E-02
etot    2  Y  Y  6  M   -1682.76374603616 -2.8E+00  7.5E-03  1.4E-01
etot    3  Y  Y  6  M   -1678.90966242349 -3.9E+00  6.0E-03  2.0E-01
etot    4  N  Y  2  U   -1687.33572354403  8.4E+00  4.2E-03  8.4E-02
etot    5  Y  Y  6  M   -1683.64816155130 -3.7E+00  4.0E-03  8.6E-02
etot    6  N  Y  2  U   -1687.64798357221  4.0E+00  2.5E-03  5.9E-02
etot    7  Y  Y  6  M   -1689.45566212782  1.8E+00  7.9E-04  2.1E-02
etot    8  N  Y  2  U   -1689.57071405313  1.2E-01  6.1E-04  1.4E-02
etot    9  Y  Y  6  M   -1689.59209576840  2.1E-02  3.8E-04  1.4E-02
etot   10  N  Y  2  U   -1689.62032905788  2.8E-02  1.7E-04  5.6E-03
etot   11  Y  Y  6  M   -1689.62671129794  6.4E-03  8.2E-05  2.4E-03
etot   12  N  Y  2  U   -1689.62762725906  9.2E-04  5.5E-05  1.2E-03
etot   13  Y  Y  6  M   -1689.62810139209  4.7E-04  2.1E-05  5.1E-04
etot   14  N  Y  2  U   -1689.62820169277  1.0E-04  8.2E-06  2.1E-04
etot   15  N  Y  2  U   -1689.62821628145  1.5E-05  4.2E-06  1.0E-04
etot   16  N  N  2  U   -1689.62822048547  4.2E-06  0.0E+00  0.0E+00
scf (DFT) done.
der1a (1-e 1st deriv.) done.
rwr (1st deriv. Q) done.
der1b (2-e 1st deriv.) done.
  Geometry optimization step   1
  Total energy:     -1689.68273500425 hartrees
  gradient maximum:        3.8022E-02 .  (  4.5000E-04 )
  gradient rms:            6.4117E-03 .  (  3.0000E-04 )
  displacement maximum:    1.2105E-01 .  (  1.8000E-03 )
  displacement rms:        1.9534E-02 .  (  1.2000E-03 )
  
  predicted energy change: -1.8396E-02
  step size:     0.30008
  trust radius:  0.30000
---------------- geometry iteration   1 complete ----------------
geopt (optimize geometry) done.
onee (1-electron integrals) done.
probe (project orbitals) done.
grid (grid generation) done.
rwr (Q operators) done.
  
       i  u  d  i  g
       t  p  i  c  r                                 RMS    maximum
       e  d  i  u  i                       energy  density   DIIS  
       r  t  s  t  d       total energy    change  change    error 
  
etot    1  N  N  2  U   -1689.63437297356           8.0E-04  1.5E-02
etot    2  Y  Y  6  M   -1689.64587911547  1.2E-02  1.2E-04  1.5E-03
etot    3  N  Y  2  U   -1689.64466301646 -1.2E-03  8.5E-05  2.4E-03
etot    4  Y  Y  6  M   -1689.64645387388  1.8E-03  2.7E-05  9.1E-04
etot    5  N  Y  2  U   -1689.64660562914  1.5E-04  9.0E-06  2.8E-04
etot    6  N  Y  2  U   -1689.64661946044  1.4E-05  3.3E-06  1.2E-04
etot    7  N  N  2  U   -1689.64662258434  3.1E-06  0.0E+00  0.0E+00
scf (DFT) done.
der1a (1-e 1st deriv.) done.
rwr (1st deriv. Q) done.
der1b (2-e 1st deriv.) done.
  Geometry optimization step   2
  Total energy:     -1689.69989583695 hartrees
  energy change:          -1.7161E-02 .  (  5.0000E-05 )
  gradient maximum:        1.2934E-02 .  (  4.5000E-04 )
  gradient rms:            1.8053E-03 .  (  3.0000E-04 )
  displacement maximum:    1.2743E-01 .  (  1.8000E-03 )
  displacement rms:        1.9530E-02 .  (  1.2000E-03 )
  
  predicted energy change: -2.6628E-03
  step size:     0.30002
  trust radius:  0.30000
---------------- geometry iteration   2 complete ----------------
geopt (optimize geometry) done.
onee (1-electron integrals) done.
probe (project orbitals) done.
grid (grid generation) done.
rwr (Q operators) done.
  
       i  u  d  i  g
       t  p  i  c  r                                 RMS    maximum
       e  d  i  u  i                       energy  density   DIIS  
       r  t  s  t  d       total energy    change  change    error 
  
etot    1  N  N  2  U   -1689.61890462832           3.9E-04  1.4E-02
etot    2  Y  Y  6  M   -1689.64899234885  3.0E-02  8.5E-05  1.0E-03
etot    3  N  Y  2  U   -1689.64775529555 -1.2E-03  7.0E-05  3.0E-03
etot    4  Y  Y  6  M   -1689.64898726566  1.2E-03  1.9E-05  9.0E-04
etot    5  N  Y  2  U   -1689.64907137977  8.4E-05  7.1E-06  2.1E-04
etot    6  N  Y  2  U   -1689.64908267716  1.1E-05  2.4E-06  6.6E-05
etot    7  N  N  2  U   -1689.64908345699  7.8E-07  0.0E+00  0.0E+00
scf (DFT) done.
der1a (1-e 1st deriv.) done.
rwr (1st deriv. Q) done.
der1b (2-e 1st deriv.) done.
  Geometry optimization step   3
  Total energy:     -1689.70243527022 hartrees
  energy change:          -2.5394E-03 .  (  5.0000E-05 )
  gradient maximum:        6.4063E-03 .  (  4.5000E-04 )
  gradient rms:            1.2021E-03 .  (  3.0000E-04 )
  displacement maximum:    1.2572E-01 .  (  1.8000E-03 )
  displacement rms:        1.9547E-02 .  (  1.2000E-03 )
  
  predicted energy change: -1.5456E-03
  step size:     0.30028
  trust radius:  0.30000
---------------- geometry iteration   3 complete ----------------
geopt (optimize geometry) done.
onee (1-electron integrals) done.
probe (project orbitals) done.
grid (grid generation) done.
rwr (Q operators) done.
  
       i  u  d  i  g
       t  p  i  c  r                                 RMS    maximum
       e  d  i  u  i                       energy  density   DIIS  
       r  t  s  t  d       total energy    change  change    error 
  
etot    1  N  N  2  U   -1689.61465482622           4.4E-04  1.1E-02
etot    2  Y  Y  6  M   -1689.64866990426  3.4E-02  1.1E-04  1.2E-03
etot    3  N  Y  2  U   -1689.64698251371 -1.7E-03  8.4E-05  3.4E-03
etot    4  Y  Y  6  M   -1689.64881676284  1.8E-03  2.1E-05  8.0E-04
etot    5  N  Y  2  U   -1689.64891242071  9.6E-05  7.4E-06  2.3E-04
etot    6  N  Y  2  U   -1689.64892630574  1.4E-05  2.6E-06  7.0E-05
etot    7  N  N  2  U   -1689.64892741695  1.1E-06  0.0E+00  0.0E+00
scf (DFT) done.
der1a (1-e 1st deriv.) done.
rwr (1st deriv. Q) done.
der1b (2-e 1st deriv.) done.
  Geometry optimization step   4
  Total energy:     -1689.70178209138 hartrees
  ** restarting optimization from step    3 **
  energy change:           6.5318E-04 .  (  5.0000E-05 )
  gradient maximum:        6.4063E-03 .  (  4.5000E-04 )
  gradient rms:            1.2021E-03 .  (  3.0000E-04 )
  displacement maximum:    8.0104E-02 .  (  1.8000E-03 )
  displacement rms:        1.5646E-02 .  (  1.2000E-03 )
  
  predicted energy change: -9.3038E-04
  step size:     0.24036
  trust radius:  0.30000
---------------- geometry iteration   4 complete ----------------
geopt (optimize geometry) done.
onee (1-electron integrals) done.
probe (project orbitals) done.
grid (grid generation) done.
rwr (Q operators) done.
  
       i  u  d  i  g
       t  p  i  c  r                                 RMS    maximum
       e  d  i  u  i                       energy  density   DIIS  
       r  t  s  t  d       total energy    change  change    error 
  
etot    1  N  N  2  U   -1689.62025809796           4.0E-04  1.2E-02
etot    2  Y  Y  6  M   -1689.65015330785  3.0E-02  5.4E-05  1.2E-03
etot    3  N  Y  2  U   -1689.64987851442 -2.7E-04  4.2E-05  1.2E-03
etot    4  N  Y  2  U   -1689.65015269046  2.7E-04  1.6E-05  6.7E-04
etot    5  N  Y  2  U   -1689.65021304159  6.0E-05  4.4E-06  2.0E-04
etot    6  N  N  2  U   -1689.65021781029  4.8E-06  0.0E+00  0.0E+00
scf (DFT) done.
der1a (1-e 1st deriv.) done.
rwr (1st deriv. Q) done.
der1b (2-e 1st deriv.) done.
  Geometry optimization step   5
  Total energy:     -1689.70319674689 hartrees
  energy change:          -7.6148E-04 .  (  5.0000E-05 )
  gradient maximum:        6.8916E-03 .  (  4.5000E-04 )
  gradient rms:            7.5428E-04 .  (  3.0000E-04 )
  displacement maximum:    8.0456E-02 .  (  1.8000E-03 )
  displacement rms:        1.3536E-02 .  (  1.2000E-03 )
  
  predicted energy change: -3.9586E-04
  step size:     0.20794
  trust radius:  0.30000
---------------- geometry iteration   5 complete ----------------
geopt (optimize geometry) done.
onee (1-electron integrals) done.
probe (project orbitals) done.
grid (grid generation) done.
rwr (Q operators) done.
  
       i  u  d  i  g
       t  p  i  c  r                                 RMS    maximum
       e  d  i  u  i                       energy  density   DIIS  
       r  t  s  t  d       total energy    change  change    error 
  
etot    1  N  N  2  U   -1689.62865993380           3.2E-04  9.0E-03
etot    2  Y  Y  6  M   -1689.64986171368  2.1E-02  5.4E-05  7.6E-04
etot    3  N  Y  2  U   -1689.64954975493 -3.1E-04  4.3E-05  1.2E-03
etot    4  N  Y  2  U   -1689.64995925710  4.1E-04  1.4E-05  4.7E-04
etot    5  N  Y  2  U   -1689.65000779639  4.9E-05  4.6E-06  1.9E-04
etot    6  N  N  2  U   -1689.65001351864  5.7E-06  0.0E+00  0.0E+00
scf (DFT) done.
der1a (1-e 1st deriv.) done.
rwr (1st deriv. Q) done.
der1b (2-e 1st deriv.) done.
  Geometry optimization step   6
  Total energy:     -1689.70301168361 hartrees
  energy change:           1.8506E-04 .  (  5.0000E-05 )
  gradient maximum:        8.0561E-03 .  (  4.5000E-04 )
  gradient rms:            9.8915E-04 .  (  3.0000E-04 )
  displacement maximum:    4.5769E-02 .  (  1.8000E-03 )
  displacement rms:        8.5705E-03 .  (  1.2000E-03 )
  
  predicted energy change: -3.4170E-04
  step size:     0.13166
  trust radius:  0.30000
---------------- geometry iteration   6 complete ----------------
geopt (optimize geometry) done.
onee (1-electron integrals) done.
probe (project orbitals) done.
grid (grid generation) done.
rwr (Q operators) done.
  
       i  u  d  i  g
       t  p  i  c  r                                 RMS    maximum
       e  d  i  u  i                       energy  density   DIIS  
       r  t  s  t  d       total energy    change  change    error 
  
etot    1  N  N  2  U   -1689.64189590226           2.0E-04  5.4E-03
etot    2  Y  Y  6  M   -1689.65042353580  8.5E-03  3.1E-05  4.7E-04
etot    3  N  Y  2  U   -1689.65028525201 -1.4E-04  2.5E-05  5.1E-04
etot    4  N  Y  2  U   -1689.65038736034  1.0E-04  8.1E-06  2.6E-04
etot    5  N  Y  2  U   -1689.65040468088  1.7E-05  2.1E-06  5.0E-05
etot    6  N  N  2  U   -1689.65040559138  9.1E-07  0.0E+00  0.0E+00
scf (DFT) done.
der1a (1-e 1st deriv.) done.
rwr (1st deriv. Q) done.
der1b (2-e 1st deriv.) done.
  Geometry optimization step   7
  Total energy:     -1689.70347089571 hartrees
  energy change:          -4.5921E-04 .  (  5.0000E-05 )
  gradient maximum:        2.0192E-03 .  (  4.5000E-04 )
  gradient rms:            3.3373E-04 .  (  3.0000E-04 )
  displacement maximum:    2.5566E-02 .  (  1.8000E-03 )
  displacement rms:        5.5400E-03 .  (  1.2000E-03 )
  
  predicted energy change: -7.1563E-05
  step size:     0.08511
  trust radius:  0.30000
---------------- geometry iteration   7 complete ----------------
geopt (optimize geometry) done.
onee (1-electron integrals) done.
probe (project orbitals) done.
grid (grid generation) done.
rwr (Q operators) done.
  
       i  u  d  i  g
       t  p  i  c  r                                 RMS    maximum
       e  d  i  u  i                       energy  density   DIIS  
       r  t  s  t  d       total energy    change  change    error 
  
etot    1  N  N  2  U   -1689.64716312898           1.2E-04  3.6E-03
etot    2  Y  Y  6  M   -1689.65039965280  3.2E-03  3.6E-05  4.4E-04
etot    3  N  Y  2  U   -1689.65025362432 -1.5E-04  2.7E-05  8.3E-04
etot    4  N  Y  2  U   -1689.65043231376  1.8E-04  4.5E-06  1.5E-04
etot    5  N  N  2  U   -1689.65043592413  3.6E-06  0.0E+00  0.0E+00
scf (DFT) done.
der1a (1-e 1st deriv.) done.
rwr (1st deriv. Q) done.
der1b (2-e 1st deriv.) done.
  Geometry optimization step   8
  Total energy:     -1689.70341119164 hartrees
  energy change:           5.9704E-05 .  (  5.0000E-05 )
  gradient maximum:        3.0913E-03 .  (  4.5000E-04 )
  gradient rms:            4.5526E-04 .  (  3.0000E-04 )
  displacement maximum:    3.1943E-02 .  (  1.8000E-03 )
  displacement rms:        6.0157E-03 .  (  1.2000E-03 )
  
  predicted energy change: -9.1284E-05
  step size:     0.09241
  trust radius:  0.30000
---------------- geometry iteration   8 complete ----------------
geopt (optimize geometry) done.
onee (1-electron integrals) done.
probe (project orbitals) done.
grid (grid generation) done.
rwr (Q operators) done.
  
       i  u  d  i  g
       t  p  i  c  r                                 RMS    maximum
       e  d  i  u  i                       energy  density   DIIS  
       r  t  s  t  d       total energy    change  change    error 
  
etot    1  N  N  2  U   -1689.64650236881           1.3E-04  4.1E-03
etot    2  Y  Y  6  M   -1689.65050580730  4.0E-03  3.1E-05  3.1E-04
etot    3  N  Y  2  U   -1689.65035496533 -1.5E-04  2.5E-05  1.1E-03
etot    4  N  Y  2  U   -1689.65051584091  1.6E-04  6.2E-06  2.8E-04
etot    5  N  Y  2  U   -1689.65052396445  8.1E-06  2.3E-06  1.2E-04
etot    6  N  N  2  U   -1689.65052548791  1.5E-06  0.0E+00  0.0E+00
scf (DFT) done.
der1a (1-e 1st deriv.) done.
rwr (1st deriv. Q) done.
der1b (2-e 1st deriv.) done.
  Geometry optimization step   9
  Total energy:     -1689.70350493295 hartrees
  energy change:          -9.3741E-05 .  (  5.0000E-05 )
  gradient maximum:        1.4028E-03 .  (  4.5000E-04 )
  gradient rms:            2.0448E-04 *  (  3.0000E-04 )
  displacement maximum:    6.7216E-02 .  (  1.8000E-03 )
  displacement rms:        7.2913E-03 .  (  1.2000E-03 )
  
  predicted energy change: -5.6029E-05
  step size:     0.11201
  trust radius:  0.30000
---------------- geometry iteration   9 complete ----------------
geopt (optimize geometry) done.
onee (1-electron integrals) done.
probe (project orbitals) done.
grid (grid generation) done.
rwr (Q operators) done.
  
       i  u  d  i  g
       t  p  i  c  r                                 RMS    maximum
       e  d  i  u  i                       energy  density   DIIS  
       r  t  s  t  d       total energy    change  change    error 
  
etot    1  N  N  2  U   -1689.64360447062           1.8E-04  6.4E-03
etot    2  Y  Y  6  M   -1689.65053214363  6.9E-03  3.1E-05  5.5E-04
etot    3  N  Y  2  U   -1689.65040508858 -1.3E-04  2.4E-05  1.0E-03
etot    4  N  Y  2  U   -1689.65055309585  1.5E-04  6.1E-06  2.5E-04
etot    5  N  Y  2  U   -1689.65056299352  9.9E-06  2.0E-06  7.5E-05
etot    6  N  N  2  U   -1689.65056386819  8.7E-07  0.0E+00  0.0E+00
scf (DFT) done.
der1a (1-e 1st deriv.) done.
rwr (1st deriv. Q) done.
der1b (2-e 1st deriv.) done.
  Geometry optimization step  10
  Total energy:     -1689.70354750021 hartrees
  energy change:          -4.2567E-05 *  (  5.0000E-05 )
  gradient maximum:        1.8550E-03 .  (  4.5000E-04 )
  gradient rms:            2.9802E-04 *  (  3.0000E-04 )
  displacement maximum:    6.5411E-02 .  (  1.8000E-03 )
  displacement rms:        9.6649E-03 .  (  1.2000E-03 )
  
  predicted energy change: -6.2510E-05
  step size:     0.14847
  trust radius:  0.30000
---------------- geometry iteration  10 complete ----------------
geopt (optimize geometry) done.
onee (1-electron integrals) done.
probe (project orbitals) done.
grid (grid generation) done.
rwr (Q operators) done.
  
       i  u  d  i  g
       t  p  i  c  r                                 RMS    maximum
       e  d  i  u  i                       energy  density   DIIS  
       r  t  s  t  d       total energy    change  change    error 
  
etot    1  N  N  2  U   -1689.64140673636           2.1E-04  5.7E-03
etot    2  Y  Y  6  M   -1689.65065415334  9.2E-03  4.8E-05  5.5E-04
etot    3  N  Y  2  U   -1689.65039050426 -2.6E-04  3.6E-05  1.2E-03
etot    4  N  Y  2  U   -1689.65071590641  3.3E-04  7.0E-06  2.7E-04
etot    5  N  Y  2  U   -1689.65072639366  1.0E-05  2.7E-06  9.4E-05
etot    6  N  N  2  U   -1689.65072812940  1.7E-06  0.0E+00  0.0E+00
scf (DFT) done.
der1a (1-e 1st deriv.) done.
rwr (1st deriv. Q) done.
der1b (2-e 1st deriv.) done.
  Geometry optimization step  11
  Total energy:     -1689.70357134449 hartrees
  energy change:          -2.3844E-05 *  (  5.0000E-05 )
  gradient maximum:        1.9452E-03 .  (  4.5000E-04 )
  gradient rms:            3.2095E-04 .  (  3.0000E-04 )
  displacement maximum:    2.4391E-02 .  (  1.8000E-03 )
  displacement rms:        4.2605E-03 .  (  1.2000E-03 )
  
  predicted energy change: -4.7139E-05
  step size:     0.06545
  trust radius:  0.30000
---------------- geometry iteration  11 complete ----------------
geopt (optimize geometry) done.
onee (1-electron integrals) done.
probe (project orbitals) done.
grid (grid generation) done.
rwr (Q operators) done.
  
       i  u  d  i  g
       t  p  i  c  r                                 RMS    maximum
       e  d  i  u  i                       energy  density   DIIS  
       r  t  s  t  d       total energy    change  change    error 
  
etot    1  N  N  2  U   -1689.64848843577           1.0E-04  2.4E-03
etot    2  Y  Y  6  M   -1689.65044926995  2.0E-03  2.4E-05  2.2E-04
etot    3  N  Y  2  U   -1689.65035710522 -9.2E-05  1.8E-05  6.4E-04
etot    4  N  Y  2  U   -1689.65045380683  9.7E-05  4.0E-06  1.3E-04
etot    5  N  N  2  U   -1689.65045590055  2.1E-06  0.0E+00  0.0E+00
scf (DFT) done.
der1a (1-e 1st deriv.) done.
rwr (1st deriv. Q) done.
der1b (2-e 1st deriv.) done.
  Geometry optimization step  12
  Total energy:     -1689.70318822275 hartrees
  energy change:           3.8312E-04 .  (  5.0000E-05 )
  gradient maximum:        1.3651E-03 .  (  4.5000E-04 )
  gradient rms:            1.7552E-04 *  (  3.0000E-04 )
  displacement maximum:    1.4272E-02 .  (  1.8000E-03 )
  displacement rms:        2.5893E-03 .  (  1.2000E-03 )
  
  predicted energy change: -1.9921E-05
  step size:     0.03978
  trust radius:  0.30000
---------------- geometry iteration  12 complete ----------------
geopt (optimize geometry) done.
onee (1-electron integrals) done.
probe (project orbitals) done.
grid (grid generation) done.
rwr (Q operators) done.
  
       i  u  d  i  g
       t  p  i  c  r                                 RMS    maximum
       e  d  i  u  i                       energy  density   DIIS  
       r  t  s  t  d       total energy    change  change    error 
  
etot    1  N  N  2  U   -1689.64983679648           5.8E-05  1.7E-03
etot    2  Y  Y  6  M   -1689.65053679191  7.0E-04  2.5E-05  3.3E-04
etot    3  N  Y  2  U   -1689.65040936050 -1.3E-04  1.9E-05  1.1E-03
etot    4  N  Y  2  U   -1689.65054926940  1.4E-04  2.5E-06  9.5E-05
etot    5  N  Y  2  U   -1689.65055027128  1.0E-06  1.0E-06  3.2E-05
etot    6  N  N  2  U   -1689.65055060209  3.3E-07  0.0E+00  0.0E+00
scf (DFT) done.
der1a (1-e 1st deriv.) done.
rwr (1st deriv. Q) done.
der1b (2-e 1st deriv.) done.
  Geometry optimization step  13
  Total energy:     -1689.70322203032 hartrees
  energy change:          -3.3808E-05 *  (  5.0000E-05 )
  gradient maximum:        5.0094E-04 .  (  4.5000E-04 )
  gradient rms:            1.1899E-04 *  (  3.0000E-04 )
  displacement maximum:    7.6014E-03 .  (  1.8000E-03 )
  displacement rms:        1.5417E-03 .  (  1.2000E-03 )
  
  predicted energy change: -7.3459E-06
  step size:     0.02368
  trust radius:  0.30000
---------------- geometry iteration  13 complete ----------------
geopt (optimize geometry) done.
onee (1-electron integrals) done.
probe (project orbitals) done.
grid (grid generation) done.
rwr (Q operators) done.
  
       i  u  d  i  g
       t  p  i  c  r                                 RMS    maximum
       e  d  i  u  i                       energy  density   DIIS  
       r  t  s  t  d       total energy    change  change    error 
  
etot    1  N  N  2  U   -1689.65025468708           3.8E-05  1.0E-03
etot    2  N  Y  2  U   -1689.65054676774  2.9E-04  7.1E-06  8.6E-05
etot    3  N  Y  2  U   -1689.65054168208 -5.1E-06  5.6E-06  1.6E-04
etot    4  N  Y  2  U   -1689.65054824545  6.6E-06  1.4E-06  4.2E-05
etot    5  N  N  2  U   -1689.65054865385  4.1E-07  0.0E+00  0.0E+00
scf (DFT) done.
der1a (1-e 1st deriv.) done.
rwr (1st deriv. Q) done.
der1b (2-e 1st deriv.) done.
  Geometry optimization step  14
  Total energy:     -1689.70322087539 hartrees
  ** restarting optimization from step   11 **
  energy change:           1.1549E-06 #  (  5.0000E-05 )
  gradient maximum:        1.9452E-03 .  (  4.5000E-04 )
  gradient rms:            3.2095E-04 .  (  3.0000E-04 )
  displacement maximum:    5.3424E-03 .  (  1.8000E-03 )
  displacement rms:        7.7673E-04 *  (  1.2000E-03 )
  
  predicted energy change: -3.2752E-05
  step size:     0.01193
  trust radius:  0.01184
---------------- geometry iteration  14 complete ----------------
geopt (optimize geometry) done.
onee (1-electron integrals) done.
probe (project orbitals) done.
grid (grid generation) done.
rwr (Q operators) done.
  
       i  u  d  i  g
       t  p  i  c  r                                 RMS    maximum
       e  d  i  u  i                       energy  density   DIIS  
       r  t  s  t  d       total energy    change  change    error 
  
etot    1  N  N  2  U   -1689.64583434310           7.6E-04  1.5E-02
etot    2  Y  Y  6  M   -1689.65081611975  5.0E-03  2.7E-05  3.1E-04
etot    3  N  Y  2  U   -1689.65073041272 -8.6E-05  2.1E-05  6.1E-04
etot    4  N  Y  2  U   -1689.65082668121  9.6E-05  6.0E-06  2.0E-04
etot    5  N  Y  2  U   -1689.65083556877  8.9E-06  2.1E-06  1.0E-04
etot    6  N  N  2  U   -1689.65083644889  8.8E-07  0.0E+00  0.0E+00
scf (DFT) done.
der1a (1-e 1st deriv.) done.
rwr (1st deriv. Q) done.
der1b (2-e 1st deriv.) done.
  Geometry optimization step  15
  Total energy:     -1689.70363355994 hartrees
  energy change:          -6.2215E-05 .  (  5.0000E-05 )
  gradient maximum:        1.2245E-03 .  (  4.5000E-04 )
  gradient rms:            1.4764E-04 *  (  3.0000E-04 )
  displacement maximum:    7.5504E-03 .  (  1.8000E-03 )
  displacement rms:        1.1208E-03 *  (  1.2000E-03 )
  
  predicted energy change: -2.4282E-05
  step size:     0.01722
  trust radius:  0.01675
---------------- geometry iteration  15 complete ----------------
geopt (optimize geometry) done.
onee (1-electron integrals) done.
probe (project orbitals) done.
grid (grid generation) done.
rwr (Q operators) done.
  
       i  u  d  i  g
       t  p  i  c  r                                 RMS    maximum
       e  d  i  u  i                       energy  density   DIIS  
       r  t  s  t  d       total energy    change  change    error 
  
etot    1  N  N  2  U   -1689.65073536521           3.0E-05  8.0E-04
etot    2  N  Y  2  U   -1689.65090857821  1.7E-04  7.5E-06  9.4E-05
etot    3  N  Y  2  U   -1689.65089789790 -1.1E-05  6.1E-06  3.1E-04
etot    4  N  Y  2  U   -1689.65090988794  1.2E-05  1.1E-06  4.9E-05
etot    5  N  N  2  U   -1689.65091012140  2.3E-07  0.0E+00  0.0E+00
scf (DFT) done.
der1a (1-e 1st deriv.) done.
rwr (1st deriv. Q) done.
der1b (2-e 1st deriv.) done.
  Geometry optimization step  16
  Total energy:     -1689.70366762067 hartrees
  energy change:          -3.4061E-05 *  (  5.0000E-05 )
  gradient maximum:        3.5808E-04 *  (  4.5000E-04 )
  gradient rms:            7.0222E-05 *  (  3.0000E-04 )
  displacement maximum:    9.3952E-03 .  (  1.8000E-03 )
  displacement rms:        1.5643E-03 .  (  1.2000E-03 )
  
  predicted energy change: -1.7308E-05
  step size:     0.02403
  trust radius:  0.02368
---------------- geometry iteration  16 complete ----------------
geopt (optimize geometry) done.
onee (1-electron integrals) done.
probe (project orbitals) done.
grid (grid generation) done.
rwr (Q operators) done.
  
       i  u  d  i  g
       t  p  i  c  r                                 RMS    maximum
       e  d  i  u  i                       energy  density   DIIS  
       r  t  s  t  d       total energy    change  change    error 
  
etot    1  N  N  2  U   -1689.65022560112           5.6E-05  2.3E-03
etot    2  Y  Y  6  M   -1689.65051841480  2.9E-04  7.5E-06  8.3E-05
etot    3  N  Y  2  U   -1689.65049925357 -1.9E-05  6.1E-06  2.5E-04
etot    4  N  Y  2  U   -1689.65050973186  1.0E-05  1.5E-06  5.7E-05
etot    5  N  N  2  U   -1689.65051010635  3.7E-07  0.0E+00  0.0E+00
scf (DFT) done.
der1a (1-e 1st deriv.) done.
rwr (1st deriv. Q) done.
der1b (2-e 1st deriv.) done.
  Geometry optimization step  17
  Total energy:     -1689.70324289742 hartrees
  energy change:           4.2472E-04 .  (  5.0000E-05 )
  gradient maximum:        4.1476E-04 *  (  4.5000E-04 )
  gradient rms:            5.8828E-05 #  (  3.0000E-04 )
  displacement maximum:    1.6695E-02 .  (  1.8000E-03 )
  displacement rms:        3.0884E-03 .  (  1.2000E-03 )
  
  predicted energy change: -1.4334E-05
  step size:     0.04744
  trust radius:  0.04737
---------------- geometry iteration  17 complete ----------------
geopt (optimize geometry) done.
onee (1-electron integrals) done.
probe (project orbitals) done.
grid (grid generation) done.
rwr (Q operators) done.
  
       i  u  d  i  g
       t  p  i  c  r                                 RMS    maximum
       e  d  i  u  i                       energy  density   DIIS  
       r  t  s  t  d       total energy    change  change    error 
  
etot    1  N  N  2  U   -1689.64973383299           6.3E-05  1.8E-03
etot    2  Y  Y  6  M   -1689.65055077516  8.2E-04  1.3E-05  1.3E-04
etot    3  N  Y  2  U   -1689.65052735673 -2.3E-05  1.1E-05  3.9E-04
etot    4  N  Y  2  U   -1689.65055744044  3.0E-05  2.7E-06  1.1E-04
etot    5  N  N  2  U   -1689.65055901390  1.6E-06  0.0E+00  0.0E+00
scf (DFT) done.
der1a (1-e 1st deriv.) done.
rwr (1st deriv. Q) done.
der1b (2-e 1st deriv.) done.
  Geometry optimization step  18
  Total energy:     -1689.70325103705 hartrees
  energy change:          -8.1396E-06 *  (  5.0000E-05 )
  gradient maximum:        4.1156E-04 *  (  4.5000E-04 )
  gradient rms:            6.0887E-05 *  (  3.0000E-04 )
  displacement maximum:    8.3107E-03 .  (  1.8000E-03 )
  displacement rms:        1.3985E-03 .  (  1.2000E-03 )
  
  predicted energy change: -2.1129E-06
  step size:     0.02148
  trust radius:  0.06699
---------------- geometry iteration  18 complete ----------------
geopt (optimize geometry) done.
onee (1-electron integrals) done.
probe (project orbitals) done.
grid (grid generation) done.
rwr (Q operators) done.
  
       i  u  d  i  g
       t  p  i  c  r                                 RMS    maximum
       e  d  i  u  i                       energy  density   DIIS  
       r  t  s  t  d       total energy    change  change    error 
  
etot    1  N  N  2  U   -1689.65039638004           3.4E-05  7.3E-04
etot    2  N  Y  2  U   -1689.65058857383  1.9E-04  9.2E-06  1.3E-04
etot    3  N  Y  2  U   -1689.65057062601 -1.8E-05  7.5E-06  4.1E-04
etot    4  N  Y  2  U   -1689.65059082243  2.0E-05  1.3E-06  4.2E-05
etot    5  N  N  2  U   -1689.65059115413  3.3E-07  0.0E+00  0.0E+00
scf (DFT) done.
der1a (1-e 1st deriv.) done.
rwr (1st deriv. Q) done.
der1b (2-e 1st deriv.) done.
  Geometry optimization step  19
  Total energy:     -1689.70327207914 hartrees
  energy change:          -2.1042E-05 *  (  5.0000E-05 )
  gradient maximum:        2.3614E-04 *  (  4.5000E-04 )
  gradient rms:            4.2843E-05 #  (  3.0000E-04 )
  displacement maximum:    1.2071E-02 .  (  1.8000E-03 )
  displacement rms:        1.8767E-03 .  (  1.2000E-03 )
  
  predicted energy change: -1.5178E-06
  step size:     0.02883
  trust radius:  0.06699
---------------- geometry iteration  19 complete ----------------
geopt (optimize geometry) done.
onee (1-electron integrals) done.
probe (project orbitals) done.
grid (grid generation) done.
rwr (Q operators) done.
  
       i  u  d  i  g
       t  p  i  c  r                                 RMS    maximum
       e  d  i  u  i                       energy  density   DIIS  
       r  t  s  t  d       total energy    change  change    error 
  
etot    1  N  N  2  U   -1689.65031040240           4.0E-05  9.6E-04
etot    2  N  Y  2  U   -1689.65061717668  3.1E-04  8.8E-06  9.4E-05
etot    3  N  Y  2  U   -1689.65060602904 -1.1E-05  6.5E-06  2.4E-04
etot    4  N  Y  2  U   -1689.65061880472  1.3E-05  1.4E-06  5.1E-05
etot    5  N  N  2  U   -1689.65061918298  3.8E-07  0.0E+00  0.0E+00
scf (DFT) done.
der1a (1-e 1st deriv.) done.
rwr (1st deriv. Q) done.
der1b (2-e 1st deriv.) done.
  Geometry optimization step  20
  Total energy:     -1689.70327579488 hartrees
  energy change:          -3.7157E-06 *  (  5.0000E-05 )
  gradient maximum:        4.9357E-04 .  (  4.5000E-04 )
  gradient rms:            6.8811E-05 *  (  3.0000E-04 )
  displacement maximum:    9.8962E-03 .  (  1.8000E-03 )
  displacement rms:        1.7241E-03 .  (  1.2000E-03 )
  
  predicted energy change: -3.5779E-06
  step size:     0.02649
  trust radius:  0.03349
---------------- geometry iteration  20 complete ----------------
geopt (optimize geometry) done.
onee (1-electron integrals) done.
probe (project orbitals) done.
grid (grid generation) done.
rwr (Q operators) done.
  
       i  u  d  i  g
       t  p  i  c  r                                 RMS    maximum
       e  d  i  u  i                       energy  density   DIIS  
       r  t  s  t  d       total energy    change  change    error 
  
etot    1  N  N  2  U   -1689.65034550707           3.8E-05  7.1E-04
etot    2  N  Y  2  U   -1689.65062137472  2.8E-04  7.8E-06  8.9E-05
etot    3  N  Y  2  U   -1689.65061132858 -1.0E-05  6.3E-06  3.0E-04
etot    4  N  Y  2  U   -1689.65062281264  1.1E-05  1.7E-06  6.8E-05
etot    5  N  N  2  U   -1689.65062335188  5.4E-07  0.0E+00  0.0E+00
scf (DFT) done.
der1a (1-e 1st deriv.) done.
rwr (1st deriv. Q) done.
der1b (2-e 1st deriv.) done.
  Geometry optimization step  21
  Total energy:     -1689.70329108157 hartrees
  energy change:          -1.5287E-05 *  (  5.0000E-05 )
  gradient maximum:        2.2725E-04 *  (  4.5000E-04 )
  gradient rms:            5.0981E-05 #  (  3.0000E-04 )
  displacement maximum:    1.1399E-02 .  (  1.8000E-03 )
  displacement rms:        1.8491E-03 .  (  1.2000E-03 )
  
  predicted energy change: -3.5298E-06
  step size:     0.02841
  trust radius:  0.03349
---------------- geometry iteration  21 complete ----------------
geopt (optimize geometry) done.
onee (1-electron integrals) done.
probe (project orbitals) done.
grid (grid generation) done.
rwr (Q operators) done.
  
       i  u  d  i  g
       t  p  i  c  r                                 RMS    maximum
       e  d  i  u  i                       energy  density   DIIS  
       r  t  s  t  d       total energy    change  change    error 
  
etot    1  N  N  2  U   -1689.65027035173           3.9E-05  9.3E-04
etot    2  N  Y  2  U   -1689.65058363030  3.1E-04  7.3E-06  9.2E-05
etot    3  N  Y  2  U   -1689.65057860695 -5.0E-06  5.6E-06  1.7E-04
etot    4  N  Y  2  U   -1689.65058549037  6.9E-06  1.4E-06  6.3E-05
etot    5  N  N  2  U   -1689.65058610974  6.2E-07  0.0E+00  0.0E+00
scf (DFT) done.
der1a (1-e 1st deriv.) done.
rwr (1st deriv. Q) done.
der1b (2-e 1st deriv.) done.
  Geometry optimization step  22
  Total energy:     -1689.70328428789 hartrees
  energy change:           6.7937E-06 *  (  5.0000E-05 )
  gradient maximum:        6.2339E-04 .  (  4.5000E-04 )
  gradient rms:            1.2434E-04 *  (  3.0000E-04 )
  displacement maximum:    5.5826E-03 .  (  1.8000E-03 )
  displacement rms:        1.0352E-03 *  (  1.2000E-03 )
  
  predicted energy change: -5.7000E-06
  step size:     0.01590
  trust radius:  0.01675
---------------- geometry iteration  22 complete ----------------
geopt (optimize geometry) done.
onee (1-electron integrals) done.
probe (project orbitals) done.
grid (grid generation) done.
rwr (Q operators) done.
  
       i  u  d  i  g
       t  p  i  c  r                                 RMS    maximum
       e  d  i  u  i                       energy  density   DIIS  
       r  t  s  t  d       total energy    change  change    error 
  
etot    1  N  N  2  U   -1689.65050203758           2.3E-05  4.7E-04
etot    2  N  Y  2  U   -1689.65060568597  1.0E-04  5.7E-06  5.2E-05
etot    3  N  Y  2  U   -1689.65060091905 -4.8E-06  4.3E-06  1.5E-04
etot    4  N  N  2  U   -1689.65060650879  5.6E-06  0.0E+00  0.0E+00
scf (DFT) done.
der1a (1-e 1st deriv.) done.
rwr (1st deriv. Q) done.
der1b (2-e 1st deriv.) done.
  Geometry optimization step  23
  Total energy:     -1689.70329237001 hartrees
  energy change:          -8.0821E-06 *  (  5.0000E-05 )
  gradient maximum:        1.5303E-04 *  (  4.5000E-04 )
  gradient rms:            3.6596E-05 #  (  3.0000E-04 )
  displacement maximum:    6.4581E-03 .  (  1.8000E-03 )
  displacement rms:        1.0635E-03 *  (  1.2000E-03 )
  
  predicted energy change: -1.5857E-06
  step size:     0.01634
  trust radius:  0.02368
------------- final geometry iteration  23 complete -------------
geopt (optimize geometry) done.
cutabab2 (abab integrals) done.
der2a (1-e JK-1st deriv.) done.
der2b (2-e JK-1st deriv.) done.
der2nda (1-e 2nd deriv.) done.
der2ndb (2-e 2nd deriv.) done.
rwr (Q operators) done.
cphfa (gradient of wave function) done.
freq (vib. frequencies) done.
Job J1_10518_2111 completed on hpc-21-27.cm.cluster at Wed May 29 19:19:36 2024
Timer (jaguar_backend.py) : 2636.94 secs (0 hrs, 43 mins, 56 secs)
Finished:   Wed May 29 19:19:36 2024
