Command:  /groups/wag/programs/Schrodinger_2020_3/jaguar run -WAIT -PARALLEL 8 /central/home/labounad/wittig-ch121/out/J1_10258_2111/J1_10258_2111.in
Release:  2020-3
Exec:     /groups/wag/programs/Schrodinger_2020_3/jaguar-v10.9/bin/Linux-x86_64
Host:     hpc-90-22.cm.cluster
JobId:    hpc-90-22-0-66571ad0
JobDir:   /central/scratch/labounad/J1_10258_2111#hpc-90-22-0-66571ad0
Date:     Wed May 29 05:08:51 2024

Contents of /central/scratch/labounad/J1_10258_2111#hpc-90-22-0-66571ad0:
/central/scratch/labounad/J1_10258_2111#hpc-90-22-0-66571ad0/.write_dir.json
/central/scratch/labounad/J1_10258_2111#hpc-90-22-0-66571ad0/J1_10258_2111.log
/central/scratch/labounad/J1_10258_2111#hpc-90-22-0-66571ad0/J1_10258_2111.in
/central/scratch/labounad/J1_10258_2111#hpc-90-22-0-66571ad0/J1_10258_2111.recover
/central/scratch/labounad/J1_10258_2111#hpc-90-22-0-66571ad0/hpc-90-22-0-66571ad0.mpinodes
/central/scratch/labounad/J1_10258_2111#hpc-90-22-0-66571ad0/hpc-90-22-0-66571ad0.nodes
/central/scratch/labounad/J1_10258_2111#hpc-90-22-0-66571ad0/hpc-90-22-0-66571ad0.recover
/central/scratch/labounad/J1_10258_2111#hpc-90-22-0-66571ad0/hpc-90-22-0-66571ad0

Executing subprocess:
/groups/wag/programs/Schrodinger_2020_3/jaguar-v10.9/bin/Linux-x86_64/jexec J1_10258_2111.in -T 8 -out /central/scratch/labounad/J1_10258_2111#hpc-90-22-0-66571ad0 -cwd

Job J1_10258_2111 started on hpc-90-22.cm.cluster at Wed May 29 05:08:51 2024
jobid: hpc-90-22-0-66571ad0 
Jaguar version 10.9, release 139
 Using up to   8 threads per process
Molecular Point Group: C1      
Point Group used: C1
pre (input checking) done.
onee (1-electron integrals) done.
hfig (HF initial guess) done.
probe (project orbitals) done.
grid (grid generation) done.
rwr (Q operators) done.
scf type: DFT=PBE(X+LC)+PW91 (PBE-D3)
  
       i  u  d  i  g
       t  p  i  c  r                                 RMS    maximum
       e  d  i  u  i                       energy  density   DIIS  
       r  t  s  t  d       total energy    change  change    error 
  
etot    1  N  N  5  M   -1494.56203750632           5.9E-03  9.7E-02
etot    2  Y  Y  6  M   -1491.25090012194 -3.3E+00  8.4E-03  1.2E-01
etot    3  Y  Y  6  M   -1487.89799218565 -3.4E+00  6.6E-03  2.0E-01
etot    4  N  Y  2  U   -1497.32719801239  9.4E+00  3.1E-03  6.6E-02
etot    5  Y  Y  6  M   -1497.64492575377  3.2E-01  2.0E-03  4.7E-02
etot    6  N  Y  2  U   -1497.93915007429  2.9E-01  9.7E-04  3.6E-02
etot    7  Y  Y  6  M   -1498.08851893701  1.5E-01  4.8E-04  1.5E-02
etot    8  N  Y  2  U   -1498.12160255985  3.3E-02  3.1E-04  8.4E-03
etot    9  Y  Y  6  M   -1498.12999702926  8.4E-03  2.0E-04  5.2E-03
etot   10  N  Y  2  U   -1498.13609811394  6.1E-03  9.7E-05  2.1E-03
etot   11  Y  Y  6  M   -1498.13750538348  1.4E-03  4.8E-05  1.1E-03
etot   12  N  Y  2  U   -1498.13790873187  4.0E-04  1.7E-05  5.2E-04
etot   13  N  Y  2  U   -1498.13795096667  4.2E-05  6.9E-06  1.7E-04
etot   14  N  Y  2  U   -1498.13795983976  8.9E-06  2.0E-06  2.7E-05
etot   15  N  N  2  U   -1498.13796000250  1.6E-07  0.0E+00  0.0E+00
scf (DFT) done.
der1a (1-e 1st deriv.) done.
rwr (1st deriv. Q) done.
der1b (2-e 1st deriv.) done.
  Geometry optimization step   1
  Total energy:     -1498.18273124299 hartrees
  gradient maximum:        4.0973E-02 .  (  4.5000E-04 )
  gradient rms:            7.2568E-03 .  (  3.0000E-04 )
  displacement maximum:    1.3842E-01 .  (  1.8000E-03 )
  displacement rms:        2.1111E-02 .  (  1.2000E-03 )
  
  predicted energy change: -1.8901E-02
  step size:     0.30004
  trust radius:  0.30000
---------------- geometry iteration   1 complete ----------------
geopt (optimize geometry) done.
onee (1-electron integrals) done.
probe (project orbitals) done.
grid (grid generation) done.
rwr (Q operators) done.
  
       i  u  d  i  g
       t  p  i  c  r                                 RMS    maximum
       e  d  i  u  i                       energy  density   DIIS  
       r  t  s  t  d       total energy    change  change    error 
  
etot    1  N  N  2  U   -1498.14546143504           8.9E-04  1.1E-02
etot    2  Y  Y  6  M   -1498.15596324877  1.1E-02  1.3E-04  1.6E-03
etot    3  N  Y  2  U   -1498.15519970886 -7.6E-04  8.8E-05  1.8E-03
etot    4  Y  Y  6  M   -1498.15660089754  1.4E-03  2.4E-05  6.3E-04
etot    5  N  Y  2  U   -1498.15669835704  9.7E-05  7.7E-06  1.7E-04
etot    6  N  Y  2  U   -1498.15670792250  9.6E-06  2.7E-06  7.1E-05
etot    7  N  N  2  U   -1498.15670913004  1.2E-06  0.0E+00  0.0E+00
scf (DFT) done.
der1a (1-e 1st deriv.) done.
rwr (1st deriv. Q) done.
der1b (2-e 1st deriv.) done.
  Geometry optimization step   2
  Total energy:     -1498.20019752164 hartrees
  energy change:          -1.7466E-02 .  (  5.0000E-05 )
  gradient maximum:        1.3415E-02 .  (  4.5000E-04 )
  gradient rms:            2.1178E-03 .  (  3.0000E-04 )
  displacement maximum:    1.2493E-01 .  (  1.8000E-03 )
  displacement rms:        2.1125E-02 .  (  1.2000E-03 )
  
  predicted energy change: -3.0231E-03
  step size:     0.30025
  trust radius:  0.30000
---------------- geometry iteration   2 complete ----------------
geopt (optimize geometry) done.
onee (1-electron integrals) done.
probe (project orbitals) done.
grid (grid generation) done.
rwr (Q operators) done.
  
       i  u  d  i  g
       t  p  i  c  r                                 RMS    maximum
       e  d  i  u  i                       energy  density   DIIS  
       r  t  s  t  d       total energy    change  change    error 
  
etot    1  N  N  2  U   -1498.12664082350           4.5E-04  1.1E-02
etot    2  Y  Y  6  M   -1498.15970920301  3.3E-02  9.0E-05  7.8E-04
etot    3  N  Y  2  U   -1498.15866613314 -1.0E-03  7.2E-05  2.1E-03
etot    4  Y  Y  6  M   -1498.15972389981  1.1E-03  2.1E-05  7.7E-04
etot    5  N  Y  2  U   -1498.15977109997  4.7E-05  6.4E-06  2.3E-04
etot    6  N  Y  2  U   -1498.15977929159  8.2E-06  2.5E-06  7.0E-05
etot    7  N  N  2  U   -1498.15977987479  5.8E-07  0.0E+00  0.0E+00
scf (DFT) done.
der1a (1-e 1st deriv.) done.
rwr (1st deriv. Q) done.
der1b (2-e 1st deriv.) done.
  Geometry optimization step   3
  Total energy:     -1498.20332630324 hartrees
  energy change:          -3.1288E-03 .  (  5.0000E-05 )
  gradient maximum:        8.7203E-03 .  (  4.5000E-04 )
  gradient rms:            1.2596E-03 .  (  3.0000E-04 )
  displacement maximum:    1.3369E-01 .  (  1.8000E-03 )
  displacement rms:        2.1171E-02 .  (  1.2000E-03 )
  
  predicted energy change: -1.5598E-03
  step size:     0.30090
  trust radius:  0.30000
---------------- geometry iteration   3 complete ----------------
geopt (optimize geometry) done.
onee (1-electron integrals) done.
probe (project orbitals) done.
grid (grid generation) done.
rwr (Q operators) done.
  
       i  u  d  i  g
       t  p  i  c  r                                 RMS    maximum
       e  d  i  u  i                       energy  density   DIIS  
       r  t  s  t  d       total energy    change  change    error 
  
etot    1  N  N  2  U   -1498.11482556685           5.2E-04  1.5E-02
etot    2  Y  Y  6  M   -1498.15962382395  4.5E-02  1.0E-04  1.1E-03
etot    3  N  Y  2  U   -1498.15844665329 -1.2E-03  8.2E-05  2.8E-03
etot    4  Y  Y  6  M   -1498.15966069376  1.2E-03  2.3E-05  9.5E-04
etot    5  N  Y  2  U   -1498.15974699849  8.6E-05  6.8E-06  2.1E-04
etot    6  N  Y  2  U   -1498.15975569833  8.7E-06  3.1E-06  7.1E-05
etot    7  N  N  2  U   -1498.15975630423  6.1E-07  0.0E+00  0.0E+00
scf (DFT) done.
der1a (1-e 1st deriv.) done.
rwr (1st deriv. Q) done.
der1b (2-e 1st deriv.) done.
  Geometry optimization step   4
  Total energy:     -1498.20316922850 hartrees
  energy change:           1.5707E-04 .  (  5.0000E-05 )
  gradient maximum:        2.3662E-02 .  (  4.5000E-04 )
  gradient rms:            2.4597E-03 .  (  3.0000E-04 )
  displacement maximum:    2.0259E-01 .  (  1.8000E-03 )
  displacement rms:        2.1128E-02 .  (  1.2000E-03 )
  
  predicted energy change: -1.7629E-03
  step size:     0.30029
  trust radius:  0.30000
---------------- geometry iteration   4 complete ----------------
geopt (optimize geometry) done.
onee (1-electron integrals) done.
probe (project orbitals) done.
grid (grid generation) done.
rwr (Q operators) done.
  
       i  u  d  i  g
       t  p  i  c  r                                 RMS    maximum
       e  d  i  u  i                       energy  density   DIIS  
       r  t  s  t  d       total energy    change  change    error 
  
etot    1  N  N  2  U   -1498.09667788058           5.9E-04  1.7E-02
etot    2  Y  Y  6  M   -1498.16114650046  6.4E-02  6.4E-05  1.5E-03
etot    3  N  Y  2  U   -1498.16077622985 -3.7E-04  4.7E-05  8.6E-04
etot    4  N  Y  2  U   -1498.16100030917  2.2E-04  1.8E-05  6.0E-04
etot    5  N  Y  2  U   -1498.16107304068  7.3E-05  5.0E-06  1.2E-04
etot    6  N  Y  2  U   -1498.16107619857  3.2E-06  3.1E-06  4.0E-05
etot    7  N  N  2  U   -1498.16107649054  2.9E-07  0.0E+00  0.0E+00
scf (DFT) done.
der1a (1-e 1st deriv.) done.
rwr (1st deriv. Q) done.
der1b (2-e 1st deriv.) done.
  Geometry optimization step   5
  Total energy:     -1498.20468892152 hartrees
  energy change:          -1.5197E-03 .  (  5.0000E-05 )
  gradient maximum:        8.8614E-03 .  (  4.5000E-04 )
  gradient rms:            1.1540E-03 .  (  3.0000E-04 )
  displacement maximum:    8.3265E-02 .  (  1.8000E-03 )
  displacement rms:        1.3374E-02 .  (  1.2000E-03 )
  
  predicted energy change: -5.6773E-04
  step size:     0.19008
  trust radius:  0.30000
---------------- geometry iteration   5 complete ----------------
geopt (optimize geometry) done.
onee (1-electron integrals) done.
probe (project orbitals) done.
grid (grid generation) done.
rwr (Q operators) done.
  
       i  u  d  i  g
       t  p  i  c  r                                 RMS    maximum
       e  d  i  u  i                       energy  density   DIIS  
       r  t  s  t  d       total energy    change  change    error 
  
etot    1  N  N  2  U   -1498.15075276831           2.4E-04  8.7E-03
etot    2  Y  Y  6  M   -1498.16087830528  1.0E-02  4.7E-05  4.9E-04
etot    3  N  Y  2  U   -1498.16063409007 -2.4E-04  3.7E-05  1.0E-03
etot    4  N  Y  2  U   -1498.16086251566  2.3E-04  1.1E-05  3.7E-04
etot    5  N  Y  2  U   -1498.16087877394  1.6E-05  3.8E-06  1.6E-04
etot    6  N  N  2  U   -1498.16088200861  3.2E-06  0.0E+00  0.0E+00
scf (DFT) done.
der1a (1-e 1st deriv.) done.
rwr (1st deriv. Q) done.
der1b (2-e 1st deriv.) done.
  Geometry optimization step   6
  Total energy:     -1498.20440868914 hartrees
  energy change:           2.8023E-04 .  (  5.0000E-05 )
  gradient maximum:        1.1045E-02 .  (  4.5000E-04 )
  gradient rms:            1.3731E-03 .  (  3.0000E-04 )
  displacement maximum:    5.4778E-02 .  (  1.8000E-03 )
  displacement rms:        9.2316E-03 .  (  1.2000E-03 )
  
  predicted energy change: -4.4134E-04
  step size:     0.13121
  trust radius:  0.30000
---------------- geometry iteration   6 complete ----------------
geopt (optimize geometry) done.
onee (1-electron integrals) done.
probe (project orbitals) done.
grid (grid generation) done.
rwr (Q operators) done.
  
       i  u  d  i  g
       t  p  i  c  r                                 RMS    maximum
       e  d  i  u  i                       energy  density   DIIS  
       r  t  s  t  d       total energy    change  change    error 
  
etot    1  N  N  2  U   -1498.15161621547           2.4E-04  7.1E-03
etot    2  Y  Y  6  M   -1498.16145764377  9.8E-03  3.6E-05  4.4E-04
etot    3  N  Y  2  U   -1498.16135785827 -1.0E-04  2.9E-05  5.6E-04
etot    4  N  Y  2  U   -1498.16147038019  1.1E-04  9.2E-06  2.3E-04
etot    5  N  Y  2  U   -1498.16148617412  1.6E-05  2.3E-06  4.8E-05
etot    6  N  N  2  U   -1498.16148710100  9.3E-07  0.0E+00  0.0E+00
scf (DFT) done.
der1a (1-e 1st deriv.) done.
rwr (1st deriv. Q) done.
der1b (2-e 1st deriv.) done.
  Geometry optimization step   7
  Total energy:     -1498.20506583867 hartrees
  energy change:          -6.5715E-04 .  (  5.0000E-05 )
  gradient maximum:        1.3567E-03 .  (  4.5000E-04 )
  gradient rms:            2.7113E-04 *  (  3.0000E-04 )
  displacement maximum:    3.3640E-02 .  (  1.8000E-03 )
  displacement rms:        5.5023E-03 .  (  1.2000E-03 )
  
  predicted energy change: -4.4136E-05
  step size:     0.07820
  trust radius:  0.30000
---------------- geometry iteration   7 complete ----------------
geopt (optimize geometry) done.
onee (1-electron integrals) done.
probe (project orbitals) done.
grid (grid generation) done.
rwr (Q operators) done.
  
       i  u  d  i  g
       t  p  i  c  r                                 RMS    maximum
       e  d  i  u  i                       energy  density   DIIS  
       r  t  s  t  d       total energy    change  change    error 
  
etot    1  N  N  2  U   -1498.15877022397           1.2E-04  3.3E-03
etot    2  Y  Y  6  M   -1498.16146576517  2.7E-03  1.6E-05  2.0E-04
etot    3  N  Y  2  U   -1498.16142705481 -3.9E-05  1.3E-05  3.9E-04
etot    4  N  Y  2  U   -1498.16144786865  2.1E-05  4.4E-06  1.8E-04
etot    5  N  N  2  U   -1498.16145232278  4.5E-06  0.0E+00  0.0E+00
scf (DFT) done.
der1a (1-e 1st deriv.) done.
rwr (1st deriv. Q) done.
der1b (2-e 1st deriv.) done.
  Geometry optimization step   8
  Total energy:     -1498.20507090640 hartrees
  energy change:          -5.0677E-06 *  (  5.0000E-05 )
  gradient maximum:        1.4314E-03 .  (  4.5000E-04 )
  gradient rms:            2.3056E-04 *  (  3.0000E-04 )
  displacement maximum:    1.3301E-02 .  (  1.8000E-03 )
  displacement rms:        2.9153E-03 .  (  1.2000E-03 )
  
  predicted energy change: -2.0382E-05
  step size:     0.04143
  trust radius:  0.30000
---------------- geometry iteration   8 complete ----------------
geopt (optimize geometry) done.
onee (1-electron integrals) done.
probe (project orbitals) done.
grid (grid generation) done.
rwr (Q operators) done.
  
       i  u  d  i  g
       t  p  i  c  r                                 RMS    maximum
       e  d  i  u  i                       energy  density   DIIS  
       r  t  s  t  d       total energy    change  change    error 
  
etot    1  N  N  2  U   -1498.16073974991           6.7E-05  1.5E-03
etot    2  Y  Y  6  M   -1498.16149560783  7.6E-04  2.0E-05  2.3E-04
etot    3  N  Y  2  U   -1498.16143694195 -5.9E-05  1.6E-05  6.8E-04
etot    4  N  Y  2  U   -1498.16149868681  6.2E-05  2.6E-06  6.5E-05
etot    5  N  N  2  U   -1498.16149966700  9.8E-07  0.0E+00  0.0E+00
scf (DFT) done.
der1a (1-e 1st deriv.) done.
rwr (1st deriv. Q) done.
der1b (2-e 1st deriv.) done.
  Geometry optimization step   9
  Total energy:     -1498.20509827156 hartrees
  energy change:          -2.7365E-05 *  (  5.0000E-05 )
  gradient maximum:        4.1568E-04 *  (  4.5000E-04 )
  gradient rms:            9.5786E-05 *  (  3.0000E-04 )
  displacement maximum:    1.4582E-02 .  (  1.8000E-03 )
  displacement rms:        3.4659E-03 .  (  1.2000E-03 )
  
  predicted energy change: -1.1820E-05
  step size:     0.04926
  trust radius:  0.30000
---------------- geometry iteration   9 complete ----------------
geopt (optimize geometry) done.
onee (1-electron integrals) done.
probe (project orbitals) done.
grid (grid generation) done.
rwr (Q operators) done.
  
       i  u  d  i  g
       t  p  i  c  r                                 RMS    maximum
       e  d  i  u  i                       energy  density   DIIS  
       r  t  s  t  d       total energy    change  change    error 
  
etot    1  N  N  2  U   -1498.16043517164           7.8E-05  1.7E-03
etot    2  Y  Y  6  M   -1498.16154835705  1.1E-03  1.7E-05  1.5E-04
etot    3  N  Y  2  U   -1498.16150378411 -4.5E-05  1.3E-05  4.4E-04
etot    4  N  Y  2  U   -1498.16153724075  3.3E-05  3.2E-06  1.0E-04
etot    5  N  N  2  U   -1498.16153902585  1.8E-06  0.0E+00  0.0E+00
scf (DFT) done.
der1a (1-e 1st deriv.) done.
rwr (1st deriv. Q) done.
der1b (2-e 1st deriv.) done.
  Geometry optimization step  10
  Total energy:     -1498.20510883604 hartrees
  energy change:          -1.0564E-05 *  (  5.0000E-05 )
  gradient maximum:        7.0111E-04 .  (  4.5000E-04 )
  gradient rms:            1.3569E-04 *  (  3.0000E-04 )
  displacement maximum:    3.2395E-02 .  (  1.8000E-03 )
  displacement rms:        6.7482E-03 .  (  1.2000E-03 )
  
  predicted energy change: -2.0446E-05
  step size:     0.09591
  trust radius:  0.30000
---------------- geometry iteration  10 complete ----------------
geopt (optimize geometry) done.
onee (1-electron integrals) done.
probe (project orbitals) done.
grid (grid generation) done.
rwr (Q operators) done.
  
       i  u  d  i  g
       t  p  i  c  r                                 RMS    maximum
       e  d  i  u  i                       energy  density   DIIS  
       r  t  s  t  d       total energy    change  change    error 
  
etot    1  N  N  2  U   -1498.15660369368           1.6E-04  3.4E-03
etot    2  Y  Y  6  M   -1498.16158809859  5.0E-03  3.1E-05  3.0E-04
etot    3  N  Y  2  U   -1498.16146268048 -1.3E-04  2.4E-05  8.5E-04
etot    4  N  Y  2  U   -1498.16156264551  1.0E-04  6.2E-06  2.1E-04
etot    5  N  Y  2  U   -1498.16156993889  7.3E-06  2.1E-06  4.7E-05
etot    6  N  N  2  U   -1498.16157072799  7.9E-07  0.0E+00  0.0E+00
scf (DFT) done.
der1a (1-e 1st deriv.) done.
rwr (1st deriv. Q) done.
der1b (2-e 1st deriv.) done.
  Geometry optimization step  11
  Total energy:     -1498.20508602511 hartrees
  energy change:           2.2811E-05 *  (  5.0000E-05 )
  gradient maximum:        1.1796E-03 .  (  4.5000E-04 )
  gradient rms:            2.2411E-04 *  (  3.0000E-04 )
  displacement maximum:    5.8023E-02 .  (  1.8000E-03 )
  displacement rms:        1.0745E-02 .  (  1.2000E-03 )
  
  predicted energy change: -3.4957E-05
  step size:     0.15271
  trust radius:  0.30000
---------------- geometry iteration  11 complete ----------------
geopt (optimize geometry) done.
onee (1-electron integrals) done.
probe (project orbitals) done.
grid (grid generation) done.
rwr (Q operators) done.
  
       i  u  d  i  g
       t  p  i  c  r                                 RMS    maximum
       e  d  i  u  i                       energy  density   DIIS  
       r  t  s  t  d       total energy    change  change    error 
  
etot    1  N  N  2  U   -1498.14873343290           2.6E-04  4.8E-03
etot    2  Y  Y  6  M   -1498.16157737883  1.3E-02  4.9E-05  4.1E-04
etot    3  N  Y  2  U   -1498.16135898864 -2.2E-04  3.7E-05  1.1E-03
etot    4  N  Y  2  U   -1498.16156036362  2.0E-04  9.2E-06  3.2E-04
etot    5  N  Y  2  U   -1498.16157595860  1.6E-05  2.9E-06  7.9E-05
etot    6  N  N  2  U   -1498.16157755964  1.6E-06  0.0E+00  0.0E+00
scf (DFT) done.
der1a (1-e 1st deriv.) done.
rwr (1st deriv. Q) done.
der1b (2-e 1st deriv.) done.
  Geometry optimization step  12
  Total energy:     -1498.20503555410 hartrees
  energy change:           5.0471E-05 .  (  5.0000E-05 )
  gradient maximum:        1.9241E-03 .  (  4.5000E-04 )
  gradient rms:            3.2220E-04 .  (  3.0000E-04 )
  displacement maximum:    8.8803E-02 .  (  1.8000E-03 )
  displacement rms:        1.6388E-02 .  (  1.2000E-03 )
  
  predicted energy change: -6.7903E-05
  step size:     0.23292
  trust radius:  0.30000
---------------- geometry iteration  12 complete ----------------
geopt (optimize geometry) done.
onee (1-electron integrals) done.
probe (project orbitals) done.
grid (grid generation) done.
rwr (Q operators) done.
  
       i  u  d  i  g
       t  p  i  c  r                                 RMS    maximum
       e  d  i  u  i                       energy  density   DIIS  
       r  t  s  t  d       total energy    change  change    error 
  
etot    1  N  N  2  U   -1498.13188937998           3.9E-04  8.5E-03
etot    2  Y  Y  6  M   -1498.16167949909  3.0E-02  6.7E-05  6.4E-04
etot    3  N  Y  2  U   -1498.16132652302 -3.5E-04  4.9E-05  1.4E-03
etot    4  N  Y  2  U   -1498.16166298408  3.4E-04  1.5E-05  5.3E-04
etot    5  N  Y  2  U   -1498.16170565816  4.3E-05  4.4E-06  1.2E-04
etot    6  N  N  2  U   -1498.16170966111  4.0E-06  0.0E+00  0.0E+00
scf (DFT) done.
der1a (1-e 1st deriv.) done.
rwr (1st deriv. Q) done.
der1b (2-e 1st deriv.) done.
  Geometry optimization step  13
  Total energy:     -1498.20507923694 hartrees
  energy change:          -4.3683E-05 *  (  5.0000E-05 )
  gradient maximum:        2.2958E-03 .  (  4.5000E-04 )
  gradient rms:            3.8555E-04 .  (  3.0000E-04 )
  displacement maximum:    3.4215E-02 .  (  1.8000E-03 )
  displacement rms:        7.3151E-03 .  (  1.2000E-03 )
  
  predicted energy change: -6.4970E-05
  step size:     0.10397
  trust radius:  0.30000
---------------- geometry iteration  13 complete ----------------
geopt (optimize geometry) done.
onee (1-electron integrals) done.
probe (project orbitals) done.
grid (grid generation) done.
rwr (Q operators) done.
  
       i  u  d  i  g
       t  p  i  c  r                                 RMS    maximum
       e  d  i  u  i                       energy  density   DIIS  
       r  t  s  t  d       total energy    change  change    error 
  
etot    1  N  N  2  U   -1498.15614358794           1.7E-04  5.3E-03
etot    2  Y  Y  6  M   -1498.16184772701  5.7E-03  2.8E-05  4.0E-04
etot    3  N  Y  2  U   -1498.16178260363 -6.5E-05  2.2E-05  6.4E-04
etot    4  N  Y  2  U   -1498.16185390727  7.1E-05  7.3E-06  2.6E-04
etot    5  N  Y  2  U   -1498.16186400674  1.0E-05  2.2E-06  6.4E-05
etot    6  N  N  2  U   -1498.16186491933  9.1E-07  0.0E+00  0.0E+00
scf (DFT) done.
der1a (1-e 1st deriv.) done.
rwr (1st deriv. Q) done.
der1b (2-e 1st deriv.) done.
  Geometry optimization step  14
  Total energy:     -1498.20523479871 hartrees
  energy change:          -1.5556E-04 .  (  5.0000E-05 )
  gradient maximum:        1.4938E-03 .  (  4.5000E-04 )
  gradient rms:            2.5438E-04 *  (  3.0000E-04 )
  displacement maximum:    5.1327E-02 .  (  1.8000E-03 )
  displacement rms:        9.7184E-03 .  (  1.2000E-03 )
  
  predicted energy change: -5.1176E-05
  step size:     0.13812
  trust radius:  0.30000
---------------- geometry iteration  14 complete ----------------
geopt (optimize geometry) done.
onee (1-electron integrals) done.
probe (project orbitals) done.
grid (grid generation) done.
rwr (Q operators) done.
  
       i  u  d  i  g
       t  p  i  c  r                                 RMS    maximum
       e  d  i  u  i                       energy  density   DIIS  
       r  t  s  t  d       total energy    change  change    error 
  
etot    1  N  N  2  U   -1498.15090826019           2.4E-04  6.9E-03
etot    2  Y  Y  6  M   -1498.16191941676  1.1E-02  3.9E-05  5.4E-04
etot    3  N  Y  2  U   -1498.16177609809 -1.4E-04  3.1E-05  1.1E-03
etot    4  N  Y  2  U   -1498.16191168490  1.4E-04  9.9E-06  3.9E-04
etot    5  N  Y  2  U   -1498.16193180168  2.0E-05  2.9E-06  8.4E-05
etot    6  N  N  2  U   -1498.16193327583  1.5E-06  0.0E+00  0.0E+00
scf (DFT) done.
der1a (1-e 1st deriv.) done.
rwr (1st deriv. Q) done.
der1b (2-e 1st deriv.) done.
  Geometry optimization step  15
  Total energy:     -1498.20532845756 hartrees
  energy change:          -9.3659E-05 .  (  5.0000E-05 )
  gradient maximum:        1.1556E-03 .  (  4.5000E-04 )
  gradient rms:            1.7742E-04 *  (  3.0000E-04 )
  displacement maximum:    2.4818E-02 .  (  1.8000E-03 )
  displacement rms:        4.8296E-03 .  (  1.2000E-03 )
  
  predicted energy change: -1.9759E-05
  step size:     0.06864
  trust radius:  0.30000
---------------- geometry iteration  15 complete ----------------
geopt (optimize geometry) done.
onee (1-electron integrals) done.
probe (project orbitals) done.
grid (grid generation) done.
rwr (Q operators) done.
  
       i  u  d  i  g
       t  p  i  c  r                                 RMS    maximum
       e  d  i  u  i                       energy  density   DIIS  
       r  t  s  t  d       total energy    change  change    error 
  
etot    1  N  N  2  U   -1498.16017183225           1.0E-04  2.4E-03
etot    2  Y  Y  6  M   -1498.16197688486  1.8E-03  2.2E-05  1.6E-04
etot    3  N  Y  2  U   -1498.16192217871 -5.5E-05  1.6E-05  4.3E-04
etot    4  N  Y  2  U   -1498.16196634076  4.4E-05  4.2E-06  1.2E-04
etot    5  N  N  2  U   -1498.16196892394  2.6E-06  0.0E+00  0.0E+00
scf (DFT) done.
der1a (1-e 1st deriv.) done.
rwr (1st deriv. Q) done.
der1b (2-e 1st deriv.) done.
  Geometry optimization step  16
  Total energy:     -1498.20537601689 hartrees
  energy change:          -4.7559E-05 *  (  5.0000E-05 )
  gradient maximum:        5.8145E-04 .  (  4.5000E-04 )
  gradient rms:            1.4134E-04 *  (  3.0000E-04 )
  displacement maximum:    2.6080E-02 .  (  1.8000E-03 )
  displacement rms:        4.7574E-03 .  (  1.2000E-03 )
  
  predicted energy change: -1.7380E-05
  step size:     0.06762
  trust radius:  0.30000
---------------- geometry iteration  16 complete ----------------
geopt (optimize geometry) done.
onee (1-electron integrals) done.
probe (project orbitals) done.
grid (grid generation) done.
rwr (Q operators) done.
  
       i  u  d  i  g
       t  p  i  c  r                                 RMS    maximum
       e  d  i  u  i                       energy  density   DIIS  
       r  t  s  t  d       total energy    change  change    error 
  
etot    1  N  N  2  U   -1498.15889382224           1.3E-04  3.9E-03
etot    2  Y  Y  6  M   -1498.16204637706  3.2E-03  2.4E-05  2.7E-04
etot    3  N  Y  2  U   -1498.16197535544 -7.1E-05  1.9E-05  4.5E-04
etot    4  N  Y  2  U   -1498.16203294948  5.8E-05  5.4E-06  1.4E-04
etot    5  N  Y  2  U   -1498.16203715187  4.2E-06  1.8E-06  4.8E-05
etot    6  N  N  2  U   -1498.16203780264  6.5E-07  0.0E+00  0.0E+00
scf (DFT) done.
der1a (1-e 1st deriv.) done.
rwr (1st deriv. Q) done.
der1b (2-e 1st deriv.) done.
  Geometry optimization step  17
  Total energy:     -1498.20542046240 hartrees
  energy change:          -4.4446E-05 *  (  5.0000E-05 )
  gradient maximum:        7.6747E-04 .  (  4.5000E-04 )
  gradient rms:            1.4290E-04 *  (  3.0000E-04 )
  displacement maximum:    2.0027E-02 .  (  1.8000E-03 )
  displacement rms:        3.8029E-03 .  (  1.2000E-03 )
  
  predicted energy change: -1.2079E-05
  step size:     0.05405
  trust radius:  0.30000
---------------- geometry iteration  17 complete ----------------
geopt (optimize geometry) done.
onee (1-electron integrals) done.
probe (project orbitals) done.
grid (grid generation) done.
rwr (Q operators) done.
  
       i  u  d  i  g
       t  p  i  c  r                                 RMS    maximum
       e  d  i  u  i                       energy  density   DIIS  
       r  t  s  t  d       total energy    change  change    error 
  
etot    1  N  N  2  U   -1498.16030699012           9.5E-05  2.6E-03
etot    2  Y  Y  6  M   -1498.16205151050  1.7E-03  2.0E-05  2.1E-04
etot    3  N  Y  2  U   -1498.16200348329 -4.8E-05  1.6E-05  6.1E-04
etot    4  N  Y  2  U   -1498.16204877357  4.5E-05  3.7E-06  1.2E-04
etot    5  N  N  2  U   -1498.16205094303  2.2E-06  0.0E+00  0.0E+00
scf (DFT) done.
der1a (1-e 1st deriv.) done.
rwr (1st deriv. Q) done.
der1b (2-e 1st deriv.) done.
  Geometry optimization step  18
  Total energy:     -1498.20542128370 hartrees
  energy change:          -8.2130E-07 #  (  5.0000E-05 )
  gradient maximum:        5.1683E-04 .  (  4.5000E-04 )
  gradient rms:            1.1365E-04 *  (  3.0000E-04 )
  displacement maximum:    1.0562E-02 .  (  1.8000E-03 )
  displacement rms:        1.9765E-03 .  (  1.2000E-03 )
  
  predicted energy change: -4.9272E-06
  step size:     0.02809
  trust radius:  0.30000
---------------- geometry iteration  18 complete ----------------
geopt (optimize geometry) done.
onee (1-electron integrals) done.
probe (project orbitals) done.
grid (grid generation) done.
rwr (Q operators) done.
  
       i  u  d  i  g
       t  p  i  c  r                                 RMS    maximum
       e  d  i  u  i                       energy  density   DIIS  
       r  t  s  t  d       total energy    change  change    error 
  
etot    1  N  N  2  U   -1498.16156452283           5.1E-05  1.2E-03
etot    2  Y  Y  6  M   -1498.16204684169  4.8E-04  1.6E-05  1.3E-04
etot    3  N  Y  2  U   -1498.16202362993 -2.3E-05  1.2E-05  3.5E-04
etot    4  N  Y  2  U   -1498.16205702352  3.3E-05  2.5E-06  6.0E-05
etot    5  N  N  2  U   -1498.16205781175  7.9E-07  0.0E+00  0.0E+00
scf (DFT) done.
der1a (1-e 1st deriv.) done.
rwr (1st deriv. Q) done.
der1b (2-e 1st deriv.) done.
  Geometry optimization step  19
  Total energy:     -1498.20542240474 hartrees
  energy change:          -1.1210E-06 #  (  5.0000E-05 )
  gradient maximum:        3.1509E-04 *  (  4.5000E-04 )
  gradient rms:            4.8271E-05 #  (  3.0000E-04 )
  displacement maximum:    4.6852E-03 .  (  1.8000E-03 )
  displacement rms:        6.9862E-04 *  (  1.2000E-03 )
  
  predicted energy change: -1.0793E-06
  step size:     0.00993
  trust radius:  0.30000
------------- final geometry iteration  19 complete -------------
geopt (optimize geometry) done.
cutabab2 (abab integrals) done.
der2a (1-e JK-1st deriv.) done.
der2b (2-e JK-1st deriv.) done.
der2nda (1-e 2nd deriv.) done.
der2ndb (2-e 2nd deriv.) done.
rwr (Q operators) done.
cphfa (gradient of wave function) done.
freq (vib. frequencies) done.
Job J1_10258_2111 completed on hpc-90-22.cm.cluster at Wed May 29 05:51:29 2024
Timer (jaguar_backend.py) : 2558.38 secs (0 hrs, 42 mins, 38 secs)
Finished:   Wed May 29 05:51:29 2024
