Command:  /groups/wag/programs/Schrodinger_2020_3/jaguar run -WAIT -PARALLEL 8 /central/home/labounad/wittig-ch121/out/J1_222_2111/J1_222_2111.in
Release:  2020-3
Exec:     /groups/wag/programs/Schrodinger_2020_3/jaguar-v10.9/bin/Linux-x86_64
Host:     hpc-89-07.cm.cluster
JobId:    hpc-89-07-0-6656ff87
JobDir:   /central/scratch/labounad/J1_222_2111#hpc-89-07-0-6656ff87
Date:     Wed May 29 03:12:25 2024

Contents of /central/scratch/labounad/J1_222_2111#hpc-89-07-0-6656ff87:
/central/scratch/labounad/J1_222_2111#hpc-89-07-0-6656ff87/.write_dir.json
/central/scratch/labounad/J1_222_2111#hpc-89-07-0-6656ff87/J1_222_2111.log
/central/scratch/labounad/J1_222_2111#hpc-89-07-0-6656ff87/hpc-89-07-0-6656ff87
/central/scratch/labounad/J1_222_2111#hpc-89-07-0-6656ff87/hpc-89-07-0-6656ff87.mpinodes
/central/scratch/labounad/J1_222_2111#hpc-89-07-0-6656ff87/hpc-89-07-0-6656ff87.nodes
/central/scratch/labounad/J1_222_2111#hpc-89-07-0-6656ff87/hpc-89-07-0-6656ff87.recover
/central/scratch/labounad/J1_222_2111#hpc-89-07-0-6656ff87/J1_222_2111.recover
/central/scratch/labounad/J1_222_2111#hpc-89-07-0-6656ff87/J1_222_2111.in

Executing subprocess:
/groups/wag/programs/Schrodinger_2020_3/jaguar-v10.9/bin/Linux-x86_64/jexec J1_222_2111.in -T 8 -out /central/scratch/labounad/J1_222_2111#hpc-89-07-0-6656ff87 -cwd

Job J1_222_2111 started on hpc-89-07.cm.cluster at Wed May 29 03:12:26 2024
jobid: hpc-89-07-0-6656ff87 
Jaguar version 10.9, release 139
 Using up to   8 threads per process
Molecular Point Group: C1      
Point Group used: C1
pre (input checking) done.
onee (1-electron integrals) done.
hfig (HF initial guess) done.
probe (project orbitals) done.
grid (grid generation) done.
rwr (Q operators) done.
scf type: DFT=PBE(X+LC)+PW91 (PBE-D3)
  
       i  u  d  i  g
       t  p  i  c  r                                 RMS    maximum
       e  d  i  u  i                       energy  density   DIIS  
       r  t  s  t  d       total energy    change  change    error 
  
etot    1  N  N  5  M    -270.43348675419           1.0E-02  1.8E-01
etot    2  Y  Y  6  M    -270.89659487379  4.6E-01  8.5E-03  1.2E-01
etot    3  Y  Y  6  M    -271.14318265699  2.5E-01  4.6E-03  1.5E-01
etot    4  N  Y  2  U    -271.36726224555  2.2E-01  1.9E-03  4.7E-02
etot    5  Y  Y  6  M    -271.41262644559  4.5E-02  5.2E-04  6.9E-03
etot    6  N  Y  2  U    -271.41528478278  2.7E-03  2.0E-04  3.8E-03
etot    7  Y  Y  6  M    -271.41566867038  3.8E-04  7.0E-05  1.2E-03
etot    8  Y  Y  6  M    -271.41569993278  3.1E-05  1.8E-05  2.3E-04
etot    9  N  Y  2  U    -271.41568478419 -1.5E-05  7.0E-06  9.0E-05
etot   10  N  Y  2  U    -271.41568534529  5.6E-07  2.0E-06  1.9E-05
etot   11  N  N  2  U    -271.41568536310  1.8E-08  0.0E+00  0.0E+00
scf (DFT) done.
der1a (1-e 1st deriv.) done.
rwr (1st deriv. Q) done.
der1b (2-e 1st deriv.) done.
  Geometry optimization step   1
  Total energy:      -271.42164326742 hartrees
  gradient maximum:        2.3119E-02 .  (  4.5000E-04 )
  gradient rms:            6.3742E-03 .  (  3.0000E-04 )
  displacement maximum:    1.1641E-01 .  (  1.8000E-03 )
  displacement rms:        3.8139E-02 .  (  1.2000E-03 )
  
  predicted energy change: -3.2829E-03
  step size:     0.24717
  trust radius:  0.30000
---------------- geometry iteration   1 complete ----------------
geopt (optimize geometry) done.
onee (1-electron integrals) done.
probe (project orbitals) done.
grid (grid generation) done.
rwr (Q operators) done.
  
       i  u  d  i  g
       t  p  i  c  r                                 RMS    maximum
       e  d  i  u  i                       energy  density   DIIS  
       r  t  s  t  d       total energy    change  change    error 
  
etot    1  N  N  2  U    -271.41543343307           6.0E-04  4.8E-03
etot    2  Y  Y  6  M    -271.41819033837  2.8E-03  3.3E-04  4.3E-03
etot    3  Y  Y  6  M    -271.41704526206 -1.1E-03  2.5E-04  9.6E-03
etot    4  N  Y  2  U    -271.41862378379  1.6E-03  4.2E-05  9.2E-04
etot    5  N  Y  2  U    -271.41864439574  2.1E-05  8.9E-06  1.2E-04
etot    6  N  Y  2  U    -271.41864535871  9.6E-07  2.3E-06  3.2E-05
etot    7  N  N  2  U    -271.41864541070  5.2E-08  0.0E+00  0.0E+00
scf (DFT) done.
der1a (1-e 1st deriv.) done.
rwr (1st deriv. Q) done.
der1b (2-e 1st deriv.) done.
  Geometry optimization step   2
  Total energy:      -271.42458902693 hartrees
  energy change:          -2.9458E-03 .  (  5.0000E-05 )
  gradient maximum:        8.8775E-03 .  (  4.5000E-04 )
  gradient rms:            1.8655E-03 .  (  3.0000E-04 )
  displacement maximum:    3.6642E-02 .  (  1.8000E-03 )
  displacement rms:        1.1826E-02 .  (  1.2000E-03 )
  
  predicted energy change: -1.9135E-04
  step size:     0.07664
  trust radius:  0.30000
---------------- geometry iteration   2 complete ----------------
geopt (optimize geometry) done.
onee (1-electron integrals) done.
probe (project orbitals) done.
grid (grid generation) done.
rwr (Q operators) done.
  
       i  u  d  i  g
       t  p  i  c  r                                 RMS    maximum
       e  d  i  u  i                       energy  density   DIIS  
       r  t  s  t  d       total energy    change  change    error 
  
etot    1  N  N  2  U    -271.41816373923           2.5E-04  1.9E-03
etot    2  Y  Y  6  M    -271.41878681716  6.2E-04  1.2E-04  1.6E-03
etot    3  Y  Y  6  M    -271.41863254480 -1.5E-04  9.1E-05  3.7E-03
etot    4  Y  Y  6  M    -271.41881772662  1.9E-04  1.2E-05  2.7E-04
etot    5  N  Y  2  U    -271.41880458302 -1.3E-05  4.1E-06  5.2E-05
etot    6  N  N  2  U    -271.41880476748  1.8E-07  0.0E+00  0.0E+00
scf (DFT) done.
der1a (1-e 1st deriv.) done.
rwr (1st deriv. Q) done.
der1b (2-e 1st deriv.) done.
  Geometry optimization step   3
  Total energy:      -271.42475879556 hartrees
  energy change:          -1.6977E-04 .  (  5.0000E-05 )
  gradient maximum:        1.3529E-03 .  (  4.5000E-04 )
  gradient rms:            4.0349E-04 .  (  3.0000E-04 )
  displacement maximum:    1.7747E-02 .  (  1.8000E-03 )
  displacement rms:        5.9634E-03 .  (  1.2000E-03 )
  
  predicted energy change: -2.0541E-05
  step size:     0.03865
  trust radius:  0.30000
---------------- geometry iteration   3 complete ----------------
geopt (optimize geometry) done.
onee (1-electron integrals) done.
probe (project orbitals) done.
grid (grid generation) done.
rwr (Q operators) done.
  
       i  u  d  i  g
       t  p  i  c  r                                 RMS    maximum
       e  d  i  u  i                       energy  density   DIIS  
       r  t  s  t  d       total energy    change  change    error 
  
etot    1  N  N  2  U    -271.41859405237           1.5E-04  1.3E-03
etot    2  Y  Y  6  M    -271.41882142425  2.3E-04  2.3E-05  3.2E-04
etot    3  N  Y  2  U    -271.41882878927  7.4E-06  2.0E-05  4.7E-04
etot    4  N  Y  2  U    -271.41883161891  2.8E-06  7.9E-06  3.1E-04
etot    5  N  Y  2  U    -271.41883306860  1.4E-06  1.3E-06  1.6E-05
etot    6  N  N  2  U    -271.41883309463  2.6E-08  0.0E+00  0.0E+00
scf (DFT) done.
der1a (1-e 1st deriv.) done.
rwr (1st deriv. Q) done.
der1b (2-e 1st deriv.) done.
  Geometry optimization step   4
  Total energy:      -271.42477837787 hartrees
  energy change:          -1.9582E-05 *  (  5.0000E-05 )
  gradient maximum:        6.4842E-04 .  (  4.5000E-04 )
  gradient rms:            2.3804E-04 *  (  3.0000E-04 )
  displacement maximum:    1.8178E-02 .  (  1.8000E-03 )
  displacement rms:        3.2605E-03 .  (  1.2000E-03 )
  
  predicted energy change: -7.0170E-06
  step size:     0.02113
  trust radius:  0.30000
---------------- geometry iteration   4 complete ----------------
geopt (optimize geometry) done.
onee (1-electron integrals) done.
probe (project orbitals) done.
grid (grid generation) done.
rwr (Q operators) done.
  
       i  u  d  i  g
       t  p  i  c  r                                 RMS    maximum
       e  d  i  u  i                       energy  density   DIIS  
       r  t  s  t  d       total energy    change  change    error 
  
etot    1  N  N  2  U    -271.41864262282           1.5E-04  1.4E-03
etot    2  Y  Y  6  M    -271.41883883928  2.0E-04  2.1E-05  3.5E-04
etot    3  N  Y  2  U    -271.41884299074  4.2E-06  9.8E-06  2.0E-04
etot    4  N  Y  2  U    -271.41884351239  5.2E-07  4.8E-06  1.6E-04
etot    5  N  N  2  U    -271.41884395967  4.5E-07  0.0E+00  0.0E+00
scf (DFT) done.
der1a (1-e 1st deriv.) done.
rwr (1st deriv. Q) done.
der1b (2-e 1st deriv.) done.
  Geometry optimization step   5
  Total energy:      -271.42479070302 hartrees
  energy change:          -1.2325E-05 *  (  5.0000E-05 )
  gradient maximum:        6.0559E-04 .  (  4.5000E-04 )
  gradient rms:            1.7008E-04 *  (  3.0000E-04 )
  displacement maximum:    2.8085E-01 .  (  1.8000E-03 )
  displacement rms:        4.6298E-02 .  (  1.2000E-03 )
  
  predicted energy change: -1.0813E-04
  step size:     0.30004
  trust radius:  0.30000
---------------- geometry iteration   5 complete ----------------
geopt (optimize geometry) done.
onee (1-electron integrals) done.
probe (project orbitals) done.
grid (grid generation) done.
rwr (Q operators) done.
  
       i  u  d  i  g
       t  p  i  c  r                                 RMS    maximum
       e  d  i  u  i                       energy  density   DIIS  
       r  t  s  t  d       total energy    change  change    error 
  
etot    1  N  N  2  U    -271.37775965966           2.1E-03  2.1E-02
etot    2  Y  Y  6  M    -271.41775836116  4.0E-02  6.0E-04  6.7E-03
etot    3  N  Y  2  U    -271.41456147410 -3.2E-03  4.8E-04  1.8E-02
etot    4  Y  Y  6  M    -271.41887085169  4.3E-03  1.0E-04  3.1E-03
etot    5  Y  Y  6  M    -271.41907643628  2.1E-04  1.8E-05  1.7E-04
etot    6  N  Y  2  U    -271.41913209319  5.6E-05  8.5E-06  1.2E-04
etot    7  N  Y  2  U    -271.41913261190  5.2E-07  5.0E-06  6.0E-05
etot    8  N  Y  2  U    -271.41913264290  3.1E-08  2.0E-06  1.6E-05
etot    9  N  N  2  U    -271.41913266563  2.3E-08  0.0E+00  0.0E+00
scf (DFT) done.
der1a (1-e 1st deriv.) done.
rwr (1st deriv. Q) done.
der1b (2-e 1st deriv.) done.
  Geometry optimization step   6
  Total energy:      -271.42508734765 hartrees
  energy change:          -2.9664E-04 .  (  5.0000E-05 )
  gradient maximum:        4.2162E-03 .  (  4.5000E-04 )
  gradient rms:            1.9863E-03 .  (  3.0000E-04 )
  displacement maximum:    9.6336E-02 .  (  1.8000E-03 )
  displacement rms:        4.6337E-02 .  (  1.2000E-03 )
  
  predicted energy change: -2.9306E-02
  step size:     0.30030
  trust radius:  0.30000
---------------- geometry iteration   6 complete ----------------
geopt (optimize geometry) done.
onee (1-electron integrals) done.
probe (project orbitals) done.
grid (grid generation) done.
rwr (Q operators) done.
  
       i  u  d  i  g
       t  p  i  c  r                                 RMS    maximum
       e  d  i  u  i                       energy  density   DIIS  
       r  t  s  t  d       total energy    change  change    error 
  
etot    1  N  N  2  U    -271.39557270108           1.2E-03  8.0E-03
etot    2  Y  Y  6  M    -271.40667214747  1.1E-02  3.5E-04  2.9E-03
etot    3  N  Y  2  U    -271.40678233199  1.1E-04  2.1E-04  3.8E-03
etot    4  Y  Y  6  M    -271.40726432886  4.8E-04  5.9E-05  1.6E-03
etot    5  Y  Y  6  M    -271.40730227607  3.8E-05  2.0E-05  6.3E-04
etot    6  N  Y  2  U    -271.40731419040  1.2E-05  6.0E-06  7.2E-05
etot    7  N  Y  2  U    -271.40731440744  2.2E-07  2.1E-06  1.6E-05
etot    8  N  N  2  U    -271.40731442407  1.7E-08  0.0E+00  0.0E+00
scf (DFT) done.
der1a (1-e 1st deriv.) done.
rwr (1st deriv. Q) done.
der1b (2-e 1st deriv.) done.
  Geometry optimization step   7
  Total energy:      -271.41314977695 hartrees
  ** restarting optimization from step    6 **
  energy change:           1.1938E-02 .  (  5.0000E-05 )
  gradient maximum:        4.2162E-03 .  (  4.5000E-04 )
  gradient rms:            1.9863E-03 .  (  3.0000E-04 )
  displacement maximum:    2.8879E-01 .  (  1.8000E-03 )
  displacement rms:        4.6313E-02 .  (  1.2000E-03 )
  
  predicted energy change: -9.8628E-04
  step size:     0.30015
  trust radius:  0.30000
---------------- geometry iteration   7 complete ----------------
geopt (optimize geometry) done.
onee (1-electron integrals) done.
probe (project orbitals) done.
grid (grid generation) done.
rwr (Q operators) done.
  
       i  u  d  i  g
       t  p  i  c  r                                 RMS    maximum
       e  d  i  u  i                       energy  density   DIIS  
       r  t  s  t  d       total energy    change  change    error 
  
etot    1  N  N  2  U    -271.36904910422           2.3E-03  2.2E-02
etot    2  Y  Y  6  M    -271.41786711160  4.9E-02  9.1E-04  1.2E-02
etot    3  N  Y  2  U    -271.41132959093 -6.5E-03  6.9E-04  2.7E-02
etot    4  N  Y  2  U    -271.42006678093  8.7E-03  1.4E-04  3.2E-03
etot    5  Y  Y  6  M    -271.42044603475  3.8E-04  3.0E-05  4.6E-04
etot    6  N  Y  2  U    -271.42045081538  4.8E-06  8.1E-06  7.9E-05
etot    7  N  Y  2  U    -271.42045115287  3.4E-07  3.1E-06  3.4E-05
etot    8  N  N  2  U    -271.42045120623  5.3E-08  0.0E+00  0.0E+00
scf (DFT) done.
der1a (1-e 1st deriv.) done.
rwr (1st deriv. Q) done.
der1b (2-e 1st deriv.) done.
  Geometry optimization step   8
  Total energy:      -271.42638861539 hartrees
  energy change:          -1.3013E-03 .  (  5.0000E-05 )
  gradient maximum:        5.3484E-03 .  (  4.5000E-04 )
  gradient rms:            1.4444E-03 .  (  3.0000E-04 )
  displacement maximum:    2.9598E-01 .  (  1.8000E-03 )
  displacement rms:        4.6343E-02 .  (  1.2000E-03 )
  
  predicted energy change: -1.0495E-03
  step size:     0.30034
  trust radius:  0.30000
---------------- geometry iteration   8 complete ----------------
geopt (optimize geometry) done.
onee (1-electron integrals) done.
probe (project orbitals) done.
grid (grid generation) done.
rwr (Q operators) done.
  
       i  u  d  i  g
       t  p  i  c  r                                 RMS    maximum
       e  d  i  u  i                       energy  density   DIIS  
       r  t  s  t  d       total energy    change  change    error 
  
etot    1  N  N  2  U    -271.37779320082           2.2E-03  1.9E-02
etot    2  Y  Y  6  M    -271.41965596805  4.2E-02  7.7E-04  7.7E-03
etot    3  N  Y  2  U    -271.41437202040 -5.3E-03  6.0E-04  2.1E-02
etot    4  N  Y  2  U    -271.42124713054  6.9E-03  1.0E-04  2.5E-03
etot    5  Y  Y  6  M    -271.42142145390  1.7E-04  1.6E-05  1.7E-04
etot    6  N  Y  2  U    -271.42141769666 -3.8E-06  5.6E-06  5.5E-05
etot    7  N  Y  2  U    -271.42141802596  3.3E-07  2.1E-06  1.6E-05
etot    8  N  N  2  U    -271.42141803864  1.3E-08  0.0E+00  0.0E+00
scf (DFT) done.
der1a (1-e 1st deriv.) done.
rwr (1st deriv. Q) done.
der1b (2-e 1st deriv.) done.
  Geometry optimization step   9
  Total energy:      -271.42734838032 hartrees
  energy change:          -9.5976E-04 .  (  5.0000E-05 )
  gradient maximum:        4.3780E-03 .  (  4.5000E-04 )
  gradient rms:            1.4270E-03 .  (  3.0000E-04 )
  displacement maximum:    1.3707E-01 .  (  1.8000E-03 )
  displacement rms:        4.6429E-02 .  (  1.2000E-03 )
  
  predicted energy change: -9.8671E-04
  step size:     0.30090
  trust radius:  0.30000
---------------- geometry iteration   9 complete ----------------
geopt (optimize geometry) done.
onee (1-electron integrals) done.
probe (project orbitals) done.
grid (grid generation) done.
rwr (Q operators) done.
  
       i  u  d  i  g
       t  p  i  c  r                                 RMS    maximum
       e  d  i  u  i                       energy  density   DIIS  
       r  t  s  t  d       total energy    change  change    error 
  
etot    1  N  N  2  U    -271.40529159332           1.3E-03  1.3E-02
etot    2  Y  Y  6  M    -271.42105970897  1.6E-02  4.6E-04  4.0E-03
etot    3  N  Y  2  U    -271.41926803645 -1.8E-03  3.6E-04  9.7E-03
etot    4  Y  Y  6  M    -271.42151524867  2.2E-03  6.2E-05  1.5E-03
etot    5  Y  Y  6  M    -271.42159887157  8.4E-05  9.6E-06  8.5E-05
etot    6  N  Y  2  U    -271.42163025162  3.1E-05  4.8E-06  1.1E-04
etot    7  N  N  2  U    -271.42163041085  1.6E-07  0.0E+00  0.0E+00
scf (DFT) done.
der1a (1-e 1st deriv.) done.
rwr (1st deriv. Q) done.
der1b (2-e 1st deriv.) done.
  Geometry optimization step  10
  Total energy:      -271.42756311944 hartrees
  energy change:          -2.1474E-04 .  (  5.0000E-05 )
  gradient maximum:        1.1584E-02 .  (  4.5000E-04 )
  gradient rms:            2.4957E-03 .  (  3.0000E-04 )
  displacement maximum:    4.6330E-02 .  (  1.8000E-03 )
  displacement rms:        1.4466E-02 .  (  1.2000E-03 )
  
  predicted energy change: -3.4358E-04
  step size:     0.09375
  trust radius:  0.30000
---------------- geometry iteration  10 complete ----------------
geopt (optimize geometry) done.
onee (1-electron integrals) done.
probe (project orbitals) done.
grid (grid generation) done.
rwr (Q operators) done.
  
       i  u  d  i  g
       t  p  i  c  r                                 RMS    maximum
       e  d  i  u  i                       energy  density   DIIS  
       r  t  s  t  d       total energy    change  change    error 
  
etot    1  N  N  2  U    -271.42130477217           2.5E-04  2.0E-03
etot    2  Y  Y  6  M    -271.42196239879  6.6E-04  8.2E-05  9.0E-04
etot    3  Y  Y  6  M    -271.42191167418 -5.1E-05  6.8E-05  1.9E-03
etot    4  Y  Y  6  M    -271.42197939651  6.8E-05  1.3E-05  5.0E-04
etot    5  N  Y  2  U    -271.42198751491  8.1E-06  3.7E-06  4.6E-05
etot    6  N  N  2  U    -271.42198768711  1.7E-07  0.0E+00  0.0E+00
scf (DFT) done.
der1a (1-e 1st deriv.) done.
rwr (1st deriv. Q) done.
der1b (2-e 1st deriv.) done.
  Geometry optimization step  11
  Total energy:      -271.42792260549 hartrees
  energy change:          -3.5949E-04 .  (  5.0000E-05 )
  gradient maximum:        1.6413E-03 .  (  4.5000E-04 )
  gradient rms:            5.8541E-04 .  (  3.0000E-04 )
  displacement maximum:    3.3819E-02 .  (  1.8000E-03 )
  displacement rms:        7.5560E-03 .  (  1.2000E-03 )
  
  predicted energy change: -4.4497E-05
  step size:     0.04897
  trust radius:  0.30000
---------------- geometry iteration  11 complete ----------------
geopt (optimize geometry) done.
onee (1-electron integrals) done.
probe (project orbitals) done.
grid (grid generation) done.
rwr (Q operators) done.
  
       i  u  d  i  g
       t  p  i  c  r                                 RMS    maximum
       e  d  i  u  i                       energy  density   DIIS  
       r  t  s  t  d       total energy    change  change    error 
  
etot    1  N  N  2  U    -271.42159796863           2.2E-04  1.4E-03
etot    2  Y  Y  6  M    -271.42201846418  4.2E-04  3.4E-05  3.3E-04
etot    3  N  Y  2  U    -271.42202125304  2.8E-06  1.9E-05  2.8E-04
etot    4  N  Y  2  U    -271.42202261840  1.4E-06  9.4E-06  2.8E-04
etot    5  N  Y  2  U    -271.42202432697  1.7E-06  1.9E-06  2.8E-05
etot    6  N  N  2  U    -271.42202436959  4.3E-08  0.0E+00  0.0E+00
scf (DFT) done.
der1a (1-e 1st deriv.) done.
rwr (1st deriv. Q) done.
der1b (2-e 1st deriv.) done.
  Geometry optimization step  12
  Total energy:      -271.42796668439 hartrees
  energy change:          -4.4079E-05 *  (  5.0000E-05 )
  gradient maximum:        5.8258E-04 .  (  4.5000E-04 )
  gradient rms:            1.5609E-04 *  (  3.0000E-04 )
  displacement maximum:    5.9192E-02 .  (  1.8000E-03 )
  displacement rms:        1.2172E-02 .  (  1.2000E-03 )
  
  predicted energy change: -2.4330E-05
  step size:     0.07889
  trust radius:  0.30000
---------------- geometry iteration  12 complete ----------------
geopt (optimize geometry) done.
onee (1-electron integrals) done.
probe (project orbitals) done.
grid (grid generation) done.
rwr (Q operators) done.
  
       i  u  d  i  g
       t  p  i  c  r                                 RMS    maximum
       e  d  i  u  i                       energy  density   DIIS  
       r  t  s  t  d       total energy    change  change    error 
  
etot    1  N  N  2  U    -271.41765208501           6.5E-04  7.1E-03
etot    2  Y  Y  6  M    -271.42193258649  4.3E-03  1.3E-04  1.6E-03
etot    3  Y  Y  6  M    -271.42190535609 -2.7E-05  1.1E-04  2.2E-03
etot    4  N  Y  2  U    -271.42198728299  8.2E-05  4.6E-05  1.6E-03
etot    5  N  Y  2  U    -271.42203430083  4.7E-05  3.7E-06  5.2E-05
etot    6  N  N  2  U    -271.42203446626  1.7E-07  0.0E+00  0.0E+00
scf (DFT) done.
der1a (1-e 1st deriv.) done.
rwr (1st deriv. Q) done.
der1b (2-e 1st deriv.) done.
  Geometry optimization step  13
  Total energy:      -271.42798031584 hartrees
  energy change:          -1.3631E-05 *  (  5.0000E-05 )
  gradient maximum:        8.8786E-04 .  (  4.5000E-04 )
  gradient rms:            2.0549E-04 *  (  3.0000E-04 )
  displacement maximum:    1.8383E-02 .  (  1.8000E-03 )
  displacement rms:        3.3463E-03 .  (  1.2000E-03 )
  
  predicted energy change: -5.1252E-06
  step size:     0.02169
  trust radius:  0.30000
---------------- geometry iteration  13 complete ----------------
geopt (optimize geometry) done.
onee (1-electron integrals) done.
probe (project orbitals) done.
grid (grid generation) done.
rwr (Q operators) done.
  
       i  u  d  i  g
       t  p  i  c  r                                 RMS    maximum
       e  d  i  u  i                       energy  density   DIIS  
       r  t  s  t  d       total energy    change  change    error 
  
etot    1  N  N  2  U    -271.42189318617           1.3E-04  1.2E-03
etot    2  Y  Y  6  M    -271.42204053874  1.5E-04  1.8E-05  2.6E-04
etot    3  N  Y  2  U    -271.42204127347  7.3E-07  1.0E-05  1.4E-04
etot    4  N  Y  2  U    -271.42204153632  2.6E-07  5.2E-06  1.8E-04
etot    5  N  Y  2  U    -271.42204210205  5.7E-07  7.6E-07  9.7E-06
etot    6  N  N  2  U    -271.42204210679  4.7E-09  0.0E+00  0.0E+00
scf (DFT) done.
der1a (1-e 1st deriv.) done.
rwr (1st deriv. Q) done.
der1b (2-e 1st deriv.) done.
  Geometry optimization step  14
  Total energy:      -271.42798598532 hartrees
  energy change:          -5.6695E-06 *  (  5.0000E-05 )
  gradient maximum:        1.3650E-04 *  (  4.5000E-04 )
  gradient rms:            5.5260E-05 #  (  3.0000E-04 )
  displacement maximum:    4.0294E-03 .  (  1.8000E-03 )
  displacement rms:        1.3245E-03 .  (  1.2000E-03 )
  
  predicted energy change: -6.1796E-07
  step size:     0.00858
  trust radius:  0.30000
---------------- geometry iteration  14 complete ----------------
geopt (optimize geometry) done.
onee (1-electron integrals) done.
probe (project orbitals) done.
grid (grid generation) done.
rwr (Q operators) done.
  
       i  u  d  i  g
       t  p  i  c  r                                 RMS    maximum
       e  d  i  u  i                       energy  density   DIIS  
       r  t  s  t  d       total energy    change  change    error 
  
etot    1  N  N  2  U    -271.42201465387           4.8E-05  5.3E-04
etot    2  N  Y  2  U    -271.42204054883  2.6E-05  7.4E-06  1.0E-04
etot    3  N  Y  2  U    -271.42204073098  1.8E-07  3.9E-06  5.5E-05
etot    4  N  N  2  U    -271.42204081189  8.1E-08  0.0E+00  0.0E+00
scf (DFT) done.
der1a (1-e 1st deriv.) done.
rwr (1st deriv. Q) done.
der1b (2-e 1st deriv.) done.
  Geometry optimization step  15
  Total energy:      -271.42798607193 hartrees
  energy change:          -8.6612E-08 !  (  5.0000E-05 )
  gradient maximum:        9.1540E-05 *  (  4.5000E-04 )
  gradient rms:            2.9210E-05 #  (  3.0000E-04 )
  displacement maximum:    3.1964E-03 .  (  1.8000E-03 )
  displacement rms:        8.3217E-04 *  (  1.2000E-03 )
  
  predicted energy change: -1.4361E-07
  step size:     0.00539
  trust radius:  0.30000
------------- final geometry iteration  15 complete -------------
geopt (optimize geometry) done.
cutabab2 (abab integrals) done.
der2a (1-e JK-1st deriv.) done.
der2b (2-e JK-1st deriv.) done.
der2nda (1-e 2nd deriv.) done.
der2ndb (2-e 2nd deriv.) done.
rwr (Q operators) done.
cphfa (gradient of wave function) done.
freq (vib. frequencies) done.
Job J1_222_2111 completed on hpc-89-07.cm.cluster at Wed May 29 03:17:28 2024
Timer (jaguar_backend.py) : 302.96 secs (0 hrs, 05 mins, 02 secs)
Finished:   Wed May 29 03:17:28 2024
