Command:  /groups/wag/programs/Schrodinger_2020_3/jaguar run -WAIT -PARALLEL 8 /central/home/labounad/wittig-ch121/out/J1_10192_2111/J1_10192_2111.in
Release:  2020-3
Exec:     /groups/wag/programs/Schrodinger_2020_3/jaguar-v10.9/bin/Linux-x86_64
Host:     hpc-90-16.cm.cluster
JobId:    hpc-90-16-0-66578b8d
JobDir:   /central/scratch/labounad/J1_10192_2111#hpc-90-16-0-66578b8d
Date:     Wed May 29 13:09:51 2024

Contents of /central/scratch/labounad/J1_10192_2111#hpc-90-16-0-66578b8d:
/central/scratch/labounad/J1_10192_2111#hpc-90-16-0-66578b8d/hpc-90-16-0-66578b8d
/central/scratch/labounad/J1_10192_2111#hpc-90-16-0-66578b8d/.write_dir.json
/central/scratch/labounad/J1_10192_2111#hpc-90-16-0-66578b8d/hpc-90-16-0-66578b8d.nodes
/central/scratch/labounad/J1_10192_2111#hpc-90-16-0-66578b8d/J1_10192_2111.in
/central/scratch/labounad/J1_10192_2111#hpc-90-16-0-66578b8d/J1_10192_2111.log
/central/scratch/labounad/J1_10192_2111#hpc-90-16-0-66578b8d/hpc-90-16-0-66578b8d.recover
/central/scratch/labounad/J1_10192_2111#hpc-90-16-0-66578b8d/hpc-90-16-0-66578b8d.mpinodes
/central/scratch/labounad/J1_10192_2111#hpc-90-16-0-66578b8d/J1_10192_2111.recover

Executing subprocess:
/groups/wag/programs/Schrodinger_2020_3/jaguar-v10.9/bin/Linux-x86_64/jexec J1_10192_2111.in -T 8 -out /central/scratch/labounad/J1_10192_2111#hpc-90-16-0-66578b8d -cwd

Job J1_10192_2111 started on hpc-90-16.cm.cluster at Wed May 29 13:09:51 2024
jobid: hpc-90-16-0-66578b8d 
Jaguar version 10.9, release 139
 Using up to   8 threads per process
Molecular Point Group: C1      
Point Group used: C1
pre (input checking) done.
onee (1-electron integrals) done.
hfig (HF initial guess) done.
probe (project orbitals) done.
grid (grid generation) done.
rwr (Q operators) done.
scf type: DFT=PBE(X+LC)+PW91 (PBE-D3)
  
       i  u  d  i  g
       t  p  i  c  r                                 RMS    maximum
       e  d  i  u  i                       energy  density   DIIS  
       r  t  s  t  d       total energy    change  change    error 
  
etot    1  N  N  5  M   -1763.88381944794           4.7E-03  1.1E-01
etot    2  Y  Y  6  M   -1761.86133300747 -2.0E+00  7.0E-03  1.4E-01
etot    3  Y  Y  6  M   -1757.18043770541 -4.7E+00  5.7E-03  2.2E-01
etot    4  N  Y  2  U   -1766.88314050382  9.7E+00  3.8E-03  6.7E-02
etot    5  Y  Y  6  M   -1765.70208324473 -1.2E+00  2.8E-03  6.0E-02
etot    6  N  Y  2  U   -1767.91441967531  2.2E+00  9.3E-04  2.1E-02
etot    7  Y  Y  6  M   -1768.07122545595  1.6E-01  5.5E-04  1.9E-02
etot    8  N  Y  2  U   -1768.11519368434  4.4E-02  3.4E-04  9.6E-03
etot    9  Y  Y  6  M   -1768.13994756831  2.5E-02  2.1E-04  4.9E-03
etot   10  N  Y  2  U   -1768.14454945957  4.6E-03  1.3E-04  5.0E-03
etot   11  Y  Y  6  M   -1768.14821222186  3.7E-03  4.1E-05  2.3E-03
etot   12  N  Y  2  U   -1768.14863650821  4.2E-04  1.7E-05  5.8E-04
etot   13  N  Y  2  U   -1768.14869876880  6.2E-05  7.9E-06  1.5E-04
etot   14  N  Y  2  U   -1768.14870794247  9.2E-06  3.5E-06  1.1E-04
etot   15  N  N  2  U   -1768.14871187613  3.9E-06  0.0E+00  0.0E+00
scf (DFT) done.
der1a (1-e 1st deriv.) done.
rwr (1st deriv. Q) done.
der1b (2-e 1st deriv.) done.
  Geometry optimization step   1
  Total energy:     -1768.20636223278 hartrees
  gradient maximum:        3.7109E-02 .  (  4.5000E-04 )
  gradient rms:            8.1039E-03 .  (  3.0000E-04 )
  displacement maximum:    1.0997E-01 .  (  1.8000E-03 )
  displacement rms:        1.9065E-02 .  (  1.2000E-03 )
  
  predicted energy change: -2.2047E-02
  step size:     0.30024
  trust radius:  0.30000
---------------- geometry iteration   1 complete ----------------
geopt (optimize geometry) done.
onee (1-electron integrals) done.
probe (project orbitals) done.
grid (grid generation) done.
rwr (Q operators) done.
  
       i  u  d  i  g
       t  p  i  c  r                                 RMS    maximum
       e  d  i  u  i                       energy  density   DIIS  
       r  t  s  t  d       total energy    change  change    error 
  
etot    1  N  N  2  U   -1768.14096301232           3.7E-04  8.2E-03
etot    2  Y  Y  6  M   -1768.16873421592  2.8E-02  1.1E-04  1.4E-03
etot    3  N  Y  2  U   -1768.16742035717 -1.3E-03  8.0E-05  2.5E-03
etot    4  Y  Y  6  M   -1768.16924152723  1.8E-03  2.3E-05  8.5E-04
etot    5  N  Y  2  U   -1768.16940867578  1.7E-04  8.3E-06  2.4E-04
etot    6  N  Y  2  U   -1768.16942393970  1.5E-05  2.8E-06  9.2E-05
etot    7  N  N  2  U   -1768.16942638424  2.4E-06  0.0E+00  0.0E+00
scf (DFT) done.
der1a (1-e 1st deriv.) done.
rwr (1st deriv. Q) done.
der1b (2-e 1st deriv.) done.
  Geometry optimization step   2
  Total energy:     -1768.22535464114 hartrees
  energy change:          -1.8992E-02 .  (  5.0000E-05 )
  gradient maximum:        1.5726E-02 .  (  4.5000E-04 )
  gradient rms:            2.4684E-03 .  (  3.0000E-04 )
  displacement maximum:    1.5047E-01 .  (  1.8000E-03 )
  displacement rms:        1.9081E-02 .  (  1.2000E-03 )
  
  predicted energy change: -4.2346E-03
  step size:     0.30049
  trust radius:  0.30000
---------------- geometry iteration   2 complete ----------------
geopt (optimize geometry) done.
onee (1-electron integrals) done.
probe (project orbitals) done.
grid (grid generation) done.
rwr (Q operators) done.
  
       i  u  d  i  g
       t  p  i  c  r                                 RMS    maximum
       e  d  i  u  i                       energy  density   DIIS  
       r  t  s  t  d       total energy    change  change    error 
  
etot    1  N  N  2  U   -1768.09757405510           5.2E-04  1.6E-02
etot    2  Y  Y  6  M   -1768.16968516528  7.2E-02  1.3E-04  1.7E-03
etot    3  N  Y  2  U   -1768.16669131395 -3.0E-03  1.1E-04  3.2E-03
etot    4  Y  Y  6  M   -1768.17004600229  3.4E-03  3.0E-05  9.2E-04
etot    5  N  Y  2  U   -1768.17025123582  2.1E-04  1.1E-05  3.5E-04
etot    6  N  Y  2  U   -1768.17028671665  3.5E-05  3.4E-06  8.5E-05
etot    7  N  N  2  U   -1768.17028909340  2.4E-06  0.0E+00  0.0E+00
scf (DFT) done.
der1a (1-e 1st deriv.) done.
rwr (1st deriv. Q) done.
der1b (2-e 1st deriv.) done.
  Geometry optimization step   3
  Total energy:     -1768.22616711728 hartrees
  energy change:          -8.1248E-04 .  (  5.0000E-05 )
  gradient maximum:        2.9351E-02 .  (  4.5000E-04 )
  gradient rms:            5.1710E-03 .  (  3.0000E-04 )
  displacement maximum:    2.5210E-01 .  (  1.8000E-03 )
  displacement rms:        1.8715E-02 .  (  1.2000E-03 )
  
  predicted energy change: -4.7531E-03
  step size:     0.29473
  trust radius:  0.30000
---------------- geometry iteration   3 complete ----------------
geopt (optimize geometry) done.
onee (1-electron integrals) done.
probe (project orbitals) done.
grid (grid generation) done.
rwr (Q operators) done.
  
       i  u  d  i  g
       t  p  i  c  r                                 RMS    maximum
       e  d  i  u  i                       energy  density   DIIS  
       r  t  s  t  d       total energy    change  change    error 
  
etot    1  N  N  2  U   -1768.06405485624           6.3E-04  2.9E-02
etot    2  Y  Y  6  M   -1768.17179289537  1.1E-01  1.1E-04  2.2E-03
etot    3  N  Y  2  U   -1768.17013755324 -1.7E-03  9.3E-05  2.2E-03
etot    4  Y  Y  6  M   -1768.17175825403  1.6E-03  3.5E-05  1.3E-03
etot    5  N  Y  2  U   -1768.17220037763  4.4E-04  1.0E-05  3.9E-04
etot    6  N  Y  2  U   -1768.17223754774  3.7E-05  3.8E-06  1.1E-04
etot    7  N  N  2  U   -1768.17223942720  1.9E-06  0.0E+00  0.0E+00
scf (DFT) done.
der1a (1-e 1st deriv.) done.
rwr (1st deriv. Q) done.
der1b (2-e 1st deriv.) done.
  Geometry optimization step   4
  Total energy:     -1768.22800510464 hartrees
  energy change:          -1.8380E-03 .  (  5.0000E-05 )
  gradient maximum:        1.3471E-02 .  (  4.5000E-04 )
  gradient rms:            1.9194E-03 .  (  3.0000E-04 )
  displacement maximum:    1.4228E-01 .  (  1.8000E-03 )
  displacement rms:        1.9051E-02 .  (  1.2000E-03 )
  
  predicted energy change: -2.8716E-03
  step size:     0.30002
  trust radius:  0.30000
---------------- geometry iteration   4 complete ----------------
geopt (optimize geometry) done.
onee (1-electron integrals) done.
probe (project orbitals) done.
grid (grid generation) done.
rwr (Q operators) done.
  
       i  u  d  i  g
       t  p  i  c  r                                 RMS    maximum
       e  d  i  u  i                       energy  density   DIIS  
       r  t  s  t  d       total energy    change  change    error 
  
etot    1  N  N  2  U   -1768.09818224661           5.1E-04  1.6E-02
etot    2  Y  Y  6  M   -1768.17307904896  7.5E-02  9.1E-05  1.1E-03
etot    3  N  Y  2  U   -1768.17209881102 -9.8E-04  7.4E-05  2.1E-03
etot    4  Y  Y  6  M   -1768.17313036085  1.0E-03  2.6E-05  7.7E-04
etot    5  N  Y  2  U   -1768.17322431276  9.4E-05  7.4E-06  2.6E-04
etot    6  N  Y  2  U   -1768.17324197282  1.8E-05  3.1E-06  8.9E-05
etot    7  N  N  2  U   -1768.17324314705  1.2E-06  0.0E+00  0.0E+00
scf (DFT) done.
der1a (1-e 1st deriv.) done.
rwr (1st deriv. Q) done.
der1b (2-e 1st deriv.) done.
  Geometry optimization step   5
  Total energy:     -1768.22888108095 hartrees
  energy change:          -8.7598E-04 .  (  5.0000E-05 )
  gradient maximum:        1.3560E-02 .  (  4.5000E-04 )
  gradient rms:            2.1363E-03 .  (  3.0000E-04 )
  displacement maximum:    1.1190E-01 .  (  1.8000E-03 )
  displacement rms:        1.7783E-02 .  (  1.2000E-03 )
  
  predicted energy change: -1.4411E-03
  step size:     0.28005
  trust radius:  0.30000
---------------- geometry iteration   5 complete ----------------
geopt (optimize geometry) done.
onee (1-electron integrals) done.
probe (project orbitals) done.
grid (grid generation) done.
rwr (Q operators) done.
  
       i  u  d  i  g
       t  p  i  c  r                                 RMS    maximum
       e  d  i  u  i                       energy  density   DIIS  
       r  t  s  t  d       total energy    change  change    error 
  
etot    1  N  N  2  U   -1768.11708495461           4.4E-04  1.1E-02
etot    2  Y  Y  6  M   -1768.17479502734  5.8E-02  7.0E-05  9.6E-04
etot    3  N  Y  2  U   -1768.17414355224 -6.5E-04  5.5E-05  1.3E-03
etot    4  Y  Y  6  M   -1768.17471860011  5.8E-04  1.9E-05  7.4E-04
etot    5  N  Y  2  U   -1768.17486259697  1.4E-04  6.3E-06  2.6E-04
etot    6  N  Y  2  U   -1768.17487525311  1.3E-05  2.5E-06  7.6E-05
etot    7  N  N  2  U   -1768.17487612202  8.7E-07  0.0E+00  0.0E+00
scf (DFT) done.
der1a (1-e 1st deriv.) done.
rwr (1st deriv. Q) done.
der1b (2-e 1st deriv.) done.
  Geometry optimization step   6
  Total energy:     -1768.23038651320 hartrees
  energy change:          -1.5054E-03 .  (  5.0000E-05 )
  gradient maximum:        4.3044E-03 .  (  4.5000E-04 )
  gradient rms:            8.5203E-04 .  (  3.0000E-04 )
  displacement maximum:    1.3139E-01 .  (  1.8000E-03 )
  displacement rms:        1.9068E-02 .  (  1.2000E-03 )
  
  predicted energy change: -1.0063E-03
  step size:     0.30029
  trust radius:  0.30000
---------------- geometry iteration   6 complete ----------------
geopt (optimize geometry) done.
onee (1-electron integrals) done.
probe (project orbitals) done.
grid (grid generation) done.
rwr (Q operators) done.
  
       i  u  d  i  g
       t  p  i  c  r                                 RMS    maximum
       e  d  i  u  i                       energy  density   DIIS  
       r  t  s  t  d       total energy    change  change    error 
  
etot    1  N  N  2  U   -1768.12069632629           4.3E-04  1.5E-02
etot    2  Y  Y  6  M   -1768.17530143357  5.5E-02  7.9E-05  9.7E-04
etot    3  N  Y  2  U   -1768.17433122736 -9.7E-04  6.6E-05  1.7E-03
etot    4  Y  Y  6  M   -1768.17521596156  8.8E-04  2.2E-05  8.0E-04
etot    5  N  Y  2  U   -1768.17542350230  2.1E-04  6.1E-06  3.6E-04
etot    6  N  Y  2  U   -1768.17543725873  1.4E-05  2.4E-06  5.9E-05
etot    7  N  N  2  U   -1768.17543779750  5.4E-07  0.0E+00  0.0E+00
scf (DFT) done.
der1a (1-e 1st deriv.) done.
rwr (1st deriv. Q) done.
der1b (2-e 1st deriv.) done.
  Geometry optimization step   7
  Total energy:     -1768.23126975093 hartrees
  energy change:          -8.8324E-04 .  (  5.0000E-05 )
  gradient maximum:        6.9708E-03 .  (  4.5000E-04 )
  gradient rms:            1.0996E-03 .  (  3.0000E-04 )
  displacement maximum:    1.5435E-01 .  (  1.8000E-03 )
  displacement rms:        1.9051E-02 .  (  1.2000E-03 )
  
  predicted energy change: -8.5601E-04
  step size:     0.30002
  trust radius:  0.30000
---------------- geometry iteration   7 complete ----------------
geopt (optimize geometry) done.
onee (1-electron integrals) done.
probe (project orbitals) done.
grid (grid generation) done.
rwr (Q operators) done.
  
       i  u  d  i  g
       t  p  i  c  r                                 RMS    maximum
       e  d  i  u  i                       energy  density   DIIS  
       r  t  s  t  d       total energy    change  change    error 
  
etot    1  N  N  2  U   -1768.12749113857           4.1E-04  1.8E-02
etot    2  Y  Y  6  M   -1768.17618631542  4.9E-02  6.2E-05  1.1E-03
etot    3  N  Y  2  U   -1768.17565701990 -5.3E-04  5.0E-05  1.2E-03
etot    4  N  Y  2  U   -1768.17615386344  5.0E-04  1.8E-05  6.2E-04
etot    5  N  Y  2  U   -1768.17624808277  9.4E-05  5.5E-06  3.0E-04
etot    6  N  Y  2  U   -1768.17625842697  1.0E-05  2.4E-06  5.1E-05
etot    7  N  N  2  U   -1768.17625899505  5.7E-07  0.0E+00  0.0E+00
scf (DFT) done.
der1a (1-e 1st deriv.) done.
rwr (1st deriv. Q) done.
der1b (2-e 1st deriv.) done.
  Geometry optimization step   8
  Total energy:     -1768.23203149982 hartrees
  energy change:          -7.6175E-04 .  (  5.0000E-05 )
  gradient maximum:        6.0918E-03 .  (  4.5000E-04 )
  gradient rms:            9.5265E-04 .  (  3.0000E-04 )
  displacement maximum:    1.6326E-01 .  (  1.8000E-03 )
  displacement rms:        1.9050E-02 .  (  1.2000E-03 )
  
  predicted energy change: -8.9063E-04
  step size:     0.30001
  trust radius:  0.30000
---------------- geometry iteration   8 complete ----------------
geopt (optimize geometry) done.
onee (1-electron integrals) done.
probe (project orbitals) done.
grid (grid generation) done.
rwr (Q operators) done.
  
       i  u  d  i  g
       t  p  i  c  r                                 RMS    maximum
       e  d  i  u  i                       energy  density   DIIS  
       r  t  s  t  d       total energy    change  change    error 
  
etot    1  N  N  2  U   -1768.13061568998           4.0E-04  1.5E-02
etot    2  Y  Y  6  M   -1768.17687714700  4.6E-02  5.7E-05  1.1E-03
etot    3  N  Y  2  U   -1768.17642590890 -4.5E-04  4.5E-05  1.2E-03
etot    4  N  Y  2  U   -1768.17687185629  4.5E-04  1.6E-05  6.2E-04
etot    5  N  Y  2  U   -1768.17694890945  7.7E-05  5.1E-06  2.3E-04
etot    6  N  Y  2  U   -1768.17695775702  8.8E-06  2.3E-06  6.2E-05
etot    7  N  N  2  U   -1768.17695812766  3.7E-07  0.0E+00  0.0E+00
scf (DFT) done.
der1a (1-e 1st deriv.) done.
rwr (1st deriv. Q) done.
der1b (2-e 1st deriv.) done.
  Geometry optimization step   9
  Total energy:     -1768.23251221419 hartrees
  energy change:          -4.8071E-04 .  (  5.0000E-05 )
  gradient maximum:        4.2898E-03 .  (  4.5000E-04 )
  gradient rms:            6.7387E-04 .  (  3.0000E-04 )
  displacement maximum:    1.5528E-01 .  (  1.8000E-03 )
  displacement rms:        1.9095E-02 .  (  1.2000E-03 )
  
  predicted energy change: -4.5523E-04
  step size:     0.30071
  trust radius:  0.30000
---------------- geometry iteration   9 complete ----------------
geopt (optimize geometry) done.
onee (1-electron integrals) done.
probe (project orbitals) done.
grid (grid generation) done.
rwr (Q operators) done.
  
       i  u  d  i  g
       t  p  i  c  r                                 RMS    maximum
       e  d  i  u  i                       energy  density   DIIS  
       r  t  s  t  d       total energy    change  change    error 
  
etot    1  N  N  2  U   -1768.13340591654           4.0E-04  1.3E-02
etot    2  Y  Y  6  M   -1768.17720159161  4.4E-02  6.3E-05  9.2E-04
etot    3  N  Y  2  U   -1768.17666880865 -5.3E-04  5.1E-05  1.3E-03
etot    4  Y  Y  6  M   -1768.17716153099  4.9E-04  1.8E-05  6.3E-04
etot    5  N  Y  2  U   -1768.17729257636  1.3E-04  5.9E-06  3.2E-04
etot    6  N  Y  2  U   -1768.17730547536  1.3E-05  2.3E-06  4.8E-05
etot    7  N  N  2  U   -1768.17730593168  4.6E-07  0.0E+00  0.0E+00
scf (DFT) done.
der1a (1-e 1st deriv.) done.
rwr (1st deriv. Q) done.
der1b (2-e 1st deriv.) done.
  Geometry optimization step  10
  Total energy:     -1768.23271191619 hartrees
  energy change:          -1.9970E-04 .  (  5.0000E-05 )
  gradient maximum:        7.8472E-03 .  (  4.5000E-04 )
  gradient rms:            8.9382E-04 .  (  3.0000E-04 )
  displacement maximum:    8.8341E-02 .  (  1.8000E-03 )
  displacement rms:        1.6172E-02 .  (  1.2000E-03 )
  
  predicted energy change: -4.0780E-04
  step size:     0.25468
  trust radius:  0.30000
---------------- geometry iteration  10 complete ----------------
geopt (optimize geometry) done.
onee (1-electron integrals) done.
probe (project orbitals) done.
grid (grid generation) done.
rwr (Q operators) done.
  
       i  u  d  i  g
       t  p  i  c  r                                 RMS    maximum
       e  d  i  u  i                       energy  density   DIIS  
       r  t  s  t  d       total energy    change  change    error 
  
etot    1  N  N  2  U   -1768.15255553045           3.1E-04  8.2E-03
etot    2  Y  Y  6  M   -1768.17764538788  2.5E-02  5.9E-05  4.4E-04
etot    3  N  Y  2  U   -1768.17717978678 -4.7E-04  4.5E-05  1.3E-03
etot    4  N  Y  2  U   -1768.17766439146  4.8E-04  1.3E-05  6.3E-04
etot    5  N  Y  2  U   -1768.17771152065  4.7E-05  4.4E-06  2.2E-04
etot    6  N  N  2  U   -1768.17771717300  5.7E-06  0.0E+00  0.0E+00
scf (DFT) done.
der1a (1-e 1st deriv.) done.
rwr (1st deriv. Q) done.
der1b (2-e 1st deriv.) done.
  Geometry optimization step  11
  Total energy:     -1768.23270165035 hartrees
  energy change:           1.0266E-05 *  (  5.0000E-05 )
  gradient maximum:        7.0018E-03 .  (  4.5000E-04 )
  gradient rms:            1.0026E-03 .  (  3.0000E-04 )
  displacement maximum:    5.8402E-02 .  (  1.8000E-03 )
  displacement rms:        8.8024E-03 .  (  1.2000E-03 )
  
  predicted energy change: -3.0049E-04
  step size:     0.13862
  trust radius:  0.30000
---------------- geometry iteration  11 complete ----------------
geopt (optimize geometry) done.
onee (1-electron integrals) done.
probe (project orbitals) done.
grid (grid generation) done.
rwr (Q operators) done.
  
       i  u  d  i  g
       t  p  i  c  r                                 RMS    maximum
       e  d  i  u  i                       energy  density   DIIS  
       r  t  s  t  d       total energy    change  change    error 
  
etot    1  N  N  2  U   -1768.16916619777           1.8E-04  5.1E-03
etot    2  Y  Y  6  M   -1768.17791255509  8.7E-03  5.3E-05  4.7E-04
etot    3  N  Y  2  U   -1768.17739092088 -5.2E-04  4.1E-05  1.3E-03
etot    4  N  Y  2  U   -1768.17793543990  5.4E-04  9.5E-06  3.2E-04
etot    5  N  Y  2  U   -1768.17794927834  1.4E-05  3.9E-06  1.8E-04
etot    6  N  N  2  U   -1768.17795490932  5.6E-06  0.0E+00  0.0E+00
scf (DFT) done.
der1a (1-e 1st deriv.) done.
rwr (1st deriv. Q) done.
der1b (2-e 1st deriv.) done.
  Geometry optimization step  12
  Total energy:     -1768.23295599492 hartrees
  energy change:          -2.5434E-04 .  (  5.0000E-05 )
  gradient maximum:        3.3565E-03 .  (  4.5000E-04 )
  gradient rms:            5.0903E-04 .  (  3.0000E-04 )
  displacement maximum:    2.4555E-02 .  (  1.8000E-03 )
  displacement rms:        4.9450E-03 .  (  1.2000E-03 )
  
  predicted energy change: -1.1879E-04
  step size:     0.07787
  trust radius:  0.30000
---------------- geometry iteration  12 complete ----------------
geopt (optimize geometry) done.
onee (1-electron integrals) done.
probe (project orbitals) done.
grid (grid generation) done.
rwr (Q operators) done.
  
       i  u  d  i  g
       t  p  i  c  r                                 RMS    maximum
       e  d  i  u  i                       energy  density   DIIS  
       r  t  s  t  d       total energy    change  change    error 
  
etot    1  N  N  2  U   -1768.17504321004           1.1E-04  2.5E-03
etot    2  Y  Y  6  M   -1768.17792320931  2.9E-03  2.9E-05  2.8E-04
etot    3  N  Y  2  U   -1768.17777481156 -1.5E-04  2.1E-05  7.5E-04
etot    4  N  Y  2  U   -1768.17793937179  1.6E-04  4.0E-06  1.4E-04
etot    5  N  N  2  U   -1768.17794276282  3.4E-06  0.0E+00  0.0E+00
scf (DFT) done.
der1a (1-e 1st deriv.) done.
rwr (1st deriv. Q) done.
der1b (2-e 1st deriv.) done.
  Geometry optimization step  13
  Total energy:     -1768.23299772322 hartrees
  energy change:          -4.1728E-05 *  (  5.0000E-05 )
  gradient maximum:        3.4635E-03 .  (  4.5000E-04 )
  gradient rms:            4.0715E-04 .  (  3.0000E-04 )
  displacement maximum:    4.8115E-02 .  (  1.8000E-03 )
  displacement rms:        7.8329E-03 .  (  1.2000E-03 )
  
  predicted energy change: -1.0550E-04
  step size:     0.12335
  trust radius:  0.30000
---------------- geometry iteration  13 complete ----------------
geopt (optimize geometry) done.
onee (1-electron integrals) done.
probe (project orbitals) done.
grid (grid generation) done.
rwr (Q operators) done.
  
       i  u  d  i  g
       t  p  i  c  r                                 RMS    maximum
       e  d  i  u  i                       energy  density   DIIS  
       r  t  s  t  d       total energy    change  change    error 
  
etot    1  N  N  2  U   -1768.16930764908           1.8E-04  5.5E-03
etot    2  Y  Y  6  M   -1768.17796990904  8.7E-03  4.5E-05  5.5E-04
etot    3  N  Y  2  U   -1768.17759577079 -3.7E-04  3.5E-05  1.5E-03
etot    4  N  Y  2  U   -1768.17797665394  3.8E-04  8.7E-06  3.5E-04
etot    5  N  Y  2  U   -1768.17799077319  1.4E-05  3.5E-06  1.6E-04
etot    6  N  N  2  U   -1768.17799498856  4.2E-06  0.0E+00  0.0E+00
scf (DFT) done.
der1a (1-e 1st deriv.) done.
rwr (1st deriv. Q) done.
der1b (2-e 1st deriv.) done.
  Geometry optimization step  14
  Total energy:     -1768.23304594071 hartrees
  energy change:          -4.8217E-05 *  (  5.0000E-05 )
  gradient maximum:        1.3366E-03 .  (  4.5000E-04 )
  gradient rms:            1.9634E-04 *  (  3.0000E-04 )
  displacement maximum:    1.2768E-02 .  (  1.8000E-03 )
  displacement rms:        3.0199E-03 .  (  1.2000E-03 )
  
  predicted energy change: -2.2985E-05
  step size:     0.04756
  trust radius:  0.30000
---------------- geometry iteration  14 complete ----------------
geopt (optimize geometry) done.
onee (1-electron integrals) done.
probe (project orbitals) done.
grid (grid generation) done.
rwr (Q operators) done.
  
       i  u  d  i  g
       t  p  i  c  r                                 RMS    maximum
       e  d  i  u  i                       energy  density   DIIS  
       r  t  s  t  d       total energy    change  change    error 
  
etot    1  N  N  2  U   -1768.17655191700           6.9E-05  1.9E-03
etot    2  Y  Y  6  M   -1768.17793388670  1.4E-03  9.8E-06  1.5E-04
etot    3  N  Y  2  U   -1768.17791833467 -1.6E-05  7.8E-06  2.2E-04
etot    4  N  Y  2  U   -1768.17793364305  1.5E-05  2.6E-06  8.6E-05
etot    5  N  N  2  U   -1768.17793545535  1.8E-06  0.0E+00  0.0E+00
scf (DFT) done.
der1a (1-e 1st deriv.) done.
rwr (1st deriv. Q) done.
der1b (2-e 1st deriv.) done.
  Geometry optimization step  15
  Total energy:     -1768.23302821390 hartrees
  energy change:           1.7727E-05 *  (  5.0000E-05 )
  gradient maximum:        1.1454E-03 .  (  4.5000E-04 )
  gradient rms:            1.5134E-04 *  (  3.0000E-04 )
  displacement maximum:    7.4662E-02 .  (  1.8000E-03 )
  displacement rms:        1.0449E-02 .  (  1.2000E-03 )
  
  predicted energy change: -4.5134E-05
  step size:     0.16455
  trust radius:  0.30000
---------------- geometry iteration  15 complete ----------------
geopt (optimize geometry) done.
onee (1-electron integrals) done.
probe (project orbitals) done.
grid (grid generation) done.
rwr (Q operators) done.
  
       i  u  d  i  g
       t  p  i  c  r                                 RMS    maximum
       e  d  i  u  i                       energy  density   DIIS  
       r  t  s  t  d       total energy    change  change    error 
  
etot    1  N  N  2  U   -1768.16319565524           2.3E-04  7.5E-03
etot    2  Y  Y  6  M   -1768.17790787899  1.5E-02  2.9E-05  6.1E-04
etot    3  N  Y  2  U   -1768.17779083015 -1.2E-04  2.3E-05  4.0E-04
etot    4  N  Y  2  U   -1768.17786463877  7.4E-05  8.5E-06  2.8E-04
etot    5  N  Y  2  U   -1768.17789021718  2.6E-05  2.1E-06  6.3E-05
etot    6  N  N  2  U   -1768.17789093000  7.1E-07  0.0E+00  0.0E+00
scf (DFT) done.
der1a (1-e 1st deriv.) done.
rwr (1st deriv. Q) done.
der1b (2-e 1st deriv.) done.
  Geometry optimization step  16
  Total energy:     -1768.23303087952 hartrees
  energy change:          -2.6656E-06 *  (  5.0000E-05 )
  gradient maximum:        2.8138E-03 .  (  4.5000E-04 )
  gradient rms:            3.3780E-04 .  (  3.0000E-04 )
  displacement maximum:    5.4021E-02 .  (  1.8000E-03 )
  displacement rms:        8.1985E-03 .  (  1.2000E-03 )
  
  predicted energy change: -3.7906E-05
  step size:     0.12911
  trust radius:  0.30000
---------------- geometry iteration  16 complete ----------------
geopt (optimize geometry) done.
onee (1-electron integrals) done.
probe (project orbitals) done.
grid (grid generation) done.
rwr (Q operators) done.
  
       i  u  d  i  g
       t  p  i  c  r                                 RMS    maximum
       e  d  i  u  i                       energy  density   DIIS  
       r  t  s  t  d       total energy    change  change    error 
  
etot    1  N  N  2  U   -1768.16696655297           2.0E-04  5.6E-03
etot    2  Y  Y  6  M   -1768.17797690495  1.1E-02  2.6E-05  5.2E-04
etot    3  N  Y  2  U   -1768.17786934954 -1.1E-04  2.1E-05  6.2E-04
etot    4  N  Y  2  U   -1768.17794310086  7.4E-05  8.7E-06  3.9E-04
etot    5  N  Y  2  U   -1768.17796760771  2.5E-05  2.7E-06  9.3E-05
etot    6  N  N  2  U   -1768.17796962894  2.0E-06  0.0E+00  0.0E+00
scf (DFT) done.
der1a (1-e 1st deriv.) done.
rwr (1st deriv. Q) done.
der1b (2-e 1st deriv.) done.
  Geometry optimization step  17
  Total energy:     -1768.23313630517 hartrees
  energy change:          -1.0543E-04 .  (  5.0000E-05 )
  gradient maximum:        3.0900E-03 .  (  4.5000E-04 )
  gradient rms:            3.9272E-04 .  (  3.0000E-04 )
  displacement maximum:    2.0851E-01 .  (  1.8000E-03 )
  displacement rms:        1.9051E-02 .  (  1.2000E-03 )
  
  predicted energy change: -2.5568E-03
  step size:     0.30001
  trust radius:  0.30000
---------------- geometry iteration  17 complete ----------------
geopt (optimize geometry) done.
onee (1-electron integrals) done.
probe (project orbitals) done.
grid (grid generation) done.
rwr (Q operators) done.
  
       i  u  d  i  g
       t  p  i  c  r                                 RMS    maximum
       e  d  i  u  i                       energy  density   DIIS  
       r  t  s  t  d       total energy    change  change    error 
  
etot    1  N  N  2  U   -1768.05578584925           6.7E-04  2.3E-02
etot    2  Y  Y  6  M   -1768.17429056255  1.2E-01  1.7E-04  2.1E-03
etot    3  N  Y  2  U   -1768.17031134603 -4.0E-03  1.3E-04  4.7E-03
etot    4  Y  Y  6  M   -1768.17489795014  4.6E-03  3.0E-05  9.1E-04
etot    5  N  Y  2  U   -1768.17505398226  1.6E-04  1.2E-05  3.8E-04
etot    6  N  Y  2  U   -1768.17509968833  4.6E-05  4.3E-06  1.2E-04
etot    7  N  N  2  U   -1768.17510200718  2.3E-06  0.0E+00  0.0E+00
scf (DFT) done.
der1a (1-e 1st deriv.) done.
rwr (1st deriv. Q) done.
der1b (2-e 1st deriv.) done.
  Geometry optimization step  18
  Total energy:     -1768.23045302262 hartrees
  ** restarting optimization from step   17 **
  energy change:           2.6833E-03 .  (  5.0000E-05 )
  gradient maximum:        3.0900E-03 .  (  4.5000E-04 )
  gradient rms:            3.9272E-04 .  (  3.0000E-04 )
  displacement maximum:    1.2362E-01 .  (  1.8000E-03 )
  displacement rms:        1.9095E-02 .  (  1.2000E-03 )
  
  predicted energy change: -3.0590E-04
  step size:     0.30070
  trust radius:  0.30000
---------------- geometry iteration  18 complete ----------------
geopt (optimize geometry) done.
onee (1-electron integrals) done.
probe (project orbitals) done.
grid (grid generation) done.
rwr (Q operators) done.
  
       i  u  d  i  g
       t  p  i  c  r                                 RMS    maximum
       e  d  i  u  i                       energy  density   DIIS  
       r  t  s  t  d       total energy    change  change    error 
  
etot    1  N  N  2  U   -1768.10742471255           5.1E-04  1.4E-02
etot    2  Y  Y  6  M   -1768.17804692964  7.1E-02  1.3E-04  1.3E-03
etot    3  N  Y  2  U   -1768.17566883817 -2.4E-03  9.7E-05  3.8E-03
etot    4  Y  Y  6  M   -1768.17830232235  2.6E-03  2.2E-05  7.1E-04
etot    5  N  Y  2  U   -1768.17841494789  1.1E-04  8.8E-06  2.4E-04
etot    6  N  Y  2  U   -1768.17843747457  2.3E-05  3.1E-06  8.5E-05
etot    7  N  N  2  U   -1768.17843886303  1.4E-06  0.0E+00  0.0E+00
scf (DFT) done.
der1a (1-e 1st deriv.) done.
rwr (1st deriv. Q) done.
der1b (2-e 1st deriv.) done.
  Geometry optimization step  19
  Total energy:     -1768.23365242812 hartrees
  energy change:          -5.1612E-04 .  (  5.0000E-05 )
  gradient maximum:        2.1049E-03 .  (  4.5000E-04 )
  gradient rms:            3.5401E-04 .  (  3.0000E-04 )
  displacement maximum:    1.4550E-01 .  (  1.8000E-03 )
  displacement rms:        1.9057E-02 .  (  1.2000E-03 )
  
  predicted energy change: -2.2760E-04
  step size:     0.30011
  trust radius:  0.30000
---------------- geometry iteration  19 complete ----------------
geopt (optimize geometry) done.
onee (1-electron integrals) done.
probe (project orbitals) done.
grid (grid generation) done.
rwr (Q operators) done.
  
       i  u  d  i  g
       t  p  i  c  r                                 RMS    maximum
       e  d  i  u  i                       energy  density   DIIS  
       r  t  s  t  d       total energy    change  change    error 
  
etot    1  N  N  2  U   -1768.12037122107           4.5E-04  1.9E-02
etot    2  Y  Y  6  M   -1768.17844438365  5.8E-02  6.3E-05  1.1E-03
etot    3  N  Y  2  U   -1768.17795699770 -4.9E-04  5.2E-05  1.2E-03
etot    4  Y  Y  6  M   -1768.17830932260  3.5E-04  2.1E-05  8.2E-04
etot    5  N  Y  2  U   -1768.17846840570  1.6E-04  5.9E-06  1.6E-04
etot    6  N  Y  2  U   -1768.17847725806  8.9E-06  2.6E-06  5.4E-05
etot    7  N  N  2  U   -1768.17847806761  8.1E-07  0.0E+00  0.0E+00
scf (DFT) done.
der1a (1-e 1st deriv.) done.
rwr (1st deriv. Q) done.
der1b (2-e 1st deriv.) done.
  Geometry optimization step  20
  Total energy:     -1768.23368439848 hartrees
  energy change:          -3.1970E-05 *  (  5.0000E-05 )
  gradient maximum:        3.8671E-03 .  (  4.5000E-04 )
  gradient rms:            6.0577E-04 .  (  3.0000E-04 )
  displacement maximum:    8.1333E-02 .  (  1.8000E-03 )
  displacement rms:        1.3007E-02 .  (  1.2000E-03 )
  
  predicted energy change: -2.7576E-04
  step size:     0.20484
  trust radius:  0.30000
---------------- geometry iteration  20 complete ----------------
geopt (optimize geometry) done.
onee (1-electron integrals) done.
probe (project orbitals) done.
grid (grid generation) done.
rwr (Q operators) done.
  
       i  u  d  i  g
       t  p  i  c  r                                 RMS    maximum
       e  d  i  u  i                       energy  density   DIIS  
       r  t  s  t  d       total energy    change  change    error 
  
etot    1  N  N  2  U   -1768.15848277560           2.7E-04  7.8E-03
etot    2  Y  Y  6  M   -1768.17868708871  2.0E-02  3.8E-05  5.9E-04
etot    3  N  Y  2  U   -1768.17859290086 -9.4E-05  3.0E-05  7.0E-04
etot    4  N  Y  2  U   -1768.17872836191  1.4E-04  1.1E-05  4.2E-04
etot    5  N  Y  2  U   -1768.17877549017  4.7E-05  2.8E-06  5.0E-05
etot    6  N  N  2  U   -1768.17877660223  1.1E-06  0.0E+00  0.0E+00
scf (DFT) done.
der1a (1-e 1st deriv.) done.
rwr (1st deriv. Q) done.
der1b (2-e 1st deriv.) done.
  Geometry optimization step  21
  Total energy:     -1768.23380013244 hartrees
  energy change:          -1.1573E-04 .  (  5.0000E-05 )
  gradient maximum:        3.2067E-03 .  (  4.5000E-04 )
  gradient rms:            6.4919E-04 .  (  3.0000E-04 )
  displacement maximum:    7.7068E-02 .  (  1.8000E-03 )
  displacement rms:        1.2510E-02 .  (  1.2000E-03 )
  
  predicted energy change: -3.8104E-04
  step size:     0.19701
  trust radius:  0.30000
---------------- geometry iteration  21 complete ----------------
geopt (optimize geometry) done.
onee (1-electron integrals) done.
probe (project orbitals) done.
grid (grid generation) done.
rwr (Q operators) done.
  
       i  u  d  i  g
       t  p  i  c  r                                 RMS    maximum
       e  d  i  u  i                       energy  density   DIIS  
       r  t  s  t  d       total energy    change  change    error 
  
etot    1  N  N  2  U   -1768.14840306824           3.3E-04  1.1E-02
etot    2  Y  Y  6  M   -1768.17871927594  3.0E-02  5.6E-05  8.5E-04
etot    3  N  Y  2  U   -1768.17831191839 -4.1E-04  4.4E-05  1.3E-03
etot    4  N  Y  2  U   -1768.17876588786  4.5E-04  1.4E-05  4.3E-04
etot    5  N  Y  2  U   -1768.17882425468  5.8E-05  4.7E-06  1.6E-04
etot    6  N  N  2  U   -1768.17883050695  6.3E-06  0.0E+00  0.0E+00
scf (DFT) done.
der1a (1-e 1st deriv.) done.
rwr (1st deriv. Q) done.
der1b (2-e 1st deriv.) done.
  Geometry optimization step  22
  Total energy:     -1768.23386915986 hartrees
  ** restarting optimization from step   21 **
  energy change:          -6.9027E-05 .  (  5.0000E-05 )
  gradient maximum:        3.2067E-03 .  (  4.5000E-04 )
  gradient rms:            6.4919E-04 .  (  3.0000E-04 )
  displacement maximum:    3.8891E-02 .  (  1.8000E-03 )
  displacement rms:        6.7927E-03 .  (  1.2000E-03 )
  
  predicted energy change: -2.1673E-04
  step size:     0.10697
  trust radius:  0.30000
---------------- geometry iteration  22 complete ----------------
geopt (optimize geometry) done.
onee (1-electron integrals) done.
probe (project orbitals) done.
grid (grid generation) done.
rwr (Q operators) done.
  
       i  u  d  i  g
       t  p  i  c  r                                 RMS    maximum
       e  d  i  u  i                       energy  density   DIIS  
       r  t  s  t  d       total energy    change  change    error 
  
etot    1  N  N  2  U   -1768.16421969082           2.3E-04  8.4E-03
etot    2  Y  Y  6  M   -1768.17895001435  1.5E-02  4.0E-05  6.1E-04
etot    3  N  Y  2  U   -1768.17872342263 -2.3E-04  3.2E-05  9.7E-04
etot    4  N  Y  2  U   -1768.17892177525  2.0E-04  1.1E-05  3.8E-04
etot    5  N  Y  2  U   -1768.17895182292  3.0E-05  3.2E-06  1.1E-04
etot    6  N  N  2  U   -1768.17895479224  3.0E-06  0.0E+00  0.0E+00
scf (DFT) done.
der1a (1-e 1st deriv.) done.
rwr (1st deriv. Q) done.
der1b (2-e 1st deriv.) done.
  Geometry optimization step  23
  Total energy:     -1768.23403072749 hartrees
  energy change:          -2.3060E-04 .  (  5.0000E-05 )
  gradient maximum:        3.2068E-03 .  (  4.5000E-04 )
  gradient rms:            3.0646E-04 .  (  3.0000E-04 )
  displacement maximum:    5.5859E-02 .  (  1.8000E-03 )
  displacement rms:        8.0068E-03 .  (  1.2000E-03 )
  
  predicted energy change: -7.8339E-05
  step size:     0.12609
  trust radius:  0.30000
---------------- geometry iteration  23 complete ----------------
geopt (optimize geometry) done.
onee (1-electron integrals) done.
probe (project orbitals) done.
grid (grid generation) done.
rwr (Q operators) done.
  
       i  u  d  i  g
       t  p  i  c  r                                 RMS    maximum
       e  d  i  u  i                       energy  density   DIIS  
       r  t  s  t  d       total energy    change  change    error 
  
etot    1  N  N  2  U   -1768.16591527715           2.1E-04  8.2E-03
etot    2  Y  Y  6  M   -1768.17903741975  1.3E-02  2.8E-05  5.5E-04
etot    3  N  Y  2  U   -1768.17896177040 -7.6E-05  2.1E-05  4.1E-04
etot    4  N  Y  2  U   -1768.17903652463  7.5E-05  7.5E-06  2.1E-04
etot    5  N  Y  2  U   -1768.17905649455  2.0E-05  2.0E-06  5.3E-05
etot    6  N  N  2  U   -1768.17905728082  7.9E-07  0.0E+00  0.0E+00
scf (DFT) done.
der1a (1-e 1st deriv.) done.
rwr (1st deriv. Q) done.
der1b (2-e 1st deriv.) done.
  Geometry optimization step  24
  Total energy:     -1768.23419594116 hartrees
  energy change:          -1.6521E-04 .  (  5.0000E-05 )
  gradient maximum:        2.9989E-03 .  (  4.5000E-04 )
  gradient rms:            3.8353E-04 .  (  3.0000E-04 )
  displacement maximum:    2.0933E-02 .  (  1.8000E-03 )
  displacement rms:        2.3184E-03 .  (  1.2000E-03 )
  
  predicted energy change: -5.4731E-05
  step size:     0.03651
  trust radius:  0.30000
---------------- geometry iteration  24 complete ----------------
geopt (optimize geometry) done.
onee (1-electron integrals) done.
probe (project orbitals) done.
grid (grid generation) done.
rwr (Q operators) done.
  
       i  u  d  i  g
       t  p  i  c  r                                 RMS    maximum
       e  d  i  u  i                       energy  density   DIIS  
       r  t  s  t  d       total energy    change  change    error 
  
etot    1  N  N  2  U   -1768.17813329540           6.0E-05  2.3E-03
etot    2  Y  Y  6  M   -1768.17914479714  1.0E-03  1.4E-05  2.0E-04
etot    3  N  Y  2  U   -1768.17909508714 -5.0E-05  1.1E-05  3.9E-04
etot    4  N  Y  2  U   -1768.17913544375  4.0E-05  2.5E-06  1.0E-04
etot    5  N  N  2  U   -1768.17913699488  1.6E-06  0.0E+00  0.0E+00
scf (DFT) done.
der1a (1-e 1st deriv.) done.
rwr (1st deriv. Q) done.
der1b (2-e 1st deriv.) done.
  Geometry optimization step  25
  Total energy:     -1768.23423962785 hartrees
  energy change:          -4.3687E-05 *  (  5.0000E-05 )
  gradient maximum:        9.2861E-04 .  (  4.5000E-04 )
  gradient rms:            1.4717E-04 *  (  3.0000E-04 )
  displacement maximum:    1.2252E-02 .  (  1.8000E-03 )
  displacement rms:        2.2283E-03 .  (  1.2000E-03 )
  
  predicted energy change: -1.3335E-05
  step size:     0.03509
  trust radius:  0.30000
---------------- geometry iteration  25 complete ----------------
geopt (optimize geometry) done.
onee (1-electron integrals) done.
probe (project orbitals) done.
grid (grid generation) done.
rwr (Q operators) done.
  
       i  u  d  i  g
       t  p  i  c  r                                 RMS    maximum
       e  d  i  u  i                       energy  density   DIIS  
       r  t  s  t  d       total energy    change  change    error 
  
etot    1  N  N  2  U   -1768.17838781288           5.0E-05  1.2E-03
etot    2  N  Y  2  U   -1768.17912056330  7.3E-04  1.0E-05  9.3E-05
etot    3  N  Y  2  U   -1768.17910207216 -1.8E-05  8.3E-06  3.0E-04
etot    4  N  Y  2  U   -1768.17912327552  2.1E-05  2.0E-06  6.7E-05
etot    5  N  N  2  U   -1768.17912425303  9.8E-07  0.0E+00  0.0E+00
scf (DFT) done.
der1a (1-e 1st deriv.) done.
rwr (1st deriv. Q) done.
der1b (2-e 1st deriv.) done.
  Geometry optimization step  26
  Total energy:     -1768.23423024127 hartrees
  energy change:           9.3866E-06 *  (  5.0000E-05 )
  gradient maximum:        7.8713E-04 .  (  4.5000E-04 )
  gradient rms:            9.1706E-05 *  (  3.0000E-04 )
  displacement maximum:    8.0680E-03 .  (  1.8000E-03 )
  displacement rms:        1.5347E-03 .  (  1.2000E-03 )
  
  predicted energy change: -6.1272E-06
  step size:     0.02417
  trust radius:  0.30000
---------------- geometry iteration  26 complete ----------------
geopt (optimize geometry) done.
onee (1-electron integrals) done.
probe (project orbitals) done.
grid (grid generation) done.
rwr (Q operators) done.
  
       i  u  d  i  g
       t  p  i  c  r                                 RMS    maximum
       e  d  i  u  i                       energy  density   DIIS  
       r  t  s  t  d       total energy    change  change    error 
  
etot    1  N  N  2  U   -1768.17889063957           3.0E-05  6.4E-04
etot    2  N  Y  2  U   -1768.17915575185  2.7E-04  9.8E-06  9.6E-05
etot    3  N  Y  2  U   -1768.17913756790 -1.8E-05  7.6E-06  2.6E-04
etot    4  N  Y  2  U   -1768.17915842115  2.1E-05  1.6E-06  3.8E-05
etot    5  N  N  2  U   -1768.17915879148  3.7E-07  0.0E+00  0.0E+00
scf (DFT) done.
der1a (1-e 1st deriv.) done.
rwr (1st deriv. Q) done.
der1b (2-e 1st deriv.) done.
  Geometry optimization step  27
  Total energy:     -1768.23426222271 hartrees
  energy change:          -3.1981E-05 *  (  5.0000E-05 )
  gradient maximum:        1.1607E-03 .  (  4.5000E-04 )
  gradient rms:            1.1953E-04 *  (  3.0000E-04 )
  displacement maximum:    5.3953E-03 .  (  1.8000E-03 )
  displacement rms:        9.5500E-04 *  (  1.2000E-03 )
  
  predicted energy change: -3.7167E-06
  step size:     0.01504
  trust radius:  0.30000
---------------- geometry iteration  27 complete ----------------
geopt (optimize geometry) done.
onee (1-electron integrals) done.
probe (project orbitals) done.
grid (grid generation) done.
rwr (Q operators) done.
  
       i  u  d  i  g
       t  p  i  c  r                                 RMS    maximum
       e  d  i  u  i                       energy  density   DIIS  
       r  t  s  t  d       total energy    change  change    error 
  
etot    1  N  N  2  U   -1768.17905221496           2.1E-05  6.6E-04
etot    2  N  Y  2  U   -1768.17916619856  1.1E-04  7.0E-06  6.2E-05
etot    3  N  Y  2  U   -1768.17915533851 -1.1E-05  5.4E-06  2.0E-04
etot    4  N  Y  2  U   -1768.17916760393  1.2E-05  9.6E-07  2.6E-05
etot    5  N  N  2  U   -1768.17916775030  1.5E-07  0.0E+00  0.0E+00
scf (DFT) done.
der1a (1-e 1st deriv.) done.
rwr (1st deriv. Q) done.
der1b (2-e 1st deriv.) done.
  Geometry optimization step  28
  Total energy:     -1768.23426787461 hartrees
  energy change:          -5.6519E-06 *  (  5.0000E-05 )
  gradient maximum:        3.5560E-04 *  (  4.5000E-04 )
  gradient rms:            6.2190E-05 *  (  3.0000E-04 )
  displacement maximum:    7.5379E-03 .  (  1.8000E-03 )
  displacement rms:        1.0750E-03 *  (  1.2000E-03 )
  
  predicted energy change: -2.6859E-06
  step size:     0.01693
  trust radius:  0.30000
---------------- geometry iteration  28 complete ----------------
geopt (optimize geometry) done.
onee (1-electron integrals) done.
probe (project orbitals) done.
grid (grid generation) done.
rwr (Q operators) done.
  
       i  u  d  i  g
       t  p  i  c  r                                 RMS    maximum
       e  d  i  u  i                       energy  density   DIIS  
       r  t  s  t  d       total energy    change  change    error 
  
etot    1  N  N  2  U   -1768.17905557439           2.4E-05  5.0E-04
etot    2  N  Y  2  U   -1768.17921484060  1.6E-04  5.3E-06  5.1E-05
etot    3  N  Y  2  U   -1768.17921005233 -4.8E-06  4.0E-06  1.5E-04
etot    4  N  N  2  U   -1768.17921576092  5.7E-06  0.0E+00  0.0E+00
scf (DFT) done.
der1a (1-e 1st deriv.) done.
rwr (1st deriv. Q) done.
der1b (2-e 1st deriv.) done.
  Geometry optimization step  29
  Total energy:     -1768.23429875830 hartrees
  energy change:          -3.0884E-05 *  (  5.0000E-05 )
  gradient maximum:        7.2430E-04 .  (  4.5000E-04 )
  gradient rms:            7.1345E-05 *  (  3.0000E-04 )
  displacement maximum:    4.0908E-03 .  (  1.8000E-03 )
  displacement rms:        4.3891E-04 *  (  1.2000E-03 )
  
  predicted energy change: -1.1802E-06
  step size:     0.00691
  trust radius:  0.30000
---------------- geometry iteration  29 complete ----------------
geopt (optimize geometry) done.
onee (1-electron integrals) done.
probe (project orbitals) done.
grid (grid generation) done.
rwr (Q operators) done.
  
       i  u  d  i  g
       t  p  i  c  r                                 RMS    maximum
       e  d  i  u  i                       energy  density   DIIS  
       r  t  s  t  d       total energy    change  change    error 
  
etot    1  N  N  2  U   -1768.17919647784           9.7E-06  2.0E-04
etot    2  N  Y  2  U   -1768.17921638040  2.0E-05  8.7E-06  1.1E-04
etot    3  N  Y  2  U   -1768.17920168549 -1.5E-05  6.3E-06  2.7E-04
etot    4  N  Y  2  U   -1768.17921970135  1.8E-05  5.7E-07  2.3E-05
etot    5  N  N  2  U   -1768.17921978090  8.0E-08  0.0E+00  0.0E+00
scf (DFT) done.
der1a (1-e 1st deriv.) done.
rwr (1st deriv. Q) done.
der1b (2-e 1st deriv.) done.
  Geometry optimization step  30
  Total energy:     -1768.23429837441 hartrees
  energy change:           3.8388E-07 #  (  5.0000E-05 )
  gradient maximum:        8.5120E-04 .  (  4.5000E-04 )
  gradient rms:            9.4385E-05 *  (  3.0000E-04 )
  displacement maximum:    1.3688E-02 .  (  1.8000E-03 )
  displacement rms:        1.5503E-03 .  (  1.2000E-03 )
  
  predicted energy change: -5.3443E-06
  step size:     0.02441
  trust radius:  0.30000
---------------- geometry iteration  30 complete ----------------
geopt (optimize geometry) done.
onee (1-electron integrals) done.
probe (project orbitals) done.
grid (grid generation) done.
rwr (Q operators) done.
  
       i  u  d  i  g
       t  p  i  c  r                                 RMS    maximum
       e  d  i  u  i                       energy  density   DIIS  
       r  t  s  t  d       total energy    change  change    error 
  
etot    1  N  N  2  U   -1768.17875378532           3.9E-05  1.0E-03
etot    2  N  Y  2  U   -1768.17919112996  4.4E-04  7.1E-06  9.0E-05
etot    3  N  Y  2  U   -1768.17918386120 -7.3E-06  5.7E-06  1.7E-04
etot    4  N  Y  2  U   -1768.17919246978  8.6E-06  1.8E-06  5.2E-05
etot    5  N  N  2  U   -1768.17919326574  8.0E-07  0.0E+00  0.0E+00
scf (DFT) done.
der1a (1-e 1st deriv.) done.
rwr (1st deriv. Q) done.
der1b (2-e 1st deriv.) done.
  Geometry optimization step  31
  Total energy:     -1768.23426649533 hartrees
  ** restarting optimization from step   30 **
  energy change:           3.1879E-05 *  (  5.0000E-05 )
  gradient maximum:        8.5120E-04 .  (  4.5000E-04 )
  gradient rms:            9.4385E-05 *  (  3.0000E-04 )
  displacement maximum:    9.8450E-03 .  (  1.8000E-03 )
  displacement rms:        8.8340E-04 *  (  1.2000E-03 )
  
  predicted energy change: -2.9128E-06
  step size:     0.01391
  trust radius:  0.30000
---------------- geometry iteration  31 complete ----------------
geopt (optimize geometry) done.
onee (1-electron integrals) done.
probe (project orbitals) done.
grid (grid generation) done.
rwr (Q operators) done.
  
       i  u  d  i  g
       t  p  i  c  r                                 RMS    maximum
       e  d  i  u  i                       energy  density   DIIS  
       r  t  s  t  d       total energy    change  change    error 
  
etot    1  N  N  2  U   -1768.17899421469           2.8E-05  8.8E-04
etot    2  N  Y  2  U   -1768.17921675135  2.2E-04  7.4E-06  7.3E-05
etot    3  N  Y  2  U   -1768.17920813239 -8.6E-06  5.8E-06  1.8E-04
etot    4  N  Y  2  U   -1768.17921851566  1.0E-05  1.5E-06  5.6E-05
etot    5  N  N  2  U   -1768.17921903133  5.2E-07  0.0E+00  0.0E+00
scf (DFT) done.
der1a (1-e 1st deriv.) done.
rwr (1st deriv. Q) done.
der1b (2-e 1st deriv.) done.
  Geometry optimization step  32
  Total energy:     -1768.23430014478 hartrees
  energy change:          -1.7704E-06 #  (  5.0000E-05 )
  gradient maximum:        5.2005E-04 .  (  4.5000E-04 )
  gradient rms:            8.0686E-05 *  (  3.0000E-04 )
  displacement maximum:    6.8260E-03 .  (  1.8000E-03 )
  displacement rms:        1.1215E-03 *  (  1.2000E-03 )
  
  predicted energy change: -3.2951E-06
  step size:     0.01766
  trust radius:  0.30000
---------------- geometry iteration  32 complete ----------------
geopt (optimize geometry) done.
onee (1-electron integrals) done.
probe (project orbitals) done.
grid (grid generation) done.
rwr (Q operators) done.
  
       i  u  d  i  g
       t  p  i  c  r                                 RMS    maximum
       e  d  i  u  i                       energy  density   DIIS  
       r  t  s  t  d       total energy    change  change    error 
  
etot    1  N  N  2  U   -1768.17898054326           2.9E-05  8.5E-04
etot    2  N  Y  2  U   -1768.17921618296  2.4E-04  6.7E-06  6.8E-05
etot    3  N  Y  2  U   -1768.17920819028 -8.0E-06  5.3E-06  1.7E-04
etot    4  N  Y  2  U   -1768.17921738865  9.2E-06  1.3E-06  3.5E-05
etot    5  N  N  2  U   -1768.17921771965  3.3E-07  0.0E+00  0.0E+00
scf (DFT) done.
der1a (1-e 1st deriv.) done.
rwr (1st deriv. Q) done.
der1b (2-e 1st deriv.) done.
  Geometry optimization step  33
  Total energy:     -1768.23428211955 hartrees
  energy change:           1.8025E-05 *  (  5.0000E-05 )
  gradient maximum:        8.3164E-04 .  (  4.5000E-04 )
  gradient rms:            1.0807E-04 *  (  3.0000E-04 )
  displacement maximum:    5.2153E-03 .  (  1.8000E-03 )
  displacement rms:        6.1431E-04 *  (  1.2000E-03 )
  
  predicted energy change: -2.0659E-06
  step size:     0.00967
  trust radius:  0.30000
---------------- geometry iteration  33 complete ----------------
geopt (optimize geometry) done.
onee (1-electron integrals) done.
probe (project orbitals) done.
grid (grid generation) done.
rwr (Q operators) done.
  
       i  u  d  i  g
       t  p  i  c  r                                 RMS    maximum
       e  d  i  u  i                       energy  density   DIIS  
       r  t  s  t  d       total energy    change  change    error 
  
etot    1  N  N  2  U   -1768.17913233727           1.5E-05  2.8E-04
etot    2  N  Y  2  U   -1768.17918282465  5.0E-05  5.8E-06  5.5E-05
etot    3  N  Y  2  U   -1768.17917604241 -6.8E-06  4.5E-06  1.8E-04
etot    4  N  N  2  U   -1768.17918370280  7.7E-06  0.0E+00  0.0E+00
scf (DFT) done.
der1a (1-e 1st deriv.) done.
rwr (1st deriv. Q) done.
der1b (2-e 1st deriv.) done.
  Geometry optimization step  34
  Total energy:     -1768.23426851662 hartrees
  energy change:           1.3603E-05 *  (  5.0000E-05 )
  gradient maximum:        6.1639E-04 .  (  4.5000E-04 )
  gradient rms:            9.1605E-05 *  (  3.0000E-04 )
  displacement maximum:    7.6935E-03 .  (  1.8000E-03 )
  displacement rms:        1.2508E-03 .  (  1.2000E-03 )
  
  predicted energy change: -3.2469E-06
  step size:     0.01970
  trust radius:  0.30000
---------------- geometry iteration  34 complete ----------------
geopt (optimize geometry) done.
onee (1-electron integrals) done.
probe (project orbitals) done.
grid (grid generation) done.
rwr (Q operators) done.
  
       i  u  d  i  g
       t  p  i  c  r                                 RMS    maximum
       e  d  i  u  i                       energy  density   DIIS  
       r  t  s  t  d       total energy    change  change    error 
  
etot    1  N  N  2  U   -1768.17888305061           3.1E-05  1.2E-03
etot    2  N  Y  2  U   -1768.17915849847  2.8E-04  8.8E-06  8.3E-05
etot    3  N  Y  2  U   -1768.17914420728 -1.4E-05  6.9E-06  2.3E-04
etot    4  N  Y  2  U   -1768.17916067488  1.6E-05  1.8E-06  5.2E-05
etot    5  N  N  2  U   -1768.17916118139  5.1E-07  0.0E+00  0.0E+00
scf (DFT) done.
der1a (1-e 1st deriv.) done.
rwr (1st deriv. Q) done.
der1b (2-e 1st deriv.) done.
  Geometry optimization step  35
  Total energy:     -1768.23426132537 hartrees
  energy change:           7.1912E-06 *  (  5.0000E-05 )
  gradient maximum:        6.8097E-04 .  (  4.5000E-04 )
  gradient rms:            8.3670E-05 *  (  3.0000E-04 )
  displacement maximum:    4.1910E-03 .  (  1.8000E-03 )
  displacement rms:        4.7057E-04 *  (  1.2000E-03 )
  
  predicted energy change: -1.5114E-06
  step size:     0.00741
  trust radius:  0.30000
---------------- geometry iteration  35 complete ----------------
geopt (optimize geometry) done.
onee (1-electron integrals) done.
probe (project orbitals) done.
grid (grid generation) done.
rwr (Q operators) done.
  
       i  u  d  i  g
       t  p  i  c  r                                 RMS    maximum
       e  d  i  u  i                       energy  density   DIIS  
       r  t  s  t  d       total energy    change  change    error 
  
etot    1  N  N  2  U   -1768.17910515322           1.4E-05  3.8E-04
etot    2  N  Y  2  U   -1768.17914965717  4.5E-05  6.7E-06  7.2E-05
etot    3  N  Y  2  U   -1768.17914087061 -8.8E-06  5.2E-06  2.1E-04
etot    4  N  Y  2  U   -1768.17915080626  9.9E-06  8.3E-07  2.8E-05
etot    5  N  N  2  U   -1768.17915098458  1.8E-07  0.0E+00  0.0E+00
scf (DFT) done.
der1a (1-e 1st deriv.) done.
rwr (1st deriv. Q) done.
der1b (2-e 1st deriv.) done.
  Geometry optimization step  36
  Total energy:     -1768.23424387758 hartrees
  energy change:           1.7448E-05 *  (  5.0000E-05 )
  gradient maximum:        4.2661E-04 *  (  4.5000E-04 )
  gradient rms:            6.1481E-05 *  (  3.0000E-04 )
  displacement maximum:    4.0753E-03 .  (  1.8000E-03 )
  displacement rms:        7.7412E-04 *  (  1.2000E-03 )
  
  predicted energy change: -2.1692E-06
  step size:     0.01219
  trust radius:  0.30000
---------------- geometry iteration  36 complete ----------------
geopt (optimize geometry) done.
onee (1-electron integrals) done.
probe (project orbitals) done.
grid (grid generation) done.
rwr (Q operators) done.
  
       i  u  d  i  g
       t  p  i  c  r                                 RMS    maximum
       e  d  i  u  i                       energy  density   DIIS  
       r  t  s  t  d       total energy    change  change    error 
  
etot    1  N  N  2  U   -1768.17907398840           2.0E-05  6.0E-04
etot    2  N  Y  2  U   -1768.17917985750  1.1E-04  3.7E-06  4.2E-05
etot    3  N  N  2  U   -1768.17917745648 -2.4E-06  0.0E+00  0.0E+00
scf (DFT) done.
der1a (1-e 1st deriv.) done.
rwr (1st deriv. Q) done.
der1b (2-e 1st deriv.) done.
  Geometry optimization step  37
  Total energy:     -1768.23425074165 hartrees
  energy change:          -6.8641E-06 *  (  5.0000E-05 )
  gradient maximum:        7.8540E-04 .  (  4.5000E-04 )
  gradient rms:            9.9179E-05 *  (  3.0000E-04 )
  displacement maximum:    1.2474E-02 .  (  1.8000E-03 )
  displacement rms:        1.3303E-03 .  (  1.2000E-03 )
  
  predicted energy change: -2.8732E-06
  step size:     0.02095
  trust radius:  0.30000
---------------- geometry iteration  37 complete ----------------
geopt (optimize geometry) done.
onee (1-electron integrals) done.
probe (project orbitals) done.
grid (grid generation) done.
rwr (Q operators) done.
  
       i  u  d  i  g
       t  p  i  c  r                                 RMS    maximum
       e  d  i  u  i                       energy  density   DIIS  
       r  t  s  t  d       total energy    change  change    error 
  
etot    1  N  N  2  U   -1768.17891544981           3.2E-05  9.5E-04
etot    2  N  Y  2  U   -1768.17914203315  2.3E-04  2.9E-05  4.2E-04
etot    3  N  Y  2  U   -1768.17898668231 -1.6E-04  2.1E-05  9.8E-04
etot    4  N  Y  2  U   -1768.17917906129  1.9E-04  2.1E-06  5.3E-05
etot    5  N  Y  2  U   -1768.17918025128  1.2E-06  7.1E-07  2.5E-05
etot    6  N  N  2  U   -1768.17918041416  1.6E-07  0.0E+00  0.0E+00
scf (DFT) done.
der1a (1-e 1st deriv.) done.
rwr (1st deriv. Q) done.
der1b (2-e 1st deriv.) done.
  Geometry optimization step  38
  Total energy:     -1768.23424617287 hartrees
  energy change:           4.5688E-06 *  (  5.0000E-05 )
  gradient maximum:        8.7721E-04 .  (  4.5000E-04 )
  gradient rms:            1.2499E-04 *  (  3.0000E-04 )
  displacement maximum:    1.2396E-02 .  (  1.8000E-03 )
  displacement rms:        1.2848E-03 .  (  1.2000E-03 )
  
  predicted energy change: -5.6142E-06
  step size:     0.02023
  trust radius:  0.30000
---------------- geometry iteration  38 complete ----------------
geopt (optimize geometry) done.
onee (1-electron integrals) done.
probe (project orbitals) done.
grid (grid generation) done.
rwr (Q operators) done.
  
       i  u  d  i  g
       t  p  i  c  r                                 RMS    maximum
       e  d  i  u  i                       energy  density   DIIS  
       r  t  s  t  d       total energy    change  change    error 
  
etot    1  N  N  2  U   -1768.17895944619           2.7E-05  6.3E-04
etot    2  N  Y  2  U   -1768.17915835945  2.0E-04  5.8E-06  5.8E-05
etot    3  N  Y  2  U   -1768.17915241878 -5.9E-06  4.7E-06  1.6E-04
etot    4  N  N  2  U   -1768.17915917952  6.8E-06  0.0E+00  0.0E+00
scf (DFT) done.
der1a (1-e 1st deriv.) done.
rwr (1st deriv. Q) done.
der1b (2-e 1st deriv.) done.
  Geometry optimization step  39
  Total energy:     -1768.23425135332 hartrees
  energy change:          -5.1804E-06 *  (  5.0000E-05 )
  gradient maximum:        5.7946E-04 .  (  4.5000E-04 )
  gradient rms:            9.9193E-05 *  (  3.0000E-04 )
  displacement maximum:    4.2416E-03 .  (  1.8000E-03 )
  displacement rms:        8.7971E-04 *  (  1.2000E-03 )
  
  predicted energy change: -3.2547E-06
  step size:     0.01385
  trust radius:  0.30000
---------------- geometry iteration  39 complete ----------------
geopt (optimize geometry) done.
onee (1-electron integrals) done.
probe (project orbitals) done.
grid (grid generation) done.
rwr (Q operators) done.
  
       i  u  d  i  g
       t  p  i  c  r                                 RMS    maximum
       e  d  i  u  i                       energy  density   DIIS  
       r  t  s  t  d       total energy    change  change    error 
  
etot    1  N  N  2  U   -1768.17907462045           2.0E-05  6.3E-04
etot    2  N  Y  2  U   -1768.17917068014  9.6E-05  1.4E-05  1.5E-04
etot    3  N  Y  2  U   -1768.17913061548 -4.0E-05  1.0E-05  4.3E-04
etot    4  N  Y  2  U   -1768.17917654191  4.6E-05  1.0E-06  3.1E-05
etot    5  N  N  2  U   -1768.17917672377  1.8E-07  0.0E+00  0.0E+00
scf (DFT) done.
der1a (1-e 1st deriv.) done.
rwr (1st deriv. Q) done.
der1b (2-e 1st deriv.) done.
  Geometry optimization step  40
  Total energy:     -1768.23426049768 hartrees
  energy change:          -9.1444E-06 *  (  5.0000E-05 )
  gradient maximum:        4.0751E-04 *  (  4.5000E-04 )
  gradient rms:            6.3650E-05 *  (  3.0000E-04 )
  displacement maximum:    7.5578E-03 .  (  1.8000E-03 )
  displacement rms:        8.2142E-04 *  (  1.2000E-03 )
  
  predicted energy change: -2.2574E-06
  step size:     0.01294
  trust radius:  0.30000
---------------- geometry iteration  40 complete ----------------
geopt (optimize geometry) done.
onee (1-electron integrals) done.
probe (project orbitals) done.
grid (grid generation) done.
rwr (Q operators) done.
  
       i  u  d  i  g
       t  p  i  c  r                                 RMS    maximum
       e  d  i  u  i                       energy  density   DIIS  
       r  t  s  t  d       total energy    change  change    error 
  
etot    1  N  N  2  U   -1768.17906590063           2.4E-05  5.9E-04
etot    2  N  Y  2  U   -1768.17921335969  1.5E-04  5.3E-06  7.1E-05
etot    3  N  Y  2  U   -1768.17920775442 -5.6E-06  4.1E-06  1.9E-04
etot    4  N  N  2  U   -1768.17921449814  6.7E-06  0.0E+00  0.0E+00
scf (DFT) done.
der1a (1-e 1st deriv.) done.
rwr (1st deriv. Q) done.
der1b (2-e 1st deriv.) done.
  Geometry optimization step  41
  Total energy:     -1768.23427753799 hartrees
  energy change:          -1.7040E-05 *  (  5.0000E-05 )
  gradient maximum:        4.0009E-04 *  (  4.5000E-04 )
  gradient rms:            7.8718E-05 *  (  3.0000E-04 )
  displacement maximum:    9.5809E-03 .  (  1.8000E-03 )
  displacement rms:        1.5263E-03 .  (  1.2000E-03 )
  
  predicted energy change: -2.9312E-06
  step size:     0.02404
  trust radius:  0.30000
---------------- geometry iteration  41 complete ----------------
geopt (optimize geometry) done.
onee (1-electron integrals) done.
probe (project orbitals) done.
grid (grid generation) done.
rwr (Q operators) done.
  
       i  u  d  i  g
       t  p  i  c  r                                 RMS    maximum
       e  d  i  u  i                       energy  density   DIIS  
       r  t  s  t  d       total energy    change  change    error 
  
etot    1  N  N  2  U   -1768.17896850698           2.7E-05  6.5E-04
etot    2  N  Y  2  U   -1768.17919402539  2.3E-04  1.1E-05  1.1E-04
etot    3  N  Y  2  U   -1768.17917171826 -2.2E-05  7.8E-06  3.0E-04
etot    4  N  Y  2  U   -1768.17919781283  2.6E-05  1.1E-06  3.0E-05
etot    5  N  N  2  U   -1768.17919793453  1.2E-07  0.0E+00  0.0E+00
scf (DFT) done.
der1a (1-e 1st deriv.) done.
rwr (1st deriv. Q) done.
der1b (2-e 1st deriv.) done.
  Geometry optimization step  42
  Total energy:     -1768.23427286490 hartrees
  energy change:           4.6731E-06 *  (  5.0000E-05 )
  gradient maximum:        5.5462E-04 .  (  4.5000E-04 )
  gradient rms:            9.9115E-05 *  (  3.0000E-04 )
  displacement maximum:    3.5086E-02 .  (  1.8000E-03 )
  displacement rms:        2.9171E-03 .  (  1.2000E-03 )
  
  predicted energy change: -5.5927E-06
  step size:     0.04594
  trust radius:  0.30000
---------------- geometry iteration  42 complete ----------------
geopt (optimize geometry) done.
onee (1-electron integrals) done.
probe (project orbitals) done.
grid (grid generation) done.
rwr (Q operators) done.
  
       i  u  d  i  g
       t  p  i  c  r                                 RMS    maximum
       e  d  i  u  i                       energy  density   DIIS  
       r  t  s  t  d       total energy    change  change    error 
  
etot    1  N  N  2  U   -1768.17863145572           4.2E-05  1.5E-03
etot    2  N  Y  2  U   -1768.17914839969  5.2E-04  1.0E-05  8.7E-05
etot    3  N  Y  2  U   -1768.17912793851 -2.0E-05  8.1E-06  2.8E-04
etot    4  N  Y  2  U   -1768.17915160142  2.4E-05  2.0E-06  5.6E-05
etot    5  N  N  2  U   -1768.17915229725  7.0E-07  0.0E+00  0.0E+00
scf (DFT) done.
der1a (1-e 1st deriv.) done.
rwr (1st deriv. Q) done.
der1b (2-e 1st deriv.) done.
  Geometry optimization step  43
  Total energy:     -1768.23422077162 hartrees
  ** restarting optimization from step   42 **
  energy change:           5.2093E-05 .  (  5.0000E-05 )
  gradient maximum:        5.5462E-04 .  (  4.5000E-04 )
  gradient rms:            9.9115E-05 *  (  3.0000E-04 )
  displacement maximum:    2.4974E-02 .  (  1.8000E-03 )
  displacement rms:        1.9135E-03 .  (  1.2000E-03 )
  
  predicted energy change: -4.6608E-06
  step size:     0.03013
  trust radius:  0.30000
---------------- geometry iteration  43 complete ----------------
geopt (optimize geometry) done.
onee (1-electron integrals) done.
probe (project orbitals) done.
grid (grid generation) done.
rwr (Q operators) done.
  
       i  u  d  i  g
       t  p  i  c  r                                 RMS    maximum
       e  d  i  u  i                       energy  density   DIIS  
       r  t  s  t  d       total energy    change  change    error 
  
etot    1  N  N  2  U   -1768.17899365975           2.6E-05  7.9E-04
etot    2  N  Y  2  U   -1768.17917219475  1.8E-04  1.1E-05  1.1E-04
etot    3  N  Y  2  U   -1768.17914536895 -2.7E-05  8.8E-06  3.3E-04
etot    4  N  Y  2  U   -1768.17917625215  3.1E-05  1.5E-06  5.6E-05
etot    5  N  N  2  U   -1768.17917681589  5.6E-07  0.0E+00  0.0E+00
scf (DFT) done.
der1a (1-e 1st deriv.) done.
rwr (1st deriv. Q) done.
der1b (2-e 1st deriv.) done.
  Geometry optimization step  44
  Total energy:     -1768.23425631798 hartrees
  energy change:           1.6547E-05 *  (  5.0000E-05 )
  gradient maximum:        3.2545E-04 *  (  4.5000E-04 )
  gradient rms:            5.1034E-05 #  (  3.0000E-04 )
  displacement maximum:    8.2857E-03 .  (  1.8000E-03 )
  displacement rms:        7.3049E-04 *  (  1.2000E-03 )
  
  predicted energy change: -1.1901E-06
  step size:     0.01150
  trust radius:  0.30000
------------- final geometry iteration  44 complete -------------
geopt (optimize geometry) done.
cutabab2 (abab integrals) done.
der2a (1-e JK-1st deriv.) done.
der2b (2-e JK-1st deriv.) done.
der2nda (1-e 2nd deriv.) done.
der2ndb (2-e 2nd deriv.) done.
rwr (Q operators) done.
cphfa (gradient of wave function) done.
freq (vib. frequencies) done.
Job J1_10192_2111 completed on hpc-90-16.cm.cluster at Wed May 29 14:41:21 2024
Timer (jaguar_backend.py) : 5490.35 secs (1 hrs, 31 mins, 30 secs)
Finished:   Wed May 29 14:41:21 2024
