Command:  /groups/wag/programs/Schrodinger_2020_3/jaguar run -WAIT -PARALLEL 8 /central/home/labounad/wittig-ch121/out/J1_2797_2111/J1_2797_2111.in
Release:  2020-3
Exec:     /groups/wag/programs/Schrodinger_2020_3/jaguar-v10.9/bin/Linux-x86_64
Host:     hpc-89-06.cm.cluster
JobId:    hpc-89-06-0-6656fb4b
JobDir:   /central/scratch/labounad/J1_2797_2111#hpc-89-06-0-6656fb4b
Date:     Wed May 29 02:54:21 2024

Contents of /central/scratch/labounad/J1_2797_2111#hpc-89-06-0-6656fb4b:
/central/scratch/labounad/J1_2797_2111#hpc-89-06-0-6656fb4b/.write_dir.json
/central/scratch/labounad/J1_2797_2111#hpc-89-06-0-6656fb4b/hpc-89-06-0-6656fb4b
/central/scratch/labounad/J1_2797_2111#hpc-89-06-0-6656fb4b/J1_2797_2111.log
/central/scratch/labounad/J1_2797_2111#hpc-89-06-0-6656fb4b/hpc-89-06-0-6656fb4b.nodes
/central/scratch/labounad/J1_2797_2111#hpc-89-06-0-6656fb4b/J1_2797_2111.recover
/central/scratch/labounad/J1_2797_2111#hpc-89-06-0-6656fb4b/hpc-89-06-0-6656fb4b.mpinodes
/central/scratch/labounad/J1_2797_2111#hpc-89-06-0-6656fb4b/J1_2797_2111.in
/central/scratch/labounad/J1_2797_2111#hpc-89-06-0-6656fb4b/hpc-89-06-0-6656fb4b.recover

Executing subprocess:
/groups/wag/programs/Schrodinger_2020_3/jaguar-v10.9/bin/Linux-x86_64/jexec J1_2797_2111.in -T 8 -out /central/scratch/labounad/J1_2797_2111#hpc-89-06-0-6656fb4b -cwd

Job J1_2797_2111 started on hpc-89-06.cm.cluster at Wed May 29 02:54:21 2024
jobid: hpc-89-06-0-6656fb4b 
Jaguar version 10.9, release 139
 Using up to   8 threads per process
Molecular Point Group: C1      
Point Group used: C1
pre (input checking) done.
onee (1-electron integrals) done.
hfig (HF initial guess) done.
probe (project orbitals) done.
grid (grid generation) done.
rwr (Q operators) done.
scf type: DFT=PBE(X+LC)+PW91 (PBE-D3)
  
       i  u  d  i  g
       t  p  i  c  r                                 RMS    maximum
       e  d  i  u  i                       energy  density   DIIS  
       r  t  s  t  d       total energy    change  change    error 
  
etot    1  N  N  5  M   -1107.63128380258           6.6E-03  1.7E-01
etot    2  Y  Y  6  M   -1109.62047442305  2.0E+00  4.9E-03  1.3E-01
etot    3  Y  Y  6  M   -1110.53101551716  9.1E-01  2.6E-03  1.1E-01
etot    4  N  Y  2  U   -1111.01919801486  4.9E-01  1.4E-03  6.5E-02
etot    5  Y  Y  6  M   -1111.21765012027  2.0E-01  6.5E-04  2.3E-02
etot    6  N  Y  2  U   -1111.24572599266  2.8E-02  3.8E-04  8.9E-03
etot    7  Y  Y  6  M   -1111.24923000830  3.5E-03  1.7E-04  2.4E-03
etot    8  Y  Y  6  M   -1111.25115446368  1.9E-03  6.8E-05  1.5E-03
etot    9  N  Y  2  U   -1111.25199510691  8.4E-04  1.6E-05  2.9E-04
etot   10  N  Y  2  U   -1111.25201153766  1.6E-05  5.1E-06  8.9E-05
etot   11  N  Y  2  U   -1111.25201351602  2.0E-06  2.1E-06  2.6E-05
etot   12  N  N  2  U   -1111.25201364496  1.3E-07  0.0E+00  0.0E+00
scf (DFT) done.
der1a (1-e 1st deriv.) done.
rwr (1st deriv. Q) done.
der1b (2-e 1st deriv.) done.
  Geometry optimization step   1
  Total energy:     -1111.28602143589 hartrees
  gradient maximum:        2.9373E-02 .  (  4.5000E-04 )
  gradient rms:            9.2493E-03 .  (  3.0000E-04 )
  displacement maximum:    6.8977E-02 .  (  1.8000E-03 )
  displacement rms:        2.4335E-02 .  (  1.2000E-03 )
  
  predicted energy change: -1.9856E-02
  step size:     0.30002
  trust radius:  0.30000
---------------- geometry iteration   1 complete ----------------
geopt (optimize geometry) done.
onee (1-electron integrals) done.
probe (project orbitals) done.
grid (grid generation) done.
rwr (Q operators) done.
  
       i  u  d  i  g
       t  p  i  c  r                                 RMS    maximum
       e  d  i  u  i                       energy  density   DIIS  
       r  t  s  t  d       total energy    change  change    error 
  
etot    1  N  N  2  U   -1111.25671149546           4.1E-04  3.9E-03
etot    2  Y  Y  6  M   -1111.26872446205  1.2E-02  1.5E-04  2.5E-03
etot    3  N  Y  2  U   -1111.26787769367 -8.5E-04  1.0E-04  4.7E-03
etot    4  Y  Y  6  M   -1111.26932913054  1.5E-03  3.3E-05  1.9E-03
etot    5  N  Y  2  U   -1111.26954966154  2.2E-04  9.7E-06  3.4E-04
etot    6  N  Y  2  U   -1111.26955910554  9.4E-06  3.2E-06  8.6E-05
etot    7  N  N  2  U   -1111.26956022742  1.1E-06  0.0E+00  0.0E+00
scf (DFT) done.
der1a (1-e 1st deriv.) done.
rwr (1st deriv. Q) done.
der1b (2-e 1st deriv.) done.
  Geometry optimization step   2
  Total energy:     -1111.30317462674 hartrees
  energy change:          -1.7153E-02 .  (  5.0000E-05 )
  gradient maximum:        7.4159E-03 .  (  4.5000E-04 )
  gradient rms:            2.5461E-03 .  (  3.0000E-04 )
  displacement maximum:    1.0436E-01 .  (  1.8000E-03 )
  displacement rms:        2.4336E-02 .  (  1.2000E-03 )
  
  predicted energy change: -3.9088E-03
  step size:     0.30003
  trust radius:  0.30000
---------------- geometry iteration   2 complete ----------------
geopt (optimize geometry) done.
onee (1-electron integrals) done.
probe (project orbitals) done.
grid (grid generation) done.
rwr (Q operators) done.
  
       i  u  d  i  g
       t  p  i  c  r                                 RMS    maximum
       e  d  i  u  i                       energy  density   DIIS  
       r  t  s  t  d       total energy    change  change    error 
  
etot    1  N  N  2  U   -1111.23789273972           6.0E-04  1.3E-02
etot    2  Y  Y  6  M   -1111.27270720317  3.5E-02  1.0E-04  3.3E-03
etot    3  N  Y  2  U   -1111.27275120020  4.4E-05  6.8E-05  1.9E-03
etot    4  Y  Y  6  M   -1111.27308202746  3.3E-04  2.8E-05  1.1E-03
etot    5  N  Y  2  U   -1111.27319907719  1.2E-04  8.2E-06  4.9E-04
etot    6  N  Y  2  U   -1111.27321186289  1.3E-05  2.9E-06  8.1E-05
etot    7  N  N  2  U   -1111.27321234143  4.8E-07  0.0E+00  0.0E+00
scf (DFT) done.
der1a (1-e 1st deriv.) done.
rwr (1st deriv. Q) done.
der1b (2-e 1st deriv.) done.
  Geometry optimization step   3
  Total energy:     -1111.30718974388 hartrees
  energy change:          -4.0151E-03 .  (  5.0000E-05 )
  gradient maximum:        6.9944E-03 .  (  4.5000E-04 )
  gradient rms:            1.4739E-03 .  (  3.0000E-04 )
  displacement maximum:    1.2317E-01 .  (  1.8000E-03 )
  displacement rms:        2.4358E-02 .  (  1.2000E-03 )
  
  predicted energy change: -2.3689E-03
  step size:     0.30031
  trust radius:  0.30000
---------------- geometry iteration   3 complete ----------------
geopt (optimize geometry) done.
onee (1-electron integrals) done.
probe (project orbitals) done.
grid (grid generation) done.
rwr (Q operators) done.
  
       i  u  d  i  g
       t  p  i  c  r                                 RMS    maximum
       e  d  i  u  i                       energy  density   DIIS  
       r  t  s  t  d       total energy    change  change    error 
  
etot    1  N  N  2  U   -1111.23752756901           6.3E-04  1.2E-02
etot    2  Y  Y  6  M   -1111.27480268069  3.7E-02  1.4E-04  2.9E-03
etot    3  N  Y  2  U   -1111.27390623706 -9.0E-04  1.0E-04  4.8E-03
etot    4  Y  Y  6  M   -1111.27529896708  1.4E-03  3.3E-05  1.8E-03
etot    5  N  Y  2  U   -1111.27546217952  1.6E-04  1.1E-05  4.3E-04
etot    6  N  Y  2  U   -1111.27548428963  2.2E-05  3.3E-06  4.9E-05
etot    7  N  N  2  U   -1111.27548456570  2.8E-07  0.0E+00  0.0E+00
scf (DFT) done.
der1a (1-e 1st deriv.) done.
rwr (1st deriv. Q) done.
der1b (2-e 1st deriv.) done.
  Geometry optimization step   4
  Total energy:     -1111.30964082639 hartrees
  energy change:          -2.4511E-03 .  (  5.0000E-05 )
  gradient maximum:        4.7491E-03 .  (  4.5000E-04 )
  gradient rms:            1.1408E-03 .  (  3.0000E-04 )
  displacement maximum:    1.5319E-01 .  (  1.8000E-03 )
  displacement rms:        2.4333E-02 .  (  1.2000E-03 )
  
  predicted energy change: -1.9004E-03
  step size:     0.30000
  trust radius:  0.30000
---------------- geometry iteration   4 complete ----------------
geopt (optimize geometry) done.
onee (1-electron integrals) done.
probe (project orbitals) done.
grid (grid generation) done.
rwr (Q operators) done.
  
       i  u  d  i  g
       t  p  i  c  r                                 RMS    maximum
       e  d  i  u  i                       energy  density   DIIS  
       r  t  s  t  d       total energy    change  change    error 
  
etot    1  N  N  2  U   -1111.22704212508           7.1E-04  1.6E-02
etot    2  Y  Y  6  M   -1111.27602756247  4.9E-02  1.6E-04  4.2E-03
etot    3  N  Y  2  U   -1111.27460776985 -1.4E-03  1.2E-04  7.7E-03
etot    4  Y  Y  6  M   -1111.27660721203  2.0E-03  3.7E-05  2.5E-03
etot    5  N  Y  2  U   -1111.27681747521  2.1E-04  1.4E-05  7.0E-04
etot    6  N  Y  2  U   -1111.27684921515  3.2E-05  3.5E-06  6.5E-05
etot    7  N  N  2  U   -1111.27684960248  3.9E-07  0.0E+00  0.0E+00
scf (DFT) done.
der1a (1-e 1st deriv.) done.
rwr (1st deriv. Q) done.
der1b (2-e 1st deriv.) done.
  Geometry optimization step   5
  Total energy:     -1111.31123302439 hartrees
  energy change:          -1.5922E-03 .  (  5.0000E-05 )
  gradient maximum:        3.7010E-03 .  (  4.5000E-04 )
  gradient rms:            9.0328E-04 .  (  3.0000E-04 )
  displacement maximum:    1.0877E-01 .  (  1.8000E-03 )
  displacement rms:        2.4364E-02 .  (  1.2000E-03 )
  
  predicted energy change: -9.6136E-04
  step size:     0.30038
  trust radius:  0.30000
---------------- geometry iteration   5 complete ----------------
geopt (optimize geometry) done.
onee (1-electron integrals) done.
probe (project orbitals) done.
grid (grid generation) done.
rwr (Q operators) done.
  
       i  u  d  i  g
       t  p  i  c  r                                 RMS    maximum
       e  d  i  u  i                       energy  density   DIIS  
       r  t  s  t  d       total energy    change  change    error 
  
etot    1  N  N  2  U   -1111.25654013403           4.9E-04  6.0E-03
etot    2  Y  Y  6  M   -1111.27745261692  2.1E-02  1.0E-04  1.1E-03
etot    3  N  Y  2  U   -1111.27706176180 -3.9E-04  7.1E-05  2.7E-03
etot    4  Y  Y  6  M   -1111.27762764941  5.7E-04  2.1E-05  1.1E-03
etot    5  N  Y  2  U   -1111.27768380560  5.6E-05  8.4E-06  4.8E-04
etot    6  N  Y  2  U   -1111.27769749268  1.4E-05  2.7E-06  5.0E-05
etot    7  N  N  2  U   -1111.27769776941  2.8E-07  0.0E+00  0.0E+00
scf (DFT) done.
der1a (1-e 1st deriv.) done.
rwr (1st deriv. Q) done.
der1b (2-e 1st deriv.) done.
  Geometry optimization step   6
  Total energy:     -1111.31210610360 hartrees
  energy change:          -8.7308E-04 .  (  5.0000E-05 )
  gradient maximum:        5.1839E-03 .  (  4.5000E-04 )
  gradient rms:            9.9107E-04 .  (  3.0000E-04 )
  displacement maximum:    1.2721E-01 .  (  1.8000E-03 )
  displacement rms:        2.2804E-02 .  (  1.2000E-03 )
  
  predicted energy change: -6.3188E-04
  step size:     0.28115
  trust radius:  0.30000
---------------- geometry iteration   6 complete ----------------
geopt (optimize geometry) done.
onee (1-electron integrals) done.
probe (project orbitals) done.
grid (grid generation) done.
rwr (Q operators) done.
  
       i  u  d  i  g
       t  p  i  c  r                                 RMS    maximum
       e  d  i  u  i                       energy  density   DIIS  
       r  t  s  t  d       total energy    change  change    error 
  
etot    1  N  N  2  U   -1111.25689000223           5.0E-04  7.9E-03
etot    2  Y  Y  6  M   -1111.27799830213  2.1E-02  1.0E-04  2.2E-03
etot    3  N  Y  2  U   -1111.27756871399 -4.3E-04  7.7E-05  4.0E-03
etot    4  Y  Y  6  M   -1111.27829027138  7.2E-04  2.4E-05  1.4E-03
etot    5  N  Y  2  U   -1111.27839615196  1.1E-04  8.8E-06  2.6E-04
etot    6  N  Y  2  U   -1111.27840607437  9.9E-06  2.3E-06  3.6E-05
etot    7  N  N  2  U   -1111.27840629159  2.2E-07  0.0E+00  0.0E+00
scf (DFT) done.
der1a (1-e 1st deriv.) done.
rwr (1st deriv. Q) done.
der1b (2-e 1st deriv.) done.
  Geometry optimization step   7
  Total energy:     -1111.31262544220 hartrees
  energy change:          -5.1934E-04 .  (  5.0000E-05 )
  gradient maximum:        4.5614E-03 .  (  4.5000E-04 )
  gradient rms:            9.3128E-04 .  (  3.0000E-04 )
  displacement maximum:    1.7716E-01 .  (  1.8000E-03 )
  displacement rms:        2.0942E-02 .  (  1.2000E-03 )
  
  predicted energy change: -4.5779E-04
  step size:     0.25819
  trust radius:  0.30000
---------------- geometry iteration   7 complete ----------------
geopt (optimize geometry) done.
onee (1-electron integrals) done.
probe (project orbitals) done.
grid (grid generation) done.
rwr (Q operators) done.
  
       i  u  d  i  g
       t  p  i  c  r                                 RMS    maximum
       e  d  i  u  i                       energy  density   DIIS  
       r  t  s  t  d       total energy    change  change    error 
  
etot    1  N  N  2  U   -1111.26218867330           4.6E-04  1.2E-02
etot    2  Y  Y  6  M   -1111.27846149695  1.6E-02  1.1E-04  2.9E-03
etot    3  N  Y  2  U   -1111.27764954057 -8.1E-04  8.5E-05  6.9E-03
etot    4  Y  Y  6  M   -1111.27876281650  1.1E-03  2.2E-05  1.7E-03
etot    5  N  Y  2  U   -1111.27886040325  9.8E-05  6.8E-06  1.6E-04
etot    6  N  Y  2  U   -1111.27886538328  5.0E-06  1.7E-06  4.1E-05
etot    7  N  N  2  U   -1111.27886544468  6.1E-08  0.0E+00  0.0E+00
scf (DFT) done.
der1a (1-e 1st deriv.) done.
rwr (1st deriv. Q) done.
der1b (2-e 1st deriv.) done.
  Geometry optimization step   8
  Total energy:     -1111.31308683209 hartrees
  energy change:          -4.6139E-04 .  (  5.0000E-05 )
  gradient maximum:        2.0504E-03 .  (  4.5000E-04 )
  gradient rms:            6.7956E-04 .  (  3.0000E-04 )
  displacement maximum:    2.0806E-01 .  (  1.8000E-03 )
  displacement rms:        2.3034E-02 .  (  1.2000E-03 )
  
  predicted energy change: -4.1175E-04
  step size:     0.28399
  trust radius:  0.30000
---------------- geometry iteration   8 complete ----------------
geopt (optimize geometry) done.
onee (1-electron integrals) done.
probe (project orbitals) done.
grid (grid generation) done.
rwr (Q operators) done.
  
       i  u  d  i  g
       t  p  i  c  r                                 RMS    maximum
       e  d  i  u  i                       energy  density   DIIS  
       r  t  s  t  d       total energy    change  change    error 
  
etot    1  N  N  2  U   -1111.25573622575           5.3E-04  1.2E-02
etot    2  Y  Y  6  M   -1111.27863371101  2.3E-02  1.4E-04  3.3E-03
etot    3  N  Y  2  U   -1111.27749280825 -1.1E-03  1.0E-04  9.1E-03
etot    4  Y  Y  6  M   -1111.27906455892  1.6E-03  2.9E-05  2.3E-03
etot    5  N  Y  2  U   -1111.27921558176  1.5E-04  9.5E-06  2.8E-04
etot    6  N  Y  2  U   -1111.27922552782  9.9E-06  2.0E-06  3.2E-05
etot    7  N  N  2  U   -1111.27922572825  2.0E-07  0.0E+00  0.0E+00
scf (DFT) done.
der1a (1-e 1st deriv.) done.
rwr (1st deriv. Q) done.
der1b (2-e 1st deriv.) done.
  Geometry optimization step   9
  Total energy:     -1111.31338032871 hartrees
  energy change:          -2.9350E-04 .  (  5.0000E-05 )
  gradient maximum:        2.7525E-03 .  (  4.5000E-04 )
  gradient rms:            5.9711E-04 .  (  3.0000E-04 )
  displacement maximum:    5.8363E-02 .  (  1.8000E-03 )
  displacement rms:        7.2750E-03 .  (  1.2000E-03 )
  
  predicted energy change: -1.6300E-04
  step size:     0.08969
  trust radius:  0.30000
---------------- geometry iteration   9 complete ----------------
geopt (optimize geometry) done.
onee (1-electron integrals) done.
probe (project orbitals) done.
grid (grid generation) done.
rwr (Q operators) done.
  
       i  u  d  i  g
       t  p  i  c  r                                 RMS    maximum
       e  d  i  u  i                       energy  density   DIIS  
       r  t  s  t  d       total energy    change  change    error 
  
etot    1  N  N  2  U   -1111.27597601329           1.9E-04  2.7E-03
etot    2  Y  Y  6  M   -1111.27940484313  3.4E-03  4.4E-05  8.8E-04
etot    3  N  Y  2  U   -1111.27928749372 -1.2E-04  3.3E-05  2.3E-03
etot    4  N  Y  2  U   -1111.27941670962  1.3E-04  9.1E-06  6.8E-04
etot    5  N  Y  2  U   -1111.27942792975  1.1E-05  3.5E-06  1.5E-04
etot    6  N  N  2  U   -1111.27942979838  1.9E-06  0.0E+00  0.0E+00
scf (DFT) done.
der1a (1-e 1st deriv.) done.
rwr (1st deriv. Q) done.
der1b (2-e 1st deriv.) done.
  Geometry optimization step  10
  Total energy:     -1111.31358323864 hartrees
  energy change:          -2.0291E-04 .  (  5.0000E-05 )
  gradient maximum:        9.0423E-04 .  (  4.5000E-04 )
  gradient rms:            2.8463E-04 *  (  3.0000E-04 )
  displacement maximum:    2.1938E-02 .  (  1.8000E-03 )
  displacement rms:        4.3868E-03 .  (  1.2000E-03 )
  
  predicted energy change: -4.2220E-05
  step size:     0.05408
  trust radius:  0.30000
---------------- geometry iteration  10 complete ----------------
geopt (optimize geometry) done.
onee (1-electron integrals) done.
probe (project orbitals) done.
grid (grid generation) done.
rwr (Q operators) done.
  
       i  u  d  i  g
       t  p  i  c  r                                 RMS    maximum
       e  d  i  u  i                       energy  density   DIIS  
       r  t  s  t  d       total energy    change  change    error 
  
etot    1  N  N  2  U   -1111.27856607915           9.8E-05  1.3E-03
etot    2  Y  Y  6  M   -1111.27943595398  8.7E-04  1.5E-05  3.1E-04
etot    3  N  Y  2  U   -1111.27944067427  4.7E-06  1.1E-05  2.0E-04
etot    4  N  Y  2  U   -1111.27944667040  6.0E-06  4.0E-06  1.6E-04
etot    5  N  N  2  U   -1111.27944901793  2.3E-06  0.0E+00  0.0E+00
scf (DFT) done.
der1a (1-e 1st deriv.) done.
rwr (1st deriv. Q) done.
der1b (2-e 1st deriv.) done.
  Geometry optimization step  11
  Total energy:     -1111.31362554529 hartrees
  energy change:          -4.2307E-05 *  (  5.0000E-05 )
  gradient maximum:        5.3813E-04 .  (  4.5000E-04 )
  gradient rms:            1.4397E-04 *  (  3.0000E-04 )
  displacement maximum:    5.7315E-03 .  (  1.8000E-03 )
  displacement rms:        1.5726E-03 .  (  1.2000E-03 )
  
  predicted energy change: -7.4156E-06
  step size:     0.01939
  trust radius:  0.30000
---------------- geometry iteration  11 complete ----------------
geopt (optimize geometry) done.
onee (1-electron integrals) done.
probe (project orbitals) done.
grid (grid generation) done.
rwr (Q operators) done.
  
       i  u  d  i  g
       t  p  i  c  r                                 RMS    maximum
       e  d  i  u  i                       energy  density   DIIS  
       r  t  s  t  d       total energy    change  change    error 
  
etot    1  N  N  2  U   -1111.27926995004           4.2E-05  9.3E-04
etot    2  N  Y  2  U   -1111.27945720984  1.9E-04  9.5E-06  2.3E-04
etot    3  N  Y  2  U   -1111.27945370718 -3.5E-06  7.4E-06  3.7E-04
etot    4  N  Y  2  U   -1111.27945888566  5.2E-06  2.4E-06  1.9E-04
etot    5  N  N  2  U   -1111.27945982125  9.4E-07  0.0E+00  0.0E+00
scf (DFT) done.
der1a (1-e 1st deriv.) done.
rwr (1st deriv. Q) done.
der1b (2-e 1st deriv.) done.
  Geometry optimization step  12
  Total energy:     -1111.31364057469 hartrees
  energy change:          -1.5029E-05 *  (  5.0000E-05 )
  gradient maximum:        1.8360E-04 *  (  4.5000E-04 )
  gradient rms:            6.1807E-05 *  (  3.0000E-04 )
  displacement maximum:    3.8381E-03 .  (  1.8000E-03 )
  displacement rms:        8.1949E-04 *  (  1.2000E-03 )
  
  predicted energy change: -1.6056E-06
  step size:     0.01010
  trust radius:  0.30000
---------------- geometry iteration  12 complete ----------------
geopt (optimize geometry) done.
onee (1-electron integrals) done.
probe (project orbitals) done.
grid (grid generation) done.
rwr (Q operators) done.
  
       i  u  d  i  g
       t  p  i  c  r                                 RMS    maximum
       e  d  i  u  i                       energy  density   DIIS  
       r  t  s  t  d       total energy    change  change    error 
  
etot    1  N  N  2  U   -1111.27941977265           1.9E-05  3.6E-04
etot    2  N  Y  2  U   -1111.27945342440  3.4E-05  6.5E-06  8.5E-05
etot    3  N  Y  2  U   -1111.27945105351 -2.4E-06  4.6E-06  2.3E-04
etot    4  N  N  2  U   -1111.27945413020  3.1E-06  0.0E+00  0.0E+00
scf (DFT) done.
der1a (1-e 1st deriv.) done.
rwr (1st deriv. Q) done.
der1b (2-e 1st deriv.) done.
  Geometry optimization step  13
  Total energy:     -1111.31363623595 hartrees
  energy change:           4.3387E-06 *  (  5.0000E-05 )
  gradient maximum:        1.0584E-04 *  (  4.5000E-04 )
  gradient rms:            2.8371E-05 #  (  3.0000E-04 )
  displacement maximum:    1.2984E-03 *  (  1.8000E-03 )
  displacement rms:        3.7717E-04 *  (  1.2000E-03 )
  
  predicted energy change: -3.8493E-07
  step size:     0.00465
  trust radius:  0.30000
------------- final geometry iteration  13 complete -------------
geopt (optimize geometry) done.
cutabab2 (abab integrals) done.
der2a (1-e JK-1st deriv.) done.
der2b (2-e JK-1st deriv.) done.
der2nda (1-e 2nd deriv.) done.
der2ndb (2-e 2nd deriv.) done.
rwr (Q operators) done.
cphfa (gradient of wave function) done.
freq (vib. frequencies) done.
Job J1_2797_2111 completed on hpc-89-06.cm.cluster at Wed May 29 03:15:39 2024
Timer (jaguar_backend.py) : 1277.92 secs (0 hrs, 21 mins, 17 secs)
Finished:   Wed May 29 03:15:39 2024
