Command:  /groups/wag/programs/Schrodinger_2020_3/jaguar run -WAIT -PARALLEL 8 /central/home/labounad/wittig-ch121/out/J1_10201_2111/J1_10201_2111.in
Release:  2020-3
Exec:     /groups/wag/programs/Schrodinger_2020_3/jaguar-v10.9/bin/Linux-x86_64
Host:     hpc-90-16.cm.cluster
JobId:    hpc-90-16-0-66572f88
JobDir:   /central/scratch/labounad/J1_10201_2111#hpc-90-16-0-66572f88
Date:     Wed May 29 06:37:14 2024

Contents of /central/scratch/labounad/J1_10201_2111#hpc-90-16-0-66572f88:
/central/scratch/labounad/J1_10201_2111#hpc-90-16-0-66572f88/.write_dir.json
/central/scratch/labounad/J1_10201_2111#hpc-90-16-0-66572f88/hpc-90-16-0-66572f88.recover
/central/scratch/labounad/J1_10201_2111#hpc-90-16-0-66572f88/hpc-90-16-0-66572f88
/central/scratch/labounad/J1_10201_2111#hpc-90-16-0-66572f88/hpc-90-16-0-66572f88.nodes
/central/scratch/labounad/J1_10201_2111#hpc-90-16-0-66572f88/J1_10201_2111.log
/central/scratch/labounad/J1_10201_2111#hpc-90-16-0-66572f88/hpc-90-16-0-66572f88.mpinodes
/central/scratch/labounad/J1_10201_2111#hpc-90-16-0-66572f88/J1_10201_2111.recover
/central/scratch/labounad/J1_10201_2111#hpc-90-16-0-66572f88/J1_10201_2111.in

Executing subprocess:
/groups/wag/programs/Schrodinger_2020_3/jaguar-v10.9/bin/Linux-x86_64/jexec J1_10201_2111.in -T 8 -out /central/scratch/labounad/J1_10201_2111#hpc-90-16-0-66572f88 -cwd

Job J1_10201_2111 started on hpc-90-16.cm.cluster at Wed May 29 06:37:14 2024
jobid: hpc-90-16-0-66572f88 
Jaguar version 10.9, release 139
 Using up to   8 threads per process
Molecular Point Group: C1      
Point Group used: C1
pre (input checking) done.
onee (1-electron integrals) done.
hfig (HF initial guess) done.
probe (project orbitals) done.
grid (grid generation) done.
rwr (Q operators) done.
scf type: DFT=PBE(X+LC)+PW91 (PBE-D3)
  
       i  u  d  i  g
       t  p  i  c  r                                 RMS    maximum
       e  d  i  u  i                       energy  density   DIIS  
       r  t  s  t  d       total energy    change  change    error 
  
etot    1  N  N  5  M   -1727.11246230428           5.0E-03  9.0E-02
etot    2  Y  Y  6  M   -1725.00675815495 -2.1E+00  6.9E-03  1.5E-01
etot    3  Y  Y  6  M   -1724.22554564767 -7.8E-01  5.3E-03  1.6E-01
etot    4  N  Y  2  U   -1730.71287817213  6.5E+00  2.3E-03  6.6E-02
etot    5  Y  Y  6  M   -1730.84239639375  1.3E-01  1.6E-03  2.9E-02
etot    6  N  Y  2  U   -1731.20861266315  3.7E-01  6.7E-04  1.7E-02
etot    7  Y  Y  6  M   -1731.24100647786  3.2E-02  3.8E-04  1.4E-02
etot    8  N  Y  2  U   -1731.28762519047  4.7E-02  1.6E-04  5.7E-03
etot    9  Y  Y  6  M   -1731.29126005040  3.6E-03  1.2E-04  3.4E-03
etot   10  Y  Y  6  M   -1731.29301240404  1.8E-03  7.3E-05  2.2E-03
etot   11  N  Y  2  U   -1731.29373794041  7.3E-04  2.6E-05  1.1E-03
etot   12  N  Y  2  U   -1731.29389446412  1.6E-04  1.2E-05  5.1E-04
etot   13  N  Y  2  U   -1731.29391925186  2.5E-05  4.7E-06  1.8E-04
etot   14  N  N  2  U   -1731.29392364417  4.4E-06  0.0E+00  0.0E+00
scf (DFT) done.
der1a (1-e 1st deriv.) done.
rwr (1st deriv. Q) done.
der1b (2-e 1st deriv.) done.
  Geometry optimization step   1
  Total energy:     -1731.35542283475 hartrees
  gradient maximum:        3.9926E-02 .  (  4.5000E-04 )
  gradient rms:            6.7996E-03 .  (  3.0000E-04 )
  displacement maximum:    1.2974E-01 .  (  1.8000E-03 )
  displacement rms:        1.8501E-02 .  (  1.2000E-03 )
  
  predicted energy change: -2.0958E-02
  step size:     0.30004
  trust radius:  0.30000
---------------- geometry iteration   1 complete ----------------
geopt (optimize geometry) done.
onee (1-electron integrals) done.
probe (project orbitals) done.
grid (grid generation) done.
rwr (Q operators) done.
  
       i  u  d  i  g
       t  p  i  c  r                                 RMS    maximum
       e  d  i  u  i                       energy  density   DIIS  
       r  t  s  t  d       total energy    change  change    error 
  
etot    1  N  N  2  U   -1731.30328418404           6.9E-04  1.7E-02
etot    2  Y  Y  6  M   -1731.31272631224  9.4E-03  1.4E-04  2.0E-03
etot    3  N  Y  2  U   -1731.31015403863 -2.6E-03  1.0E-04  5.3E-03
etot    4  Y  Y  6  M   -1731.31355133025  3.4E-03  2.3E-05  1.4E-03
etot    5  N  Y  2  U   -1731.31373091819  1.8E-04  7.3E-06  2.7E-04
etot    6  N  Y  2  U   -1731.31374277992  1.2E-05  2.8E-06  1.2E-04
etot    7  N  N  2  U   -1731.31374447231  1.7E-06  0.0E+00  0.0E+00
scf (DFT) done.
der1a (1-e 1st deriv.) done.
rwr (1st deriv. Q) done.
der1b (2-e 1st deriv.) done.
  Geometry optimization step   2
  Total energy:     -1731.37494018717 hartrees
  energy change:          -1.9517E-02 .  (  5.0000E-05 )
  gradient maximum:        1.2634E-02 .  (  4.5000E-04 )
  gradient rms:            2.1280E-03 .  (  3.0000E-04 )
  displacement maximum:    9.6105E-02 .  (  1.8000E-03 )
  displacement rms:        1.8505E-02 .  (  1.2000E-03 )
  
  predicted energy change: -4.1717E-03
  step size:     0.30010
  trust radius:  0.30000
---------------- geometry iteration   2 complete ----------------
geopt (optimize geometry) done.
onee (1-electron integrals) done.
probe (project orbitals) done.
grid (grid generation) done.
rwr (Q operators) done.
  
       i  u  d  i  g
       t  p  i  c  r                                 RMS    maximum
       e  d  i  u  i                       energy  density   DIIS  
       r  t  s  t  d       total energy    change  change    error 
  
etot    1  N  N  2  U   -1731.28170257270           3.5E-04  1.3E-02
etot    2  Y  Y  6  M   -1731.31689180381  3.5E-02  5.1E-05  6.5E-04
etot    3  N  Y  2  U   -1731.31663962689 -2.5E-04  3.6E-05  6.3E-04
etot    4  N  Y  2  U   -1731.31695453483  3.1E-04  1.2E-05  4.2E-04
etot    5  N  Y  2  U   -1731.31698262489  2.8E-05  4.0E-06  1.6E-04
etot    6  N  N  2  U   -1731.31698732925  4.7E-06  0.0E+00  0.0E+00
scf (DFT) done.
der1a (1-e 1st deriv.) done.
rwr (1st deriv. Q) done.
der1b (2-e 1st deriv.) done.
  Geometry optimization step   3
  Total energy:     -1731.37808686049 hartrees
  energy change:          -3.1467E-03 .  (  5.0000E-05 )
  gradient maximum:        1.5683E-02 .  (  4.5000E-04 )
  gradient rms:            2.0787E-03 .  (  3.0000E-04 )
  displacement maximum:    1.0132E-01 .  (  1.8000E-03 )
  displacement rms:        1.8499E-02 .  (  1.2000E-03 )
  
  predicted energy change: -2.4077E-03
  step size:     0.30000
  trust radius:  0.30000
---------------- geometry iteration   3 complete ----------------
geopt (optimize geometry) done.
onee (1-electron integrals) done.
probe (project orbitals) done.
grid (grid generation) done.
rwr (Q operators) done.
  
       i  u  d  i  g
       t  p  i  c  r                                 RMS    maximum
       e  d  i  u  i                       energy  density   DIIS  
       r  t  s  t  d       total energy    change  change    error 
  
etot    1  N  N  2  U   -1731.27387634181           3.9E-04  1.2E-02
etot    2  Y  Y  6  M   -1731.31639639281  4.3E-02  7.0E-05  6.5E-04
etot    3  N  Y  2  U   -1731.31572238534 -6.7E-04  5.1E-05  1.8E-03
etot    4  Y  Y  6  M   -1731.31642773332  7.1E-04  1.5E-05  4.9E-04
etot    5  N  Y  2  U   -1731.31647017926  4.2E-05  5.3E-06  1.9E-04
etot    6  N  Y  2  U   -1731.31647678959  6.6E-06  2.3E-06  7.0E-05
etot    7  N  N  2  U   -1731.31647753277  7.4E-07  0.0E+00  0.0E+00
scf (DFT) done.
der1a (1-e 1st deriv.) done.
rwr (1st deriv. Q) done.
der1b (2-e 1st deriv.) done.
  Geometry optimization step   4
  Total energy:     -1731.37848129371 hartrees
  energy change:          -3.9443E-04 .  (  5.0000E-05 )
  gradient maximum:        1.7250E-02 .  (  4.5000E-04 )
  gradient rms:            2.4617E-03 .  (  3.0000E-04 )
  displacement maximum:    1.5016E-01 .  (  1.8000E-03 )
  displacement rms:        1.8500E-02 .  (  1.2000E-03 )
  
  predicted energy change: -2.0223E-03
  step size:     0.30002
  trust radius:  0.30000
---------------- geometry iteration   4 complete ----------------
geopt (optimize geometry) done.
onee (1-electron integrals) done.
probe (project orbitals) done.
grid (grid generation) done.
rwr (Q operators) done.
  
       i  u  d  i  g
       t  p  i  c  r                                 RMS    maximum
       e  d  i  u  i                       energy  density   DIIS  
       r  t  s  t  d       total energy    change  change    error 
  
etot    1  N  N  2  U   -1731.27407321395           4.0E-04  1.7E-02
etot    2  Y  Y  6  M   -1731.31849954521  4.4E-02  5.4E-05  1.3E-03
etot    3  N  Y  2  U   -1731.31819597311 -3.0E-04  4.0E-05  1.3E-03
etot    4  N  Y  2  U   -1731.31845427402  2.6E-04  1.5E-05  5.6E-04
etot    5  N  Y  2  U   -1731.31851964337  6.5E-05  4.4E-06  2.1E-04
etot    6  N  N  2  U   -1731.31852445745  4.8E-06  0.0E+00  0.0E+00
scf (DFT) done.
der1a (1-e 1st deriv.) done.
rwr (1st deriv. Q) done.
der1b (2-e 1st deriv.) done.
  Geometry optimization step   5
  Total energy:     -1731.38025663976 hartrees
  energy change:          -1.7753E-03 .  (  5.0000E-05 )
  gradient maximum:        9.1035E-03 .  (  4.5000E-04 )
  gradient rms:            1.3751E-03 .  (  3.0000E-04 )
  displacement maximum:    8.4032E-02 .  (  1.8000E-03 )
  displacement rms:        1.8503E-02 .  (  1.2000E-03 )
  
  predicted energy change: -1.6629E-03
  step size:     0.30006
  trust radius:  0.30000
---------------- geometry iteration   5 complete ----------------
geopt (optimize geometry) done.
onee (1-electron integrals) done.
probe (project orbitals) done.
grid (grid generation) done.
rwr (Q operators) done.
  
       i  u  d  i  g
       t  p  i  c  r                                 RMS    maximum
       e  d  i  u  i                       energy  density   DIIS  
       r  t  s  t  d       total energy    change  change    error 
  
etot    1  N  N  2  U   -1731.27141080396           4.1E-04  1.2E-02
etot    2  Y  Y  6  M   -1731.31812797127  4.7E-02  7.7E-05  8.6E-04
etot    3  N  Y  2  U   -1731.31721636778 -9.1E-04  5.9E-05  2.1E-03
etot    4  Y  Y  6  M   -1731.31810640637  8.9E-04  1.5E-05  4.2E-04
etot    5  N  Y  2  U   -1731.31815951133  5.3E-05  5.0E-06  1.5E-04
etot    6  N  N  2  U   -1731.31816561424  6.1E-06  0.0E+00  0.0E+00
scf (DFT) done.
der1a (1-e 1st deriv.) done.
rwr (1st deriv. Q) done.
der1b (2-e 1st deriv.) done.
  Geometry optimization step   6
  Total energy:     -1731.38073304690 hartrees
  energy change:          -4.7641E-04 .  (  5.0000E-05 )
  gradient maximum:        1.3515E-02 .  (  4.5000E-04 )
  gradient rms:            1.9131E-03 .  (  3.0000E-04 )
  displacement maximum:    1.5713E-01 .  (  1.8000E-03 )
  displacement rms:        1.8506E-02 .  (  1.2000E-03 )
  
  predicted energy change: -1.7255E-03
  step size:     0.30011
  trust radius:  0.30000
---------------- geometry iteration   6 complete ----------------
geopt (optimize geometry) done.
onee (1-electron integrals) done.
probe (project orbitals) done.
grid (grid generation) done.
rwr (Q operators) done.
  
       i  u  d  i  g
       t  p  i  c  r                                 RMS    maximum
       e  d  i  u  i                       energy  density   DIIS  
       r  t  s  t  d       total energy    change  change    error 
  
etot    1  N  N  2  U   -1731.28029610505           4.0E-04  2.0E-02
etot    2  Y  Y  6  M   -1731.31972126111  3.9E-02  6.2E-05  1.0E-03
etot    3  N  Y  2  U   -1731.31918591267 -5.4E-04  4.8E-05  1.9E-03
etot    4  N  Y  2  U   -1731.31975272519  5.7E-04  1.5E-05  8.0E-04
etot    5  N  Y  2  U   -1731.31980665455  5.4E-05  5.0E-06  2.9E-04
etot    6  N  Y  2  U   -1731.31981509714  8.4E-06  2.3E-06  5.9E-05
etot    7  N  N  2  U   -1731.31981522168  1.2E-07  0.0E+00  0.0E+00
scf (DFT) done.
der1a (1-e 1st deriv.) done.
rwr (1st deriv. Q) done.
der1b (2-e 1st deriv.) done.
  Geometry optimization step   7
  Total energy:     -1731.38199498693 hartrees
  energy change:          -1.2619E-03 .  (  5.0000E-05 )
  gradient maximum:        1.0223E-02 .  (  4.5000E-04 )
  gradient rms:            1.5416E-03 .  (  3.0000E-04 )
  displacement maximum:    1.4630E-01 .  (  1.8000E-03 )
  displacement rms:        1.8500E-02 .  (  1.2000E-03 )
  
  predicted energy change: -1.8740E-03
  step size:     0.30002
  trust radius:  0.30000
---------------- geometry iteration   7 complete ----------------
geopt (optimize geometry) done.
onee (1-electron integrals) done.
probe (project orbitals) done.
grid (grid generation) done.
rwr (Q operators) done.
  
       i  u  d  i  g
       t  p  i  c  r                                 RMS    maximum
       e  d  i  u  i                       energy  density   DIIS  
       r  t  s  t  d       total energy    change  change    error 
  
etot    1  N  N  2  U   -1731.28125729558           4.1E-04  1.6E-02
etot    2  Y  Y  6  M   -1731.31991352245  3.9E-02  6.2E-05  8.3E-04
etot    3  N  Y  2  U   -1731.31938240096 -5.3E-04  4.6E-05  1.5E-03
etot    4  N  Y  2  U   -1731.31989295995  5.1E-04  1.4E-05  4.3E-04
etot    5  N  Y  2  U   -1731.31993886667  4.6E-05  5.1E-06  1.8E-04
etot    6  N  Y  2  U   -1731.31994588590  7.0E-06  2.1E-06  4.0E-05
etot    7  N  N  2  U   -1731.31994601236  1.3E-07  0.0E+00  0.0E+00
scf (DFT) done.
der1a (1-e 1st deriv.) done.
rwr (1st deriv. Q) done.
der1b (2-e 1st deriv.) done.
  Geometry optimization step   8
  Total energy:     -1731.38278196348 hartrees
  energy change:          -7.8698E-04 .  (  5.0000E-05 )
  gradient maximum:        8.0147E-03 .  (  4.5000E-04 )
  gradient rms:            1.4523E-03 .  (  3.0000E-04 )
  displacement maximum:    1.3948E-01 .  (  1.8000E-03 )
  displacement rms:        1.8499E-02 .  (  1.2000E-03 )
  
  predicted energy change: -1.2476E-03
  step size:     0.30001
  trust radius:  0.30000
---------------- geometry iteration   8 complete ----------------
geopt (optimize geometry) done.
onee (1-electron integrals) done.
probe (project orbitals) done.
grid (grid generation) done.
rwr (Q operators) done.
  
       i  u  d  i  g
       t  p  i  c  r                                 RMS    maximum
       e  d  i  u  i                       energy  density   DIIS  
       r  t  s  t  d       total energy    change  change    error 
  
etot    1  N  N  2  U   -1731.27876365460           4.0E-04  1.7E-02
etot    2  Y  Y  6  M   -1731.32035995894  4.2E-02  5.5E-05  8.9E-04
etot    3  N  Y  2  U   -1731.32002680408 -3.3E-04  4.3E-05  1.1E-03
etot    4  N  Y  2  U   -1731.32031389704  2.9E-04  1.5E-05  4.8E-04
etot    5  N  Y  2  U   -1731.32037493440  6.1E-05  4.8E-06  1.7E-04
etot    6  N  N  2  U   -1731.32038154720  6.6E-06  0.0E+00  0.0E+00
scf (DFT) done.
der1a (1-e 1st deriv.) done.
rwr (1st deriv. Q) done.
der1b (2-e 1st deriv.) done.
  Geometry optimization step   9
  Total energy:     -1731.38370680984 hartrees
  energy change:          -9.2485E-04 .  (  5.0000E-05 )
  gradient maximum:        7.0615E-03 .  (  4.5000E-04 )
  gradient rms:            1.0424E-03 .  (  3.0000E-04 )
  displacement maximum:    5.7136E-02 .  (  1.8000E-03 )
  displacement rms:        9.3972E-03 .  (  1.2000E-03 )
  
  predicted energy change: -4.1383E-04
  step size:     0.15240
  trust radius:  0.30000
---------------- geometry iteration   9 complete ----------------
geopt (optimize geometry) done.
onee (1-electron integrals) done.
probe (project orbitals) done.
grid (grid generation) done.
rwr (Q operators) done.
  
       i  u  d  i  g
       t  p  i  c  r                                 RMS    maximum
       e  d  i  u  i                       energy  density   DIIS  
       r  t  s  t  d       total energy    change  change    error 
  
etot    1  N  N  2  U   -1731.31270032222           1.7E-04  4.6E-03
etot    2  Y  Y  6  M   -1731.32061892647  7.9E-03  3.5E-05  3.1E-04
etot    3  N  Y  2  U   -1731.32041779662 -2.0E-04  2.7E-05  8.2E-04
etot    4  N  Y  2  U   -1731.32063084294  2.1E-04  7.1E-06  2.3E-04
etot    5  N  Y  2  U   -1731.32064046269  9.6E-06  2.7E-06  9.8E-05
etot    6  N  N  2  U   -1731.32064274526  2.3E-06  0.0E+00  0.0E+00
scf (DFT) done.
der1a (1-e 1st deriv.) done.
rwr (1st deriv. Q) done.
der1b (2-e 1st deriv.) done.
  Geometry optimization step  10
  Total energy:     -1731.38384215347 hartrees
  energy change:          -1.3534E-04 .  (  5.0000E-05 )
  gradient maximum:        3.1607E-03 .  (  4.5000E-04 )
  gradient rms:            5.5519E-04 .  (  3.0000E-04 )
  displacement maximum:    1.6343E-01 .  (  1.8000E-03 )
  displacement rms:        1.7301E-02 .  (  1.2000E-03 )
  
  predicted energy change: -4.0083E-04
  step size:     0.28058
  trust radius:  0.30000
---------------- geometry iteration  10 complete ----------------
geopt (optimize geometry) done.
onee (1-electron integrals) done.
probe (project orbitals) done.
grid (grid generation) done.
rwr (Q operators) done.
  
       i  u  d  i  g
       t  p  i  c  r                                 RMS    maximum
       e  d  i  u  i                       energy  density   DIIS  
       r  t  s  t  d       total energy    change  change    error 
  
etot    1  N  N  2  U   -1731.28422442719           3.8E-04  1.5E-02
etot    2  Y  Y  6  M   -1731.32052217196  3.6E-02  6.9E-05  1.1E-03
etot    3  N  Y  2  U   -1731.31997177271 -5.5E-04  5.4E-05  1.5E-03
etot    4  Y  Y  6  M   -1731.32050824579  5.4E-04  1.4E-05  4.2E-04
etot    5  N  Y  2  U   -1731.32055867012  5.0E-05  4.7E-06  1.8E-04
etot    6  N  N  2  U   -1731.32056490820  6.2E-06  0.0E+00  0.0E+00
scf (DFT) done.
der1a (1-e 1st deriv.) done.
rwr (1st deriv. Q) done.
der1b (2-e 1st deriv.) done.
  Geometry optimization step  11
  Total energy:     -1731.38386917649 hartrees
  energy change:          -2.7023E-05 *  (  5.0000E-05 )
  gradient maximum:        6.1922E-03 .  (  4.5000E-04 )
  gradient rms:            9.0503E-04 .  (  3.0000E-04 )
  displacement maximum:    6.2240E-02 .  (  1.8000E-03 )
  displacement rms:        9.8246E-03 .  (  1.2000E-03 )
  
  predicted energy change: -3.9421E-04
  step size:     0.15933
  trust radius:  0.30000
---------------- geometry iteration  11 complete ----------------
geopt (optimize geometry) done.
onee (1-electron integrals) done.
probe (project orbitals) done.
grid (grid generation) done.
rwr (Q operators) done.
  
       i  u  d  i  g
       t  p  i  c  r                                 RMS    maximum
       e  d  i  u  i                       energy  density   DIIS  
       r  t  s  t  d       total energy    change  change    error 
  
etot    1  N  N  2  U   -1731.30827564863           2.2E-04  8.4E-03
etot    2  Y  Y  6  M   -1731.32127502910  1.3E-02  3.2E-05  5.6E-04
etot    3  N  Y  2  U   -1731.32114968615 -1.3E-04  2.4E-05  7.5E-04
etot    4  N  Y  2  U   -1731.32127326099  1.2E-04  7.9E-06  3.4E-04
etot    5  N  Y  2  U   -1731.32129014402  1.7E-05  2.7E-06  1.1E-04
etot    6  N  N  2  U   -1731.32129231665  2.2E-06  0.0E+00  0.0E+00
scf (DFT) done.
der1a (1-e 1st deriv.) done.
rwr (1st deriv. Q) done.
der1b (2-e 1st deriv.) done.
  Geometry optimization step  12
  Total energy:     -1731.38389969730 hartrees
  energy change:          -3.0521E-05 *  (  5.0000E-05 )
  gradient maximum:        7.0532E-03 .  (  4.5000E-04 )
  gradient rms:            9.9420E-04 .  (  3.0000E-04 )
  displacement maximum:    1.0319E-01 .  (  1.8000E-03 )
  displacement rms:        1.4226E-02 .  (  1.2000E-03 )
  
  predicted energy change: -5.7654E-04
  step size:     0.23071
  trust radius:  0.30000
---------------- geometry iteration  12 complete ----------------
geopt (optimize geometry) done.
onee (1-electron integrals) done.
probe (project orbitals) done.
grid (grid generation) done.
rwr (Q operators) done.
  
       i  u  d  i  g
       t  p  i  c  r                                 RMS    maximum
       e  d  i  u  i                       energy  density   DIIS  
       r  t  s  t  d       total energy    change  change    error 
  
etot    1  N  N  2  U   -1731.29119075054           3.2E-04  1.4E-02
etot    2  Y  Y  6  M   -1731.31983477376  2.9E-02  5.6E-05  9.1E-04
etot    3  N  Y  2  U   -1731.31952535495 -3.1E-04  4.4E-05  1.6E-03
etot    4  N  Y  2  U   -1731.31991304026  3.9E-04  1.1E-05  3.8E-04
etot    5  N  Y  2  U   -1731.31993934404  2.6E-05  3.8E-06  1.7E-04
etot    6  N  N  2  U   -1731.31994261472  3.3E-06  0.0E+00  0.0E+00
scf (DFT) done.
der1a (1-e 1st deriv.) done.
rwr (1st deriv. Q) done.
der1b (2-e 1st deriv.) done.
  Geometry optimization step  13
  Total energy:     -1731.38337830135 hartrees
  ** restarting optimization from step   12 **
  energy change:           5.2140E-04 .  (  5.0000E-05 )
  gradient maximum:        7.0532E-03 .  (  4.5000E-04 )
  gradient rms:            9.9420E-04 .  (  3.0000E-04 )
  displacement maximum:    4.9211E-02 .  (  1.8000E-03 )
  displacement rms:        5.0969E-03 .  (  1.2000E-03 )
  
  predicted energy change: -3.1321E-04
  step size:     0.08266
  trust radius:  0.30000
---------------- geometry iteration  13 complete ----------------
geopt (optimize geometry) done.
onee (1-electron integrals) done.
probe (project orbitals) done.
grid (grid generation) done.
rwr (Q operators) done.
  
       i  u  d  i  g
       t  p  i  c  r                                 RMS    maximum
       e  d  i  u  i                       energy  density   DIIS  
       r  t  s  t  d       total energy    change  change    error 
  
etot    1  N  N  2  U   -1731.29464126396           3.2E-04  1.2E-02
etot    2  Y  Y  6  M   -1731.32128120437  2.7E-02  5.6E-05  9.4E-04
etot    3  N  Y  2  U   -1731.32083781150 -4.4E-04  4.4E-05  1.7E-03
etot    4  N  Y  2  U   -1731.32123550164  4.0E-04  1.2E-05  4.4E-04
etot    5  N  Y  2  U   -1731.32127070964  3.5E-05  3.5E-06  1.1E-04
etot    6  N  N  2  U   -1731.32127372106  3.0E-06  0.0E+00  0.0E+00
scf (DFT) done.
der1a (1-e 1st deriv.) done.
rwr (1st deriv. Q) done.
der1b (2-e 1st deriv.) done.
  Geometry optimization step  14
  Total energy:     -1731.38411072192 hartrees
  energy change:          -2.1102E-04 .  (  5.0000E-05 )
  gradient maximum:        3.4567E-03 .  (  4.5000E-04 )
  gradient rms:            5.8305E-04 .  (  3.0000E-04 )
  displacement maximum:    7.8554E-02 .  (  1.8000E-03 )
  displacement rms:        8.4556E-03 .  (  1.2000E-03 )
  
  predicted energy change: -2.5924E-04
  step size:     0.13713
  trust radius:  0.30000
---------------- geometry iteration  14 complete ----------------
geopt (optimize geometry) done.
onee (1-electron integrals) done.
probe (project orbitals) done.
grid (grid generation) done.
rwr (Q operators) done.
  
       i  u  d  i  g
       t  p  i  c  r                                 RMS    maximum
       e  d  i  u  i                       energy  density   DIIS  
       r  t  s  t  d       total energy    change  change    error 
  
etot    1  N  N  2  U   -1731.31053928880           1.9E-04  1.2E-02
etot    2  Y  Y  6  M   -1731.32062047291  1.0E-02  2.9E-05  6.5E-04
etot    3  N  Y  2  U   -1731.32053068934 -9.0E-05  2.3E-05  5.6E-04
etot    4  N  Y  2  U   -1731.32062142173  9.1E-05  8.2E-06  2.5E-04
etot    5  N  Y  2  U   -1731.32064144602  2.0E-05  2.2E-06  5.3E-05
etot    6  N  N  2  U   -1731.32064254987  1.1E-06  0.0E+00  0.0E+00
scf (DFT) done.
der1a (1-e 1st deriv.) done.
rwr (1st deriv. Q) done.
der1b (2-e 1st deriv.) done.
  Geometry optimization step  15
  Total energy:     -1731.38371085130 hartrees
  ** restarting optimization from step   14 **
  energy change:           3.9987E-04 .  (  5.0000E-05 )
  gradient maximum:        3.4567E-03 .  (  4.5000E-04 )
  gradient rms:            5.8305E-04 .  (  3.0000E-04 )
  displacement maximum:    3.2973E-02 .  (  1.8000E-03 )
  displacement rms:        4.2378E-03 .  (  1.2000E-03 )
  
  predicted energy change: -1.4178E-04
  step size:     0.06873
  trust radius:  0.06856
---------------- geometry iteration  15 complete ----------------
geopt (optimize geometry) done.
onee (1-electron integrals) done.
probe (project orbitals) done.
grid (grid generation) done.
rwr (Q operators) done.
  
       i  u  d  i  g
       t  p  i  c  r                                 RMS    maximum
       e  d  i  u  i                       energy  density   DIIS  
       r  t  s  t  d       total energy    change  change    error 
  
etot    1  N  N  2  U   -1731.31839507770           1.0E-04  4.9E-03
etot    2  Y  Y  6  M   -1731.32105955223  2.7E-03  1.6E-05  2.6E-04
etot    3  N  Y  2  U   -1731.32102758389 -3.2E-05  1.2E-05  2.8E-04
etot    4  N  Y  2  U   -1731.32105352402  2.6E-05  4.6E-06  1.7E-04
etot    5  N  N  2  U   -1731.32106002884  6.5E-06  0.0E+00  0.0E+00
scf (DFT) done.
der1a (1-e 1st deriv.) done.
rwr (1st deriv. Q) done.
der1b (2-e 1st deriv.) done.
  Geometry optimization step  16
  Total energy:     -1731.38407499016 hartrees
  energy change:           3.5732E-05 *  (  5.0000E-05 )
  gradient maximum:        2.0620E-03 .  (  4.5000E-04 )
  gradient rms:            2.9190E-04 *  (  3.0000E-04 )
  displacement maximum:    2.9015E-02 .  (  1.8000E-03 )
  displacement rms:        4.0481E-03 .  (  1.2000E-03 )
  
  predicted energy change: -4.6154E-05
  step size:     0.06565
  trust radius:  0.13713
---------------- geometry iteration  16 complete ----------------
geopt (optimize geometry) done.
onee (1-electron integrals) done.
probe (project orbitals) done.
grid (grid generation) done.
rwr (Q operators) done.
  
       i  u  d  i  g
       t  p  i  c  r                                 RMS    maximum
       e  d  i  u  i                       energy  density   DIIS  
       r  t  s  t  d       total energy    change  change    error 
  
etot    1  N  N  2  U   -1731.31962028423           7.1E-05  2.3E-03
etot    2  Y  Y  6  M   -1731.32089185652  1.3E-03  2.4E-05  2.1E-04
etot    3  N  Y  2  U   -1731.32078072792 -1.1E-04  1.8E-05  6.9E-04
etot    4  N  Y  2  U   -1731.32089296098  1.1E-04  3.3E-06  1.2E-04
etot    5  N  N  2  U   -1731.32089539683  2.4E-06  0.0E+00  0.0E+00
scf (DFT) done.
der1a (1-e 1st deriv.) done.
rwr (1st deriv. Q) done.
der1b (2-e 1st deriv.) done.
  Geometry optimization step  17
  Total energy:     -1731.38403179028 hartrees
  energy change:           4.3200E-05 *  (  5.0000E-05 )
  gradient maximum:        2.8860E-03 .  (  4.5000E-04 )
  gradient rms:            3.2085E-04 .  (  3.0000E-04 )
  displacement maximum:    1.5350E-02 .  (  1.8000E-03 )
  displacement rms:        2.9799E-03 .  (  1.2000E-03 )
  
  predicted energy change: -3.5678E-05
  step size:     0.04833
  trust radius:  0.06856
---------------- geometry iteration  17 complete ----------------
geopt (optimize geometry) done.
onee (1-electron integrals) done.
probe (project orbitals) done.
grid (grid generation) done.
rwr (Q operators) done.
  
       i  u  d  i  g
       t  p  i  c  r                                 RMS    maximum
       e  d  i  u  i                       energy  density   DIIS  
       r  t  s  t  d       total energy    change  change    error 
  
etot    1  N  N  2  U   -1731.32015836941           5.3E-05  2.5E-03
etot    2  Y  Y  6  M   -1731.32090948602  7.5E-04  1.1E-05  1.1E-04
etot    3  N  Y  2  U   -1731.32089792521 -1.2E-05  8.5E-06  2.9E-04
etot    4  N  Y  2  U   -1731.32091752534  2.0E-05  2.2E-06  7.2E-05
etot    5  N  N  2  U   -1731.32091845620  9.3E-07  0.0E+00  0.0E+00
scf (DFT) done.
der1a (1-e 1st deriv.) done.
rwr (1st deriv. Q) done.
der1b (2-e 1st deriv.) done.
  Geometry optimization step  18
  Total energy:     -1731.38410463220 hartrees
  energy change:          -7.2842E-05 .  (  5.0000E-05 )
  gradient maximum:        8.5093E-04 .  (  4.5000E-04 )
  gradient rms:            1.2630E-04 *  (  3.0000E-04 )
  displacement maximum:    1.3466E-02 .  (  1.8000E-03 )
  displacement rms:        1.7719E-03 .  (  1.2000E-03 )
  
  predicted energy change: -1.1735E-05
  step size:     0.02874
  trust radius:  0.06856
---------------- geometry iteration  18 complete ----------------
geopt (optimize geometry) done.
onee (1-electron integrals) done.
probe (project orbitals) done.
grid (grid generation) done.
rwr (Q operators) done.
  
       i  u  d  i  g
       t  p  i  c  r                                 RMS    maximum
       e  d  i  u  i                       energy  density   DIIS  
       r  t  s  t  d       total energy    change  change    error 
  
etot    1  N  N  2  U   -1731.32004043055           5.4E-05  4.2E-03
etot    2  Y  Y  6  M   -1731.32091554713  8.8E-04  1.2E-05  2.1E-04
etot    3  N  Y  2  U   -1731.32089525026 -2.0E-05  9.9E-06  3.8E-04
etot    4  N  Y  2  U   -1731.32092512993  3.0E-05  2.5E-06  9.9E-05
etot    5  N  N  2  U   -1731.32092693469  1.8E-06  0.0E+00  0.0E+00
scf (DFT) done.
der1a (1-e 1st deriv.) done.
rwr (1st deriv. Q) done.
der1b (2-e 1st deriv.) done.
  Geometry optimization step  19
  Total energy:     -1731.38409193268 hartrees
  energy change:           1.2700E-05 *  (  5.0000E-05 )
  gradient maximum:        1.0066E-03 .  (  4.5000E-04 )
  gradient rms:            1.4095E-04 *  (  3.0000E-04 )
  displacement maximum:    8.3990E-03 .  (  1.8000E-03 )
  displacement rms:        7.8052E-04 *  (  1.2000E-03 )
  
  predicted energy change: -6.1123E-06
  step size:     0.01266
  trust radius:  0.03428
---------------- geometry iteration  19 complete ----------------
geopt (optimize geometry) done.
onee (1-electron integrals) done.
probe (project orbitals) done.
grid (grid generation) done.
rwr (Q operators) done.
  
       i  u  d  i  g
       t  p  i  c  r                                 RMS    maximum
       e  d  i  u  i                       energy  density   DIIS  
       r  t  s  t  d       total energy    change  change    error 
  
etot    1  N  N  2  U   -1731.32077552938           2.4E-05  2.0E-03
etot    2  N  Y  2  U   -1731.32094100194  1.7E-04  8.8E-06  1.3E-04
etot    3  N  Y  2  U   -1731.32092620266 -1.5E-05  6.7E-06  3.4E-04
etot    4  N  Y  2  U   -1731.32094359092  1.7E-05  1.4E-06  4.3E-05
etot    5  N  N  2  U   -1731.32094400535  4.1E-07  0.0E+00  0.0E+00
scf (DFT) done.
der1a (1-e 1st deriv.) done.
rwr (1st deriv. Q) done.
der1b (2-e 1st deriv.) done.
  Geometry optimization step  20
  Total energy:     -1731.38411123381 hartrees
  energy change:          -1.9301E-05 *  (  5.0000E-05 )
  gradient maximum:        3.9204E-04 *  (  4.5000E-04 )
  gradient rms:            5.0715E-05 #  (  3.0000E-04 )
  displacement maximum:    1.9533E-03 .  (  1.8000E-03 )
  displacement rms:        4.3722E-04 *  (  1.2000E-03 )
  
  predicted energy change: -1.2138E-06
  step size:     0.00709
  trust radius:  0.03428
------------- final geometry iteration  20 complete -------------
geopt (optimize geometry) done.
cutabab2 (abab integrals) done.
der2a (1-e JK-1st deriv.) done.
der2b (2-e JK-1st deriv.) done.
der2nda (1-e 2nd deriv.) done.
der2ndb (2-e 2nd deriv.) done.
rwr (Q operators) done.
cphfa (gradient of wave function) done.
freq (vib. frequencies) done.
Job J1_10201_2111 completed on hpc-90-16.cm.cluster at Wed May 29 07:45:23 2024
Timer (jaguar_backend.py) : 4088.90 secs (1 hrs, 08 mins, 08 secs)
Finished:   Wed May 29 07:45:23 2024
