Command:  /groups/wag/programs/Schrodinger_2020_3/jaguar run -WAIT -PARALLEL 8 /central/home/labounad/wittig-ch121/out/J1_10515_2111/J1_10515_2111.in
Release:  2020-3
Exec:     /groups/wag/programs/Schrodinger_2020_3/jaguar-v10.9/bin/Linux-x86_64
Host:     hpc-21-27.cm.cluster
JobId:    hpc-21-27-0-665762ba
JobDir:   /central/scratch/labounad/J1_10515_2111#hpc-21-27-0-665762ba
Date:     Wed May 29 10:15:50 2024

Contents of /central/scratch/labounad/J1_10515_2111#hpc-21-27-0-665762ba:
/central/scratch/labounad/J1_10515_2111#hpc-21-27-0-665762ba/.write_dir.json
/central/scratch/labounad/J1_10515_2111#hpc-21-27-0-665762ba/J1_10515_2111.in
/central/scratch/labounad/J1_10515_2111#hpc-21-27-0-665762ba/J1_10515_2111.recover
/central/scratch/labounad/J1_10515_2111#hpc-21-27-0-665762ba/J1_10515_2111.log
/central/scratch/labounad/J1_10515_2111#hpc-21-27-0-665762ba/hpc-21-27-0-665762ba.mpinodes
/central/scratch/labounad/J1_10515_2111#hpc-21-27-0-665762ba/hpc-21-27-0-665762ba.nodes
/central/scratch/labounad/J1_10515_2111#hpc-21-27-0-665762ba/hpc-21-27-0-665762ba
/central/scratch/labounad/J1_10515_2111#hpc-21-27-0-665762ba/hpc-21-27-0-665762ba.recover

Executing subprocess:
/groups/wag/programs/Schrodinger_2020_3/jaguar-v10.9/bin/Linux-x86_64/jexec J1_10515_2111.in -T 8 -out /central/scratch/labounad/J1_10515_2111#hpc-21-27-0-665762ba -cwd

Job J1_10515_2111 started on hpc-21-27.cm.cluster at Wed May 29 10:15:51 2024
jobid: hpc-21-27-0-665762ba 
Jaguar version 10.9, release 139
 Using up to   8 threads per process
Molecular Point Group: C1      
Point Group used: C1
pre (input checking) done.
onee (1-electron integrals) done.
hfig (HF initial guess) done.
probe (project orbitals) done.
grid (grid generation) done.
rwr (Q operators) done.
scf type: DFT=PBE(X+LC)+PW91 (PBE-D3)
  
       i  u  d  i  g
       t  p  i  c  r                                 RMS    maximum
       e  d  i  u  i                       energy  density   DIIS  
       r  t  s  t  d       total energy    change  change    error 
  
etot    1  N  N  5  M   -1930.99560234324           5.7E-03  1.1E-01
etot    2  Y  Y  6  M   -1928.00420794959 -3.0E+00  5.5E-03  1.3E-01
etot    3  Y  Y  6  M   -1932.37276005390  4.4E+00  3.0E-03  1.2E-01
etot    4  N  Y  2  U   -1934.01908832503  1.6E+00  2.8E-03  7.5E-02
etot    5  Y  Y  6  M   -1933.74968606636 -2.7E-01  2.0E-03  6.3E-02
etot    6  N  Y  2  U   -1936.31143254376  2.6E+00  7.4E-04  1.9E-02
etot    7  Y  Y  6  M   -1936.25725807171 -5.4E-02  4.9E-04  3.3E-02
etot    8  N  Y  2  U   -1936.41596565334  1.6E-01  1.5E-04  6.0E-03
etot    9  Y  Y  6  M   -1936.42189036162  5.9E-03  6.0E-05  3.5E-03
etot   10  N  Y  2  U   -1936.42326471559  1.4E-03  2.3E-05  1.4E-03
etot   11  N  Y  2  U   -1936.42349726352  2.3E-04  9.1E-06  5.8E-04
etot   12  N  Y  2  U   -1936.42353601207  3.9E-05  3.3E-06  1.7E-04
etot   13  N  N  2  U   -1936.42354021669  4.2E-06  0.0E+00  0.0E+00
scf (DFT) done.
der1a (1-e 1st deriv.) done.
rwr (1st deriv. Q) done.
der1b (2-e 1st deriv.) done.
  Geometry optimization step   1
  Total energy:     -1936.50114212612 hartrees
  gradient maximum:        4.5191E-02 .  (  4.5000E-04 )
  gradient rms:            7.9846E-03 .  (  3.0000E-04 )
  displacement maximum:    1.1215E-01 .  (  1.8000E-03 )
  displacement rms:        1.6992E-02 .  (  1.2000E-03 )
  
  predicted energy change: -2.8056E-02
  step size:     0.30015
  trust radius:  0.30000
---------------- geometry iteration   1 complete ----------------
geopt (optimize geometry) done.
onee (1-electron integrals) done.
probe (project orbitals) done.
grid (grid generation) done.
rwr (Q operators) done.
  
       i  u  d  i  g
       t  p  i  c  r                                 RMS    maximum
       e  d  i  u  i                       energy  density   DIIS  
       r  t  s  t  d       total energy    change  change    error 
  
etot    1  N  N  2  U   -1936.41223928384           3.1E-04  8.1E-03
etot    2  Y  Y  6  M   -1936.44931040903  3.7E-02  9.7E-05  1.5E-03
etot    3  N  Y  2  U   -1936.44796503114 -1.3E-03  7.3E-05  2.3E-03
etot    4  Y  Y  6  M   -1936.44995949176  2.0E-03  1.8E-05  1.3E-03
etot    5  N  Y  2  U   -1936.45014340001  1.8E-04  6.8E-06  4.6E-04
etot    6  N  Y  2  U   -1936.45016556734  2.2E-05  2.6E-06  9.8E-05
etot    7  N  N  2  U   -1936.45016824936  2.7E-06  0.0E+00  0.0E+00
scf (DFT) done.
der1a (1-e 1st deriv.) done.
rwr (1st deriv. Q) done.
der1b (2-e 1st deriv.) done.
  Geometry optimization step   2
  Total energy:     -1936.52688631468 hartrees
  energy change:          -2.5744E-02 .  (  5.0000E-05 )
  gradient maximum:        1.8339E-02 .  (  4.5000E-04 )
  gradient rms:            2.9117E-03 .  (  3.0000E-04 )
  displacement maximum:    5.4417E-02 .  (  1.8000E-03 )
  displacement rms:        1.1189E-02 .  (  1.2000E-03 )
  
  predicted energy change: -6.3926E-03
  step size:     0.19764
  trust radius:  0.30000
---------------- geometry iteration   2 complete ----------------
geopt (optimize geometry) done.
onee (1-electron integrals) done.
probe (project orbitals) done.
grid (grid generation) done.
rwr (Q operators) done.
  
       i  u  d  i  g
       t  p  i  c  r                                 RMS    maximum
       e  d  i  u  i                       energy  density   DIIS  
       r  t  s  t  d       total energy    change  change    error 
  
etot    1  N  N  2  U   -1936.43053776319           2.3E-04  6.2E-03
etot    2  Y  Y  6  M   -1936.45534300675  2.5E-02  6.2E-05  1.2E-03
etot    3  N  Y  2  U   -1936.45405797770 -1.3E-03  4.8E-05  3.7E-03
etot    4  N  Y  2  U   -1936.45550623585  1.4E-03  1.1E-05  8.3E-04
etot    5  N  Y  2  U   -1936.45557096663  6.5E-05  4.2E-06  1.4E-04
etot    6  N  N  2  U   -1936.45557706589  6.1E-06  0.0E+00  0.0E+00
scf (DFT) done.
der1a (1-e 1st deriv.) done.
rwr (1st deriv. Q) done.
der1b (2-e 1st deriv.) done.
  Geometry optimization step   3
  Total energy:     -1936.53082792212 hartrees
  energy change:          -3.9416E-03 .  (  5.0000E-05 )
  gradient maximum:        1.6571E-02 .  (  4.5000E-04 )
  gradient rms:            2.2931E-03 .  (  3.0000E-04 )
  displacement maximum:    5.8675E-02 .  (  1.8000E-03 )
  displacement rms:        6.7256E-03 .  (  1.2000E-03 )
  
  predicted energy change: -3.6867E-03
  step size:     0.11880
  trust radius:  0.30000
---------------- geometry iteration   3 complete ----------------
geopt (optimize geometry) done.
onee (1-electron integrals) done.
probe (project orbitals) done.
grid (grid generation) done.
rwr (Q operators) done.
  
       i  u  d  i  g
       t  p  i  c  r                                 RMS    maximum
       e  d  i  u  i                       energy  density   DIIS  
       r  t  s  t  d       total energy    change  change    error 
  
etot    1  N  N  2  U   -1936.43995524318           1.8E-04  6.0E-03
etot    2  Y  Y  6  M   -1936.45661840399  1.7E-02  4.1E-05  6.1E-04
etot    3  N  Y  2  U   -1936.45613686907 -4.8E-04  3.2E-05  1.8E-03
etot    4  N  Y  2  U   -1936.45669974693  5.6E-04  7.6E-06  4.3E-04
etot    5  N  Y  2  U   -1936.45672928041  3.0E-05  3.1E-06  1.0E-04
etot    6  N  N  2  U   -1936.45673267658  3.4E-06  0.0E+00  0.0E+00
scf (DFT) done.
der1a (1-e 1st deriv.) done.
rwr (1st deriv. Q) done.
der1b (2-e 1st deriv.) done.
  Geometry optimization step   4
  Total energy:     -1936.53358069391 hartrees
  energy change:          -2.7528E-03 .  (  5.0000E-05 )
  gradient maximum:        6.7736E-03 .  (  4.5000E-04 )
  gradient rms:            1.0853E-03 .  (  3.0000E-04 )
  displacement maximum:    9.5019E-02 .  (  1.8000E-03 )
  displacement rms:        1.6985E-02 .  (  1.2000E-03 )
  
  predicted energy change: -1.8884E-03
  step size:     0.30001
  trust radius:  0.30000
---------------- geometry iteration   4 complete ----------------
geopt (optimize geometry) done.
onee (1-electron integrals) done.
probe (project orbitals) done.
grid (grid generation) done.
rwr (Q operators) done.
  
       i  u  d  i  g
       t  p  i  c  r                                 RMS    maximum
       e  d  i  u  i                       energy  density   DIIS  
       r  t  s  t  d       total energy    change  change    error 
  
etot    1  N  N  2  U   -1936.42323006734           2.6E-04  5.2E-03
etot    2  Y  Y  6  M   -1936.45699483373  3.4E-02  3.4E-05  4.5E-04
etot    3  N  Y  2  U   -1936.45681525507 -1.8E-04  2.8E-05  9.9E-04
etot    4  N  Y  2  U   -1936.45704884226  2.3E-04  9.7E-06  3.7E-04
etot    5  N  Y  2  U   -1936.45707546331  2.7E-05  2.9E-06  8.2E-05
etot    6  N  N  2  U   -1936.45707862153  3.2E-06  0.0E+00  0.0E+00
scf (DFT) done.
der1a (1-e 1st deriv.) done.
rwr (1st deriv. Q) done.
der1b (2-e 1st deriv.) done.
  Geometry optimization step   5
  Total energy:     -1936.53407721174 hartrees
  energy change:          -4.9652E-04 .  (  5.0000E-05 )
  gradient maximum:        7.5596E-03 .  (  4.5000E-04 )
  gradient rms:            1.4124E-03 .  (  3.0000E-04 )
  displacement maximum:    9.7752E-02 .  (  1.8000E-03 )
  displacement rms:        1.6259E-02 .  (  1.2000E-03 )
  
  predicted energy change: -1.6382E-03
  step size:     0.28720
  trust radius:  0.30000
---------------- geometry iteration   5 complete ----------------
geopt (optimize geometry) done.
onee (1-electron integrals) done.
probe (project orbitals) done.
grid (grid generation) done.
rwr (Q operators) done.
  
       i  u  d  i  g
       t  p  i  c  r                                 RMS    maximum
       e  d  i  u  i                       energy  density   DIIS  
       r  t  s  t  d       total energy    change  change    error 
  
etot    1  N  N  2  U   -1936.39401959953           3.4E-04  8.3E-03
etot    2  Y  Y  6  M   -1936.45759453851  6.4E-02  4.0E-05  6.2E-04
etot    3  N  Y  2  U   -1936.45724921130 -3.5E-04  3.1E-05  1.7E-03
etot    4  N  Y  2  U   -1936.45767191211  4.2E-04  1.2E-05  8.5E-04
etot    5  N  Y  2  U   -1936.45772793931  5.6E-05  4.3E-06  2.4E-04
etot    6  N  Y  2  U   -1936.45773976900  1.2E-05  1.4E-06  5.8E-05
etot    7  N  N  2  U   -1936.45774056279  7.9E-07  0.0E+00  0.0E+00
scf (DFT) done.
der1a (1-e 1st deriv.) done.
rwr (1st deriv. Q) done.
der1b (2-e 1st deriv.) done.
  Geometry optimization step   6
  Total energy:     -1936.53303025718 hartrees
  energy change:           1.0470E-03 .  (  5.0000E-05 )
  gradient maximum:        1.3922E-02 .  (  4.5000E-04 )
  gradient rms:            1.8324E-03 .  (  3.0000E-04 )
  displacement maximum:    7.2690E-02 .  (  1.8000E-03 )
  displacement rms:        1.0292E-02 .  (  1.2000E-03 )
  
  predicted energy change: -1.1770E-03
  step size:     0.18179
  trust radius:  0.30000
---------------- geometry iteration   6 complete ----------------
geopt (optimize geometry) done.
onee (1-electron integrals) done.
probe (project orbitals) done.
grid (grid generation) done.
rwr (Q operators) done.
  
       i  u  d  i  g
       t  p  i  c  r                                 RMS    maximum
       e  d  i  u  i                       energy  density   DIIS  
       r  t  s  t  d       total energy    change  change    error 
  
etot    1  N  N  2  U   -1936.42912111727           2.3E-04  6.1E-03
etot    2  Y  Y  6  M   -1936.45809832938  2.9E-02  2.6E-05  4.5E-04
etot    3  N  Y  2  U   -1936.45797953666 -1.2E-04  1.9E-05  7.7E-04
etot    4  N  Y  2  U   -1936.45810153954  1.2E-04  7.7E-06  5.2E-04
etot    5  N  Y  2  U   -1936.45813549366  3.4E-05  2.5E-06  1.3E-04
etot    6  N  N  2  U   -1936.45813977006  4.3E-06  0.0E+00  0.0E+00
scf (DFT) done.
der1a (1-e 1st deriv.) done.
rwr (1st deriv. Q) done.
der1b (2-e 1st deriv.) done.
  Geometry optimization step   7
  Total energy:     -1936.53411680846 hartrees
  energy change:          -1.0866E-03 .  (  5.0000E-05 )
  gradient maximum:        1.1165E-02 .  (  4.5000E-04 )
  gradient rms:            1.3687E-03 .  (  3.0000E-04 )
  displacement maximum:    7.6440E-02 .  (  1.8000E-03 )
  displacement rms:        1.4180E-02 .  (  1.2000E-03 )
  
  predicted energy change: -1.1636E-03
  step size:     0.25047
  trust radius:  0.30000
---------------- geometry iteration   7 complete ----------------
geopt (optimize geometry) done.
onee (1-electron integrals) done.
probe (project orbitals) done.
grid (grid generation) done.
rwr (Q operators) done.
  
       i  u  d  i  g
       t  p  i  c  r                                 RMS    maximum
       e  d  i  u  i                       energy  density   DIIS  
       r  t  s  t  d       total energy    change  change    error 
  
etot    1  N  N  2  U   -1936.41535051945           2.8E-04  6.0E-03
etot    2  Y  Y  6  M   -1936.45520418065  4.0E-02  3.6E-05  5.2E-04
etot    3  N  Y  2  U   -1936.45501560797 -1.9E-04  2.7E-05  1.1E-03
etot    4  N  Y  2  U   -1936.45525593999  2.4E-04  9.9E-06  6.3E-04
etot    5  N  Y  2  U   -1936.45530584507  5.0E-05  3.7E-06  1.6E-04
etot    6  N  N  2  U   -1936.45531219307  6.3E-06  0.0E+00  0.0E+00
scf (DFT) done.
der1a (1-e 1st deriv.) done.
rwr (1st deriv. Q) done.
der1b (2-e 1st deriv.) done.
  Geometry optimization step   8
  Total energy:     -1936.53340720652 hartrees
  ** restarting optimization from step    7 **
  energy change:           7.0960E-04 .  (  5.0000E-05 )
  gradient maximum:        1.1165E-02 .  (  4.5000E-04 )
  gradient rms:            1.3687E-03 .  (  3.0000E-04 )
  displacement maximum:    7.3576E-02 .  (  1.8000E-03 )
  displacement rms:        1.1561E-02 .  (  1.2000E-03 )
  
  predicted energy change: -7.0330E-04
  step size:     0.20421
  trust radius:  0.30000
---------------- geometry iteration   8 complete ----------------
geopt (optimize geometry) done.
onee (1-electron integrals) done.
probe (project orbitals) done.
grid (grid generation) done.
rwr (Q operators) done.
  
       i  u  d  i  g
       t  p  i  c  r                                 RMS    maximum
       e  d  i  u  i                       energy  density   DIIS  
       r  t  s  t  d       total energy    change  change    error 
  
etot    1  N  N  2  U   -1936.42592458831           2.4E-04  6.7E-03
etot    2  Y  Y  6  M   -1936.45823460527  3.2E-02  2.5E-05  4.1E-04
etot    3  N  Y  2  U   -1936.45813694956 -9.8E-05  1.7E-05  5.6E-04
etot    4  N  Y  2  U   -1936.45825868976  1.2E-04  7.3E-06  4.3E-04
etot    5  N  Y  2  U   -1936.45828020518  2.2E-05  2.7E-06  1.7E-04
etot    6  N  N  2  U   -1936.45828538514  5.2E-06  0.0E+00  0.0E+00
scf (DFT) done.
der1a (1-e 1st deriv.) done.
rwr (1st deriv. Q) done.
der1b (2-e 1st deriv.) done.
  Geometry optimization step   9
  Total energy:     -1936.53410589089 hartrees
  energy change:           1.0918E-05 *  (  5.0000E-05 )
  gradient maximum:        1.3133E-02 .  (  4.5000E-04 )
  gradient rms:            1.5259E-03 .  (  3.0000E-04 )
  displacement maximum:    1.0564E-01 .  (  1.8000E-03 )
  displacement rms:        1.2826E-02 .  (  1.2000E-03 )
  
  predicted energy change: -1.0088E-03
  step size:     0.22655
  trust radius:  0.30000
---------------- geometry iteration   9 complete ----------------
geopt (optimize geometry) done.
onee (1-electron integrals) done.
probe (project orbitals) done.
grid (grid generation) done.
rwr (Q operators) done.
  
       i  u  d  i  g
       t  p  i  c  r                                 RMS    maximum
       e  d  i  u  i                       energy  density   DIIS  
       r  t  s  t  d       total energy    change  change    error 
  
etot    1  N  N  2  U   -1936.42915372460           2.2E-04  7.1E-03
etot    2  Y  Y  6  M   -1936.45790366024  2.9E-02  3.0E-05  5.6E-04
etot    3  N  Y  2  U   -1936.45762876387 -2.7E-04  2.3E-05  1.6E-03
etot    4  N  Y  2  U   -1936.45794184921  3.1E-04  8.4E-06  5.4E-04
etot    5  N  Y  2  U   -1936.45797029990  2.8E-05  3.0E-06  1.8E-04
etot    6  N  N  2  U   -1936.45797673447  6.4E-06  0.0E+00  0.0E+00
scf (DFT) done.
der1a (1-e 1st deriv.) done.
rwr (1st deriv. Q) done.
der1b (2-e 1st deriv.) done.
  Geometry optimization step  10
  Total energy:     -1936.53412543491 hartrees
  energy change:          -1.9544E-05 *  (  5.0000E-05 )
  gradient maximum:        9.9712E-03 .  (  4.5000E-04 )
  gradient rms:            1.1971E-03 .  (  3.0000E-04 )
  displacement maximum:    5.6361E-02 .  (  1.8000E-03 )
  displacement rms:        8.3323E-03 .  (  1.2000E-03 )
  
  predicted energy change: -5.9912E-04
  step size:     0.14718
  trust radius:  0.30000
---------------- geometry iteration  10 complete ----------------
geopt (optimize geometry) done.
onee (1-electron integrals) done.
probe (project orbitals) done.
grid (grid generation) done.
rwr (Q operators) done.
  
       i  u  d  i  g
       t  p  i  c  r                                 RMS    maximum
       e  d  i  u  i                       energy  density   DIIS  
       r  t  s  t  d       total energy    change  change    error 
  
etot    1  N  N  2  U   -1936.44864411789           1.3E-04  4.1E-03
etot    2  Y  Y  6  M   -1936.45839496055  9.8E-03  1.5E-05  2.0E-04
etot    3  N  Y  2  U   -1936.45837475601 -2.0E-05  9.7E-06  1.9E-04
etot    4  N  Y  2  U   -1936.45840994811  3.5E-05  3.6E-06  1.5E-04
etot    5  N  N  2  U   -1936.45841391389  4.0E-06  0.0E+00  0.0E+00
scf (DFT) done.
der1a (1-e 1st deriv.) done.
rwr (1st deriv. Q) done.
der1b (2-e 1st deriv.) done.
  Geometry optimization step  11
  Total energy:     -1936.53464074297 hartrees
  energy change:          -5.1531E-04 .  (  5.0000E-05 )
  gradient maximum:        3.3331E-03 .  (  4.5000E-04 )
  gradient rms:            5.4679E-04 .  (  3.0000E-04 )
  displacement maximum:    4.8367E-02 .  (  1.8000E-03 )
  displacement rms:        8.9140E-03 .  (  1.2000E-03 )
  
  predicted energy change: -2.6353E-04
  step size:     0.15745
  trust radius:  0.30000
---------------- geometry iteration  11 complete ----------------
geopt (optimize geometry) done.
onee (1-electron integrals) done.
probe (project orbitals) done.
grid (grid generation) done.
rwr (Q operators) done.
  
       i  u  d  i  g
       t  p  i  c  r                                 RMS    maximum
       e  d  i  u  i                       energy  density   DIIS  
       r  t  s  t  d       total energy    change  change    error 
  
etot    1  N  N  2  U   -1936.43647225723           2.0E-04  6.6E-03
etot    2  Y  Y  6  M   -1936.45792641079  2.1E-02  3.4E-05  7.1E-04
etot    3  N  Y  2  U   -1936.45749581499 -4.3E-04  2.7E-05  2.1E-03
etot    4  N  Y  2  U   -1936.45803485950  5.4E-04  6.3E-06  2.9E-04
etot    5  N  Y  2  U   -1936.45804973245  1.5E-05  2.5E-06  1.1E-04
etot    6  N  N  2  U   -1936.45805266594  2.9E-06  0.0E+00  0.0E+00
scf (DFT) done.
der1a (1-e 1st deriv.) done.
rwr (1st deriv. Q) done.
der1b (2-e 1st deriv.) done.
  Geometry optimization step  12
  Total energy:     -1936.53473602141 hartrees
  ** restarting optimization from step   11 **
  energy change:          -9.5278E-05 .  (  5.0000E-05 )
  gradient maximum:        3.3331E-03 .  (  4.5000E-04 )
  gradient rms:            5.4679E-04 .  (  3.0000E-04 )
  displacement maximum:    3.7684E-02 .  (  1.8000E-03 )
  displacement rms:        6.7978E-03 .  (  1.2000E-03 )
  
  predicted energy change: -1.5042E-04
  step size:     0.12007
  trust radius:  0.30000
---------------- geometry iteration  12 complete ----------------
geopt (optimize geometry) done.
onee (1-electron integrals) done.
probe (project orbitals) done.
grid (grid generation) done.
rwr (Q operators) done.
  
       i  u  d  i  g
       t  p  i  c  r                                 RMS    maximum
       e  d  i  u  i                       energy  density   DIIS  
       r  t  s  t  d       total energy    change  change    error 
  
etot    1  N  N  2  U   -1936.43893030644           1.8E-04  6.4E-03
etot    2  Y  Y  6  M   -1936.45836311260  1.9E-02  1.8E-05  5.1E-04
etot    3  N  Y  2  U   -1936.45830507524 -5.8E-05  1.4E-05  6.5E-04
etot    4  N  Y  2  U   -1936.45837091319  6.6E-05  6.2E-06  4.4E-04
etot    5  N  Y  2  U   -1936.45839362311  2.3E-05  1.7E-06  9.2E-05
etot    6  N  N  2  U   -1936.45839587579  2.3E-06  0.0E+00  0.0E+00
scf (DFT) done.
der1a (1-e 1st deriv.) done.
rwr (1st deriv. Q) done.
der1b (2-e 1st deriv.) done.
  Geometry optimization step  13
  Total energy:     -1936.53479486100 hartrees
  energy change:          -1.5412E-04 .  (  5.0000E-05 )
  gradient maximum:        2.3918E-03 .  (  4.5000E-04 )
  gradient rms:            3.9404E-04 .  (  3.0000E-04 )
  displacement maximum:    6.3851E-02 .  (  1.8000E-03 )
  displacement rms:        8.4874E-03 .  (  1.2000E-03 )
  
  predicted energy change: -1.9358E-04
  step size:     0.14992
  trust radius:  0.30000
---------------- geometry iteration  13 complete ----------------
geopt (optimize geometry) done.
onee (1-electron integrals) done.
probe (project orbitals) done.
grid (grid generation) done.
rwr (Q operators) done.
  
       i  u  d  i  g
       t  p  i  c  r                                 RMS    maximum
       e  d  i  u  i                       energy  density   DIIS  
       r  t  s  t  d       total energy    change  change    error 
  
etot    1  N  N  2  U   -1936.45076532696           1.2E-04  3.2E-03
etot    2  Y  Y  6  M   -1936.45835090915  7.6E-03  1.3E-05  2.3E-04
etot    3  N  Y  2  U   -1936.45830437464 -4.7E-05  9.1E-06  3.9E-04
etot    4  N  Y  2  U   -1936.45834481340  4.0E-05  3.2E-06  1.9E-04
etot    5  N  N  2  U   -1936.45834894879  4.1E-06  0.0E+00  0.0E+00
scf (DFT) done.
der1a (1-e 1st deriv.) done.
rwr (1st deriv. Q) done.
der1b (2-e 1st deriv.) done.
  Geometry optimization step  14
  Total energy:     -1936.53480173829 hartrees
  ** restarting optimization from step   13 **
  energy change:          -6.8773E-06 *  (  5.0000E-05 )
  gradient maximum:        2.3918E-03 .  (  4.5000E-04 )
  gradient rms:            3.9404E-04 .  (  3.0000E-04 )
  displacement maximum:    2.3850E-02 .  (  1.8000E-03 )
  displacement rms:        4.2844E-03 .  (  1.2000E-03 )
  
  predicted energy change: -1.1197E-04
  step size:     0.07568
  trust radius:  0.07496
---------------- geometry iteration  14 complete ----------------
geopt (optimize geometry) done.
onee (1-electron integrals) done.
probe (project orbitals) done.
grid (grid generation) done.
rwr (Q operators) done.
  
       i  u  d  i  g
       t  p  i  c  r                                 RMS    maximum
       e  d  i  u  i                       energy  density   DIIS  
       r  t  s  t  d       total energy    change  change    error 
  
etot    1  N  N  2  U   -1936.45335453044           9.7E-05  2.0E-03
etot    2  Y  Y  6  M   -1936.45842103909  5.1E-03  2.0E-05  3.2E-04
etot    3  N  Y  2  U   -1936.45830578799 -1.2E-04  1.5E-05  9.7E-04
etot    4  N  Y  2  U   -1936.45845589436  1.5E-04  3.6E-06  2.0E-04
etot    5  N  N  2  U   -1936.45846178024  5.9E-06  0.0E+00  0.0E+00
scf (DFT) done.
der1a (1-e 1st deriv.) done.
rwr (1st deriv. Q) done.
der1b (2-e 1st deriv.) done.
  Geometry optimization step  15
  Total energy:     -1936.53483689903 hartrees
  energy change:          -4.2038E-05 *  (  5.0000E-05 )
  gradient maximum:        2.7236E-03 .  (  4.5000E-04 )
  gradient rms:            3.2600E-04 .  (  3.0000E-04 )
  displacement maximum:    6.5064E-02 .  (  1.8000E-03 )
  displacement rms:        6.0132E-03 .  (  1.2000E-03 )
  
  predicted energy change: -1.7034E-04
  step size:     0.10621
  trust radius:  0.10601
---------------- geometry iteration  15 complete ----------------
geopt (optimize geometry) done.
onee (1-electron integrals) done.
probe (project orbitals) done.
grid (grid generation) done.
rwr (Q operators) done.
  
       i  u  d  i  g
       t  p  i  c  r                                 RMS    maximum
       e  d  i  u  i                       energy  density   DIIS  
       r  t  s  t  d       total energy    change  change    error 
  
etot    1  N  N  2  U   -1936.44155700968           1.7E-04  5.6E-03
etot    2  Y  Y  6  M   -1936.45839481668  1.7E-02  1.7E-05  3.2E-04
etot    3  N  Y  2  U   -1936.45833189502 -6.3E-05  1.4E-05  7.8E-04
etot    4  N  Y  2  U   -1936.45839561352  6.4E-05  5.4E-06  4.0E-04
etot    5  N  Y  2  U   -1936.45841525590  2.0E-05  1.4E-06  6.7E-05
etot    6  N  N  2  U   -1936.45841633992  1.1E-06  0.0E+00  0.0E+00
scf (DFT) done.
der1a (1-e 1st deriv.) done.
rwr (1st deriv. Q) done.
der1b (2-e 1st deriv.) done.
  Geometry optimization step  16
  Total energy:     -1936.53481701840 hartrees
  energy change:           1.9881E-05 *  (  5.0000E-05 )
  gradient maximum:        1.3270E-03 .  (  4.5000E-04 )
  gradient rms:            1.8976E-04 *  (  3.0000E-04 )
  displacement maximum:    1.8209E-02 .  (  1.8000E-03 )
  displacement rms:        3.0493E-03 .  (  1.2000E-03 )
  
  predicted energy change: -5.3548E-05
  step size:     0.05386
  trust radius:  0.05300
---------------- geometry iteration  16 complete ----------------
geopt (optimize geometry) done.
onee (1-electron integrals) done.
probe (project orbitals) done.
grid (grid generation) done.
rwr (Q operators) done.
  
       i  u  d  i  g
       t  p  i  c  r                                 RMS    maximum
       e  d  i  u  i                       energy  density   DIIS  
       r  t  s  t  d       total energy    change  change    error 
  
etot    1  N  N  2  U   -1936.45519294874           7.9E-05  2.4E-03
etot    2  Y  Y  6  M   -1936.45855610738  3.4E-03  1.1E-05  1.3E-04
etot    3  N  Y  2  U   -1936.45855808704  2.0E-06  8.2E-06  3.9E-04
etot    4  N  Y  2  U   -1936.45858396444  2.6E-05  2.6E-06  1.6E-04
etot    5  N  N  2  U   -1936.45858710024  3.1E-06  0.0E+00  0.0E+00
scf (DFT) done.
der1a (1-e 1st deriv.) done.
rwr (1st deriv. Q) done.
der1b (2-e 1st deriv.) done.
  Geometry optimization step  17
  Total energy:     -1936.53494376667 hartrees
  energy change:          -1.2675E-04 .  (  5.0000E-05 )
  gradient maximum:        1.6411E-03 .  (  4.5000E-04 )
  gradient rms:            1.8131E-04 *  (  3.0000E-04 )
  displacement maximum:    1.1549E-02 .  (  1.8000E-03 )
  displacement rms:        1.5501E-03 .  (  1.2000E-03 )
  
  predicted energy change: -2.4601E-05
  step size:     0.02738
  trust radius:  0.02650
---------------- geometry iteration  17 complete ----------------
geopt (optimize geometry) done.
onee (1-electron integrals) done.
probe (project orbitals) done.
grid (grid generation) done.
rwr (Q operators) done.
  
       i  u  d  i  g
       t  p  i  c  r                                 RMS    maximum
       e  d  i  u  i                       energy  density   DIIS  
       r  t  s  t  d       total energy    change  change    error 
  
etot    1  N  N  2  U   -1936.45760423334           4.2E-05  1.7E-03
etot    2  N  Y  2  U   -1936.45846160714  8.6E-04  8.3E-06  1.5E-04
etot    3  N  Y  2  U   -1936.45843482878 -2.7E-05  6.5E-06  4.8E-04
etot    4  N  Y  2  U   -1936.45846625919  3.1E-05  1.4E-06  6.8E-05
etot    5  N  N  2  U   -1936.45846693235  6.7E-07  0.0E+00  0.0E+00
scf (DFT) done.
der1a (1-e 1st deriv.) done.
rwr (1st deriv. Q) done.
der1b (2-e 1st deriv.) done.
  Geometry optimization step  18
  Total energy:     -1936.53476864054 hartrees
  energy change:           1.7513E-04 .  (  5.0000E-05 )
  gradient maximum:        1.9197E-03 .  (  4.5000E-04 )
  gradient rms:            1.7432E-04 *  (  3.0000E-04 )
  displacement maximum:    9.7962E-03 .  (  1.8000E-03 )
  displacement rms:        1.5096E-03 .  (  1.2000E-03 )
  
  predicted energy change: -3.1268E-05
  step size:     0.02666
  trust radius:  0.02650
---------------- geometry iteration  18 complete ----------------
geopt (optimize geometry) done.
onee (1-electron integrals) done.
probe (project orbitals) done.
grid (grid generation) done.
rwr (Q operators) done.
  
       i  u  d  i  g
       t  p  i  c  r                                 RMS    maximum
       e  d  i  u  i                       energy  density   DIIS  
       r  t  s  t  d       total energy    change  change    error 
  
etot    1  N  N  2  U   -1936.45746025634           4.4E-05  1.9E-03
etot    2  N  Y  2  U   -1936.45845661399  1.0E-03  6.8E-06  8.9E-05
etot    3  N  Y  2  U   -1936.45844821265 -8.4E-06  5.0E-06  2.4E-04
etot    4  N  Y  2  U   -1936.45845981562  1.2E-05  1.4E-06  7.5E-05
etot    5  N  N  2  U   -1936.45846062848  8.1E-07  0.0E+00  0.0E+00
scf (DFT) done.
der1a (1-e 1st deriv.) done.
rwr (1st deriv. Q) done.
der1b (2-e 1st deriv.) done.
  Geometry optimization step  19
  Total energy:     -1936.53474481758 hartrees
  energy change:           2.3823E-05 *  (  5.0000E-05 )
  gradient maximum:        1.6870E-03 .  (  4.5000E-04 )
  gradient rms:            1.5710E-04 *  (  3.0000E-04 )
  displacement maximum:    1.2389E-02 .  (  1.8000E-03 )
  displacement rms:        2.1234E-03 .  (  1.2000E-03 )
  
  predicted energy change: -3.9943E-05
  step size:     0.03751
  trust radius:  0.03748
---------------- geometry iteration  19 complete ----------------
geopt (optimize geometry) done.
onee (1-electron integrals) done.
probe (project orbitals) done.
grid (grid generation) done.
rwr (Q operators) done.
  
       i  u  d  i  g
       t  p  i  c  r                                 RMS    maximum
       e  d  i  u  i                       energy  density   DIIS  
       r  t  s  t  d       total energy    change  change    error 
  
etot    1  N  N  2  U   -1936.45695594648           5.3E-05  1.6E-03
etot    2  Y  Y  6  M   -1936.45838698994  1.4E-03  7.8E-06  1.1E-04
etot    3  N  Y  2  U   -1936.45837679687 -1.0E-05  5.8E-06  2.4E-04
etot    4  N  Y  2  U   -1936.45839014970  1.3E-05  1.7E-06  1.0E-04
etot    5  N  N  2  U   -1936.45839180657  1.7E-06  0.0E+00  0.0E+00
scf (DFT) done.
der1a (1-e 1st deriv.) done.
rwr (1st deriv. Q) done.
der1b (2-e 1st deriv.) done.
  Geometry optimization step  20
  Total energy:     -1936.53465654849 hartrees
  energy change:           8.8269E-05 .  (  5.0000E-05 )
  gradient maximum:        1.9140E-03 .  (  4.5000E-04 )
  gradient rms:            1.6382E-04 *  (  3.0000E-04 )
  displacement maximum:    1.6310E-02 .  (  1.8000E-03 )
  displacement rms:        2.1285E-03 .  (  1.2000E-03 )
  
  predicted energy change: -4.4764E-05
  step size:     0.03760
  trust radius:  0.03748
---------------- geometry iteration  20 complete ----------------
geopt (optimize geometry) done.
onee (1-electron integrals) done.
probe (project orbitals) done.
grid (grid generation) done.
rwr (Q operators) done.
  
       i  u  d  i  g
       t  p  i  c  r                                 RMS    maximum
       e  d  i  u  i                       energy  density   DIIS  
       r  t  s  t  d       total energy    change  change    error 
  
etot    1  N  N  2  U   -1936.45695629828           5.5E-05  1.8E-03
etot    2  Y  Y  6  M   -1936.45840441785  1.4E-03  7.9E-06  1.4E-04
etot    3  N  Y  2  U   -1936.45839320045 -1.1E-05  5.9E-06  3.4E-04
etot    4  N  Y  2  U   -1936.45840968571  1.6E-05  1.8E-06  1.2E-04
etot    5  N  N  2  U   -1936.45841168239  2.0E-06  0.0E+00  0.0E+00
scf (DFT) done.
der1a (1-e 1st deriv.) done.
rwr (1st deriv. Q) done.
der1b (2-e 1st deriv.) done.
  Geometry optimization step  21
  Total energy:     -1936.53467209012 hartrees
  energy change:          -1.5542E-05 *  (  5.0000E-05 )
  gradient maximum:        1.3009E-03 .  (  4.5000E-04 )
  gradient rms:            1.5430E-04 *  (  3.0000E-04 )
  displacement maximum:    2.5722E-02 .  (  1.8000E-03 )
  displacement rms:        3.0389E-03 .  (  1.2000E-03 )
  
  predicted energy change: -7.1676E-05
  step size:     0.05368
  trust radius:  0.05300
---------------- geometry iteration  21 complete ----------------
geopt (optimize geometry) done.
onee (1-electron integrals) done.
probe (project orbitals) done.
grid (grid generation) done.
rwr (Q operators) done.
  
       i  u  d  i  g
       t  p  i  c  r                                 RMS    maximum
       e  d  i  u  i                       energy  density   DIIS  
       r  t  s  t  d       total energy    change  change    error 
  
etot    1  N  N  2  U   -1936.45552194816           8.1E-05  3.3E-03
etot    2  Y  Y  6  M   -1936.45850187407  3.0E-03  1.0E-05  2.4E-04
etot    3  N  Y  2  U   -1936.45849053282 -1.1E-05  7.4E-06  2.2E-04
etot    4  N  Y  2  U   -1936.45850124191  1.1E-05  2.8E-06  1.4E-04
etot    5  N  N  2  U   -1936.45850619734  5.0E-06  0.0E+00  0.0E+00
scf (DFT) done.
der1a (1-e 1st deriv.) done.
rwr (1st deriv. Q) done.
der1b (2-e 1st deriv.) done.
  Geometry optimization step  22
  Total energy:     -1936.53472921399 hartrees
  energy change:          -5.7124E-05 .  (  5.0000E-05 )
  gradient maximum:        8.2688E-04 .  (  4.5000E-04 )
  gradient rms:            1.6976E-04 *  (  3.0000E-04 )
  displacement maximum:    3.0409E-02 .  (  1.8000E-03 )
  displacement rms:        4.2450E-03 .  (  1.2000E-03 )
  
  predicted energy change: -8.6453E-05
  step size:     0.07498
  trust radius:  0.07496
---------------- geometry iteration  22 complete ----------------
geopt (optimize geometry) done.
onee (1-electron integrals) done.
probe (project orbitals) done.
grid (grid generation) done.
rwr (Q operators) done.
  
       i  u  d  i  g
       t  p  i  c  r                                 RMS    maximum
       e  d  i  u  i                       energy  density   DIIS  
       r  t  s  t  d       total energy    change  change    error 
  
etot    1  N  N  2  U   -1936.45281855419           1.1E-04  5.7E-03
etot    2  Y  Y  6  M   -1936.45846823878  5.6E-03  1.4E-05  3.3E-04
etot    3  N  Y  2  U   -1936.45845069291 -1.8E-05  1.0E-05  3.2E-04
etot    4  N  Y  2  U   -1936.45847320895  2.3E-05  3.9E-06  2.5E-04
etot    5  N  Y  2  U   -1936.45848421921  1.1E-05  1.1E-06  3.7E-05
etot    6  N  N  2  U   -1936.45848466836  4.5E-07  0.0E+00  0.0E+00
scf (DFT) done.
der1a (1-e 1st deriv.) done.
rwr (1st deriv. Q) done.
der1b (2-e 1st deriv.) done.
  Geometry optimization step  23
  Total energy:     -1936.53465696271 hartrees
  energy change:           7.2251E-05 .  (  5.0000E-05 )
  gradient maximum:        6.3025E-04 .  (  4.5000E-04 )
  gradient rms:            1.3882E-04 *  (  3.0000E-04 )
  displacement maximum:    1.7367E-02 .  (  1.8000E-03 )
  displacement rms:        2.1587E-03 .  (  1.2000E-03 )
  
  predicted energy change: -4.8247E-05
  step size:     0.03813
  trust radius:  0.03748
---------------- geometry iteration  23 complete ----------------
geopt (optimize geometry) done.
onee (1-electron integrals) done.
probe (project orbitals) done.
grid (grid generation) done.
rwr (Q operators) done.
  
       i  u  d  i  g
       t  p  i  c  r                                 RMS    maximum
       e  d  i  u  i                       energy  density   DIIS  
       r  t  s  t  d       total energy    change  change    error 
  
etot    1  N  N  2  U   -1936.45709012097           5.7E-05  3.6E-03
etot    2  Y  Y  6  M   -1936.45854346636  1.5E-03  9.4E-06  2.0E-04
etot    3  N  Y  2  U   -1936.45852980524 -1.4E-05  7.0E-06  2.4E-04
etot    4  N  Y  2  U   -1936.45854507954  1.5E-05  2.2E-06  1.2E-04
etot    5  N  N  2  U   -1936.45854714734  2.1E-06  0.0E+00  0.0E+00
scf (DFT) done.
der1a (1-e 1st deriv.) done.
rwr (1st deriv. Q) done.
der1b (2-e 1st deriv.) done.
  Geometry optimization step  24
  Total energy:     -1936.53469053882 hartrees
  energy change:          -3.3576E-05 *  (  5.0000E-05 )
  gradient maximum:        6.9859E-04 .  (  4.5000E-04 )
  gradient rms:            1.2434E-04 *  (  3.0000E-04 )
  displacement maximum:    3.1340E-02 .  (  1.8000E-03 )
  displacement rms:        4.2474E-03 .  (  1.2000E-03 )
  
  predicted energy change: -8.9317E-05
  step size:     0.07502
  trust radius:  0.07496
---------------- geometry iteration  24 complete ----------------
geopt (optimize geometry) done.
onee (1-electron integrals) done.
probe (project orbitals) done.
grid (grid generation) done.
rwr (Q operators) done.
  
       i  u  d  i  g
       t  p  i  c  r                                 RMS    maximum
       e  d  i  u  i                       energy  density   DIIS  
       r  t  s  t  d       total energy    change  change    error 
  
etot    1  N  N  2  U   -1936.45356907413           1.1E-04  6.1E-03
etot    2  Y  Y  6  M   -1936.45868855683  5.1E-03  1.3E-05  3.5E-04
etot    3  N  Y  2  U   -1936.45866027636 -2.8E-05  9.6E-06  3.9E-04
etot    4  N  Y  2  U   -1936.45868414749  2.4E-05  3.9E-06  2.5E-04
etot    5  N  N  2  U   -1936.45869405925  9.9E-06  0.0E+00  0.0E+00
scf (DFT) done.
der1a (1-e 1st deriv.) done.
rwr (1st deriv. Q) done.
der1b (2-e 1st deriv.) done.
  Geometry optimization step  25
  Total energy:     -1936.53480417468 hartrees
  energy change:          -1.1364E-04 .  (  5.0000E-05 )
  gradient maximum:        9.1390E-04 .  (  4.5000E-04 )
  gradient rms:            1.3873E-04 *  (  3.0000E-04 )
  displacement maximum:    1.7559E-02 .  (  1.8000E-03 )
  displacement rms:        2.1757E-03 .  (  1.2000E-03 )
  
  predicted energy change: -3.2246E-05
  step size:     0.03843
  trust radius:  0.03748
---------------- geometry iteration  25 complete ----------------
geopt (optimize geometry) done.
onee (1-electron integrals) done.
probe (project orbitals) done.
grid (grid generation) done.
rwr (Q operators) done.
  
       i  u  d  i  g
       t  p  i  c  r                                 RMS    maximum
       e  d  i  u  i                       energy  density   DIIS  
       r  t  s  t  d       total energy    change  change    error 
  
etot    1  N  N  2  U   -1936.45751555297           5.0E-05  2.9E-03
etot    2  Y  Y  6  M   -1936.45865997626  1.1E-03  9.1E-06  1.7E-04
etot    3  N  Y  2  U   -1936.45863246069 -2.8E-05  7.3E-06  4.9E-04
etot    4  N  Y  2  U   -1936.45866981407  3.7E-05  1.6E-06  8.3E-05
etot    5  N  N  2  U   -1936.45867115801  1.3E-06  0.0E+00  0.0E+00
scf (DFT) done.
der1a (1-e 1st deriv.) done.
rwr (1st deriv. Q) done.
der1b (2-e 1st deriv.) done.
  Geometry optimization step  26
  Total energy:     -1936.53474848585 hartrees
  energy change:           5.5689E-05 .  (  5.0000E-05 )
  gradient maximum:        6.2902E-04 .  (  4.5000E-04 )
  gradient rms:            9.6518E-05 *  (  3.0000E-04 )
  displacement maximum:    3.6059E-02 .  (  1.8000E-03 )
  displacement rms:        4.2539E-03 .  (  1.2000E-03 )
  
  predicted energy change: -2.7948E-05
  step size:     0.07514
  trust radius:  0.07496
---------------- geometry iteration  26 complete ----------------
geopt (optimize geometry) done.
onee (1-electron integrals) done.
probe (project orbitals) done.
grid (grid generation) done.
rwr (Q operators) done.
  
       i  u  d  i  g
       t  p  i  c  r                                 RMS    maximum
       e  d  i  u  i                       energy  density   DIIS  
       r  t  s  t  d       total energy    change  change    error 
  
etot    1  N  N  2  U   -1936.45264498088           1.1E-04  6.3E-03
etot    2  Y  Y  6  M   -1936.45869796590  6.1E-03  1.2E-05  3.4E-04
etot    3  N  Y  2  U   -1936.45869581885 -2.1E-06  9.6E-06  2.6E-04
etot    4  N  Y  2  U   -1936.45871285490  1.7E-05  3.8E-06  1.9E-04
etot    5  N  N  2  U   -1936.45872121511  8.4E-06  0.0E+00  0.0E+00
scf (DFT) done.
der1a (1-e 1st deriv.) done.
rwr (1st deriv. Q) done.
der1b (2-e 1st deriv.) done.
  Geometry optimization step  27
  Total energy:     -1936.53474079992 hartrees
  energy change:           7.6859E-06 *  (  5.0000E-05 )
  gradient maximum:        8.6689E-04 .  (  4.5000E-04 )
  gradient rms:            1.4758E-04 *  (  3.0000E-04 )
  displacement maximum:    8.0819E-03 .  (  1.8000E-03 )
  displacement rms:        1.8044E-03 .  (  1.2000E-03 )
  
  predicted energy change: -1.5327E-05
  step size:     0.03187
  trust radius:  0.03748
---------------- geometry iteration  27 complete ----------------
geopt (optimize geometry) done.
onee (1-electron integrals) done.
probe (project orbitals) done.
grid (grid generation) done.
rwr (Q operators) done.
  
       i  u  d  i  g
       t  p  i  c  r                                 RMS    maximum
       e  d  i  u  i                       energy  density   DIIS  
       r  t  s  t  d       total energy    change  change    error 
  
etot    1  N  N  2  U   -1936.45767357881           4.8E-05  1.5E-03
etot    2  N  Y  2  U   -1936.45897831356  1.3E-03  9.5E-06  1.4E-04
etot    3  N  Y  2  U   -1936.45894692035 -3.1E-05  7.2E-06  4.6E-04
etot    4  N  Y  2  U   -1936.45898331517  3.6E-05  1.6E-06  7.9E-05
etot    5  N  N  2  U   -1936.45898448578  1.2E-06  0.0E+00  0.0E+00
scf (DFT) done.
der1a (1-e 1st deriv.) done.
rwr (1st deriv. Q) done.
der1b (2-e 1st deriv.) done.
  Geometry optimization step  28
  Total energy:     -1936.53499165652 hartrees
  energy change:          -2.5086E-04 .  (  5.0000E-05 )
  gradient maximum:        1.7414E-03 .  (  4.5000E-04 )
  gradient rms:            2.0144E-04 *  (  3.0000E-04 )
  displacement maximum:    1.5068E-02 .  (  1.8000E-03 )
  displacement rms:        1.6253E-03 .  (  1.2000E-03 )
  
  predicted energy change: -1.2686E-05
  step size:     0.02871
  trust radius:  0.05300
---------------- geometry iteration  28 complete ----------------
geopt (optimize geometry) done.
onee (1-electron integrals) done.
probe (project orbitals) done.
grid (grid generation) done.
rwr (Q operators) done.
  
       i  u  d  i  g
       t  p  i  c  r                                 RMS    maximum
       e  d  i  u  i                       energy  density   DIIS  
       r  t  s  t  d       total energy    change  change    error 
  
etot    1  N  N  2  U   -1936.45804086817           4.2E-05  1.2E-03
etot    2  N  Y  2  U   -1936.45901716551  9.8E-04  5.9E-06  8.4E-05
etot    3  N  Y  2  U   -1936.45901031638 -6.8E-06  4.7E-06  2.1E-04
etot    4  N  N  2  U   -1936.45901922572  8.9E-06  0.0E+00  0.0E+00
scf (DFT) done.
der1a (1-e 1st deriv.) done.
rwr (1st deriv. Q) done.
der1b (2-e 1st deriv.) done.
  Geometry optimization step  29
  Total energy:     -1936.53505603739 hartrees
  energy change:          -6.4381E-05 .  (  5.0000E-05 )
  gradient maximum:        1.3274E-03 .  (  4.5000E-04 )
  gradient rms:            1.6545E-04 *  (  3.0000E-04 )
  displacement maximum:    7.2342E-03 .  (  1.8000E-03 )
  displacement rms:        1.2738E-03 .  (  1.2000E-03 )
  
  predicted energy change: -9.7506E-06
  step size:     0.02250
  trust radius:  0.05300
---------------- geometry iteration  29 complete ----------------
geopt (optimize geometry) done.
onee (1-electron integrals) done.
probe (project orbitals) done.
grid (grid generation) done.
rwr (Q operators) done.
  
       i  u  d  i  g
       t  p  i  c  r                                 RMS    maximum
       e  d  i  u  i                       energy  density   DIIS  
       r  t  s  t  d       total energy    change  change    error 
  
etot    1  N  N  2  U   -1936.45863708151           2.5E-05  5.5E-04
etot    2  N  Y  2  U   -1936.45892406861  2.9E-04  1.3E-05  2.5E-04
etot    3  N  Y  2  U   -1936.45885406563 -7.0E-05  9.7E-06  7.4E-04
etot    4  N  Y  2  U   -1936.45893512259  8.1E-05  1.2E-06  4.3E-05
etot    5  N  N  2  U   -1936.45893539684  2.7E-07  0.0E+00  0.0E+00
scf (DFT) done.
der1a (1-e 1st deriv.) done.
rwr (1st deriv. Q) done.
der1b (2-e 1st deriv.) done.
  Geometry optimization step  30
  Total energy:     -1936.53496803685 hartrees
  energy change:           8.8001E-05 .  (  5.0000E-05 )
  gradient maximum:        5.2423E-04 .  (  4.5000E-04 )
  gradient rms:            8.9937E-05 *  (  3.0000E-04 )
  displacement maximum:    9.7095E-03 .  (  1.8000E-03 )
  displacement rms:        1.3585E-03 .  (  1.2000E-03 )
  
  predicted energy change: -6.1078E-06
  step size:     0.02400
  trust radius:  0.05300
---------------- geometry iteration  30 complete ----------------
geopt (optimize geometry) done.
onee (1-electron integrals) done.
probe (project orbitals) done.
grid (grid generation) done.
rwr (Q operators) done.
  
       i  u  d  i  g
       t  p  i  c  r                                 RMS    maximum
       e  d  i  u  i                       energy  density   DIIS  
       r  t  s  t  d       total energy    change  change    error 
  
etot    1  N  N  2  U   -1936.45833413698           3.2E-05  9.0E-04
etot    2  N  Y  2  U   -1936.45891326354  5.8E-04  6.9E-06  8.7E-05
etot    3  N  Y  2  U   -1936.45890307169 -1.0E-05  5.5E-06  2.4E-04
etot    4  N  Y  2  U   -1936.45891571521  1.3E-05  9.3E-07  3.3E-05
etot    5  N  N  2  U   -1936.45891603216  3.2E-07  0.0E+00  0.0E+00
scf (DFT) done.
der1a (1-e 1st deriv.) done.
rwr (1st deriv. Q) done.
der1b (2-e 1st deriv.) done.
  Geometry optimization step  31
  Total energy:     -1936.53492287093 hartrees
  energy change:           4.5166E-05 *  (  5.0000E-05 )
  gradient maximum:        6.6267E-04 .  (  4.5000E-04 )
  gradient rms:            7.9383E-05 *  (  3.0000E-04 )
  displacement maximum:    3.0362E-03 .  (  1.8000E-03 )
  displacement rms:        5.6377E-04 *  (  1.2000E-03 )
  
  predicted energy change: -2.5677E-06
  step size:     0.00996
  trust radius:  0.05300
---------------- geometry iteration  31 complete ----------------
geopt (optimize geometry) done.
onee (1-electron integrals) done.
probe (project orbitals) done.
grid (grid generation) done.
rwr (Q operators) done.
  
       i  u  d  i  g
       t  p  i  c  r                                 RMS    maximum
       e  d  i  u  i                       energy  density   DIIS  
       r  t  s  t  d       total energy    change  change    error 
  
etot    1  N  N  2  U   -1936.45884639052           1.3E-05  5.1E-04
etot    2  N  Y  2  U   -1936.45893452114  8.8E-05  5.2E-06  1.0E-04
etot    3  N  Y  2  U   -1936.45892345873 -1.1E-05  3.9E-06  3.0E-04
etot    4  N  Y  2  U   -1936.45893614787  1.3E-05  5.5E-07  2.0E-05
etot    5  N  N  2  U   -1936.45893624841  1.0E-07  0.0E+00  0.0E+00
scf (DFT) done.
der1a (1-e 1st deriv.) done.
rwr (1st deriv. Q) done.
der1b (2-e 1st deriv.) done.
  Geometry optimization step  32
  Total energy:     -1936.53493836412 hartrees
  energy change:          -1.5493E-05 *  (  5.0000E-05 )
  gradient maximum:        2.6677E-04 *  (  4.5000E-04 )
  gradient rms:            4.7624E-05 #  (  3.0000E-04 )
  displacement maximum:    6.8163E-03 .  (  1.8000E-03 )
  displacement rms:        8.5810E-04 *  (  1.2000E-03 )
  
  predicted energy change: -2.0999E-06
  step size:     0.01516
  trust radius:  0.05300
------------- final geometry iteration  32 complete -------------
geopt (optimize geometry) done.
cutabab2 (abab integrals) done.
der2a (1-e JK-1st deriv.) done.
der2b (2-e JK-1st deriv.) done.
der2nda (1-e 2nd deriv.) done.
der2ndb (2-e 2nd deriv.) done.
rwr (Q operators) done.
cphfa (gradient of wave function) done.
freq (vib. frequencies) done.
Job J1_10515_2111 completed on hpc-21-27.cm.cluster at Wed May 29 13:16:49 2024
Timer (jaguar_backend.py) : 10859.12 secs (3 hrs, 00 mins, 59 secs)
Finished:   Wed May 29 13:16:49 2024
