Command:  /groups/wag/programs/Schrodinger_2020_3/jaguar run -WAIT -PARALLEL 8 /central/home/labounad/wittig-ch121/out/J1_10502_2111/J1_10502_2111.in
Release:  2020-3
Exec:     /groups/wag/programs/Schrodinger_2020_3/jaguar-v10.9/bin/Linux-x86_64
Host:     hpc-21-27.cm.cluster
JobId:    hpc-21-27-0-66572263
JobDir:   /central/scratch/labounad/J1_10502_2111#hpc-21-27-0-66572263
Date:     Wed May 29 05:41:09 2024

Contents of /central/scratch/labounad/J1_10502_2111#hpc-21-27-0-66572263:
/central/scratch/labounad/J1_10502_2111#hpc-21-27-0-66572263/.write_dir.json
/central/scratch/labounad/J1_10502_2111#hpc-21-27-0-66572263/J1_10502_2111.recover
/central/scratch/labounad/J1_10502_2111#hpc-21-27-0-66572263/hpc-21-27-0-66572263.nodes
/central/scratch/labounad/J1_10502_2111#hpc-21-27-0-66572263/hpc-21-27-0-66572263
/central/scratch/labounad/J1_10502_2111#hpc-21-27-0-66572263/J1_10502_2111.log
/central/scratch/labounad/J1_10502_2111#hpc-21-27-0-66572263/J1_10502_2111.in
/central/scratch/labounad/J1_10502_2111#hpc-21-27-0-66572263/hpc-21-27-0-66572263.mpinodes
/central/scratch/labounad/J1_10502_2111#hpc-21-27-0-66572263/hpc-21-27-0-66572263.recover

Executing subprocess:
/groups/wag/programs/Schrodinger_2020_3/jaguar-v10.9/bin/Linux-x86_64/jexec J1_10502_2111.in -T 8 -out /central/scratch/labounad/J1_10502_2111#hpc-21-27-0-66572263 -cwd

Job J1_10502_2111 started on hpc-21-27.cm.cluster at Wed May 29 05:41:09 2024
jobid: hpc-21-27-0-66572263 
Jaguar version 10.9, release 139
 Using up to   8 threads per process
Molecular Point Group: C1      
Point Group used: C1
pre (input checking) done.
onee (1-electron integrals) done.
hfig (HF initial guess) done.
probe (project orbitals) done.
grid (grid generation) done.
rwr (Q operators) done.
scf type: DFT=PBE(X+LC)+PW91 (PBE-D3)
  
       i  u  d  i  g
       t  p  i  c  r                                 RMS    maximum
       e  d  i  u  i                       energy  density   DIIS  
       r  t  s  t  d       total energy    change  change    error 
  
etot    1  N  N  5  M   -1539.65231522584           7.6E-03  1.1E-01
etot    2  Y  Y  6  M   -1535.54984728740 -4.1E+00  7.3E-03  1.3E-01
etot    3  Y  Y  6  M   -1540.08429324096  4.5E+00  4.4E-03  1.2E-01
etot    4  N  Y  2  U   -1537.60519976082 -2.5E+00  9.6E-03  1.2E-01
etot    5  N  Y  2  U   -1537.61033102352  5.1E-03  8.9E-03  1.2E-01
etot    6  Y  Y  6  M   -1543.63056374486  6.0E+00  1.3E-03  6.1E-02
etot    7  N  Y  2  U   -1543.57836739948 -5.2E-02  8.8E-04  4.9E-02
etot    8  N  Y  2  U   -1543.82731773285  2.5E-01  2.9E-04  9.5E-03
etot    9  Y  Y  6  M   -1543.83965950089  1.2E-02  1.3E-04  4.1E-03
etot   10  N  Y  2  U   -1543.84239188812  2.7E-03  4.9E-05  1.9E-03
etot   11  N  Y  2  U   -1543.84284343882  4.5E-04  4.2E-05  1.6E-03
etot   12  N  Y  2  U   -1543.84321117054  3.7E-04  2.6E-05  7.4E-04
etot   13  N  Y  2  U   -1543.84332306721  1.1E-04  1.1E-05  4.5E-04
etot   14  N  Y  2  U   -1543.84335162440  2.9E-05  5.8E-06  2.0E-04
etot   15  N  Y  2  U   -1543.84335813171  6.5E-06  2.1E-06  4.5E-05
etot   16  N  N  2  U   -1543.84335899968  8.7E-07  0.0E+00  0.0E+00
scf (DFT) done.
der1a (1-e 1st deriv.) done.
rwr (1st deriv. Q) done.
der1b (2-e 1st deriv.) done.
  Geometry optimization step   1
  Total energy:     -1543.89457607998 hartrees
  gradient maximum:        4.6961E-02 .  (  4.5000E-04 )
  gradient rms:            9.3583E-03 .  (  3.0000E-04 )
  displacement maximum:    1.0468E-01 .  (  1.8000E-03 )
  displacement rms:        2.0145E-02 .  (  1.2000E-03 )
  
  predicted energy change: -2.7400E-02
  step size:     0.30015
  trust radius:  0.30000
---------------- geometry iteration   1 complete ----------------
geopt (optimize geometry) done.
onee (1-electron integrals) done.
probe (project orbitals) done.
grid (grid generation) done.
rwr (Q operators) done.
  
       i  u  d  i  g
       t  p  i  c  r                                 RMS    maximum
       e  d  i  u  i                       energy  density   DIIS  
       r  t  s  t  d       total energy    change  change    error 
  
etot    1  N  N  2  U   -1543.85877101624           2.9E-04  3.6E-03
etot    2  Y  Y  6  M   -1543.86722296800  8.5E-03  1.8E-04  3.8E-03
etot    3  N  Y  2  U   -1543.86416516251 -3.1E-03  1.2E-04  6.7E-03
etot    4  Y  Y  6  M   -1543.86897969603  4.8E-03  2.8E-05  1.6E-03
etot    5  N  Y  2  U   -1543.86926001709  2.8E-04  7.7E-06  1.0E-04
etot    6  N  Y  2  U   -1543.86926687653  6.9E-06  2.4E-06  7.4E-05
etot    7  N  N  2  U   -1543.86926799179  1.1E-06  0.0E+00  0.0E+00
scf (DFT) done.
der1a (1-e 1st deriv.) done.
rwr (1st deriv. Q) done.
der1b (2-e 1st deriv.) done.
  Geometry optimization step   2
  Total energy:     -1543.92025254099 hartrees
  energy change:          -2.5676E-02 .  (  5.0000E-05 )
  gradient maximum:        1.8709E-02 .  (  4.5000E-04 )
  gradient rms:            3.1770E-03 .  (  3.0000E-04 )
  displacement maximum:    9.5253E-02 .  (  1.8000E-03 )
  displacement rms:        2.0137E-02 .  (  1.2000E-03 )
  
  predicted energy change: -6.8126E-03
  step size:     0.30004
  trust radius:  0.30000
---------------- geometry iteration   2 complete ----------------
geopt (optimize geometry) done.
onee (1-electron integrals) done.
probe (project orbitals) done.
grid (grid generation) done.
rwr (Q operators) done.
  
       i  u  d  i  g
       t  p  i  c  r                                 RMS    maximum
       e  d  i  u  i                       energy  density   DIIS  
       r  t  s  t  d       total energy    change  change    error 
  
etot    1  N  N  2  U   -1543.85164026381           3.3E-04  1.1E-02
etot    2  Y  Y  6  M   -1543.87511137214  2.3E-02  1.5E-04  2.5E-03
etot    3  N  Y  2  U   -1543.87065468406 -4.5E-03  1.1E-04  6.8E-03
etot    4  Y  Y  6  M   -1543.87583983126  5.2E-03  1.7E-05  6.5E-04
etot    5  N  Y  2  U   -1543.87597280294  1.3E-04  5.9E-06  1.3E-04
etot    6  N  Y  2  U   -1543.87597910710  6.3E-06  2.1E-06  5.5E-05
etot    7  N  N  2  U   -1543.87597967256  5.7E-07  0.0E+00  0.0E+00
scf (DFT) done.
der1a (1-e 1st deriv.) done.
rwr (1st deriv. Q) done.
der1b (2-e 1st deriv.) done.
  Geometry optimization step   3
  Total energy:     -1543.92665319435 hartrees
  energy change:          -6.4007E-03 .  (  5.0000E-05 )
  gradient maximum:        1.5405E-02 .  (  4.5000E-04 )
  gradient rms:            1.8790E-03 .  (  3.0000E-04 )
  displacement maximum:    1.0483E-01 .  (  1.8000E-03 )
  displacement rms:        2.0135E-02 .  (  1.2000E-03 )
  
  predicted energy change: -2.2872E-03
  step size:     0.30001
  trust radius:  0.30000
---------------- geometry iteration   3 complete ----------------
geopt (optimize geometry) done.
onee (1-electron integrals) done.
probe (project orbitals) done.
grid (grid generation) done.
rwr (Q operators) done.
  
       i  u  d  i  g
       t  p  i  c  r                                 RMS    maximum
       e  d  i  u  i                       energy  density   DIIS  
       r  t  s  t  d       total energy    change  change    error 
  
etot    1  N  N  2  U   -1543.83256229703           4.2E-04  1.8E-02
etot    2  Y  Y  6  M   -1543.87648277639  4.4E-02  5.9E-05  8.4E-04
etot    3  N  Y  2  U   -1543.87600260690 -4.8E-04  4.7E-05  2.4E-03
etot    4  N  Y  2  U   -1543.87650051971  5.0E-04  1.7E-05  9.7E-04
etot    5  N  Y  2  U   -1543.87658814326  8.8E-05  5.1E-06  1.8E-04
etot    6  N  Y  2  U   -1543.87659563137  7.5E-06  1.8E-06  3.3E-05
etot    7  N  N  2  U   -1543.87659581848  1.9E-07  0.0E+00  0.0E+00
scf (DFT) done.
der1a (1-e 1st deriv.) done.
rwr (1st deriv. Q) done.
der1b (2-e 1st deriv.) done.
  Geometry optimization step   4
  Total energy:     -1543.92789404898 hartrees
  energy change:          -1.2409E-03 .  (  5.0000E-05 )
  gradient maximum:        1.4949E-02 .  (  4.5000E-04 )
  gradient rms:            2.0881E-03 .  (  3.0000E-04 )
  displacement maximum:    1.2270E-01 .  (  1.8000E-03 )
  displacement rms:        1.9989E-02 .  (  1.2000E-03 )
  
  predicted energy change: -1.4988E-03
  step size:     0.29783
  trust radius:  0.30000
---------------- geometry iteration   4 complete ----------------
geopt (optimize geometry) done.
onee (1-electron integrals) done.
probe (project orbitals) done.
grid (grid generation) done.
rwr (Q operators) done.
  
       i  u  d  i  g
       t  p  i  c  r                                 RMS    maximum
       e  d  i  u  i                       energy  density   DIIS  
       r  t  s  t  d       total energy    change  change    error 
  
etot    1  N  N  2  U   -1543.81724449593           4.7E-04  1.7E-02
etot    2  Y  Y  6  M   -1543.87770936652  6.0E-02  4.7E-05  6.9E-04
etot    3  N  Y  2  U   -1543.87744950832 -2.6E-04  3.6E-05  1.4E-03
etot    4  N  Y  2  U   -1543.87765261040  2.0E-04  1.5E-05  9.0E-04
etot    5  N  Y  2  U   -1543.87771830543  6.6E-05  5.1E-06  2.6E-04
etot    6  N  Y  2  U   -1543.87772589065  7.6E-06  1.8E-06  5.5E-05
etot    7  N  N  2  U   -1543.87772624307  3.5E-07  0.0E+00  0.0E+00
scf (DFT) done.
der1a (1-e 1st deriv.) done.
rwr (1st deriv. Q) done.
der1b (2-e 1st deriv.) done.
  Geometry optimization step   5
  Total energy:     -1543.92955058994 hartrees
  energy change:          -1.6565E-03 .  (  5.0000E-05 )
  gradient maximum:        4.2070E-03 .  (  4.5000E-04 )
  gradient rms:            7.9138E-04 .  (  3.0000E-04 )
  displacement maximum:    1.0206E-01 .  (  1.8000E-03 )
  displacement rms:        2.0141E-02 .  (  1.2000E-03 )
  
  predicted energy change: -1.0036E-03
  step size:     0.30009
  trust radius:  0.30000
---------------- geometry iteration   5 complete ----------------
geopt (optimize geometry) done.
onee (1-electron integrals) done.
probe (project orbitals) done.
grid (grid generation) done.
rwr (Q operators) done.
  
       i  u  d  i  g
       t  p  i  c  r                                 RMS    maximum
       e  d  i  u  i                       energy  density   DIIS  
       r  t  s  t  d       total energy    change  change    error 
  
etot    1  N  N  2  U   -1543.82428865309           4.5E-04  1.6E-02
etot    2  Y  Y  6  M   -1543.87725631472  5.3E-02  5.1E-05  6.8E-04
etot    3  N  Y  2  U   -1543.87711548134 -1.4E-04  3.5E-05  6.8E-04
etot    4  N  Y  2  U   -1543.87727672100  1.6E-04  1.4E-05  7.4E-04
etot    5  N  Y  2  U   -1543.87732795421  5.1E-05  5.0E-06  2.8E-04
etot    6  N  N  2  U   -1543.87733580726  7.9E-06  0.0E+00  0.0E+00
scf (DFT) done.
der1a (1-e 1st deriv.) done.
rwr (1st deriv. Q) done.
der1b (2-e 1st deriv.) done.
  Geometry optimization step   6
  Total energy:     -1543.93001057663 hartrees
  energy change:          -4.5999E-04 .  (  5.0000E-05 )
  gradient maximum:        4.7770E-03 .  (  4.5000E-04 )
  gradient rms:            9.7944E-04 .  (  3.0000E-04 )
  displacement maximum:    8.1174E-02 .  (  1.8000E-03 )
  displacement rms:        2.0136E-02 .  (  1.2000E-03 )
  
  predicted energy change: -8.2057E-04
  step size:     0.30002
  trust radius:  0.30000
---------------- geometry iteration   6 complete ----------------
geopt (optimize geometry) done.
onee (1-electron integrals) done.
probe (project orbitals) done.
grid (grid generation) done.
rwr (Q operators) done.
  
       i  u  d  i  g
       t  p  i  c  r                                 RMS    maximum
       e  d  i  u  i                       energy  density   DIIS  
       r  t  s  t  d       total energy    change  change    error 
  
etot    1  N  N  2  U   -1543.82940338174           4.5E-04  1.9E-02
etot    2  Y  Y  6  M   -1543.87807926443  4.9E-02  5.9E-05  7.9E-04
etot    3  N  Y  2  U   -1543.87782511357 -2.5E-04  4.3E-05  1.4E-03
etot    4  N  Y  2  U   -1543.87806603280  2.4E-04  1.6E-05  9.1E-04
etot    5  N  Y  2  U   -1543.87814564986  8.0E-05  4.2E-06  1.4E-04
etot    6  N  N  2  U   -1543.87814995877  4.3E-06  0.0E+00  0.0E+00
scf (DFT) done.
der1a (1-e 1st deriv.) done.
rwr (1st deriv. Q) done.
der1b (2-e 1st deriv.) done.
  Geometry optimization step   7
  Total energy:     -1543.93014683999 hartrees
  energy change:          -1.3626E-04 .  (  5.0000E-05 )
  gradient maximum:        1.0634E-02 .  (  4.5000E-04 )
  gradient rms:            1.5048E-03 .  (  3.0000E-04 )
  displacement maximum:    8.6151E-02 .  (  1.8000E-03 )
  displacement rms:        1.6798E-02 .  (  1.2000E-03 )
  
  predicted energy change: -6.8886E-04
  step size:     0.25028
  trust radius:  0.30000
---------------- geometry iteration   7 complete ----------------
geopt (optimize geometry) done.
onee (1-electron integrals) done.
probe (project orbitals) done.
grid (grid generation) done.
rwr (Q operators) done.
  
       i  u  d  i  g
       t  p  i  c  r                                 RMS    maximum
       e  d  i  u  i                       energy  density   DIIS  
       r  t  s  t  d       total energy    change  change    error 
  
etot    1  N  N  2  U   -1543.84690323639           3.5E-04  8.4E-03
etot    2  Y  Y  6  M   -1543.87780528464  3.1E-02  5.1E-05  1.1E-03
etot    3  N  Y  2  U   -1543.87740666555 -4.0E-04  4.1E-05  3.1E-03
etot    4  N  Y  2  U   -1543.87780969498  4.0E-04  1.6E-05  1.2E-03
etot    5  N  Y  2  U   -1543.87787895466  6.9E-05  4.8E-06  2.0E-04
etot    6  N  N  2  U   -1543.87788779868  8.8E-06  0.0E+00  0.0E+00
scf (DFT) done.
der1a (1-e 1st deriv.) done.
rwr (1st deriv. Q) done.
der1b (2-e 1st deriv.) done.
  Geometry optimization step   8
  Total energy:     -1543.93052197242 hartrees
  energy change:          -3.7513E-04 .  (  5.0000E-05 )
  gradient maximum:        4.8658E-03 .  (  4.5000E-04 )
  gradient rms:            7.8748E-04 .  (  3.0000E-04 )
  displacement maximum:    5.3601E-02 .  (  1.8000E-03 )
  displacement rms:        1.0293E-02 .  (  1.2000E-03 )
  
  predicted energy change: -3.7776E-04
  step size:     0.15336
  trust radius:  0.30000
---------------- geometry iteration   8 complete ----------------
geopt (optimize geometry) done.
onee (1-electron integrals) done.
probe (project orbitals) done.
grid (grid generation) done.
rwr (Q operators) done.
  
       i  u  d  i  g
       t  p  i  c  r                                 RMS    maximum
       e  d  i  u  i                       energy  density   DIIS  
       r  t  s  t  d       total energy    change  change    error 
  
etot    1  N  N  2  U   -1543.86238644460           2.4E-04  1.1E-02
etot    2  Y  Y  6  M   -1543.87811167479  1.6E-02  3.4E-05  5.5E-04
etot    3  N  Y  2  U   -1543.87801144786 -1.0E-04  2.5E-05  1.1E-03
etot    4  N  Y  2  U   -1543.87814152621  1.3E-04  8.5E-06  5.4E-04
etot    5  N  Y  2  U   -1543.87816236562  2.1E-05  2.8E-06  1.9E-04
etot    6  N  N  2  U   -1543.87816478068  2.4E-06  0.0E+00  0.0E+00
scf (DFT) done.
der1a (1-e 1st deriv.) done.
rwr (1st deriv. Q) done.
der1b (2-e 1st deriv.) done.
  Geometry optimization step   9
  Total energy:     -1543.93084617388 hartrees
  energy change:          -3.2420E-04 .  (  5.0000E-05 )
  gradient maximum:        3.9339E-03 .  (  4.5000E-04 )
  gradient rms:            5.8381E-04 .  (  3.0000E-04 )
  displacement maximum:    3.9255E-02 .  (  1.8000E-03 )
  displacement rms:        7.9007E-03 .  (  1.2000E-03 )
  
  predicted energy change: -1.2885E-04
  step size:     0.11772
  trust radius:  0.30000
---------------- geometry iteration   9 complete ----------------
geopt (optimize geometry) done.
onee (1-electron integrals) done.
probe (project orbitals) done.
grid (grid generation) done.
rwr (Q operators) done.
  
       i  u  d  i  g
       t  p  i  c  r                                 RMS    maximum
       e  d  i  u  i                       energy  density   DIIS  
       r  t  s  t  d       total energy    change  change    error 
  
etot    1  N  N  2  U   -1543.87282579137           1.6E-04  3.8E-03
etot    2  Y  Y  6  M   -1543.87835030919  5.5E-03  2.7E-05  3.1E-04
etot    3  N  Y  2  U   -1543.87829743791 -5.3E-05  1.8E-05  7.6E-04
etot    4  N  Y  2  U   -1543.87835237794  5.5E-05  6.6E-06  4.1E-04
etot    5  N  Y  2  U   -1543.87836291787  1.1E-05  2.4E-06  1.1E-04
etot    6  N  N  2  U   -1543.87836452406  1.6E-06  0.0E+00  0.0E+00
scf (DFT) done.
der1a (1-e 1st deriv.) done.
rwr (1st deriv. Q) done.
der1b (2-e 1st deriv.) done.
  Geometry optimization step  10
  Total energy:     -1543.93091830116 hartrees
  energy change:          -7.2127E-05 .  (  5.0000E-05 )
  gradient maximum:        3.2314E-03 .  (  4.5000E-04 )
  gradient rms:            4.3510E-04 .  (  3.0000E-04 )
  displacement maximum:    2.9119E-02 .  (  1.8000E-03 )
  displacement rms:        6.2041E-03 .  (  1.2000E-03 )
  
  predicted energy change: -8.0196E-05
  step size:     0.09244
  trust radius:  0.30000
---------------- geometry iteration  10 complete ----------------
geopt (optimize geometry) done.
onee (1-electron integrals) done.
probe (project orbitals) done.
grid (grid generation) done.
rwr (Q operators) done.
  
       i  u  d  i  g
       t  p  i  c  r                                 RMS    maximum
       e  d  i  u  i                       energy  density   DIIS  
       r  t  s  t  d       total energy    change  change    error 
  
etot    1  N  N  2  U   -1543.87623293325           1.0E-04  1.8E-03
etot    2  Y  Y  6  M   -1543.87859860105  2.4E-03  1.9E-05  2.5E-04
etot    3  N  Y  2  U   -1543.87853973988 -5.9E-05  1.3E-05  4.4E-04
etot    4  N  Y  2  U   -1543.87858678581  4.7E-05  3.8E-06  1.4E-04
etot    5  N  N  2  U   -1543.87858962657  2.8E-06  0.0E+00  0.0E+00
scf (DFT) done.
der1a (1-e 1st deriv.) done.
rwr (1st deriv. Q) done.
der1b (2-e 1st deriv.) done.
  Geometry optimization step  11
  Total energy:     -1543.93091025937 hartrees
  energy change:           8.0418E-06 *  (  5.0000E-05 )
  gradient maximum:        1.4999E-03 .  (  4.5000E-04 )
  gradient rms:            2.9960E-04 *  (  3.0000E-04 )
  displacement maximum:    1.5967E-02 .  (  1.8000E-03 )
  displacement rms:        2.6986E-03 .  (  1.2000E-03 )
  
  predicted energy change: -2.8862E-05
  step size:     0.04021
  trust radius:  0.30000
---------------- geometry iteration  11 complete ----------------
geopt (optimize geometry) done.
onee (1-electron integrals) done.
probe (project orbitals) done.
grid (grid generation) done.
rwr (Q operators) done.
  
       i  u  d  i  g
       t  p  i  c  r                                 RMS    maximum
       e  d  i  u  i                       energy  density   DIIS  
       r  t  s  t  d       total energy    change  change    error 
  
etot    1  N  N  2  U   -1543.87806556023           4.6E-05  1.0E-03
etot    2  N  Y  2  U   -1543.87852685207  4.6E-04  1.8E-05  3.9E-04
etot    3  N  Y  2  U   -1543.87845993122 -6.7E-05  1.3E-05  1.2E-03
etot    4  N  Y  2  U   -1543.87853713308  7.7E-05  1.7E-06  6.1E-05
etot    5  N  N  2  U   -1543.87853755720  4.2E-07  0.0E+00  0.0E+00
scf (DFT) done.
der1a (1-e 1st deriv.) done.
rwr (1st deriv. Q) done.
der1b (2-e 1st deriv.) done.
  Geometry optimization step  12
  Total energy:     -1543.93093734300 hartrees
  energy change:          -2.7084E-05 *  (  5.0000E-05 )
  gradient maximum:        4.8118E-04 .  (  4.5000E-04 )
  gradient rms:            8.9971E-05 *  (  3.0000E-04 )
  displacement maximum:    1.1380E-02 .  (  1.8000E-03 )
  displacement rms:        2.5681E-03 .  (  1.2000E-03 )
  
  predicted energy change: -7.4438E-06
  step size:     0.03826
  trust radius:  0.30000
---------------- geometry iteration  12 complete ----------------
geopt (optimize geometry) done.
onee (1-electron integrals) done.
probe (project orbitals) done.
grid (grid generation) done.
rwr (Q operators) done.
  
       i  u  d  i  g
       t  p  i  c  r                                 RMS    maximum
       e  d  i  u  i                       energy  density   DIIS  
       r  t  s  t  d       total energy    change  change    error 
  
etot    1  N  N  2  U   -1543.87806869249           4.8E-05  1.4E-03
etot    2  N  Y  2  U   -1543.87852261906  4.5E-04  8.9E-06  1.3E-04
etot    3  N  Y  2  U   -1543.87851568583 -6.9E-06  6.3E-06  3.1E-04
etot    4  N  Y  2  U   -1543.87852584257  1.0E-05  2.2E-06  1.0E-04
etot    5  N  N  2  U   -1543.87852675732  9.1E-07  0.0E+00  0.0E+00
scf (DFT) done.
der1a (1-e 1st deriv.) done.
rwr (1st deriv. Q) done.
der1b (2-e 1st deriv.) done.
  Geometry optimization step  13
  Total energy:     -1543.93090877345 hartrees
  energy change:           2.8570E-05 *  (  5.0000E-05 )
  gradient maximum:        7.2626E-04 .  (  4.5000E-04 )
  gradient rms:            9.9815E-05 *  (  3.0000E-04 )
  displacement maximum:    4.8588E-03 .  (  1.8000E-03 )
  displacement rms:        1.0473E-03 *  (  1.2000E-03 )
  
  predicted energy change: -3.4733E-06
  step size:     0.01560
  trust radius:  0.30000
---------------- geometry iteration  13 complete ----------------
geopt (optimize geometry) done.
onee (1-electron integrals) done.
probe (project orbitals) done.
grid (grid generation) done.
rwr (Q operators) done.
  
       i  u  d  i  g
       t  p  i  c  r                                 RMS    maximum
       e  d  i  u  i                       energy  density   DIIS  
       r  t  s  t  d       total energy    change  change    error 
  
etot    1  N  N  2  U   -1543.87849831101           2.1E-05  5.5E-04
etot    2  N  Y  2  U   -1543.87859360138  9.5E-05  7.9E-06  1.2E-04
etot    3  N  Y  2  U   -1543.87858235687 -1.1E-05  5.6E-06  4.0E-04
etot    4  N  Y  2  U   -1543.87859561425  1.3E-05  1.0E-06  5.2E-05
etot    5  N  N  2  U   -1543.87859585530  2.4E-07  0.0E+00  0.0E+00
scf (DFT) done.
der1a (1-e 1st deriv.) done.
rwr (1st deriv. Q) done.
der1b (2-e 1st deriv.) done.
  Geometry optimization step  14
  Total energy:     -1543.93092266193 hartrees
  energy change:          -1.3888E-05 *  (  5.0000E-05 )
  gradient maximum:        2.3948E-04 *  (  4.5000E-04 )
  gradient rms:            4.5597E-05 #  (  3.0000E-04 )
  displacement maximum:    5.0920E-03 .  (  1.8000E-03 )
  displacement rms:        9.7764E-04 *  (  1.2000E-03 )
  
  predicted energy change: -1.4819E-06
  step size:     0.01457
  trust radius:  0.30000
------------- final geometry iteration  14 complete -------------
geopt (optimize geometry) done.
cutabab2 (abab integrals) done.
der2a (1-e JK-1st deriv.) done.
der2b (2-e JK-1st deriv.) done.
der2nda (1-e 2nd deriv.) done.
der2ndb (2-e 2nd deriv.) done.
rwr (Q operators) done.
cphfa (gradient of wave function) done.
freq (vib. frequencies) done.
Job J1_10502_2111 completed on hpc-21-27.cm.cluster at Wed May 29 06:47:42 2024
Timer (jaguar_backend.py) : 3993.52 secs (1 hrs, 06 mins, 33 secs)
Finished:   Wed May 29 06:47:42 2024
