Command:  /groups/wag/programs/Schrodinger_2020_3/jaguar run -WAIT -PARALLEL 8 /central/home/labounad/wittig-ch121/out/J1_10241_2111/J1_10241_2111.in
Release:  2020-3
Exec:     /groups/wag/programs/Schrodinger_2020_3/jaguar-v10.9/bin/Linux-x86_64
Host:     hpc-90-22.cm.cluster
JobId:    hpc-90-22-0-6657bf5f
JobDir:   /central/scratch/labounad/J1_10241_2111#hpc-90-22-0-6657bf5f
Date:     Wed May 29 16:50:57 2024

Contents of /central/scratch/labounad/J1_10241_2111#hpc-90-22-0-6657bf5f:
/central/scratch/labounad/J1_10241_2111#hpc-90-22-0-6657bf5f/.write_dir.json
/central/scratch/labounad/J1_10241_2111#hpc-90-22-0-6657bf5f/J1_10241_2111.log
/central/scratch/labounad/J1_10241_2111#hpc-90-22-0-6657bf5f/J1_10241_2111.in
/central/scratch/labounad/J1_10241_2111#hpc-90-22-0-6657bf5f/hpc-90-22-0-6657bf5f.nodes
/central/scratch/labounad/J1_10241_2111#hpc-90-22-0-6657bf5f/hpc-90-22-0-6657bf5f.mpinodes
/central/scratch/labounad/J1_10241_2111#hpc-90-22-0-6657bf5f/J1_10241_2111.recover
/central/scratch/labounad/J1_10241_2111#hpc-90-22-0-6657bf5f/hpc-90-22-0-6657bf5f
/central/scratch/labounad/J1_10241_2111#hpc-90-22-0-6657bf5f/hpc-90-22-0-6657bf5f.recover

Executing subprocess:
/groups/wag/programs/Schrodinger_2020_3/jaguar-v10.9/bin/Linux-x86_64/jexec J1_10241_2111.in -T 8 -out /central/scratch/labounad/J1_10241_2111#hpc-90-22-0-6657bf5f -cwd

Job J1_10241_2111 started on hpc-90-22.cm.cluster at Wed May 29 16:50:58 2024
jobid: hpc-90-22-0-6657bf5f 
Jaguar version 10.9, release 139
 Using up to   8 threads per process
Molecular Point Group: C1      
Point Group used: C1
pre (input checking) done.
onee (1-electron integrals) done.
hfig (HF initial guess) done.
probe (project orbitals) done.
grid (grid generation) done.
rwr (Q operators) done.
scf type: DFT=PBE(X+LC)+PW91 (PBE-D3)
  
       i  u  d  i  g
       t  p  i  c  r                                 RMS    maximum
       e  d  i  u  i                       energy  density   DIIS  
       r  t  s  t  d       total energy    change  change    error 
  
etot    1  N  N  5  M   -1954.07007776764           5.7E-03  1.0E-01
etot    2  Y  Y  6  M   -1950.72322820176 -3.3E+00  8.2E-03  1.3E-01
etot    3  Y  Y  6  M   -1948.39952420490 -2.3E+00  6.9E-03  1.1E-01
etot    4  N  Y  2  U   -1956.47578048893  8.1E+00  4.7E-03  6.5E-02
etot    5  Y  Y  6  M   -1952.46016778911 -4.0E+00  3.7E-03  1.3E-01
etot    6  N  Y  2  U   -1958.83595089393  6.4E+00  1.3E-03  3.0E-02
etot    7  Y  Y  6  M   -1958.90641380742  7.0E-02  7.1E-04  2.2E-02
etot    8  N  Y  2  U   -1959.05329029438  1.5E-01  2.8E-04  9.1E-03
etot    9  Y  Y  6  M   -1959.07358595784  2.0E-02  1.3E-04  3.6E-03
etot   10  N  Y  2  U   -1959.07717458322  3.6E-03  6.4E-05  2.5E-03
etot   11  Y  Y  6  M   -1959.07865383071  1.5E-03  3.7E-05  8.3E-04
etot   12  N  Y  2  U   -1959.07873614308  8.2E-05  2.2E-05  5.7E-04
etot   13  N  Y  2  U   -1959.07884133945  1.1E-04  9.8E-06  2.6E-04
etot   14  N  Y  2  U   -1959.07887043359  2.9E-05  3.5E-06  9.6E-05
etot   15  N  N  2  U   -1959.07887468183  4.2E-06  0.0E+00  0.0E+00
scf (DFT) done.
der1a (1-e 1st deriv.) done.
rwr (1st deriv. Q) done.
der1b (2-e 1st deriv.) done.
  Geometry optimization step   1
  Total energy:     -1959.14251472843 hartrees
  gradient maximum:        3.8018E-02 .  (  4.5000E-04 )
  gradient rms:            8.7119E-03 .  (  3.0000E-04 )
  displacement maximum:    9.7346E-02 .  (  1.8000E-03 )
  displacement rms:        1.8409E-02 .  (  1.2000E-03 )
  
  predicted energy change: -2.9400E-02
  step size:     0.30024
  trust radius:  0.30000
---------------- geometry iteration   1 complete ----------------
geopt (optimize geometry) done.
onee (1-electron integrals) done.
probe (project orbitals) done.
grid (grid generation) done.
rwr (Q operators) done.
  
       i  u  d  i  g
       t  p  i  c  r                                 RMS    maximum
       e  d  i  u  i                       energy  density   DIIS  
       r  t  s  t  d       total energy    change  change    error 
  
etot    1  N  N  2  U   -1959.09348927186           2.4E-04  6.5E-03
etot    2  Y  Y  6  M   -1959.10622239882  1.3E-02  9.6E-05  1.4E-03
etot    3  N  Y  2  U   -1959.10465450429 -1.6E-03  7.5E-05  2.7E-03
etot    4  Y  Y  6  M   -1959.10648755164  1.8E-03  2.1E-05  7.0E-04
etot    5  N  Y  2  U   -1959.10672250280  2.3E-04  7.3E-06  1.7E-04
etot    6  N  Y  2  U   -1959.10674051528  1.8E-05  2.8E-06  8.7E-05
etot    7  N  N  2  U   -1959.10674276373  2.2E-06  0.0E+00  0.0E+00
scf (DFT) done.
der1a (1-e 1st deriv.) done.
rwr (1st deriv. Q) done.
der1b (2-e 1st deriv.) done.
  Geometry optimization step   2
  Total energy:     -1959.16972611126 hartrees
  energy change:          -2.7211E-02 .  (  5.0000E-05 )
  gradient maximum:        1.7796E-02 .  (  4.5000E-04 )
  gradient rms:            3.1186E-03 .  (  3.0000E-04 )
  displacement maximum:    8.5622E-02 .  (  1.8000E-03 )
  displacement rms:        1.8397E-02 .  (  1.2000E-03 )
  
  predicted energy change: -6.5750E-03
  step size:     0.30004
  trust radius:  0.30000
---------------- geometry iteration   2 complete ----------------
geopt (optimize geometry) done.
onee (1-electron integrals) done.
probe (project orbitals) done.
grid (grid generation) done.
rwr (Q operators) done.
  
       i  u  d  i  g
       t  p  i  c  r                                 RMS    maximum
       e  d  i  u  i                       energy  density   DIIS  
       r  t  s  t  d       total energy    change  change    error 
  
etot    1  N  N  2  U   -1959.08116299116           3.2E-04  6.7E-03
etot    2  Y  Y  6  M   -1959.11306661331  3.2E-02  7.5E-05  1.0E-03
etot    3  N  Y  2  U   -1959.11179205186 -1.3E-03  5.9E-05  1.5E-03
etot    4  Y  Y  6  M   -1959.11311370941  1.3E-03  1.8E-05  4.9E-04
etot    5  N  Y  2  U   -1959.11316096296  4.7E-05  6.9E-06  2.0E-04
etot    6  N  Y  2  U   -1959.11317633297  1.5E-05  2.2E-06  6.6E-05
etot    7  N  N  2  U   -1959.11317764649  1.3E-06  0.0E+00  0.0E+00
scf (DFT) done.
der1a (1-e 1st deriv.) done.
rwr (1st deriv. Q) done.
der1b (2-e 1st deriv.) done.
  Geometry optimization step   3
  Total energy:     -1959.17613917556 hartrees
  energy change:          -6.4131E-03 .  (  5.0000E-05 )
  gradient maximum:        6.0894E-03 .  (  4.5000E-04 )
  gradient rms:            1.1726E-03 .  (  3.0000E-04 )
  displacement maximum:    1.0059E-01 .  (  1.8000E-03 )
  displacement rms:        1.4673E-02 .  (  1.2000E-03 )
  
  predicted energy change: -1.1569E-03
  step size:     0.23932
  trust radius:  0.30000
---------------- geometry iteration   3 complete ----------------
geopt (optimize geometry) done.
onee (1-electron integrals) done.
probe (project orbitals) done.
grid (grid generation) done.
rwr (Q operators) done.
  
       i  u  d  i  g
       t  p  i  c  r                                 RMS    maximum
       e  d  i  u  i                       energy  density   DIIS  
       r  t  s  t  d       total energy    change  change    error 
  
etot    1  N  N  2  U   -1959.09177015023           2.7E-04  7.2E-03
etot    2  Y  Y  6  M   -1959.11396619341  2.2E-02  7.1E-05  8.9E-04
etot    3  N  Y  2  U   -1959.11273042659 -1.2E-03  5.7E-05  2.4E-03
etot    4  Y  Y  6  M   -1959.11404447549  1.3E-03  1.4E-05  4.1E-04
etot    5  N  Y  2  U   -1959.11402967524 -1.5E-05  5.6E-06  1.8E-04
etot    6  N  Y  2  U   -1959.11404201657  1.2E-05  1.7E-06  5.7E-05
etot    7  N  N  2  U   -1959.11404236328  3.5E-07  0.0E+00  0.0E+00
scf (DFT) done.
der1a (1-e 1st deriv.) done.
rwr (1st deriv. Q) done.
der1b (2-e 1st deriv.) done.
  Geometry optimization step   4
  Total energy:     -1959.17680198933 hartrees
  energy change:          -6.6281E-04 .  (  5.0000E-05 )
  gradient maximum:        7.2269E-03 .  (  4.5000E-04 )
  gradient rms:            1.0282E-03 .  (  3.0000E-04 )
  displacement maximum:    1.6114E-01 .  (  1.8000E-03 )
  displacement rms:        1.8394E-02 .  (  1.2000E-03 )
  
  predicted energy change: -1.1693E-03
  step size:     0.30000
  trust radius:  0.30000
---------------- geometry iteration   4 complete ----------------
geopt (optimize geometry) done.
onee (1-electron integrals) done.
probe (project orbitals) done.
grid (grid generation) done.
rwr (Q operators) done.
  
       i  u  d  i  g
       t  p  i  c  r                                 RMS    maximum
       e  d  i  u  i                       energy  density   DIIS  
       r  t  s  t  d       total energy    change  change    error 
  
etot    1  N  N  2  U   -1959.06061687025           7.3E-04  1.4E-02
etot    2  Y  Y  6  M   -1959.11383591811  5.3E-02  6.5E-05  1.6E-03
etot    3  N  Y  2  U   -1959.11328081911 -5.6E-04  5.1E-05  2.3E-03
etot    4  Y  Y  6  M   -1959.11402726599  7.5E-04  1.9E-05  6.8E-04
etot    5  N  Y  2  U   -1959.11406235985  3.5E-05  7.2E-06  2.2E-04
etot    6  N  Y  2  U   -1959.11408358036  2.1E-05  2.5E-06  3.5E-05
etot    7  N  N  2  U   -1959.11408417593  6.0E-07  0.0E+00  0.0E+00
scf (DFT) done.
der1a (1-e 1st deriv.) done.
rwr (1st deriv. Q) done.
der1b (2-e 1st deriv.) done.
  Geometry optimization step   5
  Total energy:     -1959.17697843438 hartrees
  energy change:          -1.7645E-04 .  (  5.0000E-05 )
  gradient maximum:        8.4472E-03 .  (  4.5000E-04 )
  gradient rms:            1.2275E-03 .  (  3.0000E-04 )
  displacement maximum:    7.0815E-02 .  (  1.8000E-03 )
  displacement rms:        9.4669E-03 .  (  1.2000E-03 )
  
  predicted energy change: -5.5710E-04
  step size:     0.15440
  trust radius:  0.30000
---------------- geometry iteration   5 complete ----------------
geopt (optimize geometry) done.
onee (1-electron integrals) done.
probe (project orbitals) done.
grid (grid generation) done.
rwr (Q operators) done.
  
       i  u  d  i  g
       t  p  i  c  r                                 RMS    maximum
       e  d  i  u  i                       energy  density   DIIS  
       r  t  s  t  d       total energy    change  change    error 
  
etot    1  N  N  2  U   -1959.10096363476           2.1E-04  5.0E-03
etot    2  Y  Y  6  M   -1959.11427599213  1.3E-02  3.7E-05  7.6E-04
etot    3  N  Y  2  U   -1959.11406895615 -2.1E-04  2.9E-05  6.6E-04
etot    4  N  Y  2  U   -1959.11431769134  2.5E-04  8.1E-06  2.3E-04
etot    5  N  Y  2  U   -1959.11433997127  2.2E-05  2.3E-06  9.3E-05
etot    6  N  N  2  U   -1959.11434188394  1.9E-06  0.0E+00  0.0E+00
scf (DFT) done.
der1a (1-e 1st deriv.) done.
rwr (1st deriv. Q) done.
der1b (2-e 1st deriv.) done.
  Geometry optimization step   6
  Total energy:     -1959.17713957446 hartrees
  energy change:          -1.6114E-04 .  (  5.0000E-05 )
  gradient maximum:        3.0182E-03 .  (  4.5000E-04 )
  gradient rms:            4.6144E-04 .  (  3.0000E-04 )
  displacement maximum:    4.6732E-02 .  (  1.8000E-03 )
  displacement rms:        5.8310E-03 .  (  1.2000E-03 )
  
  predicted energy change: -1.3101E-04
  step size:     0.09510
  trust radius:  0.30000
---------------- geometry iteration   6 complete ----------------
geopt (optimize geometry) done.
onee (1-electron integrals) done.
probe (project orbitals) done.
grid (grid generation) done.
rwr (Q operators) done.
  
       i  u  d  i  g
       t  p  i  c  r                                 RMS    maximum
       e  d  i  u  i                       energy  density   DIIS  
       r  t  s  t  d       total energy    change  change    error 
  
etot    1  N  N  2  U   -1959.10819971246           1.3E-04  3.3E-03
etot    2  Y  Y  6  M   -1959.11403165219  5.8E-03  1.9E-05  3.6E-04
etot    3  N  Y  2  U   -1959.11398461987 -4.7E-05  1.5E-05  3.4E-04
etot    4  N  Y  2  U   -1959.11404696241  6.2E-05  5.1E-06  1.5E-04
etot    5  N  Y  2  U   -1959.11405553068  8.6E-06  1.8E-06  5.1E-05
etot    6  N  N  2  U   -1959.11405649763  9.7E-07  0.0E+00  0.0E+00
scf (DFT) done.
der1a (1-e 1st deriv.) done.
rwr (1st deriv. Q) done.
der1b (2-e 1st deriv.) done.
  Geometry optimization step   7
  Total energy:     -1959.17708796283 hartrees
  energy change:           5.1612E-05 .  (  5.0000E-05 )
  gradient maximum:        4.9543E-03 .  (  4.5000E-04 )
  gradient rms:            8.4690E-04 .  (  3.0000E-04 )
  displacement maximum:    1.4316E-01 .  (  1.8000E-03 )
  displacement rms:        1.8369E-02 .  (  1.2000E-03 )
  
  predicted energy change: -1.3918E-03
  step size:     0.29959
  trust radius:  0.30000
---------------- geometry iteration   7 complete ----------------
geopt (optimize geometry) done.
onee (1-electron integrals) done.
probe (project orbitals) done.
grid (grid generation) done.
rwr (Q operators) done.
  
       i  u  d  i  g
       t  p  i  c  r                                 RMS    maximum
       e  d  i  u  i                       energy  density   DIIS  
       r  t  s  t  d       total energy    change  change    error 
  
etot    1  N  N  2  U   -1959.02841008468           4.8E-04  2.8E-02
etot    2  Y  Y  6  M   -1959.11000283663  8.2E-02  7.4E-05  1.5E-03
etot    3  N  Y  2  U   -1959.10919327845 -8.1E-04  5.8E-05  1.7E-03
etot    4  Y  Y  6  M   -1959.11003757431  8.4E-04  1.9E-05  7.8E-04
etot    5  N  Y  2  U   -1959.11025369540  2.2E-04  5.9E-06  2.3E-04
etot    6  N  Y  2  U   -1959.11026452561  1.1E-05  2.9E-06  6.9E-05
etot    7  N  N  2  U   -1959.11026568033  1.2E-06  0.0E+00  0.0E+00
scf (DFT) done.
der1a (1-e 1st deriv.) done.
rwr (1st deriv. Q) done.
der1b (2-e 1st deriv.) done.
  Geometry optimization step   8
  Total energy:     -1959.17361620760 hartrees
  energy change:           3.4718E-03 .  (  5.0000E-05 )
  gradient maximum:        2.6415E-02 .  (  4.5000E-04 )
  gradient rms:            3.6272E-03 .  (  3.0000E-04 )
  displacement maximum:    1.1639E-01 .  (  1.8000E-03 )
  displacement rms:        1.6286E-02 .  (  1.2000E-03 )
  
  predicted energy change: -4.1543E-03
  step size:     0.26562
  trust radius:  0.30000
---------------- geometry iteration   8 complete ----------------
geopt (optimize geometry) done.
onee (1-electron integrals) done.
probe (project orbitals) done.
grid (grid generation) done.
rwr (Q operators) done.
  
       i  u  d  i  g
       t  p  i  c  r                                 RMS    maximum
       e  d  i  u  i                       energy  density   DIIS  
       r  t  s  t  d       total energy    change  change    error 
  
etot    1  N  N  2  U   -1959.04246981515           4.5E-04  2.1E-02
etot    2  Y  Y  6  M   -1959.11375973612  7.1E-02  9.3E-05  1.5E-03
etot    3  N  Y  2  U   -1959.11179198808 -2.0E-03  7.2E-05  3.7E-03
etot    4  Y  Y  6  M   -1959.11392987873  2.1E-03  1.8E-05  5.3E-04
etot    5  N  Y  2  U   -1959.11391503648 -1.5E-05  6.3E-06  1.9E-04
etot    6  N  Y  2  U   -1959.11393076652  1.6E-05  2.5E-06  5.8E-05
etot    7  N  N  2  U   -1959.11393194283  1.2E-06  0.0E+00  0.0E+00
scf (DFT) done.
der1a (1-e 1st deriv.) done.
rwr (1st deriv. Q) done.
der1b (2-e 1st deriv.) done.
  Geometry optimization step   9
  Total energy:     -1959.17609263599 hartrees
  ** restarting optimization from step    6 **
  energy change:          -2.4764E-03 .  (  5.0000E-05 )
  gradient maximum:        3.0182E-03 .  (  4.5000E-04 )
  gradient rms:            4.6144E-04 .  (  3.0000E-04 )
  displacement maximum:    5.7516E-02 .  (  1.8000E-03 )
  displacement rms:        9.2006E-03 .  (  1.2000E-03 )
  
  predicted energy change: -2.2202E-04
  step size:     0.15006
  trust radius:  0.15000
---------------- geometry iteration   9 complete ----------------
geopt (optimize geometry) done.
onee (1-electron integrals) done.
probe (project orbitals) done.
grid (grid generation) done.
rwr (Q operators) done.
  
       i  u  d  i  g
       t  p  i  c  r                                 RMS    maximum
       e  d  i  u  i                       energy  density   DIIS  
       r  t  s  t  d       total energy    change  change    error 
  
etot    1  N  N  2  U   -1959.07688916780           3.3E-04  1.1E-02
etot    2  Y  Y  6  M   -1959.11394401368  3.7E-02  4.7E-05  9.8E-04
etot    3  N  Y  2  U   -1959.11370838075 -2.4E-04  3.6E-05  1.6E-03
etot    4  N  Y  2  U   -1959.11406335050  3.5E-04  1.4E-05  6.0E-04
etot    5  N  Y  2  U   -1959.11412083971  5.7E-05  4.9E-06  1.2E-04
etot    6  N  N  2  U   -1959.11412805227  7.2E-06  0.0E+00  0.0E+00
scf (DFT) done.
der1a (1-e 1st deriv.) done.
rwr (1st deriv. Q) done.
der1b (2-e 1st deriv.) done.
  Geometry optimization step  10
  Total energy:     -1959.17704190014 hartrees
  ** restarting optimization from step    6 **
  energy change:           9.7674E-05 .  (  5.0000E-05 )
  gradient maximum:        3.0182E-03 .  (  4.5000E-04 )
  gradient rms:            4.6144E-04 .  (  3.0000E-04 )
  displacement maximum:    2.6025E-02 .  (  1.8000E-03 )
  displacement rms:        4.6323E-03 .  (  1.2000E-03 )
  
  predicted energy change: -1.7085E-04
  step size:     0.07555
  trust radius:  0.07500
---------------- geometry iteration  10 complete ----------------
geopt (optimize geometry) done.
onee (1-electron integrals) done.
probe (project orbitals) done.
grid (grid generation) done.
rwr (Q operators) done.
  
       i  u  d  i  g
       t  p  i  c  r                                 RMS    maximum
       e  d  i  u  i                       energy  density   DIIS  
       r  t  s  t  d       total energy    change  change    error 
  
etot    1  N  N  2  U   -1959.10992854468           1.1E-04  3.0E-03
etot    2  Y  Y  6  M   -1959.11442069856  4.5E-03  2.3E-05  3.1E-04
etot    3  N  Y  2  U   -1959.11428369933 -1.4E-04  1.9E-05  5.7E-04
etot    4  N  Y  2  U   -1959.11440590973  1.2E-04  5.9E-06  1.8E-04
etot    5  N  Y  2  U   -1959.11441709257  1.1E-05  1.7E-06  6.2E-05
etot    6  N  N  2  U   -1959.11441812956  1.0E-06  0.0E+00  0.0E+00
scf (DFT) done.
der1a (1-e 1st deriv.) done.
rwr (1st deriv. Q) done.
der1b (2-e 1st deriv.) done.
  Geometry optimization step  11
  Total energy:     -1959.17716274469 hartrees
  energy change:          -2.3170E-05 *  (  5.0000E-05 )
  gradient maximum:        5.4470E-03 .  (  4.5000E-04 )
  gradient rms:            7.4639E-04 .  (  3.0000E-04 )
  displacement maximum:    1.1791E-02 .  (  1.8000E-03 )
  displacement rms:        2.3114E-03 .  (  1.2000E-03 )
  
  predicted energy change: -1.7188E-04
  step size:     0.03770
  trust radius:  0.03750
---------------- geometry iteration  11 complete ----------------
geopt (optimize geometry) done.
onee (1-electron integrals) done.
probe (project orbitals) done.
grid (grid generation) done.
rwr (Q operators) done.
  
       i  u  d  i  g
       t  p  i  c  r                                 RMS    maximum
       e  d  i  u  i                       energy  density   DIIS  
       r  t  s  t  d       total energy    change  change    error 
  
etot    1  N  N  2  U   -1959.11270852249           6.7E-05  2.2E-03
etot    2  Y  Y  6  M   -1959.11416392278  1.5E-03  1.6E-05  2.7E-04
etot    3  N  Y  2  U   -1959.11414030002 -2.4E-05  1.2E-05  7.1E-04
etot    4  N  Y  2  U   -1959.11420712273  6.7E-05  2.4E-06  7.6E-05
etot    5  N  N  2  U   -1959.11420877966  1.7E-06  0.0E+00  0.0E+00
scf (DFT) done.
der1a (1-e 1st deriv.) done.
rwr (1st deriv. Q) done.
der1b (2-e 1st deriv.) done.
  Geometry optimization step  12
  Total energy:     -1959.17718650550 hartrees
  energy change:          -2.3761E-05 *  (  5.0000E-05 )
  gradient maximum:        2.7557E-03 .  (  4.5000E-04 )
  gradient rms:            4.6584E-04 .  (  3.0000E-04 )
  displacement maximum:    6.2727E-03 .  (  1.8000E-03 )
  displacement rms:        1.1719E-03 *  (  1.2000E-03 )
  
  predicted energy change: -5.1483E-05
  step size:     0.01911
  trust radius:  0.01875
---------------- geometry iteration  12 complete ----------------
geopt (optimize geometry) done.
onee (1-electron integrals) done.
probe (project orbitals) done.
grid (grid generation) done.
rwr (Q operators) done.
  
       i  u  d  i  g
       t  p  i  c  r                                 RMS    maximum
       e  d  i  u  i                       energy  density   DIIS  
       r  t  s  t  d       total energy    change  change    error 
  
etot    1  N  N  2  U   -1959.11384458020           4.0E-05  1.2E-03
etot    2  N  Y  2  U   -1959.11440983734  5.7E-04  9.7E-06  1.0E-04
etot    3  N  Y  2  U   -1959.11439087538 -1.9E-05  7.6E-06  3.2E-04
etot    4  N  Y  2  U   -1959.11441361046  2.3E-05  2.0E-06  7.8E-05
etot    5  N  N  2  U   -1959.11441462842  1.0E-06  0.0E+00  0.0E+00
scf (DFT) done.
der1a (1-e 1st deriv.) done.
rwr (1st deriv. Q) done.
der1b (2-e 1st deriv.) done.
  Geometry optimization step  13
  Total energy:     -1959.17723599312 hartrees
  energy change:          -4.9488E-05 *  (  5.0000E-05 )
  gradient maximum:        2.9207E-03 .  (  4.5000E-04 )
  gradient rms:            4.3033E-04 .  (  3.0000E-04 )
  displacement maximum:    1.1115E-02 .  (  1.8000E-03 )
  displacement rms:        1.6393E-03 .  (  1.2000E-03 )
  
  predicted energy change: -6.0314E-05
  step size:     0.02674
  trust radius:  0.02652
---------------- geometry iteration  13 complete ----------------
geopt (optimize geometry) done.
onee (1-electron integrals) done.
probe (project orbitals) done.
grid (grid generation) done.
rwr (Q operators) done.
  
       i  u  d  i  g
       t  p  i  c  r                                 RMS    maximum
       e  d  i  u  i                       energy  density   DIIS  
       r  t  s  t  d       total energy    change  change    error 
  
etot    1  N  N  2  U   -1959.11377573618           4.4E-05  1.3E-03
etot    2  N  Y  2  U   -1959.11445416809  6.8E-04  1.0E-05  8.6E-05
etot    3  N  Y  2  U   -1959.11443366819 -2.0E-05  8.0E-06  2.7E-04
etot    4  N  Y  2  U   -1959.11445741687  2.4E-05  2.0E-06  5.4E-05
etot    5  N  N  2  U   -1959.11445843560  1.0E-06  0.0E+00  0.0E+00
scf (DFT) done.
der1a (1-e 1st deriv.) done.
rwr (1st deriv. Q) done.
der1b (2-e 1st deriv.) done.
  Geometry optimization step  14
  Total energy:     -1959.17720663598 hartrees
  energy change:           2.9357E-05 *  (  5.0000E-05 )
  gradient maximum:        1.2044E-03 .  (  4.5000E-04 )
  gradient rms:            2.4108E-04 *  (  3.0000E-04 )
  displacement maximum:    1.3895E-02 .  (  1.8000E-03 )
  displacement rms:        2.3052E-03 .  (  1.2000E-03 )
  
  predicted energy change: -6.2165E-05
  step size:     0.03760
  trust radius:  0.03750
---------------- geometry iteration  14 complete ----------------
geopt (optimize geometry) done.
onee (1-electron integrals) done.
probe (project orbitals) done.
grid (grid generation) done.
rwr (Q operators) done.
  
       i  u  d  i  g
       t  p  i  c  r                                 RMS    maximum
       e  d  i  u  i                       energy  density   DIIS  
       r  t  s  t  d       total energy    change  change    error 
  
etot    1  N  N  2  U   -1959.11330734158           5.6E-05  2.2E-03
etot    2  Y  Y  6  M   -1959.11441211492  1.1E-03  8.3E-06  1.6E-04
etot    3  N  Y  2  U   -1959.11440781834 -4.3E-06  6.5E-06  1.7E-04
etot    4  N  Y  2  U   -1959.11441735705  9.5E-06  2.2E-06  6.8E-05
etot    5  N  N  2  U   -1959.11441896011  1.6E-06  0.0E+00  0.0E+00
scf (DFT) done.
der1a (1-e 1st deriv.) done.
rwr (1st deriv. Q) done.
der1b (2-e 1st deriv.) done.
  Geometry optimization step  15
  Total energy:     -1959.17720935897 hartrees
  energy change:          -2.7230E-06 *  (  5.0000E-05 )
  gradient maximum:        8.8894E-04 .  (  4.5000E-04 )
  gradient rms:            1.5313E-04 *  (  3.0000E-04 )
  displacement maximum:    2.8525E-02 .  (  1.8000E-03 )
  displacement rms:        4.6294E-03 .  (  1.2000E-03 )
  
  predicted energy change: -8.2607E-05
  step size:     0.07550
  trust radius:  0.07500
---------------- geometry iteration  15 complete ----------------
geopt (optimize geometry) done.
onee (1-electron integrals) done.
probe (project orbitals) done.
grid (grid generation) done.
rwr (Q operators) done.
  
       i  u  d  i  g
       t  p  i  c  r                                 RMS    maximum
       e  d  i  u  i                       energy  density   DIIS  
       r  t  s  t  d       total energy    change  change    error 
  
etot    1  N  N  2  U   -1959.11024323823           1.1E-04  4.0E-03
etot    2  Y  Y  6  M   -1959.11440048093  4.2E-03  2.1E-05  2.4E-04
etot    3  N  Y  2  U   -1959.11433976846 -6.1E-05  1.6E-05  4.7E-04
etot    4  N  Y  2  U   -1959.11442575968  8.6E-05  3.5E-06  1.3E-04
etot    5  N  N  2  U   -1959.11443034665  4.6E-06  0.0E+00  0.0E+00
scf (DFT) done.
der1a (1-e 1st deriv.) done.
rwr (1st deriv. Q) done.
der1b (2-e 1st deriv.) done.
  Geometry optimization step  16
  Total energy:     -1959.17718286917 hartrees
  energy change:           2.6490E-05 *  (  5.0000E-05 )
  gradient maximum:        2.8266E-03 .  (  4.5000E-04 )
  gradient rms:            3.3114E-04 .  (  3.0000E-04 )
  displacement maximum:    1.7706E-02 .  (  1.8000E-03 )
  displacement rms:        2.3212E-03 .  (  1.2000E-03 )
  
  predicted energy change: -4.3601E-05
  step size:     0.03786
  trust radius:  0.03750
---------------- geometry iteration  16 complete ----------------
geopt (optimize geometry) done.
onee (1-electron integrals) done.
probe (project orbitals) done.
grid (grid generation) done.
rwr (Q operators) done.
  
       i  u  d  i  g
       t  p  i  c  r                                 RMS    maximum
       e  d  i  u  i                       energy  density   DIIS  
       r  t  s  t  d       total energy    change  change    error 
  
etot    1  N  N  2  U   -1959.11356921111           5.2E-05  1.9E-03
etot    2  Y  Y  6  M   -1959.11448293822  9.1E-04  9.6E-06  1.1E-04
etot    3  N  Y  2  U   -1959.11446551458 -1.7E-05  7.8E-06  2.8E-04
etot    4  N  Y  2  U   -1959.11448658501  2.1E-05  2.3E-06  7.8E-05
etot    5  N  N  2  U   -1959.11448836068  1.8E-06  0.0E+00  0.0E+00
scf (DFT) done.
der1a (1-e 1st deriv.) done.
rwr (1st deriv. Q) done.
der1b (2-e 1st deriv.) done.
  Geometry optimization step  17
  Total energy:     -1959.17722540704 hartrees
  energy change:          -4.2538E-05 *  (  5.0000E-05 )
  gradient maximum:        1.5903E-03 .  (  4.5000E-04 )
  gradient rms:            2.5435E-04 *  (  3.0000E-04 )
  displacement maximum:    2.4678E-02 .  (  1.8000E-03 )
  displacement rms:        4.6038E-03 .  (  1.2000E-03 )
  
  predicted energy change: -1.0101E-04
  step size:     0.07509
  trust radius:  0.07500
---------------- geometry iteration  17 complete ----------------
geopt (optimize geometry) done.
onee (1-electron integrals) done.
probe (project orbitals) done.
grid (grid generation) done.
rwr (Q operators) done.
  
       i  u  d  i  g
       t  p  i  c  r                                 RMS    maximum
       e  d  i  u  i                       energy  density   DIIS  
       r  t  s  t  d       total energy    change  change    error 
  
etot    1  N  N  2  U   -1959.11131736018           6.2E-04  1.5E-02
etot    2  Y  Y  6  M   -1959.11486519111  3.5E-03  2.7E-05  2.8E-04
etot    3  N  Y  2  U   -1959.11489298893  2.8E-05  2.1E-05  7.3E-04
etot    4  N  Y  2  U   -1959.11502022384  1.3E-04  4.7E-06  1.0E-04
etot    5  N  N  2  U   -1959.11502463730  4.4E-06  0.0E+00  0.0E+00
scf (DFT) done.
der1a (1-e 1st deriv.) done.
rwr (1st deriv. Q) done.
der1b (2-e 1st deriv.) done.
  Geometry optimization step  18
  Total energy:     -1959.17774882170 hartrees
  energy change:          -5.2341E-04 .  (  5.0000E-05 )
  gradient maximum:        1.6810E-03 .  (  4.5000E-04 )
  gradient rms:            3.0008E-04 .  (  3.0000E-04 )
  displacement maximum:    3.5066E-02 .  (  1.8000E-03 )
  displacement rms:        6.5099E-03 .  (  1.2000E-03 )
  
  predicted energy change: -1.6207E-04
  step size:     0.10617
  trust radius:  0.10607
---------------- geometry iteration  18 complete ----------------
geopt (optimize geometry) done.
onee (1-electron integrals) done.
probe (project orbitals) done.
grid (grid generation) done.
rwr (Q operators) done.
  
       i  u  d  i  g
       t  p  i  c  r                                 RMS    maximum
       e  d  i  u  i                       energy  density   DIIS  
       r  t  s  t  d       total energy    change  change    error 
  
etot    1  N  N  2  U   -1959.10909857199           1.3E-04  4.5E-03
etot    2  Y  Y  6  M   -1959.11503049235  5.9E-03  2.5E-05  2.4E-04
etot    3  N  Y  2  U   -1959.11490954469 -1.2E-04  2.1E-05  6.5E-04
etot    4  N  Y  2  U   -1959.11506537707  1.6E-04  5.3E-06  1.3E-04
etot    5  N  Y  2  U   -1959.11507246545  7.1E-06  2.0E-06  5.7E-05
etot    6  N  N  2  U   -1959.11507376260  1.3E-06  0.0E+00  0.0E+00
scf (DFT) done.
der1a (1-e 1st deriv.) done.
rwr (1st deriv. Q) done.
der1b (2-e 1st deriv.) done.
  Geometry optimization step  19
  Total energy:     -1959.17778900235 hartrees
  energy change:          -4.0181E-05 *  (  5.0000E-05 )
  gradient maximum:        1.6422E-03 .  (  4.5000E-04 )
  gradient rms:            2.7600E-04 *  (  3.0000E-04 )
  displacement maximum:    8.7612E-02 .  (  1.8000E-03 )
  displacement rms:        1.3030E-02 .  (  1.2000E-03 )
  
  predicted energy change: -1.4140E-04
  step size:     0.21251
  trust radius:  0.21213
---------------- geometry iteration  19 complete ----------------
geopt (optimize geometry) done.
onee (1-electron integrals) done.
probe (project orbitals) done.
grid (grid generation) done.
rwr (Q operators) done.
  
       i  u  d  i  g
       t  p  i  c  r                                 RMS    maximum
       e  d  i  u  i                       energy  density   DIIS  
       r  t  s  t  d       total energy    change  change    error 
  
etot    1  N  N  2  U   -1959.09466025397           2.5E-04  9.8E-03
etot    2  Y  Y  6  M   -1959.11478917908  2.0E-02  4.7E-05  4.3E-04
etot    3  N  Y  2  U   -1959.11450016737 -2.9E-04  3.7E-05  9.1E-04
etot    4  N  Y  2  U   -1959.11490213987  4.0E-04  8.9E-06  2.3E-04
etot    5  N  Y  2  U   -1959.11492479021  2.3E-05  3.0E-06  9.1E-05
etot    6  N  N  2  U   -1959.11492755229  2.8E-06  0.0E+00  0.0E+00
scf (DFT) done.
der1a (1-e 1st deriv.) done.
rwr (1st deriv. Q) done.
der1b (2-e 1st deriv.) done.
  Geometry optimization step  20
  Total energy:     -1959.17765616951 hartrees
  energy change:           1.3283E-04 .  (  5.0000E-05 )
  gradient maximum:        1.9173E-03 .  (  4.5000E-04 )
  gradient rms:            3.1595E-04 .  (  3.0000E-04 )
  displacement maximum:    5.5063E-02 .  (  1.8000E-03 )
  displacement rms:        9.1576E-03 .  (  1.2000E-03 )
  
  predicted energy change: -9.0055E-05
  step size:     0.14936
  trust radius:  0.30000
---------------- geometry iteration  20 complete ----------------
geopt (optimize geometry) done.
onee (1-electron integrals) done.
probe (project orbitals) done.
grid (grid generation) done.
rwr (Q operators) done.
  
       i  u  d  i  g
       t  p  i  c  r                                 RMS    maximum
       e  d  i  u  i                       energy  density   DIIS  
       r  t  s  t  d       total energy    change  change    error 
  
etot    1  N  N  2  U   -1959.10363046649           1.9E-04  6.3E-03
etot    2  Y  Y  6  M   -1959.11467629741  1.1E-02  4.3E-05  4.4E-04
etot    3  N  Y  2  U   -1959.11442623368 -2.5E-04  3.3E-05  9.6E-04
etot    4  N  Y  2  U   -1959.11476095264  3.3E-04  7.3E-06  2.0E-04
etot    5  N  Y  2  U   -1959.11477492535  1.4E-05  2.8E-06  7.1E-05
etot    6  N  N  2  U   -1959.11477731708  2.4E-06  0.0E+00  0.0E+00
scf (DFT) done.
der1a (1-e 1st deriv.) done.
rwr (1st deriv. Q) done.
der1b (2-e 1st deriv.) done.
  Geometry optimization step  21
  Total energy:     -1959.17757815026 hartrees
  energy change:           7.8019E-05 .  (  5.0000E-05 )
  gradient maximum:        2.6069E-03 .  (  4.5000E-04 )
  gradient rms:            3.7409E-04 .  (  3.0000E-04 )
  displacement maximum:    3.3480E-02 .  (  1.8000E-03 )
  displacement rms:        4.7481E-03 .  (  1.2000E-03 )
  
  predicted energy change: -7.9138E-05
  step size:     0.07744
  trust radius:  0.30000
---------------- geometry iteration  21 complete ----------------
geopt (optimize geometry) done.
onee (1-electron integrals) done.
probe (project orbitals) done.
grid (grid generation) done.
rwr (Q operators) done.
  
       i  u  d  i  g
       t  p  i  c  r                                 RMS    maximum
       e  d  i  u  i                       energy  density   DIIS  
       r  t  s  t  d       total energy    change  change    error 
  
etot    1  N  N  2  U   -1959.11106498701           1.1E-04  3.5E-03
etot    2  Y  Y  6  M   -1959.11477096886  3.7E-03  1.5E-05  3.0E-04
etot    3  N  Y  2  U   -1959.11473453969 -3.6E-05  1.3E-05  3.0E-04
etot    4  N  Y  2  U   -1959.11477343827  3.9E-05  5.0E-06  1.5E-04
etot    5  N  N  2  U   -1959.11478153786  8.1E-06  0.0E+00  0.0E+00
scf (DFT) done.
der1a (1-e 1st deriv.) done.
rwr (1st deriv. Q) done.
der1b (2-e 1st deriv.) done.
  Geometry optimization step  22
  Total energy:     -1959.17753486059 hartrees
  energy change:           4.3290E-05 *  (  5.0000E-05 )
  gradient maximum:        7.7677E-04 .  (  4.5000E-04 )
  gradient rms:            1.8788E-04 *  (  3.0000E-04 )
  displacement maximum:    1.3277E-02 .  (  1.8000E-03 )
  displacement rms:        2.3541E-03 .  (  1.2000E-03 )
  
  predicted energy change: -2.4320E-05
  step size:     0.03839
  trust radius:  0.30000
---------------- geometry iteration  22 complete ----------------
geopt (optimize geometry) done.
onee (1-electron integrals) done.
probe (project orbitals) done.
grid (grid generation) done.
rwr (Q operators) done.
  
       i  u  d  i  g
       t  p  i  c  r                                 RMS    maximum
       e  d  i  u  i                       energy  density   DIIS  
       r  t  s  t  d       total energy    change  change    error 
  
etot    1  N  N  2  U   -1959.11405881648           4.5E-05  1.0E-03
etot    2  N  Y  2  U   -1959.11474290382  6.8E-04  1.8E-05  1.8E-04
etot    3  N  Y  2  U   -1959.11466546553 -7.7E-05  1.4E-05  4.7E-04
etot    4  N  Y  2  U   -1959.11475298169  8.8E-05  2.3E-06  6.8E-05
etot    5  N  N  2  U   -1959.11475447790  1.5E-06  0.0E+00  0.0E+00
scf (DFT) done.
der1a (1-e 1st deriv.) done.
rwr (1st deriv. Q) done.
der1b (2-e 1st deriv.) done.
  Geometry optimization step  23
  Total energy:     -1959.17752428470 hartrees
  energy change:           1.0576E-05 *  (  5.0000E-05 )
  gradient maximum:        7.5151E-04 .  (  4.5000E-04 )
  gradient rms:            1.0932E-04 *  (  3.0000E-04 )
  displacement maximum:    1.4879E-02 .  (  1.8000E-03 )
  displacement rms:        2.7997E-03 .  (  1.2000E-03 )
  
  predicted energy change: -1.1141E-05
  step size:     0.04566
  trust radius:  0.30000
---------------- geometry iteration  23 complete ----------------
geopt (optimize geometry) done.
onee (1-electron integrals) done.
probe (project orbitals) done.
grid (grid generation) done.
rwr (Q operators) done.
  
       i  u  d  i  g
       t  p  i  c  r                                 RMS    maximum
       e  d  i  u  i                       energy  density   DIIS  
       r  t  s  t  d       total energy    change  change    error 
  
etot    1  N  N  2  U   -1959.11366651764           5.8E-05  1.2E-03
etot    2  Y  Y  6  M   -1959.11463539868  9.7E-04  1.4E-05  1.3E-04
etot    3  N  Y  2  U   -1959.11462518720 -1.0E-05  1.1E-05  3.7E-04
etot    4  N  Y  2  U   -1959.11466862252  4.3E-05  2.8E-06  7.5E-05
etot    5  N  N  2  U   -1959.11466995741  1.3E-06  0.0E+00  0.0E+00
scf (DFT) done.
der1a (1-e 1st deriv.) done.
rwr (1st deriv. Q) done.
der1b (2-e 1st deriv.) done.
  Geometry optimization step  24
  Total energy:     -1959.17743954690 hartrees
  energy change:           8.4738E-05 .  (  5.0000E-05 )
  gradient maximum:        9.7771E-04 .  (  4.5000E-04 )
  gradient rms:            1.5606E-04 *  (  3.0000E-04 )
  displacement maximum:    7.0435E-02 .  (  1.8000E-03 )
  displacement rms:        1.2593E-02 .  (  1.2000E-03 )
  
  predicted energy change: -5.1534E-05
  step size:     0.20538
  trust radius:  0.30000
---------------- geometry iteration  24 complete ----------------
geopt (optimize geometry) done.
onee (1-electron integrals) done.
probe (project orbitals) done.
grid (grid generation) done.
rwr (Q operators) done.
  
       i  u  d  i  g
       t  p  i  c  r                                 RMS    maximum
       e  d  i  u  i                       energy  density   DIIS  
       r  t  s  t  d       total energy    change  change    error 
  
etot    1  N  N  2  U   -1959.09031890755           2.7E-04  6.5E-03
etot    2  Y  Y  6  M   -1959.11429643248  2.4E-02  5.0E-05  6.6E-04
etot    3  N  Y  2  U   -1959.11405670016 -2.4E-04  3.9E-05  9.3E-04
etot    4  N  Y  2  U   -1959.11448213051  4.3E-04  1.1E-05  3.2E-04
etot    5  N  Y  2  U   -1959.11451302755  3.1E-05  4.1E-06  1.5E-04
etot    6  N  N  2  U   -1959.11451897119  5.9E-06  0.0E+00  0.0E+00
scf (DFT) done.
der1a (1-e 1st deriv.) done.
rwr (1st deriv. Q) done.
der1b (2-e 1st deriv.) done.
  Geometry optimization step  25
  Total energy:     -1959.17731324315 hartrees
  ** restarting optimization from step   19 **
  energy change:           1.2630E-04 .  (  5.0000E-05 )
  gradient maximum:        1.6422E-03 .  (  4.5000E-04 )
  gradient rms:            2.7600E-04 *  (  3.0000E-04 )
  displacement maximum:    4.0646E-02 .  (  1.8000E-03 )
  displacement rms:        6.3271E-03 .  (  1.2000E-03 )
  
  predicted energy change: -1.3039E-04
  step size:     0.10319
  trust radius:  0.10269
---------------- geometry iteration  25 complete ----------------
geopt (optimize geometry) done.
onee (1-electron integrals) done.
probe (project orbitals) done.
grid (grid generation) done.
rwr (Q operators) done.
  
       i  u  d  i  g
       t  p  i  c  r                                 RMS    maximum
       e  d  i  u  i                       energy  density   DIIS  
       r  t  s  t  d       total energy    change  change    error 
  
etot    1  N  N  2  U   -1958.99527635323           6.1E-04  2.0E-02
etot    2  Y  Y  6  M   -1959.11461694255  1.2E-01  1.3E-04  2.5E-03
etot    3  N  Y  2  U   -1959.11105997753 -3.6E-03  1.0E-04  5.8E-03
etot    4  Y  Y  6  M   -1959.11487491743  3.8E-03  2.9E-05  6.5E-04
etot    5  N  Y  2  U   -1959.11492442985  5.0E-05  1.2E-05  4.2E-04
etot    6  N  Y  2  U   -1959.11498148223  5.7E-05  4.1E-06  1.0E-04
etot    7  N  N  2  U   -1959.11498420550  2.7E-06  0.0E+00  0.0E+00
scf (DFT) done.
der1a (1-e 1st deriv.) done.
rwr (1st deriv. Q) done.
der1b (2-e 1st deriv.) done.
  Geometry optimization step  26
  Total energy:     -1959.17771172616 hartrees
  energy change:           7.7276E-05 .  (  5.0000E-05 )
  gradient maximum:        1.0832E-03 .  (  4.5000E-04 )
  gradient rms:            1.6906E-04 *  (  3.0000E-04 )
  displacement maximum:    1.8750E-02 .  (  1.8000E-03 )
  displacement rms:        3.1514E-03 .  (  1.2000E-03 )
  
  predicted energy change: -5.4586E-05
  step size:     0.05140
  trust radius:  0.05135
---------------- geometry iteration  26 complete ----------------
geopt (optimize geometry) done.
onee (1-electron integrals) done.
probe (project orbitals) done.
grid (grid generation) done.
rwr (Q operators) done.
  
       i  u  d  i  g
       t  p  i  c  r                                 RMS    maximum
       e  d  i  u  i                       energy  density   DIIS  
       r  t  s  t  d       total energy    change  change    error 
  
etot    1  N  N  2  U   -1959.11378105289           6.2E-05  1.6E-03
etot    2  Y  Y  6  M   -1959.11492534017  1.1E-03  2.4E-05  2.8E-04
etot    3  N  Y  2  U   -1959.11480439355 -1.2E-04  1.9E-05  8.6E-04
etot    4  N  Y  2  U   -1959.11496185615  1.6E-04  3.1E-06  6.1E-05
etot    5  N  N  2  U   -1959.11496263814  7.8E-07  0.0E+00  0.0E+00
scf (DFT) done.
der1a (1-e 1st deriv.) done.
rwr (1st deriv. Q) done.
der1b (2-e 1st deriv.) done.
  Geometry optimization step  27
  Total energy:     -1959.17773406162 hartrees
  energy change:          -2.2335E-05 *  (  5.0000E-05 )
  gradient maximum:        4.6604E-04 .  (  4.5000E-04 )
  gradient rms:            1.0370E-04 *  (  3.0000E-04 )
  displacement maximum:    2.5323E-02 .  (  1.8000E-03 )
  displacement rms:        4.4587E-03 .  (  1.2000E-03 )
  
  predicted energy change: -6.0043E-05
  step size:     0.07272
  trust radius:  0.07261
---------------- geometry iteration  27 complete ----------------
geopt (optimize geometry) done.
onee (1-electron integrals) done.
probe (project orbitals) done.
grid (grid generation) done.
rwr (Q operators) done.
  
       i  u  d  i  g
       t  p  i  c  r                                 RMS    maximum
       e  d  i  u  i                       energy  density   DIIS  
       r  t  s  t  d       total energy    change  change    error 
  
etot    1  N  N  2  U   -1959.11232192331           9.3E-05  2.8E-03
etot    2  Y  Y  6  M   -1959.11492460502  2.6E-03  2.2E-05  2.6E-04
etot    3  N  Y  2  U   -1959.11484978955 -7.5E-05  1.8E-05  5.6E-04
etot    4  N  Y  2  U   -1959.11496506930  1.2E-04  4.1E-06  1.1E-04
etot    5  N  N  2  U   -1959.11496965688  4.6E-06  0.0E+00  0.0E+00
scf (DFT) done.
der1a (1-e 1st deriv.) done.
rwr (1st deriv. Q) done.
der1b (2-e 1st deriv.) done.
  Geometry optimization step  28
  Total energy:     -1959.17770549409 hartrees
  energy change:           2.8568E-05 *  (  5.0000E-05 )
  gradient maximum:        5.2795E-04 .  (  4.5000E-04 )
  gradient rms:            1.1450E-04 *  (  3.0000E-04 )
  displacement maximum:    3.9639E-02 .  (  1.8000E-03 )
  displacement rms:        6.3029E-03 .  (  1.2000E-03 )
  
  predicted energy change: -5.7653E-05
  step size:     0.10280
  trust radius:  0.10269
---------------- geometry iteration  28 complete ----------------
geopt (optimize geometry) done.
onee (1-electron integrals) done.
probe (project orbitals) done.
grid (grid generation) done.
rwr (Q operators) done.
  
       i  u  d  i  g
       t  p  i  c  r                                 RMS    maximum
       e  d  i  u  i                       energy  density   DIIS  
       r  t  s  t  d       total energy    change  change    error 
  
etot    1  N  N  2  U   -1959.10984375513           1.2E-04  4.9E-03
etot    2  Y  Y  6  M   -1959.11477825051  4.9E-03  2.3E-05  2.5E-04
etot    3  N  Y  2  U   -1959.11473531080 -4.3E-05  1.8E-05  7.0E-04
etot    4  N  Y  2  U   -1959.11484317262  1.1E-04  4.6E-06  1.9E-04
etot    5  N  N  2  U   -1959.11485025697  7.1E-06  0.0E+00  0.0E+00
scf (DFT) done.
der1a (1-e 1st deriv.) done.
rwr (1st deriv. Q) done.
der1b (2-e 1st deriv.) done.
  Geometry optimization step  29
  Total energy:     -1959.17762211811 hartrees
  energy change:           8.3376E-05 .  (  5.0000E-05 )
  gradient maximum:        7.7870E-04 .  (  4.5000E-04 )
  gradient rms:            9.0295E-05 *  (  3.0000E-04 )
  displacement maximum:    3.8974E-02 .  (  1.8000E-03 )
  displacement rms:        6.2983E-03 .  (  1.2000E-03 )
  
  predicted energy change: -3.2328E-05
  step size:     0.10272
  trust radius:  0.10269
---------------- geometry iteration  29 complete ----------------
geopt (optimize geometry) done.
onee (1-electron integrals) done.
probe (project orbitals) done.
grid (grid generation) done.
rwr (Q operators) done.
  
       i  u  d  i  g
       t  p  i  c  r                                 RMS    maximum
       e  d  i  u  i                       energy  density   DIIS  
       r  t  s  t  d       total energy    change  change    error 
  
etot    1  N  N  2  U   -1959.10930545866           1.3E-04  4.6E-03
etot    2  Y  Y  6  M   -1959.11476909568  5.5E-03  2.5E-05  2.8E-04
etot    3  N  Y  2  U   -1959.11471284563 -5.6E-05  2.0E-05  6.1E-04
etot    4  N  Y  2  U   -1959.11483857508  1.3E-04  5.9E-06  2.0E-04
etot    5  N  Y  2  U   -1959.11484759723  9.0E-06  2.3E-06  6.7E-05
etot    6  N  N  2  U   -1959.11484945335  1.9E-06  0.0E+00  0.0E+00
scf (DFT) done.
der1a (1-e 1st deriv.) done.
rwr (1st deriv. Q) done.
der1b (2-e 1st deriv.) done.
  Geometry optimization step  30
  Total energy:     -1959.17760871164 hartrees
  energy change:           1.3406E-05 *  (  5.0000E-05 )
  gradient maximum:        5.5599E-04 .  (  4.5000E-04 )
  gradient rms:            1.1027E-04 *  (  3.0000E-04 )
  displacement maximum:    2.0515E-02 .  (  1.8000E-03 )
  displacement rms:        3.1843E-03 .  (  1.2000E-03 )
  
  predicted energy change: -1.4624E-05
  step size:     0.05193
  trust radius:  0.05135
---------------- geometry iteration  30 complete ----------------
geopt (optimize geometry) done.
onee (1-electron integrals) done.
probe (project orbitals) done.
grid (grid generation) done.
rwr (Q operators) done.
  
       i  u  d  i  g
       t  p  i  c  r                                 RMS    maximum
       e  d  i  u  i                       energy  density   DIIS  
       r  t  s  t  d       total energy    change  change    error 
  
etot    1  N  N  2  U   -1959.11337716486           6.6E-05  2.8E-03
etot    2  Y  Y  6  M   -1959.11476713026  1.4E-03  1.4E-05  1.1E-04
etot    3  N  Y  2  U   -1959.11474027405 -2.7E-05  1.2E-05  3.3E-04
etot    4  N  Y  2  U   -1959.11478789723  4.8E-05  2.8E-06  8.0E-05
etot    5  N  N  2  U   -1959.11478963771  1.7E-06  0.0E+00  0.0E+00
scf (DFT) done.
der1a (1-e 1st deriv.) done.
rwr (1st deriv. Q) done.
der1b (2-e 1st deriv.) done.
  Geometry optimization step  31
  Total energy:     -1959.17754501562 hartrees
  energy change:           6.3696E-05 .  (  5.0000E-05 )
  gradient maximum:        3.3666E-04 *  (  4.5000E-04 )
  gradient rms:            7.6978E-05 *  (  3.0000E-04 )
  displacement maximum:    3.3997E-02 .  (  1.8000E-03 )
  displacement rms:        4.4616E-03 .  (  1.2000E-03 )
  
  predicted energy change: -1.3776E-05
  step size:     0.07277
  trust radius:  0.07261
---------------- geometry iteration  31 complete ----------------
geopt (optimize geometry) done.
onee (1-electron integrals) done.
probe (project orbitals) done.
grid (grid generation) done.
rwr (Q operators) done.
  
       i  u  d  i  g
       t  p  i  c  r                                 RMS    maximum
       e  d  i  u  i                       energy  density   DIIS  
       r  t  s  t  d       total energy    change  change    error 
  
etot    1  N  N  2  U   -1959.11163987113           9.5E-05  4.3E-03
etot    2  Y  Y  6  M   -1959.11461190703  3.0E-03  1.8E-05  1.9E-04
etot    3  N  Y  2  U   -1959.11455038756 -6.2E-05  1.6E-05  4.2E-04
etot    4  N  Y  2  U   -1959.11463435618  8.4E-05  3.9E-06  1.1E-04
etot    5  N  N  2  U   -1959.11463934413  5.0E-06  0.0E+00  0.0E+00
scf (DFT) done.
der1a (1-e 1st deriv.) done.
rwr (1st deriv. Q) done.
der1b (2-e 1st deriv.) done.
  Geometry optimization step  32
  Total energy:     -1959.17738223674 hartrees
  energy change:           1.6278E-04 .  (  5.0000E-05 )
  gradient maximum:        5.9087E-04 .  (  4.5000E-04 )
  gradient rms:            9.6079E-05 *  (  3.0000E-04 )
  displacement maximum:    1.1839E-02 .  (  1.8000E-03 )
  displacement rms:        1.8772E-03 .  (  1.2000E-03 )
  
  predicted energy change: -5.4180E-06
  step size:     0.03062
  trust radius:  0.10269
---------------- geometry iteration  32 complete ----------------
geopt (optimize geometry) done.
onee (1-electron integrals) done.
probe (project orbitals) done.
grid (grid generation) done.
rwr (Q operators) done.
  
       i  u  d  i  g
       t  p  i  c  r                                 RMS    maximum
       e  d  i  u  i                       energy  density   DIIS  
       r  t  s  t  d       total energy    change  change    error 
  
etot    1  N  N  2  U   -1959.11421879089           4.0E-05  1.5E-03
etot    2  N  Y  2  U   -1959.11472838329  5.1E-04  1.3E-05  1.2E-04
etot    3  N  Y  2  U   -1959.11469197135 -3.6E-05  1.0E-05  3.5E-04
etot    4  N  Y  2  U   -1959.11473436626  4.2E-05  1.7E-06  4.2E-05
etot    5  N  N  2  U   -1959.11473493624  5.7E-07  0.0E+00  0.0E+00
scf (DFT) done.
der1a (1-e 1st deriv.) done.
rwr (1st deriv. Q) done.
der1b (2-e 1st deriv.) done.
  Geometry optimization step  33
  Total energy:     -1959.17746760636 hartrees
  energy change:          -8.5370E-05 .  (  5.0000E-05 )
  gradient maximum:        2.5401E-04 *  (  4.5000E-04 )
  gradient rms:            5.5526E-05 #  (  3.0000E-04 )
  displacement maximum:    8.6901E-03 .  (  1.8000E-03 )
  displacement rms:        1.1759E-03 *  (  1.2000E-03 )
  
  predicted energy change: -2.2313E-06
  step size:     0.01918
  trust radius:  0.10269
---------------- geometry iteration  33 complete ----------------
geopt (optimize geometry) done.
onee (1-electron integrals) done.
probe (project orbitals) done.
grid (grid generation) done.
rwr (Q operators) done.
  
       i  u  d  i  g
       t  p  i  c  r                                 RMS    maximum
       e  d  i  u  i                       energy  density   DIIS  
       r  t  s  t  d       total energy    change  change    error 
  
etot    1  N  N  2  U   -1959.11448943174           2.7E-05  1.1E-03
etot    2  N  Y  2  U   -1959.11470449938  2.2E-04  7.3E-06  6.7E-05
etot    3  N  Y  2  U   -1959.11469244905 -1.2E-05  5.8E-06  2.0E-04
etot    4  N  Y  2  U   -1959.11470618657  1.4E-05  1.1E-06  2.8E-05
etot    5  N  N  2  U   -1959.11470644316  2.6E-07  0.0E+00  0.0E+00
scf (DFT) done.
der1a (1-e 1st deriv.) done.
rwr (1st deriv. Q) done.
der1b (2-e 1st deriv.) done.
  Geometry optimization step  34
  Total energy:     -1959.17744746369 hartrees
  energy change:           2.0143E-05 *  (  5.0000E-05 )
  gradient maximum:        3.1749E-04 *  (  4.5000E-04 )
  gradient rms:            6.4758E-05 *  (  3.0000E-04 )
  displacement maximum:    6.5260E-03 .  (  1.8000E-03 )
  displacement rms:        9.5009E-04 *  (  1.2000E-03 )
  
  predicted energy change: -2.1663E-06
  step size:     0.01550
  trust radius:  0.05135
---------------- geometry iteration  34 complete ----------------
geopt (optimize geometry) done.
onee (1-electron integrals) done.
probe (project orbitals) done.
grid (grid generation) done.
rwr (Q operators) done.
  
       i  u  d  i  g
       t  p  i  c  r                                 RMS    maximum
       e  d  i  u  i                       energy  density   DIIS  
       r  t  s  t  d       total energy    change  change    error 
  
etot    1  N  N  2  U   -1959.11459307185           2.2E-05  1.0E-03
etot    2  N  Y  2  U   -1959.11474983297  1.6E-04  5.3E-06  5.5E-05
etot    3  N  Y  2  U   -1959.11474352457 -6.3E-06  4.2E-06  1.8E-04
etot    4  N  N  2  U   -1959.11475090552  7.4E-06  0.0E+00  0.0E+00
scf (DFT) done.
der1a (1-e 1st deriv.) done.
rwr (1st deriv. Q) done.
der1b (2-e 1st deriv.) done.
  Geometry optimization step  35
  Total energy:     -1959.17748066103 hartrees
  energy change:          -3.3197E-05 *  (  5.0000E-05 )
  gradient maximum:        1.2733E-04 *  (  4.5000E-04 )
  gradient rms:            3.4637E-05 #  (  3.0000E-04 )
  displacement maximum:    2.0376E-03 .  (  1.8000E-03 )
  displacement rms:        3.9086E-04 *  (  1.2000E-03 )
  
  predicted energy change: -5.6907E-07
  step size:     0.00637
  trust radius:  0.05135
------------- final geometry iteration  35 complete -------------
geopt (optimize geometry) done.
cutabab2 (abab integrals) done.
der2a (1-e JK-1st deriv.) done.
der2b (2-e JK-1st deriv.) done.
der2nda (1-e 2nd deriv.) done.
der2ndb (2-e 2nd deriv.) done.
rwr (Q operators) done.
cphfa (gradient of wave function) done.
freq (vib. frequencies) done.
Job J1_10241_2111 completed on hpc-90-22.cm.cluster at Wed May 29 18:24:19 2024
Timer (jaguar_backend.py) : 5601.88 secs (1 hrs, 33 mins, 21 secs)
Finished:   Wed May 29 18:24:19 2024
