Command:  /groups/wag/programs/Schrodinger_2020_3/jaguar run -WAIT -PARALLEL 8 /central/home/labounad/wittig-ch121/out/J1_9922_2111/J1_9922_2111.in
Release:  2020-3
Exec:     /groups/wag/programs/Schrodinger_2020_3/jaguar-v10.9/bin/Linux-x86_64
Host:     hpc-92-24.cm.cluster
JobId:    hpc-92-24-0-665719c3
JobDir:   /central/scratch/labounad/J1_9922_2111#hpc-92-24-0-665719c3
Date:     Wed May 29 05:04:21 2024

Contents of /central/scratch/labounad/J1_9922_2111#hpc-92-24-0-665719c3:
/central/scratch/labounad/J1_9922_2111#hpc-92-24-0-665719c3/J1_9922_2111.in
/central/scratch/labounad/J1_9922_2111#hpc-92-24-0-665719c3/J1_9922_2111.recover
/central/scratch/labounad/J1_9922_2111#hpc-92-24-0-665719c3/.write_dir.json
/central/scratch/labounad/J1_9922_2111#hpc-92-24-0-665719c3/hpc-92-24-0-665719c3.mpinodes
/central/scratch/labounad/J1_9922_2111#hpc-92-24-0-665719c3/hpc-92-24-0-665719c3.recover
/central/scratch/labounad/J1_9922_2111#hpc-92-24-0-665719c3/hpc-92-24-0-665719c3
/central/scratch/labounad/J1_9922_2111#hpc-92-24-0-665719c3/J1_9922_2111.log
/central/scratch/labounad/J1_9922_2111#hpc-92-24-0-665719c3/hpc-92-24-0-665719c3.nodes

Executing subprocess:
/groups/wag/programs/Schrodinger_2020_3/jaguar-v10.9/bin/Linux-x86_64/jexec J1_9922_2111.in -T 8 -out /central/scratch/labounad/J1_9922_2111#hpc-92-24-0-665719c3 -cwd

Job J1_9922_2111 started on hpc-92-24.cm.cluster at Wed May 29 05:04:21 2024
jobid: hpc-92-24-0-665719c3 
Jaguar version 10.9, release 139
 Using up to   8 threads per process
Molecular Point Group: C1      
Point Group used: C1
pre (input checking) done.
onee (1-electron integrals) done.
hfig (HF initial guess) done.
probe (project orbitals) done.
grid (grid generation) done.
rwr (Q operators) done.
scf type: DFT=PBE(X+LC)+PW91 (PBE-D3)
  
       i  u  d  i  g
       t  p  i  c  r                                 RMS    maximum
       e  d  i  u  i                       energy  density   DIIS  
       r  t  s  t  d       total energy    change  change    error 
  
etot    1  N  N  5  M   -2236.58932590470           6.8E-03  1.1E-01
etot    2  Y  Y  6  M   -2229.68108147477 -6.9E+00  9.8E-03  1.4E-01
etot    3  Y  Y  6  M   -2212.18115044353 -1.7E+01  8.8E-03  1.4E-01
etot    4  N  Y  2  U   -2224.73588824603  1.3E+01  8.7E-03  1.7E-01
etot    5  Y  Y  6  M   -2225.05654553502  3.2E-01  8.1E-03  1.8E-01
etot    6  N  Y  2  U   -2239.09741406097  1.4E+01  3.6E-03  7.0E-02
etot    7  Y  Y  6  M   -2238.50420773038 -5.9E-01  2.3E-03  6.7E-02
etot    8  N  Y  2  U   -2241.26984822303  2.8E+00  8.6E-04  3.5E-02
etot    9  Y  Y  6  M   -2241.44061265292  1.7E-01  4.3E-04  1.2E-02
etot   10  N  Y  2  U   -2241.47793591664  3.7E-02  1.8E-04  4.5E-03
etot   11  Y  Y  6  M   -2241.48745510324  9.5E-03  8.9E-05  2.5E-03
etot   12  N  Y  2  U   -2241.48862736156  1.2E-03  4.3E-05  1.5E-03
etot   13  N  Y  2  U   -2241.48937248702  7.5E-04  2.3E-05  5.5E-04
etot   14  N  Y  2  U   -2241.48946447353  9.2E-05  2.0E-05  4.9E-04
etot   15  N  Y  2  U   -2241.48953085779  6.6E-05  1.4E-05  5.0E-04
etot   16  N  Y  2  U   -2241.48956367099  3.3E-05  7.0E-06  2.2E-04
etot   17  N  Y  2  U   -2241.48957487578  1.1E-05  5.5E-06  1.0E-04
etot   18  N  Y  2  U   -2241.48957701032  2.1E-06  2.6E-06  6.7E-05
etot   19  N  N  2  U   -2241.48957856646  1.6E-06  0.0E+00  0.0E+00
scf (DFT) done.
der1a (1-e 1st deriv.) done.
rwr (1st deriv. Q) done.
der1b (2-e 1st deriv.) done.
  Geometry optimization step   1
  Total energy:     -2241.55191610556 hartrees
  gradient maximum:        3.8380E-02 .  (  4.5000E-04 )
  gradient rms:            6.9202E-03 .  (  3.0000E-04 )
  displacement maximum:    1.0829E-01 .  (  1.8000E-03 )
  displacement rms:        1.8789E-02 .  (  1.2000E-03 )
  
  predicted energy change: -2.2069E-02
  step size:     0.30062
  trust radius:  0.30000
---------------- geometry iteration   1 complete ----------------
geopt (optimize geometry) done.
onee (1-electron integrals) done.
probe (project orbitals) done.
grid (grid generation) done.
rwr (Q operators) done.
  
       i  u  d  i  g
       t  p  i  c  r                                 RMS    maximum
       e  d  i  u  i                       energy  density   DIIS  
       r  t  s  t  d       total energy    change  change    error 
  
etot    1  N  N  2  U   -2241.45514079081           8.0E-04  1.7E-02
etot    2  Y  Y  6  M   -2241.51044922528  5.5E-02  1.3E-04  1.2E-03
etot    3  N  Y  2  U   -2241.50865136337 -1.8E-03  8.9E-05  2.7E-03
etot    4  Y  Y  6  M   -2241.51093112673  2.3E-03  2.5E-05  8.7E-04
etot    5  N  Y  2  U   -2241.51123830923  3.1E-04  1.0E-05  4.0E-04
etot    6  N  Y  2  U   -2241.51127076386  3.2E-05  3.0E-06  6.7E-05
etot    7  N  N  2  U   -2241.51127255136  1.8E-06  0.0E+00  0.0E+00
scf (DFT) done.
der1a (1-e 1st deriv.) done.
rwr (1st deriv. Q) done.
der1b (2-e 1st deriv.) done.
  Geometry optimization step   2
  Total energy:     -2241.57243454907 hartrees
  energy change:          -2.0518E-02 .  (  5.0000E-05 )
  gradient maximum:        1.4611E-02 .  (  4.5000E-04 )
  gradient rms:            2.6141E-03 .  (  3.0000E-04 )
  displacement maximum:    1.0427E-01 .  (  1.8000E-03 )
  displacement rms:        1.6374E-02 .  (  1.2000E-03 )
  
  predicted energy change: -6.5522E-03
  step size:     0.26198
  trust radius:  0.30000
---------------- geometry iteration   2 complete ----------------
geopt (optimize geometry) done.
onee (1-electron integrals) done.
probe (project orbitals) done.
grid (grid generation) done.
rwr (Q operators) done.
  
       i  u  d  i  g
       t  p  i  c  r                                 RMS    maximum
       e  d  i  u  i                       energy  density   DIIS  
       r  t  s  t  d       total energy    change  change    error 
  
etot    1  N  N  2  U   -2241.42461942510           5.2E-04  2.2E-02
etot    2  Y  Y  6  M   -2241.51481635696  9.0E-02  9.9E-05  1.1E-03
etot    3  N  Y  2  U   -2241.51290949121 -1.9E-03  7.5E-05  2.7E-03
etot    4  Y  Y  6  M   -2241.51484663321  1.9E-03  2.5E-05  1.0E-03
etot    5  N  Y  2  U   -2241.51505440018  2.1E-04  9.2E-06  3.2E-04
etot    6  N  Y  2  U   -2241.51507890308  2.5E-05  2.8E-06  4.5E-05
etot    7  N  N  2  U   -2241.51507952454  6.2E-07  0.0E+00  0.0E+00
scf (DFT) done.
der1a (1-e 1st deriv.) done.
rwr (1st deriv. Q) done.
der1b (2-e 1st deriv.) done.
  Geometry optimization step   3
  Total energy:     -2241.57746136042 hartrees
  energy change:          -5.0268E-03 .  (  5.0000E-05 )
  gradient maximum:        1.2343E-02 .  (  4.5000E-04 )
  gradient rms:            2.2323E-03 .  (  3.0000E-04 )
  displacement maximum:    1.1693E-01 .  (  1.8000E-03 )
  displacement rms:        1.7773E-02 .  (  1.2000E-03 )
  
  predicted energy change: -5.4970E-03
  step size:     0.28437
  trust radius:  0.30000
---------------- geometry iteration   3 complete ----------------
geopt (optimize geometry) done.
onee (1-electron integrals) done.
probe (project orbitals) done.
grid (grid generation) done.
rwr (Q operators) done.
  
       i  u  d  i  g
       t  p  i  c  r                                 RMS    maximum
       e  d  i  u  i                       energy  density   DIIS  
       r  t  s  t  d       total energy    change  change    error 
  
etot    1  N  N  2  U   -2241.41461338874           5.6E-04  2.3E-02
etot    2  Y  Y  6  M   -2241.51816851083  1.0E-01  9.9E-05  1.3E-03
etot    3  N  Y  2  U   -2241.51613123558 -2.0E-03  7.6E-05  3.6E-03
etot    4  Y  Y  6  M   -2241.51819817204  2.1E-03  2.3E-05  9.8E-04
etot    5  N  Y  2  U   -2241.51838277792  1.8E-04  7.7E-06  3.6E-04
etot    6  N  Y  2  U   -2241.51840751127  2.5E-05  2.6E-06  8.2E-05
etot    7  N  N  2  U   -2241.51840824943  7.4E-07  0.0E+00  0.0E+00
scf (DFT) done.
der1a (1-e 1st deriv.) done.
rwr (1st deriv. Q) done.
der1b (2-e 1st deriv.) done.
  Geometry optimization step   4
  Total energy:     -2241.58060025290 hartrees
  energy change:          -3.1389E-03 .  (  5.0000E-05 )
  gradient maximum:        8.8226E-03 .  (  4.5000E-04 )
  gradient rms:            1.8068E-03 .  (  3.0000E-04 )
  displacement maximum:    1.2497E-01 .  (  1.8000E-03 )
  displacement rms:        1.8748E-02 .  (  1.2000E-03 )
  
  predicted energy change: -3.3115E-03
  step size:     0.29997
  trust radius:  0.30000
---------------- geometry iteration   4 complete ----------------
geopt (optimize geometry) done.
onee (1-electron integrals) done.
probe (project orbitals) done.
grid (grid generation) done.
rwr (Q operators) done.
  
       i  u  d  i  g
       t  p  i  c  r                                 RMS    maximum
       e  d  i  u  i                       energy  density   DIIS  
       r  t  s  t  d       total energy    change  change    error 
  
etot    1  N  N  2  U   -2241.44030523794           4.9E-04  1.7E-02
etot    2  Y  Y  6  M   -2241.52044197945  8.0E-02  9.3E-05  1.1E-03
etot    3  N  Y  2  U   -2241.51940540638 -1.0E-03  6.7E-05  2.1E-03
etot    4  Y  Y  6  M   -2241.52044010901  1.0E-03  2.1E-05  1.0E-03
etot    5  N  Y  2  U   -2241.52059180412  1.5E-04  6.6E-06  2.5E-04
etot    6  N  Y  2  U   -2241.52060876061  1.7E-05  2.7E-06  5.8E-05
etot    7  N  N  2  U   -2241.52060942672  6.7E-07  0.0E+00  0.0E+00
scf (DFT) done.
der1a (1-e 1st deriv.) done.
rwr (1st deriv. Q) done.
der1b (2-e 1st deriv.) done.
  Geometry optimization step   5
  Total energy:     -2241.58352701347 hartrees
  energy change:          -2.9268E-03 .  (  5.0000E-05 )
  gradient maximum:        8.3346E-03 .  (  4.5000E-04 )
  gradient rms:            1.3358E-03 .  (  3.0000E-04 )
  displacement maximum:    1.0408E-01 .  (  1.8000E-03 )
  displacement rms:        1.8752E-02 .  (  1.2000E-03 )
  
  predicted energy change: -3.2481E-03
  step size:     0.30003
  trust radius:  0.30000
---------------- geometry iteration   5 complete ----------------
geopt (optimize geometry) done.
onee (1-electron integrals) done.
probe (project orbitals) done.
grid (grid generation) done.
rwr (Q operators) done.
  
       i  u  d  i  g
       t  p  i  c  r                                 RMS    maximum
       e  d  i  u  i                       energy  density   DIIS  
       r  t  s  t  d       total energy    change  change    error 
  
etot    1  N  N  2  U   -2241.44457943358           4.9E-04  2.2E-02
etot    2  Y  Y  6  M   -2241.52023193430  7.6E-02  1.1E-04  1.5E-03
etot    3  N  Y  2  U   -2241.51805211235 -2.2E-03  8.4E-05  3.8E-03
etot    4  Y  Y  6  M   -2241.52030226419  2.3E-03  2.2E-05  9.5E-04
etot    5  N  Y  2  U   -2241.52050833846  2.1E-04  8.3E-06  1.6E-04
etot    6  N  Y  2  U   -2241.52052992306  2.2E-05  2.7E-06  5.0E-05
etot    7  N  N  2  U   -2241.52053083498  9.1E-07  0.0E+00  0.0E+00
scf (DFT) done.
der1a (1-e 1st deriv.) done.
rwr (1st deriv. Q) done.
der1b (2-e 1st deriv.) done.
  Geometry optimization step   6
  Total energy:     -2241.58434033008 hartrees
  energy change:          -8.1332E-04 .  (  5.0000E-05 )
  gradient maximum:        2.4640E-02 .  (  4.5000E-04 )
  gradient rms:            2.8830E-03 .  (  3.0000E-04 )
  displacement maximum:    1.3149E-01 .  (  1.8000E-03 )
  displacement rms:        1.8749E-02 .  (  1.2000E-03 )
  
  predicted energy change: -3.0363E-03
  step size:     0.29999
  trust radius:  0.30000
---------------- geometry iteration   6 complete ----------------
geopt (optimize geometry) done.
onee (1-electron integrals) done.
probe (project orbitals) done.
grid (grid generation) done.
rwr (Q operators) done.
  
       i  u  d  i  g
       t  p  i  c  r                                 RMS    maximum
       e  d  i  u  i                       energy  density   DIIS  
       r  t  s  t  d       total energy    change  change    error 
  
etot    1  N  N  2  U   -2241.46246438993           4.7E-04  1.5E-02
etot    2  Y  Y  6  M   -2241.52267322107  6.0E-02  1.6E-04  2.0E-03
etot    3  N  Y  2  U   -2241.52049556007 -2.2E-03  1.0E-04  4.1E-03
etot    4  Y  Y  6  M   -2241.52298910194  2.5E-03  2.4E-05  9.9E-04
etot    5  N  Y  2  U   -2241.52309683241  1.1E-04  8.5E-06  2.3E-04
etot    6  N  Y  2  U   -2241.52311599031  1.9E-05  3.4E-06  8.5E-05
etot    7  N  N  2  U   -2241.52311715417  1.2E-06  0.0E+00  0.0E+00
scf (DFT) done.
der1a (1-e 1st deriv.) done.
rwr (1st deriv. Q) done.
der1b (2-e 1st deriv.) done.
  Geometry optimization step   7
  Total energy:     -2241.58668026562 hartrees
  energy change:          -2.3399E-03 .  (  5.0000E-05 )
  gradient maximum:        5.3307E-03 .  (  4.5000E-04 )
  gradient rms:            1.1992E-03 .  (  3.0000E-04 )
  displacement maximum:    1.6059E-01 .  (  1.8000E-03 )
  displacement rms:        1.8749E-02 .  (  1.2000E-03 )
  
  predicted energy change: -1.7322E-03
  step size:     0.29999
  trust radius:  0.30000
---------------- geometry iteration   7 complete ----------------
geopt (optimize geometry) done.
onee (1-electron integrals) done.
probe (project orbitals) done.
grid (grid generation) done.
rwr (Q operators) done.
  
       i  u  d  i  g
       t  p  i  c  r                                 RMS    maximum
       e  d  i  u  i                       energy  density   DIIS  
       r  t  s  t  d       total energy    change  change    error 
  
etot    1  N  N  2  U   -2241.48441894188           4.3E-04  9.5E-03
etot    2  Y  Y  6  M   -2241.52380938208  3.9E-02  1.3E-04  2.0E-03
etot    3  N  Y  2  U   -2241.52286066797 -9.5E-04  7.6E-05  2.2E-03
etot    4  Y  Y  6  M   -2241.52430069855  1.4E-03  1.7E-05  4.8E-04
etot    5  N  Y  2  U   -2241.52431571302  1.5E-05  5.1E-06  2.4E-04
etot    6  N  Y  2  U   -2241.52432094809  5.2E-06  2.2E-06  1.1E-04
etot    7  N  N  2  U   -2241.52432228602  1.3E-06  0.0E+00  0.0E+00
scf (DFT) done.
der1a (1-e 1st deriv.) done.
rwr (1st deriv. Q) done.
der1b (2-e 1st deriv.) done.
  Geometry optimization step   8
  Total energy:     -2241.58753079849 hartrees
  energy change:          -8.5053E-04 .  (  5.0000E-05 )
  gradient maximum:        1.2618E-02 .  (  4.5000E-04 )
  gradient rms:            1.5971E-03 .  (  3.0000E-04 )
  displacement maximum:    1.5738E-01 .  (  1.8000E-03 )
  displacement rms:        1.8749E-02 .  (  1.2000E-03 )
  
  predicted energy change: -1.8432E-03
  step size:     0.29999
  trust radius:  0.30000
---------------- geometry iteration   8 complete ----------------
geopt (optimize geometry) done.
onee (1-electron integrals) done.
probe (project orbitals) done.
grid (grid generation) done.
rwr (Q operators) done.
  
       i  u  d  i  g
       t  p  i  c  r                                 RMS    maximum
       e  d  i  u  i                       energy  density   DIIS  
       r  t  s  t  d       total energy    change  change    error 
  
etot    1  N  N  2  U   -2241.48270642628           4.0E-04  1.4E-02
etot    2  Y  Y  6  M   -2241.52453904600  4.2E-02  1.2E-04  1.8E-03
etot    3  N  Y  2  U   -2241.52343600590 -1.1E-03  8.2E-05  2.0E-03
etot    4  Y  Y  6  M   -2241.52483427582  1.4E-03  2.8E-05  1.1E-03
etot    5  N  Y  2  U   -2241.52501402480  1.8E-04  8.8E-06  4.2E-04
etot    6  N  Y  2  U   -2241.52504247223  2.8E-05  2.7E-06  7.2E-05
etot    7  N  N  2  U   -2241.52504369800  1.2E-06  0.0E+00  0.0E+00
scf (DFT) done.
der1a (1-e 1st deriv.) done.
rwr (1st deriv. Q) done.
der1b (2-e 1st deriv.) done.
  Geometry optimization step   9
  Total energy:     -2241.58846423211 hartrees
  energy change:          -9.3343E-04 .  (  5.0000E-05 )
  gradient maximum:        1.3114E-02 .  (  4.5000E-04 )
  gradient rms:            1.5935E-03 .  (  3.0000E-04 )
  displacement maximum:    1.4652E-01 .  (  1.8000E-03 )
  displacement rms:        1.8750E-02 .  (  1.2000E-03 )
  
  predicted energy change: -1.6114E-03
  step size:     0.30000
  trust radius:  0.30000
---------------- geometry iteration   9 complete ----------------
geopt (optimize geometry) done.
onee (1-electron integrals) done.
probe (project orbitals) done.
grid (grid generation) done.
rwr (Q operators) done.
  
       i  u  d  i  g
       t  p  i  c  r                                 RMS    maximum
       e  d  i  u  i                       energy  density   DIIS  
       r  t  s  t  d       total energy    change  change    error 
  
etot    1  N  N  2  U   -2241.48611008009           4.3E-04  8.9E-03
etot    2  Y  Y  6  M   -2241.52572780078  4.0E-02  1.5E-04  2.0E-03
etot    3  N  Y  2  U   -2241.52424511741 -1.5E-03  9.7E-05  2.7E-03
etot    4  Y  Y  6  M   -2241.52621024668  2.0E-03  2.9E-05  9.5E-04
etot    5  N  Y  2  U   -2241.52634644612  1.4E-04  8.9E-06  5.2E-04
etot    6  N  Y  2  U   -2241.52637523454  2.9E-05  3.0E-06  7.3E-05
etot    7  N  N  2  U   -2241.52637674649  1.5E-06  0.0E+00  0.0E+00
scf (DFT) done.
der1a (1-e 1st deriv.) done.
rwr (1st deriv. Q) done.
der1b (2-e 1st deriv.) done.
  Geometry optimization step  10
  Total energy:     -2241.58969743516 hartrees
  energy change:          -1.2332E-03 .  (  5.0000E-05 )
  gradient maximum:        8.1500E-03 .  (  4.5000E-04 )
  gradient rms:            1.2522E-03 .  (  3.0000E-04 )
  displacement maximum:    1.9112E-01 .  (  1.8000E-03 )
  displacement rms:        1.8758E-02 .  (  1.2000E-03 )
  
  predicted energy change: -1.8973E-03
  step size:     0.30012
  trust radius:  0.30000
---------------- geometry iteration  10 complete ----------------
geopt (optimize geometry) done.
onee (1-electron integrals) done.
probe (project orbitals) done.
grid (grid generation) done.
rwr (Q operators) done.
  
       i  u  d  i  g
       t  p  i  c  r                                 RMS    maximum
       e  d  i  u  i                       energy  density   DIIS  
       r  t  s  t  d       total energy    change  change    error 
  
etot    1  N  N  2  U   -2241.49790478894           4.2E-04  9.2E-03
etot    2  Y  Y  6  M   -2241.52743569046  3.0E-02  1.6E-04  1.9E-03
etot    3  N  Y  2  U   -2241.52601332520 -1.4E-03  1.0E-04  3.0E-03
etot    4  Y  Y  6  M   -2241.52788660703  1.9E-03  2.8E-05  1.3E-03
etot    5  N  Y  2  U   -2241.52808303854  2.0E-04  7.2E-06  2.7E-04
etot    6  N  Y  2  U   -2241.52809945591  1.6E-05  2.8E-06  7.9E-05
etot    7  N  N  2  U   -2241.52810097914  1.5E-06  0.0E+00  0.0E+00
scf (DFT) done.
der1a (1-e 1st deriv.) done.
rwr (1st deriv. Q) done.
der1b (2-e 1st deriv.) done.
  Geometry optimization step  11
  Total energy:     -2241.59141961083 hartrees
  energy change:          -1.7222E-03 .  (  5.0000E-05 )
  gradient maximum:        8.3155E-03 .  (  4.5000E-04 )
  gradient rms:            1.3703E-03 .  (  3.0000E-04 )
  displacement maximum:    1.9834E-01 .  (  1.8000E-03 )
  displacement rms:        1.8756E-02 .  (  1.2000E-03 )
  
  predicted energy change: -2.0368E-03
  step size:     0.30010
  trust radius:  0.30000
---------------- geometry iteration  11 complete ----------------
geopt (optimize geometry) done.
onee (1-electron integrals) done.
probe (project orbitals) done.
grid (grid generation) done.
rwr (Q operators) done.
  
       i  u  d  i  g
       t  p  i  c  r                                 RMS    maximum
       e  d  i  u  i                       energy  density   DIIS  
       r  t  s  t  d       total energy    change  change    error 
  
etot    1  N  N  2  U   -2241.48905300913           4.4E-04  1.2E-02
etot    2  Y  Y  6  M   -2241.53013049101  4.1E-02  1.3E-04  2.2E-03
etot    3  N  Y  2  U   -2241.52919561171 -9.3E-04  8.2E-05  2.8E-03
etot    4  Y  Y  6  M   -2241.53045283082  1.3E-03  2.5E-05  8.4E-04
etot    5  N  Y  2  U   -2241.53055261418  1.0E-04  6.9E-06  2.4E-04
etot    6  N  Y  2  U   -2241.53056492230  1.2E-05  3.0E-06  8.4E-05
etot    7  N  N  2  U   -2241.53056712532  2.2E-06  0.0E+00  0.0E+00
scf (DFT) done.
der1a (1-e 1st deriv.) done.
rwr (1st deriv. Q) done.
der1b (2-e 1st deriv.) done.
  Geometry optimization step  12
  Total energy:     -2241.59376237242 hartrees
  energy change:          -2.3428E-03 .  (  5.0000E-05 )
  gradient maximum:        1.1584E-02 .  (  4.5000E-04 )
  gradient rms:            1.4300E-03 .  (  3.0000E-04 )
  displacement maximum:    1.8374E-01 .  (  1.8000E-03 )
  displacement rms:        1.8759E-02 .  (  1.2000E-03 )
  
  predicted energy change: -2.3184E-03
  step size:     0.30015
  trust radius:  0.30000
---------------- geometry iteration  12 complete ----------------
geopt (optimize geometry) done.
onee (1-electron integrals) done.
probe (project orbitals) done.
grid (grid generation) done.
rwr (Q operators) done.
  
       i  u  d  i  g
       t  p  i  c  r                                 RMS    maximum
       e  d  i  u  i                       energy  density   DIIS  
       r  t  s  t  d       total energy    change  change    error 
  
etot    1  N  N  2  U   -2241.48768012222           4.4E-04  1.1E-02
etot    2  Y  Y  6  M   -2241.53180819292  4.4E-02  1.5E-04  1.9E-03
etot    3  N  Y  2  U   -2241.52956430227 -2.2E-03  1.1E-04  4.4E-03
etot    4  Y  Y  6  M   -2241.53226334786  2.7E-03  2.5E-05  8.4E-04
etot    5  N  Y  2  U   -2241.53240596567  1.4E-04  8.1E-06  3.3E-04
etot    6  N  Y  2  U   -2241.53242834909  2.2E-05  3.5E-06  9.2E-05
etot    7  N  N  2  U   -2241.53243047702  2.1E-06  0.0E+00  0.0E+00
scf (DFT) done.
der1a (1-e 1st deriv.) done.
rwr (1st deriv. Q) done.
der1b (2-e 1st deriv.) done.
  Geometry optimization step  13
  Total energy:     -2241.59587732140 hartrees
  energy change:          -2.1149E-03 .  (  5.0000E-05 )
  gradient maximum:        6.8975E-03 .  (  4.5000E-04 )
  gradient rms:            1.2323E-03 .  (  3.0000E-04 )
  displacement maximum:    1.6202E-01 .  (  1.8000E-03 )
  displacement rms:        1.8756E-02 .  (  1.2000E-03 )
  
  predicted energy change: -1.9891E-03
  step size:     0.30010
  trust radius:  0.30000
---------------- geometry iteration  13 complete ----------------
geopt (optimize geometry) done.
onee (1-electron integrals) done.
probe (project orbitals) done.
grid (grid generation) done.
rwr (Q operators) done.
  
       i  u  d  i  g
       t  p  i  c  r                                 RMS    maximum
       e  d  i  u  i                       energy  density   DIIS  
       r  t  s  t  d       total energy    change  change    error 
  
etot    1  N  N  2  U   -2241.49853841202           3.8E-04  1.2E-02
etot    2  Y  Y  6  M   -2241.53431229413  3.6E-02  7.9E-05  1.3E-03
etot    3  N  Y  2  U   -2241.53390219744 -4.1E-04  5.3E-05  1.1E-03
etot    4  Y  Y  6  M   -2241.53436159014  4.6E-04  1.8E-05  6.4E-04
etot    5  N  Y  2  U   -2241.53444463576  8.3E-05  5.4E-06  2.0E-04
etot    6  N  Y  2  U   -2241.53445043990  5.8E-06  2.5E-06  9.2E-05
etot    7  N  N  2  U   -2241.53445209292  1.7E-06  0.0E+00  0.0E+00
scf (DFT) done.
der1a (1-e 1st deriv.) done.
rwr (1st deriv. Q) done.
der1b (2-e 1st deriv.) done.
  Geometry optimization step  14
  Total energy:     -2241.59771819544 hartrees
  energy change:          -1.8409E-03 .  (  5.0000E-05 )
  gradient maximum:        4.0339E-03 .  (  4.5000E-04 )
  gradient rms:            8.4259E-04 .  (  3.0000E-04 )
  displacement maximum:    1.1250E-01 .  (  1.8000E-03 )
  displacement rms:        1.8749E-02 .  (  1.2000E-03 )
  
  predicted energy change: -1.7994E-03
  step size:     0.29998
  trust radius:  0.30000
---------------- geometry iteration  14 complete ----------------
geopt (optimize geometry) done.
onee (1-electron integrals) done.
probe (project orbitals) done.
grid (grid generation) done.
rwr (Q operators) done.
  
       i  u  d  i  g
       t  p  i  c  r                                 RMS    maximum
       e  d  i  u  i                       energy  density   DIIS  
       r  t  s  t  d       total energy    change  change    error 
  
etot    1  N  N  2  U   -2241.49807193967           3.6E-04  1.1E-02
etot    2  Y  Y  6  M   -2241.53555075591  3.7E-02  9.3E-05  1.0E-03
etot    3  N  Y  2  U   -2241.53443876835 -1.1E-03  6.9E-05  1.9E-03
etot    4  Y  Y  6  M   -2241.53570316542  1.3E-03  1.7E-05  5.3E-04
etot    5  N  Y  2  U   -2241.53574905093  4.6E-05  6.5E-06  2.3E-04
etot    6  N  Y  2  U   -2241.53576267167  1.4E-05  2.6E-06  6.3E-05
etot    7  N  N  2  U   -2241.53576390729  1.2E-06  0.0E+00  0.0E+00
scf (DFT) done.
der1a (1-e 1st deriv.) done.
rwr (1st deriv. Q) done.
der1b (2-e 1st deriv.) done.
  Geometry optimization step  15
  Total energy:     -2241.59923763312 hartrees
  energy change:          -1.5194E-03 .  (  5.0000E-05 )
  gradient maximum:        3.8649E-03 .  (  4.5000E-04 )
  gradient rms:            7.9002E-04 .  (  3.0000E-04 )
  displacement maximum:    9.0104E-02 .  (  1.8000E-03 )
  displacement rms:        1.8747E-02 .  (  1.2000E-03 )
  
  predicted energy change: -1.3842E-03
  step size:     0.29995
  trust radius:  0.30000
---------------- geometry iteration  15 complete ----------------
geopt (optimize geometry) done.
onee (1-electron integrals) done.
probe (project orbitals) done.
grid (grid generation) done.
rwr (Q operators) done.
  
       i  u  d  i  g
       t  p  i  c  r                                 RMS    maximum
       e  d  i  u  i                       energy  density   DIIS  
       r  t  s  t  d       total energy    change  change    error 
  
etot    1  N  N  2  U   -2241.48313334250           4.0E-04  2.0E-02
etot    2  Y  Y  6  M   -2241.53639643491  5.3E-02  8.4E-05  6.4E-04
etot    3  N  Y  2  U   -2241.53541696783 -9.8E-04  6.2E-05  1.7E-03
etot    4  Y  Y  6  M   -2241.53640536976  9.9E-04  1.5E-05  4.4E-04
etot    5  N  Y  2  U   -2241.53642492910  2.0E-05  6.0E-06  1.6E-04
etot    6  N  Y  2  U   -2241.53643526590  1.0E-05  2.1E-06  1.0E-04
etot    7  N  N  2  U   -2241.53643617108  9.1E-07  0.0E+00  0.0E+00
scf (DFT) done.
der1a (1-e 1st deriv.) done.
rwr (1st deriv. Q) done.
der1b (2-e 1st deriv.) done.
  Geometry optimization step  16
  Total energy:     -2241.60016542950 hartrees
  energy change:          -9.2780E-04 .  (  5.0000E-05 )
  gradient maximum:        6.4216E-03 .  (  4.5000E-04 )
  gradient rms:            1.1729E-03 .  (  3.0000E-04 )
  displacement maximum:    1.4436E-01 .  (  1.8000E-03 )
  displacement rms:        1.8751E-02 .  (  1.2000E-03 )
  
  predicted energy change: -1.5144E-03
  step size:     0.30001
  trust radius:  0.30000
---------------- geometry iteration  16 complete ----------------
geopt (optimize geometry) done.
onee (1-electron integrals) done.
probe (project orbitals) done.
grid (grid generation) done.
rwr (Q operators) done.
  
       i  u  d  i  g
       t  p  i  c  r                                 RMS    maximum
       e  d  i  u  i                       energy  density   DIIS  
       r  t  s  t  d       total energy    change  change    error 
  
etot    1  N  N  2  U   -2241.49391573967           3.9E-04  1.4E-02
etot    2  Y  Y  6  M   -2241.53662150054  4.3E-02  1.2E-04  1.3E-03
etot    3  N  Y  2  U   -2241.53455653828 -2.1E-03  8.4E-05  3.3E-03
etot    4  Y  Y  6  M   -2241.53682567185  2.3E-03  2.3E-05  6.9E-04
etot    5  N  Y  2  U   -2241.53689405515  6.8E-05  6.6E-06  2.5E-04
etot    6  N  Y  2  U   -2241.53690699143  1.3E-05  2.5E-06  5.8E-05
etot    7  N  N  2  U   -2241.53690790292  9.1E-07  0.0E+00  0.0E+00
scf (DFT) done.
der1a (1-e 1st deriv.) done.
rwr (1st deriv. Q) done.
der1b (2-e 1st deriv.) done.
  Geometry optimization step  17
  Total energy:     -2241.60000333670 hartrees
  energy change:           1.6209E-04 .  (  5.0000E-05 )
  gradient maximum:        9.0831E-03 .  (  4.5000E-04 )
  gradient rms:            1.8591E-03 .  (  3.0000E-04 )
  displacement maximum:    1.3861E-01 .  (  1.8000E-03 )
  displacement rms:        1.8801E-02 .  (  1.2000E-03 )
  
  predicted energy change: -1.5338E-03
  step size:     0.30081
  trust radius:  0.30000
---------------- geometry iteration  17 complete ----------------
geopt (optimize geometry) done.
onee (1-electron integrals) done.
probe (project orbitals) done.
grid (grid generation) done.
rwr (Q operators) done.
  
       i  u  d  i  g
       t  p  i  c  r                                 RMS    maximum
       e  d  i  u  i                       energy  density   DIIS  
       r  t  s  t  d       total energy    change  change    error 
  
etot    1  N  N  2  U   -2241.49073333572           4.1E-04  1.3E-02
etot    2  Y  Y  6  M   -2241.53775914450  4.7E-02  9.0E-05  1.3E-03
etot    3  N  Y  2  U   -2241.53692635733 -8.3E-04  6.5E-05  1.5E-03
etot    4  Y  Y  6  M   -2241.53792589874  1.0E-03  1.8E-05  4.2E-04
etot    5  N  Y  2  U   -2241.53793281539  6.9E-06  5.3E-06  1.9E-04
etot    6  N  Y  2  U   -2241.53793989796  7.1E-06  2.6E-06  7.2E-05
etot    7  N  N  2  U   -2241.53794114281  1.2E-06  0.0E+00  0.0E+00
scf (DFT) done.
der1a (1-e 1st deriv.) done.
rwr (1st deriv. Q) done.
der1b (2-e 1st deriv.) done.
  Geometry optimization step  18
  Total energy:     -2241.60130488305 hartrees
  energy change:          -1.3015E-03 .  (  5.0000E-05 )
  gradient maximum:        7.2198E-03 .  (  4.5000E-04 )
  gradient rms:            1.2544E-03 .  (  3.0000E-04 )
  displacement maximum:    1.1008E-01 .  (  1.8000E-03 )
  displacement rms:        1.8759E-02 .  (  1.2000E-03 )
  
  predicted energy change: -1.6349E-03
  step size:     0.30014
  trust radius:  0.30000
---------------- geometry iteration  18 complete ----------------
geopt (optimize geometry) done.
onee (1-electron integrals) done.
probe (project orbitals) done.
grid (grid generation) done.
rwr (Q operators) done.
  
       i  u  d  i  g
       t  p  i  c  r                                 RMS    maximum
       e  d  i  u  i                       energy  density   DIIS  
       r  t  s  t  d       total energy    change  change    error 
  
etot    1  N  N  2  U   -2241.49254202460           4.1E-04  1.2E-02
etot    2  Y  Y  6  M   -2241.53478918224  4.2E-02  9.9E-05  1.4E-03
etot    3  N  Y  2  U   -2241.53325719629 -1.5E-03  7.3E-05  2.8E-03
etot    4  Y  Y  6  M   -2241.53497845293  1.7E-03  1.8E-05  7.2E-04
etot    5  N  Y  2  U   -2241.53503896509  6.1E-05  7.6E-06  3.1E-04
etot    6  N  Y  2  U   -2241.53505992622  2.1E-05  2.5E-06  5.1E-05
etot    7  N  N  2  U   -2241.53506077428  8.5E-07  0.0E+00  0.0E+00
scf (DFT) done.
der1a (1-e 1st deriv.) done.
rwr (1st deriv. Q) done.
der1b (2-e 1st deriv.) done.
  Geometry optimization step  19
  Total energy:     -2241.59876831432 hartrees
  ** restarting optimization from step   18 **
  energy change:           2.5366E-03 .  (  5.0000E-05 )
  gradient maximum:        7.2198E-03 .  (  4.5000E-04 )
  gradient rms:            1.2544E-03 .  (  3.0000E-04 )
  displacement maximum:    1.2022E-01 .  (  1.8000E-03 )
  displacement rms:        1.8753E-02 .  (  1.2000E-03 )
  
  predicted energy change: -7.4774E-04
  step size:     0.30004
  trust radius:  0.30000
---------------- geometry iteration  19 complete ----------------
geopt (optimize geometry) done.
onee (1-electron integrals) done.
probe (project orbitals) done.
grid (grid generation) done.
rwr (Q operators) done.
  
       i  u  d  i  g
       t  p  i  c  r                                 RMS    maximum
       e  d  i  u  i                       energy  density   DIIS  
       r  t  s  t  d       total energy    change  change    error 
  
etot    1  N  N  2  U   -2241.51089513754           3.8E-04  8.7E-03
etot    2  Y  Y  6  M   -2241.53755687227  2.7E-02  9.8E-05  1.6E-03
etot    3  N  Y  2  U   -2241.53621786679 -1.3E-03  6.6E-05  3.3E-03
etot    4  Y  Y  6  M   -2241.53779820435  1.6E-03  1.7E-05  5.9E-04
etot    5  N  Y  2  U   -2241.53781427459  1.6E-05  6.8E-06  2.9E-04
etot    6  N  Y  2  U   -2241.53783022100  1.6E-05  2.0E-06  6.3E-05
etot    7  N  N  2  U   -2241.53783066024  4.4E-07  0.0E+00  0.0E+00
scf (DFT) done.
der1a (1-e 1st deriv.) done.
rwr (1st deriv. Q) done.
der1b (2-e 1st deriv.) done.
  Geometry optimization step  20
  Total energy:     -2241.60146339149 hartrees
  energy change:          -1.5851E-04 .  (  5.0000E-05 )
  gradient maximum:        8.8152E-03 .  (  4.5000E-04 )
  gradient rms:            1.5584E-03 .  (  3.0000E-04 )
  displacement maximum:    1.5225E-01 .  (  1.8000E-03 )
  displacement rms:        1.8746E-02 .  (  1.2000E-03 )
  
  predicted energy change: -1.6957E-03
  step size:     0.29993
  trust radius:  0.30000
---------------- geometry iteration  20 complete ----------------
geopt (optimize geometry) done.
onee (1-electron integrals) done.
probe (project orbitals) done.
grid (grid generation) done.
rwr (Q operators) done.
  
       i  u  d  i  g
       t  p  i  c  r                                 RMS    maximum
       e  d  i  u  i                       energy  density   DIIS  
       r  t  s  t  d       total energy    change  change    error 
  
etot    1  N  N  2  U   -2241.48592549750           5.2E-04  1.6E-02
etot    2  Y  Y  6  M   -2241.53796405134  5.2E-02  1.0E-04  1.3E-03
etot    3  N  Y  2  U   -2241.53668142346 -1.3E-03  7.7E-05  2.5E-03
etot    4  Y  Y  6  M   -2241.53804985832  1.4E-03  2.2E-05  8.5E-04
etot    5  N  Y  2  U   -2241.53821541977  1.7E-04  6.4E-06  2.1E-04
etot    6  N  Y  2  U   -2241.53822919254  1.4E-05  2.8E-06  7.9E-05
etot    7  N  N  2  U   -2241.53823031475  1.1E-06  0.0E+00  0.0E+00
scf (DFT) done.
der1a (1-e 1st deriv.) done.
rwr (1st deriv. Q) done.
der1b (2-e 1st deriv.) done.
  Geometry optimization step  21
  Total energy:     -2241.60120805888 hartrees
  energy change:           2.5533E-04 .  (  5.0000E-05 )
  gradient maximum:        1.0776E-02 .  (  4.5000E-04 )
  gradient rms:            1.7095E-03 .  (  3.0000E-04 )
  displacement maximum:    7.6755E-02 .  (  1.8000E-03 )
  displacement rms:        1.3301E-02 .  (  1.2000E-03 )
  
  predicted energy change: -1.1327E-03
  step size:     0.21282
  trust radius:  0.30000
---------------- geometry iteration  21 complete ----------------
geopt (optimize geometry) done.
onee (1-electron integrals) done.
probe (project orbitals) done.
grid (grid generation) done.
rwr (Q operators) done.
  
       i  u  d  i  g
       t  p  i  c  r                                 RMS    maximum
       e  d  i  u  i                       energy  density   DIIS  
       r  t  s  t  d       total energy    change  change    error 
  
etot    1  N  N  2  U   -2241.51926894082           3.1E-04  9.2E-03
etot    2  Y  Y  6  M   -2241.53848745322  1.9E-02  7.1E-05  6.8E-04
etot    3  N  Y  2  U   -2241.53787732732 -6.1E-04  5.1E-05  1.6E-03
etot    4  Y  Y  6  M   -2241.53863918483  7.6E-04  1.2E-05  4.6E-04
etot    5  N  Y  2  U   -2241.53864454889  5.4E-06  4.5E-06  1.7E-04
etot    6  N  N  2  U   -2241.53865093978  6.4E-06  0.0E+00  0.0E+00
scf (DFT) done.
der1a (1-e 1st deriv.) done.
rwr (1st deriv. Q) done.
der1b (2-e 1st deriv.) done.
  Geometry optimization step  22
  Total energy:     -2241.60201115875 hartrees
  energy change:          -8.0310E-04 .  (  5.0000E-05 )
  gradient maximum:        2.0154E-03 .  (  4.5000E-04 )
  gradient rms:            4.6101E-04 .  (  3.0000E-04 )
  displacement maximum:    1.0327E-01 .  (  1.8000E-03 )
  displacement rms:        1.8796E-02 .  (  1.2000E-03 )
  
  predicted energy change: -6.2914E-04
  step size:     0.30074
  trust radius:  0.30000
---------------- geometry iteration  22 complete ----------------
geopt (optimize geometry) done.
onee (1-electron integrals) done.
probe (project orbitals) done.
grid (grid generation) done.
rwr (Q operators) done.
  
       i  u  d  i  g
       t  p  i  c  r                                 RMS    maximum
       e  d  i  u  i                       energy  density   DIIS  
       r  t  s  t  d       total energy    change  change    error 
  
etot    1  N  N  2  U   -2241.48724658355           4.2E-04  1.1E-02
etot    2  Y  Y  6  M   -2241.53540620945  4.8E-02  6.3E-05  8.3E-04
etot    3  N  Y  2  U   -2241.53476331602 -6.4E-04  5.1E-05  1.3E-03
etot    4  Y  Y  6  M   -2241.53532479254  5.6E-04  1.9E-05  8.8E-04
etot    5  N  Y  2  U   -2241.53545113378  1.3E-04  5.9E-06  3.3E-04
etot    6  N  Y  2  U   -2241.53546353414  1.2E-05  2.3E-06  7.8E-05
etot    7  N  N  2  U   -2241.53546413153  6.0E-07  0.0E+00  0.0E+00
scf (DFT) done.
der1a (1-e 1st deriv.) done.
rwr (1st deriv. Q) done.
der1b (2-e 1st deriv.) done.
  Geometry optimization step  23
  Total energy:     -2241.59996213044 hartrees
  ** restarting optimization from step   22 **
  energy change:           2.0490E-03 .  (  5.0000E-05 )
  gradient maximum:        2.0154E-03 .  (  4.5000E-04 )
  gradient rms:            4.6101E-04 .  (  3.0000E-04 )
  displacement maximum:    6.8663E-02 .  (  1.8000E-03 )
  displacement rms:        1.3394E-02 .  (  1.2000E-03 )
  
  predicted energy change: -3.1504E-04
  step size:     0.21430
  trust radius:  0.30000
---------------- geometry iteration  23 complete ----------------
geopt (optimize geometry) done.
onee (1-electron integrals) done.
probe (project orbitals) done.
grid (grid generation) done.
rwr (Q operators) done.
  
       i  u  d  i  g
       t  p  i  c  r                                 RMS    maximum
       e  d  i  u  i                       energy  density   DIIS  
       r  t  s  t  d       total energy    change  change    error 
  
etot    1  N  N  2  U   -2241.51363580591           3.2E-04  1.1E-02
etot    2  Y  Y  6  M   -2241.53786817466  2.4E-02  7.4E-05  8.2E-04
etot    3  N  Y  2  U   -2241.53723664751 -6.3E-04  5.6E-05  1.7E-03
etot    4  Y  Y  6  M   -2241.53802005092  7.8E-04  1.6E-05  6.5E-04
etot    5  N  Y  2  U   -2241.53809513504  7.5E-05  4.7E-06  2.0E-04
etot    6  N  N  2  U   -2241.53810461771  9.5E-06  0.0E+00  0.0E+00
scf (DFT) done.
der1a (1-e 1st deriv.) done.
rwr (1st deriv. Q) done.
der1b (2-e 1st deriv.) done.
  Geometry optimization step  24
  Total energy:     -2241.60153572017 hartrees
  energy change:           4.7544E-04 .  (  5.0000E-05 )
  gradient maximum:        3.5079E-03 .  (  4.5000E-04 )
  gradient rms:            6.7531E-04 .  (  3.0000E-04 )
  displacement maximum:    1.1582E-01 .  (  1.8000E-03 )
  displacement rms:        1.8770E-02 .  (  1.2000E-03 )
  
  predicted energy change: -6.8026E-04
  step size:     0.30031
  trust radius:  0.30000
---------------- geometry iteration  24 complete ----------------
geopt (optimize geometry) done.
onee (1-electron integrals) done.
probe (project orbitals) done.
grid (grid generation) done.
rwr (Q operators) done.
  
       i  u  d  i  g
       t  p  i  c  r                                 RMS    maximum
       e  d  i  u  i                       energy  density   DIIS  
       r  t  s  t  d       total energy    change  change    error 
  
etot    1  N  N  2  U   -2241.47977950500           7.8E-04  2.1E-02
etot    2  Y  Y  6  M   -2241.53812896902  5.8E-02  8.3E-05  1.3E-03
etot    3  N  Y  2  U   -2241.53745405106 -6.7E-04  6.1E-05  1.3E-03
etot    4  Y  Y  6  M   -2241.53823859640  7.8E-04  2.0E-05  5.8E-04
etot    5  N  Y  2  U   -2241.53831518909  7.7E-05  5.6E-06  2.0E-04
etot    6  N  Y  2  U   -2241.53832360114  8.4E-06  2.7E-06  5.6E-05
etot    7  N  N  2  U   -2241.53832411564  5.1E-07  0.0E+00  0.0E+00
scf (DFT) done.
der1a (1-e 1st deriv.) done.
rwr (1st deriv. Q) done.
der1b (2-e 1st deriv.) done.
  Geometry optimization step  25
  Total energy:     -2241.60134104493 hartrees
  ** restarting optimization from step   22 **
  energy change:           1.9468E-04 .  (  5.0000E-05 )
  gradient maximum:        2.0154E-03 .  (  4.5000E-04 )
  gradient rms:            4.6101E-04 .  (  3.0000E-04 )
  displacement maximum:    5.3086E-02 .  (  1.8000E-03 )
  displacement rms:        9.3763E-03 .  (  1.2000E-03 )
  
  predicted energy change: -2.5330E-04
  step size:     0.15002
  trust radius:  0.15000
---------------- geometry iteration  25 complete ----------------
geopt (optimize geometry) done.
onee (1-electron integrals) done.
probe (project orbitals) done.
grid (grid generation) done.
rwr (Q operators) done.
  
       i  u  d  i  g
       t  p  i  c  r                                 RMS    maximum
       e  d  i  u  i                       energy  density   DIIS  
       r  t  s  t  d       total energy    change  change    error 
  
etot    1  N  N  2  U   -2241.50865322953           3.2E-04  1.3E-02
etot    2  Y  Y  6  M   -2241.53822532738  3.0E-02  5.1E-05  9.1E-04
etot    3  N  Y  2  U   -2241.53792722551 -3.0E-04  3.8E-05  7.0E-04
etot    4  N  Y  2  U   -2241.53820075995  2.7E-04  1.3E-05  4.4E-04
etot    5  N  Y  2  U   -2241.53825229413  5.2E-05  3.7E-06  1.5E-04
etot    6  N  N  2  U   -2241.53825644153  4.1E-06  0.0E+00  0.0E+00
scf (DFT) done.
der1a (1-e 1st deriv.) done.
rwr (1st deriv. Q) done.
der1b (2-e 1st deriv.) done.
  Geometry optimization step  26
  Total energy:     -2241.60169155438 hartrees
  energy change:           3.1960E-04 .  (  5.0000E-05 )
  gradient maximum:        3.8209E-03 .  (  4.5000E-04 )
  gradient rms:            4.4436E-04 .  (  3.0000E-04 )
  displacement maximum:    2.8148E-02 .  (  1.8000E-03 )
  displacement rms:        4.7009E-03 .  (  1.2000E-03 )
  
  predicted energy change: -1.4409E-04
  step size:     0.07521
  trust radius:  0.07500
---------------- geometry iteration  26 complete ----------------
geopt (optimize geometry) done.
onee (1-electron integrals) done.
probe (project orbitals) done.
grid (grid generation) done.
rwr (Q operators) done.
  
       i  u  d  i  g
       t  p  i  c  r                                 RMS    maximum
       e  d  i  u  i                       energy  density   DIIS  
       r  t  s  t  d       total energy    change  change    error 
  
etot    1  N  N  2  U   -2241.53319606308           1.3E-04  6.7E-03
etot    2  Y  Y  6  M   -2241.53813499935  4.9E-03  2.3E-05  3.4E-04
etot    3  N  Y  2  U   -2241.53806306908 -7.2E-05  1.9E-05  6.9E-04
etot    4  N  Y  2  U   -2241.53815508865  9.2E-05  6.0E-06  2.6E-04
etot    5  N  Y  2  U   -2241.53816578553  1.1E-05  1.8E-06  6.1E-05
etot    6  N  N  2  U   -2241.53816681464  1.0E-06  0.0E+00  0.0E+00
scf (DFT) done.
der1a (1-e 1st deriv.) done.
rwr (1st deriv. Q) done.
der1b (2-e 1st deriv.) done.
  Geometry optimization step  27
  Total energy:     -2241.60168861213 hartrees
  energy change:           2.9423E-06 *  (  5.0000E-05 )
  gradient maximum:        1.1907E-03 .  (  4.5000E-04 )
  gradient rms:            2.4535E-04 *  (  3.0000E-04 )
  displacement maximum:    4.3508E-02 .  (  1.8000E-03 )
  displacement rms:        4.7056E-03 .  (  1.2000E-03 )
  
  predicted energy change: -7.6307E-05
  step size:     0.07529
  trust radius:  0.07500
---------------- geometry iteration  27 complete ----------------
geopt (optimize geometry) done.
onee (1-electron integrals) done.
probe (project orbitals) done.
grid (grid generation) done.
rwr (Q operators) done.
  
       i  u  d  i  g
       t  p  i  c  r                                 RMS    maximum
       e  d  i  u  i                       energy  density   DIIS  
       r  t  s  t  d       total energy    change  change    error 
  
etot    1  N  N  2  U   -2241.53338076956           1.2E-04  7.4E-03
etot    2  Y  Y  6  M   -2241.53838724150  5.0E-03  1.8E-05  3.9E-04
etot    3  N  Y  2  U   -2241.53833855410 -4.9E-05  1.4E-05  4.8E-04
etot    4  N  Y  2  U   -2241.53837725448  3.9E-05  5.7E-06  2.6E-04
etot    5  N  Y  2  U   -2241.53838748769  1.0E-05  1.6E-06  5.1E-05
etot    6  N  N  2  U   -2241.53838814537  6.6E-07  0.0E+00  0.0E+00
scf (DFT) done.
der1a (1-e 1st deriv.) done.
rwr (1st deriv. Q) done.
der1b (2-e 1st deriv.) done.
  Geometry optimization step  28
  Total energy:     -2241.60186346177 hartrees
  energy change:          -1.7485E-04 .  (  5.0000E-05 )
  gradient maximum:        9.2503E-04 .  (  4.5000E-04 )
  gradient rms:            1.6902E-04 *  (  3.0000E-04 )
  displacement maximum:    3.1031E-02 .  (  1.8000E-03 )
  displacement rms:        2.3612E-03 .  (  1.2000E-03 )
  
  predicted energy change: -4.1795E-05
  step size:     0.03778
  trust radius:  0.03750
---------------- geometry iteration  28 complete ----------------
geopt (optimize geometry) done.
onee (1-electron integrals) done.
probe (project orbitals) done.
grid (grid generation) done.
rwr (Q operators) done.
  
       i  u  d  i  g
       t  p  i  c  r                                 RMS    maximum
       e  d  i  u  i                       energy  density   DIIS  
       r  t  s  t  d       total energy    change  change    error 
  
etot    1  N  N  2  U   -2241.53712161060           6.2E-05  4.5E-03
etot    2  Y  Y  6  M   -2241.53833361974  1.2E-03  1.1E-05  2.3E-04
etot    3  N  Y  2  U   -2241.53831719416 -1.6E-05  9.2E-06  2.6E-04
etot    4  N  Y  2  U   -2241.53833888156  2.2E-05  2.7E-06  9.5E-05
etot    5  N  N  2  U   -2241.53834061693  1.7E-06  0.0E+00  0.0E+00
scf (DFT) done.
der1a (1-e 1st deriv.) done.
rwr (1st deriv. Q) done.
der1b (2-e 1st deriv.) done.
  Geometry optimization step  29
  Total energy:     -2241.60182997256 hartrees
  energy change:           3.3489E-05 *  (  5.0000E-05 )
  gradient maximum:        6.4126E-04 .  (  4.5000E-04 )
  gradient rms:            1.2249E-04 *  (  3.0000E-04 )
  displacement maximum:    5.6259E-02 .  (  1.8000E-03 )
  displacement rms:        4.6892E-03 .  (  1.2000E-03 )
  
  predicted energy change: -5.5233E-05
  step size:     0.07503
  trust radius:  0.07500
---------------- geometry iteration  29 complete ----------------
geopt (optimize geometry) done.
onee (1-electron integrals) done.
probe (project orbitals) done.
grid (grid generation) done.
rwr (Q operators) done.
  
       i  u  d  i  g
       t  p  i  c  r                                 RMS    maximum
       e  d  i  u  i                       energy  density   DIIS  
       r  t  s  t  d       total energy    change  change    error 
  
etot    1  N  N  2  U   -2241.53296642377           1.3E-04  8.7E-03
etot    2  Y  Y  6  M   -2241.53840795472  5.4E-03  1.9E-05  4.6E-04
etot    3  N  Y  2  U   -2241.53834701273 -6.1E-05  1.6E-05  6.5E-04
etot    4  N  Y  2  U   -2241.53840308681  5.6E-05  5.6E-06  2.9E-04
etot    5  N  Y  2  U   -2241.53841555020  1.2E-05  1.4E-06  3.6E-05
etot    6  N  N  2  U   -2241.53841609452  5.4E-07  0.0E+00  0.0E+00
scf (DFT) done.
der1a (1-e 1st deriv.) done.
rwr (1st deriv. Q) done.
der1b (2-e 1st deriv.) done.
  Geometry optimization step  30
  Total energy:     -2241.60187394024 hartrees
  energy change:          -4.3968E-05 *  (  5.0000E-05 )
  gradient maximum:        9.5518E-04 .  (  4.5000E-04 )
  gradient rms:            1.7724E-04 *  (  3.0000E-04 )
  displacement maximum:    2.6413E-02 .  (  1.8000E-03 )
  displacement rms:        2.3455E-03 .  (  1.2000E-03 )
  
  predicted energy change: -2.8854E-05
  step size:     0.03753
  trust radius:  0.03750
---------------- geometry iteration  30 complete ----------------
geopt (optimize geometry) done.
onee (1-electron integrals) done.
probe (project orbitals) done.
grid (grid generation) done.
rwr (Q operators) done.
  
       i  u  d  i  g
       t  p  i  c  r                                 RMS    maximum
       e  d  i  u  i                       energy  density   DIIS  
       r  t  s  t  d       total energy    change  change    error 
  
etot    1  N  N  2  U   -2241.53774026302           5.0E-05  2.2E-03
etot    2  N  Y  2  U   -2241.53847052614  7.3E-04  1.0E-05  1.3E-04
etot    3  N  Y  2  U   -2241.53845590720 -1.5E-05  8.1E-06  2.2E-04
etot    4  N  Y  2  U   -2241.53847433742  1.8E-05  2.0E-06  7.5E-05
etot    5  N  N  2  U   -2241.53847530182  9.6E-07  0.0E+00  0.0E+00
scf (DFT) done.
der1a (1-e 1st deriv.) done.
rwr (1st deriv. Q) done.
der1b (2-e 1st deriv.) done.
  Geometry optimization step  31
  Total energy:     -2241.60189514910 hartrees
  energy change:          -2.1209E-05 *  (  5.0000E-05 )
  gradient maximum:        5.3757E-04 .  (  4.5000E-04 )
  gradient rms:            1.1267E-04 *  (  3.0000E-04 )
  displacement maximum:    3.3096E-02 .  (  1.8000E-03 )
  displacement rms:        3.3159E-03 .  (  1.2000E-03 )
  
  predicted energy change: -3.6216E-05
  step size:     0.05305
  trust radius:  0.05303
---------------- geometry iteration  31 complete ----------------
geopt (optimize geometry) done.
onee (1-electron integrals) done.
probe (project orbitals) done.
grid (grid generation) done.
rwr (Q operators) done.
  
       i  u  d  i  g
       t  p  i  c  r                                 RMS    maximum
       e  d  i  u  i                       energy  density   DIIS  
       r  t  s  t  d       total energy    change  change    error 
  
etot    1  N  N  2  U   -2241.53683543988           7.4E-05  2.9E-03
etot    2  Y  Y  6  M   -2241.53857934805  1.7E-03  1.4E-05  2.0E-04
etot    3  N  Y  2  U   -2241.53854409306 -3.5E-05  1.2E-05  6.2E-04
etot    4  N  Y  2  U   -2241.53858338958  3.9E-05  2.9E-06  1.4E-04
etot    5  N  N  2  U   -2241.53858601417  2.6E-06  0.0E+00  0.0E+00
scf (DFT) done.
der1a (1-e 1st deriv.) done.
rwr (1st deriv. Q) done.
der1b (2-e 1st deriv.) done.
  Geometry optimization step  32
  Total energy:     -2241.60193962192 hartrees
  energy change:          -4.4473E-05 *  (  5.0000E-05 )
  gradient maximum:        4.5665E-04 .  (  4.5000E-04 )
  gradient rms:            8.1554E-05 *  (  3.0000E-04 )
  displacement maximum:    5.7592E-02 .  (  1.8000E-03 )
  displacement rms:        4.7284E-03 .  (  1.2000E-03 )
  
  predicted energy change: -1.6703E-05
  step size:     0.07565
  trust radius:  0.07500
---------------- geometry iteration  32 complete ----------------
geopt (optimize geometry) done.
onee (1-electron integrals) done.
probe (project orbitals) done.
grid (grid generation) done.
rwr (Q operators) done.
  
       i  u  d  i  g
       t  p  i  c  r                                 RMS    maximum
       e  d  i  u  i                       energy  density   DIIS  
       r  t  s  t  d       total energy    change  change    error 
  
etot    1  N  N  2  U   -2241.53436919582           1.1E-04  7.7E-03
etot    2  Y  Y  6  M   -2241.53861211930  4.2E-03  1.3E-05  4.1E-04
etot    3  N  Y  2  U   -2241.53859000552 -2.2E-05  1.0E-05  3.3E-04
etot    4  N  Y  2  U   -2241.53860872580  1.9E-05  4.3E-06  2.2E-04
etot    5  N  N  2  U   -2241.53861566863  6.9E-06  0.0E+00  0.0E+00
scf (DFT) done.
der1a (1-e 1st deriv.) done.
rwr (1st deriv. Q) done.
der1b (2-e 1st deriv.) done.
  Geometry optimization step  33
  Total energy:     -2241.60191704382 hartrees
  energy change:           2.2578E-05 *  (  5.0000E-05 )
  gradient maximum:        4.4304E-04 *  (  4.5000E-04 )
  gradient rms:            9.5207E-05 *  (  3.0000E-04 )
  displacement maximum:    1.8013E-02 .  (  1.8000E-03 )
  displacement rms:        2.6014E-03 .  (  1.2000E-03 )
  
  predicted energy change: -7.5492E-06
  step size:     0.04162
  trust radius:  0.07500
---------------- geometry iteration  33 complete ----------------
geopt (optimize geometry) done.
onee (1-electron integrals) done.
probe (project orbitals) done.
grid (grid generation) done.
rwr (Q operators) done.
  
       i  u  d  i  g
       t  p  i  c  r                                 RMS    maximum
       e  d  i  u  i                       energy  density   DIIS  
       r  t  s  t  d       total energy    change  change    error 
  
etot    1  N  N  2  U   -2241.53778648632           4.9E-05  1.8E-03
etot    2  N  Y  2  U   -2241.53855525899  7.7E-04  1.5E-05  2.2E-04
etot    3  N  Y  2  U   -2241.53850873670 -4.7E-05  1.2E-05  6.8E-04
etot    4  N  Y  2  U   -2241.53856186265  5.3E-05  2.1E-06  6.7E-05
etot    5  N  N  2  U   -2241.53856275994  9.0E-07  0.0E+00  0.0E+00
scf (DFT) done.
der1a (1-e 1st deriv.) done.
rwr (1st deriv. Q) done.
der1b (2-e 1st deriv.) done.
  Geometry optimization step  34
  Total energy:     -2241.60187377817 hartrees
  energy change:           4.3266E-05 *  (  5.0000E-05 )
  gradient maximum:        4.6788E-04 .  (  4.5000E-04 )
  gradient rms:            9.8349E-05 *  (  3.0000E-04 )
  displacement maximum:    1.3419E-02 .  (  1.8000E-03 )
  displacement rms:        1.3190E-03 .  (  1.2000E-03 )
  
  predicted energy change: -5.7446E-06
  step size:     0.02110
  trust radius:  0.07500
---------------- geometry iteration  34 complete ----------------
geopt (optimize geometry) done.
onee (1-electron integrals) done.
probe (project orbitals) done.
grid (grid generation) done.
rwr (Q operators) done.
  
       i  u  d  i  g
       t  p  i  c  r                                 RMS    maximum
       e  d  i  u  i                       energy  density   DIIS  
       r  t  s  t  d       total energy    change  change    error 
  
etot    1  N  N  2  U   -2241.53815033844           3.7E-05  2.7E-03
etot    2  N  Y  2  U   -2241.53859100090  4.4E-04  6.5E-06  1.2E-04
etot    3  N  Y  2  U   -2241.53858631612 -4.7E-06  5.0E-06  1.5E-04
etot    4  N  N  2  U   -2241.53859232994  6.0E-06  0.0E+00  0.0E+00
scf (DFT) done.
der1a (1-e 1st deriv.) done.
rwr (1st deriv. Q) done.
der1b (2-e 1st deriv.) done.
  Geometry optimization step  35
  Total energy:     -2241.60190280023 hartrees
  energy change:          -2.9022E-05 *  (  5.0000E-05 )
  gradient maximum:        2.0243E-04 *  (  4.5000E-04 )
  gradient rms:            5.9224E-05 #  (  3.0000E-04 )
  displacement maximum:    9.6562E-03 .  (  1.8000E-03 )
  displacement rms:        1.5749E-03 .  (  1.2000E-03 )
  
  predicted energy change: -3.7867E-06
  step size:     0.02520
  trust radius:  0.07500
---------------- geometry iteration  35 complete ----------------
geopt (optimize geometry) done.
onee (1-electron integrals) done.
probe (project orbitals) done.
grid (grid generation) done.
rwr (Q operators) done.
  
       i  u  d  i  g
       t  p  i  c  r                                 RMS    maximum
       e  d  i  u  i                       energy  density   DIIS  
       r  t  s  t  d       total energy    change  change    error 
  
etot    1  N  N  2  U   -2241.53837180197           3.0E-05  9.5E-04
etot    2  N  Y  2  U   -2241.53860520230  2.3E-04  1.5E-05  2.6E-04
etot    3  N  Y  2  U   -2241.53854938227 -5.6E-05  1.1E-05  8.0E-04
etot    4  N  Y  2  U   -2241.53861285581  6.3E-05  1.6E-06  4.0E-05
etot    5  N  N  2  U   -2241.53861309352  2.4E-07  0.0E+00  0.0E+00
scf (DFT) done.
der1a (1-e 1st deriv.) done.
rwr (1st deriv. Q) done.
der1b (2-e 1st deriv.) done.
  Geometry optimization step  36
  Total energy:     -2241.60191454399 hartrees
  energy change:          -1.1744E-05 *  (  5.0000E-05 )
  gradient maximum:        4.1668E-04 *  (  4.5000E-04 )
  gradient rms:            8.3743E-05 *  (  3.0000E-04 )
  displacement maximum:    9.2838E-03 .  (  1.8000E-03 )
  displacement rms:        9.1755E-04 *  (  1.2000E-03 )
  
  predicted energy change: -3.0645E-06
  step size:     0.01468
  trust radius:  0.07500
---------------- geometry iteration  36 complete ----------------
geopt (optimize geometry) done.
onee (1-electron integrals) done.
probe (project orbitals) done.
grid (grid generation) done.
rwr (Q operators) done.
  
       i  u  d  i  g
       t  p  i  c  r                                 RMS    maximum
       e  d  i  u  i                       energy  density   DIIS  
       r  t  s  t  d       total energy    change  change    error 
  
etot    1  N  N  2  U   -2241.53839709208           2.5E-05  1.7E-03
etot    2  N  Y  2  U   -2241.53858759163  1.9E-04  7.8E-06  8.1E-05
etot    3  N  Y  2  U   -2241.53857770671 -9.9E-06  6.0E-06  2.0E-04
etot    4  N  Y  2  U   -2241.53858931770  1.2E-05  1.3E-06  5.1E-05
etot    5  N  N  2  U   -2241.53858965025  3.3E-07  0.0E+00  0.0E+00
scf (DFT) done.
der1a (1-e 1st deriv.) done.
rwr (1st deriv. Q) done.
der1b (2-e 1st deriv.) done.
  Geometry optimization step  37
  Total energy:     -2241.60191325445 hartrees
  energy change:           1.2895E-06 #  (  5.0000E-05 )
  gradient maximum:        3.9518E-04 *  (  4.5000E-04 )
  gradient rms:            6.4974E-05 *  (  3.0000E-04 )
  displacement maximum:    6.7091E-03 .  (  1.8000E-03 )
  displacement rms:        7.9198E-04 *  (  1.2000E-03 )
  
  predicted energy change: -1.7411E-06
  step size:     0.01267
  trust radius:  0.07500
------------- final geometry iteration  37 complete -------------
geopt (optimize geometry) done.
cutabab2 (abab integrals) done.
der2a (1-e JK-1st deriv.) done.
der2b (2-e JK-1st deriv.) done.
der2nda (1-e 2nd deriv.) done.
der2ndb (2-e 2nd deriv.) done.
rwr (Q operators) done.
cphfa (gradient of wave function) done.
freq (vib. frequencies) done.
Job J1_9922_2111 completed on hpc-92-24.cm.cluster at Wed May 29 06:29:01 2024
Timer (jaguar_backend.py) : 5080.69 secs (1 hrs, 24 mins, 40 secs)
Finished:   Wed May 29 06:29:01 2024
