Command:  /groups/wag/programs/Schrodinger_2020_3/jaguar run -WAIT -PARALLEL 8 /central/home/labounad/wittig-ch121/out/J1_2408_2111/J1_2408_2111.in
Release:  2020-3
Exec:     /groups/wag/programs/Schrodinger_2020_3/jaguar-v10.9/bin/Linux-x86_64
Host:     hpc-89-19.cm.cluster
JobId:    hpc-89-19-0-6656ec7e
JobDir:   /central/scratch/labounad/J1_2408_2111#hpc-89-19-0-6656ec7e
Date:     Wed May 29 01:51:12 2024

Contents of /central/scratch/labounad/J1_2408_2111#hpc-89-19-0-6656ec7e:
/central/scratch/labounad/J1_2408_2111#hpc-89-19-0-6656ec7e/.write_dir.json
/central/scratch/labounad/J1_2408_2111#hpc-89-19-0-6656ec7e/hpc-89-19-0-6656ec7e.nodes
/central/scratch/labounad/J1_2408_2111#hpc-89-19-0-6656ec7e/hpc-89-19-0-6656ec7e
/central/scratch/labounad/J1_2408_2111#hpc-89-19-0-6656ec7e/hpc-89-19-0-6656ec7e.mpinodes
/central/scratch/labounad/J1_2408_2111#hpc-89-19-0-6656ec7e/J1_2408_2111.in
/central/scratch/labounad/J1_2408_2111#hpc-89-19-0-6656ec7e/J1_2408_2111.log
/central/scratch/labounad/J1_2408_2111#hpc-89-19-0-6656ec7e/J1_2408_2111.recover
/central/scratch/labounad/J1_2408_2111#hpc-89-19-0-6656ec7e/hpc-89-19-0-6656ec7e.recover

Executing subprocess:
/groups/wag/programs/Schrodinger_2020_3/jaguar-v10.9/bin/Linux-x86_64/jexec J1_2408_2111.in -T 8 -out /central/scratch/labounad/J1_2408_2111#hpc-89-19-0-6656ec7e -cwd

Job J1_2408_2111 started on hpc-89-19.cm.cluster at Wed May 29 01:51:12 2024
jobid: hpc-89-19-0-6656ec7e 
Jaguar version 10.9, release 139
 Using up to   8 threads per process
Molecular Point Group: C1      
Point Group used: C1
pre (input checking) done.
onee (1-electron integrals) done.
hfig (HF initial guess) done.
probe (project orbitals) done.
grid (grid generation) done.
rwr (Q operators) done.
scf type: DFT=PBE(X+LC)+PW91 (PBE-D3)
  
       i  u  d  i  g
       t  p  i  c  r                                 RMS    maximum
       e  d  i  u  i                       energy  density   DIIS  
       r  t  s  t  d       total energy    change  change    error 
  
etot    1  N  N  5  M    -841.53506376882           6.9E-03  1.1E-01
etot    2  Y  Y  6  M    -840.54119117594 -9.9E-01  1.8E-02  1.2E-01
etot    3  Y  Y  6  M    -836.17395002293 -4.4E+00  1.7E-02  2.6E-01
etot    4  N  Y  2  U    -843.60710694745  7.4E+00  4.1E-03  9.6E-02
etot    5  Y  Y  6  M    -842.21918459681 -1.4E+00  3.7E-03  8.7E-02
etot    6  N  Y  2  U    -844.11677035239  1.9E+00  9.6E-04  2.4E-02
etot    7  Y  Y  6  M    -844.13774586034  2.1E-02  5.4E-04  1.6E-02
etot    8  N  Y  2  U    -844.16151152432  2.4E-02  1.9E-04  7.5E-03
etot    9  Y  Y  6  M    -844.16240031036  8.9E-04  9.6E-05  5.5E-03
etot   10  Y  Y  6  M    -844.16342717169  1.0E-03  2.5E-05  8.3E-04
etot   11  N  Y  2  U    -844.16359947385  1.7E-04  1.1E-05  3.0E-04
etot   12  N  Y  2  U    -844.16361101186  1.2E-05  5.0E-06  1.5E-04
etot   13  N  N  2  U    -844.16361248874  1.5E-06  0.0E+00  0.0E+00
scf (DFT) done.
der1a (1-e 1st deriv.) done.
rwr (1st deriv. Q) done.
der1b (2-e 1st deriv.) done.
  Geometry optimization step   1
  Total energy:      -844.18489873656 hartrees
  gradient maximum:        3.2699E-02 .  (  4.5000E-04 )
  gradient rms:            8.7784E-03 .  (  3.0000E-04 )
  displacement maximum:    8.5395E-02 .  (  1.8000E-03 )
  displacement rms:        2.7985E-02 .  (  1.2000E-03 )
  
  predicted energy change: -1.4756E-02
  step size:     0.30010
  trust radius:  0.30000
---------------- geometry iteration   1 complete ----------------
geopt (optimize geometry) done.
onee (1-electron integrals) done.
probe (project orbitals) done.
grid (grid generation) done.
rwr (Q operators) done.
  
       i  u  d  i  g
       t  p  i  c  r                                 RMS    maximum
       e  d  i  u  i                       energy  density   DIIS  
       r  t  s  t  d       total energy    change  change    error 
  
etot    1  N  N  2  U    -844.14451831651           7.1E-04  1.3E-02
etot    2  Y  Y  6  M    -844.17512647861  3.1E-02  2.5E-04  2.0E-03
etot    3  N  Y  2  U    -844.17309081093 -2.0E-03  1.9E-04  6.3E-03
etot    4  Y  Y  6  M    -844.17580850045  2.7E-03  4.8E-05  2.8E-03
etot    5  N  Y  2  U    -844.17614711906  3.4E-04  1.5E-05  3.7E-04
etot    6  N  Y  2  U    -844.17616216455  1.5E-05  5.0E-06  9.9E-05
etot    7  N  Y  2  U    -844.17616355863  1.4E-06  3.2E-06  6.5E-05
etot    8  N  N  2  U    -844.17616367423  1.2E-07  0.0E+00  0.0E+00
scf (DFT) done.
der1a (1-e 1st deriv.) done.
rwr (1st deriv. Q) done.
der1b (2-e 1st deriv.) done.
  Geometry optimization step   2
  Total energy:      -844.19713628951 hartrees
  energy change:          -1.2238E-02 .  (  5.0000E-05 )
  gradient maximum:        1.2730E-02 .  (  4.5000E-04 )
  gradient rms:            2.6948E-03 .  (  3.0000E-04 )
  displacement maximum:    1.5742E-01 .  (  1.8000E-03 )
  displacement rms:        2.5801E-02 .  (  1.2000E-03 )
  
  predicted energy change: -1.9701E-03
  step size:     0.27668
  trust radius:  0.30000
---------------- geometry iteration   2 complete ----------------
geopt (optimize geometry) done.
onee (1-electron integrals) done.
probe (project orbitals) done.
grid (grid generation) done.
rwr (Q operators) done.
  
       i  u  d  i  g
       t  p  i  c  r                                 RMS    maximum
       e  d  i  u  i                       energy  density   DIIS  
       r  t  s  t  d       total energy    change  change    error 
  
etot    1  N  N  2  U    -844.11802784854           9.0E-04  2.1E-02
etot    2  Y  Y  6  M    -844.17745831057  5.9E-02  1.5E-04  2.0E-03
etot    3  N  Y  2  U    -844.17700487643 -4.5E-04  1.0E-04  1.9E-03
etot    4  Y  Y  6  M    -844.17771060165  7.1E-04  3.2E-05  8.5E-04
etot    5  N  Y  2  U    -844.17780092151  9.0E-05  1.2E-05  5.1E-04
etot    6  N  Y  2  U    -844.17781618107  1.5E-05  4.7E-06  1.1E-04
etot    7  N  N  2  U    -844.17781670344  5.2E-07  0.0E+00  0.0E+00
scf (DFT) done.
der1a (1-e 1st deriv.) done.
rwr (1st deriv. Q) done.
der1b (2-e 1st deriv.) done.
  Geometry optimization step   3
  Total energy:      -844.19925226431 hartrees
  energy change:          -2.1160E-03 .  (  5.0000E-05 )
  gradient maximum:        3.7792E-03 .  (  4.5000E-04 )
  gradient rms:            1.0712E-03 .  (  3.0000E-04 )
  displacement maximum:    1.6286E-01 .  (  1.8000E-03 )
  displacement rms:        2.8046E-02 .  (  1.2000E-03 )
  
  predicted energy change: -9.2602E-04
  step size:     0.30076
  trust radius:  0.30000
---------------- geometry iteration   3 complete ----------------
geopt (optimize geometry) done.
onee (1-electron integrals) done.
probe (project orbitals) done.
grid (grid generation) done.
rwr (Q operators) done.
  
       i  u  d  i  g
       t  p  i  c  r                                 RMS    maximum
       e  d  i  u  i                       energy  density   DIIS  
       r  t  s  t  d       total energy    change  change    error 
  
etot    1  N  N  2  U    -844.09263523400           1.1E-03  2.7E-02
etot    2  Y  Y  6  M    -844.17766376100  8.5E-02  1.8E-04  2.4E-03
etot    3  N  Y  2  U    -844.17685383924 -8.1E-04  1.3E-04  4.1E-03
etot    4  Y  Y  6  M    -844.17804720495  1.2E-03  4.3E-05  1.8E-03
etot    5  N  Y  2  U    -844.17820926561  1.6E-04  1.7E-05  7.4E-04
etot    6  N  Y  2  U    -844.17824039588  3.1E-05  6.1E-06  8.2E-05
etot    7  N  Y  2  U    -844.17824098670  5.9E-07  3.7E-06  3.6E-05
etot    8  N  N  2  U    -844.17824128339  3.0E-07  0.0E+00  0.0E+00
scf (DFT) done.
der1a (1-e 1st deriv.) done.
rwr (1st deriv. Q) done.
der1b (2-e 1st deriv.) done.
  Geometry optimization step   4
  Total energy:      -844.20014177755 hartrees
  energy change:          -8.8951E-04 .  (  5.0000E-05 )
  gradient maximum:        2.7358E-03 .  (  4.5000E-04 )
  gradient rms:            8.1697E-04 .  (  3.0000E-04 )
  displacement maximum:    1.2744E-01 .  (  1.8000E-03 )
  displacement rms:        2.8004E-02 .  (  1.2000E-03 )
  
  predicted energy change: -6.8829E-04
  step size:     0.30030
  trust radius:  0.30000
---------------- geometry iteration   4 complete ----------------
geopt (optimize geometry) done.
onee (1-electron integrals) done.
probe (project orbitals) done.
grid (grid generation) done.
rwr (Q operators) done.
  
       i  u  d  i  g
       t  p  i  c  r                                 RMS    maximum
       e  d  i  u  i                       energy  density   DIIS  
       r  t  s  t  d       total energy    change  change    error 
  
etot    1  N  N  2  U    -844.06497273515           1.3E-03  2.6E-02
etot    2  Y  Y  6  M    -844.17711135686  1.1E-01  2.2E-04  2.4E-03
etot    3  N  Y  2  U    -844.17600731197 -1.1E-03  1.6E-04  3.6E-03
etot    4  Y  Y  6  M    -844.17777859697  1.8E-03  4.7E-05  1.1E-03
etot    5  N  Y  2  U    -844.17796393926  1.9E-04  2.0E-05  7.4E-04
etot    6  N  Y  2  U    -844.17800415197  4.0E-05  6.5E-06  1.2E-04
etot    7  N  Y  2  U    -844.17800538316  1.2E-06  4.0E-06  3.8E-05
etot    8  N  N  2  U    -844.17800574643  3.6E-07  0.0E+00  0.0E+00
scf (DFT) done.
der1a (1-e 1st deriv.) done.
rwr (1st deriv. Q) done.
der1b (2-e 1st deriv.) done.
  Geometry optimization step   5
  Total energy:      -844.20054876081 hartrees
  energy change:          -4.0698E-04 .  (  5.0000E-05 )
  gradient maximum:        5.3532E-03 .  (  4.5000E-04 )
  gradient rms:            1.0325E-03 .  (  3.0000E-04 )
  displacement maximum:    4.5219E-02 .  (  1.8000E-03 )
  displacement rms:        1.1697E-02 .  (  1.2000E-03 )
  
  predicted energy change: -2.7044E-04
  step size:     0.12544
  trust radius:  0.30000
---------------- geometry iteration   5 complete ----------------
geopt (optimize geometry) done.
onee (1-electron integrals) done.
probe (project orbitals) done.
grid (grid generation) done.
rwr (Q operators) done.
  
       i  u  d  i  g
       t  p  i  c  r                                 RMS    maximum
       e  d  i  u  i                       energy  density   DIIS  
       r  t  s  t  d       total energy    change  change    error 
  
etot    1  N  N  2  U    -844.16958523460           3.6E-04  7.1E-03
etot    2  Y  Y  6  M    -844.17827676532  8.7E-03  7.0E-05  9.0E-04
etot    3  N  Y  2  U    -844.17802781735 -2.5E-04  5.4E-05  2.4E-03
etot    4  Y  Y  6  M    -844.17838054993  3.5E-04  1.5E-05  4.1E-04
etot    5  N  Y  2  U    -844.17840665203  2.6E-05  5.6E-06  1.1E-04
etot    6  N  Y  2  U    -844.17840880174  2.1E-06  1.7E-06  2.5E-05
etot    7  N  N  2  U    -844.17840889399  9.2E-08  0.0E+00  0.0E+00
scf (DFT) done.
der1a (1-e 1st deriv.) done.
rwr (1st deriv. Q) done.
der1b (2-e 1st deriv.) done.
  Geometry optimization step   6
  Total energy:      -844.20091383067 hartrees
  energy change:          -3.6507E-04 .  (  5.0000E-05 )
  gradient maximum:        2.8430E-03 .  (  4.5000E-04 )
  gradient rms:            5.7885E-04 .  (  3.0000E-04 )
  displacement maximum:    1.0800E-01 .  (  1.8000E-03 )
  displacement rms:        2.6336E-02 .  (  1.2000E-03 )
  
  predicted energy change: -3.6187E-04
  step size:     0.28242
  trust radius:  0.30000
---------------- geometry iteration   6 complete ----------------
geopt (optimize geometry) done.
onee (1-electron integrals) done.
probe (project orbitals) done.
grid (grid generation) done.
rwr (Q operators) done.
  
       i  u  d  i  g
       t  p  i  c  r                                 RMS    maximum
       e  d  i  u  i                       energy  density   DIIS  
       r  t  s  t  d       total energy    change  change    error 
  
etot    1  N  N  2  U    -844.14713562130           6.9E-04  1.3E-02
etot    2  Y  Y  6  M    -844.17800556833  3.1E-02  1.3E-04  1.4E-03
etot    3  N  Y  2  U    -844.17729733981 -7.1E-04  9.7E-05  3.0E-03
etot    4  Y  Y  6  M    -844.17829027754  9.9E-04  3.4E-05  9.0E-04
etot    5  N  Y  2  U    -844.17838934010  9.9E-05  1.2E-05  2.3E-04
etot    6  N  Y  2  U    -844.17840138870  1.2E-05  3.1E-06  4.5E-05
etot    7  N  N  2  U    -844.17840175290  3.6E-07  0.0E+00  0.0E+00
scf (DFT) done.
der1a (1-e 1st deriv.) done.
rwr (1st deriv. Q) done.
der1b (2-e 1st deriv.) done.
  Geometry optimization step   7
  Total energy:      -844.20113159201 hartrees
  energy change:          -2.1776E-04 .  (  5.0000E-05 )
  gradient maximum:        2.2231E-03 .  (  4.5000E-04 )
  gradient rms:            5.6021E-04 .  (  3.0000E-04 )
  displacement maximum:    1.0131E-01 .  (  1.8000E-03 )
  displacement rms:        2.4482E-02 .  (  1.2000E-03 )
  
  predicted energy change: -3.0284E-04
  step size:     0.26254
  trust radius:  0.30000
---------------- geometry iteration   7 complete ----------------
geopt (optimize geometry) done.
onee (1-electron integrals) done.
probe (project orbitals) done.
grid (grid generation) done.
rwr (Q operators) done.
  
       i  u  d  i  g
       t  p  i  c  r                                 RMS    maximum
       e  d  i  u  i                       energy  density   DIIS  
       r  t  s  t  d       total energy    change  change    error 
  
etot    1  N  N  2  U    -844.16612236370           4.6E-04  5.9E-03
etot    2  Y  Y  6  M    -844.17868759637  1.3E-02  1.2E-04  1.4E-03
etot    3  N  Y  2  U    -844.17797148240 -7.2E-04  8.9E-05  4.0E-03
etot    4  Y  Y  6  M    -844.17888532440  9.1E-04  2.6E-05  8.4E-04
etot    5  N  Y  2  U    -844.17893073507  4.5E-05  1.0E-05  2.6E-04
etot    6  N  Y  2  U    -844.17894110162  1.0E-05  2.5E-06  2.8E-05
etot    7  N  N  2  U    -844.17894120088  9.9E-08  0.0E+00  0.0E+00
scf (DFT) done.
der1a (1-e 1st deriv.) done.
rwr (1st deriv. Q) done.
der1b (2-e 1st deriv.) done.
  Geometry optimization step   8
  Total energy:      -844.20148421676 hartrees
  energy change:          -3.5262E-04 .  (  5.0000E-05 )
  gradient maximum:        4.1265E-03 .  (  4.5000E-04 )
  gradient rms:            1.0214E-03 .  (  3.0000E-04 )
  displacement maximum:    1.1779E-01 .  (  1.8000E-03 )
  displacement rms:        2.7090E-02 .  (  1.2000E-03 )
  
  predicted energy change: -2.8138E-04
  step size:     0.29051
  trust radius:  0.30000
---------------- geometry iteration   8 complete ----------------
geopt (optimize geometry) done.
onee (1-electron integrals) done.
probe (project orbitals) done.
grid (grid generation) done.
rwr (Q operators) done.
  
       i  u  d  i  g
       t  p  i  c  r                                 RMS    maximum
       e  d  i  u  i                       energy  density   DIIS  
       r  t  s  t  d       total energy    change  change    error 
  
etot    1  N  N  2  U    -844.16648767850           4.7E-04  5.2E-03
etot    2  Y  Y  6  M    -844.17877005574  1.2E-02  1.0E-04  1.5E-03
etot    3  N  Y  2  U    -844.17835265980 -4.2E-04  7.6E-05  3.7E-03
etot    4  Y  Y  6  M    -844.17900868754  6.6E-04  2.7E-05  9.2E-04
etot    5  N  Y  2  U    -844.17907091677  6.2E-05  9.6E-06  2.3E-04
etot    6  N  Y  2  U    -844.17907873380  7.8E-06  2.4E-06  2.5E-05
etot    7  N  N  2  U    -844.17907887676  1.4E-07  0.0E+00  0.0E+00
scf (DFT) done.
der1a (1-e 1st deriv.) done.
rwr (1st deriv. Q) done.
der1b (2-e 1st deriv.) done.
  Geometry optimization step   9
  Total energy:      -844.20180189710 hartrees
  energy change:          -3.1768E-04 .  (  5.0000E-05 )
  gradient maximum:        4.2362E-03 .  (  4.5000E-04 )
  gradient rms:            1.0130E-03 .  (  3.0000E-04 )
  displacement maximum:    1.1664E-01 .  (  1.8000E-03 )
  displacement rms:        2.7973E-02 .  (  1.2000E-03 )
  
  predicted energy change: -6.8150E-04
  step size:     0.29998
  trust radius:  0.30000
---------------- geometry iteration   9 complete ----------------
geopt (optimize geometry) done.
onee (1-electron integrals) done.
probe (project orbitals) done.
grid (grid generation) done.
rwr (Q operators) done.
  
       i  u  d  i  g
       t  p  i  c  r                                 RMS    maximum
       e  d  i  u  i                       energy  density   DIIS  
       r  t  s  t  d       total energy    change  change    error 
  
etot    1  N  N  2  U    -844.16127363330           5.6E-04  8.4E-03
etot    2  Y  Y  6  M    -844.17886690355  1.8E-02  1.0E-04  1.8E-03
etot    3  N  Y  2  U    -844.17867407666 -1.9E-04  7.4E-05  2.1E-03
etot    4  Y  Y  6  M    -844.17908946208  4.2E-04  3.3E-05  1.3E-03
etot    5  N  Y  2  U    -844.17920119340  1.1E-04  1.1E-05  3.4E-04
etot    6  N  Y  2  U    -844.17921200586  1.1E-05  2.8E-06  4.5E-05
etot    7  N  N  2  U    -844.17921224895  2.4E-07  0.0E+00  0.0E+00
scf (DFT) done.
der1a (1-e 1st deriv.) done.
rwr (1st deriv. Q) done.
der1b (2-e 1st deriv.) done.
  Geometry optimization step  10
  Total energy:      -844.20225039488 hartrees
  energy change:          -4.4850E-04 .  (  5.0000E-05 )
  gradient maximum:        2.8122E-03 .  (  4.5000E-04 )
  gradient rms:            8.6659E-04 .  (  3.0000E-04 )
  displacement maximum:    1.1453E-01 .  (  1.8000E-03 )
  displacement rms:        2.7972E-02 .  (  1.2000E-03 )
  
  predicted energy change: -4.2134E-04
  step size:     0.29996
  trust radius:  0.30000
---------------- geometry iteration  10 complete ----------------
geopt (optimize geometry) done.
onee (1-electron integrals) done.
probe (project orbitals) done.
grid (grid generation) done.
rwr (Q operators) done.
  
       i  u  d  i  g
       t  p  i  c  r                                 RMS    maximum
       e  d  i  u  i                       energy  density   DIIS  
       r  t  s  t  d       total energy    change  change    error 
  
etot    1  N  N  2  U    -844.16439265732           5.3E-04  8.4E-03
etot    2  Y  Y  6  M    -844.17901630131  1.5E-02  1.5E-04  2.1E-03
etot    3  N  Y  2  U    -844.17777604536 -1.2E-03  1.1E-04  5.1E-03
etot    4  Y  Y  6  M    -844.17937466448  1.6E-03  3.3E-05  1.1E-03
etot    5  N  Y  2  U    -844.17942942783  5.5E-05  1.2E-05  3.4E-04
etot    6  N  Y  2  U    -844.17944229385  1.3E-05  2.9E-06  3.4E-05
etot    7  N  N  2  U    -844.17944243409  1.4E-07  0.0E+00  0.0E+00
scf (DFT) done.
der1a (1-e 1st deriv.) done.
rwr (1st deriv. Q) done.
der1b (2-e 1st deriv.) done.
  Geometry optimization step  11
  Total energy:      -844.20258083284 hartrees
  energy change:          -3.3044E-04 .  (  5.0000E-05 )
  gradient maximum:        4.5468E-03 .  (  4.5000E-04 )
  gradient rms:            1.0494E-03 .  (  3.0000E-04 )
  displacement maximum:    1.6665E-01 .  (  1.8000E-03 )
  displacement rms:        2.8014E-02 .  (  1.2000E-03 )
  
  predicted energy change: -8.1187E-04
  step size:     0.30041
  trust radius:  0.30000
---------------- geometry iteration  11 complete ----------------
geopt (optimize geometry) done.
onee (1-electron integrals) done.
probe (project orbitals) done.
grid (grid generation) done.
rwr (Q operators) done.
  
       i  u  d  i  g
       t  p  i  c  r                                 RMS    maximum
       e  d  i  u  i                       energy  density   DIIS  
       r  t  s  t  d       total energy    change  change    error 
  
etot    1  N  N  2  U    -844.14079870691           8.5E-04  1.0E-02
etot    2  Y  Y  6  M    -844.17951132501  3.9E-02  2.0E-04  2.9E-03
etot    3  N  Y  2  U    -844.17758101581 -1.9E-03  1.5E-04  7.3E-03
etot    4  Y  Y  6  M    -844.18005032910  2.5E-03  4.7E-05  1.8E-03
etot    5  N  Y  2  U    -844.18022115280  1.7E-04  1.3E-05  2.4E-04
etot    6  N  Y  2  U    -844.18023409763  1.3E-05  3.8E-06  4.7E-05
etot    7  N  N  2  U    -844.18023446560  3.7E-07  0.0E+00  0.0E+00
scf (DFT) done.
der1a (1-e 1st deriv.) done.
rwr (1st deriv. Q) done.
der1b (2-e 1st deriv.) done.
  Geometry optimization step  12
  Total energy:      -844.20332080081 hartrees
  energy change:          -7.3997E-04 .  (  5.0000E-05 )
  gradient maximum:        5.0897E-03 .  (  4.5000E-04 )
  gradient rms:            1.4909E-03 .  (  3.0000E-04 )
  displacement maximum:    1.7500E-01 .  (  1.8000E-03 )
  displacement rms:        2.7972E-02 .  (  1.2000E-03 )
  
  predicted energy change: -7.6784E-04
  step size:     0.29997
  trust radius:  0.30000
---------------- geometry iteration  12 complete ----------------
geopt (optimize geometry) done.
onee (1-electron integrals) done.
probe (project orbitals) done.
grid (grid generation) done.
rwr (Q operators) done.
  
       i  u  d  i  g
       t  p  i  c  r                                 RMS    maximum
       e  d  i  u  i                       energy  density   DIIS  
       r  t  s  t  d       total energy    change  change    error 
  
etot    1  N  N  2  U    -844.14789663865           7.7E-04  1.2E-02
etot    2  Y  Y  6  M    -844.18001251071  3.2E-02  2.4E-04  4.1E-03
etot    3  N  Y  2  U    -844.17635337898 -3.7E-03  1.9E-04  1.1E-02
etot    4  Y  Y  6  M    -844.18102315380  4.7E-03  4.3E-05  1.7E-03
etot    5  N  Y  2  U    -844.18116707567  1.4E-04  1.1E-05  2.0E-04
etot    6  N  Y  2  U    -844.18117580250  8.7E-06  3.5E-06  4.7E-05
etot    7  N  N  2  U    -844.18117619277  3.9E-07  0.0E+00  0.0E+00
scf (DFT) done.
der1a (1-e 1st deriv.) done.
rwr (1st deriv. Q) done.
der1b (2-e 1st deriv.) done.
  Geometry optimization step  13
  Total energy:      -844.20433839013 hartrees
  energy change:          -1.0176E-03 .  (  5.0000E-05 )
  gradient maximum:        4.1094E-03 .  (  4.5000E-04 )
  gradient rms:            1.2919E-03 .  (  3.0000E-04 )
  displacement maximum:    2.1860E-01 .  (  1.8000E-03 )
  displacement rms:        2.7982E-02 .  (  1.2000E-03 )
  
  predicted energy change: -1.1982E-03
  step size:     0.30007
  trust radius:  0.30000
---------------- geometry iteration  13 complete ----------------
geopt (optimize geometry) done.
onee (1-electron integrals) done.
probe (project orbitals) done.
grid (grid generation) done.
rwr (Q operators) done.
  
       i  u  d  i  g
       t  p  i  c  r                                 RMS    maximum
       e  d  i  u  i                       energy  density   DIIS  
       r  t  s  t  d       total energy    change  change    error 
  
etot    1  N  N  2  U    -844.13147099894           9.3E-04  1.5E-02
etot    2  Y  Y  6  M    -844.18009989904  4.9E-02  3.1E-04  5.9E-03
etot    3  N  Y  2  U    -844.17392884997 -6.2E-03  2.5E-04  1.5E-02
etot    4  N  Y  2  U    -844.18181936773  7.9E-03  4.9E-05  1.8E-03
etot    5  N  Y  2  U    -844.18201776332  2.0E-04  1.2E-05  2.0E-04
etot    6  N  Y  2  U    -844.18202717945  9.4E-06  3.6E-06  6.3E-05
etot    7  N  N  2  U    -844.18202761201  4.3E-07  0.0E+00  0.0E+00
scf (DFT) done.
der1a (1-e 1st deriv.) done.
rwr (1st deriv. Q) done.
der1b (2-e 1st deriv.) done.
  Geometry optimization step  14
  Total energy:      -844.20535743500 hartrees
  energy change:          -1.0190E-03 .  (  5.0000E-05 )
  gradient maximum:        3.7472E-03 .  (  4.5000E-04 )
  gradient rms:            9.9983E-04 .  (  3.0000E-04 )
  displacement maximum:    1.7533E-01 .  (  1.8000E-03 )
  displacement rms:        2.7980E-02 .  (  1.2000E-03 )
  
  predicted energy change: -6.5187E-04
  step size:     0.30005
  trust radius:  0.30000
---------------- geometry iteration  14 complete ----------------
geopt (optimize geometry) done.
onee (1-electron integrals) done.
probe (project orbitals) done.
grid (grid generation) done.
rwr (Q operators) done.
  
       i  u  d  i  g
       t  p  i  c  r                                 RMS    maximum
       e  d  i  u  i                       energy  density   DIIS  
       r  t  s  t  d       total energy    change  change    error 
  
etot    1  N  N  2  U    -844.14906469037           7.7E-04  1.3E-02
etot    2  Y  Y  6  M    -844.18042093837  3.1E-02  3.0E-04  4.8E-03
etot    3  N  Y  2  U    -844.17467456067 -5.7E-03  2.3E-04  1.2E-02
etot    4  N  Y  2  U    -844.18194368423  7.3E-03  4.5E-05  1.3E-03
etot    5  N  Y  2  U    -844.18206374357  1.2E-04  1.5E-05  3.2E-04
etot    6  N  Y  2  U    -844.18208304738  1.9E-05  3.6E-06  5.9E-05
etot    7  N  N  2  U    -844.18208327015  2.2E-07  0.0E+00  0.0E+00
scf (DFT) done.
der1a (1-e 1st deriv.) done.
rwr (1st deriv. Q) done.
der1b (2-e 1st deriv.) done.
  Geometry optimization step  15
  Total energy:      -844.20554556167 hartrees
  energy change:          -1.8813E-04 .  (  5.0000E-05 )
  gradient maximum:        5.1754E-03 .  (  4.5000E-04 )
  gradient rms:            1.2821E-03 .  (  3.0000E-04 )
  displacement maximum:    7.9335E-02 .  (  1.8000E-03 )
  displacement rms:        2.0101E-02 .  (  1.2000E-03 )
  
  predicted energy change: -6.2845E-04
  step size:     0.21556
  trust radius:  0.30000
---------------- geometry iteration  15 complete ----------------
geopt (optimize geometry) done.
onee (1-electron integrals) done.
probe (project orbitals) done.
grid (grid generation) done.
rwr (Q operators) done.
  
       i  u  d  i  g
       t  p  i  c  r                                 RMS    maximum
       e  d  i  u  i                       energy  density   DIIS  
       r  t  s  t  d       total energy    change  change    error 
  
etot    1  N  N  2  U    -844.17530243572           3.7E-04  3.4E-03
etot    2  Y  Y  6  M    -844.18167604976  6.4E-03  1.2E-04  1.5E-03
etot    3  N  Y  2  U    -844.18097052802 -7.1E-04  8.6E-05  4.1E-03
etot    4  Y  Y  6  M    -844.18187850143  9.1E-04  2.4E-05  7.3E-04
etot    5  N  Y  2  U    -844.18190460904  2.6E-05  7.7E-06  1.8E-04
etot    6  N  Y  2  U    -844.18190979639  5.2E-06  2.2E-06  8.7E-05
etot    7  N  N  2  U    -844.18191006846  2.7E-07  0.0E+00  0.0E+00
scf (DFT) done.
der1a (1-e 1st deriv.) done.
rwr (1st deriv. Q) done.
der1b (2-e 1st deriv.) done.
  Geometry optimization step  16
  Total energy:      -844.20561787404 hartrees
  energy change:          -7.2312E-05 .  (  5.0000E-05 )
  gradient maximum:        5.2137E-03 .  (  4.5000E-04 )
  gradient rms:            1.2977E-03 .  (  3.0000E-04 )
  displacement maximum:    5.6362E-02 .  (  1.8000E-03 )
  displacement rms:        9.2179E-03 .  (  1.2000E-03 )
  
  predicted energy change: -3.2135E-04
  step size:     0.09885
  trust radius:  0.30000
---------------- geometry iteration  16 complete ----------------
geopt (optimize geometry) done.
onee (1-electron integrals) done.
probe (project orbitals) done.
grid (grid generation) done.
rwr (Q operators) done.
  
       i  u  d  i  g
       t  p  i  c  r                                 RMS    maximum
       e  d  i  u  i                       energy  density   DIIS  
       r  t  s  t  d       total energy    change  change    error 
  
etot    1  N  N  2  U    -844.17904066634           2.4E-04  3.3E-03
etot    2  Y  Y  6  M    -844.18239565053  3.4E-03  6.5E-05  8.4E-04
etot    3  Y  Y  6  M    -844.18218468104 -2.1E-04  4.9E-05  2.3E-03
etot    4  N  Y  2  U    -844.18242709853  2.4E-04  1.3E-05  4.5E-04
etot    5  N  Y  2  U    -844.18243926586  1.2E-05  4.5E-06  1.1E-04
etot    6  N  N  2  U    -844.18244117931  1.9E-06  0.0E+00  0.0E+00
scf (DFT) done.
der1a (1-e 1st deriv.) done.
rwr (1st deriv. Q) done.
der1b (2-e 1st deriv.) done.
  Geometry optimization step  17
  Total energy:      -844.20596579831 hartrees
  energy change:          -3.4792E-04 .  (  5.0000E-05 )
  gradient maximum:        9.2670E-04 .  (  4.5000E-04 )
  gradient rms:            2.4666E-04 *  (  3.0000E-04 )
  displacement maximum:    2.2801E-02 .  (  1.8000E-03 )
  displacement rms:        4.6417E-03 .  (  1.2000E-03 )
  
  predicted energy change: -2.4927E-05
  step size:     0.04978
  trust radius:  0.30000
---------------- geometry iteration  17 complete ----------------
geopt (optimize geometry) done.
onee (1-electron integrals) done.
probe (project orbitals) done.
grid (grid generation) done.
rwr (Q operators) done.
  
       i  u  d  i  g
       t  p  i  c  r                                 RMS    maximum
       e  d  i  u  i                       energy  density   DIIS  
       r  t  s  t  d       total energy    change  change    error 
  
etot    1  N  N  2  U    -844.18114301437           1.4E-04  2.5E-03
etot    2  Y  Y  6  M    -844.18232391770  1.2E-03  2.0E-05  1.6E-04
etot    3  N  Y  2  U    -844.18232486242  9.4E-07  1.4E-05  3.3E-04
etot    4  N  Y  2  U    -844.18233495363  1.0E-05  4.4E-06  1.7E-04
etot    5  N  N  2  U    -844.18233641605  1.5E-06  0.0E+00  0.0E+00
scf (DFT) done.
der1a (1-e 1st deriv.) done.
rwr (1st deriv. Q) done.
der1b (2-e 1st deriv.) done.
  Geometry optimization step  18
  Total energy:      -844.20595139390 hartrees
  energy change:           1.4404E-05 *  (  5.0000E-05 )
  gradient maximum:        7.8771E-04 .  (  4.5000E-04 )
  gradient rms:            2.1313E-04 *  (  3.0000E-04 )
  displacement maximum:    1.5597E-02 .  (  1.8000E-03 )
  displacement rms:        3.7491E-03 .  (  1.2000E-03 )
  
  predicted energy change: -1.5096E-05
  step size:     0.04020
  trust radius:  0.30000
---------------- geometry iteration  18 complete ----------------
geopt (optimize geometry) done.
onee (1-electron integrals) done.
probe (project orbitals) done.
grid (grid generation) done.
rwr (Q operators) done.
  
       i  u  d  i  g
       t  p  i  c  r                                 RMS    maximum
       e  d  i  u  i                       energy  density   DIIS  
       r  t  s  t  d       total energy    change  change    error 
  
etot    1  N  N  2  U    -844.18181385842           9.7E-05  1.2E-03
etot    2  Y  Y  6  M    -844.18240755004  5.9E-04  1.8E-05  1.7E-04
etot    3  N  Y  2  U    -844.18238249734 -2.5E-05  1.4E-05  4.3E-04
etot    4  N  Y  2  U    -844.18239282783  1.0E-05  4.8E-06  2.2E-04
etot    5  N  N  2  U    -844.18239473483  1.9E-06  0.0E+00  0.0E+00
scf (DFT) done.
der1a (1-e 1st deriv.) done.
rwr (1st deriv. Q) done.
der1b (2-e 1st deriv.) done.
  Geometry optimization step  19
  Total energy:      -844.20597631817 hartrees
  energy change:          -2.4924E-05 *  (  5.0000E-05 )
  gradient maximum:        5.2273E-04 .  (  4.5000E-04 )
  gradient rms:            1.3342E-04 *  (  3.0000E-04 )
  displacement maximum:    1.9292E-02 .  (  1.8000E-03 )
  displacement rms:        4.3643E-03 .  (  1.2000E-03 )
  
  predicted energy change: -1.2080E-05
  step size:     0.04680
  trust radius:  0.30000
---------------- geometry iteration  19 complete ----------------
geopt (optimize geometry) done.
onee (1-electron integrals) done.
probe (project orbitals) done.
grid (grid generation) done.
rwr (Q operators) done.
  
       i  u  d  i  g
       t  p  i  c  r                                 RMS    maximum
       e  d  i  u  i                       energy  density   DIIS  
       r  t  s  t  d       total energy    change  change    error 
  
etot    1  N  N  2  U    -844.18103763226           1.4E-04  4.2E-03
etot    2  Y  Y  6  M    -844.18242226717  1.4E-03  2.4E-05  3.1E-04
etot    3  N  Y  2  U    -844.18239154020 -3.1E-05  1.7E-05  5.9E-04
etot    4  N  Y  2  U    -844.18241442106  2.3E-05  5.7E-06  2.3E-04
etot    5  N  Y  2  U    -844.18241708878  2.7E-06  1.9E-06  5.2E-05
etot    6  N  N  2  U    -844.18241739793  3.1E-07  0.0E+00  0.0E+00
scf (DFT) done.
der1a (1-e 1st deriv.) done.
rwr (1st deriv. Q) done.
der1b (2-e 1st deriv.) done.
  Geometry optimization step  20
  Total energy:      -844.20599216904 hartrees
  energy change:          -1.5851E-05 *  (  5.0000E-05 )
  gradient maximum:        7.2400E-04 .  (  4.5000E-04 )
  gradient rms:            1.6157E-04 *  (  3.0000E-04 )
  displacement maximum:    8.6717E-03 .  (  1.8000E-03 )
  displacement rms:        1.8143E-03 .  (  1.2000E-03 )
  
  predicted energy change: -6.1730E-06
  step size:     0.01946
  trust radius:  0.30000
---------------- geometry iteration  20 complete ----------------
geopt (optimize geometry) done.
onee (1-electron integrals) done.
probe (project orbitals) done.
grid (grid generation) done.
rwr (Q operators) done.
  
       i  u  d  i  g
       t  p  i  c  r                                 RMS    maximum
       e  d  i  u  i                       energy  density   DIIS  
       r  t  s  t  d       total energy    change  change    error 
  
etot    1  N  N  2  U    -844.18226230234           5.0E-05  9.2E-04
etot    2  Y  Y  6  M    -844.18240643465  1.4E-04  7.9E-06  1.5E-04
etot    3  N  Y  2  U    -844.18240568343 -7.5E-07  6.1E-06  1.6E-04
etot    4  N  Y  2  U    -844.18240682401  1.1E-06  2.8E-06  1.3E-04
etot    5  N  N  2  U    -844.18240776441  9.4E-07  0.0E+00  0.0E+00
scf (DFT) done.
der1a (1-e 1st deriv.) done.
rwr (1st deriv. Q) done.
der1b (2-e 1st deriv.) done.
  Geometry optimization step  21
  Total energy:      -844.20598520388 hartrees
  energy change:           6.9652E-06 *  (  5.0000E-05 )
  gradient maximum:        3.7471E-04 *  (  4.5000E-04 )
  gradient rms:            7.7170E-05 *  (  3.0000E-04 )
  displacement maximum:    8.2821E-03 .  (  1.8000E-03 )
  displacement rms:        1.8905E-03 .  (  1.2000E-03 )
  
  predicted energy change: -2.4518E-06
  step size:     0.02027
  trust radius:  0.30000
---------------- geometry iteration  21 complete ----------------
geopt (optimize geometry) done.
onee (1-electron integrals) done.
probe (project orbitals) done.
grid (grid generation) done.
rwr (Q operators) done.
  
       i  u  d  i  g
       t  p  i  c  r                                 RMS    maximum
       e  d  i  u  i                       energy  density   DIIS  
       r  t  s  t  d       total energy    change  change    error 
  
etot    1  N  N  2  U    -844.18232933130           3.4E-05  3.9E-04
etot    2  N  Y  2  U    -844.18239423960  6.5E-05  1.2E-05  1.7E-04
etot    3  N  Y  2  U    -844.18238462388 -9.6E-06  9.1E-06  4.9E-04
etot    4  N  Y  2  U    -844.18239605604  1.1E-05  1.4E-06  4.1E-05
etot    5  N  N  2  U    -844.18239617167  1.2E-07  0.0E+00  0.0E+00
scf (DFT) done.
der1a (1-e 1st deriv.) done.
rwr (1st deriv. Q) done.
der1b (2-e 1st deriv.) done.
  Geometry optimization step  22
  Total energy:      -844.20598039707 hartrees
  energy change:           4.8068E-06 *  (  5.0000E-05 )
  gradient maximum:        1.8153E-04 *  (  4.5000E-04 )
  gradient rms:            4.8603E-05 #  (  3.0000E-04 )
  displacement maximum:    5.5144E-03 .  (  1.8000E-03 )
  displacement rms:        1.1676E-03 *  (  1.2000E-03 )
  
  predicted energy change: -7.4375E-07
  step size:     0.01252
  trust radius:  0.30000
------------- final geometry iteration  22 complete -------------
geopt (optimize geometry) done.
cutabab2 (abab integrals) done.
der2a (1-e JK-1st deriv.) done.
der2b (2-e JK-1st deriv.) done.
der2nda (1-e 2nd deriv.) done.
der2ndb (2-e 2nd deriv.) done.
rwr (Q operators) done.
cphfa (gradient of wave function) done.
freq (vib. frequencies) done.
Job J1_2408_2111 completed on hpc-89-19.cm.cluster at Wed May 29 02:16:17 2024
Timer (jaguar_backend.py) : 1504.98 secs (0 hrs, 25 mins, 04 secs)
Finished:   Wed May 29 02:16:17 2024
