Command:  /groups/wag/programs/Schrodinger_2020_3/jaguar run -WAIT -PARALLEL 8 /central/home/labounad/wittig-ch121/out/J1_9931_2111/J1_9931_2111.in
Release:  2020-3
Exec:     /groups/wag/programs/Schrodinger_2020_3/jaguar-v10.9/bin/Linux-x86_64
Host:     hpc-92-25.cm.cluster
JobId:    hpc-92-25-0-665714e3
JobDir:   /central/scratch/labounad/J1_9931_2111#hpc-92-25-0-665714e3
Date:     Wed May 29 04:43:33 2024

Contents of /central/scratch/labounad/J1_9931_2111#hpc-92-25-0-665714e3:
/central/scratch/labounad/J1_9931_2111#hpc-92-25-0-665714e3/.write_dir.json
/central/scratch/labounad/J1_9931_2111#hpc-92-25-0-665714e3/J1_9931_2111.in
/central/scratch/labounad/J1_9931_2111#hpc-92-25-0-665714e3/J1_9931_2111.recover
/central/scratch/labounad/J1_9931_2111#hpc-92-25-0-665714e3/hpc-92-25-0-665714e3.mpinodes
/central/scratch/labounad/J1_9931_2111#hpc-92-25-0-665714e3/hpc-92-25-0-665714e3.nodes
/central/scratch/labounad/J1_9931_2111#hpc-92-25-0-665714e3/hpc-92-25-0-665714e3
/central/scratch/labounad/J1_9931_2111#hpc-92-25-0-665714e3/hpc-92-25-0-665714e3.recover
/central/scratch/labounad/J1_9931_2111#hpc-92-25-0-665714e3/J1_9931_2111.log

Executing subprocess:
/groups/wag/programs/Schrodinger_2020_3/jaguar-v10.9/bin/Linux-x86_64/jexec J1_9931_2111.in -T 8 -out /central/scratch/labounad/J1_9931_2111#hpc-92-25-0-665714e3 -cwd

Job J1_9931_2111 started on hpc-92-25.cm.cluster at Wed May 29 04:43:34 2024
jobid: hpc-92-25-0-665714e3 
Jaguar version 10.9, release 139
 Using up to   8 threads per process
Molecular Point Group: C1      
Point Group used: C1
pre (input checking) done.
onee (1-electron integrals) done.
hfig (HF initial guess) done.
probe (project orbitals) done.
grid (grid generation) done.
rwr (Q operators) done.
scf type: DFT=PBE(X+LC)+PW91 (PBE-D3)
  
       i  u  d  i  g
       t  p  i  c  r                                 RMS    maximum
       e  d  i  u  i                       energy  density   DIIS  
       r  t  s  t  d       total energy    change  change    error 
  
etot    1  N  N  5  M   -1277.12111973476           5.9E-03  1.0E-01
etot    2  Y  Y  6  M   -1274.70416082000 -2.4E+00  7.7E-03  1.2E-01
etot    3  Y  Y  6  M   -1275.08934399338  3.9E-01  6.1E-03  1.3E-01
etot    4  N  Y  2  U   -1280.21352299204  5.1E+00  2.0E-03  5.0E-02
etot    5  Y  Y  6  M   -1280.30682841433  9.3E-02  1.2E-03  2.8E-02
etot    6  N  Y  2  U   -1280.50333010906  2.0E-01  4.2E-04  9.7E-03
etot    7  Y  Y  6  M   -1280.51232991815  9.0E-03  2.6E-04  9.6E-03
etot    8  N  Y  2  U   -1280.52551169442  1.3E-02  1.0E-04  2.6E-03
etot    9  Y  Y  6  M   -1280.52746508529  2.0E-03  4.8E-05  1.2E-03
etot   10  N  Y  2  U   -1280.52762132688  1.6E-04  2.6E-05  6.3E-04
etot   11  N  Y  2  U   -1280.52770572216  8.4E-05  7.2E-06  1.1E-04
etot   12  N  Y  2  U   -1280.52771187610  6.2E-06  1.9E-06  2.8E-05
etot   13  N  N  2  U   -1280.52771236404  4.9E-07  0.0E+00  0.0E+00
scf (DFT) done.
der1a (1-e 1st deriv.) done.
rwr (1st deriv. Q) done.
der1b (2-e 1st deriv.) done.
  Geometry optimization step   1
  Total energy:     -1280.58064333269 hartrees
  gradient maximum:        3.7817E-02 .  (  4.5000E-04 )
  gradient rms:            7.0626E-03 .  (  3.0000E-04 )
  displacement maximum:    1.1769E-01 .  (  1.8000E-03 )
  displacement rms:        2.0855E-02 .  (  1.2000E-03 )
  
  predicted energy change: -1.8676E-02
  step size:     0.30005
  trust radius:  0.30000
---------------- geometry iteration   1 complete ----------------
geopt (optimize geometry) done.
onee (1-electron integrals) done.
probe (project orbitals) done.
grid (grid generation) done.
rwr (Q operators) done.
  
       i  u  d  i  g
       t  p  i  c  r                                 RMS    maximum
       e  d  i  u  i                       energy  density   DIIS  
       r  t  s  t  d       total energy    change  change    error 
  
etot    1  N  N  2  U   -1280.52260268741           3.7E-04  7.8E-03
etot    2  Y  Y  6  M   -1280.54498751670  2.2E-02  1.3E-04  1.0E-03
etot    3  N  Y  2  U   -1280.54407233996 -9.2E-04  9.4E-05  2.1E-03
etot    4  Y  Y  6  M   -1280.54541424818  1.3E-03  2.1E-05  7.5E-04
etot    5  N  Y  2  U   -1280.54553162448  1.2E-04  6.7E-06  2.5E-04
etot    6  N  Y  2  U   -1280.54554218717  1.1E-05  2.2E-06  5.4E-05
etot    7  N  N  2  U   -1280.54554276348  5.8E-07  0.0E+00  0.0E+00
scf (DFT) done.
der1a (1-e 1st deriv.) done.
rwr (1st deriv. Q) done.
der1b (2-e 1st deriv.) done.
  Geometry optimization step   2
  Total energy:     -1280.59717371175 hartrees
  energy change:          -1.6530E-02 .  (  5.0000E-05 )
  gradient maximum:        1.4549E-02 .  (  4.5000E-04 )
  gradient rms:            2.3564E-03 .  (  3.0000E-04 )
  displacement maximum:    8.8124E-02 .  (  1.8000E-03 )
  displacement rms:        2.0893E-02 .  (  1.2000E-03 )
  
  predicted energy change: -3.9201E-03
  step size:     0.30060
  trust radius:  0.30000
---------------- geometry iteration   2 complete ----------------
geopt (optimize geometry) done.
onee (1-electron integrals) done.
probe (project orbitals) done.
grid (grid generation) done.
rwr (Q operators) done.
  
       i  u  d  i  g
       t  p  i  c  r                                 RMS    maximum
       e  d  i  u  i                       energy  density   DIIS  
       r  t  s  t  d       total energy    change  change    error 
  
etot    1  N  N  2  U   -1280.53205841087           3.1E-04  5.3E-03
etot    2  Y  Y  6  M   -1280.54831043447  1.6E-02  9.6E-05  8.5E-04
etot    3  N  Y  2  U   -1280.54761586757 -6.9E-04  7.3E-05  2.2E-03
etot    4  Y  Y  6  M   -1280.54849724835  8.8E-04  1.4E-05  4.0E-04
etot    5  N  Y  2  U   -1280.54851294035  1.6E-05  4.2E-06  1.2E-04
etot    6  N  N  2  U   -1280.54851645220  3.5E-06  0.0E+00  0.0E+00
scf (DFT) done.
der1a (1-e 1st deriv.) done.
rwr (1st deriv. Q) done.
der1b (2-e 1st deriv.) done.
  Geometry optimization step   3
  Total energy:     -1280.60037333451 hartrees
  energy change:          -3.1996E-03 .  (  5.0000E-05 )
  gradient maximum:        1.3523E-02 .  (  4.5000E-04 )
  gradient rms:            1.9621E-03 .  (  3.0000E-04 )
  displacement maximum:    1.1357E-01 .  (  1.8000E-03 )
  displacement rms:        2.0852E-02 .  (  1.2000E-03 )
  
  predicted energy change: -1.9536E-03
  step size:     0.30001
  trust radius:  0.30000
---------------- geometry iteration   3 complete ----------------
geopt (optimize geometry) done.
onee (1-electron integrals) done.
probe (project orbitals) done.
grid (grid generation) done.
rwr (Q operators) done.
  
       i  u  d  i  g
       t  p  i  c  r                                 RMS    maximum
       e  d  i  u  i                       energy  density   DIIS  
       r  t  s  t  d       total energy    change  change    error 
  
etot    1  N  N  2  U   -1280.52177888228           3.7E-04  6.1E-03
etot    2  Y  Y  6  M   -1280.54887277175  2.7E-02  7.1E-05  5.7E-04
etot    3  N  Y  2  U   -1280.54850719709 -3.7E-04  5.4E-05  1.3E-03
etot    4  Y  Y  6  M   -1280.54893226227  4.3E-04  1.3E-05  4.0E-04
etot    5  N  Y  2  U   -1280.54895404740  2.2E-05  4.2E-06  1.1E-04
etot    6  N  N  2  U   -1280.54895746998  3.4E-06  0.0E+00  0.0E+00
scf (DFT) done.
der1a (1-e 1st deriv.) done.
rwr (1st deriv. Q) done.
der1b (2-e 1st deriv.) done.
  Geometry optimization step   4
  Total energy:     -1280.60092330345 hartrees
  energy change:          -5.4997E-04 .  (  5.0000E-05 )
  gradient maximum:        1.9521E-02 .  (  4.5000E-04 )
  gradient rms:            2.2455E-03 .  (  3.0000E-04 )
  displacement maximum:    1.7186E-01 .  (  1.8000E-03 )
  displacement rms:        2.0854E-02 .  (  1.2000E-03 )
  
  predicted energy change: -1.9670E-03
  step size:     0.30004
  trust radius:  0.30000
---------------- geometry iteration   4 complete ----------------
geopt (optimize geometry) done.
onee (1-electron integrals) done.
probe (project orbitals) done.
grid (grid generation) done.
rwr (Q operators) done.
  
       i  u  d  i  g
       t  p  i  c  r                                 RMS    maximum
       e  d  i  u  i                       energy  density   DIIS  
       r  t  s  t  d       total energy    change  change    error 
  
etot    1  N  N  2  U   -1280.50757743958           4.4E-04  9.7E-03
etot    2  Y  Y  6  M   -1280.54996917072  4.2E-02  5.5E-05  6.7E-04
etot    3  N  Y  2  U   -1280.54977980774 -1.9E-04  4.0E-05  7.9E-04
etot    4  N  Y  2  U   -1280.54996169486  1.8E-04  1.3E-05  3.1E-04
etot    5  N  Y  2  U   -1280.54998309395  2.1E-05  5.3E-06  1.4E-04
etot    6  N  Y  2  U   -1280.54998877761  5.7E-06  1.3E-06  2.3E-05
etot    7  N  N  2  U   -1280.54998893099  1.5E-07  0.0E+00  0.0E+00
scf (DFT) done.
der1a (1-e 1st deriv.) done.
rwr (1st deriv. Q) done.
der1b (2-e 1st deriv.) done.
  Geometry optimization step   5
  Total energy:     -1280.60132861046 hartrees
  energy change:          -4.0531E-04 .  (  5.0000E-05 )
  gradient maximum:        1.2507E-02 .  (  4.5000E-04 )
  gradient rms:            2.0136E-03 .  (  3.0000E-04 )
  displacement maximum:    1.0045E-01 .  (  1.8000E-03 )
  displacement rms:        1.3857E-02 .  (  1.2000E-03 )
  
  predicted energy change: -1.2861E-03
  step size:     0.19937
  trust radius:  0.30000
---------------- geometry iteration   5 complete ----------------
geopt (optimize geometry) done.
onee (1-electron integrals) done.
probe (project orbitals) done.
grid (grid generation) done.
rwr (Q operators) done.
  
       i  u  d  i  g
       t  p  i  c  r                                 RMS    maximum
       e  d  i  u  i                       energy  density   DIIS  
       r  t  s  t  d       total energy    change  change    error 
  
etot    1  N  N  2  U   -1280.53842825087           2.4E-04  4.8E-03
etot    2  Y  Y  6  M   -1280.55033489177  1.2E-02  3.0E-05  3.0E-04
etot    3  N  Y  2  U   -1280.55030970126 -2.5E-05  2.1E-05  3.4E-04
etot    4  N  Y  2  U   -1280.55038780529  7.8E-05  7.0E-06  1.1E-04
etot    5  N  Y  2  U   -1280.55039172519  3.9E-06  2.7E-06  8.0E-05
etot    6  N  N  2  U   -1280.55039312045  1.4E-06  0.0E+00  0.0E+00
scf (DFT) done.
der1a (1-e 1st deriv.) done.
rwr (1st deriv. Q) done.
der1b (2-e 1st deriv.) done.
  Geometry optimization step   6
  Total energy:     -1280.60216646584 hartrees
  energy change:          -8.3786E-04 .  (  5.0000E-05 )
  gradient maximum:        1.0021E-02 .  (  4.5000E-04 )
  gradient rms:            1.6657E-03 .  (  3.0000E-04 )
  displacement maximum:    1.1171E-01 .  (  1.8000E-03 )
  displacement rms:        1.6331E-02 .  (  1.2000E-03 )
  
  predicted energy change: -9.5816E-04
  step size:     0.23496
  trust radius:  0.30000
---------------- geometry iteration   6 complete ----------------
geopt (optimize geometry) done.
onee (1-electron integrals) done.
probe (project orbitals) done.
grid (grid generation) done.
rwr (Q operators) done.
  
       i  u  d  i  g
       t  p  i  c  r                                 RMS    maximum
       e  d  i  u  i                       energy  density   DIIS  
       r  t  s  t  d       total energy    change  change    error 
  
etot    1  N  N  2  U   -1280.52289110649           3.6E-04  9.1E-03
etot    2  Y  Y  6  M   -1280.55073283280  2.8E-02  3.9E-05  3.8E-04
etot    3  N  Y  2  U   -1280.55061785735 -1.1E-04  2.9E-05  4.2E-04
etot    4  N  Y  2  U   -1280.55068318014  6.5E-05  1.1E-05  3.9E-04
etot    5  N  Y  2  U   -1280.55070945898  2.6E-05  3.4E-06  1.1E-04
etot    6  N  N  2  U   -1280.55071148051  2.0E-06  0.0E+00  0.0E+00
scf (DFT) done.
der1a (1-e 1st deriv.) done.
rwr (1st deriv. Q) done.
der1b (2-e 1st deriv.) done.
  Geometry optimization step   7
  Total energy:     -1280.60278748119 hartrees
  energy change:          -6.2102E-04 .  (  5.0000E-05 )
  gradient maximum:        6.7221E-03 .  (  4.5000E-04 )
  gradient rms:            1.2220E-03 .  (  3.0000E-04 )
  displacement maximum:    1.1811E-01 .  (  1.8000E-03 )
  displacement rms:        1.7289E-02 .  (  1.2000E-03 )
  
  predicted energy change: -8.1708E-04
  step size:     0.24875
  trust radius:  0.30000
---------------- geometry iteration   7 complete ----------------
geopt (optimize geometry) done.
onee (1-electron integrals) done.
probe (project orbitals) done.
grid (grid generation) done.
rwr (Q operators) done.
  
       i  u  d  i  g
       t  p  i  c  r                                 RMS    maximum
       e  d  i  u  i                       energy  density   DIIS  
       r  t  s  t  d       total energy    change  change    error 
  
etot    1  N  N  2  U   -1280.53729581395           2.7E-04  6.8E-03
etot    2  Y  Y  6  M   -1280.55163786129  1.4E-02  5.0E-05  3.3E-04
etot    3  N  Y  2  U   -1280.55149676539 -1.4E-04  3.7E-05  7.5E-04
etot    4  N  Y  2  U   -1280.55167348061  1.8E-04  1.1E-05  2.3E-04
etot    5  N  Y  2  U   -1280.55168531432  1.2E-05  3.4E-06  9.2E-05
etot    6  N  N  2  U   -1280.55168764193  2.3E-06  0.0E+00  0.0E+00
scf (DFT) done.
der1a (1-e 1st deriv.) done.
rwr (1st deriv. Q) done.
der1b (2-e 1st deriv.) done.
  Geometry optimization step   8
  Total energy:     -1280.60391496580 hartrees
  energy change:          -1.1275E-03 .  (  5.0000E-05 )
  gradient maximum:        9.2269E-03 .  (  4.5000E-04 )
  gradient rms:            1.3685E-03 .  (  3.0000E-04 )
  displacement maximum:    1.9608E-01 .  (  1.8000E-03 )
  displacement rms:        2.0852E-02 .  (  1.2000E-03 )
  
  predicted energy change: -1.4703E-03
  step size:     0.30001
  trust radius:  0.30000
---------------- geometry iteration   8 complete ----------------
geopt (optimize geometry) done.
onee (1-electron integrals) done.
probe (project orbitals) done.
grid (grid generation) done.
rwr (Q operators) done.
  
       i  u  d  i  g
       t  p  i  c  r                                 RMS    maximum
       e  d  i  u  i                       energy  density   DIIS  
       r  t  s  t  d       total energy    change  change    error 
  
etot    1  N  N  2  U   -1280.52672213385           3.5E-04  1.2E-02
etot    2  Y  Y  6  M   -1280.55323447414  2.7E-02  4.0E-05  3.7E-04
etot    3  N  Y  2  U   -1280.55314201159 -9.2E-05  3.0E-05  5.3E-04
etot    4  N  Y  2  U   -1280.55324713859  1.1E-04  9.8E-06  2.3E-04
etot    5  N  Y  2  U   -1280.55325579630  8.7E-06  3.9E-06  1.2E-04
etot    6  N  N  2  U   -1280.55325817937  2.4E-06  0.0E+00  0.0E+00
scf (DFT) done.
der1a (1-e 1st deriv.) done.
rwr (1st deriv. Q) done.
der1b (2-e 1st deriv.) done.
  Geometry optimization step   9
  Total energy:     -1280.60557098382 hartrees
  energy change:          -1.6560E-03 .  (  5.0000E-05 )
  gradient maximum:        7.6442E-03 .  (  4.5000E-04 )
  gradient rms:            1.5388E-03 .  (  3.0000E-04 )
  displacement maximum:    2.2855E-01 .  (  1.8000E-03 )
  displacement rms:        2.0857E-02 .  (  1.2000E-03 )
  
  predicted energy change: -1.9754E-03
  step size:     0.30009
  trust radius:  0.30000
---------------- geometry iteration   9 complete ----------------
geopt (optimize geometry) done.
onee (1-electron integrals) done.
probe (project orbitals) done.
grid (grid generation) done.
rwr (Q operators) done.
  
       i  u  d  i  g
       t  p  i  c  r                                 RMS    maximum
       e  d  i  u  i                       energy  density   DIIS  
       r  t  s  t  d       total energy    change  change    error 
  
etot    1  N  N  2  U   -1280.53410574590           3.1E-04  1.3E-02
etot    2  Y  Y  6  M   -1280.55529246089  2.1E-02  3.2E-05  6.6E-04
etot    3  N  Y  2  U   -1280.55525805143 -3.4E-05  2.2E-05  7.4E-04
etot    4  N  Y  2  U   -1280.55533040743  7.2E-05  5.7E-06  1.0E-04
etot    5  N  Y  2  U   -1280.55533376987  3.4E-06  2.5E-06  7.6E-05
etot    6  N  N  2  U   -1280.55533494137  1.2E-06  0.0E+00  0.0E+00
scf (DFT) done.
der1a (1-e 1st deriv.) done.
rwr (1st deriv. Q) done.
der1b (2-e 1st deriv.) done.
  Geometry optimization step  10
  Total energy:     -1280.60744901175 hartrees
  energy change:          -1.8780E-03 .  (  5.0000E-05 )
  gradient maximum:        7.4800E-03 .  (  4.5000E-04 )
  gradient rms:            1.3327E-03 .  (  3.0000E-04 )
  displacement maximum:    2.2227E-01 .  (  1.8000E-03 )
  displacement rms:        2.0893E-02 .  (  1.2000E-03 )
  
  predicted energy change: -1.2101E-03
  step size:     0.30060
  trust radius:  0.30000
---------------- geometry iteration  10 complete ----------------
geopt (optimize geometry) done.
onee (1-electron integrals) done.
probe (project orbitals) done.
grid (grid generation) done.
rwr (Q operators) done.
  
       i  u  d  i  g
       t  p  i  c  r                                 RMS    maximum
       e  d  i  u  i                       energy  density   DIIS  
       r  t  s  t  d       total energy    change  change    error 
  
etot    1  N  N  2  U   -1280.53430664021           3.0E-04  1.2E-02
etot    2  Y  Y  6  M   -1280.55592023440  2.2E-02  3.1E-05  5.4E-04
etot    3  N  Y  2  U   -1280.55586341319 -5.7E-05  2.6E-05  6.9E-04
etot    4  N  Y  2  U   -1280.55595204823  8.9E-05  9.5E-06  2.3E-04
etot    5  N  Y  2  U   -1280.55596479016  1.3E-05  2.9E-06  6.2E-05
etot    6  N  N  2  U   -1280.55596637318  1.6E-06  0.0E+00  0.0E+00
scf (DFT) done.
der1a (1-e 1st deriv.) done.
rwr (1st deriv. Q) done.
der1b (2-e 1st deriv.) done.
  Geometry optimization step  11
  Total energy:     -1280.60839448932 hartrees
  energy change:          -9.4548E-04 .  (  5.0000E-05 )
  gradient maximum:        6.2478E-03 .  (  4.5000E-04 )
  gradient rms:            8.5795E-04 .  (  3.0000E-04 )
  displacement maximum:    9.6649E-02 .  (  1.8000E-03 )
  displacement rms:        1.4633E-02 .  (  1.2000E-03 )
  
  predicted energy change: -5.1768E-04
  step size:     0.21053
  trust radius:  0.30000
---------------- geometry iteration  11 complete ----------------
geopt (optimize geometry) done.
onee (1-electron integrals) done.
probe (project orbitals) done.
grid (grid generation) done.
rwr (Q operators) done.
  
       i  u  d  i  g
       t  p  i  c  r                                 RMS    maximum
       e  d  i  u  i                       energy  density   DIIS  
       r  t  s  t  d       total energy    change  change    error 
  
etot    1  N  N  2  U   -1280.54277933300           2.4E-04  5.7E-03
etot    2  Y  Y  6  M   -1280.55631602653  1.4E-02  5.0E-05  4.3E-04
etot    3  N  Y  2  U   -1280.55612952538 -1.9E-04  4.0E-05  1.0E-03
etot    4  N  Y  2  U   -1280.55636353935  2.3E-04  9.3E-06  2.6E-04
etot    5  N  Y  2  U   -1280.55637329612  9.8E-06  3.1E-06  7.1E-05
etot    6  N  N  2  U   -1280.55637499636  1.7E-06  0.0E+00  0.0E+00
scf (DFT) done.
der1a (1-e 1st deriv.) done.
rwr (1st deriv. Q) done.
der1b (2-e 1st deriv.) done.
  Geometry optimization step  12
  Total energy:     -1280.60853900781 hartrees
  energy change:          -1.4452E-04 .  (  5.0000E-05 )
  gradient maximum:        7.6266E-03 .  (  4.5000E-04 )
  gradient rms:            1.2194E-03 .  (  3.0000E-04 )
  displacement maximum:    1.0480E-01 .  (  1.8000E-03 )
  displacement rms:        1.4595E-02 .  (  1.2000E-03 )
  
  predicted energy change: -4.4600E-04
  step size:     0.20998
  trust radius:  0.30000
---------------- geometry iteration  12 complete ----------------
geopt (optimize geometry) done.
onee (1-electron integrals) done.
probe (project orbitals) done.
grid (grid generation) done.
rwr (Q operators) done.
  
       i  u  d  i  g
       t  p  i  c  r                                 RMS    maximum
       e  d  i  u  i                       energy  density   DIIS  
       r  t  s  t  d       total energy    change  change    error 
  
etot    1  N  N  2  U   -1280.54584387445           2.3E-04  6.5E-03
etot    2  Y  Y  6  M   -1280.55662172304  1.1E-02  3.3E-05  2.4E-04
etot    3  N  Y  2  U   -1280.55658312626 -3.9E-05  2.4E-05  3.8E-04
etot    4  N  Y  2  U   -1280.55664575347  6.3E-05  7.7E-06  2.0E-04
etot    5  N  Y  2  U   -1280.55665473291  9.0E-06  2.4E-06  8.0E-05
etot    6  N  N  2  U   -1280.55665593277  1.2E-06  0.0E+00  0.0E+00
scf (DFT) done.
der1a (1-e 1st deriv.) done.
rwr (1st deriv. Q) done.
der1b (2-e 1st deriv.) done.
  Geometry optimization step  13
  Total energy:     -1280.60889503464 hartrees
  energy change:          -3.5603E-04 .  (  5.0000E-05 )
  gradient maximum:        2.9091E-03 .  (  4.5000E-04 )
  gradient rms:            5.0245E-04 .  (  3.0000E-04 )
  displacement maximum:    6.7358E-02 .  (  1.8000E-03 )
  displacement rms:        7.5136E-03 .  (  1.2000E-03 )
  
  predicted energy change: -1.1298E-04
  step size:     0.10810
  trust radius:  0.30000
---------------- geometry iteration  13 complete ----------------
geopt (optimize geometry) done.
onee (1-electron integrals) done.
probe (project orbitals) done.
grid (grid generation) done.
rwr (Q operators) done.
  
       i  u  d  i  g
       t  p  i  c  r                                 RMS    maximum
       e  d  i  u  i                       energy  density   DIIS  
       r  t  s  t  d       total energy    change  change    error 
  
etot    1  N  N  2  U   -1280.55468546598           9.6E-05  3.5E-03
etot    2  Y  Y  6  M   -1280.55665170647  2.0E-03  1.4E-05  1.2E-04
etot    3  N  Y  2  U   -1280.55665353150  1.8E-06  9.8E-06  1.8E-04
etot    4  N  Y  2  U   -1280.55666435839  1.1E-05  3.3E-06  1.0E-04
etot    5  N  N  2  U   -1280.55666617129  1.8E-06  0.0E+00  0.0E+00
scf (DFT) done.
der1a (1-e 1st deriv.) done.
rwr (1st deriv. Q) done.
der1b (2-e 1st deriv.) done.
  Geometry optimization step  14
  Total energy:     -1280.60893548204 hartrees
  energy change:          -4.0447E-05 *  (  5.0000E-05 )
  gradient maximum:        9.4863E-04 .  (  4.5000E-04 )
  gradient rms:            1.6767E-04 *  (  3.0000E-04 )
  displacement maximum:    1.9467E-02 .  (  1.8000E-03 )
  displacement rms:        2.6869E-03 .  (  1.2000E-03 )
  
  predicted energy change: -1.8626E-05
  step size:     0.03866
  trust radius:  0.30000
---------------- geometry iteration  14 complete ----------------
geopt (optimize geometry) done.
onee (1-electron integrals) done.
probe (project orbitals) done.
grid (grid generation) done.
rwr (Q operators) done.
  
       i  u  d  i  g
       t  p  i  c  r                                 RMS    maximum
       e  d  i  u  i                       energy  density   DIIS  
       r  t  s  t  d       total energy    change  change    error 
  
etot    1  N  N  2  U   -1280.55611217810           5.3E-05  1.8E-03
etot    2  Y  Y  6  M   -1280.55677580053  6.6E-04  1.2E-05  1.2E-04
etot    3  N  Y  2  U   -1280.55675266602 -2.3E-05  9.6E-06  3.6E-04
etot    4  N  Y  2  U   -1280.55677690079  2.4E-05  1.5E-06  3.9E-05
etot    5  N  N  2  U   -1280.55677722571  3.2E-07  0.0E+00  0.0E+00
scf (DFT) done.
der1a (1-e 1st deriv.) done.
rwr (1st deriv. Q) done.
der1b (2-e 1st deriv.) done.
  Geometry optimization step  15
  Total energy:     -1280.60896506450 hartrees
  energy change:          -2.9582E-05 *  (  5.0000E-05 )
  gradient maximum:        8.4920E-04 .  (  4.5000E-04 )
  gradient rms:            1.2978E-04 *  (  3.0000E-04 )
  displacement maximum:    6.1574E-03 .  (  1.8000E-03 )
  displacement rms:        1.3730E-03 .  (  1.2000E-03 )
  
  predicted energy change: -6.8632E-06
  step size:     0.01975
  trust radius:  0.30000
---------------- geometry iteration  15 complete ----------------
geopt (optimize geometry) done.
onee (1-electron integrals) done.
probe (project orbitals) done.
grid (grid generation) done.
rwr (Q operators) done.
  
       i  u  d  i  g
       t  p  i  c  r                                 RMS    maximum
       e  d  i  u  i                       energy  density   DIIS  
       r  t  s  t  d       total energy    change  change    error 
  
etot    1  N  N  2  U   -1280.55660606559           2.8E-05  5.5E-04
etot    2  N  Y  2  U   -1280.55677923927  1.7E-04  3.4E-06  4.0E-05
etot    3  N  N  2  U   -1280.55677845747 -7.8E-07  0.0E+00  0.0E+00
scf (DFT) done.
der1a (1-e 1st deriv.) done.
rwr (1st deriv. Q) done.
der1b (2-e 1st deriv.) done.
  Geometry optimization step  16
  Total energy:     -1280.60899967433 hartrees
  energy change:          -3.4610E-05 *  (  5.0000E-05 )
  gradient maximum:        2.4642E-04 *  (  4.5000E-04 )
  gradient rms:            5.2634E-05 #  (  3.0000E-04 )
  displacement maximum:    7.0901E-03 .  (  1.8000E-03 )
  displacement rms:        9.7066E-04 *  (  1.2000E-03 )
  
  predicted energy change: -2.0043E-06
  step size:     0.01397
  trust radius:  0.30000
------------- final geometry iteration  16 complete -------------
geopt (optimize geometry) done.
cutabab2 (abab integrals) done.
der2a (1-e JK-1st deriv.) done.
der2b (2-e JK-1st deriv.) done.
der2nda (1-e 2nd deriv.) done.
der2ndb (2-e 2nd deriv.) done.
rwr (Q operators) done.
cphfa (gradient of wave function) done.
freq (vib. frequencies) done.
Job J1_9931_2111 completed on hpc-92-25.cm.cluster at Wed May 29 05:43:12 2024
Timer (jaguar_backend.py) : 3579.41 secs (0 hrs, 59 mins, 39 secs)
Finished:   Wed May 29 05:43:12 2024
