Command:  /groups/wag/programs/Schrodinger_2020_3/jaguar run -WAIT -PARALLEL 8 /central/home/labounad/wittig-ch121/out/J1_9776_2111/J1_9776_2111.in
Release:  2020-3
Exec:     /groups/wag/programs/Schrodinger_2020_3/jaguar-v10.9/bin/Linux-x86_64
Host:     hpc-93-08.cm.cluster
JobId:    hpc-93-08-0-66571aea
JobDir:   /central/scratch/labounad/J1_9776_2111#hpc-93-08-0-66571aea
Date:     Wed May 29 05:09:16 2024

Contents of /central/scratch/labounad/J1_9776_2111#hpc-93-08-0-66571aea:
/central/scratch/labounad/J1_9776_2111#hpc-93-08-0-66571aea/.write_dir.json
/central/scratch/labounad/J1_9776_2111#hpc-93-08-0-66571aea/hpc-93-08-0-66571aea
/central/scratch/labounad/J1_9776_2111#hpc-93-08-0-66571aea/hpc-93-08-0-66571aea.mpinodes
/central/scratch/labounad/J1_9776_2111#hpc-93-08-0-66571aea/hpc-93-08-0-66571aea.recover
/central/scratch/labounad/J1_9776_2111#hpc-93-08-0-66571aea/hpc-93-08-0-66571aea.nodes
/central/scratch/labounad/J1_9776_2111#hpc-93-08-0-66571aea/J1_9776_2111.log
/central/scratch/labounad/J1_9776_2111#hpc-93-08-0-66571aea/J1_9776_2111.recover
/central/scratch/labounad/J1_9776_2111#hpc-93-08-0-66571aea/J1_9776_2111.in

Executing subprocess:
/groups/wag/programs/Schrodinger_2020_3/jaguar-v10.9/bin/Linux-x86_64/jexec J1_9776_2111.in -T 8 -out /central/scratch/labounad/J1_9776_2111#hpc-93-08-0-66571aea -cwd

Job J1_9776_2111 started on hpc-93-08.cm.cluster at Wed May 29 05:09:16 2024
jobid: hpc-93-08-0-66571aea 
Jaguar version 10.9, release 139
 Using up to   8 threads per process
Molecular Point Group: C1      
Point Group used: C1
pre (input checking) done.
onee (1-electron integrals) done.
hfig (HF initial guess) done.
probe (project orbitals) done.
grid (grid generation) done.
rwr (Q operators) done.
scf type: DFT=PBE(X+LC)+PW91 (PBE-D3)
  
       i  u  d  i  g
       t  p  i  c  r                                 RMS    maximum
       e  d  i  u  i                       energy  density   DIIS  
       r  t  s  t  d       total energy    change  change    error 
  
etot    1  N  N  5  M   -1147.23235995219           8.4E-03  1.3E-01
etot    2  Y  Y  6  M   -1137.13318905508 -1.0E+01  1.6E-02  2.0E-01
etot    3  Y  Y  6  M   -1122.92246817526 -1.4E+01  1.4E-02  2.5E-01
etot    4  N  Y  2  U   -1148.87583590391  2.6E+01  3.9E-03  9.1E-02
etot    5  Y  Y  6  M   -1149.38344131482  5.1E-01  2.8E-03  9.2E-02
etot    6  N  Y  2  U   -1149.65444640259  2.7E-01  1.2E-03  4.3E-02
etot    7  Y  Y  6  M   -1149.78465932751  1.3E-01  7.2E-04  1.9E-02
etot    8  N  Y  2  U   -1149.82508046450  4.0E-02  4.4E-04  1.8E-02
etot    9  Y  Y  6  M   -1149.83374242654  8.7E-03  3.3E-04  1.6E-02
etot   10  N  Y  2  U   -1149.84471952178  1.1E-02  1.1E-04  3.0E-03
etot   11  Y  Y  6  M   -1149.84564456733  9.3E-04  5.8E-05  1.2E-03
etot   12  Y  Y  6  M   -1149.84587195985  2.3E-04  2.4E-05  6.8E-04
etot   13  N  Y  2  U   -1149.84588406588  1.2E-05  7.3E-06  1.5E-04
etot   14  N  Y  2  U   -1149.84588670153  2.6E-06  2.9E-06  8.7E-05
etot   15  N  N  2  U   -1149.84588714827  4.5E-07  0.0E+00  0.0E+00
scf (DFT) done.
der1a (1-e 1st deriv.) done.
rwr (1st deriv. Q) done.
der1b (2-e 1st deriv.) done.
  Geometry optimization step   1
  Total energy:     -1149.86921004402 hartrees
  gradient maximum:        6.0031E-02 .  (  4.5000E-04 )
  gradient rms:            1.1623E-02 .  (  3.0000E-04 )
  displacement maximum:    1.4782E-01 .  (  1.8000E-03 )
  displacement rms:        2.6497E-02 .  (  1.2000E-03 )
  
  predicted energy change: -2.3709E-02
  step size:     0.30095
  trust radius:  0.30000
---------------- geometry iteration   1 complete ----------------
geopt (optimize geometry) done.
onee (1-electron integrals) done.
probe (project orbitals) done.
grid (grid generation) done.
rwr (Q operators) done.
  
       i  u  d  i  g
       t  p  i  c  r                                 RMS    maximum
       e  d  i  u  i                       energy  density   DIIS  
       r  t  s  t  d       total energy    change  change    error 
  
etot    1  N  N  2  U   -1149.85406452013           1.5E-03  1.7E-02
etot    2  Y  Y  6  M   -1149.86623884050  1.2E-02  3.6E-04  3.4E-03
etot    3  N  Y  2  U   -1149.86298101106 -3.3E-03  2.4E-04  6.9E-03
etot    4  Y  Y  6  M   -1149.86751054154  4.5E-03  4.6E-05  1.5E-03
etot    5  N  Y  2  U   -1149.86775549986  2.4E-04  1.2E-05  2.1E-04
etot    6  N  Y  2  U   -1149.86776170903  6.2E-06  4.1E-06  7.2E-05
etot    7  N  N  2  U   -1149.86776278007  1.1E-06  0.0E+00  0.0E+00
scf (DFT) done.
der1a (1-e 1st deriv.) done.
rwr (1st deriv. Q) done.
der1b (2-e 1st deriv.) done.
  Geometry optimization step   2
  Total energy:     -1149.89098642118 hartrees
  energy change:          -2.1776E-02 .  (  5.0000E-05 )
  gradient maximum:        1.3706E-02 .  (  4.5000E-04 )
  gradient rms:            2.6383E-03 .  (  3.0000E-04 )
  displacement maximum:    1.3157E-01 .  (  1.8000E-03 )
  displacement rms:        2.5768E-02 .  (  1.2000E-03 )
  
  predicted energy change: -2.6847E-03
  step size:     0.29267
  trust radius:  0.30000
---------------- geometry iteration   2 complete ----------------
geopt (optimize geometry) done.
onee (1-electron integrals) done.
probe (project orbitals) done.
grid (grid generation) done.
rwr (Q operators) done.
  
       i  u  d  i  g
       t  p  i  c  r                                 RMS    maximum
       e  d  i  u  i                       energy  density   DIIS  
       r  t  s  t  d       total energy    change  change    error 
  
etot    1  N  N  2  U   -1149.83791774359           6.3E-04  1.4E-02
etot    2  Y  Y  6  M   -1149.86996237502  3.2E-02  2.7E-04  3.8E-03
etot    3  N  Y  2  U   -1149.86603464999 -3.9E-03  2.0E-04  9.6E-03
etot    4  Y  Y  6  M   -1149.87052332840  4.5E-03  3.5E-05  1.2E-03
etot    5  N  Y  2  U   -1149.87058602461  6.3E-05  1.2E-05  4.6E-04
etot    6  N  Y  2  U   -1149.87060068656  1.5E-05  3.7E-06  4.5E-05
etot    7  N  N  2  U   -1149.87060097554  2.9E-07  0.0E+00  0.0E+00
scf (DFT) done.
der1a (1-e 1st deriv.) done.
rwr (1st deriv. Q) done.
der1b (2-e 1st deriv.) done.
  Geometry optimization step   3
  Total energy:     -1149.89387078055 hartrees
  energy change:          -2.8844E-03 .  (  5.0000E-05 )
  gradient maximum:        4.9618E-03 .  (  4.5000E-04 )
  gradient rms:            1.2461E-03 .  (  3.0000E-04 )
  displacement maximum:    1.6301E-01 .  (  1.8000E-03 )
  displacement rms:        2.6454E-02 .  (  1.2000E-03 )
  
  predicted energy change: -8.3234E-04
  step size:     0.30046
  trust radius:  0.30000
---------------- geometry iteration   3 complete ----------------
geopt (optimize geometry) done.
onee (1-electron integrals) done.
probe (project orbitals) done.
grid (grid generation) done.
rwr (Q operators) done.
  
       i  u  d  i  g
       t  p  i  c  r                                 RMS    maximum
       e  d  i  u  i                       energy  density   DIIS  
       r  t  s  t  d       total energy    change  change    error 
  
etot    1  N  N  2  U   -1149.83366698175           6.6E-04  2.2E-02
etot    2  Y  Y  6  M   -1149.87118431986  3.8E-02  1.5E-04  1.4E-03
etot    3  N  Y  2  U   -1149.86978166784 -1.4E-03  1.2E-04  3.8E-03
etot    4  Y  Y  6  M   -1149.87131347589  1.5E-03  2.4E-05  7.3E-04
etot    5  N  Y  2  U   -1149.87134846637  3.5E-05  9.2E-06  2.6E-04
etot    6  N  Y  2  U   -1149.87135628062  7.8E-06  4.1E-06  8.9E-05
etot    7  N  N  2  U   -1149.87135628046 -1.7E-10  0.0E+00  0.0E+00
scf (DFT) done.
der1a (1-e 1st deriv.) done.
rwr (1st deriv. Q) done.
der1b (2-e 1st deriv.) done.
  Geometry optimization step   4
  Total energy:     -1149.89468980437 hartrees
  energy change:          -8.1902E-04 .  (  5.0000E-05 )
  gradient maximum:        2.2792E-03 .  (  4.5000E-04 )
  gradient rms:            6.3811E-04 .  (  3.0000E-04 )
  displacement maximum:    1.3884E-01 .  (  1.8000E-03 )
  displacement rms:        2.2457E-02 .  (  1.2000E-03 )
  
  predicted energy change: -2.4990E-04
  step size:     0.25506
  trust radius:  0.30000
---------------- geometry iteration   4 complete ----------------
geopt (optimize geometry) done.
onee (1-electron integrals) done.
probe (project orbitals) done.
grid (grid generation) done.
rwr (Q operators) done.
  
       i  u  d  i  g
       t  p  i  c  r                                 RMS    maximum
       e  d  i  u  i                       energy  density   DIIS  
       r  t  s  t  d       total energy    change  change    error 
  
etot    1  N  N  2  U   -1149.84530833003           5.4E-04  1.9E-02
etot    2  Y  Y  6  M   -1149.87168237513  2.6E-02  7.7E-05  1.2E-03
etot    3  N  Y  2  U   -1149.87137664103 -3.1E-04  5.9E-05  1.8E-03
etot    4  Y  Y  6  M   -1149.87165447192  2.8E-04  1.9E-05  7.2E-04
etot    5  N  Y  2  U   -1149.87169063077  3.6E-05  5.3E-06  9.3E-05
etot    6  N  Y  2  U   -1149.87169243642  1.8E-06  3.2E-06  3.5E-05
etot    7  N  N  2  U   -1149.87169245339  1.7E-08  0.0E+00  0.0E+00
scf (DFT) done.
der1a (1-e 1st deriv.) done.
rwr (1st deriv. Q) done.
der1b (2-e 1st deriv.) done.
  Geometry optimization step   5
  Total energy:     -1149.89507477817 hartrees
  energy change:          -3.8497E-04 .  (  5.0000E-05 )
  gradient maximum:        3.2256E-03 .  (  4.5000E-04 )
  gradient rms:            6.7298E-04 .  (  3.0000E-04 )
  displacement maximum:    8.6742E-02 .  (  1.8000E-03 )
  displacement rms:        1.7897E-02 .  (  1.2000E-03 )
  
  predicted energy change: -2.0326E-04
  step size:     0.20327
  trust radius:  0.30000
---------------- geometry iteration   5 complete ----------------
geopt (optimize geometry) done.
onee (1-electron integrals) done.
probe (project orbitals) done.
grid (grid generation) done.
rwr (Q operators) done.
  
       i  u  d  i  g
       t  p  i  c  r                                 RMS    maximum
       e  d  i  u  i                       energy  density   DIIS  
       r  t  s  t  d       total energy    change  change    error 
  
etot    1  N  N  2  U   -1149.85623093992           4.1E-04  1.0E-02
etot    2  Y  Y  6  M   -1149.87203848200  1.6E-02  3.6E-05  6.9E-04
etot    3  N  Y  2  U   -1149.87196016918 -7.8E-05  2.7E-05  4.9E-04
etot    4  N  Y  2  U   -1149.87199401507  3.4E-05  1.2E-05  4.0E-04
etot    5  N  Y  2  U   -1149.87201144074  1.7E-05  3.5E-06  9.0E-05
etot    6  N  N  2  U   -1149.87201217659  7.4E-07  0.0E+00  0.0E+00
scf (DFT) done.
der1a (1-e 1st deriv.) done.
rwr (1st deriv. Q) done.
der1b (2-e 1st deriv.) done.
  Geometry optimization step   6
  Total energy:     -1149.89535844372 hartrees
  energy change:          -2.8367E-04 .  (  5.0000E-05 )
  gradient maximum:        2.9455E-03 .  (  4.5000E-04 )
  gradient rms:            5.2740E-04 .  (  3.0000E-04 )
  displacement maximum:    7.3003E-02 .  (  1.8000E-03 )
  displacement rms:        1.3974E-02 .  (  1.2000E-03 )
  
  predicted energy change: -1.0058E-04
  step size:     0.15872
  trust radius:  0.30000
---------------- geometry iteration   6 complete ----------------
geopt (optimize geometry) done.
onee (1-electron integrals) done.
probe (project orbitals) done.
grid (grid generation) done.
rwr (Q operators) done.
  
       i  u  d  i  g
       t  p  i  c  r                                 RMS    maximum
       e  d  i  u  i                       energy  density   DIIS  
       r  t  s  t  d       total energy    change  change    error 
  
etot    1  N  N  2  U   -1149.86119483009           3.5E-04  8.5E-03
etot    2  Y  Y  6  M   -1149.87228749647  1.1E-02  3.8E-05  6.0E-04
etot    3  N  Y  2  U   -1149.87221026230 -7.7E-05  3.2E-05  5.9E-04
etot    4  N  Y  2  U   -1149.87225438067  4.4E-05  1.4E-05  4.4E-04
etot    5  N  Y  2  U   -1149.87227170094  1.7E-05  3.1E-06  1.3E-04
etot    6  N  N  2  U   -1149.87227258182  8.8E-07  0.0E+00  0.0E+00
scf (DFT) done.
der1a (1-e 1st deriv.) done.
rwr (1st deriv. Q) done.
der1b (2-e 1st deriv.) done.
  Geometry optimization step   7
  Total energy:     -1149.89561108925 hartrees
  energy change:          -2.5265E-04 .  (  5.0000E-05 )
  gradient maximum:        1.6690E-03 .  (  4.5000E-04 )
  gradient rms:            3.7422E-04 .  (  3.0000E-04 )
  displacement maximum:    4.1926E-02 .  (  1.8000E-03 )
  displacement rms:        6.7818E-03 .  (  1.2000E-03 )
  
  predicted energy change: -4.4227E-05
  step size:     0.07703
  trust radius:  0.30000
---------------- geometry iteration   7 complete ----------------
geopt (optimize geometry) done.
onee (1-electron integrals) done.
probe (project orbitals) done.
grid (grid generation) done.
rwr (Q operators) done.
  
       i  u  d  i  g
       t  p  i  c  r                                 RMS    maximum
       e  d  i  u  i                       energy  density   DIIS  
       r  t  s  t  d       total energy    change  change    error 
  
etot    1  N  N  2  U   -1149.86972577207           1.7E-04  4.0E-03
etot    2  Y  Y  6  M   -1149.87238217750  2.7E-03  2.1E-05  2.9E-04
etot    3  N  Y  2  U   -1149.87236547572 -1.7E-05  1.6E-05  2.8E-04
etot    4  N  Y  2  U   -1149.87237710450  1.2E-05  5.7E-06  1.8E-04
etot    5  N  Y  2  U   -1149.87238015416  3.0E-06  1.7E-06  6.6E-05
etot    6  N  N  2  U   -1149.87238036687  2.1E-07  0.0E+00  0.0E+00
scf (DFT) done.
der1a (1-e 1st deriv.) done.
rwr (1st deriv. Q) done.
der1b (2-e 1st deriv.) done.
  Geometry optimization step   8
  Total energy:     -1149.89569114532 hartrees
  energy change:          -8.0056E-05 .  (  5.0000E-05 )
  gradient maximum:        1.0074E-03 .  (  4.5000E-04 )
  gradient rms:            2.3215E-04 *  (  3.0000E-04 )
  displacement maximum:    2.0986E-02 .  (  1.8000E-03 )
  displacement rms:        4.1378E-03 .  (  1.2000E-03 )
  
  predicted energy change: -1.8267E-05
  step size:     0.04700
  trust radius:  0.30000
---------------- geometry iteration   8 complete ----------------
geopt (optimize geometry) done.
onee (1-electron integrals) done.
probe (project orbitals) done.
grid (grid generation) done.
rwr (Q operators) done.
  
       i  u  d  i  g
       t  p  i  c  r                                 RMS    maximum
       e  d  i  u  i                       energy  density   DIIS  
       r  t  s  t  d       total energy    change  change    error 
  
etot    1  N  N  2  U   -1149.87147086964           1.0E-04  2.6E-03
etot    2  Y  Y  6  M   -1149.87240625197  9.4E-04  1.3E-05  1.3E-04
etot    3  N  Y  2  U   -1149.87239528150 -1.1E-05  1.1E-05  2.8E-04
etot    4  N  Y  2  U   -1149.87240153524  6.3E-06  3.7E-06  1.5E-04
etot    5  N  N  2  U   -1149.87240316814  1.6E-06  0.0E+00  0.0E+00
scf (DFT) done.
der1a (1-e 1st deriv.) done.
rwr (1st deriv. Q) done.
der1b (2-e 1st deriv.) done.
  Geometry optimization step   9
  Total energy:     -1149.89572957529 hartrees
  energy change:          -3.8430E-05 *  (  5.0000E-05 )
  gradient maximum:        5.3710E-04 .  (  4.5000E-04 )
  gradient rms:            1.3037E-04 *  (  3.0000E-04 )
  displacement maximum:    2.1036E-02 .  (  1.8000E-03 )
  displacement rms:        3.8323E-03 .  (  1.2000E-03 )
  
  predicted energy change: -1.0740E-05
  step size:     0.04353
  trust radius:  0.30000
---------------- geometry iteration   9 complete ----------------
geopt (optimize geometry) done.
onee (1-electron integrals) done.
probe (project orbitals) done.
grid (grid generation) done.
rwr (Q operators) done.
  
       i  u  d  i  g
       t  p  i  c  r                                 RMS    maximum
       e  d  i  u  i                       energy  density   DIIS  
       r  t  s  t  d       total energy    change  change    error 
  
etot    1  N  N  2  U   -1149.87146595036           1.0E-04  2.9E-03
etot    2  Y  Y  6  M   -1149.87237955431  9.1E-04  1.2E-05  1.8E-04
etot    3  N  Y  2  U   -1149.87237138557 -8.2E-06  1.0E-05  2.4E-04
etot    4  N  Y  2  U   -1149.87237731663  5.9E-06  3.6E-06  1.2E-04
etot    5  N  N  2  U   -1149.87237892744  1.6E-06  0.0E+00  0.0E+00
scf (DFT) done.
der1a (1-e 1st deriv.) done.
rwr (1st deriv. Q) done.
der1b (2-e 1st deriv.) done.
  Geometry optimization step  10
  Total energy:     -1149.89570329761 hartrees
  energy change:           2.6278E-05 *  (  5.0000E-05 )
  gradient maximum:        6.2968E-04 .  (  4.5000E-04 )
  gradient rms:            1.3990E-04 *  (  3.0000E-04 )
  displacement maximum:    8.5594E-03 .  (  1.8000E-03 )
  displacement rms:        1.6178E-03 .  (  1.2000E-03 )
  
  predicted energy change: -5.5177E-06
  step size:     0.01837
  trust radius:  0.30000
---------------- geometry iteration  10 complete ----------------
geopt (optimize geometry) done.
onee (1-electron integrals) done.
probe (project orbitals) done.
grid (grid generation) done.
rwr (Q operators) done.
  
       i  u  d  i  g
       t  p  i  c  r                                 RMS    maximum
       e  d  i  u  i                       energy  density   DIIS  
       r  t  s  t  d       total energy    change  change    error 
  
etot    1  N  N  2  U   -1149.87225278313           4.0E-05  1.1E-03
etot    2  N  Y  2  U   -1149.87238638151  1.3E-04  9.1E-06  8.8E-05
etot    3  N  Y  2  U   -1149.87238215103 -4.2E-06  6.7E-06  2.4E-04
etot    4  N  Y  2  U   -1149.87238727118  5.1E-06  1.5E-06  4.4E-05
etot    5  N  N  2  U   -1149.87238742580  1.5E-07  0.0E+00  0.0E+00
scf (DFT) done.
der1a (1-e 1st deriv.) done.
rwr (1st deriv. Q) done.
der1b (2-e 1st deriv.) done.
  Geometry optimization step  11
  Total energy:     -1149.89571297648 hartrees
  energy change:          -9.6789E-06 *  (  5.0000E-05 )
  gradient maximum:        3.5337E-04 *  (  4.5000E-04 )
  gradient rms:            6.9222E-05 *  (  3.0000E-04 )
  displacement maximum:    3.6528E-03 .  (  1.8000E-03 )
  displacement rms:        7.6633E-04 *  (  1.2000E-03 )
  
  predicted energy change: -1.8695E-06
  step size:     0.00870
  trust radius:  0.30000
---------------- geometry iteration  11 complete ----------------
geopt (optimize geometry) done.
onee (1-electron integrals) done.
probe (project orbitals) done.
grid (grid generation) done.
rwr (Q operators) done.
  
       i  u  d  i  g
       t  p  i  c  r                                 RMS    maximum
       e  d  i  u  i                       energy  density   DIIS  
       r  t  s  t  d       total energy    change  change    error 
  
etot    1  N  N  2  U   -1149.87235877992           1.6E-05  3.5E-04
etot    2  N  Y  2  U   -1149.87237771287  1.9E-05  4.4E-06  5.3E-05
etot    3  N  N  2  U   -1149.87237669767 -1.0E-06  0.0E+00  0.0E+00
scf (DFT) done.
der1a (1-e 1st deriv.) done.
rwr (1st deriv. Q) done.
der1b (2-e 1st deriv.) done.
  Geometry optimization step  12
  Total energy:     -1149.89570674265 hartrees
  energy change:           6.2338E-06 *  (  5.0000E-05 )
  gradient maximum:        2.7449E-04 *  (  4.5000E-04 )
  gradient rms:            4.5761E-05 #  (  3.0000E-04 )
  displacement maximum:    4.5716E-03 .  (  1.8000E-03 )
  displacement rms:        1.0164E-03 *  (  1.2000E-03 )
  
  predicted energy change: -1.5145E-06
  step size:     0.01154
  trust radius:  0.30000
------------- final geometry iteration  12 complete -------------
geopt (optimize geometry) done.
cutabab2 (abab integrals) done.
der2a (1-e JK-1st deriv.) done.
der2b (2-e JK-1st deriv.) done.
der2nda (1-e 2nd deriv.) done.
der2ndb (2-e 2nd deriv.) done.
rwr (Q operators) done.
cphfa (gradient of wave function) done.
freq (vib. frequencies) done.
Job J1_9776_2111 completed on hpc-93-08.cm.cluster at Wed May 29 05:22:52 2024
Timer (jaguar_backend.py) : 815.75 secs (0 hrs, 13 mins, 35 secs)
Finished:   Wed May 29 05:22:52 2024
