Command:  /groups/wag/programs/Schrodinger_2020_3/jaguar run -WAIT -PARALLEL 8 /central/home/labounad/wittig-ch121/out/J1_10381_2111/J1_10381_2111.in
Release:  2020-3
Exec:     /groups/wag/programs/Schrodinger_2020_3/jaguar-v10.9/bin/Linux-x86_64
Host:     hpc-90-26.cm.cluster
JobId:    hpc-90-26-0-6657831a
JobDir:   /central/scratch/labounad/J1_10381_2111#hpc-90-26-0-6657831a
Date:     Wed May 29 12:33:48 2024

Contents of /central/scratch/labounad/J1_10381_2111#hpc-90-26-0-6657831a:
/central/scratch/labounad/J1_10381_2111#hpc-90-26-0-6657831a/hpc-90-26-0-6657831a.recover
/central/scratch/labounad/J1_10381_2111#hpc-90-26-0-6657831a/J1_10381_2111.in
/central/scratch/labounad/J1_10381_2111#hpc-90-26-0-6657831a/J1_10381_2111.recover
/central/scratch/labounad/J1_10381_2111#hpc-90-26-0-6657831a/.write_dir.json
/central/scratch/labounad/J1_10381_2111#hpc-90-26-0-6657831a/hpc-90-26-0-6657831a.nodes
/central/scratch/labounad/J1_10381_2111#hpc-90-26-0-6657831a/hpc-90-26-0-6657831a
/central/scratch/labounad/J1_10381_2111#hpc-90-26-0-6657831a/J1_10381_2111.log
/central/scratch/labounad/J1_10381_2111#hpc-90-26-0-6657831a/hpc-90-26-0-6657831a.mpinodes

Executing subprocess:
/groups/wag/programs/Schrodinger_2020_3/jaguar-v10.9/bin/Linux-x86_64/jexec J1_10381_2111.in -T 8 -out /central/scratch/labounad/J1_10381_2111#hpc-90-26-0-6657831a -cwd

Job J1_10381_2111 started on hpc-90-26.cm.cluster at Wed May 29 12:33:49 2024
jobid: hpc-90-26-0-6657831a 
Jaguar version 10.9, release 139
 Using up to   8 threads per process
Molecular Point Group: C1      
Point Group used: C1
pre (input checking) done.
onee (1-electron integrals) done.
hfig (HF initial guess) done.
probe (project orbitals) done.
grid (grid generation) done.
rwr (Q operators) done.
scf type: DFT=PBE(X+LC)+PW91 (PBE-D3)
  
       i  u  d  i  g
       t  p  i  c  r                                 RMS    maximum
       e  d  i  u  i                       energy  density   DIIS  
       r  t  s  t  d       total energy    change  change    error 
  
etot    1  N  N  5  M   -1760.53894686373           8.4E-03  1.1E-01
etot    2  Y  Y  6  M   -1746.44951706291 -1.4E+01  1.5E-02  1.7E-01
etot    3  Y  Y  6  M   -1745.51127528514 -9.4E-01  1.3E-02  1.3E-01
etot    4  N  Y  2  U   -1760.51933086624  1.5E+01  4.7E-03  9.4E-02
etot    5  Y  Y  6  M   -1762.68837024623  2.2E+00  4.0E-03  5.3E-02
etot    6  N  Y  2  U   -1763.23983395758  5.5E-01  2.4E-03  5.8E-02
etot    7  Y  Y  6  M   -1765.05233132791  1.8E+00  9.0E-04  2.4E-02
etot    8  N  Y  2  U   -1765.17246284414  1.2E-01  6.1E-04  1.2E-02
etot    9  Y  Y  6  M   -1765.18939046766  1.7E-02  3.3E-04  1.3E-02
etot   10  N  Y  2  U   -1765.21956751728  3.0E-02  1.2E-04  5.1E-03
etot   11  Y  Y  6  M   -1765.22385865789  4.3E-03  4.6E-05  1.4E-03
etot   12  N  Y  2  U   -1765.22421523726  3.6E-04  2.0E-05  6.1E-04
etot   13  N  Y  2  U   -1765.22432409754  1.1E-04  1.0E-05  2.4E-04
etot   14  N  Y  2  U   -1765.22434185936  1.8E-05  7.1E-06  1.5E-04
etot   15  N  Y  2  U   -1765.22434998283  8.1E-06  4.4E-06  7.6E-05
etot   16  N  N  2  U   -1765.22435272728  2.7E-06  0.0E+00  0.0E+00
scf (DFT) done.
der1a (1-e 1st deriv.) done.
rwr (1st deriv. Q) done.
der1b (2-e 1st deriv.) done.
  Geometry optimization step   1
  Total energy:     -1765.27723579731 hartrees
  gradient maximum:        4.3251E-02 .  (  4.5000E-04 )
  gradient rms:            8.8971E-03 .  (  3.0000E-04 )
  displacement maximum:    1.1172E-01 .  (  1.8000E-03 )
  displacement rms:        1.9963E-02 .  (  1.2000E-03 )
  
  predicted energy change: -2.5764E-02
  step size:     0.30011
  trust radius:  0.30000
---------------- geometry iteration   1 complete ----------------
geopt (optimize geometry) done.
onee (1-electron integrals) done.
probe (project orbitals) done.
grid (grid generation) done.
rwr (Q operators) done.
  
       i  u  d  i  g
       t  p  i  c  r                                 RMS    maximum
       e  d  i  u  i                       energy  density   DIIS  
       r  t  s  t  d       total energy    change  change    error 
  
etot    1  N  N  2  U   -1765.23141526295           3.3E-04  7.5E-03
etot    2  Y  Y  6  M   -1765.24826353556  1.7E-02  1.6E-04  1.5E-03
etot    3  N  Y  2  U   -1765.24499759647 -3.3E-03  1.2E-04  3.9E-03
etot    4  Y  Y  6  M   -1765.24927895757  4.3E-03  2.8E-05  1.1E-03
etot    5  N  Y  2  U   -1765.24954824679  2.7E-04  8.1E-06  3.0E-04
etot    6  N  Y  2  U   -1765.24956009669  1.2E-05  3.2E-06  1.6E-04
etot    7  N  N  2  U   -1765.24956293125  2.8E-06  0.0E+00  0.0E+00
scf (DFT) done.
der1a (1-e 1st deriv.) done.
rwr (1st deriv. Q) done.
der1b (2-e 1st deriv.) done.
  Geometry optimization step   2
  Total energy:     -1765.30190633543 hartrees
  energy change:          -2.4671E-02 .  (  5.0000E-05 )
  gradient maximum:        1.6833E-02 .  (  4.5000E-04 )
  gradient rms:            3.0534E-03 .  (  3.0000E-04 )
  displacement maximum:    1.0722E-01 .  (  1.8000E-03 )
  displacement rms:        1.9969E-02 .  (  1.2000E-03 )
  
  predicted energy change: -5.8478E-03
  step size:     0.30020
  trust radius:  0.30000
---------------- geometry iteration   2 complete ----------------
geopt (optimize geometry) done.
onee (1-electron integrals) done.
probe (project orbitals) done.
grid (grid generation) done.
rwr (Q operators) done.
  
       i  u  d  i  g
       t  p  i  c  r                                 RMS    maximum
       e  d  i  u  i                       energy  density   DIIS  
       r  t  s  t  d       total energy    change  change    error 
  
etot    1  N  N  2  U   -1765.21114559734           4.4E-04  1.3E-02
etot    2  Y  Y  6  M   -1765.25468130713  4.4E-02  1.3E-04  1.1E-03
etot    3  N  Y  2  U   -1765.25196606835 -2.7E-03  9.6E-05  4.0E-03
etot    4  Y  Y  6  M   -1765.25493940252  3.0E-03  2.2E-05  1.1E-03
etot    5  N  Y  2  U   -1765.25505686738  1.2E-04  7.0E-06  3.4E-04
etot    6  N  Y  2  U   -1765.25507290016  1.6E-05  2.5E-06  1.1E-04
etot    7  N  N  2  U   -1765.25507367116  7.7E-07  0.0E+00  0.0E+00
scf (DFT) done.
der1a (1-e 1st deriv.) done.
rwr (1st deriv. Q) done.
der1b (2-e 1st deriv.) done.
  Geometry optimization step   3
  Total energy:     -1765.30755587380 hartrees
  energy change:          -5.6495E-03 .  (  5.0000E-05 )
  gradient maximum:        5.4391E-03 .  (  4.5000E-04 )
  gradient rms:            1.2009E-03 .  (  3.0000E-04 )
  displacement maximum:    1.5349E-01 .  (  1.8000E-03 )
  displacement rms:        1.9960E-02 .  (  1.2000E-03 )
  
  predicted energy change: -1.7018E-03
  step size:     0.30007
  trust radius:  0.30000
---------------- geometry iteration   3 complete ----------------
geopt (optimize geometry) done.
onee (1-electron integrals) done.
probe (project orbitals) done.
grid (grid generation) done.
rwr (Q operators) done.
  
       i  u  d  i  g
       t  p  i  c  r                                 RMS    maximum
       e  d  i  u  i                       energy  density   DIIS  
       r  t  s  t  d       total energy    change  change    error 
  
etot    1  N  N  2  U   -1765.21554882010           8.2E-04  1.6E-02
etot    2  Y  Y  6  M   -1765.25663933989  4.1E-02  7.5E-05  1.2E-03
etot    3  N  Y  2  U   -1765.25609108279 -5.5E-04  6.1E-05  1.6E-03
etot    4  Y  Y  6  M   -1765.25673192114  6.4E-04  2.1E-05  1.0E-03
etot    5  N  Y  2  U   -1765.25688906039  1.6E-04  6.0E-06  3.6E-04
etot    6  N  Y  2  U   -1765.25690150627  1.2E-05  2.1E-06  9.8E-05
etot    7  N  N  2  U   -1765.25690204845  5.4E-07  0.0E+00  0.0E+00
scf (DFT) done.
der1a (1-e 1st deriv.) done.
rwr (1st deriv. Q) done.
der1b (2-e 1st deriv.) done.
  Geometry optimization step   4
  Total energy:     -1765.30918231830 hartrees
  energy change:          -1.6264E-03 .  (  5.0000E-05 )
  gradient maximum:        5.1416E-03 .  (  4.5000E-04 )
  gradient rms:            7.6624E-04 .  (  3.0000E-04 )
  displacement maximum:    1.3347E-01 .  (  1.8000E-03 )
  displacement rms:        1.9976E-02 .  (  1.2000E-03 )
  
  predicted energy change: -1.0814E-03
  step size:     0.30031
  trust radius:  0.30000
---------------- geometry iteration   4 complete ----------------
geopt (optimize geometry) done.
onee (1-electron integrals) done.
probe (project orbitals) done.
grid (grid generation) done.
rwr (Q operators) done.
  
       i  u  d  i  g
       t  p  i  c  r                                 RMS    maximum
       e  d  i  u  i                       energy  density   DIIS  
       r  t  s  t  d       total energy    change  change    error 
  
etot    1  N  N  2  U   -1765.21345296699           4.5E-04  9.3E-03
etot    2  Y  Y  6  M   -1765.25757608953  4.4E-02  9.2E-05  8.7E-04
etot    3  N  Y  2  U   -1765.25649927972 -1.1E-03  7.5E-05  2.3E-03
etot    4  Y  Y  6  M   -1765.25756398551  1.1E-03  2.3E-05  1.1E-03
etot    5  N  Y  2  U   -1765.25771808978  1.5E-04  8.3E-06  4.9E-04
etot    6  N  Y  2  U   -1765.25773859514  2.1E-05  2.6E-06  8.4E-05
etot    7  N  N  2  U   -1765.25773953625  9.4E-07  0.0E+00  0.0E+00
scf (DFT) done.
der1a (1-e 1st deriv.) done.
rwr (1st deriv. Q) done.
der1b (2-e 1st deriv.) done.
  Geometry optimization step   5
  Total energy:     -1765.30973507121 hartrees
  energy change:          -5.5275E-04 .  (  5.0000E-05 )
  gradient maximum:        8.9729E-03 .  (  4.5000E-04 )
  gradient rms:            1.1608E-03 .  (  3.0000E-04 )
  displacement maximum:    1.3644E-01 .  (  1.8000E-03 )
  displacement rms:        1.9956E-02 .  (  1.2000E-03 )
  
  predicted energy change: -1.2705E-03
  step size:     0.30000
  trust radius:  0.30000
---------------- geometry iteration   5 complete ----------------
geopt (optimize geometry) done.
onee (1-electron integrals) done.
probe (project orbitals) done.
grid (grid generation) done.
rwr (Q operators) done.
  
       i  u  d  i  g
       t  p  i  c  r                                 RMS    maximum
       e  d  i  u  i                       energy  density   DIIS  
       r  t  s  t  d       total energy    change  change    error 
  
etot    1  N  N  2  U   -1765.20050140350           5.0E-04  1.0E-02
etot    2  Y  Y  6  M   -1765.25791579871  5.7E-02  1.0E-04  1.0E-03
etot    3  N  Y  2  U   -1765.25685950360 -1.1E-03  7.9E-05  2.1E-03
etot    4  Y  Y  6  M   -1765.25797287779  1.1E-03  2.3E-05  8.1E-04
etot    5  N  Y  2  U   -1765.25816794581  2.0E-04  7.3E-06  2.5E-04
etot    6  N  Y  2  U   -1765.25818347140  1.6E-05  2.8E-06  6.7E-05
etot    7  N  N  2  U   -1765.25818458936  1.1E-06  0.0E+00  0.0E+00
scf (DFT) done.
der1a (1-e 1st deriv.) done.
rwr (1st deriv. Q) done.
der1b (2-e 1st deriv.) done.
  Geometry optimization step   6
  Total energy:     -1765.31029937496 hartrees
  energy change:          -5.6430E-04 .  (  5.0000E-05 )
  gradient maximum:        8.4138E-03 .  (  4.5000E-04 )
  gradient rms:            1.5565E-03 .  (  3.0000E-04 )
  displacement maximum:    1.3577E-01 .  (  1.8000E-03 )
  displacement rms:        2.0015E-02 .  (  1.2000E-03 )
  
  predicted energy change: -1.2467E-03
  step size:     0.30089
  trust radius:  0.30000
---------------- geometry iteration   6 complete ----------------
geopt (optimize geometry) done.
onee (1-electron integrals) done.
probe (project orbitals) done.
grid (grid generation) done.
rwr (Q operators) done.
  
       i  u  d  i  g
       t  p  i  c  r                                 RMS    maximum
       e  d  i  u  i                       energy  density   DIIS  
       r  t  s  t  d       total energy    change  change    error 
  
etot    1  N  N  2  U   -1765.20068515930           5.0E-04  1.1E-02
etot    2  Y  Y  6  M   -1765.25976184805  5.9E-02  9.1E-05  9.6E-04
etot    3  N  Y  2  U   -1765.25880209273 -9.6E-04  6.9E-05  2.1E-03
etot    4  Y  Y  6  M   -1765.25976301319  9.6E-04  1.9E-05  7.2E-04
etot    5  N  Y  2  U   -1765.25991040467  1.5E-04  7.1E-06  1.8E-04
etot    6  N  Y  2  U   -1765.25992313902  1.3E-05  2.7E-06  6.2E-05
etot    7  N  N  2  U   -1765.25992409383  9.5E-07  0.0E+00  0.0E+00
scf (DFT) done.
der1a (1-e 1st deriv.) done.
rwr (1st deriv. Q) done.
der1b (2-e 1st deriv.) done.
  Geometry optimization step   7
  Total energy:     -1765.31166052565 hartrees
  energy change:          -1.3612E-03 .  (  5.0000E-05 )
  gradient maximum:        5.3506E-03 .  (  4.5000E-04 )
  gradient rms:            1.2268E-03 .  (  3.0000E-04 )
  displacement maximum:    1.2346E-01 .  (  1.8000E-03 )
  displacement rms:        1.9989E-02 .  (  1.2000E-03 )
  
  predicted energy change: -1.9972E-03
  step size:     0.30050
  trust radius:  0.30000
---------------- geometry iteration   7 complete ----------------
geopt (optimize geometry) done.
onee (1-electron integrals) done.
probe (project orbitals) done.
grid (grid generation) done.
rwr (Q operators) done.
  
       i  u  d  i  g
       t  p  i  c  r                                 RMS    maximum
       e  d  i  u  i                       energy  density   DIIS  
       r  t  s  t  d       total energy    change  change    error 
  
etot    1  N  N  2  U   -1765.19672176619           5.2E-04  1.2E-02
etot    2  Y  Y  6  M   -1765.26169104208  6.5E-02  9.7E-05  1.2E-03
etot    3  N  Y  2  U   -1765.26016526216 -1.5E-03  7.2E-05  3.5E-03
etot    4  Y  Y  6  M   -1765.26171958789  1.6E-03  1.9E-05  9.0E-04
etot    5  N  Y  2  U   -1765.26183999310  1.2E-04  7.5E-06  2.2E-04
etot    6  N  Y  2  U   -1765.26185226386  1.2E-05  2.8E-06  6.8E-05
etot    7  N  N  2  U   -1765.26185340098  1.1E-06  0.0E+00  0.0E+00
scf (DFT) done.
der1a (1-e 1st deriv.) done.
rwr (1st deriv. Q) done.
der1b (2-e 1st deriv.) done.
  Geometry optimization step   8
  Total energy:     -1765.31326497355 hartrees
  energy change:          -1.6044E-03 .  (  5.0000E-05 )
  gradient maximum:        1.6503E-02 .  (  4.5000E-04 )
  gradient rms:            1.8554E-03 .  (  3.0000E-04 )
  displacement maximum:    1.2144E-01 .  (  1.8000E-03 )
  displacement rms:        1.8467E-02 .  (  1.2000E-03 )
  
  predicted energy change: -1.7101E-03
  step size:     0.27762
  trust radius:  0.30000
---------------- geometry iteration   8 complete ----------------
geopt (optimize geometry) done.
onee (1-electron integrals) done.
probe (project orbitals) done.
grid (grid generation) done.
rwr (Q operators) done.
  
       i  u  d  i  g
       t  p  i  c  r                                 RMS    maximum
       e  d  i  u  i                       energy  density   DIIS  
       r  t  s  t  d       total energy    change  change    error 
  
etot    1  N  N  2  U   -1765.20398995024           4.9E-04  1.2E-02
etot    2  Y  Y  6  M   -1765.26312675005  5.9E-02  8.2E-05  1.1E-03
etot    3  N  Y  2  U   -1765.26235228317 -7.7E-04  6.3E-05  1.9E-03
etot    4  Y  Y  6  M   -1765.26310244884  7.5E-04  1.8E-05  9.4E-04
etot    5  N  Y  2  U   -1765.26324470143  1.4E-04  6.5E-06  2.1E-04
etot    6  N  Y  2  U   -1765.26325562402  1.1E-05  2.5E-06  5.8E-05
etot    7  N  N  2  U   -1765.26325641145  7.9E-07  0.0E+00  0.0E+00
scf (DFT) done.
der1a (1-e 1st deriv.) done.
rwr (1st deriv. Q) done.
der1b (2-e 1st deriv.) done.
  Geometry optimization step   9
  Total energy:     -1765.31449941902 hartrees
  energy change:          -1.2344E-03 .  (  5.0000E-05 )
  gradient maximum:        1.6962E-02 .  (  4.5000E-04 )
  gradient rms:            2.0309E-03 .  (  3.0000E-04 )
  displacement maximum:    1.0104E-01 .  (  1.8000E-03 )
  displacement rms:        1.9950E-02 .  (  1.2000E-03 )
  
  predicted energy change: -2.6532E-03
  step size:     0.29992
  trust radius:  0.30000
---------------- geometry iteration   9 complete ----------------
geopt (optimize geometry) done.
onee (1-electron integrals) done.
probe (project orbitals) done.
grid (grid generation) done.
rwr (Q operators) done.
  
       i  u  d  i  g
       t  p  i  c  r                                 RMS    maximum
       e  d  i  u  i                       energy  density   DIIS  
       r  t  s  t  d       total energy    change  change    error 
  
etot    1  N  N  2  U   -1765.19632064533           5.4E-04  9.2E-03
etot    2  Y  Y  6  M   -1765.26030980006  6.4E-02  1.3E-04  1.5E-03
etot    3  N  Y  2  U   -1765.25790301209 -2.4E-03  9.4E-05  2.8E-03
etot    4  Y  Y  6  M   -1765.26059382655  2.7E-03  2.2E-05  5.2E-04
etot    5  N  Y  2  U   -1765.26066550313  7.2E-05  9.1E-06  4.6E-04
etot    6  N  Y  2  U   -1765.26069101600  2.6E-05  3.3E-06  1.1E-04
etot    7  N  N  2  U   -1765.26069253427  1.5E-06  0.0E+00  0.0E+00
scf (DFT) done.
der1a (1-e 1st deriv.) done.
rwr (1st deriv. Q) done.
der1b (2-e 1st deriv.) done.
  Geometry optimization step  10
  Total energy:     -1765.31230975710 hartrees
  ** restarting optimization from step    9 **
  energy change:           2.1897E-03 .  (  5.0000E-05 )
  gradient maximum:        1.6962E-02 .  (  4.5000E-04 )
  gradient rms:            2.0309E-03 .  (  3.0000E-04 )
  displacement maximum:    1.5907E-01 .  (  1.8000E-03 )
  displacement rms:        1.9964E-02 .  (  1.2000E-03 )
  
  predicted energy change: -2.4181E-03
  step size:     0.30012
  trust radius:  0.30000
---------------- geometry iteration  10 complete ----------------
geopt (optimize geometry) done.
onee (1-electron integrals) done.
probe (project orbitals) done.
grid (grid generation) done.
rwr (Q operators) done.
  
       i  u  d  i  g
       t  p  i  c  r                                 RMS    maximum
       e  d  i  u  i                       energy  density   DIIS  
       r  t  s  t  d       total energy    change  change    error 
  
etot    1  N  N  2  U   -1765.22759655624           4.2E-04  6.0E-03
etot    2  Y  Y  6  M   -1765.26325749460  3.6E-02  1.8E-04  2.1E-03
etot    3  N  Y  2  U   -1765.25767760301 -5.6E-03  1.3E-04  5.7E-03
etot    4  N  Y  2  U   -1765.26436675001  6.7E-03  2.3E-05  6.9E-04
etot    5  N  Y  2  U   -1765.26445561527  8.9E-05  1.0E-05  2.9E-04
etot    6  N  Y  2  U   -1765.26448448792  2.9E-05  3.4E-06  9.4E-05
etot    7  N  N  2  U   -1765.26448664781  2.2E-06  0.0E+00  0.0E+00
scf (DFT) done.
der1a (1-e 1st deriv.) done.
rwr (1st deriv. Q) done.
der1b (2-e 1st deriv.) done.
  Geometry optimization step  11
  Total energy:     -1765.31616902039 hartrees
  energy change:          -1.6696E-03 .  (  5.0000E-05 )
  gradient maximum:        4.1894E-03 .  (  4.5000E-04 )
  gradient rms:            8.8108E-04 .  (  3.0000E-04 )
  displacement maximum:    1.8601E-01 .  (  1.8000E-03 )
  displacement rms:        1.9958E-02 .  (  1.2000E-03 )
  
  predicted energy change: -1.2762E-03
  step size:     0.30003
  trust radius:  0.30000
---------------- geometry iteration  11 complete ----------------
geopt (optimize geometry) done.
onee (1-electron integrals) done.
probe (project orbitals) done.
grid (grid generation) done.
rwr (Q operators) done.
  
       i  u  d  i  g
       t  p  i  c  r                                 RMS    maximum
       e  d  i  u  i                       energy  density   DIIS  
       r  t  s  t  d       total energy    change  change    error 
  
etot    1  N  N  2  U   -1765.19959074008           5.0E-04  1.2E-02
etot    2  Y  Y  6  M   -1765.26445528135  6.5E-02  1.2E-04  1.3E-03
etot    3  N  Y  2  U   -1765.26209429340 -2.4E-03  9.1E-05  3.9E-03
etot    4  Y  Y  6  M   -1765.26461512135  2.5E-03  1.9E-05  7.7E-04
etot    5  N  Y  2  U   -1765.26475904210  1.4E-04  6.7E-06  1.9E-04
etot    6  N  Y  2  U   -1765.26477177375  1.3E-05  3.0E-06  8.9E-05
etot    7  N  N  2  U   -1765.26477272302  9.5E-07  0.0E+00  0.0E+00
scf (DFT) done.
der1a (1-e 1st deriv.) done.
rwr (1st deriv. Q) done.
der1b (2-e 1st deriv.) done.
  Geometry optimization step  12
  Total energy:     -1765.31700956836 hartrees
  energy change:          -8.4055E-04 .  (  5.0000E-05 )
  gradient maximum:        4.0532E-03 .  (  4.5000E-04 )
  gradient rms:            8.4218E-04 .  (  3.0000E-04 )
  displacement maximum:    1.9087E-01 .  (  1.8000E-03 )
  displacement rms:        1.9965E-02 .  (  1.2000E-03 )
  
  predicted energy change: -1.7323E-03
  step size:     0.30014
  trust radius:  0.30000
---------------- geometry iteration  12 complete ----------------
geopt (optimize geometry) done.
onee (1-electron integrals) done.
probe (project orbitals) done.
grid (grid generation) done.
rwr (Q operators) done.
  
       i  u  d  i  g
       t  p  i  c  r                                 RMS    maximum
       e  d  i  u  i                       energy  density   DIIS  
       r  t  s  t  d       total energy    change  change    error 
  
etot    1  N  N  2  U   -1765.21419117305           4.4E-04  8.6E-03
etot    2  Y  Y  6  M   -1765.26455238351  5.0E-02  7.7E-05  8.3E-04
etot    3  N  Y  2  U   -1765.26386336805 -6.9E-04  5.8E-05  1.3E-03
etot    4  Y  Y  6  M   -1765.26451569557  6.5E-04  2.0E-05  6.5E-04
etot    5  N  Y  2  U   -1765.26461959135  1.0E-04  6.7E-06  3.5E-04
etot    6  N  Y  2  U   -1765.26463286704  1.3E-05  2.7E-06  1.1E-04
etot    7  N  N  2  U   -1765.26463402199  1.2E-06  0.0E+00  0.0E+00
scf (DFT) done.
der1a (1-e 1st deriv.) done.
rwr (1st deriv. Q) done.
der1b (2-e 1st deriv.) done.
  Geometry optimization step  13
  Total energy:     -1765.31780405912 hartrees
  energy change:          -7.9449E-04 .  (  5.0000E-05 )
  gradient maximum:        6.2675E-03 .  (  4.5000E-04 )
  gradient rms:            1.2092E-03 .  (  3.0000E-04 )
  displacement maximum:    1.9303E-01 .  (  1.8000E-03 )
  displacement rms:        1.8147E-02 .  (  1.2000E-03 )
  
  predicted energy change: -1.2117E-03
  step size:     0.27281
  trust radius:  0.30000
---------------- geometry iteration  13 complete ----------------
geopt (optimize geometry) done.
onee (1-electron integrals) done.
probe (project orbitals) done.
grid (grid generation) done.
rwr (Q operators) done.
  
       i  u  d  i  g
       t  p  i  c  r                                 RMS    maximum
       e  d  i  u  i                       energy  density   DIIS  
       r  t  s  t  d       total energy    change  change    error 
  
etot    1  N  N  2  U   -1765.19342779820           5.1E-04  1.2E-02
etot    2  Y  Y  6  M   -1765.26403503510  7.1E-02  1.1E-04  1.4E-03
etot    3  N  Y  2  U   -1765.26217319217 -1.9E-03  8.4E-05  3.7E-03
etot    4  Y  Y  6  M   -1765.26410562922  1.9E-03  2.1E-05  7.4E-04
etot    5  N  Y  2  U   -1765.26429336666  1.9E-04  6.7E-06  2.5E-04
etot    6  N  Y  2  U   -1765.26430574282  1.2E-05  2.9E-06  1.1E-04
etot    7  N  N  2  U   -1765.26430662232  8.8E-07  0.0E+00  0.0E+00
scf (DFT) done.
der1a (1-e 1st deriv.) done.
rwr (1st deriv. Q) done.
der1b (2-e 1st deriv.) done.
  Geometry optimization step  14
  Total energy:     -1765.31861900458 hartrees
  energy change:          -8.1495E-04 .  (  5.0000E-05 )
  gradient maximum:        7.3557E-03 .  (  4.5000E-04 )
  gradient rms:            1.1453E-03 .  (  3.0000E-04 )
  displacement maximum:    1.2339E-01 .  (  1.8000E-03 )
  displacement rms:        1.3188E-02 .  (  1.2000E-03 )
  
  predicted energy change: -1.5211E-03
  step size:     0.19825
  trust radius:  0.30000
---------------- geometry iteration  14 complete ----------------
geopt (optimize geometry) done.
onee (1-electron integrals) done.
probe (project orbitals) done.
grid (grid generation) done.
rwr (Q operators) done.
  
       i  u  d  i  g
       t  p  i  c  r                                 RMS    maximum
       e  d  i  u  i                       energy  density   DIIS  
       r  t  s  t  d       total energy    change  change    error 
  
etot    1  N  N  2  U   -1765.21375014608           4.3E-04  9.4E-03
etot    2  Y  Y  6  M   -1765.26400090555  5.0E-02  8.1E-05  7.0E-04
etot    3  N  Y  2  U   -1765.26335926895 -6.4E-04  6.1E-05  1.4E-03
etot    4  Y  Y  6  M   -1765.26410472513  7.5E-04  2.0E-05  6.3E-04
etot    5  N  Y  2  U   -1765.26422730332  1.2E-04  6.9E-06  3.3E-04
etot    6  N  Y  2  U   -1765.26423974483  1.2E-05  2.6E-06  9.8E-05
etot    7  N  N  2  U   -1765.26424103506  1.3E-06  0.0E+00  0.0E+00
scf (DFT) done.
der1a (1-e 1st deriv.) done.
rwr (1st deriv. Q) done.
der1b (2-e 1st deriv.) done.
  Geometry optimization step  15
  Total energy:     -1765.31930285269 hartrees
  energy change:          -6.8385E-04 .  (  5.0000E-05 )
  gradient maximum:        1.0733E-02 .  (  4.5000E-04 )
  gradient rms:            1.7498E-03 .  (  3.0000E-04 )
  displacement maximum:    8.0677E-02 .  (  1.8000E-03 )
  displacement rms:        1.3064E-02 .  (  1.2000E-03 )
  
  predicted energy change: -7.3098E-04
  step size:     0.19639
  trust radius:  0.30000
---------------- geometry iteration  15 complete ----------------
geopt (optimize geometry) done.
onee (1-electron integrals) done.
probe (project orbitals) done.
grid (grid generation) done.
rwr (Q operators) done.
  
       i  u  d  i  g
       t  p  i  c  r                                 RMS    maximum
       e  d  i  u  i                       energy  density   DIIS  
       r  t  s  t  d       total energy    change  change    error 
  
etot    1  N  N  2  U   -1765.25091855682           2.5E-04  7.8E-03
etot    2  Y  Y  6  M   -1765.26548569180  1.5E-02  5.7E-05  7.5E-04
etot    3  N  Y  2  U   -1765.26510442923 -3.8E-04  4.4E-05  1.5E-03
etot    4  N  Y  2  U   -1765.26556490212  4.6E-04  9.8E-06  2.9E-04
etot    5  N  Y  2  U   -1765.26558521957  2.0E-05  3.7E-06  1.1E-04
etot    6  N  N  2  U   -1765.26558968416  4.5E-06  0.0E+00  0.0E+00
scf (DFT) done.
der1a (1-e 1st deriv.) done.
rwr (1st deriv. Q) done.
der1b (2-e 1st deriv.) done.
  Geometry optimization step  16
  Total energy:     -1765.32012553885 hartrees
  energy change:          -8.2269E-04 .  (  5.0000E-05 )
  gradient maximum:        7.9699E-03 .  (  4.5000E-04 )
  gradient rms:            1.2736E-03 .  (  3.0000E-04 )
  displacement maximum:    1.7511E-01 .  (  1.8000E-03 )
  displacement rms:        1.9965E-02 .  (  1.2000E-03 )
  
  predicted energy change: -1.5459E-03
  step size:     0.30013
  trust radius:  0.30000
---------------- geometry iteration  16 complete ----------------
geopt (optimize geometry) done.
onee (1-electron integrals) done.
probe (project orbitals) done.
grid (grid generation) done.
rwr (Q operators) done.
  
       i  u  d  i  g
       t  p  i  c  r                                 RMS    maximum
       e  d  i  u  i                       energy  density   DIIS  
       r  t  s  t  d       total energy    change  change    error 
  
etot    1  N  N  2  U   -1765.21463115300           4.4E-04  1.1E-02
etot    2  Y  Y  6  M   -1765.26360374249  4.9E-02  1.0E-04  7.8E-04
etot    3  N  Y  2  U   -1765.26217179696 -1.4E-03  7.4E-05  2.1E-03
etot    4  Y  Y  6  M   -1765.26371619112  1.5E-03  1.8E-05  6.5E-04
etot    5  N  Y  2  U   -1765.26379421310  7.8E-05  6.7E-06  4.0E-04
etot    6  N  Y  2  U   -1765.26380735984  1.3E-05  2.7E-06  1.1E-04
etot    7  N  N  2  U   -1765.26380866025  1.3E-06  0.0E+00  0.0E+00
scf (DFT) done.
der1a (1-e 1st deriv.) done.
rwr (1st deriv. Q) done.
der1b (2-e 1st deriv.) done.
  Geometry optimization step  17
  Total energy:     -1765.32016357946 hartrees
  energy change:          -3.8041E-05 *  (  5.0000E-05 )
  gradient maximum:        1.2135E-02 .  (  4.5000E-04 )
  gradient rms:            1.9337E-03 .  (  3.0000E-04 )
  displacement maximum:    8.9384E-02 .  (  1.8000E-03 )
  displacement rms:        1.5890E-02 .  (  1.2000E-03 )
  
  predicted energy change: -1.1517E-03
  step size:     0.23888
  trust radius:  0.30000
---------------- geometry iteration  17 complete ----------------
geopt (optimize geometry) done.
onee (1-electron integrals) done.
probe (project orbitals) done.
grid (grid generation) done.
rwr (Q operators) done.
  
       i  u  d  i  g
       t  p  i  c  r                                 RMS    maximum
       e  d  i  u  i                       energy  density   DIIS  
       r  t  s  t  d       total energy    change  change    error 
  
etot    1  N  N  2  U   -1765.24231831144           3.2E-04  1.1E-02
etot    2  Y  Y  6  M   -1765.26526997223  2.3E-02  1.1E-04  1.3E-03
etot    3  N  Y  2  U   -1765.26374368452 -1.5E-03  8.3E-05  3.3E-03
etot    4  Y  Y  6  M   -1765.26562858612  1.9E-03  1.2E-05  2.7E-04
etot    5  N  Y  2  U   -1765.26562234681 -6.2E-06  5.5E-06  1.8E-04
etot    6  N  Y  2  U   -1765.26563424418  1.2E-05  1.8E-06  2.8E-05
etot    7  N  N  2  U   -1765.26563451971  2.8E-07  0.0E+00  0.0E+00
scf (DFT) done.
der1a (1-e 1st deriv.) done.
rwr (1st deriv. Q) done.
der1b (2-e 1st deriv.) done.
  Geometry optimization step  18
  Total energy:     -1765.32059171619 hartrees
  energy change:          -4.2814E-04 .  (  5.0000E-05 )
  gradient maximum:        1.0933E-02 .  (  4.5000E-04 )
  gradient rms:            1.8879E-03 .  (  3.0000E-04 )
  displacement maximum:    1.0614E-01 .  (  1.8000E-03 )
  displacement rms:        1.9961E-02 .  (  1.2000E-03 )
  
  predicted energy change: -1.8036E-03
  step size:     0.30009
  trust radius:  0.30000
---------------- geometry iteration  18 complete ----------------
geopt (optimize geometry) done.
onee (1-electron integrals) done.
probe (project orbitals) done.
grid (grid generation) done.
rwr (Q operators) done.
  
       i  u  d  i  g
       t  p  i  c  r                                 RMS    maximum
       e  d  i  u  i                       energy  density   DIIS  
       r  t  s  t  d       total energy    change  change    error 
  
etot    1  N  N  2  U   -1765.21976176099           4.4E-04  8.8E-03
etot    2  Y  Y  6  M   -1765.26325882379  4.3E-02  1.1E-04  1.0E-03
etot    3  N  Y  2  U   -1765.26153296214 -1.7E-03  8.3E-05  2.4E-03
etot    4  Y  Y  6  M   -1765.26354420004  2.0E-03  1.7E-05  6.0E-04
etot    5  N  Y  2  U   -1765.26360981118  6.6E-05  6.5E-06  2.1E-04
etot    6  N  Y  2  U   -1765.26362039738  1.1E-05  2.7E-06  8.6E-05
etot    7  N  N  2  U   -1765.26362149258  1.1E-06  0.0E+00  0.0E+00
scf (DFT) done.
der1a (1-e 1st deriv.) done.
rwr (1st deriv. Q) done.
der1b (2-e 1st deriv.) done.
  Geometry optimization step  19
  Total energy:     -1765.31865755609 hartrees
  ** restarting optimization from step   18 **
  energy change:           1.9342E-03 .  (  5.0000E-05 )
  gradient maximum:        1.0933E-02 .  (  4.5000E-04 )
  gradient rms:            1.8879E-03 .  (  3.0000E-04 )
  displacement maximum:    5.2555E-02 .  (  1.8000E-03 )
  displacement rms:        1.1046E-02 .  (  1.2000E-03 )
  
  predicted energy change: -8.1097E-04
  step size:     0.16606
  trust radius:  0.30000
---------------- geometry iteration  19 complete ----------------
geopt (optimize geometry) done.
onee (1-electron integrals) done.
probe (project orbitals) done.
grid (grid generation) done.
rwr (Q operators) done.
  
       i  u  d  i  g
       t  p  i  c  r                                 RMS    maximum
       e  d  i  u  i                       energy  density   DIIS  
       r  t  s  t  d       total energy    change  change    error 
  
etot    1  N  N  2  U   -1765.22698869256           4.1E-04  1.3E-02
etot    2  Y  Y  6  M   -1765.26546118899  3.8E-02  7.4E-05  1.2E-03
etot    3  N  Y  2  U   -1765.26470006441 -7.6E-04  5.8E-05  1.7E-03
etot    4  Y  Y  6  M   -1765.26544512762  7.5E-04  1.7E-05  6.6E-04
etot    5  N  Y  2  U   -1765.26555251953  1.1E-04  4.8E-06  1.2E-04
etot    6  N  N  2  U   -1765.26555754363  5.0E-06  0.0E+00  0.0E+00
scf (DFT) done.
der1a (1-e 1st deriv.) done.
rwr (1st deriv. Q) done.
der1b (2-e 1st deriv.) done.
  Geometry optimization step  20
  Total energy:     -1765.32131160173 hartrees
  energy change:          -7.1989E-04 .  (  5.0000E-05 )
  gradient maximum:        6.5018E-03 .  (  4.5000E-04 )
  gradient rms:            9.0291E-04 .  (  3.0000E-04 )
  displacement maximum:    1.2571E-01 .  (  1.8000E-03 )
  displacement rms:        1.9856E-02 .  (  1.2000E-03 )
  
  predicted energy change: -5.4104E-04
  step size:     0.29849
  trust radius:  0.30000
---------------- geometry iteration  20 complete ----------------
geopt (optimize geometry) done.
onee (1-electron integrals) done.
probe (project orbitals) done.
grid (grid generation) done.
rwr (Q operators) done.
  
       i  u  d  i  g
       t  p  i  c  r                                 RMS    maximum
       e  d  i  u  i                       energy  density   DIIS  
       r  t  s  t  d       total energy    change  change    error 
  
etot    1  N  N  2  U   -1765.21808362432           4.6E-04  1.4E-02
etot    2  Y  Y  6  M   -1765.26474247389  4.7E-02  7.7E-05  1.3E-03
etot    3  N  Y  2  U   -1765.26388135453 -8.6E-04  5.8E-05  2.4E-03
etot    4  Y  Y  6  M   -1765.26476199874  8.8E-04  1.6E-05  1.0E-03
etot    5  N  Y  2  U   -1765.26486144927  9.9E-05  5.3E-06  2.8E-04
etot    6  N  Y  2  U   -1765.26487073305  9.3E-06  2.4E-06  5.9E-05
etot    7  N  N  2  U   -1765.26487122665  4.9E-07  0.0E+00  0.0E+00
scf (DFT) done.
der1a (1-e 1st deriv.) done.
rwr (1st deriv. Q) done.
der1b (2-e 1st deriv.) done.
  Geometry optimization step  21
  Total energy:     -1765.32112661789 hartrees
  ** restarting optimization from step   20 **
  energy change:           1.8498E-04 .  (  5.0000E-05 )
  gradient maximum:        6.5018E-03 .  (  4.5000E-04 )
  gradient rms:            9.0291E-04 .  (  3.0000E-04 )
  displacement maximum:    5.6918E-02 .  (  1.8000E-03 )
  displacement rms:        9.9789E-03 .  (  1.2000E-03 )
  
  predicted energy change: -3.8546E-04
  step size:     0.15002
  trust radius:  0.15000
---------------- geometry iteration  21 complete ----------------
geopt (optimize geometry) done.
onee (1-electron integrals) done.
probe (project orbitals) done.
grid (grid generation) done.
rwr (Q operators) done.
  
       i  u  d  i  g
       t  p  i  c  r                                 RMS    maximum
       e  d  i  u  i                       energy  density   DIIS  
       r  t  s  t  d       total energy    change  change    error 
  
etot    1  N  N  2  U   -1765.24766168138           2.9E-04  9.6E-03
etot    2  Y  Y  6  M   -1765.26553984024  1.8E-02  6.5E-05  8.2E-04
etot    3  N  Y  2  U   -1765.26491066597 -6.3E-04  5.0E-05  1.2E-03
etot    4  N  Y  2  U   -1765.26560154679  6.9E-04  1.2E-05  2.6E-04
etot    5  N  Y  2  U   -1765.26562920325  2.8E-05  4.2E-06  1.1E-04
etot    6  N  N  2  U   -1765.26563518068  6.0E-06  0.0E+00  0.0E+00
scf (DFT) done.
der1a (1-e 1st deriv.) done.
rwr (1st deriv. Q) done.
der1b (2-e 1st deriv.) done.
  Geometry optimization step  22
  Total energy:     -1765.32165792726 hartrees
  energy change:          -3.4633E-04 .  (  5.0000E-05 )
  gradient maximum:        4.8240E-03 .  (  4.5000E-04 )
  gradient rms:            9.3139E-04 .  (  3.0000E-04 )
  displacement maximum:    9.3680E-02 .  (  1.8000E-03 )
  displacement rms:        1.4111E-02 .  (  1.2000E-03 )
  
  predicted energy change: -5.4017E-04
  step size:     0.21214
  trust radius:  0.21213
---------------- geometry iteration  22 complete ----------------
geopt (optimize geometry) done.
onee (1-electron integrals) done.
probe (project orbitals) done.
grid (grid generation) done.
rwr (Q operators) done.
  
       i  u  d  i  g
       t  p  i  c  r                                 RMS    maximum
       e  d  i  u  i                       energy  density   DIIS  
       r  t  s  t  d       total energy    change  change    error 
  
etot    1  N  N  2  U   -1765.23509714510           3.4E-04  9.0E-03
etot    2  Y  Y  6  M   -1765.26352395595  2.8E-02  6.2E-05  8.5E-04
etot    3  N  Y  2  U   -1765.26308973655 -4.3E-04  4.7E-05  1.5E-03
etot    4  N  Y  2  U   -1765.26361854358  5.3E-04  1.2E-05  5.4E-04
etot    5  N  Y  2  U   -1765.26365623742  3.8E-05  3.8E-06  1.5E-04
etot    6  N  N  2  U   -1765.26366030713  4.1E-06  0.0E+00  0.0E+00
scf (DFT) done.
der1a (1-e 1st deriv.) done.
rwr (1st deriv. Q) done.
der1b (2-e 1st deriv.) done.
  Geometry optimization step  23
  Total energy:     -1765.32072136201 hartrees
  ** restarting optimization from step   22 **
  energy change:           9.3657E-04 .  (  5.0000E-05 )
  gradient maximum:        4.8240E-03 .  (  4.5000E-04 )
  gradient rms:            9.3139E-04 .  (  3.0000E-04 )
  displacement maximum:    3.6236E-02 .  (  1.8000E-03 )
  displacement rms:        7.0726E-03 .  (  1.2000E-03 )
  
  predicted energy change: -2.8356E-04
  step size:     0.10633
  trust radius:  0.10607
---------------- geometry iteration  23 complete ----------------
geopt (optimize geometry) done.
onee (1-electron integrals) done.
probe (project orbitals) done.
grid (grid generation) done.
rwr (Q operators) done.
  
       i  u  d  i  g
       t  p  i  c  r                                 RMS    maximum
       e  d  i  u  i                       energy  density   DIIS  
       r  t  s  t  d       total energy    change  change    error 
  
etot    1  N  N  2  U   -1765.24827673779           2.6E-04  7.5E-03
etot    2  Y  Y  6  M   -1765.26561921157  1.7E-02  4.9E-05  7.1E-04
etot    3  N  Y  2  U   -1765.26520537570 -4.1E-04  3.7E-05  1.2E-03
etot    4  N  Y  2  U   -1765.26558489200  3.8E-04  8.9E-06  3.1E-04
etot    5  N  Y  2  U   -1765.26560895946  2.4E-05  2.8E-06  5.3E-05
etot    6  N  N  2  U   -1765.26561077394  1.8E-06  0.0E+00  0.0E+00
scf (DFT) done.
der1a (1-e 1st deriv.) done.
rwr (1st deriv. Q) done.
der1b (2-e 1st deriv.) done.
  Geometry optimization step  24
  Total energy:     -1765.32188384434 hartrees
  energy change:          -2.2592E-04 .  (  5.0000E-05 )
  gradient maximum:        3.1936E-03 .  (  4.5000E-04 )
  gradient rms:            4.8428E-04 .  (  3.0000E-04 )
  displacement maximum:    4.2067E-02 .  (  1.8000E-03 )
  displacement rms:        7.4080E-03 .  (  1.2000E-03 )
  
  predicted energy change: -1.1324E-04
  step size:     0.11137
  trust radius:  0.15000
---------------- geometry iteration  24 complete ----------------
geopt (optimize geometry) done.
onee (1-electron integrals) done.
probe (project orbitals) done.
grid (grid generation) done.
rwr (Q operators) done.
  
       i  u  d  i  g
       t  p  i  c  r                                 RMS    maximum
       e  d  i  u  i                       energy  density   DIIS  
       r  t  s  t  d       total energy    change  change    error 
  
etot    1  N  N  2  U   -1765.26029165786           1.5E-04  4.2E-03
etot    2  Y  Y  6  M   -1765.26547244246  5.2E-03  5.5E-05  4.3E-04
etot    3  N  Y  2  U   -1765.26501380475 -4.6E-04  3.9E-05  1.2E-03
etot    4  N  Y  2  U   -1765.26551209960  5.0E-04  6.5E-06  1.5E-04
etot    5  N  Y  2  U   -1765.26551858536  6.5E-06  2.8E-06  9.4E-05
etot    6  N  N  2  U   -1765.26552140255  2.8E-06  0.0E+00  0.0E+00
scf (DFT) done.
der1a (1-e 1st deriv.) done.
rwr (1st deriv. Q) done.
der1b (2-e 1st deriv.) done.
  Geometry optimization step  25
  Total energy:     -1765.32212397782 hartrees
  energy change:          -2.4013E-04 .  (  5.0000E-05 )
  gradient maximum:        2.0640E-03 .  (  4.5000E-04 )
  gradient rms:            3.4394E-04 .  (  3.0000E-04 )
  displacement maximum:    6.0492E-02 .  (  1.8000E-03 )
  displacement rms:        1.0012E-02 .  (  1.2000E-03 )
  
  predicted energy change: -1.0439E-04
  step size:     0.15051
  trust radius:  0.15000
---------------- geometry iteration  25 complete ----------------
geopt (optimize geometry) done.
onee (1-electron integrals) done.
probe (project orbitals) done.
grid (grid generation) done.
rwr (Q operators) done.
  
       i  u  d  i  g
       t  p  i  c  r                                 RMS    maximum
       e  d  i  u  i                       energy  density   DIIS  
       r  t  s  t  d       total energy    change  change    error 
  
etot    1  N  N  2  U   -1765.25272201005           2.2E-04  6.0E-03
etot    2  Y  Y  6  M   -1765.26492855945  1.2E-02  4.4E-05  5.9E-04
etot    3  N  Y  2  U   -1765.26470069548 -2.3E-04  3.4E-05  1.2E-03
etot    4  N  Y  2  U   -1765.26497680124  2.8E-04  7.4E-06  2.4E-04
etot    5  N  Y  2  U   -1765.26498947914  1.3E-05  2.7E-06  8.0E-05
etot    6  N  N  2  U   -1765.26499184233  2.4E-06  0.0E+00  0.0E+00
scf (DFT) done.
der1a (1-e 1st deriv.) done.
rwr (1st deriv. Q) done.
der1b (2-e 1st deriv.) done.
  Geometry optimization step  26
  Total energy:     -1765.32216216620 hartrees
  energy change:          -3.8188E-05 *  (  5.0000E-05 )
  gradient maximum:        2.4768E-03 .  (  4.5000E-04 )
  gradient rms:            4.4385E-04 .  (  3.0000E-04 )
  displacement maximum:    2.6901E-02 .  (  1.8000E-03 )
  displacement rms:        5.0103E-03 .  (  1.2000E-03 )
  
  predicted energy change: -1.0395E-04
  step size:     0.07532
  trust radius:  0.07500
---------------- geometry iteration  26 complete ----------------
geopt (optimize geometry) done.
onee (1-electron integrals) done.
probe (project orbitals) done.
grid (grid generation) done.
rwr (Q operators) done.
  
       i  u  d  i  g
       t  p  i  c  r                                 RMS    maximum
       e  d  i  u  i                       energy  density   DIIS  
       r  t  s  t  d       total energy    change  change    error 
  
etot    1  N  N  2  U   -1765.26095350589           1.2E-04  3.4E-03
etot    2  Y  Y  6  M   -1765.26494055973  4.0E-03  1.7E-05  2.2E-04
etot    3  N  Y  2  U   -1765.26491317962 -2.7E-05  1.3E-05  4.8E-04
etot    4  N  Y  2  U   -1765.26495689875  4.4E-05  3.6E-06  2.0E-04
etot    5  N  N  2  U   -1765.26496101079  4.1E-06  0.0E+00  0.0E+00
scf (DFT) done.
der1a (1-e 1st deriv.) done.
rwr (1st deriv. Q) done.
der1b (2-e 1st deriv.) done.
  Geometry optimization step  27
  Total energy:     -1765.32229672000 hartrees
  energy change:          -1.3455E-04 .  (  5.0000E-05 )
  gradient maximum:        1.1333E-03 .  (  4.5000E-04 )
  gradient rms:            2.0225E-04 *  (  3.0000E-04 )
  displacement maximum:    1.6541E-02 .  (  1.8000E-03 )
  displacement rms:        2.5082E-03 .  (  1.2000E-03 )
  
  predicted energy change: -3.8807E-05
  step size:     0.03771
  trust radius:  0.03750
---------------- geometry iteration  27 complete ----------------
geopt (optimize geometry) done.
onee (1-electron integrals) done.
probe (project orbitals) done.
grid (grid generation) done.
rwr (Q operators) done.
  
       i  u  d  i  g
       t  p  i  c  r                                 RMS    maximum
       e  d  i  u  i                       energy  density   DIIS  
       r  t  s  t  d       total energy    change  change    error 
  
etot    1  N  N  2  U   -1765.26393940085           5.8E-05  1.9E-03
etot    2  Y  Y  6  M   -1765.26483627121  9.0E-04  1.5E-05  3.2E-04
etot    3  N  Y  2  U   -1765.26477676452 -6.0E-05  1.2E-05  9.8E-04
etot    4  N  Y  2  U   -1765.26483485100  5.8E-05  2.5E-06  8.0E-05
etot    5  N  N  2  U   -1765.26483558119  7.3E-07  0.0E+00  0.0E+00
scf (DFT) done.
der1a (1-e 1st deriv.) done.
rwr (1st deriv. Q) done.
der1b (2-e 1st deriv.) done.
  Geometry optimization step  28
  Total energy:     -1765.32229852733 hartrees
  energy change:          -1.8073E-06 #  (  5.0000E-05 )
  gradient maximum:        8.3543E-04 .  (  4.5000E-04 )
  gradient rms:            1.3763E-04 *  (  3.0000E-04 )
  displacement maximum:    2.3736E-02 .  (  1.8000E-03 )
  displacement rms:        3.5548E-03 .  (  1.2000E-03 )
  
  predicted energy change: -5.5795E-05
  step size:     0.05344
  trust radius:  0.05303
---------------- geometry iteration  28 complete ----------------
geopt (optimize geometry) done.
onee (1-electron integrals) done.
probe (project orbitals) done.
grid (grid generation) done.
rwr (Q operators) done.
  
       i  u  d  i  g
       t  p  i  c  r                                 RMS    maximum
       e  d  i  u  i                       energy  density   DIIS  
       r  t  s  t  d       total energy    change  change    error 
  
etot    1  N  N  2  U   -1765.26293674259           8.2E-05  2.5E-03
etot    2  Y  Y  6  M   -1765.26476407341  1.8E-03  1.6E-05  1.6E-04
etot    3  N  Y  2  U   -1765.26473850854 -2.6E-05  1.3E-05  4.8E-04
etot    4  N  Y  2  U   -1765.26477494298  3.6E-05  3.5E-06  1.6E-04
etot    5  N  N  2  U   -1765.26477788137  2.9E-06  0.0E+00  0.0E+00
scf (DFT) done.
der1a (1-e 1st deriv.) done.
rwr (1st deriv. Q) done.
der1b (2-e 1st deriv.) done.
  Geometry optimization step  29
  Total energy:     -1765.32241436556 hartrees
  energy change:          -1.1584E-04 .  (  5.0000E-05 )
  gradient maximum:        7.8266E-04 .  (  4.5000E-04 )
  gradient rms:            1.3902E-04 *  (  3.0000E-04 )
  displacement maximum:    2.9923E-02 .  (  1.8000E-03 )
  displacement rms:        4.9930E-03 .  (  1.2000E-03 )
  
  predicted energy change: -5.4480E-05
  step size:     0.07506
  trust radius:  0.07500
---------------- geometry iteration  29 complete ----------------
geopt (optimize geometry) done.
onee (1-electron integrals) done.
probe (project orbitals) done.
grid (grid generation) done.
rwr (Q operators) done.
  
       i  u  d  i  g
       t  p  i  c  r                                 RMS    maximum
       e  d  i  u  i                       energy  density   DIIS  
       r  t  s  t  d       total energy    change  change    error 
  
etot    1  N  N  2  U   -1765.26186462287           1.0E-04  3.1E-03
etot    2  Y  Y  6  M   -1765.26475650572  2.9E-03  2.3E-05  2.0E-04
etot    3  N  Y  2  U   -1765.26467503523 -8.1E-05  1.8E-05  4.9E-04
etot    4  N  Y  2  U   -1765.26476104576  8.6E-05  3.6E-06  9.2E-05
etot    5  N  N  2  U   -1765.26476353914  2.5E-06  0.0E+00  0.0E+00
scf (DFT) done.
der1a (1-e 1st deriv.) done.
rwr (1st deriv. Q) done.
der1b (2-e 1st deriv.) done.
  Geometry optimization step  30
  Total energy:     -1765.32250997644 hartrees
  energy change:          -9.5611E-05 .  (  5.0000E-05 )
  gradient maximum:        1.6877E-03 .  (  4.5000E-04 )
  gradient rms:            3.0066E-04 .  (  3.0000E-04 )
  displacement maximum:    1.3190E-02 .  (  1.8000E-03 )
  displacement rms:        2.4974E-03 .  (  1.2000E-03 )
  
  predicted energy change: -3.5358E-05
  step size:     0.03754
  trust radius:  0.03750
---------------- geometry iteration  30 complete ----------------
geopt (optimize geometry) done.
onee (1-electron integrals) done.
probe (project orbitals) done.
grid (grid generation) done.
rwr (Q operators) done.
  
       i  u  d  i  g
       t  p  i  c  r                                 RMS    maximum
       e  d  i  u  i                       energy  density   DIIS  
       r  t  s  t  d       total energy    change  change    error 
  
etot    1  N  N  2  U   -1765.26429069348           5.0E-05  1.1E-03
etot    2  N  Y  2  U   -1765.26485252401  5.6E-04  1.8E-05  1.7E-04
etot    3  N  Y  2  U   -1765.26479111854 -6.1E-05  1.4E-05  5.3E-04
etot    4  N  Y  2  U   -1765.26486103472  7.0E-05  1.8E-06  5.6E-05
etot    5  N  N  2  U   -1765.26486155782  5.2E-07  0.0E+00  0.0E+00
scf (DFT) done.
der1a (1-e 1st deriv.) done.
rwr (1st deriv. Q) done.
der1b (2-e 1st deriv.) done.
  Geometry optimization step  31
  Total energy:     -1765.32254223327 hartrees
  energy change:          -3.2257E-05 *  (  5.0000E-05 )
  gradient maximum:        1.3575E-03 .  (  4.5000E-04 )
  gradient rms:            2.0366E-04 *  (  3.0000E-04 )
  displacement maximum:    2.3759E-02 .  (  1.8000E-03 )
  displacement rms:        3.5424E-03 .  (  1.2000E-03 )
  
  predicted energy change: -2.9573E-05
  step size:     0.05325
  trust radius:  0.05303
---------------- geometry iteration  31 complete ----------------
geopt (optimize geometry) done.
onee (1-electron integrals) done.
probe (project orbitals) done.
grid (grid generation) done.
rwr (Q operators) done.
  
       i  u  d  i  g
       t  p  i  c  r                                 RMS    maximum
       e  d  i  u  i                       energy  density   DIIS  
       r  t  s  t  d       total energy    change  change    error 
  
etot    1  N  N  2  U   -1765.26300656493           8.0E-05  3.0E-03
etot    2  Y  Y  6  M   -1765.26449573112  1.5E-03  1.6E-05  2.5E-04
etot    3  N  Y  2  U   -1765.26444859031 -4.7E-05  1.2E-05  5.1E-04
etot    4  N  Y  2  U   -1765.26448986637  4.1E-05  2.7E-06  1.1E-04
etot    5  N  N  2  U   -1765.26449188608  2.0E-06  0.0E+00  0.0E+00
scf (DFT) done.
der1a (1-e 1st deriv.) done.
rwr (1st deriv. Q) done.
der1b (2-e 1st deriv.) done.
  Geometry optimization step  32
  Total energy:     -1765.32245814197 hartrees
  energy change:           8.4091E-05 .  (  5.0000E-05 )
  gradient maximum:        2.6469E-03 .  (  4.5000E-04 )
  gradient rms:            3.3412E-04 .  (  3.0000E-04 )
  displacement maximum:    1.0178E-02 .  (  1.8000E-03 )
  displacement rms:        1.7880E-03 .  (  1.2000E-03 )
  
  predicted energy change: -2.0694E-05
  step size:     0.02688
  trust radius:  0.02652
---------------- geometry iteration  32 complete ----------------
geopt (optimize geometry) done.
onee (1-electron integrals) done.
probe (project orbitals) done.
grid (grid generation) done.
rwr (Q operators) done.
  
       i  u  d  i  g
       t  p  i  c  r                                 RMS    maximum
       e  d  i  u  i                       energy  density   DIIS  
       r  t  s  t  d       total energy    change  change    error 
  
etot    1  N  N  2  U   -1765.26439854799           4.2E-05  9.6E-04
etot    2  N  Y  2  U   -1765.26473299360  3.3E-04  1.3E-05  2.0E-04
etot    3  N  Y  2  U   -1765.26470078062 -3.2E-05  9.9E-06  6.0E-04
etot    4  N  Y  2  U   -1765.26473792937  3.7E-05  1.6E-06  7.2E-05
etot    5  N  N  2  U   -1765.26473845710  5.3E-07  0.0E+00  0.0E+00
scf (DFT) done.
der1a (1-e 1st deriv.) done.
rwr (1st deriv. Q) done.
der1b (2-e 1st deriv.) done.
  Geometry optimization step  33
  Total energy:     -1765.32254909403 hartrees
  energy change:          -9.0952E-05 .  (  5.0000E-05 )
  gradient maximum:        5.3374E-04 .  (  4.5000E-04 )
  gradient rms:            1.1875E-04 *  (  3.0000E-04 )
  displacement maximum:    1.4988E-02 .  (  1.8000E-03 )
  displacement rms:        2.5483E-03 .  (  1.2000E-03 )
  
  predicted energy change: -1.5361E-05
  step size:     0.03831
  trust radius:  0.03750
---------------- geometry iteration  33 complete ----------------
geopt (optimize geometry) done.
onee (1-electron integrals) done.
probe (project orbitals) done.
grid (grid generation) done.
rwr (Q operators) done.
  
       i  u  d  i  g
       t  p  i  c  r                                 RMS    maximum
       e  d  i  u  i                       energy  density   DIIS  
       r  t  s  t  d       total energy    change  change    error 
  
etot    1  N  N  2  U   -1765.26416946863           5.5E-05  1.6E-03
etot    2  Y  Y  6  M   -1765.26480042794  6.3E-04  1.6E-05  1.5E-04
etot    3  N  Y  2  U   -1765.26476637718 -3.4E-05  1.2E-05  4.5E-04
etot    4  N  Y  2  U   -1765.26481255155  4.6E-05  2.0E-06  7.1E-05
etot    5  N  N  2  U   -1765.26481338060  8.3E-07  0.0E+00  0.0E+00
scf (DFT) done.
der1a (1-e 1st deriv.) done.
rwr (1st deriv. Q) done.
der1b (2-e 1st deriv.) done.
  Geometry optimization step  34
  Total energy:     -1765.32258922065 hartrees
  energy change:          -4.0127E-05 *  (  5.0000E-05 )
  gradient maximum:        6.9240E-04 .  (  4.5000E-04 )
  gradient rms:            1.2663E-04 *  (  3.0000E-04 )
  displacement maximum:    2.5154E-02 .  (  1.8000E-03 )
  displacement rms:        3.5913E-03 .  (  1.2000E-03 )
  
  predicted energy change: -2.0504E-05
  step size:     0.05399
  trust radius:  0.05303
---------------- geometry iteration  34 complete ----------------
geopt (optimize geometry) done.
onee (1-electron integrals) done.
probe (project orbitals) done.
grid (grid generation) done.
rwr (Q operators) done.
  
       i  u  d  i  g
       t  p  i  c  r                                 RMS    maximum
       e  d  i  u  i                       energy  density   DIIS  
       r  t  s  t  d       total energy    change  change    error 
  
etot    1  N  N  2  U   -1765.26302809966           8.7E-05  2.2E-03
etot    2  Y  Y  6  M   -1765.26484801934  1.8E-03  1.9E-05  2.4E-04
etot    3  N  Y  2  U   -1765.26479703207 -5.1E-05  1.4E-05  7.5E-04
etot    4  N  Y  2  U   -1765.26486063443  6.4E-05  3.1E-06  1.6E-04
etot    5  N  N  2  U   -1765.26486311775  2.5E-06  0.0E+00  0.0E+00
scf (DFT) done.
der1a (1-e 1st deriv.) done.
rwr (1st deriv. Q) done.
der1b (2-e 1st deriv.) done.
  Geometry optimization step  35
  Total energy:     -1765.32251737030 hartrees
  energy change:           7.1850E-05 .  (  5.0000E-05 )
  gradient maximum:        1.5313E-03 .  (  4.5000E-04 )
  gradient rms:            2.1483E-04 *  (  3.0000E-04 )
  displacement maximum:    3.7242E-02 .  (  1.8000E-03 )
  displacement rms:        5.0102E-03 .  (  1.2000E-03 )
  
  predicted energy change: -2.0701E-05
  step size:     0.07532
  trust radius:  0.07500
---------------- geometry iteration  35 complete ----------------
geopt (optimize geometry) done.
onee (1-electron integrals) done.
probe (project orbitals) done.
grid (grid generation) done.
rwr (Q operators) done.
  
       i  u  d  i  g
       t  p  i  c  r                                 RMS    maximum
       e  d  i  u  i                       energy  density   DIIS  
       r  t  s  t  d       total energy    change  change    error 
  
etot    1  N  N  2  U   -1765.26104840985           1.3E-04  3.2E-03
etot    2  Y  Y  6  M   -1765.26478480414  3.7E-03  2.8E-05  3.2E-04
etot    3  N  Y  2  U   -1765.26469740598 -8.7E-05  2.1E-05  9.6E-04
etot    4  N  Y  2  U   -1765.26481683588  1.2E-04  4.3E-06  2.2E-04
etot    5  N  N  2  U   -1765.26482136448  4.5E-06  0.0E+00  0.0E+00
scf (DFT) done.
der1a (1-e 1st deriv.) done.
rwr (1st deriv. Q) done.
der1b (2-e 1st deriv.) done.
  Geometry optimization step  36
  Total energy:     -1765.32237760611 hartrees
  energy change:           1.3976E-04 .  (  5.0000E-05 )
  gradient maximum:        1.8135E-03 .  (  4.5000E-04 )
  gradient rms:            2.7621E-04 *  (  3.0000E-04 )
  displacement maximum:    4.3903E-02 .  (  1.8000E-03 )
  displacement rms:        9.9867E-03 .  (  1.2000E-03 )
  
  predicted energy change: -5.8056E-03
  step size:     0.15013
  trust radius:  0.15000
---------------- geometry iteration  36 complete ----------------
geopt (optimize geometry) done.
onee (1-electron integrals) done.
probe (project orbitals) done.
grid (grid generation) done.
rwr (Q operators) done.
  
       i  u  d  i  g
       t  p  i  c  r                                 RMS    maximum
       e  d  i  u  i                       energy  density   DIIS  
       r  t  s  t  d       total energy    change  change    error 
  
etot    1  N  N  2  U   -1765.17353172166           6.1E-04  1.3E-02
etot    2  Y  Y  6  M   -1765.25733159856  8.4E-02  1.4E-04  1.3E-03
etot    3  N  Y  2  U   -1765.25414478883 -3.2E-03  1.1E-04  3.5E-03
etot    4  Y  Y  6  M   -1765.25780862385  3.7E-03  2.5E-05  9.1E-04
etot    5  N  Y  2  U   -1765.25798309839  1.7E-04  9.7E-06  3.8E-04
etot    6  N  Y  2  U   -1765.25801119976  2.8E-05  3.5E-06  9.1E-05
etot    7  N  N  2  U   -1765.25801319026  2.0E-06  0.0E+00  0.0E+00
scf (DFT) done.
der1a (1-e 1st deriv.) done.
rwr (1st deriv. Q) done.
der1b (2-e 1st deriv.) done.
  Geometry optimization step  37
  Total energy:     -1765.31667668411 hartrees
  energy change:           5.7009E-03 .  (  5.0000E-05 )
  gradient maximum:        5.1730E-02 .  (  4.5000E-04 )
  gradient rms:            8.2096E-03 .  (  3.0000E-04 )
  displacement maximum:    2.4367E-02 .  (  1.8000E-03 )
  displacement rms:        5.0158E-03 .  (  1.2000E-03 )
  
  predicted energy change: -5.2661E-03
  step size:     0.07540
  trust radius:  0.07500
---------------- geometry iteration  37 complete ----------------
geopt (optimize geometry) done.
onee (1-electron integrals) done.
probe (project orbitals) done.
grid (grid generation) done.
rwr (Q operators) done.
  
       i  u  d  i  g
       t  p  i  c  r                                 RMS    maximum
       e  d  i  u  i                       energy  density   DIIS  
       r  t  s  t  d       total energy    change  change    error 
  
etot    1  N  N  2  U   -1765.24248900949           3.3E-04  6.1E-03
etot    2  Y  Y  6  M   -1765.26402228648  2.2E-02  8.5E-05  7.2E-04
etot    3  N  Y  2  U   -1765.26277999749 -1.2E-03  6.4E-05  2.2E-03
etot    4  Y  Y  6  M   -1765.26411792183  1.3E-03  1.3E-05  6.2E-04
etot    5  N  Y  2  U   -1765.26414612690  2.8E-05  5.3E-06  3.3E-04
etot    6  N  Y  2  U   -1765.26415572586  9.6E-06  1.8E-06  4.9E-05
etot    7  N  N  2  U   -1765.26415623774  5.1E-07  0.0E+00  0.0E+00
scf (DFT) done.
der1a (1-e 1st deriv.) done.
rwr (1st deriv. Q) done.
der1b (2-e 1st deriv.) done.
  Geometry optimization step  38
  Total energy:     -1765.32158040436 hartrees
  energy change:          -4.9037E-03 .  (  5.0000E-05 )
  gradient maximum:        1.2558E-02 .  (  4.5000E-04 )
  gradient rms:            1.9272E-03 .  (  3.0000E-04 )
  displacement maximum:    4.8092E-02 .  (  1.8000E-03 )
  displacement rms:        8.9546E-03 .  (  1.2000E-03 )
  
  predicted energy change: -1.8387E-03
  step size:     0.13462
  trust radius:  0.15000
---------------- geometry iteration  38 complete ----------------
geopt (optimize geometry) done.
onee (1-electron integrals) done.
probe (project orbitals) done.
grid (grid generation) done.
rwr (Q operators) done.
  
       i  u  d  i  g
       t  p  i  c  r                                 RMS    maximum
       e  d  i  u  i                       energy  density   DIIS  
       r  t  s  t  d       total energy    change  change    error 
  
etot    1  N  N  2  U   -1765.20574361487           4.6E-04  1.2E-02
etot    2  Y  Y  6  M   -1765.25825409026  5.3E-02  1.2E-04  1.3E-03
etot    3  N  Y  2  U   -1765.25538030479 -2.9E-03  9.2E-05  4.1E-03
etot    4  Y  Y  6  M   -1765.25850585764  3.1E-03  1.7E-05  8.6E-04
etot    5  N  Y  2  U   -1765.25856857134  6.3E-05  7.6E-06  3.2E-04
etot    6  N  Y  2  U   -1765.25858397285  1.5E-05  2.9E-06  7.2E-05
etot    7  N  N  2  U   -1765.25858572651  1.8E-06  0.0E+00  0.0E+00
scf (DFT) done.
der1a (1-e 1st deriv.) done.
rwr (1st deriv. Q) done.
der1b (2-e 1st deriv.) done.
  Geometry optimization step  39
  Total energy:     -1765.31822516236 hartrees
  ** restarting optimization from step   38 **
  energy change:           3.3552E-03 .  (  5.0000E-05 )
  gradient maximum:        1.2558E-02 .  (  4.5000E-04 )
  gradient rms:            1.9272E-03 .  (  3.0000E-04 )
  displacement maximum:    2.5454E-02 .  (  1.8000E-03 )
  displacement rms:        5.0232E-03 .  (  1.2000E-03 )
  
  predicted energy change: -8.9595E-04
  step size:     0.07552
  trust radius:  0.07500
---------------- geometry iteration  39 complete ----------------
geopt (optimize geometry) done.
onee (1-electron integrals) done.
probe (project orbitals) done.
grid (grid generation) done.
rwr (Q operators) done.
  
       i  u  d  i  g
       t  p  i  c  r                                 RMS    maximum
       e  d  i  u  i                       energy  density   DIIS  
       r  t  s  t  d       total energy    change  change    error 
  
etot    1  N  N  2  U   -1765.24034039117           3.1E-04  1.0E-02
etot    2  Y  Y  6  M   -1765.26452552690  2.4E-02  6.1E-05  5.8E-04
etot    3  N  Y  2  U   -1765.26401320141 -5.1E-04  4.6E-05  1.8E-03
etot    4  N  Y  2  U   -1765.26462446722  6.1E-04  1.1E-05  6.1E-04
etot    5  N  Y  2  U   -1765.26466543243  4.1E-05  4.2E-06  1.9E-04
etot    6  N  N  2  U   -1765.26466941145  4.0E-06  0.0E+00  0.0E+00
scf (DFT) done.
der1a (1-e 1st deriv.) done.
rwr (1st deriv. Q) done.
der1b (2-e 1st deriv.) done.
  Geometry optimization step  40
  Total energy:     -1765.32225071064 hartrees
  energy change:          -6.7031E-04 .  (  5.0000E-05 )
  gradient maximum:        2.8114E-03 .  (  4.5000E-04 )
  gradient rms:            6.0906E-04 .  (  3.0000E-04 )
  displacement maximum:    5.1437E-02 .  (  1.8000E-03 )
  displacement rms:        7.0813E-03 .  (  1.2000E-03 )
  
  predicted energy change: -1.1910E-04
  step size:     0.10646
  trust radius:  0.10607
---------------- geometry iteration  40 complete ----------------
geopt (optimize geometry) done.
onee (1-electron integrals) done.
probe (project orbitals) done.
grid (grid generation) done.
rwr (Q operators) done.
  
       i  u  d  i  g
       t  p  i  c  r                                 RMS    maximum
       e  d  i  u  i                       energy  density   DIIS  
       r  t  s  t  d       total energy    change  change    error 
  
etot    1  N  N  2  U   -1765.25723744418           1.8E-04  4.2E-03
etot    2  Y  Y  6  M   -1765.26479716878  7.6E-03  3.6E-05  3.9E-04
etot    3  N  Y  2  U   -1765.26461346125 -1.8E-04  2.7E-05  1.0E-03
etot    4  N  Y  2  U   -1765.26484018627  2.3E-04  7.0E-06  3.1E-04
etot    5  N  Y  2  U   -1765.26485200184  1.2E-05  2.7E-06  1.2E-04
etot    6  N  N  2  U   -1765.26485391692  1.9E-06  0.0E+00  0.0E+00
scf (DFT) done.
der1a (1-e 1st deriv.) done.
rwr (1st deriv. Q) done.
der1b (2-e 1st deriv.) done.
  Geometry optimization step  41
  Total energy:     -1765.32228056119 hartrees
  energy change:          -2.9851E-05 *  (  5.0000E-05 )
  gradient maximum:        2.4528E-03 .  (  4.5000E-04 )
  gradient rms:            4.0440E-04 .  (  3.0000E-04 )
  displacement maximum:    2.3984E-02 .  (  1.8000E-03 )
  displacement rms:        3.5885E-03 .  (  1.2000E-03 )
  
  predicted energy change: -1.2288E-04
  step size:     0.05395
  trust radius:  0.05303
---------------- geometry iteration  41 complete ----------------
geopt (optimize geometry) done.
onee (1-electron integrals) done.
probe (project orbitals) done.
grid (grid generation) done.
rwr (Q operators) done.
  
       i  u  d  i  g
       t  p  i  c  r                                 RMS    maximum
       e  d  i  u  i                       energy  density   DIIS  
       r  t  s  t  d       total energy    change  change    error 
  
etot    1  N  N  2  U   -1765.26301118361           8.8E-05  3.1E-03
etot    2  Y  Y  6  M   -1765.26472857202  1.7E-03  2.5E-05  2.9E-04
etot    3  N  Y  2  U   -1765.26462709497 -1.0E-04  1.9E-05  7.8E-04
etot    4  N  Y  2  U   -1765.26475509502  1.3E-04  3.5E-06  1.5E-04
etot    5  N  N  2  U   -1765.26475698041  1.9E-06  0.0E+00  0.0E+00
scf (DFT) done.
der1a (1-e 1st deriv.) done.
rwr (1st deriv. Q) done.
der1b (2-e 1st deriv.) done.
  Geometry optimization step  42
  Total energy:     -1765.32227141805 hartrees
  energy change:           9.1431E-06 *  (  5.0000E-05 )
  gradient maximum:        2.3734E-03 .  (  4.5000E-04 )
  gradient rms:            4.5422E-04 .  (  3.0000E-04 )
  displacement maximum:    1.2602E-02 .  (  1.8000E-03 )
  displacement rms:        1.7735E-03 .  (  1.2000E-03 )
  
  predicted energy change: -6.8316E-05
  step size:     0.02666
  trust radius:  0.02652
---------------- geometry iteration  42 complete ----------------
geopt (optimize geometry) done.
onee (1-electron integrals) done.
probe (project orbitals) done.
grid (grid generation) done.
rwr (Q operators) done.
  
       i  u  d  i  g
       t  p  i  c  r                                 RMS    maximum
       e  d  i  u  i                       energy  density   DIIS  
       r  t  s  t  d       total energy    change  change    error 
  
etot    1  N  N  2  U   -1765.26451140466           4.8E-05  8.4E-04
etot    2  N  Y  2  U   -1765.26488486414  3.7E-04  1.9E-05  2.3E-04
etot    3  N  Y  2  U   -1765.26481800442 -6.7E-05  1.4E-05  6.1E-04
etot    4  N  Y  2  U   -1765.26489813597  8.0E-05  2.7E-06  6.0E-05
etot    5  N  N  2  U   -1765.26489888731  7.5E-07  0.0E+00  0.0E+00
scf (DFT) done.
der1a (1-e 1st deriv.) done.
rwr (1st deriv. Q) done.
der1b (2-e 1st deriv.) done.
  Geometry optimization step  43
  Total energy:     -1765.32238132168 hartrees
  energy change:          -1.0990E-04 .  (  5.0000E-05 )
  gradient maximum:        2.4897E-03 .  (  4.5000E-04 )
  gradient rms:            3.6118E-04 .  (  3.0000E-04 )
  displacement maximum:    2.3097E-02 .  (  1.8000E-03 )
  displacement rms:        2.5201E-03 .  (  1.2000E-03 )
  
  predicted energy change: -4.7299E-05
  step size:     0.03789
  trust radius:  0.03750
---------------- geometry iteration  43 complete ----------------
geopt (optimize geometry) done.
onee (1-electron integrals) done.
probe (project orbitals) done.
grid (grid generation) done.
rwr (Q operators) done.
  
       i  u  d  i  g
       t  p  i  c  r                                 RMS    maximum
       e  d  i  u  i                       energy  density   DIIS  
       r  t  s  t  d       total energy    change  change    error 
  
etot    1  N  N  2  U   -1765.26362660467           7.1E-05  1.8E-03
etot    2  Y  Y  6  M   -1765.26488035642  1.3E-03  2.0E-05  1.9E-04
etot    3  N  Y  2  U   -1765.26482360595 -5.7E-05  1.5E-05  5.6E-04
etot    4  N  Y  2  U   -1765.26489463780  7.1E-05  2.9E-06  7.4E-05
etot    5  N  N  2  U   -1765.26489574482  1.1E-06  0.0E+00  0.0E+00
scf (DFT) done.
der1a (1-e 1st deriv.) done.
rwr (1st deriv. Q) done.
der1b (2-e 1st deriv.) done.
  Geometry optimization step  44
  Total energy:     -1765.32233726461 hartrees
  energy change:           4.4057E-05 *  (  5.0000E-05 )
  gradient maximum:        3.3929E-03 .  (  4.5000E-04 )
  gradient rms:            4.2505E-04 .  (  3.0000E-04 )
  displacement maximum:    3.2214E-02 .  (  1.8000E-03 )
  displacement rms:        3.5308E-03 .  (  1.2000E-03 )
  
  predicted energy change: -9.1713E-05
  step size:     0.05308
  trust radius:  0.05303
---------------- geometry iteration  44 complete ----------------
geopt (optimize geometry) done.
onee (1-electron integrals) done.
probe (project orbitals) done.
grid (grid generation) done.
rwr (Q operators) done.
  
       i  u  d  i  g
       t  p  i  c  r                                 RMS    maximum
       e  d  i  u  i                       energy  density   DIIS  
       r  t  s  t  d       total energy    change  change    error 
  
etot    1  N  N  2  U   -1765.26142662376           1.1E-04  2.8E-03
etot    2  Y  Y  6  M   -1765.26481629907  3.4E-03  1.8E-05  1.7E-04
etot    3  N  Y  2  U   -1765.26478226655 -3.4E-05  1.4E-05  3.4E-04
etot    4  N  Y  2  U   -1765.26482202346  4.0E-05  4.3E-06  1.2E-04
etot    5  N  N  2  U   -1765.26482692262  4.9E-06  0.0E+00  0.0E+00
scf (DFT) done.
der1a (1-e 1st deriv.) done.
rwr (1st deriv. Q) done.
der1b (2-e 1st deriv.) done.
  Geometry optimization step  45
  Total energy:     -1765.32229242022 hartrees
  energy change:           4.4844E-05 *  (  5.0000E-05 )
  gradient maximum:        2.3066E-03 .  (  4.5000E-04 )
  gradient rms:            3.3104E-04 .  (  3.0000E-04 )
  displacement maximum:    1.7165E-02 .  (  1.8000E-03 )
  displacement rms:        1.8243E-03 .  (  1.2000E-03 )
  
  predicted energy change: -3.4726E-05
  step size:     0.02743
  trust radius:  0.02652
---------------- geometry iteration  45 complete ----------------
geopt (optimize geometry) done.
onee (1-electron integrals) done.
probe (project orbitals) done.
grid (grid generation) done.
rwr (Q operators) done.
  
       i  u  d  i  g
       t  p  i  c  r                                 RMS    maximum
       e  d  i  u  i                       energy  density   DIIS  
       r  t  s  t  d       total energy    change  change    error 
  
etot    1  N  N  2  U   -1765.26455023919           4.3E-05  9.0E-04
etot    2  N  Y  2  U   -1765.26494479298  3.9E-04  1.3E-05  2.1E-04
etot    3  N  Y  2  U   -1765.26490758865 -3.7E-05  1.0E-05  6.0E-04
etot    4  N  Y  2  U   -1765.26495045364  4.3E-05  1.6E-06  6.1E-05
etot    5  N  N  2  U   -1765.26495097228  5.2E-07  0.0E+00  0.0E+00
scf (DFT) done.
der1a (1-e 1st deriv.) done.
rwr (1st deriv. Q) done.
der1b (2-e 1st deriv.) done.
  Geometry optimization step  46
  Total energy:     -1765.32233723830 hartrees
  energy change:          -4.4818E-05 *  (  5.0000E-05 )
  gradient maximum:        2.5147E-03 .  (  4.5000E-04 )
  gradient rms:            3.1693E-04 .  (  3.0000E-04 )
  displacement maximum:    1.7797E-02 .  (  1.8000E-03 )
  displacement rms:        2.5147E-03 .  (  1.2000E-03 )
  
  predicted energy change: -3.8958E-05
  step size:     0.03780
  trust radius:  0.03750
---------------- geometry iteration  46 complete ----------------
geopt (optimize geometry) done.
onee (1-electron integrals) done.
probe (project orbitals) done.
grid (grid generation) done.
rwr (Q operators) done.
  
       i  u  d  i  g
       t  p  i  c  r                                 RMS    maximum
       e  d  i  u  i                       energy  density   DIIS  
       r  t  s  t  d       total energy    change  change    error 
  
etot    1  N  N  2  U   -1765.26447717112           4.6E-05  8.3E-04
etot    2  N  Y  2  U   -1765.26494503608  4.7E-04  1.2E-05  1.5E-04
etot    3  N  Y  2  U   -1765.26492334019 -2.2E-05  9.0E-06  4.7E-04
etot    4  N  Y  2  U   -1765.26494895578  2.6E-05  1.8E-06  1.0E-04
etot    5  N  N  2  U   -1765.26494962710  6.7E-07  0.0E+00  0.0E+00
scf (DFT) done.
der1a (1-e 1st deriv.) done.
rwr (1st deriv. Q) done.
der1b (2-e 1st deriv.) done.
  Geometry optimization step  47
  Total energy:     -1765.32237190142 hartrees
  energy change:          -3.4663E-05 *  (  5.0000E-05 )
  gradient maximum:        1.1585E-03 .  (  4.5000E-04 )
  gradient rms:            2.1293E-04 *  (  3.0000E-04 )
  displacement maximum:    3.1388E-02 .  (  1.8000E-03 )
  displacement rms:        3.5306E-03 .  (  1.2000E-03 )
  
  predicted energy change: -4.8643E-05
  step size:     0.05308
  trust radius:  0.05303
---------------- geometry iteration  47 complete ----------------
geopt (optimize geometry) done.
onee (1-electron integrals) done.
probe (project orbitals) done.
grid (grid generation) done.
rwr (Q operators) done.
  
       i  u  d  i  g
       t  p  i  c  r                                 RMS    maximum
       e  d  i  u  i                       energy  density   DIIS  
       r  t  s  t  d       total energy    change  change    error 
  
etot    1  N  N  2  U   -1765.26332150886           8.7E-05  2.2E-03
etot    2  Y  Y  6  M   -1765.26509343312  1.8E-03  2.1E-05  2.0E-04
etot    3  N  Y  2  U   -1765.26504838571 -4.5E-05  1.6E-05  6.3E-04
etot    4  N  Y  2  U   -1765.26511540769  6.7E-05  3.2E-06  1.4E-04
etot    5  N  N  2  U   -1765.26511767589  2.3E-06  0.0E+00  0.0E+00
scf (DFT) done.
der1a (1-e 1st deriv.) done.
rwr (1st deriv. Q) done.
der1b (2-e 1st deriv.) done.
  Geometry optimization step  48
  Total energy:     -1765.32245348922 hartrees
  energy change:          -8.1588E-05 .  (  5.0000E-05 )
  gradient maximum:        1.7386E-03 .  (  4.5000E-04 )
  gradient rms:            2.3013E-04 *  (  3.0000E-04 )
  displacement maximum:    2.7739E-02 .  (  1.8000E-03 )
  displacement rms:        4.9901E-03 .  (  1.2000E-03 )
  
  predicted energy change: -5.8367E-05
  step size:     0.07502
  trust radius:  0.07500
---------------- geometry iteration  48 complete ----------------
geopt (optimize geometry) done.
onee (1-electron integrals) done.
probe (project orbitals) done.
grid (grid generation) done.
rwr (Q operators) done.
  
       i  u  d  i  g
       t  p  i  c  r                                 RMS    maximum
       e  d  i  u  i                       energy  density   DIIS  
       r  t  s  t  d       total energy    change  change    error 
  
etot    1  N  N  2  U   -1765.26249905591           1.1E-04  2.4E-03
etot    2  Y  Y  6  M   -1765.26511763604  2.6E-03  2.0E-05  2.7E-04
etot    3  N  Y  2  U   -1765.26506012989 -5.8E-05  1.5E-05  8.8E-04
etot    4  N  Y  2  U   -1765.26512797151  6.8E-05  3.9E-06  2.6E-04
etot    5  N  N  2  U   -1765.26513185545  3.9E-06  0.0E+00  0.0E+00
scf (DFT) done.
der1a (1-e 1st deriv.) done.
rwr (1st deriv. Q) done.
der1b (2-e 1st deriv.) done.
  Geometry optimization step  49
  Total energy:     -1765.32257379569 hartrees
  energy change:          -1.2031E-04 .  (  5.0000E-05 )
  gradient maximum:        2.3951E-03 .  (  4.5000E-04 )
  gradient rms:            5.7382E-04 .  (  3.0000E-04 )
  displacement maximum:    1.4695E-02 .  (  1.8000E-03 )
  displacement rms:        2.4986E-03 .  (  1.2000E-03 )
  
  predicted energy change: -8.2719E-05
  step size:     0.03756
  trust radius:  0.03750
---------------- geometry iteration  49 complete ----------------
geopt (optimize geometry) done.
onee (1-electron integrals) done.
probe (project orbitals) done.
grid (grid generation) done.
rwr (Q operators) done.
  
       i  u  d  i  g
       t  p  i  c  r                                 RMS    maximum
       e  d  i  u  i                       energy  density   DIIS  
       r  t  s  t  d       total energy    change  change    error 
  
etot    1  N  N  2  U   -1765.26427547050           6.4E-05  1.7E-03
etot    2  Y  Y  6  M   -1765.26522692068  9.5E-04  2.5E-05  3.0E-04
etot    3  N  Y  2  U   -1765.26513175464 -9.5E-05  1.8E-05  9.0E-04
etot    4  N  Y  2  U   -1765.26523798251  1.1E-04  2.9E-06  1.2E-04
etot    5  N  N  2  U   -1765.26523984560  1.9E-06  0.0E+00  0.0E+00
scf (DFT) done.
der1a (1-e 1st deriv.) done.
rwr (1st deriv. Q) done.
der1b (2-e 1st deriv.) done.
  Geometry optimization step  50
  Total energy:     -1765.32263135795 hartrees
  energy change:          -5.7562E-05 .  (  5.0000E-05 )
  gradient maximum:        1.1756E-03 .  (  4.5000E-04 )
  gradient rms:            2.0455E-04 *  (  3.0000E-04 )
  displacement maximum:    2.4766E-02 .  (  1.8000E-03 )
  displacement rms:        3.5618E-03 .  (  1.2000E-03 )
  
  predicted energy change: -4.7889E-05
  step size:     0.05354
  trust radius:  0.05303
---------------- geometry iteration  50 complete ----------------
geopt (optimize geometry) done.
onee (1-electron integrals) done.
probe (project orbitals) done.
grid (grid generation) done.
rwr (Q operators) done.
  
       i  u  d  i  g
       t  p  i  c  r                                 RMS    maximum
       e  d  i  u  i                       energy  density   DIIS  
       r  t  s  t  d       total energy    change  change    error 
  
etot    1  N  N  2  U   -1765.26350112084           8.6E-05  2.1E-03
etot    2  Y  Y  6  M   -1765.26537810428  1.9E-03  2.0E-05  2.4E-04
etot    3  N  Y  2  U   -1765.26532262088 -5.5E-05  1.5E-05  7.8E-04
etot    4  N  Y  2  U   -1765.26539365924  7.1E-05  3.3E-06  1.8E-04
etot    5  N  N  2  U   -1765.26539609351  2.4E-06  0.0E+00  0.0E+00
scf (DFT) done.
der1a (1-e 1st deriv.) done.
rwr (1st deriv. Q) done.
der1b (2-e 1st deriv.) done.
  Geometry optimization step  51
  Total energy:     -1765.32275466831 hartrees
  energy change:          -1.2331E-04 .  (  5.0000E-05 )
  gradient maximum:        1.4458E-03 .  (  4.5000E-04 )
  gradient rms:            1.9027E-04 *  (  3.0000E-04 )
  displacement maximum:    3.2827E-02 .  (  1.8000E-03 )
  displacement rms:        5.0009E-03 .  (  1.2000E-03 )
  
  predicted energy change: -6.3548E-05
  step size:     0.07518
  trust radius:  0.07500
---------------- geometry iteration  51 complete ----------------
geopt (optimize geometry) done.
onee (1-electron integrals) done.
probe (project orbitals) done.
grid (grid generation) done.
rwr (Q operators) done.
  
       i  u  d  i  g
       t  p  i  c  r                                 RMS    maximum
       e  d  i  u  i                       energy  density   DIIS  
       r  t  s  t  d       total energy    change  change    error 
  
etot    1  N  N  2  U   -1765.26294494860           1.0E-04  2.2E-03
etot    2  Y  Y  6  M   -1765.26540803904  2.5E-03  3.1E-05  3.4E-04
etot    3  N  Y  2  U   -1765.26528463243 -1.2E-04  2.3E-05  1.0E-03
etot    4  N  Y  2  U   -1765.26543875964  1.5E-04  3.9E-06  1.6E-04
etot    5  N  N  2  U   -1765.26544118025  2.4E-06  0.0E+00  0.0E+00
scf (DFT) done.
der1a (1-e 1st deriv.) done.
rwr (1st deriv. Q) done.
der1b (2-e 1st deriv.) done.
  Geometry optimization step  52
  Total energy:     -1765.32281348969 hartrees
  energy change:          -5.8821E-05 .  (  5.0000E-05 )
  gradient maximum:        1.4724E-03 .  (  4.5000E-04 )
  gradient rms:            2.2308E-04 *  (  3.0000E-04 )
  displacement maximum:    5.9891E-02 .  (  1.8000E-03 )
  displacement rms:        9.9795E-03 .  (  1.2000E-03 )
  
  predicted energy change: -1.0751E-04
  step size:     0.15002
  trust radius:  0.15000
---------------- geometry iteration  52 complete ----------------
geopt (optimize geometry) done.
onee (1-electron integrals) done.
probe (project orbitals) done.
grid (grid generation) done.
rwr (Q operators) done.
  
       i  u  d  i  g
       t  p  i  c  r                                 RMS    maximum
       e  d  i  u  i                       energy  density   DIIS  
       r  t  s  t  d       total energy    change  change    error 
  
etot    1  N  N  2  U   -1765.25519593119           2.1E-04  4.4E-03
etot    2  Y  Y  6  M   -1765.26530139946  1.0E-02  5.2E-05  4.9E-04
etot    3  N  Y  2  U   -1765.26496929123 -3.3E-04  3.8E-05  1.6E-03
etot    4  N  Y  2  U   -1765.26536711357  4.0E-04  8.3E-06  4.1E-04
etot    5  N  Y  2  U   -1765.26538172278  1.5E-05  3.3E-06  1.6E-04
etot    6  N  N  2  U   -1765.26538501737  3.3E-06  0.0E+00  0.0E+00
scf (DFT) done.
der1a (1-e 1st deriv.) done.
rwr (1st deriv. Q) done.
der1b (2-e 1st deriv.) done.
  Geometry optimization step  53
  Total energy:     -1765.32272293378 hartrees
  energy change:           9.0556E-05 .  (  5.0000E-05 )
  gradient maximum:        3.4921E-03 .  (  4.5000E-04 )
  gradient rms:            5.6465E-04 .  (  3.0000E-04 )
  displacement maximum:    2.8487E-02 .  (  1.8000E-03 )
  displacement rms:        5.0076E-03 .  (  1.2000E-03 )
  
  predicted energy change: -9.2660E-05
  step size:     0.07528
  trust radius:  0.07500
---------------- geometry iteration  53 complete ----------------
geopt (optimize geometry) done.
onee (1-electron integrals) done.
probe (project orbitals) done.
grid (grid generation) done.
rwr (Q operators) done.
  
       i  u  d  i  g
       t  p  i  c  r                                 RMS    maximum
       e  d  i  u  i                       energy  density   DIIS  
       r  t  s  t  d       total energy    change  change    error 
  
etot    1  N  N  2  U   -1765.26257946449           1.1E-04  2.2E-03
etot    2  Y  Y  6  M   -1765.26516196934  2.6E-03  3.4E-05  3.7E-04
etot    3  N  Y  2  U   -1765.26503429506 -1.3E-04  2.4E-05  9.4E-04
etot    4  N  Y  2  U   -1765.26519661814  1.6E-04  4.0E-06  9.5E-05
etot    5  N  N  2  U   -1765.26519878660  2.2E-06  0.0E+00  0.0E+00
scf (DFT) done.
der1a (1-e 1st deriv.) done.
rwr (1st deriv. Q) done.
der1b (2-e 1st deriv.) done.
  Geometry optimization step  54
  Total energy:     -1765.32260827873 hartrees
  energy change:           1.1466E-04 .  (  5.0000E-05 )
  gradient maximum:        2.6674E-03 .  (  4.5000E-04 )
  gradient rms:            4.4261E-04 .  (  3.0000E-04 )
  displacement maximum:    4.1465E-02 .  (  1.8000E-03 )
  displacement rms:        7.0774E-03 .  (  1.2000E-03 )
  
  predicted energy change: -8.6794E-05
  step size:     0.10640
  trust radius:  0.10607
---------------- geometry iteration  54 complete ----------------
geopt (optimize geometry) done.
onee (1-electron integrals) done.
probe (project orbitals) done.
grid (grid generation) done.
rwr (Q operators) done.
  
       i  u  d  i  g
       t  p  i  c  r                                 RMS    maximum
       e  d  i  u  i                       energy  density   DIIS  
       r  t  s  t  d       total energy    change  change    error 
  
etot    1  N  N  2  U   -1765.26100884120           1.4E-04  2.5E-03
etot    2  Y  Y  6  M   -1765.26521563633  4.2E-03  4.6E-05  4.3E-04
etot    3  N  Y  2  U   -1765.26490639522 -3.1E-04  3.4E-05  1.2E-03
etot    4  N  Y  2  U   -1765.26526538212  3.6E-04  5.2E-06  1.8E-04
etot    5  N  Y  2  U   -1765.26526852074  3.1E-06  2.4E-06  1.2E-04
etot    6  N  N  2  U   -1765.26527072775  2.2E-06  0.0E+00  0.0E+00
scf (DFT) done.
der1a (1-e 1st deriv.) done.
rwr (1st deriv. Q) done.
der1b (2-e 1st deriv.) done.
  Geometry optimization step  55
  Total energy:     -1765.32262490259 hartrees
  energy change:          -1.6624E-05 *  (  5.0000E-05 )
  gradient maximum:        2.9848E-03 .  (  4.5000E-04 )
  gradient rms:            4.3466E-04 .  (  3.0000E-04 )
  displacement maximum:    5.5249E-02 .  (  1.8000E-03 )
  displacement rms:        1.0002E-02 .  (  1.2000E-03 )
  
  predicted energy change: -1.8668E-04
  step size:     0.15037
  trust radius:  0.15000
---------------- geometry iteration  55 complete ----------------
geopt (optimize geometry) done.
onee (1-electron integrals) done.
probe (project orbitals) done.
grid (grid generation) done.
rwr (Q operators) done.
  
       i  u  d  i  g
       t  p  i  c  r                                 RMS    maximum
       e  d  i  u  i                       energy  density   DIIS  
       r  t  s  t  d       total energy    change  change    error 
  
etot    1  N  N  2  U   -1765.24852956540           2.6E-04  6.2E-03
etot    2  Y  Y  6  M   -1765.26372796434  1.5E-02  5.6E-05  4.6E-04
etot    3  N  Y  2  U   -1765.26320006476 -5.3E-04  4.3E-05  1.4E-03
etot    4  N  Y  2  U   -1765.26372917672  5.3E-04  9.3E-06  2.4E-04
etot    5  N  Y  2  U   -1765.26374730317  1.8E-05  3.2E-06  1.1E-04
etot    6  N  N  2  U   -1765.26374975550  2.5E-06  0.0E+00  0.0E+00
scf (DFT) done.
der1a (1-e 1st deriv.) done.
rwr (1st deriv. Q) done.
der1b (2-e 1st deriv.) done.
  Geometry optimization step  56
  Total energy:     -1765.32194177305 hartrees
  ** restarting optimization from step   55 **
  energy change:           6.8313E-04 .  (  5.0000E-05 )
  gradient maximum:        2.9848E-03 .  (  4.5000E-04 )
  gradient rms:            4.3466E-04 .  (  3.0000E-04 )
  displacement maximum:    3.3214E-02 .  (  1.8000E-03 )
  displacement rms:        5.0187E-03 .  (  1.2000E-03 )
  
  predicted energy change: -5.6291E-05
  step size:     0.07545
  trust radius:  0.07500
---------------- geometry iteration  56 complete ----------------
geopt (optimize geometry) done.
onee (1-electron integrals) done.
probe (project orbitals) done.
grid (grid generation) done.
rwr (Q operators) done.
  
       i  u  d  i  g
       t  p  i  c  r                                 RMS    maximum
       e  d  i  u  i                       energy  density   DIIS  
       r  t  s  t  d       total energy    change  change    error 
  
etot    1  N  N  2  U   -1765.25275927338           2.3E-04  4.7E-03
etot    2  Y  Y  6  M   -1765.26515527168  1.2E-02  4.4E-05  4.2E-04
etot    3  N  Y  2  U   -1765.26489338423 -2.6E-04  3.3E-05  1.1E-03
etot    4  N  Y  2  U   -1765.26526036262  3.7E-04  9.3E-06  2.9E-04
etot    5  N  Y  2  U   -1765.26528018647  2.0E-05  3.2E-06  6.9E-05
etot    6  N  N  2  U   -1765.26528273710  2.6E-06  0.0E+00  0.0E+00
scf (DFT) done.
der1a (1-e 1st deriv.) done.
rwr (1st deriv. Q) done.
der1b (2-e 1st deriv.) done.
  Geometry optimization step  57
  Total energy:     -1765.32280685940 hartrees
  energy change:          -1.8196E-04 .  (  5.0000E-05 )
  gradient maximum:        1.6074E-03 .  (  4.5000E-04 )
  gradient rms:            2.7423E-04 *  (  3.0000E-04 )
  displacement maximum:    3.4929E-02 .  (  1.8000E-03 )
  displacement rms:        7.0584E-03 .  (  1.2000E-03 )
  
  predicted energy change: -6.3063E-05
  step size:     0.10611
  trust radius:  0.10607
---------------- geometry iteration  57 complete ----------------
geopt (optimize geometry) done.
onee (1-electron integrals) done.
probe (project orbitals) done.
grid (grid generation) done.
rwr (Q operators) done.
  
       i  u  d  i  g
       t  p  i  c  r                                 RMS    maximum
       e  d  i  u  i                       energy  density   DIIS  
       r  t  s  t  d       total energy    change  change    error 
  
etot    1  N  N  2  U   -1765.26082307145           1.4E-04  2.6E-03
etot    2  Y  Y  6  M   -1765.26529612158  4.5E-03  4.4E-05  5.0E-04
etot    3  N  Y  2  U   -1765.26507470319 -2.2E-04  3.2E-05  1.3E-03
etot    4  N  Y  2  U   -1765.26534998486  2.8E-04  5.8E-06  1.6E-04
etot    5  N  Y  2  U   -1765.26535388750  3.9E-06  2.5E-06  1.3E-04
etot    6  N  N  2  U   -1765.26535618355  2.3E-06  0.0E+00  0.0E+00
scf (DFT) done.
der1a (1-e 1st deriv.) done.
rwr (1st deriv. Q) done.
der1b (2-e 1st deriv.) done.
  Geometry optimization step  58
  Total energy:     -1765.32285478217 hartrees
  energy change:          -4.7923E-05 *  (  5.0000E-05 )
  gradient maximum:        1.6094E-03 .  (  4.5000E-04 )
  gradient rms:            2.8308E-04 *  (  3.0000E-04 )
  displacement maximum:    6.6221E-02 .  (  1.8000E-03 )
  displacement rms:        9.9783E-03 .  (  1.2000E-03 )
  
  predicted energy change: -5.9636E-05
  step size:     0.15001
  trust radius:  0.15000
---------------- geometry iteration  58 complete ----------------
geopt (optimize geometry) done.
onee (1-electron integrals) done.
probe (project orbitals) done.
grid (grid generation) done.
rwr (Q operators) done.
  
       i  u  d  i  g
       t  p  i  c  r                                 RMS    maximum
       e  d  i  u  i                       energy  density   DIIS  
       r  t  s  t  d       total energy    change  change    error 
  
etot    1  N  N  2  U   -1765.25694644679           1.9E-04  6.1E-03
etot    2  Y  Y  6  M   -1765.26501485555  8.1E-03  5.8E-05  6.7E-04
etot    3  N  Y  2  U   -1765.26466808351 -3.5E-04  4.2E-05  1.7E-03
etot    4  N  Y  2  U   -1765.26510393252  4.4E-04  7.4E-06  2.1E-04
etot    5  N  Y  2  U   -1765.26511153833  7.6E-06  2.9E-06  1.2E-04
etot    6  N  N  2  U   -1765.26511472530  3.2E-06  0.0E+00  0.0E+00
scf (DFT) done.
der1a (1-e 1st deriv.) done.
rwr (1st deriv. Q) done.
der1b (2-e 1st deriv.) done.
  Geometry optimization step  59
  Total energy:     -1765.32278723567 hartrees
  ** restarting optimization from step   58 **
  energy change:           6.7546E-05 .  (  5.0000E-05 )
  gradient maximum:        1.6094E-03 .  (  4.5000E-04 )
  gradient rms:            2.8308E-04 *  (  3.0000E-04 )
  displacement maximum:    2.6762E-02 .  (  1.8000E-03 )
  displacement rms:        4.9902E-03 .  (  1.2000E-03 )
  
  predicted energy change: -4.7313E-05
  step size:     0.07502
  trust radius:  0.07500
---------------- geometry iteration  59 complete ----------------
geopt (optimize geometry) done.
onee (1-electron integrals) done.
probe (project orbitals) done.
grid (grid generation) done.
rwr (Q operators) done.
  
       i  u  d  i  g
       t  p  i  c  r                                 RMS    maximum
       e  d  i  u  i                       energy  density   DIIS  
       r  t  s  t  d       total energy    change  change    error 
  
etot    1  N  N  2  U   -1765.26169199512           1.3E-04  4.1E-03
etot    2  Y  Y  6  M   -1765.26522582291  3.5E-03  2.6E-05  4.0E-04
etot    3  N  Y  2  U   -1765.26514019646 -8.6E-05  2.0E-05  6.3E-04
etot    4  N  Y  2  U   -1765.26522128207  8.1E-05  5.3E-06  2.2E-04
etot    5  N  Y  2  U   -1765.26522821325  6.9E-06  1.7E-06  7.1E-05
etot    6  N  N  2  U   -1765.26522887453  6.6E-07  0.0E+00  0.0E+00
scf (DFT) done.
der1a (1-e 1st deriv.) done.
rwr (1st deriv. Q) done.
der1b (2-e 1st deriv.) done.
  Geometry optimization step  60
  Total energy:     -1765.32278686780 hartrees
  energy change:           6.7914E-05 .  (  5.0000E-05 )
  gradient maximum:        1.8074E-03 .  (  4.5000E-04 )
  gradient rms:            2.1931E-04 *  (  3.0000E-04 )
  displacement maximum:    1.2140E-02 .  (  1.8000E-03 )
  displacement rms:        2.4989E-03 .  (  1.2000E-03 )
  
  predicted energy change: -1.7198E-05
  step size:     0.03757
  trust radius:  0.03750
---------------- geometry iteration  60 complete ----------------
geopt (optimize geometry) done.
onee (1-electron integrals) done.
probe (project orbitals) done.
grid (grid generation) done.
rwr (Q operators) done.
  
       i  u  d  i  g
       t  p  i  c  r                                 RMS    maximum
       e  d  i  u  i                       energy  density   DIIS  
       r  t  s  t  d       total energy    change  change    error 
  
etot    1  N  N  2  U   -1765.26480867783           5.3E-05  9.1E-04
etot    2  Y  Y  6  M   -1765.26525781556  4.5E-04  7.5E-06  9.3E-05
etot    3  N  Y  2  U   -1765.26526021303  2.4E-06  5.5E-06  1.5E-04
etot    4  N  Y  2  U   -1765.26526639470  6.2E-06  1.8E-06  6.5E-05
etot    5  N  N  2  U   -1765.26526743507  1.0E-06  0.0E+00  0.0E+00
scf (DFT) done.
der1a (1-e 1st deriv.) done.
rwr (1st deriv. Q) done.
der1b (2-e 1st deriv.) done.
  Geometry optimization step  61
  Total energy:     -1765.32282557881 hartrees
  energy change:          -3.8711E-05 *  (  5.0000E-05 )
  gradient maximum:        6.3098E-04 .  (  4.5000E-04 )
  gradient rms:            1.1098E-04 *  (  3.0000E-04 )
  displacement maximum:    2.3675E-02 .  (  1.8000E-03 )
  displacement rms:        3.5305E-03 .  (  1.2000E-03 )
  
  predicted energy change: -8.7878E-06
  step size:     0.05307
  trust radius:  0.05303
---------------- geometry iteration  61 complete ----------------
geopt (optimize geometry) done.
onee (1-electron integrals) done.
probe (project orbitals) done.
grid (grid generation) done.
rwr (Q operators) done.
  
       i  u  d  i  g
       t  p  i  c  r                                 RMS    maximum
       e  d  i  u  i                       energy  density   DIIS  
       r  t  s  t  d       total energy    change  change    error 
  
etot    1  N  N  2  U   -1765.26356807574           7.6E-05  2.3E-03
etot    2  Y  Y  6  M   -1765.26459575649  1.0E-03  1.6E-05  2.1E-04
etot    3  N  Y  2  U   -1765.26456109268 -3.5E-05  1.1E-05  3.6E-04
etot    4  N  Y  2  U   -1765.26459713589  3.6E-05  2.4E-06  9.2E-05
etot    5  N  N  2  U   -1765.26459835242  1.2E-06  0.0E+00  0.0E+00
scf (DFT) done.
der1a (1-e 1st deriv.) done.
rwr (1st deriv. Q) done.
der1b (2-e 1st deriv.) done.
  Geometry optimization step  62
  Total energy:     -1765.32222577858 hartrees
  energy change:           5.9980E-04 .  (  5.0000E-05 )
  gradient maximum:        8.1075E-04 .  (  4.5000E-04 )
  gradient rms:            1.3900E-04 *  (  3.0000E-04 )
  displacement maximum:    1.0717E-02 .  (  1.8000E-03 )
  displacement rms:        1.7760E-03 .  (  1.2000E-03 )
  
  predicted energy change: -6.3176E-06
  step size:     0.02670
  trust radius:  0.02652
---------------- geometry iteration  62 complete ----------------
geopt (optimize geometry) done.
onee (1-electron integrals) done.
probe (project orbitals) done.
grid (grid generation) done.
rwr (Q operators) done.
  
       i  u  d  i  g
       t  p  i  c  r                                 RMS    maximum
       e  d  i  u  i                       energy  density   DIIS  
       r  t  s  t  d       total energy    change  change    error 
  
etot    1  N  N  2  U   -1765.26431549321           3.7E-05  6.7E-04
etot    2  N  Y  2  U   -1765.26461279711  3.0E-04  1.3E-05  1.7E-04
etot    3  N  Y  2  U   -1765.26458680253 -2.6E-05  9.0E-06  5.1E-04
etot    4  N  Y  2  U   -1765.26461772052  3.1E-05  1.9E-06  8.2E-05
etot    5  N  N  2  U   -1765.26461819802  4.8E-07  0.0E+00  0.0E+00
scf (DFT) done.
der1a (1-e 1st deriv.) done.
rwr (1st deriv. Q) done.
der1b (2-e 1st deriv.) done.
  Geometry optimization step  63
  Total energy:     -1765.32225579517 hartrees
  energy change:          -3.0017E-05 *  (  5.0000E-05 )
  gradient maximum:        8.6974E-04 .  (  4.5000E-04 )
  gradient rms:            1.3180E-04 *  (  3.0000E-04 )
  displacement maximum:    1.7599E-02 .  (  1.8000E-03 )
  displacement rms:        2.4975E-03 .  (  1.2000E-03 )
  
  predicted energy change: -1.5817E-05
  step size:     0.03755
  trust radius:  0.03750
---------------- geometry iteration  63 complete ----------------
geopt (optimize geometry) done.
onee (1-electron integrals) done.
probe (project orbitals) done.
grid (grid generation) done.
rwr (Q operators) done.
  
       i  u  d  i  g
       t  p  i  c  r                                 RMS    maximum
       e  d  i  u  i                       energy  density   DIIS  
       r  t  s  t  d       total energy    change  change    error 
  
etot    1  N  N  2  U   -1765.26353239697           6.8E-05  1.5E-03
etot    2  Y  Y  6  M   -1765.26469066489  1.2E-03  1.3E-05  1.6E-04
etot    3  N  Y  2  U   -1765.26466123447 -2.9E-05  1.1E-05  3.8E-04
etot    4  N  Y  2  U   -1765.26468936301  2.8E-05  3.2E-06  1.3E-04
etot    5  N  N  2  U   -1765.26469148265  2.1E-06  0.0E+00  0.0E+00
scf (DFT) done.
der1a (1-e 1st deriv.) done.
rwr (1st deriv. Q) done.
der1b (2-e 1st deriv.) done.
  Geometry optimization step  64
  Total energy:     -1765.32234127000 hartrees
  energy change:          -8.5475E-05 .  (  5.0000E-05 )
  gradient maximum:        7.8091E-04 .  (  4.5000E-04 )
  gradient rms:            1.3788E-04 *  (  3.0000E-04 )
  displacement maximum:    7.0576E-03 .  (  1.8000E-03 )
  displacement rms:        1.3085E-03 .  (  1.2000E-03 )
  
  predicted energy change: -4.6344E-06
  step size:     0.01967
  trust radius:  0.01875
---------------- geometry iteration  64 complete ----------------
geopt (optimize geometry) done.
onee (1-electron integrals) done.
probe (project orbitals) done.
grid (grid generation) done.
rwr (Q operators) done.
  
       i  u  d  i  g
       t  p  i  c  r                                 RMS    maximum
       e  d  i  u  i                       energy  density   DIIS  
       r  t  s  t  d       total energy    change  change    error 
  
etot    1  N  N  2  U   -1765.26459427671           2.5E-05  7.1E-04
etot    2  N  Y  2  U   -1765.26472970664  1.4E-04  9.3E-06  1.2E-04
etot    3  N  Y  2  U   -1765.26471300556 -1.7E-05  7.2E-06  3.6E-04
etot    4  N  Y  2  U   -1765.26473222840  1.9E-05  1.6E-06  4.7E-05
etot    5  N  N  2  U   -1765.26473266837  4.4E-07  0.0E+00  0.0E+00
scf (DFT) done.
der1a (1-e 1st deriv.) done.
rwr (1st deriv. Q) done.
der1b (2-e 1st deriv.) done.
  Geometry optimization step  65
  Total energy:     -1765.32237171488 hartrees
  energy change:          -3.0445E-05 *  (  5.0000E-05 )
  gradient maximum:        4.9530E-04 .  (  4.5000E-04 )
  gradient rms:            6.6908E-05 *  (  3.0000E-04 )
  displacement maximum:    4.7837E-03 .  (  1.8000E-03 )
  displacement rms:        9.1167E-04 *  (  1.2000E-03 )
  
  predicted energy change: -2.3006E-06
  step size:     0.01371
  trust radius:  0.02652
---------------- geometry iteration  65 complete ----------------
geopt (optimize geometry) done.
onee (1-electron integrals) done.
probe (project orbitals) done.
grid (grid generation) done.
rwr (Q operators) done.
  
       i  u  d  i  g
       t  p  i  c  r                                 RMS    maximum
       e  d  i  u  i                       energy  density   DIIS  
       r  t  s  t  d       total energy    change  change    error 
  
etot    1  N  N  2  U   -1765.26462532401           7.1E-04  1.7E-02
etot    2  Y  Y  6  M   -1765.26512315309  5.0E-04  8.0E-06  2.9E-04
etot    3  N  Y  2  U   -1765.26514797931  2.5E-05  5.6E-06  2.6E-04
etot    4  N  Y  2  U   -1765.26515492335  6.9E-06  1.9E-06  1.8E-04
etot    5  N  N  2  U   -1765.26515568646  7.6E-07  0.0E+00  0.0E+00
scf (DFT) done.
der1a (1-e 1st deriv.) done.
rwr (1st deriv. Q) done.
der1b (2-e 1st deriv.) done.
  Geometry optimization step  66
  Total energy:     -1765.32278196993 hartrees
  energy change:          -4.1026E-04 .  (  5.0000E-05 )
  gradient maximum:        3.8285E-04 *  (  4.5000E-04 )
  gradient rms:            6.8238E-05 *  (  3.0000E-04 )
  displacement maximum:    5.0651E-03 .  (  1.8000E-03 )
  displacement rms:        9.6667E-04 *  (  1.2000E-03 )
  
  predicted energy change: -1.9894E-06
  step size:     0.01453
  trust radius:  0.02652
---------------- geometry iteration  66 complete ----------------
geopt (optimize geometry) done.
onee (1-electron integrals) done.
probe (project orbitals) done.
grid (grid generation) done.
rwr (Q operators) done.
  
       i  u  d  i  g
       t  p  i  c  r                                 RMS    maximum
       e  d  i  u  i                       energy  density   DIIS  
       r  t  s  t  d       total energy    change  change    error 
  
etot    1  N  N  2  U   -1765.26498007854           2.5E-05  4.7E-04
etot    2  N  Y  2  U   -1765.26512643956  1.5E-04  4.7E-06  5.3E-05
etot    3  N  N  2  U   -1765.26512459106 -1.8E-06  0.0E+00  0.0E+00
scf (DFT) done.
der1a (1-e 1st deriv.) done.
rwr (1st deriv. Q) done.
der1b (2-e 1st deriv.) done.
  Geometry optimization step  67
  Total energy:     -1765.32275168573 hartrees
  energy change:           3.0284E-05 *  (  5.0000E-05 )
  gradient maximum:        5.0104E-04 .  (  4.5000E-04 )
  gradient rms:            1.0330E-04 *  (  3.0000E-04 )
  displacement maximum:    4.9957E-03 .  (  1.8000E-03 )
  displacement rms:        8.8402E-04 *  (  1.2000E-03 )
  
  predicted energy change: -2.5346E-06
  step size:     0.01329
  trust radius:  0.01326
---------------- geometry iteration  67 complete ----------------
geopt (optimize geometry) done.
onee (1-electron integrals) done.
probe (project orbitals) done.
grid (grid generation) done.
rwr (Q operators) done.
  
       i  u  d  i  g
       t  p  i  c  r                                 RMS    maximum
       e  d  i  u  i                       energy  density   DIIS  
       r  t  s  t  d       total energy    change  change    error 
  
etot    1  N  N  2  U   -1765.26509223148           2.5E-05  5.2E-04
etot    2  N  Y  2  U   -1765.26514300254  5.1E-05  1.6E-05  2.3E-04
etot    3  N  Y  2  U   -1765.26513362712 -9.4E-06  9.3E-06  3.4E-04
etot    4  N  Y  2  U   -1765.26516157780  2.8E-05  2.0E-06  8.3E-05
etot    5  N  N  2  U   -1765.26516299309  1.4E-06  0.0E+00  0.0E+00
scf (DFT) done.
der1a (1-e 1st deriv.) done.
rwr (1st deriv. Q) done.
der1b (2-e 1st deriv.) done.
  Geometry optimization step  68
  Total energy:     -1765.32279870259 hartrees
  energy change:          -4.7017E-05 *  (  5.0000E-05 )
  gradient maximum:        2.3709E-04 *  (  4.5000E-04 )
  gradient rms:            4.1200E-05 #  (  3.0000E-04 )
  displacement maximum:    2.0395E-03 .  (  1.8000E-03 )
  displacement rms:        3.9759E-04 *  (  1.2000E-03 )
  
  predicted energy change: -8.2501E-07
  step size:     0.00598
  trust radius:  0.02652
------------- final geometry iteration  68 complete -------------
geopt (optimize geometry) done.
cutabab2 (abab integrals) done.
der2a (1-e JK-1st deriv.) done.
der2b (2-e JK-1st deriv.) done.
der2nda (1-e 2nd deriv.) done.
der2ndb (2-e 2nd deriv.) done.
rwr (Q operators) done.
cphfa (gradient of wave function) done.
freq (vib. frequencies) done.
Job J1_10381_2111 completed on hpc-90-26.cm.cluster at Wed May 29 14:23:33 2024
Timer (jaguar_backend.py) : 6584.33 secs (1 hrs, 49 mins, 44 secs)
Finished:   Wed May 29 14:23:33 2024
