Command:  /groups/wag/programs/Schrodinger_2020_3/jaguar run -WAIT -PARALLEL 8 /central/home/labounad/wittig-ch121/out/J1_8108_2111/J1_8108_2111.in
Release:  2020-3
Exec:     /groups/wag/programs/Schrodinger_2020_3/jaguar-v10.9/bin/Linux-x86_64
Host:     hpc-24-16.cm.cluster
JobId:    hpc-24-16-0-6656e92c
JobDir:   /central/scratch/labounad/J1_8108_2111#hpc-24-16-0-6656e92c
Date:     Wed May 29 01:37:01 2024

Contents of /central/scratch/labounad/J1_8108_2111#hpc-24-16-0-6656e92c:
/central/scratch/labounad/J1_8108_2111#hpc-24-16-0-6656e92c/hpc-24-16-0-6656e92c.recover
/central/scratch/labounad/J1_8108_2111#hpc-24-16-0-6656e92c/.write_dir.json
/central/scratch/labounad/J1_8108_2111#hpc-24-16-0-6656e92c/J1_8108_2111.recover
/central/scratch/labounad/J1_8108_2111#hpc-24-16-0-6656e92c/hpc-24-16-0-6656e92c.mpinodes
/central/scratch/labounad/J1_8108_2111#hpc-24-16-0-6656e92c/J1_8108_2111.log
/central/scratch/labounad/J1_8108_2111#hpc-24-16-0-6656e92c/hpc-24-16-0-6656e92c
/central/scratch/labounad/J1_8108_2111#hpc-24-16-0-6656e92c/J1_8108_2111.in
/central/scratch/labounad/J1_8108_2111#hpc-24-16-0-6656e92c/hpc-24-16-0-6656e92c.nodes

Executing subprocess:
/groups/wag/programs/Schrodinger_2020_3/jaguar-v10.9/bin/Linux-x86_64/jexec J1_8108_2111.in -T 8 -out /central/scratch/labounad/J1_8108_2111#hpc-24-16-0-6656e92c -cwd

Job J1_8108_2111 started on hpc-24-16.cm.cluster at Wed May 29 01:37:02 2024
jobid: hpc-24-16-0-6656e92c 
Jaguar version 10.9, release 139
 Using up to   8 threads per process
Molecular Point Group: C1      
Point Group used: C1
pre (input checking) done.
onee (1-electron integrals) done.
hfig (HF initial guess) done.
probe (project orbitals) done.
grid (grid generation) done.
rwr (Q operators) done.
scf type: DFT=PBE(X+LC)+PW91 (PBE-D3)
  
       i  u  d  i  g
       t  p  i  c  r                                 RMS    maximum
       e  d  i  u  i                       energy  density   DIIS  
       r  t  s  t  d       total energy    change  change    error 
  
etot    1  N  N  5  M    -387.83388790344           7.5E-03  1.7E-01
etot    2  Y  Y  6  M    -388.54803432534  7.1E-01  6.6E-03  1.2E-01
etot    3  Y  Y  6  M    -388.79038623150  2.4E-01  3.5E-03  1.7E-01
etot    4  N  Y  2  U    -389.12267874833  3.3E-01  1.6E-03  5.5E-02
etot    5  Y  Y  6  M    -389.18740615479  6.5E-02  5.0E-04  6.8E-03
etot    6  N  Y  2  U    -389.19123836665  3.8E-03  1.8E-04  5.4E-03
etot    7  Y  Y  6  M    -389.19201004299  7.7E-04  7.1E-05  1.2E-03
etot    8  Y  Y  6  M    -389.19209844973  8.8E-05  2.4E-05  3.5E-04
etot    9  N  Y  2  U    -389.19206890351 -3.0E-05  7.4E-06  1.1E-04
etot   10  N  Y  2  U    -389.19206988049  9.8E-07  2.1E-06  2.1E-05
etot   11  N  N  2  U    -389.19206993636  5.6E-08  0.0E+00  0.0E+00
scf (DFT) done.
der1a (1-e 1st deriv.) done.
rwr (1st deriv. Q) done.
der1b (2-e 1st deriv.) done.
  Geometry optimization step   1
  Total energy:      -389.20511179155 hartrees
  gradient maximum:        2.2925E-02 .  (  4.5000E-04 )
  gradient rms:            5.6902E-03 .  (  3.0000E-04 )
  displacement maximum:    8.3541E-02 .  (  1.8000E-03 )
  displacement rms:        2.5183E-02 .  (  1.2000E-03 )
  
  predicted energy change: -3.6933E-03
  step size:     0.20918
  trust radius:  0.30000
---------------- geometry iteration   1 complete ----------------
geopt (optimize geometry) done.
onee (1-electron integrals) done.
probe (project orbitals) done.
grid (grid generation) done.
rwr (Q operators) done.
  
       i  u  d  i  g
       t  p  i  c  r                                 RMS    maximum
       e  d  i  u  i                       energy  density   DIIS  
       r  t  s  t  d       total energy    change  change    error 
  
etot    1  N  N  2  U    -389.18730962849           6.3E-04  5.6E-03
etot    2  Y  Y  6  M    -389.19494407135  7.6E-03  2.9E-04  4.4E-03
etot    3  N  Y  2  U    -389.19277858603 -2.2E-03  2.2E-04  1.2E-02
etot    4  Y  Y  6  M    -389.19550284367  2.7E-03  4.0E-05  1.1E-03
etot    5  N  Y  2  U    -389.19551243193  9.6E-06  1.2E-05  1.9E-04
etot    6  N  Y  2  U    -389.19551669548  4.3E-06  2.7E-06  4.4E-05
etot    7  N  N  2  U    -389.19551677081  7.5E-08  0.0E+00  0.0E+00
scf (DFT) done.
der1a (1-e 1st deriv.) done.
rwr (1st deriv. Q) done.
der1b (2-e 1st deriv.) done.
  Geometry optimization step   2
  Total energy:      -389.20858493980 hartrees
  energy change:          -3.4731E-03 .  (  5.0000E-05 )
  gradient maximum:        7.8913E-03 .  (  4.5000E-04 )
  gradient rms:            2.2017E-03 .  (  3.0000E-04 )
  displacement maximum:    1.6344E-01 .  (  1.8000E-03 )
  displacement rms:        2.5217E-02 .  (  1.2000E-03 )
  
  predicted energy change: -8.7398E-04
  step size:     0.20947
  trust radius:  0.30000
---------------- geometry iteration   2 complete ----------------
geopt (optimize geometry) done.
onee (1-electron integrals) done.
probe (project orbitals) done.
grid (grid generation) done.
rwr (Q operators) done.
  
       i  u  d  i  g
       t  p  i  c  r                                 RMS    maximum
       e  d  i  u  i                       energy  density   DIIS  
       r  t  s  t  d       total energy    change  change    error 
  
etot    1  N  N  2  U    -389.17524733170           1.0E-03  1.2E-02
etot    2  Y  Y  6  M    -389.19594460254  2.1E-02  2.8E-04  4.4E-03
etot    3  N  Y  2  U    -389.19457553926 -1.4E-03  2.2E-04  1.1E-02
etot    4  Y  Y  6  M    -389.19640191931  1.8E-03  4.9E-05  1.9E-03
etot    5  N  Y  2  U    -389.19653200171  1.3E-04  1.0E-05  1.6E-04
etot    6  N  Y  2  U    -389.19653573752  3.7E-06  3.3E-06  5.2E-05
etot    7  N  N  2  U    -389.19653586593  1.3E-07  0.0E+00  0.0E+00
scf (DFT) done.
der1a (1-e 1st deriv.) done.
rwr (1st deriv. Q) done.
der1b (2-e 1st deriv.) done.
  Geometry optimization step   3
  Total energy:      -389.20956245430 hartrees
  energy change:          -9.7751E-04 .  (  5.0000E-05 )
  gradient maximum:        5.6573E-03 .  (  4.5000E-04 )
  gradient rms:            1.5887E-03 .  (  3.0000E-04 )
  displacement maximum:    2.8336E-01 .  (  1.8000E-03 )
  displacement rms:        3.6146E-02 .  (  1.2000E-03 )
  
  predicted energy change: -1.0545E-03
  step size:     0.30025
  trust radius:  0.30000
---------------- geometry iteration   3 complete ----------------
geopt (optimize geometry) done.
onee (1-electron integrals) done.
probe (project orbitals) done.
grid (grid generation) done.
rwr (Q operators) done.
  
       i  u  d  i  g
       t  p  i  c  r                                 RMS    maximum
       e  d  i  u  i                       energy  density   DIIS  
       r  t  s  t  d       total energy    change  change    error 
  
etot    1  N  N  2  U    -389.15718919630           1.5E-03  2.1E-02
etot    2  Y  Y  6  M    -389.19664089682  3.9E-02  4.0E-04  6.2E-03
etot    3  N  Y  2  U    -389.19368547394 -3.0E-03  3.1E-04  1.5E-02
etot    4  Y  Y  6  M    -389.19761193471  3.9E-03  7.4E-05  2.8E-03
etot    5  Y  Y  6  M    -389.19781787858  2.1E-04  1.3E-05  1.6E-04
etot    6  N  Y  2  U    -389.19783059581  1.3E-05  5.0E-06  1.2E-04
etot    7  N  Y  2  U    -389.19783110039  5.0E-07  3.0E-06  5.6E-05
etot    8  N  N  2  U    -389.19783112304  2.3E-08  0.0E+00  0.0E+00
scf (DFT) done.
der1a (1-e 1st deriv.) done.
rwr (1st deriv. Q) done.
der1b (2-e 1st deriv.) done.
  Geometry optimization step   4
  Total energy:      -389.21087718297 hartrees
  energy change:          -1.3147E-03 .  (  5.0000E-05 )
  gradient maximum:        6.3196E-03 .  (  4.5000E-04 )
  gradient rms:            1.6514E-03 .  (  3.0000E-04 )
  displacement maximum:    2.8577E-01 .  (  1.8000E-03 )
  displacement rms:        3.6117E-02 .  (  1.2000E-03 )
  
  predicted energy change: -8.5596E-04
  step size:     0.30001
  trust radius:  0.30000
---------------- geometry iteration   4 complete ----------------
geopt (optimize geometry) done.
onee (1-electron integrals) done.
probe (project orbitals) done.
grid (grid generation) done.
rwr (Q operators) done.
  
       i  u  d  i  g
       t  p  i  c  r                                 RMS    maximum
       e  d  i  u  i                       energy  density   DIIS  
       r  t  s  t  d       total energy    change  change    error 
  
etot    1  N  N  2  U    -389.15669905263           1.5E-03  1.6E-02
etot    2  Y  Y  6  M    -389.19651056480  4.0E-02  5.2E-04  8.6E-03
etot    3  N  Y  2  U    -389.19103566186 -5.5E-03  4.0E-04  2.0E-02
etot    4  N  Y  2  U    -389.19816379238  7.1E-03  7.3E-05  2.1E-03
etot    5  Y  Y  6  M    -389.19832249689  1.6E-04  1.4E-05  2.4E-04
etot    6  N  Y  2  U    -389.19833177975  9.3E-06  4.0E-06  4.5E-05
etot    7  N  N  2  U    -389.19833212059  3.4E-07  0.0E+00  0.0E+00
scf (DFT) done.
der1a (1-e 1st deriv.) done.
rwr (1st deriv. Q) done.
der1b (2-e 1st deriv.) done.
  Geometry optimization step   5
  Total energy:      -389.21133436369 hartrees
  energy change:          -4.5718E-04 .  (  5.0000E-05 )
  gradient maximum:        6.5648E-03 .  (  4.5000E-04 )
  gradient rms:            1.6512E-03 .  (  3.0000E-04 )
  displacement maximum:    5.8493E-02 .  (  1.8000E-03 )
  displacement rms:        1.1005E-02 .  (  1.2000E-03 )
  
  predicted energy change: -2.9886E-04
  step size:     0.09141
  trust radius:  0.30000
---------------- geometry iteration   5 complete ----------------
geopt (optimize geometry) done.
onee (1-electron integrals) done.
probe (project orbitals) done.
grid (grid generation) done.
rwr (Q operators) done.
  
       i  u  d  i  g
       t  p  i  c  r                                 RMS    maximum
       e  d  i  u  i                       energy  density   DIIS  
       r  t  s  t  d       total energy    change  change    error 
  
etot    1  N  N  2  U    -389.19616592710           3.5E-04  3.1E-03
etot    2  Y  Y  6  M    -389.19861252151  2.4E-03  6.8E-05  6.6E-04
etot    3  Y  Y  6  M    -389.19857305150 -3.9E-05  5.2E-05  1.9E-03
etot    4  N  Y  2  U    -389.19863785176  6.5E-05  2.1E-05  8.8E-04
etot    5  N  Y  2  U    -389.19865335960  1.6E-05  4.4E-06  8.5E-05
etot    6  N  N  2  U    -389.19865403825  6.8E-07  0.0E+00  0.0E+00
scf (DFT) done.
der1a (1-e 1st deriv.) done.
rwr (1st deriv. Q) done.
der1b (2-e 1st deriv.) done.
  Geometry optimization step   6
  Total energy:      -389.21166200927 hartrees
  energy change:          -3.2765E-04 .  (  5.0000E-05 )
  gradient maximum:        1.6360E-03 .  (  4.5000E-04 )
  gradient rms:            4.2870E-04 .  (  3.0000E-04 )
  displacement maximum:    5.0837E-02 .  (  1.8000E-03 )
  displacement rms:        7.0662E-03 .  (  1.2000E-03 )
  
  predicted energy change: -4.7908E-05
  step size:     0.05870
  trust radius:  0.30000
---------------- geometry iteration   6 complete ----------------
geopt (optimize geometry) done.
onee (1-electron integrals) done.
probe (project orbitals) done.
grid (grid generation) done.
rwr (Q operators) done.
  
       i  u  d  i  g
       t  p  i  c  r                                 RMS    maximum
       e  d  i  u  i                       energy  density   DIIS  
       r  t  s  t  d       total energy    change  change    error 
  
etot    1  N  N  2  U    -389.19716521552           2.7E-04  3.8E-03
etot    2  Y  Y  6  M    -389.19869284461  1.5E-03  5.0E-05  6.8E-04
etot    3  N  Y  2  U    -389.19870033751  7.5E-06  3.7E-05  8.1E-04
etot    4  N  Y  2  U    -389.19871191993  1.2E-05  1.7E-05  7.9E-04
etot    5  N  Y  2  U    -389.19872546786  1.4E-05  3.3E-06  9.6E-05
etot    6  N  N  2  U    -389.19872589793  4.3E-07  0.0E+00  0.0E+00
scf (DFT) done.
der1a (1-e 1st deriv.) done.
rwr (1st deriv. Q) done.
der1b (2-e 1st deriv.) done.
  Geometry optimization step   7
  Total energy:      -389.21173213599 hartrees
  energy change:          -7.0127E-05 .  (  5.0000E-05 )
  gradient maximum:        1.5756E-03 .  (  4.5000E-04 )
  gradient rms:            3.0752E-04 .  (  3.0000E-04 )
  displacement maximum:    5.0880E-02 .  (  1.8000E-03 )
  displacement rms:        8.4049E-03 .  (  1.2000E-03 )
  
  predicted energy change: -2.6225E-05
  step size:     0.06982
  trust radius:  0.30000
---------------- geometry iteration   7 complete ----------------
geopt (optimize geometry) done.
onee (1-electron integrals) done.
probe (project orbitals) done.
grid (grid generation) done.
rwr (Q operators) done.
  
       i  u  d  i  g
       t  p  i  c  r                                 RMS    maximum
       e  d  i  u  i                       energy  density   DIIS  
       r  t  s  t  d       total energy    change  change    error 
  
etot    1  N  N  2  U    -389.19700200199           2.8E-04  3.2E-03
etot    2  Y  Y  6  M    -389.19873624212  1.7E-03  4.9E-05  6.5E-04
etot    3  N  Y  2  U    -389.19875042274  1.4E-05  3.6E-05  8.4E-04
etot    4  N  Y  2  U    -389.19876195295  1.2E-05  1.7E-05  7.8E-04
etot    5  N  Y  2  U    -389.19877510447  1.3E-05  3.3E-06  9.4E-05
etot    6  N  N  2  U    -389.19877555765  4.5E-07  0.0E+00  0.0E+00
scf (DFT) done.
der1a (1-e 1st deriv.) done.
rwr (1st deriv. Q) done.
der1b (2-e 1st deriv.) done.
  Geometry optimization step   8
  Total energy:      -389.21176376070 hartrees
  energy change:          -3.1625E-05 *  (  5.0000E-05 )
  gradient maximum:        9.9146E-04 .  (  4.5000E-04 )
  gradient rms:            2.0681E-04 *  (  3.0000E-04 )
  displacement maximum:    5.9254E-03 .  (  1.8000E-03 )
  displacement rms:        1.3390E-03 .  (  1.2000E-03 )
  
  predicted energy change: -4.3487E-06
  step size:     0.01112
  trust radius:  0.30000
---------------- geometry iteration   8 complete ----------------
geopt (optimize geometry) done.
onee (1-electron integrals) done.
probe (project orbitals) done.
grid (grid generation) done.
rwr (Q operators) done.
  
       i  u  d  i  g
       t  p  i  c  r                                 RMS    maximum
       e  d  i  u  i                       energy  density   DIIS  
       r  t  s  t  d       total energy    change  change    error 
  
etot    1  N  N  2  U    -389.19872024757           5.1E-05  6.9E-04
etot    2  Y  Y  6  M    -389.19878085406  6.1E-05  1.1E-05  1.2E-04
etot    3  N  Y  2  U    -389.19878140604  5.5E-07  7.7E-06  2.0E-04
etot    4  N  Y  2  U    -389.19878270843  1.3E-06  3.2E-06  1.4E-04
etot    5  N  N  2  U    -389.19878307321  3.6E-07  0.0E+00  0.0E+00
scf (DFT) done.
der1a (1-e 1st deriv.) done.
rwr (1st deriv. Q) done.
der1b (2-e 1st deriv.) done.
  Geometry optimization step   9
  Total energy:      -389.21177310640 hartrees
  energy change:          -9.3457E-06 *  (  5.0000E-05 )
  gradient maximum:        1.6508E-04 *  (  4.5000E-04 )
  gradient rms:            5.4976E-05 #  (  3.0000E-04 )
  displacement maximum:    3.3315E-03 .  (  1.8000E-03 )
  displacement rms:        7.2231E-04 *  (  1.2000E-03 )
  
  predicted energy change: -5.5574E-07
  step size:     0.00600
  trust radius:  0.30000
------------- final geometry iteration   9 complete -------------
geopt (optimize geometry) done.
cutabab2 (abab integrals) done.
der2a (1-e JK-1st deriv.) done.
der2b (2-e JK-1st deriv.) done.
der2nda (1-e 2nd deriv.) done.
der2ndb (2-e 2nd deriv.) done.
rwr (Q operators) done.
cphfa (gradient of wave function) done.
freq (vib. frequencies) done.
Job J1_8108_2111 completed on hpc-24-16.cm.cluster at Wed May 29 01:43:09 2024
Timer (jaguar_backend.py) : 367.76 secs (0 hrs, 06 mins, 07 secs)
Finished:   Wed May 29 01:43:09 2024
