Command:  /groups/wag/programs/Schrodinger_2020_3/jaguar run -WAIT -PARALLEL 8 /central/home/labounad/wittig-ch121/out/J1_10535_2111/J1_10535_2111.in
Release:  2020-3
Exec:     /groups/wag/programs/Schrodinger_2020_3/jaguar-v10.9/bin/Linux-x86_64
Host:     hpc-21-31.cm.cluster
JobId:    hpc-21-31-0-6657484c
JobDir:   /central/scratch/labounad/J1_10535_2111#hpc-21-31-0-6657484c
Date:     Wed May 29 08:22:54 2024

Contents of /central/scratch/labounad/J1_10535_2111#hpc-21-31-0-6657484c:
/central/scratch/labounad/J1_10535_2111#hpc-21-31-0-6657484c/.write_dir.json
/central/scratch/labounad/J1_10535_2111#hpc-21-31-0-6657484c/J1_10535_2111.in
/central/scratch/labounad/J1_10535_2111#hpc-21-31-0-6657484c/hpc-21-31-0-6657484c.mpinodes
/central/scratch/labounad/J1_10535_2111#hpc-21-31-0-6657484c/hpc-21-31-0-6657484c
/central/scratch/labounad/J1_10535_2111#hpc-21-31-0-6657484c/hpc-21-31-0-6657484c.nodes
/central/scratch/labounad/J1_10535_2111#hpc-21-31-0-6657484c/hpc-21-31-0-6657484c.recover
/central/scratch/labounad/J1_10535_2111#hpc-21-31-0-6657484c/J1_10535_2111.recover
/central/scratch/labounad/J1_10535_2111#hpc-21-31-0-6657484c/J1_10535_2111.log

Executing subprocess:
/groups/wag/programs/Schrodinger_2020_3/jaguar-v10.9/bin/Linux-x86_64/jexec J1_10535_2111.in -T 8 -out /central/scratch/labounad/J1_10535_2111#hpc-21-31-0-6657484c -cwd

Job J1_10535_2111 started on hpc-21-31.cm.cluster at Wed May 29 08:22:54 2024
jobid: hpc-21-31-0-6657484c 
Jaguar version 10.9, release 139
 Using up to   8 threads per process
Molecular Point Group: C1      
Point Group used: C1
pre (input checking) done.
onee (1-electron integrals) done.
hfig (HF initial guess) done.
probe (project orbitals) done.
grid (grid generation) done.
rwr (Q operators) done.
scf type: DFT=PBE(X+LC)+PW91 (PBE-D3)
  
       i  u  d  i  g
       t  p  i  c  r                                 RMS    maximum
       e  d  i  u  i                       energy  density   DIIS  
       r  t  s  t  d       total energy    change  change    error 
  
etot    1  N  N  5  M   -1393.31889356843           5.9E-03  1.2E-01
etot    2  Y  Y  6  M   -1391.48461323657 -1.8E+00  7.4E-03  1.0E-01
etot    3  Y  Y  6  M   -1391.73342353029  2.5E-01  5.6E-03  1.3E-01
etot    4  N  Y  2  U   -1396.74925594730  5.0E+00  2.0E-03  4.3E-02
etot    5  Y  Y  6  M   -1396.85210750385  1.0E-01  1.2E-03  2.6E-02
etot    6  N  Y  2  U   -1397.07350033923  2.2E-01  4.2E-04  1.4E-02
etot    7  Y  Y  6  M   -1397.08893143700  1.5E-02  2.3E-04  1.1E-02
etot    8  N  Y  2  U   -1397.10097567277  1.2E-02  7.1E-05  2.3E-03
etot    9  Y  Y  6  M   -1397.10229553674  1.3E-03  2.2E-05  5.0E-04
etot   10  N  Y  2  U   -1397.10227880086 -1.7E-05  1.2E-05  3.0E-04
etot   11  N  Y  2  U   -1397.10229879595  2.0E-05  4.3E-06  7.5E-05
etot   12  N  N  2  U   -1397.10230058178  1.8E-06  0.0E+00  0.0E+00
scf (DFT) done.
der1a (1-e 1st deriv.) done.
rwr (1st deriv. Q) done.
der1b (2-e 1st deriv.) done.
  Geometry optimization step   1
  Total energy:     -1397.15872248106 hartrees
  gradient maximum:        3.9333E-02 .  (  4.5000E-04 )
  gradient rms:            7.7545E-03 .  (  3.0000E-04 )
  displacement maximum:    1.0760E-01 .  (  1.8000E-03 )
  displacement rms:        1.9584E-02 .  (  1.2000E-03 )
  
  predicted energy change: -2.3047E-02
  step size:     0.30021
  trust radius:  0.30000
---------------- geometry iteration   1 complete ----------------
geopt (optimize geometry) done.
onee (1-electron integrals) done.
probe (project orbitals) done.
grid (grid generation) done.
rwr (Q operators) done.
  
       i  u  d  i  g
       t  p  i  c  r                                 RMS    maximum
       e  d  i  u  i                       energy  density   DIIS  
       r  t  s  t  d       total energy    change  change    error 
  
etot    1  N  N  2  U   -1397.11443724502           2.5E-04  3.8E-03
etot    2  Y  Y  6  M   -1397.12340134908  9.0E-03  8.9E-05  1.0E-03
etot    3  N  Y  2  U   -1397.12296811037 -4.3E-04  6.3E-05  1.7E-03
etot    4  Y  Y  6  M   -1397.12367679284  7.1E-04  1.6E-05  4.5E-04
etot    5  N  Y  2  U   -1397.12373647927  6.0E-05  4.8E-06  1.5E-04
etot    6  N  N  2  U   -1397.12374143831  5.0E-06  0.0E+00  0.0E+00
scf (DFT) done.
der1a (1-e 1st deriv.) done.
rwr (1st deriv. Q) done.
der1b (2-e 1st deriv.) done.
  Geometry optimization step   2
  Total energy:     -1397.17919713411 hartrees
  energy change:          -2.0475E-02 .  (  5.0000E-05 )
  gradient maximum:        1.7766E-02 .  (  4.5000E-04 )
  gradient rms:            2.5168E-03 .  (  3.0000E-04 )
  displacement maximum:    8.6362E-02 .  (  1.8000E-03 )
  displacement rms:        1.9576E-02 .  (  1.2000E-03 )
  
  predicted energy change: -5.2578E-03
  step size:     0.30009
  trust radius:  0.30000
---------------- geometry iteration   2 complete ----------------
geopt (optimize geometry) done.
onee (1-electron integrals) done.
probe (project orbitals) done.
grid (grid generation) done.
rwr (Q operators) done.
  
       i  u  d  i  g
       t  p  i  c  r                                 RMS    maximum
       e  d  i  u  i                       energy  density   DIIS  
       r  t  s  t  d       total energy    change  change    error 
  
etot    1  N  N  2  U   -1397.11053405036           2.8E-04  4.8E-03
etot    2  Y  Y  6  M   -1397.12854346319  1.8E-02  8.2E-05  1.0E-03
etot    3  N  Y  2  U   -1397.12792487371 -6.2E-04  6.2E-05  2.1E-03
etot    4  Y  Y  6  M   -1397.12872429109  8.0E-04  1.3E-05  3.8E-04
etot    5  N  Y  2  U   -1397.12874618005  2.2E-05  4.3E-06  1.0E-04
etot    6  N  N  2  U   -1397.12874988079  3.7E-06  0.0E+00  0.0E+00
scf (DFT) done.
der1a (1-e 1st deriv.) done.
rwr (1st deriv. Q) done.
der1b (2-e 1st deriv.) done.
  Geometry optimization step   3
  Total energy:     -1397.18421009733 hartrees
  energy change:          -5.0130E-03 .  (  5.0000E-05 )
  gradient maximum:        6.6143E-03 .  (  4.5000E-04 )
  gradient rms:            1.2826E-03 .  (  3.0000E-04 )
  displacement maximum:    1.0381E-01 .  (  1.8000E-03 )
  displacement rms:        1.9573E-02 .  (  1.2000E-03 )
  
  predicted energy change: -1.6578E-03
  step size:     0.30005
  trust radius:  0.30000
---------------- geometry iteration   3 complete ----------------
geopt (optimize geometry) done.
onee (1-electron integrals) done.
probe (project orbitals) done.
grid (grid generation) done.
rwr (Q operators) done.
  
       i  u  d  i  g
       t  p  i  c  r                                 RMS    maximum
       e  d  i  u  i                       energy  density   DIIS  
       r  t  s  t  d       total energy    change  change    error 
  
etot    1  N  N  2  U   -1397.10725715922           2.9E-04  8.9E-03
etot    2  Y  Y  6  M   -1397.13028720035  2.3E-02  6.4E-05  6.6E-04
etot    3  N  Y  2  U   -1397.12983147221 -4.6E-04  5.0E-05  1.7E-03
etot    4  N  Y  2  U   -1397.13031356086  4.8E-04  1.1E-05  3.1E-04
etot    5  N  Y  2  U   -1397.13032758889  1.4E-05  3.5E-06  9.6E-05
etot    6  N  N  2  U   -1397.13033039759  2.8E-06  0.0E+00  0.0E+00
scf (DFT) done.
der1a (1-e 1st deriv.) done.
rwr (1st deriv. Q) done.
der1b (2-e 1st deriv.) done.
  Geometry optimization step   4
  Total energy:     -1397.18539229164 hartrees
  energy change:          -1.1822E-03 .  (  5.0000E-05 )
  gradient maximum:        5.1590E-03 .  (  4.5000E-04 )
  gradient rms:            1.0033E-03 .  (  3.0000E-04 )
  displacement maximum:    9.0752E-02 .  (  1.8000E-03 )
  displacement rms:        1.9572E-02 .  (  1.2000E-03 )
  
  predicted energy change: -1.2944E-03
  step size:     0.30004
  trust radius:  0.30000
---------------- geometry iteration   4 complete ----------------
geopt (optimize geometry) done.
onee (1-electron integrals) done.
probe (project orbitals) done.
grid (grid generation) done.
rwr (Q operators) done.
  
       i  u  d  i  g
       t  p  i  c  r                                 RMS    maximum
       e  d  i  u  i                       energy  density   DIIS  
       r  t  s  t  d       total energy    change  change    error 
  
etot    1  N  N  2  U   -1397.10435638118           3.0E-04  6.5E-03
etot    2  Y  Y  6  M   -1397.12967930017  2.5E-02  4.0E-05  4.3E-04
etot    3  N  Y  2  U   -1397.12957049039 -1.1E-04  2.9E-05  5.3E-04
etot    4  N  Y  2  U   -1397.12973302199  1.6E-04  8.6E-06  2.1E-04
etot    5  N  Y  2  U   -1397.12974145380  8.4E-06  3.3E-06  1.2E-04
etot    6  N  N  2  U   -1397.12974372726  2.3E-06  0.0E+00  0.0E+00
scf (DFT) done.
der1a (1-e 1st deriv.) done.
rwr (1st deriv. Q) done.
der1b (2-e 1st deriv.) done.
  Geometry optimization step   5
  Total energy:     -1397.18516774615 hartrees
  energy change:           2.2455E-04 .  (  5.0000E-05 )
  gradient maximum:        1.1432E-02 .  (  4.5000E-04 )
  gradient rms:            1.7129E-03 .  (  3.0000E-04 )
  displacement maximum:    7.5200E-02 .  (  1.8000E-03 )
  displacement rms:        1.2207E-02 .  (  1.2000E-03 )
  
  predicted energy change: -8.5237E-04
  step size:     0.18713
  trust radius:  0.30000
---------------- geometry iteration   5 complete ----------------
geopt (optimize geometry) done.
onee (1-electron integrals) done.
probe (project orbitals) done.
grid (grid generation) done.
rwr (Q operators) done.
  
       i  u  d  i  g
       t  p  i  c  r                                 RMS    maximum
       e  d  i  u  i                       energy  density   DIIS  
       r  t  s  t  d       total energy    change  change    error 
  
etot    1  N  N  2  U   -1397.11747215228           2.2E-04  6.0E-03
etot    2  Y  Y  6  M   -1397.13085929957  1.3E-02  2.3E-05  2.4E-04
etot    3  N  Y  2  U   -1397.13079128720 -6.8E-05  1.9E-05  3.7E-04
etot    4  N  Y  2  U   -1397.13082671541  3.5E-05  7.2E-06  2.2E-04
etot    5  N  Y  2  U   -1397.13083763769  1.1E-05  1.8E-06  5.5E-05
etot    6  N  N  2  U   -1397.13083836320  7.3E-07  0.0E+00  0.0E+00
scf (DFT) done.
der1a (1-e 1st deriv.) done.
rwr (1st deriv. Q) done.
der1b (2-e 1st deriv.) done.
  Geometry optimization step   6
  Total energy:     -1397.18598217547 hartrees
  energy change:          -8.1443E-04 .  (  5.0000E-05 )
  gradient maximum:        3.9644E-03 .  (  4.5000E-04 )
  gradient rms:            6.0487E-04 .  (  3.0000E-04 )
  displacement maximum:    6.4126E-02 .  (  1.8000E-03 )
  displacement rms:        1.4321E-02 .  (  1.2000E-03 )
  
  predicted energy change: -3.6288E-04
  step size:     0.21954
  trust radius:  0.30000
---------------- geometry iteration   6 complete ----------------
geopt (optimize geometry) done.
onee (1-electron integrals) done.
probe (project orbitals) done.
grid (grid generation) done.
rwr (Q operators) done.
  
       i  u  d  i  g
       t  p  i  c  r                                 RMS    maximum
       e  d  i  u  i                       energy  density   DIIS  
       r  t  s  t  d       total energy    change  change    error 
  
etot    1  N  N  2  U   -1397.11251911480           2.6E-04  7.7E-03
etot    2  Y  Y  6  M   -1397.13114204244  1.9E-02  3.0E-05  3.5E-04
etot    3  N  Y  2  U   -1397.13104005801 -1.0E-04  2.2E-05  3.9E-04
etot    4  N  Y  2  U   -1397.13111261553  7.3E-05  8.4E-06  2.3E-04
etot    5  N  Y  2  U   -1397.13112367243  1.1E-05  2.7E-06  1.1E-04
etot    6  N  N  2  U   -1397.13112602152  2.3E-06  0.0E+00  0.0E+00
scf (DFT) done.
der1a (1-e 1st deriv.) done.
rwr (1st deriv. Q) done.
der1b (2-e 1st deriv.) done.
  Geometry optimization step   7
  Total energy:     -1397.18632035486 hartrees
  energy change:          -3.3818E-04 .  (  5.0000E-05 )
  gradient maximum:        6.6217E-03 .  (  4.5000E-04 )
  gradient rms:            8.0338E-04 .  (  3.0000E-04 )
  displacement maximum:    1.4538E-01 .  (  1.8000E-03 )
  displacement rms:        1.9570E-02 .  (  1.2000E-03 )
  
  predicted energy change: -5.9461E-04
  step size:     0.30001
  trust radius:  0.30000
---------------- geometry iteration   7 complete ----------------
geopt (optimize geometry) done.
onee (1-electron integrals) done.
probe (project orbitals) done.
grid (grid generation) done.
rwr (Q operators) done.
  
       i  u  d  i  g
       t  p  i  c  r                                 RMS    maximum
       e  d  i  u  i                       energy  density   DIIS  
       r  t  s  t  d       total energy    change  change    error 
  
etot    1  N  N  2  U   -1397.11405635768           2.6E-04  5.7E-03
etot    2  Y  Y  6  M   -1397.13126216076  1.7E-02  2.8E-05  3.0E-04
etot    3  N  Y  2  U   -1397.13124824368 -1.4E-05  1.7E-05  2.4E-04
etot    4  N  Y  2  U   -1397.13128535084  3.7E-05  6.4E-06  1.7E-04
etot    5  N  Y  2  U   -1397.13129083461  5.5E-06  2.4E-06  9.8E-05
etot    6  N  N  2  U   -1397.13129178021  9.5E-07  0.0E+00  0.0E+00
scf (DFT) done.
der1a (1-e 1st deriv.) done.
rwr (1st deriv. Q) done.
der1b (2-e 1st deriv.) done.
  Geometry optimization step   8
  Total energy:     -1397.18631252800 hartrees
  energy change:           7.8269E-06 *  (  5.0000E-05 )
  gradient maximum:        7.4382E-03 .  (  4.5000E-04 )
  gradient rms:            1.0811E-03 .  (  3.0000E-04 )
  displacement maximum:    8.6102E-02 .  (  1.8000E-03 )
  displacement rms:        1.3542E-02 .  (  1.2000E-03 )
  
  predicted energy change: -6.4313E-04
  step size:     0.20759
  trust radius:  0.30000
---------------- geometry iteration   8 complete ----------------
geopt (optimize geometry) done.
onee (1-electron integrals) done.
probe (project orbitals) done.
grid (grid generation) done.
rwr (Q operators) done.
  
       i  u  d  i  g
       t  p  i  c  r                                 RMS    maximum
       e  d  i  u  i                       energy  density   DIIS  
       r  t  s  t  d       total energy    change  change    error 
  
etot    1  N  N  2  U   -1397.11032202778           2.8E-04  6.6E-03
etot    2  Y  Y  6  M   -1397.13096488058  2.1E-02  3.5E-05  6.8E-04
etot    3  N  Y  2  U   -1397.13093746589 -2.7E-05  2.2E-05  5.5E-04
etot    4  N  Y  2  U   -1397.13103782789  1.0E-04  7.9E-06  2.0E-04
etot    5  N  Y  2  U   -1397.13104536457  7.5E-06  3.2E-06  1.4E-04
etot    6  N  N  2  U   -1397.13104867929  3.3E-06  0.0E+00  0.0E+00
scf (DFT) done.
der1a (1-e 1st deriv.) done.
rwr (1st deriv. Q) done.
der1b (2-e 1st deriv.) done.
  Geometry optimization step   9
  Total energy:     -1397.18626908078 hartrees
  energy change:           4.3447E-05 *  (  5.0000E-05 )
  gradient maximum:        8.8836E-03 .  (  4.5000E-04 )
  gradient rms:            8.6629E-04 .  (  3.0000E-04 )
  displacement maximum:    5.4316E-02 .  (  1.8000E-03 )
  displacement rms:        8.6696E-03 .  (  1.2000E-03 )
  
  predicted energy change: -2.5028E-04
  step size:     0.13290
  trust radius:  0.30000
---------------- geometry iteration   9 complete ----------------
geopt (optimize geometry) done.
onee (1-electron integrals) done.
probe (project orbitals) done.
grid (grid generation) done.
rwr (Q operators) done.
  
       i  u  d  i  g
       t  p  i  c  r                                 RMS    maximum
       e  d  i  u  i                       energy  density   DIIS  
       r  t  s  t  d       total energy    change  change    error 
  
etot    1  N  N  2  U   -1397.12605674865           1.5E-04  3.4E-03
etot    2  Y  Y  6  M   -1397.13167828331  5.6E-03  2.1E-05  3.3E-04
etot    3  N  Y  2  U   -1397.13165633151 -2.2E-05  1.3E-05  2.7E-04
etot    4  N  Y  2  U   -1397.13169115359  3.5E-05  4.3E-06  1.3E-04
etot    5  N  N  2  U   -1397.13169297163  1.8E-06  0.0E+00  0.0E+00
scf (DFT) done.
der1a (1-e 1st deriv.) done.
rwr (1st deriv. Q) done.
der1b (2-e 1st deriv.) done.
  Geometry optimization step  10
  Total energy:     -1397.18676832168 hartrees
  energy change:          -4.9924E-04 .  (  5.0000E-05 )
  gradient maximum:        3.4685E-03 .  (  4.5000E-04 )
  gradient rms:            3.9643E-04 .  (  3.0000E-04 )
  displacement maximum:    4.2850E-02 .  (  1.8000E-03 )
  displacement rms:        5.9155E-03 .  (  1.2000E-03 )
  
  predicted energy change: -6.3372E-05
  step size:     0.09068
  trust radius:  0.30000
---------------- geometry iteration  10 complete ----------------
geopt (optimize geometry) done.
onee (1-electron integrals) done.
probe (project orbitals) done.
grid (grid generation) done.
rwr (Q operators) done.
  
       i  u  d  i  g
       t  p  i  c  r                                 RMS    maximum
       e  d  i  u  i                       energy  density   DIIS  
       r  t  s  t  d       total energy    change  change    error 
  
etot    1  N  N  2  U   -1397.12956623021           9.5E-05  2.1E-03
etot    2  Y  Y  6  M   -1397.13186959408  2.3E-03  1.8E-05  1.6E-04
etot    3  N  Y  2  U   -1397.13182807386 -4.2E-05  1.4E-05  4.2E-04
etot    4  N  Y  2  U   -1397.13186966363  4.2E-05  3.2E-06  1.0E-04
etot    5  N  N  2  U   -1397.13187169142  2.0E-06  0.0E+00  0.0E+00
scf (DFT) done.
der1a (1-e 1st deriv.) done.
rwr (1st deriv. Q) done.
der1b (2-e 1st deriv.) done.
  Geometry optimization step  11
  Total energy:     -1397.18690476371 hartrees
  energy change:          -1.3644E-04 .  (  5.0000E-05 )
  gradient maximum:        1.3108E-03 .  (  4.5000E-04 )
  gradient rms:            2.0242E-04 *  (  3.0000E-04 )
  displacement maximum:    4.3660E-02 .  (  1.8000E-03 )
  displacement rms:        5.3378E-03 .  (  1.2000E-03 )
  
  predicted energy change: -3.0542E-05
  step size:     0.08183
  trust radius:  0.30000
---------------- geometry iteration  11 complete ----------------
geopt (optimize geometry) done.
onee (1-electron integrals) done.
probe (project orbitals) done.
grid (grid generation) done.
rwr (Q operators) done.
  
       i  u  d  i  g
       t  p  i  c  r                                 RMS    maximum
       e  d  i  u  i                       energy  density   DIIS  
       r  t  s  t  d       total energy    change  change    error 
  
etot    1  N  N  2  U   -1397.12913376523           1.0E-04  3.2E-03
etot    2  Y  Y  6  M   -1397.13199156797  2.9E-03  1.1E-05  1.7E-04
etot    3  N  Y  2  U   -1397.13197957310 -1.2E-05  9.3E-06  2.3E-04
etot    4  N  Y  2  U   -1397.13198771572  8.1E-06  3.7E-06  1.5E-04
etot    5  N  N  2  U   -1397.13199168583  4.0E-06  0.0E+00  0.0E+00
scf (DFT) done.
der1a (1-e 1st deriv.) done.
rwr (1st deriv. Q) done.
der1b (2-e 1st deriv.) done.
  Geometry optimization step  12
  Total energy:     -1397.18696928078 hartrees
  energy change:          -6.4517E-05 .  (  5.0000E-05 )
  gradient maximum:        1.2416E-03 .  (  4.5000E-04 )
  gradient rms:            2.1207E-04 *  (  3.0000E-04 )
  displacement maximum:    1.6353E-01 .  (  1.8000E-03 )
  displacement rms:        1.7419E-02 .  (  1.2000E-03 )
  
  predicted energy change: -1.0063E-04
  step size:     0.26702
  trust radius:  0.30000
---------------- geometry iteration  12 complete ----------------
geopt (optimize geometry) done.
onee (1-electron integrals) done.
probe (project orbitals) done.
grid (grid generation) done.
rwr (Q operators) done.
  
       i  u  d  i  g
       t  p  i  c  r                                 RMS    maximum
       e  d  i  u  i                       energy  density   DIIS  
       r  t  s  t  d       total energy    change  change    error 
  
etot    1  N  N  2  U   -1397.09769651487           3.6E-04  1.1E-02
etot    2  Y  Y  6  M   -1397.13214387122  3.4E-02  3.8E-05  5.9E-04
etot    3  N  Y  2  U   -1397.13211176904 -3.2E-05  2.6E-05  4.1E-04
etot    4  N  Y  2  U   -1397.13216596785  5.4E-05  1.1E-05  3.8E-04
etot    5  N  Y  2  U   -1397.13218808523  2.2E-05  3.2E-06  9.1E-05
etot    6  N  N  2  U   -1397.13219009475  2.0E-06  0.0E+00  0.0E+00
scf (DFT) done.
der1a (1-e 1st deriv.) done.
rwr (1st deriv. Q) done.
der1b (2-e 1st deriv.) done.
  Geometry optimization step  13
  Total energy:     -1397.18698535185 hartrees
  energy change:          -1.6071E-05 *  (  5.0000E-05 )
  gradient maximum:        2.4485E-03 .  (  4.5000E-04 )
  gradient rms:            4.6090E-04 .  (  3.0000E-04 )
  displacement maximum:    4.0761E-02 .  (  1.8000E-03 )
  displacement rms:        5.5093E-03 .  (  1.2000E-03 )
  
  predicted energy change: -9.3808E-05
  step size:     0.08446
  trust radius:  0.30000
---------------- geometry iteration  13 complete ----------------
geopt (optimize geometry) done.
onee (1-electron integrals) done.
probe (project orbitals) done.
grid (grid generation) done.
rwr (Q operators) done.
  
       i  u  d  i  g
       t  p  i  c  r                                 RMS    maximum
       e  d  i  u  i                       energy  density   DIIS  
       r  t  s  t  d       total energy    change  change    error 
  
etot    1  N  N  2  U   -1397.12898697467           1.1E-04  3.3E-03
etot    2  Y  Y  6  M   -1397.13227914287  3.3E-03  1.4E-05  1.9E-04
etot    3  N  Y  2  U   -1397.13227009130 -9.1E-06  1.1E-05  2.6E-04
etot    4  N  Y  2  U   -1397.13228274196  1.3E-05  4.2E-06  1.8E-04
etot    5  N  N  2  U   -1397.13228779944  5.1E-06  0.0E+00  0.0E+00
scf (DFT) done.
der1a (1-e 1st deriv.) done.
rwr (1st deriv. Q) done.
der1b (2-e 1st deriv.) done.
  Geometry optimization step  14
  Total energy:     -1397.18713405034 hartrees
  energy change:          -1.4870E-04 .  (  5.0000E-05 )
  gradient maximum:        9.2100E-04 .  (  4.5000E-04 )
  gradient rms:            2.0424E-04 *  (  3.0000E-04 )
  displacement maximum:    6.0898E-02 .  (  1.8000E-03 )
  displacement rms:        7.2760E-03 .  (  1.2000E-03 )
  
  predicted energy change: -5.9143E-05
  step size:     0.11154
  trust radius:  0.30000
---------------- geometry iteration  14 complete ----------------
geopt (optimize geometry) done.
onee (1-electron integrals) done.
probe (project orbitals) done.
grid (grid generation) done.
rwr (Q operators) done.
  
       i  u  d  i  g
       t  p  i  c  r                                 RMS    maximum
       e  d  i  u  i                       energy  density   DIIS  
       r  t  s  t  d       total energy    change  change    error 
  
etot    1  N  N  2  U   -1397.12857427606           1.2E-04  2.6E-03
etot    2  Y  Y  6  M   -1397.13238660631  3.8E-03  1.6E-05  1.4E-04
etot    3  N  Y  2  U   -1397.13235561095 -3.1E-05  1.2E-05  3.6E-04
etot    4  N  Y  2  U   -1397.13238522688  3.0E-05  4.2E-06  1.3E-04
etot    5  N  N  2  U   -1397.13238838995  3.2E-06  0.0E+00  0.0E+00
scf (DFT) done.
der1a (1-e 1st deriv.) done.
rwr (1st deriv. Q) done.
der1b (2-e 1st deriv.) done.
  Geometry optimization step  15
  Total energy:     -1397.18721020732 hartrees
  energy change:          -7.6157E-05 .  (  5.0000E-05 )
  gradient maximum:        8.7119E-04 .  (  4.5000E-04 )
  gradient rms:            1.5473E-04 *  (  3.0000E-04 )
  displacement maximum:    8.5626E-02 .  (  1.8000E-03 )
  displacement rms:        1.0235E-02 .  (  1.2000E-03 )
  
  predicted energy change: -5.8578E-05
  step size:     0.15690
  trust radius:  0.30000
---------------- geometry iteration  15 complete ----------------
geopt (optimize geometry) done.
onee (1-electron integrals) done.
probe (project orbitals) done.
grid (grid generation) done.
rwr (Q operators) done.
  
       i  u  d  i  g
       t  p  i  c  r                                 RMS    maximum
       e  d  i  u  i                       energy  density   DIIS  
       r  t  s  t  d       total energy    change  change    error 
  
etot    1  N  N  2  U   -1397.12552953606           1.6E-04  3.3E-03
etot    2  Y  Y  6  M   -1397.13240512532  6.9E-03  2.2E-05  2.5E-04
etot    3  N  Y  2  U   -1397.13236301408 -4.2E-05  1.8E-05  6.9E-04
etot    4  N  Y  2  U   -1397.13241480315  5.2E-05  5.2E-06  2.0E-04
etot    5  N  Y  2  U   -1397.13241893464  4.1E-06  1.3E-06  3.7E-05
etot    6  N  N  2  U   -1397.13241937849  4.4E-07  0.0E+00  0.0E+00
scf (DFT) done.
der1a (1-e 1st deriv.) done.
rwr (1st deriv. Q) done.
der1b (2-e 1st deriv.) done.
  Geometry optimization step  16
  Total energy:     -1397.18724727935 hartrees
  energy change:          -3.7072E-05 *  (  5.0000E-05 )
  gradient maximum:        1.2097E-03 .  (  4.5000E-04 )
  gradient rms:            2.1090E-04 *  (  3.0000E-04 )
  displacement maximum:    1.9495E-02 .  (  1.8000E-03 )
  displacement rms:        3.5166E-03 .  (  1.2000E-03 )
  
  predicted energy change: -2.4164E-05
  step size:     0.05391
  trust radius:  0.30000
---------------- geometry iteration  16 complete ----------------
geopt (optimize geometry) done.
onee (1-electron integrals) done.
probe (project orbitals) done.
grid (grid generation) done.
rwr (Q operators) done.
  
       i  u  d  i  g
       t  p  i  c  r                                 RMS    maximum
       e  d  i  u  i                       energy  density   DIIS  
       r  t  s  t  d       total energy    change  change    error 
  
etot    1  N  N  2  U   -1397.13156519746           5.7E-05  9.4E-04
etot    2  Y  Y  6  M   -1397.13236777008  8.0E-04  1.1E-05  1.1E-04
etot    3  N  Y  2  U   -1397.13236553266 -2.2E-06  8.7E-06  2.9E-04
etot    4  N  Y  2  U   -1397.13238544368  2.0E-05  2.0E-06  5.1E-05
etot    5  N  N  2  U   -1397.13238605967  6.2E-07  0.0E+00  0.0E+00
scf (DFT) done.
der1a (1-e 1st deriv.) done.
rwr (1st deriv. Q) done.
der1b (2-e 1st deriv.) done.
  Geometry optimization step  17
  Total energy:     -1397.18720739581 hartrees
  energy change:           3.9884E-05 *  (  5.0000E-05 )
  gradient maximum:        7.5426E-04 .  (  4.5000E-04 )
  gradient rms:            1.3240E-04 *  (  3.0000E-04 )
  displacement maximum:    6.0473E-02 .  (  1.8000E-03 )
  displacement rms:        7.5411E-03 .  (  1.2000E-03 )
  
  predicted energy change: -3.0265E-05
  step size:     0.11560
  trust radius:  0.30000
---------------- geometry iteration  17 complete ----------------
geopt (optimize geometry) done.
onee (1-electron integrals) done.
probe (project orbitals) done.
grid (grid generation) done.
rwr (Q operators) done.
  
       i  u  d  i  g
       t  p  i  c  r                                 RMS    maximum
       e  d  i  u  i                       energy  density   DIIS  
       r  t  s  t  d       total energy    change  change    error 
  
etot    1  N  N  2  U   -1397.12841224838           1.2E-04  3.0E-03
etot    2  Y  Y  6  M   -1397.13247529469  4.1E-03  1.5E-05  1.7E-04
etot    3  N  Y  2  U   -1397.13247046996 -4.8E-06  1.2E-05  3.3E-04
etot    4  N  Y  2  U   -1397.13249443686  2.4E-05  4.4E-06  1.4E-04
etot    5  N  N  2  U   -1397.13249882797  4.4E-06  0.0E+00  0.0E+00
scf (DFT) done.
der1a (1-e 1st deriv.) done.
rwr (1st deriv. Q) done.
der1b (2-e 1st deriv.) done.
  Geometry optimization step  18
  Total energy:     -1397.18727627706 hartrees
  energy change:          -6.8881E-05 .  (  5.0000E-05 )
  gradient maximum:        8.0453E-04 .  (  4.5000E-04 )
  gradient rms:            1.5293E-04 *  (  3.0000E-04 )
  displacement maximum:    5.4810E-02 .  (  1.8000E-03 )
  displacement rms:        6.6898E-03 .  (  1.2000E-03 )
  
  predicted energy change: -1.5951E-05
  step size:     0.10255
  trust radius:  0.30000
---------------- geometry iteration  18 complete ----------------
geopt (optimize geometry) done.
onee (1-electron integrals) done.
probe (project orbitals) done.
grid (grid generation) done.
rwr (Q operators) done.
  
       i  u  d  i  g
       t  p  i  c  r                                 RMS    maximum
       e  d  i  u  i                       energy  density   DIIS  
       r  t  s  t  d       total energy    change  change    error 
  
etot    1  N  N  2  U   -1397.12911871539           1.1E-04  2.5E-03
etot    2  Y  Y  6  M   -1397.13231557883  3.2E-03  1.5E-05  1.4E-04
etot    3  N  Y  2  U   -1397.13231832907  2.8E-06  1.2E-05  3.9E-04
etot    4  N  Y  2  U   -1397.13235049413  3.2E-05  3.5E-06  1.2E-04
etot    5  N  N  2  U   -1397.13235324203  2.7E-06  0.0E+00  0.0E+00
scf (DFT) done.
der1a (1-e 1st deriv.) done.
rwr (1st deriv. Q) done.
der1b (2-e 1st deriv.) done.
  Geometry optimization step  19
  Total energy:     -1397.18714976504 hartrees
  energy change:           1.2651E-04 .  (  5.0000E-05 )
  gradient maximum:        7.3251E-04 .  (  4.5000E-04 )
  gradient rms:            1.3479E-04 *  (  3.0000E-04 )
  displacement maximum:    5.2850E-02 .  (  1.8000E-03 )
  displacement rms:        6.6114E-03 .  (  1.2000E-03 )
  
  predicted energy change: -1.6089E-05
  step size:     0.10135
  trust radius:  0.30000
---------------- geometry iteration  19 complete ----------------
geopt (optimize geometry) done.
onee (1-electron integrals) done.
probe (project orbitals) done.
grid (grid generation) done.
rwr (Q operators) done.
  
       i  u  d  i  g
       t  p  i  c  r                                 RMS    maximum
       e  d  i  u  i                       energy  density   DIIS  
       r  t  s  t  d       total energy    change  change    error 
  
etot    1  N  N  2  U   -1397.12855032183           1.2E-04  2.8E-03
etot    2  Y  Y  6  M   -1397.13237479159  3.8E-03  1.3E-05  1.5E-04
etot    3  N  Y  2  U   -1397.13238644104  1.2E-05  1.1E-05  3.7E-04
etot    4  N  Y  2  U   -1397.13240854580  2.2E-05  3.8E-06  1.5E-04
etot    5  N  N  2  U   -1397.13241291379  4.4E-06  0.0E+00  0.0E+00
scf (DFT) done.
der1a (1-e 1st deriv.) done.
rwr (1st deriv. Q) done.
der1b (2-e 1st deriv.) done.
  Geometry optimization step  20
  Total energy:     -1397.18722969383 hartrees
  energy change:          -7.9929E-05 .  (  5.0000E-05 )
  gradient maximum:        7.3466E-04 .  (  4.5000E-04 )
  gradient rms:            1.3804E-04 *  (  3.0000E-04 )
  displacement maximum:    1.3049E-02 .  (  1.8000E-03 )
  displacement rms:        1.7349E-03 .  (  1.2000E-03 )
  
  predicted energy change: -1.0258E-05
  step size:     0.02660
  trust radius:  0.30000
---------------- geometry iteration  20 complete ----------------
geopt (optimize geometry) done.
onee (1-electron integrals) done.
probe (project orbitals) done.
grid (grid generation) done.
rwr (Q operators) done.
  
       i  u  d  i  g
       t  p  i  c  r                                 RMS    maximum
       e  d  i  u  i                       energy  density   DIIS  
       r  t  s  t  d       total energy    change  change    error 
  
etot    1  N  N  2  U   -1397.13200831934           3.3E-05  8.9E-04
etot    2  N  Y  2  U   -1397.13233620793  3.3E-04  4.6E-06  4.3E-05
etot    3  N  Y  2  U   -1397.13233408685 -2.1E-06  3.6E-06  1.1E-04
etot    4  N  N  2  U   -1397.13233698545  2.9E-06  0.0E+00  0.0E+00
scf (DFT) done.
der1a (1-e 1st deriv.) done.
rwr (1st deriv. Q) done.
der1b (2-e 1st deriv.) done.
  Geometry optimization step  21
  Total energy:     -1397.18718118851 hartrees
  energy change:           4.8505E-05 *  (  5.0000E-05 )
  gradient maximum:        3.2913E-04 *  (  4.5000E-04 )
  gradient rms:            7.1786E-05 *  (  3.0000E-04 )
  displacement maximum:    5.0828E-02 .  (  1.8000E-03 )
  displacement rms:        5.6270E-03 .  (  1.2000E-03 )
  
  predicted energy change: -7.0648E-06
  step size:     0.08626
  trust radius:  0.30000
---------------- geometry iteration  21 complete ----------------
geopt (optimize geometry) done.
onee (1-electron integrals) done.
probe (project orbitals) done.
grid (grid generation) done.
rwr (Q operators) done.
  
       i  u  d  i  g
       t  p  i  c  r                                 RMS    maximum
       e  d  i  u  i                       energy  density   DIIS  
       r  t  s  t  d       total energy    change  change    error 
  
etot    1  N  N  2  U   -1397.13018857946           9.8E-05  2.3E-03
etot    2  Y  Y  6  M   -1397.13262766278  2.4E-03  1.6E-05  1.5E-04
etot    3  N  Y  2  U   -1397.13261824794 -9.4E-06  1.2E-05  4.1E-04
etot    4  N  Y  2  U   -1397.13265167400  3.3E-05  3.0E-06  8.7E-05
etot    5  N  N  2  U   -1397.13265333247  1.7E-06  0.0E+00  0.0E+00
scf (DFT) done.
der1a (1-e 1st deriv.) done.
rwr (1st deriv. Q) done.
der1b (2-e 1st deriv.) done.
  Geometry optimization step  22
  Total energy:     -1397.18752513339 hartrees
  energy change:          -3.4394E-04 .  (  5.0000E-05 )
  gradient maximum:        5.0777E-04 .  (  4.5000E-04 )
  gradient rms:            1.0366E-04 *  (  3.0000E-04 )
  displacement maximum:    1.7328E-01 .  (  1.8000E-03 )
  displacement rms:        1.9572E-02 .  (  1.2000E-03 )
  
  predicted energy change: -4.2258E-05
  step size:     0.30003
  trust radius:  0.30000
---------------- geometry iteration  22 complete ----------------
geopt (optimize geometry) done.
onee (1-electron integrals) done.
probe (project orbitals) done.
grid (grid generation) done.
rwr (Q operators) done.
  
       i  u  d  i  g
       t  p  i  c  r                                 RMS    maximum
       e  d  i  u  i                       energy  density   DIIS  
       r  t  s  t  d       total energy    change  change    error 
  
etot    1  N  N  2  U   -1397.10336462041           3.3E-04  7.0E-03
etot    2  Y  Y  6  M   -1397.13210108499  2.9E-02  3.0E-05  4.6E-04
etot    3  N  Y  2  U   -1397.13214766252  4.7E-05  2.2E-05  4.4E-04
etot    4  N  Y  2  U   -1397.13220375137  5.6E-05  9.6E-06  3.2E-04
etot    5  N  Y  2  U   -1397.13221836124  1.5E-05  3.2E-06  9.2E-05
etot    6  N  N  2  U   -1397.13221982731  1.5E-06  0.0E+00  0.0E+00
scf (DFT) done.
der1a (1-e 1st deriv.) done.
rwr (1st deriv. Q) done.
der1b (2-e 1st deriv.) done.
  Geometry optimization step  23
  Total energy:     -1397.18737754722 hartrees
  energy change:           1.4759E-04 .  (  5.0000E-05 )
  gradient maximum:        3.1685E-03 .  (  4.5000E-04 )
  gradient rms:            5.0661E-04 .  (  3.0000E-04 )
  displacement maximum:    5.6648E-02 .  (  1.8000E-03 )
  displacement rms:        8.4650E-03 .  (  1.2000E-03 )
  
  predicted energy change: -6.2271E-05
  step size:     0.12977
  trust radius:  0.30000
---------------- geometry iteration  23 complete ----------------
geopt (optimize geometry) done.
onee (1-electron integrals) done.
probe (project orbitals) done.
grid (grid generation) done.
rwr (Q operators) done.
  
       i  u  d  i  g
       t  p  i  c  r                                 RMS    maximum
       e  d  i  u  i                       energy  density   DIIS  
       r  t  s  t  d       total energy    change  change    error 
  
etot    1  N  N  2  U   -1397.12701980027           1.4E-04  2.4E-03
etot    2  Y  Y  6  M   -1397.13180791996  4.8E-03  1.6E-05  1.7E-04
etot    3  N  Y  2  U   -1397.13184449269  3.7E-05  1.1E-05  1.9E-04
etot    4  N  Y  2  U   -1397.13186548029  2.1E-05  3.7E-06  1.0E-04
etot    5  N  N  2  U   -1397.13186769856  2.2E-06  0.0E+00  0.0E+00
scf (DFT) done.
der1a (1-e 1st deriv.) done.
rwr (1st deriv. Q) done.
der1b (2-e 1st deriv.) done.
  Geometry optimization step  24
  Total energy:     -1397.18730142658 hartrees
  energy change:           7.6121E-05 .  (  5.0000E-05 )
  gradient maximum:        2.9329E-03 .  (  4.5000E-04 )
  gradient rms:            5.3384E-04 .  (  3.0000E-04 )
  displacement maximum:    1.0580E-01 .  (  1.8000E-03 )
  displacement rms:        1.9571E-02 .  (  1.2000E-03 )
  
  predicted energy change: -3.4576E-04
  step size:     0.30002
  trust radius:  0.30000
---------------- geometry iteration  24 complete ----------------
geopt (optimize geometry) done.
onee (1-electron integrals) done.
probe (project orbitals) done.
grid (grid generation) done.
rwr (Q operators) done.
  
       i  u  d  i  g
       t  p  i  c  r                                 RMS    maximum
       e  d  i  u  i                       energy  density   DIIS  
       r  t  s  t  d       total energy    change  change    error 
  
etot    1  N  N  2  U   -1397.11165463502           2.7E-04  5.2E-03
etot    2  Y  Y  6  M   -1397.13097987296  1.9E-02  3.7E-05  3.3E-04
etot    3  N  Y  2  U   -1397.13092826578 -5.2E-05  2.8E-05  7.6E-04
etot    4  N  Y  2  U   -1397.13109034963  1.6E-04  9.5E-06  3.1E-04
etot    5  N  Y  2  U   -1397.13110711521  1.7E-05  3.2E-06  8.9E-05
etot    6  N  N  2  U   -1397.13110980270  2.7E-06  0.0E+00  0.0E+00
scf (DFT) done.
der1a (1-e 1st deriv.) done.
rwr (1st deriv. Q) done.
der1b (2-e 1st deriv.) done.
  Geometry optimization step  25
  Total energy:     -1397.18688388739 hartrees
  energy change:           4.1754E-04 .  (  5.0000E-05 )
  gradient maximum:        7.5403E-03 .  (  4.5000E-04 )
  gradient rms:            1.0872E-03 .  (  3.0000E-04 )
  displacement maximum:    1.5309E-01 .  (  1.8000E-03 )
  displacement rms:        1.9611E-02 .  (  1.2000E-03 )
  
  predicted energy change: -7.7382E-04
  step size:     0.30063
  trust radius:  0.30000
---------------- geometry iteration  25 complete ----------------
geopt (optimize geometry) done.
onee (1-electron integrals) done.
probe (project orbitals) done.
grid (grid generation) done.
rwr (Q operators) done.
  
       i  u  d  i  g
       t  p  i  c  r                                 RMS    maximum
       e  d  i  u  i                       energy  density   DIIS  
       r  t  s  t  d       total energy    change  change    error 
  
etot    1  N  N  2  U   -1397.09285398213           3.7E-04  8.4E-03
etot    2  Y  Y  6  M   -1397.13072290947  3.8E-02  3.2E-05  4.0E-04
etot    3  N  Y  2  U   -1397.13072811319  5.2E-06  2.4E-05  3.7E-04
etot    4  N  Y  2  U   -1397.13078275341  5.5E-05  1.1E-05  3.0E-04
etot    5  N  Y  2  U   -1397.13080968403  2.7E-05  2.9E-06  8.1E-05
etot    6  N  N  2  U   -1397.13081193460  2.3E-06  0.0E+00  0.0E+00
scf (DFT) done.
der1a (1-e 1st deriv.) done.
rwr (1st deriv. Q) done.
der1b (2-e 1st deriv.) done.
  Geometry optimization step  26
  Total energy:     -1397.18712761673 hartrees
  energy change:          -2.4373E-04 .  (  5.0000E-05 )
  gradient maximum:        5.5911E-03 .  (  4.5000E-04 )
  gradient rms:            9.6304E-04 .  (  3.0000E-04 )
  displacement maximum:    1.0349E-01 .  (  1.8000E-03 )
  displacement rms:        1.9634E-02 .  (  1.2000E-03 )
  
  predicted energy change: -5.4048E-04
  step size:     0.30099
  trust radius:  0.30000
---------------- geometry iteration  26 complete ----------------
geopt (optimize geometry) done.
onee (1-electron integrals) done.
probe (project orbitals) done.
grid (grid generation) done.
rwr (Q operators) done.
  
       i  u  d  i  g
       t  p  i  c  r                                 RMS    maximum
       e  d  i  u  i                       energy  density   DIIS  
       r  t  s  t  d       total energy    change  change    error 
  
etot    1  N  N  2  U   -1397.10228924843           3.2E-04  7.9E-03
etot    2  Y  Y  6  M   -1397.13118477173  2.9E-02  3.5E-05  4.1E-04
etot    3  N  Y  2  U   -1397.13104076145 -1.4E-04  2.6E-05  6.2E-04
etot    4  N  Y  2  U   -1397.13115448633  1.1E-04  1.1E-05  3.2E-04
etot    5  N  Y  2  U   -1397.13116680155  1.2E-05  3.5E-06  9.5E-05
etot    6  N  N  2  U   -1397.13116934316  2.5E-06  0.0E+00  0.0E+00
scf (DFT) done.
der1a (1-e 1st deriv.) done.
rwr (1st deriv. Q) done.
der1b (2-e 1st deriv.) done.
  Geometry optimization step  27
  Total energy:     -1397.18689284882 hartrees
  ** restarting optimization from step   23 **
  energy change:           2.3477E-04 .  (  5.0000E-05 )
  gradient maximum:        3.1685E-03 .  (  4.5000E-04 )
  gradient rms:            5.0661E-04 .  (  3.0000E-04 )
  displacement maximum:    6.3288E-02 .  (  1.8000E-03 )
  displacement rms:        9.7952E-03 .  (  1.2000E-03 )
  
  predicted energy change: -4.4015E-04
  step size:     0.15016
  trust radius:  0.15000
---------------- geometry iteration  27 complete ----------------
geopt (optimize geometry) done.
onee (1-electron integrals) done.
probe (project orbitals) done.
grid (grid generation) done.
rwr (Q operators) done.
  
       i  u  d  i  g
       t  p  i  c  r                                 RMS    maximum
       e  d  i  u  i                       energy  density   DIIS  
       r  t  s  t  d       total energy    change  change    error 
  
etot    1  N  N  2  U   -1397.07619553253           4.5E-04  1.1E-02
etot    2  Y  Y  6  M   -1397.13168696120  5.5E-02  4.6E-05  6.0E-04
etot    3  N  Y  2  U   -1397.13154783912 -1.4E-04  3.1E-05  4.0E-04
etot    4  N  Y  2  U   -1397.13165825210  1.1E-04  1.3E-05  3.2E-04
etot    5  N  Y  2  U   -1397.13168600830  2.8E-05  4.5E-06  1.3E-04
etot    6  N  N  2  U   -1397.13169044369  4.4E-06  0.0E+00  0.0E+00
scf (DFT) done.
der1a (1-e 1st deriv.) done.
rwr (1st deriv. Q) done.
der1b (2-e 1st deriv.) done.
  Geometry optimization step  28
  Total energy:     -1397.18707134994 hartrees
  ** restarting optimization from step   23 **
  energy change:           3.0620E-04 .  (  5.0000E-05 )
  gradient maximum:        3.1685E-03 .  (  4.5000E-04 )
  gradient rms:            5.0661E-04 .  (  3.0000E-04 )
  displacement maximum:    3.5484E-02 .  (  1.8000E-03 )
  displacement rms:        4.9261E-03 .  (  1.2000E-03 )
  
  predicted energy change: -1.5931E-04
  step size:     0.07552
  trust radius:  0.07500
---------------- geometry iteration  28 complete ----------------
geopt (optimize geometry) done.
onee (1-electron integrals) done.
probe (project orbitals) done.
grid (grid generation) done.
rwr (Q operators) done.
  
       i  u  d  i  g
       t  p  i  c  r                                 RMS    maximum
       e  d  i  u  i                       energy  density   DIIS  
       r  t  s  t  d       total energy    change  change    error 
  
etot    1  N  N  2  U   -1397.12901297871           1.0E-04  1.9E-03
etot    2  Y  Y  6  M   -1397.13188653973  2.9E-03  1.8E-05  1.2E-04
etot    3  N  Y  2  U   -1397.13187589954 -1.1E-05  1.3E-05  3.5E-04
etot    4  N  Y  2  U   -1397.13190758620  3.2E-05  4.0E-06  1.3E-04
etot    5  N  N  2  U   -1397.13190942910  1.8E-06  0.0E+00  0.0E+00
scf (DFT) done.
der1a (1-e 1st deriv.) done.
rwr (1st deriv. Q) done.
der1b (2-e 1st deriv.) done.
  Geometry optimization step  29
  Total energy:     -1397.18724895192 hartrees
  energy change:           1.2860E-04 .  (  5.0000E-05 )
  gradient maximum:        2.0547E-03 .  (  4.5000E-04 )
  gradient rms:            3.0680E-04 .  (  3.0000E-04 )
  displacement maximum:    5.1207E-02 .  (  1.8000E-03 )
  displacement rms:        6.9231E-03 .  (  1.2000E-03 )
  
  predicted energy change: -1.6374E-04
  step size:     0.10613
  trust radius:  0.10607
---------------- geometry iteration  29 complete ----------------
geopt (optimize geometry) done.
onee (1-electron integrals) done.
probe (project orbitals) done.
grid (grid generation) done.
rwr (Q operators) done.
  
       i  u  d  i  g
       t  p  i  c  r                                 RMS    maximum
       e  d  i  u  i                       energy  density   DIIS  
       r  t  s  t  d       total energy    change  change    error 
  
etot    1  N  N  2  U   -1397.12737189665           1.3E-04  2.6E-03
etot    2  Y  Y  6  M   -1397.13194513553  4.6E-03  1.7E-05  1.4E-04
etot    3  N  Y  2  U   -1397.13194435863 -7.8E-07  1.3E-05  3.3E-04
etot    4  N  Y  2  U   -1397.13197563812  3.1E-05  4.7E-06  1.3E-04
etot    5  N  N  2  U   -1397.13197838992  2.8E-06  0.0E+00  0.0E+00
scf (DFT) done.
der1a (1-e 1st deriv.) done.
rwr (1st deriv. Q) done.
der1b (2-e 1st deriv.) done.
  Geometry optimization step  30
  Total energy:     -1397.18732643996 hartrees
  energy change:          -7.7488E-05 .  (  5.0000E-05 )
  gradient maximum:        1.7556E-03 .  (  4.5000E-04 )
  gradient rms:            3.2750E-04 .  (  3.0000E-04 )
  displacement maximum:    5.2412E-02 .  (  1.8000E-03 )
  displacement rms:        6.9246E-03 .  (  1.2000E-03 )
  
  predicted energy change: -1.6304E-04
  step size:     0.10615
  trust radius:  0.10607
---------------- geometry iteration  30 complete ----------------
geopt (optimize geometry) done.
onee (1-electron integrals) done.
probe (project orbitals) done.
grid (grid generation) done.
rwr (Q operators) done.
  
       i  u  d  i  g
       t  p  i  c  r                                 RMS    maximum
       e  d  i  u  i                       energy  density   DIIS  
       r  t  s  t  d       total energy    change  change    error 
  
etot    1  N  N  2  U   -1397.12626031453           1.4E-04  3.5E-03
etot    2  Y  Y  6  M   -1397.13188511669  5.6E-03  1.9E-05  1.7E-04
etot    3  N  Y  2  U   -1397.13187816995 -6.9E-06  1.5E-05  4.6E-04
etot    4  N  Y  2  U   -1397.13191810895  4.0E-05  4.9E-06  1.7E-04
etot    5  N  N  2  U   -1397.13192415821  6.0E-06  0.0E+00  0.0E+00
scf (DFT) done.
der1a (1-e 1st deriv.) done.
rwr (1st deriv. Q) done.
der1b (2-e 1st deriv.) done.
  Geometry optimization step  31
  Total energy:     -1397.18739054683 hartrees
  energy change:          -6.4107E-05 .  (  5.0000E-05 )
  gradient maximum:        2.3264E-03 .  (  4.5000E-04 )
  gradient rms:            3.2853E-04 .  (  3.0000E-04 )
  displacement maximum:    8.6612E-02 .  (  1.8000E-03 )
  displacement rms:        1.9570E-02 .  (  1.2000E-03 )
  
  predicted energy change: -7.6661E-03
  step size:     0.30000
  trust radius:  0.30000
---------------- geometry iteration  31 complete ----------------
geopt (optimize geometry) done.
onee (1-electron integrals) done.
probe (project orbitals) done.
grid (grid generation) done.
rwr (Q operators) done.
  
       i  u  d  i  g
       t  p  i  c  r                                 RMS    maximum
       e  d  i  u  i                       energy  density   DIIS  
       r  t  s  t  d       total energy    change  change    error 
  
etot    1  N  N  2  U   -1397.03945864001           5.6E-04  1.2E-02
etot    2  Y  Y  6  M   -1397.11749890400  7.8E-02  1.5E-04  1.2E-03
etot    3  N  Y  2  U   -1397.11594417488 -1.6E-03  1.1E-04  2.9E-03
etot    4  Y  Y  6  M   -1397.11816922577  2.2E-03  2.5E-05  6.9E-04
etot    5  N  Y  2  U   -1397.11825457790  8.5E-05  7.7E-06  1.9E-04
etot    6  N  Y  2  U   -1397.11826683806  1.2E-05  2.7E-06  7.2E-05
etot    7  N  N  2  U   -1397.11826776450  9.3E-07  0.0E+00  0.0E+00
scf (DFT) done.
der1a (1-e 1st deriv.) done.
rwr (1st deriv. Q) done.
der1b (2-e 1st deriv.) done.
  Geometry optimization step  32
  Total energy:     -1397.17387694478 hartrees
  ** restarting optimization from step   31 **
  energy change:           1.3514E-02 .  (  5.0000E-05 )
  gradient maximum:        2.3264E-03 .  (  4.5000E-04 )
  gradient rms:            3.2853E-04 .  (  3.0000E-04 )
  displacement maximum:    1.3353E-01 .  (  1.8000E-03 )
  displacement rms:        1.9575E-02 .  (  1.2000E-03 )
  
  predicted energy change: -5.9162E-04
  step size:     0.30008
  trust radius:  0.30000
---------------- geometry iteration  32 complete ----------------
geopt (optimize geometry) done.
onee (1-electron integrals) done.
probe (project orbitals) done.
grid (grid generation) done.
rwr (Q operators) done.
  
       i  u  d  i  g
       t  p  i  c  r                                 RMS    maximum
       e  d  i  u  i                       energy  density   DIIS  
       r  t  s  t  d       total energy    change  change    error 
  
etot    1  N  N  2  U   -1397.04484442632           5.9E-04  1.2E-02
etot    2  Y  Y  6  M   -1397.13088193087  8.6E-02  1.2E-04  8.8E-04
etot    3  N  Y  2  U   -1397.12998115426 -9.0E-04  8.5E-05  1.9E-03
etot    4  Y  Y  6  M   -1397.13138582772  1.4E-03  2.4E-05  5.9E-04
etot    5  N  Y  2  U   -1397.13145272128  6.7E-05  8.0E-06  2.5E-04
etot    6  N  Y  2  U   -1397.13146520116  1.2E-05  2.2E-06  4.3E-05
etot    7  N  N  2  U   -1397.13146568853  4.9E-07  0.0E+00  0.0E+00
scf (DFT) done.
der1a (1-e 1st deriv.) done.
rwr (1st deriv. Q) done.
der1b (2-e 1st deriv.) done.
  Geometry optimization step  33
  Total energy:     -1397.18741186792 hartrees
  energy change:          -2.1321E-05 *  (  5.0000E-05 )
  gradient maximum:        4.3224E-03 .  (  4.5000E-04 )
  gradient rms:            7.1240E-04 .  (  3.0000E-04 )
  displacement maximum:    1.5527E-01 .  (  1.8000E-03 )
  displacement rms:        1.9570E-02 .  (  1.2000E-03 )
  
  predicted energy change: -5.2018E-04
  step size:     0.30000
  trust radius:  0.30000
---------------- geometry iteration  33 complete ----------------
geopt (optimize geometry) done.
onee (1-electron integrals) done.
probe (project orbitals) done.
grid (grid generation) done.
rwr (Q operators) done.
  
       i  u  d  i  g
       t  p  i  c  r                                 RMS    maximum
       e  d  i  u  i                       energy  density   DIIS  
       r  t  s  t  d       total energy    change  change    error 
  
etot    1  N  N  2  U   -1397.08001680155           4.3E-04  1.3E-02
etot    2  Y  Y  6  M   -1397.13108343622  5.1E-02  4.1E-05  5.8E-04
etot    3  N  Y  2  U   -1397.13105526644 -2.8E-05  3.1E-05  7.0E-04
etot    4  N  Y  2  U   -1397.13114962246  9.4E-05  1.3E-05  5.7E-04
etot    5  N  Y  2  U   -1397.13119944485  5.0E-05  3.9E-06  1.2E-04
etot    6  N  N  2  U   -1397.13120292031  3.5E-06  0.0E+00  0.0E+00
scf (DFT) done.
der1a (1-e 1st deriv.) done.
rwr (1st deriv. Q) done.
der1b (2-e 1st deriv.) done.
  Geometry optimization step  34
  Total energy:     -1397.18732915949 hartrees
  energy change:           8.2708E-05 .  (  5.0000E-05 )
  gradient maximum:        5.6299E-03 .  (  4.5000E-04 )
  gradient rms:            7.6291E-04 .  (  3.0000E-04 )
  displacement maximum:    1.3158E-01 .  (  1.8000E-03 )
  displacement rms:        1.9570E-02 .  (  1.2000E-03 )
  
  predicted energy change: -6.0193E-04
  step size:     0.30000
  trust radius:  0.30000
---------------- geometry iteration  34 complete ----------------
geopt (optimize geometry) done.
onee (1-electron integrals) done.
probe (project orbitals) done.
grid (grid generation) done.
rwr (Q operators) done.
  
       i  u  d  i  g
       t  p  i  c  r                                 RMS    maximum
       e  d  i  u  i                       energy  density   DIIS  
       r  t  s  t  d       total energy    change  change    error 
  
etot    1  N  N  2  U   -1397.10456873041           3.1E-04  9.6E-03
etot    2  Y  Y  6  M   -1397.13123473087  2.7E-02  4.1E-05  6.1E-04
etot    3  N  Y  2  U   -1397.13108135021 -1.5E-04  3.3E-05  8.3E-04
etot    4  N  Y  2  U   -1397.13125146084  1.7E-04  1.0E-05  3.1E-04
etot    5  N  Y  2  U   -1397.13127040708  1.9E-05  3.2E-06  9.0E-05
etot    6  N  N  2  U   -1397.13127301037  2.6E-06  0.0E+00  0.0E+00
scf (DFT) done.
der1a (1-e 1st deriv.) done.
rwr (1st deriv. Q) done.
der1b (2-e 1st deriv.) done.
  Geometry optimization step  35
  Total energy:     -1397.18678064124 hartrees
  ** restarting optimization from step   34 **
  energy change:           5.4852E-04 .  (  5.0000E-05 )
  gradient maximum:        5.6299E-03 .  (  4.5000E-04 )
  gradient rms:            7.6291E-04 .  (  3.0000E-04 )
  displacement maximum:    6.9977E-02 .  (  1.8000E-03 )
  displacement rms:        1.2056E-02 .  (  1.2000E-03 )
  
  predicted energy change: -4.1276E-04
  step size:     0.18482
  trust radius:  0.30000
---------------- geometry iteration  35 complete ----------------
geopt (optimize geometry) done.
onee (1-electron integrals) done.
probe (project orbitals) done.
grid (grid generation) done.
rwr (Q operators) done.
  
       i  u  d  i  g
       t  p  i  c  r                                 RMS    maximum
       e  d  i  u  i                       energy  density   DIIS  
       r  t  s  t  d       total energy    change  change    error 
  
etot    1  N  N  2  U   -1397.11188959411           2.6E-04  6.7E-03
etot    2  Y  Y  6  M   -1397.13169332976  2.0E-02  2.7E-05  4.1E-04
etot    3  N  Y  2  U   -1397.13166448485 -2.9E-05  2.2E-05  5.9E-04
etot    4  N  Y  2  U   -1397.13173592341  7.1E-05  8.5E-06  3.7E-04
etot    5  N  Y  2  U   -1397.13175275752  1.7E-05  2.3E-06  9.9E-05
etot    6  N  N  2  U   -1397.13175490831  2.2E-06  0.0E+00  0.0E+00
scf (DFT) done.
der1a (1-e 1st deriv.) done.
rwr (1st deriv. Q) done.
der1b (2-e 1st deriv.) done.
  Geometry optimization step  36
  Total energy:     -1397.18759971301 hartrees
  energy change:          -2.7055E-04 .  (  5.0000E-05 )
  gradient maximum:        3.8553E-03 .  (  4.5000E-04 )
  gradient rms:            4.5528E-04 .  (  3.0000E-04 )
  displacement maximum:    7.0743E-02 .  (  1.8000E-03 )
  displacement rms:        9.7491E-03 .  (  1.2000E-03 )
  
  predicted energy change: -2.2250E-04
  step size:     0.14945
  trust radius:  0.30000
---------------- geometry iteration  36 complete ----------------
geopt (optimize geometry) done.
onee (1-electron integrals) done.
probe (project orbitals) done.
grid (grid generation) done.
rwr (Q operators) done.
  
       i  u  d  i  g
       t  p  i  c  r                                 RMS    maximum
       e  d  i  u  i                       energy  density   DIIS  
       r  t  s  t  d       total energy    change  change    error 
  
etot    1  N  N  2  U   -1397.12105063663           1.9E-04  5.5E-03
etot    2  Y  Y  6  M   -1397.13105322422  1.0E-02  2.1E-05  2.5E-04
etot    3  N  Y  2  U   -1397.13105855715  5.3E-06  1.4E-05  3.1E-04
etot    4  N  Y  2  U   -1397.13108466141  2.6E-05  5.8E-06  2.6E-04
etot    5  N  Y  2  U   -1397.13109287708  8.2E-06  2.0E-06  7.8E-05
etot    6  N  N  2  U   -1397.13109391950  1.0E-06  0.0E+00  0.0E+00
scf (DFT) done.
der1a (1-e 1st deriv.) done.
rwr (1st deriv. Q) done.
der1b (2-e 1st deriv.) done.
  Geometry optimization step  37
  Total energy:     -1397.18723394799 hartrees
  energy change:           3.6577E-04 .  (  5.0000E-05 )
  gradient maximum:        2.9636E-03 .  (  4.5000E-04 )
  gradient rms:            5.5531E-04 .  (  3.0000E-04 )
  displacement maximum:    7.7661E-02 .  (  1.8000E-03 )
  displacement rms:        9.7401E-03 .  (  1.2000E-03 )
  
  predicted energy change: -2.3652E-04
  step size:     0.14931
  trust radius:  0.30000
---------------- geometry iteration  37 complete ----------------
geopt (optimize geometry) done.
onee (1-electron integrals) done.
probe (project orbitals) done.
grid (grid generation) done.
rwr (Q operators) done.
  
       i  u  d  i  g
       t  p  i  c  r                                 RMS    maximum
       e  d  i  u  i                       energy  density   DIIS  
       r  t  s  t  d       total energy    change  change    error 
  
etot    1  N  N  2  U   -1397.12089569612           1.9E-04  5.5E-03
etot    2  Y  Y  6  M   -1397.13154744254  1.1E-02  2.0E-05  2.8E-04
etot    3  N  Y  2  U   -1397.13151678834 -3.1E-05  1.6E-05  3.7E-04
etot    4  N  Y  2  U   -1397.13154382525  2.7E-05  6.8E-06  2.3E-04
etot    5  N  Y  2  U   -1397.13155393152  1.0E-05  1.8E-06  5.6E-05
etot    6  N  N  2  U   -1397.13155467933  7.5E-07  0.0E+00  0.0E+00
scf (DFT) done.
der1a (1-e 1st deriv.) done.
rwr (1st deriv. Q) done.
der1b (2-e 1st deriv.) done.
  Geometry optimization step  38
  Total energy:     -1397.18749120477 hartrees
  energy change:          -2.5726E-04 .  (  5.0000E-05 )
  gradient maximum:        4.7166E-03 .  (  4.5000E-04 )
  gradient rms:            4.5952E-04 .  (  3.0000E-04 )
  displacement maximum:    9.6637E-02 .  (  1.8000E-03 )
  displacement rms:        1.2136E-02 .  (  1.2000E-03 )
  
  predicted energy change: -2.6375E-04
  step size:     0.18604
  trust radius:  0.30000
---------------- geometry iteration  38 complete ----------------
geopt (optimize geometry) done.
onee (1-electron integrals) done.
probe (project orbitals) done.
grid (grid generation) done.
rwr (Q operators) done.
  
       i  u  d  i  g
       t  p  i  c  r                                 RMS    maximum
       e  d  i  u  i                       energy  density   DIIS  
       r  t  s  t  d       total energy    change  change    error 
  
etot    1  N  N  2  U   -1397.11992073506           2.1E-04  5.5E-03
etot    2  Y  Y  6  M   -1397.13178447260  1.2E-02  3.1E-05  2.6E-04
etot    3  N  Y  2  U   -1397.13169098967 -9.3E-05  2.2E-05  4.7E-04
etot    4  N  Y  2  U   -1397.13177612989  8.5E-05  7.8E-06  2.1E-04
etot    5  N  Y  2  U   -1397.13178536862  9.2E-06  2.3E-06  8.0E-05
etot    6  N  N  2  U   -1397.13178686792  1.5E-06  0.0E+00  0.0E+00
scf (DFT) done.
der1a (1-e 1st deriv.) done.
rwr (1st deriv. Q) done.
der1b (2-e 1st deriv.) done.
  Geometry optimization step  39
  Total energy:     -1397.18751872374 hartrees
  energy change:          -2.7519E-05 *  (  5.0000E-05 )
  gradient maximum:        3.3853E-03 .  (  4.5000E-04 )
  gradient rms:            6.0536E-04 .  (  3.0000E-04 )
  displacement maximum:    7.7560E-02 .  (  1.8000E-03 )
  displacement rms:        9.0821E-03 .  (  1.2000E-03 )
  
  predicted energy change: -2.6129E-04
  step size:     0.13923
  trust radius:  0.30000
---------------- geometry iteration  39 complete ----------------
geopt (optimize geometry) done.
onee (1-electron integrals) done.
probe (project orbitals) done.
grid (grid generation) done.
rwr (Q operators) done.
  
       i  u  d  i  g
       t  p  i  c  r                                 RMS    maximum
       e  d  i  u  i                       energy  density   DIIS  
       r  t  s  t  d       total energy    change  change    error 
  
etot    1  N  N  2  U   -1397.12241453726           1.8E-04  5.9E-03
etot    2  Y  Y  6  M   -1397.13164218326  9.2E-03  1.5E-05  2.7E-04
etot    3  N  Y  2  U   -1397.13167442424  3.2E-05  8.3E-06  1.2E-04
etot    4  N  Y  2  U   -1397.13168288452  8.5E-06  3.4E-06  6.2E-05
etot    5  N  N  2  U   -1397.13168490123  2.0E-06  0.0E+00  0.0E+00
scf (DFT) done.
der1a (1-e 1st deriv.) done.
rwr (1st deriv. Q) done.
der1b (2-e 1st deriv.) done.
  Geometry optimization step  40
  Total energy:     -1397.18758680198 hartrees
  energy change:          -6.8078E-05 .  (  5.0000E-05 )
  gradient maximum:        1.5394E-03 .  (  4.5000E-04 )
  gradient rms:            2.7643E-04 *  (  3.0000E-04 )
  displacement maximum:    4.7087E-02 .  (  1.8000E-03 )
  displacement rms:        6.9612E-03 .  (  1.2000E-03 )
  
  predicted energy change: -7.7837E-05
  step size:     0.10671
  trust radius:  0.30000
---------------- geometry iteration  40 complete ----------------
geopt (optimize geometry) done.
onee (1-electron integrals) done.
probe (project orbitals) done.
grid (grid generation) done.
rwr (Q operators) done.
  
       i  u  d  i  g
       t  p  i  c  r                                 RMS    maximum
       e  d  i  u  i                       energy  density   DIIS  
       r  t  s  t  d       total energy    change  change    error 
  
etot    1  N  N  2  U   -1397.12596281996           1.5E-04  3.5E-03
etot    2  Y  Y  6  M   -1397.13165234421  5.7E-03  2.1E-05  1.9E-04
etot    3  N  Y  2  U   -1397.13160614701 -4.6E-05  1.6E-05  3.5E-04
etot    4  N  Y  2  U   -1397.13165182627  4.6E-05  5.5E-06  1.4E-04
etot    5  N  Y  2  U   -1397.13165585409  4.0E-06  1.7E-06  5.2E-05
etot    6  N  N  2  U   -1397.13165668630  8.3E-07  0.0E+00  0.0E+00
scf (DFT) done.
der1a (1-e 1st deriv.) done.
rwr (1st deriv. Q) done.
der1b (2-e 1st deriv.) done.
  Geometry optimization step  41
  Total energy:     -1397.18755130765 hartrees
  energy change:           3.5494E-05 *  (  5.0000E-05 )
  gradient maximum:        2.3470E-03 .  (  4.5000E-04 )
  gradient rms:            3.8434E-04 .  (  3.0000E-04 )
  displacement maximum:    1.5060E-01 .  (  1.8000E-03 )
  displacement rms:        1.8575E-02 .  (  1.2000E-03 )
  
  predicted energy change: -2.6628E-04
  step size:     0.28475
  trust radius:  0.30000
---------------- geometry iteration  41 complete ----------------
geopt (optimize geometry) done.
onee (1-electron integrals) done.
probe (project orbitals) done.
grid (grid generation) done.
rwr (Q operators) done.
  
       i  u  d  i  g
       t  p  i  c  r                                 RMS    maximum
       e  d  i  u  i                       energy  density   DIIS  
       r  t  s  t  d       total energy    change  change    error 
  
etot    1  N  N  2  U   -1397.09580678102           3.8E-04  1.1E-02
etot    2  Y  Y  6  M   -1397.13134285357  3.6E-02  4.8E-05  8.3E-04
etot    3  N  Y  2  U   -1397.13117101164 -1.7E-04  3.3E-05  8.2E-04
etot    4  N  Y  2  U   -1397.13136833593  2.0E-04  1.2E-05  3.6E-04
etot    5  N  Y  2  U   -1397.13138243010  1.4E-05  4.2E-06  1.4E-04
etot    6  N  N  2  U   -1397.13138630940  3.9E-06  0.0E+00  0.0E+00
scf (DFT) done.
der1a (1-e 1st deriv.) done.
rwr (1st deriv. Q) done.
der1b (2-e 1st deriv.) done.
  Geometry optimization step  42
  Total energy:     -1397.18739637488 hartrees
  ** restarting optimization from step   36 **
  energy change:           1.5493E-04 .  (  5.0000E-05 )
  gradient maximum:        3.8553E-03 .  (  4.5000E-04 )
  gradient rms:            4.5528E-04 .  (  3.0000E-04 )
  displacement maximum:    4.3034E-02 .  (  1.8000E-03 )
  displacement rms:        8.9441E-03 .  (  1.2000E-03 )
  
  predicted energy change: -1.6332E-04
  step size:     0.13711
  trust radius:  0.14237
---------------- geometry iteration  42 complete ----------------
geopt (optimize geometry) done.
onee (1-electron integrals) done.
probe (project orbitals) done.
grid (grid generation) done.
rwr (Q operators) done.
  
       i  u  d  i  g
       t  p  i  c  r                                 RMS    maximum
       e  d  i  u  i                       energy  density   DIIS  
       r  t  s  t  d       total energy    change  change    error 
  
etot    1  N  N  2  U   -1397.00795380854           6.9E-04  1.7E-02
etot    2  Y  Y  6  M   -1397.13140024113  1.2E-01  8.3E-05  1.0E-03
etot    3  N  Y  2  U   -1397.13103904295 -3.6E-04  5.8E-05  1.3E-03
etot    4  Y  Y  6  M   -1397.13161158423  5.7E-04  2.2E-05  4.4E-04
etot    5  N  Y  2  U   -1397.13169307979  8.1E-05  7.8E-06  2.3E-04
etot    6  N  Y  2  U   -1397.13170959392  1.7E-05  2.2E-06  4.4E-05
etot    7  N  N  2  U   -1397.13170987131  2.8E-07  0.0E+00  0.0E+00
scf (DFT) done.
der1a (1-e 1st deriv.) done.
rwr (1st deriv. Q) done.
der1b (2-e 1st deriv.) done.
  Geometry optimization step  43
  Total energy:     -1397.18773141806 hartrees
  ** restarting optimization from step   36 **
  energy change:          -1.3171E-04 .  (  5.0000E-05 )
  gradient maximum:        3.8553E-03 .  (  4.5000E-04 )
  gradient rms:            4.5528E-04 .  (  3.0000E-04 )
  displacement maximum:    3.2959E-02 .  (  1.8000E-03 )
  displacement rms:        4.6951E-03 .  (  1.2000E-03 )
  
  predicted energy change: -1.7649E-04
  step size:     0.07197
  trust radius:  0.07119
---------------- geometry iteration  43 complete ----------------
geopt (optimize geometry) done.
onee (1-electron integrals) done.
probe (project orbitals) done.
grid (grid generation) done.
rwr (Q operators) done.
  
       i  u  d  i  g
       t  p  i  c  r                                 RMS    maximum
       e  d  i  u  i                       energy  density   DIIS  
       r  t  s  t  d       total energy    change  change    error 
  
etot    1  N  N  2  U   -1397.12866792272           1.2E-04  2.5E-03
etot    2  Y  Y  6  M   -1397.13177158287  3.1E-03  1.1E-05  1.2E-04
etot    3  N  Y  2  U   -1397.13180634157  3.5E-05  7.6E-06  1.2E-04
etot    4  N  Y  2  U   -1397.13181429342  8.0E-06  3.2E-06  8.7E-05
etot    5  N  N  2  U   -1397.13181588065  1.6E-06  0.0E+00  0.0E+00
scf (DFT) done.
der1a (1-e 1st deriv.) done.
rwr (1st deriv. Q) done.
der1b (2-e 1st deriv.) done.
  Geometry optimization step  44
  Total energy:     -1397.18769338823 hartrees
  energy change:          -9.3675E-05 .  (  5.0000E-05 )
  gradient maximum:        1.1740E-03 .  (  4.5000E-04 )
  gradient rms:            2.0901E-04 *  (  3.0000E-04 )
  displacement maximum:    4.5180E-02 .  (  1.8000E-03 )
  displacement rms:        6.5705E-03 .  (  1.2000E-03 )
  
  predicted energy change: -1.2989E-04
  step size:     0.10072
  trust radius:  0.10067
---------------- geometry iteration  44 complete ----------------
geopt (optimize geometry) done.
onee (1-electron integrals) done.
probe (project orbitals) done.
grid (grid generation) done.
rwr (Q operators) done.
  
       i  u  d  i  g
       t  p  i  c  r                                 RMS    maximum
       e  d  i  u  i                       energy  density   DIIS  
       r  t  s  t  d       total energy    change  change    error 
  
etot    1  N  N  2  U   -1397.12768597035           1.2E-04  3.3E-03
etot    2  Y  Y  6  M   -1397.13169607416  4.0E-03  1.4E-05  1.6E-04
etot    3  N  Y  2  U   -1397.13166781341 -2.8E-05  1.1E-05  3.9E-04
etot    4  N  Y  2  U   -1397.13169146677  2.4E-05  4.5E-06  1.8E-04
etot    5  N  N  2  U   -1397.13169553076  4.1E-06  0.0E+00  0.0E+00
scf (DFT) done.
der1a (1-e 1st deriv.) done.
rwr (1st deriv. Q) done.
der1b (2-e 1st deriv.) done.
  Geometry optimization step  45
  Total energy:     -1397.18768975600 hartrees
  energy change:           3.6322E-06 *  (  5.0000E-05 )
  gradient maximum:        9.7099E-04 .  (  4.5000E-04 )
  gradient rms:            1.7071E-04 *  (  3.0000E-04 )
  displacement maximum:    2.6058E-02 .  (  1.8000E-03 )
  displacement rms:        3.2887E-03 .  (  1.2000E-03 )
  
  predicted energy change: -5.6807E-05
  step size:     0.05041
  trust radius:  0.05034
---------------- geometry iteration  45 complete ----------------
geopt (optimize geometry) done.
onee (1-electron integrals) done.
probe (project orbitals) done.
grid (grid generation) done.
rwr (Q operators) done.
  
       i  u  d  i  g
       t  p  i  c  r                                 RMS    maximum
       e  d  i  u  i                       energy  density   DIIS  
       r  t  s  t  d       total energy    change  change    error 
  
etot    1  N  N  2  U   -1397.13064994517           6.7E-05  1.7E-03
etot    2  Y  Y  6  M   -1397.13173136646  1.1E-03  1.1E-05  1.3E-04
etot    3  N  Y  2  U   -1397.13170674907 -2.5E-05  9.0E-06  3.6E-04
etot    4  N  Y  2  U   -1397.13172696016  2.0E-05  2.0E-06  7.3E-05
etot    5  N  N  2  U   -1397.13172773923  7.8E-07  0.0E+00  0.0E+00
scf (DFT) done.
der1a (1-e 1st deriv.) done.
rwr (1st deriv. Q) done.
der1b (2-e 1st deriv.) done.
  Geometry optimization step  46
  Total energy:     -1397.18770326011 hartrees
  energy change:          -1.3504E-05 *  (  5.0000E-05 )
  gradient maximum:        1.1592E-03 .  (  4.5000E-04 )
  gradient rms:            1.6023E-04 *  (  3.0000E-04 )
  displacement maximum:    1.1498E-01 .  (  1.8000E-03 )
  displacement rms:        1.9145E-02 .  (  1.2000E-03 )
  
  predicted energy change: -3.1859E-03
  step size:     0.29349
  trust radius:  0.30000
---------------- geometry iteration  46 complete ----------------
geopt (optimize geometry) done.
onee (1-electron integrals) done.
probe (project orbitals) done.
grid (grid generation) done.
rwr (Q operators) done.
  
       i  u  d  i  g
       t  p  i  c  r                                 RMS    maximum
       e  d  i  u  i                       energy  density   DIIS  
       r  t  s  t  d       total energy    change  change    error 
  
etot    1  N  N  2  U   -1397.05216579099           5.6E-04  1.4E-02
etot    2  Y  Y  6  M   -1397.12518442108  7.3E-02  1.1E-04  1.7E-03
etot    3  N  Y  2  U   -1397.12447007195 -7.1E-04  7.4E-05  2.0E-03
etot    4  Y  Y  6  M   -1397.12543650330  9.7E-04  2.3E-05  8.8E-04
etot    5  N  Y  2  U   -1397.12552203774  8.6E-05  7.3E-06  2.9E-04
etot    6  N  Y  2  U   -1397.12553813563  1.6E-05  2.1E-06  2.9E-05
etot    7  N  N  2  U   -1397.12553865514  5.2E-07  0.0E+00  0.0E+00
scf (DFT) done.
der1a (1-e 1st deriv.) done.
rwr (1st deriv. Q) done.
der1b (2-e 1st deriv.) done.
  Geometry optimization step  47
  Total energy:     -1397.18246687104 hartrees
  ** restarting optimization from step   46 **
  energy change:           5.2364E-03 .  (  5.0000E-05 )
  gradient maximum:        1.1592E-03 .  (  4.5000E-04 )
  gradient rms:            1.6023E-04 *  (  3.0000E-04 )
  displacement maximum:    1.2546E-01 .  (  1.8000E-03 )
  displacement rms:        1.8293E-02 .  (  1.2000E-03 )
  
  predicted energy change: -2.9506E-04
  step size:     0.28042
  trust radius:  0.30000
---------------- geometry iteration  47 complete ----------------
geopt (optimize geometry) done.
onee (1-electron integrals) done.
probe (project orbitals) done.
grid (grid generation) done.
rwr (Q operators) done.
  
       i  u  d  i  g
       t  p  i  c  r                                 RMS    maximum
       e  d  i  u  i                       energy  density   DIIS  
       r  t  s  t  d       total energy    change  change    error 
  
etot    1  N  N  2  U   -1397.07715376964           4.6E-04  9.1E-03
etot    2  Y  Y  6  M   -1397.13117117811  5.4E-02  9.2E-05  7.5E-04
etot    3  N  Y  2  U   -1397.13057378924 -6.0E-04  7.1E-05  1.4E-03
etot    4  Y  Y  6  M   -1397.13134151567  7.7E-04  1.8E-05  5.6E-04
etot    5  N  Y  2  U   -1397.13144393877  1.0E-04  5.4E-06  1.6E-04
etot    6  N  Y  2  U   -1397.13145070046  6.8E-06  2.1E-06  4.7E-05
etot    7  N  N  2  U   -1397.13145121026  5.1E-07  0.0E+00  0.0E+00
scf (DFT) done.
der1a (1-e 1st deriv.) done.
rwr (1st deriv. Q) done.
der1b (2-e 1st deriv.) done.
  Geometry optimization step  48
  Total energy:     -1397.18752464701 hartrees
  energy change:           1.7861E-04 .  (  5.0000E-05 )
  gradient maximum:        3.2826E-03 .  (  4.5000E-04 )
  gradient rms:            5.6895E-04 .  (  3.0000E-04 )
  displacement maximum:    1.5122E-01 .  (  1.8000E-03 )
  displacement rms:        1.9600E-02 .  (  1.2000E-03 )
  
  predicted energy change: -6.7599E-04
  step size:     0.30047
  trust radius:  0.30000
---------------- geometry iteration  48 complete ----------------
geopt (optimize geometry) done.
onee (1-electron integrals) done.
probe (project orbitals) done.
grid (grid generation) done.
rwr (Q operators) done.
  
       i  u  d  i  g
       t  p  i  c  r                                 RMS    maximum
       e  d  i  u  i                       energy  density   DIIS  
       r  t  s  t  d       total energy    change  change    error 
  
etot    1  N  N  2  U   -1397.08630988444           4.0E-04  1.1E-02
etot    2  Y  Y  6  M   -1397.13119059102  4.5E-02  4.7E-05  5.6E-04
etot    3  N  Y  2  U   -1397.13107811770 -1.1E-04  3.5E-05  7.3E-04
etot    4  N  Y  2  U   -1397.13125316266  1.8E-04  1.4E-05  5.6E-04
etot    5  N  Y  2  U   -1397.13129656078  4.3E-05  4.0E-06  1.8E-04
etot    6  N  N  2  U   -1397.13130264773  6.1E-06  0.0E+00  0.0E+00
scf (DFT) done.
der1a (1-e 1st deriv.) done.
rwr (1st deriv. Q) done.
der1b (2-e 1st deriv.) done.
  Geometry optimization step  49
  Total energy:     -1397.18706809935 hartrees
  ** restarting optimization from step   48 **
  energy change:           4.5655E-04 .  (  5.0000E-05 )
  gradient maximum:        3.2826E-03 .  (  4.5000E-04 )
  gradient rms:            5.6895E-04 .  (  3.0000E-04 )
  displacement maximum:    4.4076E-02 .  (  1.8000E-03 )
  displacement rms:        8.5501E-03 .  (  1.2000E-03 )
  
  predicted energy change: -2.5981E-04
  step size:     0.13107
  trust radius:  0.30000
---------------- geometry iteration  49 complete ----------------
geopt (optimize geometry) done.
onee (1-electron integrals) done.
probe (project orbitals) done.
grid (grid generation) done.
rwr (Q operators) done.
  
       i  u  d  i  g
       t  p  i  c  r                                 RMS    maximum
       e  d  i  u  i                       energy  density   DIIS  
       r  t  s  t  d       total energy    change  change    error 
  
etot    1  N  N  2  U   -1397.09679370410           3.6E-04  9.9E-03
etot    2  Y  Y  6  M   -1397.13181268446  3.5E-02  3.3E-05  7.0E-04
etot    3  N  Y  2  U   -1397.13181156163 -1.1E-06  2.2E-05  4.2E-04
etot    4  N  Y  2  U   -1397.13187077992  5.9E-05  1.0E-05  2.9E-04
etot    5  N  Y  2  U   -1397.13188988993  1.9E-05  3.1E-06  1.3E-04
etot    6  N  N  2  U   -1397.13189298476  3.1E-06  0.0E+00  0.0E+00
scf (DFT) done.
der1a (1-e 1st deriv.) done.
rwr (1st deriv. Q) done.
der1b (2-e 1st deriv.) done.
  Geometry optimization step  50
  Total energy:     -1397.18780636443 hartrees
  energy change:          -2.8172E-04 .  (  5.0000E-05 )
  gradient maximum:        4.7954E-03 .  (  4.5000E-04 )
  gradient rms:            6.6374E-04 .  (  3.0000E-04 )
  displacement maximum:    7.6686E-02 .  (  1.8000E-03 )
  displacement rms:        9.7855E-03 .  (  1.2000E-03 )
  
  predicted energy change: -5.4953E-04
  step size:     0.15001
  trust radius:  0.15000
---------------- geometry iteration  50 complete ----------------
geopt (optimize geometry) done.
onee (1-electron integrals) done.
probe (project orbitals) done.
grid (grid generation) done.
rwr (Q operators) done.
  
       i  u  d  i  g
       t  p  i  c  r                                 RMS    maximum
       e  d  i  u  i                       energy  density   DIIS  
       r  t  s  t  d       total energy    change  change    error 
  
etot    1  N  N  2  U   -1397.11739841041           2.3E-04  5.5E-03
etot    2  Y  Y  6  M   -1397.13169788038  1.4E-02  3.6E-05  4.0E-04
etot    3  N  Y  2  U   -1397.13158742712 -1.1E-04  2.5E-05  5.1E-04
etot    4  N  Y  2  U   -1397.13169838024  1.1E-04  7.8E-06  2.6E-04
etot    5  N  Y  2  U   -1397.13170894746  1.1E-05  2.9E-06  1.3E-04
etot    6  N  N  2  U   -1397.13171175507  2.8E-06  0.0E+00  0.0E+00
scf (DFT) done.
der1a (1-e 1st deriv.) done.
rwr (1st deriv. Q) done.
der1b (2-e 1st deriv.) done.
  Geometry optimization step  51
  Total energy:     -1397.18775408495 hartrees
  energy change:           5.2279E-05 .  (  5.0000E-05 )
  gradient maximum:        8.8859E-03 .  (  4.5000E-04 )
  gradient rms:            1.1096E-03 .  (  3.0000E-04 )
  displacement maximum:    4.1705E-02 .  (  1.8000E-03 )
  displacement rms:        4.9108E-03 .  (  1.2000E-03 )
  
  predicted energy change: -3.5352E-04
  step size:     0.07528
  trust radius:  0.07500
---------------- geometry iteration  51 complete ----------------
geopt (optimize geometry) done.
onee (1-electron integrals) done.
probe (project orbitals) done.
grid (grid generation) done.
rwr (Q operators) done.
  
       i  u  d  i  g
       t  p  i  c  r                                 RMS    maximum
       e  d  i  u  i                       energy  density   DIIS  
       r  t  s  t  d       total energy    change  change    error 
  
etot    1  N  N  2  U   -1397.12861712724           1.1E-04  2.4E-03
etot    2  Y  Y  6  M   -1397.13220603536  3.6E-03  1.9E-05  1.8E-04
etot    3  N  Y  2  U   -1397.13216154525 -4.4E-05  1.5E-05  5.2E-04
etot    4  N  Y  2  U   -1397.13220912157  4.8E-05  4.1E-06  1.8E-04
etot    5  N  N  2  U   -1397.13221397940  4.9E-06  0.0E+00  0.0E+00
scf (DFT) done.
der1a (1-e 1st deriv.) done.
rwr (1st deriv. Q) done.
der1b (2-e 1st deriv.) done.
  Geometry optimization step  52
  Total energy:     -1397.18812501166 hartrees
  energy change:          -3.7093E-04 .  (  5.0000E-05 )
  gradient maximum:        2.3509E-03 .  (  4.5000E-04 )
  gradient rms:            2.3292E-04 *  (  3.0000E-04 )
  displacement maximum:    5.4840E-02 .  (  1.8000E-03 )
  displacement rms:        6.9553E-03 .  (  1.2000E-03 )
  
  predicted energy change: -6.5067E-05
  step size:     0.10662
  trust radius:  0.10607
---------------- geometry iteration  52 complete ----------------
geopt (optimize geometry) done.
onee (1-electron integrals) done.
probe (project orbitals) done.
grid (grid generation) done.
rwr (Q operators) done.
  
       i  u  d  i  g
       t  p  i  c  r                                 RMS    maximum
       e  d  i  u  i                       energy  density   DIIS  
       r  t  s  t  d       total energy    change  change    error 
  
etot    1  N  N  2  U   -1397.12862516075           1.2E-04  2.8E-03
etot    2  Y  Y  6  M   -1397.13218469280  3.6E-03  1.8E-05  2.8E-04
etot    3  N  Y  2  U   -1397.13216098524 -2.4E-05  1.1E-05  3.0E-04
etot    4  N  Y  2  U   -1397.13218711102  2.6E-05  3.6E-06  9.7E-05
etot    5  N  N  2  U   -1397.13218839758  1.3E-06  0.0E+00  0.0E+00
scf (DFT) done.
der1a (1-e 1st deriv.) done.
rwr (1st deriv. Q) done.
der1b (2-e 1st deriv.) done.
  Geometry optimization step  53
  Total energy:     -1397.18819048878 hartrees
  energy change:          -6.5477E-05 .  (  5.0000E-05 )
  gradient maximum:        4.7476E-03 .  (  4.5000E-04 )
  gradient rms:            5.2203E-04 .  (  3.0000E-04 )
  displacement maximum:    2.1405E-02 .  (  1.8000E-03 )
  displacement rms:        3.4609E-03 .  (  1.2000E-03 )
  
  predicted energy change: -1.0753E-04
  step size:     0.05305
  trust radius:  0.05303
---------------- geometry iteration  53 complete ----------------
geopt (optimize geometry) done.
onee (1-electron integrals) done.
probe (project orbitals) done.
grid (grid generation) done.
rwr (Q operators) done.
  
       i  u  d  i  g
       t  p  i  c  r                                 RMS    maximum
       e  d  i  u  i                       energy  density   DIIS  
       r  t  s  t  d       total energy    change  change    error 
  
etot    1  N  N  2  U   -1397.13146138380           6.2E-05  1.4E-03
etot    2  Y  Y  6  M   -1397.13239406357  9.3E-04  1.5E-05  1.8E-04
etot    3  N  Y  2  U   -1397.13236622028 -2.8E-05  1.2E-05  4.5E-04
etot    4  N  Y  2  U   -1397.13240470295  3.8E-05  2.6E-06  8.6E-05
etot    5  N  N  2  U   -1397.13240601336  1.3E-06  0.0E+00  0.0E+00
scf (DFT) done.
der1a (1-e 1st deriv.) done.
rwr (1st deriv. Q) done.
der1b (2-e 1st deriv.) done.
  Geometry optimization step  54
  Total energy:     -1397.18832287248 hartrees
  energy change:          -1.3238E-04 .  (  5.0000E-05 )
  gradient maximum:        2.5412E-03 .  (  4.5000E-04 )
  gradient rms:            3.6883E-04 .  (  3.0000E-04 )
  displacement maximum:    2.6226E-02 .  (  1.8000E-03 )
  displacement rms:        3.5085E-03 .  (  1.2000E-03 )
  
  predicted energy change: -7.3792E-05
  step size:     0.05379
  trust radius:  0.05303
---------------- geometry iteration  54 complete ----------------
geopt (optimize geometry) done.
onee (1-electron integrals) done.
probe (project orbitals) done.
grid (grid generation) done.
rwr (Q operators) done.
  
       i  u  d  i  g
       t  p  i  c  r                                 RMS    maximum
       e  d  i  u  i                       energy  density   DIIS  
       r  t  s  t  d       total energy    change  change    error 
  
etot    1  N  N  2  U   -1397.13168053683           6.4E-05  1.7E-03
etot    2  Y  Y  6  M   -1397.13263965337  9.6E-04  1.1E-05  1.2E-04
etot    3  N  Y  2  U   -1397.13262393138 -1.6E-05  7.4E-06  2.1E-04
etot    4  N  Y  2  U   -1397.13263608949  1.2E-05  2.4E-06  7.8E-05
etot    5  N  N  2  U   -1397.13263708081  9.9E-07  0.0E+00  0.0E+00
scf (DFT) done.
der1a (1-e 1st deriv.) done.
rwr (1st deriv. Q) done.
der1b (2-e 1st deriv.) done.
  Geometry optimization step  55
  Total energy:     -1397.18845131338 hartrees
  energy change:          -1.2844E-04 .  (  5.0000E-05 )
  gradient maximum:        2.3315E-03 .  (  4.5000E-04 )
  gradient rms:            2.9893E-04 *  (  3.0000E-04 )
  displacement maximum:    1.4868E-02 .  (  1.8000E-03 )
  displacement rms:        1.7920E-03 .  (  1.2000E-03 )
  
  predicted energy change: -3.3207E-05
  step size:     0.02747
  trust radius:  0.02652
---------------- geometry iteration  55 complete ----------------
geopt (optimize geometry) done.
onee (1-electron integrals) done.
probe (project orbitals) done.
grid (grid generation) done.
rwr (Q operators) done.
  
       i  u  d  i  g
       t  p  i  c  r                                 RMS    maximum
       e  d  i  u  i                       energy  density   DIIS  
       r  t  s  t  d       total energy    change  change    error 
  
etot    1  N  N  2  U   -1397.13242142211           3.4E-05  7.4E-04
etot    2  N  Y  2  U   -1397.13268991815  2.7E-04  8.8E-06  8.9E-05
etot    3  N  Y  2  U   -1397.13268072915 -9.2E-06  6.4E-06  2.4E-04
etot    4  N  Y  2  U   -1397.13269223089  1.2E-05  1.5E-06  4.5E-05
etot    5  N  N  2  U   -1397.13269267541  4.4E-07  0.0E+00  0.0E+00
scf (DFT) done.
der1a (1-e 1st deriv.) done.
rwr (1st deriv. Q) done.
der1b (2-e 1st deriv.) done.
  Geometry optimization step  56
  Total energy:     -1397.18854806450 hartrees
  energy change:          -9.6751E-05 .  (  5.0000E-05 )
  gradient maximum:        2.0288E-03 .  (  4.5000E-04 )
  gradient rms:            1.6491E-04 *  (  3.0000E-04 )
  displacement maximum:    2.2940E-02 .  (  1.8000E-03 )
  displacement rms:        2.4489E-03 .  (  1.2000E-03 )
  
  predicted energy change: -3.8311E-05
  step size:     0.03754
  trust radius:  0.03750
---------------- geometry iteration  56 complete ----------------
geopt (optimize geometry) done.
onee (1-electron integrals) done.
probe (project orbitals) done.
grid (grid generation) done.
rwr (Q operators) done.
  
       i  u  d  i  g
       t  p  i  c  r                                 RMS    maximum
       e  d  i  u  i                       energy  density   DIIS  
       r  t  s  t  d       total energy    change  change    error 
  
etot    1  N  N  2  U   -1397.13209299572           5.2E-05  1.1E-03
etot    2  Y  Y  6  M   -1397.13268983760  6.0E-04  8.3E-06  1.0E-04
etot    3  N  Y  2  U   -1397.13269557306  5.7E-06  5.5E-06  1.1E-04
etot    4  N  Y  2  U   -1397.13269924601  3.7E-06  1.8E-06  6.2E-05
etot    5  N  N  2  U   -1397.13269973347  4.9E-07  0.0E+00  0.0E+00
scf (DFT) done.
der1a (1-e 1st deriv.) done.
rwr (1st deriv. Q) done.
der1b (2-e 1st deriv.) done.
  Geometry optimization step  57
  Total energy:     -1397.18861244420 hartrees
  energy change:          -6.4380E-05 .  (  5.0000E-05 )
  gradient maximum:        1.0091E-03 .  (  4.5000E-04 )
  gradient rms:            1.2277E-04 *  (  3.0000E-04 )
  displacement maximum:    2.8419E-02 .  (  1.8000E-03 )
  displacement rms:        3.4960E-03 .  (  1.2000E-03 )
  
  predicted energy change: -4.0683E-05
  step size:     0.05359
  trust radius:  0.05303
---------------- geometry iteration  57 complete ----------------
geopt (optimize geometry) done.
onee (1-electron integrals) done.
probe (project orbitals) done.
grid (grid generation) done.
rwr (Q operators) done.
  
       i  u  d  i  g
       t  p  i  c  r                                 RMS    maximum
       e  d  i  u  i                       energy  density   DIIS  
       r  t  s  t  d       total energy    change  change    error 
  
etot    1  N  N  2  U   -1397.13169826296           6.8E-05  1.2E-03
etot    2  Y  Y  6  M   -1397.13273227264  1.0E-03  1.3E-05  1.4E-04
etot    3  N  Y  2  U   -1397.13273083172 -1.4E-06  9.1E-06  2.6E-04
etot    4  N  Y  2  U   -1397.13274262995  1.2E-05  2.9E-06  1.0E-04
etot    5  N  N  2  U   -1397.13274363079  1.0E-06  0.0E+00  0.0E+00
scf (DFT) done.
der1a (1-e 1st deriv.) done.
rwr (1st deriv. Q) done.
der1b (2-e 1st deriv.) done.
  Geometry optimization step  58
  Total energy:     -1397.18867350591 hartrees
  energy change:          -6.1062E-05 .  (  5.0000E-05 )
  gradient maximum:        8.0622E-04 .  (  4.5000E-04 )
  gradient rms:            1.1108E-04 *  (  3.0000E-04 )
  displacement maximum:    3.5711E-02 .  (  1.8000E-03 )
  displacement rms:        4.9109E-03 .  (  1.2000E-03 )
  
  predicted energy change: -4.8091E-05
  step size:     0.07528
  trust radius:  0.07500
---------------- geometry iteration  58 complete ----------------
geopt (optimize geometry) done.
onee (1-electron integrals) done.
probe (project orbitals) done.
grid (grid generation) done.
rwr (Q operators) done.
  
       i  u  d  i  g
       t  p  i  c  r                                 RMS    maximum
       e  d  i  u  i                       energy  density   DIIS  
       r  t  s  t  d       total energy    change  change    error 
  
etot    1  N  N  2  U   -1397.13078419383           9.3E-05  1.6E-03
etot    2  Y  Y  6  M   -1397.13272395245  1.9E-03  1.6E-05  2.0E-04
etot    3  N  Y  2  U   -1397.13271929879 -4.7E-06  1.1E-05  3.1E-04
etot    4  N  Y  2  U   -1397.13273629293  1.7E-05  3.9E-06  1.4E-04
etot    5  N  N  2  U   -1397.13273855093  2.3E-06  0.0E+00  0.0E+00
scf (DFT) done.
der1a (1-e 1st deriv.) done.
rwr (1st deriv. Q) done.
der1b (2-e 1st deriv.) done.
  Geometry optimization step  59
  Total energy:     -1397.18865350321 hartrees
  energy change:           2.0003E-05 *  (  5.0000E-05 )
  gradient maximum:        7.1724E-04 .  (  4.5000E-04 )
  gradient rms:            1.0275E-04 *  (  3.0000E-04 )
  displacement maximum:    4.5417E-02 .  (  1.8000E-03 )
  displacement rms:        6.9493E-03 .  (  1.2000E-03 )
  
  predicted energy change: -3.5054E-05
  step size:     0.10653
  trust radius:  0.10607
---------------- geometry iteration  59 complete ----------------
geopt (optimize geometry) done.
onee (1-electron integrals) done.
probe (project orbitals) done.
grid (grid generation) done.
rwr (Q operators) done.
  
       i  u  d  i  g
       t  p  i  c  r                                 RMS    maximum
       e  d  i  u  i                       energy  density   DIIS  
       r  t  s  t  d       total energy    change  change    error 
  
etot    1  N  N  2  U   -1397.12949114902           1.2E-04  2.0E-03
etot    2  Y  Y  6  M   -1397.13271902591  3.2E-03  2.1E-05  2.8E-04
etot    3  N  Y  2  U   -1397.13270438228 -1.5E-05  1.4E-05  2.5E-04
etot    4  N  Y  2  U   -1397.13273010366  2.6E-05  4.9E-06  1.6E-04
etot    5  N  N  2  U   -1397.13273401935  3.9E-06  0.0E+00  0.0E+00
scf (DFT) done.
der1a (1-e 1st deriv.) done.
rwr (1st deriv. Q) done.
der1b (2-e 1st deriv.) done.
  Geometry optimization step  60
  Total energy:     -1397.18862843695 hartrees
  energy change:           2.5066E-05 *  (  5.0000E-05 )
  gradient maximum:        9.2975E-04 .  (  4.5000E-04 )
  gradient rms:            1.4155E-04 *  (  3.0000E-04 )
  displacement maximum:    1.8231E-02 .  (  1.8000E-03 )
  displacement rms:        3.6021E-03 .  (  1.2000E-03 )
  
  predicted energy change: -1.0374E-05
  step size:     0.05522
  trust radius:  0.10607
---------------- geometry iteration  60 complete ----------------
geopt (optimize geometry) done.
onee (1-electron integrals) done.
probe (project orbitals) done.
grid (grid generation) done.
rwr (Q operators) done.
  
       i  u  d  i  g
       t  p  i  c  r                                 RMS    maximum
       e  d  i  u  i                       energy  density   DIIS  
       r  t  s  t  d       total energy    change  change    error 
  
etot    1  N  N  2  U   -1397.13165818419           6.8E-05  1.3E-03
etot    2  Y  Y  6  M   -1397.13285206743  1.2E-03  1.6E-05  1.5E-04
etot    3  N  Y  2  U   -1397.13280502005 -4.7E-05  1.2E-05  4.2E-04
etot    4  N  Y  2  U   -1397.13284251469  3.7E-05  2.5E-06  6.8E-05
etot    5  N  N  2  U   -1397.13284348085  9.7E-07  0.0E+00  0.0E+00
scf (DFT) done.
der1a (1-e 1st deriv.) done.
rwr (1st deriv. Q) done.
der1b (2-e 1st deriv.) done.
  Geometry optimization step  61
  Total energy:     -1397.18870216097 hartrees
  energy change:          -7.3724E-05 .  (  5.0000E-05 )
  gradient maximum:        4.5263E-04 .  (  4.5000E-04 )
  gradient rms:            9.7494E-05 *  (  3.0000E-04 )
  displacement maximum:    1.1378E-02 .  (  1.8000E-03 )
  displacement rms:        1.8587E-03 .  (  1.2000E-03 )
  
  predicted energy change: -7.5483E-06
  step size:     0.02849
  trust radius:  0.10607
---------------- geometry iteration  61 complete ----------------
geopt (optimize geometry) done.
onee (1-electron integrals) done.
probe (project orbitals) done.
grid (grid generation) done.
rwr (Q operators) done.
  
       i  u  d  i  g
       t  p  i  c  r                                 RMS    maximum
       e  d  i  u  i                       energy  density   DIIS  
       r  t  s  t  d       total energy    change  change    error 
  
etot    1  N  N  2  U   -1397.13230425759           4.4E-05  1.2E-03
etot    2  N  Y  2  U   -1397.13287517092  5.7E-04  6.6E-06  7.9E-05
etot    3  N  Y  2  U   -1397.13287245898 -2.7E-06  5.0E-06  1.2E-04
etot    4  N  Y  2  U   -1397.13287658279  4.1E-06  1.6E-06  5.1E-05
etot    5  N  N  2  U   -1397.13287693710  3.5E-07  0.0E+00  0.0E+00
scf (DFT) done.
der1a (1-e 1st deriv.) done.
rwr (1st deriv. Q) done.
der1b (2-e 1st deriv.) done.
  Geometry optimization step  62
  Total energy:     -1397.18872521294 hartrees
  energy change:          -2.3052E-05 *  (  5.0000E-05 )
  gradient maximum:        3.8256E-04 *  (  4.5000E-04 )
  gradient rms:            5.5116E-05 #  (  3.0000E-04 )
  displacement maximum:    8.3808E-03 .  (  1.8000E-03 )
  displacement rms:        1.3510E-03 .  (  1.2000E-03 )
  
  predicted energy change: -2.8424E-06
  step size:     0.02071
  trust radius:  0.10607
---------------- geometry iteration  62 complete ----------------
geopt (optimize geometry) done.
onee (1-electron integrals) done.
probe (project orbitals) done.
grid (grid generation) done.
rwr (Q operators) done.
  
       i  u  d  i  g
       t  p  i  c  r                                 RMS    maximum
       e  d  i  u  i                       energy  density   DIIS  
       r  t  s  t  d       total energy    change  change    error 
  
etot    1  N  N  2  U   -1397.13269613519           2.8E-05  5.8E-04
etot    2  N  Y  2  U   -1397.13290503501  2.1E-04  4.1E-06  3.7E-05
etot    3  N  Y  2  U   -1397.13290335468 -1.7E-06  3.2E-06  1.0E-04
etot    4  N  N  2  U   -1397.13290563494  2.3E-06  0.0E+00  0.0E+00
scf (DFT) done.
der1a (1-e 1st deriv.) done.
rwr (1st deriv. Q) done.
der1b (2-e 1st deriv.) done.
  Geometry optimization step  63
  Total energy:     -1397.18875251082 hartrees
  energy change:          -2.7298E-05 *  (  5.0000E-05 )
  gradient maximum:        1.3349E-04 *  (  4.5000E-04 )
  gradient rms:            3.4364E-05 #  (  3.0000E-04 )
  displacement maximum:    4.7997E-03 .  (  1.8000E-03 )
  displacement rms:        8.0086E-04 *  (  1.2000E-03 )
  
  predicted energy change: -1.0274E-06
  step size:     0.01228
  trust radius:  0.10607
------------- final geometry iteration  63 complete -------------
geopt (optimize geometry) done.
cutabab2 (abab integrals) done.
der2a (1-e JK-1st deriv.) done.
der2b (2-e JK-1st deriv.) done.
der2nda (1-e 2nd deriv.) done.
der2ndb (2-e 2nd deriv.) done.
rwr (Q operators) done.
cphfa (gradient of wave function) done.
freq (vib. frequencies) done.
Job J1_10535_2111 completed on hpc-21-31.cm.cluster at Wed May 29 10:04:19 2024
Timer (jaguar_backend.py) : 6085.17 secs (1 hrs, 41 mins, 25 secs)
Finished:   Wed May 29 10:04:19 2024
