Command:  /groups/wag/programs/Schrodinger_2020_3/jaguar run -WAIT -PARALLEL 8 /central/home/labounad/wittig-ch121/out/J1_1426_2111/J1_1426_2111.in
Release:  2020-3
Exec:     /groups/wag/programs/Schrodinger_2020_3/jaguar-v10.9/bin/Linux-x86_64
Host:     hpc-89-16.cm.cluster
JobId:    hpc-89-16-0-6656f759
JobDir:   /central/scratch/labounad/J1_1426_2111#hpc-89-16-0-6656f759
Date:     Wed May 29 02:37:31 2024

Contents of /central/scratch/labounad/J1_1426_2111#hpc-89-16-0-6656f759:
/central/scratch/labounad/J1_1426_2111#hpc-89-16-0-6656f759/hpc-89-16-0-6656f759
/central/scratch/labounad/J1_1426_2111#hpc-89-16-0-6656f759/.write_dir.json
/central/scratch/labounad/J1_1426_2111#hpc-89-16-0-6656f759/hpc-89-16-0-6656f759.mpinodes
/central/scratch/labounad/J1_1426_2111#hpc-89-16-0-6656f759/hpc-89-16-0-6656f759.nodes
/central/scratch/labounad/J1_1426_2111#hpc-89-16-0-6656f759/J1_1426_2111.in
/central/scratch/labounad/J1_1426_2111#hpc-89-16-0-6656f759/hpc-89-16-0-6656f759.recover
/central/scratch/labounad/J1_1426_2111#hpc-89-16-0-6656f759/J1_1426_2111.log
/central/scratch/labounad/J1_1426_2111#hpc-89-16-0-6656f759/J1_1426_2111.recover

Executing subprocess:
/groups/wag/programs/Schrodinger_2020_3/jaguar-v10.9/bin/Linux-x86_64/jexec J1_1426_2111.in -T 8 -out /central/scratch/labounad/J1_1426_2111#hpc-89-16-0-6656f759 -cwd

Job J1_1426_2111 started on hpc-89-16.cm.cluster at Wed May 29 02:37:32 2024
jobid: hpc-89-16-0-6656f759 
Jaguar version 10.9, release 139
 Using up to   8 threads per process
Molecular Point Group: C1      
Point Group used: C1
pre (input checking) done.
onee (1-electron integrals) done.
hfig (HF initial guess) done.
probe (project orbitals) done.
grid (grid generation) done.
rwr (Q operators) done.
scf type: DFT=PBE(X+LC)+PW91 (PBE-D3)
  
       i  u  d  i  g
       t  p  i  c  r                                 RMS    maximum
       e  d  i  u  i                       energy  density   DIIS  
       r  t  s  t  d       total energy    change  change    error 
  
etot    1  N  N  5  M    -734.34885307052           9.2E-03  1.7E-01
etot    2  Y  Y  6  M    -732.30942300501 -2.0E+00  8.8E-03  2.3E-01
etot    3  Y  Y  6  M    -733.73141768891  1.4E+00  7.0E-03  1.1E-01
etot    4  N  Y  2  U    -736.01992032062  2.3E+00  4.1E-03  4.3E-02
etot    5  Y  Y  6  M    -736.14327946206  1.2E-01  2.4E-03  5.8E-02
etot    6  N  Y  2  U    -736.33629572744  1.9E-01  8.8E-04  3.2E-02
etot    7  Y  Y  6  M    -736.36247350751  2.6E-02  3.8E-04  1.2E-02
etot    8  N  Y  2  U    -736.36645301778  4.0E-03  1.9E-04  4.3E-03
etot    9  Y  Y  6  M    -736.36782721163  1.4E-03  6.8E-05  1.5E-03
etot   10  Y  Y  6  M    -736.36791895854  9.2E-05  2.8E-05  6.7E-04
etot   11  N  Y  2  U    -736.36795679038  3.8E-05  1.1E-05  5.0E-04
etot   12  N  Y  2  U    -736.36796304104  6.3E-06  3.5E-06  5.6E-05
etot   13  N  N  2  U    -736.36796338470  3.4E-07  0.0E+00  0.0E+00
scf (DFT) done.
der1a (1-e 1st deriv.) done.
rwr (1st deriv. Q) done.
der1b (2-e 1st deriv.) done.
  Geometry optimization step   1
  Total energy:      -736.38003551380 hartrees
  gradient maximum:        3.5311E-02 .  (  4.5000E-04 )
  gradient rms:            9.3978E-03 .  (  3.0000E-04 )
  displacement maximum:    1.3412E-01 .  (  1.8000E-03 )
  displacement rms:        3.5431E-02 .  (  1.2000E-03 )
  
  predicted energy change: -1.0285E-02
  step size:     0.30065
  trust radius:  0.30000
---------------- geometry iteration   1 complete ----------------
geopt (optimize geometry) done.
onee (1-electron integrals) done.
probe (project orbitals) done.
grid (grid generation) done.
rwr (Q operators) done.
  
       i  u  d  i  g
       t  p  i  c  r                                 RMS    maximum
       e  d  i  u  i                       energy  density   DIIS  
       r  t  s  t  d       total energy    change  change    error 
  
etot    1  N  N  2  U    -736.34963595111           9.8E-04  9.5E-03
etot    2  Y  Y  6  M    -736.37555875695  2.6E-02  5.5E-04  4.8E-03
etot    3  N  Y  2  U    -736.36748830620 -8.1E-03  4.1E-04  1.5E-02
etot    4  N  Y  2  U    -736.37699889029  9.5E-03  6.1E-05  1.8E-03
etot    5  Y  Y  6  M    -736.37714301692  1.4E-04  2.2E-05  6.9E-04
etot    6  N  Y  2  U    -736.37718522601  4.2E-05  5.9E-06  1.3E-04
etot    7  N  Y  2  U    -736.37718636790  1.1E-06  2.6E-06  4.9E-05
etot    8  N  N  2  U    -736.37718650596  1.4E-07  0.0E+00  0.0E+00
scf (DFT) done.
der1a (1-e 1st deriv.) done.
rwr (1st deriv. Q) done.
der1b (2-e 1st deriv.) done.
  Geometry optimization step   2
  Total energy:      -736.38921326377 hartrees
  energy change:          -9.1777E-03 .  (  5.0000E-05 )
  gradient maximum:        1.0727E-02 .  (  4.5000E-04 )
  gradient rms:            3.1957E-03 .  (  3.0000E-04 )
  displacement maximum:    8.6396E-02 .  (  1.8000E-03 )
  displacement rms:        1.9769E-02 .  (  1.2000E-03 )
  
  predicted energy change: -1.0502E-03
  step size:     0.16774
  trust radius:  0.30000
---------------- geometry iteration   2 complete ----------------
geopt (optimize geometry) done.
onee (1-electron integrals) done.
probe (project orbitals) done.
grid (grid generation) done.
rwr (Q operators) done.
  
       i  u  d  i  g
       t  p  i  c  r                                 RMS    maximum
       e  d  i  u  i                       energy  density   DIIS  
       r  t  s  t  d       total energy    change  change    error 
  
etot    1  N  N  2  U    -736.37162397565           4.8E-04  4.6E-03
etot    2  Y  Y  6  M    -736.37824230921  6.6E-03  1.3E-04  8.1E-04
etot    3  N  Y  2  U    -736.37776145806 -4.8E-04  1.1E-04  2.2E-03
etot    4  Y  Y  6  M    -736.37832875822  5.7E-04  3.2E-05  5.7E-04
etot    5  N  Y  2  U    -736.37833836609  9.6E-06  9.9E-06  1.7E-04
etot    6  N  Y  2  U    -736.37834263973  4.3E-06  3.4E-06  6.5E-05
etot    7  N  N  2  U    -736.37834301444  3.7E-07  0.0E+00  0.0E+00
scf (DFT) done.
der1a (1-e 1st deriv.) done.
rwr (1st deriv. Q) done.
der1b (2-e 1st deriv.) done.
  Geometry optimization step   3
  Total energy:      -736.39037447735 hartrees
  energy change:          -1.1612E-03 .  (  5.0000E-05 )
  gradient maximum:        3.2511E-03 .  (  4.5000E-04 )
  gradient rms:            8.8546E-04 .  (  3.0000E-04 )
  displacement maximum:    9.5475E-02 .  (  1.8000E-03 )
  displacement rms:        1.8904E-02 .  (  1.2000E-03 )
  
  predicted energy change: -2.1366E-04
  step size:     0.16040
  trust radius:  0.30000
---------------- geometry iteration   3 complete ----------------
geopt (optimize geometry) done.
onee (1-electron integrals) done.
probe (project orbitals) done.
grid (grid generation) done.
rwr (Q operators) done.
  
       i  u  d  i  g
       t  p  i  c  r                                 RMS    maximum
       e  d  i  u  i                       energy  density   DIIS  
       r  t  s  t  d       total energy    change  change    error 
  
etot    1  N  N  2  U    -736.37172059507           4.7E-04  4.7E-03
etot    2  Y  Y  6  M    -736.37855280612  6.8E-03  6.4E-05  7.2E-04
etot    3  N  Y  2  U    -736.37848071998 -7.2E-05  4.9E-05  9.9E-04
etot    4  N  Y  2  U    -736.37852787175  4.7E-05  2.2E-05  6.6E-04
etot    5  N  Y  2  U    -736.37855114944  2.3E-05  5.5E-06  1.3E-04
etot    6  N  Y  2  U    -736.37855263993  1.5E-06  2.2E-06  3.6E-05
etot    7  N  N  2  U    -736.37855272789  8.8E-08  0.0E+00  0.0E+00
scf (DFT) done.
der1a (1-e 1st deriv.) done.
rwr (1st deriv. Q) done.
der1b (2-e 1st deriv.) done.
  Geometry optimization step   4
  Total energy:      -736.39060901517 hartrees
  energy change:          -2.3454E-04 .  (  5.0000E-05 )
  gradient maximum:        1.8798E-03 .  (  4.5000E-04 )
  gradient rms:            5.3231E-04 .  (  3.0000E-04 )
  displacement maximum:    1.0051E-01 .  (  1.8000E-03 )
  displacement rms:        2.1544E-02 .  (  1.2000E-03 )
  
  predicted energy change: -1.1205E-04
  step size:     0.18280
  trust radius:  0.30000
---------------- geometry iteration   4 complete ----------------
geopt (optimize geometry) done.
onee (1-electron integrals) done.
probe (project orbitals) done.
grid (grid generation) done.
rwr (Q operators) done.
  
       i  u  d  i  g
       t  p  i  c  r                                 RMS    maximum
       e  d  i  u  i                       energy  density   DIIS  
       r  t  s  t  d       total energy    change  change    error 
  
etot    1  N  N  2  U    -736.37007273893           5.2E-04  5.0E-03
etot    2  Y  Y  6  M    -736.37858521736  8.5E-03  1.1E-04  9.3E-04
etot    3  N  Y  2  U    -736.37831911009 -2.7E-04  8.6E-05  2.3E-03
etot    4  Y  Y  6  M    -736.37860236372  2.8E-04  2.8E-05  7.7E-04
etot    5  N  Y  2  U    -736.37863114720  2.9E-05  8.2E-06  1.7E-04
etot    6  N  Y  2  U    -736.37863426827  3.1E-06  2.9E-06  3.3E-05
etot    7  N  N  2  U    -736.37863430081  3.3E-08  0.0E+00  0.0E+00
scf (DFT) done.
der1a (1-e 1st deriv.) done.
rwr (1st deriv. Q) done.
der1b (2-e 1st deriv.) done.
  Geometry optimization step   5
  Total energy:      -736.39073846086 hartrees
  energy change:          -1.2945E-04 .  (  5.0000E-05 )
  gradient maximum:        2.9921E-03 .  (  4.5000E-04 )
  gradient rms:            6.9658E-04 .  (  3.0000E-04 )
  displacement maximum:    6.1000E-02 .  (  1.8000E-03 )
  displacement rms:        1.2930E-02 .  (  1.2000E-03 )
  
  predicted energy change: -5.3484E-05
  step size:     0.10971
  trust radius:  0.30000
---------------- geometry iteration   5 complete ----------------
geopt (optimize geometry) done.
onee (1-electron integrals) done.
probe (project orbitals) done.
grid (grid generation) done.
rwr (Q operators) done.
  
       i  u  d  i  g
       t  p  i  c  r                                 RMS    maximum
       e  d  i  u  i                       energy  density   DIIS  
       r  t  s  t  d       total energy    change  change    error 
  
etot    1  N  N  2  U    -736.37551978838           3.2E-04  3.2E-03
etot    2  Y  Y  6  M    -736.37865828814  3.1E-03  6.0E-05  5.9E-04
etot    3  Y  Y  6  M    -736.37860156995 -5.7E-05  5.1E-05  1.2E-03
etot    4  N  Y  2  U    -736.37866132402  6.0E-05  1.8E-05  5.1E-04
etot    5  N  Y  2  U    -736.37867821529  1.7E-05  4.3E-06  9.5E-05
etot    6  N  N  2  U    -736.37867912569  9.1E-07  0.0E+00  0.0E+00
scf (DFT) done.
der1a (1-e 1st deriv.) done.
rwr (1st deriv. Q) done.
der1b (2-e 1st deriv.) done.
  Geometry optimization step   6
  Total energy:      -736.39082214316 hartrees
  energy change:          -8.3682E-05 .  (  5.0000E-05 )
  gradient maximum:        9.4135E-04 .  (  4.5000E-04 )
  gradient rms:            2.8638E-04 *  (  3.0000E-04 )
  displacement maximum:    1.1784E-02 .  (  1.8000E-03 )
  displacement rms:        2.0703E-03 .  (  1.2000E-03 )
  
  predicted energy change: -1.1060E-05
  step size:     0.01757
  trust radius:  0.30000
---------------- geometry iteration   6 complete ----------------
geopt (optimize geometry) done.
onee (1-electron integrals) done.
probe (project orbitals) done.
grid (grid generation) done.
rwr (Q operators) done.
  
       i  u  d  i  g
       t  p  i  c  r                                 RMS    maximum
       e  d  i  u  i                       energy  density   DIIS  
       r  t  s  t  d       total energy    change  change    error 
  
etot    1  N  N  2  U    -736.37858002287           6.1E-05  8.1E-04
etot    2  Y  Y  6  M    -736.37869295045  1.1E-04  1.4E-05  9.2E-05
etot    3  N  Y  2  U    -736.37869457746  1.6E-06  1.1E-05  2.4E-04
etot    4  N  Y  2  U    -736.37869969984  5.1E-06  3.0E-06  8.4E-05
etot    5  N  N  2  U    -736.37869999147  2.9E-07  0.0E+00  0.0E+00
scf (DFT) done.
der1a (1-e 1st deriv.) done.
rwr (1st deriv. Q) done.
der1b (2-e 1st deriv.) done.
  Geometry optimization step   7
  Total energy:      -736.39083875330 hartrees
  energy change:          -1.6610E-05 *  (  5.0000E-05 )
  gradient maximum:        4.7661E-04 .  (  4.5000E-04 )
  gradient rms:            1.5194E-04 *  (  3.0000E-04 )
  displacement maximum:    2.6296E-02 .  (  1.8000E-03 )
  displacement rms:        4.8371E-03 .  (  1.2000E-03 )
  
  predicted energy change: -7.1640E-06
  step size:     0.04104
  trust radius:  0.30000
---------------- geometry iteration   7 complete ----------------
geopt (optimize geometry) done.
onee (1-electron integrals) done.
probe (project orbitals) done.
grid (grid generation) done.
rwr (Q operators) done.
  
       i  u  d  i  g
       t  p  i  c  r                                 RMS    maximum
       e  d  i  u  i                       energy  density   DIIS  
       r  t  s  t  d       total energy    change  change    error 
  
etot    1  N  N  2  U    -736.37824130854           1.2E-04  1.2E-03
etot    2  Y  Y  6  M    -736.37868279074  4.4E-04  2.1E-05  2.1E-04
etot    3  N  Y  2  U    -736.37868068028 -2.1E-06  1.7E-05  2.2E-04
etot    4  N  Y  2  U    -736.37868495177  4.3E-06  7.7E-06  1.7E-04
etot    5  N  Y  2  U    -736.37868769974  2.7E-06  1.9E-06  4.4E-05
etot    6  N  N  2  U    -736.37868789398  1.9E-07  0.0E+00  0.0E+00
scf (DFT) done.
der1a (1-e 1st deriv.) done.
rwr (1st deriv. Q) done.
der1b (2-e 1st deriv.) done.
  Geometry optimization step   8
  Total energy:      -736.39084055009 hartrees
  energy change:          -1.7968E-06 #  (  5.0000E-05 )
  gradient maximum:        8.3064E-04 .  (  4.5000E-04 )
  gradient rms:            2.2566E-04 *  (  3.0000E-04 )
  displacement maximum:    2.8148E-02 .  (  1.8000E-03 )
  displacement rms:        4.8762E-03 .  (  1.2000E-03 )
  
  predicted energy change: -1.0009E-05
  step size:     0.04138
  trust radius:  0.30000
---------------- geometry iteration   8 complete ----------------
geopt (optimize geometry) done.
onee (1-electron integrals) done.
probe (project orbitals) done.
grid (grid generation) done.
rwr (Q operators) done.
  
       i  u  d  i  g
       t  p  i  c  r                                 RMS    maximum
       e  d  i  u  i                       energy  density   DIIS  
       r  t  s  t  d       total energy    change  change    error 
  
etot    1  N  N  2  U    -736.37818380263           1.2E-04  1.4E-03
etot    2  Y  Y  6  M    -736.37871048142  5.3E-04  2.4E-05  2.6E-04
etot    3  N  Y  2  U    -736.37870395142 -6.5E-06  2.0E-05  3.9E-04
etot    4  N  Y  2  U    -736.37871263962  8.7E-06  7.2E-06  2.3E-04
etot    5  N  Y  2  U    -736.37871561614  3.0E-06  1.8E-06  4.9E-05
etot    6  N  N  2  U    -736.37871578095  1.6E-07  0.0E+00  0.0E+00
scf (DFT) done.
der1a (1-e 1st deriv.) done.
rwr (1st deriv. Q) done.
der1b (2-e 1st deriv.) done.
  Geometry optimization step   9
  Total energy:      -736.39084525992 hartrees
  energy change:          -4.7098E-06 *  (  5.0000E-05 )
  gradient maximum:        4.2085E-04 *  (  4.5000E-04 )
  gradient rms:            1.1120E-04 *  (  3.0000E-04 )
  displacement maximum:    2.4832E-02 .  (  1.8000E-03 )
  displacement rms:        4.3370E-03 .  (  1.2000E-03 )
  
  predicted energy change: -6.1624E-06
  step size:     0.03680
  trust radius:  0.30000
---------------- geometry iteration   9 complete ----------------
geopt (optimize geometry) done.
onee (1-electron integrals) done.
probe (project orbitals) done.
grid (grid generation) done.
rwr (Q operators) done.
  
       i  u  d  i  g
       t  p  i  c  r                                 RMS    maximum
       e  d  i  u  i                       energy  density   DIIS  
       r  t  s  t  d       total energy    change  change    error 
  
etot    1  N  N  2  U    -736.37828834976           1.1E-04  1.2E-03
etot    2  Y  Y  6  M    -736.37869212429  4.0E-04  2.3E-05  2.4E-04
etot    3  N  Y  2  U    -736.37867658384 -1.6E-05  1.8E-05  4.1E-04
etot    4  N  Y  2  U    -736.37868644576  9.9E-06  6.0E-06  1.8E-04
etot    5  N  Y  2  U    -736.37868842339  2.0E-06  1.8E-06  3.8E-05
etot    6  N  N  2  U    -736.37868856223  1.4E-07  0.0E+00  0.0E+00
scf (DFT) done.
der1a (1-e 1st deriv.) done.
rwr (1st deriv. Q) done.
der1b (2-e 1st deriv.) done.
  Geometry optimization step  10
  Total energy:      -736.39083957204 hartrees
  energy change:           5.6879E-06 *  (  5.0000E-05 )
  gradient maximum:        5.4036E-04 .  (  4.5000E-04 )
  gradient rms:            1.2281E-04 *  (  3.0000E-04 )
  displacement maximum:    1.3453E-02 .  (  1.8000E-03 )
  displacement rms:        2.4024E-03 .  (  1.2000E-03 )
  
  predicted energy change: -3.6497E-06
  step size:     0.02039
  trust radius:  0.30000
---------------- geometry iteration  10 complete ----------------
geopt (optimize geometry) done.
onee (1-electron integrals) done.
probe (project orbitals) done.
grid (grid generation) done.
rwr (Q operators) done.
  
       i  u  d  i  g
       t  p  i  c  r                                 RMS    maximum
       e  d  i  u  i                       energy  density   DIIS  
       r  t  s  t  d       total energy    change  change    error 
  
etot    1  N  N  2  U    -736.37857750264           6.0E-05  6.7E-04
etot    2  Y  Y  6  M    -736.37869913463  1.2E-04  1.2E-05  1.3E-04
etot    3  N  Y  2  U    -736.37870033527  1.2E-06  9.5E-06  1.9E-04
etot    4  N  Y  2  U    -736.37870250702  2.2E-06  3.4E-06  1.0E-04
etot    5  N  N  2  U    -736.37870316891  6.6E-07  0.0E+00  0.0E+00
scf (DFT) done.
der1a (1-e 1st deriv.) done.
rwr (1st deriv. Q) done.
der1b (2-e 1st deriv.) done.
  Geometry optimization step  11
  Total energy:      -736.39084272269 hartrees
  energy change:          -3.1506E-06 *  (  5.0000E-05 )
  gradient maximum:        4.0373E-04 *  (  4.5000E-04 )
  gradient rms:            9.5415E-05 *  (  3.0000E-04 )
  displacement maximum:    1.3621E-02 .  (  1.8000E-03 )
  displacement rms:        2.7784E-03 .  (  1.2000E-03 )
  
  predicted energy change: -2.6876E-06
  step size:     0.02358
  trust radius:  0.30000
---------------- geometry iteration  11 complete ----------------
geopt (optimize geometry) done.
onee (1-electron integrals) done.
probe (project orbitals) done.
grid (grid generation) done.
rwr (Q operators) done.
  
       i  u  d  i  g
       t  p  i  c  r                                 RMS    maximum
       e  d  i  u  i                       energy  density   DIIS  
       r  t  s  t  d       total energy    change  change    error 
  
etot    1  N  N  2  U    -736.37851440444           7.5E-05  8.0E-04
etot    2  Y  Y  6  M    -736.37871357253  2.0E-04  1.2E-05  1.5E-04
etot    3  N  Y  2  U    -736.37871382266  2.5E-07  1.0E-05  2.3E-04
etot    4  N  Y  2  U    -736.37871651865  2.7E-06  3.4E-06  1.0E-04
etot    5  N  N  2  U    -736.37871724148  7.2E-07  0.0E+00  0.0E+00
scf (DFT) done.
der1a (1-e 1st deriv.) done.
rwr (1st deriv. Q) done.
der1b (2-e 1st deriv.) done.
  Geometry optimization step  12
  Total energy:      -736.39084199207 hartrees
  energy change:           7.3062E-07 #  (  5.0000E-05 )
  gradient maximum:        2.6183E-04 *  (  4.5000E-04 )
  gradient rms:            7.4827E-05 *  (  3.0000E-04 )
  displacement maximum:    3.4457E-03 .  (  1.8000E-03 )
  displacement rms:        7.9782E-04 *  (  1.2000E-03 )
  
  predicted energy change: -8.2172E-07
  step size:     0.00677
  trust radius:  0.30000
------------- final geometry iteration  12 complete -------------
geopt (optimize geometry) done.
cutabab2 (abab integrals) done.
der2a (1-e JK-1st deriv.) done.
der2b (2-e JK-1st deriv.) done.
der2nda (1-e 2nd deriv.) done.
der2ndb (2-e 2nd deriv.) done.
rwr (Q operators) done.
cphfa (gradient of wave function) done.
freq (vib. frequencies) done.
Job J1_1426_2111 completed on hpc-89-16.cm.cluster at Wed May 29 02:46:10 2024
Timer (jaguar_backend.py) : 518.86 secs (0 hrs, 08 mins, 38 secs)
Finished:   Wed May 29 02:46:10 2024
