Command:  /groups/wag/programs/Schrodinger_2020_3/jaguar run -WAIT -PARALLEL 8 /central/home/labounad/wittig-ch121/out/J1_9757_2111/J1_9757_2111.in
Release:  2020-3
Exec:     /groups/wag/programs/Schrodinger_2020_3/jaguar-v10.9/bin/Linux-x86_64
Host:     hpc-89-21.cm.cluster
JobId:    hpc-89-21-0-6656f6d5
JobDir:   /central/scratch/labounad/J1_9757_2111#hpc-89-21-0-6656f6d5
Date:     Wed May 29 02:35:20 2024

Contents of /central/scratch/labounad/J1_9757_2111#hpc-89-21-0-6656f6d5:
/central/scratch/labounad/J1_9757_2111#hpc-89-21-0-6656f6d5/.write_dir.json
/central/scratch/labounad/J1_9757_2111#hpc-89-21-0-6656f6d5/hpc-89-21-0-6656f6d5.recover
/central/scratch/labounad/J1_9757_2111#hpc-89-21-0-6656f6d5/hpc-89-21-0-6656f6d5.nodes
/central/scratch/labounad/J1_9757_2111#hpc-89-21-0-6656f6d5/J1_9757_2111.recover
/central/scratch/labounad/J1_9757_2111#hpc-89-21-0-6656f6d5/hpc-89-21-0-6656f6d5
/central/scratch/labounad/J1_9757_2111#hpc-89-21-0-6656f6d5/J1_9757_2111.log
/central/scratch/labounad/J1_9757_2111#hpc-89-21-0-6656f6d5/hpc-89-21-0-6656f6d5.mpinodes
/central/scratch/labounad/J1_9757_2111#hpc-89-21-0-6656f6d5/J1_9757_2111.in

Executing subprocess:
/groups/wag/programs/Schrodinger_2020_3/jaguar-v10.9/bin/Linux-x86_64/jexec J1_9757_2111.in -T 8 -out /central/scratch/labounad/J1_9757_2111#hpc-89-21-0-6656f6d5 -cwd

Job J1_9757_2111 started on hpc-89-21.cm.cluster at Wed May 29 02:35:20 2024
jobid: hpc-89-21-0-6656f6d5 
Jaguar version 10.9, release 139
 Using up to   8 threads per process
Molecular Point Group: C1      
Point Group used: C1
pre (input checking) done.
onee (1-electron integrals) done.
hfig (HF initial guess) done.
probe (project orbitals) done.
grid (grid generation) done.
rwr (Q operators) done.
scf type: DFT=PBE(X+LC)+PW91 (PBE-D3)
  
       i  u  d  i  g
       t  p  i  c  r                                 RMS    maximum
       e  d  i  u  i                       energy  density   DIIS  
       r  t  s  t  d       total energy    change  change    error 
  
etot    1  N  N  5  M    -967.47579910196           4.7E-03  1.0E-01
etot    2  Y  Y  6  M    -969.18334718019  1.7E+00  3.9E-03  4.5E-02
etot    3  Y  Y  6  M    -969.40573272475  2.2E-01  2.4E-03  3.5E-02
etot    4  N  Y  2  U    -969.73608866019  3.3E-01  1.0E-03  4.8E-02
etot    5  Y  Y  6  M    -969.80439105285  6.8E-02  3.4E-04  3.0E-02
etot    6  N  Y  2  U    -969.80727449625  2.9E-03  5.0E-04  1.9E-02
etot    7  Y  Y  6  M    -969.80316954200 -4.1E-03  3.2E-04  5.6E-03
etot    8  Y  Y  6  M    -969.80937649427  6.2E-03  4.2E-05  8.9E-04
etot    9  N  Y  2  U    -969.80951403763  1.4E-04  8.7E-06  1.5E-04
etot   10  N  Y  2  U    -969.80952004100  6.0E-06  2.5E-06  4.5E-05
etot   11  N  N  2  U    -969.80952045795  4.2E-07  0.0E+00  0.0E+00
scf (DFT) done.
der1a (1-e 1st deriv.) done.
rwr (1st deriv. Q) done.
der1b (2-e 1st deriv.) done.
  Geometry optimization step   1
  Total energy:      -969.84115496282 hartrees
  gradient maximum:        5.1699E-02 .  (  4.5000E-04 )
  gradient rms:            8.2970E-03 .  (  3.0000E-04 )
  displacement maximum:    1.2991E-01 .  (  1.8000E-03 )
  displacement rms:        2.4761E-02 .  (  1.2000E-03 )
  
  predicted energy change: -1.8297E-02
  step size:     0.30021
  trust radius:  0.30000
---------------- geometry iteration   1 complete ----------------
geopt (optimize geometry) done.
onee (1-electron integrals) done.
probe (project orbitals) done.
grid (grid generation) done.
rwr (Q operators) done.
  
       i  u  d  i  g
       t  p  i  c  r                                 RMS    maximum
       e  d  i  u  i                       energy  density   DIIS  
       r  t  s  t  d       total energy    change  change    error 
  
etot    1  N  N  2  U    -969.81793303341           3.7E-04  3.8E-03
etot    2  Y  Y  6  M    -969.82591822487  8.0E-03  1.3E-04  1.1E-03
etot    3  N  Y  2  U    -969.82567405099 -2.4E-04  9.7E-05  2.1E-03
etot    4  Y  Y  6  M    -969.82617712735  5.0E-04  2.8E-05  7.3E-04
etot    5  N  Y  2  U    -969.82625589232  7.9E-05  8.1E-06  2.2E-04
etot    6  N  Y  2  U    -969.82626253105  6.6E-06  2.7E-06  4.9E-05
etot    7  N  N  2  U    -969.82626291622  3.9E-07  0.0E+00  0.0E+00
scf (DFT) done.
der1a (1-e 1st deriv.) done.
rwr (1st deriv. Q) done.
der1b (2-e 1st deriv.) done.
  Geometry optimization step   2
  Total energy:      -969.85688296259 hartrees
  energy change:          -1.5728E-02 .  (  5.0000E-05 )
  gradient maximum:        9.4513E-03 .  (  4.5000E-04 )
  gradient rms:            2.2714E-03 .  (  3.0000E-04 )
  displacement maximum:    1.4612E-01 .  (  1.8000E-03 )
  displacement rms:        2.4818E-02 .  (  1.2000E-03 )
  
  predicted energy change: -4.7640E-03
  step size:     0.30090
  trust radius:  0.30000
---------------- geometry iteration   2 complete ----------------
geopt (optimize geometry) done.
onee (1-electron integrals) done.
probe (project orbitals) done.
grid (grid generation) done.
rwr (Q operators) done.
  
       i  u  d  i  g
       t  p  i  c  r                                 RMS    maximum
       e  d  i  u  i                       energy  density   DIIS  
       r  t  s  t  d       total energy    change  change    error 
  
etot    1  N  N  2  U    -969.81353285086           4.4E-04  9.8E-03
etot    2  Y  Y  6  M    -969.83068912876  1.7E-02  1.5E-04  1.3E-03
etot    3  N  Y  2  U    -969.83009160318 -6.0E-04  1.1E-04  2.9E-03
etot    4  Y  Y  6  M    -969.83081894363  7.3E-04  1.8E-05  4.3E-04
etot    5  N  Y  2  U    -969.83083194733  1.3E-05  7.6E-06  2.5E-04
etot    6  N  Y  2  U    -969.83083782243  5.9E-06  1.9E-06  3.0E-05
etot    7  N  N  2  U    -969.83083803013  2.1E-07  0.0E+00  0.0E+00
scf (DFT) done.
der1a (1-e 1st deriv.) done.
rwr (1st deriv. Q) done.
der1b (2-e 1st deriv.) done.
  Geometry optimization step   3
  Total energy:      -969.86145359677 hartrees
  energy change:          -4.5706E-03 .  (  5.0000E-05 )
  gradient maximum:        6.4004E-03 .  (  4.5000E-04 )
  gradient rms:            1.4120E-03 .  (  3.0000E-04 )
  displacement maximum:    1.5111E-01 .  (  1.8000E-03 )
  displacement rms:        2.4766E-02 .  (  1.2000E-03 )
  
  predicted energy change: -2.4848E-03
  step size:     0.30028
  trust radius:  0.30000
---------------- geometry iteration   3 complete ----------------
geopt (optimize geometry) done.
onee (1-electron integrals) done.
probe (project orbitals) done.
grid (grid generation) done.
rwr (Q operators) done.
  
       i  u  d  i  g
       t  p  i  c  r                                 RMS    maximum
       e  d  i  u  i                       energy  density   DIIS  
       r  t  s  t  d       total energy    change  change    error 
  
etot    1  N  N  2  U    -969.81797609085           4.0E-04  7.3E-03
etot    2  Y  Y  6  M    -969.83359219996  1.6E-02  8.9E-05  6.8E-04
etot    3  N  Y  2  U    -969.83342355337 -1.7E-04  6.5E-05  1.3E-03
etot    4  Y  Y  6  M    -969.83365708711  2.3E-04  9.9E-06  2.1E-04
etot    5  N  Y  2  U    -969.83367123449  1.4E-05  2.8E-06  5.2E-05
etot    6  N  N  2  U    -969.83367159260  3.6E-07  0.0E+00  0.0E+00
scf (DFT) done.
der1a (1-e 1st deriv.) done.
rwr (1st deriv. Q) done.
der1b (2-e 1st deriv.) done.
  Geometry optimization step   4
  Total energy:      -969.86406297813 hartrees
  energy change:          -2.6094E-03 .  (  5.0000E-05 )
  gradient maximum:        4.6442E-03 .  (  4.5000E-04 )
  gradient rms:            8.7862E-04 .  (  3.0000E-04 )
  displacement maximum:    1.7806E-01 .  (  1.8000E-03 )
  displacement rms:        2.4802E-02 .  (  1.2000E-03 )
  
  predicted energy change: -1.8090E-03
  step size:     0.30070
  trust radius:  0.30000
---------------- geometry iteration   4 complete ----------------
geopt (optimize geometry) done.
onee (1-electron integrals) done.
probe (project orbitals) done.
grid (grid generation) done.
rwr (Q operators) done.
  
       i  u  d  i  g
       t  p  i  c  r                                 RMS    maximum
       e  d  i  u  i                       energy  density   DIIS  
       r  t  s  t  d       total energy    change  change    error 
  
etot    1  N  N  2  U    -969.81806494744           4.4E-04  9.0E-03
etot    2  Y  Y  6  M    -969.83568446133  1.8E-02  7.0E-05  4.8E-04
etot    3  N  Y  2  U    -969.83555404481 -1.3E-04  5.2E-05  1.1E-03
etot    4  Y  Y  6  M    -969.83570637330  1.5E-04  1.3E-05  4.6E-04
etot    5  N  Y  2  U    -969.83573086865  2.4E-05  5.4E-06  1.5E-04
etot    6  N  Y  2  U    -969.83573324943  2.4E-06  2.0E-06  3.3E-05
etot    7  N  N  2  U    -969.83573335881  1.1E-07  0.0E+00  0.0E+00
scf (DFT) done.
der1a (1-e 1st deriv.) done.
rwr (1st deriv. Q) done.
der1b (2-e 1st deriv.) done.
  Geometry optimization step   5
  Total energy:      -969.86595386130 hartrees
  energy change:          -1.8909E-03 .  (  5.0000E-05 )
  gradient maximum:        3.4535E-03 .  (  4.5000E-04 )
  gradient rms:            6.8060E-04 .  (  3.0000E-04 )
  displacement maximum:    1.7763E-01 .  (  1.8000E-03 )
  displacement rms:        2.4744E-02 .  (  1.2000E-03 )
  
  predicted energy change: -1.3794E-03
  step size:     0.30000
  trust radius:  0.30000
---------------- geometry iteration   5 complete ----------------
geopt (optimize geometry) done.
onee (1-electron integrals) done.
probe (project orbitals) done.
grid (grid generation) done.
rwr (Q operators) done.
  
       i  u  d  i  g
       t  p  i  c  r                                 RMS    maximum
       e  d  i  u  i                       energy  density   DIIS  
       r  t  s  t  d       total energy    change  change    error 
  
etot    1  N  N  2  U    -969.81442440983           4.8E-04  1.0E-02
etot    2  Y  Y  6  M    -969.83701939796  2.3E-02  4.6E-05  4.0E-04
etot    3  N  Y  2  U    -969.83703461680  1.5E-05  3.7E-05  8.6E-04
etot    4  N  Y  2  U    -969.83707890803  4.4E-05  1.5E-05  6.8E-04
etot    5  N  Y  2  U    -969.83710241480  2.4E-05  3.8E-06  1.2E-04
etot    6  N  N  2  U    -969.83710374761  1.3E-06  0.0E+00  0.0E+00
scf (DFT) done.
der1a (1-e 1st deriv.) done.
rwr (1st deriv. Q) done.
der1b (2-e 1st deriv.) done.
  Geometry optimization step   6
  Total energy:      -969.86726983929 hartrees
  energy change:          -1.3160E-03 .  (  5.0000E-05 )
  gradient maximum:        3.6687E-03 .  (  4.5000E-04 )
  gradient rms:            5.9851E-04 .  (  3.0000E-04 )
  displacement maximum:    1.4134E-01 .  (  1.8000E-03 )
  displacement rms:        2.4777E-02 .  (  1.2000E-03 )
  
  predicted energy change: -9.9874E-04
  step size:     0.30040
  trust radius:  0.30000
---------------- geometry iteration   6 complete ----------------
geopt (optimize geometry) done.
onee (1-electron integrals) done.
probe (project orbitals) done.
grid (grid generation) done.
rwr (Q operators) done.
  
       i  u  d  i  g
       t  p  i  c  r                                 RMS    maximum
       e  d  i  u  i                       energy  density   DIIS  
       r  t  s  t  d       total energy    change  change    error 
  
etot    1  N  N  2  U    -969.81268754268           5.0E-04  7.8E-03
etot    2  Y  Y  6  M    -969.83798681543  2.5E-02  5.0E-05  4.5E-04
etot    3  N  Y  2  U    -969.83797894296 -7.9E-06  4.1E-05  1.2E-03
etot    4  N  Y  2  U    -969.83803999754  6.1E-05  1.6E-05  8.5E-04
etot    5  N  Y  2  U    -969.83806981734  3.0E-05  3.9E-06  1.2E-04
etot    6  N  N  2  U    -969.83807197864  2.2E-06  0.0E+00  0.0E+00
scf (DFT) done.
der1a (1-e 1st deriv.) done.
rwr (1st deriv. Q) done.
der1b (2-e 1st deriv.) done.
  Geometry optimization step   7
  Total energy:      -969.86826491196 hartrees
  energy change:          -9.9507E-04 .  (  5.0000E-05 )
  gradient maximum:        3.7740E-03 .  (  4.5000E-04 )
  gradient rms:            5.3264E-04 .  (  3.0000E-04 )
  displacement maximum:    1.6705E-01 .  (  1.8000E-03 )
  displacement rms:        2.4744E-02 .  (  1.2000E-03 )
  
  predicted energy change: -9.0919E-04
  step size:     0.30001
  trust radius:  0.30000
---------------- geometry iteration   7 complete ----------------
geopt (optimize geometry) done.
onee (1-electron integrals) done.
probe (project orbitals) done.
grid (grid generation) done.
rwr (Q operators) done.
  
       i  u  d  i  g
       t  p  i  c  r                                 RMS    maximum
       e  d  i  u  i                       energy  density   DIIS  
       r  t  s  t  d       total energy    change  change    error 
  
etot    1  N  N  2  U    -969.80965290057           5.4E-04  8.6E-03
etot    2  Y  Y  6  M    -969.83906119648  2.9E-02  4.6E-05  4.9E-04
etot    3  N  Y  2  U    -969.83904674138 -1.4E-05  3.3E-05  5.5E-04
etot    4  N  Y  2  U    -969.83909305192  4.6E-05  1.3E-05  5.2E-04
etot    5  N  Y  2  U    -969.83910850106  1.5E-05  4.7E-06  2.3E-04
etot    6  N  N  2  U    -969.83911045400  2.0E-06  0.0E+00  0.0E+00
scf (DFT) done.
der1a (1-e 1st deriv.) done.
rwr (1st deriv. Q) done.
der1b (2-e 1st deriv.) done.
  Geometry optimization step   8
  Total energy:      -969.86935244419 hartrees
  energy change:          -1.0875E-03 .  (  5.0000E-05 )
  gradient maximum:        3.2827E-03 .  (  4.5000E-04 )
  gradient rms:            5.7870E-04 .  (  3.0000E-04 )
  displacement maximum:    1.7648E-01 .  (  1.8000E-03 )
  displacement rms:        2.4774E-02 .  (  1.2000E-03 )
  
  predicted energy change: -1.1058E-03
  step size:     0.30037
  trust radius:  0.30000
---------------- geometry iteration   8 complete ----------------
geopt (optimize geometry) done.
onee (1-electron integrals) done.
probe (project orbitals) done.
grid (grid generation) done.
rwr (Q operators) done.
  
       i  u  d  i  g
       t  p  i  c  r                                 RMS    maximum
       e  d  i  u  i                       energy  density   DIIS  
       r  t  s  t  d       total energy    change  change    error 
  
etot    1  N  N  2  U    -969.80786496970           5.6E-04  8.9E-03
etot    2  Y  Y  6  M    -969.83986237358  3.2E-02  4.6E-05  5.1E-04
etot    3  N  Y  2  U    -969.83981777089 -4.5E-05  3.2E-05  5.8E-04
etot    4  N  Y  2  U    -969.83987673984  5.9E-05  1.2E-05  2.7E-04
etot    5  N  Y  2  U    -969.83988746354  1.1E-05  4.1E-06  1.4E-04
etot    6  N  N  2  U    -969.83988808432  6.2E-07  0.0E+00  0.0E+00
scf (DFT) done.
der1a (1-e 1st deriv.) done.
rwr (1st deriv. Q) done.
der1b (2-e 1st deriv.) done.
  Geometry optimization step   9
  Total energy:      -969.87026055383 hartrees
  energy change:          -9.0811E-04 .  (  5.0000E-05 )
  gradient maximum:        3.5846E-03 .  (  4.5000E-04 )
  gradient rms:            6.6526E-04 .  (  3.0000E-04 )
  displacement maximum:    1.9073E-01 .  (  1.8000E-03 )
  displacement rms:        2.4822E-02 .  (  1.2000E-03 )
  
  predicted energy change: -8.0488E-04
  step size:     0.30095
  trust radius:  0.30000
---------------- geometry iteration   9 complete ----------------
geopt (optimize geometry) done.
onee (1-electron integrals) done.
probe (project orbitals) done.
grid (grid generation) done.
rwr (Q operators) done.
  
       i  u  d  i  g
       t  p  i  c  r                                 RMS    maximum
       e  d  i  u  i                       energy  density   DIIS  
       r  t  s  t  d       total energy    change  change    error 
  
etot    1  N  N  2  U    -969.81075357406           5.4E-04  9.0E-03
etot    2  Y  Y  6  M    -969.84016996292  2.9E-02  3.9E-05  5.5E-04
etot    3  N  Y  2  U    -969.84016993091 -3.2E-08  2.3E-05  4.0E-04
etot    4  N  Y  2  U    -969.84020074481  3.1E-05  8.8E-06  2.5E-04
etot    5  N  Y  2  U    -969.84020982328  9.1E-06  2.3E-06  4.5E-05
etot    6  N  N  2  U    -969.84020999467  1.7E-07  0.0E+00  0.0E+00
scf (DFT) done.
der1a (1-e 1st deriv.) done.
rwr (1st deriv. Q) done.
der1b (2-e 1st deriv.) done.
  Geometry optimization step  10
  Total energy:      -969.87068679965 hartrees
  energy change:          -4.2625E-04 .  (  5.0000E-05 )
  gradient maximum:        3.5330E-03 .  (  4.5000E-04 )
  gradient rms:            6.9806E-04 .  (  3.0000E-04 )
  displacement maximum:    1.3826E-01 .  (  1.8000E-03 )
  displacement rms:        2.4799E-02 .  (  1.2000E-03 )
  
  predicted energy change: -5.2105E-04
  step size:     0.30067
  trust radius:  0.30000
---------------- geometry iteration  10 complete ----------------
geopt (optimize geometry) done.
onee (1-electron integrals) done.
probe (project orbitals) done.
grid (grid generation) done.
rwr (Q operators) done.
  
       i  u  d  i  g
       t  p  i  c  r                                 RMS    maximum
       e  d  i  u  i                       energy  density   DIIS  
       r  t  s  t  d       total energy    change  change    error 
  
etot    1  N  N  2  U    -969.81691680289           4.9E-04  6.0E-03
etot    2  Y  Y  6  M    -969.84035481465  2.3E-02  5.3E-05  5.9E-04
etot    3  N  Y  2  U    -969.84027708337 -7.8E-05  4.2E-05  1.5E-03
etot    4  N  Y  2  U    -969.84035205013  7.5E-05  1.7E-05  9.2E-04
etot    5  N  Y  2  U    -969.84037873403  2.7E-05  4.4E-06  1.5E-04
etot    6  N  N  2  U    -969.84038079369  2.1E-06  0.0E+00  0.0E+00
scf (DFT) done.
der1a (1-e 1st deriv.) done.
rwr (1st deriv. Q) done.
der1b (2-e 1st deriv.) done.
  Geometry optimization step  11
  Total energy:      -969.87098716125 hartrees
  energy change:          -3.0036E-04 .  (  5.0000E-05 )
  gradient maximum:        3.3876E-03 .  (  4.5000E-04 )
  gradient rms:            7.8522E-04 .  (  3.0000E-04 )
  displacement maximum:    8.3197E-02 .  (  1.8000E-03 )
  displacement rms:        1.5235E-02 .  (  1.2000E-03 )
  
  predicted energy change: -2.7321E-04
  step size:     0.18471
  trust radius:  0.30000
---------------- geometry iteration  11 complete ----------------
geopt (optimize geometry) done.
onee (1-electron integrals) done.
probe (project orbitals) done.
grid (grid generation) done.
rwr (Q operators) done.
  
       i  u  d  i  g
       t  p  i  c  r                                 RMS    maximum
       e  d  i  u  i                       energy  density   DIIS  
       r  t  s  t  d       total energy    change  change    error 
  
etot    1  N  N  2  U    -969.82948635245           3.3E-04  5.6E-03
etot    2  Y  Y  6  M    -969.84071101371  1.1E-02  4.0E-05  4.5E-04
etot    3  N  Y  2  U    -969.84070060318 -1.0E-05  3.1E-05  1.1E-03
etot    4  N  Y  2  U    -969.84075126806  5.1E-05  1.2E-05  5.9E-04
etot    5  N  Y  2  U    -969.84076306083  1.2E-05  3.4E-06  1.3E-04
etot    6  N  N  2  U    -969.84076442041  1.4E-06  0.0E+00  0.0E+00
scf (DFT) done.
der1a (1-e 1st deriv.) done.
rwr (1st deriv. Q) done.
der1b (2-e 1st deriv.) done.
  Geometry optimization step  12
  Total energy:      -969.87127797922 hartrees
  energy change:          -2.9082E-04 .  (  5.0000E-05 )
  gradient maximum:        4.2405E-03 .  (  4.5000E-04 )
  gradient rms:            6.7275E-04 .  (  3.0000E-04 )
  displacement maximum:    5.5830E-02 .  (  1.8000E-03 )
  displacement rms:        1.1136E-02 .  (  1.2000E-03 )
  
  predicted energy change: -1.7026E-04
  step size:     0.13502
  trust radius:  0.30000
---------------- geometry iteration  12 complete ----------------
geopt (optimize geometry) done.
onee (1-electron integrals) done.
probe (project orbitals) done.
grid (grid generation) done.
rwr (Q operators) done.
  
       i  u  d  i  g
       t  p  i  c  r                                 RMS    maximum
       e  d  i  u  i                       energy  density   DIIS  
       r  t  s  t  d       total energy    change  change    error 
  
etot    1  N  N  2  U    -969.83554363372           2.2E-04  3.2E-03
etot    2  Y  Y  6  M    -969.84082758034  5.3E-03  2.0E-05  2.2E-04
etot    3  N  Y  2  U    -969.84079714491 -3.0E-05  1.6E-05  6.0E-04
etot    4  N  Y  2  U    -969.84081134325  1.4E-05  7.8E-06  4.0E-04
etot    5  N  Y  2  U    -969.84081750433  6.2E-06  1.9E-06  6.6E-05
etot    6  N  N  2  U    -969.84081780671  3.0E-07  0.0E+00  0.0E+00
scf (DFT) done.
der1a (1-e 1st deriv.) done.
rwr (1st deriv. Q) done.
der1b (2-e 1st deriv.) done.
  Geometry optimization step  13
  Total energy:      -969.87129534579 hartrees
  energy change:          -1.7367E-05 *  (  5.0000E-05 )
  gradient maximum:        3.4382E-03 .  (  4.5000E-04 )
  gradient rms:            5.7503E-04 .  (  3.0000E-04 )
  displacement maximum:    4.2338E-02 .  (  1.8000E-03 )
  displacement rms:        6.0064E-03 .  (  1.2000E-03 )
  
  predicted energy change: -1.0926E-04
  step size:     0.07282
  trust radius:  0.30000
---------------- geometry iteration  13 complete ----------------
geopt (optimize geometry) done.
onee (1-electron integrals) done.
probe (project orbitals) done.
grid (grid generation) done.
rwr (Q operators) done.
  
       i  u  d  i  g
       t  p  i  c  r                                 RMS    maximum
       e  d  i  u  i                       energy  density   DIIS  
       r  t  s  t  d       total energy    change  change    error 
  
etot    1  N  N  2  U    -969.83793379295           1.6E-04  3.1E-03
etot    2  Y  Y  6  M    -969.84073646670  2.8E-03  2.7E-05  2.5E-04
etot    3  N  Y  2  U    -969.84072488440 -1.2E-05  2.0E-05  4.9E-04
etot    4  N  Y  2  U    -969.84074736873  2.2E-05  6.6E-06  2.9E-04
etot    5  N  Y  2  U    -969.84075046722  3.1E-06  2.1E-06  9.7E-05
etot    6  N  N  2  U    -969.84075091011  4.4E-07  0.0E+00  0.0E+00
scf (DFT) done.
der1a (1-e 1st deriv.) done.
rwr (1st deriv. Q) done.
der1b (2-e 1st deriv.) done.
  Geometry optimization step  14
  Total energy:      -969.87126018555 hartrees
  energy change:           3.5160E-05 *  (  5.0000E-05 )
  gradient maximum:        2.5309E-03 .  (  4.5000E-04 )
  gradient rms:            4.9672E-04 .  (  3.0000E-04 )
  displacement maximum:    2.2420E-02 .  (  1.8000E-03 )
  displacement rms:        3.7177E-03 .  (  1.2000E-03 )
  
  predicted energy change: -4.5226E-05
  step size:     0.04507
  trust radius:  0.30000
---------------- geometry iteration  14 complete ----------------
geopt (optimize geometry) done.
onee (1-electron integrals) done.
probe (project orbitals) done.
grid (grid generation) done.
rwr (Q operators) done.
  
       i  u  d  i  g
       t  p  i  c  r                                 RMS    maximum
       e  d  i  u  i                       energy  density   DIIS  
       r  t  s  t  d       total energy    change  change    error 
  
etot    1  N  N  2  U    -969.83988329302           9.3E-05  1.7E-03
etot    2  Y  Y  6  M    -969.84074318605  8.6E-04  1.8E-05  2.8E-04
etot    3  N  Y  2  U    -969.84074261233 -5.7E-07  1.4E-05  7.6E-04
etot    4  N  Y  2  U    -969.84076213409  2.0E-05  3.0E-06  1.3E-04
etot    5  N  N  2  U    -969.84076287531  7.4E-07  0.0E+00  0.0E+00
scf (DFT) done.
der1a (1-e 1st deriv.) done.
rwr (1st deriv. Q) done.
der1b (2-e 1st deriv.) done.
  Geometry optimization step  15
  Total energy:      -969.87127309676 hartrees
  energy change:          -1.2911E-05 *  (  5.0000E-05 )
  gradient maximum:        4.6427E-04 .  (  4.5000E-04 )
  gradient rms:            8.3364E-05 *  (  3.0000E-04 )
  displacement maximum:    7.7546E-03 .  (  1.8000E-03 )
  displacement rms:        1.6161E-03 .  (  1.2000E-03 )
  
  predicted energy change: -4.3986E-06
  step size:     0.01959
  trust radius:  0.30000
---------------- geometry iteration  15 complete ----------------
geopt (optimize geometry) done.
onee (1-electron integrals) done.
probe (project orbitals) done.
grid (grid generation) done.
rwr (Q operators) done.
  
       i  u  d  i  g
       t  p  i  c  r                                 RMS    maximum
       e  d  i  u  i                       energy  density   DIIS  
       r  t  s  t  d       total energy    change  change    error 
  
etot    1  N  N  2  U    -969.84067923303           2.9E-05  4.4E-04
etot    2  N  Y  2  U    -969.84076564580  8.6E-05  5.1E-06  5.0E-05
etot    3  N  Y  2  U    -969.84076467814 -9.7E-07  3.4E-06  9.0E-05
etot    4  N  N  2  U    -969.84076620281  1.5E-06  0.0E+00  0.0E+00
scf (DFT) done.
der1a (1-e 1st deriv.) done.
rwr (1st deriv. Q) done.
der1b (2-e 1st deriv.) done.
  Geometry optimization step  16
  Total energy:      -969.87126831806 hartrees
  energy change:           4.7787E-06 *  (  5.0000E-05 )
  gradient maximum:        3.9114E-04 *  (  4.5000E-04 )
  gradient rms:            7.1628E-05 *  (  3.0000E-04 )
  displacement maximum:    9.7894E-03 .  (  1.8000E-03 )
  displacement rms:        1.7323E-03 .  (  1.2000E-03 )
  
  predicted energy change: -3.5317E-06
  step size:     0.02100
  trust radius:  0.30000
---------------- geometry iteration  16 complete ----------------
geopt (optimize geometry) done.
onee (1-electron integrals) done.
probe (project orbitals) done.
grid (grid generation) done.
rwr (Q operators) done.
  
       i  u  d  i  g
       t  p  i  c  r                                 RMS    maximum
       e  d  i  u  i                       energy  density   DIIS  
       r  t  s  t  d       total energy    change  change    error 
  
etot    1  N  N  2  U    -969.84067633450           3.1E-05  3.7E-04
etot    2  N  Y  2  U    -969.84076747453  9.1E-05  8.6E-06  1.1E-04
etot    3  N  Y  2  U    -969.84076335262 -4.1E-06  6.3E-06  3.1E-04
etot    4  N  Y  2  U    -969.84076836396  5.0E-06  1.3E-06  5.2E-05
etot    5  N  N  2  U    -969.84076847093  1.1E-07  0.0E+00  0.0E+00
scf (DFT) done.
der1a (1-e 1st deriv.) done.
rwr (1st deriv. Q) done.
der1b (2-e 1st deriv.) done.
  Geometry optimization step  17
  Total energy:      -969.87126519207 hartrees
  energy change:           3.1260E-06 *  (  5.0000E-05 )
  gradient maximum:        3.2305E-04 *  (  4.5000E-04 )
  gradient rms:            5.9572E-05 #  (  3.0000E-04 )
  displacement maximum:    5.4333E-03 .  (  1.8000E-03 )
  displacement rms:        9.8303E-04 *  (  1.2000E-03 )
  
  predicted energy change: -1.6938E-06
  step size:     0.01192
  trust radius:  0.30000
------------- final geometry iteration  17 complete -------------
geopt (optimize geometry) done.
cutabab2 (abab integrals) done.
der2a (1-e JK-1st deriv.) done.
der2b (2-e JK-1st deriv.) done.
der2nda (1-e 2nd deriv.) done.
der2ndb (2-e 2nd deriv.) done.
rwr (Q operators) done.
cphfa (gradient of wave function) done.
freq (vib. frequencies) done.
Job J1_9757_2111 completed on hpc-89-21.cm.cluster at Wed May 29 03:00:21 2024
Timer (jaguar_backend.py) : 1501.40 secs (0 hrs, 25 mins, 01 secs)
Finished:   Wed May 29 03:00:21 2024
