Command:  /groups/wag/programs/Schrodinger_2020_3/jaguar run -WAIT -PARALLEL 8 /central/home/labounad/wittig-ch121/out/J1_7014_2111/J1_7014_2111.in
Release:  2020-3
Exec:     /groups/wag/programs/Schrodinger_2020_3/jaguar-v10.9/bin/Linux-x86_64
Host:     hpc-89-14.cm.cluster
JobId:    hpc-89-14-0-6656ee65
JobDir:   /central/scratch/labounad/J1_7014_2111#hpc-89-14-0-6656ee65
Date:     Wed May 29 01:59:19 2024

Contents of /central/scratch/labounad/J1_7014_2111#hpc-89-14-0-6656ee65:
/central/scratch/labounad/J1_7014_2111#hpc-89-14-0-6656ee65/hpc-89-14-0-6656ee65
/central/scratch/labounad/J1_7014_2111#hpc-89-14-0-6656ee65/.write_dir.json
/central/scratch/labounad/J1_7014_2111#hpc-89-14-0-6656ee65/hpc-89-14-0-6656ee65.recover
/central/scratch/labounad/J1_7014_2111#hpc-89-14-0-6656ee65/J1_7014_2111.log
/central/scratch/labounad/J1_7014_2111#hpc-89-14-0-6656ee65/hpc-89-14-0-6656ee65.nodes
/central/scratch/labounad/J1_7014_2111#hpc-89-14-0-6656ee65/J1_7014_2111.in
/central/scratch/labounad/J1_7014_2111#hpc-89-14-0-6656ee65/hpc-89-14-0-6656ee65.mpinodes
/central/scratch/labounad/J1_7014_2111#hpc-89-14-0-6656ee65/J1_7014_2111.recover

Executing subprocess:
/groups/wag/programs/Schrodinger_2020_3/jaguar-v10.9/bin/Linux-x86_64/jexec J1_7014_2111.in -T 8 -out /central/scratch/labounad/J1_7014_2111#hpc-89-14-0-6656ee65 -cwd

Job J1_7014_2111 started on hpc-89-14.cm.cluster at Wed May 29 01:59:19 2024
jobid: hpc-89-14-0-6656ee65 
Jaguar version 10.9, release 139
 Using up to   8 threads per process
Molecular Point Group: C1      
Point Group used: C1
pre (input checking) done.
onee (1-electron integrals) done.
hfig (HF initial guess) done.
probe (project orbitals) done.
grid (grid generation) done.
rwr (Q operators) done.
scf type: DFT=PBE(X+LC)+PW91 (PBE-D3)
  
       i  u  d  i  g
       t  p  i  c  r                                 RMS    maximum
       e  d  i  u  i                       energy  density   DIIS  
       r  t  s  t  d       total energy    change  change    error 
  
etot    1  N  N  5  M    -597.66649993068           7.9E-03  1.8E-01
etot    2  Y  Y  6  M    -597.66150668879 -5.0E-03  9.1E-03  2.2E-01
etot    3  N  Y  2  U    -597.75100588778  8.9E-02  7.2E-03  2.0E-01
etot    4  Y  Y  6  M    -598.60321641821  8.5E-01  3.5E-03  6.3E-02
etot    5  N  Y  2  U    -598.60555982885  2.3E-03  2.1E-03  7.2E-02
etot    6  Y  Y  6  M    -598.75232351562  1.5E-01  1.2E-03  2.1E-02
etot    7  N  Y  2  U    -598.77601540088  2.4E-02  3.4E-04  5.7E-03
etot    8  Y  Y  6  M    -598.77777011582  1.8E-03  9.1E-05  1.4E-03
etot    9  Y  Y  6  M    -598.77796932014  2.0E-04  2.9E-05  2.7E-04
etot   10  N  Y  2  U    -598.77803593619  6.7E-05  3.5E-05  1.0E-03
etot   11  N  Y  2  U    -598.77804136511  5.4E-06  3.0E-05  6.6E-04
etot   12  N  Y  2  U    -598.77804260965  1.2E-06  3.9E-05  3.7E-04
etot   13  N  Y  2  U    -598.77804364487  1.0E-06  3.1E-06  5.1E-05
etot   14  N  N  2  U    -598.77804365138  6.5E-09  0.0E+00  0.0E+00
scf (DFT) done.
der1a (1-e 1st deriv.) done.
rwr (1st deriv. Q) done.
der1b (2-e 1st deriv.) done.
  Geometry optimization step   1
  Total energy:      -598.78395987259 hartrees
  gradient maximum:        5.7034E-02 .  (  4.5000E-04 )
  gradient rms:            1.1334E-02 .  (  3.0000E-04 )
  displacement maximum:    8.2444E-02 .  (  1.8000E-03 )
  displacement rms:        3.0122E-02 .  (  1.2000E-03 )
  
  predicted energy change: -7.2112E-03
  step size:     0.21086
  trust radius:  0.30000
---------------- geometry iteration   1 complete ----------------
geopt (optimize geometry) done.
onee (1-electron integrals) done.
probe (project orbitals) done.
grid (grid generation) done.
rwr (Q operators) done.
  
       i  u  d  i  g
       t  p  i  c  r                                 RMS    maximum
       e  d  i  u  i                       energy  density   DIIS  
       r  t  s  t  d       total energy    change  change    error 
  
etot    1  N  N  2  U    -598.78173114458           5.5E-04  5.6E-03
etot    2  Y  Y  6  M    -598.78239761592  6.7E-04  4.4E-04  1.0E-02
etot    3  Y  Y  6  M    -598.78135633217 -1.0E-03  2.8E-04  1.4E-02
etot    4  Y  Y  6  M    -598.78424528396  2.9E-03  7.4E-05  1.7E-03
etot    5  Y  Y  6  M    -598.78433188350  8.7E-05  3.0E-05  1.3E-03
etot    6  N  Y  2  U    -598.78447818982  1.5E-04  1.1E-05  2.8E-04
etot    7  N  Y  2  U    -598.78448278888  4.6E-06  4.0E-06  7.7E-05
etot    8  N  N  2  U    -598.78448293996  1.5E-07  0.0E+00  0.0E+00
scf (DFT) done.
der1a (1-e 1st deriv.) done.
rwr (1st deriv. Q) done.
der1b (2-e 1st deriv.) done.
  Geometry optimization step   2
  Total energy:      -598.79019846209 hartrees
  energy change:          -6.2386E-03 .  (  5.0000E-05 )
  gradient maximum:        1.7351E-02 .  (  4.5000E-04 )
  gradient rms:            3.0457E-03 .  (  3.0000E-04 )
  displacement maximum:    3.3583E-02 .  (  1.8000E-03 )
  displacement rms:        9.2182E-03 .  (  1.2000E-03 )
  
  predicted energy change: -5.0538E-04
  step size:     0.06453
  trust radius:  0.30000
---------------- geometry iteration   2 complete ----------------
geopt (optimize geometry) done.
onee (1-electron integrals) done.
probe (project orbitals) done.
grid (grid generation) done.
rwr (Q operators) done.
  
       i  u  d  i  g
       t  p  i  c  r                                 RMS    maximum
       e  d  i  u  i                       energy  density   DIIS  
       r  t  s  t  d       total energy    change  change    error 
  
etot    1  N  N  2  U    -598.78463687416           1.7E-04  2.1E-03
etot    2  Y  Y  6  M    -598.78491517964  2.8E-04  8.9E-05  1.9E-03
etot    3  Y  Y  6  M    -598.78480462891 -1.1E-04  6.9E-05  4.0E-03
etot    4  Y  Y  6  M    -598.78496942219  1.6E-04  2.2E-05  8.7E-04
etot    5  N  Y  2  U    -598.78498560811  1.6E-05  6.1E-06  1.7E-04
etot    6  N  Y  2  U    -598.78498609153  4.8E-07  3.0E-06  9.9E-05
etot    7  N  N  2  U    -598.78498654230  4.5E-07  0.0E+00  0.0E+00
scf (DFT) done.
der1a (1-e 1st deriv.) done.
rwr (1st deriv. Q) done.
der1b (2-e 1st deriv.) done.
  Geometry optimization step   3
  Total energy:      -598.79072530517 hartrees
  energy change:          -5.2684E-04 .  (  5.0000E-05 )
  gradient maximum:        1.7170E-03 .  (  4.5000E-04 )
  gradient rms:            5.2561E-04 .  (  3.0000E-04 )
  displacement maximum:    1.1501E-02 .  (  1.8000E-03 )
  displacement rms:        3.7072E-03 .  (  1.2000E-03 )
  
  predicted energy change: -3.9759E-05
  step size:     0.02595
  trust radius:  0.30000
---------------- geometry iteration   3 complete ----------------
geopt (optimize geometry) done.
onee (1-electron integrals) done.
probe (project orbitals) done.
grid (grid generation) done.
rwr (Q operators) done.
  
       i  u  d  i  g
       t  p  i  c  r                                 RMS    maximum
       e  d  i  u  i                       energy  density   DIIS  
       r  t  s  t  d       total energy    change  change    error 
  
etot    1  N  N  2  U    -598.78493187452           8.1E-05  1.4E-03
etot    2  Y  Y  6  M    -598.78503306194  1.0E-04  2.8E-05  4.5E-04
etot    3  N  Y  2  U    -598.78501612161 -1.7E-05  2.4E-05  1.5E-03
etot    4  N  Y  2  U    -598.78503866350  2.3E-05  4.9E-06  1.4E-04
etot    5  N  N  2  U    -598.78503884418  1.8E-07  0.0E+00  0.0E+00
scf (DFT) done.
der1a (1-e 1st deriv.) done.
rwr (1st deriv. Q) done.
der1b (2-e 1st deriv.) done.
  Geometry optimization step   4
  Total energy:      -598.79078205756 hartrees
  energy change:          -5.6752E-05 .  (  5.0000E-05 )
  gradient maximum:        1.2403E-03 .  (  4.5000E-04 )
  gradient rms:            2.4170E-04 *  (  3.0000E-04 )
  displacement maximum:    7.7719E-03 .  (  1.8000E-03 )
  displacement rms:        2.4258E-03 .  (  1.2000E-03 )
  
  predicted energy change: -9.9680E-06
  step size:     0.01698
  trust radius:  0.30000
---------------- geometry iteration   4 complete ----------------
geopt (optimize geometry) done.
onee (1-electron integrals) done.
probe (project orbitals) done.
grid (grid generation) done.
rwr (Q operators) done.
  
       i  u  d  i  g
       t  p  i  c  r                                 RMS    maximum
       e  d  i  u  i                       energy  density   DIIS  
       r  t  s  t  d       total energy    change  change    error 
  
etot    1  N  N  2  U    -598.78499885939           5.9E-05  9.4E-04
etot    2  Y  Y  6  M    -598.78505208187  5.3E-05  3.3E-05  2.9E-04
etot    3  N  Y  2  U    -598.78502101158 -3.1E-05  2.5E-05  9.3E-04
etot    4  N  Y  2  U    -598.78505973556  3.9E-05  3.8E-06  1.0E-04
etot    5  N  N  2  U    -598.78505977976  4.4E-08  0.0E+00  0.0E+00
scf (DFT) done.
der1a (1-e 1st deriv.) done.
rwr (1st deriv. Q) done.
der1b (2-e 1st deriv.) done.
  Geometry optimization step   5
  Total energy:      -598.79079962695 hartrees
  energy change:          -1.7569E-05 *  (  5.0000E-05 )
  gradient maximum:        8.9728E-04 .  (  4.5000E-04 )
  gradient rms:            1.9232E-04 *  (  3.0000E-04 )
  displacement maximum:    1.0770E-02 .  (  1.8000E-03 )
  displacement rms:        2.7092E-03 .  (  1.2000E-03 )
  
  predicted energy change: -7.7673E-06
  step size:     0.01896
  trust radius:  0.30000
---------------- geometry iteration   5 complete ----------------
geopt (optimize geometry) done.
onee (1-electron integrals) done.
probe (project orbitals) done.
grid (grid generation) done.
rwr (Q operators) done.
  
       i  u  d  i  g
       t  p  i  c  r                                 RMS    maximum
       e  d  i  u  i                       energy  density   DIIS  
       r  t  s  t  d       total energy    change  change    error 
  
etot    1  N  N  2  U    -598.78500211826           5.8E-05  1.0E-03
etot    2  Y  Y  6  M    -598.78505633598  5.4E-05  1.5E-05  2.1E-04
etot    3  N  Y  2  U    -598.78505966772  3.3E-06  1.2E-05  6.6E-04
etot    4  N  Y  2  U    -598.78506457226  4.9E-06  3.1E-06  9.3E-05
etot    5  N  N  2  U    -598.78506476243  1.9E-07  0.0E+00  0.0E+00
scf (DFT) done.
der1a (1-e 1st deriv.) done.
rwr (1st deriv. Q) done.
der1b (2-e 1st deriv.) done.
  Geometry optimization step   6
  Total energy:      -598.79080213257 hartrees
  energy change:          -2.5056E-06 *  (  5.0000E-05 )
  gradient maximum:        5.3738E-04 .  (  4.5000E-04 )
  gradient rms:            1.3376E-04 *  (  3.0000E-04 )
  displacement maximum:    4.5875E-03 .  (  1.8000E-03 )
  displacement rms:        1.0515E-03 *  (  1.2000E-03 )
  
  predicted energy change: -2.3213E-06
  step size:     0.00736
  trust radius:  0.30000
---------------- geometry iteration   6 complete ----------------
geopt (optimize geometry) done.
onee (1-electron integrals) done.
probe (project orbitals) done.
grid (grid generation) done.
rwr (Q operators) done.
  
       i  u  d  i  g
       t  p  i  c  r                                 RMS    maximum
       e  d  i  u  i                       energy  density   DIIS  
       r  t  s  t  d       total energy    change  change    error 
  
etot    1  N  N  2  U    -598.78506102836           2.2E-05  6.5E-04
etot    2  N  Y  2  U    -598.78506785768  6.8E-06  1.5E-05  2.0E-04
etot    3  N  Y  2  U    -598.78506175455 -6.1E-06  1.1E-05  4.7E-04
etot    4  N  Y  2  U    -598.78506895478  7.2E-06  1.6E-06  6.2E-05
etot    5  N  N  2  U    -598.78506902296  6.8E-08  0.0E+00  0.0E+00
scf (DFT) done.
der1a (1-e 1st deriv.) done.
rwr (1st deriv. Q) done.
der1b (2-e 1st deriv.) done.
  Geometry optimization step   7
  Total energy:      -598.79080615331 hartrees
  energy change:          -4.0207E-06 *  (  5.0000E-05 )
  gradient maximum:        3.8318E-04 *  (  4.5000E-04 )
  gradient rms:            9.2074E-05 *  (  3.0000E-04 )
  displacement maximum:    4.3465E-03 .  (  1.8000E-03 )
  displacement rms:        9.5560E-04 *  (  1.2000E-03 )
  
  predicted energy change: -1.4687E-06
  step size:     0.00669
  trust radius:  0.30000
---------------- geometry iteration   7 complete ----------------
geopt (optimize geometry) done.
onee (1-electron integrals) done.
probe (project orbitals) done.
grid (grid generation) done.
rwr (Q operators) done.
  
       i  u  d  i  g
       t  p  i  c  r                                 RMS    maximum
       e  d  i  u  i                       energy  density   DIIS  
       r  t  s  t  d       total energy    change  change    error 
  
etot    1  N  N  2  U    -598.78504685918           2.0E-05  5.8E-04
etot    2  N  Y  2  U    -598.78505395961  7.1E-06  6.6E-06  8.4E-05
etot    3  N  Y  2  U    -598.78505301831 -9.4E-07  5.2E-06  2.7E-04
etot    4  N  Y  2  U    -598.78505407427  1.1E-06  1.2E-06  3.7E-05
etot    5  N  N  2  U    -598.78505411677  4.2E-08  0.0E+00  0.0E+00
scf (DFT) done.
der1a (1-e 1st deriv.) done.
rwr (1st deriv. Q) done.
der1b (2-e 1st deriv.) done.
  Geometry optimization step   8
  Total energy:      -598.79079145848 hartrees
  energy change:           1.4695E-05 *  (  5.0000E-05 )
  gradient maximum:        2.7364E-04 *  (  4.5000E-04 )
  gradient rms:            6.8404E-05 *  (  3.0000E-04 )
  displacement maximum:    3.8283E-03 .  (  1.8000E-03 )
  displacement rms:        8.1559E-04 *  (  1.2000E-03 )
  
  predicted energy change: -8.8017E-07
  step size:     0.00571
  trust radius:  0.30000
---------------- geometry iteration   8 complete ----------------
geopt (optimize geometry) done.
onee (1-electron integrals) done.
probe (project orbitals) done.
grid (grid generation) done.
rwr (Q operators) done.
  
       i  u  d  i  g
       t  p  i  c  r                                 RMS    maximum
       e  d  i  u  i                       energy  density   DIIS  
       r  t  s  t  d       total energy    change  change    error 
  
etot    1  N  N  2  U    -598.78501959484           2.2E-05  4.1E-04
etot    2  N  Y  2  U    -598.78502546454  5.9E-06  6.7E-06  7.2E-05
etot    3  N  Y  2  U    -598.78502430531 -1.2E-06  5.2E-06  2.5E-04
etot    4  N  Y  2  U    -598.78502559422  1.3E-06  6.7E-07  9.8E-06
etot    5  N  N  2  U    -598.78502560583  1.2E-08  0.0E+00  0.0E+00
scf (DFT) done.
der1a (1-e 1st deriv.) done.
rwr (1st deriv. Q) done.
der1b (2-e 1st deriv.) done.
  Geometry optimization step   9
  Total energy:      -598.79076387171 hartrees
  energy change:           2.7587E-05 *  (  5.0000E-05 )
  gradient maximum:        1.9526E-04 *  (  4.5000E-04 )
  gradient rms:            6.8465E-05 *  (  3.0000E-04 )
  displacement maximum:    5.7475E-03 .  (  1.8000E-03 )
  displacement rms:        1.3952E-03 .  (  1.2000E-03 )
  
  predicted energy change: -1.0950E-06
  step size:     0.00977
  trust radius:  0.30000
---------------- geometry iteration   9 complete ----------------
geopt (optimize geometry) done.
onee (1-electron integrals) done.
probe (project orbitals) done.
grid (grid generation) done.
rwr (Q operators) done.
  
       i  u  d  i  g
       t  p  i  c  r                                 RMS    maximum
       e  d  i  u  i                       energy  density   DIIS  
       r  t  s  t  d       total energy    change  change    error 
  
etot    1  N  N  2  U    -598.78499085173           3.4E-05  5.7E-04
etot    2  N  Y  2  U    -598.78501249215  2.2E-05  1.0E-05  1.4E-04
etot    3  N  Y  2  U    -598.78501044894 -2.0E-06  7.8E-06  4.7E-04
etot    4  N  Y  2  U    -598.78501276606  2.3E-06  1.5E-06  5.4E-05
etot    5  N  N  2  U    -598.78501280996  4.4E-08  0.0E+00  0.0E+00
scf (DFT) done.
der1a (1-e 1st deriv.) done.
rwr (1st deriv. Q) done.
der1b (2-e 1st deriv.) done.
  Geometry optimization step  10
  Total energy:      -598.79075227169 hartrees
  energy change:           1.1600E-05 *  (  5.0000E-05 )
  gradient maximum:        1.5331E-04 *  (  4.5000E-04 )
  gradient rms:            5.0524E-05 #  (  3.0000E-04 )
  displacement maximum:    2.7053E-03 .  (  1.8000E-03 )
  displacement rms:        6.4318E-04 *  (  1.2000E-03 )
  
  predicted energy change: -5.0497E-07
  step size:     0.00450
  trust radius:  0.30000
------------- final geometry iteration  10 complete -------------
geopt (optimize geometry) done.
cutabab2 (abab integrals) done.
der2a (1-e JK-1st deriv.) done.
der2b (2-e JK-1st deriv.) done.
der2nda (1-e 2nd deriv.) done.
der2ndb (2-e 2nd deriv.) done.
rwr (Q operators) done.
cphfa (gradient of wave function) done.
freq (vib. frequencies) done.
Job J1_7014_2111 completed on hpc-89-14.cm.cluster at Wed May 29 02:03:06 2024
Timer (jaguar_backend.py) : 227.21 secs (0 hrs, 03 mins, 47 secs)
Finished:   Wed May 29 02:03:06 2024
