Command:  /groups/wag/programs/Schrodinger_2020_3/jaguar run -WAIT -PARALLEL 8 /central/home/labounad/wittig-ch121/out/J1_10177_2111/J1_10177_2111.in
Release:  2020-3
Exec:     /groups/wag/programs/Schrodinger_2020_3/jaguar-v10.9/bin/Linux-x86_64
Host:     hpc-90-15.cm.cluster
JobId:    hpc-90-15-0-66570fd7
JobDir:   /central/scratch/labounad/J1_10177_2111#hpc-90-15-0-66570fd7
Date:     Wed May 29 04:22:01 2024

Contents of /central/scratch/labounad/J1_10177_2111#hpc-90-15-0-66570fd7:
/central/scratch/labounad/J1_10177_2111#hpc-90-15-0-66570fd7/hpc-90-15-0-66570fd7.recover
/central/scratch/labounad/J1_10177_2111#hpc-90-15-0-66570fd7/.write_dir.json
/central/scratch/labounad/J1_10177_2111#hpc-90-15-0-66570fd7/J1_10177_2111.recover
/central/scratch/labounad/J1_10177_2111#hpc-90-15-0-66570fd7/hpc-90-15-0-66570fd7
/central/scratch/labounad/J1_10177_2111#hpc-90-15-0-66570fd7/hpc-90-15-0-66570fd7.nodes
/central/scratch/labounad/J1_10177_2111#hpc-90-15-0-66570fd7/J1_10177_2111.log
/central/scratch/labounad/J1_10177_2111#hpc-90-15-0-66570fd7/hpc-90-15-0-66570fd7.mpinodes
/central/scratch/labounad/J1_10177_2111#hpc-90-15-0-66570fd7/J1_10177_2111.in

Executing subprocess:
/groups/wag/programs/Schrodinger_2020_3/jaguar-v10.9/bin/Linux-x86_64/jexec J1_10177_2111.in -T 8 -out /central/scratch/labounad/J1_10177_2111#hpc-90-15-0-66570fd7 -cwd

Job J1_10177_2111 started on hpc-90-15.cm.cluster at Wed May 29 04:22:01 2024
jobid: hpc-90-15-0-66570fd7 
Jaguar version 10.9, release 139
 Using up to   8 threads per process
Molecular Point Group: C1      
Point Group used: C1
pre (input checking) done.
onee (1-electron integrals) done.
hfig (HF initial guess) done.
probe (project orbitals) done.
grid (grid generation) done.
rwr (Q operators) done.
scf type: DFT=PBE(X+LC)+PW91 (PBE-D3)
  
       i  u  d  i  g
       t  p  i  c  r                                 RMS    maximum
       e  d  i  u  i                       energy  density   DIIS  
       r  t  s  t  d       total energy    change  change    error 
  
etot    1  N  N  5  M   -1574.10710482584           5.3E-03  1.1E-01
etot    2  Y  Y  6  M   -1571.17484619543 -2.9E+00  9.6E-03  1.3E-01
etot    3  Y  Y  6  M   -1566.22024426596 -5.0E+00  8.5E-03  1.8E-01
etot    4  N  Y  2  U   -1577.25359933818  1.1E+01  2.4E-03  7.7E-02
etot    5  Y  Y  6  M   -1577.64158982794  3.9E-01  1.6E-03  3.0E-02
etot    6  N  Y  2  U   -1577.93227325331  2.9E-01  7.7E-04  2.3E-02
etot    7  Y  Y  6  M   -1577.96859572958  3.6E-02  5.2E-04  1.5E-02
etot    8  N  Y  2  U   -1578.03916121744  7.1E-02  2.6E-04  5.4E-03
etot    9  Y  Y  6  M   -1578.04329273284  4.1E-03  1.9E-04  5.2E-03
etot   10  Y  Y  6  M   -1578.04845540828  5.2E-03  8.5E-05  2.7E-03
etot   11  N  Y  2  U   -1578.04966381549  1.2E-03  3.2E-05  9.0E-04
etot   12  N  Y  2  U   -1578.04987029775  2.1E-04  1.0E-05  2.1E-04
etot   13  N  Y  2  U   -1578.04988360513  1.3E-05  4.4E-06  1.3E-04
etot   14  N  N  2  U   -1578.04988761266  4.0E-06  0.0E+00  0.0E+00
scf (DFT) done.
der1a (1-e 1st deriv.) done.
rwr (1st deriv. Q) done.
der1b (2-e 1st deriv.) done.
  Geometry optimization step   1
  Total energy:     -1578.10216540232 hartrees
  gradient maximum:        3.7428E-02 .  (  4.5000E-04 )
  gradient rms:            7.4074E-03 .  (  3.0000E-04 )
  displacement maximum:    1.1555E-01 .  (  1.8000E-03 )
  displacement rms:        2.0105E-02 .  (  1.2000E-03 )
  
  predicted energy change: -1.9845E-02
  step size:     0.30024
  trust radius:  0.30000
---------------- geometry iteration   1 complete ----------------
geopt (optimize geometry) done.
onee (1-electron integrals) done.
probe (project orbitals) done.
grid (grid generation) done.
rwr (Q operators) done.
  
       i  u  d  i  g
       t  p  i  c  r                                 RMS    maximum
       e  d  i  u  i                       energy  density   DIIS  
       r  t  s  t  d       total energy    change  change    error 
  
etot    1  N  N  2  U   -1578.04550966921           8.6E-04  1.4E-02
etot    2  Y  Y  6  M   -1578.06823480185  2.3E-02  1.0E-04  1.4E-03
etot    3  N  Y  2  U   -1578.06750600805 -7.3E-04  7.0E-05  1.3E-03
etot    4  Y  Y  6  M   -1578.06858825200  1.1E-03  2.0E-05  5.1E-04
etot    5  N  Y  2  U   -1578.06872203771  1.3E-04  7.0E-06  2.0E-04
etot    6  N  Y  2  U   -1578.06873472015  1.3E-05  2.5E-06  5.0E-05
etot    7  N  N  2  U   -1578.06873540506  6.8E-07  0.0E+00  0.0E+00
scf (DFT) done.
der1a (1-e 1st deriv.) done.
rwr (1st deriv. Q) done.
der1b (2-e 1st deriv.) done.
  Geometry optimization step   2
  Total energy:     -1578.12071199853 hartrees
  energy change:          -1.8547E-02 .  (  5.0000E-05 )
  gradient maximum:        1.1915E-02 .  (  4.5000E-04 )
  gradient rms:            2.1895E-03 .  (  3.0000E-04 )
  displacement maximum:    1.1002E-01 .  (  1.8000E-03 )
  displacement rms:        2.0121E-02 .  (  1.2000E-03 )
  
  predicted energy change: -4.4550E-03
  step size:     0.30047
  trust radius:  0.30000
---------------- geometry iteration   2 complete ----------------
geopt (optimize geometry) done.
onee (1-electron integrals) done.
probe (project orbitals) done.
grid (grid generation) done.
rwr (Q operators) done.
  
       i  u  d  i  g
       t  p  i  c  r                                 RMS    maximum
       e  d  i  u  i                       energy  density   DIIS  
       r  t  s  t  d       total energy    change  change    error 
  
etot    1  N  N  2  U   -1578.04391692560           4.2E-04  9.5E-03
etot    2  Y  Y  6  M   -1578.07270693230  2.9E-02  8.0E-05  8.4E-04
etot    3  N  Y  2  U   -1578.07168396248 -1.0E-03  6.5E-05  2.1E-03
etot    4  Y  Y  6  M   -1578.07267747909  9.9E-04  2.0E-05  7.2E-04
etot    5  N  Y  2  U   -1578.07275695645  7.9E-05  6.4E-06  2.1E-04
etot    6  N  Y  2  U   -1578.07276793854  1.1E-05  2.4E-06  4.8E-05
etot    7  N  N  2  U   -1578.07276850324  5.6E-07  0.0E+00  0.0E+00
scf (DFT) done.
der1a (1-e 1st deriv.) done.
rwr (1st deriv. Q) done.
der1b (2-e 1st deriv.) done.
  Geometry optimization step   3
  Total energy:     -1578.12457272394 hartrees
  energy change:          -3.8607E-03 .  (  5.0000E-05 )
  gradient maximum:        1.4768E-02 .  (  4.5000E-04 )
  gradient rms:            2.1116E-03 .  (  3.0000E-04 )
  displacement maximum:    1.2871E-01 .  (  1.8000E-03 )
  displacement rms:        2.0091E-02 .  (  1.2000E-03 )
  
  predicted energy change: -3.2551E-03
  step size:     0.30002
  trust radius:  0.30000
---------------- geometry iteration   3 complete ----------------
geopt (optimize geometry) done.
onee (1-electron integrals) done.
probe (project orbitals) done.
grid (grid generation) done.
rwr (Q operators) done.
  
       i  u  d  i  g
       t  p  i  c  r                                 RMS    maximum
       e  d  i  u  i                       energy  density   DIIS  
       r  t  s  t  d       total energy    change  change    error 
  
etot    1  N  N  2  U   -1578.02779776862           4.7E-04  1.1E-02
etot    2  Y  Y  6  M   -1578.07119357918  4.3E-02  1.3E-04  2.9E-03
etot    3  N  Y  2  U   -1578.06860806439 -2.6E-03  9.9E-05  5.6E-03
etot    4  Y  Y  6  M   -1578.07157053372  3.0E-03  2.5E-05  6.6E-04
etot    5  N  Y  2  U   -1578.07162365911  5.3E-05  9.8E-06  4.0E-04
etot    6  N  Y  2  U   -1578.07164463674  2.1E-05  3.8E-06  9.1E-05
etot    7  N  N  2  U   -1578.07164629981  1.7E-06  0.0E+00  0.0E+00
scf (DFT) done.
der1a (1-e 1st deriv.) done.
rwr (1st deriv. Q) done.
der1b (2-e 1st deriv.) done.
  Geometry optimization step   4
  Total energy:     -1578.12412433207 hartrees
  energy change:           4.4839E-04 .  (  5.0000E-05 )
  gradient maximum:        4.0768E-02 .  (  4.5000E-04 )
  gradient rms:            6.9239E-03 .  (  3.0000E-04 )
  displacement maximum:    7.7263E-02 .  (  1.8000E-03 )
  displacement rms:        1.4348E-02 .  (  1.2000E-03 )
  
  predicted energy change: -3.0717E-03
  step size:     0.21426
  trust radius:  0.30000
---------------- geometry iteration   4 complete ----------------
geopt (optimize geometry) done.
onee (1-electron integrals) done.
probe (project orbitals) done.
grid (grid generation) done.
rwr (Q operators) done.
  
       i  u  d  i  g
       t  p  i  c  r                                 RMS    maximum
       e  d  i  u  i                       energy  density   DIIS  
       r  t  s  t  d       total energy    change  change    error 
  
etot    1  N  N  2  U   -1578.05694528115           3.1E-04  4.5E-03
etot    2  Y  Y  6  M   -1578.07418489602  1.7E-02  9.5E-05  1.8E-03
etot    3  N  Y  2  U   -1578.07306015229 -1.1E-03  6.9E-05  3.5E-03
etot    4  Y  Y  6  M   -1578.07434043748  1.3E-03  1.9E-05  5.7E-04
etot    5  N  Y  2  U   -1578.07443040351  9.0E-05  7.1E-06  2.8E-04
etot    6  N  Y  2  U   -1578.07444392220  1.4E-05  2.2E-06  8.2E-05
etot    7  N  N  2  U   -1578.07444478395  8.6E-07  0.0E+00  0.0E+00
scf (DFT) done.
der1a (1-e 1st deriv.) done.
rwr (1st deriv. Q) done.
der1b (2-e 1st deriv.) done.
  Geometry optimization step   5
  Total energy:     -1578.12639826589 hartrees
  energy change:          -2.2739E-03 .  (  5.0000E-05 )
  gradient maximum:        8.6360E-03 .  (  4.5000E-04 )
  gradient rms:            1.1464E-03 .  (  3.0000E-04 )
  displacement maximum:    8.3180E-02 .  (  1.8000E-03 )
  displacement rms:        1.5108E-02 .  (  1.2000E-03 )
  
  predicted energy change: -5.5143E-04
  step size:     0.22561
  trust radius:  0.30000
---------------- geometry iteration   5 complete ----------------
geopt (optimize geometry) done.
onee (1-electron integrals) done.
probe (project orbitals) done.
grid (grid generation) done.
rwr (Q operators) done.
  
       i  u  d  i  g
       t  p  i  c  r                                 RMS    maximum
       e  d  i  u  i                       energy  density   DIIS  
       r  t  s  t  d       total energy    change  change    error 
  
etot    1  N  N  2  U   -1578.04805650752           3.6E-04  1.6E-02
etot    2  Y  Y  6  M   -1578.07365881020  2.6E-02  6.2E-05  1.1E-03
etot    3  N  Y  2  U   -1578.07337129010 -2.9E-04  4.7E-05  1.3E-03
etot    4  N  Y  2  U   -1578.07373288751  3.6E-04  1.6E-05  5.0E-04
etot    5  N  Y  2  U   -1578.07378772544  5.5E-05  5.4E-06  2.1E-04
etot    6  N  Y  2  U   -1578.07379571922  8.0E-06  1.9E-06  5.8E-05
etot    7  N  N  2  U   -1578.07379601733  3.0E-07  0.0E+00  0.0E+00
scf (DFT) done.
der1a (1-e 1st deriv.) done.
rwr (1st deriv. Q) done.
der1b (2-e 1st deriv.) done.
  Geometry optimization step   6
  Total energy:     -1578.12598293032 hartrees
  ** restarting optimization from step    5 **
  energy change:           4.1534E-04 .  (  5.0000E-05 )
  gradient maximum:        8.6360E-03 .  (  4.5000E-04 )
  gradient rms:            1.1464E-03 .  (  3.0000E-04 )
  displacement maximum:    8.3901E-02 .  (  1.8000E-03 )
  displacement rms:        1.8790E-02 .  (  1.2000E-03 )
  
  predicted energy change: -7.2205E-04
  step size:     0.28060
  trust radius:  0.30000
---------------- geometry iteration   6 complete ----------------
geopt (optimize geometry) done.
onee (1-electron integrals) done.
probe (project orbitals) done.
grid (grid generation) done.
rwr (Q operators) done.
  
       i  u  d  i  g
       t  p  i  c  r                                 RMS    maximum
       e  d  i  u  i                       energy  density   DIIS  
       r  t  s  t  d       total energy    change  change    error 
  
etot    1  N  N  2  U   -1578.04268096975           4.0E-04  1.6E-02
etot    2  Y  Y  6  M   -1578.07483537795  3.2E-02  5.5E-05  1.2E-03
etot    3  N  Y  2  U   -1578.07456828736 -2.7E-04  4.1E-05  9.4E-04
etot    4  N  Y  2  U   -1578.07483750196  2.7E-04  1.5E-05  4.1E-04
etot    5  N  Y  2  U   -1578.07489713550  6.0E-05  4.4E-06  1.3E-04
etot    6  N  N  2  U   -1578.07490041088  3.3E-06  0.0E+00  0.0E+00
scf (DFT) done.
der1a (1-e 1st deriv.) done.
rwr (1st deriv. Q) done.
der1b (2-e 1st deriv.) done.
  Geometry optimization step   7
  Total energy:     -1578.12675924971 hartrees
  energy change:          -3.6098E-04 .  (  5.0000E-05 )
  gradient maximum:        5.2195E-03 .  (  4.5000E-04 )
  gradient rms:            8.6929E-04 .  (  3.0000E-04 )
  displacement maximum:    1.2503E-01 .  (  1.8000E-03 )
  displacement rms:        1.9592E-02 .  (  1.2000E-03 )
  
  predicted energy change: -8.8033E-04
  step size:     0.29257
  trust radius:  0.30000
---------------- geometry iteration   7 complete ----------------
geopt (optimize geometry) done.
onee (1-electron integrals) done.
probe (project orbitals) done.
grid (grid generation) done.
rwr (Q operators) done.
  
       i  u  d  i  g
       t  p  i  c  r                                 RMS    maximum
       e  d  i  u  i                       energy  density   DIIS  
       r  t  s  t  d       total energy    change  change    error 
  
etot    1  N  N  2  U   -1578.01073245242           5.2E-04  1.5E-02
etot    2  Y  Y  6  M   -1578.07288487985  6.2E-02  1.3E-04  4.9E-03
etot    3  N  Y  2  U   -1578.07054958995 -2.3E-03  8.7E-05  9.6E-03
etot    4  Y  Y  6  M   -1578.07357475985  3.0E-03  1.8E-05  4.6E-04
etot    5  N  Y  2  U   -1578.07356885491 -5.9E-06  9.7E-06  3.3E-04
etot    6  N  Y  2  U   -1578.07359243692  2.4E-05  2.7E-06  5.4E-05
etot    7  N  N  2  U   -1578.07359298743  5.5E-07  0.0E+00  0.0E+00
scf (DFT) done.
der1a (1-e 1st deriv.) done.
rwr (1st deriv. Q) done.
der1b (2-e 1st deriv.) done.
  Geometry optimization step   8
  Total energy:     -1578.12564375038 hartrees
  ** restarting optimization from step    7 **
  energy change:           1.1155E-03 .  (  5.0000E-05 )
  gradient maximum:        5.2195E-03 .  (  4.5000E-04 )
  gradient rms:            8.6929E-04 .  (  3.0000E-04 )
  displacement maximum:    5.9948E-02 .  (  1.8000E-03 )
  displacement rms:        9.5681E-03 .  (  1.2000E-03 )
  
  predicted energy change: -4.1169E-04
  step size:     0.14288
  trust radius:  0.15000
---------------- geometry iteration   8 complete ----------------
geopt (optimize geometry) done.
onee (1-electron integrals) done.
probe (project orbitals) done.
grid (grid generation) done.
rwr (Q operators) done.
  
       i  u  d  i  g
       t  p  i  c  r                                 RMS    maximum
       e  d  i  u  i                       energy  density   DIIS  
       r  t  s  t  d       total energy    change  change    error 
  
etot    1  N  N  2  U   -1578.03862512962           4.1E-04  1.7E-02
etot    2  Y  Y  6  M   -1578.07476823090  3.6E-02  5.6E-05  1.0E-03
etot    3  N  Y  2  U   -1578.07465575419 -1.1E-04  4.5E-05  8.8E-04
etot    4  N  Y  2  U   -1578.07495609699  3.0E-04  1.6E-05  4.6E-04
etot    5  N  Y  2  U   -1578.07500956575  5.3E-05  4.7E-06  1.4E-04
etot    6  N  N  2  U   -1578.07501421064  4.6E-06  0.0E+00  0.0E+00
scf (DFT) done.
der1a (1-e 1st deriv.) done.
rwr (1st deriv. Q) done.
der1b (2-e 1st deriv.) done.
  Geometry optimization step   9
  Total energy:     -1578.12701528733 hartrees
  ** restarting optimization from step    7 **
  energy change:          -2.5604E-04 .  (  5.0000E-05 )
  gradient maximum:        5.2195E-03 .  (  4.5000E-04 )
  gradient rms:            8.6929E-04 .  (  3.0000E-04 )
  displacement maximum:    3.5799E-02 .  (  1.8000E-03 )
  displacement rms:        5.0295E-03 .  (  1.2000E-03 )
  
  predicted energy change: -3.7415E-04
  step size:     0.07511
  trust radius:  0.07500
---------------- geometry iteration   9 complete ----------------
geopt (optimize geometry) done.
onee (1-electron integrals) done.
probe (project orbitals) done.
grid (grid generation) done.
rwr (Q operators) done.
  
       i  u  d  i  g
       t  p  i  c  r                                 RMS    maximum
       e  d  i  u  i                       energy  density   DIIS  
       r  t  s  t  d       total energy    change  change    error 
  
etot    1  N  N  2  U   -1578.07131758948           1.3E-04  3.4E-03
etot    2  Y  Y  6  M   -1578.07503777605  3.7E-03  2.5E-05  3.9E-04
etot    3  N  Y  2  U   -1578.07503019273 -7.6E-06  2.0E-05  5.3E-04
etot    4  N  Y  2  U   -1578.07510564180  7.5E-05  5.6E-06  1.7E-04
etot    5  N  Y  2  U   -1578.07511128536  5.6E-06  2.0E-06  7.6E-05
etot    6  N  N  2  U   -1578.07511217255  8.9E-07  0.0E+00  0.0E+00
scf (DFT) done.
der1a (1-e 1st deriv.) done.
rwr (1st deriv. Q) done.
der1b (2-e 1st deriv.) done.
  Geometry optimization step  10
  Total energy:     -1578.12704752342 hartrees
  energy change:          -2.8827E-04 .  (  5.0000E-05 )
  gradient maximum:        2.4377E-03 .  (  4.5000E-04 )
  gradient rms:            4.4399E-04 .  (  3.0000E-04 )
  displacement maximum:    4.0670E-02 .  (  1.8000E-03 )
  displacement rms:        7.1045E-03 .  (  1.2000E-03 )
  
  predicted energy change: -1.9642E-04
  step size:     0.10609
  trust radius:  0.10607
---------------- geometry iteration  10 complete ----------------
geopt (optimize geometry) done.
onee (1-electron integrals) done.
probe (project orbitals) done.
grid (grid generation) done.
rwr (Q operators) done.
  
       i  u  d  i  g
       t  p  i  c  r                                 RMS    maximum
       e  d  i  u  i                       energy  density   DIIS  
       r  t  s  t  d       total energy    change  change    error 
  
etot    1  N  N  2  U   -1578.06958266762           1.7E-04  3.6E-03
etot    2  Y  Y  6  M   -1578.07503900130  5.5E-03  3.0E-05  4.2E-04
etot    3  N  Y  2  U   -1578.07492540173 -1.1E-04  2.2E-05  8.2E-04
etot    4  N  Y  2  U   -1578.07502811775  1.0E-04  6.8E-06  2.0E-04
etot    5  N  Y  2  U   -1578.07503530199  7.2E-06  2.6E-06  1.1E-04
etot    6  N  N  2  U   -1578.07503695429  1.7E-06  0.0E+00  0.0E+00
scf (DFT) done.
der1a (1-e 1st deriv.) done.
rwr (1st deriv. Q) done.
der1b (2-e 1st deriv.) done.
  Geometry optimization step  11
  Total energy:     -1578.12707077904 hartrees
  energy change:          -2.3256E-05 *  (  5.0000E-05 )
  gradient maximum:        2.2732E-03 .  (  4.5000E-04 )
  gradient rms:            3.7801E-04 .  (  3.0000E-04 )
  displacement maximum:    1.7756E-02 .  (  1.8000E-03 )
  displacement rms:        3.6160E-03 .  (  1.2000E-03 )
  
  predicted energy change: -6.4688E-05
  step size:     0.05400
  trust radius:  0.05303
---------------- geometry iteration  11 complete ----------------
geopt (optimize geometry) done.
onee (1-electron integrals) done.
probe (project orbitals) done.
grid (grid generation) done.
rwr (Q operators) done.
  
       i  u  d  i  g
       t  p  i  c  r                                 RMS    maximum
       e  d  i  u  i                       energy  density   DIIS  
       r  t  s  t  d       total energy    change  change    error 
  
etot    1  N  N  2  U   -1578.07300087662           9.6E-05  2.2E-03
etot    2  Y  Y  6  M   -1578.07509871498  2.1E-03  1.8E-05  4.2E-04
etot    3  N  Y  2  U   -1578.07501446285 -8.4E-05  1.4E-05  7.4E-04
etot    4  N  Y  2  U   -1578.07505664264  4.2E-05  4.3E-06  8.2E-05
etot    5  N  N  2  U   -1578.07505893442  2.3E-06  0.0E+00  0.0E+00
scf (DFT) done.
der1a (1-e 1st deriv.) done.
rwr (1st deriv. Q) done.
der1b (2-e 1st deriv.) done.
  Geometry optimization step  12
  Total energy:     -1578.12710956502 hartrees
  energy change:          -3.8786E-05 *  (  5.0000E-05 )
  gradient maximum:        1.6258E-03 .  (  4.5000E-04 )
  gradient rms:            2.1829E-04 *  (  3.0000E-04 )
  displacement maximum:    2.8758E-02 .  (  1.8000E-03 )
  displacement rms:        5.0306E-03 .  (  1.2000E-03 )
  
  predicted energy change: -4.5715E-05
  step size:     0.07512
  trust radius:  0.07500
---------------- geometry iteration  12 complete ----------------
geopt (optimize geometry) done.
onee (1-electron integrals) done.
probe (project orbitals) done.
grid (grid generation) done.
rwr (Q operators) done.
  
       i  u  d  i  g
       t  p  i  c  r                                 RMS    maximum
       e  d  i  u  i                       energy  density   DIIS  
       r  t  s  t  d       total energy    change  change    error 
  
etot    1  N  N  2  U   -1578.07160234308           1.3E-04  3.3E-03
etot    2  Y  Y  6  M   -1578.07506705942  3.5E-03  2.7E-05  2.6E-04
etot    3  N  Y  2  U   -1578.07496688360 -1.0E-04  2.1E-05  6.2E-04
etot    4  N  Y  2  U   -1578.07505648043  9.0E-05  4.4E-06  1.0E-04
etot    5  N  N  2  U   -1578.07506019450  3.7E-06  0.0E+00  0.0E+00
scf (DFT) done.
der1a (1-e 1st deriv.) done.
rwr (1st deriv. Q) done.
der1b (2-e 1st deriv.) done.
  Geometry optimization step  13
  Total energy:     -1578.12715244939 hartrees
  energy change:          -4.2884E-05 *  (  5.0000E-05 )
  gradient maximum:        2.4952E-03 .  (  4.5000E-04 )
  gradient rms:            2.9700E-04 *  (  3.0000E-04 )
  displacement maximum:    3.8766E-02 .  (  1.8000E-03 )
  displacement rms:        7.1061E-03 .  (  1.2000E-03 )
  
  predicted energy change: -8.3257E-05
  step size:     0.10612
  trust radius:  0.10607
---------------- geometry iteration  13 complete ----------------
geopt (optimize geometry) done.
onee (1-electron integrals) done.
probe (project orbitals) done.
grid (grid generation) done.
rwr (Q operators) done.
  
       i  u  d  i  g
       t  p  i  c  r                                 RMS    maximum
       e  d  i  u  i                       energy  density   DIIS  
       r  t  s  t  d       total energy    change  change    error 
  
etot    1  N  N  2  U   -1578.06719848735           2.1E-04  4.6E-03
etot    2  Y  Y  6  M   -1578.07505948772  7.9E-03  3.1E-05  3.8E-04
etot    3  N  Y  2  U   -1578.07492982171 -1.3E-04  2.4E-05  6.5E-04
etot    4  N  Y  2  U   -1578.07503351310  1.0E-04  6.5E-06  2.1E-04
etot    5  N  Y  2  U   -1578.07504214806  8.6E-06  1.9E-06  1.0E-04
etot    6  N  N  2  U   -1578.07504295954  8.1E-07  0.0E+00  0.0E+00
scf (DFT) done.
der1a (1-e 1st deriv.) done.
rwr (1st deriv. Q) done.
der1b (2-e 1st deriv.) done.
  Geometry optimization step  14
  Total energy:     -1578.12715205243 hartrees
  energy change:           3.9696E-07 #  (  5.0000E-05 )
  gradient maximum:        3.5706E-03 .  (  4.5000E-04 )
  gradient rms:            4.1162E-04 .  (  3.0000E-04 )
  displacement maximum:    2.3164E-02 .  (  1.8000E-03 )
  displacement rms:        3.5528E-03 .  (  1.2000E-03 )
  
  predicted energy change: -7.4610E-05
  step size:     0.05305
  trust radius:  0.05303
---------------- geometry iteration  14 complete ----------------
geopt (optimize geometry) done.
onee (1-electron integrals) done.
probe (project orbitals) done.
grid (grid generation) done.
rwr (Q operators) done.
  
       i  u  d  i  g
       t  p  i  c  r                                 RMS    maximum
       e  d  i  u  i                       energy  density   DIIS  
       r  t  s  t  d       total energy    change  change    error 
  
etot    1  N  N  2  U   -1578.07259705462           1.5E-04  2.8E-03
etot    2  Y  Y  6  M   -1578.07505448028  2.5E-03  2.0E-05  1.9E-04
etot    3  N  Y  2  U   -1578.07500128547 -5.3E-05  1.6E-05  4.6E-04
etot    4  N  Y  2  U   -1578.07505339648  5.2E-05  3.6E-06  9.9E-05
etot    5  N  N  2  U   -1578.07505535444  2.0E-06  0.0E+00  0.0E+00
scf (DFT) done.
der1a (1-e 1st deriv.) done.
rwr (1st deriv. Q) done.
der1b (2-e 1st deriv.) done.
  Geometry optimization step  15
  Total energy:     -1578.12714267946 hartrees
  energy change:           9.3730E-06 *  (  5.0000E-05 )
  gradient maximum:        1.8807E-03 .  (  4.5000E-04 )
  gradient rms:            3.3767E-04 .  (  3.0000E-04 )
  displacement maximum:    4.7809E-02 .  (  1.8000E-03 )
  displacement rms:        7.1040E-03 .  (  1.2000E-03 )
  
  predicted energy change: -1.0729E-04
  step size:     0.10608
  trust radius:  0.10607
---------------- geometry iteration  15 complete ----------------
geopt (optimize geometry) done.
onee (1-electron integrals) done.
probe (project orbitals) done.
grid (grid generation) done.
rwr (Q operators) done.
  
       i  u  d  i  g
       t  p  i  c  r                                 RMS    maximum
       e  d  i  u  i                       energy  density   DIIS  
       r  t  s  t  d       total energy    change  change    error 
  
etot    1  N  N  2  U   -1578.06669751493           2.4E-04  4.8E-03
etot    2  Y  Y  6  M   -1578.07501697783  8.3E-03  3.8E-05  3.8E-04
etot    3  N  Y  2  U   -1578.07479153476 -2.3E-04  3.0E-05  8.9E-04
etot    4  N  Y  2  U   -1578.07501896667  2.3E-04  7.4E-06  2.2E-04
etot    5  N  Y  2  U   -1578.07502952616  1.1E-05  2.6E-06  1.1E-04
etot    6  N  N  2  U   -1578.07503105842  1.5E-06  0.0E+00  0.0E+00
scf (DFT) done.
der1a (1-e 1st deriv.) done.
rwr (1st deriv. Q) done.
der1b (2-e 1st deriv.) done.
  Geometry optimization step  16
  Total energy:     -1578.12714282083 hartrees
  energy change:          -1.4138E-07 !  (  5.0000E-05 )
  gradient maximum:        2.4441E-03 .  (  4.5000E-04 )
  gradient rms:            4.2418E-04 .  (  3.0000E-04 )
  displacement maximum:    2.0241E-02 .  (  1.8000E-03 )
  displacement rms:        3.5544E-03 .  (  1.2000E-03 )
  
  predicted energy change: -1.1415E-04
  step size:     0.05308
  trust radius:  0.05303
---------------- geometry iteration  16 complete ----------------
geopt (optimize geometry) done.
onee (1-electron integrals) done.
probe (project orbitals) done.
grid (grid generation) done.
rwr (Q operators) done.
  
       i  u  d  i  g
       t  p  i  c  r                                 RMS    maximum
       e  d  i  u  i                       energy  density   DIIS  
       r  t  s  t  d       total energy    change  change    error 
  
etot    1  N  N  2  U   -1578.07255709424           1.4E-04  2.9E-03
etot    2  Y  Y  6  M   -1578.07499712641  2.4E-03  2.5E-05  3.5E-04
etot    3  N  Y  2  U   -1578.07491223885 -8.5E-05  1.9E-05  6.1E-04
etot    4  N  Y  2  U   -1578.07501316505  1.0E-04  3.3E-06  1.0E-04
etot    5  N  N  2  U   -1578.07501483722  1.7E-06  0.0E+00  0.0E+00
scf (DFT) done.
der1a (1-e 1st deriv.) done.
rwr (1st deriv. Q) done.
der1b (2-e 1st deriv.) done.
  Geometry optimization step  17
  Total energy:     -1578.12713775346 hartrees
  energy change:           5.0674E-06 *  (  5.0000E-05 )
  gradient maximum:        3.6745E-03 .  (  4.5000E-04 )
  gradient rms:            4.8216E-04 .  (  3.0000E-04 )
  displacement maximum:    1.4093E-02 .  (  1.8000E-03 )
  displacement rms:        1.8248E-03 .  (  1.2000E-03 )
  
  predicted energy change: -5.7416E-05
  step size:     0.02725
  trust radius:  0.02652
---------------- geometry iteration  17 complete ----------------
geopt (optimize geometry) done.
onee (1-electron integrals) done.
probe (project orbitals) done.
grid (grid generation) done.
rwr (Q operators) done.
  
       i  u  d  i  g
       t  p  i  c  r                                 RMS    maximum
       e  d  i  u  i                       energy  density   DIIS  
       r  t  s  t  d       total energy    change  change    error 
  
etot    1  N  N  2  U   -1578.07469725906           4.6E-05  1.1E-03
etot    2  N  Y  2  U   -1578.07504748776  3.5E-04  1.1E-05  1.2E-04
etot    3  N  Y  2  U   -1578.07502728377 -2.0E-05  8.9E-06  3.3E-04
etot    4  N  Y  2  U   -1578.07505131670  2.4E-05  2.2E-06  6.2E-05
etot    5  N  N  2  U   -1578.07505215397  8.4E-07  0.0E+00  0.0E+00
scf (DFT) done.
der1a (1-e 1st deriv.) done.
rwr (1st deriv. Q) done.
der1b (2-e 1st deriv.) done.
  Geometry optimization step  18
  Total energy:     -1578.12718854149 hartrees
  energy change:          -5.0788E-05 .  (  5.0000E-05 )
  gradient maximum:        2.0715E-03 .  (  4.5000E-04 )
  gradient rms:            3.2986E-04 .  (  3.0000E-04 )
  displacement maximum:    1.7703E-02 .  (  1.8000E-03 )
  displacement rms:        2.5259E-03 .  (  1.2000E-03 )
  
  predicted energy change: -6.5934E-05
  step size:     0.03772
  trust radius:  0.03750
---------------- geometry iteration  18 complete ----------------
geopt (optimize geometry) done.
onee (1-electron integrals) done.
probe (project orbitals) done.
grid (grid generation) done.
rwr (Q operators) done.
  
       i  u  d  i  g
       t  p  i  c  r                                 RMS    maximum
       e  d  i  u  i                       energy  density   DIIS  
       r  t  s  t  d       total energy    change  change    error 
  
etot    1  N  N  2  U   -1578.07420711673           6.5E-05  1.7E-03
etot    2  Y  Y  6  M   -1578.07499678576  7.9E-04  1.5E-05  1.3E-04
etot    3  N  Y  2  U   -1578.07495674400 -4.0E-05  1.2E-05  3.7E-04
etot    4  N  Y  2  U   -1578.07499370497  3.7E-05  2.6E-06  8.3E-05
etot    5  N  N  2  U   -1578.07499497512  1.3E-06  0.0E+00  0.0E+00
scf (DFT) done.
der1a (1-e 1st deriv.) done.
rwr (1st deriv. Q) done.
der1b (2-e 1st deriv.) done.
  Geometry optimization step  19
  Total energy:     -1578.12716853528 hartrees
  energy change:           2.0006E-05 *  (  5.0000E-05 )
  gradient maximum:        6.9498E-04 .  (  4.5000E-04 )
  gradient rms:            1.8369E-04 *  (  3.0000E-04 )
  displacement maximum:    3.6823E-02 .  (  1.8000E-03 )
  displacement rms:        5.0476E-03 .  (  1.2000E-03 )
  
  predicted energy change: -1.0947E-04
  step size:     0.07538
  trust radius:  0.07500
---------------- geometry iteration  19 complete ----------------
geopt (optimize geometry) done.
onee (1-electron integrals) done.
probe (project orbitals) done.
grid (grid generation) done.
rwr (Q operators) done.
  
       i  u  d  i  g
       t  p  i  c  r                                 RMS    maximum
       e  d  i  u  i                       energy  density   DIIS  
       r  t  s  t  d       total energy    change  change    error 
  
etot    1  N  N  2  U   -1578.07115361793           1.4E-04  3.8E-03
etot    2  Y  Y  6  M   -1578.07493226844  3.8E-03  1.7E-05  2.5E-04
etot    3  N  Y  2  U   -1578.07488786160 -4.4E-05  1.4E-05  4.0E-04
etot    4  N  Y  2  U   -1578.07492347674  3.6E-05  4.7E-06  1.6E-04
etot    5  N  N  2  U   -1578.07492838955  4.9E-06  0.0E+00  0.0E+00
scf (DFT) done.
der1a (1-e 1st deriv.) done.
rwr (1st deriv. Q) done.
der1b (2-e 1st deriv.) done.
  Geometry optimization step  20
  Total energy:     -1578.12712577895 hartrees
  energy change:           4.2756E-05 *  (  5.0000E-05 )
  gradient maximum:        7.6603E-04 .  (  4.5000E-04 )
  gradient rms:            1.7707E-04 *  (  3.0000E-04 )
  displacement maximum:    4.4909E-02 .  (  1.8000E-03 )
  displacement rms:        7.1042E-03 .  (  1.2000E-03 )
  
  predicted energy change: -1.2840E-04
  step size:     0.10609
  trust radius:  0.10607
---------------- geometry iteration  20 complete ----------------
geopt (optimize geometry) done.
onee (1-electron integrals) done.
probe (project orbitals) done.
grid (grid generation) done.
rwr (Q operators) done.
  
       i  u  d  i  g
       t  p  i  c  r                                 RMS    maximum
       e  d  i  u  i                       energy  density   DIIS  
       r  t  s  t  d       total energy    change  change    error 
  
etot    1  N  N  2  U   -1578.06818708693           1.8E-04  5.1E-03
etot    2  Y  Y  6  M   -1578.07494070291  6.8E-03  2.9E-05  2.8E-04
etot    3  N  Y  2  U   -1578.07480805154 -1.3E-04  2.3E-05  8.4E-04
etot    4  N  Y  2  U   -1578.07492846304  1.2E-04  5.8E-06  1.7E-04
etot    5  N  Y  2  U   -1578.07493553888  7.1E-06  1.9E-06  6.1E-05
etot    6  N  N  2  U   -1578.07493625008  7.1E-07  0.0E+00  0.0E+00
scf (DFT) done.
der1a (1-e 1st deriv.) done.
rwr (1st deriv. Q) done.
der1b (2-e 1st deriv.) done.
  Geometry optimization step  21
  Total energy:     -1578.12718723821 hartrees
  energy change:          -6.1459E-05 .  (  5.0000E-05 )
  gradient maximum:        1.0421E-03 .  (  4.5000E-04 )
  gradient rms:            2.1010E-04 *  (  3.0000E-04 )
  displacement maximum:    2.1518E-02 .  (  1.8000E-03 )
  displacement rms:        3.6044E-03 .  (  1.2000E-03 )
  
  predicted energy change: -6.8476E-05
  step size:     0.05383
  trust radius:  0.05303
---------------- geometry iteration  21 complete ----------------
geopt (optimize geometry) done.
onee (1-electron integrals) done.
probe (project orbitals) done.
grid (grid generation) done.
rwr (Q operators) done.
  
       i  u  d  i  g
       t  p  i  c  r                                 RMS    maximum
       e  d  i  u  i                       energy  density   DIIS  
       r  t  s  t  d       total energy    change  change    error 
  
etot    1  N  N  2  U   -1578.07269289623           9.7E-05  2.8E-03
etot    2  Y  Y  6  M   -1578.07479511684  2.1E-03  2.0E-05  1.9E-04
etot    3  N  Y  2  U   -1578.07473263686 -6.2E-05  1.6E-05  6.3E-04
etot    4  N  Y  2  U   -1578.07480014457  6.8E-05  3.9E-06  1.5E-04
etot    5  N  N  2  U   -1578.07480289933  2.8E-06  0.0E+00  0.0E+00
scf (DFT) done.
der1a (1-e 1st deriv.) done.
rwr (1st deriv. Q) done.
der1b (2-e 1st deriv.) done.
  Geometry optimization step  22
  Total energy:     -1578.12710717906 hartrees
  energy change:           8.0059E-05 .  (  5.0000E-05 )
  gradient maximum:        1.8651E-03 .  (  4.5000E-04 )
  gradient rms:            2.9065E-04 *  (  3.0000E-04 )
  displacement maximum:    2.8496E-02 .  (  1.8000E-03 )
  displacement rms:        5.0250E-03 .  (  1.2000E-03 )
  
  predicted energy change: -7.8400E-05
  step size:     0.07504
  trust radius:  0.07500
---------------- geometry iteration  22 complete ----------------
geopt (optimize geometry) done.
onee (1-electron integrals) done.
probe (project orbitals) done.
grid (grid generation) done.
rwr (Q operators) done.
  
       i  u  d  i  g
       t  p  i  c  r                                 RMS    maximum
       e  d  i  u  i                       energy  density   DIIS  
       r  t  s  t  d       total energy    change  change    error 
  
etot    1  N  N  2  U   -1578.07187553698           1.2E-04  3.1E-03
etot    2  Y  Y  6  M   -1578.07479222630  2.9E-03  2.9E-05  2.7E-04
etot    3  N  Y  2  U   -1578.07463825901 -1.5E-04  2.3E-05  9.0E-04
etot    4  N  Y  2  U   -1578.07479039833  1.5E-04  4.1E-06  1.4E-04
etot    5  N  N  2  U   -1578.07479328488  2.9E-06  0.0E+00  0.0E+00
scf (DFT) done.
der1a (1-e 1st deriv.) done.
rwr (1st deriv. Q) done.
der1b (2-e 1st deriv.) done.
  Geometry optimization step  23
  Total energy:     -1578.12710876364 hartrees
  energy change:          -1.5846E-06 #  (  5.0000E-05 )
  gradient maximum:        1.2330E-03 .  (  4.5000E-04 )
  gradient rms:            2.5063E-04 *  (  3.0000E-04 )
  displacement maximum:    4.4556E-02 .  (  1.8000E-03 )
  displacement rms:        7.1088E-03 .  (  1.2000E-03 )
  
  predicted energy change: -1.0286E-04
  step size:     0.10616
  trust radius:  0.10607
---------------- geometry iteration  23 complete ----------------
geopt (optimize geometry) done.
onee (1-electron integrals) done.
probe (project orbitals) done.
grid (grid generation) done.
rwr (Q operators) done.
  
       i  u  d  i  g
       t  p  i  c  r                                 RMS    maximum
       e  d  i  u  i                       energy  density   DIIS  
       r  t  s  t  d       total energy    change  change    error 
  
etot    1  N  N  2  U   -1578.06854416066           1.6E-04  4.2E-03
etot    2  Y  Y  6  M   -1578.07478370388  6.2E-03  2.7E-05  4.9E-04
etot    3  N  Y  2  U   -1578.07464445614 -1.4E-04  2.2E-05  7.9E-04
etot    4  N  Y  2  U   -1578.07475853491  1.1E-04  7.0E-06  2.9E-04
etot    5  N  Y  2  U   -1578.07476677303  8.2E-06  2.5E-06  1.2E-04
etot    6  N  N  2  U   -1578.07476851544  1.7E-06  0.0E+00  0.0E+00
scf (DFT) done.
der1a (1-e 1st deriv.) done.
rwr (1st deriv. Q) done.
der1b (2-e 1st deriv.) done.
  Geometry optimization step  24
  Total energy:     -1578.12711384190 hartrees
  energy change:          -5.0783E-06 *  (  5.0000E-05 )
  gradient maximum:        2.1915E-03 .  (  4.5000E-04 )
  gradient rms:            2.9863E-04 *  (  3.0000E-04 )
  displacement maximum:    1.7002E-02 .  (  1.8000E-03 )
  displacement rms:        3.5565E-03 .  (  1.2000E-03 )
  
  predicted energy change: -4.9217E-05
  step size:     0.05311
  trust radius:  0.05303
---------------- geometry iteration  24 complete ----------------
geopt (optimize geometry) done.
onee (1-electron integrals) done.
probe (project orbitals) done.
grid (grid generation) done.
rwr (Q operators) done.
  
       i  u  d  i  g
       t  p  i  c  r                                 RMS    maximum
       e  d  i  u  i                       energy  density   DIIS  
       r  t  s  t  d       total energy    change  change    error 
  
etot    1  N  N  2  U   -1578.07300285123           8.6E-05  2.3E-03
etot    2  Y  Y  6  M   -1578.07477949217  1.8E-03  1.7E-05  2.0E-04
etot    3  N  Y  2  U   -1578.07473947903 -4.0E-05  1.4E-05  4.3E-04
etot    4  N  Y  2  U   -1578.07478460676  4.5E-05  3.6E-06  9.4E-05
etot    5  N  N  2  U   -1578.07478637279  1.8E-06  0.0E+00  0.0E+00
scf (DFT) done.
der1a (1-e 1st deriv.) done.
rwr (1st deriv. Q) done.
der1b (2-e 1st deriv.) done.
  Geometry optimization step  25
  Total energy:     -1578.12715511577 hartrees
  energy change:          -4.1274E-05 *  (  5.0000E-05 )
  gradient maximum:        1.7970E-03 .  (  4.5000E-04 )
  gradient rms:            2.2438E-04 *  (  3.0000E-04 )
  displacement maximum:    2.4563E-02 .  (  1.8000E-03 )
  displacement rms:        5.0469E-03 .  (  1.2000E-03 )
  
  predicted energy change: -6.1640E-05
  step size:     0.07537
  trust radius:  0.07500
---------------- geometry iteration  25 complete ----------------
geopt (optimize geometry) done.
onee (1-electron integrals) done.
probe (project orbitals) done.
grid (grid generation) done.
rwr (Q operators) done.
  
       i  u  d  i  g
       t  p  i  c  r                                 RMS    maximum
       e  d  i  u  i                       energy  density   DIIS  
       r  t  s  t  d       total energy    change  change    error 
  
etot    1  N  N  2  U   -1578.07060464181           1.3E-04  4.0E-03
etot    2  Y  Y  6  M   -1578.07479489910  4.2E-03  2.7E-05  2.6E-04
etot    3  N  Y  2  U   -1578.07470098408 -9.4E-05  2.1E-05  8.6E-04
etot    4  N  Y  2  U   -1578.07480664410  1.1E-04  5.7E-06  2.4E-04
etot    5  N  Y  2  U   -1578.07481221297  5.6E-06  2.1E-06  7.2E-05
etot    6  N  N  2  U   -1578.07481314068  9.3E-07  0.0E+00  0.0E+00
scf (DFT) done.
der1a (1-e 1st deriv.) done.
rwr (1st deriv. Q) done.
der1b (2-e 1st deriv.) done.
  Geometry optimization step  26
  Total energy:     -1578.12723064554 hartrees
  energy change:          -7.5530E-05 .  (  5.0000E-05 )
  gradient maximum:        3.7602E-03 .  (  4.5000E-04 )
  gradient rms:            4.0505E-04 .  (  3.0000E-04 )
  displacement maximum:    2.5459E-02 .  (  1.8000E-03 )
  displacement rms:        5.0282E-03 .  (  1.2000E-03 )
  
  predicted energy change: -6.3676E-05
  step size:     0.07509
  trust radius:  0.07500
---------------- geometry iteration  26 complete ----------------
geopt (optimize geometry) done.
onee (1-electron integrals) done.
probe (project orbitals) done.
grid (grid generation) done.
rwr (Q operators) done.
  
       i  u  d  i  g
       t  p  i  c  r                                 RMS    maximum
       e  d  i  u  i                       energy  density   DIIS  
       r  t  s  t  d       total energy    change  change    error 
  
etot    1  N  N  2  U   -1578.07108860485           1.2E-04  2.7E-03
etot    2  Y  Y  6  M   -1578.07486963341  3.8E-03  2.0E-05  3.3E-04
etot    3  N  Y  2  U   -1578.07481575195 -5.4E-05  1.5E-05  5.0E-04
etot    4  N  Y  2  U   -1578.07486256842  4.7E-05  4.8E-06  1.5E-04
etot    5  N  N  2  U   -1578.07486594077  3.4E-06  0.0E+00  0.0E+00
scf (DFT) done.
der1a (1-e 1st deriv.) done.
rwr (1st deriv. Q) done.
der1b (2-e 1st deriv.) done.
  Geometry optimization step  27
  Total energy:     -1578.12727911234 hartrees
  energy change:          -4.8467E-05 *  (  5.0000E-05 )
  gradient maximum:        8.8882E-04 .  (  4.5000E-04 )
  gradient rms:            2.0283E-04 *  (  3.0000E-04 )
  displacement maximum:    1.9791E-02 .  (  1.8000E-03 )
  displacement rms:        3.3952E-03 .  (  1.2000E-03 )
  
  predicted energy change: -1.7782E-05
  step size:     0.05070
  trust radius:  0.10607
---------------- geometry iteration  27 complete ----------------
geopt (optimize geometry) done.
onee (1-electron integrals) done.
probe (project orbitals) done.
grid (grid generation) done.
rwr (Q operators) done.
  
       i  u  d  i  g
       t  p  i  c  r                                 RMS    maximum
       e  d  i  u  i                       energy  density   DIIS  
       r  t  s  t  d       total energy    change  change    error 
  
etot    1  N  N  2  U   -1578.07396645822           6.6E-05  1.5E-03
etot    2  Y  Y  6  M   -1578.07481814731  8.5E-04  2.9E-05  4.4E-04
etot    3  N  Y  2  U   -1578.07466173135 -1.6E-04  2.2E-05  1.3E-03
etot    4  N  Y  2  U   -1578.07483221786  1.7E-04  3.0E-06  9.4E-05
etot    5  N  Y  2  U   -1578.07483369822  1.5E-06  1.2E-06  3.4E-05
etot    6  N  N  2  U   -1578.07483401129  3.1E-07  0.0E+00  0.0E+00
scf (DFT) done.
der1a (1-e 1st deriv.) done.
rwr (1st deriv. Q) done.
der1b (2-e 1st deriv.) done.
  Geometry optimization step  28
  Total energy:     -1578.12729094999 hartrees
  energy change:          -1.1838E-05 *  (  5.0000E-05 )
  gradient maximum:        1.0148E-03 .  (  4.5000E-04 )
  gradient rms:            2.1275E-04 *  (  3.0000E-04 )
  displacement maximum:    2.0392E-02 .  (  1.8000E-03 )
  displacement rms:        3.5539E-03 .  (  1.2000E-03 )
  
  predicted energy change: -2.9167E-05
  step size:     0.05307
  trust radius:  0.05303
---------------- geometry iteration  28 complete ----------------
geopt (optimize geometry) done.
onee (1-electron integrals) done.
probe (project orbitals) done.
grid (grid generation) done.
rwr (Q operators) done.
  
       i  u  d  i  g
       t  p  i  c  r                                 RMS    maximum
       e  d  i  u  i                       energy  density   DIIS  
       r  t  s  t  d       total energy    change  change    error 
  
etot    1  N  N  2  U   -1578.07316579447           8.4E-05  2.6E-03
etot    2  Y  Y  6  M   -1578.07481310260  1.6E-03  1.5E-05  2.6E-04
etot    3  N  Y  2  U   -1578.07478044569 -3.3E-05  1.1E-05  5.2E-04
etot    4  N  Y  2  U   -1578.07480764996  2.7E-05  3.1E-06  8.3E-05
etot    5  N  N  2  U   -1578.07480895588  1.3E-06  0.0E+00  0.0E+00
scf (DFT) done.
der1a (1-e 1st deriv.) done.
rwr (1st deriv. Q) done.
der1b (2-e 1st deriv.) done.
  Geometry optimization step  29
  Total energy:     -1578.12727476403 hartrees
  energy change:           1.6186E-05 *  (  5.0000E-05 )
  gradient maximum:        6.0606E-04 .  (  4.5000E-04 )
  gradient rms:            1.2918E-04 *  (  3.0000E-04 )
  displacement maximum:    1.5742E-02 .  (  1.8000E-03 )
  displacement rms:        2.9453E-03 .  (  1.2000E-03 )
  
  predicted energy change: -9.5144E-06
  step size:     0.04398
  trust radius:  0.07500
---------------- geometry iteration  29 complete ----------------
geopt (optimize geometry) done.
onee (1-electron integrals) done.
probe (project orbitals) done.
grid (grid generation) done.
rwr (Q operators) done.
  
       i  u  d  i  g
       t  p  i  c  r                                 RMS    maximum
       e  d  i  u  i                       energy  density   DIIS  
       r  t  s  t  d       total energy    change  change    error 
  
etot    1  N  N  2  U   -1578.07335804304           7.5E-05  2.4E-03
etot    2  Y  Y  6  M   -1578.07473862268  1.4E-03  1.8E-05  2.0E-04
etot    3  N  Y  2  U   -1578.07469649502 -4.2E-05  1.4E-05  5.1E-04
etot    4  N  Y  2  U   -1578.07474357762  4.7E-05  3.0E-06  9.2E-05
etot    5  N  N  2  U   -1578.07474457234  9.9E-07  0.0E+00  0.0E+00
scf (DFT) done.
der1a (1-e 1st deriv.) done.
rwr (1st deriv. Q) done.
der1b (2-e 1st deriv.) done.
  Geometry optimization step  30
  Total energy:     -1578.12722190721 hartrees
  energy change:           5.2857E-05 .  (  5.0000E-05 )
  gradient maximum:        7.0843E-04 .  (  4.5000E-04 )
  gradient rms:            1.1815E-04 *  (  3.0000E-04 )
  displacement maximum:    3.0275E-03 .  (  1.8000E-03 )
  displacement rms:        6.8108E-04 *  (  1.2000E-03 )
  
  predicted energy change: -3.9910E-06
  step size:     0.01017
  trust radius:  0.07500
---------------- geometry iteration  30 complete ----------------
geopt (optimize geometry) done.
onee (1-electron integrals) done.
probe (project orbitals) done.
grid (grid generation) done.
rwr (Q operators) done.
  
       i  u  d  i  g
       t  p  i  c  r                                 RMS    maximum
       e  d  i  u  i                       energy  density   DIIS  
       r  t  s  t  d       total energy    change  change    error 
  
etot    1  N  N  2  U   -1578.07471043541           1.6E-05  3.0E-04
etot    2  N  Y  2  U   -1578.07474890748  3.8E-05  1.2E-05  2.0E-04
etot    3  N  Y  2  U   -1578.07472811729 -2.1E-05  8.8E-06  4.9E-04
etot    4  N  Y  2  U   -1578.07475389206  2.6E-05  9.7E-07  3.4E-05
etot    5  N  N  2  U   -1578.07475413863  2.5E-07  0.0E+00  0.0E+00
scf (DFT) done.
der1a (1-e 1st deriv.) done.
rwr (1st deriv. Q) done.
der1b (2-e 1st deriv.) done.
  Geometry optimization step  31
  Total energy:     -1578.12722028048 hartrees
  energy change:           1.6267E-06 #  (  5.0000E-05 )
  gradient maximum:        2.4921E-04 *  (  4.5000E-04 )
  gradient rms:            5.2046E-05 #  (  3.0000E-04 )
  displacement maximum:    1.3212E-02 .  (  1.8000E-03 )
  displacement rms:        2.3266E-03 .  (  1.2000E-03 )
  
  predicted energy change: -2.6546E-06
  step size:     0.03474
  trust radius:  0.07500
------------- final geometry iteration  31 complete -------------
geopt (optimize geometry) done.
cutabab2 (abab integrals) done.
der2a (1-e JK-1st deriv.) done.
der2b (2-e JK-1st deriv.) done.
der2nda (1-e 2nd deriv.) done.
der2ndb (2-e 2nd deriv.) done.
rwr (Q operators) done.
cphfa (gradient of wave function) done.
freq (vib. frequencies) done.
Job J1_10177_2111 completed on hpc-90-15.cm.cluster at Wed May 29 05:30:46 2024
Timer (jaguar_backend.py) : 4125.37 secs (1 hrs, 08 mins, 45 secs)
Finished:   Wed May 29 05:30:46 2024
