Command:  /groups/wag/programs/Schrodinger_2020_3/jaguar run -WAIT -PARALLEL 8 /central/home/labounad/wittig-ch121/out/J1_10482_2111/J1_10482_2111.in
Release:  2020-3
Exec:     /groups/wag/programs/Schrodinger_2020_3/jaguar-v10.9/bin/Linux-x86_64
Host:     hpc-21-24.cm.cluster
JobId:    hpc-21-24-0-665758d8
JobDir:   /central/scratch/labounad/J1_10482_2111#hpc-21-24-0-665758d8
Date:     Wed May 29 09:33:30 2024

Contents of /central/scratch/labounad/J1_10482_2111#hpc-21-24-0-665758d8:
/central/scratch/labounad/J1_10482_2111#hpc-21-24-0-665758d8/.write_dir.json
/central/scratch/labounad/J1_10482_2111#hpc-21-24-0-665758d8/hpc-21-24-0-665758d8.mpinodes
/central/scratch/labounad/J1_10482_2111#hpc-21-24-0-665758d8/J1_10482_2111.in
/central/scratch/labounad/J1_10482_2111#hpc-21-24-0-665758d8/hpc-21-24-0-665758d8
/central/scratch/labounad/J1_10482_2111#hpc-21-24-0-665758d8/J1_10482_2111.log
/central/scratch/labounad/J1_10482_2111#hpc-21-24-0-665758d8/hpc-21-24-0-665758d8.nodes
/central/scratch/labounad/J1_10482_2111#hpc-21-24-0-665758d8/hpc-21-24-0-665758d8.recover
/central/scratch/labounad/J1_10482_2111#hpc-21-24-0-665758d8/J1_10482_2111.recover

Executing subprocess:
/groups/wag/programs/Schrodinger_2020_3/jaguar-v10.9/bin/Linux-x86_64/jexec J1_10482_2111.in -T 8 -out /central/scratch/labounad/J1_10482_2111#hpc-21-24-0-665758d8 -cwd

Job J1_10482_2111 started on hpc-21-24.cm.cluster at Wed May 29 09:33:30 2024
jobid: hpc-21-24-0-665758d8 
Jaguar version 10.9, release 139
 Using up to   8 threads per process
Molecular Point Group: C1      
Point Group used: C1
pre (input checking) done.
onee (1-electron integrals) done.
hfig (HF initial guess) done.
probe (project orbitals) done.
grid (grid generation) done.
rwr (Q operators) done.
scf type: DFT=PBE(X+LC)+PW91 (PBE-D3)
  
       i  u  d  i  g
       t  p  i  c  r                                 RMS    maximum
       e  d  i  u  i                       energy  density   DIIS  
       r  t  s  t  d       total energy    change  change    error 
  
etot    1  N  N  5  M   -1779.79487279959           5.2E-03  1.0E-01
etot    2  Y  Y  6  M   -1777.76274596234 -2.0E+00  7.4E-03  1.7E-01
etot    3  Y  Y  6  M   -1771.59471589067 -6.2E+00  6.2E-03  2.1E-01
etot    4  N  Y  2  U   -1778.44018339420  6.8E+00  5.1E-03  1.0E-01
etot    5  Y  Y  6  M   -1771.95284222662 -6.5E+00  4.0E-03  1.2E-01
etot    6  N  Y  2  U   -1783.90221936322  1.2E+01  1.5E-03  2.8E-02
etot    7  Y  Y  6  M   -1783.87532426924 -2.7E-02  9.5E-04  4.0E-02
etot    8  N  Y  2  U   -1784.09633154493  2.2E-01  4.4E-04  1.8E-02
etot    9  Y  Y  6  M   -1784.13475763859  3.8E-02  2.7E-04  7.6E-03
etot   10  N  Y  2  U   -1784.14203436866  7.3E-03  1.6E-04  5.6E-03
etot   11  Y  Y  6  M   -1784.14880182045  6.8E-03  4.8E-05  1.4E-03
etot   12  N  Y  2  U   -1784.14911974677  3.2E-04  2.2E-05  4.0E-04
etot   13  N  Y  2  U   -1784.14921681431  9.7E-05  1.2E-05  4.0E-04
etot   14  N  Y  2  U   -1784.14925580789  3.9E-05  9.6E-06  1.9E-04
etot   15  N  Y  2  U   -1784.14926749976  1.2E-05  4.9E-06  1.3E-04
etot   16  N  N  2  U   -1784.14927192503  4.4E-06  0.0E+00  0.0E+00
scf (DFT) done.
der1a (1-e 1st deriv.) done.
rwr (1st deriv. Q) done.
der1b (2-e 1st deriv.) done.
  Geometry optimization step   1
  Total energy:     -1784.20699900661 hartrees
  gradient maximum:        4.2764E-02 .  (  4.5000E-04 )
  gradient rms:            6.9539E-03 .  (  3.0000E-04 )
  displacement maximum:    1.2408E-01 .  (  1.8000E-03 )
  displacement rms:        1.8949E-02 .  (  1.2000E-03 )
  
  predicted energy change: -2.1037E-02
  step size:     0.30021
  trust radius:  0.30000
---------------- geometry iteration   1 complete ----------------
geopt (optimize geometry) done.
onee (1-electron integrals) done.
probe (project orbitals) done.
grid (grid generation) done.
rwr (Q operators) done.
  
       i  u  d  i  g
       t  p  i  c  r                                 RMS    maximum
       e  d  i  u  i                       energy  density   DIIS  
       r  t  s  t  d       total energy    change  change    error 
  
etot    1  N  N  2  U   -1784.15183094568           7.6E-04  1.3E-02
etot    2  Y  Y  6  M   -1784.17015008409  1.8E-02  1.3E-04  1.9E-03
etot    3  N  Y  2  U   -1784.16806812913 -2.1E-03  9.5E-05  3.9E-03
etot    4  Y  Y  6  M   -1784.17070993078  2.6E-03  2.3E-05  1.2E-03
etot    5  N  Y  2  U   -1784.17085366767  1.4E-04  8.1E-06  4.3E-04
etot    6  N  Y  2  U   -1784.17087004490  1.6E-05  2.9E-06  1.1E-04
etot    7  N  N  2  U   -1784.17087204695  2.0E-06  0.0E+00  0.0E+00
scf (DFT) done.
der1a (1-e 1st deriv.) done.
rwr (1st deriv. Q) done.
der1b (2-e 1st deriv.) done.
  Geometry optimization step   2
  Total energy:     -1784.22595079987 hartrees
  energy change:          -1.8952E-02 .  (  5.0000E-05 )
  gradient maximum:        1.7523E-02 .  (  4.5000E-04 )
  gradient rms:            2.7288E-03 .  (  3.0000E-04 )
  displacement maximum:    9.7819E-02 .  (  1.8000E-03 )
  displacement rms:        1.8936E-02 .  (  1.2000E-03 )
  
  predicted energy change: -6.2905E-03
  step size:     0.30000
  trust radius:  0.30000
---------------- geometry iteration   2 complete ----------------
geopt (optimize geometry) done.
onee (1-electron integrals) done.
probe (project orbitals) done.
grid (grid generation) done.
rwr (Q operators) done.
  
       i  u  d  i  g
       t  p  i  c  r                                 RMS    maximum
       e  d  i  u  i                       energy  density   DIIS  
       r  t  s  t  d       total energy    change  change    error 
  
etot    1  N  N  2  U   -1784.07105294041           6.1E-04  1.8E-02
etot    2  Y  Y  6  M   -1784.16839492248  9.7E-02  1.2E-04  1.2E-03
etot    3  N  Y  2  U   -1784.16571123264 -2.7E-03  9.7E-05  3.2E-03
etot    4  Y  Y  6  M   -1784.16850351021  2.8E-03  3.0E-05  1.0E-03
etot    5  N  Y  2  U   -1784.16881827675  3.1E-04  9.9E-06  3.3E-04
etot    6  N  Y  2  U   -1784.16884543136  2.7E-05  3.8E-06  9.0E-05
etot    7  N  N  2  U   -1784.16884738863  2.0E-06  0.0E+00  0.0E+00
scf (DFT) done.
der1a (1-e 1st deriv.) done.
rwr (1st deriv. Q) done.
der1b (2-e 1st deriv.) done.
  Geometry optimization step   3
  Total energy:     -1784.22648643769 hartrees
  ** restarting optimization from step    2 **
  energy change:          -5.3564E-04 .  (  5.0000E-05 )
  gradient maximum:        1.7523E-02 .  (  4.5000E-04 )
  gradient rms:            2.7288E-03 .  (  3.0000E-04 )
  displacement maximum:    1.1787E-01 .  (  1.8000E-03 )
  displacement rms:        1.8944E-02 .  (  1.2000E-03 )
  
  predicted energy change: -5.3408E-03
  step size:     0.30014
  trust radius:  0.30000
---------------- geometry iteration   3 complete ----------------
geopt (optimize geometry) done.
onee (1-electron integrals) done.
probe (project orbitals) done.
grid (grid generation) done.
rwr (Q operators) done.
  
       i  u  d  i  g
       t  p  i  c  r                                 RMS    maximum
       e  d  i  u  i                       energy  density   DIIS  
       r  t  s  t  d       total energy    change  change    error 
  
etot    1  N  N  2  U   -1784.10810354380           4.9E-04  1.8E-02
etot    2  Y  Y  6  M   -1784.17535295780  6.7E-02  1.0E-04  1.1E-03
etot    3  N  Y  2  U   -1784.17361361519 -1.7E-03  7.9E-05  2.6E-03
etot    4  Y  Y  6  M   -1784.17538387642  1.8E-03  1.9E-05  6.1E-04
etot    5  N  Y  2  U   -1784.17538905178  5.2E-06  6.8E-06  3.2E-04
etot    6  N  Y  2  U   -1784.17540060874  1.2E-05  3.1E-06  1.1E-04
etot    7  N  N  2  U   -1784.17540199039  1.4E-06  0.0E+00  0.0E+00
scf (DFT) done.
der1a (1-e 1st deriv.) done.
rwr (1st deriv. Q) done.
der1b (2-e 1st deriv.) done.
  Geometry optimization step   4
  Total energy:     -1784.23079341781 hartrees
  energy change:          -4.8426E-03 .  (  5.0000E-05 )
  gradient maximum:        8.6499E-03 .  (  4.5000E-04 )
  gradient rms:            1.6439E-03 .  (  3.0000E-04 )
  displacement maximum:    1.3418E-01 .  (  1.8000E-03 )
  displacement rms:        1.8937E-02 .  (  1.2000E-03 )
  
  predicted energy change: -1.3513E-03
  step size:     0.30001
  trust radius:  0.30000
---------------- geometry iteration   4 complete ----------------
geopt (optimize geometry) done.
onee (1-electron integrals) done.
probe (project orbitals) done.
grid (grid generation) done.
rwr (Q operators) done.
  
       i  u  d  i  g
       t  p  i  c  r                                 RMS    maximum
       e  d  i  u  i                       energy  density   DIIS  
       r  t  s  t  d       total energy    change  change    error 
  
etot    1  N  N  2  U   -1784.14610109575           3.5E-04  1.4E-02
etot    2  Y  Y  6  M   -1784.17655712960  3.0E-02  7.9E-05  7.5E-04
etot    3  N  Y  2  U   -1784.17536857248 -1.2E-03  6.1E-05  1.8E-03
etot    4  Y  Y  6  M   -1784.17653563893  1.2E-03  1.4E-05  4.7E-04
etot    5  N  Y  2  U   -1784.17654352005  7.9E-06  5.7E-06  3.1E-04
etot    6  N  Y  2  U   -1784.17655337090  9.9E-06  2.2E-06  8.9E-05
etot    7  N  N  2  U   -1784.17655400633  6.4E-07  0.0E+00  0.0E+00
scf (DFT) done.
der1a (1-e 1st deriv.) done.
rwr (1st deriv. Q) done.
der1b (2-e 1st deriv.) done.
  Geometry optimization step   5
  Total energy:     -1784.23227583206 hartrees
  energy change:          -1.4824E-03 .  (  5.0000E-05 )
  gradient maximum:        7.0470E-03 .  (  4.5000E-04 )
  gradient rms:            1.2083E-03 .  (  3.0000E-04 )
  displacement maximum:    1.1446E-01 .  (  1.8000E-03 )
  displacement rms:        1.8935E-02 .  (  1.2000E-03 )
  
  predicted energy change: -1.8107E-03
  step size:     0.29999
  trust radius:  0.30000
---------------- geometry iteration   5 complete ----------------
geopt (optimize geometry) done.
onee (1-electron integrals) done.
probe (project orbitals) done.
grid (grid generation) done.
rwr (Q operators) done.
  
       i  u  d  i  g
       t  p  i  c  r                                 RMS    maximum
       e  d  i  u  i                       energy  density   DIIS  
       r  t  s  t  d       total energy    change  change    error 
  
etot    1  N  N  2  U   -1784.12788233812           4.4E-04  1.3E-02
etot    2  Y  Y  6  M   -1784.17640115077  4.9E-02  1.1E-04  9.6E-04
etot    3  N  Y  2  U   -1784.17437202168 -2.0E-03  8.3E-05  2.4E-03
etot    4  Y  Y  6  M   -1784.17649371251  2.1E-03  2.1E-05  5.8E-04
etot    5  N  Y  2  U   -1784.17657944762  8.6E-05  8.0E-06  3.8E-04
etot    6  N  Y  2  U   -1784.17659929525  2.0E-05  3.1E-06  1.1E-04
etot    7  N  N  2  U   -1784.17660043895  1.1E-06  0.0E+00  0.0E+00
scf (DFT) done.
der1a (1-e 1st deriv.) done.
rwr (1st deriv. Q) done.
der1b (2-e 1st deriv.) done.
  Geometry optimization step   6
  Total energy:     -1784.23310854695 hartrees
  energy change:          -8.3271E-04 .  (  5.0000E-05 )
  gradient maximum:        9.5992E-03 .  (  4.5000E-04 )
  gradient rms:            1.1636E-03 .  (  3.0000E-04 )
  displacement maximum:    1.5134E-01 .  (  1.8000E-03 )
  displacement rms:        1.8936E-02 .  (  1.2000E-03 )
  
  predicted energy change: -1.2500E-03
  step size:     0.30001
  trust radius:  0.30000
---------------- geometry iteration   6 complete ----------------
geopt (optimize geometry) done.
onee (1-electron integrals) done.
probe (project orbitals) done.
grid (grid generation) done.
rwr (Q operators) done.
  
       i  u  d  i  g
       t  p  i  c  r                                 RMS    maximum
       e  d  i  u  i                       energy  density   DIIS  
       r  t  s  t  d       total energy    change  change    error 
  
etot    1  N  N  2  U   -1784.09455435699           5.6E-04  2.8E-02
etot    2  Y  Y  6  M   -1784.17664898049  8.2E-02  1.4E-04  1.9E-03
etot    3  N  Y  2  U   -1784.17402924806 -2.6E-03  1.0E-04  4.4E-03
etot    4  Y  Y  6  M   -1784.17695058739  2.9E-03  2.0E-05  5.7E-04
etot    5  N  Y  2  U   -1784.17692414387 -2.6E-05  7.9E-06  2.4E-04
etot    6  N  Y  2  U   -1784.17694178892  1.8E-05  3.5E-06  1.0E-04
etot    7  N  N  2  U   -1784.17694306604  1.3E-06  0.0E+00  0.0E+00
scf (DFT) done.
der1a (1-e 1st deriv.) done.
rwr (1st deriv. Q) done.
der1b (2-e 1st deriv.) done.
  Geometry optimization step   7
  Total energy:     -1784.23391800378 hartrees
  energy change:          -8.0946E-04 .  (  5.0000E-05 )
  gradient maximum:        1.4479E-02 .  (  4.5000E-04 )
  gradient rms:            1.9461E-03 .  (  3.0000E-04 )
  displacement maximum:    1.2690E-01 .  (  1.8000E-03 )
  displacement rms:        1.5706E-02 .  (  1.2000E-03 )
  
  predicted energy change: -1.3008E-03
  step size:     0.24884
  trust radius:  0.30000
---------------- geometry iteration   7 complete ----------------
geopt (optimize geometry) done.
onee (1-electron integrals) done.
probe (project orbitals) done.
grid (grid generation) done.
rwr (Q operators) done.
  
       i  u  d  i  g
       t  p  i  c  r                                 RMS    maximum
       e  d  i  u  i                       energy  density   DIIS  
       r  t  s  t  d       total energy    change  change    error 
  
etot    1  N  N  2  U   -1784.09148909039           5.3E-04  2.8E-02
etot    2  Y  Y  6  M   -1784.17749441003  8.6E-02  1.2E-04  2.2E-03
etot    3  N  Y  2  U   -1784.17533517228 -2.2E-03  9.1E-05  4.8E-03
etot    4  Y  Y  6  M   -1784.17760484289  2.3E-03  1.8E-05  4.8E-04
etot    5  N  Y  2  U   -1784.17755180303 -5.3E-05  7.6E-06  2.4E-04
etot    6  N  Y  2  U   -1784.17756610732  1.4E-05  3.4E-06  9.8E-05
etot    7  N  N  2  U   -1784.17756771194  1.6E-06  0.0E+00  0.0E+00
scf (DFT) done.
der1a (1-e 1st deriv.) done.
rwr (1st deriv. Q) done.
der1b (2-e 1st deriv.) done.
  Geometry optimization step   8
  Total energy:     -1784.23435197437 hartrees
  energy change:          -4.3397E-04 .  (  5.0000E-05 )
  gradient maximum:        7.0702E-03 .  (  4.5000E-04 )
  gradient rms:            1.1136E-03 .  (  3.0000E-04 )
  displacement maximum:    1.4336E-01 .  (  1.8000E-03 )
  displacement rms:        1.7566E-02 .  (  1.2000E-03 )
  
  predicted energy change: -7.3601E-04
  step size:     0.27830
  trust radius:  0.30000
---------------- geometry iteration   8 complete ----------------
geopt (optimize geometry) done.
onee (1-electron integrals) done.
probe (project orbitals) done.
grid (grid generation) done.
rwr (Q operators) done.
  
       i  u  d  i  g
       t  p  i  c  r                                 RMS    maximum
       e  d  i  u  i                       energy  density   DIIS  
       r  t  s  t  d       total energy    change  change    error 
  
etot    1  N  N  2  U   -1784.14610373740           3.8E-04  1.2E-02
etot    2  Y  Y  6  M   -1784.17792707634  3.2E-02  5.8E-05  8.6E-04
etot    3  N  Y  2  U   -1784.17764222198 -2.8E-04  4.3E-05  1.5E-03
etot    4  N  Y  2  U   -1784.17803391534  3.9E-04  1.4E-05  7.0E-04
etot    5  N  Y  2  U   -1784.17811430395  8.0E-05  3.3E-06  9.7E-05
etot    6  N  N  2  U   -1784.17811663282  2.3E-06  0.0E+00  0.0E+00
scf (DFT) done.
der1a (1-e 1st deriv.) done.
rwr (1st deriv. Q) done.
der1b (2-e 1st deriv.) done.
  Geometry optimization step   9
  Total energy:     -1784.23460259484 hartrees
  energy change:          -2.5062E-04 .  (  5.0000E-05 )
  gradient maximum:        8.7252E-03 .  (  4.5000E-04 )
  gradient rms:            1.3653E-03 .  (  3.0000E-04 )
  displacement maximum:    7.3687E-02 .  (  1.8000E-03 )
  displacement rms:        1.4647E-02 .  (  1.2000E-03 )
  
  predicted energy change: -8.4120E-04
  step size:     0.23205
  trust radius:  0.30000
---------------- geometry iteration   9 complete ----------------
geopt (optimize geometry) done.
onee (1-electron integrals) done.
probe (project orbitals) done.
grid (grid generation) done.
rwr (Q operators) done.
  
       i  u  d  i  g
       t  p  i  c  r                                 RMS    maximum
       e  d  i  u  i                       energy  density   DIIS  
       r  t  s  t  d       total energy    change  change    error 
  
etot    1  N  N  2  U   -1784.16011783051           2.7E-04  6.4E-03
etot    2  Y  Y  6  M   -1784.17769119741  1.8E-02  6.2E-05  9.3E-04
etot    3  N  Y  2  U   -1784.17723264910 -4.6E-04  4.6E-05  2.1E-03
etot    4  N  Y  2  U   -1784.17777344231  5.4E-04  9.3E-06  3.2E-04
etot    5  N  Y  2  U   -1784.17779047854  1.7E-05  3.1E-06  7.9E-05
etot    6  N  N  2  U   -1784.17779314598  2.7E-06  0.0E+00  0.0E+00
scf (DFT) done.
der1a (1-e 1st deriv.) done.
rwr (1st deriv. Q) done.
der1b (2-e 1st deriv.) done.
  Geometry optimization step  10
  Total energy:     -1784.23527329398 hartrees
  energy change:          -6.7070E-04 .  (  5.0000E-05 )
  gradient maximum:        5.4983E-03 .  (  4.5000E-04 )
  gradient rms:            7.7096E-04 .  (  3.0000E-04 )
  displacement maximum:    5.7688E-02 .  (  1.8000E-03 )
  displacement rms:        1.0846E-02 .  (  1.2000E-03 )
  
  predicted energy change: -3.9138E-04
  step size:     0.17183
  trust radius:  0.30000
---------------- geometry iteration  10 complete ----------------
geopt (optimize geometry) done.
onee (1-electron integrals) done.
probe (project orbitals) done.
grid (grid generation) done.
rwr (Q operators) done.
  
       i  u  d  i  g
       t  p  i  c  r                                 RMS    maximum
       e  d  i  u  i                       energy  density   DIIS  
       r  t  s  t  d       total energy    change  change    error 
  
etot    1  N  N  2  U   -1784.15102357408           3.1E-04  1.5E-02
etot    2  Y  Y  6  M   -1784.17811195441  2.7E-02  7.7E-05  1.4E-03
etot    3  N  Y  2  U   -1784.17731214856 -8.0E-04  5.8E-05  3.3E-03
etot    4  Y  Y  6  M   -1784.17817568466  8.6E-04  1.2E-05  3.5E-04
etot    5  N  Y  2  U   -1784.17812612969 -5.0E-05  4.4E-06  1.5E-04
etot    6  N  N  2  U   -1784.17813224207  6.1E-06  0.0E+00  0.0E+00
scf (DFT) done.
der1a (1-e 1st deriv.) done.
rwr (1st deriv. Q) done.
der1b (2-e 1st deriv.) done.
  Geometry optimization step  11
  Total energy:     -1784.23553833699 hartrees
  energy change:          -2.6504E-04 .  (  5.0000E-05 )
  gradient maximum:        3.7524E-03 .  (  4.5000E-04 )
  gradient rms:            6.9141E-04 .  (  3.0000E-04 )
  displacement maximum:    4.6038E-02 .  (  1.8000E-03 )
  displacement rms:        6.2953E-03 .  (  1.2000E-03 )
  
  predicted energy change: -1.8238E-04
  step size:     0.09974
  trust radius:  0.30000
---------------- geometry iteration  11 complete ----------------
geopt (optimize geometry) done.
onee (1-electron integrals) done.
probe (project orbitals) done.
grid (grid generation) done.
rwr (Q operators) done.
  
       i  u  d  i  g
       t  p  i  c  r                                 RMS    maximum
       e  d  i  u  i                       energy  density   DIIS  
       r  t  s  t  d       total energy    change  change    error 
  
etot    1  N  N  2  U   -1784.16364901242           2.3E-04  8.2E-03
etot    2  Y  Y  6  M   -1784.17834264102  1.5E-02  3.4E-05  5.8E-04
etot    3  N  Y  2  U   -1784.17823860888 -1.0E-04  2.7E-05  7.1E-04
etot    4  N  Y  2  U   -1784.17839344307  1.5E-04  9.3E-06  3.6E-04
etot    5  N  Y  2  U   -1784.17841538676  2.2E-05  3.0E-06  1.2E-04
etot    6  N  N  2  U   -1784.17841800143  2.6E-06  0.0E+00  0.0E+00
scf (DFT) done.
der1a (1-e 1st deriv.) done.
rwr (1st deriv. Q) done.
der1b (2-e 1st deriv.) done.
  Geometry optimization step  12
  Total energy:     -1784.23572122669 hartrees
  energy change:          -1.8289E-04 .  (  5.0000E-05 )
  gradient maximum:        2.8505E-03 .  (  4.5000E-04 )
  gradient rms:            5.0952E-04 .  (  3.0000E-04 )
  displacement maximum:    5.7311E-02 .  (  1.8000E-03 )
  displacement rms:        1.2378E-02 .  (  1.2000E-03 )
  
  predicted energy change: -1.8226E-04
  step size:     0.19610
  trust radius:  0.30000
---------------- geometry iteration  12 complete ----------------
geopt (optimize geometry) done.
onee (1-electron integrals) done.
probe (project orbitals) done.
grid (grid generation) done.
rwr (Q operators) done.
  
       i  u  d  i  g
       t  p  i  c  r                                 RMS    maximum
       e  d  i  u  i                       energy  density   DIIS  
       r  t  s  t  d       total energy    change  change    error 
  
etot    1  N  N  2  U   -1784.16138502337           2.8E-04  5.8E-03
etot    2  Y  Y  6  M   -1784.17809083537  1.7E-02  6.1E-05  9.3E-04
etot    3  N  Y  2  U   -1784.17763215677 -4.6E-04  4.6E-05  2.2E-03
etot    4  N  Y  2  U   -1784.17812556813  4.9E-04  1.0E-05  3.8E-04
etot    5  N  Y  2  U   -1784.17814903779  2.3E-05  3.6E-06  1.2E-04
etot    6  N  N  2  U   -1784.17815263708  3.6E-06  0.0E+00  0.0E+00
scf (DFT) done.
der1a (1-e 1st deriv.) done.
rwr (1st deriv. Q) done.
der1b (2-e 1st deriv.) done.
  Geometry optimization step  13
  Total energy:     -1784.23571843623 hartrees
  energy change:           2.7905E-06 *  (  5.0000E-05 )
  gradient maximum:        2.2683E-03 .  (  4.5000E-04 )
  gradient rms:            5.1367E-04 .  (  3.0000E-04 )
  displacement maximum:    3.2365E-02 .  (  1.8000E-03 )
  displacement rms:        6.8473E-03 .  (  1.2000E-03 )
  
  predicted energy change: -1.1286E-04
  step size:     0.10848
  trust radius:  0.30000
---------------- geometry iteration  13 complete ----------------
geopt (optimize geometry) done.
onee (1-electron integrals) done.
probe (project orbitals) done.
grid (grid generation) done.
rwr (Q operators) done.
  
       i  u  d  i  g
       t  p  i  c  r                                 RMS    maximum
       e  d  i  u  i                       energy  density   DIIS  
       r  t  s  t  d       total energy    change  change    error 
  
etot    1  N  N  2  U   -1784.17027164322           1.6E-04  5.4E-03
etot    2  Y  Y  6  M   -1784.17791254817  7.6E-03  4.2E-05  6.4E-04
etot    3  N  Y  2  U   -1784.17769936287 -2.1E-04  3.3E-05  1.6E-03
etot    4  N  Y  2  U   -1784.17795698058  2.6E-04  6.4E-06  1.8E-04
etot    5  N  Y  2  U   -1784.17796301140  6.0E-06  2.5E-06  1.1E-04
etot    6  N  N  2  U   -1784.17796545861  2.4E-06  0.0E+00  0.0E+00
scf (DFT) done.
der1a (1-e 1st deriv.) done.
rwr (1st deriv. Q) done.
der1b (2-e 1st deriv.) done.
  Geometry optimization step  14
  Total energy:     -1784.23572788057 hartrees
  energy change:          -9.4443E-06 *  (  5.0000E-05 )
  gradient maximum:        2.3649E-03 .  (  4.5000E-04 )
  gradient rms:            3.7304E-04 .  (  3.0000E-04 )
  displacement maximum:    2.7664E-02 .  (  1.8000E-03 )
  displacement rms:        4.9777E-03 .  (  1.2000E-03 )
  
  predicted energy change: -7.4912E-05
  step size:     0.07886
  trust radius:  0.30000
---------------- geometry iteration  14 complete ----------------
geopt (optimize geometry) done.
onee (1-electron integrals) done.
probe (project orbitals) done.
grid (grid generation) done.
rwr (Q operators) done.
  
       i  u  d  i  g
       t  p  i  c  r                                 RMS    maximum
       e  d  i  u  i                       energy  density   DIIS  
       r  t  s  t  d       total energy    change  change    error 
  
etot    1  N  N  2  U   -1784.17625375356           9.1E-05  2.1E-03
etot    2  Y  Y  6  M   -1784.17814917748  1.9E-03  1.1E-05  1.8E-04
etot    3  N  Y  2  U   -1784.17811695924 -3.2E-05  8.7E-06  2.1E-04
etot    4  N  Y  2  U   -1784.17813263524  1.6E-05  3.2E-06  1.2E-04
etot    5  N  N  2  U   -1784.17813589642  3.3E-06  0.0E+00  0.0E+00
scf (DFT) done.
der1a (1-e 1st deriv.) done.
rwr (1st deriv. Q) done.
der1b (2-e 1st deriv.) done.
  Geometry optimization step  15
  Total energy:     -1784.23581199630 hartrees
  energy change:          -8.4116E-05 .  (  5.0000E-05 )
  gradient maximum:        2.1168E-03 .  (  4.5000E-04 )
  gradient rms:            3.8593E-04 .  (  3.0000E-04 )
  displacement maximum:    1.3103E-02 .  (  1.8000E-03 )
  displacement rms:        2.7905E-03 .  (  1.2000E-03 )
  
  predicted energy change: -3.5404E-05
  step size:     0.04421
  trust radius:  0.30000
---------------- geometry iteration  15 complete ----------------
geopt (optimize geometry) done.
onee (1-electron integrals) done.
probe (project orbitals) done.
grid (grid generation) done.
rwr (Q operators) done.
  
       i  u  d  i  g
       t  p  i  c  r                                 RMS    maximum
       e  d  i  u  i                       energy  density   DIIS  
       r  t  s  t  d       total energy    change  change    error 
  
etot    1  N  N  2  U   -1784.17718060816           5.9E-05  2.2E-03
etot    2  Y  Y  6  M   -1784.17812081867  9.4E-04  1.0E-05  1.0E-04
etot    3  N  Y  2  U   -1784.17811868889 -2.1E-06  8.1E-06  3.1E-04
etot    4  N  Y  2  U   -1784.17813626287  1.8E-05  2.3E-06  8.6E-05
etot    5  N  N  2  U   -1784.17813744415  1.2E-06  0.0E+00  0.0E+00
scf (DFT) done.
der1a (1-e 1st deriv.) done.
rwr (1st deriv. Q) done.
der1b (2-e 1st deriv.) done.
  Geometry optimization step  16
  Total energy:     -1784.23585403296 hartrees
  energy change:          -4.2037E-05 *  (  5.0000E-05 )
  gradient maximum:        1.4577E-03 .  (  4.5000E-04 )
  gradient rms:            2.3879E-04 *  (  3.0000E-04 )
  displacement maximum:    1.4819E-02 .  (  1.8000E-03 )
  displacement rms:        2.3661E-03 .  (  1.2000E-03 )
  
  predicted energy change: -2.6288E-05
  step size:     0.03749
  trust radius:  0.30000
---------------- geometry iteration  16 complete ----------------
geopt (optimize geometry) done.
onee (1-electron integrals) done.
probe (project orbitals) done.
grid (grid generation) done.
rwr (Q operators) done.
  
       i  u  d  i  g
       t  p  i  c  r                                 RMS    maximum
       e  d  i  u  i                       energy  density   DIIS  
       r  t  s  t  d       total energy    change  change    error 
  
etot    1  N  N  2  U   -1784.17703440449           6.2E-05  2.3E-03
etot    2  Y  Y  6  M   -1784.17811567926  1.1E-03  1.1E-05  1.6E-04
etot    3  N  Y  2  U   -1784.17811652568  8.5E-07  8.3E-06  2.8E-04
etot    4  N  Y  2  U   -1784.17813398339  1.7E-05  2.9E-06  1.1E-04
etot    5  N  N  2  U   -1784.17813572499  1.7E-06  0.0E+00  0.0E+00
scf (DFT) done.
der1a (1-e 1st deriv.) done.
rwr (1st deriv. Q) done.
der1b (2-e 1st deriv.) done.
  Geometry optimization step  17
  Total energy:     -1784.23588276242 hartrees
  energy change:          -2.8729E-05 *  (  5.0000E-05 )
  gradient maximum:        1.5789E-03 .  (  4.5000E-04 )
  gradient rms:            3.3618E-04 .  (  3.0000E-04 )
  displacement maximum:    1.5802E-02 .  (  1.8000E-03 )
  displacement rms:        2.5014E-03 .  (  1.2000E-03 )
  
  predicted energy change: -2.1765E-05
  step size:     0.03963
  trust radius:  0.30000
---------------- geometry iteration  17 complete ----------------
geopt (optimize geometry) done.
onee (1-electron integrals) done.
probe (project orbitals) done.
grid (grid generation) done.
rwr (Q operators) done.
  
       i  u  d  i  g
       t  p  i  c  r                                 RMS    maximum
       e  d  i  u  i                       energy  density   DIIS  
       r  t  s  t  d       total energy    change  change    error 
  
etot    1  N  N  2  U   -1784.17742451864           5.9E-05  2.2E-03
etot    2  Y  Y  6  M   -1784.17819336609  7.7E-04  1.4E-05  1.3E-04
etot    3  N  Y  2  U   -1784.17816012711 -3.3E-05  1.1E-05  4.2E-04
etot    4  N  Y  2  U   -1784.17819885820  3.9E-05  2.2E-06  7.2E-05
etot    5  N  N  2  U   -1784.17819971295  8.5E-07  0.0E+00  0.0E+00
scf (DFT) done.
der1a (1-e 1st deriv.) done.
rwr (1st deriv. Q) done.
der1b (2-e 1st deriv.) done.
  Geometry optimization step  18
  Total energy:     -1784.23596048449 hartrees
  energy change:          -7.7722E-05 .  (  5.0000E-05 )
  gradient maximum:        9.9886E-04 .  (  4.5000E-04 )
  gradient rms:            2.0590E-04 *  (  3.0000E-04 )
  displacement maximum:    3.0041E-02 .  (  1.8000E-03 )
  displacement rms:        4.6516E-03 .  (  1.2000E-03 )
  
  predicted energy change: -3.3447E-05
  step size:     0.07370
  trust radius:  0.30000
---------------- geometry iteration  18 complete ----------------
geopt (optimize geometry) done.
onee (1-electron integrals) done.
probe (project orbitals) done.
grid (grid generation) done.
rwr (Q operators) done.
  
       i  u  d  i  g
       t  p  i  c  r                                 RMS    maximum
       e  d  i  u  i                       energy  density   DIIS  
       r  t  s  t  d       total energy    change  change    error 
  
etot    1  N  N  2  U   -1784.17254092292           1.4E-04  8.0E-03
etot    2  Y  Y  6  M   -1784.17816407464  5.6E-03  1.7E-05  1.6E-04
etot    3  N  Y  2  U   -1784.17812549545 -3.9E-05  1.3E-05  4.5E-04
etot    4  N  Y  2  U   -1784.17816868883  4.3E-05  4.4E-06  1.7E-04
etot    5  N  N  2  U   -1784.17817291329  4.2E-06  0.0E+00  0.0E+00
scf (DFT) done.
der1a (1-e 1st deriv.) done.
rwr (1st deriv. Q) done.
der1b (2-e 1st deriv.) done.
  Geometry optimization step  19
  Total energy:     -1784.23601736497 hartrees
  energy change:          -5.6880E-05 .  (  5.0000E-05 )
  gradient maximum:        2.9967E-03 .  (  4.5000E-04 )
  gradient rms:            4.5029E-04 .  (  3.0000E-04 )
  displacement maximum:    9.4226E-02 .  (  1.8000E-03 )
  displacement rms:        1.6177E-02 .  (  1.2000E-03 )
  
  predicted energy change: -2.0035E-04
  step size:     0.25630
  trust radius:  0.30000
---------------- geometry iteration  19 complete ----------------
geopt (optimize geometry) done.
onee (1-electron integrals) done.
probe (project orbitals) done.
grid (grid generation) done.
rwr (Q operators) done.
  
       i  u  d  i  g
       t  p  i  c  r                                 RMS    maximum
       e  d  i  u  i                       energy  density   DIIS  
       r  t  s  t  d       total energy    change  change    error 
  
etot    1  N  N  2  U   -1784.10909496954           4.7E-04  2.5E-02
etot    2  Y  Y  6  M   -1784.17749634918  6.8E-02  6.1E-05  6.4E-04
etot    3  N  Y  2  U   -1784.17688885419 -6.1E-04  4.9E-05  1.6E-03
etot    4  N  Y  2  U   -1784.17745389765  5.7E-04  1.5E-05  5.6E-04
etot    5  N  Y  2  U   -1784.17751333047  5.9E-05  5.4E-06  1.6E-04
etot    6  N  Y  2  U   -1784.17752187433  8.5E-06  2.3E-06  5.5E-05
etot    7  N  N  2  U   -1784.17752244916  5.7E-07  0.0E+00  0.0E+00
scf (DFT) done.
der1a (1-e 1st deriv.) done.
rwr (1st deriv. Q) done.
der1b (2-e 1st deriv.) done.
  Geometry optimization step  20
  Total energy:     -1784.23590491302 hartrees
  energy change:           1.1245E-04 .  (  5.0000E-05 )
  gradient maximum:        4.5831E-03 .  (  4.5000E-04 )
  gradient rms:            8.6994E-04 .  (  3.0000E-04 )
  displacement maximum:    4.5050E-02 .  (  1.8000E-03 )
  displacement rms:        6.9294E-03 .  (  1.2000E-03 )
  
  predicted energy change: -1.4655E-04
  step size:     0.10978
  trust radius:  0.30000
---------------- geometry iteration  20 complete ----------------
geopt (optimize geometry) done.
onee (1-electron integrals) done.
probe (project orbitals) done.
grid (grid generation) done.
rwr (Q operators) done.
  
       i  u  d  i  g
       t  p  i  c  r                                 RMS    maximum
       e  d  i  u  i                       energy  density   DIIS  
       r  t  s  t  d       total energy    change  change    error 
  
etot    1  N  N  2  U   -1784.16703373477           1.9E-04  1.1E-02
etot    2  Y  Y  6  M   -1784.17792048792  1.1E-02  2.4E-05  2.0E-04
etot    3  N  Y  2  U   -1784.17778061821 -1.4E-04  1.9E-05  5.3E-04
etot    4  N  Y  2  U   -1784.17788116050  1.0E-04  5.1E-06  1.7E-04
etot    5  N  Y  2  U   -1784.17788858565  7.4E-06  1.6E-06  5.9E-05
etot    6  N  N  2  U   -1784.17788932254  7.4E-07  0.0E+00  0.0E+00
scf (DFT) done.
der1a (1-e 1st deriv.) done.
rwr (1st deriv. Q) done.
der1b (2-e 1st deriv.) done.
  Geometry optimization step  21
  Total energy:     -1784.23612356883 hartrees
  energy change:          -2.1866E-04 .  (  5.0000E-05 )
  gradient maximum:        2.7733E-03 .  (  4.5000E-04 )
  gradient rms:            5.8117E-04 .  (  3.0000E-04 )
  displacement maximum:    3.1666E-02 .  (  1.8000E-03 )
  displacement rms:        5.0461E-03 .  (  1.2000E-03 )
  
  predicted energy change: -8.2526E-05
  step size:     0.07994
  trust radius:  0.30000
---------------- geometry iteration  21 complete ----------------
geopt (optimize geometry) done.
onee (1-electron integrals) done.
probe (project orbitals) done.
grid (grid generation) done.
rwr (Q operators) done.
  
       i  u  d  i  g
       t  p  i  c  r                                 RMS    maximum
       e  d  i  u  i                       energy  density   DIIS  
       r  t  s  t  d       total energy    change  change    error 
  
etot    1  N  N  2  U   -1784.17208491822           1.5E-04  6.1E-03
etot    2  Y  Y  6  M   -1784.17778269451  5.7E-03  2.0E-05  3.2E-04
etot    3  N  Y  2  U   -1784.17772792465 -5.5E-05  1.6E-05  6.6E-04
etot    4  N  Y  2  U   -1784.17778335824  5.5E-05  4.7E-06  1.9E-04
etot    5  N  N  2  U   -1784.17778900864  5.7E-06  0.0E+00  0.0E+00
scf (DFT) done.
der1a (1-e 1st deriv.) done.
rwr (1st deriv. Q) done.
der1b (2-e 1st deriv.) done.
  Geometry optimization step  22
  Total energy:     -1784.23621742132 hartrees
  energy change:          -9.3852E-05 .  (  5.0000E-05 )
  gradient maximum:        4.0124E-03 .  (  4.5000E-04 )
  gradient rms:            5.6910E-04 .  (  3.0000E-04 )
  displacement maximum:    8.5206E-02 .  (  1.8000E-03 )
  displacement rms:        1.6941E-02 .  (  1.2000E-03 )
  
  predicted energy change: -4.3903E-04
  step size:     0.26840
  trust radius:  0.30000
---------------- geometry iteration  22 complete ----------------
geopt (optimize geometry) done.
onee (1-electron integrals) done.
probe (project orbitals) done.
grid (grid generation) done.
rwr (Q operators) done.
  
       i  u  d  i  g
       t  p  i  c  r                                 RMS    maximum
       e  d  i  u  i                       energy  density   DIIS  
       r  t  s  t  d       total energy    change  change    error 
  
etot    1  N  N  2  U   -1784.10017283962           5.2E-04  2.1E-02
etot    2  Y  Y  6  M   -1784.17699973159  7.7E-02  7.1E-05  9.2E-04
etot    3  N  Y  2  U   -1784.17620858471 -7.9E-04  5.6E-05  2.3E-03
etot    4  Y  Y  6  M   -1784.17699215519  7.8E-04  1.5E-05  5.8E-04
etot    5  N  Y  2  U   -1784.17700351061  1.1E-05  5.1E-06  1.4E-04
etot    6  N  Y  2  U   -1784.17700929023  5.8E-06  2.7E-06  8.2E-05
etot    7  N  N  2  U   -1784.17700978163  4.9E-07  0.0E+00  0.0E+00
scf (DFT) done.
der1a (1-e 1st deriv.) done.
rwr (1st deriv. Q) done.
der1b (2-e 1st deriv.) done.
  Geometry optimization step  23
  Total energy:     -1784.23664828008 hartrees
  energy change:          -4.3086E-04 .  (  5.0000E-05 )
  gradient maximum:        5.7139E-03 .  (  4.5000E-04 )
  gradient rms:            8.0416E-04 .  (  3.0000E-04 )
  displacement maximum:    8.0055E-02 .  (  1.8000E-03 )
  displacement rms:        1.1279E-02 .  (  1.2000E-03 )
  
  predicted energy change: -1.8075E-04
  step size:     0.17869
  trust radius:  0.30000
---------------- geometry iteration  23 complete ----------------
geopt (optimize geometry) done.
onee (1-electron integrals) done.
probe (project orbitals) done.
grid (grid generation) done.
rwr (Q operators) done.
  
       i  u  d  i  g
       t  p  i  c  r                                 RMS    maximum
       e  d  i  u  i                       energy  density   DIIS  
       r  t  s  t  d       total energy    change  change    error 
  
etot    1  N  N  2  U   -1784.15968705991           7.2E-04  1.2E-02
etot    2  Y  Y  6  M   -1784.17718765966  1.8E-02  4.1E-05  3.3E-04
etot    3  N  Y  2  U   -1784.17702187789 -1.7E-04  3.2E-05  8.8E-04
etot    4  N  Y  2  U   -1784.17724638624  2.2E-04  9.2E-06  3.4E-04
etot    5  N  Y  2  U   -1784.17726974024  2.3E-05  2.8E-06  9.0E-05
etot    6  N  N  2  U   -1784.17727183664  2.1E-06  0.0E+00  0.0E+00
scf (DFT) done.
der1a (1-e 1st deriv.) done.
rwr (1st deriv. Q) done.
der1b (2-e 1st deriv.) done.
  Geometry optimization step  24
  Total energy:     -1784.23743867387 hartrees
  energy change:          -7.9039E-04 .  (  5.0000E-05 )
  gradient maximum:        4.8754E-03 .  (  4.5000E-04 )
  gradient rms:            8.8944E-04 .  (  3.0000E-04 )
  displacement maximum:    1.3278E-01 .  (  1.8000E-03 )
  displacement rms:        1.8948E-02 .  (  1.2000E-03 )
  
  predicted energy change: -3.4327E-04
  step size:     0.30019
  trust radius:  0.30000
---------------- geometry iteration  24 complete ----------------
geopt (optimize geometry) done.
onee (1-electron integrals) done.
probe (project orbitals) done.
grid (grid generation) done.
rwr (Q operators) done.
  
       i  u  d  i  g
       t  p  i  c  r                                 RMS    maximum
       e  d  i  u  i                       energy  density   DIIS  
       r  t  s  t  d       total energy    change  change    error 
  
etot    1  N  N  2  U   -1784.11704814334           4.6E-04  1.2E-02
etot    2  Y  Y  6  M   -1784.17583389450  5.9E-02  7.0E-05  7.0E-04
etot    3  N  Y  2  U   -1784.17515051098 -6.8E-04  5.3E-05  2.0E-03
etot    4  Y  Y  6  M   -1784.17584349757  6.9E-04  1.5E-05  7.4E-04
etot    5  N  Y  2  U   -1784.17591442354  7.1E-05  5.0E-06  1.3E-04
etot    6  N  N  2  U   -1784.17592060889  6.2E-06  0.0E+00  0.0E+00
scf (DFT) done.
der1a (1-e 1st deriv.) done.
rwr (1st deriv. Q) done.
der1b (2-e 1st deriv.) done.
  Geometry optimization step  25
  Total energy:     -1784.23737043233 hartrees
  energy change:           6.8242E-05 .  (  5.0000E-05 )
  gradient maximum:        5.4774E-03 .  (  4.5000E-04 )
  gradient rms:            1.0221E-03 .  (  3.0000E-04 )
  displacement maximum:    1.1457E-01 .  (  1.8000E-03 )
  displacement rms:        1.8982E-02 .  (  1.2000E-03 )
  
  predicted energy change: -1.0653E-03
  step size:     0.30073
  trust radius:  0.30000
---------------- geometry iteration  25 complete ----------------
geopt (optimize geometry) done.
onee (1-electron integrals) done.
probe (project orbitals) done.
grid (grid generation) done.
rwr (Q operators) done.
  
       i  u  d  i  g
       t  p  i  c  r                                 RMS    maximum
       e  d  i  u  i                       energy  density   DIIS  
       r  t  s  t  d       total energy    change  change    error 
  
etot    1  N  N  2  U   -1784.07945390631           5.8E-04  1.9E-02
etot    2  Y  Y  6  M   -1784.17613761295  9.7E-02  8.8E-05  1.0E-03
etot    3  N  Y  2  U   -1784.17490381479 -1.2E-03  6.6E-05  1.7E-03
etot    4  Y  Y  6  M   -1784.17596196092  1.1E-03  2.0E-05  5.7E-04
etot    5  N  Y  2  U   -1784.17608216582  1.2E-04  7.9E-06  3.2E-04
etot    6  N  Y  2  U   -1784.17609953817  1.7E-05  3.4E-06  7.3E-05
etot    7  N  N  2  U   -1784.17610060495  1.1E-06  0.0E+00  0.0E+00
scf (DFT) done.
der1a (1-e 1st deriv.) done.
rwr (1st deriv. Q) done.
der1b (2-e 1st deriv.) done.
  Geometry optimization step  26
  Total energy:     -1784.23595033696 hartrees
  ** restarting optimization from step   25 **
  energy change:           1.4201E-03 .  (  5.0000E-05 )
  gradient maximum:        5.4774E-03 .  (  4.5000E-04 )
  gradient rms:            1.0221E-03 .  (  3.0000E-04 )
  displacement maximum:    1.5959E-01 .  (  1.8000E-03 )
  displacement rms:        1.8935E-02 .  (  1.2000E-03 )
  
  predicted energy change: -9.9313E-04
  step size:     0.29998
  trust radius:  0.30000
---------------- geometry iteration  26 complete ----------------
geopt (optimize geometry) done.
onee (1-electron integrals) done.
probe (project orbitals) done.
grid (grid generation) done.
rwr (Q operators) done.
  
       i  u  d  i  g
       t  p  i  c  r                                 RMS    maximum
       e  d  i  u  i                       energy  density   DIIS  
       r  t  s  t  d       total energy    change  change    error 
  
etot    1  N  N  2  U   -1784.06171780779           6.4E-04  1.7E-02
etot    2  Y  Y  6  M   -1784.17685680258  1.2E-01  1.6E-04  2.7E-03
etot    3  N  Y  2  U   -1784.17364721427 -3.2E-03  1.2E-04  7.0E-03
etot    4  Y  Y  6  M   -1784.17728479896  3.6E-03  2.5E-05  9.2E-04
etot    5  N  Y  2  U   -1784.17731648110  3.2E-05  1.1E-05  4.6E-04
etot    6  N  Y  2  U   -1784.17735089595  3.4E-05  4.0E-06  1.1E-04
etot    7  N  N  2  U   -1784.17735249962  1.6E-06  0.0E+00  0.0E+00
scf (DFT) done.
der1a (1-e 1st deriv.) done.
rwr (1st deriv. Q) done.
der1b (2-e 1st deriv.) done.
  Geometry optimization step  27
  Total energy:     -1784.23694542460 hartrees
  energy change:           4.2501E-04 .  (  5.0000E-05 )
  gradient maximum:        7.3144E-03 .  (  4.5000E-04 )
  gradient rms:            1.0324E-03 .  (  3.0000E-04 )
  displacement maximum:    5.9850E-02 .  (  1.8000E-03 )
  displacement rms:        1.0807E-02 .  (  1.2000E-03 )
  
  predicted energy change: -3.5522E-04
  step size:     0.17121
  trust radius:  0.30000
---------------- geometry iteration  27 complete ----------------
geopt (optimize geometry) done.
onee (1-electron integrals) done.
probe (project orbitals) done.
grid (grid generation) done.
rwr (Q operators) done.
  
       i  u  d  i  g
       t  p  i  c  r                                 RMS    maximum
       e  d  i  u  i                       energy  density   DIIS  
       r  t  s  t  d       total energy    change  change    error 
  
etot    1  N  N  2  U   -1784.15561477847           7.2E-04  1.3E-02
etot    2  Y  Y  6  M   -1784.17726839456  2.2E-02  6.3E-05  8.5E-04
etot    3  N  Y  2  U   -1784.17683561739 -4.3E-04  4.8E-05  2.2E-03
etot    4  N  Y  2  U   -1784.17731593106  4.8E-04  1.1E-05  4.6E-04
etot    5  N  Y  2  U   -1784.17734295727  2.7E-05  3.0E-06  6.4E-05
etot    6  N  N  2  U   -1784.17734493245  2.0E-06  0.0E+00  0.0E+00
scf (DFT) done.
der1a (1-e 1st deriv.) done.
rwr (1st deriv. Q) done.
der1b (2-e 1st deriv.) done.
  Geometry optimization step  28
  Total energy:     -1784.23767247386 hartrees
  energy change:          -7.2705E-04 .  (  5.0000E-05 )
  gradient maximum:        4.2532E-03 .  (  4.5000E-04 )
  gradient rms:            4.7841E-04 .  (  3.0000E-04 )
  displacement maximum:    2.5218E-02 .  (  1.8000E-03 )
  displacement rms:        5.1547E-03 .  (  1.2000E-03 )
  
  predicted energy change: -1.0891E-04
  step size:     0.08167
  trust radius:  0.30000
---------------- geometry iteration  28 complete ----------------
geopt (optimize geometry) done.
onee (1-electron integrals) done.
probe (project orbitals) done.
grid (grid generation) done.
rwr (Q operators) done.
  
       i  u  d  i  g
       t  p  i  c  r                                 RMS    maximum
       e  d  i  u  i                       energy  density   DIIS  
       r  t  s  t  d       total energy    change  change    error 
  
etot    1  N  N  2  U   -1784.17196137362           1.4E-04  4.1E-03
etot    2  Y  Y  6  M   -1784.17687623259  4.9E-03  2.7E-05  4.1E-04
etot    3  N  Y  2  U   -1784.17679560275 -8.1E-05  2.1E-05  1.1E-03
etot    4  N  Y  2  U   -1784.17690436530  1.1E-04  4.1E-06  1.5E-04
etot    5  N  N  2  U   -1784.17690697769  2.6E-06  0.0E+00  0.0E+00
scf (DFT) done.
der1a (1-e 1st deriv.) done.
rwr (1st deriv. Q) done.
der1b (2-e 1st deriv.) done.
  Geometry optimization step  29
  Total energy:     -1784.23765933788 hartrees
  energy change:           1.3136E-05 *  (  5.0000E-05 )
  gradient maximum:        1.3384E-03 .  (  4.5000E-04 )
  gradient rms:            2.6654E-04 *  (  3.0000E-04 )
  displacement maximum:    6.1400E-02 .  (  1.8000E-03 )
  displacement rms:        1.0991E-02 .  (  1.2000E-03 )
  
  predicted energy change: -1.3681E-04
  step size:     0.17413
  trust radius:  0.30000
---------------- geometry iteration  29 complete ----------------
geopt (optimize geometry) done.
onee (1-electron integrals) done.
probe (project orbitals) done.
grid (grid generation) done.
rwr (Q operators) done.
  
       i  u  d  i  g
       t  p  i  c  r                                 RMS    maximum
       e  d  i  u  i                       energy  density   DIIS  
       r  t  s  t  d       total energy    change  change    error 
  
etot    1  N  N  2  U   -1784.14450359237           3.2E-04  1.1E-02
etot    2  Y  Y  6  M   -1784.17593219142  3.1E-02  6.3E-05  1.0E-03
etot    3  N  Y  2  U   -1784.17545048229 -4.8E-04  4.9E-05  2.7E-03
etot    4  N  Y  2  U   -1784.17593465160  4.8E-04  1.1E-05  4.7E-04
etot    5  N  Y  2  U   -1784.17595758382  2.3E-05  3.7E-06  1.1E-04
etot    6  N  N  2  U   -1784.17596128682  3.7E-06  0.0E+00  0.0E+00
scf (DFT) done.
der1a (1-e 1st deriv.) done.
rwr (1st deriv. Q) done.
der1b (2-e 1st deriv.) done.
  Geometry optimization step  30
  Total energy:     -1784.23694304910 hartrees
  ** restarting optimization from step   25 **
  energy change:           7.1629E-04 .  (  5.0000E-05 )
  gradient maximum:        5.4774E-03 .  (  4.5000E-04 )
  gradient rms:            1.0221E-03 .  (  3.0000E-04 )
  displacement maximum:    6.7144E-02 .  (  1.8000E-03 )
  displacement rms:        9.5217E-03 .  (  1.2000E-03 )
  
  predicted energy change: -9.0127E-04
  step size:     0.15085
  trust radius:  0.15000
---------------- geometry iteration  30 complete ----------------
geopt (optimize geometry) done.
onee (1-electron integrals) done.
probe (project orbitals) done.
grid (grid generation) done.
rwr (Q operators) done.
  
       i  u  d  i  g
       t  p  i  c  r                                 RMS    maximum
       e  d  i  u  i                       energy  density   DIIS  
       r  t  s  t  d       total energy    change  change    error 
  
etot    1  N  N  2  U   -1784.13814580536           7.5E-04  1.2E-02
etot    2  Y  Y  6  M   -1784.17763513840  3.9E-02  5.7E-05  7.5E-04
etot    3  N  Y  2  U   -1784.17716155784 -4.7E-04  4.5E-05  1.4E-03
etot    4  N  Y  2  U   -1784.17762145969  4.6E-04  1.5E-05  5.8E-04
etot    5  N  Y  2  U   -1784.17767748643  5.6E-05  5.4E-06  1.8E-04
etot    6  N  Y  2  U   -1784.17768557715  8.1E-06  2.0E-06  4.4E-05
etot    7  N  N  2  U   -1784.17768600474  4.3E-07  0.0E+00  0.0E+00
scf (DFT) done.
der1a (1-e 1st deriv.) done.
rwr (1st deriv. Q) done.
der1b (2-e 1st deriv.) done.
  Geometry optimization step  31
  Total energy:     -1784.23742185960 hartrees
  energy change:          -5.1427E-05 .  (  5.0000E-05 )
  gradient maximum:        9.1944E-03 .  (  4.5000E-04 )
  gradient rms:            1.2777E-03 .  (  3.0000E-04 )
  displacement maximum:    2.2824E-02 .  (  1.8000E-03 )
  displacement rms:        4.7855E-03 .  (  1.2000E-03 )
  
  predicted energy change: -4.3518E-04
  step size:     0.07582
  trust radius:  0.07500
---------------- geometry iteration  31 complete ----------------
geopt (optimize geometry) done.
onee (1-electron integrals) done.
probe (project orbitals) done.
grid (grid generation) done.
rwr (Q operators) done.
  
       i  u  d  i  g
       t  p  i  c  r                                 RMS    maximum
       e  d  i  u  i                       energy  density   DIIS  
       r  t  s  t  d       total energy    change  change    error 
  
etot    1  N  N  2  U   -1784.16824977949           1.9E-04  5.2E-03
etot    2  Y  Y  6  M   -1784.17691933112  8.7E-03  2.8E-05  2.8E-04
etot    3  N  Y  2  U   -1784.17677868210 -1.4E-04  2.2E-05  6.1E-04
etot    4  N  Y  2  U   -1784.17690773532  1.3E-04  6.6E-06  1.9E-04
etot    5  N  Y  2  U   -1784.17691793858  1.0E-05  2.3E-06  7.1E-05
etot    6  N  N  2  U   -1784.17691942511  1.5E-06  0.0E+00  0.0E+00
scf (DFT) done.
der1a (1-e 1st deriv.) done.
rwr (1st deriv. Q) done.
der1b (2-e 1st deriv.) done.
  Geometry optimization step  32
  Total energy:     -1784.23772461532 hartrees
  energy change:          -3.0276E-04 .  (  5.0000E-05 )
  gradient maximum:        8.0252E-04 .  (  4.5000E-04 )
  gradient rms:            1.6996E-04 *  (  3.0000E-04 )
  displacement maximum:    5.1310E-02 .  (  1.8000E-03 )
  displacement rms:        6.7005E-03 .  (  1.2000E-03 )
  
  predicted energy change: -4.9081E-05
  step size:     0.10616
  trust radius:  0.10607
---------------- geometry iteration  32 complete ----------------
geopt (optimize geometry) done.
onee (1-electron integrals) done.
probe (project orbitals) done.
grid (grid generation) done.
rwr (Q operators) done.
  
       i  u  d  i  g
       t  p  i  c  r                                 RMS    maximum
       e  d  i  u  i                       energy  density   DIIS  
       r  t  s  t  d       total energy    change  change    error 
  
etot    1  N  N  2  U   -1784.17124554192           1.6E-04  4.7E-03
etot    2  Y  Y  6  M   -1784.17636212818  5.1E-03  2.1E-05  2.5E-04
etot    3  N  Y  2  U   -1784.17626583409 -9.6E-05  1.5E-05  4.8E-04
etot    4  N  Y  2  U   -1784.17633188978  6.6E-05  4.6E-06  1.6E-04
etot    5  N  N  2  U   -1784.17633775345  5.9E-06  0.0E+00  0.0E+00
scf (DFT) done.
der1a (1-e 1st deriv.) done.
rwr (1st deriv. Q) done.
der1b (2-e 1st deriv.) done.
  Geometry optimization step  33
  Total energy:     -1784.23731385828 hartrees
  energy change:           4.1076E-04 .  (  5.0000E-05 )
  gradient maximum:        8.7550E-04 .  (  4.5000E-04 )
  gradient rms:            2.0424E-04 *  (  3.0000E-04 )
  displacement maximum:    2.7497E-02 .  (  1.8000E-03 )
  displacement rms:        3.3660E-03 .  (  1.2000E-03 )
  
  predicted energy change: -3.3395E-05
  step size:     0.05333
  trust radius:  0.05303
---------------- geometry iteration  33 complete ----------------
geopt (optimize geometry) done.
onee (1-electron integrals) done.
probe (project orbitals) done.
grid (grid generation) done.
rwr (Q operators) done.
  
       i  u  d  i  g
       t  p  i  c  r                                 RMS    maximum
       e  d  i  u  i                       energy  density   DIIS  
       r  t  s  t  d       total energy    change  change    error 
  
etot    1  N  N  2  U   -1784.17446468824           1.0E-04  3.9E-03
etot    2  Y  Y  6  M   -1784.17626118896  1.8E-03  1.9E-05  2.2E-04
etot    3  N  Y  2  U   -1784.17623613583 -2.5E-05  1.4E-05  4.0E-04
etot    4  N  Y  2  U   -1784.17628392232  4.8E-05  3.9E-06  1.2E-04
etot    5  N  N  2  U   -1784.17628728602  3.4E-06  0.0E+00  0.0E+00
scf (DFT) done.
der1a (1-e 1st deriv.) done.
rwr (1st deriv. Q) done.
der1b (2-e 1st deriv.) done.
  Geometry optimization step  34
  Total energy:     -1784.23727539538 hartrees
  energy change:           3.8463E-05 *  (  5.0000E-05 )
  gradient maximum:        5.6491E-04 .  (  4.5000E-04 )
  gradient rms:            1.2745E-04 *  (  3.0000E-04 )
  displacement maximum:    2.1518E-02 .  (  1.8000E-03 )
  displacement rms:        3.3499E-03 .  (  1.2000E-03 )
  
  predicted energy change: -2.0339E-05
  step size:     0.05307
  trust radius:  0.05303
---------------- geometry iteration  34 complete ----------------
geopt (optimize geometry) done.
onee (1-electron integrals) done.
probe (project orbitals) done.
grid (grid generation) done.
rwr (Q operators) done.
  
       i  u  d  i  g
       t  p  i  c  r                                 RMS    maximum
       e  d  i  u  i                       energy  density   DIIS  
       r  t  s  t  d       total energy    change  change    error 
  
etot    1  N  N  2  U   -1784.17480320288           8.2E-05  2.0E-03
etot    2  Y  Y  6  M   -1784.17644124798  1.6E-03  1.5E-05  2.0E-04
etot    3  N  Y  2  U   -1784.17640010205 -4.1E-05  1.2E-05  5.7E-04
etot    4  N  Y  2  U   -1784.17644315335  4.3E-05  3.4E-06  1.1E-04
etot    5  N  N  2  U   -1784.17644630046  3.1E-06  0.0E+00  0.0E+00
scf (DFT) done.
der1a (1-e 1st deriv.) done.
rwr (1st deriv. Q) done.
der1b (2-e 1st deriv.) done.
  Geometry optimization step  35
  Total energy:     -1784.23732314510 hartrees
  energy change:          -4.7750E-05 *  (  5.0000E-05 )
  gradient maximum:        1.5788E-03 .  (  4.5000E-04 )
  gradient rms:            1.9970E-04 *  (  3.0000E-04 )
  displacement maximum:    9.5167E-03 .  (  1.8000E-03 )
  displacement rms:        1.7156E-03 .  (  1.2000E-03 )
  
  predicted energy change: -1.2958E-05
  step size:     0.02718
  trust radius:  0.02652
---------------- geometry iteration  35 complete ----------------
geopt (optimize geometry) done.
onee (1-electron integrals) done.
probe (project orbitals) done.
grid (grid generation) done.
rwr (Q operators) done.
  
       i  u  d  i  g
       t  p  i  c  r                                 RMS    maximum
       e  d  i  u  i                       energy  density   DIIS  
       r  t  s  t  d       total energy    change  change    error 
  
etot    1  N  N  2  U   -1784.17607726312           5.1E-05  1.0E-03
etot    2  Y  Y  6  M   -1784.17646134216  3.8E-04  1.3E-05  1.7E-04
etot    3  N  Y  2  U   -1784.17641406426 -4.7E-05  1.0E-05  5.3E-04
etot    4  N  Y  2  U   -1784.17645703732  4.3E-05  1.8E-06  5.3E-05
etot    5  N  N  2  U   -1784.17645765873  6.2E-07  0.0E+00  0.0E+00
scf (DFT) done.
der1a (1-e 1st deriv.) done.
rwr (1st deriv. Q) done.
der1b (2-e 1st deriv.) done.
  Geometry optimization step  36
  Total energy:     -1784.23729492948 hartrees
  energy change:           2.8216E-05 *  (  5.0000E-05 )
  gradient maximum:        5.6851E-04 .  (  4.5000E-04 )
  gradient rms:            1.0303E-04 *  (  3.0000E-04 )
  displacement maximum:    1.1196E-02 .  (  1.8000E-03 )
  displacement rms:        1.6777E-03 .  (  1.2000E-03 )
  
  predicted energy change: -7.6997E-06
  step size:     0.02658
  trust radius:  0.03750
---------------- geometry iteration  36 complete ----------------
geopt (optimize geometry) done.
onee (1-electron integrals) done.
probe (project orbitals) done.
grid (grid generation) done.
rwr (Q operators) done.
  
       i  u  d  i  g
       t  p  i  c  r                                 RMS    maximum
       e  d  i  u  i                       energy  density   DIIS  
       r  t  s  t  d       total energy    change  change    error 
  
etot    1  N  N  2  U   -1784.17579864930           5.8E-05  1.7E-03
etot    2  Y  Y  6  M   -1784.17639350529  5.9E-04  7.6E-06  9.0E-05
etot    3  N  Y  2  U   -1784.17638046238 -1.3E-05  6.2E-06  2.1E-04
etot    4  N  Y  2  U   -1784.17639105768  1.1E-05  1.9E-06  6.4E-05
etot    5  N  N  2  U   -1784.17639213769  1.1E-06  0.0E+00  0.0E+00
scf (DFT) done.
der1a (1-e 1st deriv.) done.
rwr (1st deriv. Q) done.
der1b (2-e 1st deriv.) done.
  Geometry optimization step  37
  Total energy:     -1784.23728909184 hartrees
  energy change:           5.8376E-06 *  (  5.0000E-05 )
  gradient maximum:        1.3582E-03 .  (  4.5000E-04 )
  gradient rms:            1.6337E-04 *  (  3.0000E-04 )
  displacement maximum:    5.9723E-03 .  (  1.8000E-03 )
  displacement rms:        9.8193E-04 *  (  1.2000E-03 )
  
  predicted energy change: -6.3403E-06
  step size:     0.01556
  trust radius:  0.01875
---------------- geometry iteration  37 complete ----------------
geopt (optimize geometry) done.
onee (1-electron integrals) done.
probe (project orbitals) done.
grid (grid generation) done.
rwr (Q operators) done.
  
       i  u  d  i  g
       t  p  i  c  r                                 RMS    maximum
       e  d  i  u  i                       energy  density   DIIS  
       r  t  s  t  d       total energy    change  change    error 
  
etot    1  N  N  2  U   -1784.17619548693           2.6E-05  6.3E-04
etot    2  N  Y  2  U   -1784.17636577354  1.7E-04  6.6E-06  9.1E-05
etot    3  N  Y  2  U   -1784.17635884609 -6.9E-06  5.1E-06  2.6E-04
etot    4  N  Y  2  U   -1784.17636713786  8.3E-06  1.3E-06  4.1E-05
etot    5  N  N  2  U   -1784.17636748948  3.5E-07  0.0E+00  0.0E+00
scf (DFT) done.
der1a (1-e 1st deriv.) done.
rwr (1st deriv. Q) done.
der1b (2-e 1st deriv.) done.
  Geometry optimization step  38
  Total energy:     -1784.23732963897 hartrees
  energy change:          -4.0547E-05 *  (  5.0000E-05 )
  gradient maximum:        8.1964E-04 .  (  4.5000E-04 )
  gradient rms:            1.0459E-04 *  (  3.0000E-04 )
  displacement maximum:    4.8165E-03 .  (  1.8000E-03 )
  displacement rms:        8.5651E-04 *  (  1.2000E-03 )
  
  predicted energy change: -3.7148E-06
  step size:     0.01357
  trust radius:  0.02652
---------------- geometry iteration  38 complete ----------------
geopt (optimize geometry) done.
onee (1-electron integrals) done.
probe (project orbitals) done.
grid (grid generation) done.
rwr (Q operators) done.
  
       i  u  d  i  g
       t  p  i  c  r                                 RMS    maximum
       e  d  i  u  i                       energy  density   DIIS  
       r  t  s  t  d       total energy    change  change    error 
  
etot    1  N  N  2  U   -1784.17628457884           3.2E-05  7.0E-04
etot    2  N  Y  2  U   -1784.17641403194  1.3E-04  7.8E-06  8.2E-05
etot    3  N  Y  2  U   -1784.17640122952 -1.3E-05  6.1E-06  2.5E-04
etot    4  N  Y  2  U   -1784.17641581358  1.5E-05  8.7E-07  2.7E-05
etot    5  N  N  2  U   -1784.17641603586  2.2E-07  0.0E+00  0.0E+00
scf (DFT) done.
der1a (1-e 1st deriv.) done.
rwr (1st deriv. Q) done.
der1b (2-e 1st deriv.) done.
  Geometry optimization step  39
  Total energy:     -1784.23731145271 hartrees
  energy change:           1.8186E-05 *  (  5.0000E-05 )
  gradient maximum:        6.9443E-04 .  (  4.5000E-04 )
  gradient rms:            9.0949E-05 *  (  3.0000E-04 )
  displacement maximum:    3.8117E-03 .  (  1.8000E-03 )
  displacement rms:        5.4987E-04 *  (  1.2000E-03 )
  
  predicted energy change: -2.3850E-06
  step size:     0.00871
  trust radius:  0.02652
---------------- geometry iteration  39 complete ----------------
geopt (optimize geometry) done.
onee (1-electron integrals) done.
probe (project orbitals) done.
grid (grid generation) done.
rwr (Q operators) done.
  
       i  u  d  i  g
       t  p  i  c  r                                 RMS    maximum
       e  d  i  u  i                       energy  density   DIIS  
       r  t  s  t  d       total energy    change  change    error 
  
etot    1  N  N  2  U   -1784.17634012646           1.8E-05  6.0E-04
etot    2  N  Y  2  U   -1784.17641516394  7.5E-05  4.0E-06  4.8E-05
etot    3  N  N  2  U   -1784.17641226828 -2.9E-06  0.0E+00  0.0E+00
scf (DFT) done.
der1a (1-e 1st deriv.) done.
rwr (1st deriv. Q) done.
der1b (2-e 1st deriv.) done.
  Geometry optimization step  40
  Total energy:     -1784.23730952220 hartrees
  energy change:           1.9305E-06 #  (  5.0000E-05 )
  gradient maximum:        3.8212E-04 *  (  4.5000E-04 )
  gradient rms:            7.2543E-05 *  (  3.0000E-04 )
  displacement maximum:    2.8376E-03 .  (  1.8000E-03 )
  displacement rms:        5.7282E-04 *  (  1.2000E-03 )
  
  predicted energy change: -1.7731E-06
  step size:     0.00908
  trust radius:  0.02652
------------- final geometry iteration  40 complete -------------
geopt (optimize geometry) done.
cutabab2 (abab integrals) done.
der2a (1-e JK-1st deriv.) done.
der2b (2-e JK-1st deriv.) done.
der2nda (1-e 2nd deriv.) done.
der2ndb (2-e 2nd deriv.) done.
rwr (Q operators) done.
cphfa (gradient of wave function) done.
freq (vib. frequencies) done.
Job J1_10482_2111 completed on hpc-21-24.cm.cluster at Wed May 29 10:51:37 2024
Timer (jaguar_backend.py) : 4687.52 secs (1 hrs, 18 mins, 07 secs)
Finished:   Wed May 29 10:51:37 2024
