Command:  /groups/wag/programs/Schrodinger_2020_3/jaguar run -WAIT -PARALLEL 8 /central/home/labounad/wittig-ch121/out/J1_10555_2111/J1_10555_2111.in
Release:  2020-3
Exec:     /groups/wag/programs/Schrodinger_2020_3/jaguar-v10.9/bin/Linux-x86_64
Host:     hpc-21-31.cm.cluster
JobId:    hpc-21-31-0-66572beb
JobDir:   /central/scratch/labounad/J1_10555_2111#hpc-21-31-0-66572beb
Date:     Wed May 29 06:21:49 2024

Contents of /central/scratch/labounad/J1_10555_2111#hpc-21-31-0-66572beb:
/central/scratch/labounad/J1_10555_2111#hpc-21-31-0-66572beb/.write_dir.json
/central/scratch/labounad/J1_10555_2111#hpc-21-31-0-66572beb/J1_10555_2111.in
/central/scratch/labounad/J1_10555_2111#hpc-21-31-0-66572beb/hpc-21-31-0-66572beb.mpinodes
/central/scratch/labounad/J1_10555_2111#hpc-21-31-0-66572beb/hpc-21-31-0-66572beb.recover
/central/scratch/labounad/J1_10555_2111#hpc-21-31-0-66572beb/J1_10555_2111.log
/central/scratch/labounad/J1_10555_2111#hpc-21-31-0-66572beb/hpc-21-31-0-66572beb
/central/scratch/labounad/J1_10555_2111#hpc-21-31-0-66572beb/hpc-21-31-0-66572beb.nodes
/central/scratch/labounad/J1_10555_2111#hpc-21-31-0-66572beb/J1_10555_2111.recover

Executing subprocess:
/groups/wag/programs/Schrodinger_2020_3/jaguar-v10.9/bin/Linux-x86_64/jexec J1_10555_2111.in -T 8 -out /central/scratch/labounad/J1_10555_2111#hpc-21-31-0-66572beb -cwd

Job J1_10555_2111 started on hpc-21-31.cm.cluster at Wed May 29 06:21:49 2024
jobid: hpc-21-31-0-66572beb 
Jaguar version 10.9, release 139
 Using up to   8 threads per process
Molecular Point Group: C1      
Point Group used: C1
pre (input checking) done.
onee (1-electron integrals) done.
hfig (HF initial guess) done.
probe (project orbitals) done.
grid (grid generation) done.
rwr (Q operators) done.
scf type: DFT=PBE(X+LC)+PW91 (PBE-D3)
  
       i  u  d  i  g
       t  p  i  c  r                                 RMS    maximum
       e  d  i  u  i                       energy  density   DIIS  
       r  t  s  t  d       total energy    change  change    error 
  
etot    1  N  N  5  M   -1989.74310302087           6.0E-03  2.5E-01
etot    2  Y  Y  6  M   -1989.61495225026 -1.3E-01  6.2E-03  1.1E-01
etot    3  N  Y  2  U   -1989.88254107577  2.7E-01  5.2E-03  7.3E-02
etot    4  Y  Y  6  M   -1986.28158842600 -3.6E+00  4.9E-03  1.1E-01
etot    5  N  Y  2  U   -1991.27821529613  5.0E+00  2.9E-03  4.5E-02
etot    6  Y  Y  6  M   -1993.39402211905  2.1E+00  1.4E-03  3.3E-02
etot    7  N  Y  2  U   -1993.48246075849  8.8E-02  9.8E-04  2.9E-02
etot    8  Y  Y  6  M   -1993.61894440382  1.4E-01  3.6E-04  1.4E-02
etot    9  N  Y  2  U   -1993.63701490715  1.8E-02  1.5E-04  3.8E-03
etot   10  Y  Y  6  M   -1993.64033508628  3.3E-03  7.5E-05  2.2E-03
etot   11  Y  Y  6  M   -1993.64116767828  8.3E-04  2.7E-05  1.2E-03
etot   12  N  Y  2  U   -1993.64139034121  2.2E-04  1.4E-05  3.8E-04
etot   13  N  Y  2  U   -1993.64143200439  4.2E-05  9.9E-06  2.5E-04
etot   14  N  Y  2  U   -1993.64144831364  1.6E-05  7.7E-06  1.5E-04
etot   15  N  Y  2  U   -1993.64145534726  7.0E-06  3.2E-06  8.5E-05
etot   16  N  N  2  U   -1993.64145688030  1.5E-06  0.0E+00  0.0E+00
scf (DFT) done.
der1a (1-e 1st deriv.) done.
rwr (1st deriv. Q) done.
der1b (2-e 1st deriv.) done.
  Geometry optimization step   1
  Total energy:     -1993.68971137062 hartrees
  gradient maximum:        5.7234E-02 .  (  4.5000E-04 )
  gradient rms:            9.1220E-03 .  (  3.0000E-04 )
  displacement maximum:    1.1591E-01 .  (  1.8000E-03 )
  displacement rms:        2.1445E-02 .  (  1.2000E-03 )
  
  predicted energy change: -2.4454E-02
  step size:     0.30023
  trust radius:  0.30000
---------------- geometry iteration   1 complete ----------------
geopt (optimize geometry) done.
onee (1-electron integrals) done.
probe (project orbitals) done.
grid (grid generation) done.
rwr (Q operators) done.
  
       i  u  d  i  g
       t  p  i  c  r                                 RMS    maximum
       e  d  i  u  i                       energy  density   DIIS  
       r  t  s  t  d       total energy    change  change    error 
  
etot    1  N  N  2  U   -1993.65279260935           3.7E-04  4.5E-03
etot    2  Y  Y  6  M   -1993.66337563630  1.1E-02  2.0E-04  2.7E-03
etot    3  N  Y  2  U   -1993.66033635302 -3.0E-03  1.4E-04  5.3E-03
etot    4  Y  Y  6  M   -1993.66459718612  4.3E-03  3.6E-05  1.6E-03
etot    5  N  Y  2  U   -1993.66496092435  3.6E-04  1.1E-05  2.9E-04
etot    6  N  Y  2  U   -1993.66497238190  1.1E-05  4.2E-06  1.1E-04
etot    7  N  N  2  U   -1993.66497554036  3.2E-06  0.0E+00  0.0E+00
scf (DFT) done.
der1a (1-e 1st deriv.) done.
rwr (1st deriv. Q) done.
der1b (2-e 1st deriv.) done.
  Geometry optimization step   2
  Total energy:     -1993.71270032435 hartrees
  energy change:          -2.2989E-02 .  (  5.0000E-05 )
  gradient maximum:        1.8351E-02 .  (  4.5000E-04 )
  gradient rms:            3.2939E-03 .  (  3.0000E-04 )
  displacement maximum:    1.2737E-01 .  (  1.8000E-03 )
  displacement rms:        2.1442E-02 .  (  1.2000E-03 )
  
  predicted energy change: -6.2026E-03
  step size:     0.30019
  trust radius:  0.30000
---------------- geometry iteration   2 complete ----------------
geopt (optimize geometry) done.
onee (1-electron integrals) done.
probe (project orbitals) done.
grid (grid generation) done.
rwr (Q operators) done.
  
       i  u  d  i  g
       t  p  i  c  r                                 RMS    maximum
       e  d  i  u  i                       energy  density   DIIS  
       r  t  s  t  d       total energy    change  change    error 
  
etot    1  N  N  2  U   -1993.64552235984           4.3E-04  1.4E-02
etot    2  Y  Y  6  M   -1993.67034599120  2.5E-02  1.8E-04  2.0E-03
etot    3  N  Y  2  U   -1993.66562757476 -4.7E-03  1.3E-04  6.0E-03
etot    4  Y  Y  6  M   -1993.67085042978  5.2E-03  2.3E-05  7.1E-04
etot    5  N  Y  2  U   -1993.67095481269  1.0E-04  8.3E-06  1.8E-04
etot    6  N  Y  2  U   -1993.67096688563  1.2E-05  2.6E-06  5.8E-05
etot    7  N  N  2  U   -1993.67096796549  1.1E-06  0.0E+00  0.0E+00
scf (DFT) done.
der1a (1-e 1st deriv.) done.
rwr (1st deriv. Q) done.
der1b (2-e 1st deriv.) done.
  Geometry optimization step   3
  Total energy:     -1993.71863694738 hartrees
  energy change:          -5.9366E-03 .  (  5.0000E-05 )
  gradient maximum:        1.0883E-02 .  (  4.5000E-04 )
  gradient rms:            1.5949E-03 .  (  3.0000E-04 )
  displacement maximum:    9.8682E-02 .  (  1.8000E-03 )
  displacement rms:        2.1477E-02 .  (  1.2000E-03 )
  
  predicted energy change: -2.0329E-03
  step size:     0.30067
  trust radius:  0.30000
---------------- geometry iteration   3 complete ----------------
geopt (optimize geometry) done.
onee (1-electron integrals) done.
probe (project orbitals) done.
grid (grid generation) done.
rwr (Q operators) done.
  
       i  u  d  i  g
       t  p  i  c  r                                 RMS    maximum
       e  d  i  u  i                       energy  density   DIIS  
       r  t  s  t  d       total energy    change  change    error 
  
etot    1  N  N  2  U   -1993.63825864517           9.4E-04  1.6E-02
etot    2  Y  Y  6  M   -1993.67294629044  3.5E-02  1.3E-04  1.7E-03
etot    3  N  Y  2  U   -1993.67116997862 -1.8E-03  1.0E-04  3.2E-03
etot    4  Y  Y  6  M   -1993.67309392247  1.9E-03  2.6E-05  8.2E-04
etot    5  N  Y  2  U   -1993.67324310484  1.5E-04  8.7E-06  2.2E-04
etot    6  N  Y  2  U   -1993.67325982380  1.7E-05  2.9E-06  7.9E-05
etot    7  N  N  2  U   -1993.67326065484  8.3E-07  0.0E+00  0.0E+00
scf (DFT) done.
der1a (1-e 1st deriv.) done.
rwr (1st deriv. Q) done.
der1b (2-e 1st deriv.) done.
  Geometry optimization step   4
  Total energy:     -1993.72054597097 hartrees
  energy change:          -1.9090E-03 .  (  5.0000E-05 )
  gradient maximum:        1.4102E-02 .  (  4.5000E-04 )
  gradient rms:            2.1965E-03 .  (  3.0000E-04 )
  displacement maximum:    1.2128E-01 .  (  1.8000E-03 )
  displacement rms:        2.1427E-02 .  (  1.2000E-03 )
  
  predicted energy change: -2.0768E-03
  step size:     0.29998
  trust radius:  0.30000
---------------- geometry iteration   4 complete ----------------
geopt (optimize geometry) done.
onee (1-electron integrals) done.
probe (project orbitals) done.
grid (grid generation) done.
rwr (Q operators) done.
  
       i  u  d  i  g
       t  p  i  c  r                                 RMS    maximum
       e  d  i  u  i                       energy  density   DIIS  
       r  t  s  t  d       total energy    change  change    error 
  
etot    1  N  N  2  U   -1993.63873702507           4.8E-04  1.0E-02
etot    2  Y  Y  6  M   -1993.67403845473  3.5E-02  1.2E-04  1.5E-03
etot    3  N  Y  2  U   -1993.67253522465 -1.5E-03  9.7E-05  2.9E-03
etot    4  Y  Y  6  M   -1993.67416059917  1.6E-03  2.6E-05  8.9E-04
etot    5  N  Y  2  U   -1993.67430218441  1.4E-04  9.3E-06  3.3E-04
etot    6  N  Y  2  U   -1993.67432085937  1.9E-05  3.0E-06  7.7E-05
etot    7  N  N  2  U   -1993.67432186740  1.0E-06  0.0E+00  0.0E+00
scf (DFT) done.
der1a (1-e 1st deriv.) done.
rwr (1st deriv. Q) done.
der1b (2-e 1st deriv.) done.
  Geometry optimization step   5
  Total energy:     -1993.72141804761 hartrees
  energy change:          -8.7208E-04 .  (  5.0000E-05 )
  gradient maximum:        1.2560E-02 .  (  4.5000E-04 )
  gradient rms:            1.9271E-03 .  (  3.0000E-04 )
  displacement maximum:    1.5101E-01 .  (  1.8000E-03 )
  displacement rms:        2.1428E-02 .  (  1.2000E-03 )
  
  predicted energy change: -1.7300E-03
  step size:     0.30000
  trust radius:  0.30000
---------------- geometry iteration   5 complete ----------------
geopt (optimize geometry) done.
onee (1-electron integrals) done.
probe (project orbitals) done.
grid (grid generation) done.
rwr (Q operators) done.
  
       i  u  d  i  g
       t  p  i  c  r                                 RMS    maximum
       e  d  i  u  i                       energy  density   DIIS  
       r  t  s  t  d       total energy    change  change    error 
  
etot    1  N  N  2  U   -1993.62480486033           5.5E-04  1.2E-02
etot    2  Y  Y  6  M   -1993.67535865573  5.1E-02  1.2E-04  1.9E-03
etot    3  N  Y  2  U   -1993.67363743456 -1.7E-03  1.0E-04  3.3E-03
etot    4  Y  Y  6  M   -1993.67534302922  1.7E-03  3.2E-05  1.5E-03
etot    5  N  Y  2  U   -1993.67558068823  2.4E-04  9.3E-06  4.0E-04
etot    6  N  Y  2  U   -1993.67560313339  2.2E-05  3.3E-06  9.3E-05
etot    7  N  N  2  U   -1993.67560412112  9.9E-07  0.0E+00  0.0E+00
scf (DFT) done.
der1a (1-e 1st deriv.) done.
rwr (1st deriv. Q) done.
der1b (2-e 1st deriv.) done.
  Geometry optimization step   6
  Total energy:     -1993.72298017189 hartrees
  energy change:          -1.5621E-03 .  (  5.0000E-05 )
  gradient maximum:        1.1285E-02 .  (  4.5000E-04 )
  gradient rms:            1.4918E-03 .  (  3.0000E-04 )
  displacement maximum:    1.5063E-01 .  (  1.8000E-03 )
  displacement rms:        2.1431E-02 .  (  1.2000E-03 )
  
  predicted energy change: -9.4471E-04
  step size:     0.30004
  trust radius:  0.30000
---------------- geometry iteration   6 complete ----------------
geopt (optimize geometry) done.
onee (1-electron integrals) done.
probe (project orbitals) done.
grid (grid generation) done.
rwr (Q operators) done.
  
       i  u  d  i  g
       t  p  i  c  r                                 RMS    maximum
       e  d  i  u  i                       energy  density   DIIS  
       r  t  s  t  d       total energy    change  change    error 
  
etot    1  N  N  2  U   -1993.62864580639           5.3E-04  1.1E-02
etot    2  Y  Y  6  M   -1993.67582830918  4.7E-02  9.8E-05  2.1E-03
etot    3  N  Y  2  U   -1993.67494262983 -8.9E-04  8.6E-05  2.6E-03
etot    4  Y  Y  6  M   -1993.67591755459  9.7E-04  3.3E-05  1.3E-03
etot    5  N  Y  2  U   -1993.67621124129  2.9E-04  9.3E-06  3.8E-04
etot    6  N  Y  2  U   -1993.67623296317  2.2E-05  3.1E-06  6.9E-05
etot    7  N  N  2  U   -1993.67623389968  9.4E-07  0.0E+00  0.0E+00
scf (DFT) done.
der1a (1-e 1st deriv.) done.
rwr (1st deriv. Q) done.
der1b (2-e 1st deriv.) done.
  Geometry optimization step   7
  Total energy:     -1993.72365789361 hartrees
  energy change:          -6.7772E-04 .  (  5.0000E-05 )
  gradient maximum:        9.4851E-03 .  (  4.5000E-04 )
  gradient rms:            1.4363E-03 .  (  3.0000E-04 )
  displacement maximum:    1.0885E-01 .  (  1.8000E-03 )
  displacement rms:        1.4992E-02 .  (  1.2000E-03 )
  
  predicted energy change: -5.5964E-04
  step size:     0.20989
  trust radius:  0.30000
---------------- geometry iteration   7 complete ----------------
geopt (optimize geometry) done.
onee (1-electron integrals) done.
probe (project orbitals) done.
grid (grid generation) done.
rwr (Q operators) done.
  
       i  u  d  i  g
       t  p  i  c  r                                 RMS    maximum
       e  d  i  u  i                       energy  density   DIIS  
       r  t  s  t  d       total energy    change  change    error 
  
etot    1  N  N  2  U   -1993.65442623512           3.6E-04  1.1E-02
etot    2  Y  Y  6  M   -1993.67659109119  2.2E-02  6.0E-05  1.2E-03
etot    3  N  Y  2  U   -1993.67629380025 -3.0E-04  4.9E-05  1.5E-03
etot    4  N  Y  2  U   -1993.67666413197  3.7E-04  1.6E-05  6.2E-04
etot    5  N  Y  2  U   -1993.67672915354  6.5E-05  4.2E-06  2.1E-04
etot    6  N  N  2  U   -1993.67673347236  4.3E-06  0.0E+00  0.0E+00
scf (DFT) done.
der1a (1-e 1st deriv.) done.
rwr (1st deriv. Q) done.
der1b (2-e 1st deriv.) done.
  Geometry optimization step   8
  Total energy:     -1993.72414235755 hartrees
  energy change:          -4.8446E-04 .  (  5.0000E-05 )
  gradient maximum:        8.0297E-03 .  (  4.5000E-04 )
  gradient rms:            1.1601E-03 .  (  3.0000E-04 )
  displacement maximum:    7.2862E-02 .  (  1.8000E-03 )
  displacement rms:        1.1961E-02 .  (  1.2000E-03 )
  
  predicted energy change: -3.1272E-04
  step size:     0.16745
  trust radius:  0.30000
---------------- geometry iteration   8 complete ----------------
geopt (optimize geometry) done.
onee (1-electron integrals) done.
probe (project orbitals) done.
grid (grid generation) done.
rwr (Q operators) done.
  
       i  u  d  i  g
       t  p  i  c  r                                 RMS    maximum
       e  d  i  u  i                       energy  density   DIIS  
       r  t  s  t  d       total energy    change  change    error 
  
etot    1  N  N  2  U   -1993.66418953845           2.7E-04  7.8E-03
etot    2  Y  Y  6  M   -1993.67693699941  1.3E-02  4.0E-05  7.7E-04
etot    3  N  Y  2  U   -1993.67682402561 -1.1E-04  3.3E-05  1.2E-03
etot    4  N  Y  2  U   -1993.67698940455  1.7E-04  1.1E-05  6.5E-04
etot    5  N  Y  2  U   -1993.67702140477  3.2E-05  3.8E-06  1.5E-04
etot    6  N  N  2  U   -1993.67702495957  3.6E-06  0.0E+00  0.0E+00
scf (DFT) done.
der1a (1-e 1st deriv.) done.
rwr (1st deriv. Q) done.
der1b (2-e 1st deriv.) done.
  Geometry optimization step   9
  Total energy:     -1993.72447356190 hartrees
  energy change:          -3.3120E-04 .  (  5.0000E-05 )
  gradient maximum:        3.2794E-03 .  (  4.5000E-04 )
  gradient rms:            5.6704E-04 .  (  3.0000E-04 )
  displacement maximum:    5.2863E-02 .  (  1.8000E-03 )
  displacement rms:        1.0396E-02 .  (  1.2000E-03 )
  
  predicted energy change: -1.8058E-04
  step size:     0.14554
  trust radius:  0.30000
---------------- geometry iteration   9 complete ----------------
geopt (optimize geometry) done.
onee (1-electron integrals) done.
probe (project orbitals) done.
grid (grid generation) done.
rwr (Q operators) done.
  
       i  u  d  i  g
       t  p  i  c  r                                 RMS    maximum
       e  d  i  u  i                       energy  density   DIIS  
       r  t  s  t  d       total energy    change  change    error 
  
etot    1  N  N  2  U   -1993.66844857621           2.3E-04  4.9E-03
etot    2  Y  Y  6  M   -1993.67722371089  8.8E-03  4.3E-05  7.3E-04
etot    3  N  Y  2  U   -1993.67706563890 -1.6E-04  3.8E-05  7.6E-04
etot    4  N  Y  2  U   -1993.67723320439  1.7E-04  1.3E-05  4.5E-04
etot    5  N  Y  2  U   -1993.67726577957  3.3E-05  3.6E-06  1.7E-04
etot    6  N  N  2  U   -1993.67726809177  2.3E-06  0.0E+00  0.0E+00
scf (DFT) done.
der1a (1-e 1st deriv.) done.
rwr (1st deriv. Q) done.
der1b (2-e 1st deriv.) done.
  Geometry optimization step  10
  Total energy:     -1993.72464600114 hartrees
  energy change:          -1.7244E-04 .  (  5.0000E-05 )
  gradient maximum:        1.8361E-03 .  (  4.5000E-04 )
  gradient rms:            4.0382E-04 .  (  3.0000E-04 )
  displacement maximum:    2.1278E-02 .  (  1.8000E-03 )
  displacement rms:        3.4666E-03 .  (  1.2000E-03 )
  
  predicted energy change: -5.4967E-05
  step size:     0.04853
  trust radius:  0.30000
---------------- geometry iteration  10 complete ----------------
geopt (optimize geometry) done.
onee (1-electron integrals) done.
probe (project orbitals) done.
grid (grid generation) done.
rwr (Q operators) done.
  
       i  u  d  i  g
       t  p  i  c  r                                 RMS    maximum
       e  d  i  u  i                       energy  density   DIIS  
       r  t  s  t  d       total energy    change  change    error 
  
etot    1  N  N  2  U   -1993.67642704426           7.2E-05  1.9E-03
etot    2  Y  Y  6  M   -1993.67724963372  8.2E-04  1.5E-05  1.3E-04
etot    3  N  Y  2  U   -1993.67723009229 -2.0E-05  1.2E-05  3.5E-04
etot    4  N  Y  2  U   -1993.67725844704  2.8E-05  3.3E-06  1.1E-04
etot    5  N  N  2  U   -1993.67726021484  1.8E-06  0.0E+00  0.0E+00
scf (DFT) done.
der1a (1-e 1st deriv.) done.
rwr (1st deriv. Q) done.
der1b (2-e 1st deriv.) done.
  Geometry optimization step  11
  Total energy:     -1993.72472551732 hartrees
  energy change:          -7.9516E-05 .  (  5.0000E-05 )
  gradient maximum:        1.2976E-03 .  (  4.5000E-04 )
  gradient rms:            2.4629E-04 *  (  3.0000E-04 )
  displacement maximum:    2.6958E-02 .  (  1.8000E-03 )
  displacement rms:        4.2036E-03 .  (  1.2000E-03 )
  
  predicted energy change: -3.8558E-05
  step size:     0.05885
  trust radius:  0.30000
---------------- geometry iteration  11 complete ----------------
geopt (optimize geometry) done.
onee (1-electron integrals) done.
probe (project orbitals) done.
grid (grid generation) done.
rwr (Q operators) done.
  
       i  u  d  i  g
       t  p  i  c  r                                 RMS    maximum
       e  d  i  u  i                       energy  density   DIIS  
       r  t  s  t  d       total energy    change  change    error 
  
etot    1  N  N  2  U   -1993.67569091946           9.9E-05  2.4E-03
etot    2  Y  Y  6  M   -1993.67728183932  1.6E-03  1.6E-05  3.0E-04
etot    3  N  Y  2  U   -1993.67725996716 -2.2E-05  1.5E-05  4.8E-04
etot    4  N  Y  2  U   -1993.67729183218  3.2E-05  4.6E-06  2.3E-04
etot    5  N  N  2  U   -1993.67729782611  6.0E-06  0.0E+00  0.0E+00
scf (DFT) done.
der1a (1-e 1st deriv.) done.
rwr (1st deriv. Q) done.
der1b (2-e 1st deriv.) done.
  Geometry optimization step  12
  Total energy:     -1993.72478810187 hartrees
  energy change:          -6.2585E-05 .  (  5.0000E-05 )
  gradient maximum:        1.1790E-03 .  (  4.5000E-04 )
  gradient rms:            1.9964E-04 *  (  3.0000E-04 )
  displacement maximum:    3.2078E-02 .  (  1.8000E-03 )
  displacement rms:        3.8621E-03 .  (  1.2000E-03 )
  
  predicted energy change: -2.1438E-05
  step size:     0.05407
  trust radius:  0.30000
---------------- geometry iteration  12 complete ----------------
geopt (optimize geometry) done.
onee (1-electron integrals) done.
probe (project orbitals) done.
grid (grid generation) done.
rwr (Q operators) done.
  
       i  u  d  i  g
       t  p  i  c  r                                 RMS    maximum
       e  d  i  u  i                       energy  density   DIIS  
       r  t  s  t  d       total energy    change  change    error 
  
etot    1  N  N  2  U   -1993.67586646874           9.7E-05  1.7E-03
etot    2  Y  Y  6  M   -1993.67730814928  1.4E-03  1.6E-05  3.5E-04
etot    3  N  Y  2  U   -1993.67728929667 -1.9E-05  1.3E-05  4.4E-04
etot    4  N  Y  2  U   -1993.67731226457  2.3E-05  4.7E-06  2.8E-04
etot    5  N  N  2  U   -1993.67731903943  6.8E-06  0.0E+00  0.0E+00
scf (DFT) done.
der1a (1-e 1st deriv.) done.
rwr (1st deriv. Q) done.
der1b (2-e 1st deriv.) done.
  Geometry optimization step  13
  Total energy:     -1993.72484397966 hartrees
  energy change:          -5.5878E-05 .  (  5.0000E-05 )
  gradient maximum:        1.1863E-03 .  (  4.5000E-04 )
  gradient rms:            1.7722E-04 *  (  3.0000E-04 )
  displacement maximum:    9.1012E-02 .  (  1.8000E-03 )
  displacement rms:        1.2823E-02 .  (  1.2000E-03 )
  
  predicted energy change: -6.7560E-05
  step size:     0.17952
  trust radius:  0.30000
---------------- geometry iteration  13 complete ----------------
geopt (optimize geometry) done.
onee (1-electron integrals) done.
probe (project orbitals) done.
grid (grid generation) done.
rwr (Q operators) done.
  
       i  u  d  i  g
       t  p  i  c  r                                 RMS    maximum
       e  d  i  u  i                       energy  density   DIIS  
       r  t  s  t  d       total energy    change  change    error 
  
etot    1  N  N  2  U   -1993.66031951247           3.3E-04  5.4E-03
etot    2  Y  Y  6  M   -1993.67734184510  1.7E-02  5.8E-05  1.0E-03
etot    3  N  Y  2  U   -1993.67708150968 -2.6E-04  5.0E-05  1.2E-03
etot    4  Y  Y  6  M   -1993.67738484664  3.0E-04  1.6E-05  6.1E-04
etot    5  N  Y  2  U   -1993.67746906351  8.4E-05  4.3E-06  1.4E-04
etot    6  N  N  2  U   -1993.67747307143  4.0E-06  0.0E+00  0.0E+00
scf (DFT) done.
der1a (1-e 1st deriv.) done.
rwr (1st deriv. Q) done.
der1b (2-e 1st deriv.) done.
  Geometry optimization step  14
  Total energy:     -1993.72508810152 hartrees
  energy change:          -2.4412E-04 .  (  5.0000E-05 )
  gradient maximum:        1.8540E-03 .  (  4.5000E-04 )
  gradient rms:            3.6563E-04 .  (  3.0000E-04 )
  displacement maximum:    1.4525E-01 .  (  1.8000E-03 )
  displacement rms:        2.1476E-02 .  (  1.2000E-03 )
  
  predicted energy change: -2.3404E-04
  step size:     0.30066
  trust radius:  0.30000
---------------- geometry iteration  14 complete ----------------
geopt (optimize geometry) done.
onee (1-electron integrals) done.
probe (project orbitals) done.
grid (grid generation) done.
rwr (Q operators) done.
  
       i  u  d  i  g
       t  p  i  c  r                                 RMS    maximum
       e  d  i  u  i                       energy  density   DIIS  
       r  t  s  t  d       total energy    change  change    error 
  
etot    1  N  N  2  U   -1993.62808296337           5.6E-04  1.0E-02
etot    2  Y  Y  6  M   -1993.67705091519  4.9E-02  1.1E-04  1.6E-03
etot    3  N  Y  2  U   -1993.67599601934 -1.1E-03  9.2E-05  2.2E-03
etot    4  Y  Y  6  M   -1993.67729865295  1.3E-03  2.6E-05  9.1E-04
etot    5  N  Y  2  U   -1993.67743335844  1.3E-04  8.3E-06  3.4E-04
etot    6  N  Y  2  U   -1993.67744837388  1.5E-05  3.4E-06  1.0E-04
etot    7  N  N  2  U   -1993.67744935357  9.8E-07  0.0E+00  0.0E+00
scf (DFT) done.
der1a (1-e 1st deriv.) done.
rwr (1st deriv. Q) done.
der1b (2-e 1st deriv.) done.
  Geometry optimization step  15
  Total energy:     -1993.72532135199 hartrees
  energy change:          -2.3325E-04 .  (  5.0000E-05 )
  gradient maximum:        6.1564E-03 .  (  4.5000E-04 )
  gradient rms:            1.0768E-03 .  (  3.0000E-04 )
  displacement maximum:    5.8072E-02 .  (  1.8000E-03 )
  displacement rms:        1.0842E-02 .  (  1.2000E-03 )
  
  predicted energy change: -1.8144E-04
  step size:     0.15178
  trust radius:  0.30000
---------------- geometry iteration  15 complete ----------------
geopt (optimize geometry) done.
onee (1-electron integrals) done.
probe (project orbitals) done.
grid (grid generation) done.
rwr (Q operators) done.
  
       i  u  d  i  g
       t  p  i  c  r                                 RMS    maximum
       e  d  i  u  i                       energy  density   DIIS  
       r  t  s  t  d       total energy    change  change    error 
  
etot    1  N  N  2  U   -1993.66547000062           2.8E-04  5.6E-03
etot    2  Y  Y  6  M   -1993.67741257367  1.2E-02  6.4E-05  5.8E-04
etot    3  N  Y  2  U   -1993.67706321894 -3.5E-04  4.9E-05  1.2E-03
etot    4  N  Y  2  U   -1993.67745803611  3.9E-04  1.3E-05  4.4E-04
etot    5  N  Y  2  U   -1993.67748443540  2.6E-05  4.5E-06  1.6E-04
etot    6  N  N  2  U   -1993.67748889012  4.5E-06  0.0E+00  0.0E+00
scf (DFT) done.
der1a (1-e 1st deriv.) done.
rwr (1st deriv. Q) done.
der1b (2-e 1st deriv.) done.
  Geometry optimization step  16
  Total energy:     -1993.72553995319 hartrees
  energy change:          -2.1860E-04 .  (  5.0000E-05 )
  gradient maximum:        7.2186E-03 .  (  4.5000E-04 )
  gradient rms:            1.4098E-03 .  (  3.0000E-04 )
  displacement maximum:    3.4275E-02 .  (  1.8000E-03 )
  displacement rms:        4.6999E-03 .  (  1.2000E-03 )
  
  predicted energy change: -8.0110E-05
  step size:     0.06580
  trust radius:  0.30000
---------------- geometry iteration  16 complete ----------------
geopt (optimize geometry) done.
onee (1-electron integrals) done.
probe (project orbitals) done.
grid (grid generation) done.
rwr (Q operators) done.
  
       i  u  d  i  g
       t  p  i  c  r                                 RMS    maximum
       e  d  i  u  i                       energy  density   DIIS  
       r  t  s  t  d       total energy    change  change    error 
  
etot    1  N  N  2  U   -1993.67529531975           1.2E-04  2.1E-03
etot    2  Y  Y  6  M   -1993.67748789406  2.2E-03  2.5E-05  3.2E-04
etot    3  N  Y  2  U   -1993.67743703509 -5.1E-05  2.0E-05  6.6E-04
etot    4  N  Y  2  U   -1993.67750820502  7.1E-05  5.0E-06  1.6E-04
etot    5  N  N  2  U   -1993.67751297960  4.8E-06  0.0E+00  0.0E+00
scf (DFT) done.
der1a (1-e 1st deriv.) done.
rwr (1st deriv. Q) done.
der1b (2-e 1st deriv.) done.
  Geometry optimization step  17
  Total energy:     -1993.72563910696 hartrees
  energy change:          -9.9154E-05 .  (  5.0000E-05 )
  gradient maximum:        7.8292E-03 .  (  4.5000E-04 )
  gradient rms:            1.4765E-03 .  (  3.0000E-04 )
  displacement maximum:    9.6437E-02 .  (  1.8000E-03 )
  displacement rms:        2.1437E-02 .  (  1.2000E-03 )
  
  predicted energy change: -1.0840E-03
  step size:     0.30012
  trust radius:  0.30000
---------------- geometry iteration  17 complete ----------------
geopt (optimize geometry) done.
onee (1-electron integrals) done.
probe (project orbitals) done.
grid (grid generation) done.
rwr (Q operators) done.
  
       i  u  d  i  g
       t  p  i  c  r                                 RMS    maximum
       e  d  i  u  i                       energy  density   DIIS  
       r  t  s  t  d       total energy    change  change    error 
  
etot    1  N  N  2  U   -1993.64868573690           4.5E-04  8.8E-03
etot    2  Y  Y  6  M   -1993.67601907434  2.7E-02  1.4E-04  1.1E-03
etot    3  N  Y  2  U   -1993.67339833973 -2.6E-03  1.1E-04  3.3E-03
etot    4  Y  Y  6  M   -1993.67626088785  2.9E-03  1.9E-05  8.2E-04
etot    5  N  Y  2  U   -1993.67629717240  3.6E-05  8.7E-06  4.1E-04
etot    6  N  Y  2  U   -1993.67631181263  1.5E-05  3.3E-06  9.8E-05
etot    7  N  N  2  U   -1993.67631333252  1.5E-06  0.0E+00  0.0E+00
scf (DFT) done.
der1a (1-e 1st deriv.) done.
rwr (1st deriv. Q) done.
der1b (2-e 1st deriv.) done.
  Geometry optimization step  18
  Total energy:     -1993.72433702411 hartrees
  ** restarting optimization from step   17 **
  energy change:           1.3021E-03 .  (  5.0000E-05 )
  gradient maximum:        7.8292E-03 .  (  4.5000E-04 )
  gradient rms:            1.4765E-03 .  (  3.0000E-04 )
  displacement maximum:    1.6766E-01 .  (  1.8000E-03 )
  displacement rms:        2.1441E-02 .  (  1.2000E-03 )
  
  predicted energy change: -9.8159E-04
  step size:     0.30018
  trust radius:  0.30000
---------------- geometry iteration  18 complete ----------------
geopt (optimize geometry) done.
onee (1-electron integrals) done.
probe (project orbitals) done.
grid (grid generation) done.
rwr (Q operators) done.
  
       i  u  d  i  g
       t  p  i  c  r                                 RMS    maximum
       e  d  i  u  i                       energy  density   DIIS  
       r  t  s  t  d       total energy    change  change    error 
  
etot    1  N  N  2  U   -1993.59001583101           7.1E-04  1.3E-02
etot    2  Y  Y  6  M   -1993.67704150361  8.7E-02  1.2E-04  2.2E-03
etot    3  N  Y  2  U   -1993.67608745975 -9.5E-04  9.1E-05  3.4E-03
etot    4  Y  Y  6  M   -1993.67748878027  1.4E-03  3.3E-05  1.2E-03
etot    5  N  Y  2  U   -1993.67773764337  2.5E-04  1.1E-05  5.2E-04
etot    6  N  Y  2  U   -1993.67777333677  3.6E-05  3.9E-06  7.1E-05
etot    7  N  N  2  U   -1993.67777418701  8.5E-07  0.0E+00  0.0E+00
scf (DFT) done.
der1a (1-e 1st deriv.) done.
rwr (1st deriv. Q) done.
der1b (2-e 1st deriv.) done.
  Geometry optimization step  19
  Total energy:     -1993.72654657644 hartrees
  energy change:          -9.0747E-04 .  (  5.0000E-05 )
  gradient maximum:        1.1949E-02 .  (  4.5000E-04 )
  gradient rms:            1.5779E-03 .  (  3.0000E-04 )
  displacement maximum:    1.3139E-01 .  (  1.8000E-03 )
  displacement rms:        1.8988E-02 .  (  1.2000E-03 )
  
  predicted energy change: -6.7530E-04
  step size:     0.26583
  trust radius:  0.30000
---------------- geometry iteration  19 complete ----------------
geopt (optimize geometry) done.
onee (1-electron integrals) done.
probe (project orbitals) done.
grid (grid generation) done.
rwr (Q operators) done.
  
       i  u  d  i  g
       t  p  i  c  r                                 RMS    maximum
       e  d  i  u  i                       energy  density   DIIS  
       r  t  s  t  d       total energy    change  change    error 
  
etot    1  N  N  2  U   -1993.64942053818           4.2E-04  1.1E-02
etot    2  Y  Y  6  M   -1993.67812563407  2.9E-02  9.6E-05  9.4E-04
etot    3  N  Y  2  U   -1993.67723853588 -8.9E-04  7.3E-05  2.1E-03
etot    4  Y  Y  6  M   -1993.67821170837  9.7E-04  1.7E-05  4.9E-04
etot    5  N  Y  2  U   -1993.67825294999  4.1E-05  6.5E-06  2.1E-04
etot    6  N  Y  2  U   -1993.67826261928  9.7E-06  2.5E-06  6.6E-05
etot    7  N  N  2  U   -1993.67826323377  6.1E-07  0.0E+00  0.0E+00
scf (DFT) done.
der1a (1-e 1st deriv.) done.
rwr (1st deriv. Q) done.
der1b (2-e 1st deriv.) done.
  Geometry optimization step  20
  Total energy:     -1993.72703063853 hartrees
  energy change:          -4.8406E-04 .  (  5.0000E-05 )
  gradient maximum:        7.2782E-03 .  (  4.5000E-04 )
  gradient rms:            1.4375E-03 .  (  3.0000E-04 )
  displacement maximum:    1.5559E-01 .  (  1.8000E-03 )
  displacement rms:        2.1453E-02 .  (  1.2000E-03 )
  
  predicted energy change: -1.0885E-03
  step size:     0.30034
  trust radius:  0.30000
---------------- geometry iteration  20 complete ----------------
geopt (optimize geometry) done.
onee (1-electron integrals) done.
probe (project orbitals) done.
grid (grid generation) done.
rwr (Q operators) done.
  
       i  u  d  i  g
       t  p  i  c  r                                 RMS    maximum
       e  d  i  u  i                       energy  density   DIIS  
       r  t  s  t  d       total energy    change  change    error 
  
etot    1  N  N  2  U   -1993.63747356727           5.3E-04  1.9E-02
etot    2  Y  Y  6  M   -1993.67843662657  4.1E-02  1.2E-04  1.2E-03
etot    3  N  Y  2  U   -1993.67702349565 -1.4E-03  9.1E-05  2.5E-03
etot    4  Y  Y  6  M   -1993.67865519381  1.6E-03  2.3E-05  8.3E-04
etot    5  N  Y  2  U   -1993.67877981811  1.2E-04  9.5E-06  3.2E-04
etot    6  N  Y  2  U   -1993.67880197289  2.2E-05  3.2E-06  4.9E-05
etot    7  N  N  2  U   -1993.67880275441  7.8E-07  0.0E+00  0.0E+00
scf (DFT) done.
der1a (1-e 1st deriv.) done.
rwr (1st deriv. Q) done.
der1b (2-e 1st deriv.) done.
  Geometry optimization step  21
  Total energy:     -1993.72751892665 hartrees
  energy change:          -4.8829E-04 .  (  5.0000E-05 )
  gradient maximum:        6.8554E-03 .  (  4.5000E-04 )
  gradient rms:            1.2635E-03 .  (  3.0000E-04 )
  displacement maximum:    1.5175E-01 .  (  1.8000E-03 )
  displacement rms:        2.1447E-02 .  (  1.2000E-03 )
  
  predicted energy change: -1.2729E-03
  step size:     0.30026
  trust radius:  0.30000
---------------- geometry iteration  21 complete ----------------
geopt (optimize geometry) done.
onee (1-electron integrals) done.
probe (project orbitals) done.
grid (grid generation) done.
rwr (Q operators) done.
  
       i  u  d  i  g
       t  p  i  c  r                                 RMS    maximum
       e  d  i  u  i                       energy  density   DIIS  
       r  t  s  t  d       total energy    change  change    error 
  
etot    1  N  N  2  U   -1993.63595154660           9.8E-04  1.4E-02
etot    2  Y  Y  6  M   -1993.67985211195  4.4E-02  7.4E-05  1.1E-03
etot    3  N  Y  2  U   -1993.67951173005 -3.4E-04  5.9E-05  1.6E-03
etot    4  Y  Y  6  M   -1993.67981137235  3.0E-04  2.2E-05  8.3E-04
etot    5  N  Y  2  U   -1993.67995303512  1.4E-04  5.7E-06  1.3E-04
etot    6  N  Y  2  U   -1993.67995873818  5.7E-06  3.1E-06  7.0E-05
etot    7  N  N  2  U   -1993.67995931797  5.8E-07  0.0E+00  0.0E+00
scf (DFT) done.
der1a (1-e 1st deriv.) done.
rwr (1st deriv. Q) done.
der1b (2-e 1st deriv.) done.
  Geometry optimization step  22
  Total energy:     -1993.72907141021 hartrees
  energy change:          -1.5525E-03 .  (  5.0000E-05 )
  gradient maximum:        4.4040E-03 .  (  4.5000E-04 )
  gradient rms:            9.3400E-04 .  (  3.0000E-04 )
  displacement maximum:    1.7728E-01 .  (  1.8000E-03 )
  displacement rms:        2.1420E-02 .  (  1.2000E-03 )
  
  predicted energy change: -1.4763E-03
  step size:     0.29988
  trust radius:  0.30000
---------------- geometry iteration  22 complete ----------------
geopt (optimize geometry) done.
onee (1-electron integrals) done.
probe (project orbitals) done.
grid (grid generation) done.
rwr (Q operators) done.
  
       i  u  d  i  g
       t  p  i  c  r                                 RMS    maximum
       e  d  i  u  i                       energy  density   DIIS  
       r  t  s  t  d       total energy    change  change    error 
  
etot    1  N  N  2  U   -1993.63025173096           5.2E-04  1.4E-02
etot    2  Y  Y  6  M   -1993.67843823190  4.8E-02  1.1E-04  1.4E-03
etot    3  N  Y  2  U   -1993.67746225133 -9.8E-04  8.3E-05  1.7E-03
etot    4  Y  Y  6  M   -1993.67862604490  1.2E-03  2.1E-05  5.1E-04
etot    5  N  Y  2  U   -1993.67872098954  9.5E-05  8.7E-06  2.9E-04
etot    6  N  Y  2  U   -1993.67873632516  1.5E-05  3.1E-06  6.9E-05
etot    7  N  N  2  U   -1993.67873710038  7.8E-07  0.0E+00  0.0E+00
scf (DFT) done.
der1a (1-e 1st deriv.) done.
rwr (1st deriv. Q) done.
der1b (2-e 1st deriv.) done.
  Geometry optimization step  23
  Total energy:     -1993.72798596828 hartrees
  ** restarting optimization from step   22 **
  energy change:           1.0854E-03 .  (  5.0000E-05 )
  gradient maximum:        4.4040E-03 .  (  4.5000E-04 )
  gradient rms:            9.3400E-04 .  (  3.0000E-04 )
  displacement maximum:    1.2642E-01 .  (  1.8000E-03 )
  displacement rms:        2.1450E-02 .  (  1.2000E-03 )
  
  predicted energy change: -1.1739E-03
  step size:     0.30030
  trust radius:  0.30000
---------------- geometry iteration  23 complete ----------------
geopt (optimize geometry) done.
onee (1-electron integrals) done.
probe (project orbitals) done.
grid (grid generation) done.
rwr (Q operators) done.
  
       i  u  d  i  g
       t  p  i  c  r                                 RMS    maximum
       e  d  i  u  i                       energy  density   DIIS  
       r  t  s  t  d       total energy    change  change    error 
  
etot    1  N  N  2  U   -1993.64254696272           4.9E-04  1.4E-02
etot    2  Y  Y  6  M   -1993.68031711599  3.8E-02  1.3E-04  9.3E-04
etot    3  N  Y  2  U   -1993.67859074196 -1.7E-03  9.4E-05  2.3E-03
etot    4  Y  Y  6  M   -1993.68039652301  1.8E-03  2.0E-05  4.0E-04
etot    5  N  Y  2  U   -1993.68042796933  3.1E-05  8.1E-06  2.4E-04
etot    6  N  Y  2  U   -1993.68044342602  1.5E-05  3.1E-06  6.7E-05
etot    7  N  N  2  U   -1993.68044392379  5.0E-07  0.0E+00  0.0E+00
scf (DFT) done.
der1a (1-e 1st deriv.) done.
rwr (1st deriv. Q) done.
der1b (2-e 1st deriv.) done.
  Geometry optimization step  24
  Total energy:     -1993.72962509232 hartrees
  energy change:          -5.5368E-04 .  (  5.0000E-05 )
  gradient maximum:        5.1127E-03 .  (  4.5000E-04 )
  gradient rms:            8.9874E-04 .  (  3.0000E-04 )
  displacement maximum:    1.1305E-01 .  (  1.8000E-03 )
  displacement rms:        2.1432E-02 .  (  1.2000E-03 )
  
  predicted energy change: -5.4746E-04
  step size:     0.30005
  trust radius:  0.30000
---------------- geometry iteration  24 complete ----------------
geopt (optimize geometry) done.
onee (1-electron integrals) done.
probe (project orbitals) done.
grid (grid generation) done.
rwr (Q operators) done.
  
       i  u  d  i  g
       t  p  i  c  r                                 RMS    maximum
       e  d  i  u  i                       energy  density   DIIS  
       r  t  s  t  d       total energy    change  change    error 
  
etot    1  N  N  2  U   -1993.64951043297           4.4E-04  1.1E-02
etot    2  Y  Y  6  M   -1993.68049505496  3.1E-02  7.2E-05  1.0E-03
etot    3  N  Y  2  U   -1993.68015079952 -3.4E-04  5.6E-05  9.8E-04
etot    4  Y  Y  6  M   -1993.68053566667  3.8E-04  1.9E-05  4.2E-04
etot    5  N  Y  2  U   -1993.68061467702  7.9E-05  6.9E-06  2.2E-04
etot    6  N  Y  2  U   -1993.68062439505  9.7E-06  2.8E-06  5.7E-05
etot    7  N  N  2  U   -1993.68062498266  5.9E-07  0.0E+00  0.0E+00
scf (DFT) done.
der1a (1-e 1st deriv.) done.
rwr (1st deriv. Q) done.
der1b (2-e 1st deriv.) done.
  Geometry optimization step  25
  Total energy:     -1993.72974549811 hartrees
  energy change:          -1.2041E-04 .  (  5.0000E-05 )
  gradient maximum:        3.0525E-03 .  (  4.5000E-04 )
  gradient rms:            6.2384E-04 .  (  3.0000E-04 )
  displacement maximum:    9.6211E-02 .  (  1.8000E-03 )
  displacement rms:        1.7054E-02 .  (  1.2000E-03 )
  
  predicted energy change: -3.4852E-04
  step size:     0.23876
  trust radius:  0.30000
---------------- geometry iteration  25 complete ----------------
geopt (optimize geometry) done.
onee (1-electron integrals) done.
probe (project orbitals) done.
grid (grid generation) done.
rwr (Q operators) done.
  
       i  u  d  i  g
       t  p  i  c  r                                 RMS    maximum
       e  d  i  u  i                       energy  density   DIIS  
       r  t  s  t  d       total energy    change  change    error 
  
etot    1  N  N  2  U   -1993.65686423776           4.0E-04  1.1E-02
etot    2  Y  Y  6  M   -1993.67989194317  2.3E-02  9.3E-05  7.2E-04
etot    3  N  Y  2  U   -1993.67917736823 -7.1E-04  7.2E-05  1.7E-03
etot    4  Y  Y  6  M   -1993.68011549528  9.4E-04  1.8E-05  6.8E-04
etot    5  N  Y  2  U   -1993.68011563063  1.4E-07  6.9E-06  3.2E-04
etot    6  N  Y  2  U   -1993.68012623684  1.1E-05  2.5E-06  5.4E-05
etot    7  N  N  2  U   -1993.68012697458  7.4E-07  0.0E+00  0.0E+00
scf (DFT) done.
der1a (1-e 1st deriv.) done.
rwr (1st deriv. Q) done.
der1b (2-e 1st deriv.) done.
  Geometry optimization step  26
  Total energy:     -1993.72888276098 hartrees
  ** restarting optimization from step   25 **
  energy change:           8.6274E-04 .  (  5.0000E-05 )
  gradient maximum:        3.0525E-03 .  (  4.5000E-04 )
  gradient rms:            6.2384E-04 .  (  3.0000E-04 )
  displacement maximum:    4.4785E-02 .  (  1.8000E-03 )
  displacement rms:        1.0772E-02 .  (  1.2000E-03 )
  
  predicted energy change: -4.2390E-04
  step size:     0.15081
  trust radius:  0.15000
---------------- geometry iteration  26 complete ----------------
geopt (optimize geometry) done.
onee (1-electron integrals) done.
probe (project orbitals) done.
grid (grid generation) done.
rwr (Q operators) done.
  
       i  u  d  i  g
       t  p  i  c  r                                 RMS    maximum
       e  d  i  u  i                       energy  density   DIIS  
       r  t  s  t  d       total energy    change  change    error 
  
etot    1  N  N  2  U   -1993.64915604862           9.5E-04  1.5E-02
etot    2  Y  Y  6  M   -1993.68083361836  3.2E-02  7.6E-05  9.0E-04
etot    3  N  Y  2  U   -1993.68039380246 -4.4E-04  6.1E-05  1.4E-03
etot    4  Y  Y  6  M   -1993.68078171373  3.9E-04  2.3E-05  6.8E-04
etot    5  N  Y  2  U   -1993.68089705162  1.2E-04  7.0E-06  2.4E-04
etot    6  N  Y  2  U   -1993.68090645835  9.4E-06  2.9E-06  7.3E-05
etot    7  N  N  2  U   -1993.68090707427  6.2E-07  0.0E+00  0.0E+00
scf (DFT) done.
der1a (1-e 1st deriv.) done.
rwr (1st deriv. Q) done.
der1b (2-e 1st deriv.) done.
  Geometry optimization step  27
  Total energy:     -1993.72987211745 hartrees
  energy change:          -1.2662E-04 .  (  5.0000E-05 )
  gradient maximum:        2.5098E-03 .  (  4.5000E-04 )
  gradient rms:            5.9211E-04 .  (  3.0000E-04 )
  displacement maximum:    2.9743E-02 .  (  1.8000E-03 )
  displacement rms:        5.3673E-03 .  (  1.2000E-03 )
  
  predicted energy change: -1.8515E-04
  step size:     0.07514
  trust radius:  0.07500
---------------- geometry iteration  27 complete ----------------
geopt (optimize geometry) done.
onee (1-electron integrals) done.
probe (project orbitals) done.
grid (grid generation) done.
rwr (Q operators) done.
  
       i  u  d  i  g
       t  p  i  c  r                                 RMS    maximum
       e  d  i  u  i                       energy  density   DIIS  
       r  t  s  t  d       total energy    change  change    error 
  
etot    1  N  N  2  U   -1993.67901777219           1.2E-04  3.1E-03
etot    2  Y  Y  6  M   -1993.68088465849  1.9E-03  3.7E-05  2.6E-04
etot    3  N  Y  2  U   -1993.68076661610 -1.2E-04  2.7E-05  7.7E-04
etot    4  N  Y  2  U   -1993.68091565416  1.5E-04  7.1E-06  2.0E-04
etot    5  N  Y  2  U   -1993.68092260782  7.0E-06  2.6E-06  7.6E-05
etot    6  N  N  2  U   -1993.68092422085  1.6E-06  0.0E+00  0.0E+00
scf (DFT) done.
der1a (1-e 1st deriv.) done.
rwr (1st deriv. Q) done.
der1b (2-e 1st deriv.) done.
  Geometry optimization step  28
  Total energy:     -1993.72998060664 hartrees
  energy change:          -1.0849E-04 .  (  5.0000E-05 )
  gradient maximum:        3.0934E-03 .  (  4.5000E-04 )
  gradient rms:            5.6092E-04 .  (  3.0000E-04 )
  displacement maximum:    1.4248E-02 .  (  1.8000E-03 )
  displacement rms:        2.6848E-03 .  (  1.2000E-03 )
  
  predicted energy change: -9.3903E-05
  step size:     0.03759
  trust radius:  0.03750
---------------- geometry iteration  28 complete ----------------
geopt (optimize geometry) done.
onee (1-electron integrals) done.
probe (project orbitals) done.
grid (grid generation) done.
rwr (Q operators) done.
  
       i  u  d  i  g
       t  p  i  c  r                                 RMS    maximum
       e  d  i  u  i                       energy  density   DIIS  
       r  t  s  t  d       total energy    change  change    error 
  
etot    1  N  N  2  U   -1993.68033373875           6.6E-05  1.2E-03
etot    2  Y  Y  6  M   -1993.68094189465  6.1E-04  1.7E-05  2.1E-04
etot    3  N  Y  2  U   -1993.68092367117 -1.8E-05  1.2E-05  3.0E-04
etot    4  N  Y  2  U   -1993.68095143334  2.8E-05  3.4E-06  9.9E-05
etot    5  N  N  2  U   -1993.68095282824  1.4E-06  0.0E+00  0.0E+00
scf (DFT) done.
der1a (1-e 1st deriv.) done.
rwr (1st deriv. Q) done.
der1b (2-e 1st deriv.) done.
  Geometry optimization step  29
  Total energy:     -1993.73000192015 hartrees
  energy change:          -2.1314E-05 *  (  5.0000E-05 )
  gradient maximum:        8.3974E-04 .  (  4.5000E-04 )
  gradient rms:            1.6395E-04 *  (  3.0000E-04 )
  displacement maximum:    1.6857E-02 .  (  1.8000E-03 )
  displacement rms:        3.7957E-03 .  (  1.2000E-03 )
  
  predicted energy change: -4.2278E-05
  step size:     0.05314
  trust radius:  0.05303
---------------- geometry iteration  29 complete ----------------
geopt (optimize geometry) done.
onee (1-electron integrals) done.
probe (project orbitals) done.
grid (grid generation) done.
rwr (Q operators) done.
  
       i  u  d  i  g
       t  p  i  c  r                                 RMS    maximum
       e  d  i  u  i                       energy  density   DIIS  
       r  t  s  t  d       total energy    change  change    error 
  
etot    1  N  N  2  U   -1993.68021011745           7.3E-05  9.7E-04
etot    2  Y  Y  6  M   -1993.68097955955  7.7E-04  1.7E-05  2.5E-04
etot    3  N  Y  2  U   -1993.68094455722 -3.5E-05  1.4E-05  5.5E-04
etot    4  N  Y  2  U   -1993.68098311457  3.9E-05  3.8E-06  1.2E-04
etot    5  N  N  2  U   -1993.68098510278  2.0E-06  0.0E+00  0.0E+00
scf (DFT) done.
der1a (1-e 1st deriv.) done.
rwr (1st deriv. Q) done.
der1b (2-e 1st deriv.) done.
  Geometry optimization step  30
  Total energy:     -1993.73002705486 hartrees
  energy change:          -2.5135E-05 *  (  5.0000E-05 )
  gradient maximum:        8.2227E-04 .  (  4.5000E-04 )
  gradient rms:            1.1278E-04 *  (  3.0000E-04 )
  displacement maximum:    3.6944E-02 .  (  1.8000E-03 )
  displacement rms:        7.6176E-03 .  (  1.2000E-03 )
  
  predicted energy change: -5.1432E-05
  step size:     0.10665
  trust radius:  0.10607
---------------- geometry iteration  30 complete ----------------
geopt (optimize geometry) done.
onee (1-electron integrals) done.
probe (project orbitals) done.
grid (grid generation) done.
rwr (Q operators) done.
  
       i  u  d  i  g
       t  p  i  c  r                                 RMS    maximum
       e  d  i  u  i                       energy  density   DIIS  
       r  t  s  t  d       total energy    change  change    error 
  
etot    1  N  N  2  U   -1993.67811213071           1.4E-04  1.7E-03
etot    2  Y  Y  6  M   -1993.68090399426  2.8E-03  2.2E-05  4.4E-04
etot    3  N  Y  2  U   -1993.68087996517 -2.4E-05  1.8E-05  4.3E-04
etot    4  N  Y  2  U   -1993.68091133882  3.1E-05  7.0E-06  2.3E-04
etot    5  N  Y  2  U   -1993.68092147473  1.0E-05  2.1E-06  5.7E-05
etot    6  N  N  2  U   -1993.68092236047  8.9E-07  0.0E+00  0.0E+00
scf (DFT) done.
der1a (1-e 1st deriv.) done.
rwr (1st deriv. Q) done.
der1b (2-e 1st deriv.) done.
  Geometry optimization step  31
  Total energy:     -1993.73000013465 hartrees
  energy change:           2.6920E-05 *  (  5.0000E-05 )
  gradient maximum:        6.0975E-04 .  (  4.5000E-04 )
  gradient rms:            1.1395E-04 *  (  3.0000E-04 )
  displacement maximum:    4.4948E-02 .  (  1.8000E-03 )
  displacement rms:        8.7686E-03 .  (  1.2000E-03 )
  
  predicted energy change: -2.9144E-05
  step size:     0.12276
  trust radius:  0.15000
---------------- geometry iteration  31 complete ----------------
geopt (optimize geometry) done.
onee (1-electron integrals) done.
probe (project orbitals) done.
grid (grid generation) done.
rwr (Q operators) done.
  
       i  u  d  i  g
       t  p  i  c  r                                 RMS    maximum
       e  d  i  u  i                       energy  density   DIIS  
       r  t  s  t  d       total energy    change  change    error 
  
etot    1  N  N  2  U   -1993.67697303251           1.6E-04  1.9E-03
etot    2  Y  Y  6  M   -1993.68072304752  3.8E-03  3.4E-05  4.9E-04
etot    3  N  Y  2  U   -1993.68064311860 -8.0E-05  2.5E-05  7.2E-04
etot    4  N  Y  2  U   -1993.68076550562  1.2E-04  7.2E-06  2.3E-04
etot    5  N  Y  2  U   -1993.68077386144  8.4E-06  3.3E-06  8.9E-05
etot    6  N  N  2  U   -1993.68077574683  1.9E-06  0.0E+00  0.0E+00
scf (DFT) done.
der1a (1-e 1st deriv.) done.
rwr (1st deriv. Q) done.
der1b (2-e 1st deriv.) done.
  Geometry optimization step  32
  Total energy:     -1993.72993238032 hartrees
  energy change:           6.7754E-05 .  (  5.0000E-05 )
  gradient maximum:        1.2974E-03 .  (  4.5000E-04 )
  gradient rms:            2.2554E-04 *  (  3.0000E-04 )
  displacement maximum:    1.1790E-02 .  (  1.8000E-03 )
  displacement rms:        2.5258E-03 .  (  1.2000E-03 )
  
  predicted energy change: -8.3557E-06
  step size:     0.03536
  trust radius:  0.07500
---------------- geometry iteration  32 complete ----------------
geopt (optimize geometry) done.
onee (1-electron integrals) done.
probe (project orbitals) done.
grid (grid generation) done.
rwr (Q operators) done.
  
       i  u  d  i  g
       t  p  i  c  r                                 RMS    maximum
       e  d  i  u  i                       energy  density   DIIS  
       r  t  s  t  d       total energy    change  change    error 
  
etot    1  N  N  2  U   -1993.67984665372           6.5E-05  2.1E-03
etot    2  Y  Y  6  M   -1993.68035064344  5.0E-04  1.1E-05  1.3E-04
etot    3  N  Y  2  U   -1993.68032122929 -2.9E-05  9.2E-06  2.9E-04
etot    4  N  Y  2  U   -1993.68033857068  1.7E-05  2.3E-06  6.0E-05
etot    5  N  N  2  U   -1993.68033948913  9.2E-07  0.0E+00  0.0E+00
scf (DFT) done.
der1a (1-e 1st deriv.) done.
rwr (1st deriv. Q) done.
der1b (2-e 1st deriv.) done.
  Geometry optimization step  33
  Total energy:     -1993.72948132427 hartrees
  energy change:           4.5106E-04 .  (  5.0000E-05 )
  gradient maximum:        5.4137E-04 .  (  4.5000E-04 )
  gradient rms:            1.1267E-04 *  (  3.0000E-04 )
  displacement maximum:    7.1989E-03 .  (  1.8000E-03 )
  displacement rms:        1.0987E-03 *  (  1.2000E-03 )
  
  predicted energy change: -4.3027E-06
  step size:     0.01538
  trust radius:  0.07500
---------------- geometry iteration  33 complete ----------------
geopt (optimize geometry) done.
onee (1-electron integrals) done.
probe (project orbitals) done.
grid (grid generation) done.
rwr (Q operators) done.
  
       i  u  d  i  g
       t  p  i  c  r                                 RMS    maximum
       e  d  i  u  i                       energy  density   DIIS  
       r  t  s  t  d       total energy    change  change    error 
  
etot    1  N  N  2  U   -1993.68027169774           2.7E-05  4.6E-04
etot    2  N  Y  2  U   -1993.68038782482  1.2E-04  1.3E-05  1.3E-04
etot    3  N  Y  2  U   -1993.68036255679 -2.5E-05  1.0E-05  3.6E-04
etot    4  N  Y  2  U   -1993.68039187377  2.9E-05  2.0E-06  5.3E-05
etot    5  N  N  2  U   -1993.68039228269  4.1E-07  0.0E+00  0.0E+00
scf (DFT) done.
der1a (1-e 1st deriv.) done.
rwr (1st deriv. Q) done.
der1b (2-e 1st deriv.) done.
  Geometry optimization step  34
  Total energy:     -1993.72951738202 hartrees
  energy change:          -3.6058E-05 *  (  5.0000E-05 )
  gradient maximum:        3.4249E-04 *  (  4.5000E-04 )
  gradient rms:            6.7660E-05 *  (  3.0000E-04 )
  displacement maximum:    5.9468E-03 .  (  1.8000E-03 )
  displacement rms:        8.2472E-04 *  (  1.2000E-03 )
  
  predicted energy change: -1.5911E-06
  step size:     0.01155
  trust radius:  0.07500
---------------- geometry iteration  34 complete ----------------
geopt (optimize geometry) done.
onee (1-electron integrals) done.
probe (project orbitals) done.
grid (grid generation) done.
rwr (Q operators) done.
  
       i  u  d  i  g
       t  p  i  c  r                                 RMS    maximum
       e  d  i  u  i                       energy  density   DIIS  
       r  t  s  t  d       total energy    change  change    error 
  
etot    1  N  N  2  U   -1993.68034001976           2.0E-05  3.9E-04
etot    2  N  Y  2  U   -1993.68039367359  5.4E-05  9.2E-06  1.0E-04
etot    3  N  Y  2  U   -1993.68038261465 -1.1E-05  7.3E-06  2.6E-04
etot    4  N  Y  2  U   -1993.68039573160  1.3E-05  1.6E-06  3.6E-05
etot    5  N  N  2  U   -1993.68039599486  2.6E-07  0.0E+00  0.0E+00
scf (DFT) done.
der1a (1-e 1st deriv.) done.
rwr (1st deriv. Q) done.
der1b (2-e 1st deriv.) done.
  Geometry optimization step  35
  Total energy:     -1993.72952800201 hartrees
  energy change:          -1.0620E-05 *  (  5.0000E-05 )
  gradient maximum:        1.6248E-04 *  (  4.5000E-04 )
  gradient rms:            3.9659E-05 #  (  3.0000E-04 )
  displacement maximum:    6.8671E-03 .  (  1.8000E-03 )
  displacement rms:        1.2776E-03 .  (  1.2000E-03 )
  
  predicted energy change: -9.3866E-07
  step size:     0.01789
  trust radius:  0.07500
---------------- geometry iteration  35 complete ----------------
geopt (optimize geometry) done.
onee (1-electron integrals) done.
probe (project orbitals) done.
grid (grid generation) done.
rwr (Q operators) done.
  
       i  u  d  i  g
       t  p  i  c  r                                 RMS    maximum
       e  d  i  u  i                       energy  density   DIIS  
       r  t  s  t  d       total energy    change  change    error 
  
etot    1  N  N  2  U   -1993.68029233758           2.4E-05  3.1E-04
etot    2  N  Y  2  U   -1993.68036624174  7.4E-05  7.4E-06  7.4E-05
etot    3  N  Y  2  U   -1993.68035879648 -7.4E-06  6.0E-06  1.7E-04
etot    4  N  Y  2  U   -1993.68036739645  8.6E-06  1.3E-06  3.5E-05
etot    5  N  N  2  U   -1993.68036764893  2.5E-07  0.0E+00  0.0E+00
scf (DFT) done.
der1a (1-e 1st deriv.) done.
rwr (1st deriv. Q) done.
der1b (2-e 1st deriv.) done.
  Geometry optimization step  36
  Total energy:     -1993.72952192909 hartrees
  energy change:           6.0729E-06 *  (  5.0000E-05 )
  gradient maximum:        1.2702E-04 *  (  4.5000E-04 )
  gradient rms:            3.0834E-05 #  (  3.0000E-04 )
  displacement maximum:    2.0407E-03 .  (  1.8000E-03 )
  displacement rms:        4.8555E-04 *  (  1.2000E-03 )
  
  predicted energy change: -5.0093E-07
  step size:     0.00680
  trust radius:  0.07500
------------- final geometry iteration  36 complete -------------
geopt (optimize geometry) done.
cutabab2 (abab integrals) done.
der2a (1-e JK-1st deriv.) done.
der2b (2-e JK-1st deriv.) done.
der2nda (1-e 2nd deriv.) done.
der2ndb (2-e 2nd deriv.) done.
rwr (Q operators) done.
cphfa (gradient of wave function) done.
freq (vib. frequencies) done.
Job J1_10555_2111 completed on hpc-21-31.cm.cluster at Wed May 29 07:15:17 2024
Timer (jaguar_backend.py) : 3208.46 secs (0 hrs, 53 mins, 28 secs)
Finished:   Wed May 29 07:15:17 2024
