Command:  /groups/wag/programs/Schrodinger_2020_3/jaguar run -WAIT -PARALLEL 8 /central/home/labounad/wittig-ch121/out/J1_10005_2111/J1_10005_2111.in
Release:  2020-3
Exec:     /groups/wag/programs/Schrodinger_2020_3/jaguar-v10.9/bin/Linux-x86_64
Host:     hpc-90-03.cm.cluster
JobId:    hpc-90-03-0-665766b9
JobDir:   /central/scratch/labounad/J1_10005_2111#hpc-90-03-0-665766b9
Date:     Wed May 29 10:32:43 2024

Contents of /central/scratch/labounad/J1_10005_2111#hpc-90-03-0-665766b9:
/central/scratch/labounad/J1_10005_2111#hpc-90-03-0-665766b9/.write_dir.json
/central/scratch/labounad/J1_10005_2111#hpc-90-03-0-665766b9/hpc-90-03-0-665766b9.nodes
/central/scratch/labounad/J1_10005_2111#hpc-90-03-0-665766b9/J1_10005_2111.in
/central/scratch/labounad/J1_10005_2111#hpc-90-03-0-665766b9/J1_10005_2111.recover
/central/scratch/labounad/J1_10005_2111#hpc-90-03-0-665766b9/hpc-90-03-0-665766b9
/central/scratch/labounad/J1_10005_2111#hpc-90-03-0-665766b9/hpc-90-03-0-665766b9.mpinodes
/central/scratch/labounad/J1_10005_2111#hpc-90-03-0-665766b9/J1_10005_2111.log
/central/scratch/labounad/J1_10005_2111#hpc-90-03-0-665766b9/hpc-90-03-0-665766b9.recover

Executing subprocess:
/groups/wag/programs/Schrodinger_2020_3/jaguar-v10.9/bin/Linux-x86_64/jexec J1_10005_2111.in -T 8 -out /central/scratch/labounad/J1_10005_2111#hpc-90-03-0-665766b9 -cwd

Job J1_10005_2111 started on hpc-90-03.cm.cluster at Wed May 29 10:32:43 2024
jobid: hpc-90-03-0-665766b9 
Jaguar version 10.9, release 139
 Using up to   8 threads per process
Molecular Point Group: C1      
Point Group used: C1
pre (input checking) done.
onee (1-electron integrals) done.
hfig (HF initial guess) done.
probe (project orbitals) done.
grid (grid generation) done.
rwr (Q operators) done.
scf type: DFT=PBE(X+LC)+PW91 (PBE-D3)
  
       i  u  d  i  g
       t  p  i  c  r                                 RMS    maximum
       e  d  i  u  i                       energy  density   DIIS  
       r  t  s  t  d       total energy    change  change    error 
  
etot    1  N  N  5  M   -1533.67832148814           5.6E-03  1.0E-01
etot    2  Y  Y  6  M   -1530.57546460023 -3.1E+00  9.4E-03  1.9E-01
etot    3  Y  Y  6  M   -1526.59975862146 -4.0E+00  8.0E-03  1.8E-01
etot    4  N  Y  2  U   -1536.57505997469  1.0E+01  2.6E-03  9.7E-02
etot    5  Y  Y  6  M   -1536.98311659537  4.1E-01  1.7E-03  3.0E-02
etot    6  N  Y  2  U   -1537.25823535968  2.8E-01  8.2E-04  2.9E-02
etot    7  Y  Y  6  M   -1537.29640298341  3.8E-02  5.3E-04  2.0E-02
etot    8  N  Y  2  U   -1537.37324050546  7.7E-02  2.6E-04  7.8E-03
etot    9  Y  Y  6  M   -1537.37864242427  5.4E-03  1.9E-04  4.9E-03
etot   10  N  Y  2  U   -1537.38161926897  3.0E-03  9.1E-05  2.8E-03
etot   11  Y  Y  6  M   -1537.38307810067  1.5E-03  3.5E-05  1.1E-03
etot   12  N  Y  2  U   -1537.38342755127  3.5E-04  1.1E-05  3.3E-04
etot   13  N  Y  2  U   -1537.38344305793  1.6E-05  4.6E-06  1.8E-04
etot   14  N  N  2  U   -1537.38344772895  4.7E-06  0.0E+00  0.0E+00
scf (DFT) done.
der1a (1-e 1st deriv.) done.
rwr (1st deriv. Q) done.
der1b (2-e 1st deriv.) done.
  Geometry optimization step   1
  Total energy:     -1537.42886289098 hartrees
  gradient maximum:        3.9663E-02 .  (  4.5000E-04 )
  gradient rms:            6.7173E-03 .  (  3.0000E-04 )
  displacement maximum:    1.2461E-01 .  (  1.8000E-03 )
  displacement rms:        2.0382E-02 .  (  1.2000E-03 )
  
  predicted energy change: -1.8059E-02
  step size:     0.30025
  trust radius:  0.30000
---------------- geometry iteration   1 complete ----------------
geopt (optimize geometry) done.
onee (1-electron integrals) done.
probe (project orbitals) done.
grid (grid generation) done.
rwr (Q operators) done.
  
       i  u  d  i  g
       t  p  i  c  r                                 RMS    maximum
       e  d  i  u  i                       energy  density   DIIS  
       r  t  s  t  d       total energy    change  change    error 
  
etot    1  N  N  2  U   -1537.38902436104           8.7E-04  1.5E-02
etot    2  Y  Y  6  M   -1537.40087499598  1.2E-02  1.0E-04  1.4E-03
etot    3  N  Y  2  U   -1537.40031803016 -5.6E-04  7.2E-05  1.8E-03
etot    4  Y  Y  6  M   -1537.40128929693  9.7E-04  2.2E-05  6.6E-04
etot    5  N  Y  2  U   -1537.40145743147  1.7E-04  8.0E-06  2.3E-04
etot    6  N  Y  2  U   -1537.40146930335  1.2E-05  2.8E-06  9.1E-05
etot    7  N  N  2  U   -1537.40147069484  1.4E-06  0.0E+00  0.0E+00
scf (DFT) done.
der1a (1-e 1st deriv.) done.
rwr (1st deriv. Q) done.
der1b (2-e 1st deriv.) done.
  Geometry optimization step   2
  Total energy:     -1537.44591097168 hartrees
  energy change:          -1.7048E-02 .  (  5.0000E-05 )
  gradient maximum:        1.3099E-02 .  (  4.5000E-04 )
  gradient rms:            1.8780E-03 .  (  3.0000E-04 )
  displacement maximum:    1.5855E-01 .  (  1.8000E-03 )
  displacement rms:        2.0382E-02 .  (  1.2000E-03 )
  
  predicted energy change: -3.2529E-03
  step size:     0.30025
  trust radius:  0.30000
---------------- geometry iteration   2 complete ----------------
geopt (optimize geometry) done.
onee (1-electron integrals) done.
probe (project orbitals) done.
grid (grid generation) done.
rwr (Q operators) done.
  
       i  u  d  i  g
       t  p  i  c  r                                 RMS    maximum
       e  d  i  u  i                       energy  density   DIIS  
       r  t  s  t  d       total energy    change  change    error 
  
etot    1  N  N  2  U   -1537.36212481953           6.1E-04  1.8E-02
etot    2  Y  Y  6  M   -1537.40459962640  4.2E-02  1.2E-04  1.2E-03
etot    3  N  Y  2  U   -1537.40261482684 -2.0E-03  9.4E-05  3.7E-03
etot    4  Y  Y  6  M   -1537.40463574350  2.0E-03  2.4E-05  8.4E-04
etot    5  N  Y  2  U   -1537.40474636384  1.1E-04  7.1E-06  2.1E-04
etot    6  N  Y  2  U   -1537.40475902196  1.3E-05  3.0E-06  6.7E-05
etot    7  N  N  2  U   -1537.40475953664  5.1E-07  0.0E+00  0.0E+00
scf (DFT) done.
der1a (1-e 1st deriv.) done.
rwr (1st deriv. Q) done.
der1b (2-e 1st deriv.) done.
  Geometry optimization step   3
  Total energy:     -1537.44911995021 hartrees
  energy change:          -3.2090E-03 .  (  5.0000E-05 )
  gradient maximum:        5.5345E-03 .  (  4.5000E-04 )
  gradient rms:            1.0243E-03 .  (  3.0000E-04 )
  displacement maximum:    1.2964E-01 .  (  1.8000E-03 )
  displacement rms:        2.0397E-02 .  (  1.2000E-03 )
  
  predicted energy change: -1.1127E-03
  step size:     0.30046
  trust radius:  0.30000
---------------- geometry iteration   3 complete ----------------
geopt (optimize geometry) done.
onee (1-electron integrals) done.
probe (project orbitals) done.
grid (grid generation) done.
rwr (Q operators) done.
  
       i  u  d  i  g
       t  p  i  c  r                                 RMS    maximum
       e  d  i  u  i                       energy  density   DIIS  
       r  t  s  t  d       total energy    change  change    error 
  
etot    1  N  N  2  U   -1537.37522078069           4.2E-04  1.3E-02
etot    2  Y  Y  6  M   -1537.40481466939  3.0E-02  8.8E-05  9.9E-04
etot    3  N  Y  2  U   -1537.40396242107 -8.5E-04  6.8E-05  2.4E-03
etot    4  Y  Y  6  M   -1537.40486919119  9.1E-04  1.7E-05  5.5E-04
etot    5  N  Y  2  U   -1537.40491843184  4.9E-05  6.4E-06  2.1E-04
etot    6  N  Y  2  U   -1537.40492690809  8.5E-06  2.3E-06  6.6E-05
etot    7  N  N  2  U   -1537.40492739169  4.8E-07  0.0E+00  0.0E+00
scf (DFT) done.
der1a (1-e 1st deriv.) done.
rwr (1st deriv. Q) done.
der1b (2-e 1st deriv.) done.
  Geometry optimization step   4
  Total energy:     -1537.44927865320 hartrees
  energy change:          -1.5870E-04 .  (  5.0000E-05 )
  gradient maximum:        7.3122E-03 .  (  4.5000E-04 )
  gradient rms:            1.3120E-03 .  (  3.0000E-04 )
  displacement maximum:    1.3335E-01 .  (  1.8000E-03 )
  displacement rms:        2.0362E-02 .  (  1.2000E-03 )
  
  predicted energy change: -1.4263E-03
  step size:     0.29995
  trust radius:  0.30000
---------------- geometry iteration   4 complete ----------------
geopt (optimize geometry) done.
onee (1-electron integrals) done.
probe (project orbitals) done.
grid (grid generation) done.
rwr (Q operators) done.
  
       i  u  d  i  g
       t  p  i  c  r                                 RMS    maximum
       e  d  i  u  i                       energy  density   DIIS  
       r  t  s  t  d       total energy    change  change    error 
  
etot    1  N  N  2  U   -1537.36215831125           5.1E-04  1.4E-02
etot    2  Y  Y  6  M   -1537.40514240896  4.3E-02  7.9E-05  1.4E-03
etot    3  N  Y  2  U   -1537.40443739590 -7.1E-04  6.3E-05  2.0E-03
etot    4  Y  Y  6  M   -1537.40502587480  5.9E-04  2.2E-05  9.3E-04
etot    5  N  Y  2  U   -1537.40517108408  1.5E-04  6.2E-06  2.0E-04
etot    6  N  Y  2  U   -1537.40518033678  9.3E-06  2.8E-06  4.9E-05
etot    7  N  N  2  U   -1537.40518067248  3.4E-07  0.0E+00  0.0E+00
scf (DFT) done.
der1a (1-e 1st deriv.) done.
rwr (1st deriv. Q) done.
der1b (2-e 1st deriv.) done.
  Geometry optimization step   5
  Total energy:     -1537.44950089216 hartrees
  energy change:          -2.2224E-04 .  (  5.0000E-05 )
  gradient maximum:        9.0973E-03 .  (  4.5000E-04 )
  gradient rms:            1.3703E-03 .  (  3.0000E-04 )
  displacement maximum:    1.1776E-01 .  (  1.8000E-03 )
  displacement rms:        1.9835E-02 .  (  1.2000E-03 )
  
  predicted energy change: -1.0406E-03
  step size:     0.29218
  trust radius:  0.30000
---------------- geometry iteration   5 complete ----------------
geopt (optimize geometry) done.
onee (1-electron integrals) done.
probe (project orbitals) done.
grid (grid generation) done.
rwr (Q operators) done.
  
       i  u  d  i  g
       t  p  i  c  r                                 RMS    maximum
       e  d  i  u  i                       energy  density   DIIS  
       r  t  s  t  d       total energy    change  change    error 
  
etot    1  N  N  2  U   -1537.36666600859           4.4E-04  1.4E-02
etot    2  Y  Y  6  M   -1537.40545190883  3.9E-02  7.8E-05  9.9E-04
etot    3  N  Y  2  U   -1537.40479728644 -6.5E-04  6.0E-05  1.4E-03
etot    4  Y  Y  6  M   -1537.40545672818  6.6E-04  1.5E-05  4.2E-04
etot    5  N  Y  2  U   -1537.40550280609  4.6E-05  4.5E-06  1.2E-04
etot    6  N  N  2  U   -1537.40550684469  4.0E-06  0.0E+00  0.0E+00
scf (DFT) done.
der1a (1-e 1st deriv.) done.
rwr (1st deriv. Q) done.
der1b (2-e 1st deriv.) done.
  Geometry optimization step   6
  Total energy:     -1537.44976947209 hartrees
  energy change:          -2.6858E-04 .  (  5.0000E-05 )
  gradient maximum:        4.3853E-03 .  (  4.5000E-04 )
  gradient rms:            1.0536E-03 .  (  3.0000E-04 )
  displacement maximum:    7.9602E-02 .  (  1.8000E-03 )
  displacement rms:        1.3603E-02 .  (  1.2000E-03 )
  
  predicted energy change: -5.7286E-04
  step size:     0.20039
  trust radius:  0.30000
---------------- geometry iteration   6 complete ----------------
geopt (optimize geometry) done.
onee (1-electron integrals) done.
probe (project orbitals) done.
grid (grid generation) done.
rwr (Q operators) done.
  
       i  u  d  i  g
       t  p  i  c  r                                 RMS    maximum
       e  d  i  u  i                       energy  density   DIIS  
       r  t  s  t  d       total energy    change  change    error 
  
etot    1  N  N  2  U   -1537.38290769943           3.6E-04  1.1E-02
etot    2  Y  Y  6  M   -1537.40565204422  2.3E-02  6.9E-05  8.5E-04
etot    3  N  Y  2  U   -1537.40519215817 -4.6E-04  5.3E-05  1.9E-03
etot    4  Y  Y  6  M   -1537.40573406113  5.4E-04  1.2E-05  3.9E-04
etot    5  N  Y  2  U   -1537.40574804005  1.4E-05  3.8E-06  1.0E-04
etot    6  N  N  2  U   -1537.40575036957  2.3E-06  0.0E+00  0.0E+00
scf (DFT) done.
der1a (1-e 1st deriv.) done.
rwr (1st deriv. Q) done.
der1b (2-e 1st deriv.) done.
  Geometry optimization step   7
  Total energy:     -1537.45013824357 hartrees
  energy change:          -3.6877E-04 .  (  5.0000E-05 )
  gradient maximum:        3.1686E-03 .  (  4.5000E-04 )
  gradient rms:            4.9979E-04 .  (  3.0000E-04 )
  displacement maximum:    5.6741E-02 .  (  1.8000E-03 )
  displacement rms:        6.8229E-03 .  (  1.2000E-03 )
  
  predicted energy change: -1.2454E-04
  step size:     0.10051
  trust radius:  0.30000
---------------- geometry iteration   7 complete ----------------
geopt (optimize geometry) done.
onee (1-electron integrals) done.
probe (project orbitals) done.
grid (grid generation) done.
rwr (Q operators) done.
  
       i  u  d  i  g
       t  p  i  c  r                                 RMS    maximum
       e  d  i  u  i                       energy  density   DIIS  
       r  t  s  t  d       total energy    change  change    error 
  
etot    1  N  N  2  U   -1537.40109630635           1.6E-04  4.8E-03
etot    2  Y  Y  6  M   -1537.40577750873  4.7E-03  2.3E-05  3.4E-04
etot    3  N  Y  2  U   -1537.40570052231 -7.7E-05  1.8E-05  6.9E-04
etot    4  N  Y  2  U   -1537.40576547762  6.5E-05  6.1E-06  2.4E-04
etot    5  N  Y  2  U   -1537.40577372693  8.2E-06  1.8E-06  7.6E-05
etot    6  N  N  2  U   -1537.40577444234  7.2E-07  0.0E+00  0.0E+00
scf (DFT) done.
der1a (1-e 1st deriv.) done.
rwr (1st deriv. Q) done.
der1b (2-e 1st deriv.) done.
  Geometry optimization step   8
  Total energy:     -1537.45010497008 hartrees
  energy change:           3.3273E-05 *  (  5.0000E-05 )
  gradient maximum:        3.3335E-03 .  (  4.5000E-04 )
  gradient rms:            4.8087E-04 .  (  3.0000E-04 )
  displacement maximum:    3.5292E-02 .  (  1.8000E-03 )
  displacement rms:        5.3625E-03 .  (  1.2000E-03 )
  
  predicted energy change: -8.6086E-05
  step size:     0.07900
  trust radius:  0.30000
---------------- geometry iteration   8 complete ----------------
geopt (optimize geometry) done.
onee (1-electron integrals) done.
probe (project orbitals) done.
grid (grid generation) done.
rwr (Q operators) done.
  
       i  u  d  i  g
       t  p  i  c  r                                 RMS    maximum
       e  d  i  u  i                       energy  density   DIIS  
       r  t  s  t  d       total energy    change  change    error 
  
etot    1  N  N  2  U   -1537.40272384819           1.3E-04  3.9E-03
etot    2  Y  Y  6  M   -1537.40577480941  3.1E-03  2.1E-05  2.7E-04
etot    3  N  Y  2  U   -1537.40571895275 -5.6E-05  1.7E-05  4.4E-04
etot    4  N  Y  2  U   -1537.40576368825  4.5E-05  5.3E-06  2.1E-04
etot    5  N  Y  2  U   -1537.40577079749  7.1E-06  1.3E-06  6.1E-05
etot    6  N  N  2  U   -1537.40577114673  3.5E-07  0.0E+00  0.0E+00
scf (DFT) done.
der1a (1-e 1st deriv.) done.
rwr (1st deriv. Q) done.
der1b (2-e 1st deriv.) done.
  Geometry optimization step   9
  Total energy:     -1537.45017916375 hartrees
  energy change:          -7.4194E-05 .  (  5.0000E-05 )
  gradient maximum:        1.1100E-03 .  (  4.5000E-04 )
  gradient rms:            2.3949E-04 *  (  3.0000E-04 )
  displacement maximum:    1.5107E-02 .  (  1.8000E-03 )
  displacement rms:        2.6447E-03 .  (  1.2000E-03 )
  
  predicted energy change: -2.4863E-05
  step size:     0.03896
  trust radius:  0.30000
---------------- geometry iteration   9 complete ----------------
geopt (optimize geometry) done.
onee (1-electron integrals) done.
probe (project orbitals) done.
grid (grid generation) done.
rwr (Q operators) done.
  
       i  u  d  i  g
       t  p  i  c  r                                 RMS    maximum
       e  d  i  u  i                       energy  density   DIIS  
       r  t  s  t  d       total energy    change  change    error 
  
etot    1  N  N  2  U   -1537.40518266361           6.3E-05  1.7E-03
etot    2  Y  Y  6  M   -1537.40577323179  5.9E-04  1.0E-05  1.1E-04
etot    3  N  Y  2  U   -1537.40576259615 -1.1E-05  8.5E-06  2.9E-04
etot    4  N  Y  2  U   -1537.40577630210  1.4E-05  2.2E-06  9.0E-05
etot    5  N  N  2  U   -1537.40577726711  9.7E-07  0.0E+00  0.0E+00
scf (DFT) done.
der1a (1-e 1st deriv.) done.
rwr (1st deriv. Q) done.
der1b (2-e 1st deriv.) done.
  Geometry optimization step  10
  Total energy:     -1537.45019219251 hartrees
  energy change:          -1.3029E-05 *  (  5.0000E-05 )
  gradient maximum:        7.2576E-04 .  (  4.5000E-04 )
  gradient rms:            1.2858E-04 *  (  3.0000E-04 )
  displacement maximum:    8.3666E-03 .  (  1.8000E-03 )
  displacement rms:        1.6611E-03 .  (  1.2000E-03 )
  
  predicted energy change: -7.6729E-06
  step size:     0.02447
  trust radius:  0.30000
---------------- geometry iteration  10 complete ----------------
geopt (optimize geometry) done.
onee (1-electron integrals) done.
probe (project orbitals) done.
grid (grid generation) done.
rwr (Q operators) done.
  
       i  u  d  i  g
       t  p  i  c  r                                 RMS    maximum
       e  d  i  u  i                       energy  density   DIIS  
       r  t  s  t  d       total energy    change  change    error 
  
etot    1  N  N  2  U   -1537.40539123265           4.4E-05  1.1E-03
etot    2  N  Y  2  U   -1537.40575286943  3.6E-04  1.0E-05  9.5E-05
etot    3  N  Y  2  U   -1537.40574071091 -1.2E-05  7.7E-06  2.8E-04
etot    4  N  Y  2  U   -1537.40575504789  1.4E-05  1.8E-06  6.5E-05
etot    5  N  N  2  U   -1537.40575544529  4.0E-07  0.0E+00  0.0E+00
scf (DFT) done.
der1a (1-e 1st deriv.) done.
rwr (1st deriv. Q) done.
der1b (2-e 1st deriv.) done.
  Geometry optimization step  11
  Total energy:     -1537.45018832347 hartrees
  energy change:           3.8690E-06 *  (  5.0000E-05 )
  gradient maximum:        7.6876E-04 .  (  4.5000E-04 )
  gradient rms:            1.2415E-04 *  (  3.0000E-04 )
  displacement maximum:    6.0035E-02 .  (  1.8000E-03 )
  displacement rms:        1.1001E-02 .  (  1.2000E-03 )
  
  predicted energy change: -4.9037E-05
  step size:     0.16206
  trust radius:  0.30000
---------------- geometry iteration  11 complete ----------------
geopt (optimize geometry) done.
onee (1-electron integrals) done.
probe (project orbitals) done.
grid (grid generation) done.
rwr (Q operators) done.
  
       i  u  d  i  g
       t  p  i  c  r                                 RMS    maximum
       e  d  i  u  i                       energy  density   DIIS  
       r  t  s  t  d       total energy    change  change    error 
  
etot    1  N  N  2  U   -1537.38771263600           3.0E-04  1.2E-02
etot    2  Y  Y  6  M   -1537.40554680823  1.8E-02  6.3E-05  6.3E-04
etot    3  N  Y  2  U   -1537.40518566234 -3.6E-04  4.8E-05  1.7E-03
etot    4  N  Y  2  U   -1537.40558216289  4.0E-04  1.0E-05  3.8E-04
etot    5  N  Y  2  U   -1537.40560127783  1.9E-05  3.1E-06  5.5E-05
etot    6  N  N  2  U   -1537.40560305003  1.8E-06  0.0E+00  0.0E+00
scf (DFT) done.
der1a (1-e 1st deriv.) done.
rwr (1st deriv. Q) done.
der1b (2-e 1st deriv.) done.
  Geometry optimization step  12
  Total energy:     -1537.45016115385 hartrees
  energy change:           2.7170E-05 *  (  5.0000E-05 )
  gradient maximum:        1.2610E-03 .  (  4.5000E-04 )
  gradient rms:            3.4520E-04 .  (  3.0000E-04 )
  displacement maximum:    1.4923E-02 .  (  1.8000E-03 )
  displacement rms:        3.2946E-03 .  (  1.2000E-03 )
  
  predicted energy change: -3.2730E-05
  step size:     0.04853
  trust radius:  0.30000
---------------- geometry iteration  12 complete ----------------
geopt (optimize geometry) done.
onee (1-electron integrals) done.
probe (project orbitals) done.
grid (grid generation) done.
rwr (Q operators) done.
  
       i  u  d  i  g
       t  p  i  c  r                                 RMS    maximum
       e  d  i  u  i                       energy  density   DIIS  
       r  t  s  t  d       total energy    change  change    error 
  
etot    1  N  N  2  U   -1537.40445098737           7.2E-05  1.8E-03
etot    2  Y  Y  6  M   -1537.40557682117  1.1E-03  1.6E-05  1.5E-04
etot    3  N  Y  2  U   -1537.40555570953 -2.1E-05  1.2E-05  3.8E-04
etot    4  N  Y  2  U   -1537.40558931067  3.4E-05  2.9E-06  9.9E-05
etot    5  N  N  2  U   -1537.40559047894  1.2E-06  0.0E+00  0.0E+00
scf (DFT) done.
der1a (1-e 1st deriv.) done.
rwr (1st deriv. Q) done.
der1b (2-e 1st deriv.) done.
  Geometry optimization step  13
  Total energy:     -1537.45019494376 hartrees
  energy change:          -3.3790E-05 *  (  5.0000E-05 )
  gradient maximum:        1.1179E-03 .  (  4.5000E-04 )
  gradient rms:            2.3556E-04 *  (  3.0000E-04 )
  displacement maximum:    9.2347E-02 .  (  1.8000E-03 )
  displacement rms:        1.9187E-02 .  (  1.2000E-03 )
  
  predicted energy change: -1.0636E-04
  step size:     0.28264
  trust radius:  0.30000
---------------- geometry iteration  13 complete ----------------
geopt (optimize geometry) done.
onee (1-electron integrals) done.
probe (project orbitals) done.
grid (grid generation) done.
rwr (Q operators) done.
  
       i  u  d  i  g
       t  p  i  c  r                                 RMS    maximum
       e  d  i  u  i                       energy  density   DIIS  
       r  t  s  t  d       total energy    change  change    error 
  
etot    1  N  N  2  U   -1537.36483868608           6.8E-04  9.5E-03
etot    2  Y  Y  6  M   -1537.40469567193  4.0E-02  9.8E-05  1.1E-03
etot    3  N  Y  2  U   -1537.40382208969 -8.7E-04  7.3E-05  2.2E-03
etot    4  Y  Y  6  M   -1537.40487621610  1.1E-03  1.4E-05  4.3E-04
etot    5  N  Y  2  U   -1537.40489390664  1.8E-05  4.7E-06  1.3E-04
etot    6  N  N  2  U   -1537.40489825203  4.3E-06  0.0E+00  0.0E+00
scf (DFT) done.
der1a (1-e 1st deriv.) done.
rwr (1st deriv. Q) done.
der1b (2-e 1st deriv.) done.
  Geometry optimization step  14
  Total energy:     -1537.44995679556 hartrees
  energy change:           2.3815E-04 .  (  5.0000E-05 )
  gradient maximum:        1.6694E-03 .  (  4.5000E-04 )
  gradient rms:            3.5127E-04 .  (  3.0000E-04 )
  displacement maximum:    3.6347E-02 .  (  1.8000E-03 )
  displacement rms:        7.0261E-03 .  (  1.2000E-03 )
  
  predicted energy change: -7.1005E-05
  step size:     0.10350
  trust radius:  0.30000
---------------- geometry iteration  14 complete ----------------
geopt (optimize geometry) done.
onee (1-electron integrals) done.
probe (project orbitals) done.
grid (grid generation) done.
rwr (Q operators) done.
  
       i  u  d  i  g
       t  p  i  c  r                                 RMS    maximum
       e  d  i  u  i                       energy  density   DIIS  
       r  t  s  t  d       total energy    change  change    error 
  
etot    1  N  N  2  U   -1537.39911637867           3.2E-04  5.6E-03
etot    2  Y  Y  6  M   -1537.40512142822  6.0E-03  3.2E-05  2.9E-04
etot    3  N  Y  2  U   -1537.40499714492 -1.2E-04  2.5E-05  6.9E-04
etot    4  N  Y  2  U   -1537.40510922316  1.1E-04  6.4E-06  2.1E-04
etot    5  N  Y  2  U   -1537.40511865599  9.4E-06  1.9E-06  5.6E-05
etot    6  N  N  2  U   -1537.40511921357  5.6E-07  0.0E+00  0.0E+00
scf (DFT) done.
der1a (1-e 1st deriv.) done.
rwr (1st deriv. Q) done.
der1b (2-e 1st deriv.) done.
  Geometry optimization step  15
  Total energy:     -1537.45006878937 hartrees
  energy change:          -1.1199E-04 .  (  5.0000E-05 )
  gradient maximum:        1.0133E-03 .  (  4.5000E-04 )
  gradient rms:            2.3040E-04 *  (  3.0000E-04 )
  displacement maximum:    1.7149E-02 .  (  1.8000E-03 )
  displacement rms:        3.1912E-03 .  (  1.2000E-03 )
  
  predicted energy change: -2.3920E-05
  step size:     0.04701
  trust radius:  0.30000
---------------- geometry iteration  15 complete ----------------
geopt (optimize geometry) done.
onee (1-electron integrals) done.
probe (project orbitals) done.
grid (grid generation) done.
rwr (Q operators) done.
  
       i  u  d  i  g
       t  p  i  c  r                                 RMS    maximum
       e  d  i  u  i                       energy  density   DIIS  
       r  t  s  t  d       total energy    change  change    error 
  
etot    1  N  N  2  U   -1537.40343365163           3.2E-04  5.1E-03
etot    2  Y  Y  6  M   -1537.40506132603  1.6E-03  1.6E-05  1.8E-04
etot    3  N  Y  2  U   -1537.40505418695 -7.1E-06  1.2E-05  3.3E-04
etot    4  N  Y  2  U   -1537.40507840723  2.4E-05  3.3E-06  1.2E-04
etot    5  N  N  2  U   -1537.40508073284  2.3E-06  0.0E+00  0.0E+00
scf (DFT) done.
der1a (1-e 1st deriv.) done.
rwr (1st deriv. Q) done.
der1b (2-e 1st deriv.) done.
  Geometry optimization step  16
  Total energy:     -1537.45006695147 hartrees
  energy change:           1.8379E-06 #  (  5.0000E-05 )
  gradient maximum:        4.3542E-04 *  (  4.5000E-04 )
  gradient rms:            9.3592E-05 *  (  3.0000E-04 )
  displacement maximum:    3.6584E-02 .  (  1.8000E-03 )
  displacement rms:        7.7636E-03 .  (  1.2000E-03 )
  
  predicted energy change: -2.6056E-05
  step size:     0.11437
  trust radius:  0.30000
---------------- geometry iteration  16 complete ----------------
geopt (optimize geometry) done.
onee (1-electron integrals) done.
probe (project orbitals) done.
grid (grid generation) done.
rwr (Q operators) done.
  
       i  u  d  i  g
       t  p  i  c  r                                 RMS    maximum
       e  d  i  u  i                       energy  density   DIIS  
       r  t  s  t  d       total energy    change  change    error 
  
etot    1  N  N  2  U   -1537.39655743714           3.6E-04  7.5E-03
etot    2  Y  Y  6  M   -1537.40477039706  8.2E-03  4.0E-05  4.2E-04
etot    3  N  Y  2  U   -1537.40460773913 -1.6E-04  3.1E-05  1.1E-03
etot    4  N  Y  2  U   -1537.40480341812  2.0E-04  6.5E-06  2.0E-04
etot    5  N  Y  2  U   -1537.40481332853  9.9E-06  1.8E-06  4.1E-05
etot    6  N  N  2  U   -1537.40481388419  5.6E-07  0.0E+00  0.0E+00
scf (DFT) done.
der1a (1-e 1st deriv.) done.
rwr (1st deriv. Q) done.
der1b (2-e 1st deriv.) done.
  Geometry optimization step  17
  Total energy:     -1537.44997128633 hartrees
  energy change:           9.5665E-05 .  (  5.0000E-05 )
  gradient maximum:        4.4996E-04 *  (  4.5000E-04 )
  gradient rms:            9.9700E-05 *  (  3.0000E-04 )
  displacement maximum:    1.7168E-02 .  (  1.8000E-03 )
  displacement rms:        4.2244E-03 .  (  1.2000E-03 )
  
  predicted energy change: -1.4347E-05
  step size:     0.06223
  trust radius:  0.30000
---------------- geometry iteration  17 complete ----------------
geopt (optimize geometry) done.
onee (1-electron integrals) done.
probe (project orbitals) done.
grid (grid generation) done.
rwr (Q operators) done.
  
       i  u  d  i  g
       t  p  i  c  r                                 RMS    maximum
       e  d  i  u  i                       energy  density   DIIS  
       r  t  s  t  d       total energy    change  change    error 
  
etot    1  N  N  2  U   -1537.40256962414           1.1E-04  3.9E-03
etot    2  Y  Y  6  M   -1537.40498307255  2.4E-03  1.6E-05  1.7E-04
etot    3  N  Y  2  U   -1537.40495406474 -2.9E-05  1.2E-05  2.9E-04
etot    4  N  Y  2  U   -1537.40497802292  2.4E-05  3.4E-06  1.2E-04
etot    5  N  N  2  U   -1537.40498061363  2.6E-06  0.0E+00  0.0E+00
scf (DFT) done.
der1a (1-e 1st deriv.) done.
rwr (1st deriv. Q) done.
der1b (2-e 1st deriv.) done.
  Geometry optimization step  18
  Total energy:     -1537.45003275868 hartrees
  energy change:          -6.1472E-05 .  (  5.0000E-05 )
  gradient maximum:        5.2771E-04 .  (  4.5000E-04 )
  gradient rms:            1.1198E-04 *  (  3.0000E-04 )
  displacement maximum:    2.3200E-02 .  (  1.8000E-03 )
  displacement rms:        3.1128E-03 .  (  1.2000E-03 )
  
  predicted energy change: -8.2488E-06
  step size:     0.04585
  trust radius:  0.30000
---------------- geometry iteration  18 complete ----------------
geopt (optimize geometry) done.
onee (1-electron integrals) done.
probe (project orbitals) done.
grid (grid generation) done.
rwr (Q operators) done.
  
       i  u  d  i  g
       t  p  i  c  r                                 RMS    maximum
       e  d  i  u  i                       energy  density   DIIS  
       r  t  s  t  d       total energy    change  change    error 
  
etot    1  N  N  2  U   -1537.40312799279           9.4E-05  5.0E-03
etot    2  Y  Y  6  M   -1537.40491825768  1.8E-03  1.3E-05  2.6E-04
etot    3  N  Y  2  U   -1537.40491123682 -7.0E-06  9.6E-06  2.5E-04
etot    4  N  Y  2  U   -1537.40492470354  1.3E-05  3.3E-06  1.1E-04
etot    5  N  N  2  U   -1537.40492731395  2.6E-06  0.0E+00  0.0E+00
scf (DFT) done.
der1a (1-e 1st deriv.) done.
rwr (1st deriv. Q) done.
der1b (2-e 1st deriv.) done.
  Geometry optimization step  19
  Total energy:     -1537.45003800761 hartrees
  energy change:          -5.2489E-06 *  (  5.0000E-05 )
  gradient maximum:        4.5244E-04 .  (  4.5000E-04 )
  gradient rms:            9.9763E-05 *  (  3.0000E-04 )
  displacement maximum:    3.9960E-02 .  (  1.8000E-03 )
  displacement rms:        3.6708E-03 .  (  1.2000E-03 )
  
  predicted energy change: -9.5282E-06
  step size:     0.05407
  trust radius:  0.30000
---------------- geometry iteration  19 complete ----------------
geopt (optimize geometry) done.
onee (1-electron integrals) done.
probe (project orbitals) done.
grid (grid generation) done.
rwr (Q operators) done.
  
       i  u  d  i  g
       t  p  i  c  r                                 RMS    maximum
       e  d  i  u  i                       energy  density   DIIS  
       r  t  s  t  d       total energy    change  change    error 
  
etot    1  N  N  2  U   -1537.40163903106           1.2E-04  7.3E-03
etot    2  Y  Y  6  M   -1537.40494298341  3.3E-03  2.1E-05  4.0E-04
etot    3  N  Y  2  U   -1537.40489349866 -4.9E-05  1.7E-05  5.9E-04
etot    4  N  Y  2  U   -1537.40495296046  5.9E-05  4.4E-06  1.3E-04
etot    5  N  N  2  U   -1537.40495775146  4.8E-06  0.0E+00  0.0E+00
scf (DFT) done.
der1a (1-e 1st deriv.) done.
rwr (1st deriv. Q) done.
der1b (2-e 1st deriv.) done.
  Geometry optimization step  20
  Total energy:     -1537.45012108370 hartrees
  energy change:          -8.3076E-05 .  (  5.0000E-05 )
  gradient maximum:        3.6054E-04 *  (  4.5000E-04 )
  gradient rms:            7.3097E-05 *  (  3.0000E-04 )
  displacement maximum:    6.2737E-02 .  (  1.8000E-03 )
  displacement rms:        6.2609E-03 .  (  1.2000E-03 )
  
  predicted energy change: -1.0687E-05
  step size:     0.09223
  trust radius:  0.30000
---------------- geometry iteration  20 complete ----------------
geopt (optimize geometry) done.
onee (1-electron integrals) done.
probe (project orbitals) done.
grid (grid generation) done.
rwr (Q operators) done.
  
       i  u  d  i  g
       t  p  i  c  r                                 RMS    maximum
       e  d  i  u  i                       energy  density   DIIS  
       r  t  s  t  d       total energy    change  change    error 
  
etot    1  N  N  2  U   -1537.39472326412           2.1E-04  1.4E-02
etot    2  Y  Y  6  M   -1537.40467921702  1.0E-02  2.8E-05  6.7E-04
etot    3  N  Y  2  U   -1537.40461124433 -6.8E-05  2.4E-05  5.3E-04
etot    4  N  Y  2  U   -1537.40468041454  6.9E-05  8.8E-06  2.9E-04
etot    5  N  Y  2  U   -1537.40470131166  2.1E-05  2.0E-06  6.2E-05
etot    6  N  N  2  U   -1537.40470196773  6.6E-07  0.0E+00  0.0E+00
scf (DFT) done.
der1a (1-e 1st deriv.) done.
rwr (1st deriv. Q) done.
der1b (2-e 1st deriv.) done.
  Geometry optimization step  21
  Total energy:     -1537.45006037461 hartrees
  energy change:           6.0709E-05 .  (  5.0000E-05 )
  gradient maximum:        7.1010E-04 .  (  4.5000E-04 )
  gradient rms:            1.6095E-04 *  (  3.0000E-04 )
  displacement maximum:    3.4018E-02 .  (  1.8000E-03 )
  displacement rms:        4.1333E-03 .  (  1.2000E-03 )
  
  predicted energy change: -7.4894E-06
  step size:     0.06089
  trust radius:  0.30000
---------------- geometry iteration  21 complete ----------------
geopt (optimize geometry) done.
onee (1-electron integrals) done.
probe (project orbitals) done.
grid (grid generation) done.
rwr (Q operators) done.
  
       i  u  d  i  g
       t  p  i  c  r                                 RMS    maximum
       e  d  i  u  i                       energy  density   DIIS  
       r  t  s  t  d       total energy    change  change    error 
  
etot    1  N  N  2  U   -1537.40083718107           1.3E-04  7.7E-03
etot    2  Y  Y  6  M   -1537.40445457337  3.6E-03  2.1E-05  3.5E-04
etot    3  N  Y  2  U   -1537.40441276752 -4.2E-05  1.7E-05  4.8E-04
etot    4  N  Y  2  U   -1537.40446790385  5.5E-05  4.6E-06  1.3E-04
etot    5  N  N  2  U   -1537.40447278833  4.9E-06  0.0E+00  0.0E+00
scf (DFT) done.
der1a (1-e 1st deriv.) done.
rwr (1st deriv. Q) done.
der1b (2-e 1st deriv.) done.
  Geometry optimization step  22
  Total energy:     -1537.44992968744 hartrees
  energy change:           1.3069E-04 .  (  5.0000E-05 )
  gradient maximum:        5.9263E-04 .  (  4.5000E-04 )
  gradient rms:            1.2016E-04 *  (  3.0000E-04 )
  displacement maximum:    3.3835E-02 .  (  1.8000E-03 )
  displacement rms:        4.0385E-03 .  (  1.2000E-03 )
  
  predicted energy change: -1.3590E-05
  step size:     0.05949
  trust radius:  0.30000
---------------- geometry iteration  22 complete ----------------
geopt (optimize geometry) done.
onee (1-electron integrals) done.
probe (project orbitals) done.
grid (grid generation) done.
rwr (Q operators) done.
  
       i  u  d  i  g
       t  p  i  c  r                                 RMS    maximum
       e  d  i  u  i                       energy  density   DIIS  
       r  t  s  t  d       total energy    change  change    error 
  
etot    1  N  N  2  U   -1537.40122355423           1.3E-04  8.1E-03
etot    2  Y  Y  6  M   -1537.40474538280  3.5E-03  2.3E-05  3.8E-04
etot    3  N  Y  2  U   -1537.40467064514 -7.5E-05  1.8E-05  5.3E-04
etot    4  N  Y  2  U   -1537.40473341891  6.3E-05  5.4E-06  1.7E-04
etot    5  N  Y  2  U   -1537.40473974181  6.3E-06  1.8E-06  6.5E-05
etot    6  N  N  2  U   -1537.40474039237  6.5E-07  0.0E+00  0.0E+00
scf (DFT) done.
der1a (1-e 1st deriv.) done.
rwr (1st deriv. Q) done.
der1b (2-e 1st deriv.) done.
  Geometry optimization step  23
  Total energy:     -1537.45004384702 hartrees
  energy change:          -1.1416E-04 .  (  5.0000E-05 )
  gradient maximum:        9.2081E-04 .  (  4.5000E-04 )
  gradient rms:            1.4677E-04 *  (  3.0000E-04 )
  displacement maximum:    1.3135E-02 .  (  1.8000E-03 )
  displacement rms:        2.7552E-03 .  (  1.2000E-03 )
  
  predicted energy change: -1.0028E-05
  step size:     0.04059
  trust radius:  0.30000
---------------- geometry iteration  23 complete ----------------
geopt (optimize geometry) done.
onee (1-electron integrals) done.
probe (project orbitals) done.
grid (grid generation) done.
rwr (Q operators) done.
  
       i  u  d  i  g
       t  p  i  c  r                                 RMS    maximum
       e  d  i  u  i                       energy  density   DIIS  
       r  t  s  t  d       total energy    change  change    error 
  
etot    1  N  N  2  U   -1537.40378084292           6.2E-05  2.5E-03
etot    2  Y  Y  6  M   -1537.40459501495  8.1E-04  1.1E-05  1.3E-04
etot    3  N  Y  2  U   -1537.40459175032 -3.3E-06  8.0E-06  1.8E-04
etot    4  N  Y  2  U   -1537.40460364146  1.2E-05  2.0E-06  5.4E-05
etot    5  N  N  2  U   -1537.40460437232  7.3E-07  0.0E+00  0.0E+00
scf (DFT) done.
der1a (1-e 1st deriv.) done.
rwr (1st deriv. Q) done.
der1b (2-e 1st deriv.) done.
  Geometry optimization step  24
  Total energy:     -1537.45002637238 hartrees
  energy change:           1.7475E-05 *  (  5.0000E-05 )
  gradient maximum:        1.9247E-04 *  (  4.5000E-04 )
  gradient rms:            4.4230E-05 #  (  3.0000E-04 )
  displacement maximum:    3.7152E-03 .  (  1.8000E-03 )
  displacement rms:        6.6470E-04 *  (  1.2000E-03 )
  
  predicted energy change: -1.1263E-06
  step size:     0.00979
  trust radius:  0.30000
------------- final geometry iteration  24 complete -------------
geopt (optimize geometry) done.
cutabab2 (abab integrals) done.
der2a (1-e JK-1st deriv.) done.
der2b (2-e JK-1st deriv.) done.
der2nda (1-e 2nd deriv.) done.
der2ndb (2-e 2nd deriv.) done.
rwr (Q operators) done.
cphfa (gradient of wave function) done.
freq (vib. frequencies) done.
Job J1_10005_2111 completed on hpc-90-03.cm.cluster at Wed May 29 11:21:31 2024
Timer (jaguar_backend.py) : 2928.33 secs (0 hrs, 48 mins, 48 secs)
Finished:   Wed May 29 11:21:31 2024
