Command:  /groups/wag/programs/Schrodinger_2020_3/jaguar run -WAIT -PARALLEL 8 /central/home/labounad/wittig-ch121/out/J1_10365_2111/J1_10365_2111.in
Release:  2020-3
Exec:     /groups/wag/programs/Schrodinger_2020_3/jaguar-v10.9/bin/Linux-x86_64
Host:     hpc-90-26.cm.cluster
JobId:    hpc-90-26-0-6656e427
JobDir:   /central/scratch/labounad/J1_10365_2111#hpc-90-26-0-6656e427
Date:     Wed May 29 01:15:38 2024

Contents of /central/scratch/labounad/J1_10365_2111#hpc-90-26-0-6656e427:
/central/scratch/labounad/J1_10365_2111#hpc-90-26-0-6656e427/.write_dir.json
/central/scratch/labounad/J1_10365_2111#hpc-90-26-0-6656e427/hpc-90-26-0-6656e427.nodes
/central/scratch/labounad/J1_10365_2111#hpc-90-26-0-6656e427/hpc-90-26-0-6656e427.recover
/central/scratch/labounad/J1_10365_2111#hpc-90-26-0-6656e427/hpc-90-26-0-6656e427
/central/scratch/labounad/J1_10365_2111#hpc-90-26-0-6656e427/J1_10365_2111.log
/central/scratch/labounad/J1_10365_2111#hpc-90-26-0-6656e427/J1_10365_2111.recover
/central/scratch/labounad/J1_10365_2111#hpc-90-26-0-6656e427/hpc-90-26-0-6656e427.mpinodes
/central/scratch/labounad/J1_10365_2111#hpc-90-26-0-6656e427/J1_10365_2111.in

Executing subprocess:
/groups/wag/programs/Schrodinger_2020_3/jaguar-v10.9/bin/Linux-x86_64/jexec J1_10365_2111.in -T 8 -out /central/scratch/labounad/J1_10365_2111#hpc-90-26-0-6656e427 -cwd

Job J1_10365_2111 started on hpc-90-26.cm.cluster at Wed May 29 01:15:39 2024
jobid: hpc-90-26-0-6656e427 
Jaguar version 10.9, release 139
 Using up to   8 threads per process
Molecular Point Group: C1      
Point Group used: C1
pre (input checking) done.
onee (1-electron integrals) done.
hfig (HF initial guess) done.
probe (project orbitals) done.
grid (grid generation) done.
rwr (Q operators) done.
scf type: DFT=PBE(X+LC)+PW91 (PBE-D3)
  
       i  u  d  i  g
       t  p  i  c  r                                 RMS    maximum
       e  d  i  u  i                       energy  density   DIIS  
       r  t  s  t  d       total energy    change  change    error 
  
etot    1  N  N  5  M   -2037.99104603578           4.7E-03  8.6E-02
etot    2  Y  Y  6  M   -2033.58213523168 -4.4E+00  9.1E-03  1.7E-01
etot    3  Y  Y  6  M   -2013.32873280119 -2.0E+01  8.4E-03  1.6E-01
etot    4  N  Y  2  U   -2036.06414441806  2.3E+01  7.9E-03  8.0E-02
etot    5  Y  Y  6  M   -2032.05445218255 -4.0E+00  7.4E-03  8.0E-02
etot    6  N  Y  2  U   -2042.75791881914  1.1E+01  1.5E-03  2.2E-02
etot    7  Y  Y  6  M   -2042.83590080745  7.8E-02  8.9E-04  3.6E-02
etot    8  N  Y  2  U   -2043.05504850739  2.2E-01  4.2E-04  1.9E-02
etot    9  Y  Y  6  M   -2043.12077824061  6.6E-02  1.8E-04  5.8E-03
etot   10  N  Y  2  U   -2043.12632536584  5.5E-03  1.0E-04  3.5E-03
etot   11  Y  Y  6  M   -2043.12959174053  3.3E-03  4.5E-05  1.3E-03
etot   12  N  Y  2  U   -2043.13017721388  5.9E-04  2.1E-05  7.6E-04
etot   13  N  Y  2  U   -2043.13034984393  1.7E-04  8.0E-06  1.8E-04
etot   14  N  Y  2  U   -2043.13036995135  2.0E-05  3.1E-06  7.1E-05
etot   15  N  N  2  U   -2043.13037213953  2.2E-06  0.0E+00  0.0E+00
scf (DFT) done.
der1a (1-e 1st deriv.) done.
rwr (1st deriv. Q) done.
der1b (2-e 1st deriv.) done.
  Geometry optimization step   1
  Total energy:     -2043.21663897111 hartrees
  gradient maximum:        3.2753E-02 .  (  4.5000E-04 )
  gradient rms:            6.4485E-03 .  (  3.0000E-04 )
  displacement maximum:    1.0584E-01 .  (  1.8000E-03 )
  displacement rms:        1.6407E-02 .  (  1.2000E-03 )
  
  predicted energy change: -2.3204E-02
  step size:     0.30030
  trust radius:  0.30000
---------------- geometry iteration   1 complete ----------------
geopt (optimize geometry) done.
onee (1-electron integrals) done.
probe (project orbitals) done.
grid (grid generation) done.
rwr (Q operators) done.
  
       i  u  d  i  g
       t  p  i  c  r                                 RMS    maximum
       e  d  i  u  i                       energy  density   DIIS  
       r  t  s  t  d       total energy    change  change    error 
  
etot    1  N  N  2  U   -2043.14074325411           5.8E-04  1.2E-02
etot    2  Y  Y  6  M   -2043.15234549829  1.2E-02  7.4E-05  7.1E-04
etot    3  N  Y  2  U   -2043.15142888218 -9.2E-04  5.4E-05  1.5E-03
etot    4  Y  Y  6  M   -2043.15268347751  1.3E-03  1.4E-05  5.7E-04
etot    5  N  Y  2  U   -2043.15275765146  7.4E-05  5.0E-06  2.2E-04
etot    6  N  Y  2  U   -2043.15276788746  1.0E-05  1.5E-06  4.4E-05
etot    7  N  N  2  U   -2043.15276842058  5.3E-07  0.0E+00  0.0E+00
scf (DFT) done.
der1a (1-e 1st deriv.) done.
rwr (1st deriv. Q) done.
der1b (2-e 1st deriv.) done.
  Geometry optimization step   2
  Total energy:     -2043.23830272409 hartrees
  energy change:          -2.1664E-02 .  (  5.0000E-05 )
  gradient maximum:        1.3455E-02 .  (  4.5000E-04 )
  gradient rms:            2.3561E-03 .  (  3.0000E-04 )
  displacement maximum:    8.2745E-02 .  (  1.8000E-03 )
  displacement rms:        1.6425E-02 .  (  1.2000E-03 )
  
  predicted energy change: -6.2203E-03
  step size:     0.30062
  trust radius:  0.30000
---------------- geometry iteration   2 complete ----------------
geopt (optimize geometry) done.
onee (1-electron integrals) done.
probe (project orbitals) done.
grid (grid generation) done.
rwr (Q operators) done.
  
       i  u  d  i  g
       t  p  i  c  r                                 RMS    maximum
       e  d  i  u  i                       energy  density   DIIS  
       r  t  s  t  d       total energy    change  change    error 
  
etot    1  N  N  2  U   -2043.13395960386           2.6E-04  5.9E-03
etot    2  Y  Y  6  M   -2043.15773820807  2.4E-02  6.4E-05  7.1E-04
etot    3  N  Y  2  U   -2043.15675938190 -9.8E-04  4.9E-05  2.0E-03
etot    4  N  Y  2  U   -2043.15788694767  1.1E-03  1.5E-05  7.2E-04
etot    5  N  Y  2  U   -2043.15797120203  8.4E-05  4.6E-06  2.1E-04
etot    6  N  N  2  U   -2043.15797965283  8.5E-06  0.0E+00  0.0E+00
scf (DFT) done.
der1a (1-e 1st deriv.) done.
rwr (1st deriv. Q) done.
der1b (2-e 1st deriv.) done.
  Geometry optimization step   3
  Total energy:     -2043.24352129932 hartrees
  energy change:          -5.2186E-03 .  (  5.0000E-05 )
  gradient maximum:        6.2529E-03 .  (  4.5000E-04 )
  gradient rms:            1.4037E-03 .  (  3.0000E-04 )
  displacement maximum:    8.2130E-02 .  (  1.8000E-03 )
  displacement rms:        1.6424E-02 .  (  1.2000E-03 )
  
  predicted energy change: -3.4551E-03
  step size:     0.30060
  trust radius:  0.30000
---------------- geometry iteration   3 complete ----------------
geopt (optimize geometry) done.
onee (1-electron integrals) done.
probe (project orbitals) done.
grid (grid generation) done.
rwr (Q operators) done.
  
       i  u  d  i  g
       t  p  i  c  r                                 RMS    maximum
       e  d  i  u  i                       energy  density   DIIS  
       r  t  s  t  d       total energy    change  change    error 
  
etot    1  N  N  2  U   -2043.13359265569           2.9E-04  6.6E-03
etot    2  Y  Y  6  M   -2043.15894750066  2.5E-02  7.0E-05  6.4E-04
etot    3  N  Y  2  U   -2043.15781987691 -1.1E-03  5.2E-05  1.8E-03
etot    4  Y  Y  6  M   -2043.15901264364  1.2E-03  1.3E-05  4.9E-04
etot    5  N  Y  2  U   -2043.15907181231  5.9E-05  4.4E-06  2.1E-04
etot    6  N  N  2  U   -2043.15908010435  8.3E-06  0.0E+00  0.0E+00
scf (DFT) done.
der1a (1-e 1st deriv.) done.
rwr (1st deriv. Q) done.
der1b (2-e 1st deriv.) done.
  Geometry optimization step   4
  Total energy:     -2043.24505951673 hartrees
  energy change:          -1.5382E-03 .  (  5.0000E-05 )
  gradient maximum:        1.8349E-02 .  (  4.5000E-04 )
  gradient rms:            2.3429E-03 .  (  3.0000E-04 )
  displacement maximum:    1.2444E-01 .  (  1.8000E-03 )
  displacement rms:        1.6430E-02 .  (  1.2000E-03 )
  
  predicted energy change: -2.4759E-03
  step size:     0.30072
  trust radius:  0.30000
---------------- geometry iteration   4 complete ----------------
geopt (optimize geometry) done.
onee (1-electron integrals) done.
probe (project orbitals) done.
grid (grid generation) done.
rwr (Q operators) done.
  
       i  u  d  i  g
       t  p  i  c  r                                 RMS    maximum
       e  d  i  u  i                       energy  density   DIIS  
       r  t  s  t  d       total energy    change  change    error 
  
etot    1  N  N  2  U   -2043.11534547701           3.7E-04  1.2E-02
etot    2  Y  Y  6  M   -2043.16069497482  4.5E-02  6.3E-05  8.4E-04
etot    3  N  Y  2  U   -2043.15971280173 -9.8E-04  4.8E-05  2.2E-03
etot    4  N  Y  2  U   -2043.16076732769  1.1E-03  1.2E-05  5.6E-04
etot    5  N  Y  2  U   -2043.16082452513  5.7E-05  3.7E-06  1.3E-04
etot    6  N  N  2  U   -2043.16083092471  6.4E-06  0.0E+00  0.0E+00
scf (DFT) done.
der1a (1-e 1st deriv.) done.
rwr (1st deriv. Q) done.
der1b (2-e 1st deriv.) done.
  Geometry optimization step   5
  Total energy:     -2043.24711566437 hartrees
  energy change:          -2.0561E-03 .  (  5.0000E-05 )
  gradient maximum:        6.0680E-03 .  (  4.5000E-04 )
  gradient rms:            9.9062E-04 .  (  3.0000E-04 )
  displacement maximum:    1.2358E-01 .  (  1.8000E-03 )
  displacement rms:        1.6411E-02 .  (  1.2000E-03 )
  
  predicted energy change: -1.4516E-03
  step size:     0.30036
  trust radius:  0.30000
---------------- geometry iteration   5 complete ----------------
geopt (optimize geometry) done.
onee (1-electron integrals) done.
probe (project orbitals) done.
grid (grid generation) done.
rwr (Q operators) done.
  
       i  u  d  i  g
       t  p  i  c  r                                 RMS    maximum
       e  d  i  u  i                       energy  density   DIIS  
       r  t  s  t  d       total energy    change  change    error 
  
etot    1  N  N  2  U   -2043.11272607990           6.2E-04  1.4E-02
etot    2  Y  Y  6  M   -2043.16259254148  5.0E-02  5.6E-05  1.1E-03
etot    3  N  Y  2  U   -2043.16186330319 -7.3E-04  4.4E-05  1.4E-03
etot    4  N  Y  2  U   -2043.16255136321  6.9E-04  1.2E-05  5.7E-04
etot    5  N  Y  2  U   -2043.16262228479  7.1E-05  4.2E-06  1.7E-04
etot    6  N  N  2  U   -2043.16262899972  6.7E-06  0.0E+00  0.0E+00
scf (DFT) done.
der1a (1-e 1st deriv.) done.
rwr (1st deriv. Q) done.
der1b (2-e 1st deriv.) done.
  Geometry optimization step   6
  Total energy:     -2043.24826486632 hartrees
  energy change:          -1.1492E-03 .  (  5.0000E-05 )
  gradient maximum:        1.5105E-02 .  (  4.5000E-04 )
  gradient rms:            1.8563E-03 .  (  3.0000E-04 )
  displacement maximum:    1.1849E-01 .  (  1.8000E-03 )
  displacement rms:        1.6415E-02 .  (  1.2000E-03 )
  
  predicted energy change: -1.7166E-03
  step size:     0.30045
  trust radius:  0.30000
---------------- geometry iteration   6 complete ----------------
geopt (optimize geometry) done.
onee (1-electron integrals) done.
probe (project orbitals) done.
grid (grid generation) done.
rwr (Q operators) done.
  
       i  u  d  i  g
       t  p  i  c  r                                 RMS    maximum
       e  d  i  u  i                       energy  density   DIIS  
       r  t  s  t  d       total energy    change  change    error 
  
etot    1  N  N  2  U   -2043.11580741746           3.5E-04  1.4E-02
etot    2  Y  Y  6  M   -2043.16315410672  4.7E-02  4.4E-05  1.0E-03
etot    3  N  Y  2  U   -2043.16282220044 -3.3E-04  3.3E-05  1.5E-03
etot    4  N  Y  2  U   -2043.16309311879  2.7E-04  1.3E-05  6.8E-04
etot    5  N  Y  2  U   -2043.16317432667  8.1E-05  3.7E-06  1.7E-04
etot    6  N  N  2  U   -2043.16317990958  5.6E-06  0.0E+00  0.0E+00
scf (DFT) done.
der1a (1-e 1st deriv.) done.
rwr (1st deriv. Q) done.
der1b (2-e 1st deriv.) done.
  Geometry optimization step   7
  Total energy:     -2043.24889805698 hartrees
  energy change:          -6.3319E-04 .  (  5.0000E-05 )
  gradient maximum:        5.3448E-03 .  (  4.5000E-04 )
  gradient rms:            1.1168E-03 .  (  3.0000E-04 )
  displacement maximum:    1.0197E-01 .  (  1.8000E-03 )
  displacement rms:        1.6389E-02 .  (  1.2000E-03 )
  
  predicted energy change: -1.4960E-03
  step size:     0.29997
  trust radius:  0.30000
---------------- geometry iteration   7 complete ----------------
geopt (optimize geometry) done.
onee (1-electron integrals) done.
probe (project orbitals) done.
grid (grid generation) done.
rwr (Q operators) done.
  
       i  u  d  i  g
       t  p  i  c  r                                 RMS    maximum
       e  d  i  u  i                       energy  density   DIIS  
       r  t  s  t  d       total energy    change  change    error 
  
etot    1  N  N  2  U   -2043.09605254690           3.8E-04  1.2E-02
etot    2  Y  Y  6  M   -2043.16044178580  6.4E-02  6.1E-05  9.2E-04
etot    3  N  Y  2  U   -2043.15973206977 -7.1E-04  4.4E-05  1.1E-03
etot    4  N  Y  2  U   -2043.16035362563  6.2E-04  1.3E-05  4.6E-04
etot    5  N  Y  2  U   -2043.16042349184  7.0E-05  4.2E-06  1.3E-04
etot    6  N  N  2  U   -2043.16042895742  5.5E-06  0.0E+00  0.0E+00
scf (DFT) done.
der1a (1-e 1st deriv.) done.
rwr (1st deriv. Q) done.
der1b (2-e 1st deriv.) done.
  Geometry optimization step   8
  Total energy:     -2043.24737101535 hartrees
  ** restarting optimization from step    7 **
  energy change:           1.5270E-03 .  (  5.0000E-05 )
  gradient maximum:        5.3448E-03 .  (  4.5000E-04 )
  gradient rms:            1.1168E-03 .  (  3.0000E-04 )
  displacement maximum:    6.2736E-02 .  (  1.8000E-03 )
  displacement rms:        1.0766E-02 .  (  1.2000E-03 )
  
  predicted energy change: -9.1806E-04
  step size:     0.19705
  trust radius:  0.30000
---------------- geometry iteration   8 complete ----------------
geopt (optimize geometry) done.
onee (1-electron integrals) done.
probe (project orbitals) done.
grid (grid generation) done.
rwr (Q operators) done.
  
       i  u  d  i  g
       t  p  i  c  r                                 RMS    maximum
       e  d  i  u  i                       energy  density   DIIS  
       r  t  s  t  d       total energy    change  change    error 
  
etot    1  N  N  2  U   -2043.11429384362           3.4E-04  1.2E-02
etot    2  Y  Y  6  M   -2043.16334707683  4.9E-02  5.5E-05  9.7E-04
etot    3  N  Y  2  U   -2043.16287604925 -4.7E-04  4.2E-05  1.4E-03
etot    4  N  Y  2  U   -2043.16337285708  5.0E-04  1.3E-05  5.4E-04
etot    5  N  Y  2  U   -2043.16344245791  7.0E-05  3.8E-06  8.7E-05
etot    6  N  N  2  U   -2043.16344682289  4.4E-06  0.0E+00  0.0E+00
scf (DFT) done.
der1a (1-e 1st deriv.) done.
rwr (1st deriv. Q) done.
der1b (2-e 1st deriv.) done.
  Geometry optimization step   9
  Total energy:     -2043.24954238306 hartrees
  energy change:          -6.4433E-04 .  (  5.0000E-05 )
  gradient maximum:        3.6424E-03 .  (  4.5000E-04 )
  gradient rms:            6.0424E-04 .  (  3.0000E-04 )
  displacement maximum:    1.1785E-01 .  (  1.8000E-03 )
  displacement rms:        1.6423E-02 .  (  1.2000E-03 )
  
  predicted energy change: -5.9589E-04
  step size:     0.30059
  trust radius:  0.30000
---------------- geometry iteration   9 complete ----------------
geopt (optimize geometry) done.
onee (1-electron integrals) done.
probe (project orbitals) done.
grid (grid generation) done.
rwr (Q operators) done.
  
       i  u  d  i  g
       t  p  i  c  r                                 RMS    maximum
       e  d  i  u  i                       energy  density   DIIS  
       r  t  s  t  d       total energy    change  change    error 
  
etot    1  N  N  2  U   -2043.12451803721           3.1E-04  1.2E-02
etot    2  Y  Y  6  M   -2043.16379987582  3.9E-02  4.3E-05  7.0E-04
etot    3  N  Y  2  U   -2043.16342552064 -3.7E-04  3.5E-05  1.1E-03
etot    4  N  Y  2  U   -2043.16376747409  3.4E-04  1.2E-05  5.6E-04
etot    5  N  Y  2  U   -2043.16382378626  5.6E-05  3.9E-06  1.4E-04
etot    6  N  N  2  U   -2043.16382949172  5.7E-06  0.0E+00  0.0E+00
scf (DFT) done.
der1a (1-e 1st deriv.) done.
rwr (1st deriv. Q) done.
der1b (2-e 1st deriv.) done.
  Geometry optimization step  10
  Total energy:     -2043.24934654330 hartrees
  energy change:           1.9584E-04 .  (  5.0000E-05 )
  gradient maximum:        6.1895E-03 .  (  4.5000E-04 )
  gradient rms:            1.0521E-03 .  (  3.0000E-04 )
  displacement maximum:    5.3690E-02 .  (  1.8000E-03 )
  displacement rms:        7.2397E-03 .  (  1.2000E-03 )
  
  predicted energy change: -4.6635E-04
  step size:     0.13251
  trust radius:  0.30000
---------------- geometry iteration  10 complete ----------------
geopt (optimize geometry) done.
onee (1-electron integrals) done.
probe (project orbitals) done.
grid (grid generation) done.
rwr (Q operators) done.
  
       i  u  d  i  g
       t  p  i  c  r                                 RMS    maximum
       e  d  i  u  i                       energy  density   DIIS  
       r  t  s  t  d       total energy    change  change    error 
  
etot    1  N  N  2  U   -2043.15718840979           1.3E-04  4.4E-03
etot    2  Y  Y  6  M   -2043.16394429603  6.8E-03  1.9E-05  2.8E-04
etot    3  N  Y  2  U   -2043.16384754612 -9.7E-05  1.5E-05  4.1E-04
etot    4  N  Y  2  U   -2043.16391501592  6.7E-05  5.2E-06  2.0E-04
etot    5  N  Y  2  U   -2043.16392444458  9.4E-06  1.7E-06  6.7E-05
etot    6  N  N  2  U   -2043.16392572850  1.3E-06  0.0E+00  0.0E+00
scf (DFT) done.
der1a (1-e 1st deriv.) done.
rwr (1st deriv. Q) done.
der1b (2-e 1st deriv.) done.
  Geometry optimization step  11
  Total energy:     -2043.24983445171 hartrees
  energy change:          -4.8791E-04 .  (  5.0000E-05 )
  gradient maximum:        1.5243E-03 .  (  4.5000E-04 )
  gradient rms:            2.5553E-04 *  (  3.0000E-04 )
  displacement maximum:    2.2537E-02 .  (  1.8000E-03 )
  displacement rms:        5.0359E-03 .  (  1.2000E-03 )
  
  predicted energy change: -8.5025E-05
  step size:     0.09217
  trust radius:  0.30000
---------------- geometry iteration  11 complete ----------------
geopt (optimize geometry) done.
onee (1-electron integrals) done.
probe (project orbitals) done.
grid (grid generation) done.
rwr (Q operators) done.
  
       i  u  d  i  g
       t  p  i  c  r                                 RMS    maximum
       e  d  i  u  i                       energy  density   DIIS  
       r  t  s  t  d       total energy    change  change    error 
  
etot    1  N  N  2  U   -2043.16088085609           8.4E-05  1.9E-03
etot    2  Y  Y  6  M   -2043.16403592358  3.2E-03  1.2E-05  1.9E-04
etot    3  N  Y  2  U   -2043.16401474871 -2.1E-05  9.3E-06  2.6E-04
etot    4  N  Y  2  U   -2043.16403968280  2.5E-05  3.4E-06  1.3E-04
etot    5  N  N  2  U   -2043.16404449595  4.8E-06  0.0E+00  0.0E+00
scf (DFT) done.
der1a (1-e 1st deriv.) done.
rwr (1st deriv. Q) done.
der1b (2-e 1st deriv.) done.
  Geometry optimization step  12
  Total energy:     -2043.25002461149 hartrees
  energy change:          -1.9016E-04 .  (  5.0000E-05 )
  gradient maximum:        1.7095E-03 .  (  4.5000E-04 )
  gradient rms:            3.0169E-04 .  (  3.0000E-04 )
  displacement maximum:    1.7653E-02 .  (  1.8000E-03 )
  displacement rms:        3.5894E-03 .  (  1.2000E-03 )
  
  predicted energy change: -6.3397E-05
  step size:     0.06570
  trust radius:  0.30000
---------------- geometry iteration  12 complete ----------------
geopt (optimize geometry) done.
onee (1-electron integrals) done.
probe (project orbitals) done.
grid (grid generation) done.
rwr (Q operators) done.
  
       i  u  d  i  g
       t  p  i  c  r                                 RMS    maximum
       e  d  i  u  i                       energy  density   DIIS  
       r  t  s  t  d       total energy    change  change    error 
  
etot    1  N  N  2  U   -2043.16212524761           7.0E-05  2.0E-03
etot    2  Y  Y  6  M   -2043.16419714449  2.1E-03  1.3E-05  1.5E-04
etot    3  N  Y  2  U   -2043.16415168056 -4.5E-05  1.1E-05  4.4E-04
etot    4  N  Y  2  U   -2043.16419858424  4.7E-05  3.1E-06  1.3E-04
etot    5  N  N  2  U   -2043.16420246561  3.9E-06  0.0E+00  0.0E+00
scf (DFT) done.
der1a (1-e 1st deriv.) done.
rwr (1st deriv. Q) done.
der1b (2-e 1st deriv.) done.
  Geometry optimization step  13
  Total energy:     -2043.25013836220 hartrees
  energy change:          -1.1375E-04 .  (  5.0000E-05 )
  gradient maximum:        7.0214E-04 .  (  4.5000E-04 )
  gradient rms:            1.4848E-04 *  (  3.0000E-04 )
  displacement maximum:    1.2351E-02 .  (  1.8000E-03 )
  displacement rms:        2.6309E-03 .  (  1.2000E-03 )
  
  predicted energy change: -1.8496E-05
  step size:     0.04815
  trust radius:  0.30000
---------------- geometry iteration  13 complete ----------------
geopt (optimize geometry) done.
onee (1-electron integrals) done.
probe (project orbitals) done.
grid (grid generation) done.
rwr (Q operators) done.
  
       i  u  d  i  g
       t  p  i  c  r                                 RMS    maximum
       e  d  i  u  i                       energy  density   DIIS  
       r  t  s  t  d       total energy    change  change    error 
  
etot    1  N  N  2  U   -2043.16344679633           4.4E-05  1.2E-03
etot    2  N  Y  2  U   -2043.16418755563  7.4E-04  9.6E-06  1.2E-04
etot    3  N  Y  2  U   -2043.16416340611 -2.4E-05  7.7E-06  3.8E-04
etot    4  N  Y  2  U   -2043.16419133318  2.8E-05  1.7E-06  7.2E-05
etot    5  N  N  2  U   -2043.16419246422  1.1E-06  0.0E+00  0.0E+00
scf (DFT) done.
der1a (1-e 1st deriv.) done.
rwr (1st deriv. Q) done.
der1b (2-e 1st deriv.) done.
  Geometry optimization step  14
  Total energy:     -2043.25008709440 hartrees
  energy change:           5.1268E-05 .  (  5.0000E-05 )
  gradient maximum:        4.0197E-04 *  (  4.5000E-04 )
  gradient rms:            9.0276E-05 *  (  3.0000E-04 )
  displacement maximum:    1.3627E-02 .  (  1.8000E-03 )
  displacement rms:        2.3369E-03 .  (  1.2000E-03 )
  
  predicted energy change: -9.8122E-06
  step size:     0.04277
  trust radius:  0.30000
---------------- geometry iteration  14 complete ----------------
geopt (optimize geometry) done.
onee (1-electron integrals) done.
probe (project orbitals) done.
grid (grid generation) done.
rwr (Q operators) done.
  
       i  u  d  i  g
       t  p  i  c  r                                 RMS    maximum
       e  d  i  u  i                       energy  density   DIIS  
       r  t  s  t  d       total energy    change  change    error 
  
etot    1  N  N  2  U   -2043.16348145470           4.4E-05  1.4E-03
etot    2  N  Y  2  U   -2043.16421345577  7.3E-04  6.4E-06  8.3E-05
etot    3  N  Y  2  U   -2043.16420446460 -9.0E-06  5.0E-06  1.9E-04
etot    4  N  Y  2  U   -2043.16421560701  1.1E-05  1.7E-06  6.4E-05
etot    5  N  N  2  U   -2043.16421657563  9.7E-07  0.0E+00  0.0E+00
scf (DFT) done.
der1a (1-e 1st deriv.) done.
rwr (1st deriv. Q) done.
der1b (2-e 1st deriv.) done.
  Geometry optimization step  15
  Total energy:     -2043.25005690820 hartrees
  energy change:           3.0186E-05 *  (  5.0000E-05 )
  gradient maximum:        3.1097E-04 *  (  4.5000E-04 )
  gradient rms:            6.1347E-05 *  (  3.0000E-04 )
  displacement maximum:    1.5191E-02 .  (  1.8000E-03 )
  displacement rms:        2.5489E-03 .  (  1.2000E-03 )
  
  predicted energy change: -7.9969E-06
  step size:     0.04665
  trust radius:  0.30000
---------------- geometry iteration  15 complete ----------------
geopt (optimize geometry) done.
onee (1-electron integrals) done.
probe (project orbitals) done.
grid (grid generation) done.
rwr (Q operators) done.
  
       i  u  d  i  g
       t  p  i  c  r                                 RMS    maximum
       e  d  i  u  i                       energy  density   DIIS  
       r  t  s  t  d       total energy    change  change    error 
  
etot    1  N  N  2  U   -2043.16340631878           4.6E-05  1.5E-03
etot    2  N  Y  2  U   -2043.16422189008  8.2E-04  8.7E-06  1.2E-04
etot    3  N  Y  2  U   -2043.16420462663 -1.7E-05  7.0E-06  2.7E-04
etot    4  N  Y  2  U   -2043.16422491441  2.0E-05  1.7E-06  6.9E-05
etot    5  N  N  2  U   -2043.16422599061  1.1E-06  0.0E+00  0.0E+00
scf (DFT) done.
der1a (1-e 1st deriv.) done.
rwr (1st deriv. Q) done.
der1b (2-e 1st deriv.) done.
  Geometry optimization step  16
  Total energy:     -2043.25000087363 hartrees
  energy change:           5.6035E-05 .  (  5.0000E-05 )
  gradient maximum:        6.2651E-04 .  (  4.5000E-04 )
  gradient rms:            1.0421E-04 *  (  3.0000E-04 )
  displacement maximum:    7.3228E-03 .  (  1.8000E-03 )
  displacement rms:        1.2256E-03 .  (  1.2000E-03 )
  
  predicted energy change: -5.9633E-06
  step size:     0.02243
  trust radius:  0.30000
---------------- geometry iteration  16 complete ----------------
geopt (optimize geometry) done.
onee (1-electron integrals) done.
probe (project orbitals) done.
grid (grid generation) done.
rwr (Q operators) done.
  
       i  u  d  i  g
       t  p  i  c  r                                 RMS    maximum
       e  d  i  u  i                       energy  density   DIIS  
       r  t  s  t  d       total energy    change  change    error 
  
etot    1  N  N  2  U   -2043.16396724371           2.4E-05  7.2E-04
etot    2  N  Y  2  U   -2043.16417550942  2.1E-04  6.1E-06  7.8E-05
etot    3  N  Y  2  U   -2043.16416635270 -9.2E-06  4.7E-06  2.1E-04
etot    4  N  Y  2  U   -2043.16417720300  1.1E-05  1.0E-06  3.4E-05
etot    5  N  N  2  U   -2043.16417755819  3.6E-07  0.0E+00  0.0E+00
scf (DFT) done.
der1a (1-e 1st deriv.) done.
rwr (1st deriv. Q) done.
der1b (2-e 1st deriv.) done.
  Geometry optimization step  17
  Total energy:     -2043.24999407540 hartrees
  energy change:           6.7982E-06 *  (  5.0000E-05 )
  gradient maximum:        1.3188E-04 *  (  4.5000E-04 )
  gradient rms:            3.0567E-05 #  (  3.0000E-04 )
  displacement maximum:    3.4019E-03 .  (  1.8000E-03 )
  displacement rms:        4.5994E-04 *  (  1.2000E-03 )
  
  predicted energy change: -9.9575E-07
  step size:     0.00842
  trust radius:  0.30000
------------- final geometry iteration  17 complete -------------
geopt (optimize geometry) done.
cutabab2 (abab integrals) done.
der2a (1-e JK-1st deriv.) done.
der2b (2-e JK-1st deriv.) done.
der2nda (1-e 2nd deriv.) done.
der2ndb (2-e 2nd deriv.) done.
rwr (Q operators) done.
cphfa (gradient of wave function) done.
freq (vib. frequencies) done.
Job J1_10365_2111 completed on hpc-90-26.cm.cluster at Wed May 29 03:23:00 2024
Timer (jaguar_backend.py) : 7641.76 secs (2 hrs, 07 mins, 21 secs)
Finished:   Wed May 29 03:23:00 2024
