Command:  /groups/wag/programs/Schrodinger_2020_3/jaguar run -WAIT -PARALLEL 8 /central/home/labounad/wittig-ch121/out/J1_9747_2111/J1_9747_2111.in
Release:  2020-3
Exec:     /groups/wag/programs/Schrodinger_2020_3/jaguar-v10.9/bin/Linux-x86_64
Host:     hpc-93-16.cm.cluster
JobId:    hpc-93-16-0-66575bc6
JobDir:   /central/scratch/labounad/J1_9747_2111#hpc-93-16-0-66575bc6
Date:     Wed May 29 09:46:00 2024

Contents of /central/scratch/labounad/J1_9747_2111#hpc-93-16-0-66575bc6:
/central/scratch/labounad/J1_9747_2111#hpc-93-16-0-66575bc6/hpc-93-16-0-66575bc6
/central/scratch/labounad/J1_9747_2111#hpc-93-16-0-66575bc6/.write_dir.json
/central/scratch/labounad/J1_9747_2111#hpc-93-16-0-66575bc6/J1_9747_2111.recover
/central/scratch/labounad/J1_9747_2111#hpc-93-16-0-66575bc6/hpc-93-16-0-66575bc6.mpinodes
/central/scratch/labounad/J1_9747_2111#hpc-93-16-0-66575bc6/hpc-93-16-0-66575bc6.nodes
/central/scratch/labounad/J1_9747_2111#hpc-93-16-0-66575bc6/hpc-93-16-0-66575bc6.recover
/central/scratch/labounad/J1_9747_2111#hpc-93-16-0-66575bc6/J1_9747_2111.in
/central/scratch/labounad/J1_9747_2111#hpc-93-16-0-66575bc6/J1_9747_2111.log

Executing subprocess:
/groups/wag/programs/Schrodinger_2020_3/jaguar-v10.9/bin/Linux-x86_64/jexec J1_9747_2111.in -T 8 -out /central/scratch/labounad/J1_9747_2111#hpc-93-16-0-66575bc6 -cwd

Job J1_9747_2111 started on hpc-93-16.cm.cluster at Wed May 29 09:46:00 2024
jobid: hpc-93-16-0-66575bc6 
Jaguar version 10.9, release 139
 Using up to   8 threads per process
Molecular Point Group: C1      
Point Group used: C1
pre (input checking) done.
onee (1-electron integrals) done.
hfig (HF initial guess) done.
probe (project orbitals) done.
grid (grid generation) done.
rwr (Q operators) done.
scf type: DFT=PBE(X+LC)+PW91 (PBE-D3)
  
       i  u  d  i  g
       t  p  i  c  r                                 RMS    maximum
       e  d  i  u  i                       energy  density   DIIS  
       r  t  s  t  d       total energy    change  change    error 
  
etot    1  N  N  5  M   -1191.88769378505           4.9E-03  1.1E-01
etot    2  Y  Y  6  M   -1193.27321002425  1.4E+00  6.4E-03  6.6E-02
etot    3  Y  Y  6  M   -1190.05459747670 -3.2E+00  4.8E-03  1.3E-01
etot    4  N  Y  2  U   -1194.43108310849  4.4E+00  1.8E-03  7.0E-02
etot    5  Y  Y  6  M   -1194.51074471183  8.0E-02  8.6E-04  2.6E-02
etot    6  N  Y  2  U   -1194.53683109517  2.6E-02  5.9E-04  1.1E-02
etot    7  Y  Y  6  M   -1194.55415190090  1.7E-02  3.2E-04  6.9E-03
etot    8  N  Y  2  U   -1194.55996181651  5.8E-03  1.6E-04  5.3E-03
etot    9  Y  Y  6  M   -1194.56257284642  2.6E-03  4.2E-05  1.5E-03
etot   10  N  Y  2  U   -1194.56279644434  2.2E-04  1.8E-05  4.2E-04
etot   11  N  Y  2  U   -1194.56281697938  2.1E-05  7.8E-06  1.5E-04
etot   12  N  Y  2  U   -1194.56281956942  2.6E-06  3.3E-06  1.1E-04
etot   13  N  N  2  U   -1194.56282110808  1.5E-06  0.0E+00  0.0E+00
scf (DFT) done.
der1a (1-e 1st deriv.) done.
rwr (1st deriv. Q) done.
der1b (2-e 1st deriv.) done.
  Geometry optimization step   1
  Total energy:     -1194.59694803309 hartrees
  gradient maximum:        5.9327E-02 .  (  4.5000E-04 )
  gradient rms:            9.0085E-03 .  (  3.0000E-04 )
  displacement maximum:    1.5646E-01 .  (  1.8000E-03 )
  displacement rms:        2.3597E-02 .  (  1.2000E-03 )
  
  predicted energy change: -2.0121E-02
  step size:     0.30034
  trust radius:  0.30000
---------------- geometry iteration   1 complete ----------------
geopt (optimize geometry) done.
onee (1-electron integrals) done.
probe (project orbitals) done.
grid (grid generation) done.
rwr (Q operators) done.
  
       i  u  d  i  g
       t  p  i  c  r                                 RMS    maximum
       e  d  i  u  i                       energy  density   DIIS  
       r  t  s  t  d       total energy    change  change    error 
  
etot    1  N  N  2  U   -1194.55232871978           1.3E-03  1.8E-02
etot    2  Y  Y  6  M   -1194.58015351652  2.8E-02  2.4E-04  1.8E-03
etot    3  N  Y  2  U   -1194.57872832051 -1.4E-03  1.9E-04  3.2E-03
etot    4  Y  Y  6  M   -1194.58066691318  1.9E-03  4.5E-05  1.6E-03
etot    5  N  Y  2  U   -1194.58101251327  3.5E-04  1.4E-05  5.6E-04
etot    6  N  Y  2  U   -1194.58103712478  2.5E-05  5.6E-06  1.2E-04
etot    7  N  Y  2  U   -1194.58103907425  1.9E-06  2.5E-06  4.1E-05
etot    8  N  N  2  U   -1194.58103926820  1.9E-07  0.0E+00  0.0E+00
scf (DFT) done.
der1a (1-e 1st deriv.) done.
rwr (1st deriv. Q) done.
der1b (2-e 1st deriv.) done.
  Geometry optimization step   2
  Total energy:     -1194.61469146467 hartrees
  energy change:          -1.7743E-02 .  (  5.0000E-05 )
  gradient maximum:        8.9869E-03 .  (  4.5000E-04 )
  gradient rms:            2.5170E-03 .  (  3.0000E-04 )
  displacement maximum:    6.5030E-02 .  (  1.8000E-03 )
  displacement rms:        1.5472E-02 .  (  1.2000E-03 )
  
  predicted energy change: -1.8861E-03
  step size:     0.19693
  trust radius:  0.30000
---------------- geometry iteration   2 complete ----------------
geopt (optimize geometry) done.
onee (1-electron integrals) done.
probe (project orbitals) done.
grid (grid generation) done.
rwr (Q operators) done.
  
       i  u  d  i  g
       t  p  i  c  r                                 RMS    maximum
       e  d  i  u  i                       energy  density   DIIS  
       r  t  s  t  d       total energy    change  change    error 
  
etot    1  N  N  2  U   -1194.56496365054           4.0E-04  9.3E-03
etot    2  Y  Y  6  M   -1194.58268147685  1.8E-02  2.0E-04  2.5E-03
etot    3  N  Y  2  U   -1194.58082569074 -1.9E-03  1.5E-04  5.8E-03
etot    4  Y  Y  6  M   -1194.58297232293  2.1E-03  2.0E-05  7.7E-04
etot    5  N  Y  2  U   -1194.58307070051  9.8E-05  8.2E-06  3.1E-04
etot    6  N  Y  2  U   -1194.58307703253  6.3E-06  3.5E-06  8.5E-05
etot    7  N  N  2  U   -1194.58307805561  1.0E-06  0.0E+00  0.0E+00
scf (DFT) done.
der1a (1-e 1st deriv.) done.
rwr (1st deriv. Q) done.
der1b (2-e 1st deriv.) done.
  Geometry optimization step   3
  Total energy:     -1194.61628540090 hartrees
  energy change:          -1.5939E-03 .  (  5.0000E-05 )
  gradient maximum:        4.4034E-03 .  (  4.5000E-04 )
  gradient rms:            1.0329E-03 .  (  3.0000E-04 )
  displacement maximum:    9.9084E-02 .  (  1.8000E-03 )
  displacement rms:        1.9293E-02 .  (  1.2000E-03 )
  
  predicted energy change: -6.7003E-04
  step size:     0.24556
  trust radius:  0.30000
---------------- geometry iteration   3 complete ----------------
geopt (optimize geometry) done.
onee (1-electron integrals) done.
probe (project orbitals) done.
grid (grid generation) done.
rwr (Q operators) done.
  
       i  u  d  i  g
       t  p  i  c  r                                 RMS    maximum
       e  d  i  u  i                       energy  density   DIIS  
       r  t  s  t  d       total energy    change  change    error 
  
etot    1  N  N  2  U   -1194.55913397566           4.3E-04  1.1E-02
etot    2  Y  Y  6  M   -1194.58255823936  2.3E-02  5.1E-05  6.5E-04
etot    3  N  Y  2  U   -1194.58233097052 -2.3E-04  4.1E-05  1.2E-03
etot    4  N  Y  2  U   -1194.58248254569  1.5E-04  1.5E-05  6.3E-04
etot    5  N  Y  2  U   -1194.58250553373  2.3E-05  5.5E-06  2.1E-04
etot    6  N  Y  2  U   -1194.58250809548  2.6E-06  2.4E-06  5.8E-05
etot    7  N  N  2  U   -1194.58250854539  4.5E-07  0.0E+00  0.0E+00
scf (DFT) done.
der1a (1-e 1st deriv.) done.
rwr (1st deriv. Q) done.
der1b (2-e 1st deriv.) done.
  Geometry optimization step   4
  Total energy:     -1194.61631999594 hartrees
  energy change:          -3.4595E-05 *  (  5.0000E-05 )
  gradient maximum:        6.8180E-03 .  (  4.5000E-04 )
  gradient rms:            1.2860E-03 .  (  3.0000E-04 )
  displacement maximum:    1.0276E-01 .  (  1.8000E-03 )
  displacement rms:        1.4082E-02 .  (  1.2000E-03 )
  
  predicted energy change: -4.4833E-04
  step size:     0.17923
  trust radius:  0.30000
---------------- geometry iteration   4 complete ----------------
geopt (optimize geometry) done.
onee (1-electron integrals) done.
probe (project orbitals) done.
grid (grid generation) done.
rwr (Q operators) done.
  
       i  u  d  i  g
       t  p  i  c  r                                 RMS    maximum
       e  d  i  u  i                       energy  density   DIIS  
       r  t  s  t  d       total energy    change  change    error 
  
etot    1  N  N  2  U   -1194.56886458553           3.3E-04  6.8E-03
etot    2  Y  Y  6  M   -1194.58334000745  1.4E-02  2.8E-05  5.5E-04
etot    3  N  Y  2  U   -1194.58323456503 -1.1E-04  2.4E-05  6.2E-04
etot    4  N  Y  2  U   -1194.58326881883  3.4E-05  1.2E-05  3.9E-04
etot    5  N  Y  2  U   -1194.58328470189  1.6E-05  4.3E-06  1.0E-04
etot    6  N  N  2  U   -1194.58328574135  1.0E-06  0.0E+00  0.0E+00
scf (DFT) done.
der1a (1-e 1st deriv.) done.
rwr (1st deriv. Q) done.
der1b (2-e 1st deriv.) done.
  Geometry optimization step   5
  Total energy:     -1194.61699246787 hartrees
  energy change:          -6.7247E-04 .  (  5.0000E-05 )
  gradient maximum:        4.1269E-03 .  (  4.5000E-04 )
  gradient rms:            9.1976E-04 .  (  3.0000E-04 )
  displacement maximum:    2.3352E-01 .  (  1.8000E-03 )
  displacement rms:        2.3578E-02 .  (  1.2000E-03 )
  
  predicted energy change: -1.5492E-03
  step size:     0.30010
  trust radius:  0.30000
---------------- geometry iteration   5 complete ----------------
geopt (optimize geometry) done.
onee (1-electron integrals) done.
probe (project orbitals) done.
grid (grid generation) done.
rwr (Q operators) done.
  
       i  u  d  i  g
       t  p  i  c  r                                 RMS    maximum
       e  d  i  u  i                       energy  density   DIIS  
       r  t  s  t  d       total energy    change  change    error 
  
etot    1  N  N  2  U   -1194.54985798209           5.3E-04  1.2E-02
etot    2  Y  Y  6  M   -1194.58510197630  3.5E-02  9.1E-05  6.9E-04
etot    3  N  Y  2  U   -1194.58467073296 -4.3E-04  7.3E-05  1.6E-03
etot    4  Y  Y  6  M   -1194.58512971115  4.6E-04  1.9E-05  6.6E-04
etot    5  N  Y  2  U   -1194.58513486417  5.2E-06  8.3E-06  3.5E-04
etot    6  N  Y  2  U   -1194.58514215843  7.3E-06  2.9E-06  6.0E-05
etot    7  N  N  2  U   -1194.58514273041  5.7E-07  0.0E+00  0.0E+00
scf (DFT) done.
der1a (1-e 1st deriv.) done.
rwr (1st deriv. Q) done.
der1b (2-e 1st deriv.) done.
  Geometry optimization step   6
  Total energy:     -1194.61858200993 hartrees
  energy change:          -1.5895E-03 .  (  5.0000E-05 )
  gradient maximum:        7.5391E-03 .  (  4.5000E-04 )
  gradient rms:            1.7329E-03 .  (  3.0000E-04 )
  displacement maximum:    2.5266E-01 .  (  1.8000E-03 )
  displacement rms:        2.3575E-02 .  (  1.2000E-03 )
  
  predicted energy change: -1.5801E-03
  step size:     0.30006
  trust radius:  0.30000
---------------- geometry iteration   6 complete ----------------
geopt (optimize geometry) done.
onee (1-electron integrals) done.
probe (project orbitals) done.
grid (grid generation) done.
rwr (Q operators) done.
  
       i  u  d  i  g
       t  p  i  c  r                                 RMS    maximum
       e  d  i  u  i                       energy  density   DIIS  
       r  t  s  t  d       total energy    change  change    error 
  
etot    1  N  N  2  U   -1194.55672327825           4.8E-04  1.2E-02
etot    2  Y  Y  6  M   -1194.58648895299  3.0E-02  6.1E-05  5.1E-04
etot    3  N  Y  2  U   -1194.58633038660 -1.6E-04  5.2E-05  9.4E-04
etot    4  Y  Y  6  M   -1194.58651064572  1.8E-04  1.8E-05  5.3E-04
etot    5  N  Y  2  U   -1194.58652508668  1.4E-05  7.0E-06  2.9E-04
etot    6  N  Y  2  U   -1194.58653091987  5.8E-06  2.2E-06  4.4E-05
etot    7  N  N  2  U   -1194.58653116468  2.4E-07  0.0E+00  0.0E+00
scf (DFT) done.
der1a (1-e 1st deriv.) done.
rwr (1st deriv. Q) done.
der1b (2-e 1st deriv.) done.
  Geometry optimization step   7
  Total energy:     -1194.61993975897 hartrees
  energy change:          -1.3577E-03 .  (  5.0000E-05 )
  gradient maximum:        1.2870E-02 .  (  4.5000E-04 )
  gradient rms:            2.4360E-03 .  (  3.0000E-04 )
  displacement maximum:    1.8478E-01 .  (  1.8000E-03 )
  displacement rms:        2.3575E-02 .  (  1.2000E-03 )
  
  predicted energy change: -1.4699E-03
  step size:     0.30006
  trust radius:  0.30000
---------------- geometry iteration   7 complete ----------------
geopt (optimize geometry) done.
onee (1-electron integrals) done.
probe (project orbitals) done.
grid (grid generation) done.
rwr (Q operators) done.
  
       i  u  d  i  g
       t  p  i  c  r                                 RMS    maximum
       e  d  i  u  i                       energy  density   DIIS  
       r  t  s  t  d       total energy    change  change    error 
  
etot    1  N  N  2  U   -1194.55471734140           5.1E-04  1.3E-02
etot    2  Y  Y  6  M   -1194.58721985285  3.3E-02  7.3E-05  9.5E-04
etot    3  N  Y  2  U   -1194.58705079736 -1.7E-04  5.7E-05  1.1E-03
etot    4  Y  Y  6  M   -1194.58727666007  2.3E-04  1.7E-05  4.7E-04
etot    5  N  Y  2  U   -1194.58730715514  3.0E-05  4.6E-06  8.6E-05
etot    6  N  N  2  U   -1194.58730857992  1.4E-06  0.0E+00  0.0E+00
scf (DFT) done.
der1a (1-e 1st deriv.) done.
rwr (1st deriv. Q) done.
der1b (2-e 1st deriv.) done.
  Geometry optimization step   8
  Total energy:     -1194.62119368736 hartrees
  energy change:          -1.2539E-03 .  (  5.0000E-05 )
  gradient maximum:        7.2385E-03 .  (  4.5000E-04 )
  gradient rms:            1.4894E-03 .  (  3.0000E-04 )
  displacement maximum:    1.1606E-01 .  (  1.8000E-03 )
  displacement rms:        1.7739E-02 .  (  1.2000E-03 )
  
  predicted energy change: -9.7711E-04
  step size:     0.22578
  trust radius:  0.30000
---------------- geometry iteration   8 complete ----------------
geopt (optimize geometry) done.
onee (1-electron integrals) done.
probe (project orbitals) done.
grid (grid generation) done.
rwr (Q operators) done.
  
       i  u  d  i  g
       t  p  i  c  r                                 RMS    maximum
       e  d  i  u  i                       energy  density   DIIS  
       r  t  s  t  d       total energy    change  change    error 
  
etot    1  N  N  2  U   -1194.56753074892           3.8E-04  1.0E-02
etot    2  Y  Y  6  M   -1194.58822440318  2.1E-02  8.5E-05  7.7E-04
etot    3  N  Y  2  U   -1194.58772740064 -5.0E-04  6.8E-05  2.4E-03
etot    4  Y  Y  6  M   -1194.58827001481  5.4E-04  1.6E-05  4.7E-04
etot    5  N  Y  2  U   -1194.58829840367  2.8E-05  7.5E-06  2.1E-04
etot    6  N  Y  2  U   -1194.58830469636  6.3E-06  2.3E-06  4.5E-05
etot    7  N  N  2  U   -1194.58830508883  3.9E-07  0.0E+00  0.0E+00
scf (DFT) done.
der1a (1-e 1st deriv.) done.
rwr (1st deriv. Q) done.
der1b (2-e 1st deriv.) done.
  Geometry optimization step   9
  Total energy:     -1194.62239866470 hartrees
  energy change:          -1.2050E-03 .  (  5.0000E-05 )
  gradient maximum:        4.5948E-03 .  (  4.5000E-04 )
  gradient rms:            9.3145E-04 .  (  3.0000E-04 )
  displacement maximum:    2.2404E-01 .  (  1.8000E-03 )
  displacement rms:        2.3582E-02 .  (  1.2000E-03 )
  
  predicted energy change: -1.4342E-03
  step size:     0.30014
  trust radius:  0.30000
---------------- geometry iteration   9 complete ----------------
geopt (optimize geometry) done.
onee (1-electron integrals) done.
probe (project orbitals) done.
grid (grid generation) done.
rwr (Q operators) done.
  
       i  u  d  i  g
       t  p  i  c  r                                 RMS    maximum
       e  d  i  u  i                       energy  density   DIIS  
       r  t  s  t  d       total energy    change  change    error 
  
etot    1  N  N  2  U   -1194.57017960038           3.8E-04  1.2E-02
etot    2  Y  Y  6  M   -1194.58930004406  1.9E-02  7.6E-05  5.9E-04
etot    3  N  Y  2  U   -1194.58902535482 -2.7E-04  5.9E-05  1.9E-03
etot    4  Y  Y  6  M   -1194.58938334553  3.6E-04  1.4E-05  5.1E-04
etot    5  N  Y  2  U   -1194.58941275239  2.9E-05  6.8E-06  2.0E-04
etot    6  N  Y  2  U   -1194.58941764154  4.9E-06  2.3E-06  4.6E-05
etot    7  N  N  2  U   -1194.58941804469  4.0E-07  0.0E+00  0.0E+00
scf (DFT) done.
der1a (1-e 1st deriv.) done.
rwr (1st deriv. Q) done.
der1b (2-e 1st deriv.) done.
  Geometry optimization step  10
  Total energy:     -1194.62387521487 hartrees
  energy change:          -1.4766E-03 .  (  5.0000E-05 )
  gradient maximum:        6.5632E-03 .  (  4.5000E-04 )
  gradient rms:            1.5473E-03 .  (  3.0000E-04 )
  displacement maximum:    2.4091E-01 .  (  1.8000E-03 )
  displacement rms:        2.3572E-02 .  (  1.2000E-03 )
  
  predicted energy change: -1.5726E-03
  step size:     0.30002
  trust radius:  0.30000
---------------- geometry iteration  10 complete ----------------
geopt (optimize geometry) done.
onee (1-electron integrals) done.
probe (project orbitals) done.
grid (grid generation) done.
rwr (Q operators) done.
  
       i  u  d  i  g
       t  p  i  c  r                                 RMS    maximum
       e  d  i  u  i                       energy  density   DIIS  
       r  t  s  t  d       total energy    change  change    error 
  
etot    1  N  N  2  U   -1194.57186539052           3.7E-04  1.2E-02
etot    2  Y  Y  6  M   -1194.59104660688  1.9E-02  4.5E-05  3.5E-04
etot    3  N  Y  2  U   -1194.59095467410 -9.2E-05  3.6E-05  1.1E-03
etot    4  N  Y  2  U   -1194.59110113453  1.5E-04  1.2E-05  4.2E-04
etot    5  N  Y  2  U   -1194.59111182130  1.1E-05  5.7E-06  1.4E-04
etot    6  N  Y  2  U   -1194.59111459855  2.8E-06  1.8E-06  3.8E-05
etot    7  N  N  2  U   -1194.59111493070  3.3E-07  0.0E+00  0.0E+00
scf (DFT) done.
der1a (1-e 1st deriv.) done.
rwr (1st deriv. Q) done.
der1b (2-e 1st deriv.) done.
  Geometry optimization step  11
  Total energy:     -1194.62530935778 hartrees
  energy change:          -1.4341E-03 .  (  5.0000E-05 )
  gradient maximum:        5.3710E-03 .  (  4.5000E-04 )
  gradient rms:            1.4404E-03 .  (  3.0000E-04 )
  displacement maximum:    2.2410E-01 .  (  1.8000E-03 )
  displacement rms:        2.3571E-02 .  (  1.2000E-03 )
  
  predicted energy change: -1.1567E-03
  step size:     0.30001
  trust radius:  0.30000
---------------- geometry iteration  11 complete ----------------
geopt (optimize geometry) done.
onee (1-electron integrals) done.
probe (project orbitals) done.
grid (grid generation) done.
rwr (Q operators) done.
  
       i  u  d  i  g
       t  p  i  c  r                                 RMS    maximum
       e  d  i  u  i                       energy  density   DIIS  
       r  t  s  t  d       total energy    change  change    error 
  
etot    1  N  N  2  U   -1194.57131555770           3.9E-04  1.2E-02
etot    2  Y  Y  6  M   -1194.59252874057  2.1E-02  4.9E-05  4.1E-04
etot    3  N  Y  2  U   -1194.59237673631 -1.5E-04  4.1E-05  7.7E-04
etot    4  N  Y  2  U   -1194.59251673478  1.4E-04  1.3E-05  2.9E-04
etot    5  N  Y  2  U   -1194.59253281293  1.6E-05  5.0E-06  1.4E-04
etot    6  N  Y  2  U   -1194.59253499862  2.2E-06  2.0E-06  7.5E-05
etot    7  N  N  2  U   -1194.59253540437  4.1E-07  0.0E+00  0.0E+00
scf (DFT) done.
der1a (1-e 1st deriv.) done.
rwr (1st deriv. Q) done.
der1b (2-e 1st deriv.) done.
  Geometry optimization step  12
  Total energy:     -1194.62656603752 hartrees
  energy change:          -1.2567E-03 .  (  5.0000E-05 )
  gradient maximum:        6.9131E-03 .  (  4.5000E-04 )
  gradient rms:            1.0426E-03 .  (  3.0000E-04 )
  displacement maximum:    9.4699E-02 .  (  1.8000E-03 )
  displacement rms:        1.5829E-02 .  (  1.2000E-03 )
  
  predicted energy change: -5.7725E-04
  step size:     0.20147
  trust radius:  0.30000
---------------- geometry iteration  12 complete ----------------
geopt (optimize geometry) done.
onee (1-electron integrals) done.
probe (project orbitals) done.
grid (grid generation) done.
rwr (Q operators) done.
  
       i  u  d  i  g
       t  p  i  c  r                                 RMS    maximum
       e  d  i  u  i                       energy  density   DIIS  
       r  t  s  t  d       total energy    change  change    error 
  
etot    1  N  N  2  U   -1194.57771342353           3.5E-04  5.8E-03
etot    2  Y  Y  6  M   -1194.59359593641  1.6E-02  7.7E-05  4.8E-04
etot    3  N  Y  2  U   -1194.59320137523 -3.9E-04  6.2E-05  1.5E-03
etot    4  Y  Y  6  M   -1194.59360171024  4.0E-04  1.5E-05  5.2E-04
etot    5  N  Y  2  U   -1194.59361641943  1.5E-05  6.1E-06  2.4E-04
etot    6  N  Y  2  U   -1194.59362101228  4.6E-06  2.1E-06  4.3E-05
etot    7  N  N  2  U   -1194.59362126644  2.5E-07  0.0E+00  0.0E+00
scf (DFT) done.
der1a (1-e 1st deriv.) done.
rwr (1st deriv. Q) done.
der1b (2-e 1st deriv.) done.
  Geometry optimization step  13
  Total energy:     -1194.62759506754 hartrees
  energy change:          -1.0290E-03 .  (  5.0000E-05 )
  gradient maximum:        2.5705E-03 .  (  4.5000E-04 )
  gradient rms:            6.0987E-04 .  (  3.0000E-04 )
  displacement maximum:    1.0996E-01 .  (  1.8000E-03 )
  displacement rms:        1.4057E-02 .  (  1.2000E-03 )
  
  predicted energy change: -2.7072E-04
  step size:     0.17891
  trust radius:  0.30000
---------------- geometry iteration  13 complete ----------------
geopt (optimize geometry) done.
onee (1-electron integrals) done.
probe (project orbitals) done.
grid (grid generation) done.
rwr (Q operators) done.
  
       i  u  d  i  g
       t  p  i  c  r                                 RMS    maximum
       e  d  i  u  i                       energy  density   DIIS  
       r  t  s  t  d       total energy    change  change    error 
  
etot    1  N  N  2  U   -1194.58435772256           2.6E-04  6.0E-03
etot    2  Y  Y  6  M   -1194.59387008419  9.5E-03  3.2E-05  3.2E-04
etot    3  N  Y  2  U   -1194.59382169606 -4.8E-05  2.9E-05  5.5E-04
etot    4  N  Y  2  U   -1194.59386461249  4.3E-05  1.2E-05  3.9E-04
etot    5  N  Y  2  U   -1194.59388025431  1.6E-05  3.0E-06  1.0E-04
etot    6  N  N  2  U   -1194.59388118284  9.3E-07  0.0E+00  0.0E+00
scf (DFT) done.
der1a (1-e 1st deriv.) done.
rwr (1st deriv. Q) done.
der1b (2-e 1st deriv.) done.
  Geometry optimization step  14
  Total energy:     -1194.62796433044 hartrees
  energy change:          -3.6926E-04 .  (  5.0000E-05 )
  gradient maximum:        1.4657E-03 .  (  4.5000E-04 )
  gradient rms:            4.4249E-04 .  (  3.0000E-04 )
  displacement maximum:    7.0010E-02 .  (  1.8000E-03 )
  displacement rms:        9.4631E-03 .  (  1.2000E-03 )
  
  predicted energy change: -1.4924E-04
  step size:     0.12045
  trust radius:  0.30000
---------------- geometry iteration  14 complete ----------------
geopt (optimize geometry) done.
onee (1-electron integrals) done.
probe (project orbitals) done.
grid (grid generation) done.
rwr (Q operators) done.
  
       i  u  d  i  g
       t  p  i  c  r                                 RMS    maximum
       e  d  i  u  i                       energy  density   DIIS  
       r  t  s  t  d       total energy    change  change    error 
  
etot    1  N  N  2  U   -1194.59007265660           1.7E-04  4.1E-03
etot    2  Y  Y  6  M   -1194.59425980801  4.2E-03  1.8E-05  1.6E-04
etot    3  N  Y  2  U   -1194.59424177677 -1.8E-05  1.4E-05  3.9E-04
etot    4  N  Y  2  U   -1194.59426045134  1.9E-05  4.6E-06  1.6E-04
etot    5  N  N  2  U   -1194.59426255571  2.1E-06  0.0E+00  0.0E+00
scf (DFT) done.
der1a (1-e 1st deriv.) done.
rwr (1st deriv. Q) done.
der1b (2-e 1st deriv.) done.
  Geometry optimization step  15
  Total energy:     -1194.62829148902 hartrees
  energy change:          -3.2716E-04 .  (  5.0000E-05 )
  gradient maximum:        1.9347E-03 .  (  4.5000E-04 )
  gradient rms:            3.8820E-04 .  (  3.0000E-04 )
  displacement maximum:    8.6301E-02 .  (  1.8000E-03 )
  displacement rms:        1.2974E-02 .  (  1.2000E-03 )
  
  predicted energy change: -1.3712E-04
  step size:     0.16514
  trust radius:  0.30000
---------------- geometry iteration  15 complete ----------------
geopt (optimize geometry) done.
onee (1-electron integrals) done.
probe (project orbitals) done.
grid (grid generation) done.
rwr (Q operators) done.
  
       i  u  d  i  g
       t  p  i  c  r                                 RMS    maximum
       e  d  i  u  i                       energy  density   DIIS  
       r  t  s  t  d       total energy    change  change    error 
  
etot    1  N  N  2  U   -1194.58619274763           2.4E-04  4.7E-03
etot    2  Y  Y  6  M   -1194.59427879080  8.1E-03  4.5E-05  4.2E-04
etot    3  N  Y  2  U   -1194.59411702169 -1.6E-04  3.9E-05  1.4E-03
etot    4  N  Y  2  U   -1194.59426492282  1.5E-04  1.1E-05  4.0E-04
etot    5  N  Y  2  U   -1194.59427689511  1.2E-05  3.3E-06  7.1E-05
etot    6  N  N  2  U   -1194.59427811524  1.2E-06  0.0E+00  0.0E+00
scf (DFT) done.
der1a (1-e 1st deriv.) done.
rwr (1st deriv. Q) done.
der1b (2-e 1st deriv.) done.
  Geometry optimization step  16
  Total energy:     -1194.62838534922 hartrees
  energy change:          -9.3860E-05 .  (  5.0000E-05 )
  gradient maximum:        2.1788E-03 .  (  4.5000E-04 )
  gradient rms:            3.7010E-04 .  (  3.0000E-04 )
  displacement maximum:    3.9671E-02 .  (  1.8000E-03 )
  displacement rms:        6.7261E-03 .  (  1.2000E-03 )
  
  predicted energy change: -6.5868E-05
  step size:     0.08561
  trust radius:  0.30000
---------------- geometry iteration  16 complete ----------------
geopt (optimize geometry) done.
onee (1-electron integrals) done.
probe (project orbitals) done.
grid (grid generation) done.
rwr (Q operators) done.
  
       i  u  d  i  g
       t  p  i  c  r                                 RMS    maximum
       e  d  i  u  i                       energy  density   DIIS  
       r  t  s  t  d       total energy    change  change    error 
  
etot    1  N  N  2  U   -1194.59126286975           1.6E-04  4.0E-03
etot    2  Y  Y  6  M   -1194.59448976165  3.2E-03  1.9E-05  4.0E-04
etot    3  N  Y  2  U   -1194.59448386526 -5.9E-06  1.6E-05  4.3E-04
etot    4  N  Y  2  U   -1194.59449499436  1.1E-05  7.6E-06  3.2E-04
etot    5  N  Y  2  U   -1194.59450250877  7.5E-06  2.0E-06  3.3E-05
etot    6  N  N  2  U   -1194.59450275356  2.4E-07  0.0E+00  0.0E+00
scf (DFT) done.
der1a (1-e 1st deriv.) done.
rwr (1st deriv. Q) done.
der1b (2-e 1st deriv.) done.
  Geometry optimization step  17
  Total energy:     -1194.62854225746 hartrees
  energy change:          -1.5691E-04 .  (  5.0000E-05 )
  gradient maximum:        1.2057E-03 .  (  4.5000E-04 )
  gradient rms:            2.3033E-04 *  (  3.0000E-04 )
  displacement maximum:    1.0731E-02 .  (  1.8000E-03 )
  displacement rms:        2.1702E-03 .  (  1.2000E-03 )
  
  predicted energy change: -1.7978E-05
  step size:     0.02762
  trust radius:  0.30000
---------------- geometry iteration  17 complete ----------------
geopt (optimize geometry) done.
onee (1-electron integrals) done.
probe (project orbitals) done.
grid (grid generation) done.
rwr (Q operators) done.
  
       i  u  d  i  g
       t  p  i  c  r                                 RMS    maximum
       e  d  i  u  i                       energy  density   DIIS  
       r  t  s  t  d       total energy    change  change    error 
  
etot    1  N  N  2  U   -1194.59412642822           5.6E-05  1.4E-03
etot    2  Y  Y  6  M   -1194.59451690474  3.9E-04  1.1E-05  1.0E-04
etot    3  N  Y  2  U   -1194.59450850865 -8.4E-06  8.9E-06  2.5E-04
etot    4  N  Y  2  U   -1194.59451548703  7.0E-06  2.6E-06  1.1E-04
etot    5  N  N  2  U   -1194.59451606261  5.8E-07  0.0E+00  0.0E+00
scf (DFT) done.
der1a (1-e 1st deriv.) done.
rwr (1st deriv. Q) done.
der1b (2-e 1st deriv.) done.
  Geometry optimization step  18
  Total energy:     -1194.62852711469 hartrees
  energy change:           1.5143E-05 *  (  5.0000E-05 )
  gradient maximum:        5.2558E-04 .  (  4.5000E-04 )
  gradient rms:            1.1923E-04 *  (  3.0000E-04 )
  displacement maximum:    1.6289E-02 .  (  1.8000E-03 )
  displacement rms:        1.9471E-03 .  (  1.2000E-03 )
  
  predicted energy change: -6.1912E-06
  step size:     0.02478
  trust radius:  0.30000
---------------- geometry iteration  18 complete ----------------
geopt (optimize geometry) done.
onee (1-electron integrals) done.
probe (project orbitals) done.
grid (grid generation) done.
rwr (Q operators) done.
  
       i  u  d  i  g
       t  p  i  c  r                                 RMS    maximum
       e  d  i  u  i                       energy  density   DIIS  
       r  t  s  t  d       total energy    change  change    error 
  
etot    1  N  N  2  U   -1194.59429905594           3.7E-05  9.6E-04
etot    2  N  Y  2  U   -1194.59446929278  1.7E-04  9.4E-06  1.1E-04
etot    3  N  Y  2  U   -1194.59446124577 -8.0E-06  7.7E-06  3.3E-04
etot    4  N  Y  2  U   -1194.59447026085  9.0E-06  2.0E-06  4.3E-05
etot    5  N  N  2  U   -1194.59447047973  2.2E-07  0.0E+00  0.0E+00
scf (DFT) done.
der1a (1-e 1st deriv.) done.
rwr (1st deriv. Q) done.
der1b (2-e 1st deriv.) done.
  Geometry optimization step  19
  Total energy:     -1194.62852255675 hartrees
  energy change:           4.5579E-06 *  (  5.0000E-05 )
  gradient maximum:        2.1956E-04 *  (  4.5000E-04 )
  gradient rms:            6.4667E-05 *  (  3.0000E-04 )
  displacement maximum:    1.2751E-02 .  (  1.8000E-03 )
  displacement rms:        1.4688E-03 .  (  1.2000E-03 )
  
  predicted energy change: -3.3281E-06
  step size:     0.01869
  trust radius:  0.30000
---------------- geometry iteration  19 complete ----------------
geopt (optimize geometry) done.
onee (1-electron integrals) done.
probe (project orbitals) done.
grid (grid generation) done.
rwr (Q operators) done.
  
       i  u  d  i  g
       t  p  i  c  r                                 RMS    maximum
       e  d  i  u  i                       energy  density   DIIS  
       r  t  s  t  d       total energy    change  change    error 
  
etot    1  N  N  2  U   -1194.59435466409           2.6E-05  9.9E-04
etot    2  N  Y  2  U   -1194.59445404375  9.9E-05  7.7E-06  5.0E-05
etot    3  N  Y  2  U   -1194.59444984170 -4.2E-06  6.1E-06  1.8E-04
etot    4  N  Y  2  U   -1194.59445456510  4.7E-06  9.9E-07  3.8E-05
etot    5  N  N  2  U   -1194.59445463777  7.3E-08  0.0E+00  0.0E+00
scf (DFT) done.
der1a (1-e 1st deriv.) done.
rwr (1st deriv. Q) done.
der1b (2-e 1st deriv.) done.
  Geometry optimization step  20
  Total energy:     -1194.62851712813 hartrees
  energy change:           5.4286E-06 *  (  5.0000E-05 )
  gradient maximum:        1.5883E-04 *  (  4.5000E-04 )
  gradient rms:            4.2219E-05 #  (  3.0000E-04 )
  displacement maximum:    1.2541E-02 .  (  1.8000E-03 )
  displacement rms:        1.1379E-03 *  (  1.2000E-03 )
  
  predicted energy change: -1.4240E-06
  step size:     0.01448
  trust radius:  0.30000
------------- final geometry iteration  20 complete -------------
geopt (optimize geometry) done.
cutabab2 (abab integrals) done.
der2a (1-e JK-1st deriv.) done.
der2b (2-e JK-1st deriv.) done.
der2nda (1-e 2nd deriv.) done.
der2ndb (2-e 2nd deriv.) done.
rwr (Q operators) done.
cphfa (gradient of wave function) done.
freq (vib. frequencies) done.
Job J1_9747_2111 completed on hpc-93-16.cm.cluster at Wed May 29 10:16:23 2024
Timer (jaguar_backend.py) : 1823.01 secs (0 hrs, 30 mins, 23 secs)
Finished:   Wed May 29 10:16:23 2024
