Command:  /groups/wag/programs/Schrodinger_2020_3/jaguar run -WAIT -PARALLEL 8 /central/home/labounad/wittig-ch121/out/J1_9560_2111/J1_9560_2111.in
Release:  2020-3
Exec:     /groups/wag/programs/Schrodinger_2020_3/jaguar-v10.9/bin/Linux-x86_64
Host:     hpc-93-16.cm.cluster
JobId:    hpc-93-16-0-6656efe8
JobDir:   /central/scratch/labounad/J1_9560_2111#hpc-93-16-0-6656efe8
Date:     Wed May 29 02:05:46 2024

Contents of /central/scratch/labounad/J1_9560_2111#hpc-93-16-0-6656efe8:
/central/scratch/labounad/J1_9560_2111#hpc-93-16-0-6656efe8/.write_dir.json
/central/scratch/labounad/J1_9560_2111#hpc-93-16-0-6656efe8/hpc-93-16-0-6656efe8
/central/scratch/labounad/J1_9560_2111#hpc-93-16-0-6656efe8/hpc-93-16-0-6656efe8.mpinodes
/central/scratch/labounad/J1_9560_2111#hpc-93-16-0-6656efe8/J1_9560_2111.recover
/central/scratch/labounad/J1_9560_2111#hpc-93-16-0-6656efe8/J1_9560_2111.in
/central/scratch/labounad/J1_9560_2111#hpc-93-16-0-6656efe8/J1_9560_2111.log
/central/scratch/labounad/J1_9560_2111#hpc-93-16-0-6656efe8/hpc-93-16-0-6656efe8.recover
/central/scratch/labounad/J1_9560_2111#hpc-93-16-0-6656efe8/hpc-93-16-0-6656efe8.nodes

Executing subprocess:
/groups/wag/programs/Schrodinger_2020_3/jaguar-v10.9/bin/Linux-x86_64/jexec J1_9560_2111.in -T 8 -out /central/scratch/labounad/J1_9560_2111#hpc-93-16-0-6656efe8 -cwd

Job J1_9560_2111 started on hpc-93-16.cm.cluster at Wed May 29 02:05:47 2024
jobid: hpc-93-16-0-6656efe8 
Jaguar version 10.9, release 139
 Using up to   8 threads per process
Molecular Point Group: C1      
Point Group used: C1
pre (input checking) done.
onee (1-electron integrals) done.
hfig (HF initial guess) done.
probe (project orbitals) done.
grid (grid generation) done.
rwr (Q operators) done.
scf type: DFT=PBE(X+LC)+PW91 (PBE-D3)
  
       i  u  d  i  g
       t  p  i  c  r                                 RMS    maximum
       e  d  i  u  i                       energy  density   DIIS  
       r  t  s  t  d       total energy    change  change    error 
  
etot    1  N  N  5  M   -2559.51403862517           3.7E-03  1.2E-01
etot    2  Y  Y  6  M   -2555.70272347518 -3.8E+00  1.9E-02  9.7E-02
etot    3  Y  Y  6  M   -2360.09971442302 -2.0E+02  1.9E-02  3.1E-01
etot    4  N  Y  2  U   -2559.82204708557  2.0E+02  3.1E-03  1.1E-01
etot    5  Y  Y  6  M   -2564.81238618290  5.0E+00  2.3E-03  3.7E-02
etot    6  N  Y  2  U   -2563.48290978165 -1.3E+00  1.9E-03  6.1E-02
etot    7  N  Y  2  U   -2565.17848317064  1.7E+00  6.0E-04  2.2E-02
etot    8  Y  Y  6  M   -2565.36408012671  1.9E-01  3.6E-04  9.1E-03
etot    9  N  Y  2  U   -2565.36715859148  3.1E-03  2.4E-04  8.2E-03
etot   10  Y  Y  6  M   -2565.39757079541  3.0E-02  9.6E-05  3.0E-03
etot   11  N  Y  2  U   -2565.40138890742  3.8E-03  4.7E-05  1.3E-03
etot   12  N  Y  2  U   -2565.40209974447  7.1E-04  2.7E-05  1.1E-03
etot   13  N  Y  2  U   -2565.40245834691  3.6E-04  1.3E-05  4.5E-04
etot   14  N  Y  2  U   -2565.40248794124  3.0E-05  6.1E-06  2.1E-04
etot   15  N  Y  2  U   -2565.40250998114  2.2E-05  1.5E-06  3.6E-05
etot   16  N  N  2  U   -2565.40251077989  8.0E-07  0.0E+00  0.0E+00
scf (DFT) done.
der1a (1-e 1st deriv.) done.
rwr (1st deriv. Q) done.
der1b (2-e 1st deriv.) done.
  Geometry optimization step   1
  Total energy:     -2565.48724180856 hartrees
  gradient maximum:        6.4713E-02 .  (  4.5000E-04 )
  gradient rms:            8.4444E-03 .  (  3.0000E-04 )
  displacement maximum:    1.2816E-01 .  (  1.8000E-03 )
  displacement rms:        1.5921E-02 .  (  1.2000E-03 )
  
  predicted energy change: -3.1984E-02
  step size:     0.30040
  trust radius:  0.30000
---------------- geometry iteration   1 complete ----------------
geopt (optimize geometry) done.
onee (1-electron integrals) done.
probe (project orbitals) done.
grid (grid generation) done.
rwr (Q operators) done.
  
       i  u  d  i  g
       t  p  i  c  r                                 RMS    maximum
       e  d  i  u  i                       energy  density   DIIS  
       r  t  s  t  d       total energy    change  change    error 
  
etot    1  N  N  2  U   -2565.39038489726           8.1E-04  1.8E-02
etot    2  Y  Y  6  M   -2565.43341414319  4.3E-02  1.4E-04  1.1E-03
etot    3  N  Y  2  U   -2565.43010220422 -3.3E-03  1.1E-04  3.3E-03
etot    4  Y  Y  6  M   -2565.43429258872  4.2E-03  2.4E-05  1.2E-03
etot    5  N  Y  2  U   -2565.43461160779  3.2E-04  1.0E-05  4.9E-04
etot    6  N  Y  2  U   -2565.43466854769  5.7E-05  3.3E-06  1.1E-04
etot    7  N  N  2  U   -2565.43467400954  5.5E-06  0.0E+00  0.0E+00
scf (DFT) done.
der1a (1-e 1st deriv.) done.
rwr (1st deriv. Q) done.
der1b (2-e 1st deriv.) done.
  Geometry optimization step   2
  Total energy:     -2565.51600391756 hartrees
  energy change:          -2.8762E-02 .  (  5.0000E-05 )
  gradient maximum:        1.4414E-02 .  (  4.5000E-04 )
  gradient rms:            2.9238E-03 .  (  3.0000E-04 )
  displacement maximum:    8.0575E-02 .  (  1.8000E-03 )
  displacement rms:        1.5901E-02 .  (  1.2000E-03 )
  
  predicted energy change: -9.4340E-03
  step size:     0.30002
  trust radius:  0.30000
---------------- geometry iteration   2 complete ----------------
geopt (optimize geometry) done.
onee (1-electron integrals) done.
probe (project orbitals) done.
grid (grid generation) done.
rwr (Q operators) done.
  
       i  u  d  i  g
       t  p  i  c  r                                 RMS    maximum
       e  d  i  u  i                       energy  density   DIIS  
       r  t  s  t  d       total energy    change  change    error 
  
etot    1  N  N  2  U   -2565.39601566033           2.9E-04  7.5E-03
etot    2  Y  Y  6  M   -2565.44076087312  4.5E-02  9.2E-05  8.0E-04
etot    3  N  Y  2  U   -2565.43905332599 -1.7E-03  8.0E-05  2.5E-03
etot    4  Y  Y  6  M   -2565.44103791229  2.0E-03  2.3E-05  1.0E-03
etot    5  N  Y  2  U   -2565.44124642669  2.1E-04  9.0E-06  4.6E-04
etot    6  N  Y  2  U   -2565.44129791689  5.1E-05  2.2E-06  7.4E-05
etot    7  N  N  2  U   -2565.44130009249  2.2E-06  0.0E+00  0.0E+00
scf (DFT) done.
der1a (1-e 1st deriv.) done.
rwr (1st deriv. Q) done.
der1b (2-e 1st deriv.) done.
  Geometry optimization step   3
  Total energy:     -2565.52456187237 hartrees
  energy change:          -8.5580E-03 .  (  5.0000E-05 )
  gradient maximum:        1.0460E-02 .  (  4.5000E-04 )
  gradient rms:            1.9086E-03 .  (  3.0000E-04 )
  displacement maximum:    8.6183E-02 .  (  1.8000E-03 )
  displacement rms:        1.0934E-02 .  (  1.2000E-03 )
  
  predicted energy change: -3.9780E-03
  step size:     0.20631
  trust radius:  0.30000
---------------- geometry iteration   3 complete ----------------
geopt (optimize geometry) done.
onee (1-electron integrals) done.
probe (project orbitals) done.
grid (grid generation) done.
rwr (Q operators) done.
  
       i  u  d  i  g
       t  p  i  c  r                                 RMS    maximum
       e  d  i  u  i                       energy  density   DIIS  
       r  t  s  t  d       total energy    change  change    error 
  
etot    1  N  N  2  U   -2565.36107260697           6.3E-04  1.6E-02
etot    2  Y  Y  6  M   -2565.44445790363  8.3E-02  8.7E-05  6.8E-04
etot    3  N  Y  2  U   -2565.44249553608 -2.0E-03  6.7E-05  1.7E-03
etot    4  Y  Y  6  M   -2565.44453835310  2.0E-03  1.4E-05  5.4E-04
etot    5  N  Y  2  U   -2565.44460449179  6.6E-05  5.4E-06  2.7E-04
etot    6  N  Y  2  U   -2565.44462220120  1.8E-05  2.1E-06  8.6E-05
etot    7  N  N  2  U   -2565.44462294346  7.4E-07  0.0E+00  0.0E+00
scf (DFT) done.
der1a (1-e 1st deriv.) done.
rwr (1st deriv. Q) done.
der1b (2-e 1st deriv.) done.
  Geometry optimization step   4
  Total energy:     -2565.52693705672 hartrees
  energy change:          -2.3752E-03 .  (  5.0000E-05 )
  gradient maximum:        5.6609E-03 .  (  4.5000E-04 )
  gradient rms:            1.0265E-03 .  (  3.0000E-04 )
  displacement maximum:    1.1346E-01 .  (  1.8000E-03 )
  displacement rms:        1.2238E-02 .  (  1.2000E-03 )
  
  predicted energy change: -2.1821E-03
  step size:     0.23090
  trust radius:  0.30000
---------------- geometry iteration   4 complete ----------------
geopt (optimize geometry) done.
onee (1-electron integrals) done.
probe (project orbitals) done.
grid (grid generation) done.
rwr (Q operators) done.
  
       i  u  d  i  g
       t  p  i  c  r                                 RMS    maximum
       e  d  i  u  i                       energy  density   DIIS  
       r  t  s  t  d       total energy    change  change    error 
  
etot    1  N  N  2  U   -2565.38265775617           3.3E-04  1.2E-02
etot    2  Y  Y  6  M   -2565.44530844227  6.3E-02  5.7E-05  6.5E-04
etot    3  N  Y  2  U   -2565.44416071939 -1.1E-03  4.2E-05  1.4E-03
etot    4  N  Y  2  U   -2565.44521817460  1.1E-03  1.5E-05  4.0E-04
etot    5  N  Y  2  U   -2565.44526760787  4.9E-05  7.4E-06  2.1E-04
etot    6  N  Y  2  U   -2565.44529226285  2.5E-05  2.1E-06  8.8E-05
etot    7  N  N  2  U   -2565.44529411337  1.9E-06  0.0E+00  0.0E+00
scf (DFT) done.
der1a (1-e 1st deriv.) done.
rwr (1st deriv. Q) done.
der1b (2-e 1st deriv.) done.
  Geometry optimization step   5
  Total energy:     -2565.52868079171 hartrees
  energy change:          -1.7437E-03 .  (  5.0000E-05 )
  gradient maximum:        6.6148E-03 .  (  4.5000E-04 )
  gradient rms:            9.9872E-04 .  (  3.0000E-04 )
  displacement maximum:    9.2917E-02 .  (  1.8000E-03 )
  displacement rms:        1.5927E-02 .  (  1.2000E-03 )
  
  predicted energy change: -2.2340E-03
  step size:     0.30050
  trust radius:  0.30000
---------------- geometry iteration   5 complete ----------------
geopt (optimize geometry) done.
onee (1-electron integrals) done.
probe (project orbitals) done.
grid (grid generation) done.
rwr (Q operators) done.
  
       i  u  d  i  g
       t  p  i  c  r                                 RMS    maximum
       e  d  i  u  i                       energy  density   DIIS  
       r  t  s  t  d       total energy    change  change    error 
  
etot    1  N  N  2  U   -2565.35629325672           4.1E-04  1.1E-02
etot    2  Y  Y  6  M   -2565.44655714017  9.0E-02  8.4E-05  8.8E-04
etot    3  N  Y  2  U   -2565.44382158927 -2.7E-03  7.4E-05  2.3E-03
etot    4  Y  Y  6  M   -2565.44662350067  2.8E-03  2.1E-05  6.0E-04
etot    5  N  Y  2  U   -2565.44675942298  1.4E-04  7.7E-06  3.7E-04
etot    6  N  Y  2  U   -2565.44679503829  3.6E-05  2.5E-06  8.5E-05
etot    7  N  N  2  U   -2565.44679674170  1.7E-06  0.0E+00  0.0E+00
scf (DFT) done.
der1a (1-e 1st deriv.) done.
rwr (1st deriv. Q) done.
der1b (2-e 1st deriv.) done.
  Geometry optimization step   6
  Total energy:     -2565.52911593246 hartrees
  energy change:          -4.3514E-04 .  (  5.0000E-05 )
  gradient maximum:        8.7136E-03 .  (  4.5000E-04 )
  gradient rms:            1.6249E-03 .  (  3.0000E-04 )
  displacement maximum:    1.0777E-01 .  (  1.8000E-03 )
  displacement rms:        1.1786E-02 .  (  1.2000E-03 )
  
  predicted energy change: -1.6676E-03
  step size:     0.22238
  trust radius:  0.30000
---------------- geometry iteration   6 complete ----------------
geopt (optimize geometry) done.
onee (1-electron integrals) done.
probe (project orbitals) done.
grid (grid generation) done.
rwr (Q operators) done.
  
       i  u  d  i  g
       t  p  i  c  r                                 RMS    maximum
       e  d  i  u  i                       energy  density   DIIS  
       r  t  s  t  d       total energy    change  change    error 
  
etot    1  N  N  2  U   -2565.39166764567           3.3E-04  8.8E-03
etot    2  Y  Y  6  M   -2565.44709782038  5.5E-02  6.4E-05  6.5E-04
etot    3  N  Y  2  U   -2565.44575816632 -1.3E-03  4.6E-05  1.8E-03
etot    4  N  Y  2  U   -2565.44717996748  1.4E-03  9.6E-06  3.5E-04
etot    5  N  Y  2  U   -2565.44722058614  4.1E-05  3.9E-06  2.0E-04
etot    6  N  N  2  U   -2565.44722918957  8.6E-06  0.0E+00  0.0E+00
scf (DFT) done.
der1a (1-e 1st deriv.) done.
rwr (1st deriv. Q) done.
der1b (2-e 1st deriv.) done.
  Geometry optimization step   7
  Total energy:     -2565.53029434292 hartrees
  energy change:          -1.1784E-03 .  (  5.0000E-05 )
  gradient maximum:        6.0364E-03 .  (  4.5000E-04 )
  gradient rms:            1.0284E-03 .  (  3.0000E-04 )
  displacement maximum:    1.0697E-01 .  (  1.8000E-03 )
  displacement rms:        1.5914E-02 .  (  1.2000E-03 )
  
  predicted energy change: -1.1948E-03
  step size:     0.30026
  trust radius:  0.30000
---------------- geometry iteration   7 complete ----------------
geopt (optimize geometry) done.
onee (1-electron integrals) done.
probe (project orbitals) done.
grid (grid generation) done.
rwr (Q operators) done.
  
       i  u  d  i  g
       t  p  i  c  r                                 RMS    maximum
       e  d  i  u  i                       energy  density   DIIS  
       r  t  s  t  d       total energy    change  change    error 
  
etot    1  N  N  2  U   -2565.35658602166           6.4E-04  1.2E-02
etot    2  Y  Y  6  M   -2565.44703864990  9.0E-02  6.3E-05  9.0E-04
etot    3  N  Y  2  U   -2565.44603139749 -1.0E-03  5.1E-05  2.0E-03
etot    4  Y  Y  6  M   -2565.44703766470  1.0E-03  2.0E-05  6.3E-04
etot    5  N  Y  2  U   -2565.44724883261  2.1E-04  9.0E-06  2.7E-04
etot    6  N  Y  2  U   -2565.44727991371  3.1E-05  2.7E-06  1.1E-04
etot    7  N  N  2  U   -2565.44728233516  2.4E-06  0.0E+00  0.0E+00
scf (DFT) done.
der1a (1-e 1st deriv.) done.
rwr (1st deriv. Q) done.
der1b (2-e 1st deriv.) done.
  Geometry optimization step   8
  Total energy:     -2565.53077714460 hartrees
  energy change:          -4.8280E-04 .  (  5.0000E-05 )
  gradient maximum:        6.3427E-03 .  (  4.5000E-04 )
  gradient rms:            1.0992E-03 .  (  3.0000E-04 )
  displacement maximum:    9.2051E-02 .  (  1.8000E-03 )
  displacement rms:        1.0190E-02 .  (  1.2000E-03 )
  
  predicted energy change: -8.7641E-04
  step size:     0.19226
  trust radius:  0.30000
---------------- geometry iteration   8 complete ----------------
geopt (optimize geometry) done.
onee (1-electron integrals) done.
probe (project orbitals) done.
grid (grid generation) done.
rwr (Q operators) done.
  
       i  u  d  i  g
       t  p  i  c  r                                 RMS    maximum
       e  d  i  u  i                       energy  density   DIIS  
       r  t  s  t  d       total energy    change  change    error 
  
etot    1  N  N  2  U   -2565.41704703654           2.2E-04  8.1E-03
etot    2  Y  Y  6  M   -2565.44763392887  3.1E-02  3.1E-05  5.2E-04
etot    3  N  Y  2  U   -2565.44743526157 -2.0E-04  2.6E-05  1.1E-03
etot    4  N  Y  2  U   -2565.44766478149  2.3E-04  9.9E-06  4.7E-04
etot    5  N  Y  2  U   -2565.44770102908  3.6E-05  4.0E-06  2.6E-04
etot    6  N  N  2  U   -2565.44770924466  8.2E-06  0.0E+00  0.0E+00
scf (DFT) done.
der1a (1-e 1st deriv.) done.
rwr (1st deriv. Q) done.
der1b (2-e 1st deriv.) done.
  Geometry optimization step   9
  Total energy:     -2565.53106786430 hartrees
  energy change:          -2.9072E-04 .  (  5.0000E-05 )
  gradient maximum:        3.0680E-03 .  (  4.5000E-04 )
  gradient rms:            5.7696E-04 .  (  3.0000E-04 )
  displacement maximum:    7.0739E-02 .  (  1.8000E-03 )
  displacement rms:        9.8116E-03 .  (  1.2000E-03 )
  
  predicted energy change: -3.2124E-04
  step size:     0.18513
  trust radius:  0.30000
---------------- geometry iteration   9 complete ----------------
geopt (optimize geometry) done.
onee (1-electron integrals) done.
probe (project orbitals) done.
grid (grid generation) done.
rwr (Q operators) done.
  
       i  u  d  i  g
       t  p  i  c  r                                 RMS    maximum
       e  d  i  u  i                       energy  density   DIIS  
       r  t  s  t  d       total energy    change  change    error 
  
etot    1  N  N  2  U   -2565.41338404450           2.2E-04  7.0E-03
etot    2  Y  Y  6  M   -2565.44690644133  3.4E-02  4.7E-05  5.1E-04
etot    3  N  Y  2  U   -2565.44599553010 -9.1E-04  4.2E-05  1.4E-03
etot    4  N  Y  2  U   -2565.44688114499  8.9E-04  1.6E-05  3.9E-04
etot    5  N  Y  2  U   -2565.44695534448  7.4E-05  5.5E-06  3.5E-04
etot    6  N  Y  2  U   -2565.44697245143  1.7E-05  1.4E-06  9.4E-05
etot    7  N  N  2  U   -2565.44697302794  5.8E-07  0.0E+00  0.0E+00
scf (DFT) done.
der1a (1-e 1st deriv.) done.
rwr (1st deriv. Q) done.
der1b (2-e 1st deriv.) done.
  Geometry optimization step  10
  Total energy:     -2565.53061946968 hartrees
  energy change:           4.4839E-04 .  (  5.0000E-05 )
  gradient maximum:        2.7514E-03 .  (  4.5000E-04 )
  gradient rms:            4.7282E-04 .  (  3.0000E-04 )
  displacement maximum:    4.6436E-02 .  (  1.8000E-03 )
  displacement rms:        5.2967E-03 .  (  1.2000E-03 )
  
  predicted energy change: -1.3325E-04
  step size:     0.09994
  trust radius:  0.30000
---------------- geometry iteration  10 complete ----------------
geopt (optimize geometry) done.
onee (1-electron integrals) done.
probe (project orbitals) done.
grid (grid generation) done.
rwr (Q operators) done.
  
       i  u  d  i  g
       t  p  i  c  r                                 RMS    maximum
       e  d  i  u  i                       energy  density   DIIS  
       r  t  s  t  d       total energy    change  change    error 
  
etot    1  N  N  2  U   -2565.44005087212           1.6E-04  5.3E-03
etot    2  Y  Y  6  M   -2565.44704788530  7.0E-03  1.3E-05  3.5E-04
etot    3  N  Y  2  U   -2565.44698826137 -6.0E-05  1.1E-05  4.7E-04
etot    4  N  Y  2  U   -2565.44703668074  4.8E-05  4.6E-06  2.3E-04
etot    5  N  Y  2  U   -2565.44705061415  1.4E-05  1.3E-06  2.7E-05
etot    6  N  N  2  U   -2565.44705111350  5.0E-07  0.0E+00  0.0E+00
scf (DFT) done.
der1a (1-e 1st deriv.) done.
rwr (1st deriv. Q) done.
der1b (2-e 1st deriv.) done.
  Geometry optimization step  11
  Total energy:     -2565.53072965993 hartrees
  energy change:          -1.1019E-04 .  (  5.0000E-05 )
  gradient maximum:        1.2928E-03 .  (  4.5000E-04 )
  gradient rms:            2.1703E-04 *  (  3.0000E-04 )
  displacement maximum:    3.6239E-02 .  (  1.8000E-03 )
  displacement rms:        5.3966E-03 .  (  1.2000E-03 )
  
  predicted energy change: -9.1067E-05
  step size:     0.10182
  trust radius:  0.30000
---------------- geometry iteration  11 complete ----------------
geopt (optimize geometry) done.
onee (1-electron integrals) done.
probe (project orbitals) done.
grid (grid generation) done.
rwr (Q operators) done.
  
       i  u  d  i  g
       t  p  i  c  r                                 RMS    maximum
       e  d  i  u  i                       energy  density   DIIS  
       r  t  s  t  d       total energy    change  change    error 
  
etot    1  N  N  2  U   -2565.43367008194           1.5E-04  4.4E-03
etot    2  Y  Y  6  M   -2565.44672871774  1.3E-02  2.2E-05  3.1E-04
etot    3  N  Y  2  U   -2565.44659831719 -1.3E-04  1.7E-05  7.8E-04
etot    4  N  Y  2  U   -2565.44674209486  1.4E-04  6.2E-06  2.8E-04
etot    5  N  Y  2  U   -2565.44675867562  1.7E-05  2.8E-06  1.1E-04
etot    6  N  N  2  U   -2565.44676175606  3.1E-06  0.0E+00  0.0E+00
scf (DFT) done.
der1a (1-e 1st deriv.) done.
rwr (1st deriv. Q) done.
der1b (2-e 1st deriv.) done.
  Geometry optimization step  12
  Total energy:     -2565.53062365346 hartrees
  energy change:           1.0601E-04 .  (  5.0000E-05 )
  gradient maximum:        1.3831E-03 .  (  4.5000E-04 )
  gradient rms:            3.1151E-04 .  (  3.0000E-04 )
  displacement maximum:    3.2827E-02 .  (  1.8000E-03 )
  displacement rms:        3.7070E-03 .  (  1.2000E-03 )
  
  predicted energy change: -5.6086E-05
  step size:     0.06994
  trust radius:  0.30000
---------------- geometry iteration  12 complete ----------------
geopt (optimize geometry) done.
onee (1-electron integrals) done.
probe (project orbitals) done.
grid (grid generation) done.
rwr (Q operators) done.
  
       i  u  d  i  g
       t  p  i  c  r                                 RMS    maximum
       e  d  i  u  i                       energy  density   DIIS  
       r  t  s  t  d       total energy    change  change    error 
  
etot    1  N  N  2  U   -2565.44050654661           1.2E-04  3.3E-03
etot    2  Y  Y  6  M   -2565.44676736391  6.3E-03  2.1E-05  3.3E-04
etot    3  N  Y  2  U   -2565.44656238821 -2.0E-04  2.0E-05  1.0E-03
etot    4  N  Y  2  U   -2565.44674549564  1.8E-04  6.2E-06  2.1E-04
etot    5  N  Y  2  U   -2565.44676005088  1.5E-05  1.8E-06  7.8E-05
etot    6  N  N  2  U   -2565.44676214292  2.1E-06  0.0E+00  0.0E+00
scf (DFT) done.
der1a (1-e 1st deriv.) done.
rwr (1st deriv. Q) done.
der1b (2-e 1st deriv.) done.
  Geometry optimization step  13
  Total energy:     -2565.53064226782 hartrees
  ** restarting optimization from step    9 **
  energy change:          -1.8614E-05 *  (  5.0000E-05 )
  gradient maximum:        3.0680E-03 .  (  4.5000E-04 )
  gradient rms:            5.7696E-04 .  (  3.0000E-04 )
  displacement maximum:    1.0225E-02 .  (  1.8000E-03 )
  displacement rms:        1.8664E-03 .  (  1.2000E-03 )
  
  predicted energy change: -1.9935E-04
  step size:     0.03521
  trust radius:  0.03497
---------------- geometry iteration  13 complete ----------------
geopt (optimize geometry) done.
onee (1-electron integrals) done.
probe (project orbitals) done.
grid (grid generation) done.
rwr (Q operators) done.
  
       i  u  d  i  g
       t  p  i  c  r                                 RMS    maximum
       e  d  i  u  i                       energy  density   DIIS  
       r  t  s  t  d       total energy    change  change    error 
  
etot    1  N  N  2  U   -2565.36323960532           4.0E-04  1.2E-02
etot    2  Y  Y  6  M   -2565.44726434887  8.4E-02  5.2E-05  7.6E-04
etot    3  N  Y  2  U   -2565.44649612324 -7.7E-04  4.4E-05  1.8E-03
etot    4  N  Y  2  U   -2565.44722713306  7.3E-04  1.9E-05  8.4E-04
etot    5  N  Y  2  U   -2565.44735405843  1.3E-04  7.4E-06  2.7E-04
etot    6  N  Y  2  U   -2565.44738222390  2.8E-05  2.1E-06  8.1E-05
etot    7  N  N  2  U   -2565.44738387716  1.7E-06  0.0E+00  0.0E+00
scf (DFT) done.
der1a (1-e 1st deriv.) done.
rwr (1st deriv. Q) done.
der1b (2-e 1st deriv.) done.
  Geometry optimization step  14
  Total energy:     -2565.53079888804 hartrees
  energy change:           2.6898E-04 .  (  5.0000E-05 )
  gradient maximum:        2.3543E-03 .  (  4.5000E-04 )
  gradient rms:            2.9070E-04 *  (  3.0000E-04 )
  displacement maximum:    1.7380E-02 .  (  1.8000E-03 )
  displacement rms:        2.6366E-03 .  (  1.2000E-03 )
  
  predicted energy change: -1.1537E-04
  step size:     0.04975
  trust radius:  0.04946
---------------- geometry iteration  14 complete ----------------
geopt (optimize geometry) done.
onee (1-electron integrals) done.
probe (project orbitals) done.
grid (grid generation) done.
rwr (Q operators) done.
  
       i  u  d  i  g
       t  p  i  c  r                                 RMS    maximum
       e  d  i  u  i                       energy  density   DIIS  
       r  t  s  t  d       total energy    change  change    error 
  
etot    1  N  N  2  U   -2565.44175176185           9.3E-05  3.5E-03
etot    2  Y  Y  6  M   -2565.44727419357  5.5E-03  1.7E-05  2.4E-04
etot    3  N  Y  2  U   -2565.44713703266 -1.4E-04  1.3E-05  6.3E-04
etot    4  N  Y  2  U   -2565.44725147460  1.1E-04  3.0E-06  1.4E-04
etot    5  N  N  2  U   -2565.44725548865  4.0E-06  0.0E+00  0.0E+00
scf (DFT) done.
der1a (1-e 1st deriv.) done.
rwr (1st deriv. Q) done.
der1b (2-e 1st deriv.) done.
  Geometry optimization step  15
  Total energy:     -2565.53083938974 hartrees
  energy change:          -4.0502E-05 *  (  5.0000E-05 )
  gradient maximum:        1.0817E-03 .  (  4.5000E-04 )
  gradient rms:            1.5299E-04 *  (  3.0000E-04 )
  displacement maximum:    2.5548E-02 .  (  1.8000E-03 )
  displacement rms:        3.7363E-03 .  (  1.2000E-03 )
  
  predicted energy change: -8.9277E-05
  step size:     0.07050
  trust radius:  0.06994
---------------- geometry iteration  15 complete ----------------
geopt (optimize geometry) done.
onee (1-electron integrals) done.
probe (project orbitals) done.
grid (grid generation) done.
rwr (Q operators) done.
  
       i  u  d  i  g
       t  p  i  c  r                                 RMS    maximum
       e  d  i  u  i                       energy  density   DIIS  
       r  t  s  t  d       total energy    change  change    error 
  
etot    1  N  N  2  U   -2565.44205097430           1.0E-04  3.3E-03
etot    2  Y  Y  6  M   -2565.44729011927  5.2E-03  2.1E-05  2.4E-04
etot    3  N  Y  2  U   -2565.44711731587 -1.7E-04  1.9E-05  8.1E-04
etot    4  N  Y  2  U   -2565.44729895529  1.8E-04  5.2E-06  2.0E-04
etot    5  N  Y  2  U   -2565.44730821122  9.3E-06  1.8E-06  7.5E-05
etot    6  N  N  2  U   -2565.44731050658  2.3E-06  0.0E+00  0.0E+00
scf (DFT) done.
der1a (1-e 1st deriv.) done.
rwr (1st deriv. Q) done.
der1b (2-e 1st deriv.) done.
  Geometry optimization step  16
  Total energy:     -2565.53080750423 hartrees
  energy change:           3.1886E-05 *  (  5.0000E-05 )
  gradient maximum:        1.3421E-03 .  (  4.5000E-04 )
  gradient rms:            2.0816E-04 *  (  3.0000E-04 )
  displacement maximum:    3.4311E-02 .  (  1.8000E-03 )
  displacement rms:        5.2430E-03 .  (  1.2000E-03 )
  
  predicted energy change: -1.0828E-04
  step size:     0.09892
  trust radius:  0.09891
---------------- geometry iteration  16 complete ----------------
geopt (optimize geometry) done.
onee (1-electron integrals) done.
probe (project orbitals) done.
grid (grid generation) done.
rwr (Q operators) done.
  
       i  u  d  i  g
       t  p  i  c  r                                 RMS    maximum
       e  d  i  u  i                       energy  density   DIIS  
       r  t  s  t  d       total energy    change  change    error 
  
etot    1  N  N  2  U   -2565.43620333269           1.6E-04  3.3E-03
etot    2  Y  Y  6  M   -2565.44688049276  1.1E-02  2.2E-05  2.8E-04
etot    3  N  Y  2  U   -2565.44670350557 -1.8E-04  1.9E-05  8.3E-04
etot    4  N  Y  2  U   -2565.44686424499  1.6E-04  7.6E-06  2.8E-04
etot    5  N  Y  2  U   -2565.44688070191  1.6E-05  2.9E-06  1.3E-04
etot    6  N  N  2  U   -2565.44688582283  5.1E-06  0.0E+00  0.0E+00
scf (DFT) done.
der1a (1-e 1st deriv.) done.
rwr (1st deriv. Q) done.
der1b (2-e 1st deriv.) done.
  Geometry optimization step  17
  Total energy:     -2565.53073677864 hartrees
  energy change:           7.0726E-05 .  (  5.0000E-05 )
  gradient maximum:        9.3272E-04 .  (  4.5000E-04 )
  gradient rms:            1.7794E-04 *  (  3.0000E-04 )
  displacement maximum:    1.7637E-02 .  (  1.8000E-03 )
  displacement rms:        2.6504E-03 .  (  1.2000E-03 )
  
  predicted energy change: -3.4396E-05
  step size:     0.05001
  trust radius:  0.04946
---------------- geometry iteration  17 complete ----------------
geopt (optimize geometry) done.
onee (1-electron integrals) done.
probe (project orbitals) done.
grid (grid generation) done.
rwr (Q operators) done.
  
       i  u  d  i  g
       t  p  i  c  r                                 RMS    maximum
       e  d  i  u  i                       energy  density   DIIS  
       r  t  s  t  d       total energy    change  change    error 
  
etot    1  N  N  2  U   -2565.44500747966           6.2E-05  1.3E-03
etot    2  Y  Y  6  M   -2565.44678736511  1.8E-03  9.4E-06  1.3E-04
etot    3  N  Y  2  U   -2565.44675884280 -2.9E-05  7.4E-06  3.5E-04
etot    4  N  Y  2  U   -2565.44679330844  3.4E-05  1.8E-06  7.1E-05
etot    5  N  N  2  U   -2565.44679471107  1.4E-06  0.0E+00  0.0E+00
scf (DFT) done.
der1a (1-e 1st deriv.) done.
rwr (1st deriv. Q) done.
der1b (2-e 1st deriv.) done.
  Geometry optimization step  18
  Total energy:     -2565.53070162984 hartrees
  energy change:           3.5149E-05 *  (  5.0000E-05 )
  gradient maximum:        8.5130E-04 .  (  4.5000E-04 )
  gradient rms:            1.2189E-04 *  (  3.0000E-04 )
  displacement maximum:    1.5838E-02 .  (  1.8000E-03 )
  displacement rms:        2.1716E-03 .  (  1.2000E-03 )
  
  predicted energy change: -1.1478E-05
  step size:     0.04097
  trust radius:  0.06994
---------------- geometry iteration  18 complete ----------------
geopt (optimize geometry) done.
onee (1-electron integrals) done.
probe (project orbitals) done.
grid (grid generation) done.
rwr (Q operators) done.
  
       i  u  d  i  g
       t  p  i  c  r                                 RMS    maximum
       e  d  i  u  i                       energy  density   DIIS  
       r  t  s  t  d       total energy    change  change    error 
  
etot    1  N  N  2  U   -2565.44506054933           6.6E-05  1.5E-03
etot    2  Y  Y  6  M   -2565.44658190815  1.5E-03  1.0E-05  1.3E-04
etot    3  N  Y  2  U   -2565.44654405840 -3.8E-05  8.5E-06  4.2E-04
etot    4  N  Y  2  U   -2565.44658297633  3.9E-05  2.7E-06  1.1E-04
etot    5  N  N  2  U   -2565.44658472005  1.7E-06  0.0E+00  0.0E+00
scf (DFT) done.
der1a (1-e 1st deriv.) done.
rwr (1st deriv. Q) done.
der1b (2-e 1st deriv.) done.
  Geometry optimization step  19
  Total energy:     -2565.53063731534 hartrees
  energy change:           6.4315E-05 .  (  5.0000E-05 )
  gradient maximum:        7.5201E-04 .  (  4.5000E-04 )
  gradient rms:            1.2323E-04 *  (  3.0000E-04 )
  displacement maximum:    1.0215E-02 .  (  1.8000E-03 )
  displacement rms:        1.4917E-03 .  (  1.2000E-03 )
  
  predicted energy change: -7.7286E-06
  step size:     0.02814
  trust radius:  0.06994
---------------- geometry iteration  19 complete ----------------
geopt (optimize geometry) done.
onee (1-electron integrals) done.
probe (project orbitals) done.
grid (grid generation) done.
rwr (Q operators) done.
  
       i  u  d  i  g
       t  p  i  c  r                                 RMS    maximum
       e  d  i  u  i                       energy  density   DIIS  
       r  t  s  t  d       total energy    change  change    error 
  
etot    1  N  N  2  U   -2565.44610627349           5.0E-04  1.4E-02
etot    2  Y  Y  6  M   -2565.44704756326  9.4E-04  1.8E-05  1.8E-04
etot    3  N  Y  2  U   -2565.44694894182 -9.9E-05  1.5E-05  6.4E-04
etot    4  N  Y  2  U   -2565.44709757472  1.5E-04  2.3E-06  1.1E-04
etot    5  N  Y  2  U   -2565.44709892033  1.3E-06  8.3E-07  6.4E-05
etot    6  N  N  2  U   -2565.44709932273  4.0E-07  0.0E+00  0.0E+00
scf (DFT) done.
der1a (1-e 1st deriv.) done.
rwr (1st deriv. Q) done.
der1b (2-e 1st deriv.) done.
  Geometry optimization step  20
  Total energy:     -2565.53108952195 hartrees
  energy change:          -4.5221E-04 .  (  5.0000E-05 )
  gradient maximum:        7.2646E-04 .  (  4.5000E-04 )
  gradient rms:            1.1776E-04 *  (  3.0000E-04 )
  displacement maximum:    1.4089E-02 .  (  1.8000E-03 )
  displacement rms:        2.1453E-03 .  (  1.2000E-03 )
  
  predicted energy change: -1.2276E-05
  step size:     0.04048
  trust radius:  0.06994
---------------- geometry iteration  20 complete ----------------
geopt (optimize geometry) done.
onee (1-electron integrals) done.
probe (project orbitals) done.
grid (grid generation) done.
rwr (Q operators) done.
  
       i  u  d  i  g
       t  p  i  c  r                                 RMS    maximum
       e  d  i  u  i                       energy  density   DIIS  
       r  t  s  t  d       total energy    change  change    error 
  
etot    1  N  N  2  U   -2565.44580641432           4.9E-05  1.4E-03
etot    2  N  Y  2  U   -2565.44733755731  1.5E-03  7.6E-06  9.1E-05
etot    3  N  Y  2  U   -2565.44732398967 -1.4E-05  5.6E-06  2.1E-04
etot    4  N  Y  2  U   -2565.44734123135  1.7E-05  1.7E-06  6.3E-05
etot    5  N  N  2  U   -2565.44734241538  1.2E-06  0.0E+00  0.0E+00
scf (DFT) done.
der1a (1-e 1st deriv.) done.
rwr (1st deriv. Q) done.
der1b (2-e 1st deriv.) done.
  Geometry optimization step  21
  Total energy:     -2565.53114932646 hartrees
  energy change:          -5.9805E-05 .  (  5.0000E-05 )
  gradient maximum:        1.3363E-03 .  (  4.5000E-04 )
  gradient rms:            2.0864E-04 *  (  3.0000E-04 )
  displacement maximum:    1.2573E-02 .  (  1.8000E-03 )
  displacement rms:        1.8556E-03 .  (  1.2000E-03 )
  
  predicted energy change: -1.6480E-05
  step size:     0.03501
  trust radius:  0.03497
---------------- geometry iteration  21 complete ----------------
geopt (optimize geometry) done.
onee (1-electron integrals) done.
probe (project orbitals) done.
grid (grid generation) done.
rwr (Q operators) done.
  
       i  u  d  i  g
       t  p  i  c  r                                 RMS    maximum
       e  d  i  u  i                       energy  density   DIIS  
       r  t  s  t  d       total energy    change  change    error 
  
etot    1  N  N  2  U   -2565.44592823126           5.5E-05  1.5E-03
etot    2  Y  Y  6  M   -2565.44730566576  1.4E-03  1.2E-05  1.4E-04
etot    3  N  Y  2  U   -2565.44724689482 -5.9E-05  9.9E-06  3.0E-04
etot    4  N  Y  2  U   -2565.44730038447  5.3E-05  2.7E-06  8.2E-05
etot    5  N  N  2  U   -2565.44730266935  2.3E-06  0.0E+00  0.0E+00
scf (DFT) done.
der1a (1-e 1st deriv.) done.
rwr (1st deriv. Q) done.
der1b (2-e 1st deriv.) done.
  Geometry optimization step  22
  Total energy:     -2565.53116632234 hartrees
  energy change:          -1.6996E-05 *  (  5.0000E-05 )
  gradient maximum:        1.1764E-03 .  (  4.5000E-04 )
  gradient rms:            1.5277E-04 *  (  3.0000E-04 )
  displacement maximum:    1.8027E-02 .  (  1.8000E-03 )
  displacement rms:        2.6654E-03 .  (  1.2000E-03 )
  
  predicted energy change: -1.8855E-05
  step size:     0.05029
  trust radius:  0.04946
---------------- geometry iteration  22 complete ----------------
geopt (optimize geometry) done.
onee (1-electron integrals) done.
probe (project orbitals) done.
grid (grid generation) done.
rwr (Q operators) done.
  
       i  u  d  i  g
       t  p  i  c  r                                 RMS    maximum
       e  d  i  u  i                       energy  density   DIIS  
       r  t  s  t  d       total energy    change  change    error 
  
etot    1  N  N  2  U   -2565.44552346619           5.3E-05  1.6E-03
etot    2  Y  Y  6  M   -2565.44731421579  1.8E-03  1.9E-05  2.9E-04
etot    3  N  Y  2  U   -2565.44715571214 -1.6E-04  1.6E-05  9.8E-04
etot    4  N  Y  2  U   -2565.44731440334  1.6E-04  2.7E-06  8.1E-05
etot    5  N  N  2  U   -2565.44731660161  2.2E-06  0.0E+00  0.0E+00
scf (DFT) done.
der1a (1-e 1st deriv.) done.
rwr (1st deriv. Q) done.
der1b (2-e 1st deriv.) done.
  Geometry optimization step  23
  Total energy:     -2565.53119972372 hartrees
  energy change:          -3.3401E-05 *  (  5.0000E-05 )
  gradient maximum:        1.0600E-03 .  (  4.5000E-04 )
  gradient rms:            1.9222E-04 *  (  3.0000E-04 )
  displacement maximum:    9.2179E-03 .  (  1.8000E-03 )
  displacement rms:        1.3493E-03 .  (  1.2000E-03 )
  
  predicted energy change: -1.4119E-05
  step size:     0.02546
  trust radius:  0.02473
---------------- geometry iteration  23 complete ----------------
geopt (optimize geometry) done.
onee (1-electron integrals) done.
probe (project orbitals) done.
grid (grid generation) done.
rwr (Q operators) done.
  
       i  u  d  i  g
       t  p  i  c  r                                 RMS    maximum
       e  d  i  u  i                       energy  density   DIIS  
       r  t  s  t  d       total energy    change  change    error 
  
etot    1  N  N  2  U   -2565.44677917074           3.2E-05  1.1E-03
etot    2  N  Y  2  U   -2565.44731296368  5.3E-04  1.0E-05  1.3E-04
etot    3  N  Y  2  U   -2565.44726704151 -4.6E-05  8.3E-06  3.7E-04
etot    4  N  Y  2  U   -2565.44731854980  5.2E-05  1.9E-06  4.8E-05
etot    5  N  N  2  U   -2565.44731966830  1.1E-06  0.0E+00  0.0E+00
scf (DFT) done.
der1a (1-e 1st deriv.) done.
rwr (1st deriv. Q) done.
der1b (2-e 1st deriv.) done.
  Geometry optimization step  24
  Total energy:     -2565.53119201717 hartrees
  energy change:           7.7066E-06 *  (  5.0000E-05 )
  gradient maximum:        4.1578E-04 *  (  4.5000E-04 )
  gradient rms:            8.3623E-05 *  (  3.0000E-04 )
  displacement maximum:    9.9885E-03 .  (  1.8000E-03 )
  displacement rms:        1.8114E-03 .  (  1.2000E-03 )
  
  predicted energy change: -8.9100E-06
  step size:     0.03418
  trust radius:  0.03497
---------------- geometry iteration  24 complete ----------------
geopt (optimize geometry) done.
onee (1-electron integrals) done.
probe (project orbitals) done.
grid (grid generation) done.
rwr (Q operators) done.
  
       i  u  d  i  g
       t  p  i  c  r                                 RMS    maximum
       e  d  i  u  i                       energy  density   DIIS  
       r  t  s  t  d       total energy    change  change    error 
  
etot    1  N  N  2  U   -2565.44655334664           4.2E-05  1.1E-03
etot    2  N  Y  2  U   -2565.44733751448  7.8E-04  8.3E-06  1.4E-04
etot    3  N  Y  2  U   -2565.44731070849 -2.7E-05  7.2E-06  4.6E-04
etot    4  N  Y  2  U   -2565.44734042596  3.0E-05  2.5E-06  8.1E-05
etot    5  N  N  2  U   -2565.44734194131  1.5E-06  0.0E+00  0.0E+00
scf (DFT) done.
der1a (1-e 1st deriv.) done.
rwr (1st deriv. Q) done.
der1b (2-e 1st deriv.) done.
  Geometry optimization step  25
  Total energy:     -2565.53122830364 hartrees
  energy change:          -3.6286E-05 *  (  5.0000E-05 )
  gradient maximum:        5.1815E-04 .  (  4.5000E-04 )
  gradient rms:            9.6754E-05 *  (  3.0000E-04 )
  displacement maximum:    7.0790E-03 .  (  1.8000E-03 )
  displacement rms:        9.3137E-04 *  (  1.2000E-03 )
  
  predicted energy change: -5.8370E-06
  step size:     0.01757
  trust radius:  0.01749
---------------- geometry iteration  25 complete ----------------
geopt (optimize geometry) done.
onee (1-electron integrals) done.
probe (project orbitals) done.
grid (grid generation) done.
rwr (Q operators) done.
  
       i  u  d  i  g
       t  p  i  c  r                                 RMS    maximum
       e  d  i  u  i                       energy  density   DIIS  
       r  t  s  t  d       total energy    change  change    error 
  
etot    1  N  N  2  U   -2565.44699057920           2.1E-05  7.4E-04
etot    2  N  Y  2  U   -2565.44723504456  2.4E-04  1.3E-05  1.6E-04
etot    3  N  Y  2  U   -2565.44717775818 -5.7E-05  1.0E-05  5.5E-04
etot    4  N  Y  2  U   -2565.44724059035  6.3E-05  1.6E-06  8.7E-05
etot    5  N  N  2  U   -2565.44724186006  1.3E-06  0.0E+00  0.0E+00
scf (DFT) done.
der1a (1-e 1st deriv.) done.
rwr (1st deriv. Q) done.
der1b (2-e 1st deriv.) done.
  Geometry optimization step  26
  Total energy:     -2565.53117225923 hartrees
  energy change:           5.6044E-05 .  (  5.0000E-05 )
  gradient maximum:        3.2712E-04 *  (  4.5000E-04 )
  gradient rms:            5.7587E-05 #  (  3.0000E-04 )
  displacement maximum:    9.8997E-03 .  (  1.8000E-03 )
  displacement rms:        1.3171E-03 .  (  1.2000E-03 )
  
  predicted energy change: -4.5975E-06
  step size:     0.02485
  trust radius:  0.02473
---------------- geometry iteration  26 complete ----------------
geopt (optimize geometry) done.
onee (1-electron integrals) done.
probe (project orbitals) done.
grid (grid generation) done.
rwr (Q operators) done.
  
       i  u  d  i  g
       t  p  i  c  r                                 RMS    maximum
       e  d  i  u  i                       energy  density   DIIS  
       r  t  s  t  d       total energy    change  change    error 
  
etot    1  N  N  2  U   -2565.44672113440           2.6E-05  8.4E-04
etot    2  N  Y  2  U   -2565.44712005293  4.0E-04  4.6E-06  4.0E-05
etot    3  N  N  2  U   -2565.44711488193 -5.2E-06  0.0E+00  0.0E+00
scf (DFT) done.
der1a (1-e 1st deriv.) done.
rwr (1st deriv. Q) done.
der1b (2-e 1st deriv.) done.
  Geometry optimization step  27
  Total energy:     -2565.53115489884 hartrees
  energy change:           1.7360E-05 *  (  5.0000E-05 )
  gradient maximum:        8.8666E-04 .  (  4.5000E-04 )
  gradient rms:            1.2612E-04 *  (  3.0000E-04 )
  displacement maximum:    4.8502E-03 .  (  1.8000E-03 )
  displacement rms:        6.7195E-04 *  (  1.2000E-03 )
  
  predicted energy change: -6.0666E-06
  step size:     0.01268
  trust radius:  0.01236
---------------- geometry iteration  27 complete ----------------
geopt (optimize geometry) done.
onee (1-electron integrals) done.
probe (project orbitals) done.
grid (grid generation) done.
rwr (Q operators) done.
  
       i  u  d  i  g
       t  p  i  c  r                                 RMS    maximum
       e  d  i  u  i                       energy  density   DIIS  
       r  t  s  t  d       total energy    change  change    error 
  
etot    1  N  N  2  U   -2565.44695656325           2.3E-05  5.6E-04
etot    2  N  Y  2  U   -2565.44707009572  1.1E-04  2.4E-05  5.3E-04
etot    3  N  Y  2  U   -2565.44696107673 -1.1E-04  1.7E-05  9.4E-04
etot    4  N  Y  2  U   -2565.44712534253  1.6E-04  3.8E-06  2.6E-04
etot    5  N  Y  2  U   -2565.44713656621  1.1E-05  7.1E-07  2.5E-05
etot    6  N  N  2  U   -2565.44713681900  2.5E-07  0.0E+00  0.0E+00
scf (DFT) done.
der1a (1-e 1st deriv.) done.
rwr (1st deriv. Q) done.
der1b (2-e 1st deriv.) done.
  Geometry optimization step  28
  Total energy:     -2565.53111722559 hartrees
  energy change:           3.7673E-05 *  (  5.0000E-05 )
  gradient maximum:        6.8878E-04 .  (  4.5000E-04 )
  gradient rms:            1.0186E-04 *  (  3.0000E-04 )
  displacement maximum:    8.0726E-03 .  (  1.8000E-03 )
  displacement rms:        9.5011E-04 *  (  1.2000E-03 )
  
  predicted energy change: -1.3647E-05
  step size:     0.01793
  trust radius:  0.01749
---------------- geometry iteration  28 complete ----------------
geopt (optimize geometry) done.
onee (1-electron integrals) done.
probe (project orbitals) done.
grid (grid generation) done.
rwr (Q operators) done.
  
       i  u  d  i  g
       t  p  i  c  r                                 RMS    maximum
       e  d  i  u  i                       energy  density   DIIS  
       r  t  s  t  d       total energy    change  change    error 
  
etot    1  N  N  2  U   -2565.44681126149           2.7E-05  8.5E-04
etot    2  N  Y  2  U   -2565.44724764665  4.4E-04  4.6E-06  4.4E-05
etot    3  N  Y  2  U   -2565.44724352246 -4.1E-06  3.7E-06  1.0E-04
etot    4  N  N  2  U   -2565.44724873356  5.2E-06  0.0E+00  0.0E+00
scf (DFT) done.
der1a (1-e 1st deriv.) done.
rwr (1st deriv. Q) done.
der1b (2-e 1st deriv.) done.
  Geometry optimization step  29
  Total energy:     -2565.53112021736 hartrees
  energy change:          -2.9918E-06 *  (  5.0000E-05 )
  gradient maximum:        8.4231E-04 .  (  4.5000E-04 )
  gradient rms:            1.3667E-04 *  (  3.0000E-04 )
  displacement maximum:    4.5548E-03 .  (  1.8000E-03 )
  displacement rms:        5.6794E-04 *  (  1.2000E-03 )
  
  predicted energy change: -7.4173E-06
  step size:     0.01072
  trust radius:  0.01000
---------------- geometry iteration  29 complete ----------------
geopt (optimize geometry) done.
onee (1-electron integrals) done.
probe (project orbitals) done.
grid (grid generation) done.
rwr (Q operators) done.
  
       i  u  d  i  g
       t  p  i  c  r                                 RMS    maximum
       e  d  i  u  i                       energy  density   DIIS  
       r  t  s  t  d       total energy    change  change    error 
  
etot    1  N  N  2  U   -2565.44715040798           2.7E-05  6.2E-04
etot    2  N  Y  2  U   -2565.44725077096  1.0E-04  1.5E-05  1.5E-04
etot    3  N  Y  2  U   -2565.44716809332 -8.3E-05  1.1E-05  4.5E-04
etot    4  N  Y  2  U   -2565.44726002590  9.2E-05  9.3E-07  7.9E-05
etot    5  N  N  2  U   -2565.44726062311  6.0E-07  0.0E+00  0.0E+00
scf (DFT) done.
der1a (1-e 1st deriv.) done.
rwr (1st deriv. Q) done.
der1b (2-e 1st deriv.) done.
  Geometry optimization step  30
  Total energy:     -2565.53113753503 hartrees
  energy change:          -1.7318E-05 *  (  5.0000E-05 )
  gradient maximum:        2.8663E-04 *  (  4.5000E-04 )
  gradient rms:            5.7108E-05 #  (  3.0000E-04 )
  displacement maximum:    6.2945E-03 .  (  1.8000E-03 )
  displacement rms:        7.9758E-04 *  (  1.2000E-03 )
  
  predicted energy change: -7.2082E-06
  step size:     0.01505
  trust radius:  0.01414
------------- final geometry iteration  30 complete -------------
geopt (optimize geometry) done.
cutabab2 (abab integrals) done.
der2a (1-e JK-1st deriv.) done.
der2b (2-e JK-1st deriv.) done.
der2nda (1-e 2nd deriv.) done.
der2ndb (2-e 2nd deriv.) done.
rwr (Q operators) done.
cphfa (gradient of wave function) done.
freq (vib. frequencies) done.
Job J1_9560_2111 completed on hpc-93-16.cm.cluster at Wed May 29 05:26:55 2024
Timer (jaguar_backend.py) : 12068.99 secs (3 hrs, 21 mins, 08 secs)
Finished:   Wed May 29 05:26:55 2024
