Command:  /groups/wag/programs/Schrodinger_2020_3/jaguar run -WAIT -PARALLEL 8 /central/home/labounad/wittig-ch121/out/J1_10040_2111/J1_10040_2111.in
Release:  2020-3
Exec:     /groups/wag/programs/Schrodinger_2020_3/jaguar-v10.9/bin/Linux-x86_64
Host:     hpc-90-05.cm.cluster
JobId:    hpc-90-05-0-66575214
JobDir:   /central/scratch/labounad/J1_10040_2111#hpc-90-05-0-66575214
Date:     Wed May 29 09:04:39 2024

Contents of /central/scratch/labounad/J1_10040_2111#hpc-90-05-0-66575214:
/central/scratch/labounad/J1_10040_2111#hpc-90-05-0-66575214/.write_dir.json
/central/scratch/labounad/J1_10040_2111#hpc-90-05-0-66575214/J1_10040_2111.recover
/central/scratch/labounad/J1_10040_2111#hpc-90-05-0-66575214/hpc-90-05-0-66575214
/central/scratch/labounad/J1_10040_2111#hpc-90-05-0-66575214/hpc-90-05-0-66575214.recover
/central/scratch/labounad/J1_10040_2111#hpc-90-05-0-66575214/J1_10040_2111.log
/central/scratch/labounad/J1_10040_2111#hpc-90-05-0-66575214/hpc-90-05-0-66575214.mpinodes
/central/scratch/labounad/J1_10040_2111#hpc-90-05-0-66575214/hpc-90-05-0-66575214.nodes
/central/scratch/labounad/J1_10040_2111#hpc-90-05-0-66575214/J1_10040_2111.in

Executing subprocess:
/groups/wag/programs/Schrodinger_2020_3/jaguar-v10.9/bin/Linux-x86_64/jexec J1_10040_2111.in -T 8 -out /central/scratch/labounad/J1_10040_2111#hpc-90-05-0-66575214 -cwd

Job J1_10040_2111 started on hpc-90-05.cm.cluster at Wed May 29 09:04:39 2024
jobid: hpc-90-05-0-66575214 
Jaguar version 10.9, release 139
 Using up to   8 threads per process
Molecular Point Group: C1      
Point Group used: C1
pre (input checking) done.
onee (1-electron integrals) done.
hfig (HF initial guess) done.
probe (project orbitals) done.
grid (grid generation) done.
rwr (Q operators) done.
scf type: DFT=PBE(X+LC)+PW91 (PBE-D3)
  
       i  u  d  i  g
       t  p  i  c  r                                 RMS    maximum
       e  d  i  u  i                       energy  density   DIIS  
       r  t  s  t  d       total energy    change  change    error 
  
etot    1  N  N  5  M   -1849.85771762276           6.2E-03  2.3E-01
etot    2  Y  Y  6  M   -1842.66088510833 -7.2E+00  8.5E-03  3.5E-01
etot    3  Y  Y  6  M   -1834.46430808213 -8.2E+00  6.9E-03  3.5E-01
etot    4  N  Y  2  U   -1847.28450021214  1.3E+01  9.7E-03  2.5E-01
etot    5  Y  Y  6  M   -1828.11871392796 -1.9E+01  8.8E-03  1.9E-01
etot    6  N  Y  2  U   -1854.38478017663  2.6E+01  2.1E-03  1.2E-01
etot    7  Y  Y  6  M   -1853.73008481396 -6.5E-01  1.5E-03  2.0E-01
etot    8  N  Y  2  U   -1854.54108971692  8.1E-01  6.4E-04  9.5E-02
etot    9  Y  Y  6  M   -1854.64600716022  1.0E-01  3.8E-04  3.9E-02
etot   10  N  Y  2  U   -1854.65667029719  1.1E-02  1.9E-04  2.3E-02
etot   11  Y  Y  6  M   -1854.67182286978  1.5E-02  6.4E-05  2.2E-03
etot   12  N  Y  2  U   -1854.67211007280  2.9E-04  2.4E-05  9.0E-04
etot   13  N  Y  2  U   -1854.67217989762  7.0E-05  1.3E-05  7.1E-04
etot   14  N  Y  2  U   -1854.67220667101  2.7E-05  1.3E-05  5.1E-04
etot   15  N  Y  2  U   -1854.67221705122  1.0E-05  7.4E-06  3.9E-04
etot   16  N  Y  2  U   -1854.67222757129  1.1E-05  2.3E-06  1.0E-04
etot   17  N  N  2  U   -1854.67222830296  7.3E-07  0.0E+00  0.0E+00
scf (DFT) done.
der1a (1-e 1st deriv.) done.
rwr (1st deriv. Q) done.
der1b (2-e 1st deriv.) done.
  Geometry optimization step   1
  Total energy:     -1854.72674068342 hartrees
  gradient maximum:        9.1630E-02 .  (  4.5000E-04 )
  gradient rms:            1.0509E-02 .  (  3.0000E-04 )
  displacement maximum:    1.6030E-01 .  (  1.8000E-03 )
  displacement rms:        1.9918E-02 .  (  1.2000E-03 )
  
  predicted energy change: -2.9940E-02
  step size:     0.30010
  trust radius:  0.30000
---------------- geometry iteration   1 complete ----------------
geopt (optimize geometry) done.
onee (1-electron integrals) done.
probe (project orbitals) done.
grid (grid generation) done.
rwr (Q operators) done.
  
       i  u  d  i  g
       t  p  i  c  r                                 RMS    maximum
       e  d  i  u  i                       energy  density   DIIS  
       r  t  s  t  d       total energy    change  change    error 
  
etot    1  N  N  2  U   -1854.68576397323           7.9E-04  1.3E-02
etot    2  Y  Y  6  M   -1854.70253101624  1.7E-02  1.7E-04  7.4E-03
etot    3  N  Y  2  U   -1854.69396950293 -8.6E-03  1.5E-04  3.4E-02
etot    4  N  Y  2  U   -1854.70262634659  8.7E-03  5.0E-05  1.1E-02
etot    5  N  Y  2  U   -1854.70359701992  9.7E-04  1.5E-05  8.5E-04
etot    6  N  Y  2  U   -1854.70365239937  5.5E-05  5.6E-06  5.1E-04
etot    7  N  Y  2  U   -1854.70366072682  8.3E-06  3.0E-06  7.6E-05
etot    8  N  N  2  U   -1854.70366077824  5.1E-08  0.0E+00  0.0E+00
scf (DFT) done.
der1a (1-e 1st deriv.) done.
rwr (1st deriv. Q) done.
der1b (2-e 1st deriv.) done.
  Geometry optimization step   2
  Total energy:     -1854.75700664909 hartrees
  energy change:          -3.0266E-02 .  (  5.0000E-05 )
  gradient maximum:        4.2704E-02 .  (  4.5000E-04 )
  gradient rms:            3.9553E-03 .  (  3.0000E-04 )
  displacement maximum:    1.3235E-01 .  (  1.8000E-03 )
  displacement rms:        1.9934E-02 .  (  1.2000E-03 )
  
  predicted energy change: -8.1193E-03
  step size:     0.30033
  trust radius:  0.30000
---------------- geometry iteration   2 complete ----------------
geopt (optimize geometry) done.
onee (1-electron integrals) done.
probe (project orbitals) done.
grid (grid generation) done.
rwr (Q operators) done.
  
       i  u  d  i  g
       t  p  i  c  r                                 RMS    maximum
       e  d  i  u  i                       energy  density   DIIS  
       r  t  s  t  d       total energy    change  change    error 
  
etot    1  N  N  2  U   -1854.66820066934           4.5E-04  9.6E-03
etot    2  Y  Y  6  M   -1854.70863420323  4.0E-02  2.1E-04  9.1E-03
etot    3  N  Y  2  U   -1854.69483618864 -1.4E-02  1.8E-04  4.0E-02
etot    4  N  Y  2  U   -1854.70940167760  1.5E-02  4.2E-05  8.0E-03
etot    5  N  Y  2  U   -1854.70990679025  5.1E-04  1.9E-05  8.7E-04
etot    6  N  Y  2  U   -1854.71000636362  1.0E-04  6.8E-06  5.3E-04
etot    7  N  Y  2  U   -1854.71001635338  1.0E-05  3.1E-06  8.5E-05
etot    8  N  N  2  U   -1854.71001732987  9.8E-07  0.0E+00  0.0E+00
scf (DFT) done.
der1a (1-e 1st deriv.) done.
rwr (1st deriv. Q) done.
der1b (2-e 1st deriv.) done.
  Geometry optimization step   3
  Total energy:     -1854.76312416586 hartrees
  energy change:          -6.1175E-03 .  (  5.0000E-05 )
  gradient maximum:        2.9180E-02 .  (  4.5000E-04 )
  gradient rms:            2.5801E-03 .  (  3.0000E-04 )
  displacement maximum:    1.3073E-01 .  (  1.8000E-03 )
  displacement rms:        1.9919E-02 .  (  1.2000E-03 )
  
  predicted energy change: -2.7298E-03
  step size:     0.30011
  trust radius:  0.30000
---------------- geometry iteration   3 complete ----------------
geopt (optimize geometry) done.
onee (1-electron integrals) done.
probe (project orbitals) done.
grid (grid generation) done.
rwr (Q operators) done.
  
       i  u  d  i  g
       t  p  i  c  r                                 RMS    maximum
       e  d  i  u  i                       energy  density   DIIS  
       r  t  s  t  d       total energy    change  change    error 
  
etot    1  N  N  2  U   -1854.65087388159           4.9E-04  1.2E-02
etot    2  Y  Y  6  M   -1854.71106039803  6.0E-02  7.2E-05  1.5E-03
etot    3  N  Y  2  U   -1854.71034945630 -7.1E-04  5.7E-05  2.9E-03
etot    4  Y  Y  6  M   -1854.71101403038  6.6E-04  2.3E-05  1.0E-03
etot    5  N  Y  2  U   -1854.71111402358  1.0E-04  7.7E-06  1.1E-03
etot    6  N  Y  2  U   -1854.71113203237  1.8E-05  3.4E-06  5.6E-04
etot    7  N  N  2  U   -1854.71113417980  2.1E-06  0.0E+00  0.0E+00
scf (DFT) done.
der1a (1-e 1st deriv.) done.
rwr (1st deriv. Q) done.
der1b (2-e 1st deriv.) done.
  Geometry optimization step   4
  Total energy:     -1854.76405183375 hartrees
  energy change:          -9.2767E-04 .  (  5.0000E-05 )
  gradient maximum:        1.4611E-02 .  (  4.5000E-04 )
  gradient rms:            2.3312E-03 .  (  3.0000E-04 )
  displacement maximum:    1.2887E-01 .  (  1.8000E-03 )
  displacement rms:        1.7930E-02 .  (  1.2000E-03 )
  
  predicted energy change: -1.7130E-03
  step size:     0.27015
  trust radius:  0.30000
---------------- geometry iteration   4 complete ----------------
geopt (optimize geometry) done.
onee (1-electron integrals) done.
probe (project orbitals) done.
grid (grid generation) done.
rwr (Q operators) done.
  
       i  u  d  i  g
       t  p  i  c  r                                 RMS    maximum
       e  d  i  u  i                       energy  density   DIIS  
       r  t  s  t  d       total energy    change  change    error 
  
etot    1  N  N  2  U   -1854.66008522514           6.6E-04  1.6E-02
etot    2  Y  Y  6  M   -1854.71271687264  5.3E-02  8.7E-05  1.1E-03
etot    3  N  Y  2  U   -1854.71144493266 -1.3E-03  7.2E-05  4.4E-03
etot    4  Y  Y  6  M   -1854.71262769292  1.2E-03  2.5E-05  4.0E-03
etot    5  N  Y  2  U   -1854.71273558545  1.1E-04  1.3E-05  2.8E-03
etot    6  N  Y  2  U   -1854.71280909064  7.4E-05  3.3E-06  3.0E-04
etot    7  N  N  2  U   -1854.71281116946  2.1E-06  0.0E+00  0.0E+00
scf (DFT) done.
der1a (1-e 1st deriv.) done.
rwr (1st deriv. Q) done.
der1b (2-e 1st deriv.) done.
  Geometry optimization step   5
  Total energy:     -1854.76548786540 hartrees
  energy change:          -1.4360E-03 .  (  5.0000E-05 )
  gradient maximum:        1.6169E-02 .  (  4.5000E-04 )
  gradient rms:            1.6703E-03 .  (  3.0000E-04 )
  displacement maximum:    1.1564E-01 .  (  1.8000E-03 )
  displacement rms:        1.9924E-02 .  (  1.2000E-03 )
  
  predicted energy change: -9.6744E-04
  step size:     0.30019
  trust radius:  0.30000
---------------- geometry iteration   5 complete ----------------
geopt (optimize geometry) done.
onee (1-electron integrals) done.
probe (project orbitals) done.
grid (grid generation) done.
rwr (Q operators) done.
  
       i  u  d  i  g
       t  p  i  c  r                                 RMS    maximum
       e  d  i  u  i                       energy  density   DIIS  
       r  t  s  t  d       total energy    change  change    error 
  
etot    1  N  N  2  U   -1854.66466498878           5.0E-04  1.3E-02
etot    2  Y  Y  6  M   -1854.71333483664  4.9E-02  7.1E-05  1.2E-03
etot    3  N  Y  2  U   -1854.71261809958 -7.2E-04  5.9E-05  1.9E-03
etot    4  Y  Y  6  M   -1854.71315167321  5.3E-04  2.0E-05  1.1E-03
etot    5  N  Y  2  U   -1854.71335555617  2.0E-04  6.5E-06  4.0E-04
etot    6  N  Y  2  U   -1854.71336862668  1.3E-05  2.5E-06  8.3E-05
etot    7  N  N  2  U   -1854.71336905849  4.3E-07  0.0E+00  0.0E+00
scf (DFT) done.
der1a (1-e 1st deriv.) done.
rwr (1st deriv. Q) done.
der1b (2-e 1st deriv.) done.
  Geometry optimization step   6
  Total energy:     -1854.76626011046 hartrees
  energy change:          -7.7225E-04 .  (  5.0000E-05 )
  gradient maximum:        4.3891E-03 .  (  4.5000E-04 )
  gradient rms:            8.9015E-04 .  (  3.0000E-04 )
  displacement maximum:    1.4004E-01 .  (  1.8000E-03 )
  displacement rms:        1.9961E-02 .  (  1.2000E-03 )
  
  predicted energy change: -9.2827E-04
  step size:     0.30074
  trust radius:  0.30000
---------------- geometry iteration   6 complete ----------------
geopt (optimize geometry) done.
onee (1-electron integrals) done.
probe (project orbitals) done.
grid (grid generation) done.
rwr (Q operators) done.
  
       i  u  d  i  g
       t  p  i  c  r                                 RMS    maximum
       e  d  i  u  i                       energy  density   DIIS  
       r  t  s  t  d       total energy    change  change    error 
  
etot    1  N  N  2  U   -1854.66278492243           7.0E-04  1.1E-02
etot    2  Y  Y  6  M   -1854.71384682423  5.1E-02  7.3E-05  2.3E-03
etot    3  N  Y  2  U   -1854.71316862158 -6.8E-04  6.4E-05  2.7E-03
etot    4  Y  Y  6  M   -1854.71375586878  5.9E-04  2.5E-05  2.8E-03
etot    5  N  Y  2  U   -1854.71400039778  2.4E-04  1.0E-05  2.2E-03
etot    6  N  Y  2  U   -1854.71404367747  4.3E-05  3.5E-06  4.2E-04
etot    7  N  N  2  U   -1854.71404610133  2.4E-06  0.0E+00  0.0E+00
scf (DFT) done.
der1a (1-e 1st deriv.) done.
rwr (1st deriv. Q) done.
der1b (2-e 1st deriv.) done.
  Geometry optimization step   7
  Total energy:     -1854.76688879111 hartrees
  energy change:          -6.2868E-04 .  (  5.0000E-05 )
  gradient maximum:        8.5574E-03 .  (  4.5000E-04 )
  gradient rms:            1.1898E-03 .  (  3.0000E-04 )
  displacement maximum:    1.2569E-01 .  (  1.8000E-03 )
  displacement rms:        1.9915E-02 .  (  1.2000E-03 )
  
  predicted energy change: -1.0117E-03
  step size:     0.30005
  trust radius:  0.30000
---------------- geometry iteration   7 complete ----------------
geopt (optimize geometry) done.
onee (1-electron integrals) done.
probe (project orbitals) done.
grid (grid generation) done.
rwr (Q operators) done.
  
       i  u  d  i  g
       t  p  i  c  r                                 RMS    maximum
       e  d  i  u  i                       energy  density   DIIS  
       r  t  s  t  d       total energy    change  change    error 
  
etot    1  N  N  2  U   -1854.66023037476           6.2E-04  1.5E-02
etot    2  Y  Y  6  M   -1854.71478590481  5.5E-02  6.4E-05  1.7E-03
etot    3  N  Y  2  U   -1854.71429715681 -4.9E-04  5.7E-05  4.9E-03
etot    4  Y  Y  6  M   -1854.71460014983  3.0E-04  2.7E-05  5.6E-03
etot    5  N  Y  2  U   -1854.71485831099  2.6E-04  1.1E-05  1.9E-03
etot    6  N  Y  2  U   -1854.71490320924  4.5E-05  3.4E-06  1.6E-04
etot    7  N  N  2  U   -1854.71490460476  1.4E-06  0.0E+00  0.0E+00
scf (DFT) done.
der1a (1-e 1st deriv.) done.
rwr (1st deriv. Q) done.
der1b (2-e 1st deriv.) done.
  Geometry optimization step   8
  Total energy:     -1854.76770901498 hartrees
  energy change:          -8.2022E-04 .  (  5.0000E-05 )
  gradient maximum:        1.2188E-02 .  (  4.5000E-04 )
  gradient rms:            1.2172E-03 .  (  3.0000E-04 )
  displacement maximum:    1.1214E-01 .  (  1.8000E-03 )
  displacement rms:        1.9928E-02 .  (  1.2000E-03 )
  
  predicted energy change: -1.0781E-03
  step size:     0.30024
  trust radius:  0.30000
---------------- geometry iteration   8 complete ----------------
geopt (optimize geometry) done.
onee (1-electron integrals) done.
probe (project orbitals) done.
grid (grid generation) done.
rwr (Q operators) done.
  
       i  u  d  i  g
       t  p  i  c  r                                 RMS    maximum
       e  d  i  u  i                       energy  density   DIIS  
       r  t  s  t  d       total energy    change  change    error 
  
etot    1  N  N  2  U   -1854.66418342549           4.6E-04  1.1E-02
etot    2  Y  Y  6  M   -1854.71509567900  5.1E-02  6.5E-05  1.4E-03
etot    3  N  Y  2  U   -1854.71458949195 -5.1E-04  5.5E-05  1.8E-03
etot    4  Y  Y  6  M   -1854.71505335071  4.6E-04  2.2E-05  9.3E-04
etot    5  N  Y  2  U   -1854.71517936940  1.3E-04  7.0E-06  4.6E-04
etot    6  N  Y  2  U   -1854.71519274422  1.3E-05  3.2E-06  3.7E-04
etot    7  N  N  2  U   -1854.71519364387  9.0E-07  0.0E+00  0.0E+00
scf (DFT) done.
der1a (1-e 1st deriv.) done.
rwr (1st deriv. Q) done.
der1b (2-e 1st deriv.) done.
  Geometry optimization step   9
  Total energy:     -1854.76776397231 hartrees
  energy change:          -5.4957E-05 .  (  5.0000E-05 )
  gradient maximum:        6.9976E-03 .  (  4.5000E-04 )
  gradient rms:            1.5045E-03 .  (  3.0000E-04 )
  displacement maximum:    1.4274E-01 .  (  1.8000E-03 )
  displacement rms:        1.9915E-02 .  (  1.2000E-03 )
  
  predicted energy change: -9.3426E-04
  step size:     0.30005
  trust radius:  0.30000
---------------- geometry iteration   9 complete ----------------
geopt (optimize geometry) done.
onee (1-electron integrals) done.
probe (project orbitals) done.
grid (grid generation) done.
rwr (Q operators) done.
  
       i  u  d  i  g
       t  p  i  c  r                                 RMS    maximum
       e  d  i  u  i                       energy  density   DIIS  
       r  t  s  t  d       total energy    change  change    error 
  
etot    1  N  N  2  U   -1854.67049307929           4.4E-04  1.6E-02
etot    2  Y  Y  6  M   -1854.71573214390  4.5E-02  7.4E-05  1.3E-03
etot    3  N  Y  2  U   -1854.71488874685 -8.4E-04  6.2E-05  3.8E-03
etot    4  Y  Y  6  M   -1854.71559419957  7.1E-04  2.5E-05  3.6E-03
etot    5  N  Y  2  U   -1854.71577993292  1.9E-04  1.2E-05  1.9E-03
etot    6  N  Y  2  U   -1854.71583413146  5.4E-05  3.5E-06  2.1E-04
etot    7  N  N  2  U   -1854.71583681250  2.7E-06  0.0E+00  0.0E+00
scf (DFT) done.
der1a (1-e 1st deriv.) done.
rwr (1st deriv. Q) done.
der1b (2-e 1st deriv.) done.
  Geometry optimization step  10
  Total energy:     -1854.76832568194 hartrees
  energy change:          -5.6171E-04 .  (  5.0000E-05 )
  gradient maximum:        5.9385E-03 .  (  4.5000E-04 )
  gradient rms:            1.0687E-03 .  (  3.0000E-04 )
  displacement maximum:    1.3804E-01 .  (  1.8000E-03 )
  displacement rms:        1.9150E-02 .  (  1.2000E-03 )
  
  predicted energy change: -7.8495E-04
  step size:     0.28852
  trust radius:  0.30000
---------------- geometry iteration  10 complete ----------------
geopt (optimize geometry) done.
onee (1-electron integrals) done.
probe (project orbitals) done.
grid (grid generation) done.
rwr (Q operators) done.
  
       i  u  d  i  g
       t  p  i  c  r                                 RMS    maximum
       e  d  i  u  i                       energy  density   DIIS  
       r  t  s  t  d       total energy    change  change    error 
  
etot    1  N  N  2  U   -1854.68159510376           4.0E-04  1.5E-02
etot    2  Y  Y  6  M   -1854.71586057037  3.4E-02  9.0E-05  8.7E-04
etot    3  N  Y  2  U   -1854.71485148053 -1.0E-03  7.1E-05  2.7E-03
etot    4  Y  Y  6  M   -1854.71597943105  1.1E-03  2.1E-05  1.8E-03
etot    5  N  Y  2  U   -1854.71604005619  6.1E-05  8.6E-06  1.6E-03
etot    6  N  Y  2  U   -1854.71606550403  2.5E-05  3.4E-06  5.7E-04
etot    7  N  N  2  U   -1854.71606892252  3.4E-06  0.0E+00  0.0E+00
scf (DFT) done.
der1a (1-e 1st deriv.) done.
rwr (1st deriv. Q) done.
der1b (2-e 1st deriv.) done.
  Geometry optimization step  11
  Total energy:     -1854.76814586836 hartrees
  energy change:           1.7981E-04 .  (  5.0000E-05 )
  gradient maximum:        9.0128E-03 .  (  4.5000E-04 )
  gradient rms:            1.5576E-03 .  (  3.0000E-04 )
  displacement maximum:    8.6496E-02 .  (  1.8000E-03 )
  displacement rms:        1.4560E-02 .  (  1.2000E-03 )
  
  predicted energy change: -7.9686E-04
  step size:     0.21938
  trust radius:  0.30000
---------------- geometry iteration  11 complete ----------------
geopt (optimize geometry) done.
onee (1-electron integrals) done.
probe (project orbitals) done.
grid (grid generation) done.
rwr (Q operators) done.
  
       i  u  d  i  g
       t  p  i  c  r                                 RMS    maximum
       e  d  i  u  i                       energy  density   DIIS  
       r  t  s  t  d       total energy    change  change    error 
  
etot    1  N  N  2  U   -1854.68987072601           3.4E-04  8.7E-03
etot    2  Y  Y  6  M   -1854.71684500654  2.7E-02  6.1E-05  7.2E-04
etot    3  N  Y  2  U   -1854.71629744635 -5.5E-04  5.1E-05  1.5E-03
etot    4  Y  Y  6  M   -1854.71677746646  4.8E-04  1.7E-05  1.1E-03
etot    5  N  Y  2  U   -1854.71687919669  1.0E-04  6.8E-06  1.1E-03
etot    6  N  Y  2  U   -1854.71689648924  1.7E-05  2.7E-06  3.7E-04
etot    7  N  N  2  U   -1854.71689801965  1.5E-06  0.0E+00  0.0E+00
scf (DFT) done.
der1a (1-e 1st deriv.) done.
rwr (1st deriv. Q) done.
der1b (2-e 1st deriv.) done.
  Geometry optimization step  12
  Total energy:     -1854.76896252080 hartrees
  energy change:          -8.1665E-04 .  (  5.0000E-05 )
  gradient maximum:        5.1529E-03 .  (  4.5000E-04 )
  gradient rms:            7.3060E-04 .  (  3.0000E-04 )
  displacement maximum:    3.4820E-02 .  (  1.8000E-03 )
  displacement rms:        6.1060E-03 .  (  1.2000E-03 )
  
  predicted energy change: -7.6755E-05
  step size:     0.09200
  trust radius:  0.30000
---------------- geometry iteration  12 complete ----------------
geopt (optimize geometry) done.
onee (1-electron integrals) done.
probe (project orbitals) done.
grid (grid generation) done.
rwr (Q operators) done.
  
       i  u  d  i  g
       t  p  i  c  r                                 RMS    maximum
       e  d  i  u  i                       energy  density   DIIS  
       r  t  s  t  d       total energy    change  change    error 
  
etot    1  N  N  2  U   -1854.71289701161           1.4E-04  3.3E-03
etot    2  Y  Y  6  M   -1854.71693480650  4.0E-03  3.1E-05  5.3E-04
etot    3  N  Y  2  U   -1854.71676207917 -1.7E-04  2.5E-05  2.5E-03
etot    4  N  Y  2  U   -1854.71691634454  1.5E-04  9.5E-06  1.6E-03
etot    5  N  Y  2  U   -1854.71693428730  1.8E-05  4.4E-06  7.5E-04
etot    6  N  N  2  U   -1854.71694247584  8.2E-06  0.0E+00  0.0E+00
scf (DFT) done.
der1a (1-e 1st deriv.) done.
rwr (1st deriv. Q) done.
der1b (2-e 1st deriv.) done.
  Geometry optimization step  13
  Total energy:     -1854.76902030885 hartrees
  energy change:          -5.7788E-05 .  (  5.0000E-05 )
  gradient maximum:        3.2829E-03 .  (  4.5000E-04 )
  gradient rms:            4.8612E-04 .  (  3.0000E-04 )
  displacement maximum:    2.8222E-02 .  (  1.8000E-03 )
  displacement rms:        4.3450E-03 .  (  1.2000E-03 )
  
  predicted energy change: -9.3194E-05
  step size:     0.06546
  trust radius:  0.30000
---------------- geometry iteration  13 complete ----------------
geopt (optimize geometry) done.
onee (1-electron integrals) done.
probe (project orbitals) done.
grid (grid generation) done.
rwr (Q operators) done.
  
       i  u  d  i  g
       t  p  i  c  r                                 RMS    maximum
       e  d  i  u  i                       energy  density   DIIS  
       r  t  s  t  d       total energy    change  change    error 
  
etot    1  N  N  2  U   -1854.71217120993           1.4E-04  4.0E-03
etot    2  Y  Y  6  M   -1854.71671194442  4.5E-03  3.3E-05  8.2E-04
etot    3  N  Y  2  U   -1854.71657245433 -1.4E-04  2.7E-05  6.9E-04
etot    4  N  Y  2  U   -1854.71672707384  1.5E-04  6.6E-06  2.5E-04
etot    5  N  Y  2  U   -1854.71673574049  8.7E-06  2.6E-06  3.3E-04
etot    6  N  N  2  U   -1854.71673798465  2.2E-06  0.0E+00  0.0E+00
scf (DFT) done.
der1a (1-e 1st deriv.) done.
rwr (1st deriv. Q) done.
der1b (2-e 1st deriv.) done.
  Geometry optimization step  14
  Total energy:     -1854.76896119371 hartrees
  energy change:           5.9115E-05 .  (  5.0000E-05 )
  gradient maximum:        5.6164E-03 .  (  4.5000E-04 )
  gradient rms:            6.6751E-04 .  (  3.0000E-04 )
  displacement maximum:    1.6059E-02 .  (  1.8000E-03 )
  displacement rms:        3.0896E-03 .  (  1.2000E-03 )
  
  predicted energy change: -6.0253E-05
  step size:     0.04655
  trust radius:  0.30000
---------------- geometry iteration  14 complete ----------------
geopt (optimize geometry) done.
onee (1-electron integrals) done.
probe (project orbitals) done.
grid (grid generation) done.
rwr (Q operators) done.
  
       i  u  d  i  g
       t  p  i  c  r                                 RMS    maximum
       e  d  i  u  i                       energy  density   DIIS  
       r  t  s  t  d       total energy    change  change    error 
  
etot    1  N  N  2  U   -1854.71472658382           9.4E-05  2.4E-03
etot    2  Y  Y  6  M   -1854.71676559868  2.0E-03  2.4E-05  8.7E-04
etot    3  N  Y  2  U   -1854.71659378177 -1.7E-04  2.1E-05  4.1E-03
etot    4  N  Y  2  U   -1854.71677548352  1.8E-04  6.8E-06  1.1E-03
etot    5  N  Y  2  U   -1854.71678523466  9.8E-06  3.2E-06  2.1E-04
etot    6  N  N  2  U   -1854.71678869064  3.5E-06  0.0E+00  0.0E+00
scf (DFT) done.
der1a (1-e 1st deriv.) done.
rwr (1st deriv. Q) done.
der1b (2-e 1st deriv.) done.
  Geometry optimization step  15
  Total energy:     -1854.76900777965 hartrees
  energy change:          -4.6586E-05 *  (  5.0000E-05 )
  gradient maximum:        1.2699E-03 .  (  4.5000E-04 )
  gradient rms:            2.4230E-04 *  (  3.0000E-04 )
  displacement maximum:    1.7073E-02 .  (  1.8000E-03 )
  displacement rms:        3.5422E-03 .  (  1.2000E-03 )
  
  predicted energy change: -3.0724E-05
  step size:     0.05337
  trust radius:  0.30000
---------------- geometry iteration  15 complete ----------------
geopt (optimize geometry) done.
onee (1-electron integrals) done.
probe (project orbitals) done.
grid (grid generation) done.
rwr (Q operators) done.
  
       i  u  d  i  g
       t  p  i  c  r                                 RMS    maximum
       e  d  i  u  i                       energy  density   DIIS  
       r  t  s  t  d       total energy    change  change    error 
  
etot    1  N  N  2  U   -1854.71437794132           1.0E-04  2.7E-03
etot    2  Y  Y  6  M   -1854.71678186261  2.4E-03  2.0E-05  5.0E-04
etot    3  N  Y  2  U   -1854.71670085856 -8.1E-05  1.8E-05  1.0E-03
etot    4  N  Y  2  U   -1854.71677586831  7.5E-05  6.0E-06  7.2E-04
etot    5  N  Y  2  U   -1854.71678272602  6.9E-06  2.9E-06  6.3E-04
etot    6  N  N  2  U   -1854.71678675455  4.0E-06  0.0E+00  0.0E+00
scf (DFT) done.
der1a (1-e 1st deriv.) done.
rwr (1st deriv. Q) done.
der1b (2-e 1st deriv.) done.
  Geometry optimization step  16
  Total energy:     -1854.76900448817 hartrees
  energy change:           3.2915E-06 *  (  5.0000E-05 )
  gradient maximum:        8.4051E-04 .  (  4.5000E-04 )
  gradient rms:            1.6736E-04 *  (  3.0000E-04 )
  displacement maximum:    2.8436E-02 .  (  1.8000E-03 )
  displacement rms:        5.0668E-03 .  (  1.2000E-03 )
  
  predicted energy change: -2.0424E-05
  step size:     0.07634
  trust radius:  0.30000
---------------- geometry iteration  16 complete ----------------
geopt (optimize geometry) done.
onee (1-electron integrals) done.
probe (project orbitals) done.
grid (grid generation) done.
rwr (Q operators) done.
  
       i  u  d  i  g
       t  p  i  c  r                                 RMS    maximum
       e  d  i  u  i                       energy  density   DIIS  
       r  t  s  t  d       total energy    change  change    error 
  
etot    1  N  N  2  U   -1854.71267615890           1.3E-04  2.8E-03
etot    2  Y  Y  6  M   -1854.71665778895  4.0E-03  2.2E-05  5.8E-04
etot    3  N  Y  2  U   -1854.71658594706 -7.2E-05  1.9E-05  8.0E-04
etot    4  N  Y  2  U   -1854.71664877860  6.3E-05  7.3E-06  8.0E-04
etot    5  N  Y  2  U   -1854.71666182693  1.3E-05  3.2E-06  6.0E-04
etot    6  N  N  2  U   -1854.71666609026  4.3E-06  0.0E+00  0.0E+00
scf (DFT) done.
der1a (1-e 1st deriv.) done.
rwr (1st deriv. Q) done.
der1b (2-e 1st deriv.) done.
  Geometry optimization step  17
  Total energy:     -1854.76895754833 hartrees
  energy change:           4.6940E-05 *  (  5.0000E-05 )
  gradient maximum:        2.2677E-03 .  (  4.5000E-04 )
  gradient rms:            3.2137E-04 .  (  3.0000E-04 )
  displacement maximum:    2.9850E-02 .  (  1.8000E-03 )
  displacement rms:        3.3334E-03 .  (  1.2000E-03 )
  
  predicted energy change: -2.3626E-05
  step size:     0.05022
  trust radius:  0.30000
---------------- geometry iteration  17 complete ----------------
geopt (optimize geometry) done.
onee (1-electron integrals) done.
probe (project orbitals) done.
grid (grid generation) done.
rwr (Q operators) done.
  
       i  u  d  i  g
       t  p  i  c  r                                 RMS    maximum
       e  d  i  u  i                       energy  density   DIIS  
       r  t  s  t  d       total energy    change  change    error 
  
etot    1  N  N  2  U   -1854.71541428851           7.6E-05  3.4E-03
etot    2  Y  Y  6  M   -1854.71671355456  1.3E-03  1.4E-05  3.7E-04
etot    3  N  Y  2  U   -1854.71666843762 -4.5E-05  1.2E-05  1.7E-03
etot    4  N  Y  2  U   -1854.71670431909  3.6E-05  4.7E-06  9.6E-04
etot    5  N  N  2  U   -1854.71671133328  7.0E-06  0.0E+00  0.0E+00
scf (DFT) done.
der1a (1-e 1st deriv.) done.
rwr (1st deriv. Q) done.
der1b (2-e 1st deriv.) done.
  Geometry optimization step  18
  Total energy:     -1854.76900382422 hartrees
  energy change:          -4.6276E-05 *  (  5.0000E-05 )
  gradient maximum:        1.0781E-03 .  (  4.5000E-04 )
  gradient rms:            1.6651E-04 *  (  3.0000E-04 )
  displacement maximum:    1.1918E-02 .  (  1.8000E-03 )
  displacement rms:        2.1368E-03 .  (  1.2000E-03 )
  
  predicted energy change: -1.4298E-05
  step size:     0.03219
  trust radius:  0.30000
---------------- geometry iteration  18 complete ----------------
geopt (optimize geometry) done.
onee (1-electron integrals) done.
probe (project orbitals) done.
grid (grid generation) done.
rwr (Q operators) done.
  
       i  u  d  i  g
       t  p  i  c  r                                 RMS    maximum
       e  d  i  u  i                       energy  density   DIIS  
       r  t  s  t  d       total energy    change  change    error 
  
etot    1  N  N  2  U   -1854.71630737384           5.5E-05  1.1E-03
etot    2  Y  Y  6  M   -1854.71681585369  5.1E-04  2.4E-05  1.1E-03
etot    3  N  Y  2  U   -1854.71660614116 -2.1E-04  2.0E-05  4.9E-03
etot    4  N  Y  2  U   -1854.71682075388  2.1E-04  4.2E-06  4.6E-04
etot    5  N  N  2  U   -1854.71682431114  3.6E-06  0.0E+00  0.0E+00
scf (DFT) done.
der1a (1-e 1st deriv.) done.
rwr (1st deriv. Q) done.
der1b (2-e 1st deriv.) done.
  Geometry optimization step  19
  Total energy:     -1854.76906690390 hartrees
  energy change:          -6.3080E-05 .  (  5.0000E-05 )
  gradient maximum:        4.3444E-04 *  (  4.5000E-04 )
  gradient rms:            1.1255E-04 *  (  3.0000E-04 )
  displacement maximum:    2.7108E-02 .  (  1.8000E-03 )
  displacement rms:        3.4263E-03 .  (  1.2000E-03 )
  
  predicted energy change: -8.1038E-06
  step size:     0.05162
  trust radius:  0.30000
---------------- geometry iteration  19 complete ----------------
geopt (optimize geometry) done.
onee (1-electron integrals) done.
probe (project orbitals) done.
grid (grid generation) done.
rwr (Q operators) done.
  
       i  u  d  i  g
       t  p  i  c  r                                 RMS    maximum
       e  d  i  u  i                       energy  density   DIIS  
       r  t  s  t  d       total energy    change  change    error 
  
etot    1  N  N  2  U   -1854.71567466923           7.6E-05  2.8E-03
etot    2  Y  Y  6  M   -1854.71686338081  1.2E-03  1.9E-05  2.2E-04
etot    3  N  Y  2  U   -1854.71681150548 -5.2E-05  1.4E-05  8.9E-04
etot    4  N  Y  2  U   -1854.71686419686  5.3E-05  4.0E-06  6.1E-04
etot    5  N  N  2  U   -1854.71686596361  1.8E-06  0.0E+00  0.0E+00
scf (DFT) done.
der1a (1-e 1st deriv.) done.
rwr (1st deriv. Q) done.
der1b (2-e 1st deriv.) done.
  Geometry optimization step  20
  Total energy:     -1854.76908986102 hartrees
  energy change:          -2.2957E-05 *  (  5.0000E-05 )
  gradient maximum:        9.4207E-04 .  (  4.5000E-04 )
  gradient rms:            1.1183E-04 *  (  3.0000E-04 )
  displacement maximum:    3.8536E-02 .  (  1.8000E-03 )
  displacement rms:        6.1132E-03 .  (  1.2000E-03 )
  
  predicted energy change: -1.1992E-05
  step size:     0.09210
  trust radius:  0.30000
---------------- geometry iteration  20 complete ----------------
geopt (optimize geometry) done.
onee (1-electron integrals) done.
probe (project orbitals) done.
grid (grid generation) done.
rwr (Q operators) done.
  
       i  u  d  i  g
       t  p  i  c  r                                 RMS    maximum
       e  d  i  u  i                       energy  density   DIIS  
       r  t  s  t  d       total energy    change  change    error 
  
etot    1  N  N  2  U   -1854.71142906759           1.5E-04  3.9E-03
etot    2  Y  Y  6  M   -1854.71621286800  4.8E-03  4.9E-05  2.4E-03
etot    3  N  Y  2  U   -1854.71524815047 -9.6E-04  4.1E-05  1.1E-02
etot    4  N  Y  2  U   -1854.71622290079  9.7E-04  6.1E-06  6.8E-04
etot    5  N  Y  2  U   -1854.71622938362  6.5E-06  2.6E-06  8.4E-05
etot    6  N  N  2  U   -1854.71623129573  1.9E-06  0.0E+00  0.0E+00
scf (DFT) done.
der1a (1-e 1st deriv.) done.
rwr (1st deriv. Q) done.
der1b (2-e 1st deriv.) done.
  Geometry optimization step  21
  Total energy:     -1854.76848827598 hartrees
  energy change:           6.0159E-04 .  (  5.0000E-05 )
  gradient maximum:        1.0306E-03 .  (  4.5000E-04 )
  gradient rms:            1.4296E-04 *  (  3.0000E-04 )
  displacement maximum:    1.2464E-01 .  (  1.8000E-03 )
  displacement rms:        1.9916E-02 .  (  1.2000E-03 )
  
  predicted energy change: -6.6210E-05
  step size:     0.30006
  trust radius:  0.30000
---------------- geometry iteration  21 complete ----------------
geopt (optimize geometry) done.
onee (1-electron integrals) done.
probe (project orbitals) done.
grid (grid generation) done.
rwr (Q operators) done.
  
       i  u  d  i  g
       t  p  i  c  r                                 RMS    maximum
       e  d  i  u  i                       energy  density   DIIS  
       r  t  s  t  d       total energy    change  change    error 
  
etot    1  N  N  2  U   -1854.66570771317           4.7E-04  1.3E-02
etot    2  Y  Y  6  M   -1854.71611752105  5.0E-02  6.1E-05  1.3E-03
etot    3  N  Y  2  U   -1854.71557187253 -5.5E-04  5.2E-05  1.6E-03
etot    4  Y  Y  6  M   -1854.71600882433  4.4E-04  2.1E-05  1.4E-03
etot    5  N  Y  2  U   -1854.71611895363  1.1E-04  7.0E-06  1.2E-03
etot    6  N  Y  2  U   -1854.71613605792  1.7E-05  3.1E-06  4.8E-04
etot    7  N  N  2  U   -1854.71613769688  1.6E-06  0.0E+00  0.0E+00
scf (DFT) done.
der1a (1-e 1st deriv.) done.
rwr (1st deriv. Q) done.
der1b (2-e 1st deriv.) done.
  Geometry optimization step  22
  Total energy:     -1854.76853186805 hartrees
  energy change:          -4.3592E-05 *  (  5.0000E-05 )
  gradient maximum:        2.6227E-03 .  (  4.5000E-04 )
  gradient rms:            4.9121E-04 .  (  3.0000E-04 )
  displacement maximum:    4.5723E-02 .  (  1.8000E-03 )
  displacement rms:        8.2398E-03 .  (  1.2000E-03 )
  
  predicted energy change: -5.7107E-05
  step size:     0.12415
  trust radius:  0.30000
---------------- geometry iteration  22 complete ----------------
geopt (optimize geometry) done.
onee (1-electron integrals) done.
probe (project orbitals) done.
grid (grid generation) done.
rwr (Q operators) done.
  
       i  u  d  i  g
       t  p  i  c  r                                 RMS    maximum
       e  d  i  u  i                       energy  density   DIIS  
       r  t  s  t  d       total energy    change  change    error 
  
etot    1  N  N  2  U   -1854.70751172672           1.9E-04  5.2E-03
etot    2  Y  Y  6  M   -1854.71608022381  8.6E-03  3.0E-05  8.6E-04
etot    3  N  Y  2  U   -1854.71588878600 -1.9E-04  2.6E-05  4.0E-03
etot    4  N  Y  2  U   -1854.71604136199  1.5E-04  1.1E-05  2.6E-03
etot    5  N  Y  2  U   -1854.71608597796  4.5E-05  4.3E-06  5.4E-04
etot    6  N  N  2  U   -1854.71609336612  7.4E-06  0.0E+00  0.0E+00
scf (DFT) done.
der1a (1-e 1st deriv.) done.
rwr (1st deriv. Q) done.
der1b (2-e 1st deriv.) done.
  Geometry optimization step  23
  Total energy:     -1854.76855019963 hartrees
  energy change:          -1.8332E-05 *  (  5.0000E-05 )
  gradient maximum:        2.2033E-03 .  (  4.5000E-04 )
  gradient rms:            5.2460E-04 .  (  3.0000E-04 )
  displacement maximum:    1.2370E-01 .  (  1.8000E-03 )
  displacement rms:        1.9921E-02 .  (  1.2000E-03 )
  
  predicted energy change: -3.0200E-04
  step size:     0.30014
  trust radius:  0.30000
---------------- geometry iteration  23 complete ----------------
geopt (optimize geometry) done.
onee (1-electron integrals) done.
probe (project orbitals) done.
grid (grid generation) done.
rwr (Q operators) done.
  
       i  u  d  i  g
       t  p  i  c  r                                 RMS    maximum
       e  d  i  u  i                       energy  density   DIIS  
       r  t  s  t  d       total energy    change  change    error 
  
etot    1  N  N  2  U   -1854.66997078662           8.4E-04  1.7E-02
etot    2  Y  Y  6  M   -1854.71669439848  4.7E-02  6.4E-05  1.4E-03
etot    3  N  Y  2  U   -1854.71620052271 -4.9E-04  5.2E-05  2.7E-03
etot    4  Y  Y  6  M   -1854.71661379943  4.1E-04  2.2E-05  3.1E-03
etot    5  N  Y  2  U   -1854.71672993674  1.2E-04  9.4E-06  2.0E-03
etot    6  N  Y  2  U   -1854.71676890339  3.9E-05  3.1E-06  2.4E-04
etot    7  N  N  2  U   -1854.71677016452  1.3E-06  0.0E+00  0.0E+00
scf (DFT) done.
der1a (1-e 1st deriv.) done.
rwr (1st deriv. Q) done.
der1b (2-e 1st deriv.) done.
  Geometry optimization step  24
  Total energy:     -1854.76931825158 hartrees
  energy change:          -7.6805E-04 .  (  5.0000E-05 )
  gradient maximum:        7.1100E-03 .  (  4.5000E-04 )
  gradient rms:            9.1256E-04 .  (  3.0000E-04 )
  displacement maximum:    7.3730E-02 .  (  1.8000E-03 )
  displacement rms:        9.7729E-03 .  (  1.2000E-03 )
  
  predicted energy change: -1.7524E-04
  step size:     0.14724
  trust radius:  0.30000
---------------- geometry iteration  24 complete ----------------
geopt (optimize geometry) done.
onee (1-electron integrals) done.
probe (project orbitals) done.
grid (grid generation) done.
rwr (Q operators) done.
  
       i  u  d  i  g
       t  p  i  c  r                                 RMS    maximum
       e  d  i  u  i                       energy  density   DIIS  
       r  t  s  t  d       total energy    change  change    error 
  
etot    1  N  N  2  U   -1854.70778504826           2.1E-04  6.5E-03
etot    2  Y  Y  6  M   -1854.71694207583  9.2E-03  3.7E-05  5.2E-04
etot    3  N  Y  2  U   -1854.71670606801 -2.4E-04  3.0E-05  2.5E-03
etot    4  N  Y  2  U   -1854.71694523861  2.4E-04  1.1E-05  1.7E-03
etot    5  N  Y  2  U   -1854.71696957318  2.4E-05  5.2E-06  9.7E-04
etot    6  N  Y  2  U   -1854.71697976639  1.0E-05  1.7E-06  1.2E-04
etot    7  N  N  2  U   -1854.71698024263  4.8E-07  0.0E+00  0.0E+00
scf (DFT) done.
der1a (1-e 1st deriv.) done.
rwr (1st deriv. Q) done.
der1b (2-e 1st deriv.) done.
  Geometry optimization step  25
  Total energy:     -1854.76943801443 hartrees
  energy change:          -1.1976E-04 .  (  5.0000E-05 )
  gradient maximum:        6.8160E-03 .  (  4.5000E-04 )
  gradient rms:            8.5188E-04 .  (  3.0000E-04 )
  displacement maximum:    1.1256E-01 .  (  1.8000E-03 )
  displacement rms:        1.9931E-02 .  (  1.2000E-03 )
  
  predicted energy change: -3.7337E-04
  step size:     0.30030
  trust radius:  0.30000
---------------- geometry iteration  25 complete ----------------
geopt (optimize geometry) done.
onee (1-electron integrals) done.
probe (project orbitals) done.
grid (grid generation) done.
rwr (Q operators) done.
  
       i  u  d  i  g
       t  p  i  c  r                                 RMS    maximum
       e  d  i  u  i                       energy  density   DIIS  
       r  t  s  t  d       total energy    change  change    error 
  
etot    1  N  N  2  U   -1854.67359687788           4.2E-04  1.5E-02
etot    2  Y  Y  6  M   -1854.71709885069  4.4E-02  5.5E-05  8.9E-04
etot    3  N  Y  2  U   -1854.71665505668 -4.4E-04  4.4E-05  1.9E-03
etot    4  N  Y  2  U   -1854.71696625501  3.1E-04  1.9E-05  2.4E-03
etot    5  N  Y  2  U   -1854.71705493371  8.9E-05  7.9E-06  1.8E-03
etot    6  N  Y  2  U   -1854.71708214235  2.7E-05  3.0E-06  3.0E-04
etot    7  N  N  2  U   -1854.71708373613  1.6E-06  0.0E+00  0.0E+00
scf (DFT) done.
der1a (1-e 1st deriv.) done.
rwr (1st deriv. Q) done.
der1b (2-e 1st deriv.) done.
  Geometry optimization step  26
  Total energy:     -1854.76953646491 hartrees
  ** restarting optimization from step   25 **
  energy change:          -9.8450E-05 .  (  5.0000E-05 )
  gradient maximum:        6.8160E-03 .  (  4.5000E-04 )
  gradient rms:            8.5188E-04 .  (  3.0000E-04 )
  displacement maximum:    1.1572E-01 .  (  1.8000E-03 )
  displacement rms:        1.9918E-02 .  (  1.2000E-03 )
  
  predicted energy change: -1.1272E-03
  step size:     0.30009
  trust radius:  0.30000
---------------- geometry iteration  26 complete ----------------
geopt (optimize geometry) done.
onee (1-electron integrals) done.
probe (project orbitals) done.
grid (grid generation) done.
rwr (Q operators) done.
  
       i  u  d  i  g
       t  p  i  c  r                                 RMS    maximum
       e  d  i  u  i                       energy  density   DIIS  
       r  t  s  t  d       total energy    change  change    error 
  
etot    1  N  N  2  U   -1854.58498328011           7.2E-04  2.1E-02
etot    2  Y  Y  6  M   -1854.71567300614  1.3E-01  1.2E-04  2.0E-03
etot    3  N  Y  2  U   -1854.71370769654 -2.0E-03  9.9E-05  6.2E-03
etot    4  Y  Y  6  M   -1854.71533440503  1.6E-03  3.8E-05  6.0E-03
etot    5  N  Y  2  U   -1854.71579705433  4.6E-04  1.8E-05  3.8E-03
etot    6  N  Y  2  U   -1854.71592882457  1.3E-04  5.6E-06  4.7E-04
etot    7  N  Y  2  U   -1854.71593302792  4.2E-06  3.8E-06  8.9E-05
etot    8  N  N  2  U   -1854.71593495030  1.9E-06  0.0E+00  0.0E+00
scf (DFT) done.
der1a (1-e 1st deriv.) done.
rwr (1st deriv. Q) done.
der1b (2-e 1st deriv.) done.
  Geometry optimization step  27
  Total energy:     -1854.76780186447 hartrees
  ** restarting optimization from step   25 **
  energy change:           1.6361E-03 .  (  5.0000E-05 )
  gradient maximum:        6.8160E-03 .  (  4.5000E-04 )
  gradient rms:            8.5188E-04 .  (  3.0000E-04 )
  displacement maximum:    6.5910E-02 .  (  1.8000E-03 )
  displacement rms:        9.9730E-03 .  (  1.2000E-03 )
  
  predicted energy change: -3.8375E-04
  step size:     0.15026
  trust radius:  0.15000
---------------- geometry iteration  27 complete ----------------
geopt (optimize geometry) done.
onee (1-electron integrals) done.
probe (project orbitals) done.
grid (grid generation) done.
rwr (Q operators) done.
  
       i  u  d  i  g
       t  p  i  c  r                                 RMS    maximum
       e  d  i  u  i                       energy  density   DIIS  
       r  t  s  t  d       total energy    change  change    error 
  
etot    1  N  N  2  U   -1854.65143407900           5.2E-04  1.5E-02
etot    2  Y  Y  6  M   -1854.71719186406  6.6E-02  1.1E-04  2.9E-03
etot    3  N  Y  2  U   -1854.71483415743 -2.4E-03  9.0E-05  1.4E-02
etot    4  Y  Y  6  M   -1854.71709602051  2.3E-03  3.5E-05  7.2E-03
etot    5  N  Y  2  U   -1854.71738530860  2.9E-04  1.5E-05  1.7E-03
etot    6  N  Y  2  U   -1854.71745377003  6.8E-05  3.8E-06  1.3E-04
etot    7  N  N  2  U   -1854.71745590545  2.1E-06  0.0E+00  0.0E+00
scf (DFT) done.
der1a (1-e 1st deriv.) done.
rwr (1st deriv. Q) done.
der1b (2-e 1st deriv.) done.
  Geometry optimization step  28
  Total energy:     -1854.76976885321 hartrees
  energy change:          -3.3084E-04 .  (  5.0000E-05 )
  gradient maximum:        1.9600E-03 .  (  4.5000E-04 )
  gradient rms:            4.4847E-04 .  (  3.0000E-04 )
  displacement maximum:    9.0646E-02 .  (  1.8000E-03 )
  displacement rms:        1.4097E-02 .  (  1.2000E-03 )
  
  predicted energy change: -4.2267E-04
  step size:     0.21239
  trust radius:  0.21213
---------------- geometry iteration  28 complete ----------------
geopt (optimize geometry) done.
onee (1-electron integrals) done.
probe (project orbitals) done.
grid (grid generation) done.
rwr (Q operators) done.
  
       i  u  d  i  g
       t  p  i  c  r                                 RMS    maximum
       e  d  i  u  i                       energy  density   DIIS  
       r  t  s  t  d       total energy    change  change    error 
  
etot    1  N  N  2  U   -1854.68990502171           3.4E-04  8.3E-03
etot    2  Y  Y  6  M   -1854.71561066737  2.6E-02  1.0E-04  2.2E-03
etot    3  N  Y  2  U   -1854.71341751268 -2.2E-03  8.1E-05  1.1E-02
etot    4  Y  Y  6  M   -1854.71564359056  2.2E-03  2.5E-05  5.2E-03
etot    5  N  Y  2  U   -1854.71582221250  1.8E-04  1.1E-05  1.5E-03
etot    6  N  Y  2  U   -1854.71585810890  3.6E-05  3.3E-06  2.0E-04
etot    7  N  N  2  U   -1854.71586086897  2.8E-06  0.0E+00  0.0E+00
scf (DFT) done.
der1a (1-e 1st deriv.) done.
rwr (1st deriv. Q) done.
der1b (2-e 1st deriv.) done.
  Geometry optimization step  29
  Total energy:     -1854.76818587573 hartrees
  ** restarting optimization from step   28 **
  energy change:           1.5830E-03 .  (  5.0000E-05 )
  gradient maximum:        1.9600E-03 .  (  4.5000E-04 )
  gradient rms:            4.4847E-04 .  (  3.0000E-04 )
  displacement maximum:    5.3130E-02 .  (  1.8000E-03 )
  displacement rms:        7.0768E-03 .  (  1.2000E-03 )
  
  predicted energy change: -1.6147E-04
  step size:     0.10662
  trust radius:  0.10607
---------------- geometry iteration  29 complete ----------------
geopt (optimize geometry) done.
onee (1-electron integrals) done.
probe (project orbitals) done.
grid (grid generation) done.
rwr (Q operators) done.
  
       i  u  d  i  g
       t  p  i  c  r                                 RMS    maximum
       e  d  i  u  i                       energy  density   DIIS  
       r  t  s  t  d       total energy    change  change    error 
  
etot    1  N  N  2  U   -1854.69843207457           3.0E-04  8.0E-03
etot    2  Y  Y  6  M   -1854.71767697450  1.9E-02  8.7E-05  1.6E-03
etot    3  N  Y  2  U   -1854.71607607162 -1.6E-03  7.0E-05  7.7E-03
etot    4  Y  Y  6  M   -1854.71768480114  1.6E-03  2.1E-05  3.9E-03
etot    5  N  Y  2  U   -1854.71782322711  1.4E-04  9.5E-06  1.6E-03
etot    6  N  Y  2  U   -1854.71785549575  3.2E-05  3.0E-06  2.3E-04
etot    7  N  N  2  U   -1854.71785793574  2.4E-06  0.0E+00  0.0E+00
scf (DFT) done.
der1a (1-e 1st deriv.) done.
rwr (1st deriv. Q) done.
der1b (2-e 1st deriv.) done.
  Geometry optimization step  30
  Total energy:     -1854.77007247829 hartrees
  energy change:          -3.0363E-04 .  (  5.0000E-05 )
  gradient maximum:        4.0293E-03 .  (  4.5000E-04 )
  gradient rms:            4.7383E-04 .  (  3.0000E-04 )
  displacement maximum:    3.5671E-02 .  (  1.8000E-03 )
  displacement rms:        5.8121E-03 .  (  1.2000E-03 )
  
  predicted energy change: -6.1631E-05
  step size:     0.08757
  trust radius:  0.15000
---------------- geometry iteration  30 complete ----------------
geopt (optimize geometry) done.
onee (1-electron integrals) done.
probe (project orbitals) done.
grid (grid generation) done.
rwr (Q operators) done.
  
       i  u  d  i  g
       t  p  i  c  r                                 RMS    maximum
       e  d  i  u  i                       energy  density   DIIS  
       r  t  s  t  d       total energy    change  change    error 
  
etot    1  N  N  2  U   -1854.71256998627           1.4E-04  3.3E-03
etot    2  Y  Y  6  M   -1854.71777424480  5.2E-03  2.2E-05  4.8E-04
etot    3  N  Y  2  U   -1854.71770434705 -7.0E-05  2.0E-05  1.9E-03
etot    4  N  Y  2  U   -1854.71777445606  7.0E-05  8.3E-06  1.6E-03
etot    5  N  Y  2  U   -1854.71779430343  2.0E-05  4.0E-06  6.8E-04
etot    6  N  N  2  U   -1854.71780004935  5.7E-06  0.0E+00  0.0E+00
scf (DFT) done.
der1a (1-e 1st deriv.) done.
rwr (1st deriv. Q) done.
der1b (2-e 1st deriv.) done.
  Geometry optimization step  31
  Total energy:     -1854.77009488586 hartrees
  energy change:          -2.2408E-05 *  (  5.0000E-05 )
  gradient maximum:        3.6476E-03 .  (  4.5000E-04 )
  gradient rms:            4.6529E-04 .  (  3.0000E-04 )
  displacement maximum:    6.0430E-02 .  (  1.8000E-03 )
  displacement rms:        9.9565E-03 .  (  1.2000E-03 )
  
  predicted energy change: -6.8379E-05
  step size:     0.15001
  trust radius:  0.15000
---------------- geometry iteration  31 complete ----------------
geopt (optimize geometry) done.
onee (1-electron integrals) done.
probe (project orbitals) done.
grid (grid generation) done.
rwr (Q operators) done.
  
       i  u  d  i  g
       t  p  i  c  r                                 RMS    maximum
       e  d  i  u  i                       energy  density   DIIS  
       r  t  s  t  d       total energy    change  change    error 
  
etot    1  N  N  2  U   -1854.70665260942           2.3E-04  5.6E-03
etot    2  Y  Y  6  M   -1854.71729176941  1.1E-02  4.2E-05  4.9E-04
etot    3  N  Y  2  U   -1854.71699339433 -3.0E-04  3.6E-05  2.5E-03
etot    4  N  Y  2  U   -1854.71732019899  3.3E-04  1.2E-05  1.8E-03
etot    5  N  Y  2  U   -1854.71734187321  2.2E-05  6.0E-06  1.3E-03
etot    6  N  Y  2  U   -1854.71735787220  1.6E-05  1.6E-06  1.2E-04
etot    7  N  N  2  U   -1854.71735816142  2.9E-07  0.0E+00  0.0E+00
scf (DFT) done.
der1a (1-e 1st deriv.) done.
rwr (1st deriv. Q) done.
der1b (2-e 1st deriv.) done.
  Geometry optimization step  32
  Total energy:     -1854.76976191364 hartrees
  Geometry optimization step  32
  Total energy:     -1854.76976191364 hartrees
  energy change:           3.3297E-04 .  (  5.0000E-05 )
  gradient maximum:        3.2245E-03 .  (  4.5000E-04 )
  gradient rms:            5.6597E-04 .  (  3.0000E-04 )
  displacement maximum:    9.6816E-02 .  (  1.8000E-03 )
  displacement rms:        2.1851E-02 .  (  1.2000E-03 )
  
  predicted energy change: -2.2716E-04
  step size:     0.30040
  trust radius:  0.30000
---------------- geometry iteration  32 complete ----------------
geopt (optimize geometry) done.
onee (1-electron integrals) done.
probe (project orbitals) done.
grid (grid generation) done.
rwr (Q operators) done.
  
       i  u  d  i  g
       t  p  i  c  r                                 RMS    maximum
       e  d  i  u  i                       energy  density   DIIS  
       r  t  s  t  d       total energy    change  change    error 
  
etot    1  N  N  2  U   -1854.71619909403           9.9E-05  2.4E-03
etot    2  Y  Y  6  M   -1854.71760049815  1.4E-03  2.4E-05  3.6E-04
etot    3  N  Y  2  U   -1854.71745438486 -1.5E-04  2.0E-05  1.6E-03
etot    4  N  Y  2  U   -1854.71758837353  1.3E-04  5.9E-06  8.7E-04
etot    5  N  Y  2  U   -1854.71759347205  5.1E-06  3.0E-06  6.5E-04
etot    6  N  N  2  U   -1854.71759744004  4.0E-06  0.0E+00  0.0E+00
scf (DFT) done.
der1a (1-e 1st deriv.) done.
rwr (1st deriv. Q) done.
der1b (2-e 1st deriv.) done.
  Geometry optimization step  33
  Total energy:     -1854.76993234292 hartrees
  energy change:          -1.7043E-04 .  (  5.0000E-05 )
  gradient maximum:        7.5563E-04 .  (  4.5000E-04 )
  gradient rms:            1.5958E-04 *  (  3.0000E-04 )
  displacement maximum:    7.3106E-02 .  (  1.8000E-03 )
  displacement rms:        2.1838E-02 .  (  1.2000E-03 )
  
  predicted energy change: -4.3999E-05
  step size:     0.30022
  trust radius:  0.30000
---------------- geometry iteration  33 complete ----------------
geopt (optimize geometry) done.
onee (1-electron integrals) done.
probe (project orbitals) done.
grid (grid generation) done.
rwr (Q operators) done.
  
       i  u  d  i  g
       t  p  i  c  r                                 RMS    maximum
       e  d  i  u  i                       energy  density   DIIS  
       r  t  s  t  d       total energy    change  change    error 
  
etot    1  N  N  2  U   -1854.71623394277           8.2E-05  2.6E-03
etot    2  Y  Y  6  M   -1854.71775083295  1.5E-03  1.3E-05  3.4E-04
etot    3  N  Y  2  U   -1854.71770818639 -4.3E-05  1.1E-05  1.6E-03
etot    4  N  Y  2  U   -1854.71773755524  2.9E-05  4.8E-06  1.1E-03
etot    5  N  N  2  U   -1854.71774515761  7.6E-06  0.0E+00  0.0E+00
scf (DFT) done.
der1a (1-e 1st deriv.) done.
rwr (1st deriv. Q) done.
der1b (2-e 1st deriv.) done.
  Geometry optimization step  34
  Total energy:     -1854.77007070798 hartrees
  energy change:          -1.3837E-04 .  (  5.0000E-05 )
  gradient maximum:        5.7929E-04 .  (  4.5000E-04 )
  gradient rms:            1.0441E-04 *  (  3.0000E-04 )
  displacement maximum:    7.0434E-02 .  (  1.8000E-03 )
  displacement rms:        2.1829E-02 .  (  1.2000E-03 )
  
  predicted energy change: -3.0999E-05
  step size:     0.30009
  trust radius:  0.30000
---------------- geometry iteration  34 complete ----------------
geopt (optimize geometry) done.
onee (1-electron integrals) done.
probe (project orbitals) done.
grid (grid generation) done.
rwr (Q operators) done.
  
       i  u  d  i  g
       t  p  i  c  r                                 RMS    maximum
       e  d  i  u  i                       energy  density   DIIS  
       r  t  s  t  d       total energy    change  change    error 
  
etot    1  N  N  2  U   -1854.71655461170           7.4E-05  2.1E-03
etot    2  Y  Y  6  M   -1854.71772047565  1.2E-03  2.8E-05  1.3E-03
etot    3  N  Y  2  U   -1854.71744445081 -2.8E-04  2.3E-05  5.7E-03
etot    4  N  Y  2  U   -1854.71772686933  2.8E-04  5.6E-06  8.6E-04
etot    5  N  Y  2  U   -1854.71773607880  9.2E-06  2.0E-06  1.3E-04
etot    6  N  N  2  U   -1854.71773725371  1.2E-06  0.0E+00  0.0E+00
scf (DFT) done.
der1a (1-e 1st deriv.) done.
rwr (1st deriv. Q) done.
der1b (2-e 1st deriv.) done.
  Geometry optimization step  35
  Total energy:     -1854.77007453852 hartrees
  energy change:          -3.8305E-06 *  (  5.0000E-05 )
  gradient maximum:        7.5892E-04 .  (  4.5000E-04 )
  gradient rms:            1.4627E-04 *  (  3.0000E-04 )
  displacement maximum:    6.1911E-02 .  (  1.8000E-03 )
  displacement rms:        1.3533E-02 .  (  1.2000E-03 )
  
  predicted energy change: -2.4915E-05
  step size:     0.18605
  trust radius:  0.30000
---------------- geometry iteration  35 complete ----------------
geopt (optimize geometry) done.
onee (1-electron integrals) done.
probe (project orbitals) done.
grid (grid generation) done.
rwr (Q operators) done.
  
       i  u  d  i  g
       t  p  i  c  r                                 RMS    maximum
       e  d  i  u  i                       energy  density   DIIS  
       r  t  s  t  d       total energy    change  change    error 
  
etot    1  N  N  2  U   -1854.71722914160           4.8E-05  1.8E-03
etot    2  N  Y  2  U   -1854.71776141812  5.3E-04  8.7E-06  1.2E-04
etot    3  N  Y  2  U   -1854.71775037897 -1.1E-05  7.2E-06  5.7E-04
etot    4  N  Y  2  U   -1854.71776249472  1.2E-05  2.8E-06  4.5E-04
etot    5  N  N  2  U   -1854.71776434752  1.9E-06  0.0E+00  0.0E+00
scf (DFT) done.
der1a (1-e 1st deriv.) done.
rwr (1st deriv. Q) done.
der1b (2-e 1st deriv.) done.
  Geometry optimization step  36
  Total energy:     -1854.77008033371 hartrees
  energy change:          -5.7952E-06 *  (  5.0000E-05 )
  gradient maximum:        5.0097E-04 .  (  4.5000E-04 )
  gradient rms:            1.0570E-04 *  (  3.0000E-04 )
  displacement maximum:    3.9487E-02 .  (  1.8000E-03 )
  displacement rms:        1.1422E-02 .  (  1.2000E-03 )
  
  predicted energy change: -1.4142E-05
  step size:     0.15702
  trust radius:  0.30000
---------------- geometry iteration  36 complete ----------------
geopt (optimize geometry) done.
onee (1-electron integrals) done.
probe (project orbitals) done.
grid (grid generation) done.
rwr (Q operators) done.
  
       i  u  d  i  g
       t  p  i  c  r                                 RMS    maximum
       e  d  i  u  i                       energy  density   DIIS  
       r  t  s  t  d       total energy    change  change    error 
  
etot    1  N  N  2  U   -1854.71740235069           4.3E-05  1.1E-03
etot    2  N  Y  2  U   -1854.71775453647  3.5E-04  2.6E-05  1.4E-03
etot    3  N  Y  2  U   -1854.71752163497 -2.3E-04  2.1E-05  5.6E-03
etot    4  N  Y  2  U   -1854.71777092514  2.5E-04  3.8E-06  3.8E-04
etot    5  N  N  2  U   -1854.71777408619  3.2E-06  0.0E+00  0.0E+00
scf (DFT) done.
der1a (1-e 1st deriv.) done.
rwr (1st deriv. Q) done.
der1b (2-e 1st deriv.) done.
  Geometry optimization step  37
  Total energy:     -1854.77008062846 hartrees
  energy change:          -2.9475E-07 #  (  5.0000E-05 )
  gradient maximum:        3.6090E-04 *  (  4.5000E-04 )
  gradient rms:            1.0265E-04 *  (  3.0000E-04 )
  displacement maximum:    3.7846E-02 .  (  1.8000E-03 )
  displacement rms:        1.1359E-02 .  (  1.2000E-03 )
  
  predicted energy change: -1.3536E-05
  step size:     0.15616
  trust radius:  0.30000
---------------- geometry iteration  37 complete ----------------
geopt (optimize geometry) done.
onee (1-electron integrals) done.
probe (project orbitals) done.
grid (grid generation) done.
rwr (Q operators) done.
  
       i  u  d  i  g
       t  p  i  c  r                                 RMS    maximum
       e  d  i  u  i                       energy  density   DIIS  
       r  t  s  t  d       total energy    change  change    error 
  
etot    1  N  N  2  U   -1854.71748661108           5.7E-05  1.1E-03
etot    2  Y  Y  6  M   -1854.71778914223  3.0E-04  1.9E-05  3.2E-04
etot    3  N  Y  2  U   -1854.71771481219 -7.4E-05  1.4E-05  1.4E-03
etot    4  N  Y  2  U   -1854.71779941002  8.5E-05  2.9E-06  5.1E-04
etot    5  N  N  2  U   -1854.71780106851  1.7E-06  0.0E+00  0.0E+00
scf (DFT) done.
der1a (1-e 1st deriv.) done.
rwr (1st deriv. Q) done.
der1b (2-e 1st deriv.) done.
  Geometry optimization step  38
  Total energy:     -1854.77011398947 hartrees
  energy change:          -3.3361E-05 *  (  5.0000E-05 )
  gradient maximum:        1.9217E-04 *  (  4.5000E-04 )
  gradient rms:            5.8938E-05 #  (  3.0000E-04 )
  displacement maximum:    1.5774E-02 .  (  1.8000E-03 )
  displacement rms:        5.9138E-03 .  (  1.2000E-03 )
  
  predicted energy change: -4.0894E-06
  step size:     0.08130
  trust radius:  0.30000
---------------- geometry iteration  38 complete ----------------
geopt (optimize geometry) done.
onee (1-electron integrals) done.
probe (project orbitals) done.
grid (grid generation) done.
rwr (Q operators) done.
  
       i  u  d  i  g
       t  p  i  c  r                                 RMS    maximum
       e  d  i  u  i                       energy  density   DIIS  
       r  t  s  t  d       total energy    change  change    error 
  
etot    1  N  N  2  U   -1854.71774535729           3.8E-05  2.8E-04
etot    2  N  Y  2  U   -1854.71777786158  3.3E-05  1.6E-05  1.3E-03
etot    3  N  Y  2  U   -1854.71772030574 -5.8E-05  1.1E-05  3.0E-03
etot    4  N  Y  2  U   -1854.71779135509  7.1E-05  2.4E-06  1.8E-04
etot    5  N  N  2  U   -1854.71779326566  1.9E-06  0.0E+00  0.0E+00
scf (DFT) done.
der1a (1-e 1st deriv.) done.
rwr (1st deriv. Q) done.
der1b (2-e 1st deriv.) done.
  Geometry optimization step  39
  Total energy:     -1854.77011054000 hartrees
  energy change:           3.4495E-06 *  (  5.0000E-05 )
  gradient maximum:        4.0880E-04 *  (  4.5000E-04 )
  gradient rms:            5.4249E-05 #  (  3.0000E-04 )
  displacement maximum:    7.8719E-03 .  (  1.8000E-03 )
  displacement rms:        2.0179E-03 .  (  1.2000E-03 )
  
  predicted energy change: -1.2058E-06
  step size:     0.02774
  trust radius:  0.30000
---------------- geometry iteration  39 complete ----------------
geopt (optimize geometry) done.
onee (1-electron integrals) done.
probe (project orbitals) done.
grid (grid generation) done.
rwr (Q operators) done.
  
       i  u  d  i  g
       t  p  i  c  r                                 RMS    maximum
       e  d  i  u  i                       energy  density   DIIS  
       r  t  s  t  d       total energy    change  change    error 
  
etot    1  N  N  2  U   -1854.71775456008           1.2E-05  1.8E-04
etot    2  N  Y  2  U   -1854.71776181032  7.3E-06  5.4E-06  8.5E-05
etot    3  N  Y  2  U   -1854.71775677238 -5.0E-06  4.0E-06  2.2E-04
etot    4  N  N  2  U   -1854.71776296619  6.2E-06  0.0E+00  0.0E+00
scf (DFT) done.
der1a (1-e 1st deriv.) done.
rwr (1st deriv. Q) done.
der1b (2-e 1st deriv.) done.
  Geometry optimization step  40
  Total energy:     -1854.77008761507 hartrees
  energy change:           2.2925E-05 *  (  5.0000E-05 )
  gradient maximum:        2.2994E-04 *  (  4.5000E-04 )
  gradient rms:            3.1229E-05 #  (  3.0000E-04 )
  displacement maximum:    7.8423E-03 .  (  1.8000E-03 )
  displacement rms:        2.3284E-03 .  (  1.2000E-03 )
  
  predicted energy change: -9.2794E-07
  step size:     0.03201
  trust radius:  0.30000
---------------- geometry iteration  40 complete ----------------
geopt (optimize geometry) done.
onee (1-electron integrals) done.
probe (project orbitals) done.
grid (grid generation) done.
rwr (Q operators) done.
  
       i  u  d  i  g
       t  p  i  c  r                                 RMS    maximum
       e  d  i  u  i                       energy  density   DIIS  
       r  t  s  t  d       total energy    change  change    error 
  
etot    1  N  N  2  U   -1854.71771659778           1.4E-05  2.5E-04
etot    2  N  Y  2  U   -1854.71773348061  1.7E-05  5.0E-06  2.4E-04
etot    3  N  N  2  U   -1854.71772543980 -8.0E-06  0.0E+00  0.0E+00
scf (DFT) done.
der1a (1-e 1st deriv.) done.
rwr (1st deriv. Q) done.
der1b (2-e 1st deriv.) done.
  Geometry optimization step  41
  Total energy:     -1854.77005316916 hartrees
  energy change:           3.4446E-05 *  (  5.0000E-05 )
  gradient maximum:        1.1083E-03 .  (  4.5000E-04 )
  gradient rms:            1.3758E-04 *  (  3.0000E-04 )
  displacement maximum:    2.3657E-03 .  (  1.8000E-03 )
  displacement rms:        7.8521E-04 *  (  1.2000E-03 )
  
  predicted energy change: -1.2049E-06
  step size:     0.01079
  trust radius:  0.30000
---------------- geometry iteration  41 complete ----------------
geopt (optimize geometry) done.
onee (1-electron integrals) done.
probe (project orbitals) done.
grid (grid generation) done.
rwr (Q operators) done.
  
       i  u  d  i  g
       t  p  i  c  r                                 RMS    maximum
       e  d  i  u  i                       energy  density   DIIS  
       r  t  s  t  d       total energy    change  change    error 
  
etot    1  N  N  2  U   -1854.71762427552           2.5E-05  1.0E-03
etot    2  N  Y  2  U   -1854.71743248955 -1.9E-04  1.9E-05  5.1E-03
etot    3  N  Y  2  U   -1854.71763494301  2.0E-04  4.1E-06  4.4E-04
etot    4  N  N  2  U   -1854.71763452005 -4.2E-07  0.0E+00  0.0E+00
scf (DFT) done.
der1a (1-e 1st deriv.) done.
rwr (1st deriv. Q) done.
der1b (2-e 1st deriv.) done.
  Geometry optimization step  42
  Total energy:     -1854.76996048751 hartrees
  energy change:           9.2682E-05 .  (  5.0000E-05 )
  gradient maximum:        1.0671E-03 .  (  4.5000E-04 )
  gradient rms:            1.2261E-04 *  (  3.0000E-04 )
  displacement maximum:    4.4726E-03 .  (  1.8000E-03 )
  displacement rms:        1.2640E-03 .  (  1.2000E-03 )
  
  predicted energy change: -1.5894E-06
  step size:     0.01738
  trust radius:  0.30000
---------------- geometry iteration  42 complete ----------------
geopt (optimize geometry) done.
onee (1-electron integrals) done.
probe (project orbitals) done.
grid (grid generation) done.
rwr (Q operators) done.
  
       i  u  d  i  g
       t  p  i  c  r                                 RMS    maximum
       e  d  i  u  i                       energy  density   DIIS  
       r  t  s  t  d       total energy    change  change    error 
  
etot    1  N  N  2  U   -1854.71764683068           1.6E-05  1.4E-04
etot    2  N  Y  2  U   -1854.71762327847 -2.4E-05  9.4E-06  6.0E-04
etot    3  N  Y  2  U   -1854.71765110410  2.8E-05  3.1E-06  3.1E-04
etot    4  N  N  2  U   -1854.71764972592 -1.4E-06  0.0E+00  0.0E+00
scf (DFT) done.
der1a (1-e 1st deriv.) done.
rwr (1st deriv. Q) done.
der1b (2-e 1st deriv.) done.
  Geometry optimization step  43
  Total energy:     -1854.76997314964 hartrees
  energy change:          -1.2662E-05 *  (  5.0000E-05 )
  gradient maximum:        1.3413E-04 *  (  4.5000E-04 )
  gradient rms:            3.9548E-05 #  (  3.0000E-04 )
  displacement maximum:    1.2145E-02 .  (  1.8000E-03 )
  displacement rms:        3.3706E-03 .  (  1.2000E-03 )
  
  predicted energy change: -1.6270E-06
  step size:     0.04634
  trust radius:  0.30000
---------------- geometry iteration  43 complete ----------------
geopt (optimize geometry) done.
onee (1-electron integrals) done.
probe (project orbitals) done.
grid (grid generation) done.
rwr (Q operators) done.
  
       i  u  d  i  g
       t  p  i  c  r                                 RMS    maximum
       e  d  i  u  i                       energy  density   DIIS  
       r  t  s  t  d       total energy    change  change    error 
  
etot    1  N  N  2  U   -1854.71766074322           1.8E-05  5.4E-04
etot    2  N  Y  2  U   -1854.71763034014 -3.0E-05  1.2E-05  2.5E-03
etot    3  N  Y  2  U   -1854.71766973485  3.9E-05  4.8E-06  1.1E-03
etot    4  N  N  2  U   -1854.71767635932  6.6E-06  0.0E+00  0.0E+00
scf (DFT) done.
der1a (1-e 1st deriv.) done.
rwr (1st deriv. Q) done.
der1b (2-e 1st deriv.) done.
  Geometry optimization step  44
  Total energy:     -1854.76999802858 hartrees
  energy change:          -2.4879E-05 *  (  5.0000E-05 )
  gradient maximum:        5.3610E-04 .  (  4.5000E-04 )
  gradient rms:            7.3122E-05 *  (  3.0000E-04 )
  displacement maximum:    4.2748E-03 .  (  1.8000E-03 )
  displacement rms:        1.2287E-03 .  (  1.2000E-03 )
  
  predicted energy change: -9.5405E-07
  step size:     0.01689
  trust radius:  0.30000
---------------- geometry iteration  44 complete ----------------
geopt (optimize geometry) done.
onee (1-electron integrals) done.
probe (project orbitals) done.
grid (grid generation) done.
rwr (Q operators) done.
  
       i  u  d  i  g
       t  p  i  c  r                                 RMS    maximum
       e  d  i  u  i                       energy  density   DIIS  
       r  t  s  t  d       total energy    change  change    error 
  
etot    1  N  N  2  U   -1854.71768078230           1.5E-05  1.2E-04
etot    2  N  Y  2  U   -1854.71766462556 -1.6E-05  8.3E-06  6.5E-04
etot    3  N  Y  2  U   -1854.71768410539  1.9E-05  3.5E-06  4.4E-04
etot    4  N  N  2  U   -1854.71768342963 -6.8E-07  0.0E+00  0.0E+00
scf (DFT) done.
der1a (1-e 1st deriv.) done.
rwr (1st deriv. Q) done.
der1b (2-e 1st deriv.) done.
  Geometry optimization step  45
  Total energy:     -1854.77000405555 hartrees
  energy change:          -6.0270E-06 *  (  5.0000E-05 )
  gradient maximum:        4.8919E-04 .  (  4.5000E-04 )
  gradient rms:            5.5761E-05 #  (  3.0000E-04 )
  displacement maximum:    1.6775E-03 *  (  1.8000E-03 )
  displacement rms:        5.1813E-04 *  (  1.2000E-03 )
  
  predicted energy change: -3.4335E-07
  step size:     0.00712
  trust radius:  0.30000
------------- final geometry iteration  45 complete -------------
geopt (optimize geometry) done.
cutabab2 (abab integrals) done.
der2a (1-e JK-1st deriv.) done.
der2b (2-e JK-1st deriv.) done.
der2nda (1-e 2nd deriv.) done.
der2ndb (2-e 2nd deriv.) done.
rwr (Q operators) done.
cphfa (gradient of wave function) done.
freq (vib. frequencies) done.
Job J1_10040_2111 completed on hpc-90-05.cm.cluster at Wed May 29 10:34:20 2024
Timer (jaguar_backend.py) : 5381.54 secs (1 hrs, 29 mins, 41 secs)
Finished:   Wed May 29 10:34:20 2024
