Command:  /groups/wag/programs/Schrodinger_2020_3/jaguar run -WAIT -PARALLEL 8 /central/home/labounad/wittig-ch121/out/J1_9834_2111/J1_9834_2111.in
Release:  2020-3
Exec:     /groups/wag/programs/Schrodinger_2020_3/jaguar-v10.9/bin/Linux-x86_64
Host:     hpc-92-10.cm.cluster
JobId:    hpc-92-10-0-66574767
JobDir:   /central/scratch/labounad/J1_9834_2111#hpc-92-10-0-66574767
Date:     Wed May 29 08:19:05 2024

Contents of /central/scratch/labounad/J1_9834_2111#hpc-92-10-0-66574767:
/central/scratch/labounad/J1_9834_2111#hpc-92-10-0-66574767/.write_dir.json
/central/scratch/labounad/J1_9834_2111#hpc-92-10-0-66574767/hpc-92-10-0-66574767.recover
/central/scratch/labounad/J1_9834_2111#hpc-92-10-0-66574767/hpc-92-10-0-66574767.mpinodes
/central/scratch/labounad/J1_9834_2111#hpc-92-10-0-66574767/J1_9834_2111.recover
/central/scratch/labounad/J1_9834_2111#hpc-92-10-0-66574767/J1_9834_2111.log
/central/scratch/labounad/J1_9834_2111#hpc-92-10-0-66574767/hpc-92-10-0-66574767.nodes
/central/scratch/labounad/J1_9834_2111#hpc-92-10-0-66574767/hpc-92-10-0-66574767
/central/scratch/labounad/J1_9834_2111#hpc-92-10-0-66574767/J1_9834_2111.in

Executing subprocess:
/groups/wag/programs/Schrodinger_2020_3/jaguar-v10.9/bin/Linux-x86_64/jexec J1_9834_2111.in -T 8 -out /central/scratch/labounad/J1_9834_2111#hpc-92-10-0-66574767 -cwd

Job J1_9834_2111 started on hpc-92-10.cm.cluster at Wed May 29 08:19:08 2024
jobid: hpc-92-10-0-66574767 
Jaguar version 10.9, release 139
 Using up to   8 threads per process
Molecular Point Group: C1      
Point Group used: C1
pre (input checking) done.
onee (1-electron integrals) done.
hfig (HF initial guess) done.
probe (project orbitals) done.
grid (grid generation) done.
rwr (Q operators) done.
scf type: DFT=PBE(X+LC)+PW91 (PBE-D3)
  
       i  u  d  i  g
       t  p  i  c  r                                 RMS    maximum
       e  d  i  u  i                       energy  density   DIIS  
       r  t  s  t  d       total energy    change  change    error 
  
etot    1  N  N  5  M   -1656.98041960439           4.6E-03  1.0E-01
etot    2  Y  Y  6  M   -1654.43993728170 -2.5E+00  7.9E-03  1.9E-01
etot    3  Y  Y  6  M   -1645.98820124801 -8.5E+00  7.1E-03  1.7E-01
etot    4  N  Y  2  U   -1660.36704192182  1.4E+01  2.4E-03  6.7E-02
etot    5  Y  Y  6  M   -1660.67503135326  3.1E-01  1.5E-03  3.5E-02
etot    6  N  Y  2  U   -1660.96539192950  2.9E-01  7.6E-04  2.7E-02
etot    7  Y  Y  6  M   -1661.06926871919  1.0E-01  3.6E-04  1.4E-02
etot    8  N  Y  2  U   -1661.11108825681  4.2E-02  1.4E-04  4.5E-03
etot    9  Y  Y  6  M   -1661.11448294353  3.4E-03  9.1E-05  2.3E-03
etot   10  Y  Y  6  M   -1661.11604568995  1.6E-03  4.8E-05  1.7E-03
etot   11  N  Y  2  U   -1661.11647957223  4.3E-04  1.8E-05  5.3E-04
etot   12  N  Y  2  U   -1661.11656322746  8.4E-05  5.3E-06  1.1E-04
etot   13  N  Y  2  U   -1661.11656801388  4.8E-06  1.6E-06  5.2E-05
etot   14  N  N  2  U   -1661.11656838622  3.7E-07  0.0E+00  0.0E+00
scf (DFT) done.
der1a (1-e 1st deriv.) done.
rwr (1st deriv. Q) done.
der1b (2-e 1st deriv.) done.
  Geometry optimization step   1
  Total energy:     -1661.18933096086 hartrees
  gradient maximum:        4.2892E-02 .  (  4.5000E-04 )
  gradient rms:            7.6498E-03 .  (  3.0000E-04 )
  displacement maximum:    1.3359E-01 .  (  1.8000E-03 )
  displacement rms:        1.8101E-02 .  (  1.2000E-03 )
  
  predicted energy change: -2.1654E-02
  step size:     0.30017
  trust radius:  0.30000
---------------- geometry iteration   1 complete ----------------
geopt (optimize geometry) done.
onee (1-electron integrals) done.
probe (project orbitals) done.
grid (grid generation) done.
rwr (Q operators) done.
  
       i  u  d  i  g
       t  p  i  c  r                                 RMS    maximum
       e  d  i  u  i                       energy  density   DIIS  
       r  t  s  t  d       total energy    change  change    error 
  
etot    1  N  N  2  U   -1661.11034694916           3.3E-04  6.9E-03
etot    2  Y  Y  6  M   -1661.13422653621  2.4E-02  9.8E-05  1.3E-03
etot    3  N  Y  2  U   -1661.13313019380 -1.1E-03  6.9E-05  2.6E-03
etot    4  Y  Y  6  M   -1661.13467701958  1.5E-03  2.2E-05  9.8E-04
etot    5  N  Y  2  U   -1661.13483139428  1.5E-04  6.8E-06  2.1E-04
etot    6  N  Y  2  U   -1661.13484358279  1.2E-05  2.0E-06  4.9E-05
etot    7  N  N  2  U   -1661.13484421720  6.3E-07  0.0E+00  0.0E+00
scf (DFT) done.
der1a (1-e 1st deriv.) done.
rwr (1st deriv. Q) done.
der1b (2-e 1st deriv.) done.
  Geometry optimization step   2
  Total energy:     -1661.20762435196 hartrees
  energy change:          -1.8293E-02 .  (  5.0000E-05 )
  gradient maximum:        2.5247E-02 .  (  4.5000E-04 )
  gradient rms:            3.5200E-03 .  (  3.0000E-04 )
  displacement maximum:    1.0641E-01 .  (  1.8000E-03 )
  displacement rms:        1.8095E-02 .  (  1.2000E-03 )
  
  predicted energy change: -7.7337E-03
  step size:     0.30008
  trust radius:  0.30000
---------------- geometry iteration   2 complete ----------------
geopt (optimize geometry) done.
onee (1-electron integrals) done.
probe (project orbitals) done.
grid (grid generation) done.
rwr (Q operators) done.
  
       i  u  d  i  g
       t  p  i  c  r                                 RMS    maximum
       e  d  i  u  i                       energy  density   DIIS  
       r  t  s  t  d       total energy    change  change    error 
  
etot    1  N  N  2  U   -1661.10886323425           3.6E-04  6.7E-03
etot    2  Y  Y  6  M   -1661.13903381333  3.0E-02  8.8E-05  8.3E-04
etot    3  N  Y  2  U   -1661.13794333220 -1.1E-03  6.6E-05  2.0E-03
etot    4  Y  Y  6  M   -1661.13911369557  1.2E-03  1.6E-05  6.7E-04
etot    5  N  Y  2  U   -1661.13908514776 -2.9E-05  5.2E-06  2.0E-04
etot    6  N  Y  2  U   -1661.13909280528  7.7E-06  1.6E-06  3.3E-05
etot    7  N  N  2  U   -1661.13909318472  3.8E-07  0.0E+00  0.0E+00
scf (DFT) done.
der1a (1-e 1st deriv.) done.
rwr (1st deriv. Q) done.
der1b (2-e 1st deriv.) done.
  Geometry optimization step   3
  Total energy:     -1661.21147222397 hartrees
  energy change:          -3.8479E-03 .  (  5.0000E-05 )
  gradient maximum:        1.5896E-02 .  (  4.5000E-04 )
  gradient rms:            2.6023E-03 .  (  3.0000E-04 )
  displacement maximum:    1.2586E-01 .  (  1.8000E-03 )
  displacement rms:        1.8084E-02 .  (  1.2000E-03 )
  
  predicted energy change: -3.3534E-03
  step size:     0.29989
  trust radius:  0.30000
---------------- geometry iteration   3 complete ----------------
geopt (optimize geometry) done.
onee (1-electron integrals) done.
probe (project orbitals) done.
grid (grid generation) done.
rwr (Q operators) done.
  
       i  u  d  i  g
       t  p  i  c  r                                 RMS    maximum
       e  d  i  u  i                       energy  density   DIIS  
       r  t  s  t  d       total energy    change  change    error 
  
etot    1  N  N  2  U   -1661.10400012634           3.5E-04  9.3E-03
etot    2  Y  Y  6  M   -1661.14070703501  3.7E-02  6.3E-05  8.0E-04
etot    3  N  Y  2  U   -1661.14025727589 -4.5E-04  4.9E-05  1.5E-03
etot    4  N  Y  2  U   -1661.14072526414  4.7E-04  1.6E-05  5.8E-04
etot    5  N  Y  2  U   -1661.14078993217  6.5E-05  3.7E-06  9.2E-05
etot    6  N  N  2  U   -1661.14079306305  3.1E-06  0.0E+00  0.0E+00
scf (DFT) done.
der1a (1-e 1st deriv.) done.
rwr (1st deriv. Q) done.
der1b (2-e 1st deriv.) done.
  Geometry optimization step   4
  Total energy:     -1661.21324072863 hartrees
  energy change:          -1.7685E-03 .  (  5.0000E-05 )
  gradient maximum:        1.0723E-02 .  (  4.5000E-04 )
  gradient rms:            1.5639E-03 .  (  3.0000E-04 )
  displacement maximum:    9.4279E-02 .  (  1.8000E-03 )
  displacement rms:        1.8088E-02 .  (  1.2000E-03 )
  
  predicted energy change: -1.9623E-03
  step size:     0.29996
  trust radius:  0.30000
---------------- geometry iteration   4 complete ----------------
geopt (optimize geometry) done.
onee (1-electron integrals) done.
probe (project orbitals) done.
grid (grid generation) done.
rwr (Q operators) done.
  
       i  u  d  i  g
       t  p  i  c  r                                 RMS    maximum
       e  d  i  u  i                       energy  density   DIIS  
       r  t  s  t  d       total energy    change  change    error 
  
etot    1  N  N  2  U   -1661.11551317309           2.9E-04  6.4E-03
etot    2  Y  Y  6  M   -1661.13975464231  2.4E-02  1.0E-04  1.1E-03
etot    3  N  Y  2  U   -1661.13858849184 -1.2E-03  7.5E-05  2.7E-03
etot    4  Y  Y  6  M   -1661.14001778789  1.4E-03  1.3E-05  3.1E-04
etot    5  N  Y  2  U   -1661.14002050669  2.7E-06  4.0E-06  1.0E-04
etot    6  N  N  2  U   -1661.14002468181  4.2E-06  0.0E+00  0.0E+00
scf (DFT) done.
der1a (1-e 1st deriv.) done.
rwr (1st deriv. Q) done.
der1b (2-e 1st deriv.) done.
  Geometry optimization step   5
  Total energy:     -1661.21319246376 hartrees
  energy change:           4.8265E-05 *  (  5.0000E-05 )
  gradient maximum:        2.5417E-02 .  (  4.5000E-04 )
  gradient rms:            2.9429E-03 .  (  3.0000E-04 )
  displacement maximum:    6.4529E-02 .  (  1.8000E-03 )
  displacement rms:        1.2743E-02 .  (  1.2000E-03 )
  
  predicted energy change: -2.0683E-03
  step size:     0.21131
  trust radius:  0.30000
---------------- geometry iteration   5 complete ----------------
geopt (optimize geometry) done.
onee (1-electron integrals) done.
probe (project orbitals) done.
grid (grid generation) done.
rwr (Q operators) done.
  
       i  u  d  i  g
       t  p  i  c  r                                 RMS    maximum
       e  d  i  u  i                       energy  density   DIIS  
       r  t  s  t  d       total energy    change  change    error 
  
etot    1  N  N  2  U   -1661.12487412540           2.3E-04  5.8E-03
etot    2  Y  Y  6  M   -1661.14198734788  1.7E-02  4.9E-05  4.0E-04
etot    3  N  Y  2  U   -1661.14167422130 -3.1E-04  3.7E-05  1.1E-03
etot    4  N  Y  2  U   -1661.14200233216  3.3E-04  9.3E-06  2.9E-04
etot    5  N  Y  2  U   -1661.14202078155  1.8E-05  3.2E-06  6.9E-05
etot    6  N  N  2  U   -1661.14202321614  2.4E-06  0.0E+00  0.0E+00
scf (DFT) done.
der1a (1-e 1st deriv.) done.
rwr (1st deriv. Q) done.
der1b (2-e 1st deriv.) done.
  Geometry optimization step   6
  Total energy:     -1661.21439451711 hartrees
  energy change:          -1.2021E-03 .  (  5.0000E-05 )
  gradient maximum:        6.4895E-03 .  (  4.5000E-04 )
  gradient rms:            9.0119E-04 .  (  3.0000E-04 )
  displacement maximum:    9.4884E-02 .  (  1.8000E-03 )
  displacement rms:        1.5214E-02 .  (  1.2000E-03 )
  
  predicted energy change: -6.5044E-04
  step size:     0.25230
  trust radius:  0.30000
---------------- geometry iteration   6 complete ----------------
geopt (optimize geometry) done.
onee (1-electron integrals) done.
probe (project orbitals) done.
grid (grid generation) done.
rwr (Q operators) done.
  
       i  u  d  i  g
       t  p  i  c  r                                 RMS    maximum
       e  d  i  u  i                       energy  density   DIIS  
       r  t  s  t  d       total energy    change  change    error 
  
etot    1  N  N  2  U   -1661.12068370842           2.6E-04  7.0E-03
etot    2  Y  Y  6  M   -1661.14121484305  2.1E-02  2.8E-05  3.0E-04
etot    3  N  Y  2  U   -1661.14115499709 -6.0E-05  2.2E-05  3.5E-04
etot    4  N  Y  2  U   -1661.14123895900  8.4E-05  8.0E-06  2.2E-04
etot    5  N  Y  2  U   -1661.14124865264  9.7E-06  2.6E-06  1.0E-04
etot    6  N  N  2  U   -1661.14125016496  1.5E-06  0.0E+00  0.0E+00
scf (DFT) done.
der1a (1-e 1st deriv.) done.
rwr (1st deriv. Q) done.
der1b (2-e 1st deriv.) done.
  Geometry optimization step   7
  Total energy:     -1661.21362153038 hartrees
  ** restarting optimization from step    6 **
  energy change:           7.7299E-04 .  (  5.0000E-05 )
  gradient maximum:        6.4895E-03 .  (  4.5000E-04 )
  gradient rms:            9.0119E-04 .  (  3.0000E-04 )
  displacement maximum:    8.6648E-02 .  (  1.8000E-03 )
  displacement rms:        1.8149E-02 .  (  1.2000E-03 )
  
  predicted energy change: -8.5365E-04
  step size:     0.30097
  trust radius:  0.30000
---------------- geometry iteration   7 complete ----------------
geopt (optimize geometry) done.
onee (1-electron integrals) done.
probe (project orbitals) done.
grid (grid generation) done.
rwr (Q operators) done.
  
       i  u  d  i  g
       t  p  i  c  r                                 RMS    maximum
       e  d  i  u  i                       energy  density   DIIS  
       r  t  s  t  d       total energy    change  change    error 
  
etot    1  N  N  2  U   -1661.10403253144           3.4E-04  8.3E-03
etot    2  Y  Y  6  M   -1661.14041273416  3.6E-02  4.8E-05  4.5E-04
etot    3  N  Y  2  U   -1661.14027624912 -1.4E-04  3.8E-05  1.2E-03
etot    4  N  Y  2  U   -1661.14049313301  2.2E-04  1.2E-05  5.2E-04
etot    5  N  Y  2  U   -1661.14052030316  2.7E-05  3.3E-06  7.4E-05
etot    6  N  N  2  U   -1661.14052310474  2.8E-06  0.0E+00  0.0E+00
scf (DFT) done.
der1a (1-e 1st deriv.) done.
rwr (1st deriv. Q) done.
der1b (2-e 1st deriv.) done.
  Geometry optimization step   8
  Total energy:     -1661.21355466093 hartrees
  ** restarting optimization from step    6 **
  energy change:           8.3986E-04 .  (  5.0000E-05 )
  gradient maximum:        6.4895E-03 .  (  4.5000E-04 )
  gradient rms:            9.0119E-04 .  (  3.0000E-04 )
  displacement maximum:    4.3483E-02 .  (  1.8000E-03 )
  displacement rms:        9.0486E-03 .  (  1.2000E-03 )
  
  predicted energy change: -6.5183E-04
  step size:     0.15005
  trust radius:  0.15000
---------------- geometry iteration   8 complete ----------------
geopt (optimize geometry) done.
onee (1-electron integrals) done.
probe (project orbitals) done.
grid (grid generation) done.
rwr (Q operators) done.
  
       i  u  d  i  g
       t  p  i  c  r                                 RMS    maximum
       e  d  i  u  i                       energy  density   DIIS  
       r  t  s  t  d       total energy    change  change    error 
  
etot    1  N  N  2  U   -1661.13030820618           2.0E-04  5.0E-03
etot    2  Y  Y  6  M   -1661.14211920288  1.2E-02  3.7E-05  3.3E-04
etot    3  N  Y  2  U   -1661.14201400532 -1.1E-04  2.9E-05  9.5E-04
etot    4  N  Y  2  U   -1661.14215846365  1.4E-04  7.6E-06  3.0E-04
etot    5  N  Y  2  U   -1661.14217123981  1.3E-05  1.8E-06  4.0E-05
etot    6  N  N  2  U   -1661.14217214818  9.1E-07  0.0E+00  0.0E+00
scf (DFT) done.
der1a (1-e 1st deriv.) done.
rwr (1st deriv. Q) done.
der1b (2-e 1st deriv.) done.
  Geometry optimization step   9
  Total energy:     -1661.21470101403 hartrees
  energy change:          -3.0650E-04 .  (  5.0000E-05 )
  gradient maximum:        1.2770E-02 .  (  4.5000E-04 )
  gradient rms:            1.3721E-03 .  (  3.0000E-04 )
  displacement maximum:    2.1243E-02 .  (  1.8000E-03 )
  displacement rms:        4.5318E-03 .  (  1.2000E-03 )
  
  predicted energy change: -5.6021E-04
  step size:     0.07515
  trust radius:  0.07500
---------------- geometry iteration   9 complete ----------------
geopt (optimize geometry) done.
onee (1-electron integrals) done.
probe (project orbitals) done.
grid (grid generation) done.
rwr (Q operators) done.
  
       i  u  d  i  g
       t  p  i  c  r                                 RMS    maximum
       e  d  i  u  i                       energy  density   DIIS  
       r  t  s  t  d       total energy    change  change    error 
  
etot    1  N  N  2  U   -1661.13952570057           1.1E-04  2.5E-03
etot    2  Y  Y  6  M   -1661.14229360621  2.8E-03  3.1E-05  3.4E-04
etot    3  N  Y  2  U   -1661.14213950697 -1.5E-04  2.4E-05  9.1E-04
etot    4  N  Y  2  U   -1661.14228926560  1.5E-04  4.1E-06  1.2E-04
etot    5  N  N  2  U   -1661.14229323786  4.0E-06  0.0E+00  0.0E+00
scf (DFT) done.
der1a (1-e 1st deriv.) done.
rwr (1st deriv. Q) done.
der1b (2-e 1st deriv.) done.
  Geometry optimization step  10
  Total energy:     -1661.21491351636 hartrees
  energy change:          -2.1250E-04 .  (  5.0000E-05 )
  gradient maximum:        8.6364E-03 .  (  4.5000E-04 )
  gradient rms:            8.7095E-04 .  (  3.0000E-04 )
  displacement maximum:    1.1498E-02 .  (  1.8000E-03 )
  displacement rms:        2.3051E-03 .  (  1.2000E-03 )
  
  predicted energy change: -1.5651E-04
  step size:     0.03823
  trust radius:  0.03750
---------------- geometry iteration  10 complete ----------------
geopt (optimize geometry) done.
onee (1-electron integrals) done.
probe (project orbitals) done.
grid (grid generation) done.
rwr (Q operators) done.
  
       i  u  d  i  g
       t  p  i  c  r                                 RMS    maximum
       e  d  i  u  i                       energy  density   DIIS  
       r  t  s  t  d       total energy    change  change    error 
  
etot    1  N  N  2  U   -1661.14180232573           5.0E-05  1.1E-03
etot    2  N  Y  2  U   -1661.14248987543  6.9E-04  1.0E-05  1.0E-04
etot    3  N  Y  2  U   -1661.14247833226 -1.2E-05  7.3E-06  2.4E-04
etot    4  N  Y  2  U   -1661.14249427674  1.6E-05  2.1E-06  1.0E-04
etot    5  N  N  2  U   -1661.14249573834  1.5E-06  0.0E+00  0.0E+00
scf (DFT) done.
der1a (1-e 1st deriv.) done.
rwr (1st deriv. Q) done.
der1b (2-e 1st deriv.) done.
  Geometry optimization step  11
  Total energy:     -1661.21504719277 hartrees
  energy change:          -1.3368E-04 .  (  5.0000E-05 )
  gradient maximum:        1.0276E-03 .  (  4.5000E-04 )
  gradient rms:            1.6623E-04 *  (  3.0000E-04 )
  displacement maximum:    2.0453E-02 .  (  1.8000E-03 )
  displacement rms:        3.2291E-03 .  (  1.2000E-03 )
  
  predicted energy change: -4.9729E-05
  step size:     0.05355
  trust radius:  0.05303
---------------- geometry iteration  11 complete ----------------
geopt (optimize geometry) done.
onee (1-electron integrals) done.
probe (project orbitals) done.
grid (grid generation) done.
rwr (Q operators) done.
  
       i  u  d  i  g
       t  p  i  c  r                                 RMS    maximum
       e  d  i  u  i                       energy  density   DIIS  
       r  t  s  t  d       total energy    change  change    error 
  
etot    1  N  N  2  U   -1661.14195804429           4.7E-05  1.3E-03
etot    2  N  Y  2  U   -1661.14259996842  6.4E-04  1.2E-05  1.1E-04
etot    3  N  Y  2  U   -1661.14258556682 -1.4E-05  8.8E-06  3.0E-04
etot    4  N  Y  2  U   -1661.14260429595  1.9E-05  2.0E-06  7.0E-05
etot    5  N  N  2  U   -1661.14260507353  7.8E-07  0.0E+00  0.0E+00
scf (DFT) done.
der1a (1-e 1st deriv.) done.
rwr (1st deriv. Q) done.
der1b (2-e 1st deriv.) done.
  Geometry optimization step  12
  Total energy:     -1661.21515019140 hartrees
  energy change:          -1.0300E-04 .  (  5.0000E-05 )
  gradient maximum:        1.6321E-03 .  (  4.5000E-04 )
  gradient rms:            1.9767E-04 *  (  3.0000E-04 )
  displacement maximum:    4.2907E-02 .  (  1.8000E-03 )
  displacement rms:        6.3976E-03 .  (  1.2000E-03 )
  
  predicted energy change: -8.3907E-05
  step size:     0.10609
  trust radius:  0.10607
---------------- geometry iteration  12 complete ----------------
geopt (optimize geometry) done.
onee (1-electron integrals) done.
probe (project orbitals) done.
grid (grid generation) done.
rwr (Q operators) done.
  
       i  u  d  i  g
       t  p  i  c  r                                 RMS    maximum
       e  d  i  u  i                       energy  density   DIIS  
       r  t  s  t  d       total energy    change  change    error 
  
etot    1  N  N  2  U   -1661.14088141952           8.2E-05  2.3E-03
etot    2  Y  Y  6  M   -1661.14281034991  1.9E-03  1.6E-05  2.2E-04
etot    3  N  Y  2  U   -1661.14277382768 -3.7E-05  1.3E-05  4.7E-04
etot    4  N  Y  2  U   -1661.14280512491  3.1E-05  3.5E-06  1.3E-04
etot    5  N  N  2  U   -1661.14280797312  2.8E-06  0.0E+00  0.0E+00
scf (DFT) done.
der1a (1-e 1st deriv.) done.
rwr (1st deriv. Q) done.
der1b (2-e 1st deriv.) done.
  Geometry optimization step  13
  Total energy:     -1661.21526743817 hartrees
  energy change:          -1.1725E-04 .  (  5.0000E-05 )
  gradient maximum:        1.6077E-03 .  (  4.5000E-04 )
  gradient rms:            2.7678E-04 *  (  3.0000E-04 )
  displacement maximum:    5.9993E-02 .  (  1.8000E-03 )
  displacement rms:        9.0484E-03 .  (  1.2000E-03 )
  
  predicted energy change: -1.4399E-04
  step size:     0.15005
  trust radius:  0.15000
---------------- geometry iteration  13 complete ----------------
geopt (optimize geometry) done.
onee (1-electron integrals) done.
probe (project orbitals) done.
grid (grid generation) done.
rwr (Q operators) done.
  
       i  u  d  i  g
       t  p  i  c  r                                 RMS    maximum
       e  d  i  u  i                       energy  density   DIIS  
       r  t  s  t  d       total energy    change  change    error 
  
etot    1  N  N  2  U   -1661.13859697875           1.2E-04  3.6E-03
etot    2  Y  Y  6  M   -1661.14303547813  4.4E-03  2.2E-05  3.1E-04
etot    3  N  Y  2  U   -1661.14295896191 -7.7E-05  1.8E-05  5.7E-04
etot    4  N  Y  2  U   -1661.14301680352  5.8E-05  5.1E-06  1.8E-04
etot    5  N  Y  2  U   -1661.14302318710  6.4E-06  1.3E-06  2.6E-05
etot    6  N  N  2  U   -1661.14302360217  4.2E-07  0.0E+00  0.0E+00
scf (DFT) done.
der1a (1-e 1st deriv.) done.
rwr (1st deriv. Q) done.
der1b (2-e 1st deriv.) done.
  Geometry optimization step  14
  Total energy:     -1661.21543492205 hartrees
  energy change:          -1.6748E-04 .  (  5.0000E-05 )
  gradient maximum:        1.6097E-03 .  (  4.5000E-04 )
  gradient rms:            2.8179E-04 *  (  3.0000E-04 )
  displacement maximum:    3.0843E-02 .  (  1.8000E-03 )
  displacement rms:        4.5437E-03 .  (  1.2000E-03 )
  
  predicted energy change: -1.0078E-04
  step size:     0.07535
  trust radius:  0.07500
---------------- geometry iteration  14 complete ----------------
geopt (optimize geometry) done.
onee (1-electron integrals) done.
probe (project orbitals) done.
grid (grid generation) done.
rwr (Q operators) done.
  
       i  u  d  i  g
       t  p  i  c  r                                 RMS    maximum
       e  d  i  u  i                       energy  density   DIIS  
       r  t  s  t  d       total energy    change  change    error 
  
etot    1  N  N  2  U   -1661.14144356108           7.8E-05  2.7E-03
etot    2  Y  Y  6  M   -1661.14320603331  1.8E-03  1.1E-05  2.4E-04
etot    3  N  Y  2  U   -1661.14318572013 -2.0E-05  8.3E-06  2.0E-04
etot    4  N  Y  2  U   -1661.14319533122  9.6E-06  3.1E-06  1.1E-04
etot    5  N  N  2  U   -1661.14319712085  1.8E-06  0.0E+00  0.0E+00
scf (DFT) done.
der1a (1-e 1st deriv.) done.
rwr (1st deriv. Q) done.
der1b (2-e 1st deriv.) done.
  Geometry optimization step  15
  Total energy:     -1661.21558623500 hartrees
  energy change:          -1.5131E-04 .  (  5.0000E-05 )
  gradient maximum:        2.2081E-03 .  (  4.5000E-04 )
  gradient rms:            3.1663E-04 .  (  3.0000E-04 )
  displacement maximum:    4.0254E-02 .  (  1.8000E-03 )
  displacement rms:        6.3982E-03 .  (  1.2000E-03 )
  
  predicted energy change: -1.2430E-04
  step size:     0.10610
  trust radius:  0.10607
---------------- geometry iteration  15 complete ----------------
geopt (optimize geometry) done.
onee (1-electron integrals) done.
probe (project orbitals) done.
grid (grid generation) done.
rwr (Q operators) done.
  
       i  u  d  i  g
       t  p  i  c  r                                 RMS    maximum
       e  d  i  u  i                       energy  density   DIIS  
       r  t  s  t  d       total energy    change  change    error 
  
etot    1  N  N  2  U   -1661.14069133577           9.5E-05  3.3E-03
etot    2  Y  Y  6  M   -1661.14334012712  2.6E-03  1.0E-05  2.8E-04
etot    3  N  Y  2  U   -1661.14333146212 -8.7E-06  7.6E-06  1.4E-04
etot    4  N  Y  2  U   -1661.14333507699  3.6E-06  3.6E-06  1.3E-04
etot    5  N  N  2  U   -1661.14333847979  3.4E-06  0.0E+00  0.0E+00
scf (DFT) done.
der1a (1-e 1st deriv.) done.
rwr (1st deriv. Q) done.
der1b (2-e 1st deriv.) done.
  Geometry optimization step  16
  Total energy:     -1661.21569144293 hartrees
  energy change:          -1.0521E-04 .  (  5.0000E-05 )
  gradient maximum:        1.6976E-03 .  (  4.5000E-04 )
  gradient rms:            3.0363E-04 .  (  3.0000E-04 )
  displacement maximum:    1.0220E-01 .  (  1.8000E-03 )
  displacement rms:        1.6330E-02 .  (  1.2000E-03 )
  
  predicted energy change: -1.4679E-01
  step size:     0.27081
  trust radius:  0.30000
---------------- geometry iteration  16 complete ----------------
geopt (optimize geometry) done.
onee (1-electron integrals) done.
probe (project orbitals) done.
grid (grid generation) done.
rwr (Q operators) done.
  
       i  u  d  i  g
       t  p  i  c  r                                 RMS    maximum
       e  d  i  u  i                       energy  density   DIIS  
       r  t  s  t  d       total energy    change  change    error 
  
etot    1  N  N  2  U   -1661.04923156939           5.8E-04  1.2E-02
etot    2  Y  Y  6  M   -1661.12437678040  7.5E-02  1.4E-04  1.0E-03
etot    3  N  Y  2  U   -1661.12230113360 -2.1E-03  9.7E-05  2.2E-03
etot    4  Y  Y  6  M   -1661.12539654489  3.1E-03  2.0E-05  5.5E-04
etot    5  N  Y  2  U   -1661.12549814300  1.0E-04  7.0E-06  2.2E-04
etot    6  N  Y  2  U   -1661.12551443712  1.6E-05  2.6E-06  5.6E-05
etot    7  N  N  2  U   -1661.12551529046  8.5E-07  0.0E+00  0.0E+00
scf (DFT) done.
der1a (1-e 1st deriv.) done.
rwr (1st deriv. Q) done.
der1b (2-e 1st deriv.) done.
  Geometry optimization step  17
  Total energy:     -1661.19762259525 hartrees
  ** restarting optimization from step   16 **
  energy change:           1.8069E-02 .  (  5.0000E-05 )
  gradient maximum:        1.6976E-03 .  (  4.5000E-04 )
  gradient rms:            3.0363E-04 .  (  3.0000E-04 )
  displacement maximum:    1.2093E-01 .  (  1.8000E-03 )
  displacement rms:        1.8135E-02 .  (  1.2000E-03 )
  
  predicted energy change: -4.4757E-04
  step size:     0.30074
  trust radius:  0.30000
---------------- geometry iteration  17 complete ----------------
geopt (optimize geometry) done.
onee (1-electron integrals) done.
probe (project orbitals) done.
grid (grid generation) done.
rwr (Q operators) done.
  
       i  u  d  i  g
       t  p  i  c  r                                 RMS    maximum
       e  d  i  u  i                       energy  density   DIIS  
       r  t  s  t  d       total energy    change  change    error 
  
etot    1  N  N  2  U   -1661.07138486172           5.7E-04  1.7E-02
etot    2  Y  Y  6  M   -1661.14307682772  7.2E-02  1.5E-04  9.4E-04
etot    3  N  Y  2  U   -1661.14051897794 -2.6E-03  1.0E-04  2.5E-03
etot    4  Y  Y  6  M   -1661.14374945139  3.2E-03  2.7E-05  7.6E-04
etot    5  N  Y  2  U   -1661.14382483154  7.5E-05  9.2E-06  2.4E-04
etot    6  N  Y  2  U   -1661.14384656877  2.2E-05  2.5E-06  4.3E-05
etot    7  N  N  2  U   -1661.14384733129  7.6E-07  0.0E+00  0.0E+00
scf (DFT) done.
der1a (1-e 1st deriv.) done.
rwr (1st deriv. Q) done.
der1b (2-e 1st deriv.) done.
  Geometry optimization step  18
  Total energy:     -1661.21607023093 hartrees
  energy change:          -3.7879E-04 .  (  5.0000E-05 )
  gradient maximum:        2.6439E-03 .  (  4.5000E-04 )
  gradient rms:            4.1740E-04 .  (  3.0000E-04 )
  displacement maximum:    1.1553E-01 .  (  1.8000E-03 )
  displacement rms:        1.8116E-02 .  (  1.2000E-03 )
  
  predicted energy change: -6.2853E-04
  step size:     0.30041
  trust radius:  0.30000
---------------- geometry iteration  18 complete ----------------
geopt (optimize geometry) done.
onee (1-electron integrals) done.
probe (project orbitals) done.
grid (grid generation) done.
rwr (Q operators) done.
  
       i  u  d  i  g
       t  p  i  c  r                                 RMS    maximum
       e  d  i  u  i                       energy  density   DIIS  
       r  t  s  t  d       total energy    change  change    error 
  
etot    1  N  N  2  U   -1661.10019944965           3.7E-04  1.1E-02
etot    2  Y  Y  6  M   -1661.14357366078  4.3E-02  4.5E-05  1.0E-03
etot    3  N  Y  2  U   -1661.14336677116 -2.1E-04  3.7E-05  7.8E-04
etot    4  N  Y  2  U   -1661.14351698016  1.5E-04  1.5E-05  5.5E-04
etot    5  N  Y  2  U   -1661.14357550405  5.9E-05  3.2E-06  1.1E-04
etot    6  N  N  2  U   -1661.14357749349  2.0E-06  0.0E+00  0.0E+00
scf (DFT) done.
der1a (1-e 1st deriv.) done.
rwr (1st deriv. Q) done.
der1b (2-e 1st deriv.) done.
  Geometry optimization step  19
  Total energy:     -1661.21575958131 hartrees
  energy change:           3.1065E-04 .  (  5.0000E-05 )
  gradient maximum:        8.2771E-03 .  (  4.5000E-04 )
  gradient rms:            1.0939E-03 .  (  3.0000E-04 )
  displacement maximum:    1.1603E-01 .  (  1.8000E-03 )
  displacement rms:        1.8088E-02 .  (  1.2000E-03 )
  
  predicted energy change: -9.5062E-04
  step size:     0.29996
  trust radius:  0.30000
---------------- geometry iteration  19 complete ----------------
geopt (optimize geometry) done.
onee (1-electron integrals) done.
probe (project orbitals) done.
grid (grid generation) done.
rwr (Q operators) done.
  
       i  u  d  i  g
       t  p  i  c  r                                 RMS    maximum
       e  d  i  u  i                       energy  density   DIIS  
       r  t  s  t  d       total energy    change  change    error 
  
etot    1  N  N  2  U   -1661.11134615970           3.3E-04  1.4E-02
etot    2  Y  Y  6  M   -1661.14346306099  3.2E-02  4.0E-05  1.0E-03
etot    3  N  Y  2  U   -1661.14329236411 -1.7E-04  2.9E-05  5.7E-04
etot    4  N  Y  2  U   -1661.14341515453  1.2E-04  1.1E-05  3.6E-04
etot    5  N  Y  2  U   -1661.14344796976  3.3E-05  3.0E-06  8.2E-05
etot    6  N  N  2  U   -1661.14344979270  1.8E-06  0.0E+00  0.0E+00
scf (DFT) done.
der1a (1-e 1st deriv.) done.
rwr (1st deriv. Q) done.
der1b (2-e 1st deriv.) done.
  Geometry optimization step  20
  Total energy:     -1661.21528803968 hartrees
  ** restarting optimization from step   19 **
  energy change:           4.7154E-04 .  (  5.0000E-05 )
  gradient maximum:        8.2771E-03 .  (  4.5000E-04 )
  gradient rms:            1.0939E-03 .  (  3.0000E-04 )
  displacement maximum:    5.3450E-02 .  (  1.8000E-03 )
  displacement rms:        9.0722E-03 .  (  1.2000E-03 )
  
  predicted energy change: -1.0005E-03
  step size:     0.15045
  trust radius:  0.14998
---------------- geometry iteration  20 complete ----------------
geopt (optimize geometry) done.
onee (1-electron integrals) done.
probe (project orbitals) done.
grid (grid generation) done.
rwr (Q operators) done.
  
       i  u  d  i  g
       t  p  i  c  r                                 RMS    maximum
       e  d  i  u  i                       energy  density   DIIS  
       r  t  s  t  d       total energy    change  change    error 
  
etot    1  N  N  2  U   -1661.10928310385           3.5E-04  1.3E-02
etot    2  Y  Y  6  M   -1661.14403538110  3.5E-02  4.3E-05  1.1E-03
etot    3  N  Y  2  U   -1661.14408685041  5.1E-05  3.0E-05  6.1E-04
etot    4  N  Y  2  U   -1661.14421591605  1.3E-04  1.2E-05  4.3E-04
etot    5  N  Y  2  U   -1661.14426190077  4.6E-05  3.1E-06  1.3E-04
etot    6  N  N  2  U   -1661.14426486816  3.0E-06  0.0E+00  0.0E+00
scf (DFT) done.
der1a (1-e 1st deriv.) done.
rwr (1st deriv. Q) done.
der1b (2-e 1st deriv.) done.
  Geometry optimization step  21
  Total energy:     -1661.21623370554 hartrees
  energy change:          -4.7412E-04 .  (  5.0000E-05 )
  gradient maximum:        1.0638E-02 .  (  4.5000E-04 )
  gradient rms:            1.0235E-03 .  (  3.0000E-04 )
  displacement maximum:    2.9277E-02 .  (  1.8000E-03 )
  displacement rms:        4.5529E-03 .  (  1.2000E-03 )
  
  predicted energy change: -3.8882E-04
  step size:     0.07550
  trust radius:  0.07499
---------------- geometry iteration  21 complete ----------------
geopt (optimize geometry) done.
onee (1-electron integrals) done.
probe (project orbitals) done.
grid (grid generation) done.
rwr (Q operators) done.
  
       i  u  d  i  g
       t  p  i  c  r                                 RMS    maximum
       e  d  i  u  i                       energy  density   DIIS  
       r  t  s  t  d       total energy    change  change    error 
  
etot    1  N  N  2  U   -1661.14139111543           1.0E-04  2.6E-03
etot    2  Y  Y  6  M   -1661.14425397863  2.9E-03  2.0E-05  2.1E-04
etot    3  N  Y  2  U   -1661.14420942755 -4.5E-05  1.5E-05  4.9E-04
etot    4  N  Y  2  U   -1661.14426535221  5.6E-05  4.0E-06  1.6E-04
etot    5  N  N  2  U   -1661.14426963099  4.3E-06  0.0E+00  0.0E+00
scf (DFT) done.
der1a (1-e 1st deriv.) done.
rwr (1st deriv. Q) done.
der1b (2-e 1st deriv.) done.
  Geometry optimization step  22
  Total energy:     -1661.21644504311 hartrees
  energy change:          -2.1134E-04 .  (  5.0000E-05 )
  gradient maximum:        5.2456E-03 .  (  4.5000E-04 )
  gradient rms:            6.7819E-04 .  (  3.0000E-04 )
  displacement maximum:    1.5615E-02 .  (  1.8000E-03 )
  displacement rms:        2.2685E-03 .  (  1.2000E-03 )
  
  predicted energy change: -1.4873E-04
  step size:     0.03762
  trust radius:  0.03750
---------------- geometry iteration  22 complete ----------------
geopt (optimize geometry) done.
onee (1-electron integrals) done.
probe (project orbitals) done.
grid (grid generation) done.
rwr (Q operators) done.
  
       i  u  d  i  g
       t  p  i  c  r                                 RMS    maximum
       e  d  i  u  i                       energy  density   DIIS  
       r  t  s  t  d       total energy    change  change    error 
  
etot    1  N  N  2  U   -1661.14360541695           5.3E-05  1.5E-03
etot    2  Y  Y  6  M   -1661.14438836653  7.8E-04  1.2E-05  1.4E-04
etot    3  N  Y  2  U   -1661.14435323093 -3.5E-05  9.6E-06  2.9E-04
etot    4  N  Y  2  U   -1661.14438000540  2.7E-05  2.7E-06  1.0E-04
etot    5  N  N  2  U   -1661.14438242190  2.4E-06  0.0E+00  0.0E+00
scf (DFT) done.
der1a (1-e 1st deriv.) done.
rwr (1st deriv. Q) done.
der1b (2-e 1st deriv.) done.
  Geometry optimization step  23
  Total energy:     -1661.21648669047 hartrees
  energy change:          -4.1647E-05 *  (  5.0000E-05 )
  gradient maximum:        6.9194E-04 .  (  4.5000E-04 )
  gradient rms:            1.6175E-04 *  (  3.0000E-04 )
  displacement maximum:    2.3562E-02 .  (  1.8000E-03 )
  displacement rms:        3.1998E-03 .  (  1.2000E-03 )
  
  predicted energy change: -5.6805E-05
  step size:     0.05306
  trust radius:  0.05303
---------------- geometry iteration  23 complete ----------------
geopt (optimize geometry) done.
onee (1-electron integrals) done.
probe (project orbitals) done.
grid (grid generation) done.
rwr (Q operators) done.
  
       i  u  d  i  g
       t  p  i  c  r                                 RMS    maximum
       e  d  i  u  i                       energy  density   DIIS  
       r  t  s  t  d       total energy    change  change    error 
  
etot    1  N  N  2  U   -1661.14284686776           7.1E-05  2.9E-03
etot    2  Y  Y  6  M   -1661.14443931807  1.6E-03  1.3E-05  1.9E-04
etot    3  N  Y  2  U   -1661.14440405130 -3.5E-05  1.1E-05  3.0E-04
etot    4  N  Y  2  U   -1661.14442541337  2.1E-05  3.1E-06  9.7E-05
etot    5  N  N  2  U   -1661.14442801363  2.6E-06  0.0E+00  0.0E+00
scf (DFT) done.
der1a (1-e 1st deriv.) done.
rwr (1st deriv. Q) done.
der1b (2-e 1st deriv.) done.
  Geometry optimization step  24
  Total energy:     -1661.21650156227 hartrees
  energy change:          -1.4872E-05 *  (  5.0000E-05 )
  gradient maximum:        1.2808E-03 .  (  4.5000E-04 )
  gradient rms:            2.2472E-04 *  (  3.0000E-04 )
  displacement maximum:    1.3352E-02 .  (  1.8000E-03 )
  displacement rms:        1.6041E-03 .  (  1.2000E-03 )
  
  predicted energy change: -3.1378E-05
  step size:     0.02660
  trust radius:  0.02651
---------------- geometry iteration  24 complete ----------------
geopt (optimize geometry) done.
onee (1-electron integrals) done.
probe (project orbitals) done.
grid (grid generation) done.
rwr (Q operators) done.
  
       i  u  d  i  g
       t  p  i  c  r                                 RMS    maximum
       e  d  i  u  i                       energy  density   DIIS  
       r  t  s  t  d       total energy    change  change    error 
  
etot    1  N  N  2  U   -1661.14406880633           3.6E-05  1.4E-03
etot    2  N  Y  2  U   -1661.14444728044  3.8E-04  8.2E-06  1.1E-04
etot    3  N  Y  2  U   -1661.14443919236 -8.1E-06  6.2E-06  2.2E-04
etot    4  N  Y  2  U   -1661.14444969126  1.0E-05  1.6E-06  5.8E-05
etot    5  N  N  2  U   -1661.14445037145  6.8E-07  0.0E+00  0.0E+00
scf (DFT) done.
der1a (1-e 1st deriv.) done.
rwr (1st deriv. Q) done.
der1b (2-e 1st deriv.) done.
  Geometry optimization step  25
  Total energy:     -1661.21655995573 hartrees
  energy change:          -5.8393E-05 .  (  5.0000E-05 )
  gradient maximum:        7.4253E-04 .  (  4.5000E-04 )
  gradient rms:            1.1882E-04 *  (  3.0000E-04 )
  displacement maximum:    1.3582E-02 .  (  1.8000E-03 )
  displacement rms:        2.2860E-03 .  (  1.2000E-03 )
  
  predicted energy change: -2.7392E-05
  step size:     0.03791
  trust radius:  0.03750
---------------- geometry iteration  25 complete ----------------
geopt (optimize geometry) done.
onee (1-electron integrals) done.
probe (project orbitals) done.
grid (grid generation) done.
rwr (Q operators) done.
  
       i  u  d  i  g
       t  p  i  c  r                                 RMS    maximum
       e  d  i  u  i                       energy  density   DIIS  
       r  t  s  t  d       total energy    change  change    error 
  
etot    1  N  N  2  U   -1661.14357224605           5.4E-05  1.7E-03
etot    2  Y  Y  6  M   -1661.14449919658  9.3E-04  1.3E-05  1.4E-04
etot    3  N  Y  2  U   -1661.14446545576 -3.4E-05  1.0E-05  3.9E-04
etot    4  N  Y  2  U   -1661.14448761509  2.2E-05  2.0E-06  7.4E-05
etot    5  N  N  2  U   -1661.14448877000  1.2E-06  0.0E+00  0.0E+00
scf (DFT) done.
der1a (1-e 1st deriv.) done.
rwr (1st deriv. Q) done.
der1b (2-e 1st deriv.) done.
  Geometry optimization step  26
  Total energy:     -1661.21656768150 hartrees
  energy change:          -7.7258E-06 *  (  5.0000E-05 )
  gradient maximum:        1.6708E-03 .  (  4.5000E-04 )
  gradient rms:            2.5750E-04 *  (  3.0000E-04 )
  displacement maximum:    9.8947E-03 .  (  1.8000E-03 )
  displacement rms:        1.1467E-03 *  (  1.2000E-03 )
  
  predicted energy change: -2.0881E-05
  step size:     0.01902
  trust radius:  0.01875
---------------- geometry iteration  26 complete ----------------
geopt (optimize geometry) done.
onee (1-electron integrals) done.
probe (project orbitals) done.
grid (grid generation) done.
rwr (Q operators) done.
  
       i  u  d  i  g
       t  p  i  c  r                                 RMS    maximum
       e  d  i  u  i                       energy  density   DIIS  
       r  t  s  t  d       total energy    change  change    error 
  
etot    1  N  N  2  U   -1661.14433481878           2.6E-05  6.9E-04
etot    2  N  Y  2  U   -1661.14452411409  1.9E-04  6.7E-06  6.6E-05
etot    3  N  Y  2  U   -1661.14451764621 -6.5E-06  5.1E-06  1.7E-04
etot    4  N  Y  2  U   -1661.14452637449  8.7E-06  1.2E-06  3.3E-05
etot    5  N  N  2  U   -1661.14452619169 -1.8E-07  0.0E+00  0.0E+00
scf (DFT) done.
der1a (1-e 1st deriv.) done.
rwr (1st deriv. Q) done.
der1b (2-e 1st deriv.) done.
  Geometry optimization step  27
  Total energy:     -1661.21658830973 hartrees
  energy change:          -2.0628E-05 *  (  5.0000E-05 )
  gradient maximum:        1.0049E-03 .  (  4.5000E-04 )
  gradient rms:            1.7440E-04 *  (  3.0000E-04 )
  displacement maximum:    1.7351E-02 .  (  1.8000E-03 )
  displacement rms:        2.2788E-03 .  (  1.2000E-03 )
  
  predicted energy change: -2.2874E-05
  step size:     0.03779
  trust radius:  0.03750
---------------- geometry iteration  27 complete ----------------
geopt (optimize geometry) done.
onee (1-electron integrals) done.
probe (project orbitals) done.
grid (grid generation) done.
rwr (Q operators) done.
  
       i  u  d  i  g
       t  p  i  c  r                                 RMS    maximum
       e  d  i  u  i                       energy  density   DIIS  
       r  t  s  t  d       total energy    change  change    error 
  
etot    1  N  N  2  U   -1661.14376103005           5.0E-05  1.5E-03
etot    2  Y  Y  6  M   -1661.14454871664  7.9E-04  8.2E-06  1.5E-04
etot    3  N  Y  2  U   -1661.14453578120 -1.3E-05  6.9E-06  2.6E-04
etot    4  N  Y  2  U   -1661.14454385152  8.1E-06  2.1E-06  8.8E-05
etot    5  N  N  2  U   -1661.14454481502  9.6E-07  0.0E+00  0.0E+00
scf (DFT) done.
der1a (1-e 1st deriv.) done.
rwr (1st deriv. Q) done.
der1b (2-e 1st deriv.) done.
  Geometry optimization step  28
  Total energy:     -1661.21661633043 hartrees
  energy change:          -2.8021E-05 *  (  5.0000E-05 )
  gradient maximum:        5.4224E-04 .  (  4.5000E-04 )
  gradient rms:            1.3388E-04 *  (  3.0000E-04 )
  displacement maximum:    2.4797E-02 .  (  1.8000E-03 )
  displacement rms:        3.2021E-03 .  (  1.2000E-03 )
  
  predicted energy change: -2.5615E-05
  step size:     0.05310
  trust radius:  0.05303
---------------- geometry iteration  28 complete ----------------
geopt (optimize geometry) done.
onee (1-electron integrals) done.
probe (project orbitals) done.
grid (grid generation) done.
rwr (Q operators) done.
  
       i  u  d  i  g
       t  p  i  c  r                                 RMS    maximum
       e  d  i  u  i                       energy  density   DIIS  
       r  t  s  t  d       total energy    change  change    error 
  
etot    1  N  N  2  U   -1661.14303067529           7.0E-05  2.5E-03
etot    2  Y  Y  6  M   -1661.14458997728  1.6E-03  1.3E-05  2.4E-04
etot    3  N  Y  2  U   -1661.14455418716 -3.6E-05  1.1E-05  4.5E-04
etot    4  N  Y  2  U   -1661.14457653419  2.2E-05  2.7E-06  1.1E-04
etot    5  N  N  2  U   -1661.14457838250  1.8E-06  0.0E+00  0.0E+00
scf (DFT) done.
der1a (1-e 1st deriv.) done.
rwr (1st deriv. Q) done.
der1b (2-e 1st deriv.) done.
  Geometry optimization step  29
  Total energy:     -1661.21663467398 hartrees
  energy change:          -1.8344E-05 *  (  5.0000E-05 )
  gradient maximum:        7.6416E-04 .  (  4.5000E-04 )
  gradient rms:            1.3786E-04 *  (  3.0000E-04 )
  displacement maximum:    2.2310E-02 .  (  1.8000E-03 )
  displacement rms:        4.5491E-03 .  (  1.2000E-03 )
  
  predicted energy change: -3.7897E-05
  step size:     0.07544
  trust radius:  0.07499
---------------- geometry iteration  29 complete ----------------
geopt (optimize geometry) done.
onee (1-electron integrals) done.
probe (project orbitals) done.
grid (grid generation) done.
rwr (Q operators) done.
  
       i  u  d  i  g
       t  p  i  c  r                                 RMS    maximum
       e  d  i  u  i                       energy  density   DIIS  
       r  t  s  t  d       total energy    change  change    error 
  
etot    1  N  N  2  U   -1661.14247994187           8.3E-05  2.6E-03
etot    2  Y  Y  6  M   -1661.14462605820  2.1E-03  1.5E-05  2.4E-04
etot    3  N  Y  2  U   -1661.14459422284 -3.2E-05  1.2E-05  4.6E-04
etot    4  N  Y  2  U   -1661.14462204234  2.8E-05  3.5E-06  1.4E-04
etot    5  N  N  2  U   -1661.14462522202  3.2E-06  0.0E+00  0.0E+00
scf (DFT) done.
der1a (1-e 1st deriv.) done.
rwr (1st deriv. Q) done.
der1b (2-e 1st deriv.) done.
  Geometry optimization step  30
  Total energy:     -1661.21668680951 hartrees
  energy change:          -5.2136E-05 .  (  5.0000E-05 )
  gradient maximum:        1.1461E-03 .  (  4.5000E-04 )
  gradient rms:            1.7165E-04 *  (  3.0000E-04 )
  displacement maximum:    1.6206E-02 .  (  1.8000E-03 )
  displacement rms:        2.2670E-03 .  (  1.2000E-03 )
  
  predicted energy change: -1.8586E-05
  step size:     0.03759
  trust radius:  0.03750
---------------- geometry iteration  30 complete ----------------
geopt (optimize geometry) done.
onee (1-electron integrals) done.
probe (project orbitals) done.
grid (grid generation) done.
rwr (Q operators) done.
  
       i  u  d  i  g
       t  p  i  c  r                                 RMS    maximum
       e  d  i  u  i                       energy  density   DIIS  
       r  t  s  t  d       total energy    change  change    error 
  
etot    1  N  N  2  U   -1661.14373970403           5.3E-05  1.7E-03
etot    2  Y  Y  6  M   -1661.14464732427  9.1E-04  8.9E-06  1.7E-04
etot    3  N  Y  2  U   -1661.14462230226 -2.5E-05  7.4E-06  2.4E-04
etot    4  N  Y  2  U   -1661.14463336221  1.1E-05  2.2E-06  8.1E-05
etot    5  N  N  2  U   -1661.14463469196  1.3E-06  0.0E+00  0.0E+00
scf (DFT) done.
der1a (1-e 1st deriv.) done.
rwr (1st deriv. Q) done.
der1b (2-e 1st deriv.) done.
  Geometry optimization step  31
  Total energy:     -1661.21668177886 hartrees
  energy change:           5.0307E-06 *  (  5.0000E-05 )
  gradient maximum:        5.7982E-04 .  (  4.5000E-04 )
  gradient rms:            1.0794E-04 *  (  3.0000E-04 )
  displacement maximum:    1.8034E-02 .  (  1.8000E-03 )
  displacement rms:        3.1990E-03 .  (  1.2000E-03 )
  
  predicted energy change: -2.9381E-05
  step size:     0.05305
  trust radius:  0.05303
---------------- geometry iteration  31 complete ----------------
geopt (optimize geometry) done.
onee (1-electron integrals) done.
probe (project orbitals) done.
grid (grid generation) done.
rwr (Q operators) done.
  
       i  u  d  i  g
       t  p  i  c  r                                 RMS    maximum
       e  d  i  u  i                       energy  density   DIIS  
       r  t  s  t  d       total energy    change  change    error 
  
etot    1  N  N  2  U   -1661.14313808416           6.8E-05  2.1E-03
etot    2  Y  Y  6  M   -1661.14461571398  1.5E-03  9.6E-06  1.9E-04
etot    3  N  Y  2  U   -1661.14459896776 -1.7E-05  7.8E-06  2.6E-04
etot    4  N  Y  2  U   -1661.14460815489  9.2E-06  2.8E-06  1.2E-04
etot    5  N  N  2  U   -1661.14461008999  1.9E-06  0.0E+00  0.0E+00
scf (DFT) done.
der1a (1-e 1st deriv.) done.
rwr (1st deriv. Q) done.
der1b (2-e 1st deriv.) done.
  Geometry optimization step  32
  Total energy:     -1661.21667223970 hartrees
  energy change:           9.5392E-06 *  (  5.0000E-05 )
  gradient maximum:        1.2058E-03 .  (  4.5000E-04 )
  gradient rms:            1.9951E-04 *  (  3.0000E-04 )
  displacement maximum:    1.2488E-02 .  (  1.8000E-03 )
  displacement rms:        1.6591E-03 .  (  1.2000E-03 )
  
  predicted energy change: -1.6946E-05
  step size:     0.02751
  trust radius:  0.02651
---------------- geometry iteration  32 complete ----------------
geopt (optimize geometry) done.
onee (1-electron integrals) done.
probe (project orbitals) done.
grid (grid generation) done.
rwr (Q operators) done.
  
       i  u  d  i  g
       t  p  i  c  r                                 RMS    maximum
       e  d  i  u  i                       energy  density   DIIS  
       r  t  s  t  d       total energy    change  change    error 
  
etot    1  N  N  2  U   -1661.14416192572           3.9E-05  1.5E-03
etot    2  N  Y  2  U   -1661.14462607195  4.6E-04  8.0E-06  1.3E-04
etot    3  N  Y  2  U   -1661.14461849827 -7.6E-06  6.4E-06  2.2E-04
etot    4  N  Y  2  U   -1661.14462818251  9.7E-06  1.7E-06  5.8E-05
etot    5  N  N  2  U   -1661.14462891138  7.3E-07  0.0E+00  0.0E+00
scf (DFT) done.
der1a (1-e 1st deriv.) done.
rwr (1st deriv. Q) done.
der1b (2-e 1st deriv.) done.
  Geometry optimization step  33
  Total energy:     -1661.21666212937 hartrees
  energy change:           1.0110E-05 *  (  5.0000E-05 )
  gradient maximum:        8.8243E-04 .  (  4.5000E-04 )
  gradient rms:            1.3081E-04 *  (  3.0000E-04 )
  displacement maximum:    1.2847E-02 .  (  1.8000E-03 )
  displacement rms:        2.2641E-03 .  (  1.2000E-03 )
  
  predicted energy change: -1.6670E-05
  step size:     0.03755
  trust radius:  0.03750
---------------- geometry iteration  33 complete ----------------
geopt (optimize geometry) done.
onee (1-electron integrals) done.
probe (project orbitals) done.
grid (grid generation) done.
rwr (Q operators) done.
  
       i  u  d  i  g
       t  p  i  c  r                                 RMS    maximum
       e  d  i  u  i                       energy  density   DIIS  
       r  t  s  t  d       total energy    change  change    error 
  
etot    1  N  N  2  U   -1661.14380749415           5.2E-05  2.3E-03
etot    2  Y  Y  6  M   -1661.14463949579  8.3E-04  7.1E-06  1.2E-04
etot    3  N  Y  2  U   -1661.14464494079  5.4E-06  5.5E-06  1.6E-04
etot    4  N  Y  2  U   -1661.14464928316  4.3E-06  1.9E-06  8.1E-05
etot    5  N  N  2  U   -1661.14465009115  8.1E-07  0.0E+00  0.0E+00
scf (DFT) done.
der1a (1-e 1st deriv.) done.
rwr (1st deriv. Q) done.
der1b (2-e 1st deriv.) done.
  Geometry optimization step  34
  Total energy:     -1661.21664925303 hartrees
  energy change:           1.2876E-05 *  (  5.0000E-05 )
  gradient maximum:        2.3479E-03 .  (  4.5000E-04 )
  gradient rms:            3.6178E-04 .  (  3.0000E-04 )
  displacement maximum:    7.2970E-03 .  (  1.8000E-03 )
  displacement rms:        1.1424E-03 *  (  1.2000E-03 )
  
  predicted energy change: -2.7166E-05
  step size:     0.01895
  trust radius:  0.01875
---------------- geometry iteration  34 complete ----------------
geopt (optimize geometry) done.
onee (1-electron integrals) done.
probe (project orbitals) done.
grid (grid generation) done.
rwr (Q operators) done.
  
       i  u  d  i  g
       t  p  i  c  r                                 RMS    maximum
       e  d  i  u  i                       energy  density   DIIS  
       r  t  s  t  d       total energy    change  change    error 
  
etot    1  N  N  2  U   -1661.14436970254           3.0E-05  9.9E-04
etot    2  N  Y  2  U   -1661.14463881229  2.7E-04  5.7E-06  7.8E-05
etot    3  N  Y  2  U   -1661.14463644211 -2.4E-06  3.9E-06  1.1E-04
etot    4  N  N  2  U   -1661.14464001621  3.6E-06  0.0E+00  0.0E+00
scf (DFT) done.
der1a (1-e 1st deriv.) done.
rwr (1st deriv. Q) done.
der1b (2-e 1st deriv.) done.
  Geometry optimization step  35
  Total energy:     -1661.21664848717 hartrees
  energy change:           7.6586E-07 #  (  5.0000E-05 )
  gradient maximum:        6.0262E-04 .  (  4.5000E-04 )
  gradient rms:            9.7292E-05 *  (  3.0000E-04 )
  displacement maximum:    1.2559E-02 .  (  1.8000E-03 )
  displacement rms:        1.6499E-03 .  (  1.2000E-03 )
  
  predicted energy change: -6.4959E-06
  step size:     0.02736
  trust radius:  0.02651
---------------- geometry iteration  35 complete ----------------
geopt (optimize geometry) done.
onee (1-electron integrals) done.
probe (project orbitals) done.
grid (grid generation) done.
rwr (Q operators) done.
  
       i  u  d  i  g
       t  p  i  c  r                                 RMS    maximum
       e  d  i  u  i                       energy  density   DIIS  
       r  t  s  t  d       total energy    change  change    error 
  
etot    1  N  N  2  U   -1661.14407783903           4.0E-05  1.4E-03
etot    2  N  Y  2  U   -1661.14456528960  4.9E-04  1.1E-05  2.0E-04
etot    3  N  Y  2  U   -1661.14454157269 -2.4E-05  8.5E-06  5.6E-04
etot    4  N  Y  2  U   -1661.14456997520  2.8E-05  1.5E-06  6.4E-05
etot    5  N  N  2  U   -1661.14457067026  7.0E-07  0.0E+00  0.0E+00
scf (DFT) done.
der1a (1-e 1st deriv.) done.
rwr (1st deriv. Q) done.
der1b (2-e 1st deriv.) done.
  Geometry optimization step  36
  Total energy:     -1661.21660228491 hartrees
  energy change:           4.6202E-05 *  (  5.0000E-05 )
  gradient maximum:        5.0528E-04 .  (  4.5000E-04 )
  gradient rms:            1.0016E-04 *  (  3.0000E-04 )
  displacement maximum:    4.2560E-03 .  (  1.8000E-03 )
  displacement rms:        8.1637E-04 *  (  1.2000E-03 )
  
  predicted energy change: -4.1987E-06
  step size:     0.01354
  trust radius:  0.01326
---------------- geometry iteration  36 complete ----------------
geopt (optimize geometry) done.
onee (1-electron integrals) done.
probe (project orbitals) done.
grid (grid generation) done.
rwr (Q operators) done.
  
       i  u  d  i  g
       t  p  i  c  r                                 RMS    maximum
       e  d  i  u  i                       energy  density   DIIS  
       r  t  s  t  d       total energy    change  change    error 
  
etot    1  N  N  2  U   -1661.14452386591           1.6E-05  5.6E-04
etot    2  N  Y  2  U   -1661.14460372290  8.0E-05  3.3E-06  3.9E-05
etot    3  N  N  2  U   -1661.14460218980 -1.5E-06  0.0E+00  0.0E+00
scf (DFT) done.
der1a (1-e 1st deriv.) done.
rwr (1st deriv. Q) done.
der1b (2-e 1st deriv.) done.
  Geometry optimization step  37
  Total energy:     -1661.21659222782 hartrees
  energy change:           1.0057E-05 *  (  5.0000E-05 )
  gradient maximum:        5.5394E-04 .  (  4.5000E-04 )
  gradient rms:            7.5316E-05 *  (  3.0000E-04 )
  displacement maximum:    6.0886E-03 .  (  1.8000E-03 )
  displacement rms:        1.1780E-03 *  (  1.2000E-03 )
  
  predicted energy change: -3.4354E-06
  step size:     0.01953
  trust radius:  0.01875
---------------- geometry iteration  37 complete ----------------
geopt (optimize geometry) done.
onee (1-electron integrals) done.
probe (project orbitals) done.
grid (grid generation) done.
rwr (Q operators) done.
  
       i  u  d  i  g
       t  p  i  c  r                                 RMS    maximum
       e  d  i  u  i                       energy  density   DIIS  
       r  t  s  t  d       total energy    change  change    error 
  
etot    1  N  N  2  U   -1661.14449220021           2.2E-05  7.0E-04
etot    2  N  Y  2  U   -1661.14460159855  1.1E-04  1.7E-05  3.1E-04
etot    3  N  Y  2  U   -1661.14456072485 -4.1E-05  1.2E-05  5.9E-04
etot    4  N  Y  2  U   -1661.14461843870  5.8E-05  1.7E-06  3.9E-05
etot    5  N  N  2  U   -1661.14461921404  7.8E-07  0.0E+00  0.0E+00
scf (DFT) done.
der1a (1-e 1st deriv.) done.
rwr (1st deriv. Q) done.
der1b (2-e 1st deriv.) done.
  Geometry optimization step  38
  Total energy:     -1661.21662045340 hartrees
  energy change:          -2.8226E-05 *  (  5.0000E-05 )
  gradient maximum:        5.1840E-04 .  (  4.5000E-04 )
  gradient rms:            9.8724E-05 *  (  3.0000E-04 )
  displacement maximum:    6.2277E-03 .  (  1.8000E-03 )
  displacement rms:        6.3036E-04 *  (  1.2000E-03 )
  
  predicted energy change: -4.0131E-06
  step size:     0.01045
  trust radius:  0.01000
---------------- geometry iteration  38 complete ----------------
geopt (optimize geometry) done.
onee (1-electron integrals) done.
probe (project orbitals) done.
grid (grid generation) done.
rwr (Q operators) done.
  
       i  u  d  i  g
       t  p  i  c  r                                 RMS    maximum
       e  d  i  u  i                       energy  density   DIIS  
       r  t  s  t  d       total energy    change  change    error 
  
etot    1  N  N  2  U   -1661.14449505403           1.8E-05  7.3E-04
etot    2  N  Y  2  U   -1661.14459312279  9.8E-05  4.5E-06  7.1E-05
etot    3  N  N  2  U   -1661.14458915613 -4.0E-06  0.0E+00  0.0E+00
scf (DFT) done.
der1a (1-e 1st deriv.) done.
rwr (1st deriv. Q) done.
der1b (2-e 1st deriv.) done.
  Geometry optimization step  39
  Total energy:     -1661.21659626279 hartrees
  energy change:           2.4191E-05 *  (  5.0000E-05 )
  gradient maximum:        4.9343E-04 .  (  4.5000E-04 )
  gradient rms:            8.6114E-05 *  (  3.0000E-04 )
  displacement maximum:    3.1018E-03 .  (  1.8000E-03 )
  displacement rms:        8.9324E-04 *  (  1.2000E-03 )
  
  predicted energy change: -5.2308E-06
  step size:     0.01481
  trust radius:  0.01414
---------------- geometry iteration  39 complete ----------------
geopt (optimize geometry) done.
onee (1-electron integrals) done.
probe (project orbitals) done.
grid (grid generation) done.
rwr (Q operators) done.
  
       i  u  d  i  g
       t  p  i  c  r                                 RMS    maximum
       e  d  i  u  i                       energy  density   DIIS  
       r  t  s  t  d       total energy    change  change    error 
  
etot    1  N  N  2  U   -1661.14450930014           1.9E-05  3.1E-04
etot    2  N  Y  2  U   -1661.14451717188  7.9E-06  1.7E-05  6.8E-04
etot    3  N  Y  2  U   -1661.14454430603  2.7E-05  8.0E-06  5.1E-04
etot    4  N  Y  2  U   -1661.14456962426  2.5E-05  2.0E-06  7.5E-05
etot    5  N  N  2  U   -1661.14457082237  1.2E-06  0.0E+00  0.0E+00
scf (DFT) done.
der1a (1-e 1st deriv.) done.
rwr (1st deriv. Q) done.
der1b (2-e 1st deriv.) done.
  Geometry optimization step  40
  Total energy:     -1661.21658703500 hartrees
  energy change:           9.2278E-06 *  (  5.0000E-05 )
  gradient maximum:        1.2115E-03 .  (  4.5000E-04 )
  gradient rms:            2.2729E-04 *  (  3.0000E-04 )
  displacement maximum:    2.4048E-03 .  (  1.8000E-03 )
  displacement rms:        6.5636E-04 *  (  1.2000E-03 )
  
  predicted energy change: -1.1404E-05
  step size:     0.01088
  trust radius:  0.01000
---------------- geometry iteration  40 complete ----------------
geopt (optimize geometry) done.
onee (1-electron integrals) done.
probe (project orbitals) done.
grid (grid generation) done.
rwr (Q operators) done.
  
       i  u  d  i  g
       t  p  i  c  r                                 RMS    maximum
       e  d  i  u  i                       energy  density   DIIS  
       r  t  s  t  d       total energy    change  change    error 
  
etot    1  N  N  2  U   -1661.14456561699           1.0E-05  1.5E-04
etot    2  N  Y  2  U   -1661.14458754102  2.2E-05  5.3E-06  1.0E-04
etot    3  N  Y  2  U   -1661.14458142564 -6.1E-06  3.9E-06  2.3E-04
etot    4  N  N  2  U   -1661.14458923306  7.8E-06  0.0E+00  0.0E+00
scf (DFT) done.
der1a (1-e 1st deriv.) done.
rwr (1st deriv. Q) done.
der1b (2-e 1st deriv.) done.
  Geometry optimization step  41
  Total energy:     -1661.21659651738 hartrees
  energy change:          -9.4824E-06 *  (  5.0000E-05 )
  gradient maximum:        4.5116E-04 .  (  4.5000E-04 )
  gradient rms:            6.2408E-05 *  (  3.0000E-04 )
  displacement maximum:    5.0301E-03 .  (  1.8000E-03 )
  displacement rms:        9.0706E-04 *  (  1.2000E-03 )
  
  predicted energy change: -2.5964E-06
  step size:     0.01504
  trust radius:  0.01414
---------------- geometry iteration  41 complete ----------------
geopt (optimize geometry) done.
onee (1-electron integrals) done.
probe (project orbitals) done.
grid (grid generation) done.
rwr (Q operators) done.
  
       i  u  d  i  g
       t  p  i  c  r                                 RMS    maximum
       e  d  i  u  i                       energy  density   DIIS  
       r  t  s  t  d       total energy    change  change    error 
  
etot    1  N  N  2  U   -1661.14454919134           1.7E-05  7.0E-04
etot    2  N  Y  2  U   -1661.14462350088  7.4E-05  7.0E-06  7.9E-05
etot    3  N  Y  2  U   -1661.14461530880 -8.2E-06  5.2E-06  1.9E-04
etot    4  N  Y  2  U   -1661.14462545278  1.0E-05  7.7E-07  2.5E-05
etot    5  N  N  2  U   -1661.14462552689  7.4E-08  0.0E+00  0.0E+00
scf (DFT) done.
der1a (1-e 1st deriv.) done.
rwr (1st deriv. Q) done.
der1b (2-e 1st deriv.) done.
  Geometry optimization step  42
  Total energy:     -1661.21659901303 hartrees
  ** restarting optimization from step   41 **
  energy change:          -2.4956E-06 #  (  5.0000E-05 )
  gradient maximum:        4.5116E-04 .  (  4.5000E-04 )
  gradient rms:            6.2408E-05 *  (  3.0000E-04 )
  displacement maximum:    3.4922E-03 .  (  1.8000E-03 )
  displacement rms:        6.4334E-04 *  (  1.2000E-03 )
  
  predicted energy change: -1.2768E-06
  step size:     0.01067
  trust radius:  0.01000
---------------- geometry iteration  42 complete ----------------
geopt (optimize geometry) done.
onee (1-electron integrals) done.
probe (project orbitals) done.
grid (grid generation) done.
rwr (Q operators) done.
  
       i  u  d  i  g
       t  p  i  c  r                                 RMS    maximum
       e  d  i  u  i                       energy  density   DIIS  
       r  t  s  t  d       total energy    change  change    error 
  
etot    1  N  N  2  U   -1661.14450645171           1.9E-05  6.8E-04
etot    2  N  Y  2  U   -1661.14460871326  1.0E-04  6.2E-06  7.9E-05
etot    3  N  Y  2  U   -1661.14460105790 -7.7E-06  4.6E-06  2.0E-04
etot    4  N  N  2  U   -1661.14461050637  9.4E-06  0.0E+00  0.0E+00
scf (DFT) done.
der1a (1-e 1st deriv.) done.
rwr (1st deriv. Q) done.
der1b (2-e 1st deriv.) done.
  Geometry optimization step  43
  Total energy:     -1661.21660936726 hartrees
  energy change:          -1.2850E-05 *  (  5.0000E-05 )
  gradient maximum:        2.5001E-04 *  (  4.5000E-04 )
  gradient rms:            4.1256E-05 #  (  3.0000E-04 )
  displacement maximum:    6.0971E-03 .  (  1.8000E-03 )
  displacement rms:        8.7131E-04 *  (  1.2000E-03 )
  
  predicted energy change: -2.2852E-06
  step size:     0.01445
  trust radius:  0.01414
------------- final geometry iteration  43 complete -------------
geopt (optimize geometry) done.
cutabab2 (abab integrals) done.
der2a (1-e JK-1st deriv.) done.
der2b (2-e JK-1st deriv.) done.
der2nda (1-e 2nd deriv.) done.
der2ndb (2-e 2nd deriv.) done.
rwr (Q operators) done.
cphfa (gradient of wave function) done.
freq (vib. frequencies) done.
Job J1_9834_2111 completed on hpc-92-10.cm.cluster at Wed May 29 11:06:24 2024
Timer (jaguar_backend.py) : 10038.99 secs (2 hrs, 47 mins, 18 secs)
Finished:   Wed May 29 11:06:24 2024
