Command:  /groups/wag/programs/Schrodinger_2020_3/jaguar run -WAIT -PARALLEL 8 /central/home/labounad/wittig-ch121/out/J1_1337_2111/J1_1337_2111.in
Release:  2020-3
Exec:     /groups/wag/programs/Schrodinger_2020_3/jaguar-v10.9/bin/Linux-x86_64
Host:     hpc-89-21.cm.cluster
JobId:    hpc-89-21-0-66572d1c
JobDir:   /central/scratch/labounad/J1_1337_2111#hpc-89-21-0-66572d1c
Date:     Wed May 29 06:26:54 2024

Contents of /central/scratch/labounad/J1_1337_2111#hpc-89-21-0-66572d1c:
/central/scratch/labounad/J1_1337_2111#hpc-89-21-0-66572d1c/.write_dir.json
/central/scratch/labounad/J1_1337_2111#hpc-89-21-0-66572d1c/J1_1337_2111.in
/central/scratch/labounad/J1_1337_2111#hpc-89-21-0-66572d1c/J1_1337_2111.log
/central/scratch/labounad/J1_1337_2111#hpc-89-21-0-66572d1c/hpc-89-21-0-66572d1c.nodes
/central/scratch/labounad/J1_1337_2111#hpc-89-21-0-66572d1c/hpc-89-21-0-66572d1c
/central/scratch/labounad/J1_1337_2111#hpc-89-21-0-66572d1c/hpc-89-21-0-66572d1c.recover
/central/scratch/labounad/J1_1337_2111#hpc-89-21-0-66572d1c/J1_1337_2111.recover
/central/scratch/labounad/J1_1337_2111#hpc-89-21-0-66572d1c/hpc-89-21-0-66572d1c.mpinodes

Executing subprocess:
/groups/wag/programs/Schrodinger_2020_3/jaguar-v10.9/bin/Linux-x86_64/jexec J1_1337_2111.in -T 8 -out /central/scratch/labounad/J1_1337_2111#hpc-89-21-0-66572d1c -cwd

Job J1_1337_2111 started on hpc-89-21.cm.cluster at Wed May 29 06:26:54 2024
jobid: hpc-89-21-0-66572d1c 
Jaguar version 10.9, release 139
 Using up to   8 threads per process
Molecular Point Group: C1      
Point Group used: C1
pre (input checking) done.
onee (1-electron integrals) done.
hfig (HF initial guess) done.
probe (project orbitals) done.
grid (grid generation) done.
rwr (Q operators) done.
scf type: DFT=PBE(X+LC)+PW91 (PBE-D3)
  
       i  u  d  i  g
       t  p  i  c  r                                 RMS    maximum
       e  d  i  u  i                       energy  density   DIIS  
       r  t  s  t  d       total energy    change  change    error 
  
etot    1  N  N  5  M   -1188.42084854808           5.1E-03  9.6E-02
etot    2  Y  Y  6  M   -1189.83603691078  1.4E+00  1.2E-02  5.6E-02
etot    3  Y  Y  6  M   -1182.97031217803 -6.9E+00  1.2E-02  1.2E-01
etot    4  N  Y  2  U   -1190.78484187557  7.8E+00  2.4E-03  7.1E-02
etot    5  Y  Y  6  M   -1190.89003598288  1.1E-01  1.2E-03  2.9E-02
etot    6  N  Y  2  U   -1190.95006045417  6.0E-02  7.4E-04  2.2E-02
etot    7  Y  Y  6  M   -1190.97155839996  2.1E-02  4.5E-04  1.1E-02
etot    8  N  Y  2  U   -1190.98684658047  1.5E-02  1.3E-04  2.5E-03
etot    9  Y  Y  6  M   -1190.98868719140  1.8E-03  3.8E-05  8.5E-04
etot   10  N  Y  2  U   -1190.98867074834 -1.6E-05  1.7E-05  5.6E-04
etot   11  N  Y  2  U   -1190.98870229502  3.2E-05  6.8E-06  1.7E-04
etot   12  N  Y  2  U   -1190.98870465097  2.4E-06  3.4E-06  7.1E-05
etot   13  N  N  2  U   -1190.98870514016  4.9E-07  0.0E+00  0.0E+00
scf (DFT) done.
der1a (1-e 1st deriv.) done.
rwr (1st deriv. Q) done.
der1b (2-e 1st deriv.) done.
  Geometry optimization step   1
  Total energy:     -1191.01871396072 hartrees
  gradient maximum:        5.3575E-02 .  (  4.5000E-04 )
  gradient rms:            8.9346E-03 .  (  3.0000E-04 )
  displacement maximum:    1.4893E-01 .  (  1.8000E-03 )
  displacement rms:        2.4448E-02 .  (  1.2000E-03 )
  
  predicted energy change: -1.8200E-02
  step size:     0.30042
  trust radius:  0.30000
---------------- geometry iteration   1 complete ----------------
geopt (optimize geometry) done.
onee (1-electron integrals) done.
probe (project orbitals) done.
grid (grid generation) done.
rwr (Q operators) done.
  
       i  u  d  i  g
       t  p  i  c  r                                 RMS    maximum
       e  d  i  u  i                       energy  density   DIIS  
       r  t  s  t  d       total energy    change  change    error 
  
etot    1  N  N  2  U   -1190.97974681933           1.3E-03  1.7E-02
etot    2  Y  Y  6  M   -1191.00480375521  2.5E-02  2.4E-04  1.6E-03
etot    3  N  Y  2  U   -1191.00313292104 -1.7E-03  1.8E-04  4.9E-03
etot    4  Y  Y  6  M   -1191.00531108693  2.2E-03  3.9E-05  1.7E-03
etot    5  N  Y  2  U   -1191.00558701576  2.8E-04  1.3E-05  4.0E-04
etot    6  N  Y  2  U   -1191.00560676940  2.0E-05  5.5E-06  1.0E-04
etot    7  N  Y  2  U   -1191.00560844760  1.7E-06  2.6E-06  4.4E-05
etot    8  N  N  2  U   -1191.00560868080  2.3E-07  0.0E+00  0.0E+00
scf (DFT) done.
der1a (1-e 1st deriv.) done.
rwr (1st deriv. Q) done.
der1b (2-e 1st deriv.) done.
  Geometry optimization step   2
  Total energy:     -1191.03512264485 hartrees
  energy change:          -1.6409E-02 .  (  5.0000E-05 )
  gradient maximum:        1.4695E-02 .  (  4.5000E-04 )
  gradient rms:            2.1503E-03 .  (  3.0000E-04 )
  displacement maximum:    1.2809E-01 .  (  1.8000E-03 )
  displacement rms:        2.4425E-02 .  (  1.2000E-03 )
  
  predicted energy change: -2.1886E-03
  step size:     0.30013
  trust radius:  0.30000
---------------- geometry iteration   2 complete ----------------
geopt (optimize geometry) done.
onee (1-electron integrals) done.
probe (project orbitals) done.
grid (grid generation) done.
rwr (Q operators) done.
  
       i  u  d  i  g
       t  p  i  c  r                                 RMS    maximum
       e  d  i  u  i                       energy  density   DIIS  
       r  t  s  t  d       total energy    change  change    error 
  
etot    1  N  N  2  U   -1190.97682203733           5.6E-04  1.2E-02
etot    2  Y  Y  6  M   -1191.00715443072  3.0E-02  2.0E-04  2.2E-03
etot    3  N  Y  2  U   -1191.00528134844 -1.9E-03  1.6E-04  5.5E-03
etot    4  Y  Y  6  M   -1191.00730644740  2.0E-03  2.7E-05  8.7E-04
etot    5  N  Y  2  U   -1191.00741345916  1.1E-04  1.1E-05  3.5E-04
etot    6  N  Y  2  U   -1191.00742827597  1.5E-05  3.6E-06  6.3E-05
etot    7  N  N  2  U   -1191.00742869915  4.2E-07  0.0E+00  0.0E+00
scf (DFT) done.
der1a (1-e 1st deriv.) done.
rwr (1st deriv. Q) done.
der1b (2-e 1st deriv.) done.
  Geometry optimization step   3
  Total energy:     -1191.03708538070 hartrees
  energy change:          -1.9627E-03 .  (  5.0000E-05 )
  gradient maximum:        4.7622E-03 .  (  4.5000E-04 )
  gradient rms:            1.1124E-03 .  (  3.0000E-04 )
  displacement maximum:    1.7715E-01 .  (  1.8000E-03 )
  displacement rms:        2.4441E-02 .  (  1.2000E-03 )
  
  predicted energy change: -1.1087E-03
  step size:     0.30034
  trust radius:  0.30000
---------------- geometry iteration   3 complete ----------------
geopt (optimize geometry) done.
onee (1-electron integrals) done.
probe (project orbitals) done.
grid (grid generation) done.
rwr (Q operators) done.
  
       i  u  d  i  g
       t  p  i  c  r                                 RMS    maximum
       e  d  i  u  i                       energy  density   DIIS  
       r  t  s  t  d       total energy    change  change    error 
  
etot    1  N  N  2  U   -1190.98147812531           5.3E-04  1.1E-02
etot    2  Y  Y  6  M   -1191.00724678461  2.6E-02  1.2E-04  1.3E-03
etot    3  N  Y  2  U   -1191.00633435835 -9.1E-04  9.0E-05  3.4E-03
etot    4  Y  Y  6  M   -1191.00734147672  1.0E-03  1.7E-05  4.1E-04
etot    5  N  Y  2  U   -1191.00739377699  5.2E-05  6.3E-06  2.1E-04
etot    6  N  Y  2  U   -1191.00739854200  4.8E-06  2.9E-06  7.4E-05
etot    7  N  N  2  U   -1191.00739883657  2.9E-07  0.0E+00  0.0E+00
scf (DFT) done.
der1a (1-e 1st deriv.) done.
rwr (1st deriv. Q) done.
der1b (2-e 1st deriv.) done.
  Geometry optimization step   4
  Total energy:     -1191.03694843910 hartrees
  energy change:           1.3694E-04 .  (  5.0000E-05 )
  gradient maximum:        1.4038E-02 .  (  4.5000E-04 )
  gradient rms:            1.6595E-03 .  (  3.0000E-04 )
  displacement maximum:    1.5061E-01 .  (  1.8000E-03 )
  displacement rms:        2.1288E-02 .  (  1.2000E-03 )
  
  predicted energy change: -8.8111E-04
  step size:     0.26159
  trust radius:  0.30000
---------------- geometry iteration   4 complete ----------------
geopt (optimize geometry) done.
onee (1-electron integrals) done.
probe (project orbitals) done.
grid (grid generation) done.
rwr (Q operators) done.
  
       i  u  d  i  g
       t  p  i  c  r                                 RMS    maximum
       e  d  i  u  i                       energy  density   DIIS  
       r  t  s  t  d       total energy    change  change    error 
  
etot    1  N  N  2  U   -1190.98147202988           1.2E-03  1.7E-02
etot    2  Y  Y  6  M   -1191.00901761596  2.8E-02  1.0E-04  1.0E-03
etot    3  N  Y  2  U   -1191.00829521026 -7.2E-04  8.3E-05  2.8E-03
etot    4  Y  Y  6  M   -1191.00904293116  7.5E-04  1.6E-05  5.1E-04
etot    5  N  Y  2  U   -1191.00903230432 -1.1E-05  5.4E-06  1.2E-04
etot    6  N  Y  2  U   -1191.00903499608  2.7E-06  3.1E-06  4.1E-05
etot    7  N  N  2  U   -1191.00903513351  1.4E-07  0.0E+00  0.0E+00
scf (DFT) done.
der1a (1-e 1st deriv.) done.
rwr (1st deriv. Q) done.
der1b (2-e 1st deriv.) done.
  Geometry optimization step   5
  Total energy:     -1191.03857601060 hartrees
  energy change:          -1.6276E-03 .  (  5.0000E-05 )
  gradient maximum:        5.1124E-03 .  (  4.5000E-04 )
  gradient rms:            9.0187E-04 .  (  3.0000E-04 )
  displacement maximum:    1.3541E-01 .  (  1.8000E-03 )
  displacement rms:        2.4436E-02 .  (  1.2000E-03 )
  
  predicted energy change: -5.6620E-04
  step size:     0.30027
  trust radius:  0.30000
---------------- geometry iteration   5 complete ----------------
geopt (optimize geometry) done.
onee (1-electron integrals) done.
probe (project orbitals) done.
grid (grid generation) done.
rwr (Q operators) done.
  
       i  u  d  i  g
       t  p  i  c  r                                 RMS    maximum
       e  d  i  u  i                       energy  density   DIIS  
       r  t  s  t  d       total energy    change  change    error 
  
etot    1  N  N  2  U   -1190.96927187086           5.9E-04  1.6E-02
etot    2  Y  Y  6  M   -1191.00902162920  4.0E-02  8.2E-05  8.6E-04
etot    3  N  Y  2  U   -1191.00849008979 -5.3E-04  6.7E-05  1.9E-03
etot    4  Y  Y  6  M   -1191.00890739052  4.2E-04  2.2E-05  6.4E-04
etot    5  N  Y  2  U   -1191.00896962528  6.2E-05  7.9E-06  2.1E-04
etot    6  N  Y  2  U   -1191.00897433702  4.7E-06  3.3E-06  6.5E-05
etot    7  N  N  2  U   -1191.00897462809  2.9E-07  0.0E+00  0.0E+00
scf (DFT) done.
der1a (1-e 1st deriv.) done.
rwr (1st deriv. Q) done.
der1b (2-e 1st deriv.) done.
  Geometry optimization step   6
  Total energy:     -1191.03857188722 hartrees
  energy change:           4.1234E-06 *  (  5.0000E-05 )
  gradient maximum:        4.6009E-03 .  (  4.5000E-04 )
  gradient rms:            7.2718E-04 .  (  3.0000E-04 )
  displacement maximum:    9.7300E-02 .  (  1.8000E-03 )
  displacement rms:        1.5401E-02 .  (  1.2000E-03 )
  
  predicted energy change: -2.4333E-04
  step size:     0.18925
  trust radius:  0.30000
---------------- geometry iteration   6 complete ----------------
geopt (optimize geometry) done.
onee (1-electron integrals) done.
probe (project orbitals) done.
grid (grid generation) done.
rwr (Q operators) done.
  
       i  u  d  i  g
       t  p  i  c  r                                 RMS    maximum
       e  d  i  u  i                       energy  density   DIIS  
       r  t  s  t  d       total energy    change  change    error 
  
etot    1  N  N  2  U   -1190.99748427912           3.5E-04  7.9E-03
etot    2  Y  Y  6  M   -1191.00930459711  1.2E-02  3.7E-05  4.8E-04
etot    3  N  Y  2  U   -1191.00923014672 -7.4E-05  3.1E-05  6.2E-04
etot    4  N  Y  2  U   -1191.00928770202  5.8E-05  1.2E-05  3.2E-04
etot    5  N  Y  2  U   -1191.00930649711  1.9E-05  3.2E-06  1.1E-04
etot    6  N  N  2  U   -1191.00930725224  7.6E-07  0.0E+00  0.0E+00
scf (DFT) done.
der1a (1-e 1st deriv.) done.
rwr (1st deriv. Q) done.
der1b (2-e 1st deriv.) done.
  Geometry optimization step   7
  Total energy:     -1191.03890403337 hartrees
  energy change:          -3.3215E-04 .  (  5.0000E-05 )
  gradient maximum:        2.6293E-03 .  (  4.5000E-04 )
  gradient rms:            4.4945E-04 .  (  3.0000E-04 )
  displacement maximum:    1.4457E-01 .  (  1.8000E-03 )
  displacement rms:        2.4466E-02 .  (  1.2000E-03 )
  
  predicted energy change: -2.8021E-04
  step size:     0.30065
  trust radius:  0.30000
---------------- geometry iteration   7 complete ----------------
geopt (optimize geometry) done.
onee (1-electron integrals) done.
probe (project orbitals) done.
grid (grid generation) done.
rwr (Q operators) done.
  
       i  u  d  i  g
       t  p  i  c  r                                 RMS    maximum
       e  d  i  u  i                       energy  density   DIIS  
       r  t  s  t  d       total energy    change  change    error 
  
etot    1  N  N  2  U   -1190.97452789143           5.7E-04  2.0E-02
etot    2  Y  Y  6  M   -1191.00969855711  3.5E-02  7.1E-05  1.3E-03
etot    3  N  Y  2  U   -1191.00940816163 -2.9E-04  6.1E-05  1.5E-03
etot    4  Y  Y  6  M   -1191.00964929914  2.4E-04  2.4E-05  8.9E-04
etot    5  N  Y  2  U   -1191.00971713813  6.8E-05  6.4E-06  2.0E-04
etot    6  N  Y  2  U   -1191.00972135494  4.2E-06  3.3E-06  7.2E-05
etot    7  N  N  2  U   -1191.00972161999  2.7E-07  0.0E+00  0.0E+00
scf (DFT) done.
der1a (1-e 1st deriv.) done.
rwr (1st deriv. Q) done.
der1b (2-e 1st deriv.) done.
  Geometry optimization step   8
  Total energy:     -1191.03932407466 hartrees
  energy change:          -4.2004E-04 .  (  5.0000E-05 )
  gradient maximum:        2.4243E-03 .  (  4.5000E-04 )
  gradient rms:            4.5843E-04 .  (  3.0000E-04 )
  displacement maximum:    1.5091E-01 .  (  1.8000E-03 )
  displacement rms:        2.4489E-02 .  (  1.2000E-03 )
  
  predicted energy change: -3.5875E-04
  step size:     0.30093
  trust radius:  0.30000
---------------- geometry iteration   8 complete ----------------
geopt (optimize geometry) done.
onee (1-electron integrals) done.
probe (project orbitals) done.
grid (grid generation) done.
rwr (Q operators) done.
  
       i  u  d  i  g
       t  p  i  c  r                                 RMS    maximum
       e  d  i  u  i                       energy  density   DIIS  
       r  t  s  t  d       total energy    change  change    error 
  
etot    1  N  N  2  U   -1190.97623706621           5.5E-04  1.4E-02
etot    2  Y  Y  6  M   -1191.01004761461  3.4E-02  5.9E-05  1.1E-03
etot    3  N  Y  2  U   -1191.00991275257 -1.3E-04  4.6E-05  8.6E-04
etot    4  N  Y  2  U   -1191.01000044795  8.8E-05  2.1E-05  7.6E-04
etot    5  N  Y  2  U   -1191.01005493717  5.4E-05  5.3E-06  1.5E-04
etot    6  N  Y  2  U   -1191.01005740300  2.5E-06  3.0E-06  6.1E-05
etot    7  N  N  2  U   -1191.01005761141  2.1E-07  0.0E+00  0.0E+00
scf (DFT) done.
der1a (1-e 1st deriv.) done.
rwr (1st deriv. Q) done.
der1b (2-e 1st deriv.) done.
  Geometry optimization step   9
  Total energy:     -1191.03973288973 hartrees
  energy change:          -4.0882E-04 .  (  5.0000E-05 )
  gradient maximum:        2.3791E-03 .  (  4.5000E-04 )
  gradient rms:            5.6305E-04 .  (  3.0000E-04 )
  displacement maximum:    1.5460E-01 .  (  1.8000E-03 )
  displacement rms:        2.4413E-02 .  (  1.2000E-03 )
  
  predicted energy change: -3.3095E-04
  step size:     0.29999
  trust radius:  0.30000
---------------- geometry iteration   9 complete ----------------
geopt (optimize geometry) done.
onee (1-electron integrals) done.
probe (project orbitals) done.
grid (grid generation) done.
rwr (Q operators) done.
  
       i  u  d  i  g
       t  p  i  c  r                                 RMS    maximum
       e  d  i  u  i                       energy  density   DIIS  
       r  t  s  t  d       total energy    change  change    error 
  
etot    1  N  N  2  U   -1190.98044157821           5.2E-04  1.5E-02
etot    2  Y  Y  6  M   -1191.01032290431  3.0E-02  6.6E-05  1.0E-03
etot    3  N  Y  2  U   -1191.01014291367 -1.8E-04  5.2E-05  1.1E-03
etot    4  Y  Y  6  M   -1191.01027378703  1.3E-04  2.0E-05  7.0E-04
etot    5  N  Y  2  U   -1191.01033986048  6.6E-05  5.3E-06  1.3E-04
etot    6  N  Y  2  U   -1191.01034210372  2.2E-06  2.9E-06  5.6E-05
etot    7  N  N  2  U   -1191.01034225164  1.5E-07  0.0E+00  0.0E+00
scf (DFT) done.
der1a (1-e 1st deriv.) done.
rwr (1st deriv. Q) done.
der1b (2-e 1st deriv.) done.
  Geometry optimization step  10
  Total energy:     -1191.04011052880 hartrees
  energy change:          -3.7764E-04 .  (  5.0000E-05 )
  gradient maximum:        2.4842E-03 .  (  4.5000E-04 )
  gradient rms:            5.4303E-04 .  (  3.0000E-04 )
  displacement maximum:    8.2417E-02 .  (  1.8000E-03 )
  displacement rms:        1.0621E-02 .  (  1.2000E-03 )
  
  predicted energy change: -1.5462E-04
  step size:     0.13051
  trust radius:  0.30000
---------------- geometry iteration  10 complete ----------------
geopt (optimize geometry) done.
onee (1-electron integrals) done.
probe (project orbitals) done.
grid (grid generation) done.
rwr (Q operators) done.
  
       i  u  d  i  g
       t  p  i  c  r                                 RMS    maximum
       e  d  i  u  i                       energy  density   DIIS  
       r  t  s  t  d       total energy    change  change    error 
  
etot    1  N  N  2  U   -1191.00697084761           2.1E-04  3.8E-03
etot    2  Y  Y  6  M   -1191.01039640242  3.4E-03  3.8E-05  3.1E-04
etot    3  N  Y  2  U   -1191.01031501220 -8.1E-05  2.8E-05  6.7E-04
etot    4  N  Y  2  U   -1191.01038746660  7.2E-05  7.7E-06  2.1E-04
etot    5  N  Y  2  U   -1191.01039151591  4.0E-06  2.9E-06  1.1E-04
etot    6  N  N  2  U   -1191.01039260488  1.1E-06  0.0E+00  0.0E+00
scf (DFT) done.
der1a (1-e 1st deriv.) done.
rwr (1st deriv. Q) done.
der1b (2-e 1st deriv.) done.
  Geometry optimization step  11
  Total energy:     -1191.04014359230 hartrees
  energy change:          -3.3064E-05 *  (  5.0000E-05 )
  gradient maximum:        2.1217E-03 .  (  4.5000E-04 )
  gradient rms:            5.1625E-04 .  (  3.0000E-04 )
  displacement maximum:    1.0990E-01 .  (  1.8000E-03 )
  displacement rms:        2.0376E-02 .  (  1.2000E-03 )
  
  predicted energy change: -1.6651E-04
  step size:     0.25038
  trust radius:  0.30000
---------------- geometry iteration  11 complete ----------------
geopt (optimize geometry) done.
onee (1-electron integrals) done.
probe (project orbitals) done.
grid (grid generation) done.
rwr (Q operators) done.
  
       i  u  d  i  g
       t  p  i  c  r                                 RMS    maximum
       e  d  i  u  i                       energy  density   DIIS  
       r  t  s  t  d       total energy    change  change    error 
  
etot    1  N  N  2  U   -1190.98300316412           5.0E-04  1.3E-02
etot    2  Y  Y  6  M   -1191.01045074305  2.7E-02  6.6E-05  9.5E-04
etot    3  N  Y  2  U   -1191.01019341671 -2.6E-04  5.3E-05  1.2E-03
etot    4  Y  Y  6  M   -1191.01039883527  2.1E-04  1.9E-05  4.8E-04
etot    5  N  Y  2  U   -1191.01045085516  5.2E-05  5.1E-06  9.3E-05
etot    6  N  Y  2  U   -1191.01045195748  1.1E-06  2.9E-06  6.4E-05
etot    7  N  N  2  U   -1191.01045225954  3.0E-07  0.0E+00  0.0E+00
scf (DFT) done.
der1a (1-e 1st deriv.) done.
rwr (1st deriv. Q) done.
der1b (2-e 1st deriv.) done.
  Geometry optimization step  12
  Total energy:     -1191.04026493743 hartrees
  energy change:          -1.2135E-04 .  (  5.0000E-05 )
  gradient maximum:        2.1188E-03 .  (  4.5000E-04 )
  gradient rms:            4.5853E-04 .  (  3.0000E-04 )
  displacement maximum:    1.5558E-01 .  (  1.8000E-03 )
  displacement rms:        2.4093E-02 .  (  1.2000E-03 )
  
  predicted energy change: -2.1876E-04
  step size:     0.29606
  trust radius:  0.30000
---------------- geometry iteration  12 complete ----------------
geopt (optimize geometry) done.
onee (1-electron integrals) done.
probe (project orbitals) done.
grid (grid generation) done.
rwr (Q operators) done.
  
       i  u  d  i  g
       t  p  i  c  r                                 RMS    maximum
       e  d  i  u  i                       energy  density   DIIS  
       r  t  s  t  d       total energy    change  change    error 
  
etot    1  N  N  2  U   -1190.97621599842           5.6E-04  1.6E-02
etot    2  Y  Y  6  M   -1191.01024336644  3.4E-02  1.0E-04  1.3E-03
etot    3  N  Y  2  U   -1191.00968315119 -5.6E-04  7.9E-05  2.8E-03
etot    4  Y  Y  6  M   -1191.01026387362  5.8E-04  2.3E-05  8.7E-04
etot    5  N  Y  2  U   -1191.01033748017  7.4E-05  7.5E-06  2.2E-04
etot    6  N  Y  2  U   -1191.01034264040  5.2E-06  3.4E-06  7.1E-05
etot    7  N  N  2  U   -1191.01034310216  4.6E-07  0.0E+00  0.0E+00
scf (DFT) done.
der1a (1-e 1st deriv.) done.
rwr (1st deriv. Q) done.
der1b (2-e 1st deriv.) done.
  Geometry optimization step  13
  Total energy:     -1191.04003774827 hartrees
  energy change:           2.2719E-04 .  (  5.0000E-05 )
  gradient maximum:        5.6484E-03 .  (  4.5000E-04 )
  gradient rms:            8.6152E-04 .  (  3.0000E-04 )
  displacement maximum:    1.2147E-01 .  (  1.8000E-03 )
  displacement rms:        1.8881E-02 .  (  1.2000E-03 )
  
  predicted energy change: -2.5642E-04
  step size:     0.23201
  trust radius:  0.30000
---------------- geometry iteration  13 complete ----------------
geopt (optimize geometry) done.
onee (1-electron integrals) done.
probe (project orbitals) done.
grid (grid generation) done.
rwr (Q operators) done.
  
       i  u  d  i  g
       t  p  i  c  r                                 RMS    maximum
       e  d  i  u  i                       energy  density   DIIS  
       r  t  s  t  d       total energy    change  change    error 
  
etot    1  N  N  2  U   -1190.98910027383           4.5E-04  1.2E-02
etot    2  Y  Y  6  M   -1191.01050800716  2.1E-02  6.9E-05  9.6E-04
etot    3  N  Y  2  U   -1191.01018713333 -3.2E-04  5.4E-05  2.0E-03
etot    4  Y  Y  6  M   -1191.01050559608  3.2E-04  1.7E-05  6.9E-04
etot    5  N  Y  2  U   -1191.01053703724  3.1E-05  4.9E-06  7.4E-05
etot    6  N  N  2  U   -1191.01053822897  1.2E-06  0.0E+00  0.0E+00
scf (DFT) done.
der1a (1-e 1st deriv.) done.
rwr (1st deriv. Q) done.
der1b (2-e 1st deriv.) done.
  Geometry optimization step  14
  Total energy:     -1191.04034485681 hartrees
  energy change:          -3.0711E-04 .  (  5.0000E-05 )
  gradient maximum:        1.5169E-03 .  (  4.5000E-04 )
  gradient rms:            3.0382E-04 .  (  3.0000E-04 )
  displacement maximum:    4.3676E-02 .  (  1.8000E-03 )
  displacement rms:        6.3621E-03 .  (  1.2000E-03 )
  
  predicted energy change: -4.0851E-05
  step size:     0.07818
  trust radius:  0.30000
---------------- geometry iteration  14 complete ----------------
geopt (optimize geometry) done.
onee (1-electron integrals) done.
probe (project orbitals) done.
grid (grid generation) done.
rwr (Q operators) done.
  
       i  u  d  i  g
       t  p  i  c  r                                 RMS    maximum
       e  d  i  u  i                       energy  density   DIIS  
       r  t  s  t  d       total energy    change  change    error 
  
etot    1  N  N  2  U   -1191.00804767194           1.5E-04  4.4E-03
etot    2  Y  Y  6  M   -1191.01054973445  2.5E-03  2.9E-05  3.5E-04
etot    3  N  Y  2  U   -1191.01049566115 -5.4E-05  2.4E-05  6.6E-04
etot    4  N  Y  2  U   -1191.01055947181  6.4E-05  7.1E-06  1.7E-04
etot    5  N  Y  2  U   -1191.01056401992  4.5E-06  2.5E-06  7.6E-05
etot    6  N  N  2  U   -1191.01056455356  5.3E-07  0.0E+00  0.0E+00
scf (DFT) done.
der1a (1-e 1st deriv.) done.
rwr (1st deriv. Q) done.
der1b (2-e 1st deriv.) done.
  Geometry optimization step  15
  Total energy:     -1191.04035427164 hartrees
  energy change:          -9.4148E-06 *  (  5.0000E-05 )
  gradient maximum:        1.2097E-03 .  (  4.5000E-04 )
  gradient rms:            1.9701E-04 *  (  3.0000E-04 )
  displacement maximum:    2.5898E-02 .  (  1.8000E-03 )
  displacement rms:        3.7197E-03 .  (  1.2000E-03 )
  
  predicted energy change: -1.9895E-05
  step size:     0.04571
  trust radius:  0.30000
---------------- geometry iteration  15 complete ----------------
geopt (optimize geometry) done.
onee (1-electron integrals) done.
probe (project orbitals) done.
grid (grid generation) done.
rwr (Q operators) done.
  
       i  u  d  i  g
       t  p  i  c  r                                 RMS    maximum
       e  d  i  u  i                       energy  density   DIIS  
       r  t  s  t  d       total energy    change  change    error 
  
etot    1  N  N  2  U   -1191.00961512116           1.0E-04  2.9E-03
etot    2  Y  Y  6  M   -1191.01057850025  9.6E-04  1.4E-05  2.0E-04
etot    3  N  Y  2  U   -1191.01055992513 -1.9E-05  1.2E-05  3.0E-04
etot    4  N  Y  2  U   -1191.01057204500  1.2E-05  3.9E-06  1.3E-04
etot    5  N  N  2  U   -1191.01057383850  1.8E-06  0.0E+00  0.0E+00
scf (DFT) done.
der1a (1-e 1st deriv.) done.
rwr (1st deriv. Q) done.
der1b (2-e 1st deriv.) done.
  Geometry optimization step  16
  Total energy:     -1191.04037836330 hartrees
  energy change:          -2.4092E-05 *  (  5.0000E-05 )
  gradient maximum:        9.9479E-04 .  (  4.5000E-04 )
  gradient rms:            1.8537E-04 *  (  3.0000E-04 )
  displacement maximum:    1.7021E-01 .  (  1.8000E-03 )
  displacement rms:        2.4402E-02 .  (  1.2000E-03 )
  
  predicted energy change: -1.2123E-04
  step size:     0.29986
  trust radius:  0.30000
---------------- geometry iteration  16 complete ----------------
geopt (optimize geometry) done.
onee (1-electron integrals) done.
probe (project orbitals) done.
grid (grid generation) done.
rwr (Q operators) done.
  
       i  u  d  i  g
       t  p  i  c  r                                 RMS    maximum
       e  d  i  u  i                       energy  density   DIIS  
       r  t  s  t  d       total energy    change  change    error 
  
etot    1  N  N  2  U   -1190.96810857057           7.2E-04  2.0E-02
etot    2  Y  Y  6  M   -1191.01066268088  4.3E-02  9.5E-05  1.3E-03
etot    3  N  Y  2  U   -1191.01013835818 -5.2E-04  7.8E-05  1.5E-03
etot    4  Y  Y  6  M   -1191.01052520749  3.9E-04  2.6E-05  8.8E-04
etot    5  N  Y  2  U   -1191.01059838261  7.3E-05  7.5E-06  2.5E-04
etot    6  N  Y  2  U   -1191.01060339651  5.0E-06  3.9E-06  7.2E-05
etot    7  N  N  2  U   -1191.01060382692  4.3E-07  0.0E+00  0.0E+00
scf (DFT) done.
der1a (1-e 1st deriv.) done.
rwr (1st deriv. Q) done.
der1b (2-e 1st deriv.) done.
  Geometry optimization step  17
  Total energy:     -1191.04048963875 hartrees
  energy change:          -1.1128E-04 .  (  5.0000E-05 )
  gradient maximum:        2.8015E-03 .  (  4.5000E-04 )
  gradient rms:            3.8919E-04 .  (  3.0000E-04 )
  displacement maximum:    3.2935E-02 .  (  1.8000E-03 )
  displacement rms:        4.8257E-03 .  (  1.2000E-03 )
  
  predicted energy change: -2.5032E-05
  step size:     0.05930
  trust radius:  0.30000
---------------- geometry iteration  17 complete ----------------
geopt (optimize geometry) done.
onee (1-electron integrals) done.
probe (project orbitals) done.
grid (grid generation) done.
rwr (Q operators) done.
  
       i  u  d  i  g
       t  p  i  c  r                                 RMS    maximum
       e  d  i  u  i                       energy  density   DIIS  
       r  t  s  t  d       total energy    change  change    error 
  
etot    1  N  N  2  U   -1191.00873672684           1.5E-04  3.7E-03
etot    2  Y  Y  6  M   -1191.01066359169  1.9E-03  2.3E-05  2.7E-04
etot    3  N  Y  2  U   -1191.01062292567 -4.1E-05  1.8E-05  3.9E-04
etot    4  N  Y  2  U   -1191.01064435696  2.1E-05  5.4E-06  1.5E-04
etot    5  N  Y  2  U   -1191.01064723784  2.9E-06  1.8E-06  7.0E-05
etot    6  N  N  2  U   -1191.01064756550  3.3E-07  0.0E+00  0.0E+00
scf (DFT) done.
der1a (1-e 1st deriv.) done.
rwr (1st deriv. Q) done.
der1b (2-e 1st deriv.) done.
  Geometry optimization step  18
  Total energy:     -1191.04053144176 hartrees
  energy change:          -4.1803E-05 *  (  5.0000E-05 )
  gradient maximum:        1.5835E-03 .  (  4.5000E-04 )
  gradient rms:            2.4173E-04 *  (  3.0000E-04 )
  displacement maximum:    8.2771E-02 .  (  1.8000E-03 )
  displacement rms:        1.1401E-02 .  (  1.2000E-03 )
  
  predicted energy change: -3.6077E-05
  step size:     0.14010
  trust radius:  0.30000
---------------- geometry iteration  18 complete ----------------
geopt (optimize geometry) done.
onee (1-electron integrals) done.
probe (project orbitals) done.
grid (grid generation) done.
rwr (Q operators) done.
  
       i  u  d  i  g
       t  p  i  c  r                                 RMS    maximum
       e  d  i  u  i                       energy  density   DIIS  
       r  t  s  t  d       total energy    change  change    error 
  
etot    1  N  N  2  U   -1191.00014870288           3.4E-04  9.0E-03
etot    2  Y  Y  6  M   -1191.01064576732  1.0E-02  5.0E-05  6.6E-04
etot    3  N  Y  2  U   -1191.01045714181 -1.9E-04  4.0E-05  8.7E-04
etot    4  N  Y  2  U   -1191.01060226387  1.5E-04  1.0E-05  2.9E-04
etot    5  N  Y  2  U   -1191.01061613598  1.4E-05  2.6E-06  6.2E-05
etot    6  N  N  2  U   -1191.01061665238  5.2E-07  0.0E+00  0.0E+00
scf (DFT) done.
der1a (1-e 1st deriv.) done.
rwr (1st deriv. Q) done.
der1b (2-e 1st deriv.) done.
  Geometry optimization step  19
  Total energy:     -1191.04051841742 hartrees
  energy change:           1.3024E-05 *  (  5.0000E-05 )
  gradient maximum:        7.2885E-04 .  (  4.5000E-04 )
  gradient rms:            1.4774E-04 *  (  3.0000E-04 )
  displacement maximum:    4.4408E-02 .  (  1.8000E-03 )
  displacement rms:        6.9201E-03 .  (  1.2000E-03 )
  
  predicted energy change: -1.6404E-05
  step size:     0.08504
  trust radius:  0.30000
---------------- geometry iteration  19 complete ----------------
geopt (optimize geometry) done.
onee (1-electron integrals) done.
probe (project orbitals) done.
grid (grid generation) done.
rwr (Q operators) done.
  
       i  u  d  i  g
       t  p  i  c  r                                 RMS    maximum
       e  d  i  u  i                       energy  density   DIIS  
       r  t  s  t  d       total energy    change  change    error 
  
etot    1  N  N  2  U   -1191.00727712380           2.0E-04  5.2E-03
etot    2  Y  Y  6  M   -1191.01062543653  3.3E-03  2.5E-05  3.9E-04
etot    3  N  Y  2  U   -1191.01061660104 -8.8E-06  2.1E-05  5.4E-04
etot    4  N  Y  2  U   -1191.01064936574  3.3E-05  7.3E-06  2.6E-04
etot    5  N  Y  2  U   -1191.01065610552  6.7E-06  1.9E-06  5.7E-05
etot    6  N  N  2  U   -1191.01065646241  3.6E-07  0.0E+00  0.0E+00
scf (DFT) done.
der1a (1-e 1st deriv.) done.
rwr (1st deriv. Q) done.
der1b (2-e 1st deriv.) done.
  Geometry optimization step  20
  Total energy:     -1191.04052520603 hartrees
  energy change:          -6.7886E-06 *  (  5.0000E-05 )
  gradient maximum:        5.1917E-04 .  (  4.5000E-04 )
  gradient rms:            1.4644E-04 *  (  3.0000E-04 )
  displacement maximum:    2.1826E-02 .  (  1.8000E-03 )
  displacement rms:        3.2062E-03 .  (  1.2000E-03 )
  
  predicted energy change: -1.1494E-05
  step size:     0.03940
  trust radius:  0.30000
---------------- geometry iteration  20 complete ----------------
geopt (optimize geometry) done.
onee (1-electron integrals) done.
probe (project orbitals) done.
grid (grid generation) done.
rwr (Q operators) done.
  
       i  u  d  i  g
       t  p  i  c  r                                 RMS    maximum
       e  d  i  u  i                       energy  density   DIIS  
       r  t  s  t  d       total energy    change  change    error 
  
etot    1  N  N  2  U   -1191.00985851155           9.4E-05  2.5E-03
etot    2  Y  Y  6  M   -1191.01066144688  8.0E-04  1.4E-05  1.9E-04
etot    3  N  Y  2  U   -1191.01063876976 -2.3E-05  1.2E-05  3.7E-04
etot    4  N  Y  2  U   -1191.01064917401  1.0E-05  3.8E-06  1.6E-04
etot    5  N  N  2  U   -1191.01065126102  2.1E-06  0.0E+00  0.0E+00
scf (DFT) done.
der1a (1-e 1st deriv.) done.
rwr (1st deriv. Q) done.
der1b (2-e 1st deriv.) done.
  Geometry optimization step  21
  Total energy:     -1191.04053857319 hartrees
  energy change:          -1.3367E-05 *  (  5.0000E-05 )
  gradient maximum:        1.9012E-04 *  (  4.5000E-04 )
  gradient rms:            4.8841E-05 #  (  3.0000E-04 )
  displacement maximum:    1.3009E-02 .  (  1.8000E-03 )
  displacement rms:        1.6530E-03 .  (  1.2000E-03 )
  
  predicted energy change: -1.5738E-06
  step size:     0.02031
  trust radius:  0.30000
---------------- geometry iteration  21 complete ----------------
geopt (optimize geometry) done.
onee (1-electron integrals) done.
probe (project orbitals) done.
grid (grid generation) done.
rwr (Q operators) done.
  
       i  u  d  i  g
       t  p  i  c  r                                 RMS    maximum
       e  d  i  u  i                       energy  density   DIIS  
       r  t  s  t  d       total energy    change  change    error 
  
etot    1  N  N  2  U   -1191.01042688783           4.6E-05  1.3E-03
etot    2  N  Y  2  U   -1191.01062054533  1.9E-04  1.0E-05  1.0E-04
etot    3  N  Y  2  U   -1191.01061349743 -7.0E-06  7.8E-06  3.2E-04
etot    4  N  Y  2  U   -1191.01062189336  8.4E-06  2.0E-06  5.7E-05
etot    5  N  N  2  U   -1191.01062215591  2.6E-07  0.0E+00  0.0E+00
scf (DFT) done.
der1a (1-e 1st deriv.) done.
rwr (1st deriv. Q) done.
der1b (2-e 1st deriv.) done.
  Geometry optimization step  22
  Total energy:     -1191.04051494726 hartrees
  energy change:           2.3626E-05 *  (  5.0000E-05 )
  gradient maximum:        2.0285E-04 *  (  4.5000E-04 )
  gradient rms:            3.9218E-05 #  (  3.0000E-04 )
  displacement maximum:    5.0920E-03 .  (  1.8000E-03 )
  displacement rms:        7.0258E-04 *  (  1.2000E-03 )
  
  predicted energy change: -6.5915E-07
  step size:     0.00863
  trust radius:  0.30000
------------- final geometry iteration  22 complete -------------
geopt (optimize geometry) done.
cutabab2 (abab integrals) done.
der2a (1-e JK-1st deriv.) done.
der2b (2-e JK-1st deriv.) done.
der2nda (1-e 2nd deriv.) done.
der2ndb (2-e 2nd deriv.) done.
rwr (Q operators) done.
cphfa (gradient of wave function) done.
freq (vib. frequencies) done.
Job J1_1337_2111 completed on hpc-89-21.cm.cluster at Wed May 29 06:54:20 2024
Timer (jaguar_backend.py) : 1646.00 secs (0 hrs, 27 mins, 25 secs)
Finished:   Wed May 29 06:54:20 2024
